ACTION QUERY 1000 10 bacterial infection mortality rate
ACTION SERP 1000 15 EXAMINE_SERP
ACTION SNIPPET 1000 18 SNIPPET_NOT_RELEVANT b'ba09cd4a-162b-11e6-9e16-2e5a123aac62'
ACTION SNIPPET 1000 21 SNIPPET_NOT_RELEVANT b'949bd7be-d84a-11e2-9df4-895344c13c30'
ACTION SNIPPET 1000 24 SNIPPET_RELEVANT b'0cb439142ab18761bc81b6dfad90ae85'
ACTION DOC 1000 44 EXAMINING_DOCUMENT b'0cb439142ab18761bc81b6dfad90ae85'
ACTION MARK 1000 47 CONSIDERED_RELEVANT b'0cb439142ab18761bc81b6dfad90ae85'
ACTION SNIPPET 1000 50 SNIPPET_RELEVANT b'1d6f600e-8a60-11e6-b24f-a7f89eb68887'
ACTION DOC 1000 70 EXAMINING_DOCUMENT b'1d6f600e-8a60-11e6-b24f-a7f89eb68887'
ACTION SNIPPET 1000 73 SNIPPET_NOT_RELEVANT b'cf5053f6c3a63dca2537da926027d558'
ACTION SNIPPET 1000 76 SNIPPET_RELEVANT b'013613f4-29e5-11e2-bab2-eda299503684'
ACTION DOC 1000 96 EXAMINING_DOCUMENT b'013613f4-29e5-11e2-bab2-eda299503684'
ACTION SNIPPET 1000 99 SNIPPET_NOT_RELEVANT b'185c4748-c944-11e2-9245-773c0123c027'
ACTION SNIPPET 1000 102 SNIPPET_RELEVANT b'9d78bc26-aad1-11e3-98f6-8e3c562f9996'
ACTION DOC 1000 122 EXAMINING_DOCUMENT b'9d78bc26-aad1-11e3-98f6-8e3c562f9996'
ACTION MARK 1000 125 CONSIDERED_RELEVANT b'9d78bc26-aad1-11e3-98f6-8e3c562f9996'
ACTION SNIPPET 1000 128 SNIPPET_NOT_RELEVANT b'3e9c9d6e-113e-11e6-81b4-581a5c4c42df'
ACTION SNIPPET 1000 131 SNIPPET_NOT_RELEVANT b'e61570ac-26d6-11e3-b75d-5b7f66349852'
ACTION QUERY 1000 141 bacterial infection mortality rate leave
ACTION SERP 1000 146 EXAMINE_SERP
ACTION SNIPPET 1000 149 SNIPPET_NOT_RELEVANT b'0f7e6753d42057274691153b356f63e4'
ACTION SNIPPET 1000 152 SNIPPET_RELEVANT b'0cd2a4a0-d8de-11e1-91e1-eed6436f6d13'
ACTION DOC 1000 172 EXAMINING_DOCUMENT b'0cd2a4a0-d8de-11e1-91e1-eed6436f6d13'
ACTION SNIPPET 1000 175 SNIPPET_NOT_RELEVANT b'32ad5be4b0443de1bafb99f4c067a715'
ACTION SNIPPET 1000 178 SNIPPET_NOT_RELEVANT b'ba09cd4a-162b-11e6-9e16-2e5a123aac62'
ACTION SNIPPET 1000 181 SNIPPET_NOT_RELEVANT b'949bd7be-d84a-11e2-9df4-895344c13c30'
ACTION SNIPPET 1000 184 SEEN_PREVIOUSLY b'1d6f600e-8a60-11e6-b24f-a7f89eb68887'
ACTION SNIPPET 1000 187 SNIPPET_RELEVANT b'cf5053f6c3a63dca2537da926027d558'
ACTION DOC 1000 207 EXAMINING_DOCUMENT b'cf5053f6c3a63dca2537da926027d558'
ACTION SNIPPET 1000 210 SEEN_PREVIOUSLY b'013613f4-29e5-11e2-bab2-eda299503684'
ACTION SNIPPET 1000 213 SNIPPET_NOT_RELEVANT b'185c4748-c944-11e2-9245-773c0123c027'
ACTION SNIPPET 1000 216 SNIPPET_NOT_RELEVANT b'3e9c9d6e-113e-11e6-81b4-581a5c4c42df'
ACTION QUERY 1000 226 bacterial infection mortality rate smears
ACTION SERP 1000 231 EXAMINE_SERP
ACTION SNIPPET 1000 234 SNIPPET_NOT_RELEVANT b'0f7e6753d42057274691153b356f63e4'
ACTION SNIPPET 1000 237 SNIPPET_NOT_RELEVANT b'61050126de2ed850cf0029eb43ee670f'
ACTION SNIPPET 1000 240 SNIPPET_NOT_RELEVANT b'ba09cd4a-162b-11e6-9e16-2e5a123aac62'
ACTION SNIPPET 1000 243 SNIPPET_NOT_RELEVANT b'949bd7be-d84a-11e2-9df4-895344c13c30'
ACTION SNIPPET 1000 246 SEEN_PREVIOUSLY b'1d6f600e-8a60-11e6-b24f-a7f89eb68887'
ACTION SNIPPET 1000 249 SEEN_PREVIOUSLY b'cf5053f6c3a63dca2537da926027d558'
ACTION SNIPPET 1000 252 SEEN_PREVIOUSLY b'013613f4-29e5-11e2-bab2-eda299503684'
ACTION SNIPPET 1000 255 SNIPPET_RELEVANT b'185c4748-c944-11e2-9245-773c0123c027'
ACTION DOC 1000 275 EXAMINING_DOCUMENT b'185c4748-c944-11e2-9245-773c0123c027'
ACTION SNIPPET 1000 278 SNIPPET_NOT_RELEVANT b'732e52da-f35c-11e4-b2f3-af5479e6bbdd'
ACTION SNIPPET 1000 281 SNIPPET_RELEVANT b'3e9c9d6e-113e-11e6-81b4-581a5c4c42df'
ACTION DOC 1000 301 EXAMINING_DOCUMENT b'3e9c9d6e-113e-11e6-81b4-581a5c4c42df'
ACTION QUERY 1000 311 bacterial infection mortality rate hepatitis
ACTION SERP 1000 316 EXAMINE_SERP
ACTION SNIPPET 1000 319 SEEN_PREVIOUSLY b'0cd2a4a0-d8de-11e1-91e1-eed6436f6d13'
ACTION SNIPPET 1000 322 SNIPPET_RELEVANT b'19251704-5beb-11e5-8e9e-dce8a2a2a679'
ACTION DOC 1000 342 EXAMINING_DOCUMENT b'19251704-5beb-11e5-8e9e-dce8a2a2a679'
ACTION MARK 1000 345 CONSIDERED_RELEVANT b'19251704-5beb-11e5-8e9e-dce8a2a2a679'
ACTION SNIPPET 1000 348 SNIPPET_RELEVANT b'32ad5be4b0443de1bafb99f4c067a715'
ACTION DOC 1000 368 EXAMINING_DOCUMENT b'32ad5be4b0443de1bafb99f4c067a715'
ACTION SNIPPET 1000 371 SNIPPET_NOT_RELEVANT b'd0e8ad04f76b8093cc0c4c14354fd036'
ACTION SNIPPET 1000 374 SNIPPET_NOT_RELEVANT b'ba09cd4a-162b-11e6-9e16-2e5a123aac62'
ACTION SNIPPET 1000 377 SNIPPET_NOT_RELEVANT b'949bd7be-d84a-11e2-9df4-895344c13c30'
ACTION SNIPPET 1000 380 SEEN_PREVIOUSLY b'1d6f600e-8a60-11e6-b24f-a7f89eb68887'
ACTION SNIPPET 1000 383 SEEN_PREVIOUSLY b'cf5053f6c3a63dca2537da926027d558'
ACTION SNIPPET 1000 386 SEEN_PREVIOUSLY b'013613f4-29e5-11e2-bab2-eda299503684'
ACTION SNIPPET 1000 389 SEEN_PREVIOUSLY b'185c4748-c944-11e2-9245-773c0123c027'
ACTION QUERY 1000 399 bacterial infection mortality rate rewarded
ACTION SERP 1000 404 EXAMINE_SERP
ACTION SNIPPET 1000 407 SNIPPET_RELEVANT b'0f7e6753d42057274691153b356f63e4'
ACTION DOC 1000 427 EXAMINING_DOCUMENT b'0f7e6753d42057274691153b356f63e4'
ACTION SNIPPET 1000 430 SEEN_PREVIOUSLY b'0cd2a4a0-d8de-11e1-91e1-eed6436f6d13'
ACTION SNIPPET 1000 433 SEEN_PREVIOUSLY b'32ad5be4b0443de1bafb99f4c067a715'
ACTION SNIPPET 1000 436 SNIPPET_NOT_RELEVANT b'048d176fff0d65c00f086b0f011e516d'
ACTION SNIPPET 1000 439 SNIPPET_NOT_RELEVANT b'b47551a8-a10c-11e1-9f5c-26b5233e3b65'
ACTION SNIPPET 1000 442 SNIPPET_NOT_RELEVANT b'ac78278c488e274e4ad5e2d19fb5dd20'
ACTION SNIPPET 1000 445 SNIPPET_RELEVANT b'75398ab2a761dbc3ccab198165582d2e'
ACTION DOC 1000 465 EXAMINING_DOCUMENT b'75398ab2a761dbc3ccab198165582d2e'
ACTION SNIPPET 1000 468 SNIPPET_NOT_RELEVANT b'72695b899177207dd9f294bda784f0cf'
ACTION SNIPPET 1000 471 SNIPPET_NOT_RELEVANT b'c14e0900-d740-11e1-b2d5-2419d227d8b0'
ACTION SNIPPET 1000 474 SNIPPET_NOT_RELEVANT b'ba09cd4a-162b-11e6-9e16-2e5a123aac62'
ACTION QUERY 1000 484 bacterial infection mortality rate syringes
ACTION SERP 1000 489 EXAMINE_SERP
ACTION SNIPPET 1000 492 SNIPPET_NOT_RELEVANT b'6d4c8056-6660-11e3-a0b9-249bbb34602c'
ACTION SNIPPET 1000 495 SNIPPET_RELEVANT b'bee96aee23940e0b68abfbe724ebbd25'
ACTION DOC 1000 515 EXAMINING_DOCUMENT b'bee96aee23940e0b68abfbe724ebbd25'
ACTION SNIPPET 1000 518 SNIPPET_NOT_RELEVANT b'ba09cd4a-162b-11e6-9e16-2e5a123aac62'
ACTION SNIPPET 1000 521 SNIPPET_RELEVANT b'3fb6ae74-432c-11e4-b437-1a7368204804'
ACTION DOC 1000 541 EXAMINING_DOCUMENT b'3fb6ae74-432c-11e4-b437-1a7368204804'
ACTION MARK 1000 544 CONSIDERED_RELEVANT b'3fb6ae74-432c-11e4-b437-1a7368204804'
ACTION SNIPPET 1000 547 SNIPPET_NOT_RELEVANT b'949bd7be-d84a-11e2-9df4-895344c13c30'
ACTION SNIPPET 1000 550 SEEN_PREVIOUSLY b'1d6f600e-8a60-11e6-b24f-a7f89eb68887'
ACTION SNIPPET 1000 553 SEEN_PREVIOUSLY b'cf5053f6c3a63dca2537da926027d558'
ACTION SNIPPET 1000 556 SEEN_PREVIOUSLY b'013613f4-29e5-11e2-bab2-eda299503684'
ACTION SNIPPET 1000 559 SEEN_PREVIOUSLY b'185c4748-c944-11e2-9245-773c0123c027'
ACTION SNIPPET 1000 562 SEEN_PREVIOUSLY b'3e9c9d6e-113e-11e6-81b4-581a5c4c42df'
ACTION QUERY 1000 572 bacterial infection mortality rate released
ACTION SERP 1000 577 EXAMINE_SERP
ACTION SNIPPET 1000 580 SEEN_PREVIOUSLY b'0cd2a4a0-d8de-11e1-91e1-eed6436f6d13'
ACTION SNIPPET 1000 583 SNIPPET_RELEVANT b'a623a754de927507f6b63de3d78fbc62'
ACTION DOC 1000 603 EXAMINING_DOCUMENT b'a623a754de927507f6b63de3d78fbc62'
ACTION SNIPPET 1000 606 SNIPPET_NOT_RELEVANT b'e1849d22-b138-11e4-886b-c22184f27c35'
ACTION SNIPPET 1000 609 SEEN_PREVIOUSLY b'32ad5be4b0443de1bafb99f4c067a715'
ACTION SNIPPET 1000 612 SEEN_PREVIOUSLY b'1d6f600e-8a60-11e6-b24f-a7f89eb68887'
ACTION SNIPPET 1000 615 SNIPPET_NOT_RELEVANT b'199eb9a2-8a56-11e6-875e-2c1bfe943b66'
ACTION SNIPPET 1000 618 SNIPPET_RELEVANT b'72695b899177207dd9f294bda784f0cf'
ACTION DOC 1000 638 EXAMINING_DOCUMENT b'72695b899177207dd9f294bda784f0cf'
ACTION SNIPPET 1000 641 SNIPPET_NOT_RELEVANT b'1c7f156384de68b84fbe7a9f8f695423'
ACTION SNIPPET 1000 644 SNIPPET_RELEVANT b'ba09cd4a-162b-11e6-9e16-2e5a123aac62'
ACTION DOC 1000 664 EXAMINING_DOCUMENT b'ba09cd4a-162b-11e6-9e16-2e5a123aac62'
ACTION SNIPPET 1000 667 SNIPPET_NOT_RELEVANT b'949bd7be-d84a-11e2-9df4-895344c13c30'
ACTION QUERY 1000 677 bacterial infection mortality rate states
ACTION SERP 1000 682 EXAMINE_SERP
ACTION SNIPPET 1000 685 SEEN_PREVIOUSLY b'ba09cd4a-162b-11e6-9e16-2e5a123aac62'
ACTION SNIPPET 1000 688 SNIPPET_NOT_RELEVANT b'949bd7be-d84a-11e2-9df4-895344c13c30'
ACTION SNIPPET 1000 691 SEEN_PREVIOUSLY b'1d6f600e-8a60-11e6-b24f-a7f89eb68887'
ACTION SNIPPET 1000 694 SEEN_PREVIOUSLY b'cf5053f6c3a63dca2537da926027d558'
ACTION SNIPPET 1000 697 SEEN_PREVIOUSLY b'013613f4-29e5-11e2-bab2-eda299503684'
ACTION SNIPPET 1000 700 SEEN_PREVIOUSLY b'185c4748-c944-11e2-9245-773c0123c027'
ACTION SNIPPET 1000 703 SEEN_PREVIOUSLY b'3e9c9d6e-113e-11e6-81b4-581a5c4c42df'
ACTION SNIPPET 1000 706 SNIPPET_NOT_RELEVANT b'e61570ac-26d6-11e3-b75d-5b7f66349852'
ACTION SNIPPET 1000 709 SNIPPET_RELEVANT b'722b0c70-506a-11e3-9e2c-e1d01116fd98'
ACTION DOC 1000 729 EXAMINING_DOCUMENT b'722b0c70-506a-11e3-9e2c-e1d01116fd98'
ACTION MARK 1000 732 CONSIDERED_RELEVANT b'722b0c70-506a-11e3-9e2c-e1d01116fd98'
ACTION SNIPPET 1000 735 SNIPPET_RELEVANT b'9441879c-f34a-11e4-bcc4-e8141e5eb0c9'
ACTION DOC 1000 755 EXAMINING_DOCUMENT b'9441879c-f34a-11e4-bcc4-e8141e5eb0c9'
ACTION MARK 1000 758 CONSIDERED_RELEVANT b'9441879c-f34a-11e4-bcc4-e8141e5eb0c9'
ACTION QUERY 1000 768 bacterial infection mortality rate prevention
ACTION SERP 1000 773 EXAMINE_SERP
ACTION SNIPPET 1000 776 SNIPPET_NOT_RELEVANT b'ef489132-3a62-11e3-b0e7-716179a2c2c7'
ACTION SNIPPET 1000 779 SNIPPET_RELEVANT b'3b92b63833b0ff49ee7d70227f0d5ccc'
ACTION DOC 1000 799 EXAMINING_DOCUMENT b'3b92b63833b0ff49ee7d70227f0d5ccc'
ACTION MARK 1000 802 CONSIDERED_RELEVANT b'3b92b63833b0ff49ee7d70227f0d5ccc'
ACTION SNIPPET 1000 805 SNIPPET_NOT_RELEVANT b'914fc6b38377f0cd6c122cdc1ae5f973'
ACTION SNIPPET 1000 808 SNIPPET_NOT_RELEVANT b'63b4f5bbff8c27d311190a8dc695d958'
ACTION SNIPPET 1000 811 SNIPPET_NOT_RELEVANT b'd6b7bb205eb400a2b40a934c17a85be7'
ACTION SNIPPET 1000 814 SNIPPET_RELEVANT b'03340d76-2a48-11e5-bd33-395c05608059'
ACTION DOC 1000 834 EXAMINING_DOCUMENT b'03340d76-2a48-11e5-bd33-395c05608059'
ACTION SNIPPET 1000 837 SEEN_PREVIOUSLY b'0f7e6753d42057274691153b356f63e4'
ACTION SNIPPET 1000 840 SNIPPET_NOT_RELEVANT b'9f0526ac90ee96558e052b048634ff55'
ACTION SNIPPET 1000 843 SNIPPET_RELEVANT b'992087874a15dfeb1af16ae2a7465286'
ACTION DOC 1000 863 EXAMINING_DOCUMENT b'992087874a15dfeb1af16ae2a7465286'
ACTION SNIPPET 1000 866 SNIPPET_NOT_RELEVANT b'3f90b018-9c56-11e6-b3c9-f662adaa0048'
ACTION QUERY 1000 876 bacterial infection mortality rate federal
ACTION SERP 1000 881 EXAMINE_SERP
ACTION SNIPPET 1000 884 SNIPPET_RELEVANT b'ef489132-3a62-11e3-b0e7-716179a2c2c7'
ACTION DOC 1000 904 EXAMINING_DOCUMENT b'ef489132-3a62-11e3-b0e7-716179a2c2c7'
ACTION SNIPPET 1000 907 SEEN_PREVIOUSLY b'a623a754de927507f6b63de3d78fbc62'
ACTION SNIPPET 1000 910 SNIPPET_NOT_RELEVANT b'e1849d22-b138-11e4-886b-c22184f27c35'
ACTION SNIPPET 1000 913 SNIPPET_NOT_RELEVANT b'914fc6b38377f0cd6c122cdc1ae5f973'
ACTION SNIPPET 1000 916 SNIPPET_RELEVANT b'20181c23e4fca31c20def173b193e394'
ACTION DOC 1000 936 EXAMINING_DOCUMENT b'20181c23e4fca31c20def173b193e394'
ACTION MARK 1000 939 CONSIDERED_RELEVANT b'20181c23e4fca31c20def173b193e394'
ACTION SNIPPET 1000 942 SNIPPET_NOT_RELEVANT b'93ab6e4e1804faaadd852c0062caa79d'
ACTION SNIPPET 1000 945 SEEN_PREVIOUSLY b'013613f4-29e5-11e2-bab2-eda299503684'
ACTION SNIPPET 1000 948 SEEN_PREVIOUSLY b'185c4748-c944-11e2-9245-773c0123c027'
ACTION SNIPPET 1000 951 SNIPPET_NOT_RELEVANT b'949bd7be-d84a-11e2-9df4-895344c13c30'
ACTION SNIPPET 1000 954 SEEN_PREVIOUSLY b'3e9c9d6e-113e-11e6-81b4-581a5c4c42df'
ACTION QUERY 1000 964 bacterial infection mortality rate recurring
ACTION SERP 1000 969 EXAMINE_SERP
ACTION SNIPPET 1000 972 SNIPPET_NOT_RELEVANT b'914fc6b38377f0cd6c122cdc1ae5f973'
ACTION SNIPPET 1000 975 SEEN_PREVIOUSLY b'ef489132-3a62-11e3-b0e7-716179a2c2c7'
ACTION SNIPPET 1000 978 SEEN_PREVIOUSLY b'ba09cd4a-162b-11e6-9e16-2e5a123aac62'
ACTION SNIPPET 1000 981 SNIPPET_NOT_RELEVANT b'949bd7be-d84a-11e2-9df4-895344c13c30'
ACTION SNIPPET 1000 984 SEEN_PREVIOUSLY b'1d6f600e-8a60-11e6-b24f-a7f89eb68887'
ACTION SNIPPET 1000 987 SEEN_PREVIOUSLY b'cf5053f6c3a63dca2537da926027d558'
ACTION SNIPPET 1000 990 SEEN_PREVIOUSLY b'013613f4-29e5-11e2-bab2-eda299503684'
ACTION SNIPPET 1000 993 SEEN_PREVIOUSLY b'185c4748-c944-11e2-9245-773c0123c027'
ACTION SNIPPET 1000 996 SEEN_PREVIOUSLY b'3e9c9d6e-113e-11e6-81b4-581a5c4c42df'
ACTION SNIPPET 1000 999 SNIPPET_NOT_RELEVANT b'e61570ac-26d6-11e3-b75d-5b7f66349852'
ACTION QUERY 1000 1009 bacterial infection mortality rate threat
INFO SUMMARY 
INFO TOTAL_QUERIES_ISSUED 12
INFO TOTAL_SNIPPETS_EXAMINED 110
INFO TOTAL_DOCUMENTS_EXAMINED 24
INFO TOTAL_DOCUMENTS_MARKED_RELEVANT 8
INFO TOTAL_ATTRACTIVE_SERP_IMPRESSIONS 11
INFO TOTAL_UNATTRACTIVE_SERP_IMPRESSIONS 0
