ACTION QUERY 1000 10 college education advantage
ACTION SERP 1000 15 EXAMINE_SERP
ACTION SNIPPET 1000 18 SNIPPET_NOT_RELEVANT b'56d1c156-8dd6-11e6-875e-2c1bfe943b66'
ACTION SNIPPET 1000 21 SNIPPET_NOT_RELEVANT b'fe05b9a53c74453de8e00f372de54249'
ACTION SNIPPET 1000 24 SNIPPET_NOT_RELEVANT b'302c507032770d6dab7b807f810fff74'
ACTION SNIPPET 1000 27 SNIPPET_RELEVANT b'f5e37cd4-37b7-11e4-8601-97ba88884ffd'
ACTION DOC 1000 47 EXAMINING_DOCUMENT b'f5e37cd4-37b7-11e4-8601-97ba88884ffd'
ACTION SNIPPET 1000 50 SNIPPET_NOT_RELEVANT b'f8c906c62a7daec07c96fb44fd15eb0e'
ACTION SNIPPET 1000 53 SNIPPET_RELEVANT b'c78de5b2bfe687af7a27eab9de9733da'
ACTION DOC 1000 73 EXAMINING_DOCUMENT b'c78de5b2bfe687af7a27eab9de9733da'
ACTION SNIPPET 1000 76 SNIPPET_NOT_RELEVANT b'9c267f59997d57c15256edf89e436508'
ACTION SNIPPET 1000 79 SNIPPET_RELEVANT b'af0e1554b7a6a4a34fb8e127720aee5a'
ACTION DOC 1000 99 EXAMINING_DOCUMENT b'af0e1554b7a6a4a34fb8e127720aee5a'
ACTION SNIPPET 1000 102 SNIPPET_NOT_RELEVANT b'c8aa0d344ca3aad373667826dbccd05c'
ACTION SNIPPET 1000 105 SNIPPET_NOT_RELEVANT b'45c3d842-a668-11e4-a7c2-03d37af98440'
ACTION QUERY 1000 115 college education advantage studies
ACTION SERP 1000 120 EXAMINE_SERP
ACTION SNIPPET 1000 123 SEEN_PREVIOUSLY b'f5e37cd4-37b7-11e4-8601-97ba88884ffd'
ACTION SNIPPET 1000 126 SNIPPET_NOT_RELEVANT b'bedb5decff9e787e664633f2ec7dc6aa'
ACTION SNIPPET 1000 129 SNIPPET_RELEVANT b'50a6bab9638f6f75529610aa8101c88e'
ACTION DOC 1000 149 EXAMINING_DOCUMENT b'50a6bab9638f6f75529610aa8101c88e'
ACTION MARK 1000 152 CONSIDERED_RELEVANT b'50a6bab9638f6f75529610aa8101c88e'
ACTION SNIPPET 1000 155 SNIPPET_NOT_RELEVANT b'1013620a-64ba-11e6-8b27-bb8ba39497a2'
ACTION SNIPPET 1000 158 SNIPPET_NOT_RELEVANT b'6f744da87de07e42073ba7c0cd7ea2a1'
ACTION SNIPPET 1000 161 SNIPPET_NOT_RELEVANT b'7adc79d3903e8c06532eac0c54a965e8'
ACTION SNIPPET 1000 164 SNIPPET_RELEVANT b'b1ca24cc-88b8-11e1-b303-37444233872c'
ACTION DOC 1000 184 EXAMINING_DOCUMENT b'b1ca24cc-88b8-11e1-b303-37444233872c'
ACTION SNIPPET 1000 187 SNIPPET_NOT_RELEVANT b'6ae5576e-47ab-11e1-bfd9-c630ec256905'
ACTION SNIPPET 1000 190 SNIPPET_NOT_RELEVANT b'80eed19beeb7a0625eb57cdf7b37bc82'
ACTION SNIPPET 1000 193 SNIPPET_NOT_RELEVANT b'3cdb3fd66505f48b2e1e8c51255c9914'
ACTION QUERY 1000 203 college education advantage wynee
ACTION SERP 1000 208 EXAMINE_SERP
ACTION SNIPPET 1000 211 SNIPPET_NOT_RELEVANT b'd0535f6a14f18fd95b4b8899e4915169'
ACTION SNIPPET 1000 214 SNIPPET_NOT_RELEVANT b'bbd12c7d723229e8872b72db31147dbe'
ACTION SNIPPET 1000 217 SNIPPET_NOT_RELEVANT b'a6e12744-492a-11e2-8af9-9b50cb4605a7'
ACTION SNIPPET 1000 220 SNIPPET_RELEVANT b'dbaa816af18844d5a16f00863d092166'
ACTION DOC 1000 240 EXAMINING_DOCUMENT b'dbaa816af18844d5a16f00863d092166'
ACTION SNIPPET 1000 243 SNIPPET_NOT_RELEVANT b'56d1c156-8dd6-11e6-875e-2c1bfe943b66'
ACTION SNIPPET 1000 246 SNIPPET_RELEVANT b'fe05b9a53c74453de8e00f372de54249'
ACTION DOC 1000 266 EXAMINING_DOCUMENT b'fe05b9a53c74453de8e00f372de54249'
ACTION SNIPPET 1000 269 SNIPPET_RELEVANT b'302c507032770d6dab7b807f810fff74'
ACTION DOC 1000 289 EXAMINING_DOCUMENT b'302c507032770d6dab7b807f810fff74'
ACTION SNIPPET 1000 292 SEEN_PREVIOUSLY b'f5e37cd4-37b7-11e4-8601-97ba88884ffd'
ACTION SNIPPET 1000 295 SNIPPET_RELEVANT b'f8c906c62a7daec07c96fb44fd15eb0e'
ACTION DOC 1000 315 EXAMINING_DOCUMENT b'f8c906c62a7daec07c96fb44fd15eb0e'
ACTION SNIPPET 1000 318 SEEN_PREVIOUSLY b'c78de5b2bfe687af7a27eab9de9733da'
ACTION QUERY 1000 328 college education advantage released
ACTION SERP 1000 333 EXAMINE_SERP
ACTION SNIPPET 1000 336 SNIPPET_NOT_RELEVANT b'463ebfa6ae0d262044f1f455a4eb1942'
ACTION SNIPPET 1000 339 SNIPPET_NOT_RELEVANT b'56d1c156-8dd6-11e6-875e-2c1bfe943b66'
ACTION SNIPPET 1000 342 SNIPPET_NOT_RELEVANT b'13458832-7152-11e6-9705-23e51a2f424d'
ACTION SNIPPET 1000 345 SEEN_PREVIOUSLY b'fe05b9a53c74453de8e00f372de54249'
ACTION SNIPPET 1000 348 SEEN_PREVIOUSLY b'302c507032770d6dab7b807f810fff74'
ACTION SNIPPET 1000 351 SEEN_PREVIOUSLY b'f5e37cd4-37b7-11e4-8601-97ba88884ffd'
ACTION SNIPPET 1000 354 SNIPPET_RELEVANT b'059c6c2890c42453763958d96aaffdf8'
ACTION DOC 1000 374 EXAMINING_DOCUMENT b'059c6c2890c42453763958d96aaffdf8'
ACTION SNIPPET 1000 377 SNIPPET_NOT_RELEVANT b'bada7006-c874-11e2-8da7-d274bc611a47'
ACTION SNIPPET 1000 380 SNIPPET_NOT_RELEVANT b'd2afcf520fbf61ac07d548ccb7704a74'
ACTION SNIPPET 1000 383 SNIPPET_NOT_RELEVANT b'41c2a787ffb69fbd621875fdc448727f'
ACTION QUERY 1000 393 college education advantage duncan
ACTION SERP 1000 398 EXAMINE_SERP
ACTION SNIPPET 1000 401 SNIPPET_RELEVANT b'41c2a787ffb69fbd621875fdc448727f'
ACTION DOC 1000 421 EXAMINING_DOCUMENT b'41c2a787ffb69fbd621875fdc448727f'
ACTION SNIPPET 1000 424 SNIPPET_NOT_RELEVANT b'bada7006-c874-11e2-8da7-d274bc611a47'
ACTION SNIPPET 1000 427 SNIPPET_NOT_RELEVANT b'e89456a0-e096-11e5-8d98-4b3d9215ade1'
ACTION SNIPPET 1000 430 SNIPPET_NOT_RELEVANT b'35005e3041ea11bfa959747bab4180d6'
ACTION SNIPPET 1000 433 SNIPPET_NOT_RELEVANT b'406f29aaf60a4e9d3248e0ff9c48d7f9'
ACTION SNIPPET 1000 436 SNIPPET_RELEVANT b'3939f9636521b1c648c51e5284859a0f'
ACTION DOC 1000 456 EXAMINING_DOCUMENT b'3939f9636521b1c648c51e5284859a0f'
ACTION SNIPPET 1000 459 SNIPPET_NOT_RELEVANT b'b7ef861837a76887d39fcf3ef99c9b46'
ACTION SNIPPET 1000 462 SNIPPET_NOT_RELEVANT b'0da27278-657b-11e2-9e1b-07db1d2ccd5b'
ACTION SNIPPET 1000 465 SEEN_PREVIOUSLY b'f5e37cd4-37b7-11e4-8601-97ba88884ffd'
ACTION SNIPPET 1000 468 SNIPPET_NOT_RELEVANT b'd713f284-5ca5-11e5-8e9e-dce8a2a2a679'
ACTION QUERY 1000 478 college education advantage nicolae
ACTION SERP 1000 483 EXAMINE_SERP
ACTION SNIPPET 1000 486 SNIPPET_RELEVANT b'415cf5c99082f2d9d8c65f7af30f29f0'
ACTION DOC 1000 506 EXAMINING_DOCUMENT b'415cf5c99082f2d9d8c65f7af30f29f0'
ACTION SNIPPET 1000 509 SNIPPET_NOT_RELEVANT b'65fc7f76-47bc-11e3-a196-3544a03c2351'
ACTION SNIPPET 1000 512 SNIPPET_NOT_RELEVANT b'8273fe64e014d119e3c7fbc7fd0ddb8a'
ACTION SNIPPET 1000 515 SNIPPET_RELEVANT b'c99c2b3e-4a77-11e5-8ab4-c73967a143d3'
ACTION DOC 1000 535 EXAMINING_DOCUMENT b'c99c2b3e-4a77-11e5-8ab4-c73967a143d3'
ACTION SNIPPET 1000 538 SNIPPET_NOT_RELEVANT b'a7dbbd2321f5c51a9f915e0ed03f35da'
ACTION SNIPPET 1000 541 SNIPPET_RELEVANT b'56d1c156-8dd6-11e6-875e-2c1bfe943b66'
ACTION DOC 1000 561 EXAMINING_DOCUMENT b'56d1c156-8dd6-11e6-875e-2c1bfe943b66'
ACTION SNIPPET 1000 564 SNIPPET_NOT_RELEVANT b'6fc1deab6d5f93f4e30a8f845e96d1f9'
ACTION SNIPPET 1000 567 SEEN_PREVIOUSLY b'fe05b9a53c74453de8e00f372de54249'
ACTION SNIPPET 1000 570 SEEN_PREVIOUSLY b'302c507032770d6dab7b807f810fff74'
ACTION SNIPPET 1000 573 SEEN_PREVIOUSLY b'f5e37cd4-37b7-11e4-8601-97ba88884ffd'
ACTION QUERY 1000 583 college education advantage attending
ACTION SERP 1000 588 EXAMINE_SERP
ACTION SNIPPET 1000 591 SEEN_PREVIOUSLY b'af0e1554b7a6a4a34fb8e127720aee5a'
ACTION SNIPPET 1000 594 SNIPPET_NOT_RELEVANT b'ee1ee92a-78a9-11e3-af7f-13bf0e9965f6'
ACTION SNIPPET 1000 597 SNIPPET_NOT_RELEVANT b'bada7006-c874-11e2-8da7-d274bc611a47'
ACTION SNIPPET 1000 600 SEEN_PREVIOUSLY b'f8c906c62a7daec07c96fb44fd15eb0e'
ACTION SNIPPET 1000 603 SNIPPET_RELEVANT b'572b50a8-9112-11e4-a900-9960214d4cd7'
ACTION DOC 1000 623 EXAMINING_DOCUMENT b'572b50a8-9112-11e4-a900-9960214d4cd7'
ACTION SNIPPET 1000 626 SEEN_PREVIOUSLY b'c78de5b2bfe687af7a27eab9de9733da'
ACTION SNIPPET 1000 629 SNIPPET_RELEVANT b'fe4e72585786530d94dd05f6a90a3fac'
ACTION DOC 1000 649 EXAMINING_DOCUMENT b'fe4e72585786530d94dd05f6a90a3fac'
ACTION SNIPPET 1000 652 SNIPPET_NOT_RELEVANT b'29de220e57503014f52e6faf887d3504'
ACTION SNIPPET 1000 655 SNIPPET_NOT_RELEVANT b'a2600e70d6c58bcf8b08e8bc8bf4a0f1'
ACTION SNIPPET 1000 658 SNIPPET_NOT_RELEVANT b'7b08d990-2e87-11e2-beb2-4b4cf5087636'
ACTION QUERY 1000 668 college education advantage mesa
ACTION SERP 1000 673 EXAMINE_SERP
ACTION SNIPPET 1000 676 SNIPPET_NOT_RELEVANT b'181ab5bc3b469127f2afe83f75a9d73b'
ACTION SNIPPET 1000 679 SNIPPET_NOT_RELEVANT b'0caf413b5753f08ef953c0a056d63b32'
ACTION SNIPPET 1000 682 SNIPPET_RELEVANT b'f67f3aad9af70fed34e8c717e065862a'
ACTION DOC 1000 702 EXAMINING_DOCUMENT b'f67f3aad9af70fed34e8c717e065862a'
ACTION SNIPPET 1000 705 SNIPPET_NOT_RELEVANT b'73a20d3d3f27fea1457925d96d707189'
ACTION SNIPPET 1000 708 SNIPPET_RELEVANT b'661291204da7f9d8234dec8f88a9d952'
ACTION DOC 1000 728 EXAMINING_DOCUMENT b'661291204da7f9d8234dec8f88a9d952'
ACTION SNIPPET 1000 731 SNIPPET_NOT_RELEVANT b'c08174c886482f32442b8fa1462a4e4e'
ACTION SNIPPET 1000 734 SNIPPET_RELEVANT b'dc4e2a81e83398f32903c13eafc39fe5'
ACTION DOC 1000 754 EXAMINING_DOCUMENT b'dc4e2a81e83398f32903c13eafc39fe5'
ACTION SNIPPET 1000 757 SNIPPET_NOT_RELEVANT b'358da22d5a5e62cd2eda7242c854cb6d'
ACTION SNIPPET 1000 760 SNIPPET_NOT_RELEVANT b'306af37c-92a0-11e3-84e1-27626c5ef5fb'
ACTION SNIPPET 1000 763 SEEN_PREVIOUSLY b'56d1c156-8dd6-11e6-875e-2c1bfe943b66'
ACTION QUERY 1000 773 college education advantage professors
ACTION SERP 1000 778 EXAMINE_SERP
ACTION SNIPPET 1000 781 SNIPPET_NOT_RELEVANT b'de1fd0c46e868f1caa1487d4e43d72bb'
ACTION SNIPPET 1000 784 SNIPPET_NOT_RELEVANT b'053e760d495f4a77ce581344561ed8d6'
ACTION SNIPPET 1000 787 SNIPPET_NOT_RELEVANT b'03efc678e2a2232dcf1c90e244531b9a'
ACTION SNIPPET 1000 790 SNIPPET_NOT_RELEVANT b'64fed3de-92c0-11e5-a2d6-f57908580b1f'
ACTION SNIPPET 1000 793 SEEN_PREVIOUSLY b'b1ca24cc-88b8-11e1-b303-37444233872c'
ACTION SNIPPET 1000 796 SNIPPET_NOT_RELEVANT b'55998ae10b7b2db87fbe5f1a3cb40ebe'
ACTION SNIPPET 1000 799 SNIPPET_NOT_RELEVANT b'6eedf8d6-94eb-11e3-84e1-27626c5ef5fb'
ACTION SNIPPET 1000 802 SNIPPET_RELEVANT b'75460b24-8398-11e3-8099-9181471f7aaf'
ACTION DOC 1000 822 EXAMINING_DOCUMENT b'75460b24-8398-11e3-8099-9181471f7aaf'
ACTION SNIPPET 1000 825 SNIPPET_RELEVANT b'7785ce20-aac2-11e6-a31b-4b6397e625d0'
ACTION DOC 1000 845 EXAMINING_DOCUMENT b'7785ce20-aac2-11e6-a31b-4b6397e625d0'
ACTION SNIPPET 1000 848 SNIPPET_RELEVANT b'ae2752fbc51ce68adc97f6aeff381e01'
ACTION DOC 1000 868 EXAMINING_DOCUMENT b'ae2752fbc51ce68adc97f6aeff381e01'
ACTION QUERY 1000 878 college education advantage states
ACTION SERP 1000 883 EXAMINE_SERP
ACTION SNIPPET 1000 886 SEEN_PREVIOUSLY b'fe05b9a53c74453de8e00f372de54249'
ACTION SNIPPET 1000 889 SEEN_PREVIOUSLY b'302c507032770d6dab7b807f810fff74'
ACTION SNIPPET 1000 892 SEEN_PREVIOUSLY b'56d1c156-8dd6-11e6-875e-2c1bfe943b66'
ACTION SNIPPET 1000 895 SNIPPET_RELEVANT b'9c267f59997d57c15256edf89e436508'
ACTION DOC 1000 915 EXAMINING_DOCUMENT b'9c267f59997d57c15256edf89e436508'
ACTION SNIPPET 1000 918 SNIPPET_RELEVANT b'c8aa0d344ca3aad373667826dbccd05c'
ACTION DOC 1000 938 EXAMINING_DOCUMENT b'c8aa0d344ca3aad373667826dbccd05c'
ACTION SNIPPET 1000 941 SEEN_PREVIOUSLY b'af0e1554b7a6a4a34fb8e127720aee5a'
ACTION SNIPPET 1000 944 SNIPPET_NOT_RELEVANT b'6808d4d1f2e5b1e0a16eade909f6b467'
ACTION SNIPPET 1000 947 SNIPPET_RELEVANT b'13458832-7152-11e6-9705-23e51a2f424d'
ACTION DOC 1000 967 EXAMINING_DOCUMENT b'13458832-7152-11e6-9705-23e51a2f424d'
ACTION SNIPPET 1000 970 SNIPPET_NOT_RELEVANT b'45c3d842-a668-11e4-a7c2-03d37af98440'
ACTION SNIPPET 1000 973 SNIPPET_RELEVANT b'3057c72e12d58b64714058b91b1dc0a3'
ACTION DOC 1000 993 EXAMINING_DOCUMENT b'3057c72e12d58b64714058b91b1dc0a3'
ACTION QUERY 1000 1003 college education advantage athletics
INFO SUMMARY 
INFO TOTAL_QUERIES_ISSUED 11
INFO TOTAL_SNIPPETS_EXAMINED 100
INFO TOTAL_DOCUMENTS_EXAMINED 27
INFO TOTAL_DOCUMENTS_MARKED_RELEVANT 1
INFO TOTAL_ATTRACTIVE_SERP_IMPRESSIONS 10
INFO TOTAL_UNATTRACTIVE_SERP_IMPRESSIONS 0
