ACTION QUERY 1000 10 Airport Security
ACTION SERP 1000 15 EXAMINE_SERP
ACTION SNIPPET 1000 18 SNIPPET_RELEVANT b'a4450c72-3e0d-11e6-a66f-aa6c1883b6b1'
ACTION DOC 1000 38 EXAMINING_DOCUMENT b'a4450c72-3e0d-11e6-a66f-aa6c1883b6b1'
ACTION MARK 1000 41 CONSIDERED_RELEVANT b'a4450c72-3e0d-11e6-a66f-aa6c1883b6b1'
ACTION SNIPPET 1000 44 SNIPPET_RELEVANT b'a3394dc4-807a-11e2-b99e-6baf4ebe42df'
ACTION DOC 1000 64 EXAMINING_DOCUMENT b'a3394dc4-807a-11e2-b99e-6baf4ebe42df'
ACTION MARK 1000 67 CONSIDERED_RELEVANT b'a3394dc4-807a-11e2-b99e-6baf4ebe42df'
ACTION SNIPPET 1000 70 SNIPPET_RELEVANT b'4d0dc5d1d779de995afbfc34ba0d984e'
ACTION DOC 1000 90 EXAMINING_DOCUMENT b'4d0dc5d1d779de995afbfc34ba0d984e'
ACTION MARK 1000 93 CONSIDERED_RELEVANT b'4d0dc5d1d779de995afbfc34ba0d984e'
ACTION SNIPPET 1000 96 SNIPPET_RELEVANT b'f73cad84-e76c-11e4-9a6a-c1ab95a0600b'
ACTION DOC 1000 116 EXAMINING_DOCUMENT b'f73cad84-e76c-11e4-9a6a-c1ab95a0600b'
ACTION MARK 1000 119 CONSIDERED_RELEVANT b'f73cad84-e76c-11e4-9a6a-c1ab95a0600b'
ACTION SNIPPET 1000 122 SNIPPET_NOT_RELEVANT b'960a655e37a62111439e35f268d4952a'
ACTION SNIPPET 1000 125 SNIPPET_RELEVANT b'8c188cc8f2e57da79daaaf82dc321148'
ACTION DOC 1000 145 EXAMINING_DOCUMENT b'8c188cc8f2e57da79daaaf82dc321148'
ACTION SNIPPET 1000 148 SNIPPET_RELEVANT b'befaf098-fdb9-11e5-80e4-c381214de1a3'
ACTION DOC 1000 168 EXAMINING_DOCUMENT b'befaf098-fdb9-11e5-80e4-c381214de1a3'
ACTION MARK 1000 171 CONSIDERED_RELEVANT b'befaf098-fdb9-11e5-80e4-c381214de1a3'
ACTION SNIPPET 1000 174 SNIPPET_RELEVANT b'9f1e6f89c31d5ee87024f6734ddb67eb'
ACTION DOC 1000 194 EXAMINING_DOCUMENT b'9f1e6f89c31d5ee87024f6734ddb67eb'
ACTION MARK 1000 197 CONSIDERED_RELEVANT b'9f1e6f89c31d5ee87024f6734ddb67eb'
ACTION SNIPPET 1000 200 SNIPPET_RELEVANT b'2a15d291261ae0673ef92e9c4a4c0298'
ACTION DOC 1000 220 EXAMINING_DOCUMENT b'2a15d291261ae0673ef92e9c4a4c0298'
ACTION MARK 1000 223 CONSIDERED_RELEVANT b'2a15d291261ae0673ef92e9c4a4c0298'
ACTION SNIPPET 1000 226 SNIPPET_RELEVANT b'07a71cda-2a58-11e5-bd33-395c05608059'
ACTION DOC 1000 246 EXAMINING_DOCUMENT b'07a71cda-2a58-11e5-bd33-395c05608059'
ACTION MARK 1000 249 CONSIDERED_RELEVANT b'07a71cda-2a58-11e5-bd33-395c05608059'
ACTION QUERY 1000 259 Airport Security georgia
ACTION SERP 1000 264 EXAMINE_SERP
ACTION SNIPPET 1000 267 SNIPPET_NOT_RELEVANT b'dd33af30-e712-11e6-80c2-30e57e57e05d'
ACTION SNIPPET 1000 270 SNIPPET_RELEVANT b'd73b5358-2ad7-11e3-8ade-a1f23cda135e'
ACTION DOC 1000 290 EXAMINING_DOCUMENT b'd73b5358-2ad7-11e3-8ade-a1f23cda135e'
ACTION SNIPPET 1000 293 SNIPPET_RELEVANT b'615ccdbe-1860-11e6-924d-838753295f9a'
ACTION DOC 1000 313 EXAMINING_DOCUMENT b'615ccdbe-1860-11e6-924d-838753295f9a'
ACTION MARK 1000 316 CONSIDERED_RELEVANT b'615ccdbe-1860-11e6-924d-838753295f9a'
ACTION SNIPPET 1000 319 SNIPPET_NOT_RELEVANT b'27e17bfa-0bec-11e6-a6b6-2e6de3695b0e'
ACTION SNIPPET 1000 322 SNIPPET_NOT_RELEVANT b'1c5e8dac2568fd483b55c030158632dd'
ACTION SNIPPET 1000 325 SNIPPET_RELEVANT b'63fe8644-0292-11e7-b9fa-ed727b644a0b'
ACTION DOC 1000 345 EXAMINING_DOCUMENT b'63fe8644-0292-11e7-b9fa-ed727b644a0b'
ACTION SNIPPET 1000 348 SNIPPET_NOT_RELEVANT b'622a588faab954b1bd0936fa764937b2'
ACTION SNIPPET 1000 351 SNIPPET_NOT_RELEVANT b'470075cefaff09efefcd957e63c20efb'
ACTION SNIPPET 1000 354 SNIPPET_NOT_RELEVANT b'fe8f57e0-cae5-11e1-aea8-34e2e47d1571'
ACTION SNIPPET 1000 357 SNIPPET_NOT_RELEVANT b'6277ffe2-278d-11e7-b503-9d616bd5a305'
ACTION QUERY 1000 367 Airport Security verified
ACTION SERP 1000 372 EXAMINE_SERP
ACTION SNIPPET 1000 375 SNIPPET_RELEVANT b'ad6ee1ea-2490-11e3-ad0d-b7c8d2a594b9'
ACTION DOC 1000 395 EXAMINING_DOCUMENT b'ad6ee1ea-2490-11e3-ad0d-b7c8d2a594b9'
ACTION MARK 1000 398 CONSIDERED_RELEVANT b'ad6ee1ea-2490-11e3-ad0d-b7c8d2a594b9'
ACTION SNIPPET 1000 401 SNIPPET_RELEVANT b'a45bbc98-2ca5-11e6-9de3-6e6e7a14000c'
ACTION DOC 1000 421 EXAMINING_DOCUMENT b'a45bbc98-2ca5-11e6-9de3-6e6e7a14000c'
ACTION MARK 1000 424 CONSIDERED_RELEVANT b'a45bbc98-2ca5-11e6-9de3-6e6e7a14000c'
ACTION SNIPPET 1000 427 SNIPPET_RELEVANT b'f885525ca0f5164e49fe036ff780f05b'
ACTION DOC 1000 447 EXAMINING_DOCUMENT b'f885525ca0f5164e49fe036ff780f05b'
ACTION MARK 1000 450 CONSIDERED_RELEVANT b'f885525ca0f5164e49fe036ff780f05b'
ACTION SNIPPET 1000 453 SNIPPET_NOT_RELEVANT b'ce85eacca345ada5ac9c1bfb63f832b4'
ACTION SNIPPET 1000 456 SNIPPET_RELEVANT b'a5cedca6-3d65-11e6-9e16-4cf01a41decb'
ACTION DOC 1000 476 EXAMINING_DOCUMENT b'a5cedca6-3d65-11e6-9e16-4cf01a41decb'
ACTION SNIPPET 1000 479 SNIPPET_RELEVANT b'4a9d0b20-82e1-11e1-994a-e58f7869f9d3'
ACTION DOC 1000 499 EXAMINING_DOCUMENT b'4a9d0b20-82e1-11e1-994a-e58f7869f9d3'
ACTION SNIPPET 1000 502 SNIPPET_RELEVANT b'6df3a458-3a5b-11e2-b01f-5f55b193f58f'
ACTION DOC 1000 522 EXAMINING_DOCUMENT b'6df3a458-3a5b-11e2-b01f-5f55b193f58f'
ACTION SNIPPET 1000 525 SNIPPET_NOT_RELEVANT b'85ec57283432c7105812358becba5b7b'
ACTION SNIPPET 1000 528 SNIPPET_NOT_RELEVANT b'6309f3b2-94f0-11e3-83b9-1f024193bb84'
ACTION SNIPPET 1000 531 SNIPPET_NOT_RELEVANT b'bd7141c4-d143-11e6-9cb0-54ab630851e8'
ACTION QUERY 1000 541 Airport Security case
ACTION SERP 1000 546 EXAMINE_SERP
ACTION SNIPPET 1000 549 SNIPPET_RELEVANT b'5a27c15f7aabc2159b0291d370c74ffb'
ACTION DOC 1000 569 EXAMINING_DOCUMENT b'5a27c15f7aabc2159b0291d370c74ffb'
ACTION MARK 1000 572 CONSIDERED_RELEVANT b'5a27c15f7aabc2159b0291d370c74ffb'
ACTION SNIPPET 1000 575 SNIPPET_RELEVANT b'2d9b229fe989269025a3a4b70f476d7c'
ACTION DOC 1000 595 EXAMINING_DOCUMENT b'2d9b229fe989269025a3a4b70f476d7c'
ACTION MARK 1000 598 CONSIDERED_RELEVANT b'2d9b229fe989269025a3a4b70f476d7c'
ACTION SNIPPET 1000 601 SNIPPET_NOT_RELEVANT b'869de18baaf67c6c1d482f6112214578'
ACTION SNIPPET 1000 604 SNIPPET_NOT_RELEVANT b'bd7141c4-d143-11e6-9cb0-54ab630851e8'
ACTION SNIPPET 1000 607 SNIPPET_RELEVANT b'050a51ac-58d5-11e1-81f3-600da7abfbda'
ACTION DOC 1000 627 EXAMINING_DOCUMENT b'050a51ac-58d5-11e1-81f3-600da7abfbda'
ACTION SNIPPET 1000 630 SNIPPET_NOT_RELEVANT b'8933203610df65783ac2422eebdce394'
ACTION SNIPPET 1000 633 SNIPPET_NOT_RELEVANT b'df02e9825714bcaae23f1fc41a21573a'
ACTION SNIPPET 1000 636 SNIPPET_NOT_RELEVANT b'4f8cb56c-f5f6-11e6-b9c9-e83fce42fb61'
ACTION SNIPPET 1000 639 SEEN_PREVIOUSLY b'6df3a458-3a5b-11e2-b01f-5f55b193f58f'
ACTION SNIPPET 1000 642 SNIPPET_NOT_RELEVANT b'cea1635ef53fead763892833179d0949'
ACTION QUERY 1000 652 Airport Security states
ACTION SERP 1000 657 EXAMINE_SERP
ACTION SNIPPET 1000 660 SNIPPET_RELEVANT b'a537e9f8-2731-11e6-b989-4e5479715b54'
ACTION DOC 1000 680 EXAMINING_DOCUMENT b'a537e9f8-2731-11e6-b989-4e5479715b54'
ACTION SNIPPET 1000 683 SNIPPET_NOT_RELEVANT b'60d6a770-bd88-11e6-91ee-1adddfe36cbe'
ACTION SNIPPET 1000 686 SNIPPET_NOT_RELEVANT b'50712ddd5c36888fe96555ed03791434'
ACTION SNIPPET 1000 689 SEEN_PREVIOUSLY b'a5cedca6-3d65-11e6-9e16-4cf01a41decb'
ACTION SNIPPET 1000 692 SNIPPET_NOT_RELEVANT b'4fb5a10a-072d-11e2-9eea-333857f6a7bd'
ACTION SNIPPET 1000 695 SNIPPET_RELEVANT b'dd8e7ffe339991c9cd9f8be6451296a0'
ACTION DOC 1000 715 EXAMINING_DOCUMENT b'dd8e7ffe339991c9cd9f8be6451296a0'
ACTION SNIPPET 1000 718 SNIPPET_NOT_RELEVANT b'0276ecc8-3e0b-11e6-9e16-4cf01a41decb'
ACTION SNIPPET 1000 721 SNIPPET_NOT_RELEVANT b'41c13ed8-ed83-11e6-a100-fdaaf400369a'
ACTION SNIPPET 1000 724 SNIPPET_RELEVANT b'388219ac-c119-11e4-9271-610273846239'
ACTION DOC 1000 744 EXAMINING_DOCUMENT b'388219ac-c119-11e4-9271-610273846239'
ACTION SNIPPET 1000 747 SNIPPET_NOT_RELEVANT b'3c448b57a3e7a896eceb7ac65711b923'
ACTION QUERY 1000 757 Airport Security close
ACTION SERP 1000 762 EXAMINE_SERP
ACTION SNIPPET 1000 765 SNIPPET_RELEVANT b'a6595e21a02ef53298343a9865cc09c9'
ACTION DOC 1000 785 EXAMINING_DOCUMENT b'a6595e21a02ef53298343a9865cc09c9'
ACTION MARK 1000 788 CONSIDERED_RELEVANT b'a6595e21a02ef53298343a9865cc09c9'
ACTION SNIPPET 1000 791 SEEN_PREVIOUSLY b'a537e9f8-2731-11e6-b989-4e5479715b54'
ACTION SNIPPET 1000 794 SNIPPET_NOT_RELEVANT b'31539508-028e-11e2-8102-ebee9c66e190'
ACTION SNIPPET 1000 797 SNIPPET_NOT_RELEVANT b'50712ddd5c36888fe96555ed03791434'
ACTION SNIPPET 1000 800 SNIPPET_NOT_RELEVANT b'2195dbe8-3cd2-11e7-8854-21f359183e8c'
ACTION SNIPPET 1000 803 SEEN_PREVIOUSLY b'dd8e7ffe339991c9cd9f8be6451296a0'
ACTION SNIPPET 1000 806 SNIPPET_RELEVANT b'ea3e400e-1ae8-11e3-80ac-96205cacb45a'
ACTION DOC 1000 826 EXAMINING_DOCUMENT b'ea3e400e-1ae8-11e3-80ac-96205cacb45a'
ACTION SNIPPET 1000 829 SNIPPET_RELEVANT b'bccd843a9134e231cc56bf057aefc0a9'
ACTION DOC 1000 849 EXAMINING_DOCUMENT b'bccd843a9134e231cc56bf057aefc0a9'
ACTION SNIPPET 1000 852 SEEN_PREVIOUSLY b'388219ac-c119-11e4-9271-610273846239'
ACTION SNIPPET 1000 855 SNIPPET_NOT_RELEVANT b'0bcbb5ea-484a-11e5-846d-02792f854297'
ACTION QUERY 1000 865 Airport Security hvac
ACTION SERP 1000 870 EXAMINE_SERP
ACTION SNIPPET 1000 873 SNIPPET_NOT_RELEVANT b'a20e6f36-d8d4-11e6-9f9f-5cdb4b7f8dd7'
ACTION SNIPPET 1000 876 SNIPPET_NOT_RELEVANT b'ed60fe5366481fdf69bef10b71c2ba09'
ACTION SNIPPET 1000 879 SNIPPET_NOT_RELEVANT b'03fe3f6e-0d58-11e4-b8e5-d0de80767fc2'
ACTION SNIPPET 1000 882 SNIPPET_RELEVANT b'48f9a5bd3cbe3b6fbb7ce903b8500ceb'
ACTION DOC 1000 902 EXAMINING_DOCUMENT b'48f9a5bd3cbe3b6fbb7ce903b8500ceb'
ACTION MARK 1000 905 CONSIDERED_RELEVANT b'48f9a5bd3cbe3b6fbb7ce903b8500ceb'
ACTION SNIPPET 1000 908 SNIPPET_RELEVANT b'8933203610df65783ac2422eebdce394'
ACTION DOC 1000 928 EXAMINING_DOCUMENT b'8933203610df65783ac2422eebdce394'
ACTION SNIPPET 1000 931 SNIPPET_NOT_RELEVANT b'8444d1915d8f5cbd2e0572480580ef24'
ACTION SNIPPET 1000 934 SNIPPET_RELEVANT b'152e64a4-4437-11e6-88d0-6adee48be8bc'
ACTION DOC 1000 954 EXAMINING_DOCUMENT b'152e64a4-4437-11e6-88d0-6adee48be8bc'
ACTION MARK 1000 957 CONSIDERED_RELEVANT b'152e64a4-4437-11e6-88d0-6adee48be8bc'
ACTION SNIPPET 1000 960 SNIPPET_RELEVANT b'70a6913e-1957-11e3-8685-5021e0c41964'
ACTION DOC 1000 980 EXAMINING_DOCUMENT b'70a6913e-1957-11e3-8685-5021e0c41964'
ACTION MARK 1000 983 CONSIDERED_RELEVANT b'70a6913e-1957-11e3-8685-5021e0c41964'
ACTION SNIPPET 1000 986 SNIPPET_RELEVANT b'50712ddd5c36888fe96555ed03791434'
ACTION DOC 1000 1006 EXAMINING_DOCUMENT b'50712ddd5c36888fe96555ed03791434'
INFO SUMMARY 
INFO TOTAL_QUERIES_ISSUED 7
INFO TOTAL_SNIPPETS_EXAMINED 69
INFO TOTAL_DOCUMENTS_EXAMINED 32
INFO TOTAL_DOCUMENTS_MARKED_RELEVANT 18
INFO TOTAL_ATTRACTIVE_SERP_IMPRESSIONS 7
INFO TOTAL_UNATTRACTIVE_SERP_IMPRESSIONS 0
