ACTION QUERY 1000 10 email scams
ACTION SERP 1000 15 EXAMINE_SERP
ACTION SNIPPET 1000 18 SNIPPET_NOT_RELEVANT b'a9611516a7d5d6a8879608ca9fb6e7d9'
ACTION SNIPPET 1000 21 SNIPPET_NOT_RELEVANT b'1abd11cf2e16e95a2b2079114e381ae4'
ACTION SNIPPET 1000 24 SNIPPET_RELEVANT b'46da49f1355db6c82e3bc6447fae953b'
ACTION DOC 1000 44 EXAMINING_DOCUMENT b'46da49f1355db6c82e3bc6447fae953b'
ACTION MARK 1000 47 CONSIDERED_RELEVANT b'46da49f1355db6c82e3bc6447fae953b'
ACTION SNIPPET 1000 50 SNIPPET_RELEVANT b'97f37b438bb3a9e1ce875256fe294e41'
ACTION DOC 1000 70 EXAMINING_DOCUMENT b'97f37b438bb3a9e1ce875256fe294e41'
ACTION SNIPPET 1000 73 SNIPPET_RELEVANT b'7ef04be78833df2c0aab3f4a14693c5c'
ACTION DOC 1000 93 EXAMINING_DOCUMENT b'7ef04be78833df2c0aab3f4a14693c5c'
ACTION MARK 1000 96 CONSIDERED_RELEVANT b'7ef04be78833df2c0aab3f4a14693c5c'
ACTION SNIPPET 1000 99 SNIPPET_RELEVANT b'6e189ae3de05c9ed8667b23571f29c0a'
ACTION DOC 1000 119 EXAMINING_DOCUMENT b'6e189ae3de05c9ed8667b23571f29c0a'
ACTION MARK 1000 122 CONSIDERED_RELEVANT b'6e189ae3de05c9ed8667b23571f29c0a'
ACTION SNIPPET 1000 125 SNIPPET_RELEVANT b'c6bf4a4bf542b7c67987c222d73def4b'
ACTION DOC 1000 145 EXAMINING_DOCUMENT b'c6bf4a4bf542b7c67987c222d73def4b'
ACTION MARK 1000 148 CONSIDERED_RELEVANT b'c6bf4a4bf542b7c67987c222d73def4b'
ACTION SNIPPET 1000 151 SNIPPET_RELEVANT b'2160940db5ddc6f70a1a599aa89bcae7'
ACTION DOC 1000 171 EXAMINING_DOCUMENT b'2160940db5ddc6f70a1a599aa89bcae7'
ACTION MARK 1000 174 CONSIDERED_RELEVANT b'2160940db5ddc6f70a1a599aa89bcae7'
ACTION SNIPPET 1000 177 SNIPPET_NOT_RELEVANT b'bc5053c2-b987-11e5-99f3-184bc379b12d'
ACTION SNIPPET 1000 180 SNIPPET_RELEVANT b'0ff6fb7a-4380-11e6-8856-f26de2537a9d'
ACTION DOC 1000 200 EXAMINING_DOCUMENT b'0ff6fb7a-4380-11e6-8856-f26de2537a9d'
ACTION MARK 1000 203 CONSIDERED_RELEVANT b'0ff6fb7a-4380-11e6-8856-f26de2537a9d'
ACTION QUERY 1000 213 email scams hearing
ACTION SERP 1000 218 EXAMINE_SERP
ACTION SNIPPET 1000 221 SNIPPET_NOT_RELEVANT b'bc5053c2-b987-11e5-99f3-184bc379b12d'
ACTION SNIPPET 1000 224 SNIPPET_RELEVANT b'92b395c2-df04-11e5-846c-10191d1fc4ec'
ACTION DOC 1000 244 EXAMINING_DOCUMENT b'92b395c2-df04-11e5-846c-10191d1fc4ec'
ACTION MARK 1000 247 CONSIDERED_RELEVANT b'92b395c2-df04-11e5-846c-10191d1fc4ec'
ACTION SNIPPET 1000 250 SNIPPET_NOT_RELEVANT b'a9611516a7d5d6a8879608ca9fb6e7d9'
ACTION SNIPPET 1000 253 SNIPPET_NOT_RELEVANT b'1abd11cf2e16e95a2b2079114e381ae4'
ACTION SNIPPET 1000 256 SEEN_PREVIOUSLY b'97f37b438bb3a9e1ce875256fe294e41'
ACTION SNIPPET 1000 259 SNIPPET_RELEVANT b'f00fab92-3968-11e7-8854-21f359183e8c'
ACTION DOC 1000 279 EXAMINING_DOCUMENT b'f00fab92-3968-11e7-8854-21f359183e8c'
ACTION MARK 1000 282 CONSIDERED_RELEVANT b'f00fab92-3968-11e7-8854-21f359183e8c'
ACTION SNIPPET 1000 285 SNIPPET_RELEVANT b'72bfab22-4b90-11e1-8d55-edfca0e33083'
ACTION DOC 1000 305 EXAMINING_DOCUMENT b'72bfab22-4b90-11e1-8d55-edfca0e33083'
ACTION SNIPPET 1000 308 SNIPPET_NOT_RELEVANT b'3f35178073f5c481cf01f1ee8e5011f4'
ACTION SNIPPET 1000 311 SNIPPET_NOT_RELEVANT b'9cefa7c0-6be3-11e7-96ab-5f38140b38cc'
ACTION SNIPPET 1000 314 SNIPPET_NOT_RELEVANT b'dd1a19c8a3b20416f1a8869b3efe7f5f'
ACTION QUERY 1000 324 email scams meaning
ACTION SERP 1000 329 EXAMINE_SERP
ACTION SNIPPET 1000 332 SNIPPET_NOT_RELEVANT b'1abd11cf2e16e95a2b2079114e381ae4'
ACTION SNIPPET 1000 335 SNIPPET_NOT_RELEVANT b'ce295de0-c92d-11e5-ae11-57b6aeab993f'
ACTION SNIPPET 1000 338 SNIPPET_NOT_RELEVANT b'bd19fe47aa6ce2fb991e7e6e47cbccc0'
ACTION SNIPPET 1000 341 SNIPPET_RELEVANT b'94bef982e8820ccf513283880e1399aa'
ACTION DOC 1000 361 EXAMINING_DOCUMENT b'94bef982e8820ccf513283880e1399aa'
ACTION SNIPPET 1000 364 SNIPPET_NOT_RELEVANT b'bc5053c2-b987-11e5-99f3-184bc379b12d'
ACTION SNIPPET 1000 367 SNIPPET_RELEVANT b'a9611516a7d5d6a8879608ca9fb6e7d9'
ACTION DOC 1000 387 EXAMINING_DOCUMENT b'a9611516a7d5d6a8879608ca9fb6e7d9'
ACTION SNIPPET 1000 390 SEEN_PREVIOUSLY b'97f37b438bb3a9e1ce875256fe294e41'
ACTION SNIPPET 1000 393 SEEN_PREVIOUSLY b'72bfab22-4b90-11e1-8d55-edfca0e33083'
ACTION SNIPPET 1000 396 SNIPPET_RELEVANT b'3f35178073f5c481cf01f1ee8e5011f4'
ACTION DOC 1000 416 EXAMINING_DOCUMENT b'3f35178073f5c481cf01f1ee8e5011f4'
ACTION SNIPPET 1000 419 SNIPPET_RELEVANT b'9cefa7c0-6be3-11e7-96ab-5f38140b38cc'
ACTION DOC 1000 439 EXAMINING_DOCUMENT b'9cefa7c0-6be3-11e7-96ab-5f38140b38cc'
ACTION QUERY 1000 449 email scams turks
ACTION SERP 1000 454 EXAMINE_SERP
ACTION SNIPPET 1000 457 SNIPPET_NOT_RELEVANT b'aef12c5a97baea7f9bfd744391588643'
ACTION SNIPPET 1000 460 SNIPPET_NOT_RELEVANT b'1abd11cf2e16e95a2b2079114e381ae4'
ACTION SNIPPET 1000 463 SEEN_PREVIOUSLY b'72bfab22-4b90-11e1-8d55-edfca0e33083'
ACTION SNIPPET 1000 466 SNIPPET_NOT_RELEVANT b'e1a65e3e-2c60-11e3-b139-029811dbb57f'
ACTION SNIPPET 1000 469 SNIPPET_RELEVANT b'f3cbf90a-d184-11e4-a62f-ee745911a4ff'
ACTION DOC 1000 489 EXAMINING_DOCUMENT b'f3cbf90a-d184-11e4-a62f-ee745911a4ff'
ACTION SNIPPET 1000 492 SEEN_PREVIOUSLY b'a9611516a7d5d6a8879608ca9fb6e7d9'
ACTION SNIPPET 1000 495 SEEN_PREVIOUSLY b'97f37b438bb3a9e1ce875256fe294e41'
ACTION SNIPPET 1000 498 SNIPPET_NOT_RELEVANT b'bc5053c2-b987-11e5-99f3-184bc379b12d'
ACTION SNIPPET 1000 501 SNIPPET_NOT_RELEVANT b'dd1a19c8a3b20416f1a8869b3efe7f5f'
ACTION SNIPPET 1000 504 SNIPPET_RELEVANT b'fa58c9228aeebb11c05ee9ff2b3db9b3'
ACTION DOC 1000 524 EXAMINING_DOCUMENT b'fa58c9228aeebb11c05ee9ff2b3db9b3'
ACTION MARK 1000 527 CONSIDERED_RELEVANT b'fa58c9228aeebb11c05ee9ff2b3db9b3'
ACTION QUERY 1000 537 email scams remains
ACTION SERP 1000 542 EXAMINE_SERP
ACTION SNIPPET 1000 545 SNIPPET_RELEVANT b'dd1a19c8a3b20416f1a8869b3efe7f5f'
ACTION DOC 1000 565 EXAMINING_DOCUMENT b'dd1a19c8a3b20416f1a8869b3efe7f5f'
ACTION SNIPPET 1000 568 SNIPPET_NOT_RELEVANT b'e1a65e3e-2c60-11e3-b139-029811dbb57f'
ACTION SNIPPET 1000 571 SNIPPET_NOT_RELEVANT b'cab64588-b868-11e3-9a05-c739f29ccb08'
ACTION SNIPPET 1000 574 SNIPPET_NOT_RELEVANT b'bb19bcf0-2ffc-11e1-8149-868dd2c9e12e'
ACTION SNIPPET 1000 577 SNIPPET_NOT_RELEVANT b'dc09e141138178ae38e652d08d5468be'
ACTION SNIPPET 1000 580 SNIPPET_RELEVANT b'f24bdad4-db49-11e1-9745-d9ae6098d493'
ACTION DOC 1000 600 EXAMINING_DOCUMENT b'f24bdad4-db49-11e1-9745-d9ae6098d493'
ACTION SNIPPET 1000 603 SNIPPET_NOT_RELEVANT b'23b17d11e3760ae911dd52f77f0416b0'
ACTION SNIPPET 1000 606 SNIPPET_NOT_RELEVANT b'0643b0ea-0b1d-11e7-93dc-00f9bdd74ed1'
ACTION SNIPPET 1000 609 SNIPPET_NOT_RELEVANT b'71af06f0-10a9-11e6-93ae-50921721165d'
ACTION SNIPPET 1000 612 SNIPPET_RELEVANT b'ce295de0-c92d-11e5-ae11-57b6aeab993f'
ACTION DOC 1000 632 EXAMINING_DOCUMENT b'ce295de0-c92d-11e5-ae11-57b6aeab993f'
ACTION QUERY 1000 642 email scams case
ACTION SERP 1000 647 EXAMINE_SERP
ACTION SNIPPET 1000 650 SNIPPET_NOT_RELEVANT b'1abd11cf2e16e95a2b2079114e381ae4'
ACTION SNIPPET 1000 653 SEEN_PREVIOUSLY b'72bfab22-4b90-11e1-8d55-edfca0e33083'
ACTION SNIPPET 1000 656 SNIPPET_NOT_RELEVANT b'2a23d684-3d1f-11e5-9c2d-ed991d848c48'
ACTION SNIPPET 1000 659 SNIPPET_RELEVANT b'3fafae32-e33c-11e6-ba11-63c4b4fb5a63'
ACTION DOC 1000 679 EXAMINING_DOCUMENT b'3fafae32-e33c-11e6-ba11-63c4b4fb5a63'
ACTION SNIPPET 1000 682 SNIPPET_NOT_RELEVANT b'aef12c5a97baea7f9bfd744391588643'
ACTION SNIPPET 1000 685 SEEN_PREVIOUSLY b'f3cbf90a-d184-11e4-a62f-ee745911a4ff'
ACTION SNIPPET 1000 688 SNIPPET_RELEVANT b'90789b1a687c7d0c383b5bb7e136b7c2'
ACTION DOC 1000 708 EXAMINING_DOCUMENT b'90789b1a687c7d0c383b5bb7e136b7c2'
ACTION SNIPPET 1000 711 SEEN_PREVIOUSLY b'a9611516a7d5d6a8879608ca9fb6e7d9'
ACTION SNIPPET 1000 714 SEEN_PREVIOUSLY b'97f37b438bb3a9e1ce875256fe294e41'
ACTION SNIPPET 1000 717 SNIPPET_NOT_RELEVANT b'bc5053c2-b987-11e5-99f3-184bc379b12d'
ACTION QUERY 1000 727 email scams divorce
ACTION SERP 1000 732 EXAMINE_SERP
ACTION SNIPPET 1000 735 SNIPPET_NOT_RELEVANT b'3d3deba81ee407ce7eb0cd87d5365218'
ACTION SNIPPET 1000 738 SNIPPET_NOT_RELEVANT b'5751275ff11be8f78da9a065553e4f5e'
ACTION SNIPPET 1000 741 SEEN_PREVIOUSLY b'dd1a19c8a3b20416f1a8869b3efe7f5f'
ACTION SNIPPET 1000 744 SNIPPET_RELEVANT b'dc09e141138178ae38e652d08d5468be'
ACTION DOC 1000 764 EXAMINING_DOCUMENT b'dc09e141138178ae38e652d08d5468be'
ACTION SNIPPET 1000 767 SNIPPET_RELEVANT b'bb19bcf0-2ffc-11e1-8149-868dd2c9e12e'
ACTION DOC 1000 787 EXAMINING_DOCUMENT b'bb19bcf0-2ffc-11e1-8149-868dd2c9e12e'
ACTION SNIPPET 1000 790 SEEN_PREVIOUSLY b'f24bdad4-db49-11e1-9745-d9ae6098d493'
ACTION SNIPPET 1000 793 SEEN_PREVIOUSLY b'ce295de0-c92d-11e5-ae11-57b6aeab993f'
ACTION SNIPPET 1000 796 SNIPPET_NOT_RELEVANT b'42db429e-953d-11e6-9b7c-57290af48a49'
ACTION SNIPPET 1000 799 SNIPPET_NOT_RELEVANT b'bd19fe47aa6ce2fb991e7e6e47cbccc0'
ACTION SNIPPET 1000 802 SNIPPET_RELEVANT b'4a387f00ebc3f6ba25f06582182785f2'
ACTION DOC 1000 822 EXAMINING_DOCUMENT b'4a387f00ebc3f6ba25f06582182785f2'
ACTION MARK 1000 825 CONSIDERED_RELEVANT b'4a387f00ebc3f6ba25f06582182785f2'
ACTION QUERY 1000 835 email scams states
ACTION SERP 1000 840 EXAMINE_SERP
ACTION SNIPPET 1000 843 SNIPPET_NOT_RELEVANT b'e1a65e3e-2c60-11e3-b139-029811dbb57f'
ACTION SNIPPET 1000 846 SEEN_PREVIOUSLY b'bb19bcf0-2ffc-11e1-8149-868dd2c9e12e'
ACTION SNIPPET 1000 849 SNIPPET_NOT_RELEVANT b'1abd11cf2e16e95a2b2079114e381ae4'
ACTION SNIPPET 1000 852 SEEN_PREVIOUSLY b'dd1a19c8a3b20416f1a8869b3efe7f5f'
ACTION SNIPPET 1000 855 SNIPPET_RELEVANT b'15384738-b6e6-11e4-9423-f3d0a1ec335c'
ACTION DOC 1000 875 EXAMINING_DOCUMENT b'15384738-b6e6-11e4-9423-f3d0a1ec335c'
ACTION MARK 1000 878 CONSIDERED_RELEVANT b'15384738-b6e6-11e4-9423-f3d0a1ec335c'
ACTION SNIPPET 1000 881 SNIPPET_NOT_RELEVANT b'0e7bda42-e22b-11e5-8c00-8aa03741dced'
ACTION SNIPPET 1000 884 SNIPPET_RELEVANT b'cab64588-b868-11e3-9a05-c739f29ccb08'
ACTION DOC 1000 904 EXAMINING_DOCUMENT b'cab64588-b868-11e3-9a05-c739f29ccb08'
ACTION SNIPPET 1000 907 SEEN_PREVIOUSLY b'f24bdad4-db49-11e1-9745-d9ae6098d493'
ACTION SNIPPET 1000 910 SNIPPET_NOT_RELEVANT b'b823e914-48e3-11e4-a046-120a8a855cca'
ACTION SNIPPET 1000 913 SNIPPET_RELEVANT b'adf9b568-00e3-11e6-9d36-33d198ea26c5'
ACTION DOC 1000 933 EXAMINING_DOCUMENT b'adf9b568-00e3-11e6-9d36-33d198ea26c5'
ACTION QUERY 1000 943 email scams return
ACTION SERP 1000 948 EXAMINE_SERP
ACTION SNIPPET 1000 951 SNIPPET_NOT_RELEVANT b'4e811f8b233b561e690cdfd865e7dd26'
ACTION SNIPPET 1000 954 SNIPPET_NOT_RELEVANT b'e1a65e3e-2c60-11e3-b139-029811dbb57f'
ACTION SNIPPET 1000 957 SNIPPET_NOT_RELEVANT b'810f9dfe-0f12-11e7-9d5a-a83e627dc120'
ACTION SNIPPET 1000 960 SNIPPET_NOT_RELEVANT b'bb2e6a1a3ebf3864a1b2c2f2e59887e5'
ACTION SNIPPET 1000 963 SNIPPET_NOT_RELEVANT b'ae2636e2-5dae-11e6-8e45-477372e89d78'
ACTION SNIPPET 1000 966 SNIPPET_NOT_RELEVANT b'b823e914-48e3-11e4-a046-120a8a855cca'
ACTION SNIPPET 1000 969 SNIPPET_NOT_RELEVANT b'd085cc9c7c3c5e2d8edc6daaa26a7505'
ACTION SNIPPET 1000 972 SNIPPET_NOT_RELEVANT b'd67eb1432b1dfce683f61d75dc1d8734'
ACTION SNIPPET 1000 975 SNIPPET_RELEVANT b'bf51e2805c4d40f0d98cf8c7d25c37f1'
ACTION DOC 1000 995 EXAMINING_DOCUMENT b'bf51e2805c4d40f0d98cf8c7d25c37f1'
ACTION SNIPPET 1000 998 SEEN_PREVIOUSLY b'a9611516a7d5d6a8879608ca9fb6e7d9'
ACTION QUERY 1000 1008 email scams honest
INFO SUMMARY 
INFO TOTAL_QUERIES_ISSUED 10
INFO TOTAL_SNIPPETS_EXAMINED 90
INFO TOTAL_DOCUMENTS_EXAMINED 28
INFO TOTAL_DOCUMENTS_MARKED_RELEVANT 11
INFO TOTAL_ATTRACTIVE_SERP_IMPRESSIONS 9
INFO TOTAL_UNATTRACTIVE_SERP_IMPRESSIONS 0
