ACTION QUERY 1000 10 automobile recalls
ACTION SERP 1000 15 EXAMINE_SERP
ACTION SNIPPET 1000 18 SNIPPET_RELEVANT b'093e9464-bb47-11e3-9c3c-311301e2167d'
ACTION DOC 1000 38 EXAMINING_DOCUMENT b'093e9464-bb47-11e3-9c3c-311301e2167d'
ACTION MARK 1000 41 CONSIDERED_RELEVANT b'093e9464-bb47-11e3-9c3c-311301e2167d'
ACTION SNIPPET 1000 44 SNIPPET_RELEVANT b'17d805ec-7b6f-11e6-ac8e-cf8e0dd91dc7'
ACTION DOC 1000 64 EXAMINING_DOCUMENT b'17d805ec-7b6f-11e6-ac8e-cf8e0dd91dc7'
ACTION MARK 1000 67 CONSIDERED_RELEVANT b'17d805ec-7b6f-11e6-ac8e-cf8e0dd91dc7'
ACTION SNIPPET 1000 70 SNIPPET_NOT_RELEVANT b'1df95e04-f37a-11e4-bcc4-e8141e5eb0c9'
ACTION SNIPPET 1000 73 SNIPPET_RELEVANT b'825e3048-80cf-11e6-8327-f141a7beb626'
ACTION DOC 1000 93 EXAMINING_DOCUMENT b'825e3048-80cf-11e6-8327-f141a7beb626'
ACTION SNIPPET 1000 96 SNIPPET_RELEVANT b'4167cbfc293495fffb36cb2e764d7ebc'
ACTION DOC 1000 116 EXAMINING_DOCUMENT b'4167cbfc293495fffb36cb2e764d7ebc'
ACTION MARK 1000 119 CONSIDERED_RELEVANT b'4167cbfc293495fffb36cb2e764d7ebc'
ACTION SNIPPET 1000 122 SNIPPET_RELEVANT b'4c0fa346afb21b9f7bf7afe1dc17292c'
ACTION DOC 1000 142 EXAMINING_DOCUMENT b'4c0fa346afb21b9f7bf7afe1dc17292c'
ACTION MARK 1000 145 CONSIDERED_RELEVANT b'4c0fa346afb21b9f7bf7afe1dc17292c'
ACTION SNIPPET 1000 148 SNIPPET_NOT_RELEVANT b'52b0fdb8-c463-11e5-9693-933a4d31bcc8'
ACTION SNIPPET 1000 151 SNIPPET_RELEVANT b'8da5e260ea06521a83251f89afa5b893'
ACTION DOC 1000 171 EXAMINING_DOCUMENT b'8da5e260ea06521a83251f89afa5b893'
ACTION MARK 1000 174 CONSIDERED_RELEVANT b'8da5e260ea06521a83251f89afa5b893'
ACTION SNIPPET 1000 177 SNIPPET_RELEVANT b'8e6b8110-79dd-11e4-84d4-7c896b90abdc'
ACTION DOC 1000 197 EXAMINING_DOCUMENT b'8e6b8110-79dd-11e4-84d4-7c896b90abdc'
ACTION MARK 1000 200 CONSIDERED_RELEVANT b'8e6b8110-79dd-11e4-84d4-7c896b90abdc'
ACTION SNIPPET 1000 203 SNIPPET_RELEVANT b'75623e70-f9ad-11e4-9030-b4732caefe81'
ACTION DOC 1000 223 EXAMINING_DOCUMENT b'75623e70-f9ad-11e4-9030-b4732caefe81'
ACTION MARK 1000 226 CONSIDERED_RELEVANT b'75623e70-f9ad-11e4-9030-b4732caefe81'
ACTION QUERY 1000 236 automobile recalls air
ACTION SERP 1000 241 EXAMINE_SERP
ACTION SNIPPET 1000 244 SNIPPET_NOT_RELEVANT b'52b0fdb8-c463-11e5-9693-933a4d31bcc8'
ACTION SNIPPET 1000 247 SNIPPET_RELEVANT b'a68b2760-6f7d-11e4-893f-86bd390a3340'
ACTION DOC 1000 267 EXAMINING_DOCUMENT b'a68b2760-6f7d-11e4-893f-86bd390a3340'
ACTION MARK 1000 270 CONSIDERED_RELEVANT b'a68b2760-6f7d-11e4-893f-86bd390a3340'
ACTION SNIPPET 1000 273 SNIPPET_RELEVANT b'5027abfc-78cb-11e5-a958-d889faf561dc'
ACTION DOC 1000 293 EXAMINING_DOCUMENT b'5027abfc-78cb-11e5-a958-d889faf561dc'
ACTION MARK 1000 296 CONSIDERED_RELEVANT b'5027abfc-78cb-11e5-a958-d889faf561dc'
ACTION SNIPPET 1000 299 SNIPPET_RELEVANT b'e2c9e3f4-7b14-11e4-b821-503cc7efed9e'
ACTION DOC 1000 319 EXAMINING_DOCUMENT b'e2c9e3f4-7b14-11e4-b821-503cc7efed9e'
ACTION MARK 1000 322 CONSIDERED_RELEVANT b'e2c9e3f4-7b14-11e4-b821-503cc7efed9e'
ACTION SNIPPET 1000 325 SNIPPET_RELEVANT b'db63cb9e-d359-11e6-945a-76f69a399dd5'
ACTION DOC 1000 345 EXAMINING_DOCUMENT b'db63cb9e-d359-11e6-945a-76f69a399dd5'
ACTION MARK 1000 348 CONSIDERED_RELEVANT b'db63cb9e-d359-11e6-945a-76f69a399dd5'
ACTION SNIPPET 1000 351 SNIPPET_RELEVANT b'563fb77e-024f-11e6-9203-7b8670959b88'
ACTION DOC 1000 371 EXAMINING_DOCUMENT b'563fb77e-024f-11e6-9203-7b8670959b88'
ACTION MARK 1000 374 CONSIDERED_RELEVANT b'563fb77e-024f-11e6-9203-7b8670959b88'
ACTION SNIPPET 1000 377 SNIPPET_RELEVANT b'afd6953a-8246-11e4-9f38-95a187e4c1f7'
ACTION DOC 1000 397 EXAMINING_DOCUMENT b'afd6953a-8246-11e4-9f38-95a187e4c1f7'
ACTION MARK 1000 400 CONSIDERED_RELEVANT b'afd6953a-8246-11e4-9f38-95a187e4c1f7'
ACTION SNIPPET 1000 403 SNIPPET_RELEVANT b'703d696d5d270ec65278750bfa8e2a19'
ACTION DOC 1000 423 EXAMINING_DOCUMENT b'703d696d5d270ec65278750bfa8e2a19'
ACTION MARK 1000 426 CONSIDERED_RELEVANT b'703d696d5d270ec65278750bfa8e2a19'
ACTION SNIPPET 1000 429 SNIPPET_NOT_RELEVANT b'1df95e04-f37a-11e4-bcc4-e8141e5eb0c9'
ACTION SNIPPET 1000 432 SNIPPET_RELEVANT b'c2beeeda-b6c3-11e3-a7c6-70cf2db17781'
ACTION DOC 1000 452 EXAMINING_DOCUMENT b'c2beeeda-b6c3-11e3-a7c6-70cf2db17781'
ACTION MARK 1000 455 CONSIDERED_RELEVANT b'c2beeeda-b6c3-11e3-a7c6-70cf2db17781'
ACTION QUERY 1000 465 automobile recalls begin
ACTION SERP 1000 470 EXAMINE_SERP
ACTION SNIPPET 1000 473 SNIPPET_NOT_RELEVANT b'ca5429d8-37a7-11e5-9d0f-7865a67390ee'
ACTION SNIPPET 1000 476 SNIPPET_RELEVANT b'0340bb48-2692-11e5-aae2-6c4f59b050aa'
ACTION DOC 1000 496 EXAMINING_DOCUMENT b'0340bb48-2692-11e5-aae2-6c4f59b050aa'
ACTION MARK 1000 499 CONSIDERED_RELEVANT b'0340bb48-2692-11e5-aae2-6c4f59b050aa'
ACTION SNIPPET 1000 502 SNIPPET_RELEVANT b'1df95e04-f37a-11e4-bcc4-e8141e5eb0c9'
ACTION DOC 1000 522 EXAMINING_DOCUMENT b'1df95e04-f37a-11e4-bcc4-e8141e5eb0c9'
ACTION SNIPPET 1000 525 SEEN_PREVIOUSLY b'825e3048-80cf-11e6-8327-f141a7beb626'
ACTION SNIPPET 1000 528 SNIPPET_RELEVANT b'ab10bb93dde75fa6ebebe2740b30a94d'
ACTION DOC 1000 548 EXAMINING_DOCUMENT b'ab10bb93dde75fa6ebebe2740b30a94d'
ACTION MARK 1000 551 CONSIDERED_RELEVANT b'ab10bb93dde75fa6ebebe2740b30a94d'
ACTION SNIPPET 1000 554 SNIPPET_RELEVANT b'52b0fdb8-c463-11e5-9693-933a4d31bcc8'
ACTION DOC 1000 574 EXAMINING_DOCUMENT b'52b0fdb8-c463-11e5-9693-933a4d31bcc8'
ACTION SNIPPET 1000 577 SNIPPET_RELEVANT b'64d96172-95ed-11e1-a17e-3e4d0e03fb4a'
ACTION DOC 1000 597 EXAMINING_DOCUMENT b'64d96172-95ed-11e1-a17e-3e4d0e03fb4a'
ACTION SNIPPET 1000 600 SNIPPET_RELEVANT b'f3ce296c-847a-11e3-9dd4-e7278db80d86'
ACTION DOC 1000 620 EXAMINING_DOCUMENT b'f3ce296c-847a-11e3-9dd4-e7278db80d86'
ACTION SNIPPET 1000 623 SNIPPET_NOT_RELEVANT b'a9b8ff24-aba7-11e3-b8ca-197ef3568958'
ACTION SNIPPET 1000 626 SNIPPET_NOT_RELEVANT b'e6215934-169b-11e4-9349-84d4a85be981'
ACTION QUERY 1000 636 automobile recalls released
ACTION SERP 1000 641 EXAMINE_SERP
ACTION SNIPPET 1000 644 SNIPPET_RELEVANT b'2d296adc-7043-11e4-893f-86bd390a3340'
ACTION DOC 1000 664 EXAMINING_DOCUMENT b'2d296adc-7043-11e4-893f-86bd390a3340'
ACTION MARK 1000 667 CONSIDERED_RELEVANT b'2d296adc-7043-11e4-893f-86bd390a3340'
ACTION SNIPPET 1000 670 SEEN_PREVIOUSLY b'52b0fdb8-c463-11e5-9693-933a4d31bcc8'
ACTION SNIPPET 1000 673 SNIPPET_RELEVANT b'2706560e-4de8-11e6-a422-83ab49ed5e6a'
ACTION DOC 1000 693 EXAMINING_DOCUMENT b'2706560e-4de8-11e6-a422-83ab49ed5e6a'
ACTION MARK 1000 696 CONSIDERED_RELEVANT b'2706560e-4de8-11e6-a422-83ab49ed5e6a'
ACTION SNIPPET 1000 699 SNIPPET_RELEVANT b'6b630a78-be3f-11e6-94ac-3d324840106c'
ACTION DOC 1000 719 EXAMINING_DOCUMENT b'6b630a78-be3f-11e6-94ac-3d324840106c'
ACTION MARK 1000 722 CONSIDERED_RELEVANT b'6b630a78-be3f-11e6-94ac-3d324840106c'
ACTION SNIPPET 1000 725 SNIPPET_RELEVANT b'47008c87fd4d5bc0af1965c66305745c'
ACTION DOC 1000 745 EXAMINING_DOCUMENT b'47008c87fd4d5bc0af1965c66305745c'
ACTION MARK 1000 748 CONSIDERED_RELEVANT b'47008c87fd4d5bc0af1965c66305745c'
ACTION SNIPPET 1000 751 SNIPPET_NOT_RELEVANT b'9f6dd8fbecbfb998d5a2887d15721efc'
ACTION SNIPPET 1000 754 SNIPPET_RELEVANT b'c7546774-aafe-11e4-abe8-e1ef60ca26de'
ACTION DOC 1000 774 EXAMINING_DOCUMENT b'c7546774-aafe-11e4-abe8-e1ef60ca26de'
ACTION MARK 1000 777 CONSIDERED_RELEVANT b'c7546774-aafe-11e4-abe8-e1ef60ca26de'
ACTION SNIPPET 1000 780 SNIPPET_RELEVANT b'0529d9ac-fe52-11e4-805c-c3f407e5a9e9'
ACTION DOC 1000 800 EXAMINING_DOCUMENT b'0529d9ac-fe52-11e4-805c-c3f407e5a9e9'
ACTION MARK 1000 803 CONSIDERED_RELEVANT b'0529d9ac-fe52-11e4-805c-c3f407e5a9e9'
ACTION SNIPPET 1000 806 SNIPPET_RELEVANT b'2f8c36f4-121a-11e6-8967-7ac733c56f12'
ACTION DOC 1000 826 EXAMINING_DOCUMENT b'2f8c36f4-121a-11e6-8967-7ac733c56f12'
ACTION MARK 1000 829 CONSIDERED_RELEVANT b'2f8c36f4-121a-11e6-8967-7ac733c56f12'
ACTION SNIPPET 1000 832 SNIPPET_RELEVANT b'2c65470a-5acd-11e4-b812-38518ae74c67'
ACTION DOC 1000 852 EXAMINING_DOCUMENT b'2c65470a-5acd-11e4-b812-38518ae74c67'
ACTION MARK 1000 855 CONSIDERED_RELEVANT b'2c65470a-5acd-11e4-b812-38518ae74c67'
ACTION QUERY 1000 865 automobile recalls states
ACTION SERP 1000 870 EXAMINE_SERP
ACTION SNIPPET 1000 873 SNIPPET_RELEVANT b'32b3e5d3d20b84f9a417d2d811291d65'
ACTION DOC 1000 893 EXAMINING_DOCUMENT b'32b3e5d3d20b84f9a417d2d811291d65'
ACTION MARK 1000 896 CONSIDERED_RELEVANT b'32b3e5d3d20b84f9a417d2d811291d65'
ACTION SNIPPET 1000 899 SEEN_PREVIOUSLY b'52b0fdb8-c463-11e5-9693-933a4d31bcc8'
ACTION SNIPPET 1000 902 SNIPPET_RELEVANT b'f52507fe-c736-11e4-aa1a-86135599fb0f'
ACTION DOC 1000 922 EXAMINING_DOCUMENT b'f52507fe-c736-11e4-aa1a-86135599fb0f'
ACTION SNIPPET 1000 925 SNIPPET_RELEVANT b'f19899fe-fe66-11e4-8b6c-0dcce21e223d'
ACTION DOC 1000 945 EXAMINING_DOCUMENT b'f19899fe-fe66-11e4-8b6c-0dcce21e223d'
ACTION MARK 1000 948 CONSIDERED_RELEVANT b'f19899fe-fe66-11e4-8b6c-0dcce21e223d'
ACTION SNIPPET 1000 951 SNIPPET_RELEVANT b'd82f2d50-240a-11e6-9e7f-57890b612299'
ACTION DOC 1000 971 EXAMINING_DOCUMENT b'd82f2d50-240a-11e6-9e7f-57890b612299'
ACTION MARK 1000 974 CONSIDERED_RELEVANT b'd82f2d50-240a-11e6-9e7f-57890b612299'
ACTION SNIPPET 1000 977 SNIPPET_RELEVANT b'a7641aaa-3ef9-11e6-80bc-d06711fd2125'
ACTION DOC 1000 997 EXAMINING_DOCUMENT b'a7641aaa-3ef9-11e6-80bc-d06711fd2125'
ACTION MARK 1000 1000 CONSIDERED_RELEVANT b'a7641aaa-3ef9-11e6-80bc-d06711fd2125'
INFO SUMMARY 
INFO TOTAL_QUERIES_ISSUED 5
INFO TOTAL_SNIPPETS_EXAMINED 46
INFO TOTAL_DOCUMENTS_EXAMINED 35
INFO TOTAL_DOCUMENTS_MARKED_RELEVANT 29
INFO TOTAL_ATTRACTIVE_SERP_IMPRESSIONS 5
INFO TOTAL_UNATTRACTIVE_SERP_IMPRESSIONS 0
