ACTION QUERY 1000 10 transportation tunnel disasters
ACTION SERP 1000 15 EXAMINE_SERP
ACTION SNIPPET 1000 18 SNIPPET_RELEVANT b'60c539a6-9b2d-11e4-a7ee-526210d665b4'
ACTION DOC 1000 38 EXAMINING_DOCUMENT b'60c539a6-9b2d-11e4-a7ee-526210d665b4'
ACTION MARK 1000 41 CONSIDERED_RELEVANT b'60c539a6-9b2d-11e4-a7ee-526210d665b4'
ACTION SNIPPET 1000 44 SNIPPET_RELEVANT b'4398c84e-81da-11e6-a52d-9a865a0ed0d4'
ACTION DOC 1000 64 EXAMINING_DOCUMENT b'4398c84e-81da-11e6-a52d-9a865a0ed0d4'
ACTION MARK 1000 67 CONSIDERED_RELEVANT b'4398c84e-81da-11e6-a52d-9a865a0ed0d4'
ACTION SNIPPET 1000 70 SNIPPET_NOT_RELEVANT b'61d983e5a1fe6acdaa6396cba48a1cdb'
ACTION SNIPPET 1000 73 SNIPPET_RELEVANT b'2686c2d4-2b2c-11e5-bd33-395c05608059'
ACTION DOC 1000 93 EXAMINING_DOCUMENT b'2686c2d4-2b2c-11e5-bd33-395c05608059'
ACTION SNIPPET 1000 96 SNIPPET_NOT_RELEVANT b'f34b7bd8004c900a605cdc9d353bac8c'
ACTION SNIPPET 1000 99 SNIPPET_RELEVANT b'050aa508-a0e9-11e4-b146-577832eafcb4'
ACTION DOC 1000 119 EXAMINING_DOCUMENT b'050aa508-a0e9-11e4-b146-577832eafcb4'
ACTION MARK 1000 122 CONSIDERED_RELEVANT b'050aa508-a0e9-11e4-b146-577832eafcb4'
ACTION SNIPPET 1000 125 SNIPPET_NOT_RELEVANT b'4b6b7f53d12e7b327c53eea0f41a67b2'
ACTION SNIPPET 1000 128 SNIPPET_RELEVANT b'19d1b0803c05919bcd72c6888d4c9a55'
ACTION DOC 1000 148 EXAMINING_DOCUMENT b'19d1b0803c05919bcd72c6888d4c9a55'
ACTION SNIPPET 1000 151 SNIPPET_RELEVANT b'2f6f275e-dfe2-11e5-8d98-4b3d9215ade1'
ACTION DOC 1000 171 EXAMINING_DOCUMENT b'2f6f275e-dfe2-11e5-8d98-4b3d9215ade1'
ACTION MARK 1000 174 CONSIDERED_RELEVANT b'2f6f275e-dfe2-11e5-8d98-4b3d9215ade1'
ACTION SNIPPET 1000 177 SNIPPET_RELEVANT b'da62e630-423f-11e7-8c25-44d09ff5a4a8'
ACTION DOC 1000 197 EXAMINING_DOCUMENT b'da62e630-423f-11e7-8c25-44d09ff5a4a8'
ACTION MARK 1000 200 CONSIDERED_RELEVANT b'da62e630-423f-11e7-8c25-44d09ff5a4a8'
ACTION QUERY 1000 210 transportation tunnel disasters leave
ACTION SERP 1000 215 EXAMINE_SERP
ACTION SNIPPET 1000 218 SNIPPET_NOT_RELEVANT b'33df9b52-6d32-11e5-aa5b-f78a98956699'
ACTION SNIPPET 1000 221 SNIPPET_RELEVANT b'e28202e61ad3bfba1d2e46375c3fbe4e'
ACTION DOC 1000 241 EXAMINING_DOCUMENT b'e28202e61ad3bfba1d2e46375c3fbe4e'
ACTION MARK 1000 244 CONSIDERED_RELEVANT b'e28202e61ad3bfba1d2e46375c3fbe4e'
ACTION SNIPPET 1000 247 SNIPPET_RELEVANT b'e6d632bfd5ed6ed296d5535c4cc203ac'
ACTION DOC 1000 267 EXAMINING_DOCUMENT b'e6d632bfd5ed6ed296d5535c4cc203ac'
ACTION MARK 1000 270 CONSIDERED_RELEVANT b'e6d632bfd5ed6ed296d5535c4cc203ac'
ACTION SNIPPET 1000 273 SNIPPET_RELEVANT b'd6969ee6-9c30-11e4-96cc-e858eba91ced'
ACTION DOC 1000 293 EXAMINING_DOCUMENT b'd6969ee6-9c30-11e4-96cc-e858eba91ced'
ACTION MARK 1000 296 CONSIDERED_RELEVANT b'd6969ee6-9c30-11e4-96cc-e858eba91ced'
ACTION SNIPPET 1000 299 SNIPPET_NOT_RELEVANT b'363aceb8-5769-11e1-826c-a73fe4fb4eef'
ACTION SNIPPET 1000 302 SNIPPET_RELEVANT b'fc959eee-4468-11e6-bc99-7d269f8719b1'
ACTION DOC 1000 322 EXAMINING_DOCUMENT b'fc959eee-4468-11e6-bc99-7d269f8719b1'
ACTION MARK 1000 325 CONSIDERED_RELEVANT b'fc959eee-4468-11e6-bc99-7d269f8719b1'
ACTION SNIPPET 1000 328 SNIPPET_NOT_RELEVANT b'2846a41c-c6aa-11e5-b933-31c93021392a'
ACTION SNIPPET 1000 331 SNIPPET_NOT_RELEVANT b'61d983e5a1fe6acdaa6396cba48a1cdb'
ACTION SNIPPET 1000 334 SEEN_PREVIOUSLY b'2686c2d4-2b2c-11e5-bd33-395c05608059'
ACTION SNIPPET 1000 337 SNIPPET_NOT_RELEVANT b'f34b7bd8004c900a605cdc9d353bac8c'
ACTION QUERY 1000 347 transportation tunnel disasters lenfant
ACTION SERP 1000 352 EXAMINE_SERP
ACTION SNIPPET 1000 355 SNIPPET_NOT_RELEVANT b'2846a41c-c6aa-11e5-b933-31c93021392a'
ACTION SNIPPET 1000 358 SNIPPET_NOT_RELEVANT b'ba652ec4-55ef-11e2-a613-ec8d394535c6'
ACTION SNIPPET 1000 361 SNIPPET_RELEVANT b'd4a528b4e70340a7da0f14fa08346dd9'
ACTION DOC 1000 381 EXAMINING_DOCUMENT b'd4a528b4e70340a7da0f14fa08346dd9'
ACTION MARK 1000 384 CONSIDERED_RELEVANT b'd4a528b4e70340a7da0f14fa08346dd9'
ACTION SNIPPET 1000 387 SNIPPET_RELEVANT b'1d294eee063e67ff773606f709fc6a2e'
ACTION DOC 1000 407 EXAMINING_DOCUMENT b'1d294eee063e67ff773606f709fc6a2e'
ACTION MARK 1000 410 CONSIDERED_RELEVANT b'1d294eee063e67ff773606f709fc6a2e'
ACTION SNIPPET 1000 413 SNIPPET_NOT_RELEVANT b'0a787bf6-bbaa-11e4-8668-4e7ba8439ca6'
ACTION SNIPPET 1000 416 SNIPPET_RELEVANT b'8037e78c-de99-11e6-8902-610fe486791c'
ACTION DOC 1000 436 EXAMINING_DOCUMENT b'8037e78c-de99-11e6-8902-610fe486791c'
ACTION SNIPPET 1000 439 SNIPPET_RELEVANT b'5c28c1e0-d555-11e3-aae8-c2d44bd79778'
ACTION DOC 1000 459 EXAMINING_DOCUMENT b'5c28c1e0-d555-11e3-aae8-c2d44bd79778'
ACTION SNIPPET 1000 462 SNIPPET_RELEVANT b'961d4aa2195b40be9645cd50a835b05c'
ACTION DOC 1000 482 EXAMINING_DOCUMENT b'961d4aa2195b40be9645cd50a835b05c'
ACTION SNIPPET 1000 485 SNIPPET_NOT_RELEVANT b'625def3f07d2b8fbbd6e47356ee7aee2'
ACTION SNIPPET 1000 488 SNIPPET_NOT_RELEVANT b'5fa26db1c4539cb5becc98b729b9dd57'
ACTION QUERY 1000 498 transportation tunnel disasters pulled
ACTION SERP 1000 503 EXAMINE_SERP
ACTION SNIPPET 1000 506 SNIPPET_NOT_RELEVANT b'2846a41c-c6aa-11e5-b933-31c93021392a'
ACTION SNIPPET 1000 509 SNIPPET_RELEVANT b'0a787bf6-bbaa-11e4-8668-4e7ba8439ca6'
ACTION DOC 1000 529 EXAMINING_DOCUMENT b'0a787bf6-bbaa-11e4-8668-4e7ba8439ca6'
ACTION SNIPPET 1000 532 SNIPPET_NOT_RELEVANT b'cd75414c-f604-11e2-a2f1-a7acf9bd5d3a'
ACTION SNIPPET 1000 535 SNIPPET_NOT_RELEVANT b'ba652ec4-55ef-11e2-a613-ec8d394535c6'
ACTION SNIPPET 1000 538 SNIPPET_RELEVANT b'b4a6ba6be28c9f69c2fd61f81c9578c3'
ACTION DOC 1000 558 EXAMINING_DOCUMENT b'b4a6ba6be28c9f69c2fd61f81c9578c3'
ACTION MARK 1000 561 CONSIDERED_RELEVANT b'b4a6ba6be28c9f69c2fd61f81c9578c3'
ACTION SNIPPET 1000 564 SNIPPET_RELEVANT b'0fa787e8-6d3d-11e6-8365-b19e428a975e'
ACTION DOC 1000 584 EXAMINING_DOCUMENT b'0fa787e8-6d3d-11e6-8365-b19e428a975e'
ACTION SNIPPET 1000 587 SNIPPET_RELEVANT b'55da191522a489fff49b1662b7ba7144'
ACTION DOC 1000 607 EXAMINING_DOCUMENT b'55da191522a489fff49b1662b7ba7144'
ACTION MARK 1000 610 CONSIDERED_RELEVANT b'55da191522a489fff49b1662b7ba7144'
ACTION SNIPPET 1000 613 SNIPPET_RELEVANT b'57bf13eab9a6d26b132d6cd16d21e5fa'
ACTION DOC 1000 633 EXAMINING_DOCUMENT b'57bf13eab9a6d26b132d6cd16d21e5fa'
ACTION MARK 1000 636 CONSIDERED_RELEVANT b'57bf13eab9a6d26b132d6cd16d21e5fa'
ACTION SNIPPET 1000 639 SNIPPET_RELEVANT b'1d35ea08-d787-11e6-a0e6-d502d6751bc8'
ACTION DOC 1000 659 EXAMINING_DOCUMENT b'1d35ea08-d787-11e6-a0e6-d502d6751bc8'
ACTION MARK 1000 662 CONSIDERED_RELEVANT b'1d35ea08-d787-11e6-a0e6-d502d6751bc8'
ACTION SNIPPET 1000 665 SNIPPET_RELEVANT b'4354d59c8716e8cada3e01167cbc6e1f'
ACTION DOC 1000 685 EXAMINING_DOCUMENT b'4354d59c8716e8cada3e01167cbc6e1f'
ACTION MARK 1000 688 CONSIDERED_RELEVANT b'4354d59c8716e8cada3e01167cbc6e1f'
ACTION QUERY 1000 698 transportation tunnel disasters close
ACTION SERP 1000 703 EXAMINE_SERP
ACTION SNIPPET 1000 706 SNIPPET_RELEVANT b'9ed1237e-9c2f-11e4-bcfb-059ec7a93ddc'
ACTION DOC 1000 726 EXAMINING_DOCUMENT b'9ed1237e-9c2f-11e4-bcfb-059ec7a93ddc'
ACTION MARK 1000 729 CONSIDERED_RELEVANT b'9ed1237e-9c2f-11e4-bcfb-059ec7a93ddc'
ACTION SNIPPET 1000 732 SNIPPET_NOT_RELEVANT b'9533ebfe-d42b-11e1-829d-8eedd9e3ac96'
ACTION SNIPPET 1000 735 SNIPPET_NOT_RELEVANT b'2846a41c-c6aa-11e5-b933-31c93021392a'
ACTION SNIPPET 1000 738 SNIPPET_NOT_RELEVANT b'ba652ec4-55ef-11e2-a613-ec8d394535c6'
ACTION SNIPPET 1000 741 SNIPPET_RELEVANT b'9c491ad8-b21b-11e4-827f-93f454140e2b'
ACTION DOC 1000 761 EXAMINING_DOCUMENT b'9c491ad8-b21b-11e4-827f-93f454140e2b'
ACTION MARK 1000 764 CONSIDERED_RELEVANT b'9c491ad8-b21b-11e4-827f-93f454140e2b'
ACTION SNIPPET 1000 767 SNIPPET_RELEVANT b'db8d3474-1ab0-11e5-ab92-c75ae6ab94b5'
ACTION DOC 1000 787 EXAMINING_DOCUMENT b'db8d3474-1ab0-11e5-ab92-c75ae6ab94b5'
ACTION MARK 1000 790 CONSIDERED_RELEVANT b'db8d3474-1ab0-11e5-ab92-c75ae6ab94b5'
ACTION SNIPPET 1000 793 SNIPPET_RELEVANT b'eb65241e-1bfb-11e5-93b7-5eddc056ad8a'
ACTION DOC 1000 813 EXAMINING_DOCUMENT b'eb65241e-1bfb-11e5-93b7-5eddc056ad8a'
ACTION MARK 1000 816 CONSIDERED_RELEVANT b'eb65241e-1bfb-11e5-93b7-5eddc056ad8a'
ACTION SNIPPET 1000 819 SNIPPET_RELEVANT b'0d337920-4f67-11e6-a422-83ab49ed5e6a'
ACTION DOC 1000 839 EXAMINING_DOCUMENT b'0d337920-4f67-11e6-a422-83ab49ed5e6a'
ACTION MARK 1000 842 CONSIDERED_RELEVANT b'0d337920-4f67-11e6-a422-83ab49ed5e6a'
ACTION SNIPPET 1000 845 SNIPPET_RELEVANT b'1884da66-190e-11e5-93b7-5eddc056ad8a'
ACTION DOC 1000 865 EXAMINING_DOCUMENT b'1884da66-190e-11e5-93b7-5eddc056ad8a'
ACTION MARK 1000 868 CONSIDERED_RELEVANT b'1884da66-190e-11e5-93b7-5eddc056ad8a'
ACTION SNIPPET 1000 871 SNIPPET_RELEVANT b'a25a286c-eaf6-11e5-b0fd-073d5930a7b7'
ACTION DOC 1000 891 EXAMINING_DOCUMENT b'a25a286c-eaf6-11e5-b0fd-073d5930a7b7'
ACTION MARK 1000 894 CONSIDERED_RELEVANT b'a25a286c-eaf6-11e5-b0fd-073d5930a7b7'
ACTION QUERY 1000 904 transportation tunnel disasters states
ACTION SERP 1000 909 EXAMINE_SERP
ACTION SNIPPET 1000 912 SNIPPET_NOT_RELEVANT b'ba652ec4-55ef-11e2-a613-ec8d394535c6'
ACTION SNIPPET 1000 915 SNIPPET_RELEVANT b'93952654-9c4d-11e4-a7ee-526210d665b4'
ACTION DOC 1000 935 EXAMINING_DOCUMENT b'93952654-9c4d-11e4-a7ee-526210d665b4'
ACTION MARK 1000 938 CONSIDERED_RELEVANT b'93952654-9c4d-11e4-a7ee-526210d665b4'
ACTION SNIPPET 1000 941 SNIPPET_NOT_RELEVANT b'b2218560c3c32bc3da4da051a0544ee8'
ACTION SNIPPET 1000 944 SEEN_PREVIOUSLY b'0fa787e8-6d3d-11e6-8365-b19e428a975e'
ACTION SNIPPET 1000 947 SNIPPET_RELEVANT b'a20e6f36-d8d4-11e6-9f9f-5cdb4b7f8dd7'
ACTION DOC 1000 967 EXAMINING_DOCUMENT b'a20e6f36-d8d4-11e6-9f9f-5cdb4b7f8dd7'
ACTION SNIPPET 1000 970 SNIPPET_RELEVANT b'e074c296-3b9c-11e1-9ff8-fab9392b31bf'
ACTION DOC 1000 990 EXAMINING_DOCUMENT b'e074c296-3b9c-11e1-9ff8-fab9392b31bf'
ACTION SNIPPET 1000 993 SNIPPET_RELEVANT b'253c7a6e-0a2d-11e6-a6b6-2e6de3695b0e'
ACTION DOC 1000 1013 EXAMINING_DOCUMENT b'253c7a6e-0a2d-11e6-a6b6-2e6de3695b0e'
INFO SUMMARY 
INFO TOTAL_QUERIES_ISSUED 6
INFO TOTAL_SNIPPETS_EXAMINED 57
INFO TOTAL_DOCUMENTS_EXAMINED 34
INFO TOTAL_DOCUMENTS_MARKED_RELEVANT 25
INFO TOTAL_ATTRACTIVE_SERP_IMPRESSIONS 6
INFO TOTAL_UNATTRACTIVE_SERP_IMPRESSIONS 0
