ACTION QUERY 1000 10 mercy killing
ACTION SERP 1000 15 EXAMINE_SERP
ACTION SNIPPET 1000 18 SNIPPET_NOT_RELEVANT b'5029e608b955d56e3efb167ebf2a516b'
ACTION SNIPPET 1000 21 SNIPPET_NOT_RELEVANT b'30ce3bae124447f415898b4436ca904e'
ACTION SNIPPET 1000 24 SNIPPET_NOT_RELEVANT b'a25977984dc43a81a4fe0e05a8db287d'
ACTION SNIPPET 1000 27 SNIPPET_RELEVANT b'70e1545dec7e946173c07bbb1ac1d88c'
ACTION DOC 1000 47 EXAMINING_DOCUMENT b'70e1545dec7e946173c07bbb1ac1d88c'
ACTION SNIPPET 1000 50 SNIPPET_NOT_RELEVANT b'52a93cc17548cd68b96ecbd1891d204a'
ACTION SNIPPET 1000 53 SNIPPET_RELEVANT b'86dfd7666339d9192008119ec896a1ab'
ACTION DOC 1000 73 EXAMINING_DOCUMENT b'86dfd7666339d9192008119ec896a1ab'
ACTION SNIPPET 1000 76 SNIPPET_RELEVANT b'f1fdeace2fd2d134bc396da79d8b4278'
ACTION DOC 1000 96 EXAMINING_DOCUMENT b'f1fdeace2fd2d134bc396da79d8b4278'
ACTION MARK 1000 99 CONSIDERED_RELEVANT b'f1fdeace2fd2d134bc396da79d8b4278'
ACTION SNIPPET 1000 102 SNIPPET_RELEVANT b'0cee0a18378f52c102bb2ae24c3de75a'
ACTION DOC 1000 122 EXAMINING_DOCUMENT b'0cee0a18378f52c102bb2ae24c3de75a'
ACTION SNIPPET 1000 125 SNIPPET_NOT_RELEVANT b'73619882c614a987f9b2057960b30867'
ACTION SNIPPET 1000 128 SNIPPET_NOT_RELEVANT b'99a71acce12dada1ff1368e74f5672d0'
ACTION QUERY 1000 138 mercy killing lance
ACTION SERP 1000 143 EXAMINE_SERP
ACTION SNIPPET 1000 146 SNIPPET_NOT_RELEVANT b'b80017db40ebd3723ea2d94b76cb95c2'
ACTION SNIPPET 1000 149 SNIPPET_RELEVANT b'd0a9e8857fe216b62df672638e938927'
ACTION DOC 1000 169 EXAMINING_DOCUMENT b'd0a9e8857fe216b62df672638e938927'
ACTION SNIPPET 1000 172 SNIPPET_NOT_RELEVANT b'e173d98274b3304f5acc6d5d2386591f'
ACTION SNIPPET 1000 175 SNIPPET_NOT_RELEVANT b'0ca434bf2e4dd933b5f6df75222cb054'
ACTION SNIPPET 1000 178 SNIPPET_NOT_RELEVANT b'bc3b3898-ada6-11e6-977a-1030f822fc35'
ACTION SNIPPET 1000 181 SNIPPET_RELEVANT b'5029e608b955d56e3efb167ebf2a516b'
ACTION DOC 1000 201 EXAMINING_DOCUMENT b'5029e608b955d56e3efb167ebf2a516b'
ACTION SNIPPET 1000 204 SNIPPET_NOT_RELEVANT b'fe6131e94c2fc93a6041e3714359d41c'
ACTION SNIPPET 1000 207 SNIPPET_NOT_RELEVANT b'56231d1434723ca983644c9fc99e576c'
ACTION SNIPPET 1000 210 SNIPPET_NOT_RELEVANT b'd1488ede9c0823d87075dc10a5c1db54'
ACTION SNIPPET 1000 213 SNIPPET_NOT_RELEVANT b'30ce3bae124447f415898b4436ca904e'
ACTION QUERY 1000 223 mercy killing save
ACTION SERP 1000 228 EXAMINE_SERP
ACTION SNIPPET 1000 231 SNIPPET_NOT_RELEVANT b'30ce3bae124447f415898b4436ca904e'
ACTION SNIPPET 1000 234 SEEN_PREVIOUSLY b'0cee0a18378f52c102bb2ae24c3de75a'
ACTION SNIPPET 1000 237 SEEN_PREVIOUSLY b'70e1545dec7e946173c07bbb1ac1d88c'
ACTION SNIPPET 1000 240 SEEN_PREVIOUSLY b'86dfd7666339d9192008119ec896a1ab'
ACTION SNIPPET 1000 243 SNIPPET_NOT_RELEVANT b'19f966b6-1a23-11e6-aa55-670cabef46e0'
ACTION SNIPPET 1000 246 SNIPPET_RELEVANT b'72d0e698-f74f-11e5-9804-537defcc3cf6'
ACTION DOC 1000 266 EXAMINING_DOCUMENT b'72d0e698-f74f-11e5-9804-537defcc3cf6'
ACTION SNIPPET 1000 269 SNIPPET_NOT_RELEVANT b'ca214c26-ffff-11e1-bbf0-e33b4ee2f0e8'
ACTION SNIPPET 1000 272 SNIPPET_RELEVANT b'96e05940-a7f6-11e5-8058-480b572b4aae'
ACTION DOC 1000 292 EXAMINING_DOCUMENT b'96e05940-a7f6-11e5-8058-480b572b4aae'
ACTION SNIPPET 1000 295 SEEN_PREVIOUSLY b'5029e608b955d56e3efb167ebf2a516b'
ACTION SNIPPET 1000 298 SNIPPET_RELEVANT b'e88b1a7e-b40f-11e2-9fb1-62de9581c946'
ACTION DOC 1000 318 EXAMINING_DOCUMENT b'e88b1a7e-b40f-11e2-9fb1-62de9581c946'
ACTION QUERY 1000 328 mercy killing meaning
ACTION SERP 1000 333 EXAMINE_SERP
ACTION SNIPPET 1000 336 SEEN_PREVIOUSLY b'5029e608b955d56e3efb167ebf2a516b'
ACTION SNIPPET 1000 339 SNIPPET_RELEVANT b'075af374d9840357648f4a67acba92a8'
ACTION DOC 1000 359 EXAMINING_DOCUMENT b'075af374d9840357648f4a67acba92a8'
ACTION SNIPPET 1000 362 SNIPPET_NOT_RELEVANT b'615db9c58498f093c409dcdf5d10f725'
ACTION SNIPPET 1000 365 SNIPPET_NOT_RELEVANT b'30ce3bae124447f415898b4436ca904e'
ACTION SNIPPET 1000 368 SNIPPET_NOT_RELEVANT b'a25977984dc43a81a4fe0e05a8db287d'
ACTION SNIPPET 1000 371 SEEN_PREVIOUSLY b'70e1545dec7e946173c07bbb1ac1d88c'
ACTION SNIPPET 1000 374 SNIPPET_RELEVANT b'52a93cc17548cd68b96ecbd1891d204a'
ACTION DOC 1000 394 EXAMINING_DOCUMENT b'52a93cc17548cd68b96ecbd1891d204a'
ACTION SNIPPET 1000 397 SEEN_PREVIOUSLY b'86dfd7666339d9192008119ec896a1ab'
ACTION SNIPPET 1000 400 SNIPPET_NOT_RELEVANT b'3c5a8e5e-f4f5-11e5-9804-537defcc3cf6'
ACTION SNIPPET 1000 403 SEEN_PREVIOUSLY b'0cee0a18378f52c102bb2ae24c3de75a'
ACTION QUERY 1000 413 mercy killing prevention
ACTION SERP 1000 418 EXAMINE_SERP
ACTION SNIPPET 1000 421 SNIPPET_NOT_RELEVANT b'c9717ec8-e2d7-11e4-b510-962fcfabc310'
ACTION SNIPPET 1000 424 SEEN_PREVIOUSLY b'5029e608b955d56e3efb167ebf2a516b'
ACTION SNIPPET 1000 427 SNIPPET_NOT_RELEVANT b'30ce3bae124447f415898b4436ca904e'
ACTION SNIPPET 1000 430 SNIPPET_RELEVANT b'a25977984dc43a81a4fe0e05a8db287d'
ACTION DOC 1000 450 EXAMINING_DOCUMENT b'a25977984dc43a81a4fe0e05a8db287d'
ACTION SNIPPET 1000 453 SEEN_PREVIOUSLY b'70e1545dec7e946173c07bbb1ac1d88c'
ACTION SNIPPET 1000 456 SNIPPET_NOT_RELEVANT b'38e8f3d4-05a1-11e6-b283-e79d81c63c1b'
ACTION SNIPPET 1000 459 SEEN_PREVIOUSLY b'52a93cc17548cd68b96ecbd1891d204a'
ACTION SNIPPET 1000 462 SEEN_PREVIOUSLY b'86dfd7666339d9192008119ec896a1ab'
ACTION SNIPPET 1000 465 SNIPPET_NOT_RELEVANT b'e320f0bc-5821-11e7-a204-ad706461fa4f'
ACTION SNIPPET 1000 468 SEEN_PREVIOUSLY b'0cee0a18378f52c102bb2ae24c3de75a'
ACTION QUERY 1000 478 mercy killing life
ACTION SERP 1000 483 EXAMINE_SERP
ACTION SNIPPET 1000 486 SEEN_PREVIOUSLY b'0cee0a18378f52c102bb2ae24c3de75a'
ACTION SNIPPET 1000 489 SNIPPET_NOT_RELEVANT b'30ce3bae124447f415898b4436ca904e'
ACTION SNIPPET 1000 492 SEEN_PREVIOUSLY b'52a93cc17548cd68b96ecbd1891d204a'
ACTION SNIPPET 1000 495 SEEN_PREVIOUSLY b'70e1545dec7e946173c07bbb1ac1d88c'
ACTION SNIPPET 1000 498 SNIPPET_NOT_RELEVANT b'99a71acce12dada1ff1368e74f5672d0'
ACTION SNIPPET 1000 501 SEEN_PREVIOUSLY b'86dfd7666339d9192008119ec896a1ab'
ACTION SNIPPET 1000 504 SEEN_PREVIOUSLY b'075af374d9840357648f4a67acba92a8'
ACTION SNIPPET 1000 507 SNIPPET_RELEVANT b'b7a55c00-f9bb-11e4-a13c-193b1241d51a'
ACTION DOC 1000 527 EXAMINING_DOCUMENT b'b7a55c00-f9bb-11e4-a13c-193b1241d51a'
ACTION SNIPPET 1000 530 SNIPPET_NOT_RELEVANT b'35aea1f4-4bf4-11e4-a046-120a8a855cca'
ACTION SNIPPET 1000 533 SNIPPET_NOT_RELEVANT b'615db9c58498f093c409dcdf5d10f725'
ACTION QUERY 1000 543 mercy killing preacher
ACTION SERP 1000 548 EXAMINE_SERP
ACTION SNIPPET 1000 551 SNIPPET_NOT_RELEVANT b'adbd7962da8ecb1d323a843c38b47b21'
ACTION SNIPPET 1000 554 SNIPPET_RELEVANT b'790405b7af55e94cdb1f9689a52302a3'
ACTION DOC 1000 574 EXAMINING_DOCUMENT b'790405b7af55e94cdb1f9689a52302a3'
ACTION SNIPPET 1000 577 SEEN_PREVIOUSLY b'5029e608b955d56e3efb167ebf2a516b'
ACTION SNIPPET 1000 580 SNIPPET_NOT_RELEVANT b'66cd1831f1b9c66c0b88fb16faf11ed7'
ACTION SNIPPET 1000 583 SNIPPET_NOT_RELEVANT b'30ce3bae124447f415898b4436ca904e'
ACTION SNIPPET 1000 586 SEEN_PREVIOUSLY b'a25977984dc43a81a4fe0e05a8db287d'
ACTION SNIPPET 1000 589 SNIPPET_RELEVANT b'631118f4b0b6884cb52dcad7bac55005'
ACTION DOC 1000 609 EXAMINING_DOCUMENT b'631118f4b0b6884cb52dcad7bac55005'
ACTION SNIPPET 1000 612 SNIPPET_NOT_RELEVANT b'9a40a282254b874f543d89d77b094e01'
ACTION SNIPPET 1000 615 SEEN_PREVIOUSLY b'70e1545dec7e946173c07bbb1ac1d88c'
ACTION SNIPPET 1000 618 SNIPPET_RELEVANT b'26f77106-7a44-11e1-8528-f799df778c43'
ACTION DOC 1000 638 EXAMINING_DOCUMENT b'26f77106-7a44-11e1-8528-f799df778c43'
ACTION QUERY 1000 648 mercy killing moustafa
ACTION SERP 1000 653 EXAMINE_SERP
ACTION SNIPPET 1000 656 SNIPPET_NOT_RELEVANT b'46152329b99a3e78a4fbfb319fddcf70'
ACTION SNIPPET 1000 659 SNIPPET_NOT_RELEVANT b'c53d2024-16a3-11e4-9349-84d4a85be981'
ACTION SNIPPET 1000 662 SEEN_PREVIOUSLY b'5029e608b955d56e3efb167ebf2a516b'
ACTION SNIPPET 1000 665 SNIPPET_NOT_RELEVANT b'30ce3bae124447f415898b4436ca904e'
ACTION SNIPPET 1000 668 SEEN_PREVIOUSLY b'a25977984dc43a81a4fe0e05a8db287d'
ACTION SNIPPET 1000 671 SEEN_PREVIOUSLY b'70e1545dec7e946173c07bbb1ac1d88c'
ACTION SNIPPET 1000 674 SEEN_PREVIOUSLY b'52a93cc17548cd68b96ecbd1891d204a'
ACTION SNIPPET 1000 677 SEEN_PREVIOUSLY b'86dfd7666339d9192008119ec896a1ab'
ACTION SNIPPET 1000 680 SEEN_PREVIOUSLY b'0cee0a18378f52c102bb2ae24c3de75a'
ACTION SNIPPET 1000 683 SNIPPET_RELEVANT b'be7c9e071b05ec8607397033826f72fa'
ACTION DOC 1000 703 EXAMINING_DOCUMENT b'be7c9e071b05ec8607397033826f72fa'
ACTION QUERY 1000 713 mercy killing bodies
ACTION SERP 1000 718 EXAMINE_SERP
ACTION SNIPPET 1000 721 SNIPPET_RELEVANT b'f4b2c86f-de1a-4616-8b25-ce3b74ad6066'
ACTION DOC 1000 741 EXAMINING_DOCUMENT b'f4b2c86f-de1a-4616-8b25-ce3b74ad6066'
ACTION SNIPPET 1000 744 SNIPPET_NOT_RELEVANT b'b80017db40ebd3723ea2d94b76cb95c2'
ACTION SNIPPET 1000 747 SNIPPET_NOT_RELEVANT b'0ec53428-9dea-11e1-b318-70100af276da'
ACTION SNIPPET 1000 750 SNIPPET_NOT_RELEVANT b'876f3db2993b8d468b291e9704752c04'
ACTION SNIPPET 1000 753 SEEN_PREVIOUSLY b'5029e608b955d56e3efb167ebf2a516b'
ACTION SNIPPET 1000 756 SNIPPET_NOT_RELEVANT b'e6dae991d9c3b6bbf119138bea4d6995'
ACTION SNIPPET 1000 759 SNIPPET_NOT_RELEVANT b'3c5a8e5e-f4f5-11e5-9804-537defcc3cf6'
ACTION SNIPPET 1000 762 SNIPPET_RELEVANT b'30ce3bae124447f415898b4436ca904e'
ACTION DOC 1000 782 EXAMINING_DOCUMENT b'30ce3bae124447f415898b4436ca904e'
ACTION SNIPPET 1000 785 SNIPPET_NOT_RELEVANT b'5e254f0d5c72cf8ff1e76b62e1ba4ee6'
ACTION SNIPPET 1000 788 SEEN_PREVIOUSLY b'a25977984dc43a81a4fe0e05a8db287d'
ACTION QUERY 1000 798 mercy killing mcnuggets
ACTION SERP 1000 803 EXAMINE_SERP
ACTION SNIPPET 1000 806 SNIPPET_RELEVANT b'876f3db2993b8d468b291e9704752c04'
ACTION DOC 1000 826 EXAMINING_DOCUMENT b'876f3db2993b8d468b291e9704752c04'
ACTION SNIPPET 1000 829 SNIPPET_NOT_RELEVANT b'797c6ce2f290ddc99de804c25bafd5a7'
ACTION SNIPPET 1000 832 SNIPPET_RELEVANT b'2eae9297b383862db7ef1fd0a39c191b'
ACTION DOC 1000 852 EXAMINING_DOCUMENT b'2eae9297b383862db7ef1fd0a39c191b'
ACTION SNIPPET 1000 855 SNIPPET_NOT_RELEVANT b'dbf7d655b5583f84c216fd720835272b'
ACTION SNIPPET 1000 858 SNIPPET_NOT_RELEVANT b'dc01620d74bc2ed4513687e3fc725406'
ACTION SNIPPET 1000 861 SNIPPET_NOT_RELEVANT b'd36e4ce08ea0e09994f7819c9375c6c7'
ACTION SNIPPET 1000 864 SNIPPET_NOT_RELEVANT b'45664ff95403680da99d92c7fc9302db'
ACTION SNIPPET 1000 867 SNIPPET_NOT_RELEVANT b'8196de7a59c60332f2eb0a574e97f2ac'
ACTION SNIPPET 1000 870 SNIPPET_NOT_RELEVANT b'6846b53de72ec19dbad5151ec01fdfd0'
ACTION SNIPPET 1000 873 SEEN_PREVIOUSLY b'5029e608b955d56e3efb167ebf2a516b'
ACTION QUERY 1000 883 mercy killing bike
ACTION SERP 1000 888 EXAMINE_SERP
ACTION SNIPPET 1000 891 SNIPPET_NOT_RELEVANT b'acf98552-dd84-11e1-af1d-753c613ff6d8'
ACTION SNIPPET 1000 894 SNIPPET_NOT_RELEVANT b'4241e1f6-76b7-11e7-8c17-533c52b2f014'
ACTION SNIPPET 1000 897 SNIPPET_RELEVANT b'983534fe-083e-11e4-bbf1-cc51275e7f8f'
ACTION DOC 1000 917 EXAMINING_DOCUMENT b'983534fe-083e-11e4-bbf1-cc51275e7f8f'
ACTION SNIPPET 1000 920 SEEN_PREVIOUSLY b'5029e608b955d56e3efb167ebf2a516b'
ACTION SNIPPET 1000 923 SNIPPET_RELEVANT b'b7ade798-3407-11e7-b373-418f6849a004'
ACTION DOC 1000 943 EXAMINING_DOCUMENT b'b7ade798-3407-11e7-b373-418f6849a004'
ACTION SNIPPET 1000 946 SNIPPET_RELEVANT b'b8c9c71c-aa6b-11e1-93e5-222602b337cd'
ACTION DOC 1000 966 EXAMINING_DOCUMENT b'b8c9c71c-aa6b-11e1-93e5-222602b337cd'
ACTION SNIPPET 1000 969 SEEN_PREVIOUSLY b'30ce3bae124447f415898b4436ca904e'
ACTION SNIPPET 1000 972 SEEN_PREVIOUSLY b'a25977984dc43a81a4fe0e05a8db287d'
ACTION SNIPPET 1000 975 SEEN_PREVIOUSLY b'70e1545dec7e946173c07bbb1ac1d88c'
ACTION SNIPPET 1000 978 SEEN_PREVIOUSLY b'52a93cc17548cd68b96ecbd1891d204a'
ACTION QUERY 1000 988 mercy killing motorcycle
ACTION SERP 1000 993 EXAMINE_SERP
ACTION SNIPPET 1000 996 SNIPPET_RELEVANT b'2ab212d8-129b-11e3-b4cb-fd7ce041d814'
ACTION DOC 1000 1016 EXAMINING_DOCUMENT b'2ab212d8-129b-11e3-b4cb-fd7ce041d814'
INFO SUMMARY 
INFO TOTAL_QUERIES_ISSUED 12
INFO TOTAL_SNIPPETS_EXAMINED 111
INFO TOTAL_DOCUMENTS_EXAMINED 25
INFO TOTAL_DOCUMENTS_MARKED_RELEVANT 1
INFO TOTAL_ATTRACTIVE_SERP_IMPRESSIONS 12
INFO TOTAL_UNATTRACTIVE_SERP_IMPRESSIONS 0
