ACTION QUERY 1000 10 eggs in a healthy diet
ACTION SERP 1000 15 EXAMINE_SERP
ACTION SNIPPET 1000 18 SNIPPET_RELEVANT b'43ba8dd9b64916781fc2732e65f0d1fe'
ACTION DOC 1000 38 EXAMINING_DOCUMENT b'43ba8dd9b64916781fc2732e65f0d1fe'
ACTION MARK 1000 41 CONSIDERED_RELEVANT b'43ba8dd9b64916781fc2732e65f0d1fe'
ACTION SNIPPET 1000 44 SNIPPET_RELEVANT b'a2744bb98e1968307548e4976232cf1c'
ACTION DOC 1000 64 EXAMINING_DOCUMENT b'a2744bb98e1968307548e4976232cf1c'
ACTION MARK 1000 67 CONSIDERED_RELEVANT b'a2744bb98e1968307548e4976232cf1c'
ACTION SNIPPET 1000 70 SNIPPET_RELEVANT b'd103b4d659726eacfb00ffe32425852a'
ACTION DOC 1000 90 EXAMINING_DOCUMENT b'd103b4d659726eacfb00ffe32425852a'
ACTION MARK 1000 93 CONSIDERED_RELEVANT b'd103b4d659726eacfb00ffe32425852a'
ACTION SNIPPET 1000 96 SNIPPET_RELEVANT b'76e0a0623e3112908514198e0dc07c74'
ACTION DOC 1000 116 EXAMINING_DOCUMENT b'76e0a0623e3112908514198e0dc07c74'
ACTION MARK 1000 119 CONSIDERED_RELEVANT b'76e0a0623e3112908514198e0dc07c74'
ACTION SNIPPET 1000 122 SNIPPET_NOT_RELEVANT b'dd3b6fba-9780-11e4-927a-4fa2638cd1b0'
ACTION SNIPPET 1000 125 SNIPPET_RELEVANT b'b1d594261f0a26bbad4a55e12d3c910c'
ACTION DOC 1000 145 EXAMINING_DOCUMENT b'b1d594261f0a26bbad4a55e12d3c910c'
ACTION MARK 1000 148 CONSIDERED_RELEVANT b'b1d594261f0a26bbad4a55e12d3c910c'
ACTION SNIPPET 1000 151 SNIPPET_NOT_RELEVANT b'd6c5b674-7949-11e7-8839-ec48ec4cae25'
ACTION SNIPPET 1000 154 SNIPPET_RELEVANT b'e4b1f922-b64f-11e6-b8df-600bd9d38a02'
ACTION DOC 1000 174 EXAMINING_DOCUMENT b'e4b1f922-b64f-11e6-b8df-600bd9d38a02'
ACTION MARK 1000 177 CONSIDERED_RELEVANT b'e4b1f922-b64f-11e6-b8df-600bd9d38a02'
ACTION SNIPPET 1000 180 SNIPPET_NOT_RELEVANT b'09521cbc710db1fc9741f4aed9147744'
ACTION SNIPPET 1000 183 SNIPPET_NOT_RELEVANT b'a4cf460ae599082e1a9294f5ab154ad0'
ACTION QUERY 1000 193 eggs in a healthy diet meaning
ACTION SERP 1000 198 EXAMINE_SERP
ACTION SNIPPET 1000 201 SNIPPET_NOT_RELEVANT b'd6c5b674-7949-11e7-8839-ec48ec4cae25'
ACTION SNIPPET 1000 204 SNIPPET_RELEVANT b'dd3b6fba-9780-11e4-927a-4fa2638cd1b0'
ACTION DOC 1000 224 EXAMINING_DOCUMENT b'dd3b6fba-9780-11e4-927a-4fa2638cd1b0'
ACTION SNIPPET 1000 227 SNIPPET_NOT_RELEVANT b'9c933e70-28f6-11e7-a616-d7c8a68c1a66'
ACTION SNIPPET 1000 230 SNIPPET_NOT_RELEVANT b'09521cbc710db1fc9741f4aed9147744'
ACTION SNIPPET 1000 233 SNIPPET_NOT_RELEVANT b'a4cf460ae599082e1a9294f5ab154ad0'
ACTION SNIPPET 1000 236 SNIPPET_RELEVANT b'33c7147e-b50f-11e3-b899-20667de76985'
ACTION DOC 1000 256 EXAMINING_DOCUMENT b'33c7147e-b50f-11e3-b899-20667de76985'
ACTION SNIPPET 1000 259 SNIPPET_RELEVANT b'52786df0-06a5-11e3-88d6-d5795fab4637'
ACTION DOC 1000 279 EXAMINING_DOCUMENT b'52786df0-06a5-11e3-88d6-d5795fab4637'
ACTION MARK 1000 282 CONSIDERED_RELEVANT b'52786df0-06a5-11e3-88d6-d5795fab4637'
ACTION SNIPPET 1000 285 SNIPPET_NOT_RELEVANT b'38d4afc64c62e6a2f6dc34525032be43'
ACTION SNIPPET 1000 288 SNIPPET_NOT_RELEVANT b'45382462-5b4e-11e7-a9f6-7c3296387341'
ACTION SNIPPET 1000 291 SNIPPET_NOT_RELEVANT b'2673410a-3247-11e6-8758-d58e76e11b12'
ACTION QUERY 1000 301 eggs in a healthy diet released
ACTION SERP 1000 306 EXAMINE_SERP
ACTION SNIPPET 1000 309 SNIPPET_NOT_RELEVANT b'182bbb835bf2d69c6dec88dd93711d78'
ACTION SNIPPET 1000 312 SNIPPET_NOT_RELEVANT b'9d3d6d0e2ef55ac225f812c056a57408'
ACTION SNIPPET 1000 315 SNIPPET_RELEVANT b'37356768-7470-11e2-8f84-3e4b513b1a13'
ACTION DOC 1000 335 EXAMINING_DOCUMENT b'37356768-7470-11e2-8f84-3e4b513b1a13'
ACTION SNIPPET 1000 338 SNIPPET_NOT_RELEVANT b'67579679f41ab9e664bde8208b7d71a5'
ACTION SNIPPET 1000 341 SNIPPET_RELEVANT b'00041887f95b15333ae39503610f2de1'
ACTION DOC 1000 361 EXAMINING_DOCUMENT b'00041887f95b15333ae39503610f2de1'
ACTION SNIPPET 1000 364 SNIPPET_RELEVANT b'9dadd006-8426-11e6-ac72-a29979381495'
ACTION DOC 1000 384 EXAMINING_DOCUMENT b'9dadd006-8426-11e6-ac72-a29979381495'
ACTION SNIPPET 1000 387 SNIPPET_RELEVANT b'b3aab734-b876-11e4-aa05-1ce812b3fdd2'
ACTION DOC 1000 407 EXAMINING_DOCUMENT b'b3aab734-b876-11e4-aa05-1ce812b3fdd2'
ACTION MARK 1000 410 CONSIDERED_RELEVANT b'b3aab734-b876-11e4-aa05-1ce812b3fdd2'
ACTION SNIPPET 1000 413 SNIPPET_NOT_RELEVANT b'c1efe25cb7eb71dba2df90bc9a89027d'
ACTION SNIPPET 1000 416 SNIPPET_NOT_RELEVANT b'd6c5b674-7949-11e7-8839-ec48ec4cae25'
ACTION SNIPPET 1000 419 SEEN_PREVIOUSLY b'dd3b6fba-9780-11e4-927a-4fa2638cd1b0'
ACTION QUERY 1000 429 eggs in a healthy diet states
ACTION SERP 1000 434 EXAMINE_SERP
ACTION SNIPPET 1000 437 SNIPPET_NOT_RELEVANT b'e1181a32-2a36-11e4-958c-268a320a60ce'
ACTION SNIPPET 1000 440 SNIPPET_RELEVANT b'dcc7a04067a7d9e418169e19754aaaad'
ACTION DOC 1000 460 EXAMINING_DOCUMENT b'dcc7a04067a7d9e418169e19754aaaad'
ACTION MARK 1000 463 CONSIDERED_RELEVANT b'dcc7a04067a7d9e418169e19754aaaad'
ACTION SNIPPET 1000 466 SNIPPET_NOT_RELEVANT b'9d3d6d0e2ef55ac225f812c056a57408'
ACTION SNIPPET 1000 469 SNIPPET_NOT_RELEVANT b'3afb15ae-a9c5-11e5-9b92-dea7cd4b1a4d'
ACTION SNIPPET 1000 472 SEEN_PREVIOUSLY b'9dadd006-8426-11e6-ac72-a29979381495'
ACTION SNIPPET 1000 475 SNIPPET_NOT_RELEVANT b'182bbb835bf2d69c6dec88dd93711d78'
ACTION SNIPPET 1000 478 SNIPPET_RELEVANT b'8f5f23203109930c317c99e5d5658490'
ACTION DOC 1000 498 EXAMINING_DOCUMENT b'8f5f23203109930c317c99e5d5658490'
ACTION SNIPPET 1000 501 SNIPPET_NOT_RELEVANT b'2cae9ae1e8440c0efd7510e691154c2e'
ACTION SNIPPET 1000 504 SNIPPET_NOT_RELEVANT b'0702146d55474dfb54fab7be5b3a5f36'
ACTION SNIPPET 1000 507 SNIPPET_NOT_RELEVANT b'86de6e56-92ca-11e5-b5e4-279b4501e8a6'
ACTION QUERY 1000 517 eggs in a healthy diet mix
ACTION SERP 1000 522 EXAMINE_SERP
ACTION SNIPPET 1000 525 SNIPPET_NOT_RELEVANT b'5f013746-65ef-11e4-bb14-4cfea1e742d5'
ACTION SNIPPET 1000 528 SNIPPET_RELEVANT b'9d3d6d0e2ef55ac225f812c056a57408'
ACTION DOC 1000 548 EXAMINING_DOCUMENT b'9d3d6d0e2ef55ac225f812c056a57408'
ACTION SNIPPET 1000 551 SNIPPET_NOT_RELEVANT b'3afb15ae-a9c5-11e5-9b92-dea7cd4b1a4d'
ACTION SNIPPET 1000 554 SEEN_PREVIOUSLY b'9dadd006-8426-11e6-ac72-a29979381495'
ACTION SNIPPET 1000 557 SNIPPET_NOT_RELEVANT b'9d942dca-5822-11e6-9767-f6c947fd0cb8'
ACTION SNIPPET 1000 560 SNIPPET_NOT_RELEVANT b'960c2c4a07b30e4d558090e0197f8583'
ACTION SNIPPET 1000 563 SEEN_PREVIOUSLY b'dd3b6fba-9780-11e4-927a-4fa2638cd1b0'
ACTION SNIPPET 1000 566 SNIPPET_RELEVANT b'd6c5b674-7949-11e7-8839-ec48ec4cae25'
ACTION DOC 1000 586 EXAMINING_DOCUMENT b'd6c5b674-7949-11e7-8839-ec48ec4cae25'
ACTION SNIPPET 1000 589 SNIPPET_NOT_RELEVANT b'09521cbc710db1fc9741f4aed9147744'
ACTION SNIPPET 1000 592 SNIPPET_NOT_RELEVANT b'a4cf460ae599082e1a9294f5ab154ad0'
ACTION QUERY 1000 602 eggs in a healthy diet poisonous
ACTION SERP 1000 607 EXAMINE_SERP
ACTION SNIPPET 1000 610 SNIPPET_RELEVANT b'182bbb835bf2d69c6dec88dd93711d78'
ACTION DOC 1000 630 EXAMINING_DOCUMENT b'182bbb835bf2d69c6dec88dd93711d78'
ACTION SNIPPET 1000 633 SNIPPET_NOT_RELEVANT b'9d942dca-5822-11e6-9767-f6c947fd0cb8'
ACTION SNIPPET 1000 636 SNIPPET_RELEVANT b'9237115e4f4bfb132e6132a87a28a28b'
ACTION DOC 1000 656 EXAMINING_DOCUMENT b'9237115e4f4bfb132e6132a87a28a28b'
ACTION MARK 1000 659 CONSIDERED_RELEVANT b'9237115e4f4bfb132e6132a87a28a28b'
ACTION SNIPPET 1000 662 SEEN_PREVIOUSLY b'9d3d6d0e2ef55ac225f812c056a57408'
ACTION SNIPPET 1000 665 SNIPPET_NOT_RELEVANT b'87bbc62a-8cdc-11e3-95dd-36ff657a4dae'
ACTION SNIPPET 1000 668 SNIPPET_NOT_RELEVANT b'20396e16-7f87-11e2-a350-49866afab584'
ACTION SNIPPET 1000 671 SNIPPET_NOT_RELEVANT b'fe001766-cc6a-11e6-a87f-b917067331bb'
ACTION SNIPPET 1000 674 SNIPPET_RELEVANT b'e1181a32-2a36-11e4-958c-268a320a60ce'
ACTION DOC 1000 694 EXAMINING_DOCUMENT b'e1181a32-2a36-11e4-958c-268a320a60ce'
ACTION SNIPPET 1000 697 SNIPPET_RELEVANT b'0b5b51fc09087a4a24f72ea5ff37a098'
ACTION DOC 1000 717 EXAMINING_DOCUMENT b'0b5b51fc09087a4a24f72ea5ff37a098'
ACTION SNIPPET 1000 720 SNIPPET_NOT_RELEVANT b'09521cbc710db1fc9741f4aed9147744'
ACTION QUERY 1000 730 eggs in a healthy diet federal
ACTION SERP 1000 735 EXAMINE_SERP
ACTION SNIPPET 1000 738 SNIPPET_NOT_RELEVANT b'8935dbb28c0137b32b54b4b68dbc249f'
ACTION SNIPPET 1000 741 SNIPPET_RELEVANT b'2c93ed7ff4ec67ba1ad8ee08a32779af'
ACTION DOC 1000 761 EXAMINING_DOCUMENT b'2c93ed7ff4ec67ba1ad8ee08a32779af'
ACTION MARK 1000 764 CONSIDERED_RELEVANT b'2c93ed7ff4ec67ba1ad8ee08a32779af'
ACTION SNIPPET 1000 767 SEEN_PREVIOUSLY b'182bbb835bf2d69c6dec88dd93711d78'
ACTION SNIPPET 1000 770 SNIPPET_NOT_RELEVANT b'bb18c17634e09074bc76f5145ecd99c6'
ACTION SNIPPET 1000 773 SNIPPET_RELEVANT b'4a5c2d24-ba52-11e5-829c-26ffb874a18d'
ACTION DOC 1000 793 EXAMINING_DOCUMENT b'4a5c2d24-ba52-11e5-829c-26ffb874a18d'
ACTION MARK 1000 796 CONSIDERED_RELEVANT b'4a5c2d24-ba52-11e5-829c-26ffb874a18d'
ACTION SNIPPET 1000 799 SNIPPET_RELEVANT b'25c7abe7cf52f6da96afb18187c80283'
ACTION DOC 1000 819 EXAMINING_DOCUMENT b'25c7abe7cf52f6da96afb18187c80283'
ACTION SNIPPET 1000 822 SNIPPET_NOT_RELEVANT b'7e595e5465b6156e2562c1dd73793aee'
ACTION SNIPPET 1000 825 SNIPPET_RELEVANT b'3afb15ae-a9c5-11e5-9b92-dea7cd4b1a4d'
ACTION DOC 1000 845 EXAMINING_DOCUMENT b'3afb15ae-a9c5-11e5-9b92-dea7cd4b1a4d'
ACTION SNIPPET 1000 848 SNIPPET_NOT_RELEVANT b'6275101d5980694e588be164ad9876ad'
ACTION SNIPPET 1000 851 SEEN_PREVIOUSLY b'9dadd006-8426-11e6-ac72-a29979381495'
ACTION QUERY 1000 861 eggs in a healthy diet basis
ACTION SERP 1000 866 EXAMINE_SERP
ACTION SNIPPET 1000 869 SNIPPET_RELEVANT b'8935dbb28c0137b32b54b4b68dbc249f'
ACTION DOC 1000 889 EXAMINING_DOCUMENT b'8935dbb28c0137b32b54b4b68dbc249f'
ACTION SNIPPET 1000 892 SEEN_PREVIOUSLY b'9d3d6d0e2ef55ac225f812c056a57408'
ACTION SNIPPET 1000 895 SNIPPET_NOT_RELEVANT b'9142ab22-8eec-11e1-b132-eab19f4e8b2e'
ACTION SNIPPET 1000 898 SNIPPET_NOT_RELEVANT b'9d942dca-5822-11e6-9767-f6c947fd0cb8'
ACTION SNIPPET 1000 901 SNIPPET_NOT_RELEVANT b'bb18c17634e09074bc76f5145ecd99c6'
ACTION SNIPPET 1000 904 SEEN_PREVIOUSLY b'25c7abe7cf52f6da96afb18187c80283'
ACTION SNIPPET 1000 907 SEEN_PREVIOUSLY b'9dadd006-8426-11e6-ac72-a29979381495'
ACTION SNIPPET 1000 910 SNIPPET_NOT_RELEVANT b'917fbd04-0cbb-11e6-bfa1-4efa856caf2a'
ACTION SNIPPET 1000 913 SNIPPET_NOT_RELEVANT b'86de6e56-92ca-11e5-b5e4-279b4501e8a6'
ACTION SNIPPET 1000 916 SNIPPET_NOT_RELEVANT b'b541172e-2fb7-11e5-8353-1215475949f4'
ACTION QUERY 1000 926 eggs in a healthy diet prevention
ACTION SERP 1000 931 EXAMINE_SERP
ACTION SNIPPET 1000 934 SNIPPET_NOT_RELEVANT b'9d942dca-5822-11e6-9767-f6c947fd0cb8'
ACTION SNIPPET 1000 937 SNIPPET_NOT_RELEVANT b'bb18c17634e09074bc76f5145ecd99c6'
ACTION SNIPPET 1000 940 SEEN_PREVIOUSLY b'9d3d6d0e2ef55ac225f812c056a57408'
ACTION SNIPPET 1000 943 SNIPPET_RELEVANT b'6275101d5980694e588be164ad9876ad'
ACTION DOC 1000 963 EXAMINING_DOCUMENT b'6275101d5980694e588be164ad9876ad'
ACTION SNIPPET 1000 966 SEEN_PREVIOUSLY b'8935dbb28c0137b32b54b4b68dbc249f'
ACTION SNIPPET 1000 969 SNIPPET_RELEVANT b'960c2c4a07b30e4d558090e0197f8583'
ACTION DOC 1000 989 EXAMINING_DOCUMENT b'960c2c4a07b30e4d558090e0197f8583'
ACTION SNIPPET 1000 992 SNIPPET_RELEVANT b'80abbb70a2397e2941d0784df521f903'
ACTION DOC 1000 1012 EXAMINING_DOCUMENT b'80abbb70a2397e2941d0784df521f903'
INFO SUMMARY 
INFO TOTAL_QUERIES_ISSUED 9
INFO TOTAL_SNIPPETS_EXAMINED 87
INFO TOTAL_DOCUMENTS_EXAMINED 29
INFO TOTAL_DOCUMENTS_MARKED_RELEVANT 13
INFO TOTAL_ATTRACTIVE_SERP_IMPRESSIONS 9
INFO TOTAL_UNATTRACTIVE_SERP_IMPRESSIONS 0
