ACTION QUERY 1000 10 Amazon rain forest
ACTION SERP 1000 15 EXAMINE_SERP
ACTION SNIPPET 1000 18 SNIPPET_NOT_RELEVANT b'00d8d4fb51170bf791af249aeed2a342'
ACTION SNIPPET 1000 21 SNIPPET_NOT_RELEVANT b'faff4536-35a6-11e3-80c6-7e6dd8d22d8f'
ACTION SNIPPET 1000 24 SNIPPET_NOT_RELEVANT b'348deba4cb7148ec80698e5c64968ee3'
ACTION SNIPPET 1000 27 SNIPPET_RELEVANT b'72e72b41097d53b627fd375dd2d3309b'
ACTION DOC 1000 47 EXAMINING_DOCUMENT b'72e72b41097d53b627fd375dd2d3309b'
ACTION MARK 1000 50 CONSIDERED_RELEVANT b'72e72b41097d53b627fd375dd2d3309b'
ACTION SNIPPET 1000 53 SNIPPET_NOT_RELEVANT b'c04684338e0abe7c5a8656cc4eacd7ac'
ACTION SNIPPET 1000 56 SNIPPET_RELEVANT b'ddb15c314a704c717a1718c060cb223d'
ACTION DOC 1000 76 EXAMINING_DOCUMENT b'ddb15c314a704c717a1718c060cb223d'
ACTION SNIPPET 1000 79 SNIPPET_NOT_RELEVANT b'54cba90c7bada2c12742790893cc3773'
ACTION SNIPPET 1000 82 SNIPPET_RELEVANT b'987eb42b8e471b9eca19c078d06c75a5'
ACTION DOC 1000 102 EXAMINING_DOCUMENT b'987eb42b8e471b9eca19c078d06c75a5'
ACTION SNIPPET 1000 105 SNIPPET_NOT_RELEVANT b'bd037b1a-bc75-11e4-bdfa-b8e8f594e6ee'
ACTION SNIPPET 1000 108 SNIPPET_NOT_RELEVANT b'328577af85893ca0487aad8240a89668'
ACTION QUERY 1000 118 Amazon rain forest trekking
ACTION SERP 1000 123 EXAMINE_SERP
ACTION SNIPPET 1000 126 SNIPPET_NOT_RELEVANT b'00d8d4fb51170bf791af249aeed2a342'
ACTION SNIPPET 1000 129 SNIPPET_RELEVANT b'5cd11322-1003-11e7-9d5a-a83e627dc120'
ACTION DOC 1000 149 EXAMINING_DOCUMENT b'5cd11322-1003-11e7-9d5a-a83e627dc120'
ACTION SNIPPET 1000 152 SNIPPET_NOT_RELEVANT b'faff4536-35a6-11e3-80c6-7e6dd8d22d8f'
ACTION SNIPPET 1000 155 SNIPPET_NOT_RELEVANT b'348deba4cb7148ec80698e5c64968ee3'
ACTION SNIPPET 1000 158 SNIPPET_NOT_RELEVANT b'c04684338e0abe7c5a8656cc4eacd7ac'
ACTION SNIPPET 1000 161 SEEN_PREVIOUSLY b'ddb15c314a704c717a1718c060cb223d'
ACTION SNIPPET 1000 164 SNIPPET_RELEVANT b'54cba90c7bada2c12742790893cc3773'
ACTION DOC 1000 184 EXAMINING_DOCUMENT b'54cba90c7bada2c12742790893cc3773'
ACTION SNIPPET 1000 187 SEEN_PREVIOUSLY b'987eb42b8e471b9eca19c078d06c75a5'
ACTION SNIPPET 1000 190 SNIPPET_NOT_RELEVANT b'bd037b1a-bc75-11e4-bdfa-b8e8f594e6ee'
ACTION SNIPPET 1000 193 SNIPPET_NOT_RELEVANT b'328577af85893ca0487aad8240a89668'
ACTION QUERY 1000 203 Amazon rain forest trekker
ACTION SERP 1000 208 EXAMINE_SERP
ACTION SNIPPET 1000 211 SNIPPET_NOT_RELEVANT b'c04684338e0abe7c5a8656cc4eacd7ac'
ACTION SNIPPET 1000 214 SNIPPET_NOT_RELEVANT b'00d8d4fb51170bf791af249aeed2a342'
ACTION SNIPPET 1000 217 SNIPPET_NOT_RELEVANT b'86a70f34-c80a-11e2-9245-773c0123c027'
ACTION SNIPPET 1000 220 SNIPPET_NOT_RELEVANT b'faff4536-35a6-11e3-80c6-7e6dd8d22d8f'
ACTION SNIPPET 1000 223 SNIPPET_RELEVANT b'348deba4cb7148ec80698e5c64968ee3'
ACTION DOC 1000 243 EXAMINING_DOCUMENT b'348deba4cb7148ec80698e5c64968ee3'
ACTION SNIPPET 1000 246 SEEN_PREVIOUSLY b'ddb15c314a704c717a1718c060cb223d'
ACTION SNIPPET 1000 249 SEEN_PREVIOUSLY b'54cba90c7bada2c12742790893cc3773'
ACTION SNIPPET 1000 252 SEEN_PREVIOUSLY b'987eb42b8e471b9eca19c078d06c75a5'
ACTION SNIPPET 1000 255 SNIPPET_NOT_RELEVANT b'bd037b1a-bc75-11e4-bdfa-b8e8f594e6ee'
ACTION SNIPPET 1000 258 SNIPPET_RELEVANT b'328577af85893ca0487aad8240a89668'
ACTION DOC 1000 278 EXAMINING_DOCUMENT b'328577af85893ca0487aad8240a89668'
ACTION QUERY 1000 288 Amazon rain forest released
ACTION SERP 1000 293 EXAMINE_SERP
ACTION SNIPPET 1000 296 SNIPPET_RELEVANT b'c04684338e0abe7c5a8656cc4eacd7ac'
ACTION DOC 1000 316 EXAMINING_DOCUMENT b'c04684338e0abe7c5a8656cc4eacd7ac'
ACTION SNIPPET 1000 319 SEEN_PREVIOUSLY b'ddb15c314a704c717a1718c060cb223d'
ACTION SNIPPET 1000 322 SNIPPET_RELEVANT b'00d8d4fb51170bf791af249aeed2a342'
ACTION DOC 1000 342 EXAMINING_DOCUMENT b'00d8d4fb51170bf791af249aeed2a342'
ACTION SNIPPET 1000 345 SNIPPET_NOT_RELEVANT b'ba392600-86f6-11e4-abcf-5a3d7b3b20b8'
ACTION SNIPPET 1000 348 SNIPPET_RELEVANT b'fb073360d1c7c491beeb7adf485bfbfb'
ACTION DOC 1000 368 EXAMINING_DOCUMENT b'fb073360d1c7c491beeb7adf485bfbfb'
ACTION MARK 1000 371 CONSIDERED_RELEVANT b'fb073360d1c7c491beeb7adf485bfbfb'
ACTION SNIPPET 1000 374 SNIPPET_NOT_RELEVANT b'faff4536-35a6-11e3-80c6-7e6dd8d22d8f'
ACTION SNIPPET 1000 377 SEEN_PREVIOUSLY b'348deba4cb7148ec80698e5c64968ee3'
ACTION SNIPPET 1000 380 SEEN_PREVIOUSLY b'54cba90c7bada2c12742790893cc3773'
ACTION SNIPPET 1000 383 SEEN_PREVIOUSLY b'987eb42b8e471b9eca19c078d06c75a5'
ACTION SNIPPET 1000 386 SNIPPET_RELEVANT b'bd037b1a-bc75-11e4-bdfa-b8e8f594e6ee'
ACTION DOC 1000 406 EXAMINING_DOCUMENT b'bd037b1a-bc75-11e4-bdfa-b8e8f594e6ee'
ACTION QUERY 1000 416 Amazon rain forest begin
ACTION SERP 1000 421 EXAMINE_SERP
ACTION SNIPPET 1000 424 SNIPPET_NOT_RELEVANT b'20bd935c2bff4687df3a05702eaa3782'
ACTION SNIPPET 1000 427 SEEN_PREVIOUSLY b'c04684338e0abe7c5a8656cc4eacd7ac'
ACTION SNIPPET 1000 430 SEEN_PREVIOUSLY b'ddb15c314a704c717a1718c060cb223d'
ACTION SNIPPET 1000 433 SEEN_PREVIOUSLY b'00d8d4fb51170bf791af249aeed2a342'
ACTION SNIPPET 1000 436 SNIPPET_NOT_RELEVANT b'ba392600-86f6-11e4-abcf-5a3d7b3b20b8'
ACTION SNIPPET 1000 439 SNIPPET_NOT_RELEVANT b'faff4536-35a6-11e3-80c6-7e6dd8d22d8f'
ACTION SNIPPET 1000 442 SEEN_PREVIOUSLY b'348deba4cb7148ec80698e5c64968ee3'
ACTION SNIPPET 1000 445 SEEN_PREVIOUSLY b'54cba90c7bada2c12742790893cc3773'
ACTION SNIPPET 1000 448 SEEN_PREVIOUSLY b'987eb42b8e471b9eca19c078d06c75a5'
ACTION SNIPPET 1000 451 SEEN_PREVIOUSLY b'bd037b1a-bc75-11e4-bdfa-b8e8f594e6ee'
ACTION QUERY 1000 461 Amazon rain forest states
ACTION SERP 1000 466 EXAMINE_SERP
ACTION SNIPPET 1000 469 SNIPPET_RELEVANT b'64d1facc-f19e-11e3-b140-bd7309109588'
ACTION DOC 1000 489 EXAMINING_DOCUMENT b'64d1facc-f19e-11e3-b140-bd7309109588'
ACTION SNIPPET 1000 492 SEEN_PREVIOUSLY b'ddb15c314a704c717a1718c060cb223d'
ACTION SNIPPET 1000 495 SEEN_PREVIOUSLY b'00d8d4fb51170bf791af249aeed2a342'
ACTION SNIPPET 1000 498 SNIPPET_NOT_RELEVANT b'faff4536-35a6-11e3-80c6-7e6dd8d22d8f'
ACTION SNIPPET 1000 501 SEEN_PREVIOUSLY b'348deba4cb7148ec80698e5c64968ee3'
ACTION SNIPPET 1000 504 SEEN_PREVIOUSLY b'c04684338e0abe7c5a8656cc4eacd7ac'
ACTION SNIPPET 1000 507 SEEN_PREVIOUSLY b'54cba90c7bada2c12742790893cc3773'
ACTION SNIPPET 1000 510 SEEN_PREVIOUSLY b'987eb42b8e471b9eca19c078d06c75a5'
ACTION SNIPPET 1000 513 SEEN_PREVIOUSLY b'bd037b1a-bc75-11e4-bdfa-b8e8f594e6ee'
ACTION SNIPPET 1000 516 SNIPPET_NOT_RELEVANT b'1177fbf662f55c6eae26d20032d65a46'
ACTION QUERY 1000 526 Amazon rain forest held
ACTION SERP 1000 531 EXAMINE_SERP
ACTION SNIPPET 1000 534 SEEN_PREVIOUSLY b'00d8d4fb51170bf791af249aeed2a342'
ACTION SNIPPET 1000 537 SNIPPET_NOT_RELEVANT b'faff4536-35a6-11e3-80c6-7e6dd8d22d8f'
ACTION SNIPPET 1000 540 SEEN_PREVIOUSLY b'348deba4cb7148ec80698e5c64968ee3'
ACTION SNIPPET 1000 543 SEEN_PREVIOUSLY b'ddb15c314a704c717a1718c060cb223d'
ACTION SNIPPET 1000 546 SEEN_PREVIOUSLY b'54cba90c7bada2c12742790893cc3773'
ACTION SNIPPET 1000 549 SEEN_PREVIOUSLY b'987eb42b8e471b9eca19c078d06c75a5'
ACTION SNIPPET 1000 552 SEEN_PREVIOUSLY b'c04684338e0abe7c5a8656cc4eacd7ac'
ACTION SNIPPET 1000 555 SNIPPET_NOT_RELEVANT b'e56499593780737d06926d435496c7d5'
ACTION SNIPPET 1000 558 SNIPPET_RELEVANT b'ba392600-86f6-11e4-abcf-5a3d7b3b20b8'
ACTION DOC 1000 578 EXAMINING_DOCUMENT b'ba392600-86f6-11e4-abcf-5a3d7b3b20b8'
ACTION SNIPPET 1000 581 SNIPPET_NOT_RELEVANT b'2d47c4b0-ee08-11e1-b624-99dee49d8d67'
ACTION QUERY 1000 591 Amazon rain forest cut
ACTION SERP 1000 596 EXAMINE_SERP
ACTION SNIPPET 1000 599 SEEN_PREVIOUSLY b'00d8d4fb51170bf791af249aeed2a342'
ACTION SNIPPET 1000 602 SNIPPET_NOT_RELEVANT b'faff4536-35a6-11e3-80c6-7e6dd8d22d8f'
ACTION SNIPPET 1000 605 SEEN_PREVIOUSLY b'348deba4cb7148ec80698e5c64968ee3'
ACTION SNIPPET 1000 608 SEEN_PREVIOUSLY b'c04684338e0abe7c5a8656cc4eacd7ac'
ACTION SNIPPET 1000 611 SEEN_PREVIOUSLY b'ddb15c314a704c717a1718c060cb223d'
ACTION SNIPPET 1000 614 SEEN_PREVIOUSLY b'54cba90c7bada2c12742790893cc3773'
ACTION SNIPPET 1000 617 SEEN_PREVIOUSLY b'987eb42b8e471b9eca19c078d06c75a5'
ACTION SNIPPET 1000 620 SEEN_PREVIOUSLY b'bd037b1a-bc75-11e4-bdfa-b8e8f594e6ee'
ACTION SNIPPET 1000 623 SEEN_PREVIOUSLY b'328577af85893ca0487aad8240a89668'
ACTION SNIPPET 1000 626 SNIPPET_RELEVANT b'23b118feda9d179e899ffb57f1d14f2d'
ACTION DOC 1000 646 EXAMINING_DOCUMENT b'23b118feda9d179e899ffb57f1d14f2d'
ACTION MARK 1000 649 CONSIDERED_RELEVANT b'23b118feda9d179e899ffb57f1d14f2d'
ACTION QUERY 1000 659 Amazon rain forest true
ACTION SERP 1000 664 EXAMINE_SERP
ACTION SNIPPET 1000 667 SEEN_PREVIOUSLY b'328577af85893ca0487aad8240a89668'
ACTION SNIPPET 1000 670 SNIPPET_RELEVANT b'2dec5ac4-5a84-11e6-8b48-0cb344221131'
ACTION DOC 1000 690 EXAMINING_DOCUMENT b'2dec5ac4-5a84-11e6-8b48-0cb344221131'
ACTION SNIPPET 1000 693 SNIPPET_NOT_RELEVANT b'423238d01c0611ee5e1002be30e85d6c'
ACTION SNIPPET 1000 696 SNIPPET_NOT_RELEVANT b'8923d1525f19d88b4eda51d81d557d57'
ACTION SNIPPET 1000 699 SNIPPET_RELEVANT b'8bc1f4de-df79-11e3-8dcc-d6b7fede081a'
ACTION DOC 1000 719 EXAMINING_DOCUMENT b'8bc1f4de-df79-11e3-8dcc-d6b7fede081a'
ACTION SNIPPET 1000 722 SNIPPET_NOT_RELEVANT b'2d47c4b0-ee08-11e1-b624-99dee49d8d67'
ACTION SNIPPET 1000 725 SEEN_PREVIOUSLY b'ba392600-86f6-11e4-abcf-5a3d7b3b20b8'
ACTION SNIPPET 1000 728 SEEN_PREVIOUSLY b'00d8d4fb51170bf791af249aeed2a342'
ACTION SNIPPET 1000 731 SNIPPET_RELEVANT b'637e4822d15e650e4c4ce1bb0a1a925e'
ACTION DOC 1000 751 EXAMINING_DOCUMENT b'637e4822d15e650e4c4ce1bb0a1a925e'
ACTION SNIPPET 1000 754 SNIPPET_NOT_RELEVANT b'faff4536-35a6-11e3-80c6-7e6dd8d22d8f'
ACTION QUERY 1000 764 Amazon rain forest saw
ACTION SERP 1000 769 EXAMINE_SERP
ACTION SNIPPET 1000 772 SEEN_PREVIOUSLY b'328577af85893ca0487aad8240a89668'
ACTION SNIPPET 1000 775 SNIPPET_NOT_RELEVANT b'423238d01c0611ee5e1002be30e85d6c'
ACTION SNIPPET 1000 778 SNIPPET_NOT_RELEVANT b'8923d1525f19d88b4eda51d81d557d57'
ACTION SNIPPET 1000 781 SEEN_PREVIOUSLY b'2dec5ac4-5a84-11e6-8b48-0cb344221131'
ACTION SNIPPET 1000 784 SNIPPET_RELEVANT b'c0295fbae1d998742969f255327fa12c'
ACTION DOC 1000 804 EXAMINING_DOCUMENT b'c0295fbae1d998742969f255327fa12c'
ACTION SNIPPET 1000 807 SEEN_PREVIOUSLY b'00d8d4fb51170bf791af249aeed2a342'
ACTION SNIPPET 1000 810 SNIPPET_RELEVANT b'faff4536-35a6-11e3-80c6-7e6dd8d22d8f'
ACTION DOC 1000 830 EXAMINING_DOCUMENT b'faff4536-35a6-11e3-80c6-7e6dd8d22d8f'
ACTION SNIPPET 1000 833 SEEN_PREVIOUSLY b'348deba4cb7148ec80698e5c64968ee3'
ACTION SNIPPET 1000 836 SEEN_PREVIOUSLY b'c04684338e0abe7c5a8656cc4eacd7ac'
ACTION SNIPPET 1000 839 SEEN_PREVIOUSLY b'ddb15c314a704c717a1718c060cb223d'
ACTION QUERY 1000 849 Amazon rain forest spotted
ACTION SERP 1000 854 EXAMINE_SERP
ACTION SNIPPET 1000 857 SEEN_PREVIOUSLY b'328577af85893ca0487aad8240a89668'
ACTION SNIPPET 1000 860 SEEN_PREVIOUSLY b'2dec5ac4-5a84-11e6-8b48-0cb344221131'
ACTION SNIPPET 1000 863 SNIPPET_NOT_RELEVANT b'2d47c4b0-ee08-11e1-b624-99dee49d8d67'
ACTION SNIPPET 1000 866 SEEN_PREVIOUSLY b'00d8d4fb51170bf791af249aeed2a342'
ACTION SNIPPET 1000 869 SEEN_PREVIOUSLY b'54cba90c7bada2c12742790893cc3773'
ACTION SNIPPET 1000 872 SEEN_PREVIOUSLY b'987eb42b8e471b9eca19c078d06c75a5'
ACTION SNIPPET 1000 875 SEEN_PREVIOUSLY b'faff4536-35a6-11e3-80c6-7e6dd8d22d8f'
ACTION SNIPPET 1000 878 SEEN_PREVIOUSLY b'348deba4cb7148ec80698e5c64968ee3'
ACTION SNIPPET 1000 881 SEEN_PREVIOUSLY b'c04684338e0abe7c5a8656cc4eacd7ac'
ACTION SNIPPET 1000 884 SEEN_PREVIOUSLY b'ddb15c314a704c717a1718c060cb223d'
ACTION QUERY 1000 894 Amazon rain forest toles
ACTION SERP 1000 899 EXAMINE_SERP
ACTION SNIPPET 1000 902 SNIPPET_NOT_RELEVANT b'7900ab79a75bc4be9d2e7748f45b4575'
ACTION SNIPPET 1000 905 SEEN_PREVIOUSLY b'328577af85893ca0487aad8240a89668'
ACTION SNIPPET 1000 908 SNIPPET_NOT_RELEVANT b'423238d01c0611ee5e1002be30e85d6c'
ACTION SNIPPET 1000 911 SNIPPET_NOT_RELEVANT b'8923d1525f19d88b4eda51d81d557d57'
ACTION SNIPPET 1000 914 SEEN_PREVIOUSLY b'2dec5ac4-5a84-11e6-8b48-0cb344221131'
ACTION SNIPPET 1000 917 SEEN_PREVIOUSLY b'faff4536-35a6-11e3-80c6-7e6dd8d22d8f'
ACTION SNIPPET 1000 920 SEEN_PREVIOUSLY b'00d8d4fb51170bf791af249aeed2a342'
ACTION SNIPPET 1000 923 SEEN_PREVIOUSLY b'348deba4cb7148ec80698e5c64968ee3'
ACTION SNIPPET 1000 926 SEEN_PREVIOUSLY b'637e4822d15e650e4c4ce1bb0a1a925e'
ACTION SNIPPET 1000 929 SEEN_PREVIOUSLY b'c04684338e0abe7c5a8656cc4eacd7ac'
ACTION QUERY 1000 939 Amazon rain forest starred
ACTION SERP 1000 944 EXAMINE_SERP
ACTION SNIPPET 1000 947 SNIPPET_NOT_RELEVANT b'19bbaef8099bab8f99a1d2f19c06a60f'
ACTION SNIPPET 1000 950 SNIPPET_RELEVANT b'423238d01c0611ee5e1002be30e85d6c'
ACTION DOC 1000 970 EXAMINING_DOCUMENT b'423238d01c0611ee5e1002be30e85d6c'
ACTION SNIPPET 1000 973 SNIPPET_NOT_RELEVANT b'1408ddf3297f5110ff5c3a9b1c8efc55'
ACTION SNIPPET 1000 976 SNIPPET_RELEVANT b'3101ba174e420187ec5e33244b0fe1b5'
ACTION DOC 1000 996 EXAMINING_DOCUMENT b'3101ba174e420187ec5e33244b0fe1b5'
ACTION SNIPPET 1000 999 SEEN_PREVIOUSLY b'00d8d4fb51170bf791af249aeed2a342'
ACTION SNIPPET 1000 1002 SEEN_PREVIOUSLY b'faff4536-35a6-11e3-80c6-7e6dd8d22d8f'
INFO SUMMARY 
INFO TOTAL_QUERIES_ISSUED 13
INFO TOTAL_SNIPPETS_EXAMINED 126
INFO TOTAL_DOCUMENTS_EXAMINED 21
INFO TOTAL_DOCUMENTS_MARKED_RELEVANT 3
INFO TOTAL_ATTRACTIVE_SERP_IMPRESSIONS 13
INFO TOTAL_UNATTRACTIVE_SERP_IMPRESSIONS 0
