ACTION QUERY 10000 10 greek philosophy stoicism
ACTION SERP 10000 15 EXAMINE_SERP
ACTION SNIPPET 10000 18 SNIPPET_NOT_RELEVANT b'5c20451f466dca69add14d50d0584bff'
ACTION SNIPPET 10000 21 SNIPPET_NOT_RELEVANT b'7acbecf15aaed4e16588bdfaacc239a9'
ACTION SNIPPET 10000 24 SNIPPET_NOT_RELEVANT b'5948065e-b8fc-11e3-96ae-f2c36d2b1245'
ACTION SNIPPET 10000 27 SNIPPET_NOT_RELEVANT b'8e0f17e2b5e4c8e5539ccb88cee5fc31'
ACTION SNIPPET 10000 30 SNIPPET_RELEVANT b'ae9b5860-fdf3-11e6-8ebe-6e0dbe4f2bca'
ACTION DOC 10000 50 EXAMINING_DOCUMENT b'ae9b5860-fdf3-11e6-8ebe-6e0dbe4f2bca'
ACTION MARK 10000 53 CONSIDERED_RELEVANT b'ae9b5860-fdf3-11e6-8ebe-6e0dbe4f2bca'
ACTION SNIPPET 10000 56 SNIPPET_NOT_RELEVANT b'3be75924-8f4e-11e4-ba53-a477d66580ed'
ACTION SNIPPET 10000 59 SNIPPET_RELEVANT b'8c37f634-0771-11e7-a15f-a58d4a988474'
ACTION DOC 10000 79 EXAMINING_DOCUMENT b'8c37f634-0771-11e7-a15f-a58d4a988474'
ACTION MARK 10000 82 CONSIDERED_RELEVANT b'8c37f634-0771-11e7-a15f-a58d4a988474'
ACTION SNIPPET 10000 85 SNIPPET_NOT_RELEVANT b'67deb6bd961c661d96984c76533af338'
ACTION SNIPPET 10000 88 SNIPPET_NOT_RELEVANT b'8319b240-9b58-11e4-96cc-e858eba91ced'
ACTION SNIPPET 10000 91 SNIPPET_NOT_RELEVANT b'292ea8e820e5c16a70efb61572ee9016'
INFO OUT_OF_QUERIES 
INFO SUMMARY 
INFO TOTAL_QUERIES_ISSUED 1
INFO TOTAL_SNIPPETS_EXAMINED 10
INFO TOTAL_DOCUMENTS_EXAMINED 2
INFO TOTAL_DOCUMENTS_MARKED_RELEVANT 2
INFO TOTAL_ATTRACTIVE_SERP_IMPRESSIONS 1
INFO TOTAL_UNATTRACTIVE_SERP_IMPRESSIONS 0
