ACTION QUERY 10000 10 wildlife extinction
ACTION SERP 10000 15 EXAMINE_SERP
ACTION SNIPPET 10000 18 SNIPPET_NOT_RELEVANT b'fe1e8ffac1b3b0fa77c78a496ff3ee88'
ACTION SNIPPET 10000 21 SNIPPET_NOT_RELEVANT b'ae4eb1cf33a580a2334dd6fe6c1be214'
ACTION SNIPPET 10000 24 SNIPPET_NOT_RELEVANT b'65c7917056ad26d16dc56fa9ee345760'
ACTION SNIPPET 10000 27 SNIPPET_NOT_RELEVANT b'cea40e9cbbfbac28a9837f810eadf80b'
ACTION SNIPPET 10000 30 SNIPPET_NOT_RELEVANT b'cd0c8cd2229b755268a582375f33035a'
ACTION SNIPPET 10000 33 SNIPPET_NOT_RELEVANT b'3aa202a0-f312-11e2-bdae-0d1f78989e8a'
ACTION SNIPPET 10000 36 SNIPPET_NOT_RELEVANT b'5291869f8e067dbbec2e31cd33ae0cce'
ACTION SNIPPET 10000 39 SNIPPET_NOT_RELEVANT b'a0733786-cf93-11e2-8845-d970ccb04497'
ACTION SNIPPET 10000 42 SNIPPET_NOT_RELEVANT b'8040f1be9e5effee1c732e643020d95e'
ACTION SNIPPET 10000 45 SNIPPET_NOT_RELEVANT b'f30bfadcc526ddce6f354d896b0af415'
INFO OUT_OF_QUERIES 
INFO SUMMARY 
INFO TOTAL_QUERIES_ISSUED 1
INFO TOTAL_SNIPPETS_EXAMINED 10
INFO TOTAL_DOCUMENTS_EXAMINED 0
INFO TOTAL_DOCUMENTS_MARKED_RELEVANT 0
INFO TOTAL_ATTRACTIVE_SERP_IMPRESSIONS 1
INFO TOTAL_UNATTRACTIVE_SERP_IMPRESSIONS 0
