ACTION QUERY 10000 10 social media and teen suicide
ACTION SERP 10000 15 EXAMINE_SERP
ACTION SNIPPET 10000 18 SNIPPET_RELEVANT b'00bad2988aff6a1fc691996241db0c32'
ACTION DOC 10000 38 EXAMINING_DOCUMENT b'00bad2988aff6a1fc691996241db0c32'
ACTION MARK 10000 41 CONSIDERED_RELEVANT b'00bad2988aff6a1fc691996241db0c32'
ACTION SNIPPET 10000 44 SNIPPET_RELEVANT b'50ec1b07340f8a13e87527fca0be10ec'
ACTION DOC 10000 64 EXAMINING_DOCUMENT b'50ec1b07340f8a13e87527fca0be10ec'
ACTION MARK 10000 67 CONSIDERED_RELEVANT b'50ec1b07340f8a13e87527fca0be10ec'
ACTION SNIPPET 10000 70 SNIPPET_RELEVANT b'56c1099141c167afa47e7aa0ba6f818f'
ACTION DOC 10000 90 EXAMINING_DOCUMENT b'56c1099141c167afa47e7aa0ba6f818f'
ACTION MARK 10000 93 CONSIDERED_RELEVANT b'56c1099141c167afa47e7aa0ba6f818f'
ACTION SNIPPET 10000 96 SNIPPET_NOT_RELEVANT b'11007169a19aa8d7ca42d2169e6445a4'
ACTION SNIPPET 10000 99 SNIPPET_RELEVANT b'1f799cc1-2d0f-4cdb-8933-9ec55250c7f6'
ACTION DOC 10000 119 EXAMINING_DOCUMENT b'1f799cc1-2d0f-4cdb-8933-9ec55250c7f6'
ACTION MARK 10000 122 CONSIDERED_RELEVANT b'1f799cc1-2d0f-4cdb-8933-9ec55250c7f6'
ACTION SNIPPET 10000 125 SNIPPET_RELEVANT b'5e9bf47d5caf3814de5b9c76f0c6d251'
ACTION DOC 10000 145 EXAMINING_DOCUMENT b'5e9bf47d5caf3814de5b9c76f0c6d251'
ACTION MARK 10000 148 CONSIDERED_RELEVANT b'5e9bf47d5caf3814de5b9c76f0c6d251'
ACTION SNIPPET 10000 151 SNIPPET_NOT_RELEVANT b'fd6fba2bff33e9b33df7f2aca8b7b5a2'
ACTION SNIPPET 10000 154 SNIPPET_RELEVANT b'59f9fa6d5baacf4ab5101c7e13d10e91'
ACTION DOC 10000 174 EXAMINING_DOCUMENT b'59f9fa6d5baacf4ab5101c7e13d10e91'
ACTION MARK 10000 177 CONSIDERED_RELEVANT b'59f9fa6d5baacf4ab5101c7e13d10e91'
ACTION SNIPPET 10000 180 SNIPPET_RELEVANT b'57634dbab8bad9646965b06138da9316'
ACTION DOC 10000 200 EXAMINING_DOCUMENT b'57634dbab8bad9646965b06138da9316'
ACTION MARK 10000 203 CONSIDERED_RELEVANT b'57634dbab8bad9646965b06138da9316'
ACTION SNIPPET 10000 206 SNIPPET_RELEVANT b'12f344bb0556968b1eae88fb45bccb4a'
ACTION DOC 10000 226 EXAMINING_DOCUMENT b'12f344bb0556968b1eae88fb45bccb4a'
ACTION MARK 10000 229 CONSIDERED_RELEVANT b'12f344bb0556968b1eae88fb45bccb4a'
INFO OUT_OF_QUERIES 
INFO SUMMARY 
INFO TOTAL_QUERIES_ISSUED 1
INFO TOTAL_SNIPPETS_EXAMINED 10
INFO TOTAL_DOCUMENTS_EXAMINED 8
INFO TOTAL_DOCUMENTS_MARKED_RELEVANT 8
INFO TOTAL_ATTRACTIVE_SERP_IMPRESSIONS 1
INFO TOTAL_UNATTRACTIVE_SERP_IMPRESSIONS 0
