ACTION QUERY 10000 10 women on 20s
ACTION SERP 10000 15 EXAMINE_SERP
ACTION SNIPPET 10000 18 SNIPPET_RELEVANT b'7b60cd36bb1c08750ecf3e09f777f22e'
ACTION DOC 10000 38 EXAMINING_DOCUMENT b'7b60cd36bb1c08750ecf3e09f777f22e'
ACTION MARK 10000 41 CONSIDERED_RELEVANT b'7b60cd36bb1c08750ecf3e09f777f22e'
ACTION SNIPPET 10000 44 SNIPPET_RELEVANT b'1cec43474d54ec7fc2f823bfe7c8098e'
ACTION DOC 10000 64 EXAMINING_DOCUMENT b'1cec43474d54ec7fc2f823bfe7c8098e'
ACTION MARK 10000 67 CONSIDERED_RELEVANT b'1cec43474d54ec7fc2f823bfe7c8098e'
ACTION SNIPPET 10000 70 SNIPPET_RELEVANT b'c5c527d80bf00b49c997e4ca064cc451'
ACTION DOC 10000 90 EXAMINING_DOCUMENT b'c5c527d80bf00b49c997e4ca064cc451'
ACTION MARK 10000 93 CONSIDERED_RELEVANT b'c5c527d80bf00b49c997e4ca064cc451'
ACTION SNIPPET 10000 96 SNIPPET_NOT_RELEVANT b'7b2ac2da27d43b118fc6c0291181488a'
ACTION SNIPPET 10000 99 SNIPPET_NOT_RELEVANT b'41569e14f80ed9504903fc76d6735420'
ACTION SNIPPET 10000 102 SNIPPET_NOT_RELEVANT b'5fcdf0d328ca092aed57dbea4427b294'
ACTION SNIPPET 10000 105 SNIPPET_RELEVANT b'da6e2282fff6a9ebd5e0de604291264e'
ACTION DOC 10000 125 EXAMINING_DOCUMENT b'da6e2282fff6a9ebd5e0de604291264e'
ACTION MARK 10000 128 CONSIDERED_RELEVANT b'da6e2282fff6a9ebd5e0de604291264e'
ACTION SNIPPET 10000 131 SNIPPET_NOT_RELEVANT b'9077df4912319f6b2504eed724a05a37'
ACTION SNIPPET 10000 134 SNIPPET_RELEVANT b'3128fd11e0e327e93870c4a82c953c7a'
ACTION DOC 10000 154 EXAMINING_DOCUMENT b'3128fd11e0e327e93870c4a82c953c7a'
ACTION MARK 10000 157 CONSIDERED_RELEVANT b'3128fd11e0e327e93870c4a82c953c7a'
ACTION SNIPPET 10000 160 SNIPPET_RELEVANT b'e1526671d746f4a421374155896d8b7a'
ACTION DOC 10000 180 EXAMINING_DOCUMENT b'e1526671d746f4a421374155896d8b7a'
ACTION MARK 10000 183 CONSIDERED_RELEVANT b'e1526671d746f4a421374155896d8b7a'
INFO OUT_OF_QUERIES 
INFO SUMMARY 
INFO TOTAL_QUERIES_ISSUED 1
INFO TOTAL_SNIPPETS_EXAMINED 10
INFO TOTAL_DOCUMENTS_EXAMINED 6
INFO TOTAL_DOCUMENTS_MARKED_RELEVANT 6
INFO TOTAL_ATTRACTIVE_SERP_IMPRESSIONS 1
INFO TOTAL_UNATTRACTIVE_SERP_IMPRESSIONS 0
