ACTION QUERY 10000 10 abuses of e mail
ACTION SERP 10000 15 EXAMINE_SERP
ACTION SNIPPET 10000 18 SNIPPET_NOT_RELEVANT b'506870'
ACTION SNIPPET 10000 21 SNIPPET_NOT_RELEVANT b'501179'
ACTION SNIPPET 10000 24 SNIPPET_RELEVANT b'194014'
ACTION DOC 10000 44 EXAMINING_DOCUMENT b'194014'
ACTION SNIPPET 10000 47 SNIPPET_RELEVANT b'1116169'
ACTION DOC 10000 67 EXAMINING_DOCUMENT b'1116169'
ACTION QUERY 10000 77 abuses of e mail frankly
ACTION SERP 10000 82 EXAMINE_SERP
ACTION SNIPPET 10000 85 SNIPPET_NOT_RELEVANT b'501179'
ACTION SNIPPET 10000 88 SNIPPET_RELEVANT b'506870'
ACTION DOC 10000 108 EXAMINING_DOCUMENT b'506870'
ACTION SNIPPET 10000 111 SNIPPET_NOT_RELEVANT b'1689651'
ACTION SNIPPET 10000 114 SNIPPET_RELEVANT b'1471442'
ACTION DOC 10000 134 EXAMINING_DOCUMENT b'1471442'
ACTION QUERY 10000 144 abuses of e mail fortune
ACTION SERP 10000 149 EXAMINE_SERP
ACTION SNIPPET 10000 152 SNIPPET_RELEVANT b'501179'
ACTION DOC 10000 172 EXAMINING_DOCUMENT b'501179'
ACTION SNIPPET 10000 175 SNIPPET_RELEVANT b'1689651'
ACTION DOC 10000 195 EXAMINING_DOCUMENT b'1689651'
ACTION QUERY 10000 205 abuses of e mail issue
ACTION SERP 10000 210 EXAMINE_SERP
ACTION SNIPPET 10000 213 SEEN_PREVIOUSLY b'506870'
ACTION SNIPPET 10000 216 SNIPPET_RELEVANT b'1381770'
ACTION DOC 10000 236 EXAMINING_DOCUMENT b'1381770'
ACTION SNIPPET 10000 239 SNIPPET_RELEVANT b'955775'
ACTION DOC 10000 259 EXAMINING_DOCUMENT b'955775'
ACTION QUERY 10000 269 abuses of e mail date
ACTION SERP 10000 274 EXAMINE_SERP
ACTION SNIPPET 10000 277 SNIPPET_NOT_RELEVANT b'542391'
ACTION SNIPPET 10000 280 SEEN_PREVIOUSLY b'955775'
ACTION SNIPPET 10000 283 SEEN_PREVIOUSLY b'1381770'
ACTION SNIPPET 10000 286 SNIPPET_NOT_RELEVANT b'911080'
ACTION SNIPPET 10000 289 SNIPPET_NOT_RELEVANT b'1792470'
ACTION SNIPPET 10000 292 SNIPPET_RELEVANT b'1641915'
ACTION DOC 10000 312 EXAMINING_DOCUMENT b'1641915'
ACTION SNIPPET 10000 315 SNIPPET_NOT_RELEVANT b'712349'
ACTION SNIPPET 10000 318 SNIPPET_NOT_RELEVANT b'1186988'
ACTION SNIPPET 10000 321 SNIPPET_NOT_RELEVANT b'1606733'
ACTION QUERY 10000 331 abuses of e mail blossom
ACTION SERP 10000 336 EXAMINE_SERP
ACTION SNIPPET 10000 339 SNIPPET_NOT_RELEVANT b'1205375'
ACTION SNIPPET 10000 342 SNIPPET_NOT_RELEVANT b'853451'
ACTION SNIPPET 10000 345 SNIPPET_NOT_RELEVANT b'1712710'
ACTION SNIPPET 10000 348 SNIPPET_RELEVANT b'1107985'
ACTION DOC 10000 368 EXAMINING_DOCUMENT b'1107985'
ACTION SNIPPET 10000 371 SEEN_PREVIOUSLY b'506870'
ACTION SNIPPET 10000 374 SEEN_PREVIOUSLY b'501179'
ACTION SNIPPET 10000 377 SNIPPET_NOT_RELEVANT b'1186988'
ACTION SNIPPET 10000 380 SNIPPET_RELEVANT b'89669'
ACTION DOC 10000 400 EXAMINING_DOCUMENT b'89669'
ACTION QUERY 10000 410 abuses of e mail practice
ACTION SERP 10000 415 EXAMINE_SERP
ACTION SNIPPET 10000 418 SNIPPET_RELEVANT b'542391'
ACTION DOC 10000 438 EXAMINING_DOCUMENT b'542391'
ACTION SNIPPET 10000 441 SNIPPET_RELEVANT b'1485201'
ACTION DOC 10000 461 EXAMINING_DOCUMENT b'1485201'
ACTION QUERY 10000 471 abuses of e mail voted
ACTION SERP 10000 476 EXAMINE_SERP
ACTION SNIPPET 10000 479 SNIPPET_NOT_RELEVANT b'79116'
ACTION SNIPPET 10000 482 SEEN_PREVIOUSLY b'542391'
ACTION SNIPPET 10000 485 SNIPPET_RELEVANT b'16706'
ACTION DOC 10000 505 EXAMINING_DOCUMENT b'16706'
ACTION SNIPPET 10000 508 SNIPPET_NOT_RELEVANT b'291435'
ACTION SNIPPET 10000 511 SNIPPET_RELEVANT b'286718'
ACTION DOC 10000 531 EXAMINING_DOCUMENT b'286718'
ACTION QUERY 10000 541 abuses of e mail greeting
ACTION SERP 10000 546 EXAMINE_SERP
ACTION SNIPPET 10000 549 SEEN_PREVIOUSLY b'1116169'
ACTION SNIPPET 10000 552 SNIPPET_NOT_RELEVANT b'1399086'
ACTION SNIPPET 10000 555 SNIPPET_NOT_RELEVANT b'1021944'
ACTION SNIPPET 10000 558 SNIPPET_NOT_RELEVANT b'1352827'
ACTION SNIPPET 10000 561 SNIPPET_RELEVANT b'309637'
ACTION DOC 10000 581 EXAMINING_DOCUMENT b'309637'
ACTION SNIPPET 10000 584 SNIPPET_RELEVANT b'1687097'
ACTION DOC 10000 604 EXAMINING_DOCUMENT b'1687097'
ACTION QUERY 10000 614 abuses of e mail street
ACTION SERP 10000 619 EXAMINE_SERP
ACTION SNIPPET 10000 622 SEEN_PREVIOUSLY b'1485201'
ACTION SNIPPET 10000 625 SNIPPET_NOT_RELEVANT b'1390290'
ACTION SNIPPET 10000 628 SEEN_PREVIOUSLY b'506870'
ACTION SNIPPET 10000 631 SEEN_PREVIOUSLY b'501179'
ACTION SNIPPET 10000 634 SNIPPET_NOT_RELEVANT b'1175190'
ACTION SNIPPET 10000 637 SEEN_PREVIOUSLY b'194014'
ACTION SNIPPET 10000 640 SNIPPET_NOT_RELEVANT b'968210'
ACTION SNIPPET 10000 643 SNIPPET_RELEVANT b'966415'
ACTION DOC 10000 663 EXAMINING_DOCUMENT b'966415'
ACTION SNIPPET 10000 666 SNIPPET_NOT_RELEVANT b'964388'
ACTION QUERY 10000 676 abuses of e mail benefits
ACTION SERP 10000 681 EXAMINE_SERP
ACTION SNIPPET 10000 684 SNIPPET_NOT_RELEVANT b'618995'
ACTION SNIPPET 10000 687 SEEN_PREVIOUSLY b'286718'
ACTION SNIPPET 10000 690 SNIPPET_NOT_RELEVANT b'1571333'
ACTION SNIPPET 10000 693 SNIPPET_RELEVANT b'1065228'
ACTION DOC 10000 713 EXAMINING_DOCUMENT b'1065228'
ACTION SNIPPET 10000 716 SNIPPET_RELEVANT b'1382167'
ACTION DOC 10000 736 EXAMINING_DOCUMENT b'1382167'
ACTION QUERY 10000 746 abuses of e mail suing
ACTION SERP 10000 751 EXAMINE_SERP
ACTION SNIPPET 10000 754 SNIPPET_NOT_RELEVANT b'1219691'
ACTION SNIPPET 10000 757 SNIPPET_RELEVANT b'1504225'
ACTION DOC 10000 777 EXAMINING_DOCUMENT b'1504225'
ACTION SNIPPET 10000 780 SNIPPET_NOT_RELEVANT b'1546497'
ACTION SNIPPET 10000 783 SNIPPET_RELEVANT b'1691741'
ACTION DOC 10000 803 EXAMINING_DOCUMENT b'1691741'
ACTION QUERY 10000 813 abuses of e mail color
ACTION SERP 10000 818 EXAMINE_SERP
ACTION SNIPPET 10000 821 SNIPPET_NOT_RELEVANT b'258695'
ACTION SNIPPET 10000 824 SNIPPET_NOT_RELEVANT b'1124291'
ACTION SNIPPET 10000 827 SEEN_PREVIOUSLY b'506870'
ACTION SNIPPET 10000 830 SEEN_PREVIOUSLY b'501179'
ACTION SNIPPET 10000 833 SNIPPET_NOT_RELEVANT b'887328'
ACTION SNIPPET 10000 836 SEEN_PREVIOUSLY b'194014'
ACTION SNIPPET 10000 839 SNIPPET_RELEVANT b'1020235'
ACTION DOC 10000 859 EXAMINING_DOCUMENT b'1020235'
ACTION SNIPPET 10000 862 SEEN_PREVIOUSLY b'1116169'
ACTION SNIPPET 10000 865 SNIPPET_RELEVANT b'287400'
ACTION DOC 10000 885 EXAMINING_DOCUMENT b'287400'
ACTION QUERY 10000 895 abuses of e mail global
ACTION SERP 10000 900 EXAMINE_SERP
ACTION SNIPPET 10000 903 SNIPPET_NOT_RELEVANT b'1365691'
ACTION SNIPPET 10000 906 SNIPPET_NOT_RELEVANT b'686603'
ACTION SNIPPET 10000 909 SNIPPET_NOT_RELEVANT b'734127'
ACTION SNIPPET 10000 912 SEEN_PREVIOUSLY b'506870'
ACTION SNIPPET 10000 915 SEEN_PREVIOUSLY b'501179'
ACTION SNIPPET 10000 918 SNIPPET_NOT_RELEVANT b'1382843'
ACTION SNIPPET 10000 921 SNIPPET_RELEVANT b'1800929'
ACTION DOC 10000 941 EXAMINING_DOCUMENT b'1800929'
ACTION SNIPPET 10000 944 SEEN_PREVIOUSLY b'194014'
ACTION SNIPPET 10000 947 SNIPPET_RELEVANT b'1158866'
ACTION DOC 10000 967 EXAMINING_DOCUMENT b'1158866'
ACTION QUERY 10000 977 abuses of e mail moment
ACTION SERP 10000 982 EXAMINE_SERP
ACTION SNIPPET 10000 985 SEEN_PREVIOUSLY b'542391'
ACTION SNIPPET 10000 988 SNIPPET_NOT_RELEVANT b'1794957'
ACTION SNIPPET 10000 991 SEEN_PREVIOUSLY b'506870'
ACTION SNIPPET 10000 994 SEEN_PREVIOUSLY b'501179'
ACTION SNIPPET 10000 997 SNIPPET_RELEVANT b'1581330'
ACTION DOC 10000 1017 EXAMINING_DOCUMENT b'1581330'
ACTION SNIPPET 10000 1020 SNIPPET_NOT_RELEVANT b'1398764'
ACTION SNIPPET 10000 1023 SNIPPET_RELEVANT b'1402840'
ACTION DOC 10000 1043 EXAMINING_DOCUMENT b'1402840'
ACTION QUERY 10000 1053 abuses of e mail offered
ACTION SERP 10000 1058 EXAMINE_SERP
ACTION SNIPPET 10000 1061 SEEN_PREVIOUSLY b'1116169'
ACTION SNIPPET 10000 1064 SNIPPET_NOT_RELEVANT b'1238056'
ACTION SNIPPET 10000 1067 SEEN_PREVIOUSLY b'955775'
ACTION SNIPPET 10000 1070 SNIPPET_NOT_RELEVANT b'1661805'
ACTION SNIPPET 10000 1073 SNIPPET_NOT_RELEVANT b'1365691'
ACTION SNIPPET 10000 1076 SEEN_PREVIOUSLY b'1382167'
ACTION SNIPPET 10000 1079 SEEN_PREVIOUSLY b'506870'
ACTION SNIPPET 10000 1082 SEEN_PREVIOUSLY b'501179'
ACTION SNIPPET 10000 1085 SNIPPET_NOT_RELEVANT b'1747359'
ACTION SNIPPET 10000 1088 SNIPPET_NOT_RELEVANT b'138898'
ACTION SNIPPET 10000 1091 SEEN_PREVIOUSLY b'1641915'
ACTION SNIPPET 10000 1094 SEEN_PREVIOUSLY b'194014'
ACTION SNIPPET 10000 1097 SNIPPET_NOT_RELEVANT b'1249478'
ACTION SNIPPET 10000 1100 SNIPPET_RELEVANT b'1563694'
ACTION DOC 10000 1120 EXAMINING_DOCUMENT b'1563694'
ACTION QUERY 10000 1130 abuses of e mail systems
ACTION SERP 10000 1135 EXAMINE_SERP
ACTION SNIPPET 10000 1138 SEEN_PREVIOUSLY b'506870'
ACTION SNIPPET 10000 1141 SNIPPET_NOT_RELEVANT b'1747359'
ACTION SNIPPET 10000 1144 SNIPPET_RELEVANT b'1365691'
ACTION DOC 10000 1164 EXAMINING_DOCUMENT b'1365691'
ACTION SNIPPET 10000 1167 SNIPPET_RELEVANT b'1205982'
ACTION DOC 10000 1187 EXAMINING_DOCUMENT b'1205982'
ACTION QUERY 10000 1197 abuses of e mail missing
ACTION SERP 10000 1202 EXAMINE_SERP
ACTION SNIPPET 10000 1205 SNIPPET_RELEVANT b'1390290'
ACTION DOC 10000 1225 EXAMINING_DOCUMENT b'1390290'
ACTION SNIPPET 10000 1228 SNIPPET_RELEVANT b'72913'
ACTION DOC 10000 1248 EXAMINING_DOCUMENT b'72913'
ACTION QUERY 10000 1258 abuses of e mail charged
ACTION SERP 10000 1263 EXAMINE_SERP
ACTION SNIPPET 10000 1266 SNIPPET_RELEVANT b'471647'
ACTION DOC 10000 1286 EXAMINING_DOCUMENT b'471647'
ACTION SNIPPET 10000 1289 SEEN_PREVIOUSLY b'1381770'
ACTION SNIPPET 10000 1292 SNIPPET_NOT_RELEVANT b'1175190'
ACTION SNIPPET 10000 1295 SNIPPET_RELEVANT b'1582192'
ACTION DOC 10000 1315 EXAMINING_DOCUMENT b'1582192'
ACTION QUERY 10000 1325 abuses of e mail fred
ACTION SERP 10000 1330 EXAMINE_SERP
ACTION SNIPPET 10000 1333 SNIPPET_NOT_RELEVANT b'1626672'
ACTION SNIPPET 10000 1336 SNIPPET_RELEVANT b'1427271'
ACTION DOC 10000 1356 EXAMINING_DOCUMENT b'1427271'
ACTION SNIPPET 10000 1359 SNIPPET_NOT_RELEVANT b'141609'
ACTION SNIPPET 10000 1362 SNIPPET_NOT_RELEVANT b'679350'
ACTION SNIPPET 10000 1365 SEEN_PREVIOUSLY b'506870'
ACTION SNIPPET 10000 1368 SEEN_PREVIOUSLY b'501179'
ACTION SNIPPET 10000 1371 SNIPPET_RELEVANT b'680850'
ACTION DOC 10000 1391 EXAMINING_DOCUMENT b'680850'
ACTION QUERY 10000 1401 abuses of e mail custody
ACTION SERP 10000 1406 EXAMINE_SERP
ACTION SNIPPET 10000 1409 SEEN_PREVIOUSLY b'1641915'
ACTION SNIPPET 10000 1412 SNIPPET_NOT_RELEVANT b'1555420'
ACTION SNIPPET 10000 1415 SNIPPET_RELEVANT b'381260'
ACTION DOC 10000 1435 EXAMINING_DOCUMENT b'381260'
ACTION SNIPPET 10000 1438 SNIPPET_RELEVANT b'1374746'
ACTION DOC 10000 1458 EXAMINING_DOCUMENT b'1374746'
ACTION QUERY 10000 1468 abuses of e mail whos
ACTION SERP 10000 1473 EXAMINE_SERP
ACTION SNIPPET 10000 1476 SEEN_PREVIOUSLY b'506870'
ACTION SNIPPET 10000 1479 SEEN_PREVIOUSLY b'501179'
ACTION SNIPPET 10000 1482 SEEN_PREVIOUSLY b'194014'
ACTION SNIPPET 10000 1485 SEEN_PREVIOUSLY b'1116169'
ACTION SNIPPET 10000 1488 SEEN_PREVIOUSLY b'542391'
ACTION SNIPPET 10000 1491 SNIPPET_NOT_RELEVANT b'79116'
ACTION SNIPPET 10000 1494 SNIPPET_RELEVANT b'1309604'
ACTION DOC 10000 1514 EXAMINING_DOCUMENT b'1309604'
ACTION MARK 10000 1517 CONSIDERED_RELEVANT b'1309604'
ACTION SNIPPET 10000 1520 SNIPPET_RELEVANT b'1238056'
ACTION DOC 10000 1540 EXAMINING_DOCUMENT b'1238056'
ACTION SNIPPET 10000 1543 SEEN_PREVIOUSLY b'955775'
ACTION SNIPPET 10000 1546 SEEN_PREVIOUSLY b'1381770'
ACTION SNIPPET 10000 1549 SNIPPET_NOT_RELEVANT b'1747359'
ACTION SNIPPET 10000 1552 SNIPPET_NOT_RELEVANT b'1674087'
ACTION SNIPPET 10000 1555 SEEN_PREVIOUSLY b'1641915'
ACTION SNIPPET 10000 1558 SNIPPET_NOT_RELEVANT b'1219691'
ACTION SNIPPET 10000 1561 SNIPPET_NOT_RELEVANT b'381425'
ACTION SNIPPET 10000 1564 SNIPPET_RELEVANT b'1794957'
ACTION DOC 10000 1584 EXAMINING_DOCUMENT b'1794957'
ACTION QUERY 10000 1594 abuses of e mail youre
ACTION SERP 10000 1599 EXAMINE_SERP
ACTION SNIPPET 10000 1602 SNIPPET_NOT_RELEVANT b'1136969'
ACTION SNIPPET 10000 1605 SNIPPET_RELEVANT b'1775938'
ACTION DOC 10000 1625 EXAMINING_DOCUMENT b'1775938'
ACTION SNIPPET 10000 1628 SNIPPET_RELEVANT b'1787988'
ACTION DOC 10000 1648 EXAMINING_DOCUMENT b'1787988'
ACTION QUERY 10000 1658 abuses of e mail personal
ACTION SERP 10000 1663 EXAMINE_SERP
ACTION SNIPPET 10000 1666 SEEN_PREVIOUSLY b'1309604'
ACTION SNIPPET 10000 1669 SEEN_PREVIOUSLY b'1381770'
ACTION SNIPPET 10000 1672 SNIPPET_RELEVANT b'381425'
ACTION DOC 10000 1692 EXAMINING_DOCUMENT b'381425'
ACTION SNIPPET 10000 1695 SNIPPET_RELEVANT b'1038655'
ACTION DOC 10000 1715 EXAMINING_DOCUMENT b'1038655'
ACTION QUERY 10000 1725 abuses of e mail laptop
ACTION SERP 10000 1730 EXAMINE_SERP
ACTION SNIPPET 10000 1733 SNIPPET_NOT_RELEVANT b'1279592'
ACTION SNIPPET 10000 1736 SNIPPET_NOT_RELEVANT b'1035348'
ACTION SNIPPET 10000 1739 SNIPPET_NOT_RELEVANT b'1844222'
ACTION SNIPPET 10000 1742 SNIPPET_NOT_RELEVANT b'1400082'
ACTION SNIPPET 10000 1745 SNIPPET_RELEVANT b'747667'
ACTION DOC 10000 1765 EXAMINING_DOCUMENT b'747667'
ACTION SNIPPET 10000 1768 SNIPPET_NOT_RELEVANT b'1032064'
ACTION SNIPPET 10000 1771 SNIPPET_RELEVANT b'449955'
ACTION DOC 10000 1791 EXAMINING_DOCUMENT b'449955'
ACTION QUERY 10000 1801 abuses of e mail purpose
ACTION SERP 10000 1806 EXAMINE_SERP
ACTION SNIPPET 10000 1809 SEEN_PREVIOUSLY b'1689651'
ACTION SNIPPET 10000 1812 SEEN_PREVIOUSLY b'381425'
ACTION SNIPPET 10000 1815 SNIPPET_RELEVANT b'258695'
ACTION DOC 10000 1835 EXAMINING_DOCUMENT b'258695'
ACTION SNIPPET 10000 1838 SNIPPET_NOT_RELEVANT b'207685'
ACTION SNIPPET 10000 1841 SEEN_PREVIOUSLY b'1365691'
ACTION SNIPPET 10000 1844 SNIPPET_NOT_RELEVANT b'121918'
ACTION SNIPPET 10000 1847 SNIPPET_NOT_RELEVANT b'1620937'
ACTION SNIPPET 10000 1850 SNIPPET_NOT_RELEVANT b'1413232'
ACTION SNIPPET 10000 1853 SNIPPET_NOT_RELEVANT b'47378'
ACTION QUERY 10000 1863 abuses of e mail working
ACTION SERP 10000 1868 EXAMINE_SERP
ACTION SNIPPET 10000 1871 SEEN_PREVIOUSLY b'501179'
ACTION SNIPPET 10000 1874 SEEN_PREVIOUSLY b'506870'
ACTION SNIPPET 10000 1877 SEEN_PREVIOUSLY b'1309604'
ACTION SNIPPET 10000 1880 SNIPPET_NOT_RELEVANT b'1747359'
ACTION SNIPPET 10000 1883 SEEN_PREVIOUSLY b'194014'
ACTION SNIPPET 10000 1886 SEEN_PREVIOUSLY b'1238056'
ACTION SNIPPET 10000 1889 SEEN_PREVIOUSLY b'1485201'
ACTION SNIPPET 10000 1892 SEEN_PREVIOUSLY b'955775'
ACTION SNIPPET 10000 1895 SEEN_PREVIOUSLY b'1116169'
ACTION SNIPPET 10000 1898 SEEN_PREVIOUSLY b'1794957'
ACTION SNIPPET 10000 1901 SNIPPET_RELEVANT b'1606733'
ACTION DOC 10000 1921 EXAMINING_DOCUMENT b'1606733'
ACTION QUERY 10000 1931 abuses of e mail work
ACTION SERP 10000 1936 EXAMINE_SERP
ACTION SNIPPET 10000 1939 SEEN_PREVIOUSLY b'501179'
ACTION SNIPPET 10000 1942 SEEN_PREVIOUSLY b'506870'
ACTION SNIPPET 10000 1945 SEEN_PREVIOUSLY b'1309604'
ACTION SNIPPET 10000 1948 SNIPPET_NOT_RELEVANT b'1747359'
ACTION SNIPPET 10000 1951 SEEN_PREVIOUSLY b'194014'
ACTION SNIPPET 10000 1954 SEEN_PREVIOUSLY b'1238056'
ACTION SNIPPET 10000 1957 SEEN_PREVIOUSLY b'1485201'
ACTION SNIPPET 10000 1960 SEEN_PREVIOUSLY b'955775'
ACTION SNIPPET 10000 1963 SEEN_PREVIOUSLY b'1116169'
ACTION SNIPPET 10000 1966 SEEN_PREVIOUSLY b'1794957'
ACTION SNIPPET 10000 1969 SEEN_PREVIOUSLY b'1606733'
ACTION SNIPPET 10000 1972 SNIPPET_RELEVANT b'1595999'
ACTION DOC 10000 1992 EXAMINING_DOCUMENT b'1595999'
ACTION QUERY 10000 2002 abuses of e mail best
ACTION SERP 10000 2007 EXAMINE_SERP
ACTION SNIPPET 10000 2010 SEEN_PREVIOUSLY b'1381770'
ACTION SNIPPET 10000 2013 SEEN_PREVIOUSLY b'1390290'
ACTION SNIPPET 10000 2016 SEEN_PREVIOUSLY b'506870'
ACTION SNIPPET 10000 2019 SEEN_PREVIOUSLY b'501179'
ACTION SNIPPET 10000 2022 SEEN_PREVIOUSLY b'194014'
ACTION SNIPPET 10000 2025 SNIPPET_NOT_RELEVANT b'968210'
ACTION SNIPPET 10000 2028 SEEN_PREVIOUSLY b'966415'
ACTION SNIPPET 10000 2031 SNIPPET_RELEVANT b'964388'
ACTION DOC 10000 2051 EXAMINING_DOCUMENT b'964388'
ACTION SNIPPET 10000 2054 SEEN_PREVIOUSLY b'1582192'
ACTION QUERY 10000 2064 abuses of e mail laptops
ACTION SERP 10000 2069 EXAMINE_SERP
ACTION SNIPPET 10000 2072 SNIPPET_NOT_RELEVANT b'1279592'
ACTION SNIPPET 10000 2075 SNIPPET_NOT_RELEVANT b'1035348'
ACTION SNIPPET 10000 2078 SNIPPET_RELEVANT b'1844222'
ACTION DOC 10000 2098 EXAMINING_DOCUMENT b'1844222'
ACTION SNIPPET 10000 2101 SNIPPET_NOT_RELEVANT b'1400082'
ACTION SNIPPET 10000 2104 SEEN_PREVIOUSLY b'747667'
ACTION SNIPPET 10000 2107 SNIPPET_RELEVANT b'1032064'
ACTION DOC 10000 2127 EXAMINING_DOCUMENT b'1032064'
ACTION QUERY 10000 2137 abuses of e mail using
ACTION SERP 10000 2142 EXAMINE_SERP
ACTION SNIPPET 10000 2145 SEEN_PREVIOUSLY b'1309604'
ACTION SNIPPET 10000 2148 SEEN_PREVIOUSLY b'1365691'
ACTION SNIPPET 10000 2151 SEEN_PREVIOUSLY b'1689651'
ACTION SNIPPET 10000 2154 SEEN_PREVIOUSLY b'381425'
ACTION SNIPPET 10000 2157 SNIPPET_RELEVANT b'1403816'
ACTION DOC 10000 2177 EXAMINING_DOCUMENT b'1403816'
ACTION SNIPPET 10000 2180 SEEN_PREVIOUSLY b'1038655'
ACTION SNIPPET 10000 2183 SEEN_PREVIOUSLY b'1641915'
ACTION SNIPPET 10000 2186 SEEN_PREVIOUSLY b'506870'
ACTION SNIPPET 10000 2189 SEEN_PREVIOUSLY b'501179'
ACTION QUERY 10000 2199 abuses of e mail computer
ACTION SERP 10000 2204 EXAMINE_SERP
ACTION SNIPPET 10000 2207 SEEN_PREVIOUSLY b'1309604'
ACTION SNIPPET 10000 2210 SEEN_PREVIOUSLY b'1038655'
ACTION SNIPPET 10000 2213 SEEN_PREVIOUSLY b'1205982'
ACTION SNIPPET 10000 2216 SNIPPET_NOT_RELEVANT b'1005104'
ACTION SNIPPET 10000 2219 SNIPPET_NOT_RELEVANT b'710542'
ACTION SNIPPET 10000 2222 SNIPPET_RELEVANT b'1224459'
ACTION DOC 10000 2242 EXAMINING_DOCUMENT b'1224459'
ACTION SNIPPET 10000 2245 SNIPPET_NOT_RELEVANT b'734127'
ACTION SNIPPET 10000 2248 SEEN_PREVIOUSLY b'1020235'
ACTION SNIPPET 10000 2251 SNIPPET_RELEVANT b'131620'
ACTION DOC 10000 2271 EXAMINING_DOCUMENT b'131620'
ACTION QUERY 10000 2281 abuses of e mail type
ACTION SERP 10000 2286 EXAMINE_SERP
ACTION SNIPPET 10000 2289 SEEN_PREVIOUSLY b'1020235'
ACTION SNIPPET 10000 2292 SNIPPET_NOT_RELEVANT b'1641883'
ACTION SNIPPET 10000 2295 SNIPPET_RELEVANT b'1580049'
ACTION DOC 10000 2315 EXAMINING_DOCUMENT b'1580049'
ACTION SNIPPET 10000 2318 SEEN_PREVIOUSLY b'258695'
ACTION SNIPPET 10000 2321 SNIPPET_NOT_RELEVANT b'710542'
ACTION SNIPPET 10000 2324 SEEN_PREVIOUSLY b'506870'
ACTION SNIPPET 10000 2327 SEEN_PREVIOUSLY b'501179'
ACTION SNIPPET 10000 2330 SNIPPET_RELEVANT b'1005104'
ACTION DOC 10000 2350 EXAMINING_DOCUMENT b'1005104'
ACTION QUERY 10000 2360 abuses of e mail game
ACTION SERP 10000 2365 EXAMINE_SERP
ACTION SNIPPET 10000 2368 SEEN_PREVIOUSLY b'1309604'
ACTION SNIPPET 10000 2371 SNIPPET_RELEVANT b'1631703'
ACTION DOC 10000 2391 EXAMINING_DOCUMENT b'1631703'
ACTION SNIPPET 10000 2394 SNIPPET_NOT_RELEVANT b'1279592'
ACTION SNIPPET 10000 2397 SEEN_PREVIOUSLY b'506870'
ACTION SNIPPET 10000 2400 SEEN_PREVIOUSLY b'501179'
ACTION SNIPPET 10000 2403 SEEN_PREVIOUSLY b'194014'
ACTION SNIPPET 10000 2406 SNIPPET_RELEVANT b'617506'
ACTION DOC 10000 2426 EXAMINING_DOCUMENT b'617506'
ACTION QUERY 10000 2436 abuses of e mail games
ACTION SERP 10000 2441 EXAMINE_SERP
ACTION SNIPPET 10000 2444 SEEN_PREVIOUSLY b'1309604'
ACTION SNIPPET 10000 2447 SEEN_PREVIOUSLY b'1631703'
ACTION SNIPPET 10000 2450 SNIPPET_RELEVANT b'1279592'
ACTION DOC 10000 2470 EXAMINING_DOCUMENT b'1279592'
ACTION SNIPPET 10000 2473 SEEN_PREVIOUSLY b'506870'
ACTION SNIPPET 10000 2476 SEEN_PREVIOUSLY b'501179'
ACTION SNIPPET 10000 2479 SEEN_PREVIOUSLY b'194014'
ACTION SNIPPET 10000 2482 SEEN_PREVIOUSLY b'617506'
ACTION SNIPPET 10000 2485 SEEN_PREVIOUSLY b'1116169'
ACTION SNIPPET 10000 2488 SNIPPET_RELEVANT b'895942'
ACTION DOC 10000 2508 EXAMINING_DOCUMENT b'895942'
ACTION QUERY 10000 2518 abuses of e mail desktop
ACTION SERP 10000 2523 EXAMINE_SERP
ACTION SNIPPET 10000 2526 SNIPPET_NOT_RELEVANT b'1697221'
ACTION SNIPPET 10000 2529 SNIPPET_RELEVANT b'1620817'
ACTION DOC 10000 2549 EXAMINING_DOCUMENT b'1620817'
ACTION SNIPPET 10000 2552 SNIPPET_RELEVANT b'1270878'
ACTION DOC 10000 2572 EXAMINING_DOCUMENT b'1270878'
ACTION QUERY 10000 2582 abuses of e mail take
ACTION SERP 10000 2587 EXAMINE_SERP
ACTION SNIPPET 10000 2590 SEEN_PREVIOUSLY b'506870'
ACTION SNIPPET 10000 2593 SEEN_PREVIOUSLY b'501179'
ACTION SNIPPET 10000 2596 SEEN_PREVIOUSLY b'194014'
ACTION SNIPPET 10000 2599 SEEN_PREVIOUSLY b'955775'
ACTION SNIPPET 10000 2602 SNIPPET_NOT_RELEVANT b'1747359'
ACTION SNIPPET 10000 2605 SNIPPET_RELEVANT b'1219691'
ACTION DOC 10000 2625 EXAMINING_DOCUMENT b'1219691'
ACTION SNIPPET 10000 2628 SEEN_PREVIOUSLY b'1038655'
ACTION SNIPPET 10000 2631 SEEN_PREVIOUSLY b'1641915'
ACTION SNIPPET 10000 2634 SEEN_PREVIOUSLY b'1116169'
ACTION QUERY 10000 2644 abuses of e mail need
ACTION SERP 10000 2649 EXAMINE_SERP
ACTION SNIPPET 10000 2652 SNIPPET_NOT_RELEVANT b'1747359'
ACTION SNIPPET 10000 2655 SEEN_PREVIOUSLY b'506870'
ACTION SNIPPET 10000 2658 SEEN_PREVIOUSLY b'501179'
ACTION SNIPPET 10000 2661 SEEN_PREVIOUSLY b'381425'
ACTION SNIPPET 10000 2664 SEEN_PREVIOUSLY b'1038655'
ACTION SNIPPET 10000 2667 SNIPPET_NOT_RELEVANT b'1674087'
ACTION SNIPPET 10000 2670 SEEN_PREVIOUSLY b'1641915'
ACTION SNIPPET 10000 2673 SEEN_PREVIOUSLY b'194014'
ACTION SNIPPET 10000 2676 SEEN_PREVIOUSLY b'1365691'
ACTION SNIPPET 10000 2679 SNIPPET_NOT_RELEVANT b'547785'
ACTION SNIPPET 10000 2682 SEEN_PREVIOUSLY b'258695'
ACTION SNIPPET 10000 2685 SNIPPET_NOT_RELEVANT b'997195'
ACTION SNIPPET 10000 2688 SEEN_PREVIOUSLY b'1116169'
ACTION SNIPPET 10000 2691 SEEN_PREVIOUSLY b'286718'
ACTION SNIPPET 10000 2694 SEEN_PREVIOUSLY b'1606733'
ACTION QUERY 10000 2704 abuses of e mail played
ACTION SERP 10000 2709 EXAMINE_SERP
ACTION SNIPPET 10000 2712 SEEN_PREVIOUSLY b'1309604'
ACTION SNIPPET 10000 2715 SEEN_PREVIOUSLY b'1485201'
ACTION SNIPPET 10000 2718 SEEN_PREVIOUSLY b'506870'
ACTION SNIPPET 10000 2721 SEEN_PREVIOUSLY b'501179'
ACTION SNIPPET 10000 2724 SNIPPET_NOT_RELEVANT b'1424814'
ACTION SNIPPET 10000 2727 SEEN_PREVIOUSLY b'1641915'
ACTION SNIPPET 10000 2730 SEEN_PREVIOUSLY b'194014'
ACTION SNIPPET 10000 2733 SEEN_PREVIOUSLY b'1689651'
ACTION SNIPPET 10000 2736 SEEN_PREVIOUSLY b'1116169'
ACTION SNIPPET 10000 2739 SNIPPET_NOT_RELEVANT b'1652336'
ACTION SNIPPET 10000 2742 SEEN_PREVIOUSLY b'1581330'
ACTION SNIPPET 10000 2745 SNIPPET_RELEVANT b'311875'
ACTION DOC 10000 2765 EXAMINING_DOCUMENT b'311875'
ACTION QUERY 10000 2775 abuses of e mail important
ACTION SERP 10000 2780 EXAMINE_SERP
ACTION SNIPPET 10000 2783 SEEN_PREVIOUSLY b'506870'
ACTION SNIPPET 10000 2786 SEEN_PREVIOUSLY b'194014'
ACTION SNIPPET 10000 2789 SNIPPET_RELEVANT b'288907'
ACTION DOC 10000 2809 EXAMINING_DOCUMENT b'288907'
ACTION SNIPPET 10000 2812 SEEN_PREVIOUSLY b'1794957'
ACTION SNIPPET 10000 2815 SEEN_PREVIOUSLY b'501179'
ACTION SNIPPET 10000 2818 SEEN_PREVIOUSLY b'1504225'
ACTION SNIPPET 10000 2821 SNIPPET_NOT_RELEVANT b'1528091'
ACTION SNIPPET 10000 2824 SEEN_PREVIOUSLY b'1038655'
ACTION SNIPPET 10000 2827 SNIPPET_NOT_RELEVANT b'113714'
ACTION QUERY 10000 2837 abuses of e mail can
ACTION SERP 10000 2842 EXAMINE_SERP
ACTION SNIPPET 10000 2845 SEEN_PREVIOUSLY b'506870'
ACTION SNIPPET 10000 2848 SEEN_PREVIOUSLY b'501179'
ACTION SNIPPET 10000 2851 SEEN_PREVIOUSLY b'1116169'
ACTION SNIPPET 10000 2854 SEEN_PREVIOUSLY b'1238056'
ACTION SNIPPET 10000 2857 SEEN_PREVIOUSLY b'955775'
ACTION SNIPPET 10000 2860 SEEN_PREVIOUSLY b'542391'
ACTION SNIPPET 10000 2863 SEEN_PREVIOUSLY b'194014'
ACTION SNIPPET 10000 2866 SEEN_PREVIOUSLY b'1485201'
ACTION SNIPPET 10000 2869 SNIPPET_RELEVANT b'1747359'
ACTION DOC 10000 2889 EXAMINING_DOCUMENT b'1747359'
ACTION QUERY 10000 2899 abuses of e mail workplace
ACTION SERP 10000 2904 EXAMINE_SERP
ACTION SNIPPET 10000 2907 SEEN_PREVIOUSLY b'1595999'
ACTION SNIPPET 10000 2910 SNIPPET_RELEVANT b'1259324'
ACTION DOC 10000 2930 EXAMINING_DOCUMENT b'1259324'
ACTION SNIPPET 10000 2933 SNIPPET_RELEVANT b'1095677'
ACTION DOC 10000 2953 EXAMINING_DOCUMENT b'1095677'
ACTION QUERY 10000 2963 abuses of e mail play
ACTION SERP 10000 2968 EXAMINE_SERP
ACTION SNIPPET 10000 2971 SEEN_PREVIOUSLY b'1309604'
ACTION SNIPPET 10000 2974 SEEN_PREVIOUSLY b'1485201'
ACTION SNIPPET 10000 2977 SEEN_PREVIOUSLY b'506870'
ACTION SNIPPET 10000 2980 SEEN_PREVIOUSLY b'501179'
ACTION SNIPPET 10000 2983 SNIPPET_RELEVANT b'1424814'
ACTION DOC 10000 3003 EXAMINING_DOCUMENT b'1424814'
ACTION SNIPPET 10000 3006 SEEN_PREVIOUSLY b'1641915'
ACTION SNIPPET 10000 3009 SEEN_PREVIOUSLY b'194014'
ACTION SNIPPET 10000 3012 SEEN_PREVIOUSLY b'1689651'
ACTION SNIPPET 10000 3015 SEEN_PREVIOUSLY b'1116169'
ACTION QUERY 10000 3025 abuses of e mail common
ACTION SERP 10000 3030 EXAMINE_SERP
ACTION SNIPPET 10000 3033 SNIPPET_NOT_RELEVANT b'79116'
ACTION SNIPPET 10000 3036 SEEN_PREVIOUSLY b'1794957'
ACTION SNIPPET 10000 3039 SNIPPET_RELEVANT b'1397282'
ACTION DOC 10000 3059 EXAMINING_DOCUMENT b'1397282'
ACTION SNIPPET 10000 3062 SEEN_PREVIOUSLY b'1365691'
ACTION SNIPPET 10000 3065 SNIPPET_RELEVANT b'1845190'
ACTION DOC 10000 3085 EXAMINING_DOCUMENT b'1845190'
ACTION QUERY 10000 3095 abuses of e mail computers
ACTION SERP 10000 3100 EXAMINE_SERP
ACTION SNIPPET 10000 3103 SEEN_PREVIOUSLY b'1309604'
ACTION SNIPPET 10000 3106 SEEN_PREVIOUSLY b'1038655'
ACTION SNIPPET 10000 3109 SEEN_PREVIOUSLY b'1205982'
ACTION SNIPPET 10000 3112 SEEN_PREVIOUSLY b'1005104'
ACTION SNIPPET 10000 3115 SNIPPET_RELEVANT b'710542'
ACTION DOC 10000 3135 EXAMINING_DOCUMENT b'710542'
ACTION SNIPPET 10000 3138 SEEN_PREVIOUSLY b'1224459'
ACTION SNIPPET 10000 3141 SNIPPET_NOT_RELEVANT b'734127'
ACTION SNIPPET 10000 3144 SEEN_PREVIOUSLY b'1020235'
ACTION SNIPPET 10000 3147 SEEN_PREVIOUSLY b'131620'
ACTION QUERY 10000 3157 abuses of e mail dolphins
ACTION SERP 10000 3162 EXAMINE_SERP
ACTION SNIPPET 10000 3165 SEEN_PREVIOUSLY b'1631703'
ACTION SNIPPET 10000 3168 SNIPPET_NOT_RELEVANT b'1681123'
ACTION SNIPPET 10000 3171 SNIPPET_RELEVANT b'1757215'
ACTION DOC 10000 3191 EXAMINING_DOCUMENT b'1757215'
ACTION SNIPPET 10000 3194 SNIPPET_NOT_RELEVANT b'1629923'
ACTION SNIPPET 10000 3197 SNIPPET_RELEVANT b'1711521'
ACTION DOC 10000 3217 EXAMINING_DOCUMENT b'1711521'
ACTION QUERY 10000 3227 abuses of e mail headed
ACTION SERP 10000 3232 EXAMINE_SERP
ACTION SNIPPET 10000 3235 SEEN_PREVIOUSLY b'506870'
ACTION SNIPPET 10000 3238 SEEN_PREVIOUSLY b'501179'
ACTION SNIPPET 10000 3241 SNIPPET_NOT_RELEVANT b'547785'
ACTION SNIPPET 10000 3244 SNIPPET_RELEVANT b'1398764'
ACTION DOC 10000 3264 EXAMINING_DOCUMENT b'1398764'
ACTION SNIPPET 10000 3267 SEEN_PREVIOUSLY b'194014'
ACTION SNIPPET 10000 3270 SNIPPET_NOT_RELEVANT b'1578948'
ACTION SNIPPET 10000 3273 SNIPPET_NOT_RELEVANT b'1065677'
ACTION SNIPPET 10000 3276 SNIPPET_NOT_RELEVANT b'1641883'
ACTION SNIPPET 10000 3279 SEEN_PREVIOUSLY b'1116169'
ACTION QUERY 10000 3289 abuses of e mail solve
ACTION SERP 10000 3294 EXAMINE_SERP
ACTION SNIPPET 10000 3297 SEEN_PREVIOUSLY b'1747359'
ACTION SNIPPET 10000 3300 SNIPPET_RELEVANT b'1399086'
ACTION DOC 10000 3320 EXAMINING_DOCUMENT b'1399086'
ACTION SNIPPET 10000 3323 SEEN_PREVIOUSLY b'1038655'
ACTION SNIPPET 10000 3326 SNIPPET_RELEVANT b'1065677'
ACTION DOC 10000 3346 EXAMINING_DOCUMENT b'1065677'
ACTION QUERY 10000 3356 abuses of e mail met
ACTION SERP 10000 3361 EXAMINE_SERP
ACTION SNIPPET 10000 3364 SEEN_PREVIOUSLY b'1381770'
ACTION SNIPPET 10000 3367 SNIPPET_NOT_RELEVANT b'911080'
ACTION SNIPPET 10000 3370 SEEN_PREVIOUSLY b'1747359'
ACTION SNIPPET 10000 3373 SNIPPET_NOT_RELEVANT b'1163231'
ACTION SNIPPET 10000 3376 SNIPPET_NOT_RELEVANT b'1020680'
ACTION SNIPPET 10000 3379 SNIPPET_NOT_RELEVANT b'1249478'
ACTION SNIPPET 10000 3382 SEEN_PREVIOUSLY b'506870'
ACTION SNIPPET 10000 3385 SNIPPET_NOT_RELEVANT b'911133'
ACTION SNIPPET 10000 3388 SNIPPET_NOT_RELEVANT b'1232389'
ACTION SNIPPET 10000 3391 SNIPPET_NOT_RELEVANT b'712349'
ACTION SNIPPET 10000 3394 SEEN_PREVIOUSLY b'501179'
ACTION SNIPPET 10000 3397 SEEN_PREVIOUSLY b'1398764'
ACTION SNIPPET 10000 3400 SNIPPET_NOT_RELEVANT b'1624960'
ACTION SNIPPET 10000 3403 SEEN_PREVIOUSLY b'194014'
ACTION SNIPPET 10000 3406 SNIPPET_RELEVANT b'894711'
ACTION DOC 10000 3426 EXAMINING_DOCUMENT b'894711'
ACTION QUERY 10000 3436 abuses of e mail square
ACTION SERP 10000 3441 EXAMINE_SERP
ACTION SNIPPET 10000 3444 SEEN_PREVIOUSLY b'1595999'
ACTION SNIPPET 10000 3447 SEEN_PREVIOUSLY b'506870'
ACTION SNIPPET 10000 3450 SEEN_PREVIOUSLY b'501179'
ACTION SNIPPET 10000 3453 SEEN_PREVIOUSLY b'194014'
ACTION SNIPPET 10000 3456 SNIPPET_NOT_RELEVANT b'1689124'
ACTION SNIPPET 10000 3459 SNIPPET_NOT_RELEVANT b'1317867'
ACTION SNIPPET 10000 3462 SNIPPET_NOT_RELEVANT b'870368'
ACTION SNIPPET 10000 3465 SEEN_PREVIOUSLY b'1116169'
ACTION SNIPPET 10000 3468 SEEN_PREVIOUSLY b'542391'
ACTION SNIPPET 10000 3471 SEEN_PREVIOUSLY b'1238056'
ACTION SNIPPET 10000 3474 SEEN_PREVIOUSLY b'955775'
ACTION SNIPPET 10000 3477 SEEN_PREVIOUSLY b'1381770'
ACTION SNIPPET 10000 3480 SEEN_PREVIOUSLY b'1747359'
ACTION SNIPPET 10000 3483 SNIPPET_RELEVANT b'1100344'
ACTION DOC 10000 3503 EXAMINING_DOCUMENT b'1100344'
ACTION QUERY 10000 3513 abuses of e mail scene
ACTION SERP 10000 3518 EXAMINE_SERP
ACTION SNIPPET 10000 3521 SNIPPET_NOT_RELEVANT b'47378'
ACTION SNIPPET 10000 3524 SNIPPET_RELEVANT b'1620937'
ACTION DOC 10000 3544 EXAMINING_DOCUMENT b'1620937'
ACTION SNIPPET 10000 3547 SEEN_PREVIOUSLY b'506870'
ACTION SNIPPET 10000 3550 SEEN_PREVIOUSLY b'501179'
ACTION SNIPPET 10000 3553 SNIPPET_NOT_RELEVANT b'1584233'
ACTION SNIPPET 10000 3556 SEEN_PREVIOUSLY b'194014'
ACTION SNIPPET 10000 3559 SEEN_PREVIOUSLY b'1116169'
ACTION SNIPPET 10000 3562 SNIPPET_RELEVANT b'1819996'
ACTION DOC 10000 3582 EXAMINING_DOCUMENT b'1819996'
ACTION QUERY 10000 3592 abuses of e mail inquiries
ACTION SERP 10000 3597 EXAMINE_SERP
ACTION SNIPPET 10000 3600 SEEN_PREVIOUSLY b'1582192'
ACTION SNIPPET 10000 3603 SEEN_PREVIOUSLY b'1641915'
ACTION SNIPPET 10000 3606 SNIPPET_NOT_RELEVANT b'541731'
ACTION SNIPPET 10000 3609 SNIPPET_NOT_RELEVANT b'1626672'
ACTION SNIPPET 10000 3612 SNIPPET_NOT_RELEVANT b'515530'
ACTION SNIPPET 10000 3615 SNIPPET_NOT_RELEVANT b'1826572'
ACTION SNIPPET 10000 3618 SNIPPET_NOT_RELEVANT b'1731584'
ACTION SNIPPET 10000 3621 SNIPPET_NOT_RELEVANT b'1584233'
ACTION SNIPPET 10000 3624 SNIPPET_NOT_RELEVANT b'515585'
ACTION SNIPPET 10000 3627 SNIPPET_RELEVANT b'1619109'
ACTION DOC 10000 3647 EXAMINING_DOCUMENT b'1619109'
ACTION QUERY 10000 3657 abuses of e mail girl
ACTION SERP 10000 3662 EXAMINE_SERP
ACTION SNIPPET 10000 3665 SNIPPET_RELEVANT b'904057'
ACTION DOC 10000 3685 EXAMINING_DOCUMENT b'904057'
ACTION SNIPPET 10000 3688 SNIPPET_NOT_RELEVANT b'1689124'
ACTION SNIPPET 10000 3691 SNIPPET_NOT_RELEVANT b'1317200'
ACTION SNIPPET 10000 3694 SNIPPET_NOT_RELEVANT b'90374'
ACTION SNIPPET 10000 3697 SNIPPET_RELEVANT b'1719245'
ACTION DOC 10000 3717 EXAMINING_DOCUMENT b'1719245'
ACTION QUERY 10000 3727 abuses of e mail little
ACTION SERP 10000 3732 EXAMINE_SERP
ACTION SNIPPET 10000 3735 SEEN_PREVIOUSLY b'506870'
ACTION SNIPPET 10000 3738 SEEN_PREVIOUSLY b'1747359'
ACTION SNIPPET 10000 3741 SEEN_PREVIOUSLY b'501179'
ACTION SNIPPET 10000 3744 SEEN_PREVIOUSLY b'381425'
ACTION SNIPPET 10000 3747 SEEN_PREVIOUSLY b'194014'
ACTION SNIPPET 10000 3750 SEEN_PREVIOUSLY b'1116169'
ACTION SNIPPET 10000 3753 SEEN_PREVIOUSLY b'311875'
ACTION SNIPPET 10000 3756 SEEN_PREVIOUSLY b'542391'
ACTION SNIPPET 10000 3759 SEEN_PREVIOUSLY b'1238056'
ACTION SNIPPET 10000 3762 SNIPPET_NOT_RELEVANT b'209205'
ACTION SNIPPET 10000 3765 SEEN_PREVIOUSLY b'955775'
ACTION SNIPPET 10000 3768 SEEN_PREVIOUSLY b'1381770'
ACTION SNIPPET 10000 3771 SEEN_PREVIOUSLY b'1402840'
ACTION SNIPPET 10000 3774 SNIPPET_RELEVANT b'1124291'
ACTION DOC 10000 3794 EXAMINING_DOCUMENT b'1124291'
ACTION MARK 10000 3797 CONSIDERED_RELEVANT b'1124291'
ACTION SNIPPET 10000 3800 SNIPPET_NOT_RELEVANT b'887350'
ACTION SNIPPET 10000 3803 SNIPPET_RELEVANT b'79116'
ACTION DOC 10000 3823 EXAMINING_DOCUMENT b'79116'
ACTION SNIPPET 10000 3826 SEEN_PREVIOUSLY b'1641915'
ACTION SNIPPET 10000 3829 SEEN_PREVIOUSLY b'1794957'
ACTION SNIPPET 10000 3832 SEEN_PREVIOUSLY b'1309604'
ACTION SNIPPET 10000 3835 SNIPPET_NOT_RELEVANT b'1674087'
ACTION SNIPPET 10000 3838 SEEN_PREVIOUSLY b'1020235'
ACTION SNIPPET 10000 3841 SNIPPET_NOT_RELEVANT b'1817186'
ACTION SNIPPET 10000 3844 SNIPPET_NOT_RELEVANT b'1200661'
ACTION SNIPPET 10000 3847 SEEN_PREVIOUSLY b'1485201'
ACTION QUERY 10000 3857 abuses of e mail njs
ACTION SERP 10000 3862 EXAMINE_SERP
ACTION SNIPPET 10000 3865 SNIPPET_NOT_RELEVANT b'830799'
ACTION SNIPPET 10000 3868 SNIPPET_NOT_RELEVANT b'851673'
ACTION SNIPPET 10000 3871 SNIPPET_NOT_RELEVANT b'1196374'
ACTION SNIPPET 10000 3874 SNIPPET_NOT_RELEVANT b'1794220'
ACTION SNIPPET 10000 3877 SNIPPET_NOT_RELEVANT b'1676362'
ACTION SNIPPET 10000 3880 SNIPPET_NOT_RELEVANT b'1036810'
ACTION SNIPPET 10000 3883 SNIPPET_NOT_RELEVANT b'957794'
ACTION SNIPPET 10000 3886 SNIPPET_NOT_RELEVANT b'1745870'
ACTION SNIPPET 10000 3889 SNIPPET_NOT_RELEVANT b'1234896'
ACTION SNIPPET 10000 3892 SNIPPET_NOT_RELEVANT b'1746314'
ACTION SNIPPET 10000 3895 SNIPPET_NOT_RELEVANT b'1374343'
ACTION SNIPPET 10000 3898 SNIPPET_NOT_RELEVANT b'1300414'
ACTION SNIPPET 10000 3901 SNIPPET_RELEVANT b'813100'
ACTION DOC 10000 3921 EXAMINING_DOCUMENT b'813100'
ACTION QUERY 10000 3931 abuses of e mail honor
ACTION SERP 10000 3936 EXAMINE_SERP
ACTION SNIPPET 10000 3939 SEEN_PREVIOUSLY b'1504225'
ACTION SNIPPET 10000 3942 SEEN_PREVIOUSLY b'471647'
ACTION SNIPPET 10000 3945 SEEN_PREVIOUSLY b'286718'
ACTION SNIPPET 10000 3948 SNIPPET_NOT_RELEVANT b'1619128'
ACTION SNIPPET 10000 3951 SNIPPET_RELEVANT b'1792470'
ACTION DOC 10000 3971 EXAMINING_DOCUMENT b'1792470'
ACTION SNIPPET 10000 3974 SNIPPET_NOT_RELEVANT b'173135'
ACTION SNIPPET 10000 3977 SEEN_PREVIOUSLY b'1620937'
ACTION SNIPPET 10000 3980 SNIPPET_RELEVANT b'1169903'
ACTION DOC 10000 4000 EXAMINING_DOCUMENT b'1169903'
ACTION QUERY 10000 4010 abuses of e mail mccall
ACTION SERP 10000 4015 EXAMINE_SERP
ACTION SNIPPET 10000 4018 SEEN_PREVIOUSLY b'1427271'
ACTION SNIPPET 10000 4021 SNIPPET_NOT_RELEVANT b'1411770'
ACTION SNIPPET 10000 4024 SNIPPET_NOT_RELEVANT b'1399772'
ACTION SNIPPET 10000 4027 SNIPPET_RELEVANT b'1436976'
ACTION DOC 10000 4047 EXAMINING_DOCUMENT b'1436976'
ACTION SNIPPET 10000 4050 SNIPPET_RELEVANT b'1070894'
ACTION DOC 10000 4070 EXAMINING_DOCUMENT b'1070894'
ACTION QUERY 10000 4080 abuses of e mail leading
ACTION SERP 10000 4085 EXAMINE_SERP
ACTION SNIPPET 10000 4088 SEEN_PREVIOUSLY b'194014'
ACTION SNIPPET 10000 4091 SEEN_PREVIOUSLY b'506870'
ACTION SNIPPET 10000 4094 SEEN_PREVIOUSLY b'501179'
ACTION SNIPPET 10000 4097 SEEN_PREVIOUSLY b'79116'
ACTION SNIPPET 10000 4100 SEEN_PREVIOUSLY b'1116169'
ACTION SNIPPET 10000 4103 SEEN_PREVIOUSLY b'381425'
ACTION SNIPPET 10000 4106 SEEN_PREVIOUSLY b'542391'
ACTION SNIPPET 10000 4109 SEEN_PREVIOUSLY b'16706'
ACTION SNIPPET 10000 4112 SEEN_PREVIOUSLY b'1238056'
ACTION SNIPPET 10000 4115 SEEN_PREVIOUSLY b'955775'
ACTION SNIPPET 10000 4118 SNIPPET_NOT_RELEVANT b'1652336'
ACTION SNIPPET 10000 4121 SEEN_PREVIOUSLY b'1381770'
ACTION SNIPPET 10000 4124 SEEN_PREVIOUSLY b'1747359'
ACTION SNIPPET 10000 4127 SEEN_PREVIOUSLY b'1641915'
ACTION SNIPPET 10000 4130 SEEN_PREVIOUSLY b'1794957'
ACTION QUERY 10000 4140 abuses of e mail robert
ACTION SERP 10000 4145 EXAMINE_SERP
ACTION SNIPPET 10000 4148 SEEN_PREVIOUSLY b'1485201'
ACTION SNIPPET 10000 4151 SNIPPET_NOT_RELEVANT b'541731'
ACTION SNIPPET 10000 4154 SEEN_PREVIOUSLY b'1595999'
ACTION SNIPPET 10000 4157 SEEN_PREVIOUSLY b'1641915'
ACTION SNIPPET 10000 4160 SEEN_PREVIOUSLY b'471647'
ACTION SNIPPET 10000 4163 SEEN_PREVIOUSLY b'506870'
ACTION SNIPPET 10000 4166 SEEN_PREVIOUSLY b'501179'
ACTION SNIPPET 10000 4169 SEEN_PREVIOUSLY b'1582192'
ACTION SNIPPET 10000 4172 SNIPPET_NOT_RELEVANT b'113714'
ACTION SNIPPET 10000 4175 SEEN_PREVIOUSLY b'194014'
ACTION SNIPPET 10000 4178 SEEN_PREVIOUSLY b'1038655'
ACTION SNIPPET 10000 4181 SNIPPET_NOT_RELEVANT b'855502'
ACTION SNIPPET 10000 4184 SEEN_PREVIOUSLY b'1116169'
ACTION SNIPPET 10000 4187 SNIPPET_NOT_RELEVANT b'550711'
ACTION SNIPPET 10000 4190 SNIPPET_NOT_RELEVANT b'512873'
ACTION QUERY 10000 4200 abuses of e mail trying
ACTION SERP 10000 4205 EXAMINE_SERP
ACTION SNIPPET 10000 4208 SEEN_PREVIOUSLY b'1381770'
ACTION SNIPPET 10000 4211 SEEN_PREVIOUSLY b'506870'
ACTION SNIPPET 10000 4214 SEEN_PREVIOUSLY b'501179'
ACTION SNIPPET 10000 4217 SEEN_PREVIOUSLY b'1747359'
ACTION SNIPPET 10000 4220 SEEN_PREVIOUSLY b'955775'
ACTION SNIPPET 10000 4223 SEEN_PREVIOUSLY b'311875'
ACTION SNIPPET 10000 4226 SEEN_PREVIOUSLY b'1581330'
ACTION SNIPPET 10000 4229 SEEN_PREVIOUSLY b'194014'
ACTION SNIPPET 10000 4232 SEEN_PREVIOUSLY b'1205982'
ACTION SNIPPET 10000 4235 SEEN_PREVIOUSLY b'1689651'
ACTION SNIPPET 10000 4238 SEEN_PREVIOUSLY b'1582192'
ACTION SNIPPET 10000 4241 SEEN_PREVIOUSLY b'1402840'
ACTION SNIPPET 10000 4244 SNIPPET_NOT_RELEVANT b'905978'
ACTION SNIPPET 10000 4247 SEEN_PREVIOUSLY b'1365691'
ACTION SNIPPET 10000 4250 SEEN_PREVIOUSLY b'1116169'
ACTION QUERY 10000 4260 abuses of e mail response
ACTION SERP 10000 4265 EXAMINE_SERP
ACTION SNIPPET 10000 4268 SEEN_PREVIOUSLY b'1116169'
ACTION SNIPPET 10000 4271 SEEN_PREVIOUSLY b'1381770'
ACTION SNIPPET 10000 4274 SEEN_PREVIOUSLY b'1794957'
ACTION SNIPPET 10000 4277 SEEN_PREVIOUSLY b'1582192'
ACTION SNIPPET 10000 4280 SEEN_PREVIOUSLY b'1279592'
ACTION SNIPPET 10000 4283 SNIPPET_NOT_RELEVANT b'1544167'
ACTION SNIPPET 10000 4286 SEEN_PREVIOUSLY b'1580049'
ACTION SNIPPET 10000 4289 SEEN_PREVIOUSLY b'1641915'
ACTION SNIPPET 10000 4292 SEEN_PREVIOUSLY b'506870'
ACTION SNIPPET 10000 4295 SEEN_PREVIOUSLY b'501179'
ACTION SNIPPET 10000 4298 SNIPPET_NOT_RELEVANT b'1668258'
ACTION SNIPPET 10000 4301 SNIPPET_NOT_RELEVANT b'1578948'
ACTION SNIPPET 10000 4304 SNIPPET_RELEVANT b'138898'
ACTION DOC 10000 4324 EXAMINING_DOCUMENT b'138898'
ACTION QUERY 10000 4334 abuses of e mail baseball
ACTION SERP 10000 4339 EXAMINE_SERP
ACTION SNIPPET 10000 4342 SNIPPET_NOT_RELEVANT b'887328'
ACTION SNIPPET 10000 4345 SNIPPET_NOT_RELEVANT b'1237917'
ACTION SNIPPET 10000 4348 SEEN_PREVIOUSLY b'506870'
ACTION SNIPPET 10000 4351 SEEN_PREVIOUSLY b'501179'
ACTION SNIPPET 10000 4354 SNIPPET_RELEVANT b'337283'
ACTION DOC 10000 4374 EXAMINING_DOCUMENT b'337283'
ACTION SNIPPET 10000 4377 SEEN_PREVIOUSLY b'194014'
ACTION SNIPPET 10000 4380 SNIPPET_RELEVANT b'1673502'
ACTION DOC 10000 4400 EXAMINING_DOCUMENT b'1673502'
ACTION QUERY 10000 4410 abuses of e mail der
ACTION SERP 10000 4415 EXAMINE_SERP
ACTION SNIPPET 10000 4418 SNIPPET_NOT_RELEVANT b'1581565'
ACTION SNIPPET 10000 4421 SNIPPET_NOT_RELEVANT b'1458705'
ACTION SNIPPET 10000 4424 SNIPPET_RELEVANT b'1328568'
ACTION DOC 10000 4444 EXAMINING_DOCUMENT b'1328568'
ACTION SNIPPET 10000 4447 SNIPPET_NOT_RELEVANT b'1740278'
ACTION SNIPPET 10000 4450 SNIPPET_RELEVANT b'4519'
ACTION DOC 10000 4470 EXAMINING_DOCUMENT b'4519'
ACTION QUERY 10000 4480 abuses of e mail steroid
ACTION SERP 10000 4485 EXAMINE_SERP
ACTION SNIPPET 10000 4488 SNIPPET_NOT_RELEVANT b'1237917'
ACTION SNIPPET 10000 4491 SNIPPET_RELEVANT b'457230'
ACTION DOC 10000 4511 EXAMINING_DOCUMENT b'457230'
ACTION SNIPPET 10000 4514 SNIPPET_NOT_RELEVANT b'237168'
ACTION SNIPPET 10000 4517 SNIPPET_NOT_RELEVANT b'1696503'
ACTION SNIPPET 10000 4520 SNIPPET_NOT_RELEVANT b'1635804'
ACTION SNIPPET 10000 4523 SNIPPET_NOT_RELEVANT b'307447'
ACTION SNIPPET 10000 4526 SNIPPET_NOT_RELEVANT b'261411'
ACTION SNIPPET 10000 4529 SNIPPET_RELEVANT b'1642084'
ACTION DOC 10000 4549 EXAMINING_DOCUMENT b'1642084'
ACTION QUERY 10000 4559 abuses of e mail applications
ACTION SERP 10000 4564 EXAMINE_SERP
ACTION SNIPPET 10000 4567 SNIPPET_RELEVANT b'136606'
ACTION DOC 10000 4587 EXAMINING_DOCUMENT b'136606'
ACTION SNIPPET 10000 4590 SNIPPET_RELEVANT b'670935'
ACTION DOC 10000 4610 EXAMINING_DOCUMENT b'670935'
ACTION QUERY 10000 4620 abuses of e mail anxiety
ACTION SERP 10000 4625 EXAMINE_SERP
ACTION SNIPPET 10000 4628 SNIPPET_NOT_RELEVANT b'215941'
ACTION SNIPPET 10000 4631 SNIPPET_NOT_RELEVANT b'198085'
ACTION SNIPPET 10000 4634 SNIPPET_RELEVANT b'1651907'
ACTION DOC 10000 4654 EXAMINING_DOCUMENT b'1651907'
ACTION SNIPPET 10000 4657 SNIPPET_RELEVANT b'1219459'
ACTION DOC 10000 4677 EXAMINING_DOCUMENT b'1219459'
ACTION QUERY 10000 4687 abuses of e mail directed
ACTION SERP 10000 4692 EXAMINE_SERP
ACTION SNIPPET 10000 4695 SEEN_PREVIOUSLY b'1116169'
ACTION SNIPPET 10000 4698 SEEN_PREVIOUSLY b'1485201'
ACTION SNIPPET 10000 4701 SEEN_PREVIOUSLY b'1219691'
ACTION SNIPPET 10000 4704 SNIPPET_NOT_RELEVANT b'978990'
ACTION SNIPPET 10000 4707 SEEN_PREVIOUSLY b'955775'
ACTION SNIPPET 10000 4710 SEEN_PREVIOUSLY b'258695'
ACTION SNIPPET 10000 4713 SNIPPET_RELEVANT b'1674087'
ACTION DOC 10000 4733 EXAMINING_DOCUMENT b'1674087'
ACTION SNIPPET 10000 4736 SEEN_PREVIOUSLY b'1641915'
ACTION SNIPPET 10000 4739 SEEN_PREVIOUSLY b'506870'
ACTION QUERY 10000 4749 abuses of e mail philanthropy
ACTION SERP 10000 4754 EXAMINE_SERP
ACTION SNIPPET 10000 4757 SNIPPET_RELEVANT b'978990'
ACTION DOC 10000 4777 EXAMINING_DOCUMENT b'978990'
ACTION SNIPPET 10000 4780 SNIPPET_RELEVANT b'936349'
ACTION DOC 10000 4800 EXAMINING_DOCUMENT b'936349'
ACTION QUERY 10000 4810 abuses of e mail disciplined
ACTION SERP 10000 4815 EXAMINE_SERP
ACTION SNIPPET 10000 4818 SNIPPET_RELEVANT b'1633427'
ACTION DOC 10000 4838 EXAMINING_DOCUMENT b'1633427'
ACTION SNIPPET 10000 4841 SNIPPET_RELEVANT b'1641190'
ACTION DOC 10000 4861 EXAMINING_DOCUMENT b'1641190'
ACTION QUERY 10000 4871 abuses of e mail sadistic
ACTION SERP 10000 4876 EXAMINE_SERP
ACTION SNIPPET 10000 4879 SNIPPET_RELEVANT b'1626672'
ACTION DOC 10000 4899 EXAMINING_DOCUMENT b'1626672'
ACTION SNIPPET 10000 4902 SNIPPET_NOT_RELEVANT b'1020680'
ACTION SNIPPET 10000 4905 SNIPPET_NOT_RELEVANT b'1113122'
ACTION SNIPPET 10000 4908 SNIPPET_RELEVANT b'478681'
ACTION DOC 10000 4928 EXAMINING_DOCUMENT b'478681'
ACTION QUERY 10000 4938 abuses of e mail lost
ACTION SERP 10000 4943 EXAMINE_SERP
ACTION SNIPPET 10000 4946 SEEN_PREVIOUSLY b'1205982'
ACTION SNIPPET 10000 4949 SEEN_PREVIOUSLY b'506870'
ACTION SNIPPET 10000 4952 SEEN_PREVIOUSLY b'501179'
ACTION SNIPPET 10000 4955 SEEN_PREVIOUSLY b'194014'
ACTION SNIPPET 10000 4958 SEEN_PREVIOUSLY b'1691741'
ACTION SNIPPET 10000 4961 SNIPPET_RELEVANT b'837438'
ACTION DOC 10000 4981 EXAMINING_DOCUMENT b'837438'
ACTION SNIPPET 10000 4984 SNIPPET_NOT_RELEVANT b'209205'
ACTION SNIPPET 10000 4987 SNIPPET_RELEVANT b'1652336'
ACTION DOC 10000 5007 EXAMINING_DOCUMENT b'1652336'
ACTION QUERY 10000 5017 abuses of e mail times
ACTION SERP 10000 5022 EXAMINE_SERP
ACTION SNIPPET 10000 5025 SEEN_PREVIOUSLY b'506870'
ACTION SNIPPET 10000 5028 SEEN_PREVIOUSLY b'501179'
ACTION SNIPPET 10000 5031 SEEN_PREVIOUSLY b'194014'
ACTION SNIPPET 10000 5034 SEEN_PREVIOUSLY b'542391'
ACTION SNIPPET 10000 5037 SEEN_PREVIOUSLY b'1116169'
ACTION SNIPPET 10000 5040 SEEN_PREVIOUSLY b'955775'
ACTION SNIPPET 10000 5043 SEEN_PREVIOUSLY b'1381770'
ACTION SNIPPET 10000 5046 SEEN_PREVIOUSLY b'1309604'
ACTION SNIPPET 10000 5049 SEEN_PREVIOUSLY b'1641915'
ACTION SNIPPET 10000 5052 SEEN_PREVIOUSLY b'1747359'
ACTION SNIPPET 10000 5055 SEEN_PREVIOUSLY b'1794957'
ACTION SNIPPET 10000 5058 SEEN_PREVIOUSLY b'1674087'
ACTION SNIPPET 10000 5061 SEEN_PREVIOUSLY b'1238056'
ACTION SNIPPET 10000 5064 SEEN_PREVIOUSLY b'381425'
ACTION SNIPPET 10000 5067 SEEN_PREVIOUSLY b'79116'
ACTION QUERY 10000 5077 abuses of e mail major
ACTION SERP 10000 5082 EXAMINE_SERP
ACTION SNIPPET 10000 5085 SEEN_PREVIOUSLY b'194014'
ACTION SNIPPET 10000 5088 SNIPPET_RELEVANT b'291435'
ACTION DOC 10000 5108 EXAMINING_DOCUMENT b'291435'
ACTION SNIPPET 10000 5111 SNIPPET_NOT_RELEVANT b'618995'
ACTION SNIPPET 10000 5114 SEEN_PREVIOUSLY b'506870'
ACTION SNIPPET 10000 5117 SEEN_PREVIOUSLY b'501179'
ACTION SNIPPET 10000 5120 SEEN_PREVIOUSLY b'1674087'
ACTION SNIPPET 10000 5123 SNIPPET_NOT_RELEVANT b'605158'
ACTION SNIPPET 10000 5126 SEEN_PREVIOUSLY b'1219691'
ACTION SNIPPET 10000 5129 SEEN_PREVIOUSLY b'1116169'
ACTION QUERY 10000 5139 abuses of e mail republican
ACTION SERP 10000 5144 EXAMINE_SERP
ACTION SNIPPET 10000 5147 SEEN_PREVIOUSLY b'501179'
ACTION SNIPPET 10000 5150 SNIPPET_NOT_RELEVANT b'618995'
ACTION SNIPPET 10000 5153 SNIPPET_NOT_RELEVANT b'605158'
ACTION SNIPPET 10000 5156 SEEN_PREVIOUSLY b'381425'
ACTION SNIPPET 10000 5159 SEEN_PREVIOUSLY b'1581330'
ACTION SNIPPET 10000 5162 SEEN_PREVIOUSLY b'542391'
ACTION SNIPPET 10000 5165 SEEN_PREVIOUSLY b'194014'
ACTION SNIPPET 10000 5168 SNIPPET_RELEVANT b'541731'
ACTION DOC 10000 5188 EXAMINING_DOCUMENT b'541731'
ACTION SNIPPET 10000 5191 SEEN_PREVIOUSLY b'1582192'
ACTION QUERY 10000 5201 abuses of e mail deadline
ACTION SERP 10000 5206 EXAMINE_SERP
ACTION SNIPPET 10000 5209 SEEN_PREVIOUSLY b'1689651'
ACTION SNIPPET 10000 5212 SNIPPET_RELEVANT b'1698433'
ACTION DOC 10000 5232 EXAMINING_DOCUMENT b'1698433'
ACTION SNIPPET 10000 5235 SNIPPET_NOT_RELEVANT b'729948'
ACTION SNIPPET 10000 5238 SNIPPET_RELEVANT b'1339215'
ACTION DOC 10000 5258 EXAMINING_DOCUMENT b'1339215'
ACTION QUERY 10000 5268 abuses of e mail deliver
ACTION SERP 10000 5273 EXAMINE_SERP
ACTION SNIPPET 10000 5276 SNIPPET_NOT_RELEVANT b'491477'
ACTION SNIPPET 10000 5279 SEEN_PREVIOUSLY b'286718'
ACTION SNIPPET 10000 5282 SNIPPET_RELEVANT b'668812'
ACTION DOC 10000 5302 EXAMINING_DOCUMENT b'668812'
ACTION SNIPPET 10000 5305 SEEN_PREVIOUSLY b'288907'
ACTION SNIPPET 10000 5308 SNIPPET_RELEVANT b'518151'
ACTION DOC 10000 5328 EXAMINING_DOCUMENT b'518151'
ACTION QUERY 10000 5338 abuses of e mail characteristics
ACTION SERP 10000 5343 EXAMINE_SERP
ACTION SNIPPET 10000 5346 SEEN_PREVIOUSLY b'1020235'
ACTION SNIPPET 10000 5349 SNIPPET_NOT_RELEVANT b'527881'
ACTION SNIPPET 10000 5352 SNIPPET_RELEVANT b'1671573'
ACTION DOC 10000 5372 EXAMINING_DOCUMENT b'1671573'
ACTION SNIPPET 10000 5375 SNIPPET_NOT_RELEVANT b'1596838'
ACTION SNIPPET 10000 5378 SEEN_PREVIOUSLY b'506870'
ACTION SNIPPET 10000 5381 SEEN_PREVIOUSLY b'501179'
ACTION SNIPPET 10000 5384 SNIPPET_RELEVANT b'1840890'
ACTION DOC 10000 5404 EXAMINING_DOCUMENT b'1840890'
ACTION QUERY 10000 5414 abuses of e mail laser
ACTION SERP 10000 5419 EXAMINE_SERP
ACTION SNIPPET 10000 5422 SNIPPET_NOT_RELEVANT b'1232157'
ACTION SNIPPET 10000 5425 SNIPPET_NOT_RELEVANT b'470685'
ACTION SNIPPET 10000 5428 SNIPPET_NOT_RELEVANT b'1539741'
ACTION SNIPPET 10000 5431 SNIPPET_NOT_RELEVANT b'463906'
ACTION SNIPPET 10000 5434 SNIPPET_NOT_RELEVANT b'809624'
ACTION SNIPPET 10000 5437 SNIPPET_RELEVANT b'527881'
ACTION DOC 10000 5457 EXAMINING_DOCUMENT b'527881'
ACTION SNIPPET 10000 5460 SNIPPET_NOT_RELEVANT b'1077780'
ACTION SNIPPET 10000 5463 SNIPPET_RELEVANT b'1805097'
ACTION DOC 10000 5483 EXAMINING_DOCUMENT b'1805097'
ACTION QUERY 10000 5493 abuses of e mail valued
ACTION SERP 10000 5498 EXAMINE_SERP
ACTION SNIPPET 10000 5501 SNIPPET_NOT_RELEVANT b'1274582'
ACTION SNIPPET 10000 5504 SEEN_PREVIOUSLY b'506870'
ACTION SNIPPET 10000 5507 SEEN_PREVIOUSLY b'501179'
ACTION SNIPPET 10000 5510 SEEN_PREVIOUSLY b'291435'
ACTION SNIPPET 10000 5513 SNIPPET_NOT_RELEVANT b'209205'
ACTION SNIPPET 10000 5516 SEEN_PREVIOUSLY b'1687097'
ACTION SNIPPET 10000 5519 SNIPPET_RELEVANT b'47378'
ACTION DOC 10000 5539 EXAMINING_DOCUMENT b'47378'
ACTION SNIPPET 10000 5542 SEEN_PREVIOUSLY b'194014'
ACTION SNIPPET 10000 5545 SNIPPET_RELEVANT b'1546497'
ACTION DOC 10000 5565 EXAMINING_DOCUMENT b'1546497'
ACTION QUERY 10000 5575 abuses of e mail ambassador
ACTION SERP 10000 5580 EXAMINE_SERP
ACTION SNIPPET 10000 5583 SNIPPET_RELEVANT b'162028'
ACTION DOC 10000 5603 EXAMINING_DOCUMENT b'162028'
ACTION SNIPPET 10000 5606 SNIPPET_NOT_RELEVANT b'279329'
ACTION SNIPPET 10000 5609 SNIPPET_RELEVANT b'821883'
ACTION DOC 10000 5629 EXAMINING_DOCUMENT b'821883'
ACTION QUERY 10000 5639 abuses of e mail utah
ACTION SERP 10000 5644 EXAMINE_SERP
ACTION SNIPPET 10000 5647 SNIPPET_NOT_RELEVANT b'1433571'
ACTION SNIPPET 10000 5650 SNIPPET_RELEVANT b'1491125'
ACTION DOC 10000 5670 EXAMINING_DOCUMENT b'1491125'
ACTION SNIPPET 10000 5673 SNIPPET_NOT_RELEVANT b'1254761'
ACTION SNIPPET 10000 5676 SNIPPET_NOT_RELEVANT b'1241918'
ACTION SNIPPET 10000 5679 SNIPPET_NOT_RELEVANT b'1401638'
ACTION SNIPPET 10000 5682 SNIPPET_NOT_RELEVANT b'1178904'
ACTION SNIPPET 10000 5685 SNIPPET_NOT_RELEVANT b'1296071'
ACTION SNIPPET 10000 5688 SNIPPET_NOT_RELEVANT b'347492'
ACTION SNIPPET 10000 5691 SNIPPET_NOT_RELEVANT b'1315872'
ACTION QUERY 10000 5701 abuses of e mail therapy
ACTION SERP 10000 5706 EXAMINE_SERP
ACTION SNIPPET 10000 5709 SNIPPET_NOT_RELEVANT b'1682787'
ACTION SNIPPET 10000 5712 SEEN_PREVIOUSLY b'1652336'
ACTION SNIPPET 10000 5715 SNIPPET_NOT_RELEVANT b'971652'
ACTION SNIPPET 10000 5718 SNIPPET_RELEVANT b'823273'
ACTION DOC 10000 5738 EXAMINING_DOCUMENT b'823273'
ACTION SNIPPET 10000 5741 SNIPPET_RELEVANT b'173561'
ACTION DOC 10000 5761 EXAMINING_DOCUMENT b'173561'
ACTION QUERY 10000 5771 abuses of e mail companys
ACTION SERP 10000 5776 EXAMINE_SERP
ACTION SNIPPET 10000 5779 SEEN_PREVIOUSLY b'506870'
ACTION SNIPPET 10000 5782 SEEN_PREVIOUSLY b'501179'
ACTION SNIPPET 10000 5785 SEEN_PREVIOUSLY b'1309604'
ACTION SNIPPET 10000 5788 SEEN_PREVIOUSLY b'1747359'
ACTION SNIPPET 10000 5791 SEEN_PREVIOUSLY b'1219691'
ACTION SNIPPET 10000 5794 SEEN_PREVIOUSLY b'955775'
ACTION SNIPPET 10000 5797 SEEN_PREVIOUSLY b'194014'
ACTION SNIPPET 10000 5800 SEEN_PREVIOUSLY b'1595999'
ACTION SNIPPET 10000 5803 SEEN_PREVIOUSLY b'1116169'
ACTION SNIPPET 10000 5806 SEEN_PREVIOUSLY b'1424814'
ACTION SNIPPET 10000 5809 SEEN_PREVIOUSLY b'1626672'
ACTION SNIPPET 10000 5812 SEEN_PREVIOUSLY b'1504225'
ACTION SNIPPET 10000 5815 SEEN_PREVIOUSLY b'1365691'
ACTION SNIPPET 10000 5818 SEEN_PREVIOUSLY b'542391'
ACTION SNIPPET 10000 5821 SEEN_PREVIOUSLY b'964388'
ACTION QUERY 10000 5831 abuses of e mail smears
ACTION SERP 10000 5836 EXAMINE_SERP
ACTION SNIPPET 10000 5839 SNIPPET_NOT_RELEVANT b'1265151'
ACTION SNIPPET 10000 5842 SNIPPET_NOT_RELEVANT b'1673507'
ACTION SNIPPET 10000 5845 SNIPPET_NOT_RELEVANT b'479015'
ACTION SNIPPET 10000 5848 SNIPPET_NOT_RELEVANT b'1846510'
ACTION SNIPPET 10000 5851 SNIPPET_RELEVANT b'637131'
ACTION DOC 10000 5871 EXAMINING_DOCUMENT b'637131'
ACTION SNIPPET 10000 5874 SNIPPET_RELEVANT b'1585286'
ACTION DOC 10000 5894 EXAMINING_DOCUMENT b'1585286'
ACTION QUERY 10000 5904 abuses of e mail designate
ACTION SERP 10000 5909 EXAMINE_SERP
ACTION SNIPPET 10000 5912 SEEN_PREVIOUSLY b'501179'
ACTION SNIPPET 10000 5915 SEEN_PREVIOUSLY b'47378'
ACTION SNIPPET 10000 5918 SEEN_PREVIOUSLY b'1424814'
ACTION SNIPPET 10000 5921 SEEN_PREVIOUSLY b'1606733'
ACTION SNIPPET 10000 5924 SEEN_PREVIOUSLY b'287400'
ACTION SNIPPET 10000 5927 SEEN_PREVIOUSLY b'506870'
ACTION SNIPPET 10000 5930 SNIPPET_RELEVANT b'911080'
ACTION DOC 10000 5950 EXAMINING_DOCUMENT b'911080'
ACTION SNIPPET 10000 5953 SEEN_PREVIOUSLY b'194014'
ACTION SNIPPET 10000 5956 SEEN_PREVIOUSLY b'258695'
ACTION QUERY 10000 5966 abuses of e mail addresses
ACTION SERP 10000 5971 EXAMINE_SERP
ACTION SNIPPET 10000 5974 SEEN_PREVIOUSLY b'1238056'
ACTION SNIPPET 10000 5977 SEEN_PREVIOUSLY b'1403816'
ACTION SNIPPET 10000 5980 SEEN_PREVIOUSLY b'1424814'
ACTION SNIPPET 10000 5983 SEEN_PREVIOUSLY b'1546497'
ACTION SNIPPET 10000 5986 SEEN_PREVIOUSLY b'1485201'
ACTION SNIPPET 10000 5989 SEEN_PREVIOUSLY b'1845190'
ACTION SNIPPET 10000 5992 SNIPPET_RELEVANT b'1584233'
ACTION DOC 10000 6012 EXAMINING_DOCUMENT b'1584233'
ACTION SNIPPET 10000 6015 SEEN_PREVIOUSLY b'1381770'
ACTION SNIPPET 10000 6018 SEEN_PREVIOUSLY b'1398764'
ACTION QUERY 10000 6028 abuses of e mail helpful
ACTION SERP 10000 6033 EXAMINE_SERP
ACTION SNIPPET 10000 6036 SEEN_PREVIOUSLY b'501179'
ACTION SNIPPET 10000 6039 SEEN_PREVIOUSLY b'1116169'
ACTION SNIPPET 10000 6042 SEEN_PREVIOUSLY b'1238056'
ACTION SNIPPET 10000 6045 SEEN_PREVIOUSLY b'1582192'
ACTION SNIPPET 10000 6048 SEEN_PREVIOUSLY b'506870'
ACTION SNIPPET 10000 6051 SEEN_PREVIOUSLY b'286718'
ACTION SNIPPET 10000 6054 SEEN_PREVIOUSLY b'194014'
ACTION SNIPPET 10000 6057 SEEN_PREVIOUSLY b'1641915'
ACTION SNIPPET 10000 6060 SEEN_PREVIOUSLY b'1365691'
ACTION SNIPPET 10000 6063 SEEN_PREVIOUSLY b'1580049'
ACTION SNIPPET 10000 6066 SEEN_PREVIOUSLY b'1595999'
ACTION SNIPPET 10000 6069 SEEN_PREVIOUSLY b'1689651'
ACTION SNIPPET 10000 6072 SEEN_PREVIOUSLY b'258695'
ACTION SNIPPET 10000 6075 SNIPPET_NOT_RELEVANT b'997195'
ACTION SNIPPET 10000 6078 SEEN_PREVIOUSLY b'1424814'
ACTION QUERY 10000 6088 abuses of e mail henson
ACTION SERP 10000 6093 EXAMINE_SERP
ACTION SNIPPET 10000 6096 SNIPPET_NOT_RELEVANT b'661039'
ACTION SNIPPET 10000 6099 SNIPPET_NOT_RELEVANT b'670133'
ACTION SNIPPET 10000 6102 SNIPPET_RELEVANT b'438310'
ACTION DOC 10000 6122 EXAMINING_DOCUMENT b'438310'
ACTION SNIPPET 10000 6125 SNIPPET_NOT_RELEVANT b'953296'
ACTION SNIPPET 10000 6128 SNIPPET_RELEVANT b'669556'
ACTION DOC 10000 6148 EXAMINING_DOCUMENT b'669556'
ACTION QUERY 10000 6158 abuses of e mail maria
ACTION SERP 10000 6163 EXAMINE_SERP
ACTION SNIPPET 10000 6166 SNIPPET_RELEVANT b'990342'
ACTION DOC 10000 6186 EXAMINING_DOCUMENT b'990342'
ACTION SNIPPET 10000 6189 SNIPPET_RELEVANT b'825945'
ACTION DOC 10000 6209 EXAMINING_DOCUMENT b'825945'
ACTION QUERY 10000 6219 abuses of e mail janet
ACTION SERP 10000 6224 EXAMINE_SERP
ACTION SNIPPET 10000 6227 SNIPPET_RELEVANT b'950972'
ACTION DOC 10000 6247 EXAMINING_DOCUMENT b'950972'
ACTION SNIPPET 10000 6250 SNIPPET_RELEVANT b'1025901'
ACTION DOC 10000 6270 EXAMINING_DOCUMENT b'1025901'
ACTION QUERY 10000 6280 abuses of e mail crack
ACTION SERP 10000 6285 EXAMINE_SERP
ACTION SNIPPET 10000 6288 SEEN_PREVIOUSLY b'1485201'
ACTION SNIPPET 10000 6291 SNIPPET_NOT_RELEVANT b'1678944'
ACTION SNIPPET 10000 6294 SNIPPET_NOT_RELEVANT b'324465'
ACTION SNIPPET 10000 6297 SNIPPET_RELEVANT b'335370'
ACTION DOC 10000 6317 EXAMINING_DOCUMENT b'335370'
ACTION SNIPPET 10000 6320 SNIPPET_NOT_RELEVANT b'512873'
ACTION SNIPPET 10000 6323 SNIPPET_RELEVANT b'265606'
ACTION DOC 10000 6343 EXAMINING_DOCUMENT b'265606'
ACTION QUERY 10000 6353 abuses of e mail severely
ACTION SERP 10000 6358 EXAMINE_SERP
ACTION SNIPPET 10000 6361 SNIPPET_NOT_RELEVANT b'911133'
ACTION SNIPPET 10000 6364 SEEN_PREVIOUSLY b'1582192'
ACTION SNIPPET 10000 6367 SNIPPET_NOT_RELEVANT b'880439'
ACTION SNIPPET 10000 6370 SEEN_PREVIOUSLY b'506870'
ACTION SNIPPET 10000 6373 SEEN_PREVIOUSLY b'501179'
ACTION SNIPPET 10000 6376 SNIPPET_NOT_RELEVANT b'424385'
ACTION SNIPPET 10000 6379 SNIPPET_RELEVANT b'216987'
ACTION DOC 10000 6399 EXAMINING_DOCUMENT b'216987'
ACTION SNIPPET 10000 6402 SEEN_PREVIOUSLY b'1095677'
ACTION SNIPPET 10000 6405 SNIPPET_NOT_RELEVANT b'93196'
ACTION QUERY 10000 6415 abuses of e mail ma
ACTION SERP 10000 6420 EXAMINE_SERP
ACTION SNIPPET 10000 6423 SNIPPET_NOT_RELEVANT b'1443809'
ACTION SNIPPET 10000 6426 SNIPPET_NOT_RELEVANT b'1687837'
ACTION SNIPPET 10000 6429 SNIPPET_NOT_RELEVANT b'1577668'
ACTION SNIPPET 10000 6432 SNIPPET_NOT_RELEVANT b'1578795'
ACTION SNIPPET 10000 6435 SNIPPET_NOT_RELEVANT b'1375277'
ACTION SNIPPET 10000 6438 SNIPPET_RELEVANT b'1646062'
ACTION DOC 10000 6458 EXAMINING_DOCUMENT b'1646062'
ACTION SNIPPET 10000 6461 SNIPPET_NOT_RELEVANT b'777148'
ACTION SNIPPET 10000 6464 SNIPPET_NOT_RELEVANT b'991751'
ACTION SNIPPET 10000 6467 SEEN_PREVIOUSLY b'506870'
ACTION QUERY 10000 6477 abuses of e mail migrant
ACTION SERP 10000 6482 EXAMINE_SERP
ACTION SNIPPET 10000 6485 SNIPPET_NOT_RELEVANT b'144551'
ACTION SNIPPET 10000 6488 SNIPPET_NOT_RELEVANT b'1683674'
ACTION SNIPPET 10000 6491 SNIPPET_RELEVANT b'1829975'
ACTION DOC 10000 6511 EXAMINING_DOCUMENT b'1829975'
ACTION SNIPPET 10000 6514 SNIPPET_NOT_RELEVANT b'296299'
ACTION SNIPPET 10000 6517 SNIPPET_NOT_RELEVANT b'784069'
ACTION SNIPPET 10000 6520 SNIPPET_NOT_RELEVANT b'1387075'
ACTION SNIPPET 10000 6523 SNIPPET_RELEVANT b'539041'
ACTION DOC 10000 6543 EXAMINING_DOCUMENT b'539041'
ACTION QUERY 10000 6553 abuses of e mail actions
ACTION SERP 10000 6558 EXAMINE_SERP
ACTION SNIPPET 10000 6561 SEEN_PREVIOUSLY b'1219691'
ACTION SNIPPET 10000 6564 SEEN_PREVIOUSLY b'955775'
ACTION SNIPPET 10000 6567 SEEN_PREVIOUSLY b'1381770'
ACTION SNIPPET 10000 6570 SEEN_PREVIOUSLY b'1631703'
ACTION SNIPPET 10000 6573 SEEN_PREVIOUSLY b'1626672'
ACTION SNIPPET 10000 6576 SNIPPET_RELEVANT b'1448490'
ACTION DOC 10000 6596 EXAMINING_DOCUMENT b'1448490'
ACTION SNIPPET 10000 6599 SEEN_PREVIOUSLY b'506870'
ACTION SNIPPET 10000 6602 SEEN_PREVIOUSLY b'501179'
ACTION SNIPPET 10000 6605 SNIPPET_NOT_RELEVANT b'173135'
ACTION QUERY 10000 6615 abuses of e mail citizens
ACTION SERP 10000 6620 EXAMINE_SERP
ACTION SNIPPET 10000 6623 SNIPPET_NOT_RELEVANT b'618995'
ACTION SNIPPET 10000 6626 SEEN_PREVIOUSLY b'258695'
ACTION SNIPPET 10000 6629 SEEN_PREVIOUSLY b'16706'
ACTION SNIPPET 10000 6632 SNIPPET_RELEVANT b'1696442'
ACTION DOC 10000 6652 EXAMINING_DOCUMENT b'1696442'
ACTION SNIPPET 10000 6655 SNIPPET_RELEVANT b'1817186'
ACTION DOC 10000 6675 EXAMINING_DOCUMENT b'1817186'
ACTION QUERY 10000 6685 abuses of e mail wilkey
ACTION SERP 10000 6690 EXAMINE_SERP
ACTION SNIPPET 10000 6693 SNIPPET_NOT_RELEVANT b'515585'
ACTION SNIPPET 10000 6696 SNIPPET_RELEVANT b'519934'
ACTION DOC 10000 6716 EXAMINING_DOCUMENT b'519934'
ACTION SNIPPET 10000 6719 SNIPPET_RELEVANT b'524468'
ACTION DOC 10000 6739 EXAMINING_DOCUMENT b'524468'
ACTION QUERY 10000 6749 abuses of e mail plan
ACTION SERP 10000 6754 EXAMINE_SERP
ACTION SNIPPET 10000 6757 SEEN_PREVIOUSLY b'501179'
ACTION SNIPPET 10000 6760 SEEN_PREVIOUSLY b'1674087'
ACTION SNIPPET 10000 6763 SEEN_PREVIOUSLY b'506870'
ACTION SNIPPET 10000 6766 SEEN_PREVIOUSLY b'286718'
ACTION SNIPPET 10000 6769 SNIPPET_NOT_RELEVANT b'498445'
ACTION SNIPPET 10000 6772 SEEN_PREVIOUSLY b'1398764'
ACTION SNIPPET 10000 6775 SEEN_PREVIOUSLY b'194014'
ACTION SNIPPET 10000 6778 SEEN_PREVIOUSLY b'1116169'
ACTION SNIPPET 10000 6781 SNIPPET_NOT_RELEVANT b'113714'
ACTION SNIPPET 10000 6784 SEEN_PREVIOUSLY b'1606733'
ACTION SNIPPET 10000 6787 SEEN_PREVIOUSLY b'1424814'
ACTION SNIPPET 10000 6790 SEEN_PREVIOUSLY b'288907'
ACTION SNIPPET 10000 6793 SEEN_PREVIOUSLY b'1365691'
ACTION SNIPPET 10000 6796 SEEN_PREVIOUSLY b'1038655'
ACTION SNIPPET 10000 6799 SEEN_PREVIOUSLY b'1631703'
ACTION QUERY 10000 6809 abuses of e mail fashion
ACTION SERP 10000 6814 EXAMINE_SERP
ACTION SNIPPET 10000 6817 SEEN_PREVIOUSLY b'381425'
ACTION SNIPPET 10000 6820 SNIPPET_NOT_RELEVANT b'547785'
ACTION SNIPPET 10000 6823 SEEN_PREVIOUSLY b'955775'
ACTION SNIPPET 10000 6826 SEEN_PREVIOUSLY b'1399086'
ACTION SNIPPET 10000 6829 SEEN_PREVIOUSLY b'1020235'
ACTION SNIPPET 10000 6832 SNIPPET_NOT_RELEVANT b'1714983'
ACTION SNIPPET 10000 6835 SEEN_PREVIOUSLY b'1845190'
ACTION SNIPPET 10000 6838 SNIPPET_NOT_RELEVANT b'1624960'
ACTION SNIPPET 10000 6841 SEEN_PREVIOUSLY b'506870'
ACTION SNIPPET 10000 6844 SEEN_PREVIOUSLY b'501179'
ACTION SNIPPET 10000 6847 SNIPPET_NOT_RELEVANT b'410907'
ACTION SNIPPET 10000 6850 SNIPPET_RELEVANT b'783913'
ACTION DOC 10000 6870 EXAMINING_DOCUMENT b'783913'
ACTION QUERY 10000 6880 abuses of e mail money
ACTION SERP 10000 6885 EXAMINE_SERP
ACTION SNIPPET 10000 6888 SEEN_PREVIOUSLY b'194014'
ACTION SNIPPET 10000 6891 SEEN_PREVIOUSLY b'1747359'
ACTION SNIPPET 10000 6894 SEEN_PREVIOUSLY b'286718'
ACTION SNIPPET 10000 6897 SEEN_PREVIOUSLY b'1689651'
ACTION SNIPPET 10000 6900 SEEN_PREVIOUSLY b'381425'
ACTION SNIPPET 10000 6903 SEEN_PREVIOUSLY b'288907'
ACTION SNIPPET 10000 6906 SEEN_PREVIOUSLY b'506870'
ACTION SNIPPET 10000 6909 SNIPPET_NOT_RELEVANT b'1004086'
ACTION SNIPPET 10000 6912 SEEN_PREVIOUSLY b'501179'
ACTION SNIPPET 10000 6915 SEEN_PREVIOUSLY b'311875'
ACTION SNIPPET 10000 6918 SEEN_PREVIOUSLY b'16706'
ACTION SNIPPET 10000 6921 SNIPPET_RELEVANT b'605158'
ACTION DOC 10000 6941 EXAMINING_DOCUMENT b'605158'
ACTION QUERY 10000 6951 abuses of e mail attacking
ACTION SERP 10000 6956 EXAMINE_SERP
ACTION SNIPPET 10000 6959 SEEN_PREVIOUSLY b'1581330'
ACTION SNIPPET 10000 6962 SNIPPET_NOT_RELEVANT b'1175190'
ACTION SNIPPET 10000 6965 SEEN_PREVIOUSLY b'911080'
ACTION SNIPPET 10000 6968 SEEN_PREVIOUSLY b'1038655'
ACTION SNIPPET 10000 6971 SEEN_PREVIOUSLY b'1641915'
ACTION SNIPPET 10000 6974 SEEN_PREVIOUSLY b'894711'
ACTION SNIPPET 10000 6977 SEEN_PREVIOUSLY b'506870'
ACTION SNIPPET 10000 6980 SNIPPET_NOT_RELEVANT b'1249478'
ACTION SNIPPET 10000 6983 SEEN_PREVIOUSLY b'501179'
ACTION SNIPPET 10000 6986 SEEN_PREVIOUSLY b'311875'
ACTION SNIPPET 10000 6989 SNIPPET_RELEVANT b'911133'
ACTION DOC 10000 7009 EXAMINING_DOCUMENT b'911133'
ACTION QUERY 10000 7019 abuses of e mail fox
ACTION SERP 10000 7024 EXAMINE_SERP
ACTION SNIPPET 10000 7027 SNIPPET_RELEVANT b'1629204'
ACTION DOC 10000 7047 EXAMINING_DOCUMENT b'1629204'
ACTION SNIPPET 10000 7050 SNIPPET_NOT_RELEVANT b'1775182'
ACTION SNIPPET 10000 7053 SNIPPET_NOT_RELEVANT b'1337913'
ACTION SNIPPET 10000 7056 SNIPPET_NOT_RELEVANT b'1783668'
ACTION SNIPPET 10000 7059 SNIPPET_RELEVANT b'232759'
ACTION DOC 10000 7079 EXAMINING_DOCUMENT b'232759'
ACTION QUERY 10000 7089 abuses of e mail license
ACTION SERP 10000 7094 EXAMINE_SERP
ACTION SNIPPET 10000 7097 SNIPPET_RELEVANT b'514658'
ACTION DOC 10000 7117 EXAMINING_DOCUMENT b'514658'
ACTION SNIPPET 10000 7120 SNIPPET_NOT_RELEVANT b'1182420'
ACTION SNIPPET 10000 7123 SNIPPET_NOT_RELEVANT b'233768'
ACTION SNIPPET 10000 7126 SNIPPET_NOT_RELEVANT b'1567263'
ACTION SNIPPET 10000 7129 SNIPPET_RELEVANT b'240022'
ACTION DOC 10000 7149 EXAMINING_DOCUMENT b'240022'
ACTION QUERY 10000 7159 abuses of e mail tizzy
ACTION SERP 10000 7164 EXAMINE_SERP
ACTION SNIPPET 10000 7167 SNIPPET_NOT_RELEVANT b'1186988'
ACTION SNIPPET 10000 7170 SNIPPET_NOT_RELEVANT b'751168'
ACTION SNIPPET 10000 7173 SNIPPET_RELEVANT b'894930'
ACTION DOC 10000 7193 EXAMINING_DOCUMENT b'894930'
ACTION SNIPPET 10000 7196 SNIPPET_NOT_RELEVANT b'1131065'
ACTION SNIPPET 10000 7199 SNIPPET_RELEVANT b'623715'
ACTION DOC 10000 7219 EXAMINING_DOCUMENT b'623715'
ACTION QUERY 10000 7229 abuses of e mail recalled
ACTION SERP 10000 7234 EXAMINE_SERP
ACTION SNIPPET 10000 7237 SEEN_PREVIOUSLY b'1652336'
ACTION SNIPPET 10000 7240 SNIPPET_NOT_RELEVANT b'1522025'
ACTION SNIPPET 10000 7243 SNIPPET_RELEVANT b'621168'
ACTION DOC 10000 7263 EXAMINING_DOCUMENT b'621168'
ACTION SNIPPET 10000 7266 SNIPPET_RELEVANT b'1831676'
ACTION DOC 10000 7286 EXAMINING_DOCUMENT b'1831676'
ACTION QUERY 10000 7296 abuses of e mail philippine
ACTION SERP 10000 7301 EXAMINE_SERP
ACTION SNIPPET 10000 7304 SEEN_PREVIOUSLY b'1224459'
ACTION SNIPPET 10000 7307 SNIPPET_RELEVANT b'144551'
ACTION DOC 10000 7327 EXAMINING_DOCUMENT b'144551'
ACTION SNIPPET 10000 7330 SNIPPET_RELEVANT b'853451'
ACTION DOC 10000 7350 EXAMINING_DOCUMENT b'853451'
ACTION QUERY 10000 7360 abuses of e mail krauth
ACTION SERP 10000 7365 EXAMINE_SERP
ACTION SNIPPET 10000 7368 SEEN_PREVIOUSLY b'911080'
ACTION SNIPPET 10000 7371 SEEN_PREVIOUSLY b'911133'
ACTION SNIPPET 10000 7374 SNIPPET_RELEVANT b'912353'
ACTION DOC 10000 7394 EXAMINING_DOCUMENT b'912353'
ACTION SNIPPET 10000 7397 SNIPPET_RELEVANT b'912354'
ACTION DOC 10000 7417 EXAMINING_DOCUMENT b'912354'
ACTION QUERY 10000 7427 abuses of e mail worlds
ACTION SERP 10000 7432 EXAMINE_SERP
ACTION SNIPPET 10000 7435 SEEN_PREVIOUSLY b'506870'
ACTION SNIPPET 10000 7438 SEEN_PREVIOUSLY b'501179'
ACTION SNIPPET 10000 7441 SEEN_PREVIOUSLY b'955775'
ACTION SNIPPET 10000 7444 SEEN_PREVIOUSLY b'1747359'
ACTION SNIPPET 10000 7447 SEEN_PREVIOUSLY b'194014'
ACTION SNIPPET 10000 7450 SEEN_PREVIOUSLY b'1626672'
ACTION SNIPPET 10000 7453 SEEN_PREVIOUSLY b'1116169'
ACTION SNIPPET 10000 7456 SEEN_PREVIOUSLY b'1845190'
ACTION SNIPPET 10000 7459 SNIPPET_NOT_RELEVANT b'997195'
ACTION SNIPPET 10000 7462 SEEN_PREVIOUSLY b'1606733'
ACTION SNIPPET 10000 7465 SEEN_PREVIOUSLY b'47378'
ACTION SNIPPET 10000 7468 SNIPPET_RELEVANT b'113714'
ACTION DOC 10000 7488 EXAMINING_DOCUMENT b'113714'
ACTION QUERY 10000 7498 abuses of e mail scheme
ACTION SERP 10000 7503 EXAMINE_SERP
ACTION SNIPPET 10000 7506 SNIPPET_NOT_RELEVANT b'766303'
ACTION SNIPPET 10000 7509 SNIPPET_NOT_RELEVANT b'692219'
ACTION SNIPPET 10000 7512 SNIPPET_RELEVANT b'999520'
ACTION DOC 10000 7532 EXAMINING_DOCUMENT b'999520'
ACTION SNIPPET 10000 7535 SNIPPET_NOT_RELEVANT b'99589'
ACTION SNIPPET 10000 7538 SNIPPET_NOT_RELEVANT b'182155'
ACTION SNIPPET 10000 7541 SNIPPET_NOT_RELEVANT b'1367435'
ACTION SNIPPET 10000 7544 SNIPPET_RELEVANT b'1498498'
ACTION DOC 10000 7564 EXAMINING_DOCUMENT b'1498498'
ACTION QUERY 10000 7574 abuses of e mail planners
ACTION SERP 10000 7579 EXAMINE_SERP
ACTION SNIPPET 10000 7582 SNIPPET_RELEVANT b'164914'
ACTION DOC 10000 7602 EXAMINING_DOCUMENT b'164914'
ACTION SNIPPET 10000 7605 SEEN_PREVIOUSLY b'1595999'
ACTION SNIPPET 10000 7608 SNIPPET_NOT_RELEVANT b'221705'
ACTION SNIPPET 10000 7611 SEEN_PREVIOUSLY b'783913'
ACTION SNIPPET 10000 7614 SNIPPET_RELEVANT b'171288'
ACTION DOC 10000 7634 EXAMINING_DOCUMENT b'171288'
ACTION QUERY 10000 7644 abuses of e mail embezzlement
ACTION SERP 10000 7649 EXAMINE_SERP
ACTION SNIPPET 10000 7652 SNIPPET_NOT_RELEVANT b'520323'
ACTION SNIPPET 10000 7655 SNIPPET_NOT_RELEVANT b'1412020'
ACTION SNIPPET 10000 7658 SNIPPET_RELEVANT b'47908'
ACTION DOC 10000 7678 EXAMINING_DOCUMENT b'47908'
ACTION SNIPPET 10000 7681 SNIPPET_NOT_RELEVANT b'464748'
ACTION SNIPPET 10000 7684 SNIPPET_RELEVANT b'221705'
ACTION DOC 10000 7704 EXAMINING_DOCUMENT b'221705'
ACTION QUERY 10000 7714 abuses of e mail inhumanely
ACTION SERP 10000 7719 EXAMINE_SERP
ACTION SNIPPET 10000 7722 SNIPPET_RELEVANT b'1714880'
ACTION DOC 10000 7742 EXAMINING_DOCUMENT b'1714880'
ACTION SNIPPET 10000 7745 SNIPPET_RELEVANT b'1708804'
ACTION DOC 10000 7765 EXAMINING_DOCUMENT b'1708804'
ACTION QUERY 10000 7775 abuses of e mail appointed
ACTION SERP 10000 7780 EXAMINE_SERP
ACTION SNIPPET 10000 7783 SNIPPET_RELEVANT b'150133'
ACTION DOC 10000 7803 EXAMINING_DOCUMENT b'150133'
ACTION SNIPPET 10000 7806 SEEN_PREVIOUSLY b'605158'
ACTION SNIPPET 10000 7809 SEEN_PREVIOUSLY b'518151'
ACTION SNIPPET 10000 7812 SNIPPET_RELEVANT b'1560049'
ACTION DOC 10000 7832 EXAMINING_DOCUMENT b'1560049'
ACTION QUERY 10000 7842 abuses of e mail complaints
ACTION SERP 10000 7847 EXAMINE_SERP
ACTION SNIPPET 10000 7850 SNIPPET_RELEVANT b'1624960'
ACTION DOC 10000 7870 EXAMINING_DOCUMENT b'1624960'
ACTION SNIPPET 10000 7873 SEEN_PREVIOUSLY b'1560049'
ACTION SNIPPET 10000 7876 SEEN_PREVIOUSLY b'1219691'
ACTION SNIPPET 10000 7879 SEEN_PREVIOUSLY b'1641915'
ACTION SNIPPET 10000 7882 SEEN_PREVIOUSLY b'1238056'
ACTION SNIPPET 10000 7885 SNIPPET_NOT_RELEVANT b'1123787'
ACTION SNIPPET 10000 7888 SEEN_PREVIOUSLY b'1403816'
ACTION SNIPPET 10000 7891 SEEN_PREVIOUSLY b'381425'
ACTION SNIPPET 10000 7894 SNIPPET_NOT_RELEVANT b'1624854'
ACTION QUERY 10000 7904 abuses of e mail recommend
ACTION SERP 10000 7909 EXAMINE_SERP
ACTION SNIPPET 10000 7912 SEEN_PREVIOUSLY b'1584233'
ACTION SNIPPET 10000 7915 SNIPPET_RELEVANT b'1578948'
ACTION DOC 10000 7935 EXAMINING_DOCUMENT b'1578948'
ACTION SNIPPET 10000 7938 SEEN_PREVIOUSLY b'150133'
ACTION SNIPPET 10000 7941 SNIPPET_NOT_RELEVANT b'1731584'
ACTION SNIPPET 10000 7944 SNIPPET_RELEVANT b'372559'
ACTION DOC 10000 7964 EXAMINING_DOCUMENT b'372559'
ACTION QUERY 10000 7974 abuses of e mail udu
ACTION SERP 10000 7979 EXAMINE_SERP
ACTION SNIPPET 10000 7982 SNIPPET_NOT_RELEVANT b'1267107'
ACTION SNIPPET 10000 7985 SNIPPET_RELEVANT b'448209'
ACTION DOC 10000 8005 EXAMINING_DOCUMENT b'448209'
ACTION SNIPPET 10000 8008 SNIPPET_NOT_RELEVANT b'1154900'
ACTION SNIPPET 10000 8011 SNIPPET_NOT_RELEVANT b'230285'
ACTION SNIPPET 10000 8014 SNIPPET_NOT_RELEVANT b'1265536'
ACTION SNIPPET 10000 8017 SNIPPET_NOT_RELEVANT b'1324816'
ACTION SNIPPET 10000 8020 SEEN_PREVIOUSLY b'506870'
ACTION SNIPPET 10000 8023 SEEN_PREVIOUSLY b'501179'
ACTION SNIPPET 10000 8026 SEEN_PREVIOUSLY b'194014'
ACTION QUERY 10000 8036 abuses of e mail laurence
ACTION SERP 10000 8041 EXAMINE_SERP
ACTION SNIPPET 10000 8044 SNIPPET_NOT_RELEVANT b'547785'
ACTION SNIPPET 10000 8047 SNIPPET_RELEVANT b'432360'
ACTION DOC 10000 8067 EXAMINING_DOCUMENT b'432360'
ACTION SNIPPET 10000 8070 SNIPPET_RELEVANT b'494364'
ACTION DOC 10000 8090 EXAMINING_DOCUMENT b'494364'
ACTION QUERY 10000 8100 abuses of e mail morgan
ACTION SERP 10000 8105 EXAMINE_SERP
ACTION SNIPPET 10000 8108 SNIPPET_RELEVANT b'1113650'
ACTION DOC 10000 8128 EXAMINING_DOCUMENT b'1113650'
ACTION SNIPPET 10000 8131 SNIPPET_RELEVANT b'1108721'
ACTION DOC 10000 8151 EXAMINING_DOCUMENT b'1108721'
ACTION QUERY 10000 8161 abuses of e mail instrument
ACTION SERP 10000 8166 EXAMINE_SERP
ACTION SNIPPET 10000 8169 SNIPPET_RELEVANT b'1527185'
ACTION DOC 10000 8189 EXAMINING_DOCUMENT b'1527185'
ACTION SNIPPET 10000 8192 SNIPPET_NOT_RELEVANT b'893970'
ACTION SNIPPET 10000 8195 SEEN_PREVIOUSLY b'506870'
ACTION SNIPPET 10000 8198 SEEN_PREVIOUSLY b'501179'
ACTION SNIPPET 10000 8201 SNIPPET_RELEVANT b'1207007'
ACTION DOC 10000 8221 EXAMINING_DOCUMENT b'1207007'
ACTION QUERY 10000 8231 abuses of e mail walked
ACTION SERP 10000 8236 EXAMINE_SERP
ACTION SNIPPET 10000 8239 SEEN_PREVIOUSLY b'506870'
ACTION SNIPPET 10000 8242 SEEN_PREVIOUSLY b'501179'
ACTION SNIPPET 10000 8245 SNIPPET_RELEVANT b'1083252'
ACTION DOC 10000 8265 EXAMINING_DOCUMENT b'1083252'
ACTION SNIPPET 10000 8268 SEEN_PREVIOUSLY b'1845190'
ACTION SNIPPET 10000 8271 SEEN_PREVIOUSLY b'194014'
ACTION SNIPPET 10000 8274 SEEN_PREVIOUSLY b'1641190'
ACTION SNIPPET 10000 8277 SEEN_PREVIOUSLY b'1116169'
ACTION SNIPPET 10000 8280 SEEN_PREVIOUSLY b'1527185'
ACTION SNIPPET 10000 8283 SNIPPET_NOT_RELEVANT b'1019291'
ACTION QUERY 10000 8293 abuses of e mail chairman
ACTION SERP 10000 8298 EXAMINE_SERP
ACTION SNIPPET 10000 8301 SNIPPET_NOT_RELEVANT b'498445'
ACTION SNIPPET 10000 8304 SEEN_PREVIOUSLY b'291435'
ACTION SNIPPET 10000 8307 SEEN_PREVIOUSLY b'541731'
ACTION SNIPPET 10000 8310 SEEN_PREVIOUSLY b'258695'
ACTION SNIPPET 10000 8313 SEEN_PREVIOUSLY b'1581330'
ACTION SNIPPET 10000 8316 SEEN_PREVIOUSLY b'1219691'
ACTION SNIPPET 10000 8319 SEEN_PREVIOUSLY b'506870'
ACTION SNIPPET 10000 8322 SEEN_PREVIOUSLY b'501179'
ACTION SNIPPET 10000 8325 SEEN_PREVIOUSLY b'1817186'
ACTION SNIPPET 10000 8328 SEEN_PREVIOUSLY b'1792470'
ACTION SNIPPET 10000 8331 SEEN_PREVIOUSLY b'1595999'
ACTION SNIPPET 10000 8334 SEEN_PREVIOUSLY b'194014'
ACTION SNIPPET 10000 8337 SNIPPET_NOT_RELEVANT b'1776832'
ACTION SNIPPET 10000 8340 SEEN_PREVIOUSLY b'1560049'
ACTION SNIPPET 10000 8343 SEEN_PREVIOUSLY b'1831676'
ACTION QUERY 10000 8353 abuses of e mail berlusconi
ACTION SERP 10000 8358 EXAMINE_SERP
ACTION SNIPPET 10000 8361 SNIPPET_NOT_RELEVANT b'1292329'
ACTION SNIPPET 10000 8364 SNIPPET_RELEVANT b'1386034'
ACTION DOC 10000 8384 EXAMINING_DOCUMENT b'1386034'
ACTION SNIPPET 10000 8387 SEEN_PREVIOUSLY b'1328568'
ACTION SNIPPET 10000 8390 SNIPPET_NOT_RELEVANT b'1469792'
ACTION SNIPPET 10000 8393 SNIPPET_RELEVANT b'1460580'
ACTION DOC 10000 8413 EXAMINING_DOCUMENT b'1460580'
ACTION QUERY 10000 8423 abuses of e mail rai
ACTION SERP 10000 8428 EXAMINE_SERP
ACTION SNIPPET 10000 8431 SNIPPET_RELEVANT b'1189144'
ACTION DOC 10000 8451 EXAMINING_DOCUMENT b'1189144'
ACTION SNIPPET 10000 8454 SNIPPET_RELEVANT b'1183856'
ACTION DOC 10000 8474 EXAMINING_DOCUMENT b'1183856'
ACTION QUERY 10000 8484 abuses of e mail mccalls
ACTION SERP 10000 8489 EXAMINE_SERP
ACTION SNIPPET 10000 8492 SEEN_PREVIOUSLY b'1427271'
ACTION SNIPPET 10000 8495 SNIPPET_RELEVANT b'1411770'
ACTION DOC 10000 8515 EXAMINING_DOCUMENT b'1411770'
ACTION SNIPPET 10000 8518 SNIPPET_RELEVANT b'1399772'
ACTION DOC 10000 8538 EXAMINING_DOCUMENT b'1399772'
ACTION QUERY 10000 8548 abuses of e mail occurring
ACTION SERP 10000 8553 EXAMINE_SERP
ACTION SNIPPET 10000 8556 SEEN_PREVIOUSLY b'286718'
ACTION SNIPPET 10000 8559 SEEN_PREVIOUSLY b'955775'
ACTION SNIPPET 10000 8562 SEEN_PREVIOUSLY b'1641915'
ACTION SNIPPET 10000 8565 SNIPPET_NOT_RELEVANT b'1202450'
ACTION SNIPPET 10000 8568 SEEN_PREVIOUSLY b'113714'
ACTION SNIPPET 10000 8571 SNIPPET_RELEVANT b'499313'
ACTION DOC 10000 8591 EXAMINING_DOCUMENT b'499313'
ACTION SNIPPET 10000 8594 SEEN_PREVIOUSLY b'1560049'
ACTION SNIPPET 10000 8597 SEEN_PREVIOUSLY b'1398764'
ACTION SNIPPET 10000 8600 SNIPPET_RELEVANT b'1639929'
ACTION DOC 10000 8620 EXAMINING_DOCUMENT b'1639929'
ACTION QUERY 10000 8630 abuses of e mail disc
ACTION SERP 10000 8635 EXAMINE_SERP
ACTION SNIPPET 10000 8638 SEEN_PREVIOUSLY b'1424814'
ACTION SNIPPET 10000 8641 SNIPPET_NOT_RELEVANT b'1583571'
ACTION SNIPPET 10000 8644 SNIPPET_NOT_RELEVANT b'1515263'
ACTION SNIPPET 10000 8647 SNIPPET_NOT_RELEVANT b'1470113'
ACTION SNIPPET 10000 8650 SNIPPET_RELEVANT b'1668231'
ACTION DOC 10000 8670 EXAMINING_DOCUMENT b'1668231'
ACTION SNIPPET 10000 8673 SNIPPET_NOT_RELEVANT b'1832890'
ACTION SNIPPET 10000 8676 SNIPPET_NOT_RELEVANT b'1829661'
ACTION SNIPPET 10000 8679 SNIPPET_RELEVANT b'1157630'
ACTION DOC 10000 8699 EXAMINING_DOCUMENT b'1157630'
ACTION QUERY 10000 8709 abuses of e mail os
ACTION SERP 10000 8714 EXAMINE_SERP
ACTION SNIPPET 10000 8717 SNIPPET_RELEVANT b'1682313'
ACTION DOC 10000 8737 EXAMINING_DOCUMENT b'1682313'
ACTION SNIPPET 10000 8740 SNIPPET_NOT_RELEVANT b'1743556'
ACTION SNIPPET 10000 8743 SNIPPET_RELEVANT b'1738301'
ACTION DOC 10000 8763 EXAMINING_DOCUMENT b'1738301'
ACTION QUERY 10000 8773 abuses of e mail insurer
ACTION SERP 10000 8778 EXAMINE_SERP
ACTION SNIPPET 10000 8781 SEEN_PREVIOUSLY b'194014'
ACTION SNIPPET 10000 8784 SEEN_PREVIOUSLY b'240022'
ACTION SNIPPET 10000 8787 SNIPPET_NOT_RELEVANT b'75280'
ACTION SNIPPET 10000 8790 SEEN_PREVIOUSLY b'150133'
ACTION SNIPPET 10000 8793 SNIPPET_NOT_RELEVANT b'1724838'
ACTION SNIPPET 10000 8796 SNIPPET_NOT_RELEVANT b'1554910'
ACTION SNIPPET 10000 8799 SNIPPET_NOT_RELEVANT b'316773'
ACTION SNIPPET 10000 8802 SNIPPET_RELEVANT b'1670522'
ACTION DOC 10000 8822 EXAMINING_DOCUMENT b'1670522'
ACTION SNIPPET 10000 8825 SNIPPET_RELEVANT b'1800108'
ACTION DOC 10000 8845 EXAMINING_DOCUMENT b'1800108'
ACTION QUERY 10000 8855 abuses of e mail penalize
ACTION SERP 10000 8860 EXAMINE_SERP
ACTION SNIPPET 10000 8863 SNIPPET_NOT_RELEVANT b'1457472'
ACTION SNIPPET 10000 8866 SEEN_PREVIOUSLY b'1095677'
ACTION SNIPPET 10000 8869 SNIPPET_NOT_RELEVANT b'1614644'
ACTION SNIPPET 10000 8872 SNIPPET_NOT_RELEVANT b'837987'
ACTION SNIPPET 10000 8875 SNIPPET_RELEVANT b'986558'
ACTION DOC 10000 8895 EXAMINING_DOCUMENT b'986558'
ACTION SNIPPET 10000 8898 SNIPPET_NOT_RELEVANT b'1586556'
ACTION SNIPPET 10000 8901 SNIPPET_RELEVANT b'600604'
ACTION DOC 10000 8921 EXAMINING_DOCUMENT b'600604'
ACTION QUERY 10000 8931 abuses of e mail treason
ACTION SERP 10000 8936 EXAMINE_SERP
ACTION SNIPPET 10000 8939 SNIPPET_RELEVANT b'599135'
ACTION DOC 10000 8959 EXAMINING_DOCUMENT b'599135'
ACTION SNIPPET 10000 8962 SNIPPET_NOT_RELEVANT b'338240'
ACTION SNIPPET 10000 8965 SNIPPET_RELEVANT b'926642'
ACTION DOC 10000 8985 EXAMINING_DOCUMENT b'926642'
ACTION QUERY 10000 8995 abuses of e mail recipients
ACTION SERP 10000 9000 EXAMINE_SERP
ACTION SNIPPET 10000 9003 SEEN_PREVIOUSLY b'1747359'
ACTION SNIPPET 10000 9006 SEEN_PREVIOUSLY b'1238056'
ACTION SNIPPET 10000 9009 SEEN_PREVIOUSLY b'1845190'
ACTION SNIPPET 10000 9012 SNIPPET_RELEVANT b'950644'
ACTION DOC 10000 9032 EXAMINING_DOCUMENT b'950644'
ACTION SNIPPET 10000 9035 SNIPPET_NOT_RELEVANT b'1178999'
ACTION SNIPPET 10000 9038 SNIPPET_NOT_RELEVANT b'1649654'
ACTION SNIPPET 10000 9041 SNIPPET_NOT_RELEVANT b'480191'
ACTION SNIPPET 10000 9044 SNIPPET_NOT_RELEVANT b'805312'
ACTION SNIPPET 10000 9047 SNIPPET_NOT_RELEVANT b'1186143'
ACTION QUERY 10000 9057 abuses of e mail wired
ACTION SERP 10000 9062 EXAMINE_SERP
ACTION SNIPPET 10000 9065 SEEN_PREVIOUSLY b'955775'
ACTION SNIPPET 10000 9068 SEEN_PREVIOUSLY b'1620937'
ACTION SNIPPET 10000 9071 SNIPPET_NOT_RELEVANT b'271979'
ACTION SNIPPET 10000 9074 SNIPPET_RELEVANT b'1641883'
ACTION DOC 10000 9094 EXAMINING_DOCUMENT b'1641883'
ACTION SNIPPET 10000 9097 SEEN_PREVIOUSLY b'1639929'
ACTION SNIPPET 10000 9100 SNIPPET_NOT_RELEVANT b'1583517'
ACTION SNIPPET 10000 9103 SNIPPET_RELEVANT b'94470'
ACTION DOC 10000 9123 EXAMINING_DOCUMENT b'94470'
ACTION QUERY 10000 9133 abuses of e mail statute
ACTION SERP 10000 9138 EXAMINE_SERP
ACTION SNIPPET 10000 9141 SNIPPET_NOT_RELEVANT b'1446350'
ACTION SNIPPET 10000 9144 SEEN_PREVIOUSLY b'471647'
ACTION SNIPPET 10000 9147 SNIPPET_NOT_RELEVANT b'230700'
ACTION SNIPPET 10000 9150 SNIPPET_NOT_RELEVANT b'692219'
ACTION SNIPPET 10000 9153 SNIPPET_NOT_RELEVANT b'1755490'
ACTION SNIPPET 10000 9156 SNIPPET_NOT_RELEVANT b'1741559'
ACTION SNIPPET 10000 9159 SNIPPET_RELEVANT b'1729487'
ACTION DOC 10000 9179 EXAMINING_DOCUMENT b'1729487'
ACTION SNIPPET 10000 9182 SNIPPET_RELEVANT b'914799'
ACTION DOC 10000 9202 EXAMINING_DOCUMENT b'914799'
ACTION QUERY 10000 9212 abuses of e mail churches
ACTION SERP 10000 9217 EXAMINE_SERP
ACTION SNIPPET 10000 9220 SEEN_PREVIOUSLY b'1381770'
ACTION SNIPPET 10000 9223 SEEN_PREVIOUSLY b'1382167'
ACTION SNIPPET 10000 9226 SEEN_PREVIOUSLY b'1652336'
ACTION SNIPPET 10000 9229 SEEN_PREVIOUSLY b'1560049'
ACTION SNIPPET 10000 9232 SNIPPET_NOT_RELEVANT b'1434556'
ACTION SNIPPET 10000 9235 SNIPPET_RELEVANT b'1651105'
ACTION DOC 10000 9255 EXAMINING_DOCUMENT b'1651105'
ACTION SNIPPET 10000 9258 SNIPPET_RELEVANT b'1471683'
ACTION DOC 10000 9278 EXAMINING_DOCUMENT b'1471683'
ACTION QUERY 10000 9288 abuses of e mail penny
ACTION SERP 10000 9293 EXAMINE_SERP
ACTION SNIPPET 10000 9296 SNIPPET_RELEVANT b'349581'
ACTION DOC 10000 9316 EXAMINING_DOCUMENT b'349581'
ACTION SNIPPET 10000 9319 SNIPPET_RELEVANT b'347310'
ACTION DOC 10000 9339 EXAMINING_DOCUMENT b'347310'
ACTION QUERY 10000 9349 abuses of e mail conducts
ACTION SERP 10000 9354 EXAMINE_SERP
ACTION SNIPPET 10000 9357 SEEN_PREVIOUSLY b'1674087'
ACTION SNIPPET 10000 9360 SEEN_PREVIOUSLY b'1309604'
ACTION SNIPPET 10000 9363 SNIPPET_RELEVANT b'1810481'
ACTION DOC 10000 9383 EXAMINING_DOCUMENT b'1810481'
ACTION SNIPPET 10000 9386 SNIPPET_NOT_RELEVANT b'1736100'
ACTION SNIPPET 10000 9389 SEEN_PREVIOUSLY b'1794957'
ACTION SNIPPET 10000 9392 SEEN_PREVIOUSLY b'1563694'
ACTION SNIPPET 10000 9395 SNIPPET_RELEVANT b'880439'
ACTION DOC 10000 9415 EXAMINING_DOCUMENT b'880439'
ACTION QUERY 10000 9425 abuses of e mail wiretaps
ACTION SERP 10000 9430 EXAMINE_SERP
ACTION SNIPPET 10000 9433 SNIPPET_NOT_RELEVANT b'1217990'
ACTION SNIPPET 10000 9436 SNIPPET_RELEVANT b'1736100'
ACTION DOC 10000 9456 EXAMINING_DOCUMENT b'1736100'
ACTION SNIPPET 10000 9459 SNIPPET_RELEVANT b'1819634'
ACTION DOC 10000 9479 EXAMINING_DOCUMENT b'1819634'
ACTION QUERY 10000 9489 abuses of e mail monitor
ACTION SERP 10000 9494 EXAMINE_SERP
ACTION SNIPPET 10000 9497 SEEN_PREVIOUSLY b'1124291'
ACTION SNIPPET 10000 9500 SNIPPET_RELEVANT b'1217990'
ACTION DOC 10000 9520 EXAMINING_DOCUMENT b'1217990'
ACTION MARK 10000 9523 CONSIDERED_RELEVANT b'1217990'
ACTION SNIPPET 10000 9526 SEEN_PREVIOUSLY b'1674087'
ACTION SNIPPET 10000 9529 SEEN_PREVIOUSLY b'1736100'
ACTION SNIPPET 10000 9532 SNIPPET_NOT_RELEVANT b'1732730'
ACTION SNIPPET 10000 9535 SNIPPET_NOT_RELEVANT b'1842751'
ACTION SNIPPET 10000 9538 SNIPPET_RELEVANT b'1189438'
ACTION DOC 10000 9558 EXAMINING_DOCUMENT b'1189438'
ACTION MARK 10000 9561 CONSIDERED_RELEVANT b'1189438'
ACTION SNIPPET 10000 9564 SNIPPET_NOT_RELEVANT b'1844802'
ACTION SNIPPET 10000 9567 SNIPPET_RELEVANT b'870867'
ACTION DOC 10000 9587 EXAMINING_DOCUMENT b'870867'
ACTION SNIPPET 10000 9590 SNIPPET_NOT_RELEVANT b'1075520'
ACTION SNIPPET 10000 9593 SNIPPET_NOT_RELEVANT b'1208394'
ACTION SNIPPET 10000 9596 SNIPPET_RELEVANT b'1668755'
ACTION DOC 10000 9616 EXAMINING_DOCUMENT b'1668755'
ACTION QUERY 10000 9626 abuses of e mail who
ACTION SERP 10000 9631 EXAMINE_SERP
ACTION SNIPPET 10000 9634 SEEN_PREVIOUSLY b'506870'
ACTION SNIPPET 10000 9637 SEEN_PREVIOUSLY b'501179'
ACTION SNIPPET 10000 9640 SEEN_PREVIOUSLY b'194014'
ACTION SNIPPET 10000 9643 SEEN_PREVIOUSLY b'1116169'
ACTION SNIPPET 10000 9646 SEEN_PREVIOUSLY b'542391'
ACTION SNIPPET 10000 9649 SEEN_PREVIOUSLY b'79116'
ACTION SNIPPET 10000 9652 SEEN_PREVIOUSLY b'1309604'
ACTION SNIPPET 10000 9655 SEEN_PREVIOUSLY b'1238056'
ACTION SNIPPET 10000 9658 SEEN_PREVIOUSLY b'955775'
ACTION SNIPPET 10000 9661 SEEN_PREVIOUSLY b'1381770'
ACTION SNIPPET 10000 9664 SEEN_PREVIOUSLY b'1747359'
ACTION SNIPPET 10000 9667 SEEN_PREVIOUSLY b'1674087'
ACTION SNIPPET 10000 9670 SEEN_PREVIOUSLY b'1641915'
ACTION SNIPPET 10000 9673 SEEN_PREVIOUSLY b'1219691'
ACTION SNIPPET 10000 9676 SEEN_PREVIOUSLY b'381425'
ACTION QUERY 10000 9686 abuses of e mail quinns
ACTION SERP 10000 9691 EXAMINE_SERP
ACTION SNIPPET 10000 9694 SEEN_PREVIOUSLY b'1189438'
ACTION SNIPPET 10000 9697 SNIPPET_RELEVANT b'1635087'
ACTION DOC 10000 9717 EXAMINING_DOCUMENT b'1635087'
ACTION SNIPPET 10000 9720 SNIPPET_NOT_RELEVANT b'1734795'
ACTION SNIPPET 10000 9723 SNIPPET_RELEVANT b'1739420'
ACTION DOC 10000 9743 EXAMINING_DOCUMENT b'1739420'
ACTION QUERY 10000 9753 abuses of e mail real
ACTION SERP 10000 9758 EXAMINE_SERP
ACTION SNIPPET 10000 9761 SEEN_PREVIOUSLY b'1485201'
ACTION SNIPPET 10000 9764 SEEN_PREVIOUSLY b'605158'
ACTION SNIPPET 10000 9767 SEEN_PREVIOUSLY b'16706'
ACTION SNIPPET 10000 9770 SEEN_PREVIOUSLY b'506870'
ACTION SNIPPET 10000 9773 SEEN_PREVIOUSLY b'501179'
ACTION SNIPPET 10000 9776 SEEN_PREVIOUSLY b'286718'
ACTION SNIPPET 10000 9779 SEEN_PREVIOUSLY b'288907'
ACTION SNIPPET 10000 9782 SEEN_PREVIOUSLY b'1606733'
ACTION SNIPPET 10000 9785 SNIPPET_NOT_RELEVANT b'173135'
ACTION SNIPPET 10000 9788 SEEN_PREVIOUSLY b'194014'
ACTION SNIPPET 10000 9791 SNIPPET_RELEVANT b'1274582'
ACTION DOC 10000 9811 EXAMINING_DOCUMENT b'1274582'
ACTION QUERY 10000 9821 abuses of e mail manager
ACTION SERP 10000 9826 EXAMINE_SERP
ACTION SNIPPET 10000 9829 SEEN_PREVIOUSLY b'194014'
ACTION SNIPPET 10000 9832 SEEN_PREVIOUSLY b'1595999'
ACTION SNIPPET 10000 9835 SEEN_PREVIOUSLY b'1581330'
ACTION SNIPPET 10000 9838 SEEN_PREVIOUSLY b'506870'
ACTION SNIPPET 10000 9841 SEEN_PREVIOUSLY b'501179'
ACTION SNIPPET 10000 9844 SEEN_PREVIOUSLY b'381425'
ACTION SNIPPET 10000 9847 SEEN_PREVIOUSLY b'1747359'
ACTION SNIPPET 10000 9850 SEEN_PREVIOUSLY b'1689651'
ACTION SNIPPET 10000 9853 SEEN_PREVIOUSLY b'1065677'
ACTION SNIPPET 10000 9856 SEEN_PREVIOUSLY b'1124291'
ACTION SNIPPET 10000 9859 SEEN_PREVIOUSLY b'1606733'
ACTION SNIPPET 10000 9862 SEEN_PREVIOUSLY b'1116169'
ACTION SNIPPET 10000 9865 SEEN_PREVIOUSLY b'1382167'
ACTION SNIPPET 10000 9868 SEEN_PREVIOUSLY b'173561'
ACTION SNIPPET 10000 9871 SEEN_PREVIOUSLY b'541731'
ACTION QUERY 10000 9881 abuses of e mail andrew
ACTION SERP 10000 9886 EXAMINE_SERP
ACTION SNIPPET 10000 9889 SEEN_PREVIOUSLY b'506870'
ACTION SNIPPET 10000 9892 SNIPPET_RELEVANT b'68545'
ACTION DOC 10000 9912 EXAMINING_DOCUMENT b'68545'
ACTION SNIPPET 10000 9915 SEEN_PREVIOUSLY b'501179'
ACTION SNIPPET 10000 9918 SEEN_PREVIOUSLY b'783913'
ACTION SNIPPET 10000 9921 SEEN_PREVIOUSLY b'1020235'
ACTION SNIPPET 10000 9924 SNIPPET_RELEVANT b'1010492'
ACTION DOC 10000 9944 EXAMINING_DOCUMENT b'1010492'
ACTION QUERY 10000 9954 abuses of e mail tycoons
ACTION SERP 10000 9959 EXAMINE_SERP
ACTION SNIPPET 10000 9962 SNIPPET_NOT_RELEVANT b'1214972'
ACTION SNIPPET 10000 9965 SNIPPET_NOT_RELEVANT b'1850075'
ACTION SNIPPET 10000 9968 SNIPPET_RELEVANT b'1061418'
ACTION DOC 10000 9988 EXAMINING_DOCUMENT b'1061418'
ACTION SNIPPET 10000 9991 SNIPPET_NOT_RELEVANT b'1699274'
ACTION SNIPPET 10000 9994 SNIPPET_NOT_RELEVANT b'1533482'
ACTION SNIPPET 10000 9997 SNIPPET_NOT_RELEVANT b'1302054'
ACTION SNIPPET 10000 10000 SNIPPET_NOT_RELEVANT b'951252'
INFO SUMMARY 
INFO TOTAL_QUERIES_ISSUED 144
INFO TOTAL_SNIPPETS_EXAMINED 1076
INFO TOTAL_DOCUMENTS_EXAMINED 230
INFO TOTAL_DOCUMENTS_MARKED_RELEVANT 4
INFO TOTAL_ATTRACTIVE_SERP_IMPRESSIONS 144
INFO TOTAL_UNATTRACTIVE_SERP_IMPRESSIONS 0
