ACTION QUERY 10000 10 automobile recalls
ACTION SERP 10000 15 EXAMINE_SERP
ACTION SNIPPET 10000 18 SNIPPET_RELEVANT b'49918'
ACTION DOC 10000 38 EXAMINING_DOCUMENT b'49918'
ACTION MARK 10000 41 CONSIDERED_RELEVANT b'49918'
ACTION SNIPPET 10000 44 SNIPPET_RELEVANT b'102784'
ACTION DOC 10000 64 EXAMINING_DOCUMENT b'102784'
ACTION MARK 10000 67 CONSIDERED_RELEVANT b'102784'
ACTION SNIPPET 10000 70 SNIPPET_RELEVANT b'343414'
ACTION DOC 10000 90 EXAMINING_DOCUMENT b'343414'
ACTION MARK 10000 93 CONSIDERED_RELEVANT b'343414'
ACTION SNIPPET 10000 96 SNIPPET_RELEVANT b'40158'
ACTION DOC 10000 116 EXAMINING_DOCUMENT b'40158'
ACTION MARK 10000 119 CONSIDERED_RELEVANT b'40158'
ACTION SNIPPET 10000 122 SNIPPET_RELEVANT b'96858'
ACTION DOC 10000 142 EXAMINING_DOCUMENT b'96858'
ACTION MARK 10000 145 CONSIDERED_RELEVANT b'96858'
ACTION SNIPPET 10000 148 SNIPPET_RELEVANT b'36602'
ACTION DOC 10000 168 EXAMINING_DOCUMENT b'36602'
ACTION SNIPPET 10000 171 SNIPPET_NOT_RELEVANT b'39916'
ACTION SNIPPET 10000 174 SNIPPET_RELEVANT b'1284634'
ACTION DOC 10000 194 EXAMINING_DOCUMENT b'1284634'
ACTION MARK 10000 197 CONSIDERED_RELEVANT b'1284634'
ACTION SNIPPET 10000 200 SNIPPET_RELEVANT b'1712460'
ACTION DOC 10000 220 EXAMINING_DOCUMENT b'1712460'
ACTION MARK 10000 223 CONSIDERED_RELEVANT b'1712460'
ACTION SNIPPET 10000 226 SNIPPET_RELEVANT b'1227929'
ACTION DOC 10000 246 EXAMINING_DOCUMENT b'1227929'
ACTION QUERY 10000 256 automobile recalls gmc
ACTION SERP 10000 261 EXAMINE_SERP
ACTION SNIPPET 10000 264 SNIPPET_RELEVANT b'787773'
ACTION DOC 10000 284 EXAMINING_DOCUMENT b'787773'
ACTION SNIPPET 10000 287 SNIPPET_RELEVANT b'1667814'
ACTION DOC 10000 307 EXAMINING_DOCUMENT b'1667814'
ACTION SNIPPET 10000 310 SNIPPET_NOT_RELEVANT b'1036887'
ACTION SNIPPET 10000 313 SNIPPET_NOT_RELEVANT b'1125198'
ACTION SNIPPET 10000 316 SNIPPET_NOT_RELEVANT b'660966'
ACTION SNIPPET 10000 319 SNIPPET_RELEVANT b'1756623'
ACTION DOC 10000 339 EXAMINING_DOCUMENT b'1756623'
ACTION SNIPPET 10000 342 SNIPPET_NOT_RELEVANT b'543385'
ACTION SNIPPET 10000 345 SNIPPET_NOT_RELEVANT b'596553'
ACTION SNIPPET 10000 348 SNIPPET_NOT_RELEVANT b'878094'
ACTION SNIPPET 10000 351 SNIPPET_NOT_RELEVANT b'1477854'
ACTION QUERY 10000 361 automobile recalls recalls
ACTION SERP 10000 366 EXAMINE_SERP
ACTION SNIPPET 10000 369 SEEN_PREVIOUSLY b'36602'
ACTION SNIPPET 10000 372 SNIPPET_NOT_RELEVANT b'39916'
ACTION SNIPPET 10000 375 SNIPPET_NOT_RELEVANT b'1574372'
ACTION SNIPPET 10000 378 SNIPPET_RELEVANT b'1226017'
ACTION DOC 10000 398 EXAMINING_DOCUMENT b'1226017'
ACTION MARK 10000 401 CONSIDERED_RELEVANT b'1226017'
ACTION SNIPPET 10000 404 SNIPPET_NOT_RELEVANT b'210111'
ACTION SNIPPET 10000 407 SEEN_PREVIOUSLY b'1227929'
ACTION SNIPPET 10000 410 SNIPPET_RELEVANT b'1232132'
ACTION DOC 10000 430 EXAMINING_DOCUMENT b'1232132'
ACTION MARK 10000 433 CONSIDERED_RELEVANT b'1232132'
ACTION SNIPPET 10000 436 SNIPPET_RELEVANT b'403051'
ACTION DOC 10000 456 EXAMINING_DOCUMENT b'403051'
ACTION MARK 10000 459 CONSIDERED_RELEVANT b'403051'
ACTION SNIPPET 10000 462 SNIPPET_RELEVANT b'232575'
ACTION DOC 10000 482 EXAMINING_DOCUMENT b'232575'
ACTION SNIPPET 10000 485 SNIPPET_NOT_RELEVANT b'417392'
ACTION QUERY 10000 495 automobile recalls ford
ACTION SERP 10000 500 EXAMINE_SERP
ACTION SNIPPET 10000 503 SEEN_PREVIOUSLY b'1227929'
ACTION SNIPPET 10000 506 SEEN_PREVIOUSLY b'232575'
ACTION SNIPPET 10000 509 SNIPPET_RELEVANT b'1438222'
ACTION DOC 10000 529 EXAMINING_DOCUMENT b'1438222'
ACTION MARK 10000 532 CONSIDERED_RELEVANT b'1438222'
ACTION SNIPPET 10000 535 SNIPPET_NOT_RELEVANT b'72897'
ACTION SNIPPET 10000 538 SNIPPET_RELEVANT b'417392'
ACTION DOC 10000 558 EXAMINING_DOCUMENT b'417392'
ACTION SNIPPET 10000 561 SNIPPET_NOT_RELEVANT b'1225125'
ACTION SNIPPET 10000 564 SNIPPET_NOT_RELEVANT b'482640'
ACTION SNIPPET 10000 567 SNIPPET_NOT_RELEVANT b'1135065'
ACTION SNIPPET 10000 570 SNIPPET_RELEVANT b'1780591'
ACTION DOC 10000 590 EXAMINING_DOCUMENT b'1780591'
ACTION SNIPPET 10000 593 SNIPPET_RELEVANT b'57708'
ACTION DOC 10000 613 EXAMINING_DOCUMENT b'57708'
ACTION QUERY 10000 623 automobile recalls fires
ACTION SERP 10000 628 EXAMINE_SERP
ACTION SNIPPET 10000 631 SEEN_PREVIOUSLY b'232575'
ACTION SNIPPET 10000 634 SEEN_PREVIOUSLY b'1780591'
ACTION SNIPPET 10000 637 SEEN_PREVIOUSLY b'57708'
ACTION SNIPPET 10000 640 SNIPPET_NOT_RELEVANT b'380262'
ACTION SNIPPET 10000 643 SNIPPET_NOT_RELEVANT b'1548071'
ACTION SNIPPET 10000 646 SNIPPET_NOT_RELEVANT b'1565477'
ACTION SNIPPET 10000 649 SNIPPET_RELEVANT b'1618620'
ACTION DOC 10000 669 EXAMINING_DOCUMENT b'1618620'
ACTION SNIPPET 10000 672 SNIPPET_NOT_RELEVANT b'152725'
ACTION SNIPPET 10000 675 SNIPPET_RELEVANT b'628000'
ACTION DOC 10000 695 EXAMINING_DOCUMENT b'628000'
ACTION MARK 10000 698 CONSIDERED_RELEVANT b'628000'
ACTION SNIPPET 10000 701 SNIPPET_NOT_RELEVANT b'1299787'
ACTION QUERY 10000 711 automobile recalls makes
ACTION SERP 10000 716 EXAMINE_SERP
ACTION SNIPPET 10000 719 SEEN_PREVIOUSLY b'36602'
ACTION SNIPPET 10000 722 SNIPPET_RELEVANT b'39916'
ACTION DOC 10000 742 EXAMINING_DOCUMENT b'39916'
ACTION SNIPPET 10000 745 SEEN_PREVIOUSLY b'1227929'
ACTION SNIPPET 10000 748 SEEN_PREVIOUSLY b'232575'
ACTION SNIPPET 10000 751 SNIPPET_RELEVANT b'53718'
ACTION DOC 10000 771 EXAMINING_DOCUMENT b'53718'
ACTION SNIPPET 10000 774 SNIPPET_NOT_RELEVANT b'119113'
ACTION SNIPPET 10000 777 SNIPPET_RELEVANT b'263446'
ACTION DOC 10000 797 EXAMINING_DOCUMENT b'263446'
ACTION SNIPPET 10000 800 SNIPPET_NOT_RELEVANT b'1574372'
ACTION SNIPPET 10000 803 SNIPPET_RELEVANT b'120022'
ACTION DOC 10000 823 EXAMINING_DOCUMENT b'120022'
ACTION SNIPPET 10000 826 SNIPPET_NOT_RELEVANT b'668906'
ACTION QUERY 10000 836 automobile recalls trap
ACTION SERP 10000 841 EXAMINE_SERP
ACTION SNIPPET 10000 844 SNIPPET_NOT_RELEVANT b'946197'
ACTION SNIPPET 10000 847 SNIPPET_NOT_RELEVANT b'791825'
ACTION SNIPPET 10000 850 SNIPPET_RELEVANT b'636949'
ACTION DOC 10000 870 EXAMINING_DOCUMENT b'636949'
ACTION SNIPPET 10000 873 SNIPPET_RELEVANT b'245442'
ACTION DOC 10000 893 EXAMINING_DOCUMENT b'245442'
ACTION SNIPPET 10000 896 SNIPPET_NOT_RELEVANT b'1837804'
ACTION SNIPPET 10000 899 SNIPPET_NOT_RELEVANT b'1689131'
ACTION SNIPPET 10000 902 SNIPPET_NOT_RELEVANT b'1546932'
ACTION SNIPPET 10000 905 SEEN_PREVIOUSLY b'36602'
ACTION SNIPPET 10000 908 SNIPPET_NOT_RELEVANT b'1405288'
ACTION SNIPPET 10000 911 SNIPPET_RELEVANT b'1837880'
ACTION DOC 10000 931 EXAMINING_DOCUMENT b'1837880'
ACTION QUERY 10000 941 automobile recalls affected
ACTION SERP 10000 946 EXAMINE_SERP
ACTION SNIPPET 10000 949 SEEN_PREVIOUSLY b'232575'
ACTION SNIPPET 10000 952 SEEN_PREVIOUSLY b'120022'
ACTION SNIPPET 10000 955 SNIPPET_RELEVANT b'482640'
ACTION DOC 10000 975 EXAMINING_DOCUMENT b'482640'
ACTION SNIPPET 10000 978 SNIPPET_NOT_RELEVANT b'72897'
ACTION SNIPPET 10000 981 SNIPPET_RELEVANT b'851700'
ACTION DOC 10000 1001 EXAMINING_DOCUMENT b'851700'
ACTION SNIPPET 10000 1004 SNIPPET_NOT_RELEVANT b'40715'
ACTION SNIPPET 10000 1007 SNIPPET_RELEVANT b'389913'
ACTION DOC 10000 1027 EXAMINING_DOCUMENT b'389913'
ACTION SNIPPET 10000 1030 SNIPPET_NOT_RELEVANT b'542708'
ACTION SNIPPET 10000 1033 SNIPPET_NOT_RELEVANT b'1224738'
ACTION SNIPPET 10000 1036 SNIPPET_NOT_RELEVANT b'190854'
ACTION QUERY 10000 1046 automobile recalls year
ACTION SERP 10000 1051 EXAMINE_SERP
ACTION SNIPPET 10000 1054 SEEN_PREVIOUSLY b'36602'
ACTION SNIPPET 10000 1057 SEEN_PREVIOUSLY b'232575'
ACTION SNIPPET 10000 1060 SEEN_PREVIOUSLY b'39916'
ACTION SNIPPET 10000 1063 SEEN_PREVIOUSLY b'1227929'
ACTION SNIPPET 10000 1066 SNIPPET_NOT_RELEVANT b'1574372'
ACTION SNIPPET 10000 1069 SEEN_PREVIOUSLY b'120022'
ACTION SNIPPET 10000 1072 SNIPPET_NOT_RELEVANT b'210111'
ACTION SNIPPET 10000 1075 SEEN_PREVIOUSLY b'417392'
ACTION SNIPPET 10000 1078 SNIPPET_RELEVANT b'1235752'
ACTION DOC 10000 1098 EXAMINING_DOCUMENT b'1235752'
ACTION MARK 10000 1101 CONSIDERED_RELEVANT b'1235752'
ACTION SNIPPET 10000 1104 SNIPPET_RELEVANT b'1072617'
ACTION DOC 10000 1124 EXAMINING_DOCUMENT b'1072617'
ACTION QUERY 10000 1134 automobile recalls pay
ACTION SERP 10000 1139 EXAMINE_SERP
ACTION SNIPPET 10000 1142 SEEN_PREVIOUSLY b'1227929'
ACTION SNIPPET 10000 1145 SNIPPET_NOT_RELEVANT b'288226'
ACTION SNIPPET 10000 1148 SNIPPET_RELEVANT b'49713'
ACTION DOC 10000 1168 EXAMINING_DOCUMENT b'49713'
ACTION SNIPPET 10000 1171 SNIPPET_RELEVANT b'119113'
ACTION DOC 10000 1191 EXAMINING_DOCUMENT b'119113'
ACTION SNIPPET 10000 1194 SNIPPET_RELEVANT b'812515'
ACTION DOC 10000 1214 EXAMINING_DOCUMENT b'812515'
ACTION MARK 10000 1217 CONSIDERED_RELEVANT b'812515'
ACTION SNIPPET 10000 1220 SNIPPET_RELEVANT b'375746'
ACTION DOC 10000 1240 EXAMINING_DOCUMENT b'375746'
ACTION SNIPPET 10000 1243 SEEN_PREVIOUSLY b'36602'
ACTION SNIPPET 10000 1246 SEEN_PREVIOUSLY b'39916'
ACTION SNIPPET 10000 1249 SNIPPET_RELEVANT b'346197'
ACTION DOC 10000 1269 EXAMINING_DOCUMENT b'346197'
ACTION SNIPPET 10000 1272 SNIPPET_NOT_RELEVANT b'411673'
ACTION QUERY 10000 1282 automobile recalls cadillacs
ACTION SERP 10000 1287 EXAMINE_SERP
ACTION SNIPPET 10000 1290 SNIPPET_RELEVANT b'470660'
ACTION DOC 10000 1310 EXAMINING_DOCUMENT b'470660'
ACTION SNIPPET 10000 1313 SNIPPET_NOT_RELEVANT b'377441'
ACTION SNIPPET 10000 1316 SNIPPET_RELEVANT b'916114'
ACTION DOC 10000 1336 EXAMINING_DOCUMENT b'916114'
ACTION SNIPPET 10000 1339 SEEN_PREVIOUSLY b'232575'
ACTION SNIPPET 10000 1342 SNIPPET_NOT_RELEVANT b'1432748'
ACTION SNIPPET 10000 1345 SNIPPET_NOT_RELEVANT b'1086427'
ACTION SNIPPET 10000 1348 SNIPPET_RELEVANT b'262790'
ACTION DOC 10000 1368 EXAMINING_DOCUMENT b'262790'
ACTION SNIPPET 10000 1371 SNIPPET_NOT_RELEVANT b'890017'
ACTION SNIPPET 10000 1374 SNIPPET_RELEVANT b'83591'
ACTION DOC 10000 1394 EXAMINING_DOCUMENT b'83591'
ACTION SNIPPET 10000 1397 SNIPPET_RELEVANT b'1416835'
ACTION DOC 10000 1417 EXAMINING_DOCUMENT b'1416835'
ACTION QUERY 10000 1427 automobile recalls happen
ACTION SERP 10000 1432 EXAMINE_SERP
ACTION SNIPPET 10000 1435 SNIPPET_NOT_RELEVANT b'1331336'
ACTION SNIPPET 10000 1438 SNIPPET_RELEVANT b'30337'
ACTION DOC 10000 1458 EXAMINING_DOCUMENT b'30337'
ACTION SNIPPET 10000 1461 SEEN_PREVIOUSLY b'36602'
ACTION SNIPPET 10000 1464 SNIPPET_RELEVANT b'668906'
ACTION DOC 10000 1484 EXAMINING_DOCUMENT b'668906'
ACTION MARK 10000 1487 CONSIDERED_RELEVANT b'668906'
ACTION SNIPPET 10000 1490 SEEN_PREVIOUSLY b'39916'
ACTION SNIPPET 10000 1493 SEEN_PREVIOUSLY b'1227929'
ACTION SNIPPET 10000 1496 SNIPPET_NOT_RELEVANT b'40715'
ACTION SNIPPET 10000 1499 SEEN_PREVIOUSLY b'232575'
ACTION SNIPPET 10000 1502 SNIPPET_NOT_RELEVANT b'1135065'
ACTION SNIPPET 10000 1505 SEEN_PREVIOUSLY b'53718'
ACTION QUERY 10000 1515 automobile recalls sedans
ACTION SERP 10000 1520 EXAMINE_SERP
ACTION SNIPPET 10000 1523 SNIPPET_RELEVANT b'718829'
ACTION DOC 10000 1543 EXAMINING_DOCUMENT b'718829'
ACTION MARK 10000 1546 CONSIDERED_RELEVANT b'718829'
ACTION SNIPPET 10000 1549 SNIPPET_NOT_RELEVANT b'67387'
ACTION SNIPPET 10000 1552 SNIPPET_RELEVANT b'342853'
ACTION DOC 10000 1572 EXAMINING_DOCUMENT b'342853'
ACTION SNIPPET 10000 1575 SNIPPET_NOT_RELEVANT b'451460'
ACTION SNIPPET 10000 1578 SNIPPET_RELEVANT b'282277'
ACTION DOC 10000 1598 EXAMINING_DOCUMENT b'282277'
ACTION SNIPPET 10000 1601 SNIPPET_RELEVANT b'760949'
ACTION DOC 10000 1621 EXAMINING_DOCUMENT b'760949'
ACTION MARK 10000 1624 CONSIDERED_RELEVANT b'760949'
ACTION SNIPPET 10000 1627 SNIPPET_RELEVANT b'305411'
ACTION DOC 10000 1647 EXAMINING_DOCUMENT b'305411'
ACTION SNIPPET 10000 1650 SNIPPET_RELEVANT b'355963'
ACTION DOC 10000 1670 EXAMINING_DOCUMENT b'355963'
ACTION SNIPPET 10000 1673 SNIPPET_NOT_RELEVANT b'129144'
ACTION SNIPPET 10000 1676 SNIPPET_NOT_RELEVANT b'1599495'
ACTION QUERY 10000 1686 automobile recalls slowed
ACTION SERP 10000 1691 EXAMINE_SERP
ACTION SNIPPET 10000 1694 SNIPPET_NOT_RELEVANT b'1522700'
ACTION SNIPPET 10000 1697 SNIPPET_NOT_RELEVANT b'503316'
ACTION SNIPPET 10000 1700 SNIPPET_RELEVANT b'107780'
ACTION DOC 10000 1720 EXAMINING_DOCUMENT b'107780'
ACTION SNIPPET 10000 1723 SNIPPET_NOT_RELEVANT b'84317'
ACTION SNIPPET 10000 1726 SEEN_PREVIOUSLY b'36602'
ACTION SNIPPET 10000 1729 SNIPPET_RELEVANT b'126693'
ACTION DOC 10000 1749 EXAMINING_DOCUMENT b'126693'
ACTION SNIPPET 10000 1752 SEEN_PREVIOUSLY b'39916'
ACTION SNIPPET 10000 1755 SNIPPET_RELEVANT b'79660'
ACTION DOC 10000 1775 EXAMINING_DOCUMENT b'79660'
ACTION SNIPPET 10000 1778 SEEN_PREVIOUSLY b'1227929'
ACTION SNIPPET 10000 1781 SNIPPET_NOT_RELEVANT b'1042628'
ACTION QUERY 10000 1791 automobile recalls motors
ACTION SERP 10000 1796 EXAMINE_SERP
ACTION SNIPPET 10000 1799 SEEN_PREVIOUSLY b'232575'
ACTION SNIPPET 10000 1802 SEEN_PREVIOUSLY b'39916'
ACTION SNIPPET 10000 1805 SEEN_PREVIOUSLY b'120022'
ACTION SNIPPET 10000 1808 SEEN_PREVIOUSLY b'30337'
ACTION SNIPPET 10000 1811 SEEN_PREVIOUSLY b'49713'
ACTION SNIPPET 10000 1814 SNIPPET_NOT_RELEVANT b'65456'
ACTION SNIPPET 10000 1817 SNIPPET_NOT_RELEVANT b'205118'
ACTION SNIPPET 10000 1820 SNIPPET_NOT_RELEVANT b'1294585'
ACTION SNIPPET 10000 1823 SNIPPET_RELEVANT b'1225109'
ACTION DOC 10000 1843 EXAMINING_DOCUMENT b'1225109'
ACTION MARK 10000 1846 CONSIDERED_RELEVANT b'1225109'
ACTION SNIPPET 10000 1849 SNIPPET_NOT_RELEVANT b'1212952'
ACTION QUERY 10000 1859 automobile recalls drop
ACTION SERP 10000 1864 EXAMINE_SERP
ACTION SNIPPET 10000 1867 SEEN_PREVIOUSLY b'1227929'
ACTION SNIPPET 10000 1870 SNIPPET_RELEVANT b'72897'
ACTION DOC 10000 1890 EXAMINING_DOCUMENT b'72897'
ACTION SNIPPET 10000 1893 SEEN_PREVIOUSLY b'851700'
ACTION SNIPPET 10000 1896 SEEN_PREVIOUSLY b'36602'
ACTION SNIPPET 10000 1899 SEEN_PREVIOUSLY b'263446'
ACTION SNIPPET 10000 1902 SEEN_PREVIOUSLY b'39916'
ACTION SNIPPET 10000 1905 SNIPPET_NOT_RELEVANT b'1135065'
ACTION SNIPPET 10000 1908 SNIPPET_RELEVANT b'162728'
ACTION DOC 10000 1928 EXAMINING_DOCUMENT b'162728'
ACTION SNIPPET 10000 1931 SNIPPET_NOT_RELEVANT b'1214797'
ACTION SNIPPET 10000 1934 SNIPPET_RELEVANT b'181481'
ACTION DOC 10000 1954 EXAMINING_DOCUMENT b'181481'
ACTION QUERY 10000 1964 automobile recalls hondas
ACTION SERP 10000 1969 EXAMINE_SERP
ACTION SNIPPET 10000 1972 SNIPPET_NOT_RELEVANT b'289568'
ACTION SNIPPET 10000 1975 SNIPPET_NOT_RELEVANT b'67387'
ACTION SNIPPET 10000 1978 SEEN_PREVIOUSLY b'1618620'
ACTION SNIPPET 10000 1981 SNIPPET_RELEVANT b'1279772'
ACTION DOC 10000 2001 EXAMINING_DOCUMENT b'1279772'
ACTION SNIPPET 10000 2004 SNIPPET_NOT_RELEVANT b'110970'
ACTION SNIPPET 10000 2007 SNIPPET_RELEVANT b'633247'
ACTION DOC 10000 2027 EXAMINING_DOCUMENT b'633247'
ACTION SNIPPET 10000 2030 SNIPPET_RELEVANT b'44864'
ACTION DOC 10000 2050 EXAMINING_DOCUMENT b'44864'
ACTION SNIPPET 10000 2053 SNIPPET_NOT_RELEVANT b'2101'
ACTION SNIPPET 10000 2056 SNIPPET_NOT_RELEVANT b'2101'
ACTION SNIPPET 10000 2059 SNIPPET_RELEVANT b'1338585'
ACTION DOC 10000 2079 EXAMINING_DOCUMENT b'1338585'
ACTION QUERY 10000 2089 automobile recalls will
ACTION SERP 10000 2094 EXAMINE_SERP
ACTION SNIPPET 10000 2097 SEEN_PREVIOUSLY b'36602'
ACTION SNIPPET 10000 2100 SEEN_PREVIOUSLY b'39916'
ACTION SNIPPET 10000 2103 SEEN_PREVIOUSLY b'1227929'
ACTION SNIPPET 10000 2106 SEEN_PREVIOUSLY b'232575'
ACTION SNIPPET 10000 2109 SNIPPET_NOT_RELEVANT b'1574372'
ACTION SNIPPET 10000 2112 SEEN_PREVIOUSLY b'120022'
ACTION SNIPPET 10000 2115 SNIPPET_RELEVANT b'210111'
ACTION DOC 10000 2135 EXAMINING_DOCUMENT b'210111'
ACTION SNIPPET 10000 2138 SEEN_PREVIOUSLY b'417392'
ACTION SNIPPET 10000 2141 SNIPPET_NOT_RELEVANT b'288226'
ACTION SNIPPET 10000 2144 SEEN_PREVIOUSLY b'1072617'
ACTION QUERY 10000 2154 automobile recalls error
ACTION SERP 10000 2159 EXAMINE_SERP
ACTION SNIPPET 10000 2162 SNIPPET_RELEVANT b'370033'
ACTION DOC 10000 2182 EXAMINING_DOCUMENT b'370033'
ACTION SNIPPET 10000 2185 SNIPPET_NOT_RELEVANT b'333568'
ACTION SNIPPET 10000 2188 SNIPPET_RELEVANT b'227032'
ACTION DOC 10000 2208 EXAMINING_DOCUMENT b'227032'
ACTION SNIPPET 10000 2211 SNIPPET_RELEVANT b'1768858'
ACTION DOC 10000 2231 EXAMINING_DOCUMENT b'1768858'
ACTION SNIPPET 10000 2234 SNIPPET_NOT_RELEVANT b'1686175'
ACTION SNIPPET 10000 2237 SNIPPET_RELEVANT b'1147961'
ACTION DOC 10000 2257 EXAMINING_DOCUMENT b'1147961'
ACTION SNIPPET 10000 2260 SNIPPET_RELEVANT b'631154'
ACTION DOC 10000 2280 EXAMINING_DOCUMENT b'631154'
ACTION SNIPPET 10000 2283 SNIPPET_RELEVANT b'946161'
ACTION DOC 10000 2303 EXAMINING_DOCUMENT b'946161'
ACTION SNIPPET 10000 2306 SNIPPET_NOT_RELEVANT b'1684645'
ACTION SNIPPET 10000 2309 SNIPPET_RELEVANT b'731117'
ACTION DOC 10000 2329 EXAMINING_DOCUMENT b'731117'
ACTION QUERY 10000 2339 automobile recalls older
ACTION SERP 10000 2344 EXAMINE_SERP
ACTION SNIPPET 10000 2347 SNIPPET_RELEVANT b'525786'
ACTION DOC 10000 2367 EXAMINING_DOCUMENT b'525786'
ACTION SNIPPET 10000 2370 SNIPPET_NOT_RELEVANT b'448722'
ACTION SNIPPET 10000 2373 SNIPPET_RELEVANT b'525705'
ACTION DOC 10000 2393 EXAMINING_DOCUMENT b'525705'
ACTION SNIPPET 10000 2396 SEEN_PREVIOUSLY b'36602'
ACTION SNIPPET 10000 2399 SNIPPET_NOT_RELEVANT b'187297'
ACTION SNIPPET 10000 2402 SEEN_PREVIOUSLY b'39916'
ACTION SNIPPET 10000 2405 SNIPPET_NOT_RELEVANT b'747657'
ACTION SNIPPET 10000 2408 SEEN_PREVIOUSLY b'1227929'
ACTION SNIPPET 10000 2411 SNIPPET_NOT_RELEVANT b'1586896'
ACTION SNIPPET 10000 2414 SEEN_PREVIOUSLY b'232575'
ACTION QUERY 10000 2424 automobile recalls actions
ACTION SERP 10000 2429 EXAMINE_SERP
ACTION SNIPPET 10000 2432 SEEN_PREVIOUSLY b'120022'
ACTION SNIPPET 10000 2435 SEEN_PREVIOUSLY b'1227929'
ACTION SNIPPET 10000 2438 SEEN_PREVIOUSLY b'30337'
ACTION SNIPPET 10000 2441 SNIPPET_NOT_RELEVANT b'209343'
ACTION SNIPPET 10000 2444 SNIPPET_NOT_RELEVANT b'411673'
ACTION SNIPPET 10000 2447 SEEN_PREVIOUSLY b'36602'
ACTION SNIPPET 10000 2450 SNIPPET_NOT_RELEVANT b'118029'
ACTION SNIPPET 10000 2453 SNIPPET_RELEVANT b'923182'
ACTION DOC 10000 2473 EXAMINING_DOCUMENT b'923182'
ACTION SNIPPET 10000 2476 SEEN_PREVIOUSLY b'39916'
ACTION SNIPPET 10000 2479 SNIPPET_RELEVANT b'1228156'
ACTION DOC 10000 2499 EXAMINING_DOCUMENT b'1228156'
ACTION QUERY 10000 2509 automobile recalls skylark
ACTION SERP 10000 2514 EXAMINE_SERP
ACTION SNIPPET 10000 2517 SEEN_PREVIOUSLY b'39916'
ACTION SNIPPET 10000 2520 SEEN_PREVIOUSLY b'30337'
ACTION SNIPPET 10000 2523 SNIPPET_NOT_RELEVANT b'1679681'
ACTION SNIPPET 10000 2526 SNIPPET_NOT_RELEVANT b'433645'
ACTION SNIPPET 10000 2529 SNIPPET_RELEVANT b'240249'
ACTION DOC 10000 2549 EXAMINING_DOCUMENT b'240249'
ACTION SNIPPET 10000 2552 SNIPPET_RELEVANT b'370'
ACTION DOC 10000 2572 EXAMINING_DOCUMENT b'370'
ACTION SNIPPET 10000 2575 SEEN_PREVIOUSLY b'370'
ACTION SNIPPET 10000 2578 SNIPPET_RELEVANT b'710693'
ACTION DOC 10000 2598 EXAMINING_DOCUMENT b'710693'
ACTION SNIPPET 10000 2601 SNIPPET_RELEVANT b'148613'
ACTION DOC 10000 2621 EXAMINING_DOCUMENT b'148613'
ACTION SNIPPET 10000 2624 SNIPPET_NOT_RELEVANT b'8659'
ACTION QUERY 10000 2634 automobile recalls oxidizer
ACTION SERP 10000 2639 EXAMINE_SERP
ACTION SNIPPET 10000 2642 SNIPPET_RELEVANT b'411673'
ACTION DOC 10000 2662 EXAMINING_DOCUMENT b'411673'
ACTION SNIPPET 10000 2665 SNIPPET_RELEVANT b'498583'
ACTION DOC 10000 2685 EXAMINING_DOCUMENT b'498583'
ACTION SNIPPET 10000 2688 SNIPPET_RELEVANT b'1056024'
ACTION DOC 10000 2708 EXAMINING_DOCUMENT b'1056024'
ACTION SNIPPET 10000 2711 SNIPPET_NOT_RELEVANT b'232537'
ACTION SNIPPET 10000 2714 SNIPPET_NOT_RELEVANT b'164629'
ACTION SNIPPET 10000 2717 SEEN_PREVIOUSLY b'1279772'
ACTION SNIPPET 10000 2720 SNIPPET_RELEVANT b'343697'
ACTION DOC 10000 2740 EXAMINING_DOCUMENT b'343697'
ACTION SNIPPET 10000 2743 SNIPPET_NOT_RELEVANT b'1021630'
ACTION SNIPPET 10000 2746 SNIPPET_RELEVANT b'1020554'
ACTION DOC 10000 2766 EXAMINING_DOCUMENT b'1020554'
ACTION SNIPPET 10000 2769 SNIPPET_NOT_RELEVANT b'893269'
ACTION QUERY 10000 2779 automobile recalls replaced
ACTION SERP 10000 2784 EXAMINE_SERP
ACTION SNIPPET 10000 2787 SEEN_PREVIOUSLY b'232575'
ACTION SNIPPET 10000 2790 SNIPPET_RELEVANT b'1225125'
ACTION DOC 10000 2810 EXAMINING_DOCUMENT b'1225125'
ACTION SNIPPET 10000 2813 SNIPPET_NOT_RELEVANT b'40715'
ACTION SNIPPET 10000 2816 SNIPPET_NOT_RELEVANT b'503316'
ACTION SNIPPET 10000 2819 SNIPPET_NOT_RELEVANT b'521884'
ACTION SNIPPET 10000 2822 SEEN_PREVIOUSLY b'36602'
ACTION SNIPPET 10000 2825 SNIPPET_RELEVANT b'1212952'
ACTION DOC 10000 2845 EXAMINING_DOCUMENT b'1212952'
ACTION SNIPPET 10000 2848 SNIPPET_RELEVANT b'368045'
ACTION DOC 10000 2868 EXAMINING_DOCUMENT b'368045'
ACTION SNIPPET 10000 2871 SNIPPET_NOT_RELEVANT b'272615'
ACTION SNIPPET 10000 2874 SNIPPET_NOT_RELEVANT b'1222588'
ACTION QUERY 10000 2884 automobile recalls fail
ACTION SERP 10000 2889 EXAMINE_SERP
ACTION SNIPPET 10000 2892 SEEN_PREVIOUSLY b'210111'
ACTION SNIPPET 10000 2895 SEEN_PREVIOUSLY b'30337'
ACTION SNIPPET 10000 2898 SEEN_PREVIOUSLY b'375746'
ACTION SNIPPET 10000 2901 SNIPPET_NOT_RELEVANT b'1222971'
ACTION SNIPPET 10000 2904 SEEN_PREVIOUSLY b'411673'
ACTION SNIPPET 10000 2907 SNIPPET_NOT_RELEVANT b'125289'
ACTION SNIPPET 10000 2910 SEEN_PREVIOUSLY b'36602'
ACTION SNIPPET 10000 2913 SNIPPET_NOT_RELEVANT b'24999'
ACTION SNIPPET 10000 2916 SNIPPET_NOT_RELEVANT b'47800'
ACTION SNIPPET 10000 2919 SEEN_PREVIOUSLY b'39916'
ACTION QUERY 10000 2929 automobile recalls regulates
ACTION SERP 10000 2934 EXAMINE_SERP
ACTION SNIPPET 10000 2937 SEEN_PREVIOUSLY b'1227929'
ACTION SNIPPET 10000 2940 SEEN_PREVIOUSLY b'119113'
ACTION SNIPPET 10000 2943 SNIPPET_NOT_RELEVANT b'1234798'
ACTION SNIPPET 10000 2946 SNIPPET_NOT_RELEVANT b'1222971'
ACTION SNIPPET 10000 2949 SNIPPET_RELEVANT b'1228774'
ACTION DOC 10000 2969 EXAMINING_DOCUMENT b'1228774'
ACTION SNIPPET 10000 2972 SEEN_PREVIOUSLY b'1225125'
ACTION SNIPPET 10000 2975 SNIPPET_NOT_RELEVANT b'1278241'
ACTION SNIPPET 10000 2978 SNIPPET_NOT_RELEVANT b'458814'
ACTION SNIPPET 10000 2981 SNIPPET_NOT_RELEVANT b'576662'
ACTION SNIPPET 10000 2984 SNIPPET_RELEVANT b'1762922'
ACTION DOC 10000 3004 EXAMINING_DOCUMENT b'1762922'
ACTION QUERY 10000 3014 automobile recalls bad
ACTION SERP 10000 3019 EXAMINE_SERP
ACTION SNIPPET 10000 3022 SEEN_PREVIOUSLY b'411673'
ACTION SNIPPET 10000 3025 SEEN_PREVIOUSLY b'53718'
ACTION SNIPPET 10000 3028 SEEN_PREVIOUSLY b'36602'
ACTION SNIPPET 10000 3031 SNIPPET_NOT_RELEVANT b'319279'
ACTION SNIPPET 10000 3034 SEEN_PREVIOUSLY b'39916'
ACTION SNIPPET 10000 3037 SEEN_PREVIOUSLY b'1227929'
ACTION SNIPPET 10000 3040 SNIPPET_RELEVANT b'171344'
ACTION DOC 10000 3060 EXAMINING_DOCUMENT b'171344'
ACTION SNIPPET 10000 3063 SNIPPET_NOT_RELEVANT b'1594782'
ACTION SNIPPET 10000 3066 SEEN_PREVIOUSLY b'232575'
ACTION SNIPPET 10000 3069 SNIPPET_RELEVANT b'108304'
ACTION DOC 10000 3089 EXAMINING_DOCUMENT b'108304'
ACTION QUERY 10000 3099 automobile recalls oxidizers
ACTION SERP 10000 3104 EXAMINE_SERP
ACTION SNIPPET 10000 3107 SEEN_PREVIOUSLY b'411673'
ACTION SNIPPET 10000 3110 SEEN_PREVIOUSLY b'498583'
ACTION SNIPPET 10000 3113 SEEN_PREVIOUSLY b'1056024'
ACTION SNIPPET 10000 3116 SNIPPET_NOT_RELEVANT b'232537'
ACTION SNIPPET 10000 3119 SNIPPET_NOT_RELEVANT b'164629'
ACTION SNIPPET 10000 3122 SEEN_PREVIOUSLY b'1279772'
ACTION SNIPPET 10000 3125 SEEN_PREVIOUSLY b'343697'
ACTION SNIPPET 10000 3128 SNIPPET_NOT_RELEVANT b'1021630'
ACTION SNIPPET 10000 3131 SEEN_PREVIOUSLY b'1020554'
ACTION SNIPPET 10000 3134 SNIPPET_NOT_RELEVANT b'893269'
ACTION QUERY 10000 3144 automobile recalls maximum
ACTION SERP 10000 3149 EXAMINE_SERP
ACTION SNIPPET 10000 3152 SEEN_PREVIOUSLY b'1227929'
ACTION SNIPPET 10000 3155 SNIPPET_NOT_RELEVANT b'16482'
ACTION SNIPPET 10000 3158 SNIPPET_NOT_RELEVANT b'265249'
ACTION SNIPPET 10000 3161 SNIPPET_NOT_RELEVANT b'61939'
ACTION SNIPPET 10000 3164 SNIPPET_RELEVANT b'188154'
ACTION DOC 10000 3184 EXAMINING_DOCUMENT b'188154'
ACTION SNIPPET 10000 3187 SNIPPET_RELEVANT b'907931'
ACTION DOC 10000 3207 EXAMINING_DOCUMENT b'907931'
ACTION SNIPPET 10000 3210 SNIPPET_NOT_RELEVANT b'945164'
ACTION SNIPPET 10000 3213 SNIPPET_NOT_RELEVANT b'436288'
ACTION SNIPPET 10000 3216 SNIPPET_NOT_RELEVANT b'137992'
ACTION SNIPPET 10000 3219 SNIPPET_RELEVANT b'269148'
ACTION DOC 10000 3239 EXAMINING_DOCUMENT b'269148'
ACTION QUERY 10000 3249 automobile recalls take
ACTION SERP 10000 3254 EXAMINE_SERP
ACTION SNIPPET 10000 3257 SEEN_PREVIOUSLY b'1227929'
ACTION SNIPPET 10000 3260 SEEN_PREVIOUSLY b'36602'
ACTION SNIPPET 10000 3263 SEEN_PREVIOUSLY b'39916'
ACTION SNIPPET 10000 3266 SEEN_PREVIOUSLY b'72897'
ACTION SNIPPET 10000 3269 SEEN_PREVIOUSLY b'232575'
ACTION SNIPPET 10000 3272 SNIPPET_NOT_RELEVANT b'1574372'
ACTION SNIPPET 10000 3275 SEEN_PREVIOUSLY b'120022'
ACTION SNIPPET 10000 3278 SEEN_PREVIOUSLY b'210111'
ACTION SNIPPET 10000 3281 SEEN_PREVIOUSLY b'119113'
ACTION SNIPPET 10000 3284 SNIPPET_NOT_RELEVANT b'288226'
ACTION QUERY 10000 3294 automobile recalls buick
ACTION SERP 10000 3299 EXAMINE_SERP
ACTION SNIPPET 10000 3302 SEEN_PREVIOUSLY b'851700'
ACTION SNIPPET 10000 3305 SNIPPET_NOT_RELEVANT b'1810871'
ACTION SNIPPET 10000 3308 SEEN_PREVIOUSLY b'39916'
ACTION SNIPPET 10000 3311 SNIPPET_RELEVANT b'205118'
ACTION DOC 10000 3331 EXAMINING_DOCUMENT b'205118'
ACTION SNIPPET 10000 3334 SNIPPET_NOT_RELEVANT b'451460'
ACTION SNIPPET 10000 3337 SNIPPET_NOT_RELEVANT b'1837229'
ACTION SNIPPET 10000 3340 SNIPPET_NOT_RELEVANT b'1104052'
ACTION SNIPPET 10000 3343 SNIPPET_NOT_RELEVANT b'1718458'
ACTION SNIPPET 10000 3346 SNIPPET_NOT_RELEVANT b'715129'
ACTION SNIPPET 10000 3349 SNIPPET_NOT_RELEVANT b'27873'
ACTION QUERY 10000 3359 automobile recalls brakes
ACTION SERP 10000 3364 EXAMINE_SERP
ACTION SNIPPET 10000 3367 SEEN_PREVIOUSLY b'39916'
ACTION SNIPPET 10000 3370 SEEN_PREVIOUSLY b'30337'
ACTION SNIPPET 10000 3373 SEEN_PREVIOUSLY b'120022'
ACTION SNIPPET 10000 3376 SEEN_PREVIOUSLY b'232575'
ACTION SNIPPET 10000 3379 SEEN_PREVIOUSLY b'1780591'
ACTION SNIPPET 10000 3382 SNIPPET_NOT_RELEVANT b'1299787'
ACTION SNIPPET 10000 3385 SNIPPET_NOT_RELEVANT b'262704'
ACTION SNIPPET 10000 3388 SNIPPET_NOT_RELEVANT b'422404'
ACTION SNIPPET 10000 3391 SEEN_PREVIOUSLY b'368045'
ACTION SNIPPET 10000 3394 SNIPPET_NOT_RELEVANT b'65456'
ACTION QUERY 10000 3404 automobile recalls recalled
ACTION SERP 10000 3409 EXAMINE_SERP
ACTION SNIPPET 10000 3412 SEEN_PREVIOUSLY b'36602'
ACTION SNIPPET 10000 3415 SEEN_PREVIOUSLY b'39916'
ACTION SNIPPET 10000 3418 SNIPPET_NOT_RELEVANT b'1574372'
ACTION SNIPPET 10000 3421 SEEN_PREVIOUSLY b'210111'
ACTION SNIPPET 10000 3424 SEEN_PREVIOUSLY b'1227929'
ACTION SNIPPET 10000 3427 SEEN_PREVIOUSLY b'232575'
ACTION SNIPPET 10000 3430 SEEN_PREVIOUSLY b'417392'
ACTION SNIPPET 10000 3433 SEEN_PREVIOUSLY b'120022'
ACTION SNIPPET 10000 3436 SNIPPET_NOT_RELEVANT b'1565477'
ACTION SNIPPET 10000 3439 SEEN_PREVIOUSLY b'1072617'
ACTION QUERY 10000 3449 automobile recalls chrysler
ACTION SERP 10000 3454 EXAMINE_SERP
ACTION SNIPPET 10000 3457 SEEN_PREVIOUSLY b'417392'
ACTION SNIPPET 10000 3460 SEEN_PREVIOUSLY b'263446'
ACTION SNIPPET 10000 3463 SNIPPET_NOT_RELEVANT b'118029'
ACTION SNIPPET 10000 3466 SNIPPET_NOT_RELEVANT b'946197'
ACTION SNIPPET 10000 3469 SNIPPET_NOT_RELEVANT b'301353'
ACTION SNIPPET 10000 3472 SNIPPET_RELEVANT b'203141'
ACTION DOC 10000 3492 EXAMINING_DOCUMENT b'203141'
ACTION SNIPPET 10000 3495 SNIPPET_NOT_RELEVANT b'53303'
ACTION SNIPPET 10000 3498 SNIPPET_RELEVANT b'632344'
ACTION DOC 10000 3518 EXAMINING_DOCUMENT b'632344'
ACTION SNIPPET 10000 3521 SNIPPET_NOT_RELEVANT b'278317'
ACTION SNIPPET 10000 3524 SNIPPET_RELEVANT b'165228'
ACTION DOC 10000 3544 EXAMINING_DOCUMENT b'165228'
ACTION QUERY 10000 3554 automobile recalls engines
ACTION SERP 10000 3559 EXAMINE_SERP
ACTION SNIPPET 10000 3562 SNIPPET_NOT_RELEVANT b'187787'
ACTION SNIPPET 10000 3565 SEEN_PREVIOUSLY b'417392'
ACTION SNIPPET 10000 3568 SEEN_PREVIOUSLY b'1225125'
ACTION SNIPPET 10000 3571 SNIPPET_NOT_RELEVANT b'1135065'
ACTION SNIPPET 10000 3574 SNIPPET_RELEVANT b'381087'
ACTION DOC 10000 3594 EXAMINING_DOCUMENT b'381087'
ACTION SNIPPET 10000 3597 SEEN_PREVIOUSLY b'49713'
ACTION SNIPPET 10000 3600 SNIPPET_RELEVANT b'1799770'
ACTION DOC 10000 3620 EXAMINING_DOCUMENT b'1799770'
ACTION SNIPPET 10000 3623 SNIPPET_NOT_RELEVANT b'592977'
ACTION SNIPPET 10000 3626 SNIPPET_NOT_RELEVANT b'123914'
ACTION SNIPPET 10000 3629 SEEN_PREVIOUSLY b'30337'
ACTION QUERY 10000 3639 automobile recalls cars
ACTION SERP 10000 3644 EXAMINE_SERP
ACTION SNIPPET 10000 3647 SEEN_PREVIOUSLY b'39916'
ACTION SNIPPET 10000 3650 SEEN_PREVIOUSLY b'210111'
ACTION SNIPPET 10000 3653 SEEN_PREVIOUSLY b'232575'
ACTION SNIPPET 10000 3656 SEEN_PREVIOUSLY b'120022'
ACTION SNIPPET 10000 3659 SNIPPET_NOT_RELEVANT b'1574372'
ACTION SNIPPET 10000 3662 SEEN_PREVIOUSLY b'30337'
ACTION SNIPPET 10000 3665 SNIPPET_NOT_RELEVANT b'10967'
ACTION SNIPPET 10000 3668 SEEN_PREVIOUSLY b'49713'
ACTION SNIPPET 10000 3671 SEEN_PREVIOUSLY b'53718'
ACTION SNIPPET 10000 3674 SEEN_PREVIOUSLY b'417392'
ACTION QUERY 10000 3684 automobile recalls engine
ACTION SERP 10000 3689 EXAMINE_SERP
ACTION SNIPPET 10000 3692 SNIPPET_NOT_RELEVANT b'187787'
ACTION SNIPPET 10000 3695 SEEN_PREVIOUSLY b'417392'
ACTION SNIPPET 10000 3698 SEEN_PREVIOUSLY b'1225125'
ACTION SNIPPET 10000 3701 SNIPPET_NOT_RELEVANT b'1135065'
ACTION SNIPPET 10000 3704 SEEN_PREVIOUSLY b'381087'
ACTION SNIPPET 10000 3707 SEEN_PREVIOUSLY b'49713'
ACTION SNIPPET 10000 3710 SEEN_PREVIOUSLY b'1799770'
ACTION SNIPPET 10000 3713 SNIPPET_NOT_RELEVANT b'592977'
ACTION SNIPPET 10000 3716 SNIPPET_NOT_RELEVANT b'123914'
ACTION SNIPPET 10000 3719 SEEN_PREVIOUSLY b'30337'
ACTION QUERY 10000 3729 automobile recalls removed
ACTION SERP 10000 3734 EXAMINE_SERP
ACTION SNIPPET 10000 3737 SNIPPET_NOT_RELEVANT b'1299787'
ACTION SNIPPET 10000 3740 SNIPPET_NOT_RELEVANT b'41947'
ACTION SNIPPET 10000 3743 SNIPPET_RELEVANT b'1241022'
ACTION DOC 10000 3763 EXAMINING_DOCUMENT b'1241022'
ACTION SNIPPET 10000 3766 SNIPPET_NOT_RELEVANT b'29092'
ACTION SNIPPET 10000 3769 SNIPPET_NOT_RELEVANT b'380262'
ACTION SNIPPET 10000 3772 SNIPPET_RELEVANT b'209343'
ACTION DOC 10000 3792 EXAMINING_DOCUMENT b'209343'
ACTION SNIPPET 10000 3795 SEEN_PREVIOUSLY b'36602'
ACTION SNIPPET 10000 3798 SNIPPET_RELEVANT b'301535'
ACTION DOC 10000 3818 EXAMINING_DOCUMENT b'301535'
ACTION SNIPPET 10000 3821 SNIPPET_NOT_RELEVANT b'124576'
ACTION SNIPPET 10000 3824 SNIPPET_NOT_RELEVANT b'56468'
ACTION QUERY 10000 3834 automobile recalls fire
ACTION SERP 10000 3839 EXAMINE_SERP
ACTION SNIPPET 10000 3842 SEEN_PREVIOUSLY b'232575'
ACTION SNIPPET 10000 3845 SEEN_PREVIOUSLY b'1780591'
ACTION SNIPPET 10000 3848 SEEN_PREVIOUSLY b'57708'
ACTION SNIPPET 10000 3851 SNIPPET_RELEVANT b'380262'
ACTION DOC 10000 3871 EXAMINING_DOCUMENT b'380262'
ACTION SNIPPET 10000 3874 SNIPPET_NOT_RELEVANT b'1548071'
ACTION SNIPPET 10000 3877 SNIPPET_RELEVANT b'1565477'
ACTION DOC 10000 3897 EXAMINING_DOCUMENT b'1565477'
ACTION MARK 10000 3900 CONSIDERED_RELEVANT b'1565477'
ACTION SNIPPET 10000 3903 SEEN_PREVIOUSLY b'1618620'
ACTION SNIPPET 10000 3906 SNIPPET_NOT_RELEVANT b'152725'
ACTION SNIPPET 10000 3909 SNIPPET_RELEVANT b'1299787'
ACTION DOC 10000 3929 EXAMINING_DOCUMENT b'1299787'
ACTION SNIPPET 10000 3932 SNIPPET_RELEVANT b'1016445'
ACTION DOC 10000 3952 EXAMINING_DOCUMENT b'1016445'
ACTION MARK 10000 3955 CONSIDERED_RELEVANT b'1016445'
ACTION QUERY 10000 3965 automobile recalls holds
ACTION SERP 10000 3970 EXAMINE_SERP
ACTION SNIPPET 10000 3973 SEEN_PREVIOUSLY b'375746'
ACTION SNIPPET 10000 3976 SEEN_PREVIOUSLY b'36602'
ACTION SNIPPET 10000 3979 SEEN_PREVIOUSLY b'39916'
ACTION SNIPPET 10000 3982 SEEN_PREVIOUSLY b'1227929'
ACTION SNIPPET 10000 3985 SEEN_PREVIOUSLY b'232575'
ACTION SNIPPET 10000 3988 SNIPPET_NOT_RELEVANT b'1135065'
ACTION SNIPPET 10000 3991 SNIPPET_NOT_RELEVANT b'1574372'
ACTION SNIPPET 10000 3994 SEEN_PREVIOUSLY b'120022'
ACTION SNIPPET 10000 3997 SNIPPET_NOT_RELEVANT b'257107'
ACTION SNIPPET 10000 4000 SEEN_PREVIOUSLY b'210111'
ACTION QUERY 10000 4010 automobile recalls back
ACTION SERP 10000 4015 EXAMINE_SERP
ACTION SNIPPET 10000 4018 SEEN_PREVIOUSLY b'36602'
ACTION SNIPPET 10000 4021 SEEN_PREVIOUSLY b'39916'
ACTION SNIPPET 10000 4024 SEEN_PREVIOUSLY b'49713'
ACTION SNIPPET 10000 4027 SEEN_PREVIOUSLY b'72897'
ACTION SNIPPET 10000 4030 SEEN_PREVIOUSLY b'1227929'
ACTION SNIPPET 10000 4033 SEEN_PREVIOUSLY b'53718'
ACTION SNIPPET 10000 4036 SEEN_PREVIOUSLY b'232575'
ACTION SNIPPET 10000 4039 SNIPPET_NOT_RELEVANT b'1819639'
ACTION SNIPPET 10000 4042 SNIPPET_RELEVANT b'1574372'
ACTION DOC 10000 4062 EXAMINING_DOCUMENT b'1574372'
ACTION SNIPPET 10000 4065 SEEN_PREVIOUSLY b'120022'
ACTION QUERY 10000 4075 automobile recalls state
ACTION SERP 10000 4080 EXAMINE_SERP
ACTION SNIPPET 10000 4083 SEEN_PREVIOUSLY b'39916'
ACTION SNIPPET 10000 4086 SEEN_PREVIOUSLY b'36602'
ACTION SNIPPET 10000 4089 SEEN_PREVIOUSLY b'1227929'
ACTION SNIPPET 10000 4092 SNIPPET_RELEVANT b'288226'
ACTION DOC 10000 4112 EXAMINING_DOCUMENT b'288226'
ACTION SNIPPET 10000 4115 SEEN_PREVIOUSLY b'232575'
ACTION SNIPPET 10000 4118 SEEN_PREVIOUSLY b'49713'
ACTION SNIPPET 10000 4121 SEEN_PREVIOUSLY b'375746'
ACTION SNIPPET 10000 4124 SEEN_PREVIOUSLY b'1574372'
ACTION SNIPPET 10000 4127 SEEN_PREVIOUSLY b'120022'
ACTION SNIPPET 10000 4130 SEEN_PREVIOUSLY b'210111'
ACTION QUERY 10000 4140 automobile recalls release
ACTION SERP 10000 4145 EXAMINE_SERP
ACTION SNIPPET 10000 4148 SEEN_PREVIOUSLY b'417392'
ACTION SNIPPET 10000 4151 SEEN_PREVIOUSLY b'1225125'
ACTION SNIPPET 10000 4154 SNIPPET_RELEVANT b'313708'
ACTION DOC 10000 4174 EXAMINING_DOCUMENT b'313708'
ACTION SNIPPET 10000 4177 SNIPPET_NOT_RELEVANT b'187787'
ACTION SNIPPET 10000 4180 SEEN_PREVIOUSLY b'36602'
ACTION SNIPPET 10000 4183 SNIPPET_RELEVANT b'764242'
ACTION DOC 10000 4203 EXAMINING_DOCUMENT b'764242'
ACTION MARK 10000 4206 CONSIDERED_RELEVANT b'764242'
ACTION SNIPPET 10000 4209 SNIPPET_RELEVANT b'319098'
ACTION DOC 10000 4229 EXAMINING_DOCUMENT b'319098'
ACTION SNIPPET 10000 4232 SNIPPET_RELEVANT b'289443'
ACTION DOC 10000 4252 EXAMINING_DOCUMENT b'289443'
ACTION SNIPPET 10000 4255 SNIPPET_RELEVANT b'764448'
ACTION DOC 10000 4275 EXAMINING_DOCUMENT b'764448'
ACTION MARK 10000 4278 CONSIDERED_RELEVANT b'764448'
ACTION SNIPPET 10000 4281 SEEN_PREVIOUSLY b'39916'
ACTION QUERY 10000 4291 automobile recalls change
ACTION SERP 10000 4296 EXAMINE_SERP
ACTION SNIPPET 10000 4299 SEEN_PREVIOUSLY b'36602'
ACTION SNIPPET 10000 4302 SEEN_PREVIOUSLY b'39916'
ACTION SNIPPET 10000 4305 SNIPPET_RELEVANT b'1042599'
ACTION DOC 10000 4325 EXAMINING_DOCUMENT b'1042599'
ACTION SNIPPET 10000 4328 SEEN_PREVIOUSLY b'1227929'
ACTION SNIPPET 10000 4331 SEEN_PREVIOUSLY b'232575'
ACTION SNIPPET 10000 4334 SEEN_PREVIOUSLY b'1574372'
ACTION SNIPPET 10000 4337 SEEN_PREVIOUSLY b'120022'
ACTION SNIPPET 10000 4340 SEEN_PREVIOUSLY b'210111'
ACTION SNIPPET 10000 4343 SEEN_PREVIOUSLY b'57708'
ACTION SNIPPET 10000 4346 SNIPPET_RELEVANT b'1522700'
ACTION DOC 10000 4366 EXAMINING_DOCUMENT b'1522700'
ACTION QUERY 10000 4376 automobile recalls agencies
ACTION SERP 10000 4381 EXAMINE_SERP
ACTION SNIPPET 10000 4384 SEEN_PREVIOUSLY b'1227929'
ACTION SNIPPET 10000 4387 SEEN_PREVIOUSLY b'232575'
ACTION SNIPPET 10000 4390 SEEN_PREVIOUSLY b'120022'
ACTION SNIPPET 10000 4393 SEEN_PREVIOUSLY b'210111'
ACTION SNIPPET 10000 4396 SEEN_PREVIOUSLY b'417392'
ACTION SNIPPET 10000 4399 SNIPPET_RELEVANT b'65456'
ACTION DOC 10000 4419 EXAMINING_DOCUMENT b'65456'
ACTION SNIPPET 10000 4422 SEEN_PREVIOUSLY b'30337'
ACTION SNIPPET 10000 4425 SNIPPET_RELEVANT b'1224309'
ACTION DOC 10000 4445 EXAMINING_DOCUMENT b'1224309'
ACTION SNIPPET 10000 4448 SNIPPET_RELEVANT b'338923'
ACTION DOC 10000 4468 EXAMINING_DOCUMENT b'338923'
ACTION SNIPPET 10000 4471 SNIPPET_RELEVANT b'40715'
ACTION DOC 10000 4491 EXAMINING_DOCUMENT b'40715'
ACTION QUERY 10000 4501 automobile recalls reveal
ACTION SERP 10000 4506 EXAMINE_SERP
ACTION SNIPPET 10000 4509 SNIPPET_NOT_RELEVANT b'1560881'
ACTION SNIPPET 10000 4512 SEEN_PREVIOUSLY b'36602'
ACTION SNIPPET 10000 4515 SEEN_PREVIOUSLY b'1042599'
ACTION SNIPPET 10000 4518 SNIPPET_NOT_RELEVANT b'272651'
ACTION SNIPPET 10000 4521 SEEN_PREVIOUSLY b'39916'
ACTION SNIPPET 10000 4524 SNIPPET_RELEVANT b'145571'
ACTION DOC 10000 4544 EXAMINING_DOCUMENT b'145571'
ACTION SNIPPET 10000 4547 SNIPPET_RELEVANT b'1472690'
ACTION DOC 10000 4567 EXAMINING_DOCUMENT b'1472690'
ACTION SNIPPET 10000 4570 SEEN_PREVIOUSLY b'1212952'
ACTION SNIPPET 10000 4573 SEEN_PREVIOUSLY b'1227929'
ACTION SNIPPET 10000 4576 SEEN_PREVIOUSLY b'232575'
ACTION QUERY 10000 4586 automobile recalls seats
ACTION SERP 10000 4591 EXAMINE_SERP
ACTION SNIPPET 10000 4594 SEEN_PREVIOUSLY b'120022'
ACTION SNIPPET 10000 4597 SEEN_PREVIOUSLY b'232575'
ACTION SNIPPET 10000 4600 SEEN_PREVIOUSLY b'417392'
ACTION SNIPPET 10000 4603 SNIPPET_NOT_RELEVANT b'1108834'
ACTION SNIPPET 10000 4606 SEEN_PREVIOUSLY b'53718'
ACTION SNIPPET 10000 4609 SEEN_PREVIOUSLY b'1224309'
ACTION SNIPPET 10000 4612 SNIPPET_RELEVANT b'1135065'
ACTION DOC 10000 4632 EXAMINING_DOCUMENT b'1135065'
ACTION SNIPPET 10000 4635 SNIPPET_RELEVANT b'329483'
ACTION DOC 10000 4655 EXAMINING_DOCUMENT b'329483'
ACTION SNIPPET 10000 4658 SEEN_PREVIOUSLY b'49713'
ACTION SNIPPET 10000 4661 SNIPPET_NOT_RELEVANT b'110137'
ACTION QUERY 10000 4671 automobile recalls holding
ACTION SERP 10000 4676 EXAMINE_SERP
ACTION SNIPPET 10000 4679 SEEN_PREVIOUSLY b'375746'
ACTION SNIPPET 10000 4682 SEEN_PREVIOUSLY b'36602'
ACTION SNIPPET 10000 4685 SEEN_PREVIOUSLY b'39916'
ACTION SNIPPET 10000 4688 SEEN_PREVIOUSLY b'1227929'
ACTION SNIPPET 10000 4691 SEEN_PREVIOUSLY b'232575'
ACTION SNIPPET 10000 4694 SEEN_PREVIOUSLY b'1135065'
ACTION SNIPPET 10000 4697 SEEN_PREVIOUSLY b'1574372'
ACTION SNIPPET 10000 4700 SEEN_PREVIOUSLY b'120022'
ACTION SNIPPET 10000 4703 SNIPPET_NOT_RELEVANT b'257107'
ACTION SNIPPET 10000 4706 SEEN_PREVIOUSLY b'210111'
ACTION QUERY 10000 4716 automobile recalls wearing
ACTION SERP 10000 4721 EXAMINE_SERP
ACTION SNIPPET 10000 4724 SNIPPET_NOT_RELEVANT b'159384'
ACTION SNIPPET 10000 4727 SNIPPET_NOT_RELEVANT b'665011'
ACTION SNIPPET 10000 4730 SEEN_PREVIOUSLY b'36602'
ACTION SNIPPET 10000 4733 SNIPPET_RELEVANT b'1594782'
ACTION DOC 10000 4753 EXAMINING_DOCUMENT b'1594782'
ACTION SNIPPET 10000 4756 SEEN_PREVIOUSLY b'39916'
ACTION SNIPPET 10000 4759 SEEN_PREVIOUSLY b'1227929'
ACTION SNIPPET 10000 4762 SNIPPET_RELEVANT b'24757'
ACTION DOC 10000 4782 EXAMINING_DOCUMENT b'24757'
ACTION SNIPPET 10000 4785 SEEN_PREVIOUSLY b'232575'
ACTION SNIPPET 10000 4788 SNIPPET_NOT_RELEVANT b'190173'
ACTION SNIPPET 10000 4791 SNIPPET_RELEVANT b'124340'
ACTION DOC 10000 4811 EXAMINING_DOCUMENT b'124340'
ACTION QUERY 10000 4821 automobile recalls filed
ACTION SERP 10000 4826 EXAMINE_SERP
ACTION SNIPPET 10000 4829 SEEN_PREVIOUSLY b'39916'
ACTION SNIPPET 10000 4832 SNIPPET_NOT_RELEVANT b'129155'
ACTION SNIPPET 10000 4835 SEEN_PREVIOUSLY b'1574372'
ACTION SNIPPET 10000 4838 SEEN_PREVIOUSLY b'417392'
ACTION SNIPPET 10000 4841 SNIPPET_RELEVANT b'120115'
ACTION DOC 10000 4861 EXAMINING_DOCUMENT b'120115'
ACTION SNIPPET 10000 4864 SEEN_PREVIOUSLY b'30337'
ACTION SNIPPET 10000 4867 SEEN_PREVIOUSLY b'1225125'
ACTION SNIPPET 10000 4870 SEEN_PREVIOUSLY b'119113'
ACTION SNIPPET 10000 4873 SNIPPET_RELEVANT b'1457469'
ACTION DOC 10000 4893 EXAMINING_DOCUMENT b'1457469'
ACTION SNIPPET 10000 4896 SEEN_PREVIOUSLY b'108304'
ACTION QUERY 10000 4906 automobile recalls notified
ACTION SERP 10000 4911 EXAMINE_SERP
ACTION SNIPPET 10000 4914 SNIPPET_NOT_RELEVANT b'1489562'
ACTION SNIPPET 10000 4917 SNIPPET_RELEVANT b'1249521'
ACTION DOC 10000 4937 EXAMINING_DOCUMENT b'1249521'
ACTION SNIPPET 10000 4940 SNIPPET_NOT_RELEVANT b'305114'
ACTION SNIPPET 10000 4943 SNIPPET_RELEVANT b'319625'
ACTION DOC 10000 4963 EXAMINING_DOCUMENT b'319625'
ACTION MARK 10000 4966 CONSIDERED_RELEVANT b'319625'
ACTION SNIPPET 10000 4969 SNIPPET_NOT_RELEVANT b'312354'
ACTION SNIPPET 10000 4972 SNIPPET_NOT_RELEVANT b'387430'
ACTION SNIPPET 10000 4975 SNIPPET_NOT_RELEVANT b'157898'
ACTION SNIPPET 10000 4978 SNIPPET_NOT_RELEVANT b'956503'
ACTION SNIPPET 10000 4981 SNIPPET_NOT_RELEVANT b'82508'
ACTION SNIPPET 10000 4984 SNIPPET_RELEVANT b'291560'
ACTION DOC 10000 5004 EXAMINING_DOCUMENT b'291560'
ACTION QUERY 10000 5014 automobile recalls cylinder
ACTION SERP 10000 5019 EXAMINE_SERP
ACTION SNIPPET 10000 5022 SNIPPET_NOT_RELEVANT b'1684645'
ACTION SNIPPET 10000 5025 SNIPPET_RELEVANT b'406413'
ACTION DOC 10000 5045 EXAMINING_DOCUMENT b'406413'
ACTION SNIPPET 10000 5048 SNIPPET_NOT_RELEVANT b'366673'
ACTION SNIPPET 10000 5051 SNIPPET_NOT_RELEVANT b'19882'
ACTION SNIPPET 10000 5054 SNIPPET_RELEVANT b'53303'
ACTION DOC 10000 5074 EXAMINING_DOCUMENT b'53303'
ACTION SNIPPET 10000 5077 SNIPPET_RELEVANT b'570346'
ACTION DOC 10000 5097 EXAMINING_DOCUMENT b'570346'
ACTION SNIPPET 10000 5100 SNIPPET_RELEVANT b'1678184'
ACTION DOC 10000 5120 EXAMINING_DOCUMENT b'1678184'
ACTION SNIPPET 10000 5123 SNIPPET_NOT_RELEVANT b'289718'
ACTION SNIPPET 10000 5126 SNIPPET_RELEVANT b'1812508'
ACTION DOC 10000 5146 EXAMINING_DOCUMENT b'1812508'
ACTION SNIPPET 10000 5149 SEEN_PREVIOUSLY b'907931'
ACTION QUERY 10000 5159 automobile recalls price
ACTION SERP 10000 5164 EXAMINE_SERP
ACTION SNIPPET 10000 5167 SEEN_PREVIOUSLY b'120022'
ACTION SNIPPET 10000 5170 SEEN_PREVIOUSLY b'232575'
ACTION SNIPPET 10000 5173 SEEN_PREVIOUSLY b'1227929'
ACTION SNIPPET 10000 5176 SNIPPET_NOT_RELEVANT b'1108834'
ACTION SNIPPET 10000 5179 SNIPPET_RELEVANT b'392614'
ACTION DOC 10000 5199 EXAMINING_DOCUMENT b'392614'
ACTION SNIPPET 10000 5202 SEEN_PREVIOUSLY b'36602'
ACTION SNIPPET 10000 5205 SEEN_PREVIOUSLY b'411673'
ACTION SNIPPET 10000 5208 SEEN_PREVIOUSLY b'39916'
ACTION SNIPPET 10000 5211 SNIPPET_NOT_RELEVANT b'187787'
ACTION SNIPPET 10000 5214 SEEN_PREVIOUSLY b'263446'
ACTION QUERY 10000 5224 automobile recalls called
ACTION SERP 10000 5229 EXAMINE_SERP
ACTION SNIPPET 10000 5232 SEEN_PREVIOUSLY b'36602'
ACTION SNIPPET 10000 5235 SEEN_PREVIOUSLY b'1574372'
ACTION SNIPPET 10000 5238 SEEN_PREVIOUSLY b'232575'
ACTION SNIPPET 10000 5241 SEEN_PREVIOUSLY b'210111'
ACTION SNIPPET 10000 5244 SEEN_PREVIOUSLY b'120022'
ACTION SNIPPET 10000 5247 SEEN_PREVIOUSLY b'39916'
ACTION SNIPPET 10000 5250 SEEN_PREVIOUSLY b'288226'
ACTION SNIPPET 10000 5253 SNIPPET_NOT_RELEVANT b'10967'
ACTION SNIPPET 10000 5256 SEEN_PREVIOUSLY b'1227929'
ACTION SNIPPET 10000 5259 SEEN_PREVIOUSLY b'72897'
ACTION QUERY 10000 5269 automobile recalls monoxide
ACTION SERP 10000 5274 EXAMINE_SERP
ACTION SNIPPET 10000 5277 SNIPPET_NOT_RELEVANT b'1781630'
ACTION SNIPPET 10000 5280 SEEN_PREVIOUSLY b'245442'
ACTION SNIPPET 10000 5283 SNIPPET_NOT_RELEVANT b'142035'
ACTION SNIPPET 10000 5286 SNIPPET_NOT_RELEVANT b'303825'
ACTION SNIPPET 10000 5289 SNIPPET_NOT_RELEVANT b'193558'
ACTION SNIPPET 10000 5292 SNIPPET_NOT_RELEVANT b'1085179'
ACTION SNIPPET 10000 5295 SNIPPET_NOT_RELEVANT b'1085180'
ACTION SNIPPET 10000 5298 SNIPPET_NOT_RELEVANT b'1085181'
ACTION SNIPPET 10000 5301 SNIPPET_RELEVANT b'672143'
ACTION DOC 10000 5321 EXAMINING_DOCUMENT b'672143'
ACTION SNIPPET 10000 5324 SNIPPET_RELEVANT b'380832'
ACTION DOC 10000 5344 EXAMINING_DOCUMENT b'380832'
ACTION QUERY 10000 5354 automobile recalls scandal
ACTION SERP 10000 5359 EXAMINE_SERP
ACTION SNIPPET 10000 5362 SNIPPET_RELEVANT b'1294585'
ACTION DOC 10000 5382 EXAMINING_DOCUMENT b'1294585'
ACTION MARK 10000 5385 CONSIDERED_RELEVANT b'1294585'
ACTION SNIPPET 10000 5388 SEEN_PREVIOUSLY b'1594782'
ACTION SNIPPET 10000 5391 SNIPPET_NOT_RELEVANT b'972499'
ACTION SNIPPET 10000 5394 SNIPPET_NOT_RELEVANT b'115369'
ACTION SNIPPET 10000 5397 SNIPPET_NOT_RELEVANT b'1047333'
ACTION SNIPPET 10000 5400 SEEN_PREVIOUSLY b'36602'
ACTION SNIPPET 10000 5403 SEEN_PREVIOUSLY b'39916'
ACTION SNIPPET 10000 5406 SEEN_PREVIOUSLY b'1227929'
ACTION SNIPPET 10000 5409 SEEN_PREVIOUSLY b'232575'
ACTION SNIPPET 10000 5412 SNIPPET_RELEVANT b'1261852'
ACTION DOC 10000 5432 EXAMINING_DOCUMENT b'1261852'
ACTION QUERY 10000 5442 automobile recalls lose
ACTION SERP 10000 5447 EXAMINE_SERP
ACTION SNIPPET 10000 5450 SEEN_PREVIOUSLY b'232575'
ACTION SNIPPET 10000 5453 SEEN_PREVIOUSLY b'30337'
ACTION SNIPPET 10000 5456 SEEN_PREVIOUSLY b'36602'
ACTION SNIPPET 10000 5459 SEEN_PREVIOUSLY b'39916'
ACTION SNIPPET 10000 5462 SEEN_PREVIOUSLY b'1227929'
ACTION SNIPPET 10000 5465 SEEN_PREVIOUSLY b'203141'
ACTION SNIPPET 10000 5468 SEEN_PREVIOUSLY b'1574372'
ACTION SNIPPET 10000 5471 SEEN_PREVIOUSLY b'120022'
ACTION SNIPPET 10000 5474 SEEN_PREVIOUSLY b'210111'
ACTION SNIPPET 10000 5477 SNIPPET_RELEVANT b'416525'
ACTION DOC 10000 5497 EXAMINING_DOCUMENT b'416525'
ACTION QUERY 10000 5507 automobile recalls sales
ACTION SERP 10000 5512 EXAMINE_SERP
ACTION SNIPPET 10000 5515 SEEN_PREVIOUSLY b'72897'
ACTION SNIPPET 10000 5518 SNIPPET_RELEVANT b'1108834'
ACTION DOC 10000 5538 EXAMINING_DOCUMENT b'1108834'
ACTION SNIPPET 10000 5541 SEEN_PREVIOUSLY b'263446'
ACTION SNIPPET 10000 5544 SEEN_PREVIOUSLY b'36602'
ACTION SNIPPET 10000 5547 SEEN_PREVIOUSLY b'313708'
ACTION SNIPPET 10000 5550 SNIPPET_RELEVANT b'123914'
ACTION DOC 10000 5570 EXAMINING_DOCUMENT b'123914'
ACTION SNIPPET 10000 5573 SNIPPET_NOT_RELEVANT b'1224738'
ACTION SNIPPET 10000 5576 SEEN_PREVIOUSLY b'411673'
ACTION SNIPPET 10000 5579 SEEN_PREVIOUSLY b'39916'
ACTION SNIPPET 10000 5582 SNIPPET_NOT_RELEVANT b'1003433'
ACTION QUERY 10000 5592 automobile recalls hazards
ACTION SERP 10000 5597 EXAMINE_SERP
ACTION SNIPPET 10000 5600 SEEN_PREVIOUSLY b'1574372'
ACTION SNIPPET 10000 5603 SNIPPET_NOT_RELEVANT b'676244'
ACTION SNIPPET 10000 5606 SNIPPET_RELEVANT b'431581'
ACTION DOC 10000 5626 EXAMINING_DOCUMENT b'431581'
ACTION SNIPPET 10000 5629 SNIPPET_NOT_RELEVANT b'503316'
ACTION SNIPPET 10000 5632 SEEN_PREVIOUSLY b'1522700'
ACTION SNIPPET 10000 5635 SNIPPET_RELEVANT b'142072'
ACTION DOC 10000 5655 EXAMINING_DOCUMENT b'142072'
ACTION SNIPPET 10000 5658 SNIPPET_RELEVANT b'679902'
ACTION DOC 10000 5678 EXAMINING_DOCUMENT b'679902'
ACTION SNIPPET 10000 5681 SNIPPET_RELEVANT b'673413'
ACTION DOC 10000 5701 EXAMINING_DOCUMENT b'673413'
ACTION SNIPPET 10000 5704 SEEN_PREVIOUSLY b'1225125'
ACTION SNIPPET 10000 5707 SNIPPET_RELEVANT b'378781'
ACTION DOC 10000 5727 EXAMINING_DOCUMENT b'378781'
ACTION QUERY 10000 5737 automobile recalls sc
ACTION SERP 10000 5742 EXAMINE_SERP
ACTION SNIPPET 10000 5745 SNIPPET_RELEVANT b'1298609'
ACTION DOC 10000 5765 EXAMINING_DOCUMENT b'1298609'
ACTION SNIPPET 10000 5768 SNIPPET_NOT_RELEVANT b'1827067'
ACTION SNIPPET 10000 5771 SNIPPET_NOT_RELEVANT b'1117686'
ACTION SNIPPET 10000 5774 SNIPPET_RELEVANT b'1006624'
ACTION DOC 10000 5794 EXAMINING_DOCUMENT b'1006624'
ACTION SNIPPET 10000 5797 SNIPPET_NOT_RELEVANT b'329120'
ACTION SNIPPET 10000 5800 SNIPPET_RELEVANT b'1399339'
ACTION DOC 10000 5820 EXAMINING_DOCUMENT b'1399339'
ACTION SNIPPET 10000 5823 SNIPPET_NOT_RELEVANT b'1803952'
ACTION SNIPPET 10000 5826 SNIPPET_NOT_RELEVANT b'1089015'
ACTION SNIPPET 10000 5829 SNIPPET_NOT_RELEVANT b'1050294'
ACTION SNIPPET 10000 5832 SNIPPET_RELEVANT b'938040'
ACTION DOC 10000 5852 EXAMINING_DOCUMENT b'938040'
ACTION QUERY 10000 5862 automobile recalls companies
ACTION SERP 10000 5867 EXAMINE_SERP
ACTION SNIPPET 10000 5870 SEEN_PREVIOUSLY b'36602'
ACTION SNIPPET 10000 5873 SEEN_PREVIOUSLY b'1227929'
ACTION SNIPPET 10000 5876 SEEN_PREVIOUSLY b'232575'
ACTION SNIPPET 10000 5879 SEEN_PREVIOUSLY b'210111'
ACTION SNIPPET 10000 5882 SEEN_PREVIOUSLY b'120022'
ACTION SNIPPET 10000 5885 SEEN_PREVIOUSLY b'1574372'
ACTION SNIPPET 10000 5888 SEEN_PREVIOUSLY b'72897'
ACTION SNIPPET 10000 5891 SEEN_PREVIOUSLY b'49713'
ACTION SNIPPET 10000 5894 SEEN_PREVIOUSLY b'417392'
ACTION SNIPPET 10000 5897 SEEN_PREVIOUSLY b'39916'
ACTION QUERY 10000 5907 automobile recalls hybrid
ACTION SERP 10000 5912 EXAMINE_SERP
ACTION SNIPPET 10000 5915 SNIPPET_NOT_RELEVANT b'1754788'
ACTION SNIPPET 10000 5918 SNIPPET_NOT_RELEVANT b'1516022'
ACTION SNIPPET 10000 5921 SNIPPET_NOT_RELEVANT b'1449613'
ACTION SNIPPET 10000 5924 SNIPPET_NOT_RELEVANT b'1632501'
ACTION SNIPPET 10000 5927 SNIPPET_NOT_RELEVANT b'1560881'
ACTION SNIPPET 10000 5930 SNIPPET_NOT_RELEVANT b'919546'
ACTION SNIPPET 10000 5933 SNIPPET_RELEVANT b'1189914'
ACTION DOC 10000 5953 EXAMINING_DOCUMENT b'1189914'
ACTION SNIPPET 10000 5956 SNIPPET_NOT_RELEVANT b'1616237'
ACTION SNIPPET 10000 5959 SNIPPET_NOT_RELEVANT b'1301185'
ACTION SNIPPET 10000 5962 SNIPPET_NOT_RELEVANT b'1673222'
ACTION QUERY 10000 5972 automobile recalls mitsubishi
ACTION SERP 10000 5977 EXAMINE_SERP
ACTION SNIPPET 10000 5980 SNIPPET_RELEVANT b'1224738'
ACTION DOC 10000 6000 EXAMINING_DOCUMENT b'1224738'
ACTION MARK 10000 6003 CONSIDERED_RELEVANT b'1224738'
ACTION SNIPPET 10000 6006 SNIPPET_RELEVANT b'156121'
ACTION DOC 10000 6026 EXAMINING_DOCUMENT b'156121'
ACTION SNIPPET 10000 6029 SNIPPET_NOT_RELEVANT b'452700'
ACTION SNIPPET 10000 6032 SNIPPET_NOT_RELEVANT b'385365'
ACTION SNIPPET 10000 6035 SNIPPET_NOT_RELEVANT b'1228980'
ACTION SNIPPET 10000 6038 SNIPPET_RELEVANT b'6664'
ACTION DOC 10000 6058 EXAMINING_DOCUMENT b'6664'
ACTION SNIPPET 10000 6061 SEEN_PREVIOUSLY b'6664'
ACTION SNIPPET 10000 6064 SNIPPET_RELEVANT b'1228118'
ACTION DOC 10000 6084 EXAMINING_DOCUMENT b'1228118'
ACTION MARK 10000 6087 CONSIDERED_RELEVANT b'1228118'
ACTION SNIPPET 10000 6090 SNIPPET_NOT_RELEVANT b'847029'
ACTION SNIPPET 10000 6093 SNIPPET_NOT_RELEVANT b'1643402'
ACTION QUERY 10000 6103 automobile recalls djc
ACTION SERP 10000 6108 EXAMINE_SERP
ACTION SNIPPET 10000 6111 SNIPPET_RELEVANT b'1563204'
ACTION DOC 10000 6131 EXAMINING_DOCUMENT b'1563204'
ACTION SNIPPET 10000 6134 SEEN_PREVIOUSLY b'36602'
ACTION SNIPPET 10000 6137 SEEN_PREVIOUSLY b'39916'
ACTION SNIPPET 10000 6140 SEEN_PREVIOUSLY b'1227929'
ACTION SNIPPET 10000 6143 SEEN_PREVIOUSLY b'232575'
ACTION SNIPPET 10000 6146 SEEN_PREVIOUSLY b'1574372'
ACTION SNIPPET 10000 6149 SEEN_PREVIOUSLY b'120022'
ACTION SNIPPET 10000 6152 SEEN_PREVIOUSLY b'210111'
ACTION SNIPPET 10000 6155 SEEN_PREVIOUSLY b'288226'
ACTION SNIPPET 10000 6158 SEEN_PREVIOUSLY b'417392'
ACTION QUERY 10000 6168 automobile recalls complaints
ACTION SERP 10000 6173 EXAMINE_SERP
ACTION SNIPPET 10000 6176 SEEN_PREVIOUSLY b'232575'
ACTION SNIPPET 10000 6179 SEEN_PREVIOUSLY b'120022'
ACTION SNIPPET 10000 6182 SEEN_PREVIOUSLY b'65456'
ACTION SNIPPET 10000 6185 SEEN_PREVIOUSLY b'30337'
ACTION SNIPPET 10000 6188 SEEN_PREVIOUSLY b'417392'
ACTION SNIPPET 10000 6191 SEEN_PREVIOUSLY b'210111'
ACTION SNIPPET 10000 6194 SNIPPET_RELEVANT b'1234798'
ACTION DOC 10000 6214 EXAMINING_DOCUMENT b'1234798'
ACTION SNIPPET 10000 6217 SNIPPET_NOT_RELEVANT b'946197'
ACTION SNIPPET 10000 6220 SEEN_PREVIOUSLY b'119113'
ACTION SNIPPET 10000 6223 SNIPPET_RELEVANT b'1222971'
ACTION DOC 10000 6243 EXAMINING_DOCUMENT b'1222971'
ACTION QUERY 10000 6253 automobile recalls name
ACTION SERP 10000 6258 EXAMINE_SERP
ACTION SNIPPET 10000 6261 SEEN_PREVIOUSLY b'36602'
ACTION SNIPPET 10000 6264 SEEN_PREVIOUSLY b'30337'
ACTION SNIPPET 10000 6267 SEEN_PREVIOUSLY b'39916'
ACTION SNIPPET 10000 6270 SEEN_PREVIOUSLY b'1212952'
ACTION SNIPPET 10000 6273 SEEN_PREVIOUSLY b'1227929'
ACTION SNIPPET 10000 6276 SEEN_PREVIOUSLY b'65456'
ACTION SNIPPET 10000 6279 SEEN_PREVIOUSLY b'232575'
ACTION SNIPPET 10000 6282 SEEN_PREVIOUSLY b'1574372'
ACTION SNIPPET 10000 6285 SEEN_PREVIOUSLY b'120022'
ACTION SNIPPET 10000 6288 SNIPPET_RELEVANT b'760866'
ACTION DOC 10000 6308 EXAMINING_DOCUMENT b'760866'
ACTION QUERY 10000 6318 automobile recalls find
ACTION SERP 10000 6323 EXAMINE_SERP
ACTION SNIPPET 10000 6326 SEEN_PREVIOUSLY b'39916'
ACTION SNIPPET 10000 6329 SEEN_PREVIOUSLY b'232575'
ACTION SNIPPET 10000 6332 SNIPPET_NOT_RELEVANT b'10967'
ACTION SNIPPET 10000 6335 SEEN_PREVIOUSLY b'36602'
ACTION SNIPPET 10000 6338 SEEN_PREVIOUSLY b'72897'
ACTION SNIPPET 10000 6341 SEEN_PREVIOUSLY b'65456'
ACTION SNIPPET 10000 6344 SEEN_PREVIOUSLY b'1227929'
ACTION SNIPPET 10000 6347 SEEN_PREVIOUSLY b'1574372'
ACTION SNIPPET 10000 6350 SEEN_PREVIOUSLY b'120022'
ACTION SNIPPET 10000 6353 SEEN_PREVIOUSLY b'210111'
ACTION QUERY 10000 6363 automobile recalls states
ACTION SERP 10000 6368 EXAMINE_SERP
ACTION SNIPPET 10000 6371 SEEN_PREVIOUSLY b'39916'
ACTION SNIPPET 10000 6374 SEEN_PREVIOUSLY b'36602'
ACTION SNIPPET 10000 6377 SEEN_PREVIOUSLY b'1227929'
ACTION SNIPPET 10000 6380 SEEN_PREVIOUSLY b'288226'
ACTION SNIPPET 10000 6383 SEEN_PREVIOUSLY b'232575'
ACTION SNIPPET 10000 6386 SEEN_PREVIOUSLY b'49713'
ACTION SNIPPET 10000 6389 SEEN_PREVIOUSLY b'375746'
ACTION SNIPPET 10000 6392 SEEN_PREVIOUSLY b'1574372'
ACTION SNIPPET 10000 6395 SEEN_PREVIOUSLY b'120022'
ACTION SNIPPET 10000 6398 SEEN_PREVIOUSLY b'210111'
ACTION QUERY 10000 6408 automobile recalls emissions
ACTION SERP 10000 6413 EXAMINE_SERP
ACTION SNIPPET 10000 6416 SEEN_PREVIOUSLY b'288226'
ACTION SNIPPET 10000 6419 SEEN_PREVIOUSLY b'411673'
ACTION SNIPPET 10000 6422 SNIPPET_NOT_RELEVANT b'1506902'
ACTION SNIPPET 10000 6425 SNIPPET_NOT_RELEVANT b'1278241'
ACTION SNIPPET 10000 6428 SNIPPET_NOT_RELEVANT b'274435'
ACTION SNIPPET 10000 6431 SNIPPET_NOT_RELEVANT b'287948'
ACTION SNIPPET 10000 6434 SNIPPET_NOT_RELEVANT b'3584'
ACTION SNIPPET 10000 6437 SNIPPET_RELEVANT b'3584'
ACTION DOC 10000 6457 EXAMINING_DOCUMENT b'3584'
ACTION SNIPPET 10000 6460 SNIPPET_NOT_RELEVANT b'1716687'
ACTION SNIPPET 10000 6463 SNIPPET_RELEVANT b'585305'
ACTION DOC 10000 6483 EXAMINING_DOCUMENT b'585305'
ACTION QUERY 10000 6493 automobile recalls cylinders
ACTION SERP 10000 6498 EXAMINE_SERP
ACTION SNIPPET 10000 6501 SNIPPET_NOT_RELEVANT b'1684645'
ACTION SNIPPET 10000 6504 SEEN_PREVIOUSLY b'406413'
ACTION SNIPPET 10000 6507 SNIPPET_NOT_RELEVANT b'366673'
ACTION SNIPPET 10000 6510 SNIPPET_RELEVANT b'19882'
ACTION DOC 10000 6530 EXAMINING_DOCUMENT b'19882'
ACTION SNIPPET 10000 6533 SEEN_PREVIOUSLY b'53303'
ACTION SNIPPET 10000 6536 SEEN_PREVIOUSLY b'570346'
ACTION SNIPPET 10000 6539 SEEN_PREVIOUSLY b'1678184'
ACTION SNIPPET 10000 6542 SNIPPET_RELEVANT b'289718'
ACTION DOC 10000 6562 EXAMINING_DOCUMENT b'289718'
ACTION SNIPPET 10000 6565 SEEN_PREVIOUSLY b'1812508'
ACTION SNIPPET 10000 6568 SEEN_PREVIOUSLY b'907931'
ACTION QUERY 10000 6578 automobile recalls motor
ACTION SERP 10000 6583 EXAMINE_SERP
ACTION SNIPPET 10000 6586 SEEN_PREVIOUSLY b'232575'
ACTION SNIPPET 10000 6589 SEEN_PREVIOUSLY b'39916'
ACTION SNIPPET 10000 6592 SEEN_PREVIOUSLY b'120022'
ACTION SNIPPET 10000 6595 SEEN_PREVIOUSLY b'30337'
ACTION SNIPPET 10000 6598 SEEN_PREVIOUSLY b'49713'
ACTION SNIPPET 10000 6601 SEEN_PREVIOUSLY b'65456'
ACTION SNIPPET 10000 6604 SEEN_PREVIOUSLY b'205118'
ACTION SNIPPET 10000 6607 SEEN_PREVIOUSLY b'1212952'
ACTION SNIPPET 10000 6610 SEEN_PREVIOUSLY b'72897'
ACTION SNIPPET 10000 6613 SEEN_PREVIOUSLY b'1227929'
ACTION QUERY 10000 6623 automobile recalls wiring
ACTION SERP 10000 6628 EXAMINE_SERP
ACTION SNIPPET 10000 6631 SEEN_PREVIOUSLY b'145571'
ACTION SNIPPET 10000 6634 SEEN_PREVIOUSLY b'1780591'
ACTION SNIPPET 10000 6637 SNIPPET_NOT_RELEVANT b'327523'
ACTION SNIPPET 10000 6640 SNIPPET_NOT_RELEVANT b'638246'
ACTION SNIPPET 10000 6643 SNIPPET_NOT_RELEVANT b'253734'
ACTION SNIPPET 10000 6646 SNIPPET_RELEVANT b'1134831'
ACTION DOC 10000 6666 EXAMINING_DOCUMENT b'1134831'
ACTION SNIPPET 10000 6669 SNIPPET_RELEVANT b'457123'
ACTION DOC 10000 6689 EXAMINING_DOCUMENT b'457123'
ACTION SNIPPET 10000 6692 SNIPPET_NOT_RELEVANT b'737247'
ACTION SNIPPET 10000 6695 SNIPPET_NOT_RELEVANT b'652687'
ACTION SNIPPET 10000 6698 SNIPPET_NOT_RELEVANT b'187150'
ACTION QUERY 10000 6708 automobile recalls debts
ACTION SERP 10000 6713 EXAMINE_SERP
ACTION SNIPPET 10000 6716 SNIPPET_RELEVANT b'109724'
ACTION DOC 10000 6736 EXAMINING_DOCUMENT b'109724'
ACTION SNIPPET 10000 6739 SNIPPET_NOT_RELEVANT b'1130275'
ACTION SNIPPET 10000 6742 SNIPPET_NOT_RELEVANT b'600808'
ACTION SNIPPET 10000 6745 SNIPPET_RELEVANT b'335008'
ACTION DOC 10000 6765 EXAMINING_DOCUMENT b'335008'
ACTION SNIPPET 10000 6768 SNIPPET_NOT_RELEVANT b'80837'
ACTION SNIPPET 10000 6771 SNIPPET_RELEVANT b'1125883'
ACTION DOC 10000 6791 EXAMINING_DOCUMENT b'1125883'
ACTION SNIPPET 10000 6794 SNIPPET_NOT_RELEVANT b'319279'
ACTION SNIPPET 10000 6797 SNIPPET_RELEVANT b'222868'
ACTION DOC 10000 6817 EXAMINING_DOCUMENT b'222868'
ACTION SNIPPET 10000 6820 SNIPPET_RELEVANT b'394034'
ACTION DOC 10000 6840 EXAMINING_DOCUMENT b'394034'
ACTION SNIPPET 10000 6843 SEEN_PREVIOUSLY b'107780'
ACTION QUERY 10000 6853 automobile recalls manufacturing
ACTION SERP 10000 6858 EXAMINE_SERP
ACTION SNIPPET 10000 6861 SEEN_PREVIOUSLY b'232575'
ACTION SNIPPET 10000 6864 SEEN_PREVIOUSLY b'39916'
ACTION SNIPPET 10000 6867 SEEN_PREVIOUSLY b'1574372'
ACTION SNIPPET 10000 6870 SEEN_PREVIOUSLY b'417392'
ACTION SNIPPET 10000 6873 SNIPPET_RELEVANT b'676244'
ACTION DOC 10000 6893 EXAMINING_DOCUMENT b'676244'
ACTION SNIPPET 10000 6896 SEEN_PREVIOUSLY b'263446'
ACTION SNIPPET 10000 6899 SEEN_PREVIOUSLY b'1299787'
ACTION SNIPPET 10000 6902 SNIPPET_RELEVANT b'126901'
ACTION DOC 10000 6922 EXAMINING_DOCUMENT b'126901'
ACTION SNIPPET 10000 6925 SNIPPET_RELEVANT b'380034'
ACTION DOC 10000 6945 EXAMINING_DOCUMENT b'380034'
ACTION SNIPPET 10000 6948 SNIPPET_RELEVANT b'187787'
ACTION DOC 10000 6968 EXAMINING_DOCUMENT b'187787'
ACTION QUERY 10000 6978 automobile recalls fine
ACTION SERP 10000 6983 EXAMINE_SERP
ACTION SNIPPET 10000 6986 SEEN_PREVIOUSLY b'39916'
ACTION SNIPPET 10000 6989 SEEN_PREVIOUSLY b'1227929'
ACTION SNIPPET 10000 6992 SEEN_PREVIOUSLY b'288226'
ACTION SNIPPET 10000 6995 SEEN_PREVIOUSLY b'923182'
ACTION SNIPPET 10000 6998 SNIPPET_NOT_RELEVANT b'54921'
ACTION SNIPPET 10000 7001 SEEN_PREVIOUSLY b'851700'
ACTION SNIPPET 10000 7004 SNIPPET_RELEVANT b'137992'
ACTION DOC 10000 7024 EXAMINING_DOCUMENT b'137992'
ACTION SNIPPET 10000 7027 SEEN_PREVIOUSLY b'36602'
ACTION SNIPPET 10000 7030 SNIPPET_NOT_RELEVANT b'103738'
ACTION SNIPPET 10000 7033 SNIPPET_NOT_RELEVANT b'646427'
ACTION QUERY 10000 7043 automobile recalls manufactures
ACTION SERP 10000 7048 EXAMINE_SERP
ACTION SNIPPET 10000 7051 SEEN_PREVIOUSLY b'232575'
ACTION SNIPPET 10000 7054 SEEN_PREVIOUSLY b'39916'
ACTION SNIPPET 10000 7057 SEEN_PREVIOUSLY b'1574372'
ACTION SNIPPET 10000 7060 SEEN_PREVIOUSLY b'417392'
ACTION SNIPPET 10000 7063 SEEN_PREVIOUSLY b'676244'
ACTION SNIPPET 10000 7066 SEEN_PREVIOUSLY b'263446'
ACTION SNIPPET 10000 7069 SEEN_PREVIOUSLY b'1299787'
ACTION SNIPPET 10000 7072 SEEN_PREVIOUSLY b'126901'
ACTION SNIPPET 10000 7075 SEEN_PREVIOUSLY b'380034'
ACTION SNIPPET 10000 7078 SEEN_PREVIOUSLY b'187787'
ACTION QUERY 10000 7088 automobile recalls president
ACTION SERP 10000 7093 EXAMINE_SERP
ACTION SNIPPET 10000 7096 SEEN_PREVIOUSLY b'1227929'
ACTION SNIPPET 10000 7099 SEEN_PREVIOUSLY b'36602'
ACTION SNIPPET 10000 7102 SEEN_PREVIOUSLY b'288226'
ACTION SNIPPET 10000 7105 SEEN_PREVIOUSLY b'39916'
ACTION SNIPPET 10000 7108 SEEN_PREVIOUSLY b'232575'
ACTION SNIPPET 10000 7111 SEEN_PREVIOUSLY b'1574372'
ACTION SNIPPET 10000 7114 SEEN_PREVIOUSLY b'120022'
ACTION SNIPPET 10000 7117 SEEN_PREVIOUSLY b'72897'
ACTION SNIPPET 10000 7120 SEEN_PREVIOUSLY b'210111'
ACTION SNIPPET 10000 7123 SEEN_PREVIOUSLY b'417392'
ACTION QUERY 10000 7133 automobile recalls prone
ACTION SERP 10000 7138 EXAMINE_SERP
ACTION SNIPPET 10000 7141 SEEN_PREVIOUSLY b'1780591'
ACTION SNIPPET 10000 7144 SNIPPET_RELEVANT b'1484354'
ACTION DOC 10000 7164 EXAMINING_DOCUMENT b'1484354'
ACTION SNIPPET 10000 7167 SNIPPET_NOT_RELEVANT b'174485'
ACTION SNIPPET 10000 7170 SEEN_PREVIOUSLY b'1224309'
ACTION SNIPPET 10000 7173 SNIPPET_NOT_RELEVANT b'1100483'
ACTION SNIPPET 10000 7176 SNIPPET_NOT_RELEVANT b'190173'
ACTION SNIPPET 10000 7179 SNIPPET_RELEVANT b'350957'
ACTION DOC 10000 7199 EXAMINING_DOCUMENT b'350957'
ACTION SNIPPET 10000 7202 SNIPPET_RELEVANT b'289394'
ACTION DOC 10000 7222 EXAMINING_DOCUMENT b'289394'
ACTION SNIPPET 10000 7225 SNIPPET_NOT_RELEVANT b'486860'
ACTION SNIPPET 10000 7228 SNIPPET_RELEVANT b'1123031'
ACTION DOC 10000 7248 EXAMINING_DOCUMENT b'1123031'
ACTION QUERY 10000 7258 automobile recalls type
ACTION SERP 10000 7263 EXAMINE_SERP
ACTION SNIPPET 10000 7266 SEEN_PREVIOUSLY b'232575'
ACTION SNIPPET 10000 7269 SNIPPET_NOT_RELEVANT b'1126956'
ACTION SNIPPET 10000 7272 SNIPPET_NOT_RELEVANT b'1500981'
ACTION SNIPPET 10000 7275 SEEN_PREVIOUSLY b'676244'
ACTION SNIPPET 10000 7278 SEEN_PREVIOUSLY b'1799770'
ACTION SNIPPET 10000 7281 SEEN_PREVIOUSLY b'1135065'
ACTION SNIPPET 10000 7284 SNIPPET_RELEVANT b'1086427'
ACTION DOC 10000 7304 EXAMINING_DOCUMENT b'1086427'
ACTION SNIPPET 10000 7307 SEEN_PREVIOUSLY b'36602'
ACTION SNIPPET 10000 7310 SEEN_PREVIOUSLY b'57708'
ACTION SNIPPET 10000 7313 SNIPPET_NOT_RELEVANT b'1323396'
ACTION QUERY 10000 7323 automobile recalls week
ACTION SERP 10000 7328 EXAMINE_SERP
ACTION SNIPPET 10000 7331 SEEN_PREVIOUSLY b'232575'
ACTION SNIPPET 10000 7334 SEEN_PREVIOUSLY b'1227929'
ACTION SNIPPET 10000 7337 SEEN_PREVIOUSLY b'36602'
ACTION SNIPPET 10000 7340 SEEN_PREVIOUSLY b'49713'
ACTION SNIPPET 10000 7343 SEEN_PREVIOUSLY b'39916'
ACTION SNIPPET 10000 7346 SEEN_PREVIOUSLY b'375746'
ACTION SNIPPET 10000 7349 SEEN_PREVIOUSLY b'1574372'
ACTION SNIPPET 10000 7352 SEEN_PREVIOUSLY b'120022'
ACTION SNIPPET 10000 7355 SEEN_PREVIOUSLY b'210111'
ACTION SNIPPET 10000 7358 SEEN_PREVIOUSLY b'263446'
ACTION QUERY 10000 7368 automobile recalls front
ACTION SERP 10000 7373 EXAMINE_SERP
ACTION SNIPPET 10000 7376 SEEN_PREVIOUSLY b'417392'
ACTION SNIPPET 10000 7379 SEEN_PREVIOUSLY b'30337'
ACTION SNIPPET 10000 7382 SEEN_PREVIOUSLY b'36602'
ACTION SNIPPET 10000 7385 SNIPPET_RELEVANT b'335550'
ACTION DOC 10000 7405 EXAMINING_DOCUMENT b'335550'
ACTION SNIPPET 10000 7408 SNIPPET_RELEVANT b'172741'
ACTION DOC 10000 7428 EXAMINING_DOCUMENT b'172741'
ACTION SNIPPET 10000 7431 SEEN_PREVIOUSLY b'39916'
ACTION SNIPPET 10000 7434 SNIPPET_RELEVANT b'175571'
ACTION DOC 10000 7454 EXAMINING_DOCUMENT b'175571'
ACTION SNIPPET 10000 7457 SEEN_PREVIOUSLY b'1227929'
ACTION SNIPPET 10000 7460 SEEN_PREVIOUSLY b'53718'
ACTION SNIPPET 10000 7463 SEEN_PREVIOUSLY b'1768858'
ACTION QUERY 10000 7473 automobile recalls apologize
ACTION SERP 10000 7478 EXAMINE_SERP
ACTION SNIPPET 10000 7481 SNIPPET_RELEVANT b'1524353'
ACTION DOC 10000 7501 EXAMINING_DOCUMENT b'1524353'
ACTION SNIPPET 10000 7504 SNIPPET_RELEVANT b'207042'
ACTION DOC 10000 7524 EXAMINING_DOCUMENT b'207042'
ACTION SNIPPET 10000 7527 SNIPPET_RELEVANT b'603910'
ACTION DOC 10000 7547 EXAMINING_DOCUMENT b'603910'
ACTION SNIPPET 10000 7550 SEEN_PREVIOUSLY b'1224309'
ACTION SNIPPET 10000 7553 SNIPPET_NOT_RELEVANT b'1525389'
ACTION SNIPPET 10000 7556 SNIPPET_NOT_RELEVANT b'706040'
ACTION SNIPPET 10000 7559 SNIPPET_RELEVANT b'389330'
ACTION DOC 10000 7579 EXAMINING_DOCUMENT b'389330'
ACTION SNIPPET 10000 7582 SNIPPET_NOT_RELEVANT b'829728'
ACTION SNIPPET 10000 7585 SNIPPET_RELEVANT b'1823833'
ACTION DOC 10000 7605 EXAMINING_DOCUMENT b'1823833'
ACTION SNIPPET 10000 7608 SEEN_PREVIOUSLY b'36602'
ACTION QUERY 10000 7618 automobile recalls introduced
ACTION SERP 10000 7623 EXAMINE_SERP
ACTION SNIPPET 10000 7626 SNIPPET_NOT_RELEVANT b'124576'
ACTION SNIPPET 10000 7629 SNIPPET_RELEVANT b'241219'
ACTION DOC 10000 7649 EXAMINING_DOCUMENT b'241219'
ACTION SNIPPET 10000 7652 SNIPPET_NOT_RELEVANT b'181592'
ACTION SNIPPET 10000 7655 SNIPPET_NOT_RELEVANT b'315997'
ACTION SNIPPET 10000 7658 SEEN_PREVIOUSLY b'1522700'
ACTION SNIPPET 10000 7661 SNIPPET_NOT_RELEVANT b'1612677'
ACTION SNIPPET 10000 7664 SEEN_PREVIOUSLY b'123914'
ACTION SNIPPET 10000 7667 SEEN_PREVIOUSLY b'40715'
ACTION SNIPPET 10000 7670 SEEN_PREVIOUSLY b'289718'
ACTION SNIPPET 10000 7673 SEEN_PREVIOUSLY b'36602'
ACTION QUERY 10000 7683 automobile recalls halt
ACTION SERP 10000 7688 EXAMINE_SERP
ACTION SNIPPET 10000 7691 SEEN_PREVIOUSLY b'417392'
ACTION SNIPPET 10000 7694 SNIPPET_NOT_RELEVANT b'363745'
ACTION SNIPPET 10000 7697 SNIPPET_NOT_RELEVANT b'122360'
ACTION SNIPPET 10000 7700 SNIPPET_RELEVANT b'1489562'
ACTION DOC 10000 7720 EXAMINING_DOCUMENT b'1489562'
ACTION SNIPPET 10000 7723 SNIPPET_RELEVANT b'181385'
ACTION DOC 10000 7743 EXAMINING_DOCUMENT b'181385'
ACTION SNIPPET 10000 7746 SNIPPET_RELEVANT b'1187969'
ACTION DOC 10000 7766 EXAMINING_DOCUMENT b'1187969'
ACTION SNIPPET 10000 7769 SEEN_PREVIOUSLY b'36602'
ACTION SNIPPET 10000 7772 SEEN_PREVIOUSLY b'175571'
ACTION SNIPPET 10000 7775 SNIPPET_RELEVANT b'230500'
ACTION DOC 10000 7795 EXAMINING_DOCUMENT b'230500'
ACTION SNIPPET 10000 7798 SEEN_PREVIOUSLY b'39916'
ACTION QUERY 10000 7808 automobile recalls utility
ACTION SERP 10000 7813 EXAMINE_SERP
ACTION SNIPPET 10000 7816 SNIPPET_RELEVANT b'664949'
ACTION DOC 10000 7836 EXAMINING_DOCUMENT b'664949'
ACTION SNIPPET 10000 7839 SEEN_PREVIOUSLY b'1222971'
ACTION SNIPPET 10000 7842 SEEN_PREVIOUSLY b'1234798'
ACTION SNIPPET 10000 7845 SEEN_PREVIOUSLY b'232575'
ACTION SNIPPET 10000 7848 SEEN_PREVIOUSLY b'482640'
ACTION SNIPPET 10000 7851 SNIPPET_NOT_RELEVANT b'1278241'
ACTION SNIPPET 10000 7854 SNIPPET_RELEVANT b'532348'
ACTION DOC 10000 7874 EXAMINING_DOCUMENT b'532348'
ACTION SNIPPET 10000 7877 SNIPPET_RELEVANT b'49066'
ACTION DOC 10000 7897 EXAMINING_DOCUMENT b'49066'
ACTION SNIPPET 10000 7900 SNIPPET_NOT_RELEVANT b'369226'
ACTION SNIPPET 10000 7903 SNIPPET_NOT_RELEVANT b'316949'
ACTION QUERY 10000 7913 automobile recalls voluntarily
ACTION SERP 10000 7918 EXAMINE_SERP
ACTION SNIPPET 10000 7921 SNIPPET_NOT_RELEVANT b'1411710'
ACTION SNIPPET 10000 7924 SNIPPET_NOT_RELEVANT b'139943'
ACTION SNIPPET 10000 7927 SNIPPET_RELEVANT b'269652'
ACTION DOC 10000 7947 EXAMINING_DOCUMENT b'269652'
ACTION SNIPPET 10000 7950 SEEN_PREVIOUSLY b'40715'
ACTION SNIPPET 10000 7953 SNIPPET_NOT_RELEVANT b'21571'
ACTION SNIPPET 10000 7956 SNIPPET_RELEVANT b'58554'
ACTION DOC 10000 7976 EXAMINING_DOCUMENT b'58554'
ACTION SNIPPET 10000 7979 SNIPPET_RELEVANT b'208943'
ACTION DOC 10000 7999 EXAMINING_DOCUMENT b'208943'
ACTION SNIPPET 10000 8002 SEEN_PREVIOUSLY b'1299787'
ACTION SNIPPET 10000 8005 SNIPPET_RELEVANT b'39786'
ACTION DOC 10000 8025 EXAMINING_DOCUMENT b'39786'
ACTION SNIPPET 10000 8028 SNIPPET_RELEVANT b'289548'
ACTION DOC 10000 8048 EXAMINING_DOCUMENT b'289548'
ACTION QUERY 10000 8058 automobile recalls stuck
ACTION SERP 10000 8063 EXAMINE_SERP
ACTION SNIPPET 10000 8066 SNIPPET_RELEVANT b'46154'
ACTION DOC 10000 8086 EXAMINING_DOCUMENT b'46154'
ACTION SNIPPET 10000 8089 SNIPPET_NOT_RELEVANT b'1300943'
ACTION SNIPPET 10000 8092 SNIPPET_RELEVANT b'623884'
ACTION DOC 10000 8112 EXAMINING_DOCUMENT b'623884'
ACTION SNIPPET 10000 8115 SNIPPET_RELEVANT b'944773'
ACTION DOC 10000 8135 EXAMINING_DOCUMENT b'944773'
ACTION SNIPPET 10000 8138 SEEN_PREVIOUSLY b'1042599'
ACTION SNIPPET 10000 8141 SNIPPET_NOT_RELEVANT b'340493'
ACTION SNIPPET 10000 8144 SEEN_PREVIOUSLY b'175571'
ACTION SNIPPET 10000 8147 SEEN_PREVIOUSLY b'36602'
ACTION SNIPPET 10000 8150 SNIPPET_NOT_RELEVANT b'1654731'
ACTION SNIPPET 10000 8153 SEEN_PREVIOUSLY b'39916'
ACTION QUERY 10000 8163 automobile recalls hoses
ACTION SERP 10000 8168 EXAMINE_SERP
ACTION SNIPPET 10000 8171 SNIPPET_NOT_RELEVANT b'207281'
ACTION SNIPPET 10000 8174 SNIPPET_RELEVANT b'201230'
ACTION DOC 10000 8194 EXAMINING_DOCUMENT b'201230'
ACTION MARK 10000 8197 CONSIDERED_RELEVANT b'201230'
ACTION SNIPPET 10000 8200 SNIPPET_NOT_RELEVANT b'158347'
ACTION SNIPPET 10000 8203 SNIPPET_NOT_RELEVANT b'99001'
ACTION SNIPPET 10000 8206 SNIPPET_RELEVANT b'387447'
ACTION DOC 10000 8226 EXAMINING_DOCUMENT b'387447'
ACTION SNIPPET 10000 8229 SNIPPET_RELEVANT b'318469'
ACTION DOC 10000 8249 EXAMINING_DOCUMENT b'318469'
ACTION SNIPPET 10000 8252 SNIPPET_NOT_RELEVANT b'562170'
ACTION SNIPPET 10000 8255 SNIPPET_RELEVANT b'562177'
ACTION DOC 10000 8275 EXAMINING_DOCUMENT b'562177'
ACTION SNIPPET 10000 8278 SNIPPET_NOT_RELEVANT b'562168'
ACTION SNIPPET 10000 8281 SNIPPET_NOT_RELEVANT b'562173'
ACTION QUERY 10000 8291 automobile recalls fiero
ACTION SERP 10000 8296 EXAMINE_SERP
ACTION SNIPPET 10000 8299 SEEN_PREVIOUSLY b'123914'
ACTION SNIPPET 10000 8302 SNIPPET_NOT_RELEVANT b'172231'
ACTION SNIPPET 10000 8305 SNIPPET_NOT_RELEVANT b'339172'
ACTION SNIPPET 10000 8308 SNIPPET_RELEVANT b'26289'
ACTION DOC 10000 8328 EXAMINING_DOCUMENT b'26289'
ACTION SNIPPET 10000 8331 SNIPPET_RELEVANT b'203378'
ACTION DOC 10000 8351 EXAMINING_DOCUMENT b'203378'
ACTION SNIPPET 10000 8354 SNIPPET_NOT_RELEVANT b'1261435'
ACTION SNIPPET 10000 8357 SNIPPET_NOT_RELEVANT b'134707'
ACTION SNIPPET 10000 8360 SNIPPET_NOT_RELEVANT b'201349'
ACTION SNIPPET 10000 8363 SNIPPET_RELEVANT b'250467'
ACTION DOC 10000 8383 EXAMINING_DOCUMENT b'250467'
ACTION SNIPPET 10000 8386 SNIPPET_NOT_RELEVANT b'284166'
ACTION QUERY 10000 8396 automobile recalls switch
ACTION SERP 10000 8401 EXAMINE_SERP
ACTION SNIPPET 10000 8404 SEEN_PREVIOUSLY b'1299787'
ACTION SNIPPET 10000 8407 SNIPPET_RELEVANT b'368170'
ACTION DOC 10000 8427 EXAMINING_DOCUMENT b'368170'
ACTION SNIPPET 10000 8430 SEEN_PREVIOUSLY b'1780591'
ACTION SNIPPET 10000 8433 SNIPPET_RELEVANT b'252675'
ACTION DOC 10000 8453 EXAMINING_DOCUMENT b'252675'
ACTION SNIPPET 10000 8456 SNIPPET_NOT_RELEVANT b'1344036'
ACTION SNIPPET 10000 8459 SNIPPET_RELEVANT b'1687213'
ACTION DOC 10000 8479 EXAMINING_DOCUMENT b'1687213'
ACTION SNIPPET 10000 8482 SNIPPET_RELEVANT b'1785723'
ACTION DOC 10000 8502 EXAMINING_DOCUMENT b'1785723'
ACTION MARK 10000 8505 CONSIDERED_RELEVANT b'1785723'
ACTION SNIPPET 10000 8508 SNIPPET_NOT_RELEVANT b'1700352'
ACTION SNIPPET 10000 8511 SNIPPET_NOT_RELEVANT b'523920'
ACTION SNIPPET 10000 8514 SNIPPET_RELEVANT b'846409'
ACTION DOC 10000 8534 EXAMINING_DOCUMENT b'846409'
ACTION MARK 10000 8537 CONSIDERED_RELEVANT b'846409'
ACTION QUERY 10000 8547 automobile recalls long
ACTION SERP 10000 8552 EXAMINE_SERP
ACTION SNIPPET 10000 8555 SEEN_PREVIOUSLY b'1227929'
ACTION SNIPPET 10000 8558 SEEN_PREVIOUSLY b'36602'
ACTION SNIPPET 10000 8561 SEEN_PREVIOUSLY b'288226'
ACTION SNIPPET 10000 8564 SEEN_PREVIOUSLY b'39916'
ACTION SNIPPET 10000 8567 SEEN_PREVIOUSLY b'1042599'
ACTION SNIPPET 10000 8570 SEEN_PREVIOUSLY b'232575'
ACTION SNIPPET 10000 8573 SNIPPET_NOT_RELEVANT b'1819639'
ACTION SNIPPET 10000 8576 SEEN_PREVIOUSLY b'53718'
ACTION SNIPPET 10000 8579 SEEN_PREVIOUSLY b'1574372'
ACTION SNIPPET 10000 8582 SEEN_PREVIOUSLY b'120022'
ACTION QUERY 10000 8592 automobile recalls device
ACTION SERP 10000 8597 EXAMINE_SERP
ACTION SNIPPET 10000 8600 SEEN_PREVIOUSLY b'120022'
ACTION SNIPPET 10000 8603 SEEN_PREVIOUSLY b'380034'
ACTION SNIPPET 10000 8606 SEEN_PREVIOUSLY b'1135065'
ACTION SNIPPET 10000 8609 SNIPPET_NOT_RELEVANT b'207281'
ACTION SNIPPET 10000 8612 SNIPPET_NOT_RELEVANT b'1336801'
ACTION SNIPPET 10000 8615 SEEN_PREVIOUSLY b'387447'
ACTION SNIPPET 10000 8618 SNIPPET_RELEVANT b'1068643'
ACTION DOC 10000 8638 EXAMINING_DOCUMENT b'1068643'
ACTION SNIPPET 10000 8641 SNIPPET_NOT_RELEVANT b'358216'
ACTION SNIPPET 10000 8644 SNIPPET_RELEVANT b'1016113'
ACTION DOC 10000 8664 EXAMINING_DOCUMENT b'1016113'
ACTION SNIPPET 10000 8667 SNIPPET_NOT_RELEVANT b'453057'
ACTION QUERY 10000 8677 automobile recalls speed
ACTION SERP 10000 8682 EXAMINE_SERP
ACTION SNIPPET 10000 8685 SEEN_PREVIOUSLY b'232575'
ACTION SNIPPET 10000 8688 SEEN_PREVIOUSLY b'1234798'
ACTION SNIPPET 10000 8691 SNIPPET_NOT_RELEVANT b'24756'
ACTION SNIPPET 10000 8694 SEEN_PREVIOUSLY b'19882'
ACTION SNIPPET 10000 8697 SNIPPET_NOT_RELEVANT b'1089779'
ACTION SNIPPET 10000 8700 SNIPPET_NOT_RELEVANT b'119407'
ACTION SNIPPET 10000 8703 SEEN_PREVIOUSLY b'207042'
ACTION SNIPPET 10000 8706 SNIPPET_NOT_RELEVANT b'503316'
ACTION SNIPPET 10000 8709 SNIPPET_RELEVANT b'933351'
ACTION DOC 10000 8729 EXAMINING_DOCUMENT b'933351'
ACTION SNIPPET 10000 8732 SEEN_PREVIOUSLY b'1522700'
ACTION QUERY 10000 8742 automobile recalls size
ACTION SERP 10000 8747 EXAMINE_SERP
ACTION SNIPPET 10000 8750 SEEN_PREVIOUSLY b'417392'
ACTION SNIPPET 10000 8753 SEEN_PREVIOUSLY b'381087'
ACTION SNIPPET 10000 8756 SNIPPET_RELEVANT b'1855088'
ACTION DOC 10000 8776 EXAMINING_DOCUMENT b'1855088'
ACTION SNIPPET 10000 8779 SNIPPET_NOT_RELEVANT b'1034714'
ACTION SNIPPET 10000 8782 SNIPPET_RELEVANT b'1222588'
ACTION DOC 10000 8802 EXAMINING_DOCUMENT b'1222588'
ACTION SNIPPET 10000 8805 SEEN_PREVIOUSLY b'36602'
ACTION SNIPPET 10000 8808 SNIPPET_RELEVANT b'266700'
ACTION DOC 10000 8828 EXAMINING_DOCUMENT b'266700'
ACTION SNIPPET 10000 8831 SEEN_PREVIOUSLY b'1225125'
ACTION SNIPPET 10000 8834 SNIPPET_RELEVANT b'121210'
ACTION DOC 10000 8854 EXAMINING_DOCUMENT b'121210'
ACTION SNIPPET 10000 8857 SNIPPET_RELEVANT b'92326'
ACTION DOC 10000 8877 EXAMINING_DOCUMENT b'92326'
ACTION QUERY 10000 8887 automobile recalls using
ACTION SERP 10000 8892 EXAMINE_SERP
ACTION SNIPPET 10000 8895 SEEN_PREVIOUSLY b'1227929'
ACTION SNIPPET 10000 8898 SEEN_PREVIOUSLY b'1135065'
ACTION SNIPPET 10000 8901 SEEN_PREVIOUSLY b'36602'
ACTION SNIPPET 10000 8904 SEEN_PREVIOUSLY b'760866'
ACTION SNIPPET 10000 8907 SNIPPET_RELEVANT b'1731325'
ACTION DOC 10000 8927 EXAMINING_DOCUMENT b'1731325'
ACTION SNIPPET 10000 8930 SEEN_PREVIOUSLY b'1855088'
ACTION SNIPPET 10000 8933 SEEN_PREVIOUSLY b'1299787'
ACTION SNIPPET 10000 8936 SEEN_PREVIOUSLY b'39916'
ACTION SNIPPET 10000 8939 SEEN_PREVIOUSLY b'232575'
ACTION SNIPPET 10000 8942 SEEN_PREVIOUSLY b'1574372'
ACTION QUERY 10000 8952 automobile recalls vans
ACTION SERP 10000 8957 EXAMINE_SERP
ACTION SNIPPET 10000 8960 SEEN_PREVIOUSLY b'57708'
ACTION SNIPPET 10000 8963 SEEN_PREVIOUSLY b'1234798'
ACTION SNIPPET 10000 8966 SEEN_PREVIOUSLY b'1780591'
ACTION SNIPPET 10000 8969 SEEN_PREVIOUSLY b'1855088'
ACTION SNIPPET 10000 8972 SNIPPET_NOT_RELEVANT b'278317'
ACTION SNIPPET 10000 8975 SNIPPET_RELEVANT b'419019'
ACTION DOC 10000 8995 EXAMINING_DOCUMENT b'419019'
ACTION SNIPPET 10000 8998 SNIPPET_NOT_RELEVANT b'251228'
ACTION SNIPPET 10000 9001 SNIPPET_RELEVANT b'213704'
ACTION DOC 10000 9021 EXAMINING_DOCUMENT b'213704'
ACTION SNIPPET 10000 9024 SNIPPET_RELEVANT b'431718'
ACTION DOC 10000 9044 EXAMINING_DOCUMENT b'431718'
ACTION SNIPPET 10000 9047 SNIPPET_NOT_RELEVANT b'431786'
ACTION QUERY 10000 9057 automobile recalls system
ACTION SERP 10000 9062 EXAMINE_SERP
ACTION SNIPPET 10000 9065 SEEN_PREVIOUSLY b'232575'
ACTION SNIPPET 10000 9068 SEEN_PREVIOUSLY b'120022'
ACTION SNIPPET 10000 9071 SNIPPET_NOT_RELEVANT b'1819639'
ACTION SNIPPET 10000 9074 SEEN_PREVIOUSLY b'30337'
ACTION SNIPPET 10000 9077 SEEN_PREVIOUSLY b'1780591'
ACTION SNIPPET 10000 9080 SEEN_PREVIOUSLY b'36602'
ACTION SNIPPET 10000 9083 SEEN_PREVIOUSLY b'380034'
ACTION SNIPPET 10000 9086 SEEN_PREVIOUSLY b'1222971'
ACTION SNIPPET 10000 9089 SNIPPET_NOT_RELEVANT b'1510993'
ACTION SNIPPET 10000 9092 SEEN_PREVIOUSLY b'39916'
ACTION QUERY 10000 9102 automobile recalls recall
ACTION SERP 10000 9107 EXAMINE_SERP
ACTION SNIPPET 10000 9110 SEEN_PREVIOUSLY b'36602'
ACTION SNIPPET 10000 9113 SEEN_PREVIOUSLY b'39916'
ACTION SNIPPET 10000 9116 SEEN_PREVIOUSLY b'1574372'
ACTION SNIPPET 10000 9119 SEEN_PREVIOUSLY b'210111'
ACTION SNIPPET 10000 9122 SEEN_PREVIOUSLY b'1227929'
ACTION SNIPPET 10000 9125 SEEN_PREVIOUSLY b'232575'
ACTION SNIPPET 10000 9128 SEEN_PREVIOUSLY b'417392'
ACTION SNIPPET 10000 9131 SEEN_PREVIOUSLY b'120022'
ACTION SNIPPET 10000 9134 SEEN_PREVIOUSLY b'1072617'
ACTION SNIPPET 10000 9137 SEEN_PREVIOUSLY b'30337'
ACTION QUERY 10000 9147 automobile recalls result
ACTION SERP 10000 9152 EXAMINE_SERP
ACTION SNIPPET 10000 9155 SEEN_PREVIOUSLY b'1227929'
ACTION SNIPPET 10000 9158 SEEN_PREVIOUSLY b'30337'
ACTION SNIPPET 10000 9161 SEEN_PREVIOUSLY b'375746'
ACTION SNIPPET 10000 9164 SEEN_PREVIOUSLY b'36602'
ACTION SNIPPET 10000 9167 SEEN_PREVIOUSLY b'57708'
ACTION SNIPPET 10000 9170 SEEN_PREVIOUSLY b'39916'
ACTION SNIPPET 10000 9173 SEEN_PREVIOUSLY b'482640'
ACTION SNIPPET 10000 9176 SEEN_PREVIOUSLY b'232575'
ACTION SNIPPET 10000 9179 SEEN_PREVIOUSLY b'1574372'
ACTION SNIPPET 10000 9182 SEEN_PREVIOUSLY b'120022'
ACTION QUERY 10000 9192 automobile recalls paid
ACTION SERP 10000 9197 EXAMINE_SERP
ACTION SNIPPET 10000 9200 SEEN_PREVIOUSLY b'119113'
ACTION SNIPPET 10000 9203 SEEN_PREVIOUSLY b'36602'
ACTION SNIPPET 10000 9206 SEEN_PREVIOUSLY b'39916'
ACTION SNIPPET 10000 9209 SEEN_PREVIOUSLY b'1227929'
ACTION SNIPPET 10000 9212 SNIPPET_RELEVANT b'503316'
ACTION DOC 10000 9232 EXAMINING_DOCUMENT b'503316'
ACTION SNIPPET 10000 9235 SEEN_PREVIOUSLY b'232575'
ACTION SNIPPET 10000 9238 SEEN_PREVIOUSLY b'1574372'
ACTION SNIPPET 10000 9241 SEEN_PREVIOUSLY b'120022'
ACTION SNIPPET 10000 9244 SEEN_PREVIOUSLY b'210111'
ACTION SNIPPET 10000 9247 SNIPPET_NOT_RELEVANT b'606'
ACTION QUERY 10000 9257 automobile recalls sold
ACTION SERP 10000 9262 EXAMINE_SERP
ACTION SNIPPET 10000 9265 SEEN_PREVIOUSLY b'39916'
ACTION SNIPPET 10000 9268 SEEN_PREVIOUSLY b'30337'
ACTION SNIPPET 10000 9271 SNIPPET_RELEVANT b'606'
ACTION DOC 10000 9291 EXAMINING_DOCUMENT b'606'
ACTION SNIPPET 10000 9294 SEEN_PREVIOUSLY b'606'
ACTION SNIPPET 10000 9297 SNIPPET_NOT_RELEVANT b'19146'
ACTION SNIPPET 10000 9300 SNIPPET_NOT_RELEVANT b'135346'
ACTION SNIPPET 10000 9303 SEEN_PREVIOUSLY b'263446'
ACTION SNIPPET 10000 9306 SNIPPET_RELEVANT b'175747'
ACTION DOC 10000 9326 EXAMINING_DOCUMENT b'175747'
ACTION SNIPPET 10000 9329 SNIPPET_RELEVANT b'84290'
ACTION DOC 10000 9349 EXAMINING_DOCUMENT b'84290'
ACTION SNIPPET 10000 9352 SNIPPET_NOT_RELEVANT b'94644'
ACTION QUERY 10000 9362 automobile recalls can
ACTION SERP 10000 9367 EXAMINE_SERP
ACTION SNIPPET 10000 9370 SEEN_PREVIOUSLY b'1227929'
ACTION SNIPPET 10000 9373 SEEN_PREVIOUSLY b'232575'
ACTION SNIPPET 10000 9376 SEEN_PREVIOUSLY b'36602'
ACTION SNIPPET 10000 9379 SEEN_PREVIOUSLY b'1574372'
ACTION SNIPPET 10000 9382 SEEN_PREVIOUSLY b'120022'
ACTION SNIPPET 10000 9385 SEEN_PREVIOUSLY b'39916'
ACTION SNIPPET 10000 9388 SEEN_PREVIOUSLY b'417392'
ACTION SNIPPET 10000 9391 SEEN_PREVIOUSLY b'288226'
ACTION SNIPPET 10000 9394 SEEN_PREVIOUSLY b'210111'
ACTION SNIPPET 10000 9397 SEEN_PREVIOUSLY b'72897'
ACTION QUERY 10000 9407 automobile recalls gen
ACTION SERP 10000 9412 EXAMINE_SERP
ACTION SNIPPET 10000 9415 SEEN_PREVIOUSLY b'606'
ACTION SNIPPET 10000 9418 SEEN_PREVIOUSLY b'606'
ACTION SNIPPET 10000 9421 SEEN_PREVIOUSLY b'36602'
ACTION SNIPPET 10000 9424 SEEN_PREVIOUSLY b'39916'
ACTION SNIPPET 10000 9427 SEEN_PREVIOUSLY b'1227929'
ACTION SNIPPET 10000 9430 SEEN_PREVIOUSLY b'232575'
ACTION SNIPPET 10000 9433 SNIPPET_RELEVANT b'413660'
ACTION DOC 10000 9453 EXAMINING_DOCUMENT b'413660'
ACTION SNIPPET 10000 9456 SEEN_PREVIOUSLY b'1574372'
ACTION SNIPPET 10000 9459 SEEN_PREVIOUSLY b'120022'
ACTION SNIPPET 10000 9462 SEEN_PREVIOUSLY b'210111'
ACTION QUERY 10000 9472 automobile recalls japan
ACTION SERP 10000 9477 EXAMINE_SERP
ACTION SNIPPET 10000 9480 SNIPPET_NOT_RELEVANT b'320285'
ACTION SNIPPET 10000 9483 SNIPPET_RELEVANT b'122011'
ACTION DOC 10000 9503 EXAMINING_DOCUMENT b'122011'
ACTION SNIPPET 10000 9506 SNIPPET_RELEVANT b'116262'
ACTION DOC 10000 9526 EXAMINING_DOCUMENT b'116262'
ACTION SNIPPET 10000 9529 SNIPPET_RELEVANT b'91312'
ACTION DOC 10000 9549 EXAMINING_DOCUMENT b'91312'
ACTION SNIPPET 10000 9552 SNIPPET_NOT_RELEVANT b'63915'
ACTION SNIPPET 10000 9555 SNIPPET_NOT_RELEVANT b'98985'
ACTION SNIPPET 10000 9558 SNIPPET_RELEVANT b'98898'
ACTION DOC 10000 9578 EXAMINING_DOCUMENT b'98898'
ACTION SNIPPET 10000 9581 SNIPPET_NOT_RELEVANT b'115797'
ACTION SNIPPET 10000 9584 SNIPPET_NOT_RELEVANT b'227272'
ACTION SNIPPET 10000 9587 SNIPPET_NOT_RELEVANT b'47472'
ACTION QUERY 10000 9597 automobile recalls pontiacs
ACTION SERP 10000 9602 EXAMINE_SERP
ACTION SNIPPET 10000 9605 SEEN_PREVIOUSLY b'123914'
ACTION SNIPPET 10000 9608 SNIPPET_NOT_RELEVANT b'172231'
ACTION SNIPPET 10000 9611 SEEN_PREVIOUSLY b'39916'
ACTION SNIPPET 10000 9614 SNIPPET_NOT_RELEVANT b'339172'
ACTION SNIPPET 10000 9617 SNIPPET_RELEVANT b'24999'
ACTION DOC 10000 9637 EXAMINING_DOCUMENT b'24999'
ACTION SNIPPET 10000 9640 SNIPPET_NOT_RELEVANT b'367420'
ACTION SNIPPET 10000 9643 SNIPPET_RELEVANT b'190854'
ACTION DOC 10000 9663 EXAMINING_DOCUMENT b'190854'
ACTION SNIPPET 10000 9666 SEEN_PREVIOUSLY b'232575'
ACTION SNIPPET 10000 9669 SEEN_PREVIOUSLY b'370'
ACTION SNIPPET 10000 9672 SEEN_PREVIOUSLY b'370'
ACTION QUERY 10000 9682 automobile recalls confidence
ACTION SERP 10000 9687 EXAMINE_SERP
ACTION SNIPPET 10000 9690 SEEN_PREVIOUSLY b'39916'
ACTION SNIPPET 10000 9693 SEEN_PREVIOUSLY b'417392'
ACTION SNIPPET 10000 9696 SEEN_PREVIOUSLY b'1780591'
ACTION SNIPPET 10000 9699 SEEN_PREVIOUSLY b'380262'
ACTION SNIPPET 10000 9702 SEEN_PREVIOUSLY b'36602'
ACTION SNIPPET 10000 9705 SEEN_PREVIOUSLY b'482640'
ACTION SNIPPET 10000 9708 SEEN_PREVIOUSLY b'1227929'
ACTION SNIPPET 10000 9711 SNIPPET_NOT_RELEVANT b'951179'
ACTION SNIPPET 10000 9714 SNIPPET_NOT_RELEVANT b'198461'
ACTION SNIPPET 10000 9717 SEEN_PREVIOUSLY b'232575'
ACTION QUERY 10000 9727 automobile recalls pontiac
ACTION SERP 10000 9732 EXAMINE_SERP
ACTION SNIPPET 10000 9735 SEEN_PREVIOUSLY b'123914'
ACTION SNIPPET 10000 9738 SNIPPET_NOT_RELEVANT b'172231'
ACTION SNIPPET 10000 9741 SEEN_PREVIOUSLY b'39916'
ACTION SNIPPET 10000 9744 SNIPPET_RELEVANT b'339172'
ACTION DOC 10000 9764 EXAMINING_DOCUMENT b'339172'
ACTION SNIPPET 10000 9767 SEEN_PREVIOUSLY b'24999'
ACTION SNIPPET 10000 9770 SNIPPET_NOT_RELEVANT b'367420'
ACTION SNIPPET 10000 9773 SEEN_PREVIOUSLY b'190854'
ACTION SNIPPET 10000 9776 SEEN_PREVIOUSLY b'232575'
ACTION SNIPPET 10000 9779 SEEN_PREVIOUSLY b'370'
ACTION SNIPPET 10000 9782 SEEN_PREVIOUSLY b'370'
ACTION QUERY 10000 9792 automobile recalls number
ACTION SERP 10000 9797 EXAMINE_SERP
ACTION SNIPPET 10000 9800 SEEN_PREVIOUSLY b'1574372'
ACTION SNIPPET 10000 9803 SEEN_PREVIOUSLY b'120022'
ACTION SNIPPET 10000 9806 SEEN_PREVIOUSLY b'36602'
ACTION SNIPPET 10000 9809 SNIPPET_NOT_RELEVANT b'129155'
ACTION SNIPPET 10000 9812 SEEN_PREVIOUSLY b'72897'
ACTION SNIPPET 10000 9815 SEEN_PREVIOUSLY b'39916'
ACTION SNIPPET 10000 9818 SEEN_PREVIOUSLY b'1227929'
ACTION SNIPPET 10000 9821 SEEN_PREVIOUSLY b'57708'
ACTION SNIPPET 10000 9824 SEEN_PREVIOUSLY b'232575'
ACTION SNIPPET 10000 9827 SEEN_PREVIOUSLY b'503316'
ACTION QUERY 10000 9837 automobile recalls pulling
ACTION SERP 10000 9842 EXAMINE_SERP
ACTION SNIPPET 10000 9845 SEEN_PREVIOUSLY b'1731325'
ACTION SNIPPET 10000 9848 SEEN_PREVIOUSLY b'53718'
ACTION SNIPPET 10000 9851 SNIPPET_NOT_RELEVANT b'538778'
ACTION SNIPPET 10000 9854 SEEN_PREVIOUSLY b'207042'
ACTION SNIPPET 10000 9857 SEEN_PREVIOUSLY b'1522700'
ACTION SNIPPET 10000 9860 SNIPPET_NOT_RELEVANT b'43024'
ACTION SNIPPET 10000 9863 SNIPPET_NOT_RELEVANT b'64099'
ACTION SNIPPET 10000 9866 SNIPPET_NOT_RELEVANT b'334540'
ACTION SNIPPET 10000 9869 SEEN_PREVIOUSLY b'36602'
ACTION SNIPPET 10000 9872 SEEN_PREVIOUSLY b'39916'
ACTION QUERY 10000 9882 automobile recalls emitted
ACTION SERP 10000 9887 EXAMINE_SERP
ACTION SNIPPET 10000 9890 SNIPPET_NOT_RELEVANT b'1722534'
ACTION SNIPPET 10000 9893 SEEN_PREVIOUSLY b'636949'
ACTION SNIPPET 10000 9896 SNIPPET_NOT_RELEVANT b'274435'
ACTION SNIPPET 10000 9899 SNIPPET_RELEVANT b'1632501'
ACTION DOC 10000 9919 EXAMINING_DOCUMENT b'1632501'
ACTION SNIPPET 10000 9922 SNIPPET_RELEVANT b'766565'
ACTION DOC 10000 9942 EXAMINING_DOCUMENT b'766565'
ACTION SNIPPET 10000 9945 SNIPPET_NOT_RELEVANT b'1711632'
ACTION SNIPPET 10000 9948 SNIPPET_RELEVANT b'238265'
ACTION DOC 10000 9968 EXAMINING_DOCUMENT b'238265'
ACTION SNIPPET 10000 9971 SNIPPET_NOT_RELEVANT b'1101301'
ACTION SNIPPET 10000 9974 SNIPPET_NOT_RELEVANT b'6458'
ACTION SNIPPET 10000 9977 SNIPPET_NOT_RELEVANT b'6458'
ACTION QUERY 10000 9987 automobile recalls catching
ACTION SERP 10000 9992 EXAMINE_SERP
ACTION SNIPPET 10000 9995 SEEN_PREVIOUSLY b'120022'
ACTION SNIPPET 10000 9998 SEEN_PREVIOUSLY b'1780591'
ACTION SNIPPET 10000 10001 SEEN_PREVIOUSLY b'57708'
INFO SUMMARY 
INFO TOTAL_QUERIES_ISSUED 111
INFO TOTAL_SNIPPETS_EXAMINED 1103
INFO TOTAL_DOCUMENTS_EXAMINED 247
INFO TOTAL_DOCUMENTS_MARKED_RELEVANT 29
INFO TOTAL_ATTRACTIVE_SERP_IMPRESSIONS 111
INFO TOTAL_UNATTRACTIVE_SERP_IMPRESSIONS 0
