ACTION QUERY 10000 10 human smuggling
ACTION SERP 10000 15 EXAMINE_SERP
ACTION SNIPPET 10000 18 SNIPPET_RELEVANT b'1574025'
ACTION DOC 10000 38 EXAMINING_DOCUMENT b'1574025'
ACTION MARK 10000 41 CONSIDERED_RELEVANT b'1574025'
ACTION SNIPPET 10000 44 SNIPPET_RELEVANT b'247846'
ACTION DOC 10000 64 EXAMINING_DOCUMENT b'247846'
ACTION MARK 10000 67 CONSIDERED_RELEVANT b'247846'
ACTION SNIPPET 10000 70 SNIPPET_RELEVANT b'616288'
ACTION DOC 10000 90 EXAMINING_DOCUMENT b'616288'
ACTION SNIPPET 10000 93 SNIPPET_RELEVANT b'515645'
ACTION DOC 10000 113 EXAMINING_DOCUMENT b'515645'
ACTION MARK 10000 116 CONSIDERED_RELEVANT b'515645'
ACTION SNIPPET 10000 119 SNIPPET_RELEVANT b'631808'
ACTION DOC 10000 139 EXAMINING_DOCUMENT b'631808'
ACTION MARK 10000 142 CONSIDERED_RELEVANT b'631808'
ACTION SNIPPET 10000 145 SNIPPET_RELEVANT b'1840937'
ACTION DOC 10000 165 EXAMINING_DOCUMENT b'1840937'
ACTION MARK 10000 168 CONSIDERED_RELEVANT b'1840937'
ACTION SNIPPET 10000 171 SNIPPET_RELEVANT b'1534492'
ACTION DOC 10000 191 EXAMINING_DOCUMENT b'1534492'
ACTION MARK 10000 194 CONSIDERED_RELEVANT b'1534492'
ACTION SNIPPET 10000 197 SNIPPET_RELEVANT b'289234'
ACTION DOC 10000 217 EXAMINING_DOCUMENT b'289234'
ACTION MARK 10000 220 CONSIDERED_RELEVANT b'289234'
ACTION SNIPPET 10000 223 SNIPPET_RELEVANT b'1765033'
ACTION DOC 10000 243 EXAMINING_DOCUMENT b'1765033'
ACTION SNIPPET 10000 246 SNIPPET_RELEVANT b'279302'
ACTION DOC 10000 266 EXAMINING_DOCUMENT b'279302'
ACTION QUERY 10000 276 human smuggling headed
ACTION SERP 10000 281 EXAMINE_SERP
ACTION SNIPPET 10000 284 SEEN_PREVIOUSLY b'616288'
ACTION SNIPPET 10000 287 SEEN_PREVIOUSLY b'515645'
ACTION SNIPPET 10000 290 SEEN_PREVIOUSLY b'1534492'
ACTION SNIPPET 10000 293 SNIPPET_RELEVANT b'857510'
ACTION DOC 10000 313 EXAMINING_DOCUMENT b'857510'
ACTION SNIPPET 10000 316 SNIPPET_RELEVANT b'1021621'
ACTION DOC 10000 336 EXAMINING_DOCUMENT b'1021621'
ACTION MARK 10000 339 CONSIDERED_RELEVANT b'1021621'
ACTION SNIPPET 10000 342 SNIPPET_RELEVANT b'1193567'
ACTION DOC 10000 362 EXAMINING_DOCUMENT b'1193567'
ACTION MARK 10000 365 CONSIDERED_RELEVANT b'1193567'
ACTION SNIPPET 10000 368 SNIPPET_RELEVANT b'1680238'
ACTION DOC 10000 388 EXAMINING_DOCUMENT b'1680238'
ACTION MARK 10000 391 CONSIDERED_RELEVANT b'1680238'
ACTION SNIPPET 10000 394 SEEN_PREVIOUSLY b'1574025'
ACTION SNIPPET 10000 397 SNIPPET_RELEVANT b'616968'
ACTION DOC 10000 417 EXAMINING_DOCUMENT b'616968'
ACTION MARK 10000 420 CONSIDERED_RELEVANT b'616968'
ACTION SNIPPET 10000 423 SNIPPET_RELEVANT b'1501576'
ACTION DOC 10000 443 EXAMINING_DOCUMENT b'1501576'
ACTION QUERY 10000 453 human smuggling august
ACTION SERP 10000 458 EXAMINE_SERP
ACTION SNIPPET 10000 461 SEEN_PREVIOUSLY b'289234'
ACTION SNIPPET 10000 464 SNIPPET_RELEVANT b'567649'
ACTION DOC 10000 484 EXAMINING_DOCUMENT b'567649'
ACTION MARK 10000 487 CONSIDERED_RELEVANT b'567649'
ACTION SNIPPET 10000 490 SNIPPET_NOT_RELEVANT b'1443307'
ACTION SNIPPET 10000 493 SNIPPET_RELEVANT b'552207'
ACTION DOC 10000 513 EXAMINING_DOCUMENT b'552207'
ACTION MARK 10000 516 CONSIDERED_RELEVANT b'552207'
ACTION SNIPPET 10000 519 SNIPPET_NOT_RELEVANT b'648295'
ACTION SNIPPET 10000 522 SNIPPET_NOT_RELEVANT b'1131739'
ACTION SNIPPET 10000 525 SNIPPET_RELEVANT b'1836875'
ACTION DOC 10000 545 EXAMINING_DOCUMENT b'1836875'
ACTION MARK 10000 548 CONSIDERED_RELEVANT b'1836875'
ACTION SNIPPET 10000 551 SNIPPET_RELEVANT b'809795'
ACTION DOC 10000 571 EXAMINING_DOCUMENT b'809795'
ACTION MARK 10000 574 CONSIDERED_RELEVANT b'809795'
ACTION SNIPPET 10000 577 SEEN_PREVIOUSLY b'1574025'
ACTION SNIPPET 10000 580 SNIPPET_NOT_RELEVANT b'763245'
ACTION QUERY 10000 590 human smuggling investigator
ACTION SERP 10000 595 EXAMINE_SERP
ACTION SNIPPET 10000 598 SEEN_PREVIOUSLY b'1574025'
ACTION SNIPPET 10000 601 SEEN_PREVIOUSLY b'289234'
ACTION SNIPPET 10000 604 SNIPPET_RELEVANT b'1758704'
ACTION DOC 10000 624 EXAMINING_DOCUMENT b'1758704'
ACTION MARK 10000 627 CONSIDERED_RELEVANT b'1758704'
ACTION SNIPPET 10000 630 SEEN_PREVIOUSLY b'631808'
ACTION SNIPPET 10000 633 SNIPPET_RELEVANT b'1684351'
ACTION DOC 10000 653 EXAMINING_DOCUMENT b'1684351'
ACTION SNIPPET 10000 656 SEEN_PREVIOUSLY b'809795'
ACTION SNIPPET 10000 659 SEEN_PREVIOUSLY b'1193567'
ACTION SNIPPET 10000 662 SEEN_PREVIOUSLY b'616968'
ACTION SNIPPET 10000 665 SEEN_PREVIOUSLY b'1840937'
ACTION SNIPPET 10000 668 SNIPPET_RELEVANT b'1770877'
ACTION DOC 10000 688 EXAMINING_DOCUMENT b'1770877'
ACTION QUERY 10000 698 human smuggling drop
ACTION SERP 10000 703 EXAMINE_SERP
ACTION SNIPPET 10000 706 SEEN_PREVIOUSLY b'1836875'
ACTION SNIPPET 10000 709 SNIPPET_RELEVANT b'1073229'
ACTION DOC 10000 729 EXAMINING_DOCUMENT b'1073229'
ACTION MARK 10000 732 CONSIDERED_RELEVANT b'1073229'
ACTION SNIPPET 10000 735 SEEN_PREVIOUSLY b'552207'
ACTION SNIPPET 10000 738 SEEN_PREVIOUSLY b'1193567'
ACTION SNIPPET 10000 741 SNIPPET_RELEVANT b'1212432'
ACTION DOC 10000 761 EXAMINING_DOCUMENT b'1212432'
ACTION MARK 10000 764 CONSIDERED_RELEVANT b'1212432'
ACTION SNIPPET 10000 767 SNIPPET_NOT_RELEVANT b'1033781'
ACTION SNIPPET 10000 770 SNIPPET_RELEVANT b'1673227'
ACTION DOC 10000 790 EXAMINING_DOCUMENT b'1673227'
ACTION MARK 10000 793 CONSIDERED_RELEVANT b'1673227'
ACTION SNIPPET 10000 796 SEEN_PREVIOUSLY b'1574025'
ACTION SNIPPET 10000 799 SEEN_PREVIOUSLY b'247846'
ACTION SNIPPET 10000 802 SNIPPET_NOT_RELEVANT b'188965'
ACTION QUERY 10000 812 human smuggling las
ACTION SERP 10000 817 EXAMINE_SERP
ACTION SNIPPET 10000 820 SEEN_PREVIOUSLY b'1836875'
ACTION SNIPPET 10000 823 SNIPPET_NOT_RELEVANT b'260985'
ACTION SNIPPET 10000 826 SNIPPET_NOT_RELEVANT b'305666'
ACTION SNIPPET 10000 829 SNIPPET_RELEVANT b'321418'
ACTION DOC 10000 849 EXAMINING_DOCUMENT b'321418'
ACTION SNIPPET 10000 852 SNIPPET_RELEVANT b'1739722'
ACTION DOC 10000 872 EXAMINING_DOCUMENT b'1739722'
ACTION SNIPPET 10000 875 SEEN_PREVIOUSLY b'1574025'
ACTION SNIPPET 10000 878 SEEN_PREVIOUSLY b'247846'
ACTION SNIPPET 10000 881 SNIPPET_NOT_RELEVANT b'109862'
ACTION SNIPPET 10000 884 SNIPPET_RELEVANT b'1573014'
ACTION DOC 10000 904 EXAMINING_DOCUMENT b'1573014'
ACTION MARK 10000 907 CONSIDERED_RELEVANT b'1573014'
ACTION SNIPPET 10000 910 SNIPPET_NOT_RELEVANT b'223901'
ACTION QUERY 10000 920 human smuggling street
ACTION SERP 10000 925 EXAMINE_SERP
ACTION SNIPPET 10000 928 SEEN_PREVIOUSLY b'631808'
ACTION SNIPPET 10000 931 SNIPPET_RELEVANT b'687522'
ACTION DOC 10000 951 EXAMINING_DOCUMENT b'687522'
ACTION MARK 10000 954 CONSIDERED_RELEVANT b'687522'
ACTION SNIPPET 10000 957 SNIPPET_NOT_RELEVANT b'1002865'
ACTION SNIPPET 10000 960 SEEN_PREVIOUSLY b'1574025'
ACTION SNIPPET 10000 963 SEEN_PREVIOUSLY b'247846'
ACTION SNIPPET 10000 966 SNIPPET_RELEVANT b'1517790'
ACTION DOC 10000 986 EXAMINING_DOCUMENT b'1517790'
ACTION MARK 10000 989 CONSIDERED_RELEVANT b'1517790'
ACTION SNIPPET 10000 992 SEEN_PREVIOUSLY b'616288'
ACTION SNIPPET 10000 995 SEEN_PREVIOUSLY b'515645'
ACTION SNIPPET 10000 998 SNIPPET_NOT_RELEVANT b'1553625'
ACTION SNIPPET 10000 1001 SEEN_PREVIOUSLY b'1840937'
ACTION QUERY 10000 1011 human smuggling family
ACTION SERP 10000 1016 EXAMINE_SERP
ACTION SNIPPET 10000 1019 SEEN_PREVIOUSLY b'289234'
ACTION SNIPPET 10000 1022 SEEN_PREVIOUSLY b'616288'
ACTION SNIPPET 10000 1025 SEEN_PREVIOUSLY b'515645'
ACTION SNIPPET 10000 1028 SEEN_PREVIOUSLY b'687522'
ACTION SNIPPET 10000 1031 SNIPPET_RELEVANT b'1030954'
ACTION DOC 10000 1051 EXAMINING_DOCUMENT b'1030954'
ACTION MARK 10000 1054 CONSIDERED_RELEVANT b'1030954'
ACTION SNIPPET 10000 1057 SNIPPET_RELEVANT b'648295'
ACTION DOC 10000 1077 EXAMINING_DOCUMENT b'648295'
ACTION SNIPPET 10000 1080 SEEN_PREVIOUSLY b'1574025'
ACTION SNIPPET 10000 1083 SEEN_PREVIOUSLY b'1680238'
ACTION SNIPPET 10000 1086 SEEN_PREVIOUSLY b'247846'
ACTION SNIPPET 10000 1089 SNIPPET_NOT_RELEVANT b'1409554'
ACTION QUERY 10000 1099 human smuggling offered
ACTION SERP 10000 1104 EXAMINE_SERP
ACTION SNIPPET 10000 1107 SEEN_PREVIOUSLY b'1574025'
ACTION SNIPPET 10000 1110 SEEN_PREVIOUSLY b'247846'
ACTION SNIPPET 10000 1113 SNIPPET_RELEVANT b'1317613'
ACTION DOC 10000 1133 EXAMINING_DOCUMENT b'1317613'
ACTION MARK 10000 1136 CONSIDERED_RELEVANT b'1317613'
ACTION SNIPPET 10000 1139 SEEN_PREVIOUSLY b'1030954'
ACTION SNIPPET 10000 1142 SEEN_PREVIOUSLY b'1836875'
ACTION SNIPPET 10000 1145 SNIPPET_RELEVANT b'1443307'
ACTION DOC 10000 1165 EXAMINING_DOCUMENT b'1443307'
ACTION MARK 10000 1168 CONSIDERED_RELEVANT b'1443307'
ACTION SNIPPET 10000 1171 SEEN_PREVIOUSLY b'1673227'
ACTION SNIPPET 10000 1174 SNIPPET_RELEVANT b'1033781'
ACTION DOC 10000 1194 EXAMINING_DOCUMENT b'1033781'
ACTION SNIPPET 10000 1197 SEEN_PREVIOUSLY b'616288'
ACTION SNIPPET 10000 1200 SEEN_PREVIOUSLY b'515645'
ACTION QUERY 10000 1210 human smuggling vessel
ACTION SERP 10000 1215 EXAMINE_SERP
ACTION SNIPPET 10000 1218 SEEN_PREVIOUSLY b'567649'
ACTION SNIPPET 10000 1221 SEEN_PREVIOUSLY b'552207'
ACTION SNIPPET 10000 1224 SEEN_PREVIOUSLY b'1765033'
ACTION SNIPPET 10000 1227 SNIPPET_NOT_RELEVANT b'510341'
ACTION SNIPPET 10000 1230 SEEN_PREVIOUSLY b'1680238'
ACTION SNIPPET 10000 1233 SNIPPET_NOT_RELEVANT b'62199'
ACTION SNIPPET 10000 1236 SNIPPET_RELEVANT b'1090875'
ACTION DOC 10000 1256 EXAMINING_DOCUMENT b'1090875'
ACTION MARK 10000 1259 CONSIDERED_RELEVANT b'1090875'
ACTION SNIPPET 10000 1262 SNIPPET_RELEVANT b'1371660'
ACTION DOC 10000 1282 EXAMINING_DOCUMENT b'1371660'
ACTION MARK 10000 1285 CONSIDERED_RELEVANT b'1371660'
ACTION SNIPPET 10000 1288 SNIPPET_RELEVANT b'1021428'
ACTION DOC 10000 1308 EXAMINING_DOCUMENT b'1021428'
ACTION MARK 10000 1311 CONSIDERED_RELEVANT b'1021428'
ACTION SNIPPET 10000 1314 SNIPPET_NOT_RELEVANT b'1739188'
ACTION QUERY 10000 1324 human smuggling fujian
ACTION SERP 10000 1329 EXAMINE_SERP
ACTION SNIPPET 10000 1332 SNIPPET_NOT_RELEVANT b'616681'
ACTION SNIPPET 10000 1335 SNIPPET_RELEVANT b'412661'
ACTION DOC 10000 1355 EXAMINING_DOCUMENT b'412661'
ACTION MARK 10000 1358 CONSIDERED_RELEVANT b'412661'
ACTION SNIPPET 10000 1361 SNIPPET_RELEVANT b'613752'
ACTION DOC 10000 1381 EXAMINING_DOCUMENT b'613752'
ACTION MARK 10000 1384 CONSIDERED_RELEVANT b'613752'
ACTION SNIPPET 10000 1387 SNIPPET_RELEVANT b'1232921'
ACTION DOC 10000 1407 EXAMINING_DOCUMENT b'1232921'
ACTION SNIPPET 10000 1410 SEEN_PREVIOUSLY b'1021621'
ACTION SNIPPET 10000 1413 SEEN_PREVIOUSLY b'631808'
ACTION SNIPPET 10000 1416 SNIPPET_RELEVANT b'490451'
ACTION DOC 10000 1436 EXAMINING_DOCUMENT b'490451'
ACTION MARK 10000 1439 CONSIDERED_RELEVANT b'490451'
ACTION SNIPPET 10000 1442 SNIPPET_NOT_RELEVANT b'1363255'
ACTION SNIPPET 10000 1445 SNIPPET_RELEVANT b'1170471'
ACTION DOC 10000 1465 EXAMINING_DOCUMENT b'1170471'
ACTION SNIPPET 10000 1468 SNIPPET_NOT_RELEVANT b'1574081'
ACTION QUERY 10000 1478 human smuggling moved
ACTION SERP 10000 1483 EXAMINE_SERP
ACTION SNIPPET 10000 1486 SEEN_PREVIOUSLY b'1574025'
ACTION SNIPPET 10000 1489 SEEN_PREVIOUSLY b'1765033'
ACTION SNIPPET 10000 1492 SEEN_PREVIOUSLY b'616288'
ACTION SNIPPET 10000 1495 SEEN_PREVIOUSLY b'1684351'
ACTION SNIPPET 10000 1498 SEEN_PREVIOUSLY b'247846'
ACTION SNIPPET 10000 1501 SEEN_PREVIOUSLY b'1443307'
ACTION SNIPPET 10000 1504 SEEN_PREVIOUSLY b'1673227'
ACTION SNIPPET 10000 1507 SEEN_PREVIOUSLY b'552207'
ACTION SNIPPET 10000 1510 SEEN_PREVIOUSLY b'515645'
ACTION SNIPPET 10000 1513 SEEN_PREVIOUSLY b'631808'
ACTION QUERY 10000 1523 human smuggling man
ACTION SERP 10000 1528 EXAMINE_SERP
ACTION SNIPPET 10000 1531 SEEN_PREVIOUSLY b'1840937'
ACTION SNIPPET 10000 1534 SEEN_PREVIOUSLY b'1534492'
ACTION SNIPPET 10000 1537 SEEN_PREVIOUSLY b'809795'
ACTION SNIPPET 10000 1540 SEEN_PREVIOUSLY b'616968'
ACTION SNIPPET 10000 1543 SEEN_PREVIOUSLY b'1684351'
ACTION SNIPPET 10000 1546 SEEN_PREVIOUSLY b'1030954'
ACTION SNIPPET 10000 1549 SNIPPET_RELEVANT b'184981'
ACTION DOC 10000 1569 EXAMINING_DOCUMENT b'184981'
ACTION SNIPPET 10000 1572 SEEN_PREVIOUSLY b'1574025'
ACTION SNIPPET 10000 1575 SEEN_PREVIOUSLY b'247846'
ACTION SNIPPET 10000 1578 SNIPPET_RELEVANT b'1337224'
ACTION DOC 10000 1598 EXAMINING_DOCUMENT b'1337224'
ACTION MARK 10000 1601 CONSIDERED_RELEVANT b'1337224'
ACTION QUERY 10000 1611 human smuggling broke
ACTION SERP 10000 1616 EXAMINE_SERP
ACTION SNIPPET 10000 1619 SEEN_PREVIOUSLY b'1758704'
ACTION SNIPPET 10000 1622 SEEN_PREVIOUSLY b'567649'
ACTION SNIPPET 10000 1625 SEEN_PREVIOUSLY b'631808'
ACTION SNIPPET 10000 1628 SNIPPET_NOT_RELEVANT b'988720'
ACTION SNIPPET 10000 1631 SNIPPET_NOT_RELEVANT b'1068812'
ACTION SNIPPET 10000 1634 SNIPPET_NOT_RELEVANT b'351231'
ACTION SNIPPET 10000 1637 SNIPPET_NOT_RELEVANT b'1695585'
ACTION SNIPPET 10000 1640 SEEN_PREVIOUSLY b'1574025'
ACTION SNIPPET 10000 1643 SEEN_PREVIOUSLY b'1090875'
ACTION SNIPPET 10000 1646 SEEN_PREVIOUSLY b'247846'
ACTION QUERY 10000 1656 human smuggling hit
ACTION SERP 10000 1661 EXAMINE_SERP
ACTION SNIPPET 10000 1664 SEEN_PREVIOUSLY b'1574025'
ACTION SNIPPET 10000 1667 SEEN_PREVIOUSLY b'247846'
ACTION SNIPPET 10000 1670 SNIPPET_RELEVANT b'248208'
ACTION DOC 10000 1690 EXAMINING_DOCUMENT b'248208'
ACTION MARK 10000 1693 CONSIDERED_RELEVANT b'248208'
ACTION SNIPPET 10000 1696 SEEN_PREVIOUSLY b'616288'
ACTION SNIPPET 10000 1699 SEEN_PREVIOUSLY b'515645'
ACTION SNIPPET 10000 1702 SEEN_PREVIOUSLY b'631808'
ACTION SNIPPET 10000 1705 SEEN_PREVIOUSLY b'1840937'
ACTION SNIPPET 10000 1708 SEEN_PREVIOUSLY b'1534492'
ACTION SNIPPET 10000 1711 SEEN_PREVIOUSLY b'289234'
ACTION SNIPPET 10000 1714 SNIPPET_RELEVANT b'1416047'
ACTION DOC 10000 1734 EXAMINING_DOCUMENT b'1416047'
ACTION MARK 10000 1737 CONSIDERED_RELEVANT b'1416047'
ACTION QUERY 10000 1747 human smuggling cults
ACTION SERP 10000 1752 EXAMINE_SERP
ACTION SNIPPET 10000 1755 SEEN_PREVIOUSLY b'247846'
ACTION SNIPPET 10000 1758 SEEN_PREVIOUSLY b'248208'
ACTION SNIPPET 10000 1761 SNIPPET_NOT_RELEVANT b'1363255'
ACTION SNIPPET 10000 1764 SNIPPET_RELEVANT b'249102'
ACTION DOC 10000 1784 EXAMINING_DOCUMENT b'249102'
ACTION SNIPPET 10000 1787 SNIPPET_RELEVANT b'250029'
ACTION DOC 10000 1807 EXAMINING_DOCUMENT b'250029'
ACTION SNIPPET 10000 1810 SNIPPET_RELEVANT b'239886'
ACTION DOC 10000 1830 EXAMINING_DOCUMENT b'239886'
ACTION SNIPPET 10000 1833 SNIPPET_RELEVANT b'248509'
ACTION DOC 10000 1853 EXAMINING_DOCUMENT b'248509'
ACTION SNIPPET 10000 1856 SNIPPET_RELEVANT b'259193'
ACTION DOC 10000 1876 EXAMINING_DOCUMENT b'259193'
ACTION SNIPPET 10000 1879 SNIPPET_NOT_RELEVANT b'242876'
ACTION SNIPPET 10000 1882 SNIPPET_RELEVANT b'241016'
ACTION DOC 10000 1902 EXAMINING_DOCUMENT b'241016'
ACTION QUERY 10000 1912 human smuggling wrong
ACTION SERP 10000 1917 EXAMINE_SERP
ACTION SNIPPET 10000 1920 SEEN_PREVIOUSLY b'1416047'
ACTION SNIPPET 10000 1923 SNIPPET_NOT_RELEVANT b'126058'
ACTION SNIPPET 10000 1926 SNIPPET_RELEVANT b'1414783'
ACTION DOC 10000 1946 EXAMINING_DOCUMENT b'1414783'
ACTION MARK 10000 1949 CONSIDERED_RELEVANT b'1414783'
ACTION SNIPPET 10000 1952 SEEN_PREVIOUSLY b'1574025'
ACTION SNIPPET 10000 1955 SEEN_PREVIOUSLY b'247846'
ACTION SNIPPET 10000 1958 SNIPPET_NOT_RELEVANT b'1659677'
ACTION SNIPPET 10000 1961 SNIPPET_NOT_RELEVANT b'1072146'
ACTION SNIPPET 10000 1964 SNIPPET_RELEVANT b'665252'
ACTION DOC 10000 1984 EXAMINING_DOCUMENT b'665252'
ACTION SNIPPET 10000 1987 SEEN_PREVIOUSLY b'616288'
ACTION SNIPPET 10000 1990 SEEN_PREVIOUSLY b'515645'
ACTION QUERY 10000 2000 human smuggling hard
ACTION SERP 10000 2005 EXAMINE_SERP
ACTION SNIPPET 10000 2008 SEEN_PREVIOUSLY b'1574025'
ACTION SNIPPET 10000 2011 SEEN_PREVIOUSLY b'1534492'
ACTION SNIPPET 10000 2014 SNIPPET_NOT_RELEVANT b'1853995'
ACTION SNIPPET 10000 2017 SEEN_PREVIOUSLY b'515645'
ACTION SNIPPET 10000 2020 SEEN_PREVIOUSLY b'648295'
ACTION SNIPPET 10000 2023 SNIPPET_RELEVANT b'1237167'
ACTION DOC 10000 2043 EXAMINING_DOCUMENT b'1237167'
ACTION SNIPPET 10000 2046 SEEN_PREVIOUSLY b'1517790'
ACTION SNIPPET 10000 2049 SNIPPET_RELEVANT b'1168056'
ACTION DOC 10000 2069 EXAMINING_DOCUMENT b'1168056'
ACTION MARK 10000 2072 CONSIDERED_RELEVANT b'1168056'
ACTION SNIPPET 10000 2075 SEEN_PREVIOUSLY b'247846'
ACTION SNIPPET 10000 2078 SEEN_PREVIOUSLY b'616288'
ACTION QUERY 10000 2088 human smuggling today
ACTION SERP 10000 2093 EXAMINE_SERP
ACTION SNIPPET 10000 2096 SEEN_PREVIOUSLY b'616288'
ACTION SNIPPET 10000 2099 SEEN_PREVIOUSLY b'515645'
ACTION SNIPPET 10000 2102 SEEN_PREVIOUSLY b'1168056'
ACTION SNIPPET 10000 2105 SEEN_PREVIOUSLY b'279302'
ACTION SNIPPET 10000 2108 SEEN_PREVIOUSLY b'857510'
ACTION SNIPPET 10000 2111 SEEN_PREVIOUSLY b'1574025'
ACTION SNIPPET 10000 2114 SEEN_PREVIOUSLY b'1030954'
ACTION SNIPPET 10000 2117 SEEN_PREVIOUSLY b'247846'
ACTION SNIPPET 10000 2120 SNIPPET_RELEVANT b'1081949'
ACTION DOC 10000 2140 EXAMINING_DOCUMENT b'1081949'
ACTION MARK 10000 2143 CONSIDERED_RELEVANT b'1081949'
ACTION SNIPPET 10000 2146 SEEN_PREVIOUSLY b'1033781'
ACTION QUERY 10000 2156 human smuggling iraqi
ACTION SERP 10000 2161 EXAMINE_SERP
ACTION SNIPPET 10000 2164 SNIPPET_RELEVANT b'1025674'
ACTION DOC 10000 2184 EXAMINING_DOCUMENT b'1025674'
ACTION SNIPPET 10000 2187 SEEN_PREVIOUSLY b'1337224'
ACTION SNIPPET 10000 2190 SNIPPET_RELEVANT b'745961'
ACTION DOC 10000 2210 EXAMINING_DOCUMENT b'745961'
ACTION SNIPPET 10000 2213 SNIPPET_NOT_RELEVANT b'1766779'
ACTION SNIPPET 10000 2216 SNIPPET_NOT_RELEVANT b'1499213'
ACTION SNIPPET 10000 2219 SNIPPET_NOT_RELEVANT b'1601246'
ACTION SNIPPET 10000 2222 SNIPPET_NOT_RELEVANT b'1186335'
ACTION SNIPPET 10000 2225 SNIPPET_RELEVANT b'1189657'
ACTION DOC 10000 2245 EXAMINING_DOCUMENT b'1189657'
ACTION SNIPPET 10000 2248 SNIPPET_NOT_RELEVANT b'435157'
ACTION SNIPPET 10000 2251 SNIPPET_RELEVANT b'1009666'
ACTION DOC 10000 2271 EXAMINING_DOCUMENT b'1009666'
ACTION QUERY 10000 2281 human smuggling driver
ACTION SERP 10000 2286 EXAMINE_SERP
ACTION SNIPPET 10000 2289 SEEN_PREVIOUSLY b'1840937'
ACTION SNIPPET 10000 2292 SNIPPET_RELEVANT b'1819859'
ACTION DOC 10000 2312 EXAMINING_DOCUMENT b'1819859'
ACTION MARK 10000 2315 CONSIDERED_RELEVANT b'1819859'
ACTION SNIPPET 10000 2318 SEEN_PREVIOUSLY b'1416047'
ACTION SNIPPET 10000 2321 SNIPPET_RELEVANT b'1655633'
ACTION DOC 10000 2341 EXAMINING_DOCUMENT b'1655633'
ACTION MARK 10000 2344 CONSIDERED_RELEVANT b'1655633'
ACTION SNIPPET 10000 2347 SEEN_PREVIOUSLY b'1317613'
ACTION SNIPPET 10000 2350 SEEN_PREVIOUSLY b'1758704'
ACTION SNIPPET 10000 2353 SEEN_PREVIOUSLY b'1081949'
ACTION SNIPPET 10000 2356 SNIPPET_RELEVANT b'1659485'
ACTION DOC 10000 2376 EXAMINING_DOCUMENT b'1659485'
ACTION MARK 10000 2379 CONSIDERED_RELEVANT b'1659485'
ACTION SNIPPET 10000 2382 SNIPPET_RELEVANT b'1658184'
ACTION DOC 10000 2402 EXAMINING_DOCUMENT b'1658184'
ACTION MARK 10000 2405 CONSIDERED_RELEVANT b'1658184'
ACTION SNIPPET 10000 2408 SNIPPET_NOT_RELEVANT b'1500'
ACTION QUERY 10000 2418 human smuggling executed
ACTION SERP 10000 2423 EXAMINE_SERP
ACTION SNIPPET 10000 2426 SEEN_PREVIOUSLY b'1819859'
ACTION SNIPPET 10000 2429 SNIPPET_NOT_RELEVANT b'1002865'
ACTION SNIPPET 10000 2432 SEEN_PREVIOUSLY b'1658184'
ACTION SNIPPET 10000 2435 SEEN_PREVIOUSLY b'1193567'
ACTION SNIPPET 10000 2438 SNIPPET_NOT_RELEVANT b'24009'
ACTION SNIPPET 10000 2441 SEEN_PREVIOUSLY b'1574025'
ACTION SNIPPET 10000 2444 SEEN_PREVIOUSLY b'616968'
ACTION SNIPPET 10000 2447 SEEN_PREVIOUSLY b'1168056'
ACTION SNIPPET 10000 2450 SEEN_PREVIOUSLY b'1021621'
ACTION SNIPPET 10000 2453 SEEN_PREVIOUSLY b'247846'
ACTION QUERY 10000 2463 human smuggling leading
ACTION SERP 10000 2468 EXAMINE_SERP
ACTION SNIPPET 10000 2471 SEEN_PREVIOUSLY b'247846'
ACTION SNIPPET 10000 2474 SEEN_PREVIOUSLY b'289234'
ACTION SNIPPET 10000 2477 SEEN_PREVIOUSLY b'1574025'
ACTION SNIPPET 10000 2480 SEEN_PREVIOUSLY b'279302'
ACTION SNIPPET 10000 2483 SEEN_PREVIOUSLY b'1758704'
ACTION SNIPPET 10000 2486 SEEN_PREVIOUSLY b'1819859'
ACTION SNIPPET 10000 2489 SEEN_PREVIOUSLY b'616288'
ACTION SNIPPET 10000 2492 SEEN_PREVIOUSLY b'515645'
ACTION SNIPPET 10000 2495 SEEN_PREVIOUSLY b'631808'
ACTION SNIPPET 10000 2498 SEEN_PREVIOUSLY b'1840937'
ACTION QUERY 10000 2508 human smuggling wealthy
ACTION SERP 10000 2513 EXAMINE_SERP
ACTION SNIPPET 10000 2516 SNIPPET_RELEVANT b'183536'
ACTION DOC 10000 2536 EXAMINING_DOCUMENT b'183536'
ACTION SNIPPET 10000 2539 SNIPPET_NOT_RELEVANT b'1320259'
ACTION SNIPPET 10000 2542 SNIPPET_RELEVANT b'616681'
ACTION DOC 10000 2562 EXAMINING_DOCUMENT b'616681'
ACTION SNIPPET 10000 2565 SEEN_PREVIOUSLY b'1574025'
ACTION SNIPPET 10000 2568 SNIPPET_RELEVANT b'110476'
ACTION DOC 10000 2588 EXAMINING_DOCUMENT b'110476'
ACTION SNIPPET 10000 2591 SNIPPET_NOT_RELEVANT b'1024100'
ACTION SNIPPET 10000 2594 SEEN_PREVIOUSLY b'247846'
ACTION SNIPPET 10000 2597 SNIPPET_NOT_RELEVANT b'1059865'
ACTION SNIPPET 10000 2600 SEEN_PREVIOUSLY b'616288'
ACTION SNIPPET 10000 2603 SEEN_PREVIOUSLY b'515645'
ACTION QUERY 10000 2613 human smuggling right
ACTION SERP 10000 2618 EXAMINE_SERP
ACTION SNIPPET 10000 2621 SEEN_PREVIOUSLY b'279302'
ACTION SNIPPET 10000 2624 SEEN_PREVIOUSLY b'1574025'
ACTION SNIPPET 10000 2627 SEEN_PREVIOUSLY b'857510'
ACTION SNIPPET 10000 2630 SNIPPET_NOT_RELEVANT b'1166902'
ACTION SNIPPET 10000 2633 SEEN_PREVIOUSLY b'616288'
ACTION SNIPPET 10000 2636 SNIPPET_NOT_RELEVANT b'273235'
ACTION SNIPPET 10000 2639 SEEN_PREVIOUSLY b'1237167'
ACTION SNIPPET 10000 2642 SEEN_PREVIOUSLY b'247846'
ACTION SNIPPET 10000 2645 SNIPPET_NOT_RELEVANT b'1761151'
ACTION SNIPPET 10000 2648 SEEN_PREVIOUSLY b'1684351'
ACTION QUERY 10000 2658 human smuggling haitians
ACTION SERP 10000 2663 EXAMINE_SERP
ACTION SNIPPET 10000 2666 SEEN_PREVIOUSLY b'1090875'
ACTION SNIPPET 10000 2669 SEEN_PREVIOUSLY b'1073229'
ACTION SNIPPET 10000 2672 SNIPPET_NOT_RELEVANT b'126633'
ACTION SNIPPET 10000 2675 SNIPPET_RELEVANT b'29467'
ACTION DOC 10000 2695 EXAMINING_DOCUMENT b'29467'
ACTION SNIPPET 10000 2698 SNIPPET_NOT_RELEVANT b'157056'
ACTION SNIPPET 10000 2701 SNIPPET_RELEVANT b'147551'
ACTION DOC 10000 2721 EXAMINING_DOCUMENT b'147551'
ACTION SNIPPET 10000 2724 SEEN_PREVIOUSLY b'183536'
ACTION SNIPPET 10000 2727 SNIPPET_NOT_RELEVANT b'667721'
ACTION SNIPPET 10000 2730 SNIPPET_RELEVANT b'1436526'
ACTION DOC 10000 2750 EXAMINING_DOCUMENT b'1436526'
ACTION SNIPPET 10000 2753 SNIPPET_NOT_RELEVANT b'483087'
ACTION QUERY 10000 2763 human smuggling robert
ACTION SERP 10000 2768 EXAMINE_SERP
ACTION SNIPPET 10000 2771 SEEN_PREVIOUSLY b'1073229'
ACTION SNIPPET 10000 2774 SEEN_PREVIOUSLY b'1574025'
ACTION SNIPPET 10000 2777 SNIPPET_RELEVANT b'1233476'
ACTION DOC 10000 2797 EXAMINING_DOCUMENT b'1233476'
ACTION MARK 10000 2800 CONSIDERED_RELEVANT b'1233476'
ACTION SNIPPET 10000 2803 SEEN_PREVIOUSLY b'247846'
ACTION SNIPPET 10000 2806 SEEN_PREVIOUSLY b'1232921'
ACTION SNIPPET 10000 2809 SEEN_PREVIOUSLY b'1030954'
ACTION SNIPPET 10000 2812 SEEN_PREVIOUSLY b'616288'
ACTION SNIPPET 10000 2815 SEEN_PREVIOUSLY b'1414783'
ACTION SNIPPET 10000 2818 SEEN_PREVIOUSLY b'515645'
ACTION SNIPPET 10000 2821 SEEN_PREVIOUSLY b'631808'
ACTION QUERY 10000 2831 human smuggling kidnappers
ACTION SERP 10000 2836 EXAMINE_SERP
ACTION SNIPPET 10000 2839 SNIPPET_RELEVANT b'675913'
ACTION DOC 10000 2859 EXAMINING_DOCUMENT b'675913'
ACTION MARK 10000 2862 CONSIDERED_RELEVANT b'675913'
ACTION SNIPPET 10000 2865 SNIPPET_NOT_RELEVANT b'37926'
ACTION SNIPPET 10000 2868 SNIPPET_RELEVANT b'1498394'
ACTION DOC 10000 2888 EXAMINING_DOCUMENT b'1498394'
ACTION SNIPPET 10000 2891 SNIPPET_RELEVANT b'638741'
ACTION DOC 10000 2911 EXAMINING_DOCUMENT b'638741'
ACTION MARK 10000 2914 CONSIDERED_RELEVANT b'638741'
ACTION SNIPPET 10000 2917 SNIPPET_NOT_RELEVANT b'744902'
ACTION SNIPPET 10000 2920 SNIPPET_NOT_RELEVANT b'1684381'
ACTION SNIPPET 10000 2923 SNIPPET_RELEVANT b'893462'
ACTION DOC 10000 2943 EXAMINING_DOCUMENT b'893462'
ACTION SNIPPET 10000 2946 SEEN_PREVIOUSLY b'1534492'
ACTION SNIPPET 10000 2949 SNIPPET_NOT_RELEVANT b'419409'
ACTION SNIPPET 10000 2952 SNIPPET_RELEVANT b'678914'
ACTION DOC 10000 2972 EXAMINING_DOCUMENT b'678914'
ACTION MARK 10000 2975 CONSIDERED_RELEVANT b'678914'
ACTION QUERY 10000 2985 human smuggling fu
ACTION SERP 10000 2990 EXAMINE_SERP
ACTION SNIPPET 10000 2993 SNIPPET_NOT_RELEVANT b'1262120'
ACTION SNIPPET 10000 2996 SEEN_PREVIOUSLY b'1033781'
ACTION SNIPPET 10000 2999 SNIPPET_RELEVANT b'621109'
ACTION DOC 10000 3019 EXAMINING_DOCUMENT b'621109'
ACTION SNIPPET 10000 3022 SNIPPET_NOT_RELEVANT b'997782'
ACTION SNIPPET 10000 3025 SNIPPET_RELEVANT b'260445'
ACTION DOC 10000 3045 EXAMINING_DOCUMENT b'260445'
ACTION SNIPPET 10000 3048 SNIPPET_RELEVANT b'1186656'
ACTION DOC 10000 3068 EXAMINING_DOCUMENT b'1186656'
ACTION SNIPPET 10000 3071 SNIPPET_NOT_RELEVANT b'655329'
ACTION SNIPPET 10000 3074 SNIPPET_RELEVANT b'1063913'
ACTION DOC 10000 3094 EXAMINING_DOCUMENT b'1063913'
ACTION SNIPPET 10000 3097 SNIPPET_RELEVANT b'250845'
ACTION DOC 10000 3117 EXAMINING_DOCUMENT b'250845'
ACTION SNIPPET 10000 3120 SNIPPET_RELEVANT b'530357'
ACTION DOC 10000 3140 EXAMINING_DOCUMENT b'530357'
ACTION QUERY 10000 3150 human smuggling asian
ACTION SERP 10000 3155 EXAMINE_SERP
ACTION SNIPPET 10000 3158 SEEN_PREVIOUSLY b'631808'
ACTION SNIPPET 10000 3161 SEEN_PREVIOUSLY b'1193567'
ACTION SNIPPET 10000 3164 SNIPPET_RELEVANT b'211969'
ACTION DOC 10000 3184 EXAMINING_DOCUMENT b'211969'
ACTION MARK 10000 3187 CONSIDERED_RELEVANT b'211969'
ACTION SNIPPET 10000 3190 SEEN_PREVIOUSLY b'1021621'
ACTION SNIPPET 10000 3193 SNIPPET_RELEVANT b'854118'
ACTION DOC 10000 3213 EXAMINING_DOCUMENT b'854118'
ACTION MARK 10000 3216 CONSIDERED_RELEVANT b'854118'
ACTION SNIPPET 10000 3219 SEEN_PREVIOUSLY b'687522'
ACTION SNIPPET 10000 3222 SNIPPET_RELEVANT b'1068812'
ACTION DOC 10000 3242 EXAMINING_DOCUMENT b'1068812'
ACTION SNIPPET 10000 3245 SNIPPET_NOT_RELEVANT b'247190'
ACTION SNIPPET 10000 3248 SEEN_PREVIOUSLY b'1684351'
ACTION SNIPPET 10000 3251 SEEN_PREVIOUSLY b'616288'
ACTION QUERY 10000 3261 human smuggling cities
ACTION SERP 10000 3266 EXAMINE_SERP
ACTION SNIPPET 10000 3269 SEEN_PREVIOUSLY b'247846'
ACTION SNIPPET 10000 3272 SEEN_PREVIOUSLY b'515645'
ACTION SNIPPET 10000 3275 SEEN_PREVIOUSLY b'1840937'
ACTION SNIPPET 10000 3278 SEEN_PREVIOUSLY b'631808'
ACTION SNIPPET 10000 3281 SEEN_PREVIOUSLY b'616288'
ACTION SNIPPET 10000 3284 SEEN_PREVIOUSLY b'1758704'
ACTION SNIPPET 10000 3287 SEEN_PREVIOUSLY b'1534492'
ACTION SNIPPET 10000 3290 SEEN_PREVIOUSLY b'809795'
ACTION SNIPPET 10000 3293 SEEN_PREVIOUSLY b'1574025'
ACTION SNIPPET 10000 3296 SEEN_PREVIOUSLY b'1193567'
ACTION QUERY 10000 3306 human smuggling trying
ACTION SERP 10000 3311 EXAMINE_SERP
ACTION SNIPPET 10000 3314 SEEN_PREVIOUSLY b'687522'
ACTION SNIPPET 10000 3317 SNIPPET_RELEVANT b'699231'
ACTION DOC 10000 3337 EXAMINING_DOCUMENT b'699231'
ACTION MARK 10000 3340 CONSIDERED_RELEVANT b'699231'
ACTION SNIPPET 10000 3343 SEEN_PREVIOUSLY b'1758704'
ACTION SNIPPET 10000 3346 SEEN_PREVIOUSLY b'1168056'
ACTION SNIPPET 10000 3349 SEEN_PREVIOUSLY b'1534492'
ACTION SNIPPET 10000 3352 SEEN_PREVIOUSLY b'857510'
ACTION SNIPPET 10000 3355 SEEN_PREVIOUSLY b'567649'
ACTION SNIPPET 10000 3358 SEEN_PREVIOUSLY b'648295'
ACTION SNIPPET 10000 3361 SEEN_PREVIOUSLY b'1212432'
ACTION SNIPPET 10000 3364 SEEN_PREVIOUSLY b'1237167'
ACTION QUERY 10000 3374 human smuggling conspiracy
ACTION SERP 10000 3379 EXAMINE_SERP
ACTION SNIPPET 10000 3382 SEEN_PREVIOUSLY b'616968'
ACTION SNIPPET 10000 3385 SEEN_PREVIOUSLY b'1819859'
ACTION SNIPPET 10000 3388 SEEN_PREVIOUSLY b'699231'
ACTION SNIPPET 10000 3391 SEEN_PREVIOUSLY b'1337224'
ACTION SNIPPET 10000 3394 SNIPPET_NOT_RELEVANT b'241383'
ACTION SNIPPET 10000 3397 SNIPPET_NOT_RELEVANT b'928464'
ACTION SNIPPET 10000 3400 SNIPPET_NOT_RELEVANT b'1500'
ACTION SNIPPET 10000 3403 SNIPPET_NOT_RELEVANT b'1500'
ACTION SNIPPET 10000 3406 SEEN_PREVIOUSLY b'1233476'
ACTION SNIPPET 10000 3409 SNIPPET_NOT_RELEVANT b'7532'
ACTION QUERY 10000 3419 human smuggling ranchers
ACTION SERP 10000 3424 EXAMINE_SERP
ACTION SNIPPET 10000 3427 SEEN_PREVIOUSLY b'1534492'
ACTION SNIPPET 10000 3430 SNIPPET_NOT_RELEVANT b'1383807'
ACTION SNIPPET 10000 3433 SNIPPET_RELEVANT b'466177'
ACTION DOC 10000 3453 EXAMINING_DOCUMENT b'466177'
ACTION SNIPPET 10000 3456 SNIPPET_RELEVANT b'739119'
ACTION DOC 10000 3476 EXAMINING_DOCUMENT b'739119'
ACTION SNIPPET 10000 3479 SNIPPET_NOT_RELEVANT b'1599315'
ACTION SNIPPET 10000 3482 SNIPPET_NOT_RELEVANT b'332066'
ACTION SNIPPET 10000 3485 SNIPPET_RELEVANT b'263163'
ACTION DOC 10000 3505 EXAMINING_DOCUMENT b'263163'
ACTION SNIPPET 10000 3508 SNIPPET_RELEVANT b'1134317'
ACTION DOC 10000 3528 EXAMINING_DOCUMENT b'1134317'
ACTION SNIPPET 10000 3531 SNIPPET_RELEVANT b'634671'
ACTION DOC 10000 3551 EXAMINING_DOCUMENT b'634671'
ACTION SNIPPET 10000 3554 SNIPPET_RELEVANT b'693943'
ACTION DOC 10000 3574 EXAMINING_DOCUMENT b'693943'
ACTION QUERY 10000 3584 human smuggling aics
ACTION SERP 10000 3589 EXAMINE_SERP
ACTION SNIPPET 10000 3592 SNIPPET_NOT_RELEVANT b'880226'
ACTION SNIPPET 10000 3595 SNIPPET_RELEVANT b'1257400'
ACTION DOC 10000 3615 EXAMINING_DOCUMENT b'1257400'
ACTION SNIPPET 10000 3618 SNIPPET_RELEVANT b'750212'
ACTION DOC 10000 3638 EXAMINING_DOCUMENT b'750212'
ACTION SNIPPET 10000 3641 SNIPPET_RELEVANT b'568592'
ACTION DOC 10000 3661 EXAMINING_DOCUMENT b'568592'
ACTION SNIPPET 10000 3664 SNIPPET_NOT_RELEVANT b'1642488'
ACTION SNIPPET 10000 3667 SNIPPET_NOT_RELEVANT b'1613378'
ACTION SNIPPET 10000 3670 SEEN_PREVIOUSLY b'1574025'
ACTION SNIPPET 10000 3673 SEEN_PREVIOUSLY b'247846'
ACTION SNIPPET 10000 3676 SEEN_PREVIOUSLY b'616288'
ACTION SNIPPET 10000 3679 SEEN_PREVIOUSLY b'515645'
ACTION QUERY 10000 3689 human smuggling hung
ACTION SERP 10000 3694 EXAMINE_SERP
ACTION SNIPPET 10000 3697 SNIPPET_RELEVANT b'1695585'
ACTION DOC 10000 3717 EXAMINING_DOCUMENT b'1695585'
ACTION SNIPPET 10000 3720 SNIPPET_NOT_RELEVANT b'663652'
ACTION SNIPPET 10000 3723 SEEN_PREVIOUSLY b'1574025'
ACTION SNIPPET 10000 3726 SEEN_PREVIOUSLY b'247846'
ACTION SNIPPET 10000 3729 SNIPPET_RELEVANT b'656242'
ACTION DOC 10000 3749 EXAMINING_DOCUMENT b'656242'
ACTION MARK 10000 3752 CONSIDERED_RELEVANT b'656242'
ACTION SNIPPET 10000 3755 SNIPPET_NOT_RELEVANT b'1854795'
ACTION SNIPPET 10000 3758 SEEN_PREVIOUSLY b'616288'
ACTION SNIPPET 10000 3761 SEEN_PREVIOUSLY b'515645'
ACTION SNIPPET 10000 3764 SEEN_PREVIOUSLY b'631808'
ACTION SNIPPET 10000 3767 SNIPPET_RELEVANT b'1359286'
ACTION DOC 10000 3787 EXAMINING_DOCUMENT b'1359286'
ACTION QUERY 10000 3797 human smuggling flight
ACTION SERP 10000 3802 EXAMINE_SERP
ACTION SNIPPET 10000 3805 SEEN_PREVIOUSLY b'1574025'
ACTION SNIPPET 10000 3808 SEEN_PREVIOUSLY b'1573014'
ACTION SNIPPET 10000 3811 SEEN_PREVIOUSLY b'1836875'
ACTION SNIPPET 10000 3814 SNIPPET_NOT_RELEVANT b'1354653'
ACTION SNIPPET 10000 3817 SNIPPET_NOT_RELEVANT b'227916'
ACTION SNIPPET 10000 3820 SEEN_PREVIOUSLY b'1189657'
ACTION SNIPPET 10000 3823 SNIPPET_NOT_RELEVANT b'211460'
ACTION SNIPPET 10000 3826 SNIPPET_RELEVANT b'312192'
ACTION DOC 10000 3846 EXAMINING_DOCUMENT b'312192'
ACTION SNIPPET 10000 3849 SNIPPET_RELEVANT b'545093'
ACTION DOC 10000 3869 EXAMINING_DOCUMENT b'545093'
ACTION SNIPPET 10000 3872 SNIPPET_NOT_RELEVANT b'227347'
ACTION QUERY 10000 3882 human smuggling sat
ACTION SERP 10000 3887 EXAMINE_SERP
ACTION SNIPPET 10000 3890 SEEN_PREVIOUSLY b'1673227'
ACTION SNIPPET 10000 3893 SEEN_PREVIOUSLY b'631808'
ACTION SNIPPET 10000 3896 SNIPPET_NOT_RELEVANT b'1549273'
ACTION SNIPPET 10000 3899 SNIPPET_NOT_RELEVANT b'614577'
ACTION SNIPPET 10000 3902 SEEN_PREVIOUSLY b'1416047'
ACTION SNIPPET 10000 3905 SEEN_PREVIOUSLY b'1655633'
ACTION SNIPPET 10000 3908 SEEN_PREVIOUSLY b'1659485'
ACTION SNIPPET 10000 3911 SEEN_PREVIOUSLY b'1574025'
ACTION SNIPPET 10000 3914 SEEN_PREVIOUSLY b'247846'
ACTION SNIPPET 10000 3917 SNIPPET_NOT_RELEVANT b'317534'
ACTION QUERY 10000 3927 human smuggling venture
ACTION SERP 10000 3932 EXAMINE_SERP
ACTION SNIPPET 10000 3935 SEEN_PREVIOUSLY b'1193567'
ACTION SNIPPET 10000 3938 SEEN_PREVIOUSLY b'1680238'
ACTION SNIPPET 10000 3941 SEEN_PREVIOUSLY b'699231'
ACTION SNIPPET 10000 3944 SEEN_PREVIOUSLY b'1673227'
ACTION SNIPPET 10000 3947 SNIPPET_RELEVANT b'810161'
ACTION DOC 10000 3967 EXAMINING_DOCUMENT b'810161'
ACTION MARK 10000 3970 CONSIDERED_RELEVANT b'810161'
ACTION SNIPPET 10000 3973 SNIPPET_RELEVANT b'696532'
ACTION DOC 10000 3993 EXAMINING_DOCUMENT b'696532'
ACTION MARK 10000 3996 CONSIDERED_RELEVANT b'696532'
ACTION SNIPPET 10000 3999 SNIPPET_NOT_RELEVANT b'615680'
ACTION SNIPPET 10000 4002 SEEN_PREVIOUSLY b'1517790'
ACTION SNIPPET 10000 4005 SEEN_PREVIOUSLY b'809795'
ACTION SNIPPET 10000 4008 SEEN_PREVIOUSLY b'631808'
ACTION QUERY 10000 4018 human smuggling word
ACTION SERP 10000 4023 EXAMINE_SERP
ACTION SNIPPET 10000 4026 SEEN_PREVIOUSLY b'1534492'
ACTION SNIPPET 10000 4029 SEEN_PREVIOUSLY b'1680238'
ACTION SNIPPET 10000 4032 SEEN_PREVIOUSLY b'279302'
ACTION SNIPPET 10000 4035 SEEN_PREVIOUSLY b'1237167'
ACTION SNIPPET 10000 4038 SEEN_PREVIOUSLY b'1193567'
ACTION SNIPPET 10000 4041 SEEN_PREVIOUSLY b'1168056'
ACTION SNIPPET 10000 4044 SEEN_PREVIOUSLY b'1574025'
ACTION SNIPPET 10000 4047 SEEN_PREVIOUSLY b'247846'
ACTION SNIPPET 10000 4050 SEEN_PREVIOUSLY b'616288'
ACTION SNIPPET 10000 4053 SNIPPET_NOT_RELEVANT b'1760592'
ACTION QUERY 10000 4063 human smuggling boats
ACTION SERP 10000 4068 EXAMINE_SERP
ACTION SNIPPET 10000 4071 SEEN_PREVIOUSLY b'1021621'
ACTION SNIPPET 10000 4074 SEEN_PREVIOUSLY b'1090875'
ACTION SNIPPET 10000 4077 SNIPPET_RELEVANT b'883400'
ACTION DOC 10000 4097 EXAMINING_DOCUMENT b'883400'
ACTION SNIPPET 10000 4100 SEEN_PREVIOUSLY b'1680238'
ACTION SNIPPET 10000 4103 SEEN_PREVIOUSLY b'1073229'
ACTION SNIPPET 10000 4106 SNIPPET_NOT_RELEVANT b'1066583'
ACTION SNIPPET 10000 4109 SNIPPET_RELEVANT b'1608593'
ACTION DOC 10000 4129 EXAMINING_DOCUMENT b'1608593'
ACTION MARK 10000 4132 CONSIDERED_RELEVANT b'1608593'
ACTION SNIPPET 10000 4135 SEEN_PREVIOUSLY b'810161'
ACTION SNIPPET 10000 4138 SEEN_PREVIOUSLY b'616681'
ACTION SNIPPET 10000 4141 SEEN_PREVIOUSLY b'1212432'
ACTION QUERY 10000 4151 human smuggling utah
ACTION SERP 10000 4156 EXAMINE_SERP
ACTION SNIPPET 10000 4159 SEEN_PREVIOUSLY b'1840937'
ACTION SNIPPET 10000 4162 SNIPPET_NOT_RELEVANT b'38989'
ACTION SNIPPET 10000 4165 SNIPPET_RELEVANT b'1294289'
ACTION DOC 10000 4185 EXAMINING_DOCUMENT b'1294289'
ACTION SNIPPET 10000 4188 SEEN_PREVIOUSLY b'1574025'
ACTION SNIPPET 10000 4191 SEEN_PREVIOUSLY b'247846'
ACTION SNIPPET 10000 4194 SNIPPET_NOT_RELEVANT b'1733263'
ACTION SNIPPET 10000 4197 SNIPPET_RELEVANT b'1014778'
ACTION DOC 10000 4217 EXAMINING_DOCUMENT b'1014778'
ACTION SNIPPET 10000 4220 SNIPPET_NOT_RELEVANT b'1594366'
ACTION SNIPPET 10000 4223 SEEN_PREVIOUSLY b'616288'
ACTION SNIPPET 10000 4226 SEEN_PREVIOUSLY b'515645'
ACTION QUERY 10000 4236 human smuggling sirens
ACTION SERP 10000 4241 EXAMINE_SERP
ACTION SNIPPET 10000 4244 SEEN_PREVIOUSLY b'289234'
ACTION SNIPPET 10000 4247 SNIPPET_RELEVANT b'1346126'
ACTION DOC 10000 4267 EXAMINING_DOCUMENT b'1346126'
ACTION SNIPPET 10000 4270 SEEN_PREVIOUSLY b'810161'
ACTION SNIPPET 10000 4273 SNIPPET_NOT_RELEVANT b'22447'
ACTION SNIPPET 10000 4276 SNIPPET_NOT_RELEVANT b'1429476'
ACTION SNIPPET 10000 4279 SEEN_PREVIOUSLY b'1574025'
ACTION SNIPPET 10000 4282 SEEN_PREVIOUSLY b'247846'
ACTION SNIPPET 10000 4285 SNIPPET_NOT_RELEVANT b'885924'
ACTION SNIPPET 10000 4288 SEEN_PREVIOUSLY b'616288'
ACTION SNIPPET 10000 4291 SEEN_PREVIOUSLY b'515645'
ACTION QUERY 10000 4301 human smuggling sister
ACTION SERP 10000 4306 EXAMINE_SERP
ACTION SNIPPET 10000 4309 SEEN_PREVIOUSLY b'1673227'
ACTION SNIPPET 10000 4312 SEEN_PREVIOUSLY b'1680238'
ACTION SNIPPET 10000 4315 SEEN_PREVIOUSLY b'1193567'
ACTION SNIPPET 10000 4318 SEEN_PREVIOUSLY b'1501576'
ACTION SNIPPET 10000 4321 SNIPPET_NOT_RELEVANT b'1059865'
ACTION SNIPPET 10000 4324 SNIPPET_NOT_RELEVANT b'1242173'
ACTION SNIPPET 10000 4327 SEEN_PREVIOUSLY b'1658184'
ACTION SNIPPET 10000 4330 SEEN_PREVIOUSLY b'1574025'
ACTION SNIPPET 10000 4333 SEEN_PREVIOUSLY b'247846'
ACTION SNIPPET 10000 4336 SNIPPET_NOT_RELEVANT b'419409'
ACTION QUERY 10000 4346 human smuggling huong
ACTION SERP 10000 4351 EXAMINE_SERP
ACTION SNIPPET 10000 4354 SNIPPET_NOT_RELEVANT b'1376715'
ACTION SNIPPET 10000 4357 SNIPPET_RELEVANT b'765805'
ACTION DOC 10000 4377 EXAMINING_DOCUMENT b'765805'
ACTION SNIPPET 10000 4380 SNIPPET_RELEVANT b'1472262'
ACTION DOC 10000 4400 EXAMINING_DOCUMENT b'1472262'
ACTION SNIPPET 10000 4403 SNIPPET_NOT_RELEVANT b'1175010'
ACTION SNIPPET 10000 4406 SNIPPET_NOT_RELEVANT b'1686545'
ACTION SNIPPET 10000 4409 SNIPPET_NOT_RELEVANT b'612017'
ACTION SNIPPET 10000 4412 SNIPPET_RELEVANT b'609981'
ACTION DOC 10000 4432 EXAMINING_DOCUMENT b'609981'
ACTION SNIPPET 10000 4435 SNIPPET_NOT_RELEVANT b'642992'
ACTION SNIPPET 10000 4438 SNIPPET_NOT_RELEVANT b'1172328'
ACTION SNIPPET 10000 4441 SNIPPET_NOT_RELEVANT b'1015763'
ACTION QUERY 10000 4451 human smuggling kong
ACTION SERP 10000 4456 EXAMINE_SERP
ACTION SNIPPET 10000 4459 SEEN_PREVIOUSLY b'1193567'
ACTION SNIPPET 10000 4462 SNIPPET_RELEVANT b'1168052'
ACTION DOC 10000 4482 EXAMINING_DOCUMENT b'1168052'
ACTION MARK 10000 4485 CONSIDERED_RELEVANT b'1168052'
ACTION SNIPPET 10000 4488 SEEN_PREVIOUSLY b'631808'
ACTION SNIPPET 10000 4491 SNIPPET_NOT_RELEVANT b'451716'
ACTION SNIPPET 10000 4494 SEEN_PREVIOUSLY b'1168056'
ACTION SNIPPET 10000 4497 SNIPPET_NOT_RELEVANT b'1363255'
ACTION SNIPPET 10000 4500 SNIPPET_NOT_RELEVANT b'571812'
ACTION SNIPPET 10000 4503 SEEN_PREVIOUSLY b'1501576'
ACTION SNIPPET 10000 4506 SNIPPET_NOT_RELEVANT b'312213'
ACTION SNIPPET 10000 4509 SNIPPET_NOT_RELEVANT b'981085'
ACTION QUERY 10000 4519 human smuggling ringleader
ACTION SERP 10000 4524 EXAMINE_SERP
ACTION SNIPPET 10000 4527 SEEN_PREVIOUSLY b'247846'
ACTION SNIPPET 10000 4530 SEEN_PREVIOUSLY b'1193567'
ACTION SNIPPET 10000 4533 SNIPPET_NOT_RELEVANT b'1336445'
ACTION SNIPPET 10000 4536 SNIPPET_RELEVANT b'1491431'
ACTION DOC 10000 4556 EXAMINING_DOCUMENT b'1491431'
ACTION MARK 10000 4559 CONSIDERED_RELEVANT b'1491431'
ACTION SNIPPET 10000 4562 SNIPPET_NOT_RELEVANT b'1663315'
ACTION SNIPPET 10000 4565 SEEN_PREVIOUSLY b'1819859'
ACTION SNIPPET 10000 4568 SNIPPET_NOT_RELEVANT b'1508338'
ACTION SNIPPET 10000 4571 SNIPPET_NOT_RELEVANT b'955110'
ACTION SNIPPET 10000 4574 SNIPPET_NOT_RELEVANT b'1589583'
ACTION SNIPPET 10000 4577 SNIPPET_NOT_RELEVANT b'951945'
ACTION QUERY 10000 4587 human smuggling crack
ACTION SERP 10000 4592 EXAMINE_SERP
ACTION SNIPPET 10000 4595 SEEN_PREVIOUSLY b'1765033'
ACTION SNIPPET 10000 4598 SEEN_PREVIOUSLY b'1068812'
ACTION SNIPPET 10000 4601 SEEN_PREVIOUSLY b'552207'
ACTION SNIPPET 10000 4604 SNIPPET_RELEVANT b'1444168'
ACTION DOC 10000 4624 EXAMINING_DOCUMENT b'1444168'
ACTION MARK 10000 4627 CONSIDERED_RELEVANT b'1444168'
ACTION SNIPPET 10000 4630 SEEN_PREVIOUSLY b'1168056'
ACTION SNIPPET 10000 4633 SNIPPET_NOT_RELEVANT b'347001'
ACTION SNIPPET 10000 4636 SEEN_PREVIOUSLY b'147551'
ACTION SNIPPET 10000 4639 SNIPPET_NOT_RELEVANT b'1305222'
ACTION SNIPPET 10000 4642 SNIPPET_RELEVANT b'252388'
ACTION DOC 10000 4662 EXAMINING_DOCUMENT b'252388'
ACTION SNIPPET 10000 4665 SEEN_PREVIOUSLY b'1168052'
ACTION QUERY 10000 4675 human smuggling abductor
ACTION SERP 10000 4680 EXAMINE_SERP
ACTION SNIPPET 10000 4683 SNIPPET_NOT_RELEVANT b'1030365'
ACTION SNIPPET 10000 4686 SNIPPET_RELEVANT b'1418931'
ACTION DOC 10000 4706 EXAMINING_DOCUMENT b'1418931'
ACTION SNIPPET 10000 4709 SNIPPET_NOT_RELEVANT b'850451'
ACTION SNIPPET 10000 4712 SNIPPET_RELEVANT b'34048'
ACTION DOC 10000 4732 EXAMINING_DOCUMENT b'34048'
ACTION SNIPPET 10000 4735 SNIPPET_NOT_RELEVANT b'781341'
ACTION SNIPPET 10000 4738 SNIPPET_NOT_RELEVANT b'1364037'
ACTION SNIPPET 10000 4741 SNIPPET_RELEVANT b'121417'
ACTION DOC 10000 4761 EXAMINING_DOCUMENT b'121417'
ACTION SNIPPET 10000 4764 SNIPPET_RELEVANT b'987554'
ACTION DOC 10000 4784 EXAMINING_DOCUMENT b'987554'
ACTION SNIPPET 10000 4787 SNIPPET_NOT_RELEVANT b'352838'
ACTION SNIPPET 10000 4790 SNIPPET_NOT_RELEVANT b'58541'
ACTION QUERY 10000 4800 human smuggling work
ACTION SERP 10000 4805 EXAMINE_SERP
ACTION SNIPPET 10000 4808 SEEN_PREVIOUSLY b'1758704'
ACTION SNIPPET 10000 4811 SEEN_PREVIOUSLY b'1534492'
ACTION SNIPPET 10000 4814 SEEN_PREVIOUSLY b'515645'
ACTION SNIPPET 10000 4817 SEEN_PREVIOUSLY b'1574025'
ACTION SNIPPET 10000 4820 SEEN_PREVIOUSLY b'247846'
ACTION SNIPPET 10000 4823 SEEN_PREVIOUSLY b'631808'
ACTION SNIPPET 10000 4826 SEEN_PREVIOUSLY b'616288'
ACTION SNIPPET 10000 4829 SEEN_PREVIOUSLY b'1684351'
ACTION SNIPPET 10000 4832 SEEN_PREVIOUSLY b'279302'
ACTION SNIPPET 10000 4835 SEEN_PREVIOUSLY b'1193567'
ACTION QUERY 10000 4845 human smuggling kidnapping
ACTION SERP 10000 4850 EXAMINE_SERP
ACTION SNIPPET 10000 4853 SEEN_PREVIOUSLY b'1534492'
ACTION SNIPPET 10000 4856 SEEN_PREVIOUSLY b'515645'
ACTION SNIPPET 10000 4859 SEEN_PREVIOUSLY b'1574025'
ACTION SNIPPET 10000 4862 SNIPPET_RELEVANT b'744902'
ACTION DOC 10000 4882 EXAMINING_DOCUMENT b'744902'
ACTION MARK 10000 4885 CONSIDERED_RELEVANT b'744902'
ACTION SNIPPET 10000 4888 SNIPPET_RELEVANT b'802946'
ACTION DOC 10000 4908 EXAMINING_DOCUMENT b'802946'
ACTION MARK 10000 4911 CONSIDERED_RELEVANT b'802946'
ACTION SNIPPET 10000 4914 SNIPPET_RELEVANT b'802637'
ACTION DOC 10000 4934 EXAMINING_DOCUMENT b'802637'
ACTION MARK 10000 4937 CONSIDERED_RELEVANT b'802637'
ACTION SNIPPET 10000 4940 SNIPPET_NOT_RELEVANT b'787909'
ACTION SNIPPET 10000 4943 SEEN_PREVIOUSLY b'490451'
ACTION SNIPPET 10000 4946 SEEN_PREVIOUSLY b'1233476'
ACTION SNIPPET 10000 4949 SNIPPET_NOT_RELEVANT b'1030365'
ACTION QUERY 10000 4959 human smuggling ma
ACTION SERP 10000 4964 EXAMINE_SERP
ACTION SNIPPET 10000 4967 SNIPPET_NOT_RELEVANT b'963344'
ACTION SNIPPET 10000 4970 SEEN_PREVIOUSLY b'809795'
ACTION SNIPPET 10000 4973 SNIPPET_NOT_RELEVANT b'1443809'
ACTION SNIPPET 10000 4976 SNIPPET_NOT_RELEVANT b'421296'
ACTION SNIPPET 10000 4979 SEEN_PREVIOUSLY b'810161'
ACTION SNIPPET 10000 4982 SNIPPET_RELEVANT b'962414'
ACTION DOC 10000 5002 EXAMINING_DOCUMENT b'962414'
ACTION MARK 10000 5005 CONSIDERED_RELEVANT b'962414'
ACTION SNIPPET 10000 5008 SNIPPET_NOT_RELEVANT b'1751045'
ACTION SNIPPET 10000 5011 SNIPPET_NOT_RELEVANT b'1567770'
ACTION SNIPPET 10000 5014 SEEN_PREVIOUSLY b'1574025'
ACTION SNIPPET 10000 5017 SEEN_PREVIOUSLY b'247846'
ACTION QUERY 10000 5027 human smuggling thailand
ACTION SERP 10000 5032 EXAMINE_SERP
ACTION SNIPPET 10000 5035 SEEN_PREVIOUSLY b'962414'
ACTION SNIPPET 10000 5038 SEEN_PREVIOUSLY b'809795'
ACTION SNIPPET 10000 5041 SNIPPET_RELEVANT b'660718'
ACTION DOC 10000 5061 EXAMINING_DOCUMENT b'660718'
ACTION SNIPPET 10000 5064 SNIPPET_RELEVANT b'22841'
ACTION DOC 10000 5084 EXAMINING_DOCUMENT b'22841'
ACTION SNIPPET 10000 5087 SNIPPET_NOT_RELEVANT b'1491316'
ACTION SNIPPET 10000 5090 SNIPPET_NOT_RELEVANT b'1066583'
ACTION SNIPPET 10000 5093 SNIPPET_RELEVANT b'1270973'
ACTION DOC 10000 5113 EXAMINING_DOCUMENT b'1270973'
ACTION SNIPPET 10000 5116 SEEN_PREVIOUSLY b'810161'
ACTION SNIPPET 10000 5119 SNIPPET_NOT_RELEVANT b'764583'
ACTION SNIPPET 10000 5122 SNIPPET_RELEVANT b'936121'
ACTION DOC 10000 5142 EXAMINING_DOCUMENT b'936121'
ACTION QUERY 10000 5152 human smuggling dozen
ACTION SERP 10000 5157 EXAMINE_SERP
ACTION SNIPPET 10000 5160 SEEN_PREVIOUSLY b'631808'
ACTION SNIPPET 10000 5163 SEEN_PREVIOUSLY b'1684351'
ACTION SNIPPET 10000 5166 SEEN_PREVIOUSLY b'1758704'
ACTION SNIPPET 10000 5169 SEEN_PREVIOUSLY b'1021428'
ACTION SNIPPET 10000 5172 SEEN_PREVIOUSLY b'1680238'
ACTION SNIPPET 10000 5175 SEEN_PREVIOUSLY b'1534492'
ACTION SNIPPET 10000 5178 SNIPPET_NOT_RELEVANT b'1527445'
ACTION SNIPPET 10000 5181 SEEN_PREVIOUSLY b'1517790'
ACTION SNIPPET 10000 5184 SNIPPET_RELEVANT b'24009'
ACTION DOC 10000 5204 EXAMINING_DOCUMENT b'24009'
ACTION SNIPPET 10000 5207 SEEN_PREVIOUSLY b'1033781'
ACTION QUERY 10000 5217 human smuggling lei
ACTION SERP 10000 5222 EXAMINE_SERP
ACTION SNIPPET 10000 5225 SNIPPET_NOT_RELEVANT b'1095596'
ACTION SNIPPET 10000 5228 SNIPPET_NOT_RELEVANT b'330308'
ACTION SNIPPET 10000 5231 SNIPPET_NOT_RELEVANT b'660960'
ACTION SNIPPET 10000 5234 SNIPPET_NOT_RELEVANT b'1295586'
ACTION SNIPPET 10000 5237 SNIPPET_NOT_RELEVANT b'1010042'
ACTION SNIPPET 10000 5240 SNIPPET_RELEVANT b'1279660'
ACTION DOC 10000 5260 EXAMINING_DOCUMENT b'1279660'
ACTION SNIPPET 10000 5263 SNIPPET_RELEVANT b'1487698'
ACTION DOC 10000 5283 EXAMINING_DOCUMENT b'1487698'
ACTION SNIPPET 10000 5286 SNIPPET_RELEVANT b'443690'
ACTION DOC 10000 5306 EXAMINING_DOCUMENT b'443690'
ACTION SNIPPET 10000 5309 SNIPPET_NOT_RELEVANT b'1297427'
ACTION SNIPPET 10000 5312 SNIPPET_NOT_RELEVANT b'769503'
ACTION QUERY 10000 5322 human smuggling help
ACTION SERP 10000 5327 EXAMINE_SERP
ACTION SNIPPET 10000 5330 SEEN_PREVIOUSLY b'631808'
ACTION SNIPPET 10000 5333 SEEN_PREVIOUSLY b'515645'
ACTION SNIPPET 10000 5336 SEEN_PREVIOUSLY b'1574025'
ACTION SNIPPET 10000 5339 SEEN_PREVIOUSLY b'1232921'
ACTION SNIPPET 10000 5342 SEEN_PREVIOUSLY b'247846'
ACTION SNIPPET 10000 5345 SEEN_PREVIOUSLY b'1193567'
ACTION SNIPPET 10000 5348 SNIPPET_RELEVANT b'1853992'
ACTION DOC 10000 5368 EXAMINING_DOCUMENT b'1853992'
ACTION MARK 10000 5371 CONSIDERED_RELEVANT b'1853992'
ACTION SNIPPET 10000 5374 SEEN_PREVIOUSLY b'1680238'
ACTION SNIPPET 10000 5377 SEEN_PREVIOUSLY b'184981'
ACTION SNIPPET 10000 5380 SEEN_PREVIOUSLY b'1212432'
ACTION QUERY 10000 5390 human smuggling charged
ACTION SERP 10000 5395 EXAMINE_SERP
ACTION SNIPPET 10000 5398 SEEN_PREVIOUSLY b'1758704'
ACTION SNIPPET 10000 5401 SEEN_PREVIOUSLY b'1684351'
ACTION SNIPPET 10000 5404 SEEN_PREVIOUSLY b'616288'
ACTION SNIPPET 10000 5407 SEEN_PREVIOUSLY b'1574025'
ACTION SNIPPET 10000 5410 SEEN_PREVIOUSLY b'289234'
ACTION SNIPPET 10000 5413 SEEN_PREVIOUSLY b'616968'
ACTION SNIPPET 10000 5416 SEEN_PREVIOUSLY b'631808'
ACTION SNIPPET 10000 5419 SEEN_PREVIOUSLY b'1534492'
ACTION SNIPPET 10000 5422 SEEN_PREVIOUSLY b'1836875'
ACTION SNIPPET 10000 5425 SEEN_PREVIOUSLY b'567649'
ACTION QUERY 10000 5435 human smuggling haiti
ACTION SERP 10000 5440 EXAMINE_SERP
ACTION SNIPPET 10000 5443 SEEN_PREVIOUSLY b'552207'
ACTION SNIPPET 10000 5446 SEEN_PREVIOUSLY b'1090875'
ACTION SNIPPET 10000 5449 SEEN_PREVIOUSLY b'567649'
ACTION SNIPPET 10000 5452 SNIPPET_RELEVANT b'126633'
ACTION DOC 10000 5472 EXAMINING_DOCUMENT b'126633'
ACTION SNIPPET 10000 5475 SNIPPET_RELEVANT b'551292'
ACTION DOC 10000 5495 EXAMINING_DOCUMENT b'551292'
ACTION MARK 10000 5498 CONSIDERED_RELEVANT b'551292'
ACTION SNIPPET 10000 5501 SEEN_PREVIOUSLY b'183536'
ACTION SNIPPET 10000 5504 SNIPPET_RELEVANT b'157056'
ACTION DOC 10000 5524 EXAMINING_DOCUMENT b'157056'
ACTION SNIPPET 10000 5527 SEEN_PREVIOUSLY b'147551'
ACTION SNIPPET 10000 5530 SNIPPET_RELEVANT b'183848'
ACTION DOC 10000 5550 EXAMINING_DOCUMENT b'183848'
ACTION SNIPPET 10000 5553 SEEN_PREVIOUSLY b'29467'
ACTION QUERY 10000 5563 human smuggling rented
ACTION SERP 10000 5568 EXAMINE_SERP
ACTION SNIPPET 10000 5571 SEEN_PREVIOUSLY b'1608593'
ACTION SNIPPET 10000 5574 SNIPPET_RELEVANT b'1351438'
ACTION DOC 10000 5594 EXAMINING_DOCUMENT b'1351438'
ACTION SNIPPET 10000 5597 SEEN_PREVIOUSLY b'802946'
ACTION SNIPPET 10000 5600 SEEN_PREVIOUSLY b'802637'
ACTION SNIPPET 10000 5603 SNIPPET_RELEVANT b'1538652'
ACTION DOC 10000 5623 EXAMINING_DOCUMENT b'1538652'
ACTION SNIPPET 10000 5626 SNIPPET_RELEVANT b'1536098'
ACTION DOC 10000 5646 EXAMINING_DOCUMENT b'1536098'
ACTION SNIPPET 10000 5649 SEEN_PREVIOUSLY b'1574025'
ACTION SNIPPET 10000 5652 SEEN_PREVIOUSLY b'247846'
ACTION SNIPPET 10000 5655 SNIPPET_RELEVANT b'611361'
ACTION DOC 10000 5675 EXAMINING_DOCUMENT b'611361'
ACTION SNIPPET 10000 5678 SNIPPET_NOT_RELEVANT b'707033'
ACTION QUERY 10000 5688 human smuggling migrant
ACTION SERP 10000 5693 EXAMINE_SERP
ACTION SNIPPET 10000 5696 SNIPPET_RELEVANT b'1577621'
ACTION DOC 10000 5716 EXAMINING_DOCUMENT b'1577621'
ACTION MARK 10000 5719 CONSIDERED_RELEVANT b'1577621'
ACTION SNIPPET 10000 5722 SEEN_PREVIOUSLY b'1534492'
ACTION SNIPPET 10000 5725 SNIPPET_RELEVANT b'1511702'
ACTION DOC 10000 5745 EXAMINING_DOCUMENT b'1511702'
ACTION SNIPPET 10000 5748 SEEN_PREVIOUSLY b'1212432'
ACTION SNIPPET 10000 5751 SNIPPET_RELEVANT b'1847482'
ACTION DOC 10000 5771 EXAMINING_DOCUMENT b'1847482'
ACTION SNIPPET 10000 5774 SNIPPET_NOT_RELEVANT b'1589188'
ACTION SNIPPET 10000 5777 SNIPPET_RELEVANT b'548628'
ACTION DOC 10000 5797 EXAMINING_DOCUMENT b'548628'
ACTION SNIPPET 10000 5800 SEEN_PREVIOUSLY b'1317613'
ACTION SNIPPET 10000 5803 SNIPPET_RELEVANT b'1416859'
ACTION DOC 10000 5823 EXAMINING_DOCUMENT b'1416859'
ACTION SNIPPET 10000 5826 SNIPPET_NOT_RELEVANT b'630790'
ACTION QUERY 10000 5836 human smuggling jacmel
ACTION SERP 10000 5841 EXAMINE_SERP
ACTION SNIPPET 10000 5844 SEEN_PREVIOUSLY b'552207'
ACTION SNIPPET 10000 5847 SEEN_PREVIOUSLY b'567649'
ACTION SNIPPET 10000 5850 SNIPPET_NOT_RELEVANT b'600949'
ACTION SNIPPET 10000 5853 SNIPPET_NOT_RELEVANT b'1343265'
ACTION SNIPPET 10000 5856 SNIPPET_RELEVANT b'551018'
ACTION DOC 10000 5876 EXAMINING_DOCUMENT b'551018'
ACTION MARK 10000 5879 CONSIDERED_RELEVANT b'551018'
ACTION SNIPPET 10000 5882 SNIPPET_RELEVANT b'909076'
ACTION DOC 10000 5902 EXAMINING_DOCUMENT b'909076'
ACTION SNIPPET 10000 5905 SNIPPET_RELEVANT b'689448'
ACTION DOC 10000 5925 EXAMINING_DOCUMENT b'689448'
ACTION SNIPPET 10000 5928 SNIPPET_NOT_RELEVANT b'726329'
ACTION SNIPPET 10000 5931 SNIPPET_RELEVANT b'1654958'
ACTION DOC 10000 5951 EXAMINING_DOCUMENT b'1654958'
ACTION SNIPPET 10000 5954 SNIPPET_NOT_RELEVANT b'908570'
ACTION QUERY 10000 5964 human smuggling night
ACTION SERP 10000 5969 EXAMINE_SERP
ACTION SNIPPET 10000 5972 SEEN_PREVIOUSLY b'1758704'
ACTION SNIPPET 10000 5975 SEEN_PREVIOUSLY b'1840937'
ACTION SNIPPET 10000 5978 SEEN_PREVIOUSLY b'809795'
ACTION SNIPPET 10000 5981 SEEN_PREVIOUSLY b'1081949'
ACTION SNIPPET 10000 5984 SEEN_PREVIOUSLY b'1534492'
ACTION SNIPPET 10000 5987 SEEN_PREVIOUSLY b'1608593'
ACTION SNIPPET 10000 5990 SEEN_PREVIOUSLY b'1021428'
ACTION SNIPPET 10000 5993 SEEN_PREVIOUSLY b'1574025'
ACTION SNIPPET 10000 5996 SEEN_PREVIOUSLY b'247846'
ACTION SNIPPET 10000 5999 SNIPPET_RELEVANT b'1066583'
ACTION DOC 10000 6019 EXAMINING_DOCUMENT b'1066583'
ACTION QUERY 10000 6029 human smuggling asians
ACTION SERP 10000 6034 EXAMINE_SERP
ACTION SNIPPET 10000 6037 SEEN_PREVIOUSLY b'631808'
ACTION SNIPPET 10000 6040 SEEN_PREVIOUSLY b'1193567'
ACTION SNIPPET 10000 6043 SEEN_PREVIOUSLY b'211969'
ACTION SNIPPET 10000 6046 SEEN_PREVIOUSLY b'1021621'
ACTION SNIPPET 10000 6049 SEEN_PREVIOUSLY b'854118'
ACTION SNIPPET 10000 6052 SEEN_PREVIOUSLY b'687522'
ACTION SNIPPET 10000 6055 SEEN_PREVIOUSLY b'1068812'
ACTION SNIPPET 10000 6058 SNIPPET_RELEVANT b'247190'
ACTION DOC 10000 6078 EXAMINING_DOCUMENT b'247190'
ACTION SNIPPET 10000 6081 SEEN_PREVIOUSLY b'1684351'
ACTION SNIPPET 10000 6084 SEEN_PREVIOUSLY b'616288'
ACTION QUERY 10000 6094 human smuggling citizens
ACTION SERP 10000 6099 EXAMINE_SERP
ACTION SNIPPET 10000 6102 SEEN_PREVIOUSLY b'552207'
ACTION SNIPPET 10000 6105 SEEN_PREVIOUSLY b'699231'
ACTION SNIPPET 10000 6108 SEEN_PREVIOUSLY b'1337224'
ACTION SNIPPET 10000 6111 SEEN_PREVIOUSLY b'857510'
ACTION SNIPPET 10000 6114 SEEN_PREVIOUSLY b'687522'
ACTION SNIPPET 10000 6117 SNIPPET_NOT_RELEVANT b'1363255'
ACTION SNIPPET 10000 6120 SNIPPET_RELEVANT b'1409181'
ACTION DOC 10000 6140 EXAMINING_DOCUMENT b'1409181'
ACTION SNIPPET 10000 6143 SNIPPET_NOT_RELEVANT b'49539'
ACTION SNIPPET 10000 6146 SEEN_PREVIOUSLY b'1068812'
ACTION SNIPPET 10000 6149 SNIPPET_RELEVANT b'1408704'
ACTION DOC 10000 6169 EXAMINING_DOCUMENT b'1408704'
ACTION QUERY 10000 6179 human smuggling paid
ACTION SERP 10000 6184 EXAMINE_SERP
ACTION SNIPPET 10000 6187 SNIPPET_RELEVANT b'1126111'
ACTION DOC 10000 6207 EXAMINING_DOCUMENT b'1126111'
ACTION MARK 10000 6210 CONSIDERED_RELEVANT b'1126111'
ACTION SNIPPET 10000 6213 SEEN_PREVIOUSLY b'515645'
ACTION SNIPPET 10000 6216 SNIPPET_RELEVANT b'1853995'
ACTION DOC 10000 6236 EXAMINING_DOCUMENT b'1853995'
ACTION MARK 10000 6239 CONSIDERED_RELEVANT b'1853995'
ACTION SNIPPET 10000 6242 SEEN_PREVIOUSLY b'1081949'
ACTION SNIPPET 10000 6245 SEEN_PREVIOUSLY b'687522'
ACTION SNIPPET 10000 6248 SEEN_PREVIOUSLY b'1608593'
ACTION SNIPPET 10000 6251 SEEN_PREVIOUSLY b'567649'
ACTION SNIPPET 10000 6254 SEEN_PREVIOUSLY b'1534492'
ACTION SNIPPET 10000 6257 SEEN_PREVIOUSLY b'809795'
ACTION SNIPPET 10000 6260 SEEN_PREVIOUSLY b'1673227'
ACTION QUERY 10000 6270 human smuggling migrate
ACTION SERP 10000 6275 EXAMINE_SERP
ACTION SNIPPET 10000 6278 SEEN_PREVIOUSLY b'1853995'
ACTION SNIPPET 10000 6281 SEEN_PREVIOUSLY b'1765033'
ACTION SNIPPET 10000 6284 SNIPPET_NOT_RELEVANT b'1212296'
ACTION SNIPPET 10000 6287 SNIPPET_NOT_RELEVANT b'1602634'
ACTION SNIPPET 10000 6290 SNIPPET_NOT_RELEVANT b'1224500'
ACTION SNIPPET 10000 6293 SEEN_PREVIOUSLY b'515645'
ACTION SNIPPET 10000 6296 SEEN_PREVIOUSLY b'613752'
ACTION SNIPPET 10000 6299 SNIPPET_RELEVANT b'1283269'
ACTION DOC 10000 6319 EXAMINING_DOCUMENT b'1283269'
ACTION SNIPPET 10000 6322 SNIPPET_RELEVANT b'1314988'
ACTION DOC 10000 6342 EXAMINING_DOCUMENT b'1314988'
ACTION MARK 10000 6345 CONSIDERED_RELEVANT b'1314988'
ACTION SNIPPET 10000 6348 SNIPPET_RELEVANT b'1748723'
ACTION DOC 10000 6368 EXAMINING_DOCUMENT b'1748723'
ACTION QUERY 10000 6378 human smuggling antelopes
ACTION SERP 10000 6383 EXAMINE_SERP
ACTION SNIPPET 10000 6386 SEEN_PREVIOUSLY b'1853995'
ACTION SNIPPET 10000 6389 SNIPPET_NOT_RELEVANT b'1019872'
ACTION SNIPPET 10000 6392 SNIPPET_NOT_RELEVANT b'1259914'
ACTION SNIPPET 10000 6395 SNIPPET_RELEVANT b'523065'
ACTION DOC 10000 6415 EXAMINING_DOCUMENT b'523065'
ACTION SNIPPET 10000 6418 SNIPPET_RELEVANT b'341820'
ACTION DOC 10000 6438 EXAMINING_DOCUMENT b'341820'
ACTION SNIPPET 10000 6441 SNIPPET_RELEVANT b'898274'
ACTION DOC 10000 6461 EXAMINING_DOCUMENT b'898274'
ACTION SNIPPET 10000 6464 SNIPPET_NOT_RELEVANT b'1754453'
ACTION SNIPPET 10000 6467 SNIPPET_RELEVANT b'1781724'
ACTION DOC 10000 6487 EXAMINING_DOCUMENT b'1781724'
ACTION SNIPPET 10000 6490 SNIPPET_NOT_RELEVANT b'1292703'
ACTION SNIPPET 10000 6493 SNIPPET_RELEVANT b'710458'
ACTION DOC 10000 6513 EXAMINING_DOCUMENT b'710458'
ACTION QUERY 10000 6523 human smuggling white
ACTION SERP 10000 6528 EXAMINE_SERP
ACTION SNIPPET 10000 6531 SEEN_PREVIOUSLY b'616288'
ACTION SNIPPET 10000 6534 SEEN_PREVIOUSLY b'687522'
ACTION SNIPPET 10000 6537 SEEN_PREVIOUSLY b'1574025'
ACTION SNIPPET 10000 6540 SEEN_PREVIOUSLY b'247846'
ACTION SNIPPET 10000 6543 SEEN_PREVIOUSLY b'1021428'
ACTION SNIPPET 10000 6546 SNIPPET_NOT_RELEVANT b'1409554'
ACTION SNIPPET 10000 6549 SEEN_PREVIOUSLY b'1853992'
ACTION SNIPPET 10000 6552 SEEN_PREVIOUSLY b'515645'
ACTION SNIPPET 10000 6555 SEEN_PREVIOUSLY b'631808'
ACTION SNIPPET 10000 6558 SEEN_PREVIOUSLY b'1840937'
ACTION QUERY 10000 6568 human smuggling money
ACTION SERP 10000 6573 EXAMINE_SERP
ACTION SNIPPET 10000 6576 SEEN_PREVIOUSLY b'631808'
ACTION SNIPPET 10000 6579 SEEN_PREVIOUSLY b'1758704'
ACTION SNIPPET 10000 6582 SEEN_PREVIOUSLY b'1574025'
ACTION SNIPPET 10000 6585 SEEN_PREVIOUSLY b'289234'
ACTION SNIPPET 10000 6588 SEEN_PREVIOUSLY b'1534492'
ACTION SNIPPET 10000 6591 SEEN_PREVIOUSLY b'1517790'
ACTION SNIPPET 10000 6594 SEEN_PREVIOUSLY b'1673227'
ACTION SNIPPET 10000 6597 SEEN_PREVIOUSLY b'515645'
ACTION SNIPPET 10000 6600 SEEN_PREVIOUSLY b'1212432'
ACTION SNIPPET 10000 6603 SEEN_PREVIOUSLY b'1684351'
ACTION QUERY 10000 6613 human smuggling chinamen
ACTION SERP 10000 6618 EXAMINE_SERP
ACTION SNIPPET 10000 6621 SEEN_PREVIOUSLY b'1574025'
ACTION SNIPPET 10000 6624 SEEN_PREVIOUSLY b'247846'
ACTION SNIPPET 10000 6627 SEEN_PREVIOUSLY b'616288'
ACTION SNIPPET 10000 6630 SEEN_PREVIOUSLY b'515645'
ACTION SNIPPET 10000 6633 SEEN_PREVIOUSLY b'631808'
ACTION SNIPPET 10000 6636 SEEN_PREVIOUSLY b'1840937'
ACTION SNIPPET 10000 6639 SEEN_PREVIOUSLY b'1534492'
ACTION SNIPPET 10000 6642 SEEN_PREVIOUSLY b'289234'
ACTION SNIPPET 10000 6645 SNIPPET_NOT_RELEVANT b'1706914'
ACTION SNIPPET 10000 6648 SEEN_PREVIOUSLY b'1765033'
ACTION QUERY 10000 6658 human smuggling desperate
ACTION SERP 10000 6663 EXAMINE_SERP
ACTION SNIPPET 10000 6666 SEEN_PREVIOUSLY b'699231'
ACTION SNIPPET 10000 6669 SNIPPET_NOT_RELEVANT b'1223559'
ACTION SNIPPET 10000 6672 SEEN_PREVIOUSLY b'515645'
ACTION SNIPPET 10000 6675 SEEN_PREVIOUSLY b'1501576'
ACTION SNIPPET 10000 6678 SEEN_PREVIOUSLY b'1168056'
ACTION SNIPPET 10000 6681 SNIPPET_NOT_RELEVANT b'1432593'
ACTION SNIPPET 10000 6684 SNIPPET_RELEVANT b'1781734'
ACTION DOC 10000 6704 EXAMINING_DOCUMENT b'1781734'
ACTION MARK 10000 6707 CONSIDERED_RELEVANT b'1781734'
ACTION SNIPPET 10000 6710 SEEN_PREVIOUSLY b'1443307'
ACTION SNIPPET 10000 6713 SEEN_PREVIOUSLY b'1021428'
ACTION SNIPPET 10000 6716 SNIPPET_NOT_RELEVANT b'1032418'
ACTION QUERY 10000 6726 human smuggling rushing
ACTION SERP 10000 6731 EXAMINE_SERP
ACTION SNIPPET 10000 6734 SEEN_PREVIOUSLY b'1655633'
ACTION SNIPPET 10000 6737 SEEN_PREVIOUSLY b'1574025'
ACTION SNIPPET 10000 6740 SEEN_PREVIOUSLY b'247846'
ACTION SNIPPET 10000 6743 SEEN_PREVIOUSLY b'810161'
ACTION SNIPPET 10000 6746 SEEN_PREVIOUSLY b'616288'
ACTION SNIPPET 10000 6749 SNIPPET_RELEVANT b'1636873'
ACTION DOC 10000 6769 EXAMINING_DOCUMENT b'1636873'
ACTION MARK 10000 6772 CONSIDERED_RELEVANT b'1636873'
ACTION SNIPPET 10000 6775 SEEN_PREVIOUSLY b'515645'
ACTION SNIPPET 10000 6778 SEEN_PREVIOUSLY b'631808'
ACTION SNIPPET 10000 6781 SEEN_PREVIOUSLY b'1840937'
ACTION SNIPPET 10000 6784 SEEN_PREVIOUSLY b'1534492'
ACTION QUERY 10000 6794 human smuggling suv
ACTION SERP 10000 6799 EXAMINE_SERP
ACTION SNIPPET 10000 6802 SNIPPET_NOT_RELEVANT b'1831721'
ACTION SNIPPET 10000 6805 SNIPPET_NOT_RELEVANT b'1174290'
ACTION SNIPPET 10000 6808 SNIPPET_RELEVANT b'1584768'
ACTION DOC 10000 6828 EXAMINING_DOCUMENT b'1584768'
ACTION SNIPPET 10000 6831 SEEN_PREVIOUSLY b'1574025'
ACTION SNIPPET 10000 6834 SEEN_PREVIOUSLY b'247846'
ACTION SNIPPET 10000 6837 SNIPPET_RELEVANT b'1334951'
ACTION DOC 10000 6857 EXAMINING_DOCUMENT b'1334951'
ACTION SNIPPET 10000 6860 SEEN_PREVIOUSLY b'616288'
ACTION SNIPPET 10000 6863 SEEN_PREVIOUSLY b'515645'
ACTION SNIPPET 10000 6866 SEEN_PREVIOUSLY b'631808'
ACTION SNIPPET 10000 6869 SEEN_PREVIOUSLY b'1840937'
ACTION QUERY 10000 6879 human smuggling homes
ACTION SERP 10000 6884 EXAMINE_SERP
ACTION SNIPPET 10000 6887 SEEN_PREVIOUSLY b'515645'
ACTION SNIPPET 10000 6890 SEEN_PREVIOUSLY b'1534492'
ACTION SNIPPET 10000 6893 SEEN_PREVIOUSLY b'1574025'
ACTION SNIPPET 10000 6896 SEEN_PREVIOUSLY b'247846'
ACTION SNIPPET 10000 6899 SEEN_PREVIOUSLY b'1517790'
ACTION SNIPPET 10000 6902 SEEN_PREVIOUSLY b'857510'
ACTION SNIPPET 10000 6905 SNIPPET_NOT_RELEVANT b'273235'
ACTION SNIPPET 10000 6908 SEEN_PREVIOUSLY b'184981'
ACTION SNIPPET 10000 6911 SNIPPET_NOT_RELEVANT b'1415631'
ACTION SNIPPET 10000 6914 SEEN_PREVIOUSLY b'616288'
ACTION QUERY 10000 6924 human smuggling countries
ACTION SERP 10000 6929 EXAMINE_SERP
ACTION SNIPPET 10000 6932 SEEN_PREVIOUSLY b'1574025'
ACTION SNIPPET 10000 6935 SEEN_PREVIOUSLY b'289234'
ACTION SNIPPET 10000 6938 SEEN_PREVIOUSLY b'616288'
ACTION SNIPPET 10000 6941 SEEN_PREVIOUSLY b'279302'
ACTION SNIPPET 10000 6944 SEEN_PREVIOUSLY b'1511702'
ACTION SNIPPET 10000 6947 SEEN_PREVIOUSLY b'515645'
ACTION SNIPPET 10000 6950 SEEN_PREVIOUSLY b'1081949'
ACTION SNIPPET 10000 6953 SEEN_PREVIOUSLY b'699231'
ACTION SNIPPET 10000 6956 SNIPPET_NOT_RELEVANT b'1166902'
ACTION SNIPPET 10000 6959 SEEN_PREVIOUSLY b'631808'
ACTION QUERY 10000 6969 human smuggling fl
ACTION SERP 10000 6974 EXAMINE_SERP
ACTION SNIPPET 10000 6977 SEEN_PREVIOUSLY b'1574025'
ACTION SNIPPET 10000 6980 SEEN_PREVIOUSLY b'247846'
ACTION SNIPPET 10000 6983 SNIPPET_NOT_RELEVANT b'1584974'
ACTION SNIPPET 10000 6986 SNIPPET_RELEVANT b'1116654'
ACTION DOC 10000 7006 EXAMINING_DOCUMENT b'1116654'
ACTION SNIPPET 10000 7009 SNIPPET_RELEVANT b'1187321'
ACTION DOC 10000 7029 EXAMINING_DOCUMENT b'1187321'
ACTION SNIPPET 10000 7032 SNIPPET_RELEVANT b'1488705'
ACTION DOC 10000 7052 EXAMINING_DOCUMENT b'1488705'
ACTION SNIPPET 10000 7055 SEEN_PREVIOUSLY b'616288'
ACTION SNIPPET 10000 7058 SEEN_PREVIOUSLY b'515645'
ACTION SNIPPET 10000 7061 SEEN_PREVIOUSLY b'631808'
ACTION SNIPPET 10000 7064 SEEN_PREVIOUSLY b'1840937'
ACTION QUERY 10000 7074 human smuggling law
ACTION SERP 10000 7079 EXAMINE_SERP
ACTION SNIPPET 10000 7082 SEEN_PREVIOUSLY b'1840937'
ACTION SNIPPET 10000 7085 SNIPPET_RELEVANT b'1002865'
ACTION DOC 10000 7105 EXAMINING_DOCUMENT b'1002865'
ACTION SNIPPET 10000 7108 SEEN_PREVIOUSLY b'616288'
ACTION SNIPPET 10000 7111 SEEN_PREVIOUSLY b'1534492'
ACTION SNIPPET 10000 7114 SEEN_PREVIOUSLY b'1684351'
ACTION SNIPPET 10000 7117 SNIPPET_NOT_RELEVANT b'1761151'
ACTION SNIPPET 10000 7120 SEEN_PREVIOUSLY b'1193567'
ACTION SNIPPET 10000 7123 SNIPPET_NOT_RELEVANT b'1760592'
ACTION SNIPPET 10000 7126 SEEN_PREVIOUSLY b'1836875'
ACTION SNIPPET 10000 7129 SEEN_PREVIOUSLY b'1232921'
ACTION QUERY 10000 7139 human smuggling haitis
ACTION SERP 10000 7144 EXAMINE_SERP
ACTION SNIPPET 10000 7147 SEEN_PREVIOUSLY b'552207'
ACTION SNIPPET 10000 7150 SEEN_PREVIOUSLY b'1090875'
ACTION SNIPPET 10000 7153 SEEN_PREVIOUSLY b'567649'
ACTION SNIPPET 10000 7156 SEEN_PREVIOUSLY b'126633'
ACTION SNIPPET 10000 7159 SEEN_PREVIOUSLY b'551292'
ACTION SNIPPET 10000 7162 SEEN_PREVIOUSLY b'183536'
ACTION SNIPPET 10000 7165 SEEN_PREVIOUSLY b'157056'
ACTION SNIPPET 10000 7168 SEEN_PREVIOUSLY b'147551'
ACTION SNIPPET 10000 7171 SEEN_PREVIOUSLY b'183848'
ACTION SNIPPET 10000 7174 SEEN_PREVIOUSLY b'29467'
ACTION QUERY 10000 7184 human smuggling cost
ACTION SERP 10000 7189 EXAMINE_SERP
ACTION SNIPPET 10000 7192 SEEN_PREVIOUSLY b'1765033'
ACTION SNIPPET 10000 7195 SEEN_PREVIOUSLY b'1853995'
ACTION SNIPPET 10000 7198 SEEN_PREVIOUSLY b'515645'
ACTION SNIPPET 10000 7201 SEEN_PREVIOUSLY b'1574025'
ACTION SNIPPET 10000 7204 SEEN_PREVIOUSLY b'247846'
ACTION SNIPPET 10000 7207 SEEN_PREVIOUSLY b'696532'
ACTION SNIPPET 10000 7210 SNIPPET_NOT_RELEVANT b'1027558'
ACTION SNIPPET 10000 7213 SEEN_PREVIOUSLY b'616288'
ACTION SNIPPET 10000 7216 SEEN_PREVIOUSLY b'631808'
ACTION SNIPPET 10000 7219 SEEN_PREVIOUSLY b'1840937'
ACTION QUERY 10000 7229 human smuggling aground
ACTION SERP 10000 7234 EXAMINE_SERP
ACTION SNIPPET 10000 7237 SNIPPET_RELEVANT b'1023984'
ACTION DOC 10000 7257 EXAMINING_DOCUMENT b'1023984'
ACTION MARK 10000 7260 CONSIDERED_RELEVANT b'1023984'
ACTION SNIPPET 10000 7263 SEEN_PREVIOUSLY b'1680238'
ACTION SNIPPET 10000 7266 SEEN_PREVIOUSLY b'631808'
ACTION SNIPPET 10000 7269 SEEN_PREVIOUSLY b'699231'
ACTION SNIPPET 10000 7272 SEEN_PREVIOUSLY b'1193567'
ACTION SNIPPET 10000 7275 SEEN_PREVIOUSLY b'1021621'
ACTION SNIPPET 10000 7278 SEEN_PREVIOUSLY b'1021428'
ACTION SNIPPET 10000 7281 SEEN_PREVIOUSLY b'1673227'
ACTION SNIPPET 10000 7284 SNIPPET_RELEVANT b'616704'
ACTION DOC 10000 7304 EXAMINING_DOCUMENT b'616704'
ACTION MARK 10000 7307 CONSIDERED_RELEVANT b'616704'
ACTION SNIPPET 10000 7310 SEEN_PREVIOUSLY b'810161'
ACTION QUERY 10000 7320 human smuggling missing
ACTION SERP 10000 7325 EXAMINE_SERP
ACTION SNIPPET 10000 7328 SEEN_PREVIOUSLY b'1193567'
ACTION SNIPPET 10000 7331 SNIPPET_RELEVANT b'615680'
ACTION DOC 10000 7351 EXAMINING_DOCUMENT b'615680'
ACTION MARK 10000 7354 CONSIDERED_RELEVANT b'615680'
ACTION SNIPPET 10000 7357 SEEN_PREVIOUSLY b'1574025'
ACTION SNIPPET 10000 7360 SEEN_PREVIOUSLY b'247846'
ACTION SNIPPET 10000 7363 SEEN_PREVIOUSLY b'248208'
ACTION SNIPPET 10000 7366 SNIPPET_RELEVANT b'419409'
ACTION DOC 10000 7386 EXAMINING_DOCUMENT b'419409'
ACTION SNIPPET 10000 7389 SEEN_PREVIOUSLY b'616288'
ACTION SNIPPET 10000 7392 SEEN_PREVIOUSLY b'515645'
ACTION SNIPPET 10000 7395 SEEN_PREVIOUSLY b'631808'
ACTION SNIPPET 10000 7398 SEEN_PREVIOUSLY b'1840937'
ACTION QUERY 10000 7408 human smuggling asylum
ACTION SERP 10000 7413 EXAMINE_SERP
ACTION SNIPPET 10000 7416 SEEN_PREVIOUSLY b'615680'
ACTION SNIPPET 10000 7419 SEEN_PREVIOUSLY b'1232921'
ACTION SNIPPET 10000 7422 SNIPPET_RELEVANT b'614026'
ACTION DOC 10000 7442 EXAMINING_DOCUMENT b'614026'
ACTION MARK 10000 7445 CONSIDERED_RELEVANT b'614026'
ACTION SNIPPET 10000 7448 SEEN_PREVIOUSLY b'1212432'
ACTION SNIPPET 10000 7451 SNIPPET_RELEVANT b'758632'
ACTION DOC 10000 7471 EXAMINING_DOCUMENT b'758632'
ACTION MARK 10000 7474 CONSIDERED_RELEVANT b'758632'
ACTION SNIPPET 10000 7477 SEEN_PREVIOUSLY b'1233476'
ACTION SNIPPET 10000 7480 SNIPPET_RELEVANT b'613858'
ACTION DOC 10000 7500 EXAMINING_DOCUMENT b'613858'
ACTION MARK 10000 7503 CONSIDERED_RELEVANT b'613858'
ACTION SNIPPET 10000 7506 SNIPPET_RELEVANT b'630420'
ACTION DOC 10000 7526 EXAMINING_DOCUMENT b'630420'
ACTION MARK 10000 7529 CONSIDERED_RELEVANT b'630420'
ACTION SNIPPET 10000 7532 SNIPPET_RELEVANT b'614393'
ACTION DOC 10000 7552 EXAMINING_DOCUMENT b'614393'
ACTION MARK 10000 7555 CONSIDERED_RELEVANT b'614393'
ACTION SNIPPET 10000 7558 SNIPPET_RELEVANT b'663467'
ACTION DOC 10000 7578 EXAMINING_DOCUMENT b'663467'
ACTION QUERY 10000 7588 human smuggling survived
ACTION SERP 10000 7593 EXAMINE_SERP
ACTION SNIPPET 10000 7596 SEEN_PREVIOUSLY b'1853995'
ACTION SNIPPET 10000 7599 SEEN_PREVIOUSLY b'515645'
ACTION SNIPPET 10000 7602 SEEN_PREVIOUSLY b'1168056'
ACTION SNIPPET 10000 7605 SEEN_PREVIOUSLY b'615680'
ACTION SNIPPET 10000 7608 SEEN_PREVIOUSLY b'1090875'
ACTION SNIPPET 10000 7611 SNIPPET_NOT_RELEVANT b'1278927'
ACTION SNIPPET 10000 7614 SNIPPET_RELEVANT b'1409554'
ACTION DOC 10000 7634 EXAMINING_DOCUMENT b'1409554'
ACTION SNIPPET 10000 7637 SEEN_PREVIOUSLY b'1574025'
ACTION SNIPPET 10000 7640 SEEN_PREVIOUSLY b'247846'
ACTION SNIPPET 10000 7643 SEEN_PREVIOUSLY b'1168052'
ACTION QUERY 10000 7653 human smuggling passport
ACTION SERP 10000 7658 EXAMINE_SERP
ACTION SNIPPET 10000 7661 SNIPPET_RELEVANT b'630790'
ACTION DOC 10000 7681 EXAMINING_DOCUMENT b'630790'
ACTION MARK 10000 7684 CONSIDERED_RELEVANT b'630790'
ACTION SNIPPET 10000 7687 SNIPPET_RELEVANT b'630545'
ACTION DOC 10000 7707 EXAMINING_DOCUMENT b'630545'
ACTION MARK 10000 7710 CONSIDERED_RELEVANT b'630545'
ACTION SNIPPET 10000 7713 SNIPPET_NOT_RELEVANT b'124204'
ACTION SNIPPET 10000 7716 SEEN_PREVIOUSLY b'810161'
ACTION SNIPPET 10000 7719 SNIPPET_RELEVANT b'1258113'
ACTION DOC 10000 7739 EXAMINING_DOCUMENT b'1258113'
ACTION MARK 10000 7742 CONSIDERED_RELEVANT b'1258113'
ACTION SNIPPET 10000 7745 SNIPPET_NOT_RELEVANT b'1761305'
ACTION SNIPPET 10000 7748 SNIPPET_NOT_RELEVANT b'836418'
ACTION SNIPPET 10000 7751 SNIPPET_RELEVANT b'836415'
ACTION DOC 10000 7771 EXAMINING_DOCUMENT b'836415'
ACTION MARK 10000 7774 CONSIDERED_RELEVANT b'836415'
ACTION SNIPPET 10000 7777 SNIPPET_NOT_RELEVANT b'1663315'
ACTION SNIPPET 10000 7780 SNIPPET_NOT_RELEVANT b'1224500'
ACTION QUERY 10000 7790 human smuggling ventures
ACTION SERP 10000 7795 EXAMINE_SERP
ACTION SNIPPET 10000 7798 SEEN_PREVIOUSLY b'1193567'
ACTION SNIPPET 10000 7801 SEEN_PREVIOUSLY b'1680238'
ACTION SNIPPET 10000 7804 SEEN_PREVIOUSLY b'699231'
ACTION SNIPPET 10000 7807 SEEN_PREVIOUSLY b'1673227'
ACTION SNIPPET 10000 7810 SEEN_PREVIOUSLY b'810161'
ACTION SNIPPET 10000 7813 SEEN_PREVIOUSLY b'696532'
ACTION SNIPPET 10000 7816 SEEN_PREVIOUSLY b'615680'
ACTION SNIPPET 10000 7819 SEEN_PREVIOUSLY b'1517790'
ACTION SNIPPET 10000 7822 SEEN_PREVIOUSLY b'809795'
ACTION SNIPPET 10000 7825 SEEN_PREVIOUSLY b'631808'
ACTION QUERY 10000 7835 human smuggling shores
ACTION SERP 10000 7840 EXAMINE_SERP
ACTION SNIPPET 10000 7843 SEEN_PREVIOUSLY b'1066583'
ACTION SNIPPET 10000 7846 SEEN_PREVIOUSLY b'1126111'
ACTION SNIPPET 10000 7849 SEEN_PREVIOUSLY b'696532'
ACTION SNIPPET 10000 7852 SEEN_PREVIOUSLY b'1673227'
ACTION SNIPPET 10000 7855 SEEN_PREVIOUSLY b'1021428'
ACTION SNIPPET 10000 7858 SEEN_PREVIOUSLY b'1021621'
ACTION SNIPPET 10000 7861 SEEN_PREVIOUSLY b'809795'
ACTION SNIPPET 10000 7864 SEEN_PREVIOUSLY b'687522'
ACTION SNIPPET 10000 7867 SNIPPET_NOT_RELEVANT b'613749'
ACTION SNIPPET 10000 7870 SEEN_PREVIOUSLY b'810161'
ACTION QUERY 10000 7880 human smuggling times
ACTION SERP 10000 7885 EXAMINE_SERP
ACTION SNIPPET 10000 7888 SEEN_PREVIOUSLY b'1574025'
ACTION SNIPPET 10000 7891 SEEN_PREVIOUSLY b'247846'
ACTION SNIPPET 10000 7894 SEEN_PREVIOUSLY b'616288'
ACTION SNIPPET 10000 7897 SEEN_PREVIOUSLY b'1840937'
ACTION SNIPPET 10000 7900 SEEN_PREVIOUSLY b'515645'
ACTION SNIPPET 10000 7903 SEEN_PREVIOUSLY b'1765033'
ACTION SNIPPET 10000 7906 SEEN_PREVIOUSLY b'1534492'
ACTION SNIPPET 10000 7909 SEEN_PREVIOUSLY b'631808'
ACTION SNIPPET 10000 7912 SEEN_PREVIOUSLY b'1193567'
ACTION SNIPPET 10000 7915 SEEN_PREVIOUSLY b'289234'
ACTION QUERY 10000 7925 human smuggling formal
ACTION SERP 10000 7930 EXAMINE_SERP
ACTION SNIPPET 10000 7933 SEEN_PREVIOUSLY b'1317613'
ACTION SNIPPET 10000 7936 SEEN_PREVIOUSLY b'630420'
ACTION SNIPPET 10000 7939 SNIPPET_RELEVANT b'274840'
ACTION DOC 10000 7959 EXAMINING_DOCUMENT b'274840'
ACTION SNIPPET 10000 7962 SNIPPET_RELEVANT b'1040178'
ACTION DOC 10000 7982 EXAMINING_DOCUMENT b'1040178'
ACTION MARK 10000 7985 CONSIDERED_RELEVANT b'1040178'
ACTION SNIPPET 10000 7988 SNIPPET_NOT_RELEVANT b'249998'
ACTION SNIPPET 10000 7991 SEEN_PREVIOUSLY b'1574025'
ACTION SNIPPET 10000 7994 SEEN_PREVIOUSLY b'247846'
ACTION SNIPPET 10000 7997 SNIPPET_NOT_RELEVANT b'848179'
ACTION SNIPPET 10000 8000 SNIPPET_NOT_RELEVANT b'114681'
ACTION SNIPPET 10000 8003 SEEN_PREVIOUSLY b'883400'
ACTION QUERY 10000 8013 human smuggling peninsula
ACTION SERP 10000 8018 EXAMINE_SERP
ACTION SNIPPET 10000 8021 SEEN_PREVIOUSLY b'1066583'
ACTION SNIPPET 10000 8024 SEEN_PREVIOUSLY b'1695585'
ACTION SNIPPET 10000 8027 SNIPPET_RELEVANT b'80260'
ACTION DOC 10000 8047 EXAMINING_DOCUMENT b'80260'
ACTION SNIPPET 10000 8050 SNIPPET_NOT_RELEVANT b'613884'
ACTION SNIPPET 10000 8053 SEEN_PREVIOUSLY b'1193567'
ACTION SNIPPET 10000 8056 SNIPPET_RELEVANT b'963344'
ACTION DOC 10000 8076 EXAMINING_DOCUMENT b'963344'
ACTION MARK 10000 8079 CONSIDERED_RELEVANT b'963344'
ACTION SNIPPET 10000 8082 SEEN_PREVIOUSLY b'1501576'
ACTION SNIPPET 10000 8085 SEEN_PREVIOUSLY b'696532'
ACTION SNIPPET 10000 8088 SNIPPET_RELEVANT b'1056483'
ACTION DOC 10000 8108 EXAMINING_DOCUMENT b'1056483'
ACTION MARK 10000 8111 CONSIDERED_RELEVANT b'1056483'
ACTION SNIPPET 10000 8114 SNIPPET_RELEVANT b'1001589'
ACTION DOC 10000 8134 EXAMINING_DOCUMENT b'1001589'
ACTION MARK 10000 8137 CONSIDERED_RELEVANT b'1001589'
ACTION QUERY 10000 8147 human smuggling idea
ACTION SERP 10000 8152 EXAMINE_SERP
ACTION SNIPPET 10000 8155 SEEN_PREVIOUSLY b'1574025'
ACTION SNIPPET 10000 8158 SEEN_PREVIOUSLY b'247846'
ACTION SNIPPET 10000 8161 SEEN_PREVIOUSLY b'1517790'
ACTION SNIPPET 10000 8164 SEEN_PREVIOUSLY b'616288'
ACTION SNIPPET 10000 8167 SEEN_PREVIOUSLY b'515645'
ACTION SNIPPET 10000 8170 SEEN_PREVIOUSLY b'631808'
ACTION SNIPPET 10000 8173 SEEN_PREVIOUSLY b'1840937'
ACTION SNIPPET 10000 8176 SEEN_PREVIOUSLY b'1534492'
ACTION SNIPPET 10000 8179 SNIPPET_RELEVANT b'1553625'
ACTION DOC 10000 8199 EXAMINING_DOCUMENT b'1553625'
ACTION SNIPPET 10000 8202 SNIPPET_NOT_RELEVANT b'1601246'
ACTION QUERY 10000 8212 human smuggling cruise
ACTION SERP 10000 8217 EXAMINE_SERP
ACTION SNIPPET 10000 8220 SEEN_PREVIOUSLY b'1608593'
ACTION SNIPPET 10000 8223 SNIPPET_RELEVANT b'728303'
ACTION DOC 10000 8243 EXAMINING_DOCUMENT b'728303'
ACTION MARK 10000 8246 CONSIDERED_RELEVANT b'728303'
ACTION SNIPPET 10000 8249 SNIPPET_RELEVANT b'1661614'
ACTION DOC 10000 8269 EXAMINING_DOCUMENT b'1661614'
ACTION SNIPPET 10000 8272 SNIPPET_RELEVANT b'1044488'
ACTION DOC 10000 8292 EXAMINING_DOCUMENT b'1044488'
ACTION SNIPPET 10000 8295 SNIPPET_NOT_RELEVANT b'1567773'
ACTION SNIPPET 10000 8298 SNIPPET_RELEVANT b'1760592'
ACTION DOC 10000 8318 EXAMINING_DOCUMENT b'1760592'
ACTION SNIPPET 10000 8321 SNIPPET_RELEVANT b'806062'
ACTION DOC 10000 8341 EXAMINING_DOCUMENT b'806062'
ACTION SNIPPET 10000 8344 SNIPPET_NOT_RELEVANT b'1110564'
ACTION SNIPPET 10000 8347 SNIPPET_NOT_RELEVANT b'1164486'
ACTION SNIPPET 10000 8350 SEEN_PREVIOUSLY b'1574025'
ACTION QUERY 10000 8360 human smuggling scheme
ACTION SERP 10000 8365 EXAMINE_SERP
ACTION SNIPPET 10000 8368 SEEN_PREVIOUSLY b'699231'
ACTION SNIPPET 10000 8371 SEEN_PREVIOUSLY b'696532'
ACTION SNIPPET 10000 8374 SNIPPET_RELEVANT b'998374'
ACTION DOC 10000 8394 EXAMINING_DOCUMENT b'998374'
ACTION MARK 10000 8397 CONSIDERED_RELEVANT b'998374'
ACTION SNIPPET 10000 8400 SEEN_PREVIOUSLY b'1081949'
ACTION SNIPPET 10000 8403 SNIPPET_NOT_RELEVANT b'466113'
ACTION SNIPPET 10000 8406 SEEN_PREVIOUSLY b'1658184'
ACTION SNIPPET 10000 8409 SEEN_PREVIOUSLY b'1414783'
ACTION SNIPPET 10000 8412 SNIPPET_NOT_RELEVANT b'950339'
ACTION SNIPPET 10000 8415 SNIPPET_NOT_RELEVANT b'17578'
ACTION SNIPPET 10000 8418 SEEN_PREVIOUSLY b'1684351'
ACTION QUERY 10000 8428 human smuggling packages
ACTION SERP 10000 8433 EXAMINE_SERP
ACTION SNIPPET 10000 8436 SEEN_PREVIOUSLY b'1836875'
ACTION SNIPPET 10000 8439 SEEN_PREVIOUSLY b'631808'
ACTION SNIPPET 10000 8442 SEEN_PREVIOUSLY b'806062'
ACTION SNIPPET 10000 8445 SEEN_PREVIOUSLY b'1760592'
ACTION SNIPPET 10000 8448 SEEN_PREVIOUSLY b'1574025'
ACTION SNIPPET 10000 8451 SEEN_PREVIOUSLY b'247846'
ACTION SNIPPET 10000 8454 SNIPPET_RELEVANT b'1512804'
ACTION DOC 10000 8474 EXAMINING_DOCUMENT b'1512804'
ACTION SNIPPET 10000 8477 SNIPPET_NOT_RELEVANT b'1307995'
ACTION SNIPPET 10000 8480 SNIPPET_RELEVANT b'1307992'
ACTION DOC 10000 8500 EXAMINING_DOCUMENT b'1307992'
ACTION SNIPPET 10000 8503 SNIPPET_NOT_RELEVANT b'223901'
ACTION QUERY 10000 8513 human smuggling oldest
ACTION SERP 10000 8518 EXAMINE_SERP
ACTION SNIPPET 10000 8521 SEEN_PREVIOUSLY b'1819859'
ACTION SNIPPET 10000 8524 SEEN_PREVIOUSLY b'1021621'
ACTION SNIPPET 10000 8527 SEEN_PREVIOUSLY b'1658184'
ACTION SNIPPET 10000 8530 SEEN_PREVIOUSLY b'1030954'
ACTION SNIPPET 10000 8533 SEEN_PREVIOUSLY b'1574025'
ACTION SNIPPET 10000 8536 SEEN_PREVIOUSLY b'247846'
ACTION SNIPPET 10000 8539 SNIPPET_NOT_RELEVANT b'907251'
ACTION SNIPPET 10000 8542 SNIPPET_RELEVANT b'1223607'
ACTION DOC 10000 8562 EXAMINING_DOCUMENT b'1223607'
ACTION SNIPPET 10000 8565 SEEN_PREVIOUSLY b'616288'
ACTION SNIPPET 10000 8568 SEEN_PREVIOUSLY b'515645'
ACTION QUERY 10000 8578 human smuggling federal
ACTION SERP 10000 8583 EXAMINE_SERP
ACTION SNIPPET 10000 8586 SEEN_PREVIOUSLY b'1840937'
ACTION SNIPPET 10000 8589 SEEN_PREVIOUSLY b'1758704'
ACTION SNIPPET 10000 8592 SEEN_PREVIOUSLY b'1684351'
ACTION SNIPPET 10000 8595 SEEN_PREVIOUSLY b'1193567'
ACTION SNIPPET 10000 8598 SEEN_PREVIOUSLY b'809795'
ACTION SNIPPET 10000 8601 SEEN_PREVIOUSLY b'699231'
ACTION SNIPPET 10000 8604 SEEN_PREVIOUSLY b'687522'
ACTION SNIPPET 10000 8607 SEEN_PREVIOUSLY b'631808'
ACTION SNIPPET 10000 8610 SEEN_PREVIOUSLY b'1002865'
ACTION SNIPPET 10000 8613 SEEN_PREVIOUSLY b'567649'
ACTION QUERY 10000 8623 human smuggling dna
ACTION SERP 10000 8628 EXAMINE_SERP
ACTION SNIPPET 10000 8631 SNIPPET_RELEVANT b'1070887'
ACTION DOC 10000 8651 EXAMINING_DOCUMENT b'1070887'
ACTION SNIPPET 10000 8654 SNIPPET_NOT_RELEVANT b'942998'
ACTION SNIPPET 10000 8657 SNIPPET_NOT_RELEVANT b'1805144'
ACTION SNIPPET 10000 8660 SNIPPET_NOT_RELEVANT b'1187678'
ACTION SNIPPET 10000 8663 SNIPPET_RELEVANT b'1063536'
ACTION DOC 10000 8683 EXAMINING_DOCUMENT b'1063536'
ACTION SNIPPET 10000 8686 SNIPPET_RELEVANT b'1777409'
ACTION DOC 10000 8706 EXAMINING_DOCUMENT b'1777409'
ACTION SNIPPET 10000 8709 SNIPPET_NOT_RELEVANT b'855224'
ACTION SNIPPET 10000 8712 SNIPPET_NOT_RELEVANT b'1001019'
ACTION SNIPPET 10000 8715 SNIPPET_NOT_RELEVANT b'1000952'
ACTION SNIPPET 10000 8718 SNIPPET_RELEVANT b'1451748'
ACTION DOC 10000 8738 EXAMINING_DOCUMENT b'1451748'
ACTION QUERY 10000 8748 human smuggling crime
ACTION SERP 10000 8753 EXAMINE_SERP
ACTION SNIPPET 10000 8756 SEEN_PREVIOUSLY b'631808'
ACTION SNIPPET 10000 8759 SEEN_PREVIOUSLY b'1534492'
ACTION SNIPPET 10000 8762 SEEN_PREVIOUSLY b'515645'
ACTION SNIPPET 10000 8765 SNIPPET_NOT_RELEVANT b'1552466'
ACTION SNIPPET 10000 8768 SEEN_PREVIOUSLY b'1840937'
ACTION SNIPPET 10000 8771 SNIPPET_NOT_RELEVANT b'249998'
ACTION SNIPPET 10000 8774 SEEN_PREVIOUSLY b'1684351'
ACTION SNIPPET 10000 8777 SEEN_PREVIOUSLY b'616968'
ACTION SNIPPET 10000 8780 SEEN_PREVIOUSLY b'630790'
ACTION SNIPPET 10000 8783 SNIPPET_RELEVANT b'1767516'
ACTION DOC 10000 8803 EXAMINING_DOCUMENT b'1767516'
ACTION QUERY 10000 8813 human smuggling conspiring
ACTION SERP 10000 8818 EXAMINE_SERP
ACTION SNIPPET 10000 8821 SEEN_PREVIOUSLY b'699231'
ACTION SNIPPET 10000 8824 SNIPPET_NOT_RELEVANT b'146473'
ACTION SNIPPET 10000 8827 SEEN_PREVIOUSLY b'567649'
ACTION SNIPPET 10000 8830 SNIPPET_RELEVANT b'1854708'
ACTION DOC 10000 8850 EXAMINING_DOCUMENT b'1854708'
ACTION SNIPPET 10000 8853 SEEN_PREVIOUSLY b'321418'
ACTION SNIPPET 10000 8856 SNIPPET_NOT_RELEVANT b'836418'
ACTION SNIPPET 10000 8859 SEEN_PREVIOUSLY b'836415'
ACTION SNIPPET 10000 8862 SEEN_PREVIOUSLY b'1819859'
ACTION SNIPPET 10000 8865 SNIPPET_RELEVANT b'1352930'
ACTION DOC 10000 8885 EXAMINING_DOCUMENT b'1352930'
ACTION MARK 10000 8888 CONSIDERED_RELEVANT b'1352930'
ACTION SNIPPET 10000 8891 SNIPPET_RELEVANT b'100844'
ACTION DOC 10000 8911 EXAMINING_DOCUMENT b'100844'
ACTION QUERY 10000 8921 human smuggling meats
ACTION SERP 10000 8926 EXAMINE_SERP
ACTION SNIPPET 10000 8929 SEEN_PREVIOUSLY b'1352930'
ACTION SNIPPET 10000 8932 SNIPPET_RELEVANT b'357902'
ACTION DOC 10000 8952 EXAMINING_DOCUMENT b'357902'
ACTION SNIPPET 10000 8955 SNIPPET_RELEVANT b'1787776'
ACTION DOC 10000 8975 EXAMINING_DOCUMENT b'1787776'
ACTION SNIPPET 10000 8978 SNIPPET_RELEVANT b'243366'
ACTION DOC 10000 8998 EXAMINING_DOCUMENT b'243366'
ACTION SNIPPET 10000 9001 SNIPPET_RELEVANT b'581070'
ACTION DOC 10000 9021 EXAMINING_DOCUMENT b'581070'
ACTION SNIPPET 10000 9024 SNIPPET_NOT_RELEVANT b'220324'
ACTION SNIPPET 10000 9027 SEEN_PREVIOUSLY b'1574025'
ACTION SNIPPET 10000 9030 SEEN_PREVIOUSLY b'247846'
ACTION SNIPPET 10000 9033 SNIPPET_RELEVANT b'711861'
ACTION DOC 10000 9053 EXAMINING_DOCUMENT b'711861'
ACTION SNIPPET 10000 9056 SNIPPET_NOT_RELEVANT b'413553'
ACTION QUERY 10000 9066 human smuggling foods
ACTION SERP 10000 9071 EXAMINE_SERP
ACTION SNIPPET 10000 9074 SEEN_PREVIOUSLY b'1168056'
ACTION SNIPPET 10000 9077 SEEN_PREVIOUSLY b'279302'
ACTION SNIPPET 10000 9080 SEEN_PREVIOUSLY b'515645'
ACTION SNIPPET 10000 9083 SEEN_PREVIOUSLY b'1352930'
ACTION SNIPPET 10000 9086 SEEN_PREVIOUSLY b'630420'
ACTION SNIPPET 10000 9089 SEEN_PREVIOUSLY b'1574025'
ACTION SNIPPET 10000 9092 SNIPPET_NOT_RELEVANT b'1353906'
ACTION SNIPPET 10000 9095 SEEN_PREVIOUSLY b'243366'
ACTION SNIPPET 10000 9098 SEEN_PREVIOUSLY b'247846'
ACTION SNIPPET 10000 9101 SEEN_PREVIOUSLY b'1066583'
ACTION QUERY 10000 9111 human smuggling ransom
ACTION SERP 10000 9116 EXAMINE_SERP
ACTION SNIPPET 10000 9119 SEEN_PREVIOUSLY b'802946'
ACTION SNIPPET 10000 9122 SEEN_PREVIOUSLY b'802637'
ACTION SNIPPET 10000 9125 SEEN_PREVIOUSLY b'1534492'
ACTION SNIPPET 10000 9128 SEEN_PREVIOUSLY b'1574025'
ACTION SNIPPET 10000 9131 SNIPPET_RELEVANT b'64472'
ACTION DOC 10000 9151 EXAMINING_DOCUMENT b'64472'
ACTION MARK 10000 9154 CONSIDERED_RELEVANT b'64472'
ACTION SNIPPET 10000 9157 SEEN_PREVIOUSLY b'893462'
ACTION SNIPPET 10000 9160 SEEN_PREVIOUSLY b'638741'
ACTION SNIPPET 10000 9163 SEEN_PREVIOUSLY b'678914'
ACTION SNIPPET 10000 9166 SNIPPET_NOT_RELEVANT b'832128'
ACTION SNIPPET 10000 9169 SEEN_PREVIOUSLY b'1501576'
ACTION QUERY 10000 9179 human smuggling package
ACTION SERP 10000 9184 EXAMINE_SERP
ACTION SNIPPET 10000 9187 SEEN_PREVIOUSLY b'1836875'
ACTION SNIPPET 10000 9190 SEEN_PREVIOUSLY b'631808'
ACTION SNIPPET 10000 9193 SEEN_PREVIOUSLY b'806062'
ACTION SNIPPET 10000 9196 SEEN_PREVIOUSLY b'1760592'
ACTION SNIPPET 10000 9199 SEEN_PREVIOUSLY b'1574025'
ACTION SNIPPET 10000 9202 SEEN_PREVIOUSLY b'247846'
ACTION SNIPPET 10000 9205 SEEN_PREVIOUSLY b'1512804'
ACTION SNIPPET 10000 9208 SNIPPET_NOT_RELEVANT b'1307995'
ACTION SNIPPET 10000 9211 SEEN_PREVIOUSLY b'1307992'
ACTION SNIPPET 10000 9214 SNIPPET_NOT_RELEVANT b'223901'
ACTION QUERY 10000 9224 human smuggling hostage
ACTION SERP 10000 9229 EXAMINE_SERP
ACTION SNIPPET 10000 9232 SEEN_PREVIOUSLY b'802946'
ACTION SNIPPET 10000 9235 SEEN_PREVIOUSLY b'802637'
ACTION SNIPPET 10000 9238 SEEN_PREVIOUSLY b'1501576'
ACTION SNIPPET 10000 9241 SEEN_PREVIOUSLY b'419409'
ACTION SNIPPET 10000 9244 SNIPPET_RELEVANT b'1518609'
ACTION DOC 10000 9264 EXAMINING_DOCUMENT b'1518609'
ACTION MARK 10000 9267 CONSIDERED_RELEVANT b'1518609'
ACTION SNIPPET 10000 9270 SEEN_PREVIOUSLY b'744902'
ACTION SNIPPET 10000 9273 SNIPPET_RELEVANT b'460018'
ACTION DOC 10000 9293 EXAMINING_DOCUMENT b'460018'
ACTION SNIPPET 10000 9296 SEEN_PREVIOUSLY b'1680238'
ACTION SNIPPET 10000 9299 SNIPPET_NOT_RELEVANT b'429503'
ACTION SNIPPET 10000 9302 SNIPPET_RELEVANT b'276250'
ACTION DOC 10000 9322 EXAMINING_DOCUMENT b'276250'
ACTION QUERY 10000 9332 human smuggling hold
ACTION SERP 10000 9337 EXAMINE_SERP
ACTION SNIPPET 10000 9340 SEEN_PREVIOUSLY b'1574025'
ACTION SNIPPET 10000 9343 SEEN_PREVIOUSLY b'515645'
ACTION SNIPPET 10000 9346 SEEN_PREVIOUSLY b'631808'
ACTION SNIPPET 10000 9349 SEEN_PREVIOUSLY b'1168056'
ACTION SNIPPET 10000 9352 SEEN_PREVIOUSLY b'567649'
ACTION SNIPPET 10000 9355 SEEN_PREVIOUSLY b'1534492'
ACTION SNIPPET 10000 9358 SEEN_PREVIOUSLY b'1673227'
ACTION SNIPPET 10000 9361 SNIPPET_NOT_RELEVANT b'249998'
ACTION SNIPPET 10000 9364 SEEN_PREVIOUSLY b'810161'
ACTION SNIPPET 10000 9367 SEEN_PREVIOUSLY b'247846'
ACTION QUERY 10000 9377 human smuggling broken
ACTION SERP 10000 9382 EXAMINE_SERP
ACTION SNIPPET 10000 9385 SEEN_PREVIOUSLY b'1081949'
ACTION SNIPPET 10000 9388 SEEN_PREVIOUSLY b'567649'
ACTION SNIPPET 10000 9391 SNIPPET_NOT_RELEVANT b'1166902'
ACTION SNIPPET 10000 9394 SNIPPET_RELEVANT b'1415631'
ACTION DOC 10000 9414 EXAMINING_DOCUMENT b'1415631'
ACTION MARK 10000 9417 CONSIDERED_RELEVANT b'1415631'
ACTION SNIPPET 10000 9420 SEEN_PREVIOUSLY b'1680238'
ACTION SNIPPET 10000 9423 SEEN_PREVIOUSLY b'1760592'
ACTION SNIPPET 10000 9426 SEEN_PREVIOUSLY b'1534492'
ACTION SNIPPET 10000 9429 SEEN_PREVIOUSLY b'24009'
ACTION SNIPPET 10000 9432 SNIPPET_NOT_RELEVANT b'102549'
ACTION SNIPPET 10000 9435 SNIPPET_RELEVANT b'1689042'
ACTION DOC 10000 9455 EXAMINING_DOCUMENT b'1689042'
ACTION QUERY 10000 9465 human smuggling victim
ACTION SERP 10000 9470 EXAMINE_SERP
ACTION SNIPPET 10000 9473 SEEN_PREVIOUSLY b'1819859'
ACTION SNIPPET 10000 9476 SNIPPET_RELEVANT b'945513'
ACTION DOC 10000 9496 EXAMINING_DOCUMENT b'945513'
ACTION MARK 10000 9499 CONSIDERED_RELEVANT b'945513'
ACTION SNIPPET 10000 9502 SNIPPET_RELEVANT b'1738298'
ACTION DOC 10000 9522 EXAMINING_DOCUMENT b'1738298'
ACTION MARK 10000 9525 CONSIDERED_RELEVANT b'1738298'
ACTION SNIPPET 10000 9528 SEEN_PREVIOUSLY b'1534492'
ACTION SNIPPET 10000 9531 SEEN_PREVIOUSLY b'490451'
ACTION SNIPPET 10000 9534 SEEN_PREVIOUSLY b'24009'
ACTION SNIPPET 10000 9537 SNIPPET_RELEVANT b'1558902'
ACTION DOC 10000 9557 EXAMINING_DOCUMENT b'1558902'
ACTION SNIPPET 10000 9560 SNIPPET_RELEVANT b'156033'
ACTION DOC 10000 9580 EXAMINING_DOCUMENT b'156033'
ACTION SNIPPET 10000 9583 SNIPPET_RELEVANT b'49539'
ACTION DOC 10000 9603 EXAMINING_DOCUMENT b'49539'
ACTION SNIPPET 10000 9606 SNIPPET_NOT_RELEVANT b'1604209'
ACTION QUERY 10000 9616 human smuggling convicts
ACTION SERP 10000 9621 EXAMINE_SERP
ACTION SNIPPET 10000 9624 SEEN_PREVIOUSLY b'1738298'
ACTION SNIPPET 10000 9627 SEEN_PREVIOUSLY b'1819859'
ACTION SNIPPET 10000 9630 SEEN_PREVIOUSLY b'809795'
ACTION SNIPPET 10000 9633 SNIPPET_NOT_RELEVANT b'1464653'
ACTION SNIPPET 10000 9636 SNIPPET_RELEVANT b'128770'
ACTION DOC 10000 9656 EXAMINING_DOCUMENT b'128770'
ACTION SNIPPET 10000 9659 SEEN_PREVIOUSLY b'802946'
ACTION SNIPPET 10000 9662 SEEN_PREVIOUSLY b'802637'
ACTION SNIPPET 10000 9665 SEEN_PREVIOUSLY b'1854708'
ACTION SNIPPET 10000 9668 SNIPPET_NOT_RELEVANT b'414554'
ACTION SNIPPET 10000 9671 SEEN_PREVIOUSLY b'1673227'
ACTION QUERY 10000 9681 human smuggling chowder
ACTION SERP 10000 9686 EXAMINE_SERP
ACTION SNIPPET 10000 9689 SNIPPET_RELEVANT b'325442'
ACTION DOC 10000 9709 EXAMINING_DOCUMENT b'325442'
ACTION SNIPPET 10000 9712 SEEN_PREVIOUSLY b'1574025'
ACTION SNIPPET 10000 9715 SNIPPET_NOT_RELEVANT b'1098243'
ACTION SNIPPET 10000 9718 SNIPPET_RELEVANT b'1241652'
ACTION DOC 10000 9738 EXAMINING_DOCUMENT b'1241652'
ACTION SNIPPET 10000 9741 SEEN_PREVIOUSLY b'247846'
ACTION SNIPPET 10000 9744 SNIPPET_NOT_RELEVANT b'1227581'
ACTION SNIPPET 10000 9747 SNIPPET_NOT_RELEVANT b'319765'
ACTION SNIPPET 10000 9750 SNIPPET_NOT_RELEVANT b'463535'
ACTION SNIPPET 10000 9753 SNIPPET_NOT_RELEVANT b'1698512'
ACTION SNIPPET 10000 9756 SNIPPET_NOT_RELEVANT b'887411'
ACTION QUERY 10000 9766 human smuggling hearings
ACTION SERP 10000 9771 EXAMINE_SERP
ACTION SNIPPET 10000 9774 SEEN_PREVIOUSLY b'515645'
ACTION SNIPPET 10000 9777 SEEN_PREVIOUSLY b'1030954'
ACTION SNIPPET 10000 9780 SEEN_PREVIOUSLY b'1193567'
ACTION SNIPPET 10000 9783 SEEN_PREVIOUSLY b'1068812'
ACTION SNIPPET 10000 9786 SEEN_PREVIOUSLY b'687522'
ACTION SNIPPET 10000 9789 SEEN_PREVIOUSLY b'1819859'
ACTION SNIPPET 10000 9792 SEEN_PREVIOUSLY b'696532'
ACTION SNIPPET 10000 9795 SEEN_PREVIOUSLY b'615680'
ACTION SNIPPET 10000 9798 SEEN_PREVIOUSLY b'184981'
ACTION SNIPPET 10000 9801 SEEN_PREVIOUSLY b'883400'
ACTION QUERY 10000 9811 human smuggling statistics
ACTION SERP 10000 9816 EXAMINE_SERP
ACTION SNIPPET 10000 9819 SEEN_PREVIOUSLY b'1337224'
ACTION SNIPPET 10000 9822 SEEN_PREVIOUSLY b'1443307'
ACTION SNIPPET 10000 9825 SNIPPET_RELEVANT b'1847772'
ACTION DOC 10000 9845 EXAMINING_DOCUMENT b'1847772'
ACTION SNIPPET 10000 9848 SEEN_PREVIOUSLY b'1574025'
ACTION SNIPPET 10000 9851 SEEN_PREVIOUSLY b'247846'
ACTION SNIPPET 10000 9854 SNIPPET_RELEVANT b'1241005'
ACTION DOC 10000 9874 EXAMINING_DOCUMENT b'1241005'
ACTION SNIPPET 10000 9877 SEEN_PREVIOUSLY b'744902'
ACTION SNIPPET 10000 9880 SNIPPET_RELEVANT b'476532'
ACTION DOC 10000 9900 EXAMINING_DOCUMENT b'476532'
ACTION SNIPPET 10000 9903 SEEN_PREVIOUSLY b'616288'
ACTION SNIPPET 10000 9906 SEEN_PREVIOUSLY b'515645'
ACTION QUERY 10000 9916 human smuggling office
ACTION SERP 10000 9921 EXAMINE_SERP
ACTION SNIPPET 10000 9924 SEEN_PREVIOUSLY b'247846'
ACTION SNIPPET 10000 9927 SEEN_PREVIOUSLY b'699231'
ACTION SNIPPET 10000 9930 SEEN_PREVIOUSLY b'1758704'
ACTION SNIPPET 10000 9933 SEEN_PREVIOUSLY b'1193567'
ACTION SNIPPET 10000 9936 SEEN_PREVIOUSLY b'857510'
ACTION SNIPPET 10000 9939 SEEN_PREVIOUSLY b'1168056'
ACTION SNIPPET 10000 9942 SEEN_PREVIOUSLY b'1534492'
ACTION SNIPPET 10000 9945 SEEN_PREVIOUSLY b'1574025'
ACTION SNIPPET 10000 9948 SEEN_PREVIOUSLY b'1081949'
ACTION SNIPPET 10000 9951 SNIPPET_RELEVANT b'273235'
ACTION DOC 10000 9971 EXAMINING_DOCUMENT b'273235'
ACTION QUERY 10000 9981 human smuggling ct
ACTION SERP 10000 9986 EXAMINE_SERP
ACTION SNIPPET 10000 9989 SNIPPET_RELEVANT b'1168129'
ACTION DOC 10000 10009 EXAMINING_DOCUMENT b'1168129'
INFO SUMMARY 
INFO TOTAL_QUERIES_ISSUED 112
INFO TOTAL_SNIPPETS_EXAMINED 1111
INFO TOTAL_DOCUMENTS_EXAMINED 236
INFO TOTAL_DOCUMENTS_MARKED_RELEVANT 92
INFO TOTAL_ATTRACTIVE_SERP_IMPRESSIONS 112
INFO TOTAL_UNATTRACTIVE_SERP_IMPRESSIONS 0
