ACTION QUERY 10000 10 abuses of e mail
ACTION SERP 10000 15 EXAMINE_SERP
ACTION SNIPPET 10000 18 SNIPPET_NOT_RELEVANT b'506870'
ACTION SNIPPET 10000 21 SNIPPET_NOT_RELEVANT b'501179'
ACTION SNIPPET 10000 24 SNIPPET_RELEVANT b'194014'
ACTION DOC 10000 44 EXAMINING_DOCUMENT b'194014'
ACTION SNIPPET 10000 47 SNIPPET_RELEVANT b'1116169'
ACTION DOC 10000 67 EXAMINING_DOCUMENT b'1116169'
ACTION SNIPPET 10000 70 SNIPPET_NOT_RELEVANT b'542391'
ACTION SNIPPET 10000 73 SNIPPET_RELEVANT b'1238056'
ACTION DOC 10000 93 EXAMINING_DOCUMENT b'1238056'
ACTION SNIPPET 10000 96 SNIPPET_NOT_RELEVANT b'955775'
ACTION SNIPPET 10000 99 SNIPPET_RELEVANT b'1381770'
ACTION DOC 10000 119 EXAMINING_DOCUMENT b'1381770'
ACTION SNIPPET 10000 122 SNIPPET_RELEVANT b'1747359'
ACTION DOC 10000 142 EXAMINING_DOCUMENT b'1747359'
ACTION SNIPPET 10000 145 SNIPPET_RELEVANT b'79116'
ACTION DOC 10000 165 EXAMINING_DOCUMENT b'79116'
ACTION QUERY 10000 175 abuses of e mail issue
ACTION SERP 10000 180 EXAMINE_SERP
ACTION SNIPPET 10000 183 SNIPPET_RELEVANT b'506870'
ACTION DOC 10000 203 EXAMINING_DOCUMENT b'506870'
ACTION SNIPPET 10000 206 SEEN_PREVIOUSLY b'1381770'
ACTION SNIPPET 10000 209 SNIPPET_RELEVANT b'955775'
ACTION DOC 10000 229 EXAMINING_DOCUMENT b'955775'
ACTION SNIPPET 10000 232 SNIPPET_NOT_RELEVANT b'1581330'
ACTION SNIPPET 10000 235 SNIPPET_NOT_RELEVANT b'47378'
ACTION SNIPPET 10000 238 SNIPPET_NOT_RELEVANT b'16706'
ACTION SNIPPET 10000 241 SNIPPET_RELEVANT b'1038655'
ACTION DOC 10000 261 EXAMINING_DOCUMENT b'1038655'
ACTION SNIPPET 10000 264 SNIPPET_NOT_RELEVANT b'541731'
ACTION SNIPPET 10000 267 SNIPPET_NOT_RELEVANT b'501179'
ACTION SNIPPET 10000 270 SNIPPET_NOT_RELEVANT b'1560049'
ACTION QUERY 10000 280 abuses of e mail voted
ACTION SERP 10000 285 EXAMINE_SERP
ACTION SNIPPET 10000 288 SEEN_PREVIOUSLY b'79116'
ACTION SNIPPET 10000 291 SNIPPET_NOT_RELEVANT b'542391'
ACTION SNIPPET 10000 294 SNIPPET_NOT_RELEVANT b'16706'
ACTION SNIPPET 10000 297 SNIPPET_NOT_RELEVANT b'291435'
ACTION SNIPPET 10000 300 SNIPPET_RELEVANT b'286718'
ACTION DOC 10000 320 EXAMINING_DOCUMENT b'286718'
ACTION SNIPPET 10000 323 SNIPPET_NOT_RELEVANT b'783913'
ACTION SNIPPET 10000 326 SNIPPET_RELEVANT b'503237'
ACTION DOC 10000 346 EXAMINING_DOCUMENT b'503237'
ACTION SNIPPET 10000 349 SNIPPET_RELEVANT b'547785'
ACTION DOC 10000 369 EXAMINING_DOCUMENT b'547785'
ACTION SNIPPET 10000 372 SNIPPET_RELEVANT b'258695'
ACTION DOC 10000 392 EXAMINING_DOCUMENT b'258695'
ACTION SNIPPET 10000 395 SEEN_PREVIOUSLY b'1038655'
ACTION QUERY 10000 405 abuses of e mail greeting
ACTION SERP 10000 410 EXAMINE_SERP
ACTION SNIPPET 10000 413 SEEN_PREVIOUSLY b'1116169'
ACTION SNIPPET 10000 416 SNIPPET_NOT_RELEVANT b'1399086'
ACTION SNIPPET 10000 419 SNIPPET_RELEVANT b'1021944'
ACTION DOC 10000 439 EXAMINING_DOCUMENT b'1021944'
ACTION SNIPPET 10000 442 SNIPPET_NOT_RELEVANT b'1352827'
ACTION SNIPPET 10000 445 SNIPPET_RELEVANT b'309637'
ACTION DOC 10000 465 EXAMINING_DOCUMENT b'309637'
ACTION SNIPPET 10000 468 SNIPPET_NOT_RELEVANT b'1687097'
ACTION SNIPPET 10000 471 SEEN_PREVIOUSLY b'506870'
ACTION SNIPPET 10000 474 SNIPPET_NOT_RELEVANT b'347952'
ACTION SNIPPET 10000 477 SNIPPET_NOT_RELEVANT b'1253123'
ACTION SNIPPET 10000 480 SNIPPET_RELEVANT b'501179'
ACTION DOC 10000 500 EXAMINING_DOCUMENT b'501179'
ACTION QUERY 10000 510 abuses of e mail street
ACTION SERP 10000 515 EXAMINE_SERP
ACTION SNIPPET 10000 518 SNIPPET_RELEVANT b'1485201'
ACTION DOC 10000 538 EXAMINING_DOCUMENT b'1485201'
ACTION SNIPPET 10000 541 SNIPPET_NOT_RELEVANT b'1390290'
ACTION SNIPPET 10000 544 SEEN_PREVIOUSLY b'506870'
ACTION SNIPPET 10000 547 SEEN_PREVIOUSLY b'501179'
ACTION SNIPPET 10000 550 SNIPPET_NOT_RELEVANT b'1175190'
ACTION SNIPPET 10000 553 SEEN_PREVIOUSLY b'194014'
ACTION SNIPPET 10000 556 SNIPPET_NOT_RELEVANT b'968210'
ACTION SNIPPET 10000 559 SNIPPET_RELEVANT b'966415'
ACTION DOC 10000 579 EXAMINING_DOCUMENT b'966415'
ACTION SNIPPET 10000 582 SNIPPET_NOT_RELEVANT b'964388'
ACTION SNIPPET 10000 585 SEEN_PREVIOUSLY b'1116169'
ACTION QUERY 10000 595 abuses of e mail benefits
ACTION SERP 10000 600 EXAMINE_SERP
ACTION SNIPPET 10000 603 SNIPPET_NOT_RELEVANT b'618995'
ACTION SNIPPET 10000 606 SEEN_PREVIOUSLY b'286718'
ACTION SNIPPET 10000 609 SNIPPET_NOT_RELEVANT b'1571333'
ACTION SNIPPET 10000 612 SNIPPET_RELEVANT b'1065228'
ACTION DOC 10000 632 EXAMINING_DOCUMENT b'1065228'
ACTION SNIPPET 10000 635 SNIPPET_RELEVANT b'1382167'
ACTION DOC 10000 655 EXAMINING_DOCUMENT b'1382167'
ACTION SNIPPET 10000 658 SEEN_PREVIOUSLY b'506870'
ACTION SNIPPET 10000 661 SEEN_PREVIOUSLY b'501179'
ACTION SNIPPET 10000 664 SNIPPET_NOT_RELEVANT b'228279'
ACTION SNIPPET 10000 667 SEEN_PREVIOUSLY b'258695'
ACTION SNIPPET 10000 670 SEEN_PREVIOUSLY b'1038655'
ACTION QUERY 10000 680 abuses of e mail systems
ACTION SERP 10000 685 EXAMINE_SERP
ACTION SNIPPET 10000 688 SEEN_PREVIOUSLY b'506870'
ACTION SNIPPET 10000 691 SEEN_PREVIOUSLY b'1747359'
ACTION SNIPPET 10000 694 SNIPPET_RELEVANT b'1365691'
ACTION DOC 10000 714 EXAMINING_DOCUMENT b'1365691'
ACTION SNIPPET 10000 717 SNIPPET_NOT_RELEVANT b'1205982'
ACTION SNIPPET 10000 720 SNIPPET_RELEVANT b'1309604'
ACTION DOC 10000 740 EXAMINING_DOCUMENT b'1309604'
ACTION MARK 10000 743 CONSIDERED_RELEVANT b'1309604'
ACTION SNIPPET 10000 746 SNIPPET_NOT_RELEVANT b'1424814'
ACTION SNIPPET 10000 749 SNIPPET_NOT_RELEVANT b'1219691'
ACTION SNIPPET 10000 752 SEEN_PREVIOUSLY b'955775'
ACTION SNIPPET 10000 755 SEEN_PREVIOUSLY b'501179'
ACTION SNIPPET 10000 758 SNIPPET_NOT_RELEVANT b'291435'
ACTION QUERY 10000 768 abuses of e mail youre
ACTION SERP 10000 773 EXAMINE_SERP
ACTION SNIPPET 10000 776 SNIPPET_RELEVANT b'1136969'
ACTION DOC 10000 796 EXAMINING_DOCUMENT b'1136969'
ACTION SNIPPET 10000 799 SNIPPET_RELEVANT b'1775938'
ACTION DOC 10000 819 EXAMINING_DOCUMENT b'1775938'
ACTION SNIPPET 10000 822 SNIPPET_NOT_RELEVANT b'1787988'
ACTION SNIPPET 10000 825 SEEN_PREVIOUSLY b'506870'
ACTION SNIPPET 10000 828 SNIPPET_NOT_RELEVANT b'1204454'
ACTION SNIPPET 10000 831 SEEN_PREVIOUSLY b'501179'
ACTION SNIPPET 10000 834 SNIPPET_NOT_RELEVANT b'1780472'
ACTION SNIPPET 10000 837 SEEN_PREVIOUSLY b'194014'
ACTION SNIPPET 10000 840 SNIPPET_NOT_RELEVANT b'1482619'
ACTION SNIPPET 10000 843 SNIPPET_RELEVANT b'1778680'
ACTION DOC 10000 863 EXAMINING_DOCUMENT b'1778680'
ACTION QUERY 10000 873 abuses of e mail personal
ACTION SERP 10000 878 EXAMINE_SERP
ACTION SNIPPET 10000 881 SEEN_PREVIOUSLY b'1309604'
ACTION SNIPPET 10000 884 SEEN_PREVIOUSLY b'1381770'
ACTION SNIPPET 10000 887 SNIPPET_RELEVANT b'381425'
ACTION DOC 10000 907 EXAMINING_DOCUMENT b'381425'
ACTION SNIPPET 10000 910 SEEN_PREVIOUSLY b'1038655'
ACTION SNIPPET 10000 913 SEEN_PREVIOUSLY b'506870'
ACTION SNIPPET 10000 916 SEEN_PREVIOUSLY b'501179'
ACTION SNIPPET 10000 919 SNIPPET_NOT_RELEVANT b'1641915'
ACTION SNIPPET 10000 922 SNIPPET_RELEVANT b'16706'
ACTION DOC 10000 942 EXAMINING_DOCUMENT b'16706'
ACTION SNIPPET 10000 945 SNIPPET_NOT_RELEVANT b'1845190'
ACTION SNIPPET 10000 948 SNIPPET_RELEVANT b'1689651'
ACTION DOC 10000 968 EXAMINING_DOCUMENT b'1689651'
ACTION QUERY 10000 978 abuses of e mail laptop
ACTION SERP 10000 983 EXAMINE_SERP
ACTION SNIPPET 10000 986 SNIPPET_NOT_RELEVANT b'1279592'
ACTION SNIPPET 10000 989 SNIPPET_NOT_RELEVANT b'1035348'
ACTION SNIPPET 10000 992 SNIPPET_NOT_RELEVANT b'1844222'
ACTION SNIPPET 10000 995 SNIPPET_NOT_RELEVANT b'1400082'
ACTION SNIPPET 10000 998 SNIPPET_NOT_RELEVANT b'747667'
ACTION SNIPPET 10000 1001 SNIPPET_NOT_RELEVANT b'1032064'
ACTION SNIPPET 10000 1004 SNIPPET_RELEVANT b'449955'
ACTION DOC 10000 1024 EXAMINING_DOCUMENT b'449955'
ACTION SNIPPET 10000 1027 SNIPPET_NOT_RELEVANT b'1232947'
ACTION SNIPPET 10000 1030 SNIPPET_RELEVANT b'1567461'
ACTION DOC 10000 1050 EXAMINING_DOCUMENT b'1567461'
ACTION SNIPPET 10000 1053 SNIPPET_RELEVANT b'1123478'
ACTION DOC 10000 1073 EXAMINING_DOCUMENT b'1123478'
ACTION QUERY 10000 1083 abuses of e mail purpose
ACTION SERP 10000 1088 EXAMINE_SERP
ACTION SNIPPET 10000 1091 SEEN_PREVIOUSLY b'1689651'
ACTION SNIPPET 10000 1094 SEEN_PREVIOUSLY b'381425'
ACTION SNIPPET 10000 1097 SEEN_PREVIOUSLY b'258695'
ACTION SNIPPET 10000 1100 SNIPPET_RELEVANT b'207685'
ACTION DOC 10000 1120 EXAMINING_DOCUMENT b'207685'
ACTION SNIPPET 10000 1123 SEEN_PREVIOUSLY b'1365691'
ACTION SNIPPET 10000 1126 SNIPPET_RELEVANT b'121918'
ACTION DOC 10000 1146 EXAMINING_DOCUMENT b'121918'
ACTION SNIPPET 10000 1149 SNIPPET_RELEVANT b'1620937'
ACTION DOC 10000 1169 EXAMINING_DOCUMENT b'1620937'
ACTION SNIPPET 10000 1172 SNIPPET_NOT_RELEVANT b'1413232'
ACTION SNIPPET 10000 1175 SNIPPET_RELEVANT b'47378'
ACTION DOC 10000 1195 EXAMINING_DOCUMENT b'47378'
ACTION SNIPPET 10000 1198 SEEN_PREVIOUSLY b'506870'
ACTION QUERY 10000 1208 abuses of e mail working
ACTION SERP 10000 1213 EXAMINE_SERP
ACTION SNIPPET 10000 1216 SEEN_PREVIOUSLY b'501179'
ACTION SNIPPET 10000 1219 SEEN_PREVIOUSLY b'506870'
ACTION SNIPPET 10000 1222 SEEN_PREVIOUSLY b'1309604'
ACTION SNIPPET 10000 1225 SEEN_PREVIOUSLY b'1747359'
ACTION SNIPPET 10000 1228 SEEN_PREVIOUSLY b'194014'
ACTION SNIPPET 10000 1231 SEEN_PREVIOUSLY b'1238056'
ACTION SNIPPET 10000 1234 SEEN_PREVIOUSLY b'1485201'
ACTION SNIPPET 10000 1237 SEEN_PREVIOUSLY b'955775'
ACTION SNIPPET 10000 1240 SEEN_PREVIOUSLY b'1116169'
ACTION SNIPPET 10000 1243 SNIPPET_NOT_RELEVANT b'1794957'
ACTION QUERY 10000 1253 abuses of e mail work
ACTION SERP 10000 1258 EXAMINE_SERP
ACTION SNIPPET 10000 1261 SEEN_PREVIOUSLY b'501179'
ACTION SNIPPET 10000 1264 SEEN_PREVIOUSLY b'506870'
ACTION SNIPPET 10000 1267 SEEN_PREVIOUSLY b'1309604'
ACTION SNIPPET 10000 1270 SEEN_PREVIOUSLY b'1747359'
ACTION SNIPPET 10000 1273 SEEN_PREVIOUSLY b'194014'
ACTION SNIPPET 10000 1276 SEEN_PREVIOUSLY b'1238056'
ACTION SNIPPET 10000 1279 SEEN_PREVIOUSLY b'1485201'
ACTION SNIPPET 10000 1282 SEEN_PREVIOUSLY b'955775'
ACTION SNIPPET 10000 1285 SEEN_PREVIOUSLY b'1116169'
ACTION SNIPPET 10000 1288 SNIPPET_RELEVANT b'1794957'
ACTION DOC 10000 1308 EXAMINING_DOCUMENT b'1794957'
ACTION QUERY 10000 1318 abuses of e mail best
ACTION SERP 10000 1323 EXAMINE_SERP
ACTION SNIPPET 10000 1326 SEEN_PREVIOUSLY b'1381770'
ACTION SNIPPET 10000 1329 SNIPPET_NOT_RELEVANT b'1390290'
ACTION SNIPPET 10000 1332 SEEN_PREVIOUSLY b'506870'
ACTION SNIPPET 10000 1335 SEEN_PREVIOUSLY b'501179'
ACTION SNIPPET 10000 1338 SEEN_PREVIOUSLY b'194014'
ACTION SNIPPET 10000 1341 SNIPPET_NOT_RELEVANT b'968210'
ACTION SNIPPET 10000 1344 SEEN_PREVIOUSLY b'966415'
ACTION SNIPPET 10000 1347 SNIPPET_RELEVANT b'964388'
ACTION DOC 10000 1367 EXAMINING_DOCUMENT b'964388'
ACTION SNIPPET 10000 1370 SNIPPET_NOT_RELEVANT b'1582192'
ACTION SNIPPET 10000 1373 SEEN_PREVIOUSLY b'1116169'
ACTION QUERY 10000 1383 abuses of e mail laptops
ACTION SERP 10000 1388 EXAMINE_SERP
ACTION SNIPPET 10000 1391 SNIPPET_RELEVANT b'1279592'
ACTION DOC 10000 1411 EXAMINING_DOCUMENT b'1279592'
ACTION SNIPPET 10000 1414 SNIPPET_RELEVANT b'1035348'
ACTION DOC 10000 1434 EXAMINING_DOCUMENT b'1035348'
ACTION SNIPPET 10000 1437 SNIPPET_NOT_RELEVANT b'1844222'
ACTION SNIPPET 10000 1440 SNIPPET_RELEVANT b'1400082'
ACTION DOC 10000 1460 EXAMINING_DOCUMENT b'1400082'
ACTION SNIPPET 10000 1463 SNIPPET_RELEVANT b'747667'
ACTION DOC 10000 1483 EXAMINING_DOCUMENT b'747667'
ACTION SNIPPET 10000 1486 SNIPPET_NOT_RELEVANT b'1032064'
ACTION SNIPPET 10000 1489 SEEN_PREVIOUSLY b'449955'
ACTION SNIPPET 10000 1492 SNIPPET_NOT_RELEVANT b'1232947'
ACTION SNIPPET 10000 1495 SEEN_PREVIOUSLY b'1567461'
ACTION SNIPPET 10000 1498 SEEN_PREVIOUSLY b'1123478'
ACTION QUERY 10000 1508 abuses of e mail using
ACTION SERP 10000 1513 EXAMINE_SERP
ACTION SNIPPET 10000 1516 SEEN_PREVIOUSLY b'1309604'
ACTION SNIPPET 10000 1519 SEEN_PREVIOUSLY b'1365691'
ACTION SNIPPET 10000 1522 SEEN_PREVIOUSLY b'1689651'
ACTION SNIPPET 10000 1525 SEEN_PREVIOUSLY b'381425'
ACTION SNIPPET 10000 1528 SNIPPET_NOT_RELEVANT b'1403816'
ACTION SNIPPET 10000 1531 SEEN_PREVIOUSLY b'1038655'
ACTION SNIPPET 10000 1534 SNIPPET_NOT_RELEVANT b'1641915'
ACTION SNIPPET 10000 1537 SEEN_PREVIOUSLY b'506870'
ACTION SNIPPET 10000 1540 SEEN_PREVIOUSLY b'501179'
ACTION SNIPPET 10000 1543 SNIPPET_RELEVANT b'1544167'
ACTION DOC 10000 1563 EXAMINING_DOCUMENT b'1544167'
ACTION QUERY 10000 1573 abuses of e mail computer
ACTION SERP 10000 1578 EXAMINE_SERP
ACTION SNIPPET 10000 1581 SEEN_PREVIOUSLY b'1309604'
ACTION SNIPPET 10000 1584 SEEN_PREVIOUSLY b'1038655'
ACTION SNIPPET 10000 1587 SNIPPET_NOT_RELEVANT b'1205982'
ACTION SNIPPET 10000 1590 SNIPPET_RELEVANT b'1005104'
ACTION DOC 10000 1610 EXAMINING_DOCUMENT b'1005104'
ACTION SNIPPET 10000 1613 SNIPPET_RELEVANT b'710542'
ACTION DOC 10000 1633 EXAMINING_DOCUMENT b'710542'
ACTION SNIPPET 10000 1636 SNIPPET_RELEVANT b'1224459'
ACTION DOC 10000 1656 EXAMINING_DOCUMENT b'1224459'
ACTION SNIPPET 10000 1659 SNIPPET_RELEVANT b'734127'
ACTION DOC 10000 1679 EXAMINING_DOCUMENT b'734127'
ACTION SNIPPET 10000 1682 SNIPPET_NOT_RELEVANT b'1020235'
ACTION SNIPPET 10000 1685 SNIPPET_NOT_RELEVANT b'131620'
ACTION SNIPPET 10000 1688 SEEN_PREVIOUSLY b'1365691'
ACTION QUERY 10000 1698 abuses of e mail type
ACTION SERP 10000 1703 EXAMINE_SERP
ACTION SNIPPET 10000 1706 SNIPPET_NOT_RELEVANT b'1020235'
ACTION SNIPPET 10000 1709 SNIPPET_NOT_RELEVANT b'1641883'
ACTION SNIPPET 10000 1712 SNIPPET_RELEVANT b'1580049'
ACTION DOC 10000 1732 EXAMINING_DOCUMENT b'1580049'
ACTION SNIPPET 10000 1735 SEEN_PREVIOUSLY b'258695'
ACTION SNIPPET 10000 1738 SEEN_PREVIOUSLY b'710542'
ACTION SNIPPET 10000 1741 SEEN_PREVIOUSLY b'506870'
ACTION SNIPPET 10000 1744 SEEN_PREVIOUSLY b'501179'
ACTION SNIPPET 10000 1747 SEEN_PREVIOUSLY b'1005104'
ACTION SNIPPET 10000 1750 SNIPPET_NOT_RELEVANT b'1697221'
ACTION SNIPPET 10000 1753 SNIPPET_RELEVANT b'1208663'
ACTION DOC 10000 1773 EXAMINING_DOCUMENT b'1208663'
ACTION QUERY 10000 1783 abuses of e mail game
ACTION SERP 10000 1788 EXAMINE_SERP
ACTION SNIPPET 10000 1791 SEEN_PREVIOUSLY b'1309604'
ACTION SNIPPET 10000 1794 SNIPPET_RELEVANT b'1631703'
ACTION DOC 10000 1814 EXAMINING_DOCUMENT b'1631703'
ACTION SNIPPET 10000 1817 SEEN_PREVIOUSLY b'1279592'
ACTION SNIPPET 10000 1820 SEEN_PREVIOUSLY b'506870'
ACTION SNIPPET 10000 1823 SEEN_PREVIOUSLY b'501179'
ACTION SNIPPET 10000 1826 SEEN_PREVIOUSLY b'194014'
ACTION SNIPPET 10000 1829 SNIPPET_NOT_RELEVANT b'617506'
ACTION SNIPPET 10000 1832 SEEN_PREVIOUSLY b'1116169'
ACTION SNIPPET 10000 1835 SNIPPET_NOT_RELEVANT b'895942'
ACTION SNIPPET 10000 1838 SNIPPET_NOT_RELEVANT b'1020235'
ACTION QUERY 10000 1848 abuses of e mail games
ACTION SERP 10000 1853 EXAMINE_SERP
ACTION SNIPPET 10000 1856 SEEN_PREVIOUSLY b'1309604'
ACTION SNIPPET 10000 1859 SEEN_PREVIOUSLY b'1631703'
ACTION SNIPPET 10000 1862 SEEN_PREVIOUSLY b'1279592'
ACTION SNIPPET 10000 1865 SEEN_PREVIOUSLY b'506870'
ACTION SNIPPET 10000 1868 SEEN_PREVIOUSLY b'501179'
ACTION SNIPPET 10000 1871 SEEN_PREVIOUSLY b'194014'
ACTION SNIPPET 10000 1874 SNIPPET_NOT_RELEVANT b'617506'
ACTION SNIPPET 10000 1877 SEEN_PREVIOUSLY b'1116169'
ACTION SNIPPET 10000 1880 SNIPPET_NOT_RELEVANT b'895942'
ACTION SNIPPET 10000 1883 SNIPPET_NOT_RELEVANT b'1020235'
ACTION QUERY 10000 1893 abuses of e mail desktop
ACTION SERP 10000 1898 EXAMINE_SERP
ACTION SNIPPET 10000 1901 SNIPPET_RELEVANT b'1697221'
ACTION DOC 10000 1921 EXAMINING_DOCUMENT b'1697221'
ACTION SNIPPET 10000 1924 SNIPPET_NOT_RELEVANT b'1620817'
ACTION SNIPPET 10000 1927 SNIPPET_RELEVANT b'1270878'
ACTION DOC 10000 1947 EXAMINING_DOCUMENT b'1270878'
ACTION SNIPPET 10000 1950 SNIPPET_NOT_RELEVANT b'1076956'
ACTION SNIPPET 10000 1953 SNIPPET_RELEVANT b'1156104'
ACTION DOC 10000 1973 EXAMINING_DOCUMENT b'1156104'
ACTION SNIPPET 10000 1976 SNIPPET_NOT_RELEVANT b'1447876'
ACTION SNIPPET 10000 1979 SNIPPET_RELEVANT b'1042035'
ACTION DOC 10000 1999 EXAMINING_DOCUMENT b'1042035'
ACTION MARK 10000 2002 CONSIDERED_RELEVANT b'1042035'
ACTION SNIPPET 10000 2005 SNIPPET_RELEVANT b'1803428'
ACTION DOC 10000 2025 EXAMINING_DOCUMENT b'1803428'
ACTION SNIPPET 10000 2028 SNIPPET_NOT_RELEVANT b'1078974'
ACTION SNIPPET 10000 2031 SNIPPET_RELEVANT b'1098453'
ACTION DOC 10000 2051 EXAMINING_DOCUMENT b'1098453'
ACTION QUERY 10000 2061 abuses of e mail who
ACTION SERP 10000 2066 EXAMINE_SERP
ACTION SNIPPET 10000 2069 SEEN_PREVIOUSLY b'506870'
ACTION SNIPPET 10000 2072 SEEN_PREVIOUSLY b'501179'
ACTION SNIPPET 10000 2075 SEEN_PREVIOUSLY b'194014'
ACTION SNIPPET 10000 2078 SEEN_PREVIOUSLY b'1116169'
ACTION SNIPPET 10000 2081 SNIPPET_RELEVANT b'542391'
ACTION DOC 10000 2101 EXAMINING_DOCUMENT b'542391'
ACTION SNIPPET 10000 2104 SEEN_PREVIOUSLY b'79116'
ACTION SNIPPET 10000 2107 SEEN_PREVIOUSLY b'1309604'
ACTION SNIPPET 10000 2110 SEEN_PREVIOUSLY b'1238056'
ACTION SNIPPET 10000 2113 SEEN_PREVIOUSLY b'955775'
ACTION SNIPPET 10000 2116 SEEN_PREVIOUSLY b'1381770'
ACTION QUERY 10000 2126 abuses of e mail watch
ACTION SERP 10000 2131 EXAMINE_SERP
ACTION SNIPPET 10000 2134 SNIPPET_NOT_RELEVANT b'1402840'
ACTION SNIPPET 10000 2137 SEEN_PREVIOUSLY b'506870'
ACTION SNIPPET 10000 2140 SEEN_PREVIOUSLY b'501179'
ACTION SNIPPET 10000 2143 SNIPPET_NOT_RELEVANT b'1792470'
ACTION SNIPPET 10000 2146 SEEN_PREVIOUSLY b'1620937'
ACTION SNIPPET 10000 2149 SNIPPET_RELEVANT b'291435'
ACTION DOC 10000 2169 EXAMINING_DOCUMENT b'291435'
ACTION SNIPPET 10000 2172 SEEN_PREVIOUSLY b'194014'
ACTION SNIPPET 10000 2175 SNIPPET_NOT_RELEVANT b'712349'
ACTION SNIPPET 10000 2178 SNIPPET_RELEVANT b'1183856'
ACTION DOC 10000 2198 EXAMINING_DOCUMENT b'1183856'
ACTION SNIPPET 10000 2201 SEEN_PREVIOUSLY b'1116169'
ACTION QUERY 10000 2211 abuses of e mail employers
ACTION SERP 10000 2216 EXAMINE_SERP
ACTION SNIPPET 10000 2219 SEEN_PREVIOUSLY b'1309604'
ACTION SNIPPET 10000 2222 SNIPPET_NOT_RELEVANT b'997195'
ACTION SNIPPET 10000 2225 SNIPPET_RELEVANT b'88071'
ACTION DOC 10000 2245 EXAMINING_DOCUMENT b'88071'
ACTION SNIPPET 10000 2248 SNIPPET_NOT_RELEVANT b'173561'
ACTION SNIPPET 10000 2251 SNIPPET_RELEVANT b'144551'
ACTION DOC 10000 2271 EXAMINING_DOCUMENT b'144551'
ACTION SNIPPET 10000 2274 SNIPPET_RELEVANT b'1217990'
ACTION DOC 10000 2294 EXAMINING_DOCUMENT b'1217990'
ACTION MARK 10000 2297 CONSIDERED_RELEVANT b'1217990'
ACTION SNIPPET 10000 2300 SNIPPET_NOT_RELEVANT b'1083252'
ACTION SNIPPET 10000 2303 SNIPPET_RELEVANT b'1259324'
ACTION DOC 10000 2323 EXAMINING_DOCUMENT b'1259324'
ACTION SNIPPET 10000 2326 SNIPPET_RELEVANT b'1161253'
ACTION DOC 10000 2346 EXAMINING_DOCUMENT b'1161253'
ACTION MARK 10000 2349 CONSIDERED_RELEVANT b'1161253'
ACTION SNIPPET 10000 2352 SNIPPET_RELEVANT b'335502'
ACTION DOC 10000 2372 EXAMINING_DOCUMENT b'335502'
ACTION QUERY 10000 2382 abuses of e mail unwelcome
ACTION SERP 10000 2387 EXAMINE_SERP
ACTION SNIPPET 10000 2390 SNIPPET_NOT_RELEVANT b'1594918'
ACTION SNIPPET 10000 2393 SNIPPET_RELEVANT b'199076'
ACTION DOC 10000 2413 EXAMINING_DOCUMENT b'199076'
ACTION SNIPPET 10000 2416 SNIPPET_RELEVANT b'1367435'
ACTION DOC 10000 2436 EXAMINING_DOCUMENT b'1367435'
ACTION SNIPPET 10000 2439 SNIPPET_NOT_RELEVANT b'862189'
ACTION SNIPPET 10000 2442 SNIPPET_RELEVANT b'1652336'
ACTION DOC 10000 2462 EXAMINING_DOCUMENT b'1652336'
ACTION SNIPPET 10000 2465 SNIPPET_NOT_RELEVANT b'1485782'
ACTION SNIPPET 10000 2468 SNIPPET_NOT_RELEVANT b'1163246'
ACTION SNIPPET 10000 2471 SNIPPET_NOT_RELEVANT b'1077309'
ACTION SNIPPET 10000 2474 SNIPPET_NOT_RELEVANT b'1134128'
ACTION SNIPPET 10000 2477 SNIPPET_NOT_RELEVANT b'1135698'
ACTION QUERY 10000 2487 abuses of e mail surfing
ACTION SERP 10000 2492 EXAMINE_SERP
ACTION SNIPPET 10000 2495 SEEN_PREVIOUSLY b'1309604'
ACTION SNIPPET 10000 2498 SNIPPET_NOT_RELEVANT b'807183'
ACTION SNIPPET 10000 2501 SNIPPET_RELEVANT b'1030450'
ACTION DOC 10000 2521 EXAMINING_DOCUMENT b'1030450'
ACTION SNIPPET 10000 2524 SNIPPET_RELEVANT b'1100315'
ACTION DOC 10000 2544 EXAMINING_DOCUMENT b'1100315'
ACTION SNIPPET 10000 2547 SNIPPET_NOT_RELEVANT b'1354564'
ACTION SNIPPET 10000 2550 SNIPPET_NOT_RELEVANT b'1100312'
ACTION SNIPPET 10000 2553 SNIPPET_RELEVANT b'1753579'
ACTION DOC 10000 2573 EXAMINING_DOCUMENT b'1753579'
ACTION SNIPPET 10000 2576 SNIPPET_RELEVANT b'1647843'
ACTION DOC 10000 2596 EXAMINING_DOCUMENT b'1647843'
ACTION SNIPPET 10000 2599 SNIPPET_RELEVANT b'1397591'
ACTION DOC 10000 2619 EXAMINING_DOCUMENT b'1397591'
ACTION SNIPPET 10000 2622 SNIPPET_RELEVANT b'1277981'
ACTION DOC 10000 2642 EXAMINING_DOCUMENT b'1277981'
ACTION QUERY 10000 2652 abuses of e mail xerox
ACTION SERP 10000 2657 EXAMINE_SERP
ACTION SNIPPET 10000 2660 SNIPPET_NOT_RELEVANT b'951404'
ACTION SNIPPET 10000 2663 SNIPPET_RELEVANT b'1392392'
ACTION DOC 10000 2683 EXAMINING_DOCUMENT b'1392392'
ACTION SNIPPET 10000 2686 SNIPPET_RELEVANT b'737108'
ACTION DOC 10000 2706 EXAMINING_DOCUMENT b'737108'
ACTION SNIPPET 10000 2709 SNIPPET_RELEVANT b'1405672'
ACTION DOC 10000 2729 EXAMINING_DOCUMENT b'1405672'
ACTION SNIPPET 10000 2732 SNIPPET_NOT_RELEVANT b'1383330'
ACTION SNIPPET 10000 2735 SNIPPET_NOT_RELEVANT b'1134384'
ACTION SNIPPET 10000 2738 SNIPPET_RELEVANT b'1108673'
ACTION DOC 10000 2758 EXAMINING_DOCUMENT b'1108673'
ACTION SNIPPET 10000 2761 SNIPPET_NOT_RELEVANT b'1351287'
ACTION SNIPPET 10000 2764 SNIPPET_RELEVANT b'931052'
ACTION DOC 10000 2784 EXAMINING_DOCUMENT b'931052'
ACTION SNIPPET 10000 2787 SNIPPET_NOT_RELEVANT b'1426518'
ACTION QUERY 10000 2797 abuses of e mail changed
ACTION SERP 10000 2802 EXAMINE_SERP
ACTION SNIPPET 10000 2805 SEEN_PREVIOUSLY b'1381770'
ACTION SNIPPET 10000 2808 SEEN_PREVIOUSLY b'506870'
ACTION SNIPPET 10000 2811 SEEN_PREVIOUSLY b'501179'
ACTION SNIPPET 10000 2814 SNIPPET_RELEVANT b'1606733'
ACTION DOC 10000 2834 EXAMINING_DOCUMENT b'1606733'
ACTION SNIPPET 10000 2837 SEEN_PREVIOUSLY b'194014'
ACTION SNIPPET 10000 2840 SEEN_PREVIOUSLY b'1689651'
ACTION SNIPPET 10000 2843 SEEN_PREVIOUSLY b'1116169'
ACTION SNIPPET 10000 2846 SNIPPET_NOT_RELEVANT b'1546497'
ACTION SNIPPET 10000 2849 SEEN_PREVIOUSLY b'1631703'
ACTION SNIPPET 10000 2852 SEEN_PREVIOUSLY b'1038655'
ACTION QUERY 10000 2862 abuses of e mail keeps
ACTION SERP 10000 2867 EXAMINE_SERP
ACTION SNIPPET 10000 2870 SEEN_PREVIOUSLY b'506870'
ACTION SNIPPET 10000 2873 SEEN_PREVIOUSLY b'501179'
ACTION SNIPPET 10000 2876 SNIPPET_NOT_RELEVANT b'1581330'
ACTION SNIPPET 10000 2879 SNIPPET_NOT_RELEVANT b'1219691'
ACTION SNIPPET 10000 2882 SNIPPET_RELEVANT b'209205'
ACTION DOC 10000 2902 EXAMINING_DOCUMENT b'209205'
ACTION SNIPPET 10000 2905 SNIPPET_RELEVANT b'1817186'
ACTION DOC 10000 2925 EXAMINING_DOCUMENT b'1817186'
ACTION SNIPPET 10000 2928 SEEN_PREVIOUSLY b'194014'
ACTION SNIPPET 10000 2931 SEEN_PREVIOUSLY b'1116169'
ACTION SNIPPET 10000 2934 SEEN_PREVIOUSLY b'1620937'
ACTION SNIPPET 10000 2937 SEEN_PREVIOUSLY b'1652336'
ACTION QUERY 10000 2947 abuses of e mail emails
ACTION SERP 10000 2952 EXAMINE_SERP
ACTION SNIPPET 10000 2955 SEEN_PREVIOUSLY b'1116169'
ACTION SNIPPET 10000 2958 SNIPPET_NOT_RELEVANT b'1403816'
ACTION SNIPPET 10000 2961 SEEN_PREVIOUSLY b'1238056'
ACTION SNIPPET 10000 2964 SNIPPET_NOT_RELEVANT b'1497837'
ACTION SNIPPET 10000 2967 SNIPPET_NOT_RELEVANT b'1006660'
ACTION SNIPPET 10000 2970 SNIPPET_NOT_RELEVANT b'1266712'
ACTION SNIPPET 10000 2973 SNIPPET_NOT_RELEVANT b'789601'
ACTION SNIPPET 10000 2976 SNIPPET_NOT_RELEVANT b'1080876'
ACTION SNIPPET 10000 2979 SNIPPET_NOT_RELEVANT b'1656617'
ACTION SNIPPET 10000 2982 SNIPPET_NOT_RELEVANT b'900017'
ACTION QUERY 10000 2992 abuses of e mail conversations
ACTION SERP 10000 2997 EXAMINE_SERP
ACTION SNIPPET 10000 3000 SNIPPET_RELEVANT b'752455'
ACTION DOC 10000 3020 EXAMINING_DOCUMENT b'752455'
ACTION SNIPPET 10000 3023 SEEN_PREVIOUSLY b'1217990'
ACTION SNIPPET 10000 3026 SNIPPET_NOT_RELEVANT b'1845190'
ACTION SNIPPET 10000 3029 SNIPPET_NOT_RELEVANT b'1027167'
ACTION SNIPPET 10000 3032 SNIPPET_NOT_RELEVANT b'894711'
ACTION SNIPPET 10000 3035 SEEN_PREVIOUSLY b'506870'
ACTION SNIPPET 10000 3038 SNIPPET_RELEVANT b'1011774'
ACTION DOC 10000 3058 EXAMINING_DOCUMENT b'1011774'
ACTION SNIPPET 10000 3061 SEEN_PREVIOUSLY b'501179'
ACTION SNIPPET 10000 3064 SNIPPET_NOT_RELEVANT b'1743166'
ACTION SNIPPET 10000 3067 SNIPPET_RELEVANT b'1249478'
ACTION DOC 10000 3087 EXAMINING_DOCUMENT b'1249478'
ACTION QUERY 10000 3097 abuses of e mail made
ACTION SERP 10000 3102 EXAMINE_SERP
ACTION SNIPPET 10000 3105 SEEN_PREVIOUSLY b'194014'
ACTION SNIPPET 10000 3108 SEEN_PREVIOUSLY b'506870'
ACTION SNIPPET 10000 3111 SEEN_PREVIOUSLY b'501179'
ACTION SNIPPET 10000 3114 SEEN_PREVIOUSLY b'1381770'
ACTION SNIPPET 10000 3117 SNIPPET_NOT_RELEVANT b'1582192'
ACTION SNIPPET 10000 3120 SNIPPET_RELEVANT b'1641915'
ACTION DOC 10000 3140 EXAMINING_DOCUMENT b'1641915'
ACTION SNIPPET 10000 3143 SEEN_PREVIOUSLY b'1116169'
ACTION SNIPPET 10000 3146 SEEN_PREVIOUSLY b'1652336'
ACTION SNIPPET 10000 3149 SEEN_PREVIOUSLY b'542391'
ACTION SNIPPET 10000 3152 SEEN_PREVIOUSLY b'1606733'
ACTION QUERY 10000 3162 abuses of e mail can
ACTION SERP 10000 3167 EXAMINE_SERP
ACTION SNIPPET 10000 3170 SEEN_PREVIOUSLY b'506870'
ACTION SNIPPET 10000 3173 SEEN_PREVIOUSLY b'501179'
ACTION SNIPPET 10000 3176 SEEN_PREVIOUSLY b'1116169'
ACTION SNIPPET 10000 3179 SEEN_PREVIOUSLY b'1238056'
ACTION SNIPPET 10000 3182 SEEN_PREVIOUSLY b'955775'
ACTION SNIPPET 10000 3185 SEEN_PREVIOUSLY b'542391'
ACTION SNIPPET 10000 3188 SEEN_PREVIOUSLY b'194014'
ACTION SNIPPET 10000 3191 SEEN_PREVIOUSLY b'1485201'
ACTION SNIPPET 10000 3194 SEEN_PREVIOUSLY b'1747359'
ACTION SNIPPET 10000 3197 SNIPPET_NOT_RELEVANT b'1424814'
ACTION QUERY 10000 3207 abuses of e mail employees
ACTION SERP 10000 3212 EXAMINE_SERP
ACTION SNIPPET 10000 3215 SNIPPET_NOT_RELEVANT b'173561'
ACTION SNIPPET 10000 3218 SNIPPET_NOT_RELEVANT b'1124291'
ACTION SNIPPET 10000 3221 SNIPPET_NOT_RELEVANT b'1595999'
ACTION SNIPPET 10000 3224 SEEN_PREVIOUSLY b'1606733'
ACTION SNIPPET 10000 3227 SNIPPET_NOT_RELEVANT b'541731'
ACTION SNIPPET 10000 3230 SNIPPET_NOT_RELEVANT b'1095677'
ACTION SNIPPET 10000 3233 SNIPPET_NOT_RELEVANT b'150133'
ACTION SNIPPET 10000 3236 SNIPPET_RELEVANT b'1719233'
ACTION DOC 10000 3256 EXAMINING_DOCUMENT b'1719233'
ACTION SNIPPET 10000 3259 SNIPPET_RELEVANT b'518151'
ACTION DOC 10000 3279 EXAMINING_DOCUMENT b'518151'
ACTION SNIPPET 10000 3282 SEEN_PREVIOUSLY b'1217990'
ACTION QUERY 10000 3292 abuses of e mail typing
ACTION SERP 10000 3297 EXAMINE_SERP
ACTION SNIPPET 10000 3300 SNIPPET_NOT_RELEVANT b'1020235'
ACTION SNIPPET 10000 3303 SNIPPET_NOT_RELEVANT b'1641883'
ACTION SNIPPET 10000 3306 SEEN_PREVIOUSLY b'1580049'
ACTION SNIPPET 10000 3309 SEEN_PREVIOUSLY b'258695'
ACTION SNIPPET 10000 3312 SEEN_PREVIOUSLY b'710542'
ACTION SNIPPET 10000 3315 SEEN_PREVIOUSLY b'506870'
ACTION SNIPPET 10000 3318 SEEN_PREVIOUSLY b'501179'
ACTION SNIPPET 10000 3321 SEEN_PREVIOUSLY b'1005104'
ACTION SNIPPET 10000 3324 SEEN_PREVIOUSLY b'1697221'
ACTION SNIPPET 10000 3327 SEEN_PREVIOUSLY b'1208663'
ACTION QUERY 10000 3337 abuses of e mail benefit
ACTION SERP 10000 3342 EXAMINE_SERP
ACTION SNIPPET 10000 3345 SNIPPET_NOT_RELEVANT b'618995'
ACTION SNIPPET 10000 3348 SEEN_PREVIOUSLY b'286718'
ACTION SNIPPET 10000 3351 SNIPPET_RELEVANT b'1571333'
ACTION DOC 10000 3371 EXAMINING_DOCUMENT b'1571333'
ACTION SNIPPET 10000 3374 SEEN_PREVIOUSLY b'1065228'
ACTION SNIPPET 10000 3377 SEEN_PREVIOUSLY b'1382167'
ACTION SNIPPET 10000 3380 SEEN_PREVIOUSLY b'506870'
ACTION SNIPPET 10000 3383 SEEN_PREVIOUSLY b'501179'
ACTION SNIPPET 10000 3386 SNIPPET_NOT_RELEVANT b'228279'
ACTION SNIPPET 10000 3389 SEEN_PREVIOUSLY b'258695'
ACTION SNIPPET 10000 3392 SEEN_PREVIOUSLY b'1038655'
ACTION QUERY 10000 3402 abuses of e mail world
ACTION SERP 10000 3407 EXAMINE_SERP
ACTION SNIPPET 10000 3410 SEEN_PREVIOUSLY b'506870'
ACTION SNIPPET 10000 3413 SEEN_PREVIOUSLY b'501179'
ACTION SNIPPET 10000 3416 SEEN_PREVIOUSLY b'955775'
ACTION SNIPPET 10000 3419 SEEN_PREVIOUSLY b'1747359'
ACTION SNIPPET 10000 3422 SEEN_PREVIOUSLY b'194014'
ACTION SNIPPET 10000 3425 SNIPPET_NOT_RELEVANT b'1626672'
ACTION SNIPPET 10000 3428 SEEN_PREVIOUSLY b'1116169'
ACTION SNIPPET 10000 3431 SNIPPET_NOT_RELEVANT b'1845190'
ACTION SNIPPET 10000 3434 SNIPPET_RELEVANT b'997195'
ACTION DOC 10000 3454 EXAMINING_DOCUMENT b'997195'
ACTION SNIPPET 10000 3457 SEEN_PREVIOUSLY b'1606733'
ACTION QUERY 10000 3467 abuses of e mail workplace
ACTION SERP 10000 3472 EXAMINE_SERP
ACTION SNIPPET 10000 3475 SNIPPET_NOT_RELEVANT b'1595999'
ACTION SNIPPET 10000 3478 SEEN_PREVIOUSLY b'1259324'
ACTION SNIPPET 10000 3481 SNIPPET_NOT_RELEVANT b'1095677'
ACTION SNIPPET 10000 3484 SEEN_PREVIOUSLY b'1719233'
ACTION SNIPPET 10000 3487 SNIPPET_NOT_RELEVANT b'1083252'
ACTION SNIPPET 10000 3490 SNIPPET_NOT_RELEVANT b'1065677'
ACTION SNIPPET 10000 3493 SNIPPET_NOT_RELEVANT b'1227747'
ACTION SNIPPET 10000 3496 SNIPPET_NOT_RELEVANT b'835522'
ACTION SNIPPET 10000 3499 SNIPPET_RELEVANT b'1279833'
ACTION DOC 10000 3519 EXAMINING_DOCUMENT b'1279833'
ACTION MARK 10000 3522 CONSIDERED_RELEVANT b'1279833'
ACTION SNIPPET 10000 3525 SNIPPET_NOT_RELEVANT b'656775'
ACTION QUERY 10000 3535 abuses of e mail little
ACTION SERP 10000 3540 EXAMINE_SERP
ACTION SNIPPET 10000 3543 SEEN_PREVIOUSLY b'506870'
ACTION SNIPPET 10000 3546 SEEN_PREVIOUSLY b'1747359'
ACTION SNIPPET 10000 3549 SEEN_PREVIOUSLY b'501179'
ACTION SNIPPET 10000 3552 SEEN_PREVIOUSLY b'381425'
ACTION SNIPPET 10000 3555 SEEN_PREVIOUSLY b'194014'
ACTION SNIPPET 10000 3558 SEEN_PREVIOUSLY b'1116169'
ACTION SNIPPET 10000 3561 SNIPPET_NOT_RELEVANT b'311875'
ACTION SNIPPET 10000 3564 SEEN_PREVIOUSLY b'542391'
ACTION SNIPPET 10000 3567 SEEN_PREVIOUSLY b'1238056'
ACTION SNIPPET 10000 3570 SEEN_PREVIOUSLY b'209205'
ACTION QUERY 10000 3580 abuses of e mail easing
ACTION SERP 10000 3585 EXAMINE_SERP
ACTION SNIPPET 10000 3588 SEEN_PREVIOUSLY b'79116'
ACTION SNIPPET 10000 3591 SNIPPET_NOT_RELEVANT b'1367158'
ACTION SNIPPET 10000 3594 SNIPPET_NOT_RELEVANT b'1581330'
ACTION SNIPPET 10000 3597 SNIPPET_NOT_RELEVANT b'116061'
ACTION SNIPPET 10000 3600 SEEN_PREVIOUSLY b'506870'
ACTION SNIPPET 10000 3603 SEEN_PREVIOUSLY b'501179'
ACTION SNIPPET 10000 3606 SNIPPET_NOT_RELEVANT b'1834401'
ACTION SNIPPET 10000 3609 SNIPPET_NOT_RELEVANT b'1029830'
ACTION SNIPPET 10000 3612 SNIPPET_NOT_RELEVANT b'19863'
ACTION SNIPPET 10000 3615 SNIPPET_RELEVANT b'1386259'
ACTION DOC 10000 3635 EXAMINING_DOCUMENT b'1386259'
ACTION QUERY 10000 3645 abuses of e mail productive
ACTION SERP 10000 3650 EXAMINE_SERP
ACTION SNIPPET 10000 3653 SEEN_PREVIOUSLY b'506870'
ACTION SNIPPET 10000 3656 SEEN_PREVIOUSLY b'1038655'
ACTION SNIPPET 10000 3659 SEEN_PREVIOUSLY b'501179'
ACTION SNIPPET 10000 3662 SNIPPET_NOT_RELEVANT b'1678944'
ACTION SNIPPET 10000 3665 SEEN_PREVIOUSLY b'194014'
ACTION SNIPPET 10000 3668 SNIPPET_RELEVANT b'1595999'
ACTION DOC 10000 3688 EXAMINING_DOCUMENT b'1595999'
ACTION SNIPPET 10000 3691 SNIPPET_NOT_RELEVANT b'1534533'
ACTION SNIPPET 10000 3694 SEEN_PREVIOUSLY b'258695'
ACTION SNIPPET 10000 3697 SNIPPET_RELEVANT b'342017'
ACTION DOC 10000 3717 EXAMINING_DOCUMENT b'342017'
ACTION SNIPPET 10000 3720 SEEN_PREVIOUSLY b'1116169'
ACTION QUERY 10000 3730 abuses of e mail email
ACTION SERP 10000 3735 EXAMINE_SERP
ACTION SNIPPET 10000 3738 SEEN_PREVIOUSLY b'1116169'
ACTION SNIPPET 10000 3741 SNIPPET_NOT_RELEVANT b'1403816'
ACTION SNIPPET 10000 3744 SEEN_PREVIOUSLY b'1238056'
ACTION SNIPPET 10000 3747 SNIPPET_NOT_RELEVANT b'1497837'
ACTION SNIPPET 10000 3750 SNIPPET_RELEVANT b'1006660'
ACTION DOC 10000 3770 EXAMINING_DOCUMENT b'1006660'
ACTION SNIPPET 10000 3773 SNIPPET_RELEVANT b'1266712'
ACTION DOC 10000 3793 EXAMINING_DOCUMENT b'1266712'
ACTION SNIPPET 10000 3796 SNIPPET_NOT_RELEVANT b'789601'
ACTION SNIPPET 10000 3799 SNIPPET_NOT_RELEVANT b'1080876'
ACTION SNIPPET 10000 3802 SNIPPET_NOT_RELEVANT b'1656617'
ACTION SNIPPET 10000 3805 SNIPPET_NOT_RELEVANT b'900017'
ACTION QUERY 10000 3815 abuses of e mail useful
ACTION SERP 10000 3820 EXAMINE_SERP
ACTION SNIPPET 10000 3823 SEEN_PREVIOUSLY b'1309604'
ACTION SNIPPET 10000 3826 SEEN_PREVIOUSLY b'1365691'
ACTION SNIPPET 10000 3829 SEEN_PREVIOUSLY b'1689651'
ACTION SNIPPET 10000 3832 SEEN_PREVIOUSLY b'381425'
ACTION SNIPPET 10000 3835 SNIPPET_NOT_RELEVANT b'1403816'
ACTION SNIPPET 10000 3838 SEEN_PREVIOUSLY b'1038655'
ACTION SNIPPET 10000 3841 SEEN_PREVIOUSLY b'1641915'
ACTION SNIPPET 10000 3844 SEEN_PREVIOUSLY b'506870'
ACTION SNIPPET 10000 3847 SEEN_PREVIOUSLY b'501179'
ACTION SNIPPET 10000 3850 SEEN_PREVIOUSLY b'1544167'
ACTION QUERY 10000 3860 abuses of e mail monitor
ACTION SERP 10000 3865 EXAMINE_SERP
ACTION SNIPPET 10000 3868 SNIPPET_NOT_RELEVANT b'1124291'
ACTION SNIPPET 10000 3871 SEEN_PREVIOUSLY b'1217990'
ACTION SNIPPET 10000 3874 SNIPPET_NOT_RELEVANT b'1674087'
ACTION SNIPPET 10000 3877 SNIPPET_NOT_RELEVANT b'1736100'
ACTION SNIPPET 10000 3880 SNIPPET_NOT_RELEVANT b'1732730'
ACTION SNIPPET 10000 3883 SNIPPET_NOT_RELEVANT b'1842751'
ACTION SNIPPET 10000 3886 SNIPPET_RELEVANT b'1189438'
ACTION DOC 10000 3906 EXAMINING_DOCUMENT b'1189438'
ACTION MARK 10000 3909 CONSIDERED_RELEVANT b'1189438'
ACTION SNIPPET 10000 3912 SNIPPET_NOT_RELEVANT b'1844802'
ACTION SNIPPET 10000 3915 SNIPPET_NOT_RELEVANT b'870867'
ACTION SNIPPET 10000 3918 SNIPPET_RELEVANT b'1075520'
ACTION DOC 10000 3938 EXAMINING_DOCUMENT b'1075520'
ACTION QUERY 10000 3948 abuses of e mail manager
ACTION SERP 10000 3953 EXAMINE_SERP
ACTION SNIPPET 10000 3956 SEEN_PREVIOUSLY b'194014'
ACTION SNIPPET 10000 3959 SEEN_PREVIOUSLY b'1595999'
ACTION SNIPPET 10000 3962 SNIPPET_RELEVANT b'1581330'
ACTION DOC 10000 3982 EXAMINING_DOCUMENT b'1581330'
ACTION SNIPPET 10000 3985 SEEN_PREVIOUSLY b'506870'
ACTION SNIPPET 10000 3988 SEEN_PREVIOUSLY b'501179'
ACTION SNIPPET 10000 3991 SEEN_PREVIOUSLY b'381425'
ACTION SNIPPET 10000 3994 SEEN_PREVIOUSLY b'1747359'
ACTION SNIPPET 10000 3997 SEEN_PREVIOUSLY b'1689651'
ACTION SNIPPET 10000 4000 SNIPPET_NOT_RELEVANT b'1065677'
ACTION SNIPPET 10000 4003 SNIPPET_RELEVANT b'1124291'
ACTION DOC 10000 4023 EXAMINING_DOCUMENT b'1124291'
ACTION MARK 10000 4026 CONSIDERED_RELEVANT b'1124291'
ACTION QUERY 10000 4036 abuses of e mail message
ACTION SERP 10000 4041 EXAMINE_SERP
ACTION SNIPPET 10000 4044 SEEN_PREVIOUSLY b'1381770'
ACTION SNIPPET 10000 4047 SEEN_PREVIOUSLY b'1238056'
ACTION SNIPPET 10000 4050 SEEN_PREVIOUSLY b'1606733'
ACTION SNIPPET 10000 4053 SNIPPET_RELEVANT b'1205982'
ACTION DOC 10000 4073 EXAMINING_DOCUMENT b'1205982'
ACTION SNIPPET 10000 4076 SEEN_PREVIOUSLY b'1747359'
ACTION SNIPPET 10000 4079 SEEN_PREVIOUSLY b'1309604'
ACTION SNIPPET 10000 4082 SNIPPET_NOT_RELEVANT b'1546497'
ACTION SNIPPET 10000 4085 SEEN_PREVIOUSLY b'1382167'
ACTION SNIPPET 10000 4088 SEEN_PREVIOUSLY b'1365691'
ACTION SNIPPET 10000 4091 SNIPPET_RELEVANT b'1626672'
ACTION DOC 10000 4111 EXAMINING_DOCUMENT b'1626672'
ACTION QUERY 10000 4121 abuses of e mail beth
ACTION SERP 10000 4126 EXAMINE_SERP
ACTION SNIPPET 10000 4129 SNIPPET_NOT_RELEVANT b'545724'
ACTION SNIPPET 10000 4132 SNIPPET_RELEVANT b'663916'
ACTION DOC 10000 4152 EXAMINING_DOCUMENT b'663916'
ACTION SNIPPET 10000 4155 SNIPPET_NOT_RELEVANT b'386924'
ACTION SNIPPET 10000 4158 SEEN_PREVIOUSLY b'1581330'
ACTION SNIPPET 10000 4161 SNIPPET_NOT_RELEVANT b'1577247'
ACTION SNIPPET 10000 4164 SNIPPET_NOT_RELEVANT b'92124'
ACTION SNIPPET 10000 4167 SNIPPET_NOT_RELEVANT b'131382'
ACTION SNIPPET 10000 4170 SEEN_PREVIOUSLY b'1124291'
ACTION SNIPPET 10000 4173 SNIPPET_NOT_RELEVANT b'1149850'
ACTION SNIPPET 10000 4176 SNIPPET_RELEVANT b'1248308'
ACTION DOC 10000 4196 EXAMINING_DOCUMENT b'1248308'
ACTION QUERY 10000 4206 abuses of e mail andrew
ACTION SERP 10000 4211 EXAMINE_SERP
ACTION SNIPPET 10000 4214 SEEN_PREVIOUSLY b'506870'
ACTION SNIPPET 10000 4217 SNIPPET_RELEVANT b'68545'
ACTION DOC 10000 4237 EXAMINING_DOCUMENT b'68545'
ACTION SNIPPET 10000 4240 SEEN_PREVIOUSLY b'501179'
ACTION SNIPPET 10000 4243 SNIPPET_RELEVANT b'783913'
ACTION DOC 10000 4263 EXAMINING_DOCUMENT b'783913'
ACTION SNIPPET 10000 4266 SNIPPET_NOT_RELEVANT b'1020235'
ACTION SNIPPET 10000 4269 SNIPPET_NOT_RELEVANT b'1010492'
ACTION SNIPPET 10000 4272 SNIPPET_RELEVANT b'1025849'
ACTION DOC 10000 4292 EXAMINING_DOCUMENT b'1025849'
ACTION SNIPPET 10000 4295 SEEN_PREVIOUSLY b'194014'
ACTION SNIPPET 10000 4298 SNIPPET_RELEVANT b'979050'
ACTION DOC 10000 4318 EXAMINING_DOCUMENT b'979050'
ACTION SNIPPET 10000 4321 SNIPPET_NOT_RELEVANT b'1681006'
ACTION QUERY 10000 4331 abuses of e mail harassment
ACTION SERP 10000 4336 EXAMINE_SERP
ACTION SNIPPET 10000 4339 SNIPPET_RELEVANT b'173135'
ACTION DOC 10000 4359 EXAMINING_DOCUMENT b'173135'
ACTION SNIPPET 10000 4362 SNIPPET_RELEVANT b'926328'
ACTION DOC 10000 4382 EXAMINING_DOCUMENT b'926328'
ACTION SNIPPET 10000 4385 SNIPPET_RELEVANT b'880439'
ACTION DOC 10000 4405 EXAMINING_DOCUMENT b'880439'
ACTION SNIPPET 10000 4408 SEEN_PREVIOUSLY b'1571333'
ACTION SNIPPET 10000 4411 SNIPPET_RELEVANT b'1755225'
ACTION DOC 10000 4431 EXAMINING_DOCUMENT b'1755225'
ACTION SNIPPET 10000 4434 SEEN_PREVIOUSLY b'1719233'
ACTION SNIPPET 10000 4437 SNIPPET_RELEVANT b'870867'
ACTION DOC 10000 4457 EXAMINING_DOCUMENT b'870867'
ACTION SNIPPET 10000 4460 SNIPPET_RELEVANT b'1670919'
ACTION DOC 10000 4480 EXAMINING_DOCUMENT b'1670919'
ACTION SNIPPET 10000 4483 SNIPPET_NOT_RELEVANT b'481024'
ACTION SNIPPET 10000 4486 SNIPPET_NOT_RELEVANT b'383480'
ACTION QUERY 10000 4496 abuses of e mail data
ACTION SERP 10000 4501 EXAMINE_SERP
ACTION SNIPPET 10000 4504 SNIPPET_RELEVANT b'1424814'
ACTION DOC 10000 4524 EXAMINING_DOCUMENT b'1424814'
ACTION SNIPPET 10000 4527 SEEN_PREVIOUSLY b'1365691'
ACTION SNIPPET 10000 4530 SNIPPET_RELEVANT b'1674487'
ACTION DOC 10000 4550 EXAMINING_DOCUMENT b'1674487'
ACTION MARK 10000 4553 CONSIDERED_RELEVANT b'1674487'
ACTION SNIPPET 10000 4556 SEEN_PREVIOUSLY b'1038655'
ACTION SNIPPET 10000 4559 SNIPPET_NOT_RELEVANT b'712494'
ACTION SNIPPET 10000 4562 SNIPPET_RELEVANT b'1106567'
ACTION DOC 10000 4582 EXAMINING_DOCUMENT b'1106567'
ACTION SNIPPET 10000 4585 SNIPPET_RELEVANT b'150303'
ACTION DOC 10000 4605 EXAMINING_DOCUMENT b'150303'
ACTION SNIPPET 10000 4608 SNIPPET_NOT_RELEVANT b'874927'
ACTION SNIPPET 10000 4611 SEEN_PREVIOUSLY b'1755225'
ACTION SNIPPET 10000 4614 SNIPPET_NOT_RELEVANT b'1234283'
ACTION QUERY 10000 4624 abuses of e mail cprs
ACTION SERP 10000 4629 EXAMINE_SERP
ACTION SNIPPET 10000 4632 SNIPPET_NOT_RELEVANT b'1748441'
ACTION SNIPPET 10000 4635 SNIPPET_NOT_RELEVANT b'677524'
ACTION SNIPPET 10000 4638 SNIPPET_RELEVANT b'338767'
ACTION DOC 10000 4658 EXAMINING_DOCUMENT b'338767'
ACTION SNIPPET 10000 4661 SNIPPET_RELEVANT b'1496260'
ACTION DOC 10000 4681 EXAMINING_DOCUMENT b'1496260'
ACTION SNIPPET 10000 4684 SNIPPET_NOT_RELEVANT b'62664'
ACTION SNIPPET 10000 4687 SNIPPET_RELEVANT b'1773761'
ACTION DOC 10000 4707 EXAMINING_DOCUMENT b'1773761'
ACTION SNIPPET 10000 4710 SNIPPET_NOT_RELEVANT b'894089'
ACTION SNIPPET 10000 4713 SNIPPET_RELEVANT b'180009'
ACTION DOC 10000 4733 EXAMINING_DOCUMENT b'180009'
ACTION SNIPPET 10000 4736 SNIPPET_RELEVANT b'1657120'
ACTION DOC 10000 4756 EXAMINING_DOCUMENT b'1657120'
ACTION SNIPPET 10000 4759 SNIPPET_NOT_RELEVANT b'424695'
ACTION QUERY 10000 4769 abuses of e mail america
ACTION SERP 10000 4774 EXAMINE_SERP
ACTION SNIPPET 10000 4777 SEEN_PREVIOUSLY b'955775'
ACTION SNIPPET 10000 4780 SEEN_PREVIOUSLY b'1238056'
ACTION SNIPPET 10000 4783 SNIPPET_RELEVANT b'1219691'
ACTION DOC 10000 4803 EXAMINING_DOCUMENT b'1219691'
ACTION SNIPPET 10000 4806 SNIPPET_NOT_RELEVANT b'894711'
ACTION SNIPPET 10000 4809 SEEN_PREVIOUSLY b'1747359'
ACTION SNIPPET 10000 4812 SEEN_PREVIOUSLY b'1208663'
ACTION SNIPPET 10000 4815 SEEN_PREVIOUSLY b'752455'
ACTION SNIPPET 10000 4818 SEEN_PREVIOUSLY b'1581330'
ACTION SNIPPET 10000 4821 SEEN_PREVIOUSLY b'506870'
ACTION SNIPPET 10000 4824 SEEN_PREVIOUSLY b'501179'
ACTION QUERY 10000 4834 abuses of e mail program
ACTION SERP 10000 4839 EXAMINE_SERP
ACTION SNIPPET 10000 4842 SEEN_PREVIOUSLY b'1238056'
ACTION SNIPPET 10000 4845 SEEN_PREVIOUSLY b'1038655'
ACTION SNIPPET 10000 4848 SEEN_PREVIOUSLY b'1365691'
ACTION SNIPPET 10000 4851 SNIPPET_RELEVANT b'1674087'
ACTION DOC 10000 4871 EXAMINING_DOCUMENT b'1674087'
ACTION SNIPPET 10000 4874 SNIPPET_NOT_RELEVANT b'1020235'
ACTION SNIPPET 10000 4877 SEEN_PREVIOUSLY b'1689651'
ACTION SNIPPET 10000 4880 SEEN_PREVIOUSLY b'506870'
ACTION SNIPPET 10000 4883 SEEN_PREVIOUSLY b'501179'
ACTION SNIPPET 10000 4886 SNIPPET_NOT_RELEVANT b'904057'
ACTION SNIPPET 10000 4889 SEEN_PREVIOUSLY b'47378'
ACTION QUERY 10000 4899 abuses of e mail common
ACTION SERP 10000 4904 EXAMINE_SERP
ACTION SNIPPET 10000 4907 SEEN_PREVIOUSLY b'79116'
ACTION SNIPPET 10000 4910 SEEN_PREVIOUSLY b'1794957'
ACTION SNIPPET 10000 4913 SNIPPET_NOT_RELEVANT b'1397282'
ACTION SNIPPET 10000 4916 SEEN_PREVIOUSLY b'1365691'
ACTION SNIPPET 10000 4919 SNIPPET_NOT_RELEVANT b'1845190'
ACTION SNIPPET 10000 4922 SEEN_PREVIOUSLY b'506870'
ACTION SNIPPET 10000 4925 SEEN_PREVIOUSLY b'209205'
ACTION SNIPPET 10000 4928 SEEN_PREVIOUSLY b'501179'
ACTION SNIPPET 10000 4931 SEEN_PREVIOUSLY b'1581330'
ACTION SNIPPET 10000 4934 SNIPPET_NOT_RELEVANT b'1161256'
ACTION QUERY 10000 4944 abuses of e mail way
ACTION SERP 10000 4949 EXAMINE_SERP
ACTION SNIPPET 10000 4952 SEEN_PREVIOUSLY b'194014'
ACTION SNIPPET 10000 4955 SEEN_PREVIOUSLY b'1238056'
ACTION SNIPPET 10000 4958 SEEN_PREVIOUSLY b'1309604'
ACTION SNIPPET 10000 4961 SEEN_PREVIOUSLY b'506870'
ACTION SNIPPET 10000 4964 SEEN_PREVIOUSLY b'501179'
ACTION SNIPPET 10000 4967 SEEN_PREVIOUSLY b'1747359'
ACTION SNIPPET 10000 4970 SEEN_PREVIOUSLY b'955775'
ACTION SNIPPET 10000 4973 SNIPPET_RELEVANT b'1661805'
ACTION DOC 10000 4993 EXAMINING_DOCUMENT b'1661805'
ACTION SNIPPET 10000 4996 SEEN_PREVIOUSLY b'1641915'
ACTION SNIPPET 10000 4999 SEEN_PREVIOUSLY b'1674087'
ACTION QUERY 10000 5009 abuses of e mail protected
ACTION SERP 10000 5014 EXAMINE_SERP
ACTION SNIPPET 10000 5017 SEEN_PREVIOUSLY b'501179'
ACTION SNIPPET 10000 5020 SEEN_PREVIOUSLY b'1674087'
ACTION SNIPPET 10000 5023 SNIPPET_NOT_RELEVANT b'498445'
ACTION SNIPPET 10000 5026 SEEN_PREVIOUSLY b'1249478'
ACTION SNIPPET 10000 5029 SNIPPET_RELEVANT b'1421537'
ACTION DOC 10000 5049 EXAMINING_DOCUMENT b'1421537'
ACTION SNIPPET 10000 5052 SNIPPET_NOT_RELEVANT b'870397'
ACTION SNIPPET 10000 5055 SNIPPET_NOT_RELEVANT b'288907'
ACTION SNIPPET 10000 5058 SEEN_PREVIOUSLY b'1217990'
ACTION SNIPPET 10000 5061 SNIPPET_RELEVANT b'314140'
ACTION DOC 10000 5081 EXAMINING_DOCUMENT b'314140'
ACTION SNIPPET 10000 5084 SNIPPET_RELEVANT b'855502'
ACTION DOC 10000 5104 EXAMINING_DOCUMENT b'855502'
ACTION QUERY 10000 5114 abuses of e mail laws
ACTION SERP 10000 5119 EXAMINE_SERP
ACTION SNIPPET 10000 5122 SEEN_PREVIOUSLY b'194014'
ACTION SNIPPET 10000 5125 SEEN_PREVIOUSLY b'501179'
ACTION SNIPPET 10000 5128 SNIPPET_RELEVANT b'1390290'
ACTION DOC 10000 5148 EXAMINING_DOCUMENT b'1390290'
ACTION SNIPPET 10000 5151 SEEN_PREVIOUSLY b'1674087'
ACTION SNIPPET 10000 5154 SEEN_PREVIOUSLY b'1689651'
ACTION SNIPPET 10000 5157 SEEN_PREVIOUSLY b'1381770'
ACTION SNIPPET 10000 5160 SEEN_PREVIOUSLY b'1279592'
ACTION SNIPPET 10000 5163 SNIPPET_NOT_RELEVANT b'1546497'
ACTION SNIPPET 10000 5166 SNIPPET_RELEVANT b'1163231'
ACTION DOC 10000 5186 EXAMINING_DOCUMENT b'1163231'
ACTION SNIPPET 10000 5189 SEEN_PREVIOUSLY b'1217990'
ACTION QUERY 10000 5199 abuses of e mail firm
ACTION SERP 10000 5204 EXAMINE_SERP
ACTION SNIPPET 10000 5207 SEEN_PREVIOUSLY b'1390290'
ACTION SNIPPET 10000 5210 SNIPPET_NOT_RELEVANT b'1534533'
ACTION SNIPPET 10000 5213 SNIPPET_RELEVANT b'545724'
ACTION DOC 10000 5233 EXAMINING_DOCUMENT b'545724'
ACTION SNIPPET 10000 5236 SNIPPET_NOT_RELEVANT b'1113650'
ACTION SNIPPET 10000 5239 SNIPPET_NOT_RELEVANT b'468185'
ACTION SNIPPET 10000 5242 SEEN_PREVIOUSLY b'1606733'
ACTION SNIPPET 10000 5245 SEEN_PREVIOUSLY b'1544167'
ACTION SNIPPET 10000 5248 SNIPPET_NOT_RELEVANT b'1537145'
ACTION SNIPPET 10000 5251 SNIPPET_NOT_RELEVANT b'1387503'
ACTION SNIPPET 10000 5254 SNIPPET_NOT_RELEVANT b'1131450'
ACTION QUERY 10000 5264 abuses of e mail caught
ACTION SERP 10000 5269 EXAMINE_SERP
ACTION SNIPPET 10000 5272 SNIPPET_NOT_RELEVANT b'1446698'
ACTION SNIPPET 10000 5275 SEEN_PREVIOUSLY b'121918'
ACTION SNIPPET 10000 5278 SNIPPET_NOT_RELEVANT b'150133'
ACTION SNIPPET 10000 5281 SEEN_PREVIOUSLY b'1747359'
ACTION SNIPPET 10000 5284 SEEN_PREVIOUSLY b'1674087'
ACTION SNIPPET 10000 5287 SEEN_PREVIOUSLY b'506870'
ACTION SNIPPET 10000 5290 SEEN_PREVIOUSLY b'501179'
ACTION SNIPPET 10000 5293 SEEN_PREVIOUSLY b'1124291'
ACTION SNIPPET 10000 5296 SNIPPET_NOT_RELEVANT b'1534533'
ACTION SNIPPET 10000 5299 SEEN_PREVIOUSLY b'1224459'
ACTION QUERY 10000 5309 abuses of e mail situation
ACTION SERP 10000 5314 EXAMINE_SERP
ACTION SNIPPET 10000 5317 SEEN_PREVIOUSLY b'506870'
ACTION SNIPPET 10000 5320 SEEN_PREVIOUSLY b'997195'
ACTION SNIPPET 10000 5323 SEEN_PREVIOUSLY b'1747359'
ACTION SNIPPET 10000 5326 SNIPPET_NOT_RELEVANT b'1083252'
ACTION SNIPPET 10000 5329 SNIPPET_RELEVANT b'1065677'
ACTION DOC 10000 5349 EXAMINING_DOCUMENT b'1065677'
ACTION SNIPPET 10000 5352 SEEN_PREVIOUSLY b'501179'
ACTION SNIPPET 10000 5355 SNIPPET_RELEVANT b'1453518'
ACTION DOC 10000 5375 EXAMINING_DOCUMENT b'1453518'
ACTION SNIPPET 10000 5378 SNIPPET_NOT_RELEVANT b'1668755'
ACTION SNIPPET 10000 5381 SEEN_PREVIOUSLY b'1581330'
ACTION SNIPPET 10000 5384 SNIPPET_NOT_RELEVANT b'660769'
ACTION QUERY 10000 5394 abuses of e mail help
ACTION SERP 10000 5399 EXAMINE_SERP
ACTION SNIPPET 10000 5402 SEEN_PREVIOUSLY b'501179'
ACTION SNIPPET 10000 5405 SEEN_PREVIOUSLY b'1116169'
ACTION SNIPPET 10000 5408 SEEN_PREVIOUSLY b'1238056'
ACTION SNIPPET 10000 5411 SNIPPET_NOT_RELEVANT b'1582192'
ACTION SNIPPET 10000 5414 SEEN_PREVIOUSLY b'506870'
ACTION SNIPPET 10000 5417 SEEN_PREVIOUSLY b'286718'
ACTION SNIPPET 10000 5420 SEEN_PREVIOUSLY b'194014'
ACTION SNIPPET 10000 5423 SEEN_PREVIOUSLY b'1641915'
ACTION SNIPPET 10000 5426 SEEN_PREVIOUSLY b'1365691'
ACTION SNIPPET 10000 5429 SEEN_PREVIOUSLY b'1580049'
ACTION QUERY 10000 5439 abuses of e mail day
ACTION SERP 10000 5444 EXAMINE_SERP
ACTION SNIPPET 10000 5447 SEEN_PREVIOUSLY b'506870'
ACTION SNIPPET 10000 5450 SEEN_PREVIOUSLY b'501179'
ACTION SNIPPET 10000 5453 SEEN_PREVIOUSLY b'542391'
ACTION SNIPPET 10000 5456 SEEN_PREVIOUSLY b'194014'
ACTION SNIPPET 10000 5459 SEEN_PREVIOUSLY b'955775'
ACTION SNIPPET 10000 5462 SEEN_PREVIOUSLY b'1794957'
ACTION SNIPPET 10000 5465 SEEN_PREVIOUSLY b'1116169'
ACTION SNIPPET 10000 5468 SEEN_PREVIOUSLY b'47378'
ACTION SNIPPET 10000 5471 SNIPPET_NOT_RELEVANT b'1641883'
ACTION SNIPPET 10000 5474 SNIPPET_RELEVANT b'1546497'
ACTION DOC 10000 5494 EXAMINING_DOCUMENT b'1546497'
ACTION QUERY 10000 5504 abuses of e mail hours
ACTION SERP 10000 5509 EXAMINE_SERP
ACTION SNIPPET 10000 5512 SEEN_PREVIOUSLY b'955775'
ACTION SNIPPET 10000 5515 SEEN_PREVIOUSLY b'506870'
ACTION SNIPPET 10000 5518 SEEN_PREVIOUSLY b'501179'
ACTION SNIPPET 10000 5521 SEEN_PREVIOUSLY b'1641915'
ACTION SNIPPET 10000 5524 SEEN_PREVIOUSLY b'286718'
ACTION SNIPPET 10000 5527 SEEN_PREVIOUSLY b'752455'
ACTION SNIPPET 10000 5530 SEEN_PREVIOUSLY b'1163231'
ACTION SNIPPET 10000 5533 SEEN_PREVIOUSLY b'194014'
ACTION SNIPPET 10000 5536 SEEN_PREVIOUSLY b'1116169'
ACTION SNIPPET 10000 5539 SNIPPET_RELEVANT b'541731'
ACTION DOC 10000 5559 EXAMINING_DOCUMENT b'541731'
ACTION QUERY 10000 5569 abuses of e mail affected
ACTION SERP 10000 5574 EXAMINE_SERP
ACTION SNIPPET 10000 5577 SEEN_PREVIOUSLY b'955775'
ACTION SNIPPET 10000 5580 SEEN_PREVIOUSLY b'1219691'
ACTION SNIPPET 10000 5583 SNIPPET_RELEVANT b'942712'
ACTION DOC 10000 5603 EXAMINING_DOCUMENT b'942712'
ACTION SNIPPET 10000 5606 SEEN_PREVIOUSLY b'1595999'
ACTION SNIPPET 10000 5609 SEEN_PREVIOUSLY b'506870'
ACTION SNIPPET 10000 5612 SEEN_PREVIOUSLY b'501179'
ACTION SNIPPET 10000 5615 SEEN_PREVIOUSLY b'1038655'
ACTION SNIPPET 10000 5618 SEEN_PREVIOUSLY b'1546497'
ACTION SNIPPET 10000 5621 SEEN_PREVIOUSLY b'1208663'
ACTION SNIPPET 10000 5624 SNIPPET_RELEVANT b'1399086'
ACTION DOC 10000 5644 EXAMINING_DOCUMENT b'1399086'
ACTION QUERY 10000 5654 abuses of e mail potential
ACTION SERP 10000 5659 EXAMINE_SERP
ACTION SNIPPET 10000 5662 SEEN_PREVIOUSLY b'1038655'
ACTION SNIPPET 10000 5665 SEEN_PREVIOUSLY b'541731'
ACTION SNIPPET 10000 5668 SEEN_PREVIOUSLY b'1747359'
ACTION SNIPPET 10000 5671 SEEN_PREVIOUSLY b'16706'
ACTION SNIPPET 10000 5674 SNIPPET_NOT_RELEVANT b'240022'
ACTION SNIPPET 10000 5677 SEEN_PREVIOUSLY b'1382167'
ACTION SNIPPET 10000 5680 SEEN_PREVIOUSLY b'506870'
ACTION SNIPPET 10000 5683 SEEN_PREVIOUSLY b'1606733'
ACTION SNIPPET 10000 5686 SEEN_PREVIOUSLY b'501179'
ACTION SNIPPET 10000 5689 SNIPPET_NOT_RELEVANT b'98024'
ACTION QUERY 10000 5699 abuses of e mail role
ACTION SERP 10000 5704 EXAMINE_SERP
ACTION SNIPPET 10000 5707 SEEN_PREVIOUSLY b'506870'
ACTION SNIPPET 10000 5710 SEEN_PREVIOUSLY b'501179'
ACTION SNIPPET 10000 5713 SNIPPET_NOT_RELEVANT b'1659187'
ACTION SNIPPET 10000 5716 SEEN_PREVIOUSLY b'1595999'
ACTION SNIPPET 10000 5719 SNIPPET_RELEVANT b'1560049'
ACTION DOC 10000 5739 EXAMINING_DOCUMENT b'1560049'
ACTION SNIPPET 10000 5742 SEEN_PREVIOUSLY b'194014'
ACTION SNIPPET 10000 5745 SEEN_PREVIOUSLY b'1652336'
ACTION SNIPPET 10000 5748 SNIPPET_NOT_RELEVANT b'1678944'
ACTION SNIPPET 10000 5751 SEEN_PREVIOUSLY b'1116169'
ACTION SNIPPET 10000 5754 SEEN_PREVIOUSLY b'1249478'
ACTION QUERY 10000 5764 abuses of e mail mary
ACTION SERP 10000 5769 EXAMINE_SERP
ACTION SNIPPET 10000 5772 SNIPPET_RELEVANT b'1520929'
ACTION DOC 10000 5792 EXAMINING_DOCUMENT b'1520929'
ACTION SNIPPET 10000 5795 SEEN_PREVIOUSLY b'1581330'
ACTION SNIPPET 10000 5798 SEEN_PREVIOUSLY b'506870'
ACTION SNIPPET 10000 5801 SEEN_PREVIOUSLY b'501179'
ACTION SNIPPET 10000 5804 SNIPPET_RELEVANT b'1173909'
ACTION DOC 10000 5824 EXAMINING_DOCUMENT b'1173909'
ACTION SNIPPET 10000 5827 SNIPPET_RELEVANT b'911080'
ACTION DOC 10000 5847 EXAMINING_DOCUMENT b'911080'
ACTION SNIPPET 10000 5850 SNIPPET_RELEVANT b'950644'
ACTION DOC 10000 5870 EXAMINING_DOCUMENT b'950644'
ACTION SNIPPET 10000 5873 SNIPPET_RELEVANT b'1387497'
ACTION DOC 10000 5893 EXAMINING_DOCUMENT b'1387497'
ACTION SNIPPET 10000 5896 SEEN_PREVIOUSLY b'194014'
ACTION SNIPPET 10000 5899 SEEN_PREVIOUSLY b'1124291'
ACTION QUERY 10000 5909 abuses of e mail principals
ACTION SERP 10000 5914 EXAMINE_SERP
ACTION SNIPPET 10000 5917 SEEN_PREVIOUSLY b'1116169'
ACTION SNIPPET 10000 5920 SEEN_PREVIOUSLY b'506870'
ACTION SNIPPET 10000 5923 SNIPPET_NOT_RELEVANT b'64033'
ACTION SNIPPET 10000 5926 SEEN_PREVIOUSLY b'501179'
ACTION SNIPPET 10000 5929 SNIPPET_NOT_RELEVANT b'1786951'
ACTION SNIPPET 10000 5932 SEEN_PREVIOUSLY b'1124291'
ACTION SNIPPET 10000 5935 SNIPPET_RELEVANT b'234405'
ACTION DOC 10000 5955 EXAMINING_DOCUMENT b'234405'
ACTION SNIPPET 10000 5958 SNIPPET_NOT_RELEVANT b'1811077'
ACTION SNIPPET 10000 5961 SNIPPET_RELEVANT b'254294'
ACTION DOC 10000 5981 EXAMINING_DOCUMENT b'254294'
ACTION SNIPPET 10000 5984 SNIPPET_NOT_RELEVANT b'1789128'
ACTION QUERY 10000 5994 abuses of e mail take
ACTION SERP 10000 5999 EXAMINE_SERP
ACTION SNIPPET 10000 6002 SEEN_PREVIOUSLY b'506870'
ACTION SNIPPET 10000 6005 SEEN_PREVIOUSLY b'501179'
ACTION SNIPPET 10000 6008 SEEN_PREVIOUSLY b'194014'
ACTION SNIPPET 10000 6011 SEEN_PREVIOUSLY b'955775'
ACTION SNIPPET 10000 6014 SEEN_PREVIOUSLY b'1747359'
ACTION SNIPPET 10000 6017 SEEN_PREVIOUSLY b'1219691'
ACTION SNIPPET 10000 6020 SEEN_PREVIOUSLY b'1038655'
ACTION SNIPPET 10000 6023 SEEN_PREVIOUSLY b'1641915'
ACTION SNIPPET 10000 6026 SEEN_PREVIOUSLY b'1116169'
ACTION SNIPPET 10000 6029 SEEN_PREVIOUSLY b'1689651'
ACTION QUERY 10000 6039 abuses of e mail called
ACTION SERP 10000 6044 EXAMINE_SERP
ACTION SNIPPET 10000 6047 SEEN_PREVIOUSLY b'955775'
ACTION SNIPPET 10000 6050 SEEN_PREVIOUSLY b'506870'
ACTION SNIPPET 10000 6053 SEEN_PREVIOUSLY b'501179'
ACTION SNIPPET 10000 6056 SEEN_PREVIOUSLY b'1747359'
ACTION SNIPPET 10000 6059 SEEN_PREVIOUSLY b'1381770'
ACTION SNIPPET 10000 6062 SEEN_PREVIOUSLY b'194014'
ACTION SNIPPET 10000 6065 SEEN_PREVIOUSLY b'1606733'
ACTION SNIPPET 10000 6068 SEEN_PREVIOUSLY b'1581330'
ACTION SNIPPET 10000 6071 SEEN_PREVIOUSLY b'1116169'
ACTION SNIPPET 10000 6074 SEEN_PREVIOUSLY b'1674087'
ACTION QUERY 10000 6084 abuses of e mail brokerage
ACTION SERP 10000 6089 EXAMINE_SERP
ACTION SNIPPET 10000 6092 SEEN_PREVIOUSLY b'979050'
ACTION SNIPPET 10000 6095 SEEN_PREVIOUSLY b'1124291'
ACTION SNIPPET 10000 6098 SNIPPET_NOT_RELEVANT b'1554910'
ACTION SNIPPET 10000 6101 SNIPPET_NOT_RELEVANT b'1445765'
ACTION SNIPPET 10000 6104 SNIPPET_RELEVANT b'1442762'
ACTION DOC 10000 6124 EXAMINING_DOCUMENT b'1442762'
ACTION SNIPPET 10000 6127 SNIPPET_NOT_RELEVANT b'1390298'
ACTION SNIPPET 10000 6130 SNIPPET_NOT_RELEVANT b'1620646'
ACTION SNIPPET 10000 6133 SNIPPET_NOT_RELEVANT b'890894'
ACTION SNIPPET 10000 6136 SNIPPET_NOT_RELEVANT b'57199'
ACTION SNIPPET 10000 6139 SNIPPET_NOT_RELEVANT b'711395'
ACTION QUERY 10000 6149 abuses of e mail happened
ACTION SERP 10000 6154 EXAMINE_SERP
ACTION SNIPPET 10000 6157 SEEN_PREVIOUSLY b'291435'
ACTION SNIPPET 10000 6160 SEEN_PREVIOUSLY b'1641915'
ACTION SNIPPET 10000 6163 SEEN_PREVIOUSLY b'506870'
ACTION SNIPPET 10000 6166 SEEN_PREVIOUSLY b'501179'
ACTION SNIPPET 10000 6169 SNIPPET_NOT_RELEVANT b'1563694'
ACTION SNIPPET 10000 6172 SNIPPET_RELEVANT b'1593440'
ACTION DOC 10000 6192 EXAMINING_DOCUMENT b'1593440'
ACTION SNIPPET 10000 6195 SNIPPET_NOT_RELEVANT b'113714'
ACTION SNIPPET 10000 6198 SNIPPET_NOT_RELEVANT b'1189144'
ACTION SNIPPET 10000 6201 SNIPPET_NOT_RELEVANT b'1641883'
ACTION SNIPPET 10000 6204 SEEN_PREVIOUSLY b'194014'
ACTION QUERY 10000 6214 abuses of e mail played
ACTION SERP 10000 6219 EXAMINE_SERP
ACTION SNIPPET 10000 6222 SEEN_PREVIOUSLY b'1309604'
ACTION SNIPPET 10000 6225 SEEN_PREVIOUSLY b'1485201'
ACTION SNIPPET 10000 6228 SEEN_PREVIOUSLY b'506870'
ACTION SNIPPET 10000 6231 SEEN_PREVIOUSLY b'501179'
ACTION SNIPPET 10000 6234 SEEN_PREVIOUSLY b'1424814'
ACTION SNIPPET 10000 6237 SEEN_PREVIOUSLY b'1641915'
ACTION SNIPPET 10000 6240 SEEN_PREVIOUSLY b'194014'
ACTION SNIPPET 10000 6243 SEEN_PREVIOUSLY b'1689651'
ACTION SNIPPET 10000 6246 SEEN_PREVIOUSLY b'1116169'
ACTION SNIPPET 10000 6249 SEEN_PREVIOUSLY b'1652336'
ACTION QUERY 10000 6259 abuses of e mail technology
ACTION SERP 10000 6264 EXAMINE_SERP
ACTION SNIPPET 10000 6267 SEEN_PREVIOUSLY b'1309604'
ACTION SNIPPET 10000 6270 SEEN_PREVIOUSLY b'1217990'
ACTION SNIPPET 10000 6273 SEEN_PREVIOUSLY b'1038655'
ACTION SNIPPET 10000 6276 SEEN_PREVIOUSLY b'1546497'
ACTION SNIPPET 10000 6279 SEEN_PREVIOUSLY b'1421537'
ACTION SNIPPET 10000 6282 SEEN_PREVIOUSLY b'1747359'
ACTION SNIPPET 10000 6285 SEEN_PREVIOUSLY b'1124291'
ACTION SNIPPET 10000 6288 SEEN_PREVIOUSLY b'955775'
ACTION SNIPPET 10000 6291 SNIPPET_NOT_RELEVANT b'1421335'
ACTION SNIPPET 10000 6294 SEEN_PREVIOUSLY b'1219691'
ACTION QUERY 10000 6304 abuses of e mail employee
ACTION SERP 10000 6309 EXAMINE_SERP
ACTION SNIPPET 10000 6312 SNIPPET_RELEVANT b'173561'
ACTION DOC 10000 6332 EXAMINING_DOCUMENT b'173561'
ACTION SNIPPET 10000 6335 SEEN_PREVIOUSLY b'1124291'
ACTION SNIPPET 10000 6338 SEEN_PREVIOUSLY b'1595999'
ACTION SNIPPET 10000 6341 SEEN_PREVIOUSLY b'1606733'
ACTION SNIPPET 10000 6344 SEEN_PREVIOUSLY b'541731'
ACTION SNIPPET 10000 6347 SNIPPET_NOT_RELEVANT b'1095677'
ACTION SNIPPET 10000 6350 SNIPPET_NOT_RELEVANT b'150133'
ACTION SNIPPET 10000 6353 SEEN_PREVIOUSLY b'1719233'
ACTION SNIPPET 10000 6356 SEEN_PREVIOUSLY b'518151'
ACTION SNIPPET 10000 6359 SEEN_PREVIOUSLY b'1217990'
ACTION QUERY 10000 6369 abuses of e mail discovery
ACTION SERP 10000 6374 EXAMINE_SERP
ACTION SNIPPET 10000 6377 SNIPPET_NOT_RELEVANT b'919482'
ACTION SNIPPET 10000 6380 SNIPPET_RELEVANT b'1584233'
ACTION DOC 10000 6400 EXAMINING_DOCUMENT b'1584233'
ACTION SNIPPET 10000 6403 SNIPPET_RELEVANT b'1701665'
ACTION DOC 10000 6423 EXAMINING_DOCUMENT b'1701665'
ACTION SNIPPET 10000 6426 SNIPPET_NOT_RELEVANT b'1531489'
ACTION SNIPPET 10000 6429 SNIPPET_NOT_RELEVANT b'549447'
ACTION SNIPPET 10000 6432 SNIPPET_RELEVANT b'847391'
ACTION DOC 10000 6452 EXAMINING_DOCUMENT b'847391'
ACTION SNIPPET 10000 6455 SEEN_PREVIOUSLY b'506870'
ACTION SNIPPET 10000 6458 SEEN_PREVIOUSLY b'501179'
ACTION SNIPPET 10000 6461 SNIPPET_RELEVANT b'518833'
ACTION DOC 10000 6481 EXAMINING_DOCUMENT b'518833'
ACTION SNIPPET 10000 6484 SNIPPET_NOT_RELEVANT b'1343676'
ACTION QUERY 10000 6494 abuses of e mail capture
ACTION SERP 10000 6499 EXAMINE_SERP
ACTION SNIPPET 10000 6502 SNIPPET_RELEVANT b'1633427'
ACTION DOC 10000 6522 EXAMINING_DOCUMENT b'1633427'
ACTION SNIPPET 10000 6525 SNIPPET_RELEVANT b'1844802'
ACTION DOC 10000 6545 EXAMINING_DOCUMENT b'1844802'
ACTION SNIPPET 10000 6548 SNIPPET_NOT_RELEVANT b'1643357'
ACTION SNIPPET 10000 6551 SEEN_PREVIOUSLY b'506870'
ACTION SNIPPET 10000 6554 SEEN_PREVIOUSLY b'501179'
ACTION SNIPPET 10000 6557 SNIPPET_NOT_RELEVANT b'1622922'
ACTION SNIPPET 10000 6560 SNIPPET_NOT_RELEVANT b'1594347'
ACTION SNIPPET 10000 6563 SNIPPET_NOT_RELEVANT b'1667439'
ACTION SNIPPET 10000 6566 SNIPPET_NOT_RELEVANT b'1846121'
ACTION SNIPPET 10000 6569 SNIPPET_NOT_RELEVANT b'1581511'
ACTION QUERY 10000 6579 abuses of e mail law
ACTION SERP 10000 6584 EXAMINE_SERP
ACTION SNIPPET 10000 6587 SEEN_PREVIOUSLY b'194014'
ACTION SNIPPET 10000 6590 SEEN_PREVIOUSLY b'501179'
ACTION SNIPPET 10000 6593 SEEN_PREVIOUSLY b'1390290'
ACTION SNIPPET 10000 6596 SEEN_PREVIOUSLY b'1674087'
ACTION SNIPPET 10000 6599 SEEN_PREVIOUSLY b'1689651'
ACTION SNIPPET 10000 6602 SEEN_PREVIOUSLY b'1381770'
ACTION SNIPPET 10000 6605 SEEN_PREVIOUSLY b'1279592'
ACTION SNIPPET 10000 6608 SEEN_PREVIOUSLY b'1546497'
ACTION SNIPPET 10000 6611 SEEN_PREVIOUSLY b'1163231'
ACTION SNIPPET 10000 6614 SEEN_PREVIOUSLY b'1217990'
ACTION QUERY 10000 6624 abuses of e mail society
ACTION SERP 10000 6629 EXAMINE_SERP
ACTION SNIPPET 10000 6632 SEEN_PREVIOUSLY b'1309604'
ACTION SNIPPET 10000 6635 SEEN_PREVIOUSLY b'342017'
ACTION SNIPPET 10000 6638 SNIPPET_RELEVANT b'145049'
ACTION DOC 10000 6658 EXAMINING_DOCUMENT b'145049'
ACTION SNIPPET 10000 6661 SNIPPET_NOT_RELEVANT b'811704'
ACTION SNIPPET 10000 6664 SNIPPET_RELEVANT b'976876'
ACTION DOC 10000 6684 EXAMINING_DOCUMENT b'976876'
ACTION SNIPPET 10000 6687 SNIPPET_NOT_RELEVANT b'893058'
ACTION SNIPPET 10000 6690 SEEN_PREVIOUSLY b'207685'
ACTION SNIPPET 10000 6693 SEEN_PREVIOUSLY b'506870'
ACTION SNIPPET 10000 6696 SEEN_PREVIOUSLY b'501179'
ACTION SNIPPET 10000 6699 SNIPPET_NOT_RELEVANT b'1571743'
ACTION QUERY 10000 6709 abuses of e mail privacy
ACTION SERP 10000 6714 EXAMINE_SERP
ACTION SNIPPET 10000 6717 SEEN_PREVIOUSLY b'1674087'
ACTION SNIPPET 10000 6720 SEEN_PREVIOUSLY b'1421537'
ACTION SNIPPET 10000 6723 SEEN_PREVIOUSLY b'855502'
ACTION SNIPPET 10000 6726 SEEN_PREVIOUSLY b'314140'
ACTION SNIPPET 10000 6729 SNIPPET_RELEVANT b'1016900'
ACTION DOC 10000 6749 EXAMINING_DOCUMENT b'1016900'
ACTION SNIPPET 10000 6752 SNIPPET_RELEVANT b'932640'
ACTION DOC 10000 6772 EXAMINING_DOCUMENT b'932640'
ACTION SNIPPET 10000 6775 SEEN_PREVIOUSLY b'1124291'
ACTION SNIPPET 10000 6778 SEEN_PREVIOUSLY b'1217990'
ACTION SNIPPET 10000 6781 SNIPPET_NOT_RELEVANT b'1234283'
ACTION SNIPPET 10000 6784 SEEN_PREVIOUSLY b'955775'
ACTION QUERY 10000 6794 abuses of e mail affect
ACTION SERP 10000 6799 EXAMINE_SERP
ACTION SNIPPET 10000 6802 SEEN_PREVIOUSLY b'955775'
ACTION SNIPPET 10000 6805 SEEN_PREVIOUSLY b'1219691'
ACTION SNIPPET 10000 6808 SEEN_PREVIOUSLY b'942712'
ACTION SNIPPET 10000 6811 SEEN_PREVIOUSLY b'1595999'
ACTION SNIPPET 10000 6814 SEEN_PREVIOUSLY b'506870'
ACTION SNIPPET 10000 6817 SEEN_PREVIOUSLY b'501179'
ACTION SNIPPET 10000 6820 SEEN_PREVIOUSLY b'1038655'
ACTION SNIPPET 10000 6823 SEEN_PREVIOUSLY b'1546497'
ACTION SNIPPET 10000 6826 SEEN_PREVIOUSLY b'1208663'
ACTION SNIPPET 10000 6829 SEEN_PREVIOUSLY b'1399086'
ACTION QUERY 10000 6839 abuses of e mail current
ACTION SERP 10000 6844 EXAMINE_SERP
ACTION SNIPPET 10000 6847 SEEN_PREVIOUSLY b'501179'
ACTION SNIPPET 10000 6850 SNIPPET_NOT_RELEVANT b'498445'
ACTION SNIPPET 10000 6853 SEEN_PREVIOUSLY b'381425'
ACTION SNIPPET 10000 6856 SEEN_PREVIOUSLY b'1279592'
ACTION SNIPPET 10000 6859 SEEN_PREVIOUSLY b'1747359'
ACTION SNIPPET 10000 6862 SEEN_PREVIOUSLY b'342017'
ACTION SNIPPET 10000 6865 SEEN_PREVIOUSLY b'506870'
ACTION SNIPPET 10000 6868 SEEN_PREVIOUSLY b'1424814'
ACTION SNIPPET 10000 6871 SNIPPET_NOT_RELEVANT b'138898'
ACTION SNIPPET 10000 6874 SNIPPET_RELEVANT b'113714'
ACTION DOC 10000 6894 EXAMINING_DOCUMENT b'113714'
ACTION QUERY 10000 6904 abuses of e mail company
ACTION SERP 10000 6909 EXAMINE_SERP
ACTION SNIPPET 10000 6912 SEEN_PREVIOUSLY b'506870'
ACTION SNIPPET 10000 6915 SEEN_PREVIOUSLY b'501179'
ACTION SNIPPET 10000 6918 SEEN_PREVIOUSLY b'1309604'
ACTION SNIPPET 10000 6921 SEEN_PREVIOUSLY b'1747359'
ACTION SNIPPET 10000 6924 SEEN_PREVIOUSLY b'1219691'
ACTION SNIPPET 10000 6927 SEEN_PREVIOUSLY b'955775'
ACTION SNIPPET 10000 6930 SEEN_PREVIOUSLY b'194014'
ACTION SNIPPET 10000 6933 SEEN_PREVIOUSLY b'1595999'
ACTION SNIPPET 10000 6936 SEEN_PREVIOUSLY b'1116169'
ACTION SNIPPET 10000 6939 SEEN_PREVIOUSLY b'1424814'
ACTION QUERY 10000 6949 abuses of e mail record
ACTION SERP 10000 6954 EXAMINE_SERP
ACTION SNIPPET 10000 6957 SEEN_PREVIOUSLY b'506870'
ACTION SNIPPET 10000 6960 SNIPPET_RELEVANT b'618995'
ACTION DOC 10000 6980 EXAMINING_DOCUMENT b'618995'
ACTION SNIPPET 10000 6983 SEEN_PREVIOUSLY b'1205982'
ACTION SNIPPET 10000 6986 SEEN_PREVIOUSLY b'1279592'
ACTION SNIPPET 10000 6989 SEEN_PREVIOUSLY b'501179'
ACTION SNIPPET 10000 6992 SEEN_PREVIOUSLY b'1674087'
ACTION SNIPPET 10000 6995 SNIPPET_NOT_RELEVANT b'1639929'
ACTION SNIPPET 10000 6998 SEEN_PREVIOUSLY b'291435'
ACTION SNIPPET 10000 7001 SEEN_PREVIOUSLY b'258695'
ACTION SNIPPET 10000 7004 SNIPPET_NOT_RELEVANT b'240022'
ACTION QUERY 10000 7014 abuses of e mail gmail
ACTION SERP 10000 7019 EXAMINE_SERP
ACTION SNIPPET 10000 7022 SNIPPET_NOT_RELEVANT b'1583127'
ACTION SNIPPET 10000 7025 SNIPPET_RELEVANT b'1849595'
ACTION DOC 10000 7045 EXAMINING_DOCUMENT b'1849595'
ACTION SNIPPET 10000 7048 SNIPPET_NOT_RELEVANT b'1581270'
ACTION SNIPPET 10000 7051 SNIPPET_NOT_RELEVANT b'1622646'
ACTION SNIPPET 10000 7054 SEEN_PREVIOUSLY b'1697221'
ACTION SNIPPET 10000 7057 SNIPPET_RELEVANT b'1583126'
ACTION DOC 10000 7077 EXAMINING_DOCUMENT b'1583126'
ACTION SNIPPET 10000 7080 SNIPPET_NOT_RELEVANT b'1591152'
ACTION SNIPPET 10000 7083 SEEN_PREVIOUSLY b'1803428'
ACTION SNIPPET 10000 7086 SNIPPET_RELEVANT b'1737853'
ACTION DOC 10000 7106 EXAMINING_DOCUMENT b'1737853'
ACTION SNIPPET 10000 7109 SNIPPET_NOT_RELEVANT b'1770887'
ACTION QUERY 10000 7119 abuses of e mail socialize
ACTION SERP 10000 7124 EXAMINE_SERP
ACTION SNIPPET 10000 7127 SEEN_PREVIOUSLY b'997195'
ACTION SNIPPET 10000 7130 SEEN_PREVIOUSLY b'1794957'
ACTION SNIPPET 10000 7133 SEEN_PREVIOUSLY b'545724'
ACTION SNIPPET 10000 7136 SEEN_PREVIOUSLY b'207685'
ACTION SNIPPET 10000 7139 SNIPPET_RELEVANT b'311875'
ACTION DOC 10000 7159 EXAMINING_DOCUMENT b'311875'
ACTION SNIPPET 10000 7162 SNIPPET_RELEVANT b'1413232'
ACTION DOC 10000 7182 EXAMINING_DOCUMENT b'1413232'
ACTION SNIPPET 10000 7185 SEEN_PREVIOUSLY b'506870'
ACTION SNIPPET 10000 7188 SEEN_PREVIOUSLY b'501179'
ACTION SNIPPET 10000 7191 SNIPPET_RELEVANT b'1404602'
ACTION DOC 10000 7211 EXAMINING_DOCUMENT b'1404602'
ACTION SNIPPET 10000 7214 SEEN_PREVIOUSLY b'1595999'
ACTION QUERY 10000 7224 abuses of e mail quinn
ACTION SERP 10000 7229 EXAMINE_SERP
ACTION SNIPPET 10000 7232 SEEN_PREVIOUSLY b'1189438'
ACTION SNIPPET 10000 7235 SNIPPET_RELEVANT b'1635087'
ACTION DOC 10000 7255 EXAMINING_DOCUMENT b'1635087'
ACTION SNIPPET 10000 7258 SNIPPET_RELEVANT b'1734795'
ACTION DOC 10000 7278 EXAMINING_DOCUMENT b'1734795'
ACTION SNIPPET 10000 7281 SNIPPET_RELEVANT b'1739420'
ACTION DOC 10000 7301 EXAMINING_DOCUMENT b'1739420'
ACTION SNIPPET 10000 7304 SNIPPET_NOT_RELEVANT b'1479580'
ACTION SNIPPET 10000 7307 SNIPPET_RELEVANT b'1374208'
ACTION DOC 10000 7327 EXAMINING_DOCUMENT b'1374208'
ACTION SNIPPET 10000 7330 SNIPPET_NOT_RELEVANT b'512873'
ACTION SNIPPET 10000 7333 SNIPPET_NOT_RELEVANT b'1510914'
ACTION SNIPPET 10000 7336 SNIPPET_RELEVANT b'1578463'
ACTION DOC 10000 7356 EXAMINING_DOCUMENT b'1578463'
ACTION SNIPPET 10000 7359 SNIPPET_NOT_RELEVANT b'657610'
ACTION QUERY 10000 7369 abuses of e mail object
ACTION SERP 10000 7374 EXAMINE_SERP
ACTION SNIPPET 10000 7377 SEEN_PREVIOUSLY b'1747359'
ACTION SNIPPET 10000 7380 SNIPPET_NOT_RELEVANT b'1718659'
ACTION SNIPPET 10000 7383 SEEN_PREVIOUSLY b'506870'
ACTION SNIPPET 10000 7386 SEEN_PREVIOUSLY b'501179'
ACTION SNIPPET 10000 7389 SNIPPET_NOT_RELEVANT b'1119259'
ACTION SNIPPET 10000 7392 SNIPPET_RELEVANT b'1624960'
ACTION DOC 10000 7412 EXAMINING_DOCUMENT b'1624960'
ACTION SNIPPET 10000 7415 SEEN_PREVIOUSLY b'1701665'
ACTION SNIPPET 10000 7418 SNIPPET_RELEVANT b'1687685'
ACTION DOC 10000 7438 EXAMINING_DOCUMENT b'1687685'
ACTION SNIPPET 10000 7441 SEEN_PREVIOUSLY b'194014'
ACTION SNIPPET 10000 7444 SNIPPET_NOT_RELEVANT b'1020680'
ACTION QUERY 10000 7454 abuses of e mail era
ACTION SERP 10000 7459 EXAMINE_SERP
ACTION SNIPPET 10000 7462 SEEN_PREVIOUSLY b'1674087'
ACTION SNIPPET 10000 7465 SEEN_PREVIOUSLY b'1217990'
ACTION SNIPPET 10000 7468 SEEN_PREVIOUSLY b'506870'
ACTION SNIPPET 10000 7471 SEEN_PREVIOUSLY b'501179'
ACTION SNIPPET 10000 7474 SNIPPET_RELEVANT b'1403056'
ACTION DOC 10000 7494 EXAMINING_DOCUMENT b'1403056'
ACTION SNIPPET 10000 7497 SNIPPET_NOT_RELEVANT b'1431320'
ACTION SNIPPET 10000 7500 SEEN_PREVIOUSLY b'194014'
ACTION SNIPPET 10000 7503 SNIPPET_NOT_RELEVANT b'1381482'
ACTION SNIPPET 10000 7506 SNIPPET_RELEVANT b'887328'
ACTION DOC 10000 7526 EXAMINING_DOCUMENT b'887328'
ACTION SNIPPET 10000 7529 SEEN_PREVIOUSLY b'1116169'
ACTION QUERY 10000 7539 abuses of e mail phone
ACTION SERP 10000 7544 EXAMINE_SERP
ACTION SNIPPET 10000 7547 SEEN_PREVIOUSLY b'1217990'
ACTION SNIPPET 10000 7550 SEEN_PREVIOUSLY b'314140'
ACTION SNIPPET 10000 7553 SNIPPET_NOT_RELEVANT b'380851'
ACTION SNIPPET 10000 7556 SNIPPET_RELEVANT b'1743166'
ACTION DOC 10000 7576 EXAMINING_DOCUMENT b'1743166'
ACTION SNIPPET 10000 7579 SNIPPET_RELEVANT b'1398764'
ACTION DOC 10000 7599 EXAMINING_DOCUMENT b'1398764'
ACTION SNIPPET 10000 7602 SNIPPET_RELEVANT b'1637576'
ACTION DOC 10000 7622 EXAMINING_DOCUMENT b'1637576'
ACTION SNIPPET 10000 7625 SEEN_PREVIOUSLY b'955775'
ACTION SNIPPET 10000 7628 SNIPPET_RELEVANT b'1020235'
ACTION DOC 10000 7648 EXAMINING_DOCUMENT b'1020235'
ACTION SNIPPET 10000 7651 SNIPPET_RELEVANT b'149553'
ACTION DOC 10000 7671 EXAMINING_DOCUMENT b'149553'
ACTION SNIPPET 10000 7674 SNIPPET_RELEVANT b'740967'
ACTION DOC 10000 7694 EXAMINING_DOCUMENT b'740967'
ACTION QUERY 10000 7704 abuses of e mail new
ACTION SERP 10000 7709 EXAMINE_SERP
ACTION SNIPPET 10000 7712 SEEN_PREVIOUSLY b'506870'
ACTION SNIPPET 10000 7715 SEEN_PREVIOUSLY b'501179'
ACTION SNIPPET 10000 7718 SEEN_PREVIOUSLY b'194014'
ACTION SNIPPET 10000 7721 SEEN_PREVIOUSLY b'542391'
ACTION SNIPPET 10000 7724 SEEN_PREVIOUSLY b'1381770'
ACTION SNIPPET 10000 7727 SEEN_PREVIOUSLY b'1116169'
ACTION SNIPPET 10000 7730 SEEN_PREVIOUSLY b'1309604'
ACTION SNIPPET 10000 7733 SEEN_PREVIOUSLY b'1238056'
ACTION SNIPPET 10000 7736 SEEN_PREVIOUSLY b'1641915'
ACTION SNIPPET 10000 7739 SEEN_PREVIOUSLY b'381425'
ACTION QUERY 10000 7749 abuses of e mail collected
ACTION SERP 10000 7754 EXAMINE_SERP
ACTION SNIPPET 10000 7757 SEEN_PREVIOUSLY b'1238056'
ACTION SNIPPET 10000 7760 SNIPPET_NOT_RELEVANT b'968210'
ACTION SNIPPET 10000 7763 SNIPPET_NOT_RELEVANT b'290930'
ACTION SNIPPET 10000 7766 SEEN_PREVIOUSLY b'966415'
ACTION SNIPPET 10000 7769 SEEN_PREVIOUSLY b'964388'
ACTION SNIPPET 10000 7772 SNIPPET_RELEVANT b'1403816'
ACTION DOC 10000 7792 EXAMINING_DOCUMENT b'1403816'
ACTION SNIPPET 10000 7795 SEEN_PREVIOUSLY b'1424814'
ACTION SNIPPET 10000 7798 SEEN_PREVIOUSLY b'506870'
ACTION SNIPPET 10000 7801 SEEN_PREVIOUSLY b'501179'
ACTION SNIPPET 10000 7804 SNIPPET_NOT_RELEVANT b'992008'
ACTION QUERY 10000 7814 abuses of e mail importance
ACTION SERP 10000 7819 EXAMINE_SERP
ACTION SNIPPET 10000 7822 SEEN_PREVIOUSLY b'506870'
ACTION SNIPPET 10000 7825 SEEN_PREVIOUSLY b'194014'
ACTION SNIPPET 10000 7828 SNIPPET_RELEVANT b'288907'
ACTION DOC 10000 7848 EXAMINING_DOCUMENT b'288907'
ACTION SNIPPET 10000 7851 SEEN_PREVIOUSLY b'1794957'
ACTION SNIPPET 10000 7854 SEEN_PREVIOUSLY b'501179'
ACTION SNIPPET 10000 7857 SNIPPET_NOT_RELEVANT b'1504225'
ACTION SNIPPET 10000 7860 SNIPPET_RELEVANT b'1528091'
ACTION DOC 10000 7880 EXAMINING_DOCUMENT b'1528091'
ACTION SNIPPET 10000 7883 SEEN_PREVIOUSLY b'1038655'
ACTION SNIPPET 10000 7886 SEEN_PREVIOUSLY b'113714'
ACTION SNIPPET 10000 7889 SEEN_PREVIOUSLY b'1116169'
ACTION QUERY 10000 7899 abuses of e mail records
ACTION SERP 10000 7904 EXAMINE_SERP
ACTION SNIPPET 10000 7907 SEEN_PREVIOUSLY b'506870'
ACTION SNIPPET 10000 7910 SEEN_PREVIOUSLY b'618995'
ACTION SNIPPET 10000 7913 SEEN_PREVIOUSLY b'1205982'
ACTION SNIPPET 10000 7916 SEEN_PREVIOUSLY b'1279592'
ACTION SNIPPET 10000 7919 SEEN_PREVIOUSLY b'501179'
ACTION SNIPPET 10000 7922 SEEN_PREVIOUSLY b'1674087'
ACTION SNIPPET 10000 7925 SNIPPET_NOT_RELEVANT b'1639929'
ACTION SNIPPET 10000 7928 SEEN_PREVIOUSLY b'291435'
ACTION SNIPPET 10000 7931 SEEN_PREVIOUSLY b'258695'
ACTION SNIPPET 10000 7934 SNIPPET_NOT_RELEVANT b'240022'
ACTION QUERY 10000 7944 abuses of e mail nabbed
ACTION SERP 10000 7949 EXAMINE_SERP
ACTION SNIPPET 10000 7952 SEEN_PREVIOUSLY b'955775'
ACTION SNIPPET 10000 7955 SNIPPET_NOT_RELEVANT b'1251090'
ACTION SNIPPET 10000 7958 SNIPPET_NOT_RELEVANT b'1775902'
ACTION SNIPPET 10000 7961 SNIPPET_NOT_RELEVANT b'1568974'
ACTION SNIPPET 10000 7964 SNIPPET_RELEVANT b'1401525'
ACTION DOC 10000 7984 EXAMINING_DOCUMENT b'1401525'
ACTION SNIPPET 10000 7987 SNIPPET_RELEVANT b'1197158'
ACTION DOC 10000 8007 EXAMINING_DOCUMENT b'1197158'
ACTION SNIPPET 10000 8010 SNIPPET_RELEVANT b'1308405'
ACTION DOC 10000 8030 EXAMINING_DOCUMENT b'1308405'
ACTION SNIPPET 10000 8033 SNIPPET_RELEVANT b'306193'
ACTION DOC 10000 8053 EXAMINING_DOCUMENT b'306193'
ACTION SNIPPET 10000 8056 SNIPPET_RELEVANT b'1780906'
ACTION DOC 10000 8076 EXAMINING_DOCUMENT b'1780906'
ACTION SNIPPET 10000 8079 SEEN_PREVIOUSLY b'506870'
ACTION QUERY 10000 8089 abuses of e mail allows
ACTION SERP 10000 8094 EXAMINE_SERP
ACTION SNIPPET 10000 8097 SEEN_PREVIOUSLY b'506870'
ACTION SNIPPET 10000 8100 SEEN_PREVIOUSLY b'194014'
ACTION SNIPPET 10000 8103 SEEN_PREVIOUSLY b'1238056'
ACTION SNIPPET 10000 8106 SEEN_PREVIOUSLY b'1674087'
ACTION SNIPPET 10000 8109 SNIPPET_NOT_RELEVANT b'498445'
ACTION SNIPPET 10000 8112 SEEN_PREVIOUSLY b'501179'
ACTION SNIPPET 10000 8115 SEEN_PREVIOUSLY b'1546497'
ACTION SNIPPET 10000 8118 SEEN_PREVIOUSLY b'1689651'
ACTION SNIPPET 10000 8121 SNIPPET_RELEVANT b'1402840'
ACTION DOC 10000 8141 EXAMINING_DOCUMENT b'1402840'
ACTION SNIPPET 10000 8144 SEEN_PREVIOUSLY b'288907'
ACTION QUERY 10000 8154 abuses of e mail communication
ACTION SERP 10000 8159 EXAMINE_SERP
ACTION SNIPPET 10000 8162 SEEN_PREVIOUSLY b'506870'
ACTION SNIPPET 10000 8165 SEEN_PREVIOUSLY b'1116169'
ACTION SNIPPET 10000 8168 SEEN_PREVIOUSLY b'955775'
ACTION SNIPPET 10000 8171 SEEN_PREVIOUSLY b'1546497'
ACTION SNIPPET 10000 8174 SNIPPET_RELEVANT b'498445'
ACTION DOC 10000 8194 EXAMINING_DOCUMENT b'498445'
ACTION SNIPPET 10000 8197 SEEN_PREVIOUSLY b'286718'
ACTION SNIPPET 10000 8200 SEEN_PREVIOUSLY b'381425'
ACTION SNIPPET 10000 8203 SEEN_PREVIOUSLY b'1794957'
ACTION SNIPPET 10000 8206 SEEN_PREVIOUSLY b'1217990'
ACTION SNIPPET 10000 8209 SEEN_PREVIOUSLY b'1747359'
ACTION QUERY 10000 8219 abuses of e mail win
ACTION SERP 10000 8224 EXAMINE_SERP
ACTION SNIPPET 10000 8227 SNIPPET_NOT_RELEVANT b'1621825'
ACTION SNIPPET 10000 8230 SNIPPET_NOT_RELEVANT b'1691741'
ACTION SNIPPET 10000 8233 SEEN_PREVIOUSLY b'506870'
ACTION SNIPPET 10000 8236 SEEN_PREVIOUSLY b'501179'
ACTION SNIPPET 10000 8239 SEEN_PREVIOUSLY b'194014'
ACTION SNIPPET 10000 8242 SEEN_PREVIOUSLY b'1581330'
ACTION SNIPPET 10000 8245 SNIPPET_NOT_RELEVANT b'1706517'
ACTION SNIPPET 10000 8248 SNIPPET_NOT_RELEVANT b'1706492'
ACTION SNIPPET 10000 8251 SNIPPET_RELEVANT b'887350'
ACTION DOC 10000 8271 EXAMINING_DOCUMENT b'887350'
ACTION SNIPPET 10000 8274 SEEN_PREVIOUSLY b'1116169'
ACTION QUERY 10000 8284 abuses of e mail enlist
ACTION SERP 10000 8289 EXAMINE_SERP
ACTION SNIPPET 10000 8292 SNIPPET_NOT_RELEVANT b'1578948'
ACTION SNIPPET 10000 8295 SEEN_PREVIOUSLY b'173135'
ACTION SNIPPET 10000 8298 SNIPPET_RELEVANT b'1671819'
ACTION DOC 10000 8318 EXAMINING_DOCUMENT b'1671819'
ACTION SNIPPET 10000 8321 SEEN_PREVIOUSLY b'1595999'
ACTION SNIPPET 10000 8324 SNIPPET_RELEVANT b'1598516'
ACTION DOC 10000 8344 EXAMINING_DOCUMENT b'1598516'
ACTION SNIPPET 10000 8347 SNIPPET_RELEVANT b'1584432'
ACTION DOC 10000 8367 EXAMINING_DOCUMENT b'1584432'
ACTION SNIPPET 10000 8370 SEEN_PREVIOUSLY b'1584233'
ACTION SNIPPET 10000 8373 SNIPPET_RELEVANT b'1661366'
ACTION DOC 10000 8393 EXAMINING_DOCUMENT b'1661366'
ACTION SNIPPET 10000 8396 SNIPPET_RELEVANT b'1606266'
ACTION DOC 10000 8416 EXAMINING_DOCUMENT b'1606266'
ACTION SNIPPET 10000 8419 SNIPPET_NOT_RELEVANT b'1757323'
ACTION QUERY 10000 8429 abuses of e mail incident
ACTION SERP 10000 8434 EXAMINE_SERP
ACTION SNIPPET 10000 8437 SEEN_PREVIOUSLY b'1652336'
ACTION SNIPPET 10000 8440 SEEN_PREVIOUSLY b'1560049'
ACTION SNIPPET 10000 8443 SEEN_PREVIOUSLY b'173135'
ACTION SNIPPET 10000 8446 SEEN_PREVIOUSLY b'1208663'
ACTION SNIPPET 10000 8449 SEEN_PREVIOUSLY b'1065677'
ACTION SNIPPET 10000 8452 SEEN_PREVIOUSLY b'113714'
ACTION SNIPPET 10000 8455 SNIPPET_RELEVANT b'1578915'
ACTION DOC 10000 8475 EXAMINING_DOCUMENT b'1578915'
ACTION SNIPPET 10000 8478 SNIPPET_RELEVANT b'388529'
ACTION DOC 10000 8498 EXAMINING_DOCUMENT b'388529'
ACTION SNIPPET 10000 8501 SNIPPET_NOT_RELEVANT b'1430720'
ACTION SNIPPET 10000 8504 SNIPPET_NOT_RELEVANT b'219550'
ACTION QUERY 10000 8514 abuses of e mail cited
ACTION SERP 10000 8519 EXAMINE_SERP
ACTION SNIPPET 10000 8522 SEEN_PREVIOUSLY b'16706'
ACTION SNIPPET 10000 8525 SEEN_PREVIOUSLY b'1584233'
ACTION SNIPPET 10000 8528 SEEN_PREVIOUSLY b'1652336'
ACTION SNIPPET 10000 8531 SEEN_PREVIOUSLY b'1641915'
ACTION SNIPPET 10000 8534 SNIPPET_NOT_RELEVANT b'1706897'
ACTION SNIPPET 10000 8537 SNIPPET_RELEVANT b'1691741'
ACTION DOC 10000 8557 EXAMINING_DOCUMENT b'1691741'
ACTION SNIPPET 10000 8560 SEEN_PREVIOUSLY b'1620937'
ACTION SNIPPET 10000 8563 SEEN_PREVIOUSLY b'1560049'
ACTION SNIPPET 10000 8566 SEEN_PREVIOUSLY b'1595999'
ACTION SNIPPET 10000 8569 SNIPPET_NOT_RELEVANT b'410472'
ACTION QUERY 10000 8579 abuses of e mail website
ACTION SERP 10000 8584 EXAMINE_SERP
ACTION SNIPPET 10000 8587 SEEN_PREVIOUSLY b'1173909'
ACTION SNIPPET 10000 8590 SNIPPET_NOT_RELEVANT b'1795495'
ACTION SNIPPET 10000 8593 SNIPPET_RELEVANT b'1005672'
ACTION DOC 10000 8613 EXAMINING_DOCUMENT b'1005672'
ACTION SNIPPET 10000 8616 SNIPPET_RELEVANT b'1225202'
ACTION DOC 10000 8636 EXAMINING_DOCUMENT b'1225202'
ACTION SNIPPET 10000 8639 SNIPPET_NOT_RELEVANT b'1794220'
ACTION SNIPPET 10000 8642 SNIPPET_RELEVANT b'1854893'
ACTION DOC 10000 8662 EXAMINING_DOCUMENT b'1854893'
ACTION SNIPPET 10000 8665 SNIPPET_NOT_RELEVANT b'1387443'
ACTION SNIPPET 10000 8668 SNIPPET_NOT_RELEVANT b'919046'
ACTION SNIPPET 10000 8671 SNIPPET_NOT_RELEVANT b'1019257'
ACTION SNIPPET 10000 8674 SNIPPET_NOT_RELEVANT b'836663'
ACTION QUERY 10000 8684 abuses of e mail track
ACTION SERP 10000 8689 EXAMINE_SERP
ACTION SNIPPET 10000 8692 SEEN_PREVIOUSLY b'506870'
ACTION SNIPPET 10000 8695 SEEN_PREVIOUSLY b'194014'
ACTION SNIPPET 10000 8698 SEEN_PREVIOUSLY b'1674087'
ACTION SNIPPET 10000 8701 SEEN_PREVIOUSLY b'955775'
ACTION SNIPPET 10000 8704 SEEN_PREVIOUSLY b'1217990'
ACTION SNIPPET 10000 8707 SEEN_PREVIOUSLY b'1219691'
ACTION SNIPPET 10000 8710 SEEN_PREVIOUSLY b'1674487'
ACTION SNIPPET 10000 8713 SEEN_PREVIOUSLY b'1544167'
ACTION SNIPPET 10000 8716 SNIPPET_RELEVANT b'1497837'
ACTION DOC 10000 8736 EXAMINING_DOCUMENT b'1497837'
ACTION SNIPPET 10000 8739 SEEN_PREVIOUSLY b'388529'
ACTION QUERY 10000 8749 abuses of e mail whats
ACTION SERP 10000 8754 EXAMINE_SERP
ACTION SNIPPET 10000 8757 SNIPPET_RELEVANT b'75700'
ACTION DOC 10000 8777 EXAMINING_DOCUMENT b'75700'
ACTION SNIPPET 10000 8780 SNIPPET_NOT_RELEVANT b'1132598'
ACTION SNIPPET 10000 8783 SNIPPET_NOT_RELEVANT b'1674053'
ACTION SNIPPET 10000 8786 SNIPPET_NOT_RELEVANT b'1493306'
ACTION SNIPPET 10000 8789 SNIPPET_RELEVANT b'873496'
ACTION DOC 10000 8809 EXAMINING_DOCUMENT b'873496'
ACTION SNIPPET 10000 8812 SNIPPET_NOT_RELEVANT b'635272'
ACTION SNIPPET 10000 8815 SNIPPET_RELEVANT b'249118'
ACTION DOC 10000 8835 EXAMINING_DOCUMENT b'249118'
ACTION SNIPPET 10000 8838 SNIPPET_RELEVANT b'1362624'
ACTION DOC 10000 8858 EXAMINING_DOCUMENT b'1362624'
ACTION SNIPPET 10000 8861 SNIPPET_NOT_RELEVANT b'1769097'
ACTION SNIPPET 10000 8864 SNIPPET_RELEVANT b'1155394'
ACTION DOC 10000 8884 EXAMINING_DOCUMENT b'1155394'
ACTION QUERY 10000 8894 abuses of e mail stay
ACTION SERP 10000 8899 EXAMINE_SERP
ACTION SNIPPET 10000 8902 SNIPPET_RELEVANT b'660769'
ACTION DOC 10000 8922 EXAMINING_DOCUMENT b'660769'
ACTION SNIPPET 10000 8925 SEEN_PREVIOUSLY b'997195'
ACTION SNIPPET 10000 8928 SEEN_PREVIOUSLY b'1631703'
ACTION SNIPPET 10000 8931 SEEN_PREVIOUSLY b'506870'
ACTION SNIPPET 10000 8934 SEEN_PREVIOUSLY b'501179'
ACTION SNIPPET 10000 8937 SEEN_PREVIOUSLY b'1606733'
ACTION SNIPPET 10000 8940 SEEN_PREVIOUSLY b'258695'
ACTION SNIPPET 10000 8943 SEEN_PREVIOUSLY b'1581330'
ACTION SNIPPET 10000 8946 SEEN_PREVIOUSLY b'194014'
ACTION SNIPPET 10000 8949 SEEN_PREVIOUSLY b'887350'
ACTION QUERY 10000 8959 abuses of e mail inappropriate
ACTION SERP 10000 8964 EXAMINE_SERP
ACTION SNIPPET 10000 8967 SEEN_PREVIOUSLY b'1124291'
ACTION SNIPPET 10000 8970 SNIPPET_NOT_RELEVANT b'1794689'
ACTION SNIPPET 10000 8973 SNIPPET_NOT_RELEVANT b'1820551'
ACTION SNIPPET 10000 8976 SEEN_PREVIOUSLY b'1689651'
ACTION SNIPPET 10000 8979 SEEN_PREVIOUSLY b'1382167'
ACTION SNIPPET 10000 8982 SNIPPET_NOT_RELEVANT b'1498345'
ACTION SNIPPET 10000 8985 SNIPPET_NOT_RELEVANT b'384613'
ACTION SNIPPET 10000 8988 SNIPPET_NOT_RELEVANT b'1035517'
ACTION SNIPPET 10000 8991 SNIPPET_NOT_RELEVANT b'1348535'
ACTION SNIPPET 10000 8994 SNIPPET_RELEVANT b'481468'
ACTION DOC 10000 9014 EXAMINING_DOCUMENT b'481468'
ACTION QUERY 10000 9024 abuses of e mail software
ACTION SERP 10000 9029 EXAMINE_SERP
ACTION SNIPPET 10000 9032 SEEN_PREVIOUSLY b'1424814'
ACTION SNIPPET 10000 9035 SEEN_PREVIOUSLY b'1238056'
ACTION SNIPPET 10000 9038 SEEN_PREVIOUSLY b'1020235'
ACTION SNIPPET 10000 9041 SEEN_PREVIOUSLY b'1365691'
ACTION SNIPPET 10000 9044 SEEN_PREVIOUSLY b'1038655'
ACTION SNIPPET 10000 9047 SNIPPET_NOT_RELEVANT b'712494'
ACTION SNIPPET 10000 9050 SNIPPET_RELEVANT b'1161256'
ACTION DOC 10000 9070 EXAMINING_DOCUMENT b'1161256'
ACTION SNIPPET 10000 9073 SNIPPET_NOT_RELEVANT b'1539900'
ACTION SNIPPET 10000 9076 SEEN_PREVIOUSLY b'1497837'
ACTION SNIPPET 10000 9079 SNIPPET_NOT_RELEVANT b'1438466'
ACTION QUERY 10000 9089 abuses of e mail collect
ACTION SERP 10000 9094 EXAMINE_SERP
ACTION SNIPPET 10000 9097 SEEN_PREVIOUSLY b'1238056'
ACTION SNIPPET 10000 9100 SNIPPET_NOT_RELEVANT b'968210'
ACTION SNIPPET 10000 9103 SNIPPET_NOT_RELEVANT b'290930'
ACTION SNIPPET 10000 9106 SEEN_PREVIOUSLY b'966415'
ACTION SNIPPET 10000 9109 SEEN_PREVIOUSLY b'964388'
ACTION SNIPPET 10000 9112 SEEN_PREVIOUSLY b'1403816'
ACTION SNIPPET 10000 9115 SEEN_PREVIOUSLY b'1424814'
ACTION SNIPPET 10000 9118 SEEN_PREVIOUSLY b'506870'
ACTION SNIPPET 10000 9121 SEEN_PREVIOUSLY b'501179'
ACTION SNIPPET 10000 9124 SNIPPET_NOT_RELEVANT b'992008'
ACTION QUERY 10000 9134 abuses of e mail system
ACTION SERP 10000 9139 EXAMINE_SERP
ACTION SNIPPET 10000 9142 SEEN_PREVIOUSLY b'506870'
ACTION SNIPPET 10000 9145 SEEN_PREVIOUSLY b'1747359'
ACTION SNIPPET 10000 9148 SEEN_PREVIOUSLY b'1365691'
ACTION SNIPPET 10000 9151 SEEN_PREVIOUSLY b'1205982'
ACTION SNIPPET 10000 9154 SEEN_PREVIOUSLY b'1309604'
ACTION SNIPPET 10000 9157 SEEN_PREVIOUSLY b'1424814'
ACTION SNIPPET 10000 9160 SEEN_PREVIOUSLY b'1219691'
ACTION SNIPPET 10000 9163 SEEN_PREVIOUSLY b'955775'
ACTION SNIPPET 10000 9166 SEEN_PREVIOUSLY b'501179'
ACTION SNIPPET 10000 9169 SEEN_PREVIOUSLY b'291435'
ACTION QUERY 10000 9179 abuses of e mail enforcement
ACTION SERP 10000 9184 EXAMINE_SERP
ACTION SNIPPET 10000 9187 SEEN_PREVIOUSLY b'1217990'
ACTION SNIPPET 10000 9190 SEEN_PREVIOUSLY b'1528091'
ACTION SNIPPET 10000 9193 SEEN_PREVIOUSLY b'1674087'
ACTION SNIPPET 10000 9196 SNIPPET_RELEVANT b'904057'
ACTION DOC 10000 9216 EXAMINING_DOCUMENT b'904057'
ACTION SNIPPET 10000 9219 SNIPPET_RELEVANT b'471647'
ACTION DOC 10000 9239 EXAMINING_DOCUMENT b'471647'
ACTION SNIPPET 10000 9242 SEEN_PREVIOUSLY b'1794957'
ACTION SNIPPET 10000 9245 SNIPPET_NOT_RELEVANT b'894711'
ACTION SNIPPET 10000 9248 SNIPPET_RELEVANT b'1004086'
ACTION DOC 10000 9268 EXAMINING_DOCUMENT b'1004086'
ACTION SNIPPET 10000 9271 SNIPPET_RELEVANT b'1678944'
ACTION DOC 10000 9291 EXAMINING_DOCUMENT b'1678944'
ACTION SNIPPET 10000 9294 SNIPPET_RELEVANT b'1606513'
ACTION DOC 10000 9314 EXAMINING_DOCUMENT b'1606513'
ACTION QUERY 10000 9324 abuses of e mail asset
ACTION SERP 10000 9329 EXAMINE_SERP
ACTION SNIPPET 10000 9332 SNIPPET_RELEVANT b'1624855'
ACTION DOC 10000 9352 EXAMINING_DOCUMENT b'1624855'
ACTION SNIPPET 10000 9355 SEEN_PREVIOUSLY b'506870'
ACTION SNIPPET 10000 9358 SEEN_PREVIOUSLY b'501179'
ACTION SNIPPET 10000 9361 SNIPPET_RELEVANT b'480191'
ACTION DOC 10000 9381 EXAMINING_DOCUMENT b'480191'
ACTION SNIPPET 10000 9384 SNIPPET_NOT_RELEVANT b'932308'
ACTION SNIPPET 10000 9387 SEEN_PREVIOUSLY b'979050'
ACTION SNIPPET 10000 9390 SNIPPET_RELEVANT b'1271341'
ACTION DOC 10000 9410 EXAMINING_DOCUMENT b'1271341'
ACTION SNIPPET 10000 9413 SNIPPET_NOT_RELEVANT b'1764409'
ACTION SNIPPET 10000 9416 SEEN_PREVIOUSLY b'194014'
ACTION SNIPPET 10000 9419 SNIPPET_RELEVANT b'933417'
ACTION DOC 10000 9439 EXAMINING_DOCUMENT b'933417'
ACTION QUERY 10000 9449 abuses of e mail telephone
ACTION SERP 10000 9454 EXAMINE_SERP
ACTION SNIPPET 10000 9457 SEEN_PREVIOUSLY b'997195'
ACTION SNIPPET 10000 9460 SEEN_PREVIOUSLY b'955775'
ACTION SNIPPET 10000 9463 SEEN_PREVIOUSLY b'1217990'
ACTION SNIPPET 10000 9466 SEEN_PREVIOUSLY b'752455'
ACTION SNIPPET 10000 9469 SNIPPET_RELEVANT b'1736100'
ACTION DOC 10000 9489 EXAMINING_DOCUMENT b'1736100'
ACTION SNIPPET 10000 9492 SNIPPET_NOT_RELEVANT b'968210'
ACTION SNIPPET 10000 9495 SEEN_PREVIOUSLY b'966415'
ACTION SNIPPET 10000 9498 SEEN_PREVIOUSLY b'964388'
ACTION SNIPPET 10000 9501 SNIPPET_NOT_RELEVANT b'380851'
ACTION SNIPPET 10000 9504 SEEN_PREVIOUSLY b'870867'
ACTION QUERY 10000 9514 abuses of e mail public
ACTION SERP 10000 9519 EXAMINE_SERP
ACTION SNIPPET 10000 9522 SEEN_PREVIOUSLY b'506870'
ACTION SNIPPET 10000 9525 SEEN_PREVIOUSLY b'194014'
ACTION SNIPPET 10000 9528 SEEN_PREVIOUSLY b'1689651'
ACTION SNIPPET 10000 9531 SEEN_PREVIOUSLY b'1580049'
ACTION SNIPPET 10000 9534 SEEN_PREVIOUSLY b'1381770'
ACTION SNIPPET 10000 9537 SEEN_PREVIOUSLY b'1641915'
ACTION SNIPPET 10000 9540 SEEN_PREVIOUSLY b'501179'
ACTION SNIPPET 10000 9543 SEEN_PREVIOUSLY b'1382167'
ACTION SNIPPET 10000 9546 SEEN_PREVIOUSLY b'258695'
ACTION SNIPPET 10000 9549 SEEN_PREVIOUSLY b'955775'
ACTION QUERY 10000 9559 abuses of e mail being
ACTION SERP 10000 9564 EXAMINE_SERP
ACTION SNIPPET 10000 9567 SEEN_PREVIOUSLY b'194014'
ACTION SNIPPET 10000 9570 SEEN_PREVIOUSLY b'506870'
ACTION SNIPPET 10000 9573 SEEN_PREVIOUSLY b'501179'
ACTION SNIPPET 10000 9576 SEEN_PREVIOUSLY b'1794957'
ACTION SNIPPET 10000 9579 SEEN_PREVIOUSLY b'955775'
ACTION SNIPPET 10000 9582 SEEN_PREVIOUSLY b'1747359'
ACTION SNIPPET 10000 9585 SNIPPET_NOT_RELEVANT b'1582192'
ACTION SNIPPET 10000 9588 SEEN_PREVIOUSLY b'1641915'
ACTION SNIPPET 10000 9591 SEEN_PREVIOUSLY b'1674087'
ACTION SNIPPET 10000 9594 SEEN_PREVIOUSLY b'1606733'
ACTION QUERY 10000 9604 abuses of e mail impact
ACTION SERP 10000 9609 EXAMINE_SERP
ACTION SNIPPET 10000 9612 SEEN_PREVIOUSLY b'618995'
ACTION SNIPPET 10000 9615 SEEN_PREVIOUSLY b'1674087'
ACTION SNIPPET 10000 9618 SNIPPET_RELEVANT b'1792470'
ACTION DOC 10000 9638 EXAMINING_DOCUMENT b'1792470'
ACTION SNIPPET 10000 9641 SEEN_PREVIOUSLY b'1595999'
ACTION SNIPPET 10000 9644 SNIPPET_NOT_RELEVANT b'240022'
ACTION SNIPPET 10000 9647 SEEN_PREVIOUSLY b'1038655'
ACTION SNIPPET 10000 9650 SEEN_PREVIOUSLY b'506870'
ACTION SNIPPET 10000 9653 SEEN_PREVIOUSLY b'501179'
ACTION SNIPPET 10000 9656 SNIPPET_RELEVANT b'514658'
ACTION DOC 10000 9676 EXAMINING_DOCUMENT b'514658'
ACTION SNIPPET 10000 9679 SNIPPET_NOT_RELEVANT b'310039'
ACTION QUERY 10000 9689 abuses of e mail scandal
ACTION SERP 10000 9694 EXAMINE_SERP
ACTION SNIPPET 10000 9697 SEEN_PREVIOUSLY b'288907'
ACTION SNIPPET 10000 9700 SEEN_PREVIOUSLY b'1386259'
ACTION SNIPPET 10000 9703 SNIPPET_NOT_RELEVANT b'1794910'
ACTION SNIPPET 10000 9706 SNIPPET_RELEVANT b'1593580'
ACTION DOC 10000 9726 EXAMINING_DOCUMENT b'1593580'
ACTION SNIPPET 10000 9729 SNIPPET_RELEVANT b'1579569'
ACTION DOC 10000 9749 EXAMINING_DOCUMENT b'1579569'
ACTION SNIPPET 10000 9752 SEEN_PREVIOUSLY b'121918'
ACTION SNIPPET 10000 9755 SEEN_PREVIOUSLY b'1381770'
ACTION SNIPPET 10000 9758 SNIPPET_NOT_RELEVANT b'479015'
ACTION SNIPPET 10000 9761 SNIPPET_RELEVANT b'150133'
ACTION DOC 10000 9781 EXAMINING_DOCUMENT b'150133'
ACTION SNIPPET 10000 9784 SEEN_PREVIOUSLY b'1626672'
ACTION QUERY 10000 9794 abuses of e mail mail
ACTION SERP 10000 9799 EXAMINE_SERP
ACTION SNIPPET 10000 9802 SEEN_PREVIOUSLY b'506870'
ACTION SNIPPET 10000 9805 SEEN_PREVIOUSLY b'501179'
ACTION SNIPPET 10000 9808 SEEN_PREVIOUSLY b'194014'
ACTION SNIPPET 10000 9811 SEEN_PREVIOUSLY b'1238056'
ACTION SNIPPET 10000 9814 SEEN_PREVIOUSLY b'1116169'
ACTION SNIPPET 10000 9817 SEEN_PREVIOUSLY b'1747359'
ACTION SNIPPET 10000 9820 SEEN_PREVIOUSLY b'79116'
ACTION SNIPPET 10000 9823 SEEN_PREVIOUSLY b'1674087'
ACTION SNIPPET 10000 9826 SEEN_PREVIOUSLY b'542391'
ACTION SNIPPET 10000 9829 SEEN_PREVIOUSLY b'1485201'
ACTION QUERY 10000 9839 abuses of e mail recording
ACTION SERP 10000 9844 EXAMINE_SERP
ACTION SNIPPET 10000 9847 SEEN_PREVIOUSLY b'506870'
ACTION SNIPPET 10000 9850 SEEN_PREVIOUSLY b'618995'
ACTION SNIPPET 10000 9853 SEEN_PREVIOUSLY b'1205982'
ACTION SNIPPET 10000 9856 SEEN_PREVIOUSLY b'1279592'
ACTION SNIPPET 10000 9859 SEEN_PREVIOUSLY b'501179'
ACTION SNIPPET 10000 9862 SEEN_PREVIOUSLY b'1674087'
ACTION SNIPPET 10000 9865 SNIPPET_NOT_RELEVANT b'1639929'
ACTION SNIPPET 10000 9868 SEEN_PREVIOUSLY b'291435'
ACTION SNIPPET 10000 9871 SEEN_PREVIOUSLY b'258695'
ACTION SNIPPET 10000 9874 SNIPPET_RELEVANT b'240022'
ACTION DOC 10000 9894 EXAMINING_DOCUMENT b'240022'
ACTION QUERY 10000 9904 abuses of e mail wrote
ACTION SERP 10000 9909 EXAMINE_SERP
ACTION SNIPPET 10000 9912 SNIPPET_RELEVANT b'1582192'
ACTION DOC 10000 9932 EXAMINING_DOCUMENT b'1582192'
ACTION SNIPPET 10000 9935 SEEN_PREVIOUSLY b'1381770'
ACTION SNIPPET 10000 9938 SEEN_PREVIOUSLY b'783913'
ACTION SNIPPET 10000 9941 SEEN_PREVIOUSLY b'1633427'
ACTION SNIPPET 10000 9944 SNIPPET_RELEVANT b'1383194'
ACTION DOC 10000 9964 EXAMINING_DOCUMENT b'1383194'
ACTION SNIPPET 10000 9967 SNIPPET_NOT_RELEVANT b'1639929'
ACTION SNIPPET 10000 9970 SNIPPET_NOT_RELEVANT b'1641883'
ACTION SNIPPET 10000 9973 SEEN_PREVIOUSLY b'1624960'
ACTION SNIPPET 10000 9976 SNIPPET_RELEVANT b'1162996'
ACTION DOC 10000 9996 EXAMINING_DOCUMENT b'1162996'
ACTION SNIPPET 10000 9999 SEEN_PREVIOUSLY b'1249478'
ACTION QUERY 10000 10009 abuses of e mail affecting
INFO SUMMARY 
INFO TOTAL_QUERIES_ISSUED 120
INFO TOTAL_SNIPPETS_EXAMINED 1190
INFO TOTAL_DOCUMENTS_EXAMINED 231
INFO TOTAL_DOCUMENTS_MARKED_RELEVANT 8
INFO TOTAL_ATTRACTIVE_SERP_IMPRESSIONS 119
INFO TOTAL_UNATTRACTIVE_SERP_IMPRESSIONS 0
