ACTION QUERY 10000 10 airport security
ACTION SERP 10000 15 EXAMINE_SERP
ACTION SNIPPET 10000 18 SNIPPET_RELEVANT b'871951'
ACTION DOC 10000 38 EXAMINING_DOCUMENT b'871951'
ACTION MARK 10000 41 CONSIDERED_RELEVANT b'871951'
ACTION SNIPPET 10000 44 SNIPPET_NOT_RELEVANT b'877817'
ACTION SNIPPET 10000 47 SNIPPET_RELEVANT b'1406057'
ACTION DOC 10000 67 EXAMINING_DOCUMENT b'1406057'
ACTION SNIPPET 10000 70 SNIPPET_RELEVANT b'1474304'
ACTION DOC 10000 90 EXAMINING_DOCUMENT b'1474304'
ACTION SNIPPET 10000 93 SNIPPET_NOT_RELEVANT b'104570'
ACTION SNIPPET 10000 96 SNIPPET_RELEVANT b'1326248'
ACTION DOC 10000 116 EXAMINING_DOCUMENT b'1326248'
ACTION MARK 10000 119 CONSIDERED_RELEVANT b'1326248'
ACTION SNIPPET 10000 122 SNIPPET_NOT_RELEVANT b'1353553'
ACTION SNIPPET 10000 125 SNIPPET_RELEVANT b'1401837'
ACTION DOC 10000 145 EXAMINING_DOCUMENT b'1401837'
ACTION SNIPPET 10000 148 SNIPPET_RELEVANT b'50316'
ACTION DOC 10000 168 EXAMINING_DOCUMENT b'50316'
ACTION SNIPPET 10000 171 SNIPPET_RELEVANT b'1330367'
ACTION DOC 10000 191 EXAMINING_DOCUMENT b'1330367'
ACTION QUERY 10000 201 airport security refer
ACTION SERP 10000 206 EXAMINE_SERP
ACTION SNIPPET 10000 209 SNIPPET_RELEVANT b'1404579'
ACTION DOC 10000 229 EXAMINING_DOCUMENT b'1404579'
ACTION SNIPPET 10000 232 SNIPPET_RELEVANT b'1415432'
ACTION DOC 10000 252 EXAMINING_DOCUMENT b'1415432'
ACTION SNIPPET 10000 255 SNIPPET_NOT_RELEVANT b'1329234'
ACTION SNIPPET 10000 258 SNIPPET_RELEVANT b'1402074'
ACTION DOC 10000 278 EXAMINING_DOCUMENT b'1402074'
ACTION MARK 10000 281 CONSIDERED_RELEVANT b'1402074'
ACTION SNIPPET 10000 284 SNIPPET_NOT_RELEVANT b'539738'
ACTION SNIPPET 10000 287 SEEN_PREVIOUSLY b'1406057'
ACTION SNIPPET 10000 290 SNIPPET_RELEVANT b'419934'
ACTION DOC 10000 310 EXAMINING_DOCUMENT b'419934'
ACTION SNIPPET 10000 313 SNIPPET_NOT_RELEVANT b'866479'
ACTION SNIPPET 10000 316 SNIPPET_NOT_RELEVANT b'686106'
ACTION SNIPPET 10000 319 SNIPPET_NOT_RELEVANT b'128012'
ACTION QUERY 10000 329 airport security scrutinize
ACTION SERP 10000 334 EXAMINE_SERP
ACTION SNIPPET 10000 337 SNIPPET_NOT_RELEVANT b'1820435'
ACTION SNIPPET 10000 340 SNIPPET_NOT_RELEVANT b'1820289'
ACTION SNIPPET 10000 343 SNIPPET_NOT_RELEVANT b'771168'
ACTION SNIPPET 10000 346 SNIPPET_RELEVANT b'654120'
ACTION DOC 10000 366 EXAMINING_DOCUMENT b'654120'
ACTION SNIPPET 10000 369 SNIPPET_NOT_RELEVANT b'1372450'
ACTION SNIPPET 10000 372 SNIPPET_RELEVANT b'867365'
ACTION DOC 10000 392 EXAMINING_DOCUMENT b'867365'
ACTION SNIPPET 10000 395 SNIPPET_RELEVANT b'771888'
ACTION DOC 10000 415 EXAMINING_DOCUMENT b'771888'
ACTION SNIPPET 10000 418 SNIPPET_RELEVANT b'867368'
ACTION DOC 10000 438 EXAMINING_DOCUMENT b'867368'
ACTION SNIPPET 10000 441 SNIPPET_NOT_RELEVANT b'1383580'
ACTION SNIPPET 10000 444 SNIPPET_RELEVANT b'1328926'
ACTION DOC 10000 464 EXAMINING_DOCUMENT b'1328926'
ACTION QUERY 10000 474 airport security passenger
ACTION SERP 10000 479 EXAMINE_SERP
ACTION SNIPPET 10000 482 SNIPPET_NOT_RELEVANT b'1353553'
ACTION SNIPPET 10000 485 SNIPPET_RELEVANT b'1363815'
ACTION DOC 10000 505 EXAMINING_DOCUMENT b'1363815'
ACTION SNIPPET 10000 508 SNIPPET_NOT_RELEVANT b'1329335'
ACTION SNIPPET 10000 511 SEEN_PREVIOUSLY b'419934'
ACTION SNIPPET 10000 514 SNIPPET_RELEVANT b'1425140'
ACTION DOC 10000 534 EXAMINING_DOCUMENT b'1425140'
ACTION MARK 10000 537 CONSIDERED_RELEVANT b'1425140'
ACTION SNIPPET 10000 540 SNIPPET_NOT_RELEVANT b'1354247'
ACTION SNIPPET 10000 543 SNIPPET_RELEVANT b'1329164'
ACTION DOC 10000 563 EXAMINING_DOCUMENT b'1329164'
ACTION SNIPPET 10000 566 SNIPPET_RELEVANT b'1329682'
ACTION DOC 10000 586 EXAMINING_DOCUMENT b'1329682'
ACTION SNIPPET 10000 589 SNIPPET_NOT_RELEVANT b'1782306'
ACTION SNIPPET 10000 592 SNIPPET_NOT_RELEVANT b'419939'
ACTION QUERY 10000 602 airport security examples
ACTION SERP 10000 607 EXAMINE_SERP
ACTION SNIPPET 10000 610 SNIPPET_NOT_RELEVANT b'1790968'
ACTION SNIPPET 10000 613 SNIPPET_RELEVANT b'1747819'
ACTION DOC 10000 633 EXAMINING_DOCUMENT b'1747819'
ACTION SNIPPET 10000 636 SNIPPET_NOT_RELEVANT b'606144'
ACTION SNIPPET 10000 639 SNIPPET_NOT_RELEVANT b'1354247'
ACTION SNIPPET 10000 642 SEEN_PREVIOUSLY b'1326248'
ACTION SNIPPET 10000 645 SNIPPET_NOT_RELEVANT b'1339765'
ACTION SNIPPET 10000 648 SNIPPET_RELEVANT b'434828'
ACTION DOC 10000 668 EXAMINING_DOCUMENT b'434828'
ACTION SNIPPET 10000 671 SNIPPET_RELEVANT b'1497609'
ACTION DOC 10000 691 EXAMINING_DOCUMENT b'1497609'
ACTION SNIPPET 10000 694 SNIPPET_NOT_RELEVANT b'1783217'
ACTION SNIPPET 10000 697 SNIPPET_RELEVANT b'1411705'
ACTION DOC 10000 717 EXAMINING_DOCUMENT b'1411705'
ACTION QUERY 10000 727 airport security whole
ACTION SERP 10000 732 EXAMINE_SERP
ACTION SNIPPET 10000 735 SNIPPET_NOT_RELEVANT b'1465600'
ACTION SNIPPET 10000 738 SNIPPET_RELEVANT b'909297'
ACTION DOC 10000 758 EXAMINING_DOCUMENT b'909297'
ACTION SNIPPET 10000 761 SNIPPET_NOT_RELEVANT b'1403587'
ACTION SNIPPET 10000 764 SNIPPET_NOT_RELEVANT b'1437972'
ACTION SNIPPET 10000 767 SNIPPET_NOT_RELEVANT b'1819286'
ACTION SNIPPET 10000 770 SNIPPET_RELEVANT b'1338925'
ACTION DOC 10000 790 EXAMINING_DOCUMENT b'1338925'
ACTION SNIPPET 10000 793 SNIPPET_RELEVANT b'620705'
ACTION DOC 10000 813 EXAMINING_DOCUMENT b'620705'
ACTION MARK 10000 816 CONSIDERED_RELEVANT b'620705'
ACTION SNIPPET 10000 819 SNIPPET_NOT_RELEVANT b'1353553'
ACTION SNIPPET 10000 822 SNIPPET_NOT_RELEVANT b'1584355'
ACTION SNIPPET 10000 825 SNIPPET_NOT_RELEVANT b'865661'
ACTION QUERY 10000 835 airport security reports
ACTION SERP 10000 840 EXAMINE_SERP
ACTION SNIPPET 10000 843 SNIPPET_NOT_RELEVANT b'655267'
ACTION SNIPPET 10000 846 SNIPPET_RELEVANT b'877162'
ACTION DOC 10000 866 EXAMINING_DOCUMENT b'877162'
ACTION SNIPPET 10000 869 SNIPPET_RELEVANT b'1157740'
ACTION DOC 10000 889 EXAMINING_DOCUMENT b'1157740'
ACTION SNIPPET 10000 892 SNIPPET_NOT_RELEVANT b'1458964'
ACTION SNIPPET 10000 895 SNIPPET_RELEVANT b'1329335'
ACTION DOC 10000 915 EXAMINING_DOCUMENT b'1329335'
ACTION SNIPPET 10000 918 SNIPPET_NOT_RELEVANT b'57399'
ACTION SNIPPET 10000 921 SNIPPET_RELEVANT b'866479'
ACTION DOC 10000 941 EXAMINING_DOCUMENT b'866479'
ACTION SNIPPET 10000 944 SNIPPET_NOT_RELEVANT b'867617'
ACTION SNIPPET 10000 947 SNIPPET_NOT_RELEVANT b'1632943'
ACTION SNIPPET 10000 950 SNIPPET_NOT_RELEVANT b'662225'
ACTION QUERY 10000 960 airport security screen
ACTION SERP 10000 965 EXAMINE_SERP
ACTION SNIPPET 10000 968 SNIPPET_NOT_RELEVANT b'57399'
ACTION SNIPPET 10000 971 SNIPPET_NOT_RELEVANT b'1452973'
ACTION SNIPPET 10000 974 SNIPPET_NOT_RELEVANT b'1833316'
ACTION SNIPPET 10000 977 SNIPPET_RELEVANT b'1339765'
ACTION DOC 10000 997 EXAMINING_DOCUMENT b'1339765'
ACTION SNIPPET 10000 1000 SNIPPET_NOT_RELEVANT b'1342849'
ACTION SNIPPET 10000 1003 SNIPPET_RELEVANT b'1761171'
ACTION DOC 10000 1023 EXAMINING_DOCUMENT b'1761171'
ACTION SNIPPET 10000 1026 SNIPPET_RELEVANT b'1440233'
ACTION DOC 10000 1046 EXAMINING_DOCUMENT b'1440233'
ACTION SNIPPET 10000 1049 SNIPPET_RELEVANT b'1591797'
ACTION DOC 10000 1069 EXAMINING_DOCUMENT b'1591797'
ACTION SNIPPET 10000 1072 SNIPPET_RELEVANT b'1367994'
ACTION DOC 10000 1092 EXAMINING_DOCUMENT b'1367994'
ACTION SNIPPET 10000 1095 SNIPPET_RELEVANT b'1324916'
ACTION DOC 10000 1115 EXAMINING_DOCUMENT b'1324916'
ACTION QUERY 10000 1125 airport security passengers
ACTION SERP 10000 1130 EXAMINE_SERP
ACTION SNIPPET 10000 1133 SNIPPET_NOT_RELEVANT b'1353553'
ACTION SNIPPET 10000 1136 SEEN_PREVIOUSLY b'1363815'
ACTION SNIPPET 10000 1139 SEEN_PREVIOUSLY b'1329335'
ACTION SNIPPET 10000 1142 SEEN_PREVIOUSLY b'419934'
ACTION SNIPPET 10000 1145 SEEN_PREVIOUSLY b'1425140'
ACTION SNIPPET 10000 1148 SNIPPET_RELEVANT b'1354247'
ACTION DOC 10000 1168 EXAMINING_DOCUMENT b'1354247'
ACTION SNIPPET 10000 1171 SEEN_PREVIOUSLY b'1329164'
ACTION SNIPPET 10000 1174 SEEN_PREVIOUSLY b'1329682'
ACTION SNIPPET 10000 1177 SNIPPET_NOT_RELEVANT b'1782306'
ACTION SNIPPET 10000 1180 SNIPPET_RELEVANT b'419939'
ACTION DOC 10000 1200 EXAMINING_DOCUMENT b'419939'
ACTION QUERY 10000 1210 airport security step
ACTION SERP 10000 1215 EXAMINE_SERP
ACTION SNIPPET 10000 1218 SNIPPET_NOT_RELEVANT b'1400875'
ACTION SNIPPET 10000 1221 SNIPPET_NOT_RELEVANT b'1784331'
ACTION SNIPPET 10000 1224 SNIPPET_RELEVANT b'1476485'
ACTION DOC 10000 1244 EXAMINING_DOCUMENT b'1476485'
ACTION SNIPPET 10000 1247 SNIPPET_NOT_RELEVANT b'159489'
ACTION SNIPPET 10000 1250 SNIPPET_RELEVANT b'419940'
ACTION DOC 10000 1270 EXAMINING_DOCUMENT b'419940'
ACTION SNIPPET 10000 1273 SNIPPET_RELEVANT b'866275'
ACTION DOC 10000 1293 EXAMINING_DOCUMENT b'866275'
ACTION SNIPPET 10000 1296 SNIPPET_NOT_RELEVANT b'433672'
ACTION SNIPPET 10000 1299 SNIPPET_RELEVANT b'798731'
ACTION DOC 10000 1319 EXAMINING_DOCUMENT b'798731'
ACTION SNIPPET 10000 1322 SNIPPET_RELEVANT b'797972'
ACTION DOC 10000 1342 EXAMINING_DOCUMENT b'797972'
ACTION SNIPPET 10000 1345 SNIPPET_NOT_RELEVANT b'843531'
ACTION QUERY 10000 1355 airport security luggage
ACTION SERP 10000 1360 EXAMINE_SERP
ACTION SNIPPET 10000 1363 SNIPPET_NOT_RELEVANT b'1381155'
ACTION SNIPPET 10000 1366 SNIPPET_NOT_RELEVANT b'653974'
ACTION SNIPPET 10000 1369 SEEN_PREVIOUSLY b'871951'
ACTION SNIPPET 10000 1372 SNIPPET_NOT_RELEVANT b'438764'
ACTION SNIPPET 10000 1375 SNIPPET_RELEVANT b'1816078'
ACTION DOC 10000 1395 EXAMINING_DOCUMENT b'1816078'
ACTION SNIPPET 10000 1398 SNIPPET_NOT_RELEVANT b'1452144'
ACTION SNIPPET 10000 1401 SNIPPET_RELEVANT b'1326533'
ACTION DOC 10000 1421 EXAMINING_DOCUMENT b'1326533'
ACTION MARK 10000 1424 CONSIDERED_RELEVANT b'1326533'
ACTION SNIPPET 10000 1427 SNIPPET_RELEVANT b'772141'
ACTION DOC 10000 1447 EXAMINING_DOCUMENT b'772141'
ACTION SNIPPET 10000 1450 SNIPPET_RELEVANT b'279661'
ACTION DOC 10000 1470 EXAMINING_DOCUMENT b'279661'
ACTION MARK 10000 1473 CONSIDERED_RELEVANT b'279661'
ACTION SNIPPET 10000 1476 SEEN_PREVIOUSLY b'867368'
ACTION QUERY 10000 1486 airport security domestic
ACTION SERP 10000 1491 EXAMINE_SERP
ACTION SNIPPET 10000 1494 SNIPPET_RELEVANT b'445629'
ACTION DOC 10000 1514 EXAMINING_DOCUMENT b'445629'
ACTION SNIPPET 10000 1517 SNIPPET_NOT_RELEVANT b'1240705'
ACTION SNIPPET 10000 1520 SNIPPET_NOT_RELEVANT b'1353553'
ACTION SNIPPET 10000 1523 SNIPPET_NOT_RELEVANT b'655267'
ACTION SNIPPET 10000 1526 SNIPPET_NOT_RELEVANT b'419931'
ACTION SNIPPET 10000 1529 SNIPPET_RELEVANT b'1627642'
ACTION DOC 10000 1549 EXAMINING_DOCUMENT b'1627642'
ACTION SNIPPET 10000 1552 SNIPPET_NOT_RELEVANT b'865566'
ACTION SNIPPET 10000 1555 SNIPPET_RELEVANT b'439204'
ACTION DOC 10000 1575 EXAMINING_DOCUMENT b'439204'
ACTION SNIPPET 10000 1578 SNIPPET_RELEVANT b'1807882'
ACTION DOC 10000 1598 EXAMINING_DOCUMENT b'1807882'
ACTION MARK 10000 1601 CONSIDERED_RELEVANT b'1807882'
ACTION SNIPPET 10000 1604 SNIPPET_NOT_RELEVANT b'1330091'
ACTION QUERY 10000 1614 airport security airports
ACTION SERP 10000 1619 EXAMINE_SERP
ACTION SNIPPET 10000 1622 SEEN_PREVIOUSLY b'871951'
ACTION SNIPPET 10000 1625 SEEN_PREVIOUSLY b'1474304'
ACTION SNIPPET 10000 1628 SNIPPET_NOT_RELEVANT b'877817'
ACTION SNIPPET 10000 1631 SEEN_PREVIOUSLY b'1406057'
ACTION SNIPPET 10000 1634 SEEN_PREVIOUSLY b'1401837'
ACTION SNIPPET 10000 1637 SEEN_PREVIOUSLY b'1326248'
ACTION SNIPPET 10000 1640 SNIPPET_NOT_RELEVANT b'104570'
ACTION SNIPPET 10000 1643 SEEN_PREVIOUSLY b'50316'
ACTION SNIPPET 10000 1646 SNIPPET_NOT_RELEVANT b'1399640'
ACTION SNIPPET 10000 1649 SNIPPET_NOT_RELEVANT b'1353553'
ACTION QUERY 10000 1659 airport security concerns
ACTION SERP 10000 1664 EXAMINE_SERP
ACTION SNIPPET 10000 1667 SNIPPET_NOT_RELEVANT b'1541712'
ACTION SNIPPET 10000 1670 SNIPPET_RELEVANT b'655267'
ACTION DOC 10000 1690 EXAMINING_DOCUMENT b'655267'
ACTION SNIPPET 10000 1693 SNIPPET_NOT_RELEVANT b'1400506'
ACTION SNIPPET 10000 1696 SEEN_PREVIOUSLY b'871951'
ACTION SNIPPET 10000 1699 SEEN_PREVIOUSLY b'798731'
ACTION SNIPPET 10000 1702 SEEN_PREVIOUSLY b'797972'
ACTION SNIPPET 10000 1705 SNIPPET_RELEVANT b'814151'
ACTION DOC 10000 1725 EXAMINING_DOCUMENT b'814151'
ACTION SNIPPET 10000 1728 SNIPPET_NOT_RELEVANT b'810302'
ACTION SNIPPET 10000 1731 SNIPPET_RELEVANT b'1773471'
ACTION DOC 10000 1751 EXAMINING_DOCUMENT b'1773471'
ACTION SNIPPET 10000 1754 SNIPPET_NOT_RELEVANT b'415362'
ACTION QUERY 10000 1764 airport security additional
ACTION SERP 10000 1769 EXAMINE_SERP
ACTION SNIPPET 10000 1772 SNIPPET_NOT_RELEVANT b'1784331'
ACTION SNIPPET 10000 1775 SNIPPET_RELEVANT b'1426661'
ACTION DOC 10000 1795 EXAMINING_DOCUMENT b'1426661'
ACTION SNIPPET 10000 1798 SNIPPET_NOT_RELEVANT b'1783217'
ACTION SNIPPET 10000 1801 SNIPPET_RELEVANT b'1341562'
ACTION DOC 10000 1821 EXAMINING_DOCUMENT b'1341562'
ACTION SNIPPET 10000 1824 SNIPPET_RELEVANT b'843531'
ACTION DOC 10000 1844 EXAMINING_DOCUMENT b'843531'
ACTION SNIPPET 10000 1847 SEEN_PREVIOUSLY b'1406057'
ACTION SNIPPET 10000 1850 SNIPPET_NOT_RELEVANT b'782247'
ACTION SNIPPET 10000 1853 SNIPPET_NOT_RELEVANT b'1556252'
ACTION SNIPPET 10000 1856 SNIPPET_RELEVANT b'866307'
ACTION DOC 10000 1876 EXAMINING_DOCUMENT b'866307'
ACTION SNIPPET 10000 1879 SNIPPET_NOT_RELEVANT b'1690349'
ACTION QUERY 10000 1889 airport security just
ACTION SERP 10000 1894 EXAMINE_SERP
ACTION SNIPPET 10000 1897 SNIPPET_RELEVANT b'1523134'
ACTION DOC 10000 1917 EXAMINING_DOCUMENT b'1523134'
ACTION SNIPPET 10000 1920 SNIPPET_NOT_RELEVANT b'1443897'
ACTION SNIPPET 10000 1923 SNIPPET_RELEVANT b'1819286'
ACTION DOC 10000 1943 EXAMINING_DOCUMENT b'1819286'
ACTION SNIPPET 10000 1946 SEEN_PREVIOUSLY b'871951'
ACTION SNIPPET 10000 1949 SEEN_PREVIOUSLY b'620705'
ACTION SNIPPET 10000 1952 SEEN_PREVIOUSLY b'1474304'
ACTION SNIPPET 10000 1955 SNIPPET_NOT_RELEVANT b'1511476'
ACTION SNIPPET 10000 1958 SEEN_PREVIOUSLY b'1406057'
ACTION SNIPPET 10000 1961 SNIPPET_RELEVANT b'1690788'
ACTION DOC 10000 1981 EXAMINING_DOCUMENT b'1690788'
ACTION SNIPPET 10000 1984 SEEN_PREVIOUSLY b'772141'
ACTION QUERY 10000 1994 airport security mere
ACTION SERP 10000 1999 EXAMINE_SERP
ACTION SNIPPET 10000 2002 SNIPPET_RELEVANT b'1377490'
ACTION DOC 10000 2022 EXAMINING_DOCUMENT b'1377490'
ACTION SNIPPET 10000 2025 SNIPPET_NOT_RELEVANT b'1385753'
ACTION SNIPPET 10000 2028 SNIPPET_RELEVANT b'1459492'
ACTION DOC 10000 2048 EXAMINING_DOCUMENT b'1459492'
ACTION SNIPPET 10000 2051 SNIPPET_RELEVANT b'1455293'
ACTION DOC 10000 2071 EXAMINING_DOCUMENT b'1455293'
ACTION SNIPPET 10000 2074 SNIPPET_RELEVANT b'1561395'
ACTION DOC 10000 2094 EXAMINING_DOCUMENT b'1561395'
ACTION SNIPPET 10000 2097 SNIPPET_NOT_RELEVANT b'1360033'
ACTION SNIPPET 10000 2100 SNIPPET_RELEVANT b'1331372'
ACTION DOC 10000 2120 EXAMINING_DOCUMENT b'1331372'
ACTION SNIPPET 10000 2123 SNIPPET_RELEVANT b'873906'
ACTION DOC 10000 2143 EXAMINING_DOCUMENT b'873906'
ACTION SNIPPET 10000 2146 SNIPPET_NOT_RELEVANT b'873856'
ACTION SNIPPET 10000 2149 SNIPPET_RELEVANT b'783629'
ACTION DOC 10000 2169 EXAMINING_DOCUMENT b'783629'
ACTION QUERY 10000 2179 airport security enhanced
ACTION SERP 10000 2184 EXAMINE_SERP
ACTION SNIPPET 10000 2187 SNIPPET_NOT_RELEVANT b'1652122'
ACTION SNIPPET 10000 2190 SEEN_PREVIOUSLY b'434828'
ACTION SNIPPET 10000 2193 SNIPPET_NOT_RELEVANT b'1793053'
ACTION SNIPPET 10000 2196 SNIPPET_NOT_RELEVANT b'1358907'
ACTION SNIPPET 10000 2199 SEEN_PREVIOUSLY b'1331372'
ACTION SNIPPET 10000 2202 SNIPPET_NOT_RELEVANT b'1637798'
ACTION SNIPPET 10000 2205 SNIPPET_NOT_RELEVANT b'1340795'
ACTION SNIPPET 10000 2208 SEEN_PREVIOUSLY b'1474304'
ACTION SNIPPET 10000 2211 SNIPPET_NOT_RELEVANT b'766668'
ACTION SNIPPET 10000 2214 SEEN_PREVIOUSLY b'1406057'
ACTION QUERY 10000 2224 airport security flight
ACTION SERP 10000 2229 EXAMINE_SERP
ACTION SNIPPET 10000 2232 SNIPPET_RELEVANT b'1324983'
ACTION DOC 10000 2252 EXAMINING_DOCUMENT b'1324983'
ACTION SNIPPET 10000 2255 SEEN_PREVIOUSLY b'1363815'
ACTION SNIPPET 10000 2258 SEEN_PREVIOUSLY b'419940'
ACTION SNIPPET 10000 2261 SEEN_PREVIOUSLY b'1329682'
ACTION SNIPPET 10000 2264 SNIPPET_RELEVANT b'1335121'
ACTION DOC 10000 2284 EXAMINING_DOCUMENT b'1335121'
ACTION SNIPPET 10000 2287 SNIPPET_NOT_RELEVANT b'1353553'
ACTION SNIPPET 10000 2290 SEEN_PREVIOUSLY b'866307'
ACTION SNIPPET 10000 2293 SNIPPET_NOT_RELEVANT b'865860'
ACTION SNIPPET 10000 2296 SNIPPET_RELEVANT b'159489'
ACTION DOC 10000 2316 EXAMINING_DOCUMENT b'159489'
ACTION SNIPPET 10000 2319 SNIPPET_RELEVANT b'1550822'
ACTION DOC 10000 2339 EXAMINING_DOCUMENT b'1550822'
ACTION QUERY 10000 2349 airport security body
ACTION SERP 10000 2354 EXAMINE_SERP
ACTION SNIPPET 10000 2357 SNIPPET_RELEVANT b'1674916'
ACTION DOC 10000 2377 EXAMINING_DOCUMENT b'1674916'
ACTION MARK 10000 2380 CONSIDERED_RELEVANT b'1674916'
ACTION SNIPPET 10000 2383 SNIPPET_RELEVANT b'1828416'
ACTION DOC 10000 2403 EXAMINING_DOCUMENT b'1828416'
ACTION MARK 10000 2406 CONSIDERED_RELEVANT b'1828416'
ACTION SNIPPET 10000 2409 SNIPPET_NOT_RELEVANT b'1547218'
ACTION SNIPPET 10000 2412 SNIPPET_RELEVANT b'1499371'
ACTION DOC 10000 2432 EXAMINING_DOCUMENT b'1499371'
ACTION SNIPPET 10000 2435 SEEN_PREVIOUSLY b'1331372'
ACTION SNIPPET 10000 2438 SNIPPET_RELEVANT b'1786065'
ACTION DOC 10000 2458 EXAMINING_DOCUMENT b'1786065'
ACTION SNIPPET 10000 2461 SNIPPET_RELEVANT b'1353553'
ACTION DOC 10000 2481 EXAMINING_DOCUMENT b'1353553'
ACTION SNIPPET 10000 2484 SNIPPET_NOT_RELEVANT b'1708181'
ACTION SNIPPET 10000 2487 SNIPPET_NOT_RELEVANT b'1511476'
ACTION SNIPPET 10000 2490 SNIPPET_RELEVANT b'1630067'
ACTION DOC 10000 2510 EXAMINING_DOCUMENT b'1630067'
ACTION QUERY 10000 2520 airport security safety
ACTION SERP 10000 2525 EXAMINE_SERP
ACTION SNIPPET 10000 2528 SNIPPET_NOT_RELEVANT b'1652122'
ACTION SNIPPET 10000 2531 SNIPPET_RELEVANT b'1331238'
ACTION DOC 10000 2551 EXAMINING_DOCUMENT b'1331238'
ACTION SNIPPET 10000 2554 SNIPPET_NOT_RELEVANT b'1458964'
ACTION SNIPPET 10000 2557 SNIPPET_RELEVANT b'908036'
ACTION DOC 10000 2577 EXAMINING_DOCUMENT b'908036'
ACTION SNIPPET 10000 2580 SEEN_PREVIOUSLY b'1330367'
ACTION SNIPPET 10000 2583 SNIPPET_RELEVANT b'211760'
ACTION DOC 10000 2603 EXAMINING_DOCUMENT b'211760'
ACTION MARK 10000 2606 CONSIDERED_RELEVANT b'211760'
ACTION SNIPPET 10000 2609 SNIPPET_NOT_RELEVANT b'867328'
ACTION SNIPPET 10000 2612 SNIPPET_NOT_RELEVANT b'103868'
ACTION SNIPPET 10000 2615 SNIPPET_RELEVANT b'864297'
ACTION DOC 10000 2635 EXAMINING_DOCUMENT b'864297'
ACTION SNIPPET 10000 2638 SNIPPET_RELEVANT b'1092658'
ACTION DOC 10000 2658 EXAMINING_DOCUMENT b'1092658'
ACTION QUERY 10000 2668 airport security personnel
ACTION SERP 10000 2673 EXAMINE_SERP
ACTION SNIPPET 10000 2676 SNIPPET_NOT_RELEVANT b'1377604'
ACTION SNIPPET 10000 2679 SNIPPET_NOT_RELEVANT b'534762'
ACTION SNIPPET 10000 2682 SNIPPET_NOT_RELEVANT b'1599068'
ACTION SNIPPET 10000 2685 SNIPPET_NOT_RELEVANT b'1326786'
ACTION SNIPPET 10000 2688 SNIPPET_RELEVANT b'1381874'
ACTION DOC 10000 2708 EXAMINING_DOCUMENT b'1381874'
ACTION MARK 10000 2711 CONSIDERED_RELEVANT b'1381874'
ACTION SNIPPET 10000 2714 SNIPPET_NOT_RELEVANT b'210675'
ACTION SNIPPET 10000 2717 SNIPPET_NOT_RELEVANT b'1344527'
ACTION SNIPPET 10000 2720 SNIPPET_NOT_RELEVANT b'1509125'
ACTION SNIPPET 10000 2723 SNIPPET_RELEVANT b'1652864'
ACTION DOC 10000 2743 EXAMINING_DOCUMENT b'1652864'
ACTION SNIPPET 10000 2746 SNIPPET_NOT_RELEVANT b'1415911'
ACTION QUERY 10000 2756 airport security relating
ACTION SERP 10000 2761 EXAMINE_SERP
ACTION SNIPPET 10000 2764 SNIPPET_NOT_RELEVANT b'1772849'
ACTION SNIPPET 10000 2767 SEEN_PREVIOUSLY b'1455293'
ACTION SNIPPET 10000 2770 SNIPPET_NOT_RELEVANT b'1354660'
ACTION SNIPPET 10000 2773 SNIPPET_RELEVANT b'1162570'
ACTION DOC 10000 2793 EXAMINING_DOCUMENT b'1162570'
ACTION SNIPPET 10000 2796 SNIPPET_RELEVANT b'1357252'
ACTION DOC 10000 2816 EXAMINING_DOCUMENT b'1357252'
ACTION MARK 10000 2819 CONSIDERED_RELEVANT b'1357252'
ACTION SNIPPET 10000 2822 SNIPPET_RELEVANT b'318835'
ACTION DOC 10000 2842 EXAMINING_DOCUMENT b'318835'
ACTION SNIPPET 10000 2845 SNIPPET_NOT_RELEVANT b'947832'
ACTION SNIPPET 10000 2848 SNIPPET_RELEVANT b'249596'
ACTION DOC 10000 2868 EXAMINING_DOCUMENT b'249596'
ACTION MARK 10000 2871 CONSIDERED_RELEVANT b'249596'
ACTION SNIPPET 10000 2874 SNIPPET_NOT_RELEVANT b'1682333'
ACTION SNIPPET 10000 2877 SNIPPET_NOT_RELEVANT b'1470348'
ACTION QUERY 10000 2887 airport security devices
ACTION SERP 10000 2892 EXAMINE_SERP
ACTION SNIPPET 10000 2895 SNIPPET_NOT_RELEVANT b'1787470'
ACTION SNIPPET 10000 2898 SEEN_PREVIOUSLY b'1828416'
ACTION SNIPPET 10000 2901 SNIPPET_NOT_RELEVANT b'1680608'
ACTION SNIPPET 10000 2904 SNIPPET_NOT_RELEVANT b'1819458'
ACTION SNIPPET 10000 2907 SNIPPET_NOT_RELEVANT b'1015035'
ACTION SNIPPET 10000 2910 SNIPPET_NOT_RELEVANT b'1775211'
ACTION SNIPPET 10000 2913 SNIPPET_RELEVANT b'868879'
ACTION DOC 10000 2933 EXAMINING_DOCUMENT b'868879'
ACTION SNIPPET 10000 2936 SNIPPET_RELEVANT b'1122456'
ACTION DOC 10000 2956 EXAMINING_DOCUMENT b'1122456'
ACTION SNIPPET 10000 2959 SNIPPET_NOT_RELEVANT b'210177'
ACTION SNIPPET 10000 2962 SEEN_PREVIOUSLY b'249596'
ACTION QUERY 10000 2972 airport security articles
ACTION SERP 10000 2977 EXAMINE_SERP
ACTION SNIPPET 10000 2980 SNIPPET_NOT_RELEVANT b'1344527'
ACTION SNIPPET 10000 2983 SNIPPET_NOT_RELEVANT b'222024'
ACTION SNIPPET 10000 2986 SEEN_PREVIOUSLY b'866479'
ACTION SNIPPET 10000 2989 SNIPPET_RELEVANT b'1341105'
ACTION DOC 10000 3009 EXAMINING_DOCUMENT b'1341105'
ACTION SNIPPET 10000 3012 SNIPPET_NOT_RELEVANT b'1511876'
ACTION SNIPPET 10000 3015 SNIPPET_NOT_RELEVANT b'1341104'
ACTION SNIPPET 10000 3018 SNIPPET_NOT_RELEVANT b'429901'
ACTION SNIPPET 10000 3021 SNIPPET_RELEVANT b'1327882'
ACTION DOC 10000 3041 EXAMINING_DOCUMENT b'1327882'
ACTION SNIPPET 10000 3044 SNIPPET_NOT_RELEVANT b'1329234'
ACTION SNIPPET 10000 3047 SEEN_PREVIOUSLY b'909297'
ACTION QUERY 10000 3057 airport security flights
ACTION SERP 10000 3062 EXAMINE_SERP
ACTION SNIPPET 10000 3065 SEEN_PREVIOUSLY b'1324983'
ACTION SNIPPET 10000 3068 SEEN_PREVIOUSLY b'1363815'
ACTION SNIPPET 10000 3071 SEEN_PREVIOUSLY b'419940'
ACTION SNIPPET 10000 3074 SEEN_PREVIOUSLY b'1329682'
ACTION SNIPPET 10000 3077 SEEN_PREVIOUSLY b'1335121'
ACTION SNIPPET 10000 3080 SEEN_PREVIOUSLY b'1353553'
ACTION SNIPPET 10000 3083 SEEN_PREVIOUSLY b'866307'
ACTION SNIPPET 10000 3086 SNIPPET_NOT_RELEVANT b'865860'
ACTION SNIPPET 10000 3089 SEEN_PREVIOUSLY b'159489'
ACTION SNIPPET 10000 3092 SEEN_PREVIOUSLY b'1550822'
ACTION QUERY 10000 3102 airport security processes
ACTION SERP 10000 3107 EXAMINE_SERP
ACTION SNIPPET 10000 3110 SNIPPET_NOT_RELEVANT b'1338698'
ACTION SNIPPET 10000 3113 SEEN_PREVIOUSLY b'1499371'
ACTION SNIPPET 10000 3116 SNIPPET_NOT_RELEVANT b'1782869'
ACTION SNIPPET 10000 3119 SNIPPET_NOT_RELEVANT b'1820435'
ACTION SNIPPET 10000 3122 SNIPPET_NOT_RELEVANT b'662225'
ACTION SNIPPET 10000 3125 SNIPPET_NOT_RELEVANT b'1820289'
ACTION SNIPPET 10000 3128 SNIPPET_NOT_RELEVANT b'1690349'
ACTION SNIPPET 10000 3131 SNIPPET_NOT_RELEVANT b'867617'
ACTION SNIPPET 10000 3134 SNIPPET_NOT_RELEVANT b'1441951'
ACTION SNIPPET 10000 3137 SEEN_PREVIOUSLY b'1353553'
ACTION QUERY 10000 3147 airport security sophisticated
ACTION SERP 10000 3152 EXAMINE_SERP
ACTION SNIPPET 10000 3155 SNIPPET_NOT_RELEVANT b'222024'
ACTION SNIPPET 10000 3158 SNIPPET_NOT_RELEVANT b'1325638'
ACTION SNIPPET 10000 3161 SNIPPET_NOT_RELEVANT b'1383446'
ACTION SNIPPET 10000 3164 SNIPPET_NOT_RELEVANT b'320382'
ACTION SNIPPET 10000 3167 SNIPPET_NOT_RELEVANT b'1442003'
ACTION SNIPPET 10000 3170 SNIPPET_RELEVANT b'1334077'
ACTION DOC 10000 3190 EXAMINING_DOCUMENT b'1334077'
ACTION SNIPPET 10000 3193 SEEN_PREVIOUSLY b'871951'
ACTION SNIPPET 10000 3196 SNIPPET_NOT_RELEVANT b'1343418'
ACTION SNIPPET 10000 3199 SEEN_PREVIOUSLY b'1326248'
ACTION SNIPPET 10000 3202 SNIPPET_RELEVANT b'1490839'
ACTION DOC 10000 3222 EXAMINING_DOCUMENT b'1490839'
ACTION MARK 10000 3225 CONSIDERED_RELEVANT b'1490839'
ACTION QUERY 10000 3235 airport security extraordinary
ACTION SERP 10000 3240 EXAMINE_SERP
ACTION SNIPPET 10000 3243 SNIPPET_NOT_RELEVANT b'1727816'
ACTION SNIPPET 10000 3246 SNIPPET_RELEVANT b'1556651'
ACTION DOC 10000 3266 EXAMINING_DOCUMENT b'1556651'
ACTION SNIPPET 10000 3269 SNIPPET_NOT_RELEVANT b'1344801'
ACTION SNIPPET 10000 3272 SNIPPET_NOT_RELEVANT b'1324655'
ACTION SNIPPET 10000 3275 SNIPPET_RELEVANT b'786987'
ACTION DOC 10000 3295 EXAMINING_DOCUMENT b'786987'
ACTION SNIPPET 10000 3298 SNIPPET_RELEVANT b'1352679'
ACTION DOC 10000 3318 EXAMINING_DOCUMENT b'1352679'
ACTION MARK 10000 3321 CONSIDERED_RELEVANT b'1352679'
ACTION SNIPPET 10000 3324 SNIPPET_NOT_RELEVANT b'420118'
ACTION SNIPPET 10000 3327 SNIPPET_NOT_RELEVANT b'1441783'
ACTION SNIPPET 10000 3330 SNIPPET_NOT_RELEVANT b'1804025'
ACTION SNIPPET 10000 3333 SNIPPET_NOT_RELEVANT b'375372'
ACTION QUERY 10000 3343 airport security baggage
ACTION SERP 10000 3348 EXAMINE_SERP
ACTION SNIPPET 10000 3351 SEEN_PREVIOUSLY b'1523134'
ACTION SNIPPET 10000 3354 SNIPPET_NOT_RELEVANT b'870965'
ACTION SNIPPET 10000 3357 SEEN_PREVIOUSLY b'1331372'
ACTION SNIPPET 10000 3360 SNIPPET_NOT_RELEVANT b'890342'
ACTION SNIPPET 10000 3363 SNIPPET_NOT_RELEVANT b'1443897'
ACTION SNIPPET 10000 3366 SNIPPET_NOT_RELEVANT b'233285'
ACTION SNIPPET 10000 3369 SEEN_PREVIOUSLY b'159489'
ACTION SNIPPET 10000 3372 SNIPPET_NOT_RELEVANT b'1464033'
ACTION SNIPPET 10000 3375 SNIPPET_NOT_RELEVANT b'1336604'
ACTION SNIPPET 10000 3378 SNIPPET_RELEVANT b'419956'
ACTION DOC 10000 3398 EXAMINING_DOCUMENT b'419956'
ACTION QUERY 10000 3408 airport security increased
ACTION SERP 10000 3413 EXAMINE_SERP
ACTION SNIPPET 10000 3416 SNIPPET_NOT_RELEVANT b'1784331'
ACTION SNIPPET 10000 3419 SEEN_PREVIOUSLY b'159489'
ACTION SNIPPET 10000 3422 SNIPPET_NOT_RELEVANT b'1465600'
ACTION SNIPPET 10000 3425 SEEN_PREVIOUSLY b'1341562'
ACTION SNIPPET 10000 3428 SEEN_PREVIOUSLY b'1690788'
ACTION SNIPPET 10000 3431 SNIPPET_RELEVANT b'419948'
ACTION DOC 10000 3451 EXAMINING_DOCUMENT b'419948'
ACTION SNIPPET 10000 3454 SEEN_PREVIOUSLY b'866275'
ACTION SNIPPET 10000 3457 SNIPPET_RELEVANT b'782247'
ACTION DOC 10000 3477 EXAMINING_DOCUMENT b'782247'
ACTION SNIPPET 10000 3480 SNIPPET_NOT_RELEVANT b'1332249'
ACTION SNIPPET 10000 3483 SEEN_PREVIOUSLY b'871951'
ACTION QUERY 10000 3493 airport security automated
ACTION SERP 10000 3498 EXAMINE_SERP
ACTION SNIPPET 10000 3501 SNIPPET_NOT_RELEVANT b'1426046'
ACTION SNIPPET 10000 3504 SNIPPET_RELEVANT b'1697541'
ACTION DOC 10000 3524 EXAMINING_DOCUMENT b'1697541'
ACTION SNIPPET 10000 3527 SNIPPET_NOT_RELEVANT b'849809'
ACTION SNIPPET 10000 3530 SNIPPET_RELEVANT b'882452'
ACTION DOC 10000 3550 EXAMINING_DOCUMENT b'882452'
ACTION SNIPPET 10000 3553 SNIPPET_NOT_RELEVANT b'1672451'
ACTION SNIPPET 10000 3556 SNIPPET_RELEVANT b'1656507'
ACTION DOC 10000 3576 EXAMINING_DOCUMENT b'1656507'
ACTION SNIPPET 10000 3579 SNIPPET_NOT_RELEVANT b'855388'
ACTION SNIPPET 10000 3582 SNIPPET_NOT_RELEVANT b'1342014'
ACTION SNIPPET 10000 3585 SNIPPET_NOT_RELEVANT b'1697500'
ACTION SNIPPET 10000 3588 SNIPPET_NOT_RELEVANT b'683775'
ACTION QUERY 10000 3598 airport security normal
ACTION SERP 10000 3603 EXAMINE_SERP
ACTION SNIPPET 10000 3606 SNIPPET_RELEVANT b'1325106'
ACTION DOC 10000 3626 EXAMINING_DOCUMENT b'1325106'
ACTION MARK 10000 3629 CONSIDERED_RELEVANT b'1325106'
ACTION SNIPPET 10000 3632 SNIPPET_RELEVANT b'104570'
ACTION DOC 10000 3652 EXAMINING_DOCUMENT b'104570'
ACTION SNIPPET 10000 3655 SEEN_PREVIOUSLY b'1354247'
ACTION SNIPPET 10000 3658 SNIPPET_RELEVANT b'1519007'
ACTION DOC 10000 3678 EXAMINING_DOCUMENT b'1519007'
ACTION SNIPPET 10000 3681 SEEN_PREVIOUSLY b'419940'
ACTION SNIPPET 10000 3684 SNIPPET_RELEVANT b'57399'
ACTION DOC 10000 3704 EXAMINING_DOCUMENT b'57399'
ACTION SNIPPET 10000 3707 SNIPPET_NOT_RELEVANT b'865661'
ACTION SNIPPET 10000 3710 SNIPPET_NOT_RELEVANT b'103868'
ACTION SNIPPET 10000 3713 SNIPPET_RELEVANT b'285866'
ACTION DOC 10000 3733 EXAMINING_DOCUMENT b'285866'
ACTION SNIPPET 10000 3736 SNIPPET_RELEVANT b'419937'
ACTION DOC 10000 3756 EXAMINING_DOCUMENT b'419937'
ACTION QUERY 10000 3766 airport security monitoring
ACTION SERP 10000 3771 EXAMINE_SERP
ACTION SNIPPET 10000 3774 SNIPPET_NOT_RELEVANT b'1340765'
ACTION SNIPPET 10000 3777 SNIPPET_RELEVANT b'838813'
ACTION DOC 10000 3797 EXAMINING_DOCUMENT b'838813'
ACTION SNIPPET 10000 3800 SEEN_PREVIOUSLY b'439204'
ACTION SNIPPET 10000 3803 SEEN_PREVIOUSLY b'867368'
ACTION SNIPPET 10000 3806 SNIPPET_RELEVANT b'771168'
ACTION DOC 10000 3826 EXAMINING_DOCUMENT b'771168'
ACTION SNIPPET 10000 3829 SNIPPET_RELEVANT b'1541712'
ACTION DOC 10000 3849 EXAMINING_DOCUMENT b'1541712'
ACTION SNIPPET 10000 3852 SEEN_PREVIOUSLY b'434828'
ACTION SNIPPET 10000 3855 SNIPPET_RELEVANT b'1671001'
ACTION DOC 10000 3875 EXAMINING_DOCUMENT b'1671001'
ACTION SNIPPET 10000 3878 SNIPPET_RELEVANT b'1579271'
ACTION DOC 10000 3898 EXAMINING_DOCUMENT b'1579271'
ACTION SNIPPET 10000 3901 SNIPPET_RELEVANT b'1556252'
ACTION DOC 10000 3921 EXAMINING_DOCUMENT b'1556252'
ACTION QUERY 10000 3931 airport security constitute
ACTION SERP 10000 3936 EXAMINE_SERP
ACTION SNIPPET 10000 3939 SNIPPET_NOT_RELEVANT b'1440951'
ACTION SNIPPET 10000 3942 SNIPPET_NOT_RELEVANT b'1700844'
ACTION SNIPPET 10000 3945 SEEN_PREVIOUSLY b'1334077'
ACTION SNIPPET 10000 3948 SNIPPET_RELEVANT b'1360134'
ACTION DOC 10000 3968 EXAMINING_DOCUMENT b'1360134'
ACTION SNIPPET 10000 3971 SNIPPET_RELEVANT b'1341597'
ACTION DOC 10000 3991 EXAMINING_DOCUMENT b'1341597'
ACTION SNIPPET 10000 3994 SNIPPET_NOT_RELEVANT b'1452890'
ACTION SNIPPET 10000 3997 SNIPPET_RELEVANT b'1311780'
ACTION DOC 10000 4017 EXAMINING_DOCUMENT b'1311780'
ACTION SNIPPET 10000 4020 SNIPPET_RELEVANT b'1689171'
ACTION DOC 10000 4040 EXAMINING_DOCUMENT b'1689171'
ACTION SNIPPET 10000 4043 SNIPPET_NOT_RELEVANT b'1077948'
ACTION SNIPPET 10000 4046 SNIPPET_NOT_RELEVANT b'1638042'
ACTION QUERY 10000 4056 airport security techniques
ACTION SERP 10000 4061 EXAMINE_SERP
ACTION SNIPPET 10000 4064 SNIPPET_NOT_RELEVANT b'1783491'
ACTION SNIPPET 10000 4067 SEEN_PREVIOUSLY b'1490839'
ACTION SNIPPET 10000 4070 SEEN_PREVIOUSLY b'1402074'
ACTION SNIPPET 10000 4073 SEEN_PREVIOUSLY b'1761171'
ACTION SNIPPET 10000 4076 SNIPPET_NOT_RELEVANT b'1336864'
ACTION SNIPPET 10000 4079 SEEN_PREVIOUSLY b'50316'
ACTION SNIPPET 10000 4082 SNIPPET_RELEVANT b'1362584'
ACTION DOC 10000 4102 EXAMINING_DOCUMENT b'1362584'
ACTION SNIPPET 10000 4105 SNIPPET_RELEVANT b'1334293'
ACTION DOC 10000 4125 EXAMINING_DOCUMENT b'1334293'
ACTION SNIPPET 10000 4128 SNIPPET_NOT_RELEVANT b'1347639'
ACTION SNIPPET 10000 4131 SNIPPET_RELEVANT b'1452973'
ACTION DOC 10000 4151 EXAMINING_DOCUMENT b'1452973'
ACTION QUERY 10000 4161 airport security effectiveness
ACTION SERP 10000 4166 EXAMINE_SERP
ACTION SNIPPET 10000 4169 SEEN_PREVIOUSLY b'1404579'
ACTION SNIPPET 10000 4172 SNIPPET_NOT_RELEVANT b'1443897'
ACTION SNIPPET 10000 4175 SEEN_PREVIOUSLY b'843531'
ACTION SNIPPET 10000 4178 SNIPPET_RELEVANT b'1338698'
ACTION DOC 10000 4198 EXAMINING_DOCUMENT b'1338698'
ACTION SNIPPET 10000 4201 SEEN_PREVIOUSLY b'1341562'
ACTION SNIPPET 10000 4204 SEEN_PREVIOUSLY b'838813'
ACTION SNIPPET 10000 4207 SNIPPET_RELEVANT b'103868'
ACTION DOC 10000 4227 EXAMINING_DOCUMENT b'103868'
ACTION SNIPPET 10000 4230 SEEN_PREVIOUSLY b'104570'
ACTION SNIPPET 10000 4233 SNIPPET_NOT_RELEVANT b'210675'
ACTION SNIPPET 10000 4236 SNIPPET_RELEVANT b'1340075'
ACTION DOC 10000 4256 EXAMINING_DOCUMENT b'1340075'
ACTION QUERY 10000 4266 airport security terrorism
ACTION SERP 10000 4271 EXAMINE_SERP
ACTION SNIPPET 10000 4274 SNIPPET_NOT_RELEVANT b'1784331'
ACTION SNIPPET 10000 4277 SEEN_PREVIOUSLY b'871951'
ACTION SNIPPET 10000 4280 SNIPPET_RELEVANT b'419931'
ACTION DOC 10000 4300 EXAMINING_DOCUMENT b'419931'
ACTION SNIPPET 10000 4303 SNIPPET_NOT_RELEVANT b'1465600'
ACTION SNIPPET 10000 4306 SEEN_PREVIOUSLY b'620705'
ACTION SNIPPET 10000 4309 SNIPPET_NOT_RELEVANT b'419943'
ACTION SNIPPET 10000 4312 SNIPPET_NOT_RELEVANT b'1342878'
ACTION SNIPPET 10000 4315 SNIPPET_NOT_RELEVANT b'876741'
ACTION SNIPPET 10000 4318 SNIPPET_NOT_RELEVANT b'415362'
ACTION SNIPPET 10000 4321 SEEN_PREVIOUSLY b'1326248'
ACTION QUERY 10000 4331 airport security imaging
ACTION SERP 10000 4336 EXAMINE_SERP
ACTION SNIPPET 10000 4339 SEEN_PREVIOUSLY b'1828416'
ACTION SNIPPET 10000 4342 SEEN_PREVIOUSLY b'1326533'
ACTION SNIPPET 10000 4345 SNIPPET_RELEVANT b'1426046'
ACTION DOC 10000 4365 EXAMINING_DOCUMENT b'1426046'
ACTION SNIPPET 10000 4368 SEEN_PREVIOUSLY b'1627642'
ACTION SNIPPET 10000 4371 SNIPPET_NOT_RELEVANT b'1438129'
ACTION SNIPPET 10000 4374 SEEN_PREVIOUSLY b'1674916'
ACTION SNIPPET 10000 4377 SNIPPET_RELEVANT b'1393013'
ACTION DOC 10000 4397 EXAMINING_DOCUMENT b'1393013'
ACTION SNIPPET 10000 4400 SNIPPET_NOT_RELEVANT b'1345369'
ACTION SNIPPET 10000 4403 SNIPPET_NOT_RELEVANT b'1708181'
ACTION SNIPPET 10000 4406 SNIPPET_RELEVANT b'1342014'
ACTION DOC 10000 4426 EXAMINING_DOCUMENT b'1342014'
ACTION QUERY 10000 4436 airport security tightening
ACTION SERP 10000 4441 EXAMINE_SERP
ACTION SNIPPET 10000 4444 SNIPPET_RELEVANT b'781276'
ACTION DOC 10000 4464 EXAMINING_DOCUMENT b'781276'
ACTION SNIPPET 10000 4467 SEEN_PREVIOUSLY b'771168'
ACTION SNIPPET 10000 4470 SNIPPET_RELEVANT b'877817'
ACTION DOC 10000 4490 EXAMINING_DOCUMENT b'877817'
ACTION SNIPPET 10000 4493 SNIPPET_NOT_RELEVANT b'786502'
ACTION SNIPPET 10000 4496 SNIPPET_RELEVANT b'865661'
ACTION DOC 10000 4516 EXAMINING_DOCUMENT b'865661'
ACTION SNIPPET 10000 4519 SEEN_PREVIOUSLY b'798731'
ACTION SNIPPET 10000 4522 SEEN_PREVIOUSLY b'797972'
ACTION SNIPPET 10000 4525 SEEN_PREVIOUSLY b'1329335'
ACTION SNIPPET 10000 4528 SNIPPET_NOT_RELEVANT b'1305545'
ACTION SNIPPET 10000 4531 SNIPPET_RELEVANT b'741477'
ACTION DOC 10000 4551 EXAMINING_DOCUMENT b'741477'
ACTION QUERY 10000 4561 airport security las
ACTION SERP 10000 4566 EXAMINE_SERP
ACTION SNIPPET 10000 4569 SEEN_PREVIOUSLY b'1415432'
ACTION SNIPPET 10000 4572 SEEN_PREVIOUSLY b'1690788'
ACTION SNIPPET 10000 4575 SEEN_PREVIOUSLY b'1401837'
ACTION SNIPPET 10000 4578 SEEN_PREVIOUSLY b'50316'
ACTION SNIPPET 10000 4581 SEEN_PREVIOUSLY b'1523134'
ACTION SNIPPET 10000 4584 SNIPPET_NOT_RELEVANT b'653974'
ACTION SNIPPET 10000 4587 SNIPPET_NOT_RELEVANT b'1405877'
ACTION SNIPPET 10000 4590 SNIPPET_NOT_RELEVANT b'1512370'
ACTION SNIPPET 10000 4593 SNIPPET_NOT_RELEVANT b'1750277'
ACTION SNIPPET 10000 4596 SNIPPET_NOT_RELEVANT b'1412017'
ACTION QUERY 10000 4606 airport security systems
ACTION SERP 10000 4611 EXAMINE_SERP
ACTION SNIPPET 10000 4614 SEEN_PREVIOUSLY b'620705'
ACTION SNIPPET 10000 4617 SNIPPET_NOT_RELEVANT b'122698'
ACTION SNIPPET 10000 4620 SNIPPET_NOT_RELEVANT b'50782'
ACTION SNIPPET 10000 4623 SNIPPET_NOT_RELEVANT b'1440512'
ACTION SNIPPET 10000 4626 SNIPPET_NOT_RELEVANT b'877601'
ACTION SNIPPET 10000 4629 SNIPPET_RELEVANT b'993969'
ACTION DOC 10000 4649 EXAMINING_DOCUMENT b'993969'
ACTION SNIPPET 10000 4652 SEEN_PREVIOUSLY b'1474304'
ACTION SNIPPET 10000 4655 SNIPPET_RELEVANT b'238986'
ACTION DOC 10000 4675 EXAMINING_DOCUMENT b'238986'
ACTION MARK 10000 4678 CONSIDERED_RELEVANT b'238986'
ACTION SNIPPET 10000 4681 SNIPPET_NOT_RELEVANT b'128012'
ACTION SNIPPET 10000 4684 SEEN_PREVIOUSLY b'1326248'
ACTION QUERY 10000 4694 airport security holiday
ACTION SERP 10000 4699 EXAMINE_SERP
ACTION SNIPPET 10000 4702 SNIPPET_NOT_RELEVANT b'1443812'
ACTION SNIPPET 10000 4705 SNIPPET_NOT_RELEVANT b'1538206'
ACTION SNIPPET 10000 4708 SNIPPET_NOT_RELEVANT b'1718883'
ACTION SNIPPET 10000 4711 SNIPPET_RELEVANT b'1451950'
ACTION DOC 10000 4731 EXAMINING_DOCUMENT b'1451950'
ACTION SNIPPET 10000 4734 SNIPPET_RELEVANT b'1345105'
ACTION DOC 10000 4754 EXAMINING_DOCUMENT b'1345105'
ACTION SNIPPET 10000 4757 SNIPPET_RELEVANT b'1629909'
ACTION DOC 10000 4777 EXAMINING_DOCUMENT b'1629909'
ACTION SNIPPET 10000 4780 SNIPPET_RELEVANT b'1638042'
ACTION DOC 10000 4800 EXAMINING_DOCUMENT b'1638042'
ACTION SNIPPET 10000 4803 SNIPPET_NOT_RELEVANT b'817446'
ACTION SNIPPET 10000 4806 SNIPPET_NOT_RELEVANT b'1804024'
ACTION SNIPPET 10000 4809 SNIPPET_NOT_RELEVANT b'1446726'
ACTION QUERY 10000 4819 airport security years
ACTION SERP 10000 4824 EXAMINE_SERP
ACTION SNIPPET 10000 4827 SEEN_PREVIOUSLY b'1406057'
ACTION SNIPPET 10000 4830 SEEN_PREVIOUSLY b'50316'
ACTION SNIPPET 10000 4833 SEEN_PREVIOUSLY b'1415432'
ACTION SNIPPET 10000 4836 SNIPPET_RELEVANT b'1511476'
ACTION DOC 10000 4856 EXAMINING_DOCUMENT b'1511476'
ACTION SNIPPET 10000 4859 SNIPPET_NOT_RELEVANT b'1443897'
ACTION SNIPPET 10000 4862 SEEN_PREVIOUSLY b'867368'
ACTION SNIPPET 10000 4865 SEEN_PREVIOUSLY b'798731'
ACTION SNIPPET 10000 4868 SEEN_PREVIOUSLY b'797972'
ACTION SNIPPET 10000 4871 SEEN_PREVIOUSLY b'843531'
ACTION SNIPPET 10000 4874 SNIPPET_RELEVANT b'606144'
ACTION DOC 10000 4894 EXAMINING_DOCUMENT b'606144'
ACTION QUERY 10000 4904 airport security latest
ACTION SERP 10000 4909 EXAMINE_SERP
ACTION SNIPPET 10000 4912 SEEN_PREVIOUSLY b'782247'
ACTION SNIPPET 10000 4915 SNIPPET_RELEVANT b'1371415'
ACTION DOC 10000 4935 EXAMINING_DOCUMENT b'1371415'
ACTION SNIPPET 10000 4938 SNIPPET_RELEVANT b'1833316'
ACTION DOC 10000 4958 EXAMINING_DOCUMENT b'1833316'
ACTION SNIPPET 10000 4961 SNIPPET_RELEVANT b'1731022'
ACTION DOC 10000 4981 EXAMINING_DOCUMENT b'1731022'
ACTION SNIPPET 10000 4984 SNIPPET_RELEVANT b'1495421'
ACTION DOC 10000 5004 EXAMINING_DOCUMENT b'1495421'
ACTION SNIPPET 10000 5007 SNIPPET_NOT_RELEVANT b'1784427'
ACTION SNIPPET 10000 5010 SNIPPET_NOT_RELEVANT b'1488175'
ACTION SNIPPET 10000 5013 SEEN_PREVIOUSLY b'1334077'
ACTION SNIPPET 10000 5016 SNIPPET_RELEVANT b'1790968'
ACTION DOC 10000 5036 EXAMINING_DOCUMENT b'1790968'
ACTION SNIPPET 10000 5039 SEEN_PREVIOUSLY b'1452973'
ACTION QUERY 10000 5049 airport security mccarran
ACTION SERP 10000 5054 EXAMINE_SERP
ACTION SNIPPET 10000 5057 SNIPPET_NOT_RELEVANT b'1405877'
ACTION SNIPPET 10000 5060 SNIPPET_RELEVANT b'1638880'
ACTION DOC 10000 5080 EXAMINING_DOCUMENT b'1638880'
ACTION SNIPPET 10000 5083 SNIPPET_NOT_RELEVANT b'457138'
ACTION SNIPPET 10000 5086 SNIPPET_NOT_RELEVANT b'23267'
ACTION SNIPPET 10000 5089 SEEN_PREVIOUSLY b'50316'
ACTION SNIPPET 10000 5092 SNIPPET_NOT_RELEVANT b'1006043'
ACTION SNIPPET 10000 5095 SNIPPET_RELEVANT b'1534503'
ACTION DOC 10000 5115 EXAMINING_DOCUMENT b'1534503'
ACTION SNIPPET 10000 5118 SNIPPET_NOT_RELEVANT b'38622'
ACTION SNIPPET 10000 5121 SNIPPET_NOT_RELEVANT b'1408577'
ACTION SNIPPET 10000 5124 SNIPPET_NOT_RELEVANT b'1790955'
ACTION QUERY 10000 5134 airport security hit
ACTION SERP 10000 5139 EXAMINE_SERP
ACTION SNIPPET 10000 5142 SNIPPET_NOT_RELEVANT b'1329923'
ACTION SNIPPET 10000 5145 SNIPPET_NOT_RELEVANT b'1337167'
ACTION SNIPPET 10000 5148 SEEN_PREVIOUSLY b'1511476'
ACTION SNIPPET 10000 5151 SNIPPET_NOT_RELEVANT b'1343854'
ACTION SNIPPET 10000 5154 SNIPPET_RELEVANT b'1328906'
ACTION DOC 10000 5174 EXAMINING_DOCUMENT b'1328906'
ACTION SNIPPET 10000 5177 SNIPPET_NOT_RELEVANT b'1750329'
ACTION SNIPPET 10000 5180 SNIPPET_NOT_RELEVANT b'1824393'
ACTION SNIPPET 10000 5183 SNIPPET_NOT_RELEVANT b'1394078'
ACTION SNIPPET 10000 5186 SNIPPET_NOT_RELEVANT b'1442136'
ACTION SNIPPET 10000 5189 SEEN_PREVIOUSLY b'606144'
ACTION QUERY 10000 5199 airport security pan
ACTION SERP 10000 5204 EXAMINE_SERP
ACTION SNIPPET 10000 5207 SNIPPET_RELEVANT b'366011'
ACTION DOC 10000 5227 EXAMINING_DOCUMENT b'366011'
ACTION SNIPPET 10000 5230 SEEN_PREVIOUSLY b'159489'
ACTION SNIPPET 10000 5233 SNIPPET_NOT_RELEVANT b'350273'
ACTION SNIPPET 10000 5236 SNIPPET_NOT_RELEVANT b'233285'
ACTION SNIPPET 10000 5239 SNIPPET_NOT_RELEVANT b'232606'
ACTION SNIPPET 10000 5242 SNIPPET_RELEVANT b'222024'
ACTION DOC 10000 5262 EXAMINING_DOCUMENT b'222024'
ACTION SNIPPET 10000 5265 SNIPPET_RELEVANT b'420762'
ACTION DOC 10000 5285 EXAMINING_DOCUMENT b'420762'
ACTION SNIPPET 10000 5288 SNIPPET_NOT_RELEVANT b'208802'
ACTION SNIPPET 10000 5291 SEEN_PREVIOUSLY b'318835'
ACTION SNIPPET 10000 5294 SNIPPET_NOT_RELEVANT b'209098'
ACTION QUERY 10000 5304 airport security today
ACTION SERP 10000 5309 EXAMINE_SERP
ACTION SNIPPET 10000 5312 SNIPPET_RELEVANT b'1440741'
ACTION DOC 10000 5332 EXAMINING_DOCUMENT b'1440741'
ACTION SNIPPET 10000 5335 SEEN_PREVIOUSLY b'50316'
ACTION SNIPPET 10000 5338 SNIPPET_RELEVANT b'1335312'
ACTION DOC 10000 5358 EXAMINING_DOCUMENT b'1335312'
ACTION MARK 10000 5361 CONSIDERED_RELEVANT b'1335312'
ACTION SNIPPET 10000 5364 SNIPPET_NOT_RELEVANT b'1324463'
ACTION SNIPPET 10000 5367 SEEN_PREVIOUSLY b'1092658'
ACTION SNIPPET 10000 5370 SNIPPET_RELEVANT b'415362'
ACTION DOC 10000 5390 EXAMINING_DOCUMENT b'415362'
ACTION SNIPPET 10000 5393 SNIPPET_RELEVANT b'1343427'
ACTION DOC 10000 5413 EXAMINING_DOCUMENT b'1343427'
ACTION SNIPPET 10000 5416 SNIPPET_NOT_RELEVANT b'1328898'
ACTION SNIPPET 10000 5419 SEEN_PREVIOUSLY b'57399'
ACTION SNIPPET 10000 5422 SNIPPET_NOT_RELEVANT b'1330197'
ACTION QUERY 10000 5432 airport security tightened
ACTION SERP 10000 5437 EXAMINE_SERP
ACTION SNIPPET 10000 5440 SEEN_PREVIOUSLY b'781276'
ACTION SNIPPET 10000 5443 SEEN_PREVIOUSLY b'771168'
ACTION SNIPPET 10000 5446 SEEN_PREVIOUSLY b'877817'
ACTION SNIPPET 10000 5449 SNIPPET_NOT_RELEVANT b'786502'
ACTION SNIPPET 10000 5452 SEEN_PREVIOUSLY b'865661'
ACTION SNIPPET 10000 5455 SEEN_PREVIOUSLY b'798731'
ACTION SNIPPET 10000 5458 SEEN_PREVIOUSLY b'797972'
ACTION SNIPPET 10000 5461 SEEN_PREVIOUSLY b'1329335'
ACTION SNIPPET 10000 5464 SNIPPET_NOT_RELEVANT b'1305545'
ACTION SNIPPET 10000 5467 SEEN_PREVIOUSLY b'741477'
ACTION QUERY 10000 5477 airport security afa
ACTION SERP 10000 5482 EXAMINE_SERP
ACTION SNIPPET 10000 5485 SNIPPET_NOT_RELEVANT b'1080214'
ACTION SNIPPET 10000 5488 SNIPPET_NOT_RELEVANT b'534759'
ACTION SNIPPET 10000 5491 SNIPPET_RELEVANT b'1669330'
ACTION DOC 10000 5511 EXAMINING_DOCUMENT b'1669330'
ACTION SNIPPET 10000 5514 SNIPPET_NOT_RELEVANT b'1669704'
ACTION SNIPPET 10000 5517 SNIPPET_RELEVANT b'983962'
ACTION DOC 10000 5537 EXAMINING_DOCUMENT b'983962'
ACTION SNIPPET 10000 5540 SNIPPET_NOT_RELEVANT b'1669952'
ACTION SNIPPET 10000 5543 SNIPPET_NOT_RELEVANT b'1677226'
ACTION SNIPPET 10000 5546 SNIPPET_RELEVANT b'1826863'
ACTION DOC 10000 5566 EXAMINING_DOCUMENT b'1826863'
ACTION SNIPPET 10000 5569 SNIPPET_RELEVANT b'1175214'
ACTION DOC 10000 5589 EXAMINING_DOCUMENT b'1175214'
ACTION SNIPPET 10000 5592 SNIPPET_NOT_RELEVANT b'123696'
ACTION QUERY 10000 5602 airport security am
ACTION SERP 10000 5607 EXAMINE_SERP
ACTION SNIPPET 10000 5610 SEEN_PREVIOUSLY b'159489'
ACTION SNIPPET 10000 5613 SNIPPET_NOT_RELEVANT b'233285'
ACTION SNIPPET 10000 5616 SEEN_PREVIOUSLY b'222024'
ACTION SNIPPET 10000 5619 SEEN_PREVIOUSLY b'366011'
ACTION SNIPPET 10000 5622 SNIPPET_NOT_RELEVANT b'232606'
ACTION SNIPPET 10000 5625 SNIPPET_RELEVANT b'350273'
ACTION DOC 10000 5645 EXAMINING_DOCUMENT b'350273'
ACTION SNIPPET 10000 5648 SEEN_PREVIOUSLY b'419934'
ACTION SNIPPET 10000 5651 SNIPPET_RELEVANT b'208802'
ACTION DOC 10000 5671 EXAMINING_DOCUMENT b'208802'
ACTION SNIPPET 10000 5674 SNIPPET_NOT_RELEVANT b'210675'
ACTION SNIPPET 10000 5677 SNIPPET_NOT_RELEVANT b'209098'
ACTION QUERY 10000 5687 airport security scanner
ACTION SERP 10000 5692 EXAMINE_SERP
ACTION SNIPPET 10000 5695 SNIPPET_NOT_RELEVANT b'1819458'
ACTION SNIPPET 10000 5698 SNIPPET_RELEVANT b'1812954'
ACTION DOC 10000 5718 EXAMINING_DOCUMENT b'1812954'
ACTION SNIPPET 10000 5721 SNIPPET_NOT_RELEVANT b'1336864'
ACTION SNIPPET 10000 5724 SNIPPET_NOT_RELEVANT b'1005585'
ACTION SNIPPET 10000 5727 SNIPPET_RELEVANT b'1383446'
ACTION DOC 10000 5747 EXAMINING_DOCUMENT b'1383446'
ACTION SNIPPET 10000 5750 SNIPPET_NOT_RELEVANT b'1326538'
ACTION SNIPPET 10000 5753 SNIPPET_RELEVANT b'1440512'
ACTION DOC 10000 5773 EXAMINING_DOCUMENT b'1440512'
ACTION SNIPPET 10000 5776 SEEN_PREVIOUSLY b'1674916'
ACTION SNIPPET 10000 5779 SNIPPET_NOT_RELEVANT b'1758027'
ACTION SNIPPET 10000 5782 SNIPPET_RELEVANT b'882431'
ACTION DOC 10000 5802 EXAMINING_DOCUMENT b'882431'
ACTION MARK 10000 5805 CONSIDERED_RELEVANT b'882431'
ACTION QUERY 10000 5815 airport security monitor
ACTION SERP 10000 5820 EXAMINE_SERP
ACTION SNIPPET 10000 5823 SNIPPET_RELEVANT b'1340765'
ACTION DOC 10000 5843 EXAMINING_DOCUMENT b'1340765'
ACTION SNIPPET 10000 5846 SEEN_PREVIOUSLY b'838813'
ACTION SNIPPET 10000 5849 SEEN_PREVIOUSLY b'439204'
ACTION SNIPPET 10000 5852 SEEN_PREVIOUSLY b'867368'
ACTION SNIPPET 10000 5855 SEEN_PREVIOUSLY b'771168'
ACTION SNIPPET 10000 5858 SEEN_PREVIOUSLY b'1541712'
ACTION SNIPPET 10000 5861 SEEN_PREVIOUSLY b'434828'
ACTION SNIPPET 10000 5864 SEEN_PREVIOUSLY b'1671001'
ACTION SNIPPET 10000 5867 SEEN_PREVIOUSLY b'1579271'
ACTION SNIPPET 10000 5870 SEEN_PREVIOUSLY b'1556252'
ACTION QUERY 10000 5880 airport security exploding
ACTION SERP 10000 5885 EXAMINE_SERP
ACTION SNIPPET 10000 5888 SNIPPET_RELEVANT b'310566'
ACTION DOC 10000 5908 EXAMINING_DOCUMENT b'310566'
ACTION SNIPPET 10000 5911 SNIPPET_RELEVANT b'1376088'
ACTION DOC 10000 5931 EXAMINING_DOCUMENT b'1376088'
ACTION SNIPPET 10000 5934 SNIPPET_RELEVANT b'1495154'
ACTION DOC 10000 5954 EXAMINING_DOCUMENT b'1495154'
ACTION SNIPPET 10000 5957 SEEN_PREVIOUSLY b'1334077'
ACTION SNIPPET 10000 5960 SNIPPET_RELEVANT b'1852037'
ACTION DOC 10000 5980 EXAMINING_DOCUMENT b'1852037'
ACTION SNIPPET 10000 5983 SNIPPET_NOT_RELEVANT b'448644'
ACTION SNIPPET 10000 5986 SNIPPET_RELEVANT b'82864'
ACTION DOC 10000 6006 EXAMINING_DOCUMENT b'82864'
ACTION SNIPPET 10000 6009 SNIPPET_NOT_RELEVANT b'1469913'
ACTION SNIPPET 10000 6012 SNIPPET_NOT_RELEVANT b'209324'
ACTION SNIPPET 10000 6015 SNIPPET_RELEVANT b'674324'
ACTION DOC 10000 6035 EXAMINING_DOCUMENT b'674324'
ACTION QUERY 10000 6045 airport security cards
ACTION SERP 10000 6050 EXAMINE_SERP
ACTION SNIPPET 10000 6053 SNIPPET_NOT_RELEVANT b'128012'
ACTION SNIPPET 10000 6056 SNIPPET_NOT_RELEVANT b'122698'
ACTION SNIPPET 10000 6059 SEEN_PREVIOUSLY b'1440512'
ACTION SNIPPET 10000 6062 SEEN_PREVIOUSLY b'211760'
ACTION SNIPPET 10000 6065 SEEN_PREVIOUSLY b'1747819'
ACTION SNIPPET 10000 6068 SNIPPET_NOT_RELEVANT b'1654744'
ACTION SNIPPET 10000 6071 SNIPPET_RELEVANT b'1382545'
ACTION DOC 10000 6091 EXAMINING_DOCUMENT b'1382545'
ACTION MARK 10000 6094 CONSIDERED_RELEVANT b'1382545'
ACTION SNIPPET 10000 6097 SNIPPET_RELEVANT b'1761791'
ACTION DOC 10000 6117 EXAMINING_DOCUMENT b'1761791'
ACTION SNIPPET 10000 6120 SNIPPET_NOT_RELEVANT b'1336864'
ACTION SNIPPET 10000 6123 SNIPPET_RELEVANT b'1782293'
ACTION DOC 10000 6143 EXAMINING_DOCUMENT b'1782293'
ACTION QUERY 10000 6153 airport security idea
ACTION SERP 10000 6158 EXAMINE_SERP
ACTION SNIPPET 10000 6161 SNIPPET_NOT_RELEVANT b'1820435'
ACTION SNIPPET 10000 6164 SNIPPET_NOT_RELEVANT b'1820289'
ACTION SNIPPET 10000 6167 SNIPPET_RELEVANT b'387644'
ACTION DOC 10000 6187 EXAMINING_DOCUMENT b'387644'
ACTION SNIPPET 10000 6190 SNIPPET_NOT_RELEVANT b'1538954'
ACTION SNIPPET 10000 6193 SNIPPET_RELEVANT b'50782'
ACTION DOC 10000 6213 EXAMINING_DOCUMENT b'50782'
ACTION SNIPPET 10000 6216 SNIPPET_RELEVANT b'1326538'
ACTION DOC 10000 6236 EXAMINING_DOCUMENT b'1326538'
ACTION SNIPPET 10000 6239 SNIPPET_RELEVANT b'1591555'
ACTION DOC 10000 6259 EXAMINING_DOCUMENT b'1591555'
ACTION SNIPPET 10000 6262 SNIPPET_RELEVANT b'653974'
ACTION DOC 10000 6282 EXAMINING_DOCUMENT b'653974'
ACTION SNIPPET 10000 6285 SNIPPET_RELEVANT b'1782869'
ACTION DOC 10000 6305 EXAMINING_DOCUMENT b'1782869'
ACTION SNIPPET 10000 6308 SNIPPET_RELEVANT b'876741'
ACTION DOC 10000 6328 EXAMINING_DOCUMENT b'876741'
ACTION QUERY 10000 6338 airport security program
ACTION SERP 10000 6343 EXAMINE_SERP
ACTION SNIPPET 10000 6346 SNIPPET_NOT_RELEVANT b'1767568'
ACTION SNIPPET 10000 6349 SEEN_PREVIOUSLY b'1747819'
ACTION SNIPPET 10000 6352 SNIPPET_NOT_RELEVANT b'1809602'
ACTION SNIPPET 10000 6355 SEEN_PREVIOUSLY b'104570'
ACTION SNIPPET 10000 6358 SEEN_PREVIOUSLY b'1782293'
ACTION SNIPPET 10000 6361 SNIPPET_RELEVANT b'1808077'
ACTION DOC 10000 6381 EXAMINING_DOCUMENT b'1808077'
ACTION MARK 10000 6384 CONSIDERED_RELEVANT b'1808077'
ACTION SNIPPET 10000 6387 SEEN_PREVIOUSLY b'1812954'
ACTION SNIPPET 10000 6390 SEEN_PREVIOUSLY b'1425140'
ACTION SNIPPET 10000 6393 SEEN_PREVIOUSLY b'50316'
ACTION SNIPPET 10000 6396 SNIPPET_NOT_RELEVANT b'320382'
ACTION QUERY 10000 6406 airport security israel
ACTION SERP 10000 6411 EXAMINE_SERP
ACTION SNIPPET 10000 6414 SEEN_PREVIOUSLY b'1335312'
ACTION SNIPPET 10000 6417 SEEN_PREVIOUSLY b'1334293'
ACTION SNIPPET 10000 6420 SNIPPET_RELEVANT b'302294'
ACTION DOC 10000 6440 EXAMINING_DOCUMENT b'302294'
ACTION SNIPPET 10000 6443 SNIPPET_NOT_RELEVANT b'919868'
ACTION SNIPPET 10000 6446 SNIPPET_RELEVANT b'153779'
ACTION DOC 10000 6466 EXAMINING_DOCUMENT b'153779'
ACTION SNIPPET 10000 6469 SNIPPET_NOT_RELEVANT b'1593458'
ACTION SNIPPET 10000 6472 SEEN_PREVIOUSLY b'1761171'
ACTION SNIPPET 10000 6475 SNIPPET_NOT_RELEVANT b'871509'
ACTION SNIPPET 10000 6478 SEEN_PREVIOUSLY b'782247'
ACTION SNIPPET 10000 6481 SNIPPET_NOT_RELEVANT b'782465'
ACTION QUERY 10000 6491 airport security major
ACTION SERP 10000 6496 EXAMINE_SERP
ACTION SNIPPET 10000 6499 SEEN_PREVIOUSLY b'104570'
ACTION SNIPPET 10000 6502 SEEN_PREVIOUSLY b'419956'
ACTION SNIPPET 10000 6505 SNIPPET_NOT_RELEVANT b'1443897'
ACTION SNIPPET 10000 6508 SEEN_PREVIOUSLY b'1406057'
ACTION SNIPPET 10000 6511 SNIPPET_NOT_RELEVANT b'128012'
ACTION SNIPPET 10000 6514 SEEN_PREVIOUSLY b'1452973'
ACTION SNIPPET 10000 6517 SEEN_PREVIOUSLY b'1476485'
ACTION SNIPPET 10000 6520 SNIPPET_RELEVANT b'1405877'
ACTION DOC 10000 6540 EXAMINING_DOCUMENT b'1405877'
ACTION SNIPPET 10000 6543 SNIPPET_RELEVANT b'516095'
ACTION DOC 10000 6563 EXAMINING_DOCUMENT b'516095'
ACTION SNIPPET 10000 6566 SNIPPET_RELEVANT b'1383580'
ACTION DOC 10000 6586 EXAMINING_DOCUMENT b'1383580'
ACTION QUERY 10000 6596 airport security nc
ACTION SERP 10000 6601 EXAMINE_SERP
ACTION SNIPPET 10000 6604 SNIPPET_RELEVANT b'1555214'
ACTION DOC 10000 6624 EXAMINING_DOCUMENT b'1555214'
ACTION SNIPPET 10000 6627 SNIPPET_RELEVANT b'1103055'
ACTION DOC 10000 6647 EXAMINING_DOCUMENT b'1103055'
ACTION SNIPPET 10000 6650 SNIPPET_NOT_RELEVANT b'1127811'
ACTION SNIPPET 10000 6653 SNIPPET_RELEVANT b'907741'
ACTION DOC 10000 6673 EXAMINING_DOCUMENT b'907741'
ACTION SNIPPET 10000 6676 SNIPPET_RELEVANT b'1062177'
ACTION DOC 10000 6696 EXAMINING_DOCUMENT b'1062177'
ACTION SNIPPET 10000 6699 SNIPPET_NOT_RELEVANT b'1609716'
ACTION SNIPPET 10000 6702 SNIPPET_NOT_RELEVANT b'1218358'
ACTION SNIPPET 10000 6705 SNIPPET_NOT_RELEVANT b'573639'
ACTION SNIPPET 10000 6708 SNIPPET_NOT_RELEVANT b'390859'
ACTION SNIPPET 10000 6711 SNIPPET_RELEVANT b'390858'
ACTION DOC 10000 6731 EXAMINING_DOCUMENT b'390858'
ACTION QUERY 10000 6741 airport security deadline
ACTION SERP 10000 6746 EXAMINE_SERP
ACTION SNIPPET 10000 6749 SNIPPET_NOT_RELEVANT b'1443897'
ACTION SNIPPET 10000 6752 SEEN_PREVIOUSLY b'1425140'
ACTION SNIPPET 10000 6755 SEEN_PREVIOUSLY b'1440233'
ACTION SNIPPET 10000 6758 SNIPPET_RELEVANT b'1408577'
ACTION DOC 10000 6778 EXAMINING_DOCUMENT b'1408577'
ACTION SNIPPET 10000 6781 SNIPPET_RELEVANT b'1442003'
ACTION DOC 10000 6801 EXAMINING_DOCUMENT b'1442003'
ACTION SNIPPET 10000 6804 SNIPPET_RELEVANT b'1349453'
ACTION DOC 10000 6824 EXAMINING_DOCUMENT b'1349453'
ACTION MARK 10000 6827 CONSIDERED_RELEVANT b'1349453'
ACTION SNIPPET 10000 6830 SNIPPET_RELEVANT b'1360033'
ACTION DOC 10000 6850 EXAMINING_DOCUMENT b'1360033'
ACTION SNIPPET 10000 6853 SNIPPET_RELEVANT b'1410862'
ACTION DOC 10000 6873 EXAMINING_DOCUMENT b'1410862'
ACTION SNIPPET 10000 6876 SNIPPET_NOT_RELEVANT b'1397359'
ACTION SNIPPET 10000 6879 SNIPPET_RELEVANT b'1441954'
ACTION DOC 10000 6899 EXAMINING_DOCUMENT b'1441954'
ACTION MARK 10000 6902 CONSIDERED_RELEVANT b'1441954'
ACTION QUERY 10000 6912 airport security airstrip
ACTION SERP 10000 6917 EXAMINE_SERP
ACTION SNIPPET 10000 6920 SNIPPET_RELEVANT b'1110353'
ACTION DOC 10000 6940 EXAMINING_DOCUMENT b'1110353'
ACTION SNIPPET 10000 6943 SNIPPET_NOT_RELEVANT b'1099871'
ACTION SNIPPET 10000 6946 SNIPPET_NOT_RELEVANT b'27770'
ACTION SNIPPET 10000 6949 SNIPPET_NOT_RELEVANT b'112502'
ACTION SNIPPET 10000 6952 SNIPPET_RELEVANT b'1351284'
ACTION DOC 10000 6972 EXAMINING_DOCUMENT b'1351284'
ACTION SNIPPET 10000 6975 SNIPPET_NOT_RELEVANT b'746232'
ACTION SNIPPET 10000 6978 SNIPPET_NOT_RELEVANT b'148411'
ACTION SNIPPET 10000 6981 SNIPPET_RELEVANT b'1351997'
ACTION DOC 10000 7001 EXAMINING_DOCUMENT b'1351997'
ACTION SNIPPET 10000 7004 SNIPPET_RELEVANT b'867966'
ACTION DOC 10000 7024 EXAMINING_DOCUMENT b'867966'
ACTION SNIPPET 10000 7027 SNIPPET_NOT_RELEVANT b'39255'
ACTION QUERY 10000 7037 airport security bombs
ACTION SERP 10000 7042 EXAMINE_SERP
ACTION SNIPPET 10000 7045 SEEN_PREVIOUSLY b'310566'
ACTION SNIPPET 10000 7048 SEEN_PREVIOUSLY b'1354247'
ACTION SNIPPET 10000 7051 SNIPPET_RELEVANT b'869461'
ACTION DOC 10000 7071 EXAMINING_DOCUMENT b'869461'
ACTION SNIPPET 10000 7074 SEEN_PREVIOUSLY b'222024'
ACTION SNIPPET 10000 7077 SEEN_PREVIOUSLY b'877817'
ACTION SNIPPET 10000 7080 SEEN_PREVIOUSLY b'238986'
ACTION SNIPPET 10000 7083 SNIPPET_NOT_RELEVANT b'209098'
ACTION SNIPPET 10000 7086 SNIPPET_NOT_RELEVANT b'280352'
ACTION SNIPPET 10000 7089 SNIPPET_NOT_RELEVANT b'233285'
ACTION SNIPPET 10000 7092 SNIPPET_NOT_RELEVANT b'232606'
ACTION QUERY 10000 7102 airport security director
ACTION SERP 10000 7107 EXAMINE_SERP
ACTION SNIPPET 10000 7110 SEEN_PREVIOUSLY b'1401837'
ACTION SNIPPET 10000 7113 SNIPPET_RELEVANT b'1359019'
ACTION DOC 10000 7133 EXAMINING_DOCUMENT b'1359019'
ACTION SNIPPET 10000 7136 SEEN_PREVIOUSLY b'1415432'
ACTION SNIPPET 10000 7139 SEEN_PREVIOUSLY b'1330367'
ACTION SNIPPET 10000 7142 SNIPPET_RELEVANT b'1453938'
ACTION DOC 10000 7162 EXAMINING_DOCUMENT b'1453938'
ACTION SNIPPET 10000 7165 SNIPPET_NOT_RELEVANT b'1337167'
ACTION SNIPPET 10000 7168 SEEN_PREVIOUSLY b'419956'
ACTION SNIPPET 10000 7171 SNIPPET_NOT_RELEVANT b'1403587'
ACTION SNIPPET 10000 7174 SNIPPET_NOT_RELEVANT b'1484199'
ACTION SNIPPET 10000 7177 SEEN_PREVIOUSLY b'1335312'
ACTION QUERY 10000 7187 airport security work
ACTION SERP 10000 7192 EXAMINE_SERP
ACTION SNIPPET 10000 7195 SEEN_PREVIOUSLY b'1440741'
ACTION SNIPPET 10000 7198 SEEN_PREVIOUSLY b'1326248'
ACTION SNIPPET 10000 7201 SEEN_PREVIOUSLY b'1343427'
ACTION SNIPPET 10000 7204 SNIPPET_RELEVANT b'1350710'
ACTION DOC 10000 7224 EXAMINING_DOCUMENT b'1350710'
ACTION SNIPPET 10000 7227 SEEN_PREVIOUSLY b'877817'
ACTION SNIPPET 10000 7230 SEEN_PREVIOUSLY b'1383446'
ACTION SNIPPET 10000 7233 SEEN_PREVIOUSLY b'798731'
ACTION SNIPPET 10000 7236 SEEN_PREVIOUSLY b'797972'
ACTION SNIPPET 10000 7239 SEEN_PREVIOUSLY b'1415432'
ACTION SNIPPET 10000 7242 SEEN_PREVIOUSLY b'620705'
ACTION QUERY 10000 7252 airport security ma
ACTION SERP 10000 7257 EXAMINE_SERP
ACTION SNIPPET 10000 7260 SNIPPET_NOT_RELEVANT b'1440481'
ACTION SNIPPET 10000 7263 SNIPPET_RELEVANT b'1027459'
ACTION DOC 10000 7283 EXAMINING_DOCUMENT b'1027459'
ACTION SNIPPET 10000 7286 SNIPPET_RELEVANT b'1413844'
ACTION DOC 10000 7306 EXAMINING_DOCUMENT b'1413844'
ACTION SNIPPET 10000 7309 SNIPPET_NOT_RELEVANT b'141964'
ACTION SNIPPET 10000 7312 SNIPPET_RELEVANT b'1624031'
ACTION DOC 10000 7332 EXAMINING_DOCUMENT b'1624031'
ACTION SNIPPET 10000 7335 SNIPPET_RELEVANT b'1837710'
ACTION DOC 10000 7355 EXAMINING_DOCUMENT b'1837710'
ACTION SNIPPET 10000 7358 SNIPPET_NOT_RELEVANT b'1487390'
ACTION SNIPPET 10000 7361 SNIPPET_NOT_RELEVANT b'360145'
ACTION SNIPPET 10000 7364 SNIPPET_NOT_RELEVANT b'123296'
ACTION SNIPPET 10000 7367 SNIPPET_NOT_RELEVANT b'974990'
ACTION QUERY 10000 7377 airport security best
ACTION SERP 10000 7382 EXAMINE_SERP
ACTION SNIPPET 10000 7385 SEEN_PREVIOUSLY b'50316'
ACTION SNIPPET 10000 7388 SNIPPET_NOT_RELEVANT b'929217'
ACTION SNIPPET 10000 7391 SNIPPET_NOT_RELEVANT b'1399640'
ACTION SNIPPET 10000 7394 SEEN_PREVIOUSLY b'1819286'
ACTION SNIPPET 10000 7397 SNIPPET_RELEVANT b'99691'
ACTION DOC 10000 7417 EXAMINING_DOCUMENT b'99691'
ACTION SNIPPET 10000 7420 SEEN_PREVIOUSLY b'50782'
ACTION SNIPPET 10000 7423 SEEN_PREVIOUSLY b'1343427'
ACTION SNIPPET 10000 7426 SEEN_PREVIOUSLY b'1162570'
ACTION SNIPPET 10000 7429 SEEN_PREVIOUSLY b'1327882'
ACTION SNIPPET 10000 7432 SEEN_PREVIOUSLY b'1157740'
ACTION QUERY 10000 7442 airport security requires
ACTION SERP 10000 7447 EXAMINE_SERP
ACTION SNIPPET 10000 7450 SEEN_PREVIOUSLY b'871951'
ACTION SNIPPET 10000 7453 SEEN_PREVIOUSLY b'1359019'
ACTION SNIPPET 10000 7456 SEEN_PREVIOUSLY b'866275'
ACTION SNIPPET 10000 7459 SEEN_PREVIOUSLY b'877817'
ACTION SNIPPET 10000 7462 SNIPPET_NOT_RELEVANT b'122698'
ACTION SNIPPET 10000 7465 SEEN_PREVIOUSLY b'1383446'
ACTION SNIPPET 10000 7468 SEEN_PREVIOUSLY b'1383580'
ACTION SNIPPET 10000 7471 SEEN_PREVIOUSLY b'103868'
ACTION SNIPPET 10000 7474 SEEN_PREVIOUSLY b'1350710'
ACTION SNIPPET 10000 7477 SNIPPET_RELEVANT b'1394078'
ACTION DOC 10000 7497 EXAMINING_DOCUMENT b'1394078'
ACTION QUERY 10000 7507 airport security verizon
ACTION SERP 10000 7512 EXAMINE_SERP
ACTION SNIPPET 10000 7515 SNIPPET_NOT_RELEVANT b'1488820'
ACTION SNIPPET 10000 7518 SNIPPET_NOT_RELEVANT b'1398485'
ACTION SNIPPET 10000 7521 SNIPPET_NOT_RELEVANT b'1351458'
ACTION SNIPPET 10000 7524 SNIPPET_NOT_RELEVANT b'1517206'
ACTION SNIPPET 10000 7527 SNIPPET_NOT_RELEVANT b'1333053'
ACTION SNIPPET 10000 7530 SNIPPET_RELEVANT b'1510431'
ACTION DOC 10000 7550 EXAMINING_DOCUMENT b'1510431'
ACTION SNIPPET 10000 7553 SNIPPET_RELEVANT b'1668236'
ACTION DOC 10000 7573 EXAMINING_DOCUMENT b'1668236'
ACTION SNIPPET 10000 7576 SNIPPET_NOT_RELEVANT b'1761942'
ACTION SNIPPET 10000 7579 SNIPPET_RELEVANT b'1613556'
ACTION DOC 10000 7599 EXAMINING_DOCUMENT b'1613556'
ACTION SNIPPET 10000 7602 SNIPPET_RELEVANT b'1631198'
ACTION DOC 10000 7622 EXAMINING_DOCUMENT b'1631198'
ACTION QUERY 10000 7632 airport security law
ACTION SERP 10000 7637 EXAMINE_SERP
ACTION SNIPPET 10000 7640 SEEN_PREVIOUSLY b'1350710'
ACTION SNIPPET 10000 7643 SEEN_PREVIOUSLY b'1401837'
ACTION SNIPPET 10000 7646 SEEN_PREVIOUSLY b'782247'
ACTION SNIPPET 10000 7649 SNIPPET_RELEVANT b'1595958'
ACTION DOC 10000 7669 EXAMINING_DOCUMENT b'1595958'
ACTION SNIPPET 10000 7672 SNIPPET_RELEVANT b'1364041'
ACTION DOC 10000 7692 EXAMINING_DOCUMENT b'1364041'
ACTION SNIPPET 10000 7695 SEEN_PREVIOUSLY b'1359019'
ACTION SNIPPET 10000 7698 SEEN_PREVIOUSLY b'1474304'
ACTION SNIPPET 10000 7701 SEEN_PREVIOUSLY b'814151'
ACTION SNIPPET 10000 7704 SNIPPET_RELEVANT b'810302'
ACTION DOC 10000 7724 EXAMINING_DOCUMENT b'810302'
ACTION SNIPPET 10000 7727 SEEN_PREVIOUSLY b'1383446'
ACTION QUERY 10000 7737 airport security detection
ACTION SERP 10000 7742 EXAMINE_SERP
ACTION SNIPPET 10000 7745 SEEN_PREVIOUSLY b'50316'
ACTION SNIPPET 10000 7748 SEEN_PREVIOUSLY b'238986'
ACTION SNIPPET 10000 7751 SEEN_PREVIOUSLY b'1354247'
ACTION SNIPPET 10000 7754 SEEN_PREVIOUSLY b'868879'
ACTION SNIPPET 10000 7757 SNIPPET_NOT_RELEVANT b'1691553'
ACTION SNIPPET 10000 7760 SEEN_PREVIOUSLY b'1363815'
ACTION SNIPPET 10000 7763 SEEN_PREVIOUSLY b'50782'
ACTION SNIPPET 10000 7766 SEEN_PREVIOUSLY b'1349453'
ACTION SNIPPET 10000 7769 SEEN_PREVIOUSLY b'279661'
ACTION SNIPPET 10000 7772 SNIPPET_RELEVANT b'1015035'
ACTION DOC 10000 7792 EXAMINING_DOCUMENT b'1015035'
ACTION QUERY 10000 7802 airport security bag
ACTION SERP 10000 7807 EXAMINE_SERP
ACTION SNIPPET 10000 7810 SNIPPET_NOT_RELEVANT b'29197'
ACTION SNIPPET 10000 7813 SEEN_PREVIOUSLY b'1523134'
ACTION SNIPPET 10000 7816 SNIPPET_RELEVANT b'1437972'
ACTION DOC 10000 7836 EXAMINING_DOCUMENT b'1437972'
ACTION MARK 10000 7839 CONSIDERED_RELEVANT b'1437972'
ACTION SNIPPET 10000 7842 SEEN_PREVIOUSLY b'1441954'
ACTION SNIPPET 10000 7845 SEEN_PREVIOUSLY b'1092658'
ACTION SNIPPET 10000 7848 SEEN_PREVIOUSLY b'1790968'
ACTION SNIPPET 10000 7851 SEEN_PREVIOUSLY b'1440233'
ACTION SNIPPET 10000 7854 SNIPPET_RELEVANT b'1092460'
ACTION DOC 10000 7874 EXAMINING_DOCUMENT b'1092460'
ACTION SNIPPET 10000 7877 SNIPPET_NOT_RELEVANT b'1441951'
ACTION SNIPPET 10000 7880 SEEN_PREVIOUSLY b'1452973'
ACTION QUERY 10000 7890 airport security federal
ACTION SERP 10000 7895 EXAMINE_SERP
ACTION SNIPPET 10000 7898 SEEN_PREVIOUSLY b'1401837'
ACTION SNIPPET 10000 7901 SEEN_PREVIOUSLY b'1415432'
ACTION SNIPPET 10000 7904 SEEN_PREVIOUSLY b'1334293'
ACTION SNIPPET 10000 7907 SNIPPET_NOT_RELEVANT b'1330091'
ACTION SNIPPET 10000 7910 SEEN_PREVIOUSLY b'1595958'
ACTION SNIPPET 10000 7913 SNIPPET_NOT_RELEVANT b'1342849'
ACTION SNIPPET 10000 7916 SEEN_PREVIOUSLY b'1339765'
ACTION SNIPPET 10000 7919 SNIPPET_RELEVANT b'1343456'
ACTION DOC 10000 7939 EXAMINING_DOCUMENT b'1343456'
ACTION SNIPPET 10000 7942 SEEN_PREVIOUSLY b'1364041'
ACTION SNIPPET 10000 7945 SEEN_PREVIOUSLY b'1591797'
ACTION QUERY 10000 7955 airport security verification
ACTION SERP 10000 7960 EXAMINE_SERP
ACTION SNIPPET 10000 7963 SEEN_PREVIOUSLY b'1812954'
ACTION SNIPPET 10000 7966 SNIPPET_NOT_RELEVANT b'715365'
ACTION SNIPPET 10000 7969 SNIPPET_RELEVANT b'1441929'
ACTION DOC 10000 7989 EXAMINING_DOCUMENT b'1441929'
ACTION SNIPPET 10000 7992 SNIPPET_NOT_RELEVANT b'1758297'
ACTION SNIPPET 10000 7995 SNIPPET_NOT_RELEVANT b'1327844'
ACTION SNIPPET 10000 7998 SNIPPET_RELEVANT b'235938'
ACTION DOC 10000 8018 EXAMINING_DOCUMENT b'235938'
ACTION SNIPPET 10000 8021 SNIPPET_RELEVANT b'240273'
ACTION DOC 10000 8041 EXAMINING_DOCUMENT b'240273'
ACTION SNIPPET 10000 8044 SNIPPET_NOT_RELEVANT b'96302'
ACTION SNIPPET 10000 8047 SEEN_PREVIOUSLY b'1807882'
ACTION SNIPPET 10000 8050 SNIPPET_RELEVANT b'316734'
ACTION DOC 10000 8070 EXAMINING_DOCUMENT b'316734'
ACTION QUERY 10000 8080 airport security fail
ACTION SERP 10000 8085 EXAMINE_SERP
ACTION SNIPPET 10000 8088 SEEN_PREVIOUSLY b'1334293'
ACTION SNIPPET 10000 8091 SNIPPET_NOT_RELEVANT b'1077948'
ACTION SNIPPET 10000 8094 SEEN_PREVIOUSLY b'655267'
ACTION SNIPPET 10000 8097 SNIPPET_RELEVANT b'1339277'
ACTION DOC 10000 8117 EXAMINING_DOCUMENT b'1339277'
ACTION SNIPPET 10000 8120 SNIPPET_RELEVANT b'1458964'
ACTION DOC 10000 8140 EXAMINING_DOCUMENT b'1458964'
ACTION SNIPPET 10000 8143 SNIPPET_RELEVANT b'126315'
ACTION DOC 10000 8163 EXAMINING_DOCUMENT b'126315'
ACTION SNIPPET 10000 8166 SNIPPET_NOT_RELEVANT b'1342578'
ACTION SNIPPET 10000 8169 SNIPPET_NOT_RELEVANT b'1745789'
ACTION SNIPPET 10000 8172 SNIPPET_RELEVANT b'1333159'
ACTION DOC 10000 8192 EXAMINING_DOCUMENT b'1333159'
ACTION SNIPPET 10000 8195 SEEN_PREVIOUSLY b'1343427'
ACTION QUERY 10000 8205 airport security book
ACTION SERP 10000 8210 EXAMINE_SERP
ACTION SNIPPET 10000 8213 SNIPPET_NOT_RELEVANT b'419949'
ACTION SNIPPET 10000 8216 SEEN_PREVIOUSLY b'873906'
ACTION SNIPPET 10000 8219 SEEN_PREVIOUSLY b'620705'
ACTION SNIPPET 10000 8222 SNIPPET_NOT_RELEVANT b'817446'
ACTION SNIPPET 10000 8225 SEEN_PREVIOUSLY b'1343427'
ACTION SNIPPET 10000 8228 SNIPPET_NOT_RELEVANT b'1187648'
ACTION SNIPPET 10000 8231 SEEN_PREVIOUSLY b'1807882'
ACTION SNIPPET 10000 8234 SNIPPET_NOT_RELEVANT b'419941'
ACTION SNIPPET 10000 8237 SNIPPET_NOT_RELEVANT b'1550427'
ACTION SNIPPET 10000 8240 SEEN_PREVIOUSLY b'1674916'
ACTION QUERY 10000 8250 airport security volunteer
ACTION SERP 10000 8255 EXAMINE_SERP
ACTION SNIPPET 10000 8258 SNIPPET_RELEVANT b'66922'
ACTION DOC 10000 8278 EXAMINING_DOCUMENT b'66922'
ACTION SNIPPET 10000 8281 SEEN_PREVIOUSLY b'1808077'
ACTION SNIPPET 10000 8284 SNIPPET_NOT_RELEVANT b'1654697'
ACTION SNIPPET 10000 8287 SNIPPET_RELEVANT b'1767568'
ACTION DOC 10000 8307 EXAMINING_DOCUMENT b'1767568'
ACTION SNIPPET 10000 8310 SNIPPET_NOT_RELEVANT b'1791396'
ACTION SNIPPET 10000 8313 SNIPPET_NOT_RELEVANT b'715491'
ACTION SNIPPET 10000 8316 SNIPPET_NOT_RELEVANT b'1660157'
ACTION SNIPPET 10000 8319 SEEN_PREVIOUSLY b'1381874'
ACTION SNIPPET 10000 8322 SNIPPET_RELEVANT b'1805363'
ACTION DOC 10000 8342 EXAMINING_DOCUMENT b'1805363'
ACTION SNIPPET 10000 8345 SNIPPET_NOT_RELEVANT b'423380'
ACTION QUERY 10000 8355 airport security 103
ACTION SERP 10000 8360 EXAMINE_SERP
ACTION SNIPPET 10000 8363 SNIPPET_NOT_RELEVANT b'233285'
ACTION SNIPPET 10000 8366 SEEN_PREVIOUSLY b'222024'
ACTION SNIPPET 10000 8369 SEEN_PREVIOUSLY b'310566'
ACTION SNIPPET 10000 8372 SNIPPET_NOT_RELEVANT b'280352'
ACTION SNIPPET 10000 8375 SEEN_PREVIOUSLY b'279661'
ACTION SNIPPET 10000 8378 SNIPPET_NOT_RELEVANT b'867328'
ACTION SNIPPET 10000 8381 SEEN_PREVIOUSLY b'211760'
ACTION SNIPPET 10000 8384 SNIPPET_RELEVANT b'221997'
ACTION DOC 10000 8404 EXAMINING_DOCUMENT b'221997'
ACTION MARK 10000 8407 CONSIDERED_RELEVANT b'221997'
ACTION SNIPPET 10000 8410 SEEN_PREVIOUSLY b'1326533'
ACTION SNIPPET 10000 8413 SNIPPET_NOT_RELEVANT b'244749'
ACTION QUERY 10000 8423 airport security high
ACTION SERP 10000 8428 EXAMINE_SERP
ACTION SNIPPET 10000 8431 SEEN_PREVIOUSLY b'1359019'
ACTION SNIPPET 10000 8434 SEEN_PREVIOUSLY b'1326248'
ACTION SNIPPET 10000 8437 SEEN_PREVIOUSLY b'50316'
ACTION SNIPPET 10000 8440 SEEN_PREVIOUSLY b'104570'
ACTION SNIPPET 10000 8443 SEEN_PREVIOUSLY b'877817'
ACTION SNIPPET 10000 8446 SEEN_PREVIOUSLY b'1440741'
ACTION SNIPPET 10000 8449 SEEN_PREVIOUSLY b'877162'
ACTION SNIPPET 10000 8452 SEEN_PREVIOUSLY b'871951'
ACTION SNIPPET 10000 8455 SEEN_PREVIOUSLY b'1453938'
ACTION SNIPPET 10000 8458 SEEN_PREVIOUSLY b'445629'
ACTION QUERY 10000 8468 airport security response
ACTION SERP 10000 8473 EXAMINE_SERP
ACTION SNIPPET 10000 8476 SNIPPET_NOT_RELEVANT b'866717'
ACTION SNIPPET 10000 8479 SEEN_PREVIOUSLY b'1330367'
ACTION SNIPPET 10000 8482 SEEN_PREVIOUSLY b'655267'
ACTION SNIPPET 10000 8485 SNIPPET_NOT_RELEVANT b'1652122'
ACTION SNIPPET 10000 8488 SEEN_PREVIOUSLY b'1458964'
ACTION SNIPPET 10000 8491 SEEN_PREVIOUSLY b'50782'
ACTION SNIPPET 10000 8494 SEEN_PREVIOUSLY b'877817'
ACTION SNIPPET 10000 8497 SEEN_PREVIOUSLY b'1326248'
ACTION SNIPPET 10000 8500 SEEN_PREVIOUSLY b'871951'
ACTION SNIPPET 10000 8503 SNIPPET_RELEVANT b'1484199'
ACTION DOC 10000 8523 EXAMINING_DOCUMENT b'1484199'
ACTION QUERY 10000 8533 airport security american
ACTION SERP 10000 8538 EXAMINE_SERP
ACTION SNIPPET 10000 8541 SEEN_PREVIOUSLY b'159489'
ACTION SNIPPET 10000 8544 SEEN_PREVIOUSLY b'1329335'
ACTION SNIPPET 10000 8547 SEEN_PREVIOUSLY b'866479'
ACTION SNIPPET 10000 8550 SEEN_PREVIOUSLY b'1338698'
ACTION SNIPPET 10000 8553 SEEN_PREVIOUSLY b'620705'
ACTION SNIPPET 10000 8556 SNIPPET_RELEVANT b'1700844'
ACTION DOC 10000 8576 EXAMINING_DOCUMENT b'1700844'
ACTION SNIPPET 10000 8579 SEEN_PREVIOUSLY b'249596'
ACTION SNIPPET 10000 8582 SEEN_PREVIOUSLY b'1476485'
ACTION SNIPPET 10000 8585 SEEN_PREVIOUSLY b'1353553'
ACTION SNIPPET 10000 8588 SEEN_PREVIOUSLY b'1402074'
ACTION QUERY 10000 8598 airport security shirt
ACTION SERP 10000 8603 EXAMINE_SERP
ACTION SNIPPET 10000 8606 SNIPPET_NOT_RELEVANT b'1632943'
ACTION SNIPPET 10000 8609 SNIPPET_RELEVANT b'1630071'
ACTION DOC 10000 8629 EXAMINING_DOCUMENT b'1630071'
ACTION SNIPPET 10000 8632 SNIPPET_NOT_RELEVANT b'1606196'
ACTION SNIPPET 10000 8635 SNIPPET_NOT_RELEVANT b'1604542'
ACTION SNIPPET 10000 8638 SNIPPET_NOT_RELEVANT b'1682279'
ACTION SNIPPET 10000 8641 SNIPPET_RELEVANT b'1669548'
ACTION DOC 10000 8661 EXAMINING_DOCUMENT b'1669548'
ACTION SNIPPET 10000 8664 SNIPPET_NOT_RELEVANT b'1343671'
ACTION SNIPPET 10000 8667 SNIPPET_NOT_RELEVANT b'751048'
ACTION SNIPPET 10000 8670 SNIPPET_RELEVANT b'1607992'
ACTION DOC 10000 8690 EXAMINING_DOCUMENT b'1607992'
ACTION SNIPPET 10000 8693 SNIPPET_NOT_RELEVANT b'1629507'
ACTION QUERY 10000 8703 airport security ron
ACTION SERP 10000 8708 EXAMINE_SERP
ACTION SNIPPET 10000 8711 SEEN_PREVIOUSLY b'1402074'
ACTION SNIPPET 10000 8714 SEEN_PREVIOUSLY b'1335312'
ACTION SNIPPET 10000 8717 SNIPPET_NOT_RELEVANT b'1690777'
ACTION SNIPPET 10000 8720 SEEN_PREVIOUSLY b'1364041'
ACTION SNIPPET 10000 8723 SNIPPET_RELEVANT b'1387645'
ACTION DOC 10000 8743 EXAMINING_DOCUMENT b'1387645'
ACTION SNIPPET 10000 8746 SEEN_PREVIOUSLY b'772141'
ACTION SNIPPET 10000 8749 SEEN_PREVIOUSLY b'159489'
ACTION SNIPPET 10000 8752 SEEN_PREVIOUSLY b'1363815'
ACTION SNIPPET 10000 8755 SEEN_PREVIOUSLY b'865661'
ACTION SNIPPET 10000 8758 SNIPPET_RELEVANT b'438764'
ACTION DOC 10000 8778 EXAMINING_DOCUMENT b'438764'
ACTION QUERY 10000 8788 airport security cigarettes
ACTION SERP 10000 8793 EXAMINE_SERP
ACTION SNIPPET 10000 8796 SEEN_PREVIOUSLY b'772141'
ACTION SNIPPET 10000 8799 SEEN_PREVIOUSLY b'1330367'
ACTION SNIPPET 10000 8802 SNIPPET_RELEVANT b'1628021'
ACTION DOC 10000 8822 EXAMINING_DOCUMENT b'1628021'
ACTION SNIPPET 10000 8825 SNIPPET_NOT_RELEVANT b'1334618'
ACTION SNIPPET 10000 8828 SNIPPET_RELEVANT b'1603411'
ACTION DOC 10000 8848 EXAMINING_DOCUMENT b'1603411'
ACTION SNIPPET 10000 8851 SNIPPET_RELEVANT b'1039471'
ACTION DOC 10000 8871 EXAMINING_DOCUMENT b'1039471'
ACTION SNIPPET 10000 8874 SNIPPET_NOT_RELEVANT b'1782306'
ACTION SNIPPET 10000 8877 SNIPPET_RELEVANT b'1783096'
ACTION DOC 10000 8897 EXAMINING_DOCUMENT b'1783096'
ACTION SNIPPET 10000 8900 SNIPPET_NOT_RELEVANT b'1584355'
ACTION SNIPPET 10000 8903 SNIPPET_NOT_RELEVANT b'2458'
ACTION QUERY 10000 8913 airport security coast
ACTION SERP 10000 8918 EXAMINE_SERP
ACTION SNIPPET 10000 8921 SNIPPET_NOT_RELEVANT b'1511876'
ACTION SNIPPET 10000 8924 SNIPPET_NOT_RELEVANT b'1451429'
ACTION SNIPPET 10000 8927 SNIPPET_NOT_RELEVANT b'1710846'
ACTION SNIPPET 10000 8930 SNIPPET_NOT_RELEVANT b'1854806'
ACTION SNIPPET 10000 8933 SNIPPET_RELEVANT b'1325983'
ACTION DOC 10000 8953 EXAMINING_DOCUMENT b'1325983'
ACTION SNIPPET 10000 8956 SNIPPET_RELEVANT b'1343671'
ACTION DOC 10000 8976 EXAMINING_DOCUMENT b'1343671'
ACTION SNIPPET 10000 8979 SEEN_PREVIOUSLY b'1442003'
ACTION SNIPPET 10000 8982 SNIPPET_RELEVANT b'1468776'
ACTION DOC 10000 9002 EXAMINING_DOCUMENT b'1468776'
ACTION SNIPPET 10000 9005 SEEN_PREVIOUSLY b'1364041'
ACTION SNIPPET 10000 9008 SNIPPET_RELEVANT b'1336463'
ACTION DOC 10000 9028 EXAMINING_DOCUMENT b'1336463'
ACTION QUERY 10000 9038 airport security start
ACTION SERP 10000 9043 EXAMINE_SERP
ACTION SNIPPET 10000 9046 SNIPPET_RELEVANT b'539738'
ACTION DOC 10000 9066 EXAMINING_DOCUMENT b'539738'
ACTION SNIPPET 10000 9069 SNIPPET_NOT_RELEVANT b'1328874'
ACTION SNIPPET 10000 9072 SNIPPET_RELEVANT b'1819323'
ACTION DOC 10000 9092 EXAMINING_DOCUMENT b'1819323'
ACTION MARK 10000 9095 CONSIDERED_RELEVANT b'1819323'
ACTION SNIPPET 10000 9098 SNIPPET_RELEVANT b'430052'
ACTION DOC 10000 9118 EXAMINING_DOCUMENT b'430052'
ACTION SNIPPET 10000 9121 SNIPPET_NOT_RELEVANT b'1809602'
ACTION SNIPPET 10000 9124 SEEN_PREVIOUSLY b'1490839'
ACTION SNIPPET 10000 9127 SEEN_PREVIOUSLY b'1441954'
ACTION SNIPPET 10000 9130 SEEN_PREVIOUSLY b'1812954'
ACTION SNIPPET 10000 9133 SEEN_PREVIOUSLY b'1833316'
ACTION SNIPPET 10000 9136 SNIPPET_NOT_RELEVANT b'1590979'
ACTION QUERY 10000 9146 airport security line
ACTION SERP 10000 9151 EXAMINE_SERP
ACTION SNIPPET 10000 9154 SEEN_PREVIOUSLY b'1341562'
ACTION SNIPPET 10000 9157 SEEN_PREVIOUSLY b'1329164'
ACTION SNIPPET 10000 9160 SNIPPET_NOT_RELEVANT b'1509125'
ACTION SNIPPET 10000 9163 SNIPPET_NOT_RELEVANT b'1442451'
ACTION SNIPPET 10000 9166 SEEN_PREVIOUSLY b'1747819'
ACTION SNIPPET 10000 9169 SEEN_PREVIOUSLY b'1782293'
ACTION SNIPPET 10000 9172 SEEN_PREVIOUSLY b'1353553'
ACTION SNIPPET 10000 9175 SNIPPET_NOT_RELEVANT b'1549797'
ACTION SNIPPET 10000 9178 SNIPPET_RELEVANT b'1609040'
ACTION DOC 10000 9198 EXAMINING_DOCUMENT b'1609040'
ACTION SNIPPET 10000 9201 SNIPPET_RELEVANT b'1118735'
ACTION DOC 10000 9221 EXAMINING_DOCUMENT b'1118735'
ACTION QUERY 10000 9231 airport security kendall
ACTION SERP 10000 9236 EXAMINE_SERP
ACTION SNIPPET 10000 9239 SNIPPET_NOT_RELEVANT b'1039644'
ACTION SNIPPET 10000 9242 SNIPPET_RELEVANT b'1835792'
ACTION DOC 10000 9262 EXAMINING_DOCUMENT b'1835792'
ACTION SNIPPET 10000 9265 SNIPPET_NOT_RELEVANT b'1085243'
ACTION SNIPPET 10000 9268 SNIPPET_NOT_RELEVANT b'1085588'
ACTION SNIPPET 10000 9271 SNIPPET_NOT_RELEVANT b'1259446'
ACTION SNIPPET 10000 9274 SNIPPET_NOT_RELEVANT b'1499273'
ACTION SNIPPET 10000 9277 SNIPPET_RELEVANT b'1383538'
ACTION DOC 10000 9297 EXAMINING_DOCUMENT b'1383538'
ACTION SNIPPET 10000 9300 SNIPPET_NOT_RELEVANT b'1599458'
ACTION SNIPPET 10000 9303 SNIPPET_RELEVANT b'674882'
ACTION DOC 10000 9323 EXAMINING_DOCUMENT b'674882'
ACTION SNIPPET 10000 9326 SNIPPET_NOT_RELEVANT b'1599330'
ACTION QUERY 10000 9336 airport security incident
ACTION SERP 10000 9341 EXAMINE_SERP
ACTION SNIPPET 10000 9344 SEEN_PREVIOUSLY b'1415432'
ACTION SNIPPET 10000 9347 SEEN_PREVIOUSLY b'1363815'
ACTION SNIPPET 10000 9350 SEEN_PREVIOUSLY b'1339765'
ACTION SNIPPET 10000 9353 SNIPPET_NOT_RELEVANT b'1218436'
ACTION SNIPPET 10000 9356 SNIPPET_NOT_RELEVANT b'1405958'
ACTION SNIPPET 10000 9359 SNIPPET_NOT_RELEVANT b'747523'
ACTION SNIPPET 10000 9362 SNIPPET_NOT_RELEVANT b'1547218'
ACTION SNIPPET 10000 9365 SEEN_PREVIOUSLY b'159489'
ACTION SNIPPET 10000 9368 SNIPPET_NOT_RELEVANT b'1632943'
ACTION SNIPPET 10000 9371 SEEN_PREVIOUSLY b'1329682'
ACTION QUERY 10000 9381 airport security spokesman
ACTION SERP 10000 9386 EXAMINE_SERP
ACTION SNIPPET 10000 9389 SEEN_PREVIOUSLY b'159489'
ACTION SNIPPET 10000 9392 SEEN_PREVIOUSLY b'439204'
ACTION SNIPPET 10000 9395 SEEN_PREVIOUSLY b'1364041'
ACTION SNIPPET 10000 9398 SNIPPET_RELEVANT b'433672'
ACTION DOC 10000 9418 EXAMINING_DOCUMENT b'433672'
ACTION SNIPPET 10000 9421 SEEN_PREVIOUSLY b'1363815'
ACTION SNIPPET 10000 9424 SEEN_PREVIOUSLY b'1690788'
ACTION SNIPPET 10000 9427 SEEN_PREVIOUSLY b'50316'
ACTION SNIPPET 10000 9430 SEEN_PREVIOUSLY b'620705'
ACTION SNIPPET 10000 9433 SEEN_PREVIOUSLY b'50782'
ACTION SNIPPET 10000 9436 SNIPPET_RELEVANT b'1547218'
ACTION DOC 10000 9456 EXAMINING_DOCUMENT b'1547218'
ACTION QUERY 10000 9466 airport security terrorists
ACTION SERP 10000 9471 EXAMINE_SERP
ACTION SNIPPET 10000 9474 SEEN_PREVIOUSLY b'1511476'
ACTION SNIPPET 10000 9477 SEEN_PREVIOUSLY b'654120'
ACTION SNIPPET 10000 9480 SEEN_PREVIOUSLY b'810302'
ACTION SNIPPET 10000 9483 SNIPPET_RELEVANT b'1820435'
ACTION DOC 10000 9503 EXAMINING_DOCUMENT b'1820435'
ACTION SNIPPET 10000 9506 SEEN_PREVIOUSLY b'1476485'
ACTION SNIPPET 10000 9509 SNIPPET_RELEVANT b'1324463'
ACTION DOC 10000 9529 EXAMINING_DOCUMENT b'1324463'
ACTION SNIPPET 10000 9532 SNIPPET_RELEVANT b'1820289'
ACTION DOC 10000 9552 EXAMINING_DOCUMENT b'1820289'
ACTION SNIPPET 10000 9555 SEEN_PREVIOUSLY b'1326248'
ACTION SNIPPET 10000 9558 SEEN_PREVIOUSLY b'655267'
ACTION SNIPPET 10000 9561 SNIPPET_RELEVANT b'1695179'
ACTION DOC 10000 9581 EXAMINING_DOCUMENT b'1695179'
ACTION QUERY 10000 9591 airport security identity
ACTION SERP 10000 9596 EXAMINE_SERP
ACTION SNIPPET 10000 9599 SEEN_PREVIOUSLY b'1808077'
ACTION SNIPPET 10000 9602 SEEN_PREVIOUSLY b'810302'
ACTION SNIPPET 10000 9605 SEEN_PREVIOUSLY b'1782293'
ACTION SNIPPET 10000 9608 SNIPPET_NOT_RELEVANT b'1809602'
ACTION SNIPPET 10000 9611 SEEN_PREVIOUSLY b'1812954'
ACTION SNIPPET 10000 9614 SEEN_PREVIOUSLY b'1767568'
ACTION SNIPPET 10000 9617 SEEN_PREVIOUSLY b'1747819'
ACTION SNIPPET 10000 9620 SEEN_PREVIOUSLY b'1807882'
ACTION SNIPPET 10000 9623 SEEN_PREVIOUSLY b'1731022'
ACTION SNIPPET 10000 9626 SNIPPET_RELEVANT b'1762066'
ACTION DOC 10000 9646 EXAMINING_DOCUMENT b'1762066'
ACTION QUERY 10000 9656 airport security screened
ACTION SERP 10000 9661 EXAMINE_SERP
ACTION SNIPPET 10000 9664 SEEN_PREVIOUSLY b'57399'
ACTION SNIPPET 10000 9667 SEEN_PREVIOUSLY b'1452973'
ACTION SNIPPET 10000 9670 SEEN_PREVIOUSLY b'1833316'
ACTION SNIPPET 10000 9673 SEEN_PREVIOUSLY b'1339765'
ACTION SNIPPET 10000 9676 SNIPPET_NOT_RELEVANT b'1342849'
ACTION SNIPPET 10000 9679 SEEN_PREVIOUSLY b'1761171'
ACTION SNIPPET 10000 9682 SEEN_PREVIOUSLY b'1440233'
ACTION SNIPPET 10000 9685 SEEN_PREVIOUSLY b'1591797'
ACTION SNIPPET 10000 9688 SEEN_PREVIOUSLY b'1367994'
ACTION SNIPPET 10000 9691 SEEN_PREVIOUSLY b'1324916'
ACTION QUERY 10000 9701 airport security crowded
ACTION SERP 10000 9706 EXAMINE_SERP
ACTION SNIPPET 10000 9709 SEEN_PREVIOUSLY b'1406057'
ACTION SNIPPET 10000 9712 SNIPPET_NOT_RELEVANT b'1361552'
ACTION SNIPPET 10000 9715 SNIPPET_NOT_RELEVANT b'419941'
ACTION SNIPPET 10000 9718 SNIPPET_RELEVANT b'1676591'
ACTION DOC 10000 9738 EXAMINING_DOCUMENT b'1676591'
ACTION SNIPPET 10000 9741 SNIPPET_NOT_RELEVANT b'1187648'
ACTION SNIPPET 10000 9744 SEEN_PREVIOUSLY b'1341562'
ACTION SNIPPET 10000 9747 SNIPPET_RELEVANT b'1599068'
ACTION DOC 10000 9767 EXAMINING_DOCUMENT b'1599068'
ACTION SNIPPET 10000 9770 SNIPPET_RELEVANT b'1586058'
ACTION DOC 10000 9790 EXAMINING_DOCUMENT b'1586058'
ACTION SNIPPET 10000 9793 SNIPPET_NOT_RELEVANT b'1378024'
ACTION SNIPPET 10000 9796 SNIPPET_NOT_RELEVANT b'1360993'
ACTION QUERY 10000 9806 airport security effective
ACTION SERP 10000 9811 EXAMINE_SERP
ACTION SNIPPET 10000 9814 SEEN_PREVIOUSLY b'1404579'
ACTION SNIPPET 10000 9817 SNIPPET_RELEVANT b'1443897'
ACTION DOC 10000 9837 EXAMINING_DOCUMENT b'1443897'
ACTION SNIPPET 10000 9840 SEEN_PREVIOUSLY b'843531'
ACTION SNIPPET 10000 9843 SEEN_PREVIOUSLY b'1338698'
ACTION SNIPPET 10000 9846 SEEN_PREVIOUSLY b'1341562'
ACTION SNIPPET 10000 9849 SEEN_PREVIOUSLY b'838813'
ACTION SNIPPET 10000 9852 SEEN_PREVIOUSLY b'103868'
ACTION SNIPPET 10000 9855 SEEN_PREVIOUSLY b'104570'
ACTION SNIPPET 10000 9858 SNIPPET_NOT_RELEVANT b'210675'
ACTION SNIPPET 10000 9861 SEEN_PREVIOUSLY b'1340075'
ACTION QUERY 10000 9871 airport security passed
ACTION SERP 10000 9876 EXAMINE_SERP
ACTION SNIPPET 10000 9879 SEEN_PREVIOUSLY b'1383446'
ACTION SNIPPET 10000 9882 SNIPPET_RELEVANT b'1555248'
ACTION DOC 10000 9902 EXAMINING_DOCUMENT b'1555248'
ACTION SNIPPET 10000 9905 SNIPPET_NOT_RELEVANT b'1342849'
ACTION SNIPPET 10000 9908 SNIPPET_RELEVANT b'1820046'
ACTION DOC 10000 9928 EXAMINING_DOCUMENT b'1820046'
ACTION SNIPPET 10000 9931 SEEN_PREVIOUSLY b'1820435'
ACTION SNIPPET 10000 9934 SEEN_PREVIOUSLY b'1820289'
ACTION SNIPPET 10000 9937 SEEN_PREVIOUSLY b'1401837'
ACTION SNIPPET 10000 9940 SEEN_PREVIOUSLY b'1118735'
ACTION SNIPPET 10000 9943 SEEN_PREVIOUSLY b'1747819'
ACTION SNIPPET 10000 9946 SEEN_PREVIOUSLY b'1015035'
ACTION QUERY 10000 9956 airport security tie
ACTION SERP 10000 9961 EXAMINE_SERP
ACTION SNIPPET 10000 9964 SNIPPET_NOT_RELEVANT b'211341'
ACTION SNIPPET 10000 9967 SNIPPET_NOT_RELEVANT b'1223769'
ACTION SNIPPET 10000 9970 SNIPPET_NOT_RELEVANT b'1511649'
ACTION SNIPPET 10000 9973 SNIPPET_RELEVANT b'1365006'
ACTION DOC 10000 9993 EXAMINING_DOCUMENT b'1365006'
ACTION SNIPPET 10000 9996 SEEN_PREVIOUSLY b'1807882'
ACTION SNIPPET 10000 9999 SNIPPET_NOT_RELEVANT b'1584355'
ACTION SNIPPET 10000 10002 SEEN_PREVIOUSLY b'1341597'
INFO SUMMARY 
INFO TOTAL_QUERIES_ISSUED 98
INFO TOTAL_SNIPPETS_EXAMINED 977
INFO TOTAL_DOCUMENTS_EXAMINED 276
INFO TOTAL_DOCUMENTS_MARKED_RELEVANT 27
INFO TOTAL_ATTRACTIVE_SERP_IMPRESSIONS 98
INFO TOTAL_UNATTRACTIVE_SERP_IMPRESSIONS 0
