ACTION QUERY 10000 10 wildlife extinction
ACTION SERP 10000 15 EXAMINE_SERP
ACTION SNIPPET 10000 18 SNIPPET_NOT_RELEVANT b'681074'
ACTION SNIPPET 10000 21 SNIPPET_NOT_RELEVANT b'392703'
ACTION SNIPPET 10000 24 SNIPPET_RELEVANT b'1124706'
ACTION DOC 10000 44 EXAMINING_DOCUMENT b'1124706'
ACTION MARK 10000 47 CONSIDERED_RELEVANT b'1124706'
ACTION SNIPPET 10000 50 SNIPPET_RELEVANT b'291608'
ACTION DOC 10000 70 EXAMINING_DOCUMENT b'291608'
ACTION SNIPPET 10000 73 SNIPPET_NOT_RELEVANT b'399409'
ACTION SNIPPET 10000 76 SNIPPET_RELEVANT b'1566885'
ACTION DOC 10000 96 EXAMINING_DOCUMENT b'1566885'
ACTION SNIPPET 10000 99 SNIPPET_RELEVANT b'296393'
ACTION DOC 10000 119 EXAMINING_DOCUMENT b'296393'
ACTION MARK 10000 122 CONSIDERED_RELEVANT b'296393'
ACTION SNIPPET 10000 125 SNIPPET_RELEVANT b'976278'
ACTION DOC 10000 145 EXAMINING_DOCUMENT b'976278'
ACTION SNIPPET 10000 148 SNIPPET_RELEVANT b'225523'
ACTION DOC 10000 168 EXAMINING_DOCUMENT b'225523'
ACTION SNIPPET 10000 171 SNIPPET_RELEVANT b'611274'
ACTION DOC 10000 191 EXAMINING_DOCUMENT b'611274'
ACTION QUERY 10000 201 wildlife extinction rhino
ACTION SERP 10000 206 EXAMINE_SERP
ACTION SNIPPET 10000 209 SEEN_PREVIOUSLY b'1124706'
ACTION SNIPPET 10000 212 SEEN_PREVIOUSLY b'296393'
ACTION SNIPPET 10000 215 SNIPPET_RELEVANT b'679949'
ACTION DOC 10000 235 EXAMINING_DOCUMENT b'679949'
ACTION MARK 10000 238 CONSIDERED_RELEVANT b'679949'
ACTION SNIPPET 10000 241 SNIPPET_RELEVANT b'522995'
ACTION DOC 10000 261 EXAMINING_DOCUMENT b'522995'
ACTION MARK 10000 264 CONSIDERED_RELEVANT b'522995'
ACTION SNIPPET 10000 267 SNIPPET_RELEVANT b'257571'
ACTION DOC 10000 287 EXAMINING_DOCUMENT b'257571'
ACTION MARK 10000 290 CONSIDERED_RELEVANT b'257571'
ACTION SNIPPET 10000 293 SNIPPET_RELEVANT b'756249'
ACTION DOC 10000 313 EXAMINING_DOCUMENT b'756249'
ACTION MARK 10000 316 CONSIDERED_RELEVANT b'756249'
ACTION SNIPPET 10000 319 SNIPPET_RELEVANT b'541157'
ACTION DOC 10000 339 EXAMINING_DOCUMENT b'541157'
ACTION MARK 10000 342 CONSIDERED_RELEVANT b'541157'
ACTION SNIPPET 10000 345 SNIPPET_RELEVANT b'579261'
ACTION DOC 10000 365 EXAMINING_DOCUMENT b'579261'
ACTION MARK 10000 368 CONSIDERED_RELEVANT b'579261'
ACTION SNIPPET 10000 371 SNIPPET_NOT_RELEVANT b'243603'
ACTION SNIPPET 10000 374 SNIPPET_NOT_RELEVANT b'717410'
ACTION QUERY 10000 384 wildlife extinction issue
ACTION SERP 10000 389 EXAMINE_SERP
ACTION SNIPPET 10000 392 SNIPPET_NOT_RELEVANT b'399409'
ACTION SNIPPET 10000 395 SEEN_PREVIOUSLY b'611274'
ACTION SNIPPET 10000 398 SNIPPET_NOT_RELEVANT b'681074'
ACTION SNIPPET 10000 401 SNIPPET_NOT_RELEVANT b'392703'
ACTION SNIPPET 10000 404 SEEN_PREVIOUSLY b'679949'
ACTION SNIPPET 10000 407 SNIPPET_NOT_RELEVANT b'429546'
ACTION SNIPPET 10000 410 SNIPPET_RELEVANT b'1321173'
ACTION DOC 10000 430 EXAMINING_DOCUMENT b'1321173'
ACTION SNIPPET 10000 433 SEEN_PREVIOUSLY b'1124706'
ACTION SNIPPET 10000 436 SEEN_PREVIOUSLY b'291608'
ACTION SNIPPET 10000 439 SNIPPET_RELEVANT b'1783097'
ACTION DOC 10000 459 EXAMINING_DOCUMENT b'1783097'
ACTION MARK 10000 462 CONSIDERED_RELEVANT b'1783097'
ACTION QUERY 10000 472 wildlife extinction improving
ACTION SERP 10000 477 EXAMINE_SERP
ACTION SNIPPET 10000 480 SNIPPET_RELEVANT b'96243'
ACTION DOC 10000 500 EXAMINING_DOCUMENT b'96243'
ACTION SNIPPET 10000 503 SNIPPET_RELEVANT b'1291786'
ACTION DOC 10000 523 EXAMINING_DOCUMENT b'1291786'
ACTION SNIPPET 10000 526 SNIPPET_RELEVANT b'681074'
ACTION DOC 10000 546 EXAMINING_DOCUMENT b'681074'
ACTION SNIPPET 10000 549 SNIPPET_NOT_RELEVANT b'392703'
ACTION SNIPPET 10000 552 SEEN_PREVIOUSLY b'1783097'
ACTION SNIPPET 10000 555 SNIPPET_RELEVANT b'215455'
ACTION DOC 10000 575 EXAMINING_DOCUMENT b'215455'
ACTION SNIPPET 10000 578 SEEN_PREVIOUSLY b'1124706'
ACTION SNIPPET 10000 581 SEEN_PREVIOUSLY b'291608'
ACTION SNIPPET 10000 584 SNIPPET_NOT_RELEVANT b'399409'
ACTION SNIPPET 10000 587 SEEN_PREVIOUSLY b'1566885'
ACTION QUERY 10000 597 wildlife extinction difference
ACTION SERP 10000 602 EXAMINE_SERP
ACTION SNIPPET 10000 605 SNIPPET_RELEVANT b'221456'
ACTION DOC 10000 625 EXAMINING_DOCUMENT b'221456'
ACTION SNIPPET 10000 628 SEEN_PREVIOUSLY b'296393'
ACTION SNIPPET 10000 631 SEEN_PREVIOUSLY b'96243'
ACTION SNIPPET 10000 634 SEEN_PREVIOUSLY b'681074'
ACTION SNIPPET 10000 637 SEEN_PREVIOUSLY b'1321173'
ACTION SNIPPET 10000 640 SNIPPET_NOT_RELEVANT b'392703'
ACTION SNIPPET 10000 643 SEEN_PREVIOUSLY b'1124706'
ACTION SNIPPET 10000 646 SEEN_PREVIOUSLY b'291608'
ACTION SNIPPET 10000 649 SNIPPET_NOT_RELEVANT b'399409'
ACTION SNIPPET 10000 652 SEEN_PREVIOUSLY b'1566885'
ACTION QUERY 10000 662 wildlife extinction wings
ACTION SERP 10000 667 EXAMINE_SERP
ACTION SNIPPET 10000 670 SNIPPET_NOT_RELEVANT b'678677'
ACTION SNIPPET 10000 673 SNIPPET_RELEVANT b'104808'
ACTION DOC 10000 693 EXAMINING_DOCUMENT b'104808'
ACTION SNIPPET 10000 696 SEEN_PREVIOUSLY b'681074'
ACTION SNIPPET 10000 699 SNIPPET_RELEVANT b'392703'
ACTION DOC 10000 719 EXAMINING_DOCUMENT b'392703'
ACTION SNIPPET 10000 722 SEEN_PREVIOUSLY b'1124706'
ACTION SNIPPET 10000 725 SNIPPET_NOT_RELEVANT b'306781'
ACTION SNIPPET 10000 728 SEEN_PREVIOUSLY b'291608'
ACTION SNIPPET 10000 731 SNIPPET_NOT_RELEVANT b'1449018'
ACTION SNIPPET 10000 734 SNIPPET_NOT_RELEVANT b'399409'
ACTION SNIPPET 10000 737 SEEN_PREVIOUSLY b'1566885'
ACTION QUERY 10000 747 wildlife extinction pedro
ACTION SERP 10000 752 EXAMINE_SERP
ACTION SNIPPET 10000 755 SNIPPET_RELEVANT b'678677'
ACTION DOC 10000 775 EXAMINING_DOCUMENT b'678677'
ACTION SNIPPET 10000 778 SEEN_PREVIOUSLY b'681074'
ACTION SNIPPET 10000 781 SEEN_PREVIOUSLY b'392703'
ACTION SNIPPET 10000 784 SEEN_PREVIOUSLY b'1124706'
ACTION SNIPPET 10000 787 SEEN_PREVIOUSLY b'291608'
ACTION SNIPPET 10000 790 SNIPPET_NOT_RELEVANT b'399409'
ACTION SNIPPET 10000 793 SEEN_PREVIOUSLY b'1566885'
ACTION SNIPPET 10000 796 SEEN_PREVIOUSLY b'296393'
ACTION SNIPPET 10000 799 SEEN_PREVIOUSLY b'976278'
ACTION SNIPPET 10000 802 SEEN_PREVIOUSLY b'225523'
ACTION QUERY 10000 812 wildlife extinction percentage
ACTION SERP 10000 817 EXAMINE_SERP
ACTION SNIPPET 10000 820 SNIPPET_NOT_RELEVANT b'135270'
ACTION SNIPPET 10000 823 SEEN_PREVIOUSLY b'681074'
ACTION SNIPPET 10000 826 SEEN_PREVIOUSLY b'392703'
ACTION SNIPPET 10000 829 SEEN_PREVIOUSLY b'1124706'
ACTION SNIPPET 10000 832 SEEN_PREVIOUSLY b'291608'
ACTION SNIPPET 10000 835 SNIPPET_NOT_RELEVANT b'399409'
ACTION SNIPPET 10000 838 SEEN_PREVIOUSLY b'1566885'
ACTION SNIPPET 10000 841 SEEN_PREVIOUSLY b'296393'
ACTION SNIPPET 10000 844 SEEN_PREVIOUSLY b'976278'
ACTION SNIPPET 10000 847 SEEN_PREVIOUSLY b'225523'
ACTION QUERY 10000 857 wildlife extinction genetic
ACTION SERP 10000 862 EXAMINE_SERP
ACTION SNIPPET 10000 865 SEEN_PREVIOUSLY b'296393'
ACTION SNIPPET 10000 868 SEEN_PREVIOUSLY b'221456'
ACTION SNIPPET 10000 871 SNIPPET_RELEVANT b'1175756'
ACTION DOC 10000 891 EXAMINING_DOCUMENT b'1175756'
ACTION SNIPPET 10000 894 SNIPPET_RELEVANT b'1073195'
ACTION DOC 10000 914 EXAMINING_DOCUMENT b'1073195'
ACTION SNIPPET 10000 917 SEEN_PREVIOUSLY b'1124706'
ACTION SNIPPET 10000 920 SNIPPET_NOT_RELEVANT b'1237486'
ACTION SNIPPET 10000 923 SNIPPET_RELEVANT b'529983'
ACTION DOC 10000 943 EXAMINING_DOCUMENT b'529983'
ACTION MARK 10000 946 CONSIDERED_RELEVANT b'529983'
ACTION SNIPPET 10000 949 SNIPPET_NOT_RELEVANT b'429546'
ACTION SNIPPET 10000 952 SNIPPET_RELEVANT b'22180'
ACTION DOC 10000 972 EXAMINING_DOCUMENT b'22180'
ACTION MARK 10000 975 CONSIDERED_RELEVANT b'22180'
ACTION SNIPPET 10000 978 SNIPPET_NOT_RELEVANT b'1365157'
ACTION QUERY 10000 988 wildlife extinction voted
ACTION SERP 10000 993 EXAMINE_SERP
ACTION SNIPPET 10000 996 SEEN_PREVIOUSLY b'257571'
ACTION SNIPPET 10000 999 SNIPPET_NOT_RELEVANT b'1237417'
ACTION SNIPPET 10000 1002 SNIPPET_NOT_RELEVANT b'30859'
ACTION SNIPPET 10000 1005 SEEN_PREVIOUSLY b'681074'
ACTION SNIPPET 10000 1008 SEEN_PREVIOUSLY b'392703'
ACTION SNIPPET 10000 1011 SEEN_PREVIOUSLY b'1124706'
ACTION SNIPPET 10000 1014 SNIPPET_RELEVANT b'1706096'
ACTION DOC 10000 1034 EXAMINING_DOCUMENT b'1706096'
ACTION SNIPPET 10000 1037 SEEN_PREVIOUSLY b'291608'
ACTION SNIPPET 10000 1040 SNIPPET_RELEVANT b'793138'
ACTION DOC 10000 1060 EXAMINING_DOCUMENT b'793138'
ACTION SNIPPET 10000 1063 SNIPPET_NOT_RELEVANT b'793405'
ACTION QUERY 10000 1073 wildlife extinction idea
ACTION SERP 10000 1078 EXAMINE_SERP
ACTION SNIPPET 10000 1081 SNIPPET_NOT_RELEVANT b'88690'
ACTION SNIPPET 10000 1084 SNIPPET_NOT_RELEVANT b'201759'
ACTION SNIPPET 10000 1087 SEEN_PREVIOUSLY b'257571'
ACTION SNIPPET 10000 1090 SEEN_PREVIOUSLY b'681074'
ACTION SNIPPET 10000 1093 SEEN_PREVIOUSLY b'392703'
ACTION SNIPPET 10000 1096 SNIPPET_NOT_RELEVANT b'54389'
ACTION SNIPPET 10000 1099 SNIPPET_RELEVANT b'13522'
ACTION DOC 10000 1119 EXAMINING_DOCUMENT b'13522'
ACTION SNIPPET 10000 1122 SEEN_PREVIOUSLY b'1124706'
ACTION SNIPPET 10000 1125 SEEN_PREVIOUSLY b'291608'
ACTION SNIPPET 10000 1128 SNIPPET_RELEVANT b'399409'
ACTION DOC 10000 1148 EXAMINING_DOCUMENT b'399409'
ACTION QUERY 10000 1158 wildlife extinction family
ACTION SERP 10000 1163 EXAMINE_SERP
ACTION SNIPPET 10000 1166 SEEN_PREVIOUSLY b'681074'
ACTION SNIPPET 10000 1169 SEEN_PREVIOUSLY b'392703'
ACTION SNIPPET 10000 1172 SNIPPET_RELEVANT b'513027'
ACTION DOC 10000 1192 EXAMINING_DOCUMENT b'513027'
ACTION MARK 10000 1195 CONSIDERED_RELEVANT b'513027'
ACTION SNIPPET 10000 1198 SEEN_PREVIOUSLY b'1124706'
ACTION SNIPPET 10000 1201 SEEN_PREVIOUSLY b'291608'
ACTION SNIPPET 10000 1204 SEEN_PREVIOUSLY b'399409'
ACTION SNIPPET 10000 1207 SEEN_PREVIOUSLY b'1566885'
ACTION SNIPPET 10000 1210 SEEN_PREVIOUSLY b'296393'
ACTION SNIPPET 10000 1213 SEEN_PREVIOUSLY b'976278'
ACTION SNIPPET 10000 1216 SEEN_PREVIOUSLY b'225523'
ACTION QUERY 10000 1226 wildlife extinction global
ACTION SERP 10000 1231 EXAMINE_SERP
ACTION SNIPPET 10000 1234 SNIPPET_RELEVANT b'1226817'
ACTION DOC 10000 1254 EXAMINING_DOCUMENT b'1226817'
ACTION SNIPPET 10000 1257 SNIPPET_NOT_RELEVANT b'404722'
ACTION SNIPPET 10000 1260 SNIPPET_RELEVANT b'424632'
ACTION DOC 10000 1280 EXAMINING_DOCUMENT b'424632'
ACTION MARK 10000 1283 CONSIDERED_RELEVANT b'424632'
ACTION SNIPPET 10000 1286 SEEN_PREVIOUSLY b'529983'
ACTION SNIPPET 10000 1289 SEEN_PREVIOUSLY b'679949'
ACTION SNIPPET 10000 1292 SEEN_PREVIOUSLY b'681074'
ACTION SNIPPET 10000 1295 SNIPPET_NOT_RELEVANT b'1146145'
ACTION SNIPPET 10000 1298 SEEN_PREVIOUSLY b'392703'
ACTION SNIPPET 10000 1301 SNIPPET_NOT_RELEVANT b'881973'
ACTION SNIPPET 10000 1304 SNIPPET_NOT_RELEVANT b'342039'
ACTION QUERY 10000 1314 wildlife extinction years
ACTION SERP 10000 1319 EXAMINE_SERP
ACTION SNIPPET 10000 1322 SEEN_PREVIOUSLY b'681074'
ACTION SNIPPET 10000 1325 SEEN_PREVIOUSLY b'392703'
ACTION SNIPPET 10000 1328 SEEN_PREVIOUSLY b'1124706'
ACTION SNIPPET 10000 1331 SEEN_PREVIOUSLY b'399409'
ACTION SNIPPET 10000 1334 SEEN_PREVIOUSLY b'296393'
ACTION SNIPPET 10000 1337 SEEN_PREVIOUSLY b'225523'
ACTION SNIPPET 10000 1340 SNIPPET_NOT_RELEVANT b'54033'
ACTION SNIPPET 10000 1343 SEEN_PREVIOUSLY b'291608'
ACTION SNIPPET 10000 1346 SEEN_PREVIOUSLY b'1566885'
ACTION SNIPPET 10000 1349 SEEN_PREVIOUSLY b'611274'
ACTION QUERY 10000 1359 wildlife extinction cranes
ACTION SERP 10000 1364 EXAMINE_SERP
ACTION SNIPPET 10000 1367 SNIPPET_NOT_RELEVANT b'420507'
ACTION SNIPPET 10000 1370 SNIPPET_NOT_RELEVANT b'306781'
ACTION SNIPPET 10000 1373 SNIPPET_RELEVANT b'1650788'
ACTION DOC 10000 1393 EXAMINING_DOCUMENT b'1650788'
ACTION SNIPPET 10000 1396 SNIPPET_NOT_RELEVANT b'326266'
ACTION SNIPPET 10000 1399 SNIPPET_RELEVANT b'54033'
ACTION DOC 10000 1419 EXAMINING_DOCUMENT b'54033'
ACTION SNIPPET 10000 1422 SNIPPET_RELEVANT b'677358'
ACTION DOC 10000 1442 EXAMINING_DOCUMENT b'677358'
ACTION SNIPPET 10000 1445 SNIPPET_RELEVANT b'1564924'
ACTION DOC 10000 1465 EXAMINING_DOCUMENT b'1564924'
ACTION SNIPPET 10000 1468 SNIPPET_RELEVANT b'78713'
ACTION DOC 10000 1488 EXAMINING_DOCUMENT b'78713'
ACTION SNIPPET 10000 1491 SNIPPET_RELEVANT b'82232'
ACTION DOC 10000 1511 EXAMINING_DOCUMENT b'82232'
ACTION SNIPPET 10000 1514 SNIPPET_NOT_RELEVANT b'1348233'
ACTION QUERY 10000 1524 wildlife extinction sanctuarys
ACTION SERP 10000 1529 EXAMINE_SERP
ACTION SNIPPET 10000 1532 SEEN_PREVIOUSLY b'296393'
ACTION SNIPPET 10000 1535 SNIPPET_RELEVANT b'1670595'
ACTION DOC 10000 1555 EXAMINING_DOCUMENT b'1670595'
ACTION SNIPPET 10000 1558 SEEN_PREVIOUSLY b'1073195'
ACTION SNIPPET 10000 1561 SNIPPET_NOT_RELEVANT b'202360'
ACTION SNIPPET 10000 1564 SEEN_PREVIOUSLY b'541157'
ACTION SNIPPET 10000 1567 SNIPPET_RELEVANT b'813024'
ACTION DOC 10000 1587 EXAMINING_DOCUMENT b'813024'
ACTION SNIPPET 10000 1590 SNIPPET_RELEVANT b'660059'
ACTION DOC 10000 1610 EXAMINING_DOCUMENT b'660059'
ACTION MARK 10000 1613 CONSIDERED_RELEVANT b'660059'
ACTION SNIPPET 10000 1616 SNIPPET_NOT_RELEVANT b'904995'
ACTION SNIPPET 10000 1619 SNIPPET_RELEVANT b'877089'
ACTION DOC 10000 1639 EXAMINING_DOCUMENT b'877089'
ACTION SNIPPET 10000 1642 SNIPPET_NOT_RELEVANT b'443849'
ACTION QUERY 10000 1652 wildlife extinction whos
ACTION SERP 10000 1657 EXAMINE_SERP
ACTION SNIPPET 10000 1660 SEEN_PREVIOUSLY b'392703'
ACTION SNIPPET 10000 1663 SEEN_PREVIOUSLY b'681074'
ACTION SNIPPET 10000 1666 SEEN_PREVIOUSLY b'1124706'
ACTION SNIPPET 10000 1669 SEEN_PREVIOUSLY b'291608'
ACTION SNIPPET 10000 1672 SEEN_PREVIOUSLY b'399409'
ACTION SNIPPET 10000 1675 SEEN_PREVIOUSLY b'1566885'
ACTION SNIPPET 10000 1678 SEEN_PREVIOUSLY b'225523'
ACTION SNIPPET 10000 1681 SEEN_PREVIOUSLY b'611274'
ACTION SNIPPET 10000 1684 SNIPPET_RELEVANT b'201759'
ACTION DOC 10000 1704 EXAMINING_DOCUMENT b'201759'
ACTION SNIPPET 10000 1707 SEEN_PREVIOUSLY b'54033'
ACTION QUERY 10000 1717 wildlife extinction color
ACTION SERP 10000 1722 EXAMINE_SERP
ACTION SNIPPET 10000 1725 SEEN_PREVIOUSLY b'611274'
ACTION SNIPPET 10000 1728 SEEN_PREVIOUSLY b'424632'
ACTION SNIPPET 10000 1731 SNIPPET_RELEVANT b'815512'
ACTION DOC 10000 1751 EXAMINING_DOCUMENT b'815512'
ACTION SNIPPET 10000 1754 SEEN_PREVIOUSLY b'681074'
ACTION SNIPPET 10000 1757 SNIPPET_NOT_RELEVANT b'1035052'
ACTION SNIPPET 10000 1760 SEEN_PREVIOUSLY b'392703'
ACTION SNIPPET 10000 1763 SEEN_PREVIOUSLY b'513027'
ACTION SNIPPET 10000 1766 SEEN_PREVIOUSLY b'1124706'
ACTION SNIPPET 10000 1769 SEEN_PREVIOUSLY b'291608'
ACTION SNIPPET 10000 1772 SEEN_PREVIOUSLY b'399409'
ACTION QUERY 10000 1782 wildlife extinction laurel
ACTION SERP 10000 1787 EXAMINE_SERP
ACTION SNIPPET 10000 1790 SNIPPET_RELEVANT b'306781'
ACTION DOC 10000 1810 EXAMINING_DOCUMENT b'306781'
ACTION SNIPPET 10000 1813 SEEN_PREVIOUSLY b'681074'
ACTION SNIPPET 10000 1816 SEEN_PREVIOUSLY b'392703'
ACTION SNIPPET 10000 1819 SEEN_PREVIOUSLY b'78713'
ACTION SNIPPET 10000 1822 SEEN_PREVIOUSLY b'82232'
ACTION SNIPPET 10000 1825 SEEN_PREVIOUSLY b'1124706'
ACTION SNIPPET 10000 1828 SNIPPET_RELEVANT b'326266'
ACTION DOC 10000 1848 EXAMINING_DOCUMENT b'326266'
ACTION SNIPPET 10000 1851 SEEN_PREVIOUSLY b'291608'
ACTION SNIPPET 10000 1854 SEEN_PREVIOUSLY b'399409'
ACTION SNIPPET 10000 1857 SEEN_PREVIOUSLY b'1566885'
ACTION QUERY 10000 1867 wildlife extinction lion
ACTION SERP 10000 1872 EXAMINE_SERP
ACTION SNIPPET 10000 1875 SNIPPET_NOT_RELEVANT b'1050121'
ACTION SNIPPET 10000 1878 SEEN_PREVIOUSLY b'976278'
ACTION SNIPPET 10000 1881 SNIPPET_NOT_RELEVANT b'778725'
ACTION SNIPPET 10000 1884 SNIPPET_NOT_RELEVANT b'778830'
ACTION SNIPPET 10000 1887 SNIPPET_NOT_RELEVANT b'1723893'
ACTION SNIPPET 10000 1890 SEEN_PREVIOUSLY b'660059'
ACTION SNIPPET 10000 1893 SNIPPET_RELEVANT b'446713'
ACTION DOC 10000 1913 EXAMINING_DOCUMENT b'446713'
ACTION SNIPPET 10000 1916 SNIPPET_NOT_RELEVANT b'1333582'
ACTION SNIPPET 10000 1919 SNIPPET_RELEVANT b'605292'
ACTION DOC 10000 1939 EXAMINING_DOCUMENT b'605292'
ACTION SNIPPET 10000 1942 SNIPPET_RELEVANT b'326272'
ACTION DOC 10000 1962 EXAMINING_DOCUMENT b'326272'
ACTION QUERY 10000 1972 wildlife extinction primates
ACTION SERP 10000 1977 EXAMINE_SERP
ACTION SNIPPET 10000 1980 SNIPPET_RELEVANT b'1229959'
ACTION DOC 10000 2000 EXAMINING_DOCUMENT b'1229959'
ACTION SNIPPET 10000 2003 SNIPPET_RELEVANT b'49453'
ACTION DOC 10000 2023 EXAMINING_DOCUMENT b'49453'
ACTION MARK 10000 2026 CONSIDERED_RELEVANT b'49453'
ACTION SNIPPET 10000 2029 SNIPPET_RELEVANT b'881973'
ACTION DOC 10000 2049 EXAMINING_DOCUMENT b'881973'
ACTION MARK 10000 2052 CONSIDERED_RELEVANT b'881973'
ACTION SNIPPET 10000 2055 SNIPPET_NOT_RELEVANT b'1478891'
ACTION SNIPPET 10000 2058 SNIPPET_NOT_RELEVANT b'778725'
ACTION SNIPPET 10000 2061 SNIPPET_NOT_RELEVANT b'778830'
ACTION SNIPPET 10000 2064 SNIPPET_RELEVANT b'1767043'
ACTION DOC 10000 2084 EXAMINING_DOCUMENT b'1767043'
ACTION SNIPPET 10000 2087 SNIPPET_NOT_RELEVANT b'380079'
ACTION SNIPPET 10000 2090 SNIPPET_RELEVANT b'457729'
ACTION DOC 10000 2110 EXAMINING_DOCUMENT b'457729'
ACTION SNIPPET 10000 2113 SNIPPET_RELEVANT b'270746'
ACTION DOC 10000 2133 EXAMINING_DOCUMENT b'270746'
ACTION QUERY 10000 2143 wildlife extinction prints
ACTION SERP 10000 2148 EXAMINE_SERP
ACTION SNIPPET 10000 2151 SEEN_PREVIOUSLY b'291608'
ACTION SNIPPET 10000 2154 SNIPPET_NOT_RELEVANT b'88690'
ACTION SNIPPET 10000 2157 SEEN_PREVIOUSLY b'681074'
ACTION SNIPPET 10000 2160 SEEN_PREVIOUSLY b'392703'
ACTION SNIPPET 10000 2163 SEEN_PREVIOUSLY b'1124706'
ACTION SNIPPET 10000 2166 SNIPPET_NOT_RELEVANT b'1691820'
ACTION SNIPPET 10000 2169 SEEN_PREVIOUSLY b'399409'
ACTION SNIPPET 10000 2172 SEEN_PREVIOUSLY b'1566885'
ACTION SNIPPET 10000 2175 SEEN_PREVIOUSLY b'296393'
ACTION SNIPPET 10000 2178 SEEN_PREVIOUSLY b'976278'
ACTION QUERY 10000 2188 wildlife extinction weapon
ACTION SERP 10000 2193 EXAMINE_SERP
ACTION SNIPPET 10000 2196 SEEN_PREVIOUSLY b'681074'
ACTION SNIPPET 10000 2199 SEEN_PREVIOUSLY b'392703'
ACTION SNIPPET 10000 2202 SNIPPET_NOT_RELEVANT b'254735'
ACTION SNIPPET 10000 2205 SEEN_PREVIOUSLY b'1124706'
ACTION SNIPPET 10000 2208 SEEN_PREVIOUSLY b'291608'
ACTION SNIPPET 10000 2211 SEEN_PREVIOUSLY b'399409'
ACTION SNIPPET 10000 2214 SEEN_PREVIOUSLY b'1566885'
ACTION SNIPPET 10000 2217 SEEN_PREVIOUSLY b'296393'
ACTION SNIPPET 10000 2220 SEEN_PREVIOUSLY b'976278'
ACTION SNIPPET 10000 2223 SEEN_PREVIOUSLY b'225523'
ACTION QUERY 10000 2233 wildlife extinction morgan
ACTION SERP 10000 2238 EXAMINE_SERP
ACTION SNIPPET 10000 2241 SEEN_PREVIOUSLY b'1226817'
ACTION SNIPPET 10000 2244 SEEN_PREVIOUSLY b'681074'
ACTION SNIPPET 10000 2247 SEEN_PREVIOUSLY b'392703'
ACTION SNIPPET 10000 2250 SEEN_PREVIOUSLY b'1124706'
ACTION SNIPPET 10000 2253 SEEN_PREVIOUSLY b'291608'
ACTION SNIPPET 10000 2256 SEEN_PREVIOUSLY b'399409'
ACTION SNIPPET 10000 2259 SEEN_PREVIOUSLY b'1566885'
ACTION SNIPPET 10000 2262 SEEN_PREVIOUSLY b'296393'
ACTION SNIPPET 10000 2265 SEEN_PREVIOUSLY b'976278'
ACTION SNIPPET 10000 2268 SEEN_PREVIOUSLY b'225523'
ACTION QUERY 10000 2278 wildlife extinction moved
ACTION SERP 10000 2283 EXAMINE_SERP
ACTION SNIPPET 10000 2286 SEEN_PREVIOUSLY b'296393'
ACTION SNIPPET 10000 2289 SEEN_PREVIOUSLY b'225523'
ACTION SNIPPET 10000 2292 SEEN_PREVIOUSLY b'681074'
ACTION SNIPPET 10000 2295 SEEN_PREVIOUSLY b'96243'
ACTION SNIPPET 10000 2298 SEEN_PREVIOUSLY b'392703'
ACTION SNIPPET 10000 2301 SNIPPET_NOT_RELEVANT b'372898'
ACTION SNIPPET 10000 2304 SEEN_PREVIOUSLY b'201759'
ACTION SNIPPET 10000 2307 SEEN_PREVIOUSLY b'424632'
ACTION SNIPPET 10000 2310 SEEN_PREVIOUSLY b'1124706'
ACTION SNIPPET 10000 2313 SNIPPET_NOT_RELEVANT b'1237417'
ACTION QUERY 10000 2323 wildlife extinction man
ACTION SERP 10000 2328 EXAMINE_SERP
ACTION SNIPPET 10000 2331 SEEN_PREVIOUSLY b'1124706'
ACTION SNIPPET 10000 2334 SEEN_PREVIOUSLY b'681074'
ACTION SNIPPET 10000 2337 SEEN_PREVIOUSLY b'392703'
ACTION SNIPPET 10000 2340 SEEN_PREVIOUSLY b'424632'
ACTION SNIPPET 10000 2343 SEEN_PREVIOUSLY b'291608'
ACTION SNIPPET 10000 2346 SEEN_PREVIOUSLY b'399409'
ACTION SNIPPET 10000 2349 SEEN_PREVIOUSLY b'1566885'
ACTION SNIPPET 10000 2352 SEEN_PREVIOUSLY b'296393'
ACTION SNIPPET 10000 2355 SEEN_PREVIOUSLY b'976278'
ACTION SNIPPET 10000 2358 SEEN_PREVIOUSLY b'225523'
ACTION QUERY 10000 2368 wildlife extinction regulates
ACTION SERP 10000 2373 EXAMINE_SERP
ACTION SNIPPET 10000 2376 SNIPPET_NOT_RELEVANT b'772137'
ACTION SNIPPET 10000 2379 SNIPPET_RELEVANT b'286360'
ACTION DOC 10000 2399 EXAMINING_DOCUMENT b'286360'
ACTION SNIPPET 10000 2402 SNIPPET_RELEVANT b'1618927'
ACTION DOC 10000 2422 EXAMINING_DOCUMENT b'1618927'
ACTION MARK 10000 2425 CONSIDERED_RELEVANT b'1618927'
ACTION SNIPPET 10000 2428 SEEN_PREVIOUSLY b'1783097'
ACTION SNIPPET 10000 2431 SEEN_PREVIOUSLY b'681074'
ACTION SNIPPET 10000 2434 SEEN_PREVIOUSLY b'392703'
ACTION SNIPPET 10000 2437 SNIPPET_RELEVANT b'460194'
ACTION DOC 10000 2457 EXAMINING_DOCUMENT b'460194'
ACTION MARK 10000 2460 CONSIDERED_RELEVANT b'460194'
ACTION SNIPPET 10000 2463 SEEN_PREVIOUSLY b'529983'
ACTION SNIPPET 10000 2466 SNIPPET_NOT_RELEVANT b'904995'
ACTION SNIPPET 10000 2469 SEEN_PREVIOUSLY b'1124706'
ACTION QUERY 10000 2479 wildlife extinction hope
ACTION SERP 10000 2484 EXAMINE_SERP
ACTION SNIPPET 10000 2487 SEEN_PREVIOUSLY b'976278'
ACTION SNIPPET 10000 2490 SEEN_PREVIOUSLY b'201759'
ACTION SNIPPET 10000 2493 SEEN_PREVIOUSLY b'54033'
ACTION SNIPPET 10000 2496 SEEN_PREVIOUSLY b'681074'
ACTION SNIPPET 10000 2499 SEEN_PREVIOUSLY b'286360'
ACTION SNIPPET 10000 2502 SEEN_PREVIOUSLY b'392703'
ACTION SNIPPET 10000 2505 SEEN_PREVIOUSLY b'257571'
ACTION SNIPPET 10000 2508 SNIPPET_RELEVANT b'119036'
ACTION DOC 10000 2528 EXAMINING_DOCUMENT b'119036'
ACTION SNIPPET 10000 2531 SEEN_PREVIOUSLY b'1124706'
ACTION SNIPPET 10000 2534 SEEN_PREVIOUSLY b'291608'
ACTION QUERY 10000 2544 wildlife extinction de
ACTION SERP 10000 2549 EXAMINE_SERP
ACTION SNIPPET 10000 2552 SEEN_PREVIOUSLY b'392703'
ACTION SNIPPET 10000 2555 SEEN_PREVIOUSLY b'681074'
ACTION SNIPPET 10000 2558 SEEN_PREVIOUSLY b'1124706'
ACTION SNIPPET 10000 2561 SEEN_PREVIOUSLY b'291608'
ACTION SNIPPET 10000 2564 SEEN_PREVIOUSLY b'399409'
ACTION SNIPPET 10000 2567 SEEN_PREVIOUSLY b'1566885'
ACTION SNIPPET 10000 2570 SEEN_PREVIOUSLY b'296393'
ACTION SNIPPET 10000 2573 SEEN_PREVIOUSLY b'976278'
ACTION SNIPPET 10000 2576 SEEN_PREVIOUSLY b'225523'
ACTION SNIPPET 10000 2579 SEEN_PREVIOUSLY b'611274'
ACTION QUERY 10000 2589 wildlife extinction stalked
ACTION SERP 10000 2594 EXAMINE_SERP
ACTION SNIPPET 10000 2597 SNIPPET_NOT_RELEVANT b'1065730'
ACTION SNIPPET 10000 2600 SNIPPET_NOT_RELEVANT b'132655'
ACTION SNIPPET 10000 2603 SEEN_PREVIOUSLY b'681074'
ACTION SNIPPET 10000 2606 SEEN_PREVIOUSLY b'392703'
ACTION SNIPPET 10000 2609 SNIPPET_RELEVANT b'475390'
ACTION DOC 10000 2629 EXAMINING_DOCUMENT b'475390'
ACTION SNIPPET 10000 2632 SNIPPET_RELEVANT b'1064083'
ACTION DOC 10000 2652 EXAMINING_DOCUMENT b'1064083'
ACTION MARK 10000 2655 CONSIDERED_RELEVANT b'1064083'
ACTION SNIPPET 10000 2658 SEEN_PREVIOUSLY b'1124706'
ACTION SNIPPET 10000 2661 SEEN_PREVIOUSLY b'291608'
ACTION SNIPPET 10000 2664 SEEN_PREVIOUSLY b'399409'
ACTION SNIPPET 10000 2667 SEEN_PREVIOUSLY b'1566885'
ACTION QUERY 10000 2677 wildlife extinction turner
ACTION SERP 10000 2682 EXAMINE_SERP
ACTION SNIPPET 10000 2685 SEEN_PREVIOUSLY b'399409'
ACTION SNIPPET 10000 2688 SNIPPET_RELEVANT b'1065730'
ACTION DOC 10000 2708 EXAMINING_DOCUMENT b'1065730'
ACTION SNIPPET 10000 2711 SNIPPET_RELEVANT b'490708'
ACTION DOC 10000 2731 EXAMINING_DOCUMENT b'490708'
ACTION SNIPPET 10000 2734 SEEN_PREVIOUSLY b'681074'
ACTION SNIPPET 10000 2737 SEEN_PREVIOUSLY b'392703'
ACTION SNIPPET 10000 2740 SNIPPET_NOT_RELEVANT b'1254252'
ACTION SNIPPET 10000 2743 SNIPPET_NOT_RELEVANT b'430974'
ACTION SNIPPET 10000 2746 SNIPPET_RELEVANT b'476026'
ACTION DOC 10000 2766 EXAMINING_DOCUMENT b'476026'
ACTION SNIPPET 10000 2769 SEEN_PREVIOUSLY b'1124706'
ACTION SNIPPET 10000 2772 SEEN_PREVIOUSLY b'291608'
ACTION QUERY 10000 2782 wildlife extinction song
ACTION SERP 10000 2787 EXAMINE_SERP
ACTION SNIPPET 10000 2790 SEEN_PREVIOUSLY b'681074'
ACTION SNIPPET 10000 2793 SEEN_PREVIOUSLY b'392703'
ACTION SNIPPET 10000 2796 SEEN_PREVIOUSLY b'1124706'
ACTION SNIPPET 10000 2799 SEEN_PREVIOUSLY b'291608'
ACTION SNIPPET 10000 2802 SEEN_PREVIOUSLY b'399409'
ACTION SNIPPET 10000 2805 SEEN_PREVIOUSLY b'1566885'
ACTION SNIPPET 10000 2808 SEEN_PREVIOUSLY b'296393'
ACTION SNIPPET 10000 2811 SEEN_PREVIOUSLY b'976278'
ACTION SNIPPET 10000 2814 SEEN_PREVIOUSLY b'225523'
ACTION SNIPPET 10000 2817 SEEN_PREVIOUSLY b'611274'
ACTION QUERY 10000 2827 wildlife extinction authored
ACTION SERP 10000 2832 EXAMINE_SERP
ACTION SNIPPET 10000 2835 SEEN_PREVIOUSLY b'399409'
ACTION SNIPPET 10000 2838 SNIPPET_NOT_RELEVANT b'1669278'
ACTION SNIPPET 10000 2841 SEEN_PREVIOUSLY b'296393'
ACTION SNIPPET 10000 2844 SEEN_PREVIOUSLY b'1229959'
ACTION SNIPPET 10000 2847 SEEN_PREVIOUSLY b'681074'
ACTION SNIPPET 10000 2850 SEEN_PREVIOUSLY b'257571'
ACTION SNIPPET 10000 2853 SEEN_PREVIOUSLY b'392703'
ACTION SNIPPET 10000 2856 SEEN_PREVIOUSLY b'1291786'
ACTION SNIPPET 10000 2859 SNIPPET_RELEVANT b'429546'
ACTION DOC 10000 2879 EXAMINING_DOCUMENT b'429546'
ACTION SNIPPET 10000 2882 SNIPPET_NOT_RELEVANT b'721738'
ACTION QUERY 10000 2892 wildlife extinction leopard
ACTION SERP 10000 2897 EXAMINE_SERP
ACTION SNIPPET 10000 2900 SNIPPET_RELEVANT b'88690'
ACTION DOC 10000 2920 EXAMINING_DOCUMENT b'88690'
ACTION SNIPPET 10000 2923 SNIPPET_NOT_RELEVANT b'557489'
ACTION SNIPPET 10000 2926 SEEN_PREVIOUSLY b'392703'
ACTION SNIPPET 10000 2929 SNIPPET_RELEVANT b'378906'
ACTION DOC 10000 2949 EXAMINING_DOCUMENT b'378906'
ACTION MARK 10000 2952 CONSIDERED_RELEVANT b'378906'
ACTION SNIPPET 10000 2955 SNIPPET_RELEVANT b'538409'
ACTION DOC 10000 2975 EXAMINING_DOCUMENT b'538409'
ACTION SNIPPET 10000 2978 SEEN_PREVIOUSLY b'1321173'
ACTION SNIPPET 10000 2981 SEEN_PREVIOUSLY b'1064083'
ACTION SNIPPET 10000 2984 SNIPPET_RELEVANT b'1722745'
ACTION DOC 10000 3004 EXAMINING_DOCUMENT b'1722745'
ACTION MARK 10000 3007 CONSIDERED_RELEVANT b'1722745'
ACTION SNIPPET 10000 3010 SNIPPET_RELEVANT b'1681220'
ACTION DOC 10000 3030 EXAMINING_DOCUMENT b'1681220'
ACTION SNIPPET 10000 3033 SEEN_PREVIOUSLY b'605292'
ACTION QUERY 10000 3043 wildlife extinction mountainous
ACTION SERP 10000 3048 EXAMINE_SERP
ACTION SNIPPET 10000 3051 SEEN_PREVIOUSLY b'976278'
ACTION SNIPPET 10000 3054 SEEN_PREVIOUSLY b'513027'
ACTION SNIPPET 10000 3057 SNIPPET_RELEVANT b'1552594'
ACTION DOC 10000 3077 EXAMINING_DOCUMENT b'1552594'
ACTION MARK 10000 3080 CONSIDERED_RELEVANT b'1552594'
ACTION SNIPPET 10000 3083 SNIPPET_RELEVANT b'1050121'
ACTION DOC 10000 3103 EXAMINING_DOCUMENT b'1050121'
ACTION SNIPPET 10000 3106 SNIPPET_NOT_RELEVANT b'54389'
ACTION SNIPPET 10000 3109 SEEN_PREVIOUSLY b'1226817'
ACTION SNIPPET 10000 3112 SNIPPET_RELEVANT b'434337'
ACTION DOC 10000 3132 EXAMINING_DOCUMENT b'434337'
ACTION SNIPPET 10000 3135 SNIPPET_RELEVANT b'402491'
ACTION DOC 10000 3155 EXAMINING_DOCUMENT b'402491'
ACTION SNIPPET 10000 3158 SNIPPET_NOT_RELEVANT b'355319'
ACTION SNIPPET 10000 3161 SNIPPET_RELEVANT b'1385774'
ACTION DOC 10000 3181 EXAMINING_DOCUMENT b'1385774'
ACTION QUERY 10000 3191 wildlife extinction little
ACTION SERP 10000 3196 EXAMINE_SERP
ACTION SNIPPET 10000 3199 SEEN_PREVIOUSLY b'681074'
ACTION SNIPPET 10000 3202 SEEN_PREVIOUSLY b'976278'
ACTION SNIPPET 10000 3205 SEEN_PREVIOUSLY b'392703'
ACTION SNIPPET 10000 3208 SEEN_PREVIOUSLY b'201759'
ACTION SNIPPET 10000 3211 SEEN_PREVIOUSLY b'221456'
ACTION SNIPPET 10000 3214 SEEN_PREVIOUSLY b'815512'
ACTION SNIPPET 10000 3217 SEEN_PREVIOUSLY b'1124706'
ACTION SNIPPET 10000 3220 SEEN_PREVIOUSLY b'291608'
ACTION SNIPPET 10000 3223 SEEN_PREVIOUSLY b'399409'
ACTION SNIPPET 10000 3226 SEEN_PREVIOUSLY b'1566885'
ACTION QUERY 10000 3236 wildlife extinction contain
ACTION SERP 10000 3241 EXAMINE_SERP
ACTION SNIPPET 10000 3244 SEEN_PREVIOUSLY b'399409'
ACTION SNIPPET 10000 3247 SEEN_PREVIOUSLY b'119036'
ACTION SNIPPET 10000 3250 SEEN_PREVIOUSLY b'429546'
ACTION SNIPPET 10000 3253 SEEN_PREVIOUSLY b'681074'
ACTION SNIPPET 10000 3256 SEEN_PREVIOUSLY b'392703'
ACTION SNIPPET 10000 3259 SNIPPET_NOT_RELEVANT b'1765450'
ACTION SNIPPET 10000 3262 SEEN_PREVIOUSLY b'793138'
ACTION SNIPPET 10000 3265 SNIPPET_NOT_RELEVANT b'793405'
ACTION SNIPPET 10000 3268 SNIPPET_NOT_RELEVANT b'1237486'
ACTION SNIPPET 10000 3271 SEEN_PREVIOUSLY b'1124706'
ACTION QUERY 10000 3281 wildlife extinction proposed
ACTION SERP 10000 3286 EXAMINE_SERP
ACTION SNIPPET 10000 3289 SEEN_PREVIOUSLY b'286360'
ACTION SNIPPET 10000 3292 SNIPPET_NOT_RELEVANT b'397695'
ACTION SNIPPET 10000 3295 SEEN_PREVIOUSLY b'257571'
ACTION SNIPPET 10000 3298 SNIPPET_NOT_RELEVANT b'1286100'
ACTION SNIPPET 10000 3301 SNIPPET_NOT_RELEVANT b'1195516'
ACTION SNIPPET 10000 3304 SEEN_PREVIOUSLY b'681074'
ACTION SNIPPET 10000 3307 SNIPPET_RELEVANT b'904995'
ACTION DOC 10000 3327 EXAMINING_DOCUMENT b'904995'
ACTION MARK 10000 3330 CONSIDERED_RELEVANT b'904995'
ACTION SNIPPET 10000 3333 SEEN_PREVIOUSLY b'392703'
ACTION SNIPPET 10000 3336 SEEN_PREVIOUSLY b'1321173'
ACTION SNIPPET 10000 3339 SEEN_PREVIOUSLY b'793138'
ACTION QUERY 10000 3349 wildlife extinction nailings
ACTION SERP 10000 3354 EXAMINE_SERP
ACTION SNIPPET 10000 3357 SEEN_PREVIOUSLY b'446713'
ACTION SNIPPET 10000 3360 SEEN_PREVIOUSLY b'681074'
ACTION SNIPPET 10000 3363 SEEN_PREVIOUSLY b'392703'
ACTION SNIPPET 10000 3366 SEEN_PREVIOUSLY b'1124706'
ACTION SNIPPET 10000 3369 SEEN_PREVIOUSLY b'291608'
ACTION SNIPPET 10000 3372 SEEN_PREVIOUSLY b'399409'
ACTION SNIPPET 10000 3375 SEEN_PREVIOUSLY b'1566885'
ACTION SNIPPET 10000 3378 SEEN_PREVIOUSLY b'296393'
ACTION SNIPPET 10000 3381 SEEN_PREVIOUSLY b'976278'
ACTION SNIPPET 10000 3384 SEEN_PREVIOUSLY b'225523'
ACTION QUERY 10000 3394 wildlife extinction proposing
ACTION SERP 10000 3399 EXAMINE_SERP
ACTION SNIPPET 10000 3402 SEEN_PREVIOUSLY b'286360'
ACTION SNIPPET 10000 3405 SNIPPET_RELEVANT b'397695'
ACTION DOC 10000 3425 EXAMINING_DOCUMENT b'397695'
ACTION SNIPPET 10000 3428 SEEN_PREVIOUSLY b'257571'
ACTION SNIPPET 10000 3431 SNIPPET_NOT_RELEVANT b'1286100'
ACTION SNIPPET 10000 3434 SNIPPET_NOT_RELEVANT b'1195516'
ACTION SNIPPET 10000 3437 SEEN_PREVIOUSLY b'681074'
ACTION SNIPPET 10000 3440 SEEN_PREVIOUSLY b'904995'
ACTION SNIPPET 10000 3443 SEEN_PREVIOUSLY b'392703'
ACTION SNIPPET 10000 3446 SEEN_PREVIOUSLY b'1321173'
ACTION SNIPPET 10000 3449 SEEN_PREVIOUSLY b'793138'
ACTION QUERY 10000 3459 wildlife extinction studied
ACTION SERP 10000 3464 EXAMINE_SERP
ACTION SNIPPET 10000 3467 SEEN_PREVIOUSLY b'296393'
ACTION SNIPPET 10000 3470 SEEN_PREVIOUSLY b'611274'
ACTION SNIPPET 10000 3473 SEEN_PREVIOUSLY b'221456'
ACTION SNIPPET 10000 3476 SEEN_PREVIOUSLY b'225523'
ACTION SNIPPET 10000 3479 SEEN_PREVIOUSLY b'1291786'
ACTION SNIPPET 10000 3482 SEEN_PREVIOUSLY b'681074'
ACTION SNIPPET 10000 3485 SNIPPET_RELEVANT b'202360'
ACTION DOC 10000 3505 EXAMINING_DOCUMENT b'202360'
ACTION SNIPPET 10000 3508 SEEN_PREVIOUSLY b'392703'
ACTION SNIPPET 10000 3511 SNIPPET_RELEVANT b'135270'
ACTION DOC 10000 3531 EXAMINING_DOCUMENT b'135270'
ACTION SNIPPET 10000 3534 SEEN_PREVIOUSLY b'1229959'
ACTION QUERY 10000 3544 wildlife extinction kill
ACTION SERP 10000 3549 EXAMINE_SERP
ACTION SNIPPET 10000 3552 SEEN_PREVIOUSLY b'257571'
ACTION SNIPPET 10000 3555 SNIPPET_RELEVANT b'1474844'
ACTION DOC 10000 3575 EXAMINING_DOCUMENT b'1474844'
ACTION SNIPPET 10000 3578 SEEN_PREVIOUSLY b'1065730'
ACTION SNIPPET 10000 3581 SNIPPET_RELEVANT b'30859'
ACTION DOC 10000 3601 EXAMINING_DOCUMENT b'30859'
ACTION SNIPPET 10000 3604 SEEN_PREVIOUSLY b'904995'
ACTION SNIPPET 10000 3607 SNIPPET_RELEVANT b'404722'
ACTION DOC 10000 3627 EXAMINING_DOCUMENT b'404722'
ACTION MARK 10000 3630 CONSIDERED_RELEVANT b'404722'
ACTION SNIPPET 10000 3633 SEEN_PREVIOUSLY b'286360'
ACTION SNIPPET 10000 3636 SNIPPET_RELEVANT b'372898'
ACTION DOC 10000 3656 EXAMINING_DOCUMENT b'372898'
ACTION MARK 10000 3659 CONSIDERED_RELEVANT b'372898'
ACTION SNIPPET 10000 3662 SNIPPET_RELEVANT b'154117'
ACTION DOC 10000 3682 EXAMINING_DOCUMENT b'154117'
ACTION SNIPPET 10000 3685 SEEN_PREVIOUSLY b'513027'
ACTION QUERY 10000 3695 wildlife extinction side
ACTION SERP 10000 3700 EXAMINE_SERP
ACTION SNIPPET 10000 3703 SEEN_PREVIOUSLY b'681074'
ACTION SNIPPET 10000 3706 SEEN_PREVIOUSLY b'392703'
ACTION SNIPPET 10000 3709 SEEN_PREVIOUSLY b'1124706'
ACTION SNIPPET 10000 3712 SEEN_PREVIOUSLY b'291608'
ACTION SNIPPET 10000 3715 SEEN_PREVIOUSLY b'399409'
ACTION SNIPPET 10000 3718 SEEN_PREVIOUSLY b'1566885'
ACTION SNIPPET 10000 3721 SEEN_PREVIOUSLY b'296393'
ACTION SNIPPET 10000 3724 SEEN_PREVIOUSLY b'976278'
ACTION SNIPPET 10000 3727 SEEN_PREVIOUSLY b'225523'
ACTION SNIPPET 10000 3730 SEEN_PREVIOUSLY b'611274'
ACTION QUERY 10000 3740 wildlife extinction invasive
ACTION SERP 10000 3745 EXAMINE_SERP
ACTION SNIPPET 10000 3748 SNIPPET_RELEVANT b'1141699'
ACTION DOC 10000 3768 EXAMINING_DOCUMENT b'1141699'
ACTION SNIPPET 10000 3771 SEEN_PREVIOUSLY b'815512'
ACTION SNIPPET 10000 3774 SNIPPET_NOT_RELEVANT b'730470'
ACTION SNIPPET 10000 3777 SNIPPET_NOT_RELEVANT b'1048384'
ACTION SNIPPET 10000 3780 SNIPPET_RELEVANT b'1156774'
ACTION DOC 10000 3800 EXAMINING_DOCUMENT b'1156774'
ACTION SNIPPET 10000 3803 SNIPPET_NOT_RELEVANT b'1156775'
ACTION SNIPPET 10000 3806 SNIPPET_RELEVANT b'1156773'
ACTION DOC 10000 3826 EXAMINING_DOCUMENT b'1156773'
ACTION SNIPPET 10000 3829 SEEN_PREVIOUSLY b'681074'
ACTION SNIPPET 10000 3832 SNIPPET_NOT_RELEVANT b'913794'
ACTION SNIPPET 10000 3835 SEEN_PREVIOUSLY b'392703'
ACTION QUERY 10000 3845 wildlife extinction brink
ACTION SERP 10000 3850 EXAMINE_SERP
ACTION SNIPPET 10000 3853 SEEN_PREVIOUSLY b'1566885'
ACTION SNIPPET 10000 3856 SEEN_PREVIOUSLY b'154117'
ACTION SNIPPET 10000 3859 SNIPPET_RELEVANT b'420507'
ACTION DOC 10000 3879 EXAMINING_DOCUMENT b'420507'
ACTION SNIPPET 10000 3882 SEEN_PREVIOUSLY b'306781'
ACTION SNIPPET 10000 3885 SNIPPET_NOT_RELEVANT b'1286100'
ACTION SNIPPET 10000 3888 SEEN_PREVIOUSLY b'296393'
ACTION SNIPPET 10000 3891 SEEN_PREVIOUSLY b'1124706'
ACTION SNIPPET 10000 3894 SEEN_PREVIOUSLY b'54033'
ACTION SNIPPET 10000 3897 SEEN_PREVIOUSLY b'201759'
ACTION SNIPPET 10000 3900 SEEN_PREVIOUSLY b'372898'
ACTION QUERY 10000 3910 wildlife extinction bbqs
ACTION SERP 10000 3915 EXAMINE_SERP
ACTION SNIPPET 10000 3918 SEEN_PREVIOUSLY b'681074'
ACTION SNIPPET 10000 3921 SEEN_PREVIOUSLY b'392703'
ACTION SNIPPET 10000 3924 SEEN_PREVIOUSLY b'1124706'
ACTION SNIPPET 10000 3927 SEEN_PREVIOUSLY b'291608'
ACTION SNIPPET 10000 3930 SEEN_PREVIOUSLY b'399409'
ACTION SNIPPET 10000 3933 SEEN_PREVIOUSLY b'1566885'
ACTION SNIPPET 10000 3936 SEEN_PREVIOUSLY b'296393'
ACTION SNIPPET 10000 3939 SEEN_PREVIOUSLY b'976278'
ACTION SNIPPET 10000 3942 SEEN_PREVIOUSLY b'225523'
ACTION SNIPPET 10000 3945 SEEN_PREVIOUSLY b'611274'
ACTION QUERY 10000 3955 wildlife extinction leading
ACTION SERP 10000 3960 EXAMINE_SERP
ACTION SNIPPET 10000 3963 SEEN_PREVIOUSLY b'392703'
ACTION SNIPPET 10000 3966 SEEN_PREVIOUSLY b'681074'
ACTION SNIPPET 10000 3969 SEEN_PREVIOUSLY b'291608'
ACTION SNIPPET 10000 3972 SEEN_PREVIOUSLY b'296393'
ACTION SNIPPET 10000 3975 SNIPPET_NOT_RELEVANT b'18289'
ACTION SNIPPET 10000 3978 SEEN_PREVIOUSLY b'225523'
ACTION SNIPPET 10000 3981 SEEN_PREVIOUSLY b'54033'
ACTION SNIPPET 10000 3984 SEEN_PREVIOUSLY b'96243'
ACTION SNIPPET 10000 3987 SEEN_PREVIOUSLY b'201759'
ACTION SNIPPET 10000 3990 SEEN_PREVIOUSLY b'1124706'
ACTION QUERY 10000 4000 wildlife extinction destruction
ACTION SERP 10000 4005 EXAMINE_SERP
ACTION SNIPPET 10000 4008 SEEN_PREVIOUSLY b'404722'
ACTION SNIPPET 10000 4011 SNIPPET_NOT_RELEVANT b'1286100'
ACTION SNIPPET 10000 4014 SEEN_PREVIOUSLY b'30859'
ACTION SNIPPET 10000 4017 SEEN_PREVIOUSLY b'96243'
ACTION SNIPPET 10000 4020 SNIPPET_RELEVANT b'371139'
ACTION DOC 10000 4040 EXAMINING_DOCUMENT b'371139'
ACTION SNIPPET 10000 4043 SNIPPET_RELEVANT b'492410'
ACTION DOC 10000 4063 EXAMINING_DOCUMENT b'492410'
ACTION SNIPPET 10000 4066 SEEN_PREVIOUSLY b'201759'
ACTION SNIPPET 10000 4069 SNIPPET_NOT_RELEVANT b'772137'
ACTION SNIPPET 10000 4072 SNIPPET_NOT_RELEVANT b'332348'
ACTION SNIPPET 10000 4075 SNIPPET_NOT_RELEVANT b'1035052'
ACTION QUERY 10000 4085 wildlife extinction uganda
ACTION SERP 10000 4090 EXAMINE_SERP
ACTION SNIPPET 10000 4093 SEEN_PREVIOUSLY b'1552594'
ACTION SNIPPET 10000 4096 SNIPPET_NOT_RELEVANT b'1259698'
ACTION SNIPPET 10000 4099 SNIPPET_NOT_RELEVANT b'280570'
ACTION SNIPPET 10000 4102 SNIPPET_NOT_RELEVANT b'1096688'
ACTION SNIPPET 10000 4105 SEEN_PREVIOUSLY b'681074'
ACTION SNIPPET 10000 4108 SEEN_PREVIOUSLY b'392703'
ACTION SNIPPET 10000 4111 SNIPPET_NOT_RELEVANT b'1471255'
ACTION SNIPPET 10000 4114 SNIPPET_NOT_RELEVANT b'419490'
ACTION SNIPPET 10000 4117 SNIPPET_RELEVANT b'1605590'
ACTION DOC 10000 4137 EXAMINING_DOCUMENT b'1605590'
ACTION SNIPPET 10000 4140 SNIPPET_NOT_RELEVANT b'819562'
ACTION QUERY 10000 4150 wildlife extinction foreigners
ACTION SERP 10000 4155 EXAMINE_SERP
ACTION SNIPPET 10000 4158 SEEN_PREVIOUSLY b'397695'
ACTION SNIPPET 10000 4161 SEEN_PREVIOUSLY b'681074'
ACTION SNIPPET 10000 4164 SEEN_PREVIOUSLY b'119036'
ACTION SNIPPET 10000 4167 SEEN_PREVIOUSLY b'392703'
ACTION SNIPPET 10000 4170 SEEN_PREVIOUSLY b'679949'
ACTION SNIPPET 10000 4173 SEEN_PREVIOUSLY b'1124706'
ACTION SNIPPET 10000 4176 SEEN_PREVIOUSLY b'291608'
ACTION SNIPPET 10000 4179 SEEN_PREVIOUSLY b'399409'
ACTION SNIPPET 10000 4182 SEEN_PREVIOUSLY b'1566885'
ACTION SNIPPET 10000 4185 SEEN_PREVIOUSLY b'296393'
ACTION QUERY 10000 4195 wildlife extinction trying
ACTION SERP 10000 4200 EXAMINE_SERP
ACTION SNIPPET 10000 4203 SNIPPET_RELEVANT b'18289'
ACTION DOC 10000 4223 EXAMINING_DOCUMENT b'18289'
ACTION MARK 10000 4226 CONSIDERED_RELEVANT b'18289'
ACTION SNIPPET 10000 4229 SEEN_PREVIOUSLY b'1124706'
ACTION SNIPPET 10000 4232 SEEN_PREVIOUSLY b'611274'
ACTION SNIPPET 10000 4235 SEEN_PREVIOUSLY b'976278'
ACTION SNIPPET 10000 4238 SEEN_PREVIOUSLY b'681074'
ACTION SNIPPET 10000 4241 SEEN_PREVIOUSLY b'392703'
ACTION SNIPPET 10000 4244 SEEN_PREVIOUSLY b'404722'
ACTION SNIPPET 10000 4247 SNIPPET_NOT_RELEVANT b'1256461'
ACTION SNIPPET 10000 4250 SEEN_PREVIOUSLY b'221456'
ACTION SNIPPET 10000 4253 SEEN_PREVIOUSLY b'119036'
ACTION QUERY 10000 4263 wildlife extinction edible
ACTION SERP 10000 4268 EXAMINE_SERP
ACTION SNIPPET 10000 4271 SEEN_PREVIOUSLY b'681074'
ACTION SNIPPET 10000 4274 SEEN_PREVIOUSLY b'392703'
ACTION SNIPPET 10000 4277 SEEN_PREVIOUSLY b'1124706'
ACTION SNIPPET 10000 4280 SEEN_PREVIOUSLY b'291608'
ACTION SNIPPET 10000 4283 SEEN_PREVIOUSLY b'399409'
ACTION SNIPPET 10000 4286 SEEN_PREVIOUSLY b'1566885'
ACTION SNIPPET 10000 4289 SEEN_PREVIOUSLY b'296393'
ACTION SNIPPET 10000 4292 SEEN_PREVIOUSLY b'976278'
ACTION SNIPPET 10000 4295 SEEN_PREVIOUSLY b'225523'
ACTION SNIPPET 10000 4298 SEEN_PREVIOUSLY b'611274'
ACTION QUERY 10000 4308 wildlife extinction ranchers
ACTION SERP 10000 4313 EXAMINE_SERP
ACTION SNIPPET 10000 4316 SEEN_PREVIOUSLY b'1474844'
ACTION SNIPPET 10000 4319 SEEN_PREVIOUSLY b'522995'
ACTION SNIPPET 10000 4322 SEEN_PREVIOUSLY b'286360'
ACTION SNIPPET 10000 4325 SNIPPET_RELEVANT b'574870'
ACTION DOC 10000 4345 EXAMINING_DOCUMENT b'574870'
ACTION SNIPPET 10000 4348 SNIPPET_NOT_RELEVANT b'1065136'
ACTION SNIPPET 10000 4351 SNIPPET_RELEVANT b'54389'
ACTION DOC 10000 4371 EXAMINING_DOCUMENT b'54389'
ACTION SNIPPET 10000 4374 SNIPPET_NOT_RELEVANT b'491198'
ACTION SNIPPET 10000 4377 SNIPPET_RELEVANT b'87055'
ACTION DOC 10000 4397 EXAMINING_DOCUMENT b'87055'
ACTION MARK 10000 4400 CONSIDERED_RELEVANT b'87055'
ACTION SNIPPET 10000 4403 SNIPPET_NOT_RELEVANT b'1744906'
ACTION SNIPPET 10000 4406 SEEN_PREVIOUSLY b'476026'
ACTION QUERY 10000 4416 wildlife extinction headed
ACTION SERP 10000 4421 EXAMINE_SERP
ACTION SNIPPET 10000 4424 SEEN_PREVIOUSLY b'681074'
ACTION SNIPPET 10000 4427 SEEN_PREVIOUSLY b'392703'
ACTION SNIPPET 10000 4430 SNIPPET_NOT_RELEVANT b'1256461'
ACTION SNIPPET 10000 4433 SNIPPET_NOT_RELEVANT b'1286100'
ACTION SNIPPET 10000 4436 SNIPPET_NOT_RELEVANT b'721738'
ACTION SNIPPET 10000 4439 SEEN_PREVIOUSLY b'1124706'
ACTION SNIPPET 10000 4442 SEEN_PREVIOUSLY b'1783097'
ACTION SNIPPET 10000 4445 SEEN_PREVIOUSLY b'291608'
ACTION SNIPPET 10000 4448 SEEN_PREVIOUSLY b'399409'
ACTION SNIPPET 10000 4451 SEEN_PREVIOUSLY b'1566885'
ACTION QUERY 10000 4461 wildlife extinction response
ACTION SERP 10000 4466 EXAMINE_SERP
ACTION SNIPPET 10000 4469 SEEN_PREVIOUSLY b'399409'
ACTION SNIPPET 10000 4472 SEEN_PREVIOUSLY b'392703'
ACTION SNIPPET 10000 4475 SEEN_PREVIOUSLY b'404722'
ACTION SNIPPET 10000 4478 SEEN_PREVIOUSLY b'1321173'
ACTION SNIPPET 10000 4481 SEEN_PREVIOUSLY b'201759'
ACTION SNIPPET 10000 4484 SEEN_PREVIOUSLY b'681074'
ACTION SNIPPET 10000 4487 SEEN_PREVIOUSLY b'397695'
ACTION SNIPPET 10000 4490 SNIPPET_NOT_RELEVANT b'611278'
ACTION SNIPPET 10000 4493 SEEN_PREVIOUSLY b'678677'
ACTION SNIPPET 10000 4496 SEEN_PREVIOUSLY b'529983'
ACTION QUERY 10000 4506 wildlife extinction zoro
ACTION SERP 10000 4511 EXAMINE_SERP
ACTION SNIPPET 10000 4514 SEEN_PREVIOUSLY b'681074'
ACTION SNIPPET 10000 4517 SEEN_PREVIOUSLY b'392703'
ACTION SNIPPET 10000 4520 SEEN_PREVIOUSLY b'1124706'
ACTION SNIPPET 10000 4523 SEEN_PREVIOUSLY b'291608'
ACTION SNIPPET 10000 4526 SEEN_PREVIOUSLY b'399409'
ACTION SNIPPET 10000 4529 SEEN_PREVIOUSLY b'1566885'
ACTION SNIPPET 10000 4532 SEEN_PREVIOUSLY b'296393'
ACTION SNIPPET 10000 4535 SEEN_PREVIOUSLY b'976278'
ACTION SNIPPET 10000 4538 SEEN_PREVIOUSLY b'225523'
ACTION SNIPPET 10000 4541 SEEN_PREVIOUSLY b'611274'
ACTION QUERY 10000 4551 wildlife extinction lost
ACTION SERP 10000 4556 EXAMINE_SERP
ACTION SNIPPET 10000 4559 SEEN_PREVIOUSLY b'424632'
ACTION SNIPPET 10000 4562 SEEN_PREVIOUSLY b'681074'
ACTION SNIPPET 10000 4565 SEEN_PREVIOUSLY b'392703'
ACTION SNIPPET 10000 4568 SEEN_PREVIOUSLY b'1321173'
ACTION SNIPPET 10000 4571 SNIPPET_NOT_RELEVANT b'1449018'
ACTION SNIPPET 10000 4574 SEEN_PREVIOUSLY b'1124706'
ACTION SNIPPET 10000 4577 SEEN_PREVIOUSLY b'291608'
ACTION SNIPPET 10000 4580 SEEN_PREVIOUSLY b'399409'
ACTION SNIPPET 10000 4583 SEEN_PREVIOUSLY b'1566885'
ACTION SNIPPET 10000 4586 SEEN_PREVIOUSLY b'296393'
ACTION QUERY 10000 4596 wildlife extinction times
ACTION SERP 10000 4601 EXAMINE_SERP
ACTION SNIPPET 10000 4604 SEEN_PREVIOUSLY b'681074'
ACTION SNIPPET 10000 4607 SEEN_PREVIOUSLY b'392703'
ACTION SNIPPET 10000 4610 SEEN_PREVIOUSLY b'1124706'
ACTION SNIPPET 10000 4613 SEEN_PREVIOUSLY b'611274'
ACTION SNIPPET 10000 4616 SEEN_PREVIOUSLY b'291608'
ACTION SNIPPET 10000 4619 SEEN_PREVIOUSLY b'18289'
ACTION SNIPPET 10000 4622 SEEN_PREVIOUSLY b'399409'
ACTION SNIPPET 10000 4625 SEEN_PREVIOUSLY b'1566885'
ACTION SNIPPET 10000 4628 SEEN_PREVIOUSLY b'296393'
ACTION SNIPPET 10000 4631 SEEN_PREVIOUSLY b'154117'
ACTION QUERY 10000 4641 wildlife extinction characteristics
ACTION SERP 10000 4646 EXAMINE_SERP
ACTION SNIPPET 10000 4649 SNIPPET_NOT_RELEVANT b'1691820'
ACTION SNIPPET 10000 4652 SNIPPET_RELEVANT b'1369567'
ACTION DOC 10000 4672 EXAMINING_DOCUMENT b'1369567'
ACTION SNIPPET 10000 4675 SEEN_PREVIOUSLY b'681074'
ACTION SNIPPET 10000 4678 SEEN_PREVIOUSLY b'392703'
ACTION SNIPPET 10000 4681 SEEN_PREVIOUSLY b'429546'
ACTION SNIPPET 10000 4684 SNIPPET_RELEVANT b'659647'
ACTION DOC 10000 4704 EXAMINING_DOCUMENT b'659647'
ACTION SNIPPET 10000 4707 SNIPPET_NOT_RELEVANT b'1191877'
ACTION SNIPPET 10000 4710 SEEN_PREVIOUSLY b'1124706'
ACTION SNIPPET 10000 4713 SEEN_PREVIOUSLY b'291608'
ACTION SNIPPET 10000 4716 SEEN_PREVIOUSLY b'399409'
ACTION QUERY 10000 4726 wildlife extinction footed
ACTION SERP 10000 4731 EXAMINE_SERP
ACTION SNIPPET 10000 4734 SEEN_PREVIOUSLY b'18289'
ACTION SNIPPET 10000 4737 SEEN_PREVIOUSLY b'286360'
ACTION SNIPPET 10000 4740 SNIPPET_NOT_RELEVANT b'48307'
ACTION SNIPPET 10000 4743 SEEN_PREVIOUSLY b'154117'
ACTION SNIPPET 10000 4746 SNIPPET_NOT_RELEVANT b'491198'
ACTION SNIPPET 10000 4749 SEEN_PREVIOUSLY b'201759'
ACTION SNIPPET 10000 4752 SNIPPET_RELEVANT b'1562600'
ACTION DOC 10000 4772 EXAMINING_DOCUMENT b'1562600'
ACTION SNIPPET 10000 4775 SEEN_PREVIOUSLY b'119036'
ACTION SNIPPET 10000 4778 SEEN_PREVIOUSLY b'681074'
ACTION SNIPPET 10000 4781 SEEN_PREVIOUSLY b'392703'
ACTION QUERY 10000 4791 wildlife extinction medicinal
ACTION SERP 10000 4796 EXAMINE_SERP
ACTION SNIPPET 10000 4799 SEEN_PREVIOUSLY b'135270'
ACTION SNIPPET 10000 4802 SEEN_PREVIOUSLY b'679949'
ACTION SNIPPET 10000 4805 SEEN_PREVIOUSLY b'1124706'
ACTION SNIPPET 10000 4808 SNIPPET_NOT_RELEVANT b'174026'
ACTION SNIPPET 10000 4811 SEEN_PREVIOUSLY b'815512'
ACTION SNIPPET 10000 4814 SEEN_PREVIOUSLY b'1783097'
ACTION SNIPPET 10000 4817 SNIPPET_NOT_RELEVANT b'1035052'
ACTION SNIPPET 10000 4820 SNIPPET_RELEVANT b'1783812'
ACTION DOC 10000 4840 EXAMINING_DOCUMENT b'1783812'
ACTION MARK 10000 4843 CONSIDERED_RELEVANT b'1783812'
ACTION SNIPPET 10000 4846 SEEN_PREVIOUSLY b'681074'
ACTION SNIPPET 10000 4849 SNIPPET_RELEVANT b'1237486'
ACTION DOC 10000 4869 EXAMINING_DOCUMENT b'1237486'
ACTION QUERY 10000 4879 wildlife extinction walked
ACTION SERP 10000 4884 EXAMINE_SERP
ACTION SNIPPET 10000 4887 SNIPPET_NOT_RELEVANT b'1669278'
ACTION SNIPPET 10000 4890 SEEN_PREVIOUSLY b'681074'
ACTION SNIPPET 10000 4893 SEEN_PREVIOUSLY b'392703'
ACTION SNIPPET 10000 4896 SEEN_PREVIOUSLY b'1124706'
ACTION SNIPPET 10000 4899 SEEN_PREVIOUSLY b'291608'
ACTION SNIPPET 10000 4902 SEEN_PREVIOUSLY b'399409'
ACTION SNIPPET 10000 4905 SEEN_PREVIOUSLY b'1566885'
ACTION SNIPPET 10000 4908 SEEN_PREVIOUSLY b'296393'
ACTION SNIPPET 10000 4911 SEEN_PREVIOUSLY b'976278'
ACTION SNIPPET 10000 4914 SEEN_PREVIOUSLY b'225523'
ACTION QUERY 10000 4924 wildlife extinction arvinder
ACTION SERP 10000 4929 EXAMINE_SERP
ACTION SNIPPET 10000 4932 SEEN_PREVIOUSLY b'677358'
ACTION SNIPPET 10000 4935 SEEN_PREVIOUSLY b'681074'
ACTION SNIPPET 10000 4938 SEEN_PREVIOUSLY b'392703'
ACTION SNIPPET 10000 4941 SEEN_PREVIOUSLY b'1124706'
ACTION SNIPPET 10000 4944 SEEN_PREVIOUSLY b'291608'
ACTION SNIPPET 10000 4947 SEEN_PREVIOUSLY b'399409'
ACTION SNIPPET 10000 4950 SEEN_PREVIOUSLY b'1566885'
ACTION SNIPPET 10000 4953 SEEN_PREVIOUSLY b'296393'
ACTION SNIPPET 10000 4956 SEEN_PREVIOUSLY b'976278'
ACTION SNIPPET 10000 4959 SEEN_PREVIOUSLY b'225523'
ACTION QUERY 10000 4969 wildlife extinction migrate
ACTION SERP 10000 4974 EXAMINE_SERP
ACTION SNIPPET 10000 4977 SEEN_PREVIOUSLY b'420507'
ACTION SNIPPET 10000 4980 SEEN_PREVIOUSLY b'611274'
ACTION SNIPPET 10000 4983 SEEN_PREVIOUSLY b'1226817'
ACTION SNIPPET 10000 4986 SEEN_PREVIOUSLY b'1564924'
ACTION SNIPPET 10000 4989 SEEN_PREVIOUSLY b'54389'
ACTION SNIPPET 10000 4992 SNIPPET_NOT_RELEVANT b'1853904'
ACTION SNIPPET 10000 4995 SNIPPET_NOT_RELEVANT b'1820802'
ACTION SNIPPET 10000 4998 SEEN_PREVIOUSLY b'306781'
ACTION SNIPPET 10000 5001 SEEN_PREVIOUSLY b'326266'
ACTION SNIPPET 10000 5004 SEEN_PREVIOUSLY b'1650788'
ACTION QUERY 10000 5014 wildlife extinction sat
ACTION SERP 10000 5019 EXAMINE_SERP
ACTION SNIPPET 10000 5022 SEEN_PREVIOUSLY b'681074'
ACTION SNIPPET 10000 5025 SEEN_PREVIOUSLY b'392703'
ACTION SNIPPET 10000 5028 SEEN_PREVIOUSLY b'1124706'
ACTION SNIPPET 10000 5031 SEEN_PREVIOUSLY b'291608'
ACTION SNIPPET 10000 5034 SEEN_PREVIOUSLY b'399409'
ACTION SNIPPET 10000 5037 SEEN_PREVIOUSLY b'1566885'
ACTION SNIPPET 10000 5040 SEEN_PREVIOUSLY b'296393'
ACTION SNIPPET 10000 5043 SEEN_PREVIOUSLY b'976278'
ACTION SNIPPET 10000 5046 SEEN_PREVIOUSLY b'225523'
ACTION SNIPPET 10000 5049 SEEN_PREVIOUSLY b'611274'
ACTION QUERY 10000 5059 wildlife extinction major
ACTION SERP 10000 5064 EXAMINE_SERP
ACTION SNIPPET 10000 5067 SEEN_PREVIOUSLY b'96243'
ACTION SNIPPET 10000 5070 SEEN_PREVIOUSLY b'681074'
ACTION SNIPPET 10000 5073 SEEN_PREVIOUSLY b'392703'
ACTION SNIPPET 10000 5076 SEEN_PREVIOUSLY b'30859'
ACTION SNIPPET 10000 5079 SNIPPET_RELEVANT b'1235795'
ACTION DOC 10000 5099 EXAMINING_DOCUMENT b'1235795'
ACTION MARK 10000 5102 CONSIDERED_RELEVANT b'1235795'
ACTION SNIPPET 10000 5105 SEEN_PREVIOUSLY b'1124706'
ACTION SNIPPET 10000 5108 SEEN_PREVIOUSLY b'291608'
ACTION SNIPPET 10000 5111 SEEN_PREVIOUSLY b'1562600'
ACTION SNIPPET 10000 5114 SEEN_PREVIOUSLY b'399409'
ACTION SNIPPET 10000 5117 SEEN_PREVIOUSLY b'1566885'
ACTION QUERY 10000 5127 wildlife extinction best
ACTION SERP 10000 5132 EXAMINE_SERP
ACTION SNIPPET 10000 5135 SEEN_PREVIOUSLY b'611274'
ACTION SNIPPET 10000 5138 SEEN_PREVIOUSLY b'681074'
ACTION SNIPPET 10000 5141 SEEN_PREVIOUSLY b'372898'
ACTION SNIPPET 10000 5144 SEEN_PREVIOUSLY b'392703'
ACTION SNIPPET 10000 5147 SEEN_PREVIOUSLY b'201759'
ACTION SNIPPET 10000 5150 SEEN_PREVIOUSLY b'1124706'
ACTION SNIPPET 10000 5153 SEEN_PREVIOUSLY b'291608'
ACTION SNIPPET 10000 5156 SEEN_PREVIOUSLY b'399409'
ACTION SNIPPET 10000 5159 SEEN_PREVIOUSLY b'1566885'
ACTION SNIPPET 10000 5162 SEEN_PREVIOUSLY b'296393'
ACTION QUERY 10000 5172 wildlife extinction actions
ACTION SERP 10000 5177 EXAMINE_SERP
ACTION SNIPPET 10000 5180 SEEN_PREVIOUSLY b'1474844'
ACTION SNIPPET 10000 5183 SEEN_PREVIOUSLY b'1321173'
ACTION SNIPPET 10000 5186 SEEN_PREVIOUSLY b'404722'
ACTION SNIPPET 10000 5189 SEEN_PREVIOUSLY b'96243'
ACTION SNIPPET 10000 5192 SEEN_PREVIOUSLY b'30859'
ACTION SNIPPET 10000 5195 SEEN_PREVIOUSLY b'257571'
ACTION SNIPPET 10000 5198 SEEN_PREVIOUSLY b'681074'
ACTION SNIPPET 10000 5201 SEEN_PREVIOUSLY b'392703'
ACTION SNIPPET 10000 5204 SEEN_PREVIOUSLY b'679949'
ACTION SNIPPET 10000 5207 SNIPPET_NOT_RELEVANT b'52138'
ACTION QUERY 10000 5217 wildlife extinction stated
ACTION SERP 10000 5222 EXAMINE_SERP
ACTION SNIPPET 10000 5225 SEEN_PREVIOUSLY b'681074'
ACTION SNIPPET 10000 5228 SEEN_PREVIOUSLY b'399409'
ACTION SNIPPET 10000 5231 SEEN_PREVIOUSLY b'392703'
ACTION SNIPPET 10000 5234 SEEN_PREVIOUSLY b'611274'
ACTION SNIPPET 10000 5237 SEEN_PREVIOUSLY b'18289'
ACTION SNIPPET 10000 5240 SEEN_PREVIOUSLY b'201759'
ACTION SNIPPET 10000 5243 SEEN_PREVIOUSLY b'1124706'
ACTION SNIPPET 10000 5246 SNIPPET_NOT_RELEVANT b'1256461'
ACTION SNIPPET 10000 5249 SEEN_PREVIOUSLY b'257571'
ACTION SNIPPET 10000 5252 SEEN_PREVIOUSLY b'372898'
ACTION QUERY 10000 5262 wildlife extinction crops
ACTION SERP 10000 5267 EXAMINE_SERP
ACTION SNIPPET 10000 5270 SNIPPET_NOT_RELEVANT b'1056756'
ACTION SNIPPET 10000 5273 SEEN_PREVIOUSLY b'1291786'
ACTION SNIPPET 10000 5276 SNIPPET_NOT_RELEVANT b'1200339'
ACTION SNIPPET 10000 5279 SEEN_PREVIOUSLY b'904995'
ACTION SNIPPET 10000 5282 SNIPPET_NOT_RELEVANT b'1272087'
ACTION SNIPPET 10000 5285 SEEN_PREVIOUSLY b'681074'
ACTION SNIPPET 10000 5288 SNIPPET_NOT_RELEVANT b'68491'
ACTION SNIPPET 10000 5291 SEEN_PREVIOUSLY b'392703'
ACTION SNIPPET 10000 5294 SNIPPET_NOT_RELEVANT b'269055'
ACTION SNIPPET 10000 5297 SEEN_PREVIOUSLY b'1124706'
ACTION QUERY 10000 5307 wildlife extinction shrubs
ACTION SERP 10000 5312 EXAMINE_SERP
ACTION SNIPPET 10000 5315 SNIPPET_NOT_RELEVANT b'68491'
ACTION SNIPPET 10000 5318 SNIPPET_NOT_RELEVANT b'1657193'
ACTION SNIPPET 10000 5321 SNIPPET_RELEVANT b'587374'
ACTION DOC 10000 5341 EXAMINING_DOCUMENT b'587374'
ACTION MARK 10000 5344 CONSIDERED_RELEVANT b'587374'
ACTION SNIPPET 10000 5347 SNIPPET_NOT_RELEVANT b'1385553'
ACTION SNIPPET 10000 5350 SNIPPET_RELEVANT b'1474784'
ACTION DOC 10000 5370 EXAMINING_DOCUMENT b'1474784'
ACTION SNIPPET 10000 5373 SNIPPET_NOT_RELEVANT b'296327'
ACTION SNIPPET 10000 5376 SNIPPET_RELEVANT b'204237'
ACTION DOC 10000 5396 EXAMINING_DOCUMENT b'204237'
ACTION SNIPPET 10000 5399 SEEN_PREVIOUSLY b'681074'
ACTION SNIPPET 10000 5402 SEEN_PREVIOUSLY b'392703'
ACTION SNIPPET 10000 5405 SEEN_PREVIOUSLY b'1124706'
ACTION QUERY 10000 5415 wildlife extinction hindu
ACTION SERP 10000 5420 EXAMINE_SERP
ACTION SNIPPET 10000 5423 SEEN_PREVIOUSLY b'587374'
ACTION SNIPPET 10000 5426 SEEN_PREVIOUSLY b'681074'
ACTION SNIPPET 10000 5429 SNIPPET_NOT_RELEVANT b'1076715'
ACTION SNIPPET 10000 5432 SEEN_PREVIOUSLY b'392703'
ACTION SNIPPET 10000 5435 SNIPPET_RELEVANT b'1077565'
ACTION DOC 10000 5455 EXAMINING_DOCUMENT b'1077565'
ACTION SNIPPET 10000 5458 SEEN_PREVIOUSLY b'1124706'
ACTION SNIPPET 10000 5461 SEEN_PREVIOUSLY b'291608'
ACTION SNIPPET 10000 5464 SEEN_PREVIOUSLY b'399409'
ACTION SNIPPET 10000 5467 SEEN_PREVIOUSLY b'1566885'
ACTION SNIPPET 10000 5470 SEEN_PREVIOUSLY b'296393'
ACTION QUERY 10000 5480 wildlife extinction njs
ACTION SERP 10000 5485 EXAMINE_SERP
ACTION SNIPPET 10000 5488 SEEN_PREVIOUSLY b'681074'
ACTION SNIPPET 10000 5491 SEEN_PREVIOUSLY b'392703'
ACTION SNIPPET 10000 5494 SEEN_PREVIOUSLY b'1124706'
ACTION SNIPPET 10000 5497 SEEN_PREVIOUSLY b'291608'
ACTION SNIPPET 10000 5500 SEEN_PREVIOUSLY b'399409'
ACTION SNIPPET 10000 5503 SEEN_PREVIOUSLY b'1566885'
ACTION SNIPPET 10000 5506 SEEN_PREVIOUSLY b'296393'
ACTION SNIPPET 10000 5509 SEEN_PREVIOUSLY b'976278'
ACTION SNIPPET 10000 5512 SEEN_PREVIOUSLY b'225523'
ACTION SNIPPET 10000 5515 SEEN_PREVIOUSLY b'611274'
ACTION QUERY 10000 5525 wildlife extinction complaints
ACTION SERP 10000 5530 EXAMINE_SERP
ACTION SNIPPET 10000 5533 SNIPPET_NOT_RELEVANT b'611278'
ACTION SNIPPET 10000 5536 SEEN_PREVIOUSLY b'681074'
ACTION SNIPPET 10000 5539 SEEN_PREVIOUSLY b'392703'
ACTION SNIPPET 10000 5542 SEEN_PREVIOUSLY b'13522'
ACTION SNIPPET 10000 5545 SEEN_PREVIOUSLY b'1124706'
ACTION SNIPPET 10000 5548 SEEN_PREVIOUSLY b'291608'
ACTION SNIPPET 10000 5551 SEEN_PREVIOUSLY b'399409'
ACTION SNIPPET 10000 5554 SEEN_PREVIOUSLY b'1566885'
ACTION SNIPPET 10000 5557 SEEN_PREVIOUSLY b'296393'
ACTION SNIPPET 10000 5560 SEEN_PREVIOUSLY b'976278'
ACTION QUERY 10000 5570 wildlife extinction sadistic
ACTION SERP 10000 5575 EXAMINE_SERP
ACTION SNIPPET 10000 5578 SEEN_PREVIOUSLY b'681074'
ACTION SNIPPET 10000 5581 SEEN_PREVIOUSLY b'392703'
ACTION SNIPPET 10000 5584 SNIPPET_NOT_RELEVANT b'413462'
ACTION SNIPPET 10000 5587 SEEN_PREVIOUSLY b'1124706'
ACTION SNIPPET 10000 5590 SEEN_PREVIOUSLY b'291608'
ACTION SNIPPET 10000 5593 SEEN_PREVIOUSLY b'399409'
ACTION SNIPPET 10000 5596 SEEN_PREVIOUSLY b'1566885'
ACTION SNIPPET 10000 5599 SEEN_PREVIOUSLY b'296393'
ACTION SNIPPET 10000 5602 SEEN_PREVIOUSLY b'976278'
ACTION SNIPPET 10000 5605 SEEN_PREVIOUSLY b'225523'
ACTION QUERY 10000 5615 wildlife extinction farmers
ACTION SERP 10000 5620 EXAMINE_SERP
ACTION SNIPPET 10000 5623 SEEN_PREVIOUSLY b'154117'
ACTION SNIPPET 10000 5626 SEEN_PREVIOUSLY b'201759'
ACTION SNIPPET 10000 5629 SNIPPET_RELEVANT b'1056756'
ACTION DOC 10000 5649 EXAMINING_DOCUMENT b'1056756'
ACTION SNIPPET 10000 5652 SEEN_PREVIOUSLY b'1291786'
ACTION SNIPPET 10000 5655 SEEN_PREVIOUSLY b'1229959'
ACTION SNIPPET 10000 5658 SNIPPET_RELEVANT b'254735'
ACTION DOC 10000 5678 EXAMINING_DOCUMENT b'254735'
ACTION SNIPPET 10000 5681 SNIPPET_NOT_RELEVANT b'1684972'
ACTION SNIPPET 10000 5684 SEEN_PREVIOUSLY b'681074'
ACTION SNIPPET 10000 5687 SNIPPET_NOT_RELEVANT b'1320865'
ACTION SNIPPET 10000 5690 SEEN_PREVIOUSLY b'392703'
ACTION QUERY 10000 5700 wildlife extinction roosevelt
ACTION SERP 10000 5705 EXAMINE_SERP
ACTION SNIPPET 10000 5708 SNIPPET_NOT_RELEVANT b'497482'
ACTION SNIPPET 10000 5711 SEEN_PREVIOUSLY b'681074'
ACTION SNIPPET 10000 5714 SEEN_PREVIOUSLY b'392703'
ACTION SNIPPET 10000 5717 SNIPPET_NOT_RELEVANT b'1333582'
ACTION SNIPPET 10000 5720 SNIPPET_NOT_RELEVANT b'430974'
ACTION SNIPPET 10000 5723 SEEN_PREVIOUSLY b'1124706'
ACTION SNIPPET 10000 5726 SEEN_PREVIOUSLY b'291608'
ACTION SNIPPET 10000 5729 SEEN_PREVIOUSLY b'399409'
ACTION SNIPPET 10000 5732 SEEN_PREVIOUSLY b'1566885'
ACTION SNIPPET 10000 5735 SEEN_PREVIOUSLY b'296393'
ACTION QUERY 10000 5745 wildlife extinction fundamentalism
ACTION SERP 10000 5750 EXAMINE_SERP
ACTION SNIPPET 10000 5753 SEEN_PREVIOUSLY b'681074'
ACTION SNIPPET 10000 5756 SEEN_PREVIOUSLY b'392703'
ACTION SNIPPET 10000 5759 SEEN_PREVIOUSLY b'1124706'
ACTION SNIPPET 10000 5762 SEEN_PREVIOUSLY b'291608'
ACTION SNIPPET 10000 5765 SEEN_PREVIOUSLY b'399409'
ACTION SNIPPET 10000 5768 SEEN_PREVIOUSLY b'1566885'
ACTION SNIPPET 10000 5771 SEEN_PREVIOUSLY b'296393'
ACTION SNIPPET 10000 5774 SEEN_PREVIOUSLY b'434337'
ACTION SNIPPET 10000 5777 SEEN_PREVIOUSLY b'976278'
ACTION SNIPPET 10000 5780 SEEN_PREVIOUSLY b'225523'
ACTION QUERY 10000 5790 wildlife extinction dozen
ACTION SERP 10000 5795 EXAMINE_SERP
ACTION SNIPPET 10000 5798 SEEN_PREVIOUSLY b'257571'
ACTION SNIPPET 10000 5801 SEEN_PREVIOUSLY b'1229959'
ACTION SNIPPET 10000 5804 SEEN_PREVIOUSLY b'1562600'
ACTION SNIPPET 10000 5807 SNIPPET_NOT_RELEVANT b'611278'
ACTION SNIPPET 10000 5810 SEEN_PREVIOUSLY b'402491'
ACTION SNIPPET 10000 5813 SEEN_PREVIOUSLY b'681074'
ACTION SNIPPET 10000 5816 SEEN_PREVIOUSLY b'392703'
ACTION SNIPPET 10000 5819 SEEN_PREVIOUSLY b'1783097'
ACTION SNIPPET 10000 5822 SEEN_PREVIOUSLY b'1291786'
ACTION SNIPPET 10000 5825 SEEN_PREVIOUSLY b'1124706'
ACTION QUERY 10000 5835 wildlife extinction plan
ACTION SERP 10000 5840 EXAMINE_SERP
ACTION SNIPPET 10000 5843 SEEN_PREVIOUSLY b'681074'
ACTION SNIPPET 10000 5846 SEEN_PREVIOUSLY b'392703'
ACTION SNIPPET 10000 5849 SEEN_PREVIOUSLY b'154117'
ACTION SNIPPET 10000 5852 SEEN_PREVIOUSLY b'18289'
ACTION SNIPPET 10000 5855 SEEN_PREVIOUSLY b'225523'
ACTION SNIPPET 10000 5858 SEEN_PREVIOUSLY b'201759'
ACTION SNIPPET 10000 5861 SEEN_PREVIOUSLY b'404722'
ACTION SNIPPET 10000 5864 SEEN_PREVIOUSLY b'257571'
ACTION SNIPPET 10000 5867 SEEN_PREVIOUSLY b'424632'
ACTION SNIPPET 10000 5870 SEEN_PREVIOUSLY b'286360'
ACTION QUERY 10000 5880 wildlife extinction fox
ACTION SERP 10000 5885 EXAMINE_SERP
ACTION SNIPPET 10000 5888 SEEN_PREVIOUSLY b'1321173'
ACTION SNIPPET 10000 5891 SNIPPET_NOT_RELEVANT b'906360'
ACTION SNIPPET 10000 5894 SEEN_PREVIOUSLY b'513027'
ACTION SNIPPET 10000 5897 SNIPPET_NOT_RELEVANT b'1660665'
ACTION SNIPPET 10000 5900 SEEN_PREVIOUSLY b'13522'
ACTION SNIPPET 10000 5903 SNIPPET_NOT_RELEVANT b'905958'
ACTION SNIPPET 10000 5906 SEEN_PREVIOUSLY b'681074'
ACTION SNIPPET 10000 5909 SEEN_PREVIOUSLY b'392703'
ACTION SNIPPET 10000 5912 SEEN_PREVIOUSLY b'1124706'
ACTION SNIPPET 10000 5915 SEEN_PREVIOUSLY b'1722745'
ACTION QUERY 10000 5925 wildlife extinction doubled
ACTION SERP 10000 5930 EXAMINE_SERP
ACTION SNIPPET 10000 5933 SEEN_PREVIOUSLY b'611274'
ACTION SNIPPET 10000 5936 SEEN_PREVIOUSLY b'404722'
ACTION SNIPPET 10000 5939 SEEN_PREVIOUSLY b'681074'
ACTION SNIPPET 10000 5942 SEEN_PREVIOUSLY b'392703'
ACTION SNIPPET 10000 5945 SNIPPET_NOT_RELEVANT b'1691820'
ACTION SNIPPET 10000 5948 SNIPPET_RELEVANT b'1399459'
ACTION DOC 10000 5968 EXAMINING_DOCUMENT b'1399459'
ACTION SNIPPET 10000 5971 SEEN_PREVIOUSLY b'306781'
ACTION SNIPPET 10000 5974 SEEN_PREVIOUSLY b'1226817'
ACTION SNIPPET 10000 5977 SEEN_PREVIOUSLY b'1124706'
ACTION SNIPPET 10000 5980 SEEN_PREVIOUSLY b'291608'
ACTION QUERY 10000 5990 wildlife extinction snipe
ACTION SERP 10000 5995 EXAMINE_SERP
ACTION SNIPPET 10000 5998 SEEN_PREVIOUSLY b'681074'
ACTION SNIPPET 10000 6001 SEEN_PREVIOUSLY b'392703'
ACTION SNIPPET 10000 6004 SEEN_PREVIOUSLY b'1124706'
ACTION SNIPPET 10000 6007 SEEN_PREVIOUSLY b'291608'
ACTION SNIPPET 10000 6010 SEEN_PREVIOUSLY b'399409'
ACTION SNIPPET 10000 6013 SEEN_PREVIOUSLY b'1566885'
ACTION SNIPPET 10000 6016 SEEN_PREVIOUSLY b'296393'
ACTION SNIPPET 10000 6019 SEEN_PREVIOUSLY b'976278'
ACTION SNIPPET 10000 6022 SEEN_PREVIOUSLY b'225523'
ACTION SNIPPET 10000 6025 SEEN_PREVIOUSLY b'611274'
ACTION QUERY 10000 6035 wildlife extinction diseases
ACTION SERP 10000 6040 EXAMINE_SERP
ACTION SNIPPET 10000 6043 SEEN_PREVIOUSLY b'296393'
ACTION SNIPPET 10000 6046 SEEN_PREVIOUSLY b'420507'
ACTION SNIPPET 10000 6049 SEEN_PREVIOUSLY b'1321173'
ACTION SNIPPET 10000 6052 SEEN_PREVIOUSLY b'1050121'
ACTION SNIPPET 10000 6055 SNIPPET_NOT_RELEVANT b'1035052'
ACTION SNIPPET 10000 6058 SEEN_PREVIOUSLY b'306781'
ACTION SNIPPET 10000 6061 SNIPPET_NOT_RELEVANT b'842120'
ACTION SNIPPET 10000 6064 SEEN_PREVIOUSLY b'513027'
ACTION SNIPPET 10000 6067 SEEN_PREVIOUSLY b'681074'
ACTION SNIPPET 10000 6070 SEEN_PREVIOUSLY b'54389'
ACTION QUERY 10000 6080 wildlife extinction kongo
ACTION SERP 10000 6085 EXAMINE_SERP
ACTION SNIPPET 10000 6088 SEEN_PREVIOUSLY b'681074'
ACTION SNIPPET 10000 6091 SEEN_PREVIOUSLY b'392703'
ACTION SNIPPET 10000 6094 SNIPPET_RELEVANT b'559562'
ACTION DOC 10000 6114 EXAMINING_DOCUMENT b'559562'
ACTION SNIPPET 10000 6117 SEEN_PREVIOUSLY b'1124706'
ACTION SNIPPET 10000 6120 SEEN_PREVIOUSLY b'291608'
ACTION SNIPPET 10000 6123 SEEN_PREVIOUSLY b'399409'
ACTION SNIPPET 10000 6126 SEEN_PREVIOUSLY b'1566885'
ACTION SNIPPET 10000 6129 SEEN_PREVIOUSLY b'296393'
ACTION SNIPPET 10000 6132 SEEN_PREVIOUSLY b'976278'
ACTION SNIPPET 10000 6135 SEEN_PREVIOUSLY b'225523'
ACTION QUERY 10000 6145 wildlife extinction countries
ACTION SERP 10000 6150 EXAMINE_SERP
ACTION SNIPPET 10000 6153 SEEN_PREVIOUSLY b'296393'
ACTION SNIPPET 10000 6156 SEEN_PREVIOUSLY b'372898'
ACTION SNIPPET 10000 6159 SNIPPET_RELEVANT b'1665449'
ACTION DOC 10000 6179 EXAMINING_DOCUMENT b'1665449'
ACTION SNIPPET 10000 6182 SNIPPET_NOT_RELEVANT b'1256461'
ACTION SNIPPET 10000 6185 SEEN_PREVIOUSLY b'976278'
ACTION SNIPPET 10000 6188 SEEN_PREVIOUSLY b'201759'
ACTION SNIPPET 10000 6191 SEEN_PREVIOUSLY b'257571'
ACTION SNIPPET 10000 6194 SEEN_PREVIOUSLY b'681074'
ACTION SNIPPET 10000 6197 SEEN_PREVIOUSLY b'96243'
ACTION SNIPPET 10000 6200 SEEN_PREVIOUSLY b'392703'
ACTION QUERY 10000 6210 wildlife extinction tourism
ACTION SERP 10000 6215 EXAMINE_SERP
ACTION SNIPPET 10000 6218 SEEN_PREVIOUSLY b'1665449'
ACTION SNIPPET 10000 6221 SNIPPET_NOT_RELEVANT b'578536'
ACTION SNIPPET 10000 6224 SNIPPET_RELEVANT b'249328'
ACTION DOC 10000 6244 EXAMINING_DOCUMENT b'249328'
ACTION MARK 10000 6247 CONSIDERED_RELEVANT b'249328'
ACTION SNIPPET 10000 6250 SEEN_PREVIOUSLY b'681074'
ACTION SNIPPET 10000 6253 SEEN_PREVIOUSLY b'392703'
ACTION SNIPPET 10000 6256 SEEN_PREVIOUSLY b'1124706'
ACTION SNIPPET 10000 6259 SNIPPET_RELEVANT b'255412'
ACTION DOC 10000 6279 EXAMINING_DOCUMENT b'255412'
ACTION MARK 10000 6282 CONSIDERED_RELEVANT b'255412'
ACTION SNIPPET 10000 6285 SEEN_PREVIOUSLY b'291608'
ACTION SNIPPET 10000 6288 SEEN_PREVIOUSLY b'399409'
ACTION SNIPPET 10000 6291 SEEN_PREVIOUSLY b'1566885'
ACTION QUERY 10000 6301 wildlife extinction worlds
ACTION SERP 10000 6306 EXAMINE_SERP
ACTION SNIPPET 10000 6309 SEEN_PREVIOUSLY b'291608'
ACTION SNIPPET 10000 6312 SEEN_PREVIOUSLY b'1124706'
ACTION SNIPPET 10000 6315 SEEN_PREVIOUSLY b'1566885'
ACTION SNIPPET 10000 6318 SEEN_PREVIOUSLY b'404722'
ACTION SNIPPET 10000 6321 SEEN_PREVIOUSLY b'399409'
ACTION SNIPPET 10000 6324 SEEN_PREVIOUSLY b'257571'
ACTION SNIPPET 10000 6327 SEEN_PREVIOUSLY b'681074'
ACTION SNIPPET 10000 6330 SEEN_PREVIOUSLY b'392703'
ACTION SNIPPET 10000 6333 SEEN_PREVIOUSLY b'54033'
ACTION SNIPPET 10000 6336 SEEN_PREVIOUSLY b'135270'
ACTION QUERY 10000 6346 wildlife extinction spire
ACTION SERP 10000 6351 EXAMINE_SERP
ACTION SNIPPET 10000 6354 SEEN_PREVIOUSLY b'681074'
ACTION SNIPPET 10000 6357 SEEN_PREVIOUSLY b'392703'
ACTION SNIPPET 10000 6360 SEEN_PREVIOUSLY b'1124706'
ACTION SNIPPET 10000 6363 SEEN_PREVIOUSLY b'291608'
ACTION SNIPPET 10000 6366 SEEN_PREVIOUSLY b'399409'
ACTION SNIPPET 10000 6369 SEEN_PREVIOUSLY b'1566885'
ACTION SNIPPET 10000 6372 SEEN_PREVIOUSLY b'296393'
ACTION SNIPPET 10000 6375 SEEN_PREVIOUSLY b'976278'
ACTION SNIPPET 10000 6378 SEEN_PREVIOUSLY b'225523'
ACTION SNIPPET 10000 6381 SEEN_PREVIOUSLY b'611274'
ACTION QUERY 10000 6391 wildlife extinction hazard
ACTION SERP 10000 6396 EXAMINE_SERP
ACTION SNIPPET 10000 6399 SEEN_PREVIOUSLY b'681074'
ACTION SNIPPET 10000 6402 SEEN_PREVIOUSLY b'392703'
ACTION SNIPPET 10000 6405 SNIPPET_RELEVANT b'405513'
ACTION DOC 10000 6425 EXAMINING_DOCUMENT b'405513'
ACTION SNIPPET 10000 6428 SEEN_PREVIOUSLY b'1124706'
ACTION SNIPPET 10000 6431 SEEN_PREVIOUSLY b'291608'
ACTION SNIPPET 10000 6434 SEEN_PREVIOUSLY b'399409'
ACTION SNIPPET 10000 6437 SEEN_PREVIOUSLY b'1566885'
ACTION SNIPPET 10000 6440 SEEN_PREVIOUSLY b'296393'
ACTION SNIPPET 10000 6443 SEEN_PREVIOUSLY b'976278'
ACTION SNIPPET 10000 6446 SEEN_PREVIOUSLY b'225523'
ACTION QUERY 10000 6456 wildlife extinction irvine
ACTION SERP 10000 6461 EXAMINE_SERP
ACTION SNIPPET 10000 6464 SEEN_PREVIOUSLY b'405513'
ACTION SNIPPET 10000 6467 SNIPPET_NOT_RELEVANT b'1496983'
ACTION SNIPPET 10000 6470 SEEN_PREVIOUSLY b'681074'
ACTION SNIPPET 10000 6473 SEEN_PREVIOUSLY b'392703'
ACTION SNIPPET 10000 6476 SEEN_PREVIOUSLY b'1124706'
ACTION SNIPPET 10000 6479 SEEN_PREVIOUSLY b'291608'
ACTION SNIPPET 10000 6482 SEEN_PREVIOUSLY b'399409'
ACTION SNIPPET 10000 6485 SEEN_PREVIOUSLY b'1566885'
ACTION SNIPPET 10000 6488 SEEN_PREVIOUSLY b'296393'
ACTION SNIPPET 10000 6491 SEEN_PREVIOUSLY b'976278'
ACTION QUERY 10000 6501 wildlife extinction dogs
ACTION SERP 10000 6506 EXAMINE_SERP
ACTION SNIPPET 10000 6509 SEEN_PREVIOUSLY b'286360'
ACTION SNIPPET 10000 6512 SEEN_PREVIOUSLY b'201759'
ACTION SNIPPET 10000 6515 SEEN_PREVIOUSLY b'18289'
ACTION SNIPPET 10000 6518 SNIPPET_RELEVANT b'1461512'
ACTION DOC 10000 6538 EXAMINING_DOCUMENT b'1461512'
ACTION SNIPPET 10000 6541 SEEN_PREVIOUSLY b'976278'
ACTION SNIPPET 10000 6544 SEEN_PREVIOUSLY b'476026'
ACTION SNIPPET 10000 6547 SNIPPET_NOT_RELEVANT b'1496983'
ACTION SNIPPET 10000 6550 SEEN_PREVIOUSLY b'513027'
ACTION SNIPPET 10000 6553 SNIPPET_NOT_RELEVANT b'1755268'
ACTION SNIPPET 10000 6556 SNIPPET_NOT_RELEVANT b'491198'
ACTION QUERY 10000 6566 wildlife extinction mammals
ACTION SERP 10000 6571 EXAMINE_SERP
ACTION SNIPPET 10000 6574 SEEN_PREVIOUSLY b'881973'
ACTION SNIPPET 10000 6577 SNIPPET_NOT_RELEVANT b'48307'
ACTION SNIPPET 10000 6580 SEEN_PREVIOUSLY b'1229959'
ACTION SNIPPET 10000 6583 SEEN_PREVIOUSLY b'815512'
ACTION SNIPPET 10000 6586 SEEN_PREVIOUSLY b'397695'
ACTION SNIPPET 10000 6589 SEEN_PREVIOUSLY b'296393'
ACTION SNIPPET 10000 6592 SNIPPET_NOT_RELEVANT b'145153'
ACTION SNIPPET 10000 6595 SEEN_PREVIOUSLY b'372898'
ACTION SNIPPET 10000 6598 SNIPPET_RELEVANT b'69271'
ACTION DOC 10000 6618 EXAMINING_DOCUMENT b'69271'
ACTION SNIPPET 10000 6621 SNIPPET_RELEVANT b'9783'
ACTION DOC 10000 6641 EXAMINING_DOCUMENT b'9783'
ACTION QUERY 10000 6651 wildlife extinction prompted
ACTION SERP 10000 6656 EXAMINE_SERP
ACTION SNIPPET 10000 6659 SEEN_PREVIOUSLY b'681074'
ACTION SNIPPET 10000 6662 SEEN_PREVIOUSLY b'392703'
ACTION SNIPPET 10000 6665 SEEN_PREVIOUSLY b'13522'
ACTION SNIPPET 10000 6668 SEEN_PREVIOUSLY b'1124706'
ACTION SNIPPET 10000 6671 SEEN_PREVIOUSLY b'291608'
ACTION SNIPPET 10000 6674 SNIPPET_RELEVANT b'1449018'
ACTION DOC 10000 6694 EXAMINING_DOCUMENT b'1449018'
ACTION SNIPPET 10000 6697 SEEN_PREVIOUSLY b'1369567'
ACTION SNIPPET 10000 6700 SEEN_PREVIOUSLY b'399409'
ACTION SNIPPET 10000 6703 SEEN_PREVIOUSLY b'1566885'
ACTION SNIPPET 10000 6706 SNIPPET_NOT_RELEVANT b'244389'
ACTION QUERY 10000 6716 wildlife extinction practice
ACTION SERP 10000 6721 EXAMINE_SERP
ACTION SNIPPET 10000 6724 SEEN_PREVIOUSLY b'54033'
ACTION SNIPPET 10000 6727 SEEN_PREVIOUSLY b'681074'
ACTION SNIPPET 10000 6730 SEEN_PREVIOUSLY b'392703'
ACTION SNIPPET 10000 6733 SEEN_PREVIOUSLY b'679949'
ACTION SNIPPET 10000 6736 SEEN_PREVIOUSLY b'1291786'
ACTION SNIPPET 10000 6739 SEEN_PREVIOUSLY b'1124706'
ACTION SNIPPET 10000 6742 SEEN_PREVIOUSLY b'1229959'
ACTION SNIPPET 10000 6745 SEEN_PREVIOUSLY b'291608'
ACTION SNIPPET 10000 6748 SEEN_PREVIOUSLY b'399409'
ACTION SNIPPET 10000 6751 SNIPPET_NOT_RELEVANT b'588429'
ACTION QUERY 10000 6761 wildlife extinction tomorrow
ACTION SERP 10000 6766 EXAMINE_SERP
ACTION SNIPPET 10000 6769 SEEN_PREVIOUSLY b'681074'
ACTION SNIPPET 10000 6772 SNIPPET_RELEVANT b'588429'
ACTION DOC 10000 6792 EXAMINING_DOCUMENT b'588429'
ACTION SNIPPET 10000 6795 SEEN_PREVIOUSLY b'392703'
ACTION SNIPPET 10000 6798 SEEN_PREVIOUSLY b'1124706'
ACTION SNIPPET 10000 6801 SEEN_PREVIOUSLY b'291608'
ACTION SNIPPET 10000 6804 SEEN_PREVIOUSLY b'399409'
ACTION SNIPPET 10000 6807 SEEN_PREVIOUSLY b'1566885'
ACTION SNIPPET 10000 6810 SEEN_PREVIOUSLY b'296393'
ACTION SNIPPET 10000 6813 SEEN_PREVIOUSLY b'976278'
ACTION SNIPPET 10000 6816 SEEN_PREVIOUSLY b'225523'
ACTION QUERY 10000 6826 wildlife extinction genetics
ACTION SERP 10000 6831 EXAMINE_SERP
ACTION SNIPPET 10000 6834 SEEN_PREVIOUSLY b'296393'
ACTION SNIPPET 10000 6837 SEEN_PREVIOUSLY b'221456'
ACTION SNIPPET 10000 6840 SEEN_PREVIOUSLY b'1175756'
ACTION SNIPPET 10000 6843 SEEN_PREVIOUSLY b'1073195'
ACTION SNIPPET 10000 6846 SEEN_PREVIOUSLY b'1124706'
ACTION SNIPPET 10000 6849 SEEN_PREVIOUSLY b'1237486'
ACTION SNIPPET 10000 6852 SEEN_PREVIOUSLY b'529983'
ACTION SNIPPET 10000 6855 SEEN_PREVIOUSLY b'429546'
ACTION SNIPPET 10000 6858 SEEN_PREVIOUSLY b'22180'
ACTION SNIPPET 10000 6861 SNIPPET_RELEVANT b'1365157'
ACTION DOC 10000 6881 EXAMINING_DOCUMENT b'1365157'
ACTION QUERY 10000 6891 wildlife extinction encounter
ACTION SERP 10000 6896 EXAMINE_SERP
ACTION SNIPPET 10000 6899 SEEN_PREVIOUSLY b'815512'
ACTION SNIPPET 10000 6902 SEEN_PREVIOUSLY b'681074'
ACTION SNIPPET 10000 6905 SEEN_PREVIOUSLY b'392703'
ACTION SNIPPET 10000 6908 SEEN_PREVIOUSLY b'1124706'
ACTION SNIPPET 10000 6911 SEEN_PREVIOUSLY b'291608'
ACTION SNIPPET 10000 6914 SEEN_PREVIOUSLY b'399409'
ACTION SNIPPET 10000 6917 SEEN_PREVIOUSLY b'1566885'
ACTION SNIPPET 10000 6920 SNIPPET_NOT_RELEVANT b'1810813'
ACTION SNIPPET 10000 6923 SEEN_PREVIOUSLY b'296393'
ACTION SNIPPET 10000 6926 SEEN_PREVIOUSLY b'976278'
ACTION QUERY 10000 6936 wildlife extinction australian
ACTION SERP 10000 6941 EXAMINE_SERP
ACTION SNIPPET 10000 6944 SEEN_PREVIOUSLY b'904995'
ACTION SNIPPET 10000 6947 SNIPPET_RELEVANT b'731291'
ACTION DOC 10000 6967 EXAMINING_DOCUMENT b'731291'
ACTION SNIPPET 10000 6970 SNIPPET_RELEVANT b'732034'
ACTION DOC 10000 6990 EXAMINING_DOCUMENT b'732034'
ACTION SNIPPET 10000 6993 SEEN_PREVIOUSLY b'1226817'
ACTION SNIPPET 10000 6996 SEEN_PREVIOUSLY b'681074'
ACTION SNIPPET 10000 6999 SEEN_PREVIOUSLY b'392703'
ACTION SNIPPET 10000 7002 SEEN_PREVIOUSLY b'1681220'
ACTION SNIPPET 10000 7005 SNIPPET_RELEVANT b'1194459'
ACTION DOC 10000 7025 EXAMINING_DOCUMENT b'1194459'
ACTION SNIPPET 10000 7028 SEEN_PREVIOUSLY b'1124706'
ACTION SNIPPET 10000 7031 SNIPPET_RELEVANT b'1273743'
ACTION DOC 10000 7051 EXAMINING_DOCUMENT b'1273743'
ACTION QUERY 10000 7061 wildlife extinction conifers
ACTION SERP 10000 7066 EXAMINE_SERP
ACTION SNIPPET 10000 7069 SEEN_PREVIOUSLY b'732034'
ACTION SNIPPET 10000 7072 SEEN_PREVIOUSLY b'731291'
ACTION SNIPPET 10000 7075 SNIPPET_RELEVANT b'199145'
ACTION DOC 10000 7095 EXAMINING_DOCUMENT b'199145'
ACTION SNIPPET 10000 7098 SNIPPET_RELEVANT b'355319'
ACTION DOC 10000 7118 EXAMINING_DOCUMENT b'355319'
ACTION SNIPPET 10000 7121 SNIPPET_NOT_RELEVANT b'1724692'
ACTION SNIPPET 10000 7124 SEEN_PREVIOUSLY b'681074'
ACTION SNIPPET 10000 7127 SEEN_PREVIOUSLY b'392703'
ACTION SNIPPET 10000 7130 SEEN_PREVIOUSLY b'1124706'
ACTION SNIPPET 10000 7133 SNIPPET_NOT_RELEVANT b'497080'
ACTION SNIPPET 10000 7136 SNIPPET_RELEVANT b'497079'
ACTION DOC 10000 7156 EXAMINING_DOCUMENT b'497079'
ACTION QUERY 10000 7166 wildlife extinction deers
ACTION SERP 10000 7171 EXAMINE_SERP
ACTION SNIPPET 10000 7174 SEEN_PREVIOUSLY b'372898'
ACTION SNIPPET 10000 7177 SEEN_PREVIOUSLY b'815512'
ACTION SNIPPET 10000 7180 SEEN_PREVIOUSLY b'446713'
ACTION SNIPPET 10000 7183 SNIPPET_RELEVANT b'1660391'
ACTION DOC 10000 7203 EXAMINING_DOCUMENT b'1660391'
ACTION SNIPPET 10000 7206 SNIPPET_NOT_RELEVANT b'296327'
ACTION SNIPPET 10000 7209 SEEN_PREVIOUSLY b'1065730'
ACTION SNIPPET 10000 7212 SEEN_PREVIOUSLY b'1056756'
ACTION SNIPPET 10000 7215 SNIPPET_RELEVANT b'1412587'
ACTION DOC 10000 7235 EXAMINING_DOCUMENT b'1412587'
ACTION SNIPPET 10000 7238 SNIPPET_RELEVANT b'1657193'
ACTION DOC 10000 7258 EXAMINING_DOCUMENT b'1657193'
ACTION SNIPPET 10000 7261 SEEN_PREVIOUSLY b'154117'
ACTION QUERY 10000 7271 wildlife extinction robert
ACTION SERP 10000 7276 EXAMINE_SERP
ACTION SNIPPET 10000 7279 SEEN_PREVIOUSLY b'681074'
ACTION SNIPPET 10000 7282 SNIPPET_NOT_RELEVANT b'1286100'
ACTION SNIPPET 10000 7285 SEEN_PREVIOUSLY b'392703'
ACTION SNIPPET 10000 7288 SEEN_PREVIOUSLY b'1124706'
ACTION SNIPPET 10000 7291 SEEN_PREVIOUSLY b'291608'
ACTION SNIPPET 10000 7294 SEEN_PREVIOUSLY b'399409'
ACTION SNIPPET 10000 7297 SEEN_PREVIOUSLY b'1566885'
ACTION SNIPPET 10000 7300 SEEN_PREVIOUSLY b'296393'
ACTION SNIPPET 10000 7303 SEEN_PREVIOUSLY b'976278'
ACTION SNIPPET 10000 7306 SEEN_PREVIOUSLY b'225523'
ACTION QUERY 10000 7316 wildlife extinction office
ACTION SERP 10000 7321 EXAMINE_SERP
ACTION SNIPPET 10000 7324 SEEN_PREVIOUSLY b'225523'
ACTION SNIPPET 10000 7327 SEEN_PREVIOUSLY b'96243'
ACTION SNIPPET 10000 7330 SEEN_PREVIOUSLY b'976278'
ACTION SNIPPET 10000 7333 SEEN_PREVIOUSLY b'1124706'
ACTION SNIPPET 10000 7336 SEEN_PREVIOUSLY b'611274'
ACTION SNIPPET 10000 7339 SEEN_PREVIOUSLY b'681074'
ACTION SNIPPET 10000 7342 SEEN_PREVIOUSLY b'392703'
ACTION SNIPPET 10000 7345 SEEN_PREVIOUSLY b'154117'
ACTION SNIPPET 10000 7348 SEEN_PREVIOUSLY b'291608'
ACTION SNIPPET 10000 7351 SEEN_PREVIOUSLY b'135270'
ACTION QUERY 10000 7361 wildlife extinction ct
ACTION SERP 10000 7366 EXAMINE_SERP
ACTION SNIPPET 10000 7369 SEEN_PREVIOUSLY b'681074'
ACTION SNIPPET 10000 7372 SEEN_PREVIOUSLY b'392703'
ACTION SNIPPET 10000 7375 SEEN_PREVIOUSLY b'1124706'
ACTION SNIPPET 10000 7378 SEEN_PREVIOUSLY b'291608'
ACTION SNIPPET 10000 7381 SEEN_PREVIOUSLY b'399409'
ACTION SNIPPET 10000 7384 SEEN_PREVIOUSLY b'1566885'
ACTION SNIPPET 10000 7387 SEEN_PREVIOUSLY b'296393'
ACTION SNIPPET 10000 7390 SEEN_PREVIOUSLY b'976278'
ACTION SNIPPET 10000 7393 SEEN_PREVIOUSLY b'225523'
ACTION SNIPPET 10000 7396 SEEN_PREVIOUSLY b'611274'
ACTION QUERY 10000 7406 wildlife extinction croton
ACTION SERP 10000 7411 EXAMINE_SERP
ACTION SNIPPET 10000 7414 SNIPPET_NOT_RELEVANT b'1195516'
ACTION SNIPPET 10000 7417 SNIPPET_NOT_RELEVANT b'1656597'
ACTION SNIPPET 10000 7420 SNIPPET_NOT_RELEVANT b'1090455'
ACTION SNIPPET 10000 7423 SEEN_PREVIOUSLY b'681074'
ACTION SNIPPET 10000 7426 SEEN_PREVIOUSLY b'392703'
ACTION SNIPPET 10000 7429 SNIPPET_RELEVANT b'68546'
ACTION DOC 10000 7449 EXAMINING_DOCUMENT b'68546'
ACTION SNIPPET 10000 7452 SEEN_PREVIOUSLY b'1124706'
ACTION SNIPPET 10000 7455 SEEN_PREVIOUSLY b'291608'
ACTION SNIPPET 10000 7458 SEEN_PREVIOUSLY b'399409'
ACTION SNIPPET 10000 7461 SEEN_PREVIOUSLY b'1566885'
ACTION QUERY 10000 7471 wildlife extinction dolphins
ACTION SERP 10000 7476 EXAMINE_SERP
ACTION SNIPPET 10000 7479 SNIPPET_RELEVANT b'183106'
ACTION DOC 10000 7499 EXAMINING_DOCUMENT b'183106'
ACTION SNIPPET 10000 7502 SNIPPET_NOT_RELEVANT b'1812617'
ACTION SNIPPET 10000 7505 SNIPPET_RELEVANT b'1814475'
ACTION DOC 10000 7525 EXAMINING_DOCUMENT b'1814475'
ACTION SNIPPET 10000 7528 SEEN_PREVIOUSLY b'681074'
ACTION SNIPPET 10000 7531 SEEN_PREVIOUSLY b'392703'
ACTION SNIPPET 10000 7534 SNIPPET_NOT_RELEVANT b'861237'
ACTION SNIPPET 10000 7537 SNIPPET_RELEVANT b'1762167'
ACTION DOC 10000 7557 EXAMINING_DOCUMENT b'1762167'
ACTION SNIPPET 10000 7560 SEEN_PREVIOUSLY b'1124706'
ACTION SNIPPET 10000 7563 SNIPPET_RELEVANT b'947498'
ACTION DOC 10000 7583 EXAMINING_DOCUMENT b'947498'
ACTION SNIPPET 10000 7586 SEEN_PREVIOUSLY b'291608'
ACTION QUERY 10000 7596 wildlife extinction whale
ACTION SERP 10000 7601 EXAMINE_SERP
ACTION SNIPPET 10000 7604 SNIPPET_NOT_RELEVANT b'1520871'
ACTION SNIPPET 10000 7607 SEEN_PREVIOUSLY b'1175756'
ACTION SNIPPET 10000 7610 SNIPPET_RELEVANT b'259928'
ACTION DOC 10000 7630 EXAMINING_DOCUMENT b'259928'
ACTION SNIPPET 10000 7633 SNIPPET_NOT_RELEVANT b'1218398'
ACTION SNIPPET 10000 7636 SNIPPET_RELEVANT b'259180'
ACTION DOC 10000 7656 EXAMINING_DOCUMENT b'259180'
ACTION MARK 10000 7659 CONSIDERED_RELEVANT b'259180'
ACTION SNIPPET 10000 7662 SNIPPET_NOT_RELEVANT b'455132'
ACTION SNIPPET 10000 7665 SNIPPET_NOT_RELEVANT b'1348233'
ACTION SNIPPET 10000 7668 SNIPPET_NOT_RELEVANT b'487991'
ACTION SNIPPET 10000 7671 SEEN_PREVIOUSLY b'201759'
ACTION SNIPPET 10000 7674 SNIPPET_NOT_RELEVANT b'1256461'
ACTION QUERY 10000 7684 wildlife extinction china
ACTION SERP 10000 7689 EXAMINE_SERP
ACTION SNIPPET 10000 7692 SEEN_PREVIOUSLY b'1783097'
ACTION SNIPPET 10000 7695 SEEN_PREVIOUSLY b'679949'
ACTION SNIPPET 10000 7698 SEEN_PREVIOUSLY b'1235795'
ACTION SNIPPET 10000 7701 SNIPPET_NOT_RELEVANT b'134001'
ACTION SNIPPET 10000 7704 SNIPPET_RELEVANT b'678919'
ACTION DOC 10000 7724 EXAMINING_DOCUMENT b'678919'
ACTION MARK 10000 7727 CONSIDERED_RELEVANT b'678919'
ACTION SNIPPET 10000 7730 SEEN_PREVIOUSLY b'815512'
ACTION SNIPPET 10000 7733 SEEN_PREVIOUSLY b'1412587'
ACTION SNIPPET 10000 7736 SNIPPET_NOT_RELEVANT b'1104978'
ACTION SNIPPET 10000 7739 SEEN_PREVIOUSLY b'1783812'
ACTION SNIPPET 10000 7742 SEEN_PREVIOUSLY b'681074'
ACTION QUERY 10000 7752 wildlife extinction turtles
ACTION SERP 10000 7757 EXAMINE_SERP
ACTION SNIPPET 10000 7760 SEEN_PREVIOUSLY b'54033'
ACTION SNIPPET 10000 7763 SNIPPET_RELEVANT b'721738'
ACTION DOC 10000 7783 EXAMINING_DOCUMENT b'721738'
ACTION SNIPPET 10000 7786 SNIPPET_NOT_RELEVANT b'1104978'
ACTION SNIPPET 10000 7789 SEEN_PREVIOUSLY b'201759'
ACTION SNIPPET 10000 7792 SNIPPET_NOT_RELEVANT b'52138'
ACTION SNIPPET 10000 7795 SNIPPET_RELEVANT b'1134863'
ACTION DOC 10000 7815 EXAMINING_DOCUMENT b'1134863'
ACTION SNIPPET 10000 7818 SNIPPET_RELEVANT b'1848130'
ACTION DOC 10000 7838 EXAMINING_DOCUMENT b'1848130'
ACTION SNIPPET 10000 7841 SNIPPET_RELEVANT b'1203931'
ACTION DOC 10000 7861 EXAMINING_DOCUMENT b'1203931'
ACTION SNIPPET 10000 7864 SNIPPET_NOT_RELEVANT b'686442'
ACTION SNIPPET 10000 7867 SNIPPET_RELEVANT b'769523'
ACTION DOC 10000 7887 EXAMINING_DOCUMENT b'769523'
ACTION QUERY 10000 7897 wildlife extinction evacuated
ACTION SERP 10000 7902 EXAMINE_SERP
ACTION SNIPPET 10000 7905 SEEN_PREVIOUSLY b'681074'
ACTION SNIPPET 10000 7908 SEEN_PREVIOUSLY b'392703'
ACTION SNIPPET 10000 7911 SEEN_PREVIOUSLY b'1124706'
ACTION SNIPPET 10000 7914 SEEN_PREVIOUSLY b'1134863'
ACTION SNIPPET 10000 7917 SEEN_PREVIOUSLY b'291608'
ACTION SNIPPET 10000 7920 SEEN_PREVIOUSLY b'399409'
ACTION SNIPPET 10000 7923 SEEN_PREVIOUSLY b'1566885'
ACTION SNIPPET 10000 7926 SEEN_PREVIOUSLY b'296393'
ACTION SNIPPET 10000 7929 SEEN_PREVIOUSLY b'976278'
ACTION SNIPPET 10000 7932 SEEN_PREVIOUSLY b'225523'
ACTION QUERY 10000 7942 wildlife extinction aftermath
ACTION SERP 10000 7947 EXAMINE_SERP
ACTION SNIPPET 10000 7950 SEEN_PREVIOUSLY b'681074'
ACTION SNIPPET 10000 7953 SEEN_PREVIOUSLY b'392703'
ACTION SNIPPET 10000 7956 SEEN_PREVIOUSLY b'1124706'
ACTION SNIPPET 10000 7959 SEEN_PREVIOUSLY b'291608'
ACTION SNIPPET 10000 7962 SEEN_PREVIOUSLY b'399409'
ACTION SNIPPET 10000 7965 SEEN_PREVIOUSLY b'1566885'
ACTION SNIPPET 10000 7968 SEEN_PREVIOUSLY b'296393'
ACTION SNIPPET 10000 7971 SEEN_PREVIOUSLY b'976278'
ACTION SNIPPET 10000 7974 SEEN_PREVIOUSLY b'225523'
ACTION SNIPPET 10000 7977 SEEN_PREVIOUSLY b'611274'
ACTION QUERY 10000 7987 wildlife extinction lent
ACTION SERP 10000 7992 EXAMINE_SERP
ACTION SNIPPET 10000 7995 SEEN_PREVIOUSLY b'681074'
ACTION SNIPPET 10000 7998 SEEN_PREVIOUSLY b'392703'
ACTION SNIPPET 10000 8001 SEEN_PREVIOUSLY b'1124706'
ACTION SNIPPET 10000 8004 SEEN_PREVIOUSLY b'291608'
ACTION SNIPPET 10000 8007 SEEN_PREVIOUSLY b'399409'
ACTION SNIPPET 10000 8010 SEEN_PREVIOUSLY b'1566885'
ACTION SNIPPET 10000 8013 SEEN_PREVIOUSLY b'296393'
ACTION SNIPPET 10000 8016 SEEN_PREVIOUSLY b'976278'
ACTION SNIPPET 10000 8019 SEEN_PREVIOUSLY b'225523'
ACTION SNIPPET 10000 8022 SEEN_PREVIOUSLY b'611274'
ACTION QUERY 10000 8032 wildlife extinction christmas
ACTION SERP 10000 8037 EXAMINE_SERP
ACTION SNIPPET 10000 8040 SEEN_PREVIOUSLY b'681074'
ACTION SNIPPET 10000 8043 SEEN_PREVIOUSLY b'392703'
ACTION SNIPPET 10000 8046 SEEN_PREVIOUSLY b'904995'
ACTION SNIPPET 10000 8049 SEEN_PREVIOUSLY b'1124706'
ACTION SNIPPET 10000 8052 SEEN_PREVIOUSLY b'291608'
ACTION SNIPPET 10000 8055 SEEN_PREVIOUSLY b'399409'
ACTION SNIPPET 10000 8058 SEEN_PREVIOUSLY b'1566885'
ACTION SNIPPET 10000 8061 SEEN_PREVIOUSLY b'296393'
ACTION SNIPPET 10000 8064 SEEN_PREVIOUSLY b'976278'
ACTION SNIPPET 10000 8067 SEEN_PREVIOUSLY b'225523'
ACTION QUERY 10000 8077 wildlife extinction movement
ACTION SERP 10000 8082 EXAMINE_SERP
ACTION SNIPPET 10000 8085 SEEN_PREVIOUSLY b'681074'
ACTION SNIPPET 10000 8088 SEEN_PREVIOUSLY b'392703'
ACTION SNIPPET 10000 8091 SNIPPET_NOT_RELEVANT b'1428093'
ACTION SNIPPET 10000 8094 SNIPPET_RELEVANT b'225181'
ACTION DOC 10000 8114 EXAMINING_DOCUMENT b'225181'
ACTION SNIPPET 10000 8117 SEEN_PREVIOUSLY b'1124706'
ACTION SNIPPET 10000 8120 SEEN_PREVIOUSLY b'291608'
ACTION SNIPPET 10000 8123 SNIPPET_NOT_RELEVANT b'772137'
ACTION SNIPPET 10000 8126 SEEN_PREVIOUSLY b'399409'
ACTION SNIPPET 10000 8129 SEEN_PREVIOUSLY b'1566885'
ACTION SNIPPET 10000 8132 SEEN_PREVIOUSLY b'296393'
ACTION QUERY 10000 8142 wildlife extinction caviar
ACTION SERP 10000 8147 EXAMINE_SERP
ACTION SNIPPET 10000 8150 SNIPPET_NOT_RELEVANT b'1256461'
ACTION SNIPPET 10000 8153 SNIPPET_NOT_RELEVANT b'1575731'
ACTION SNIPPET 10000 8156 SNIPPET_NOT_RELEVANT b'897537'
ACTION SNIPPET 10000 8159 SNIPPET_RELEVANT b'1383071'
ACTION DOC 10000 8179 EXAMINING_DOCUMENT b'1383071'
ACTION MARK 10000 8182 CONSIDERED_RELEVANT b'1383071'
ACTION SNIPPET 10000 8185 SNIPPET_NOT_RELEVANT b'1440151'
ACTION SNIPPET 10000 8188 SNIPPET_NOT_RELEVANT b'1706012'
ACTION SNIPPET 10000 8191 SNIPPET_NOT_RELEVANT b'1713235'
ACTION SNIPPET 10000 8194 SNIPPET_NOT_RELEVANT b'1256692'
ACTION SNIPPET 10000 8197 SNIPPET_RELEVANT b'1220310'
ACTION DOC 10000 8217 EXAMINING_DOCUMENT b'1220310'
ACTION SNIPPET 10000 8220 SEEN_PREVIOUSLY b'1175756'
ACTION QUERY 10000 8230 wildlife extinction golden
ACTION SERP 10000 8235 EXAMINE_SERP
ACTION SNIPPET 10000 8238 SEEN_PREVIOUSLY b'1321173'
ACTION SNIPPET 10000 8241 SEEN_PREVIOUSLY b'326272'
ACTION SNIPPET 10000 8244 SEEN_PREVIOUSLY b'681074'
ACTION SNIPPET 10000 8247 SEEN_PREVIOUSLY b'392703'
ACTION SNIPPET 10000 8250 SEEN_PREVIOUSLY b'1124706'
ACTION SNIPPET 10000 8253 SEEN_PREVIOUSLY b'291608'
ACTION SNIPPET 10000 8256 SEEN_PREVIOUSLY b'399409'
ACTION SNIPPET 10000 8259 SEEN_PREVIOUSLY b'1566885'
ACTION SNIPPET 10000 8262 SEEN_PREVIOUSLY b'296393'
ACTION SNIPPET 10000 8265 SEEN_PREVIOUSLY b'976278'
ACTION QUERY 10000 8275 wildlife extinction university
ACTION SERP 10000 8280 EXAMINE_SERP
ACTION SNIPPET 10000 8283 SEEN_PREVIOUSLY b'681074'
ACTION SNIPPET 10000 8286 SEEN_PREVIOUSLY b'392703'
ACTION SNIPPET 10000 8289 SEEN_PREVIOUSLY b'221456'
ACTION SNIPPET 10000 8292 SEEN_PREVIOUSLY b'815512'
ACTION SNIPPET 10000 8295 SNIPPET_RELEVANT b'1286100'
ACTION DOC 10000 8315 EXAMINING_DOCUMENT b'1286100'
ACTION SNIPPET 10000 8318 SEEN_PREVIOUSLY b'1124706'
ACTION SNIPPET 10000 8321 SNIPPET_NOT_RELEVANT b'611278'
ACTION SNIPPET 10000 8324 SEEN_PREVIOUSLY b'291608'
ACTION SNIPPET 10000 8327 SEEN_PREVIOUSLY b'402491'
ACTION SNIPPET 10000 8330 SEEN_PREVIOUSLY b'399409'
ACTION QUERY 10000 8340 wildlife extinction smoky
ACTION SERP 10000 8345 EXAMINE_SERP
ACTION SNIPPET 10000 8348 SEEN_PREVIOUSLY b'976278'
ACTION SNIPPET 10000 8351 SEEN_PREVIOUSLY b'434337'
ACTION SNIPPET 10000 8354 SEEN_PREVIOUSLY b'681074'
ACTION SNIPPET 10000 8357 SEEN_PREVIOUSLY b'392703'
ACTION SNIPPET 10000 8360 SEEN_PREVIOUSLY b'1124706'
ACTION SNIPPET 10000 8363 SEEN_PREVIOUSLY b'291608'
ACTION SNIPPET 10000 8366 SEEN_PREVIOUSLY b'399409'
ACTION SNIPPET 10000 8369 SEEN_PREVIOUSLY b'1566885'
ACTION SNIPPET 10000 8372 SEEN_PREVIOUSLY b'296393'
ACTION SNIPPET 10000 8375 SEEN_PREVIOUSLY b'225523'
ACTION QUERY 10000 8385 wildlife extinction american
ACTION SERP 10000 8390 EXAMINE_SERP
ACTION SNIPPET 10000 8393 SEEN_PREVIOUSLY b'611274'
ACTION SNIPPET 10000 8396 SEEN_PREVIOUSLY b'399409'
ACTION SNIPPET 10000 8399 SEEN_PREVIOUSLY b'681074'
ACTION SNIPPET 10000 8402 SEEN_PREVIOUSLY b'54033'
ACTION SNIPPET 10000 8405 SEEN_PREVIOUSLY b'392703'
ACTION SNIPPET 10000 8408 SEEN_PREVIOUSLY b'296393'
ACTION SNIPPET 10000 8411 SEEN_PREVIOUSLY b'976278'
ACTION SNIPPET 10000 8414 SEEN_PREVIOUSLY b'201759'
ACTION SNIPPET 10000 8417 SEEN_PREVIOUSLY b'1124706'
ACTION SNIPPET 10000 8420 SEEN_PREVIOUSLY b'424632'
ACTION QUERY 10000 8430 wildlife extinction verde
ACTION SERP 10000 8435 EXAMINE_SERP
ACTION SNIPPET 10000 8438 SEEN_PREVIOUSLY b'681074'
ACTION SNIPPET 10000 8441 SEEN_PREVIOUSLY b'678677'
ACTION SNIPPET 10000 8444 SEEN_PREVIOUSLY b'201759'
ACTION SNIPPET 10000 8447 SNIPPET_NOT_RELEVANT b'27181'
ACTION SNIPPET 10000 8450 SEEN_PREVIOUSLY b'392703'
ACTION SNIPPET 10000 8453 SEEN_PREVIOUSLY b'1124706'
ACTION SNIPPET 10000 8456 SNIPPET_NOT_RELEVANT b'1533721'
ACTION SNIPPET 10000 8459 SEEN_PREVIOUSLY b'291608'
ACTION SNIPPET 10000 8462 SEEN_PREVIOUSLY b'399409'
ACTION SNIPPET 10000 8465 SEEN_PREVIOUSLY b'1566885'
ACTION QUERY 10000 8475 wildlife extinction baseball
ACTION SERP 10000 8480 EXAMINE_SERP
ACTION SNIPPET 10000 8483 SEEN_PREVIOUSLY b'201759'
ACTION SNIPPET 10000 8486 SEEN_PREVIOUSLY b'678677'
ACTION SNIPPET 10000 8489 SEEN_PREVIOUSLY b'681074'
ACTION SNIPPET 10000 8492 SEEN_PREVIOUSLY b'392703'
ACTION SNIPPET 10000 8495 SEEN_PREVIOUSLY b'1124706'
ACTION SNIPPET 10000 8498 SEEN_PREVIOUSLY b'291608'
ACTION SNIPPET 10000 8501 SEEN_PREVIOUSLY b'399409'
ACTION SNIPPET 10000 8504 SEEN_PREVIOUSLY b'1566885'
ACTION SNIPPET 10000 8507 SEEN_PREVIOUSLY b'296393'
ACTION SNIPPET 10000 8510 SEEN_PREVIOUSLY b'976278'
ACTION QUERY 10000 8520 wildlife extinction court
ACTION SERP 10000 8525 EXAMINE_SERP
ACTION SNIPPET 10000 8528 SEEN_PREVIOUSLY b'1321173'
ACTION SNIPPET 10000 8531 SEEN_PREVIOUSLY b'225523'
ACTION SNIPPET 10000 8534 SNIPPET_NOT_RELEVANT b'772137'
ACTION SNIPPET 10000 8537 SEEN_PREVIOUSLY b'681074'
ACTION SNIPPET 10000 8540 SEEN_PREVIOUSLY b'392703'
ACTION SNIPPET 10000 8543 SNIPPET_RELEVANT b'1256461'
ACTION DOC 10000 8563 EXAMINING_DOCUMENT b'1256461'
ACTION SNIPPET 10000 8566 SNIPPET_RELEVANT b'1390323'
ACTION DOC 10000 8586 EXAMINING_DOCUMENT b'1390323'
ACTION SNIPPET 10000 8589 SNIPPET_RELEVANT b'497482'
ACTION DOC 10000 8609 EXAMINING_DOCUMENT b'497482'
ACTION SNIPPET 10000 8612 SEEN_PREVIOUSLY b'678677'
ACTION SNIPPET 10000 8615 SEEN_PREVIOUSLY b'1124706'
ACTION QUERY 10000 8625 wildlife extinction declare
ACTION SERP 10000 8630 EXAMINE_SERP
ACTION SNIPPET 10000 8633 SEEN_PREVIOUSLY b'392703'
ACTION SNIPPET 10000 8636 SEEN_PREVIOUSLY b'399409'
ACTION SNIPPET 10000 8639 SEEN_PREVIOUSLY b'1474844'
ACTION SNIPPET 10000 8642 SEEN_PREVIOUSLY b'257571'
ACTION SNIPPET 10000 8645 SEEN_PREVIOUSLY b'372898'
ACTION SNIPPET 10000 8648 SEEN_PREVIOUSLY b'678677'
ACTION SNIPPET 10000 8651 SEEN_PREVIOUSLY b'135270'
ACTION SNIPPET 10000 8654 SEEN_PREVIOUSLY b'402491'
ACTION SNIPPET 10000 8657 SEEN_PREVIOUSLY b'286360'
ACTION SNIPPET 10000 8660 SEEN_PREVIOUSLY b'681074'
ACTION QUERY 10000 8670 wildlife extinction author
ACTION SERP 10000 8675 EXAMINE_SERP
ACTION SNIPPET 10000 8678 SEEN_PREVIOUSLY b'399409'
ACTION SNIPPET 10000 8681 SNIPPET_RELEVANT b'1669278'
ACTION DOC 10000 8701 EXAMINING_DOCUMENT b'1669278'
ACTION SNIPPET 10000 8704 SEEN_PREVIOUSLY b'296393'
ACTION SNIPPET 10000 8707 SEEN_PREVIOUSLY b'1229959'
ACTION SNIPPET 10000 8710 SEEN_PREVIOUSLY b'681074'
ACTION SNIPPET 10000 8713 SEEN_PREVIOUSLY b'257571'
ACTION SNIPPET 10000 8716 SEEN_PREVIOUSLY b'392703'
ACTION SNIPPET 10000 8719 SEEN_PREVIOUSLY b'1291786'
ACTION SNIPPET 10000 8722 SEEN_PREVIOUSLY b'429546'
ACTION SNIPPET 10000 8725 SEEN_PREVIOUSLY b'721738'
ACTION QUERY 10000 8735 wildlife extinction dept
ACTION SERP 10000 8740 EXAMINE_SERP
ACTION SNIPPET 10000 8743 SEEN_PREVIOUSLY b'681074'
ACTION SNIPPET 10000 8746 SEEN_PREVIOUSLY b'392703'
ACTION SNIPPET 10000 8749 SEEN_PREVIOUSLY b'1124706'
ACTION SNIPPET 10000 8752 SEEN_PREVIOUSLY b'291608'
ACTION SNIPPET 10000 8755 SEEN_PREVIOUSLY b'399409'
ACTION SNIPPET 10000 8758 SEEN_PREVIOUSLY b'1566885'
ACTION SNIPPET 10000 8761 SEEN_PREVIOUSLY b'296393'
ACTION SNIPPET 10000 8764 SEEN_PREVIOUSLY b'976278'
ACTION SNIPPET 10000 8767 SEEN_PREVIOUSLY b'225523'
ACTION SNIPPET 10000 8770 SEEN_PREVIOUSLY b'611274'
ACTION QUERY 10000 8780 wildlife extinction carrier
ACTION SERP 10000 8785 EXAMINE_SERP
ACTION SNIPPET 10000 8788 SNIPPET_NOT_RELEVANT b'444616'
ACTION SNIPPET 10000 8791 SEEN_PREVIOUSLY b'681074'
ACTION SNIPPET 10000 8794 SEEN_PREVIOUSLY b'392703'
ACTION SNIPPET 10000 8797 SEEN_PREVIOUSLY b'1124706'
ACTION SNIPPET 10000 8800 SEEN_PREVIOUSLY b'291608'
ACTION SNIPPET 10000 8803 SEEN_PREVIOUSLY b'399409'
ACTION SNIPPET 10000 8806 SEEN_PREVIOUSLY b'1566885'
ACTION SNIPPET 10000 8809 SEEN_PREVIOUSLY b'296393'
ACTION SNIPPET 10000 8812 SEEN_PREVIOUSLY b'976278'
ACTION SNIPPET 10000 8815 SEEN_PREVIOUSLY b'225523'
ACTION QUERY 10000 8825 wildlife extinction sperm
ACTION SERP 10000 8830 EXAMINE_SERP
ACTION SNIPPET 10000 8833 SNIPPET_NOT_RELEVANT b'1218398'
ACTION SNIPPET 10000 8836 SEEN_PREVIOUSLY b'259928'
ACTION SNIPPET 10000 8839 SEEN_PREVIOUSLY b'681074'
ACTION SNIPPET 10000 8842 SEEN_PREVIOUSLY b'392703'
ACTION SNIPPET 10000 8845 SNIPPET_NOT_RELEVANT b'1477092'
ACTION SNIPPET 10000 8848 SEEN_PREVIOUSLY b'1124706'
ACTION SNIPPET 10000 8851 SEEN_PREVIOUSLY b'291608'
ACTION SNIPPET 10000 8854 SNIPPET_RELEVANT b'158936'
ACTION DOC 10000 8874 EXAMINING_DOCUMENT b'158936'
ACTION SNIPPET 10000 8877 SEEN_PREVIOUSLY b'399409'
ACTION SNIPPET 10000 8880 SEEN_PREVIOUSLY b'1566885'
ACTION QUERY 10000 8890 wildlife extinction western
ACTION SERP 10000 8895 EXAMINE_SERP
ACTION SNIPPET 10000 8898 SEEN_PREVIOUSLY b'976278'
ACTION SNIPPET 10000 8901 SEEN_PREVIOUSLY b'815512'
ACTION SNIPPET 10000 8904 SEEN_PREVIOUSLY b'257571'
ACTION SNIPPET 10000 8907 SEEN_PREVIOUSLY b'296393'
ACTION SNIPPET 10000 8910 SEEN_PREVIOUSLY b'404722'
ACTION SNIPPET 10000 8913 SEEN_PREVIOUSLY b'96243'
ACTION SNIPPET 10000 8916 SNIPPET_NOT_RELEVANT b'145153'
ACTION SNIPPET 10000 8919 SEEN_PREVIOUSLY b'201759'
ACTION SNIPPET 10000 8922 SEEN_PREVIOUSLY b'402491'
ACTION SNIPPET 10000 8925 SNIPPET_RELEVANT b'491198'
ACTION DOC 10000 8945 EXAMINING_DOCUMENT b'491198'
ACTION QUERY 10000 8955 wildlife extinction hawaiian
ACTION SERP 10000 8960 EXAMINE_SERP
ACTION SNIPPET 10000 8963 SNIPPET_RELEVANT b'1635959'
ACTION DOC 10000 8983 EXAMINING_DOCUMENT b'1635959'
ACTION SNIPPET 10000 8986 SNIPPET_RELEVANT b'1048384'
ACTION DOC 10000 9006 EXAMINING_DOCUMENT b'1048384'
ACTION SNIPPET 10000 9009 SEEN_PREVIOUSLY b'1321173'
ACTION SNIPPET 10000 9012 SEEN_PREVIOUSLY b'1203931'
ACTION SNIPPET 10000 9015 SNIPPET_RELEVANT b'462210'
ACTION DOC 10000 9035 EXAMINING_DOCUMENT b'462210'
ACTION SNIPPET 10000 9038 SNIPPET_RELEVANT b'706087'
ACTION DOC 10000 9058 EXAMINING_DOCUMENT b'706087'
ACTION SNIPPET 10000 9061 SNIPPET_NOT_RELEVANT b'358647'
ACTION SNIPPET 10000 9064 SEEN_PREVIOUSLY b'681074'
ACTION SNIPPET 10000 9067 SEEN_PREVIOUSLY b'392703'
ACTION SNIPPET 10000 9070 SNIPPET_NOT_RELEVANT b'852206'
ACTION QUERY 10000 9080 wildlife extinction canceled
ACTION SERP 10000 9085 EXAMINE_SERP
ACTION SNIPPET 10000 9088 SNIPPET_RELEVANT b'1230221'
ACTION DOC 10000 9108 EXAMINING_DOCUMENT b'1230221'
ACTION SNIPPET 10000 9111 SNIPPET_NOT_RELEVANT b'578536'
ACTION SNIPPET 10000 9114 SEEN_PREVIOUSLY b'681074'
ACTION SNIPPET 10000 9117 SEEN_PREVIOUSLY b'392703'
ACTION SNIPPET 10000 9120 SNIPPET_RELEVANT b'380079'
ACTION DOC 10000 9140 EXAMINING_DOCUMENT b'380079'
ACTION SNIPPET 10000 9143 SEEN_PREVIOUSLY b'1124706'
ACTION SNIPPET 10000 9146 SEEN_PREVIOUSLY b'291608'
ACTION SNIPPET 10000 9149 SEEN_PREVIOUSLY b'399409'
ACTION SNIPPET 10000 9152 SEEN_PREVIOUSLY b'1566885'
ACTION SNIPPET 10000 9155 SEEN_PREVIOUSLY b'296393'
ACTION QUERY 10000 9165 wildlife extinction nwr
ACTION SERP 10000 9170 EXAMINE_SERP
ACTION SNIPPET 10000 9173 SEEN_PREVIOUSLY b'681074'
ACTION SNIPPET 10000 9176 SEEN_PREVIOUSLY b'392703'
ACTION SNIPPET 10000 9179 SEEN_PREVIOUSLY b'1124706'
ACTION SNIPPET 10000 9182 SEEN_PREVIOUSLY b'291608'
ACTION SNIPPET 10000 9185 SEEN_PREVIOUSLY b'399409'
ACTION SNIPPET 10000 9188 SEEN_PREVIOUSLY b'1566885'
ACTION SNIPPET 10000 9191 SEEN_PREVIOUSLY b'296393'
ACTION SNIPPET 10000 9194 SEEN_PREVIOUSLY b'976278'
ACTION SNIPPET 10000 9197 SEEN_PREVIOUSLY b'225523'
ACTION SNIPPET 10000 9200 SEEN_PREVIOUSLY b'611274'
ACTION QUERY 10000 9210 wildlife extinction taiwan
ACTION SERP 10000 9215 EXAMINE_SERP
ACTION SNIPPET 10000 9218 SEEN_PREVIOUSLY b'679949'
ACTION SNIPPET 10000 9221 SEEN_PREVIOUSLY b'678919'
ACTION SNIPPET 10000 9224 SNIPPET_RELEVANT b'730575'
ACTION DOC 10000 9244 EXAMINING_DOCUMENT b'730575'
ACTION MARK 10000 9247 CONSIDERED_RELEVANT b'730575'
ACTION SNIPPET 10000 9250 SNIPPET_RELEVANT b'674566'
ACTION DOC 10000 9270 EXAMINING_DOCUMENT b'674566'
ACTION MARK 10000 9273 CONSIDERED_RELEVANT b'674566'
ACTION SNIPPET 10000 9276 SNIPPET_NOT_RELEVANT b'649612'
ACTION SNIPPET 10000 9279 SEEN_PREVIOUSLY b'681074'
ACTION SNIPPET 10000 9282 SEEN_PREVIOUSLY b'392703'
ACTION SNIPPET 10000 9285 SEEN_PREVIOUSLY b'1124706'
ACTION SNIPPET 10000 9288 SEEN_PREVIOUSLY b'291608'
ACTION SNIPPET 10000 9291 SEEN_PREVIOUSLY b'399409'
ACTION QUERY 10000 9301 wildlife extinction shut
ACTION SERP 10000 9306 EXAMINE_SERP
ACTION SNIPPET 10000 9309 SEEN_PREVIOUSLY b'257571'
ACTION SNIPPET 10000 9312 SEEN_PREVIOUSLY b'681074'
ACTION SNIPPET 10000 9315 SEEN_PREVIOUSLY b'392703'
ACTION SNIPPET 10000 9318 SEEN_PREVIOUSLY b'1124706'
ACTION SNIPPET 10000 9321 SEEN_PREVIOUSLY b'291608'
ACTION SNIPPET 10000 9324 SEEN_PREVIOUSLY b'399409'
ACTION SNIPPET 10000 9327 SEEN_PREVIOUSLY b'1566885'
ACTION SNIPPET 10000 9330 SEEN_PREVIOUSLY b'296393'
ACTION SNIPPET 10000 9333 SEEN_PREVIOUSLY b'976278'
ACTION SNIPPET 10000 9336 SEEN_PREVIOUSLY b'225523'
ACTION QUERY 10000 9346 wildlife extinction reintroduced
ACTION SERP 10000 9351 EXAMINE_SERP
ACTION SNIPPET 10000 9354 SEEN_PREVIOUSLY b'154117'
ACTION SNIPPET 10000 9357 SEEN_PREVIOUSLY b'491198'
ACTION SNIPPET 10000 9360 SEEN_PREVIOUSLY b'13522'
ACTION SNIPPET 10000 9363 SEEN_PREVIOUSLY b'54389'
ACTION SNIPPET 10000 9366 SEEN_PREVIOUSLY b'424632'
ACTION SNIPPET 10000 9369 SEEN_PREVIOUSLY b'87055'
ACTION SNIPPET 10000 9372 SEEN_PREVIOUSLY b'678677'
ACTION SNIPPET 10000 9375 SNIPPET_RELEVANT b'1810813'
ACTION DOC 10000 9395 EXAMINING_DOCUMENT b'1810813'
ACTION SNIPPET 10000 9398 SNIPPET_NOT_RELEVANT b'1028317'
ACTION SNIPPET 10000 9401 SNIPPET_NOT_RELEVANT b'1099639'
ACTION QUERY 10000 9411 wildlife extinction stap
ACTION SERP 10000 9416 EXAMINE_SERP
ACTION SNIPPET 10000 9419 SNIPPET_NOT_RELEVANT b'371400'
ACTION SNIPPET 10000 9422 SEEN_PREVIOUSLY b'681074'
ACTION SNIPPET 10000 9425 SEEN_PREVIOUSLY b'392703'
ACTION SNIPPET 10000 9428 SEEN_PREVIOUSLY b'1124706'
ACTION SNIPPET 10000 9431 SEEN_PREVIOUSLY b'291608'
ACTION SNIPPET 10000 9434 SNIPPET_NOT_RELEVANT b'1159159'
ACTION SNIPPET 10000 9437 SEEN_PREVIOUSLY b'399409'
ACTION SNIPPET 10000 9440 SEEN_PREVIOUSLY b'1566885'
ACTION SNIPPET 10000 9443 SEEN_PREVIOUSLY b'296393'
ACTION SNIPPET 10000 9446 SEEN_PREVIOUSLY b'976278'
ACTION QUERY 10000 9456 wildlife extinction ferrets
ACTION SERP 10000 9461 EXAMINE_SERP
ACTION SNIPPET 10000 9464 SEEN_PREVIOUSLY b'18289'
ACTION SNIPPET 10000 9467 SEEN_PREVIOUSLY b'286360'
ACTION SNIPPET 10000 9470 SNIPPET_NOT_RELEVANT b'48307'
ACTION SNIPPET 10000 9473 SEEN_PREVIOUSLY b'491198'
ACTION SNIPPET 10000 9476 SEEN_PREVIOUSLY b'476026'
ACTION SNIPPET 10000 9479 SEEN_PREVIOUSLY b'201759'
ACTION SNIPPET 10000 9482 SNIPPET_NOT_RELEVANT b'29898'
ACTION SNIPPET 10000 9485 SNIPPET_RELEVANT b'1755268'
ACTION DOC 10000 9505 EXAMINING_DOCUMENT b'1755268'
ACTION SNIPPET 10000 9508 SEEN_PREVIOUSLY b'119036'
ACTION SNIPPET 10000 9511 SEEN_PREVIOUSLY b'154117'
ACTION QUERY 10000 9521 wildlife extinction true
ACTION SERP 10000 9526 EXAMINE_SERP
ACTION SNIPPET 10000 9529 SEEN_PREVIOUSLY b'399409'
ACTION SNIPPET 10000 9532 SEEN_PREVIOUSLY b'221456'
ACTION SNIPPET 10000 9535 SNIPPET_NOT_RELEVANT b'1765450'
ACTION SNIPPET 10000 9538 SEEN_PREVIOUSLY b'681074'
ACTION SNIPPET 10000 9541 SEEN_PREVIOUSLY b'392703'
ACTION SNIPPET 10000 9544 SNIPPET_NOT_RELEVANT b'1195516'
ACTION SNIPPET 10000 9547 SEEN_PREVIOUSLY b'429546'
ACTION SNIPPET 10000 9550 SEEN_PREVIOUSLY b'1124706'
ACTION SNIPPET 10000 9553 SEEN_PREVIOUSLY b'13522'
ACTION SNIPPET 10000 9556 SEEN_PREVIOUSLY b'291608'
ACTION QUERY 10000 9566 wildlife extinction carry
ACTION SERP 10000 9571 EXAMINE_SERP
ACTION SNIPPET 10000 9574 SEEN_PREVIOUSLY b'392703'
ACTION SNIPPET 10000 9577 SEEN_PREVIOUSLY b'88690'
ACTION SNIPPET 10000 9580 SEEN_PREVIOUSLY b'201759'
ACTION SNIPPET 10000 9583 SEEN_PREVIOUSLY b'681074'
ACTION SNIPPET 10000 9586 SEEN_PREVIOUSLY b'815512'
ACTION SNIPPET 10000 9589 SEEN_PREVIOUSLY b'119036'
ACTION SNIPPET 10000 9592 SEEN_PREVIOUSLY b'1124706'
ACTION SNIPPET 10000 9595 SEEN_PREVIOUSLY b'1291786'
ACTION SNIPPET 10000 9598 SEEN_PREVIOUSLY b'291608'
ACTION SNIPPET 10000 9601 SEEN_PREVIOUSLY b'54389'
ACTION QUERY 10000 9611 wildlife extinction plover
ACTION SERP 10000 9616 EXAMINE_SERP
ACTION SNIPPET 10000 9619 SNIPPET_NOT_RELEVANT b'917596'
ACTION SNIPPET 10000 9622 SNIPPET_NOT_RELEVANT b'906360'
ACTION SNIPPET 10000 9625 SNIPPET_RELEVANT b'269055'
ACTION DOC 10000 9645 EXAMINING_DOCUMENT b'269055'
ACTION SNIPPET 10000 9648 SNIPPET_NOT_RELEVANT b'905958'
ACTION SNIPPET 10000 9651 SNIPPET_NOT_RELEVANT b'684556'
ACTION SNIPPET 10000 9654 SNIPPET_NOT_RELEVANT b'1213404'
ACTION SNIPPET 10000 9657 SNIPPET_RELEVANT b'854284'
ACTION DOC 10000 9677 EXAMINING_DOCUMENT b'854284'
ACTION SNIPPET 10000 9680 SNIPPET_RELEVANT b'907542'
ACTION DOC 10000 9700 EXAMINING_DOCUMENT b'907542'
ACTION SNIPPET 10000 9703 SNIPPET_NOT_RELEVANT b'1026107'
ACTION SNIPPET 10000 9706 SNIPPET_NOT_RELEVANT b'1235719'
ACTION QUERY 10000 9716 wildlife extinction penny
ACTION SERP 10000 9721 EXAMINE_SERP
ACTION SNIPPET 10000 9724 SEEN_PREVIOUSLY b'681074'
ACTION SNIPPET 10000 9727 SEEN_PREVIOUSLY b'392703'
ACTION SNIPPET 10000 9730 SNIPPET_RELEVANT b'684556'
ACTION DOC 10000 9750 EXAMINING_DOCUMENT b'684556'
ACTION SNIPPET 10000 9753 SEEN_PREVIOUSLY b'1124706'
ACTION SNIPPET 10000 9756 SEEN_PREVIOUSLY b'291608'
ACTION SNIPPET 10000 9759 SEEN_PREVIOUSLY b'399409'
ACTION SNIPPET 10000 9762 SEEN_PREVIOUSLY b'1566885'
ACTION SNIPPET 10000 9765 SEEN_PREVIOUSLY b'296393'
ACTION SNIPPET 10000 9768 SEEN_PREVIOUSLY b'976278'
ACTION SNIPPET 10000 9771 SEEN_PREVIOUSLY b'225523'
ACTION QUERY 10000 9781 wildlife extinction cape
ACTION SERP 10000 9786 EXAMINE_SERP
ACTION SNIPPET 10000 9789 SEEN_PREVIOUSLY b'221456'
ACTION SNIPPET 10000 9792 SNIPPET_RELEVANT b'958002'
ACTION DOC 10000 9812 EXAMINING_DOCUMENT b'958002'
ACTION SNIPPET 10000 9815 SNIPPET_NOT_RELEVANT b'874401'
ACTION SNIPPET 10000 9818 SEEN_PREVIOUSLY b'681074'
ACTION SNIPPET 10000 9821 SEEN_PREVIOUSLY b'269055'
ACTION SNIPPET 10000 9824 SEEN_PREVIOUSLY b'392703'
ACTION SNIPPET 10000 9827 SNIPPET_RELEVANT b'702917'
ACTION DOC 10000 9847 EXAMINING_DOCUMENT b'702917'
ACTION SNIPPET 10000 9850 SEEN_PREVIOUSLY b'1124706'
ACTION SNIPPET 10000 9853 SNIPPET_RELEVANT b'1112301'
ACTION DOC 10000 9873 EXAMINING_DOCUMENT b'1112301'
ACTION SNIPPET 10000 9876 SNIPPET_NOT_RELEVANT b'876271'
ACTION QUERY 10000 9886 wildlife extinction road
ACTION SERP 10000 9891 EXAMINE_SERP
ACTION SNIPPET 10000 9894 SEEN_PREVIOUSLY b'976278'
ACTION SNIPPET 10000 9897 SEEN_PREVIOUSLY b'96243'
ACTION SNIPPET 10000 9900 SEEN_PREVIOUSLY b'681074'
ACTION SNIPPET 10000 9903 SNIPPET_NOT_RELEVANT b'838822'
ACTION SNIPPET 10000 9906 SEEN_PREVIOUSLY b'392703'
ACTION SNIPPET 10000 9909 SNIPPET_NOT_RELEVANT b'374446'
ACTION SNIPPET 10000 9912 SEEN_PREVIOUSLY b'1229959'
ACTION SNIPPET 10000 9915 SEEN_PREVIOUSLY b'54389'
ACTION SNIPPET 10000 9918 SEEN_PREVIOUSLY b'1124706'
ACTION SNIPPET 10000 9921 SEEN_PREVIOUSLY b'291608'
ACTION QUERY 10000 9931 wildlife extinction pa
ACTION SERP 10000 9936 EXAMINE_SERP
ACTION SNIPPET 10000 9939 SEEN_PREVIOUSLY b'1660391'
ACTION SNIPPET 10000 9942 SNIPPET_NOT_RELEVANT b'1765450'
ACTION SNIPPET 10000 9945 SEEN_PREVIOUSLY b'681074'
ACTION SNIPPET 10000 9948 SEEN_PREVIOUSLY b'392703'
ACTION SNIPPET 10000 9951 SEEN_PREVIOUSLY b'1124706'
ACTION SNIPPET 10000 9954 SEEN_PREVIOUSLY b'291608'
ACTION SNIPPET 10000 9957 SEEN_PREVIOUSLY b'399409'
ACTION SNIPPET 10000 9960 SEEN_PREVIOUSLY b'1566885'
ACTION SNIPPET 10000 9963 SEEN_PREVIOUSLY b'296393'
ACTION SNIPPET 10000 9966 SEEN_PREVIOUSLY b'976278'
ACTION QUERY 10000 9976 wildlife extinction poached
ACTION SERP 10000 9981 EXAMINE_SERP
ACTION SNIPPET 10000 9984 SEEN_PREVIOUSLY b'1566885'
ACTION SNIPPET 10000 9987 SEEN_PREVIOUSLY b'291608'
ACTION SNIPPET 10000 9990 SEEN_PREVIOUSLY b'296393'
ACTION SNIPPET 10000 9993 SNIPPET_NOT_RELEVANT b'174026'
ACTION SNIPPET 10000 9996 SEEN_PREVIOUSLY b'1670595'
ACTION SNIPPET 10000 9999 SEEN_PREVIOUSLY b'1665449'
ACTION SNIPPET 10000 10002 SNIPPET_NOT_RELEVANT b'134001'
INFO SUMMARY 
INFO TOTAL_QUERIES_ISSUED 144
INFO TOTAL_SNIPPETS_EXAMINED 1437
INFO TOTAL_DOCUMENTS_EXAMINED 171
INFO TOTAL_DOCUMENTS_MARKED_RELEVANT 37
INFO TOTAL_ATTRACTIVE_SERP_IMPRESSIONS 144
INFO TOTAL_UNATTRACTIVE_SERP_IMPRESSIONS 0
