ACTION QUERY 10000 10 college education advantage
ACTION SERP 10000 15 EXAMINE_SERP
ACTION SNIPPET 10000 18 SNIPPET_NOT_RELEVANT b'77858'
ACTION SNIPPET 10000 21 SNIPPET_NOT_RELEVANT b'845002'
ACTION SNIPPET 10000 24 SNIPPET_RELEVANT b'1642208'
ACTION DOC 10000 44 EXAMINING_DOCUMENT b'1642208'
ACTION SNIPPET 10000 47 SNIPPET_RELEVANT b'1707549'
ACTION DOC 10000 67 EXAMINING_DOCUMENT b'1707549'
ACTION QUERY 10000 77 college education advantage job
ACTION SERP 10000 82 EXAMINE_SERP
ACTION SNIPPET 10000 85 SNIPPET_NOT_RELEVANT b'247974'
ACTION SNIPPET 10000 88 SNIPPET_RELEVANT b'1170209'
ACTION DOC 10000 108 EXAMINING_DOCUMENT b'1170209'
ACTION SNIPPET 10000 111 SNIPPET_NOT_RELEVANT b'1375375'
ACTION SNIPPET 10000 114 SNIPPET_RELEVANT b'362112'
ACTION DOC 10000 134 EXAMINING_DOCUMENT b'362112'
ACTION MARK 10000 137 CONSIDERED_RELEVANT b'362112'
ACTION SNIPPET 10000 140 SEEN_PREVIOUSLY b'1707549'
ACTION SNIPPET 10000 143 SNIPPET_RELEVANT b'1361566'
ACTION DOC 10000 163 EXAMINING_DOCUMENT b'1361566'
ACTION MARK 10000 166 CONSIDERED_RELEVANT b'1361566'
ACTION SNIPPET 10000 169 SNIPPET_RELEVANT b'140339'
ACTION DOC 10000 189 EXAMINING_DOCUMENT b'140339'
ACTION SNIPPET 10000 192 SNIPPET_RELEVANT b'1706607'
ACTION DOC 10000 212 EXAMINING_DOCUMENT b'1706607'
ACTION MARK 10000 215 CONSIDERED_RELEVANT b'1706607'
ACTION SNIPPET 10000 218 SNIPPET_RELEVANT b'1148604'
ACTION DOC 10000 238 EXAMINING_DOCUMENT b'1148604'
ACTION SNIPPET 10000 241 SNIPPET_NOT_RELEVANT b'1576073'
ACTION SNIPPET 10000 244 SNIPPET_NOT_RELEVANT b'722023'
ACTION SNIPPET 10000 247 SNIPPET_NOT_RELEVANT b'1028368'
ACTION SNIPPET 10000 250 SNIPPET_RELEVANT b'190484'
ACTION DOC 10000 270 EXAMINING_DOCUMENT b'190484'
ACTION QUERY 10000 280 college education advantage hiring
ACTION SERP 10000 285 EXAMINE_SERP
ACTION SNIPPET 10000 288 SNIPPET_NOT_RELEVANT b'1064'
ACTION SNIPPET 10000 291 SNIPPET_NOT_RELEVANT b'1064'
ACTION SNIPPET 10000 294 SNIPPET_RELEVANT b'852976'
ACTION DOC 10000 314 EXAMINING_DOCUMENT b'852976'
ACTION MARK 10000 317 CONSIDERED_RELEVANT b'852976'
ACTION SNIPPET 10000 320 SNIPPET_NOT_RELEVANT b'168948'
ACTION SNIPPET 10000 323 SNIPPET_NOT_RELEVANT b'722023'
ACTION SNIPPET 10000 326 SEEN_PREVIOUSLY b'1361566'
ACTION SNIPPET 10000 329 SNIPPET_NOT_RELEVANT b'1566299'
ACTION SNIPPET 10000 332 SEEN_PREVIOUSLY b'1706607'
ACTION SNIPPET 10000 335 SNIPPET_RELEVANT b'1714546'
ACTION DOC 10000 355 EXAMINING_DOCUMENT b'1714546'
ACTION SNIPPET 10000 358 SNIPPET_NOT_RELEVANT b'435165'
ACTION SNIPPET 10000 361 SNIPPET_RELEVANT b'268640'
ACTION DOC 10000 381 EXAMINING_DOCUMENT b'268640'
ACTION QUERY 10000 391 college education advantage potential
ACTION SERP 10000 396 EXAMINE_SERP
ACTION SNIPPET 10000 399 SNIPPET_RELEVANT b'1739514'
ACTION DOC 10000 419 EXAMINING_DOCUMENT b'1739514'
ACTION SNIPPET 10000 422 SNIPPET_RELEVANT b'961022'
ACTION DOC 10000 442 EXAMINING_DOCUMENT b'961022'
ACTION QUERY 10000 452 college education advantage income
ACTION SERP 10000 457 EXAMINE_SERP
ACTION SNIPPET 10000 460 SEEN_PREVIOUSLY b'1170209'
ACTION SNIPPET 10000 463 SNIPPET_NOT_RELEVANT b'1576073'
ACTION SNIPPET 10000 466 SNIPPET_RELEVANT b'911354'
ACTION DOC 10000 486 EXAMINING_DOCUMENT b'911354'
ACTION SNIPPET 10000 489 SNIPPET_NOT_RELEVANT b'148455'
ACTION SNIPPET 10000 492 SNIPPET_RELEVANT b'1235262'
ACTION DOC 10000 512 EXAMINING_DOCUMENT b'1235262'
ACTION QUERY 10000 522 college education advantage cite
ACTION SERP 10000 527 EXAMINE_SERP
ACTION SNIPPET 10000 530 SEEN_PREVIOUSLY b'1235262'
ACTION SNIPPET 10000 533 SNIPPET_NOT_RELEVANT b'1022272'
ACTION SNIPPET 10000 536 SNIPPET_NOT_RELEVANT b'598148'
ACTION SNIPPET 10000 539 SNIPPET_NOT_RELEVANT b'62263'
ACTION SNIPPET 10000 542 SNIPPET_RELEVANT b'1172524'
ACTION DOC 10000 562 EXAMINING_DOCUMENT b'1172524'
ACTION SNIPPET 10000 565 SNIPPET_RELEVANT b'350105'
ACTION DOC 10000 585 EXAMINING_DOCUMENT b'350105'
ACTION QUERY 10000 595 college education advantage increased
ACTION SERP 10000 600 EXAMINE_SERP
ACTION SNIPPET 10000 603 SNIPPET_NOT_RELEVANT b'366797'
ACTION SNIPPET 10000 606 SNIPPET_NOT_RELEVANT b'1019664'
ACTION SNIPPET 10000 609 SEEN_PREVIOUSLY b'1642208'
ACTION SNIPPET 10000 612 SNIPPET_NOT_RELEVANT b'1576073'
ACTION SNIPPET 10000 615 SNIPPET_RELEVANT b'14324'
ACTION DOC 10000 635 EXAMINING_DOCUMENT b'14324'
ACTION SNIPPET 10000 638 SNIPPET_NOT_RELEVANT b'1064700'
ACTION SNIPPET 10000 641 SNIPPET_NOT_RELEVANT b'447862'
ACTION SNIPPET 10000 644 SNIPPET_NOT_RELEVANT b'1438356'
ACTION SNIPPET 10000 647 SNIPPET_RELEVANT b'1742599'
ACTION DOC 10000 667 EXAMINING_DOCUMENT b'1742599'
ACTION QUERY 10000 677 college education advantage graduates
ACTION SERP 10000 682 EXAMINE_SERP
ACTION SNIPPET 10000 685 SNIPPET_RELEVANT b'845002'
ACTION DOC 10000 705 EXAMINING_DOCUMENT b'845002'
ACTION SNIPPET 10000 708 SNIPPET_NOT_RELEVANT b'247974'
ACTION SNIPPET 10000 711 SNIPPET_RELEVANT b'434854'
ACTION DOC 10000 731 EXAMINING_DOCUMENT b'434854'
ACTION QUERY 10000 741 college education advantage opportunities
ACTION SERP 10000 746 EXAMINE_SERP
ACTION SNIPPET 10000 749 SNIPPET_NOT_RELEVANT b'1185321'
ACTION SNIPPET 10000 752 SNIPPET_RELEVANT b'402086'
ACTION DOC 10000 772 EXAMINING_DOCUMENT b'402086'
ACTION SNIPPET 10000 775 SNIPPET_NOT_RELEVANT b'1775839'
ACTION SNIPPET 10000 778 SNIPPET_NOT_RELEVANT b'1028368'
ACTION SNIPPET 10000 781 SEEN_PREVIOUSLY b'1170209'
ACTION SNIPPET 10000 784 SNIPPET_NOT_RELEVANT b'927602'
ACTION SNIPPET 10000 787 SNIPPET_RELEVANT b'1775428'
ACTION DOC 10000 807 EXAMINING_DOCUMENT b'1775428'
ACTION QUERY 10000 817 college education advantage citing
ACTION SERP 10000 822 EXAMINE_SERP
ACTION SNIPPET 10000 825 SEEN_PREVIOUSLY b'1235262'
ACTION SNIPPET 10000 828 SNIPPET_RELEVANT b'1022272'
ACTION DOC 10000 848 EXAMINING_DOCUMENT b'1022272'
ACTION SNIPPET 10000 851 SNIPPET_NOT_RELEVANT b'598148'
ACTION SNIPPET 10000 854 SNIPPET_NOT_RELEVANT b'62263'
ACTION SNIPPET 10000 857 SEEN_PREVIOUSLY b'1172524'
ACTION SNIPPET 10000 860 SEEN_PREVIOUSLY b'350105'
ACTION SNIPPET 10000 863 SNIPPET_NOT_RELEVANT b'272993'
ACTION SNIPPET 10000 866 SNIPPET_NOT_RELEVANT b'433551'
ACTION SNIPPET 10000 869 SEEN_PREVIOUSLY b'268640'
ACTION QUERY 10000 879 college education advantage stanford
ACTION SERP 10000 884 EXAMINE_SERP
ACTION SNIPPET 10000 887 SNIPPET_RELEVANT b'1790828'
ACTION DOC 10000 907 EXAMINING_DOCUMENT b'1790828'
ACTION SNIPPET 10000 910 SNIPPET_RELEVANT b'1842415'
ACTION DOC 10000 930 EXAMINING_DOCUMENT b'1842415'
ACTION QUERY 10000 940 college education advantage reform
ACTION SERP 10000 945 EXAMINE_SERP
ACTION SNIPPET 10000 948 SNIPPET_NOT_RELEVANT b'430740'
ACTION SNIPPET 10000 951 SEEN_PREVIOUSLY b'1148604'
ACTION SNIPPET 10000 954 SEEN_PREVIOUSLY b'1022272'
ACTION SNIPPET 10000 957 SNIPPET_RELEVANT b'954627'
ACTION DOC 10000 977 EXAMINING_DOCUMENT b'954627'
ACTION SNIPPET 10000 980 SEEN_PREVIOUSLY b'1361566'
ACTION SNIPPET 10000 983 SNIPPET_NOT_RELEVANT b'1619148'
ACTION SNIPPET 10000 986 SNIPPET_RELEVANT b'64656'
ACTION DOC 10000 1006 EXAMINING_DOCUMENT b'64656'
ACTION QUERY 10000 1016 college education advantage years
ACTION SERP 10000 1021 EXAMINE_SERP
ACTION SNIPPET 10000 1024 SNIPPET_NOT_RELEVANT b'77858'
ACTION SNIPPET 10000 1027 SEEN_PREVIOUSLY b'845002'
ACTION SNIPPET 10000 1030 SEEN_PREVIOUSLY b'1739514'
ACTION SNIPPET 10000 1033 SEEN_PREVIOUSLY b'1642208'
ACTION SNIPPET 10000 1036 SEEN_PREVIOUSLY b'1707549'
ACTION SNIPPET 10000 1039 SNIPPET_NOT_RELEVANT b'1185321'
ACTION SNIPPET 10000 1042 SNIPPET_NOT_RELEVANT b'954708'
ACTION SNIPPET 10000 1045 SNIPPET_NOT_RELEVANT b'1065767'
ACTION SNIPPET 10000 1048 SNIPPET_NOT_RELEVANT b'247974'
ACTION SNIPPET 10000 1051 SNIPPET_NOT_RELEVANT b'366797'
ACTION SNIPPET 10000 1054 SEEN_PREVIOUSLY b'434854'
ACTION SNIPPET 10000 1057 SEEN_PREVIOUSLY b'1235262'
ACTION SNIPPET 10000 1060 SNIPPET_RELEVANT b'965812'
ACTION DOC 10000 1080 EXAMINING_DOCUMENT b'965812'
ACTION QUERY 10000 1090 college education advantage bachelors
ACTION SERP 10000 1095 EXAMINE_SERP
ACTION SNIPPET 10000 1098 SEEN_PREVIOUSLY b'1706607'
ACTION SNIPPET 10000 1101 SNIPPET_NOT_RELEVANT b'1641630'
ACTION SNIPPET 10000 1104 SNIPPET_RELEVANT b'332828'
ACTION DOC 10000 1124 EXAMINING_DOCUMENT b'332828'
ACTION SNIPPET 10000 1127 SNIPPET_RELEVANT b'1205941'
ACTION DOC 10000 1147 EXAMINING_DOCUMENT b'1205941'
ACTION QUERY 10000 1157 college education advantage social
ACTION SERP 10000 1162 EXAMINE_SERP
ACTION SNIPPET 10000 1165 SEEN_PREVIOUSLY b'1707549'
ACTION SNIPPET 10000 1168 SNIPPET_RELEVANT b'1065767'
ACTION DOC 10000 1188 EXAMINING_DOCUMENT b'1065767'
ACTION SNIPPET 10000 1191 SEEN_PREVIOUSLY b'140339'
ACTION SNIPPET 10000 1194 SNIPPET_RELEVANT b'216664'
ACTION DOC 10000 1214 EXAMINING_DOCUMENT b'216664'
ACTION QUERY 10000 1224 college education advantage era
ACTION SERP 10000 1229 EXAMINE_SERP
ACTION SNIPPET 10000 1232 SEEN_PREVIOUSLY b'1642208'
ACTION SNIPPET 10000 1235 SNIPPET_RELEVANT b'479411'
ACTION DOC 10000 1255 EXAMINING_DOCUMENT b'479411'
ACTION SNIPPET 10000 1258 SNIPPET_NOT_RELEVANT b'1519827'
ACTION SNIPPET 10000 1261 SNIPPET_RELEVANT b'1577987'
ACTION DOC 10000 1281 EXAMINING_DOCUMENT b'1577987'
ACTION QUERY 10000 1291 college education advantage work
ACTION SERP 10000 1296 EXAMINE_SERP
ACTION SNIPPET 10000 1299 SEEN_PREVIOUSLY b'1707549'
ACTION SNIPPET 10000 1302 SNIPPET_NOT_RELEVANT b'77858'
ACTION SNIPPET 10000 1305 SEEN_PREVIOUSLY b'1642208'
ACTION SNIPPET 10000 1308 SNIPPET_RELEVANT b'247974'
ACTION DOC 10000 1328 EXAMINING_DOCUMENT b'247974'
ACTION SNIPPET 10000 1331 SEEN_PREVIOUSLY b'434854'
ACTION SNIPPET 10000 1334 SEEN_PREVIOUSLY b'845002'
ACTION SNIPPET 10000 1337 SEEN_PREVIOUSLY b'1170209'
ACTION SNIPPET 10000 1340 SNIPPET_NOT_RELEVANT b'1093014'
ACTION SNIPPET 10000 1343 SNIPPET_NOT_RELEVANT b'804673'
ACTION QUERY 10000 1353 college education advantage training
ACTION SERP 10000 1358 EXAMINE_SERP
ACTION SNIPPET 10000 1361 SNIPPET_RELEVANT b'77858'
ACTION DOC 10000 1381 EXAMINING_DOCUMENT b'77858'
ACTION SNIPPET 10000 1384 SEEN_PREVIOUSLY b'1642208'
ACTION SNIPPET 10000 1387 SNIPPET_NOT_RELEVANT b'1019664'
ACTION SNIPPET 10000 1390 SEEN_PREVIOUSLY b'434854'
ACTION SNIPPET 10000 1393 SEEN_PREVIOUSLY b'247974'
ACTION SNIPPET 10000 1396 SNIPPET_RELEVANT b'964190'
ACTION DOC 10000 1416 EXAMINING_DOCUMENT b'964190'
ACTION QUERY 10000 1426 college education advantage happen
ACTION SERP 10000 1431 EXAMINE_SERP
ACTION SNIPPET 10000 1434 SEEN_PREVIOUSLY b'247974'
ACTION SNIPPET 10000 1437 SNIPPET_RELEVANT b'1510867'
ACTION DOC 10000 1457 EXAMINING_DOCUMENT b'1510867'
ACTION SNIPPET 10000 1460 SNIPPET_NOT_RELEVANT b'598148'
ACTION SNIPPET 10000 1463 SEEN_PREVIOUSLY b'77858'
ACTION SNIPPET 10000 1466 SEEN_PREVIOUSLY b'911354'
ACTION SNIPPET 10000 1469 SNIPPET_RELEVANT b'1064'
ACTION DOC 10000 1489 EXAMINING_DOCUMENT b'1064'
ACTION QUERY 10000 1499 college education advantage who
ACTION SERP 10000 1504 EXAMINE_SERP
ACTION SNIPPET 10000 1507 SEEN_PREVIOUSLY b'77858'
ACTION SNIPPET 10000 1510 SEEN_PREVIOUSLY b'1642208'
ACTION SNIPPET 10000 1513 SEEN_PREVIOUSLY b'845002'
ACTION SNIPPET 10000 1516 SEEN_PREVIOUSLY b'1739514'
ACTION SNIPPET 10000 1519 SEEN_PREVIOUSLY b'1235262'
ACTION SNIPPET 10000 1522 SNIPPET_RELEVANT b'1019664'
ACTION DOC 10000 1542 EXAMINING_DOCUMENT b'1019664'
ACTION SNIPPET 10000 1545 SNIPPET_NOT_RELEVANT b'1185321'
ACTION SNIPPET 10000 1548 SEEN_PREVIOUSLY b'434854'
ACTION SNIPPET 10000 1551 SEEN_PREVIOUSLY b'1707549'
ACTION QUERY 10000 1561 college education advantage great
ACTION SERP 10000 1566 EXAMINE_SERP
ACTION SNIPPET 10000 1569 SEEN_PREVIOUSLY b'77858'
ACTION SNIPPET 10000 1572 SEEN_PREVIOUSLY b'845002'
ACTION SNIPPET 10000 1575 SEEN_PREVIOUSLY b'1707549'
ACTION SNIPPET 10000 1578 SNIPPET_NOT_RELEVANT b'804673'
ACTION SNIPPET 10000 1581 SNIPPET_NOT_RELEVANT b'804954'
ACTION SNIPPET 10000 1584 SNIPPET_NOT_RELEVANT b'1272644'
ACTION SNIPPET 10000 1587 SEEN_PREVIOUSLY b'190484'
ACTION SNIPPET 10000 1590 SNIPPET_RELEVANT b'780128'
ACTION DOC 10000 1610 EXAMINING_DOCUMENT b'780128'
ACTION SNIPPET 10000 1613 SNIPPET_NOT_RELEVANT b'830299'
ACTION QUERY 10000 1623 college education advantage people
ACTION SERP 10000 1628 EXAMINE_SERP
ACTION SNIPPET 10000 1631 SEEN_PREVIOUSLY b'247974'
ACTION SNIPPET 10000 1634 SEEN_PREVIOUSLY b'77858'
ACTION SNIPPET 10000 1637 SEEN_PREVIOUSLY b'1642208'
ACTION SNIPPET 10000 1640 SEEN_PREVIOUSLY b'1065767'
ACTION SNIPPET 10000 1643 SEEN_PREVIOUSLY b'1707549'
ACTION SNIPPET 10000 1646 SEEN_PREVIOUSLY b'845002'
ACTION SNIPPET 10000 1649 SEEN_PREVIOUSLY b'1170209'
ACTION SNIPPET 10000 1652 SNIPPET_RELEVANT b'1576073'
ACTION DOC 10000 1672 EXAMINING_DOCUMENT b'1576073'
ACTION SNIPPET 10000 1675 SEEN_PREVIOUSLY b'954627'
ACTION QUERY 10000 1685 college education advantage place
ACTION SERP 10000 1690 EXAMINE_SERP
ACTION SNIPPET 10000 1693 SEEN_PREVIOUSLY b'845002'
ACTION SNIPPET 10000 1696 SEEN_PREVIOUSLY b'247974'
ACTION SNIPPET 10000 1699 SEEN_PREVIOUSLY b'1707549'
ACTION SNIPPET 10000 1702 SEEN_PREVIOUSLY b'77858'
ACTION SNIPPET 10000 1705 SNIPPET_RELEVANT b'430740'
ACTION DOC 10000 1725 EXAMINING_DOCUMENT b'430740'
ACTION SNIPPET 10000 1728 SNIPPET_RELEVANT b'1461732'
ACTION DOC 10000 1748 EXAMINING_DOCUMENT b'1461732'
ACTION QUERY 10000 1758 college education advantage boom
ACTION SERP 10000 1763 EXAMINE_SERP
ACTION SNIPPET 10000 1766 SNIPPET_RELEVANT b'366797'
ACTION DOC 10000 1786 EXAMINING_DOCUMENT b'366797'
ACTION SNIPPET 10000 1789 SNIPPET_NOT_RELEVANT b'1375375'
ACTION SNIPPET 10000 1792 SNIPPET_NOT_RELEVANT b'694980'
ACTION SNIPPET 10000 1795 SEEN_PREVIOUSLY b'1361566'
ACTION SNIPPET 10000 1798 SNIPPET_NOT_RELEVANT b'341640'
ACTION SNIPPET 10000 1801 SNIPPET_NOT_RELEVANT b'1757150'
ACTION SNIPPET 10000 1804 SEEN_PREVIOUSLY b'1706607'
ACTION SNIPPET 10000 1807 SNIPPET_RELEVANT b'365162'
ACTION DOC 10000 1827 EXAMINING_DOCUMENT b'365162'
ACTION QUERY 10000 1837 college education advantage recession
ACTION SERP 10000 1842 EXAMINE_SERP
ACTION SNIPPET 10000 1845 SNIPPET_NOT_RELEVANT b'528638'
ACTION SNIPPET 10000 1848 SNIPPET_RELEVANT b'496587'
ACTION DOC 10000 1868 EXAMINING_DOCUMENT b'496587'
ACTION SNIPPET 10000 1871 SEEN_PREVIOUSLY b'1706607'
ACTION SNIPPET 10000 1874 SNIPPET_RELEVANT b'530898'
ACTION DOC 10000 1894 EXAMINING_DOCUMENT b'530898'
ACTION QUERY 10000 1904 college education advantage offer
ACTION SERP 10000 1909 EXAMINE_SERP
ACTION SNIPPET 10000 1912 SEEN_PREVIOUSLY b'1019664'
ACTION SNIPPET 10000 1915 SEEN_PREVIOUSLY b'247974'
ACTION SNIPPET 10000 1918 SNIPPET_NOT_RELEVANT b'804673'
ACTION SNIPPET 10000 1921 SNIPPET_NOT_RELEVANT b'804954'
ACTION SNIPPET 10000 1924 SEEN_PREVIOUSLY b'434854'
ACTION SNIPPET 10000 1927 SEEN_PREVIOUSLY b'1842415'
ACTION SNIPPET 10000 1930 SEEN_PREVIOUSLY b'1790828'
ACTION SNIPPET 10000 1933 SEEN_PREVIOUSLY b'366797'
ACTION SNIPPET 10000 1936 SNIPPET_NOT_RELEVANT b'598148'
ACTION SNIPPET 10000 1939 SNIPPET_NOT_RELEVANT b'234465'
ACTION SNIPPET 10000 1942 SNIPPET_NOT_RELEVANT b'1615293'
ACTION SNIPPET 10000 1945 SEEN_PREVIOUSLY b'77858'
ACTION SNIPPET 10000 1948 SEEN_PREVIOUSLY b'954627'
ACTION SNIPPET 10000 1951 SNIPPET_NOT_RELEVANT b'1789490'
ACTION SNIPPET 10000 1954 SEEN_PREVIOUSLY b'1064'
ACTION QUERY 10000 1964 college education advantage help
ACTION SERP 10000 1969 EXAMINE_SERP
ACTION SNIPPET 10000 1972 SEEN_PREVIOUSLY b'1170209'
ACTION SNIPPET 10000 1975 SEEN_PREVIOUSLY b'1642208'
ACTION SNIPPET 10000 1978 SNIPPET_RELEVANT b'954708'
ACTION DOC 10000 1998 EXAMINING_DOCUMENT b'954708'
ACTION SNIPPET 10000 2001 SEEN_PREVIOUSLY b'1065767'
ACTION SNIPPET 10000 2004 SEEN_PREVIOUSLY b'247974'
ACTION SNIPPET 10000 2007 SEEN_PREVIOUSLY b'434854'
ACTION SNIPPET 10000 2010 SEEN_PREVIOUSLY b'1707549'
ACTION SNIPPET 10000 2013 SEEN_PREVIOUSLY b'1790828'
ACTION SNIPPET 10000 2016 SEEN_PREVIOUSLY b'77858'
ACTION QUERY 10000 2026 college education advantage community
ACTION SERP 10000 2031 EXAMINE_SERP
ACTION SNIPPET 10000 2034 SEEN_PREVIOUSLY b'247974'
ACTION SNIPPET 10000 2037 SEEN_PREVIOUSLY b'845002'
ACTION SNIPPET 10000 2040 SEEN_PREVIOUSLY b'1019664'
ACTION SNIPPET 10000 2043 SEEN_PREVIOUSLY b'965812'
ACTION SNIPPET 10000 2046 SNIPPET_NOT_RELEVANT b'1448987'
ACTION SNIPPET 10000 2049 SEEN_PREVIOUSLY b'1022272'
ACTION SNIPPET 10000 2052 SEEN_PREVIOUSLY b'1577987'
ACTION SNIPPET 10000 2055 SNIPPET_RELEVANT b'153472'
ACTION DOC 10000 2075 EXAMINING_DOCUMENT b'153472'
ACTION SNIPPET 10000 2078 SEEN_PREVIOUSLY b'852976'
ACTION QUERY 10000 2088 college education advantage need
ACTION SERP 10000 2093 EXAMINE_SERP
ACTION SNIPPET 10000 2096 SEEN_PREVIOUSLY b'1739514'
ACTION SNIPPET 10000 2099 SEEN_PREVIOUSLY b'247974'
ACTION SNIPPET 10000 2102 SEEN_PREVIOUSLY b'434854'
ACTION SNIPPET 10000 2105 SNIPPET_NOT_RELEVANT b'1093014'
ACTION SNIPPET 10000 2108 SEEN_PREVIOUSLY b'1707549'
ACTION SNIPPET 10000 2111 SEEN_PREVIOUSLY b'1577987'
ACTION SNIPPET 10000 2114 SEEN_PREVIOUSLY b'77858'
ACTION SNIPPET 10000 2117 SNIPPET_RELEVANT b'1438356'
ACTION DOC 10000 2137 EXAMINING_DOCUMENT b'1438356'
ACTION SNIPPET 10000 2140 SNIPPET_NOT_RELEVANT b'1732323'
ACTION QUERY 10000 2150 college education advantage undergraduate
ACTION SERP 10000 2155 EXAMINE_SERP
ACTION SNIPPET 10000 2158 SNIPPET_NOT_RELEVANT b'1093014'
ACTION SNIPPET 10000 2161 SNIPPET_RELEVANT b'1779311'
ACTION DOC 10000 2181 EXAMINING_DOCUMENT b'1779311'
ACTION SNIPPET 10000 2184 SEEN_PREVIOUSLY b'1576073'
ACTION SNIPPET 10000 2187 SNIPPET_NOT_RELEVANT b'300981'
ACTION SNIPPET 10000 2190 SNIPPET_RELEVANT b'297785'
ACTION DOC 10000 2210 EXAMINING_DOCUMENT b'297785'
ACTION QUERY 10000 2220 college education advantage obtaining
ACTION SERP 10000 2225 EXAMINE_SERP
ACTION SNIPPET 10000 2228 SNIPPET_RELEVANT b'294235'
ACTION DOC 10000 2248 EXAMINING_DOCUMENT b'294235'
ACTION SNIPPET 10000 2251 SEEN_PREVIOUSLY b'77858'
ACTION SNIPPET 10000 2254 SNIPPET_NOT_RELEVANT b'1261104'
ACTION SNIPPET 10000 2257 SNIPPET_NOT_RELEVANT b'30647'
ACTION SNIPPET 10000 2260 SNIPPET_RELEVANT b'255093'
ACTION DOC 10000 2280 EXAMINING_DOCUMENT b'255093'
ACTION QUERY 10000 2290 college education advantage career
ACTION SERP 10000 2295 EXAMINE_SERP
ACTION SNIPPET 10000 2298 SEEN_PREVIOUSLY b'247974'
ACTION SNIPPET 10000 2301 SNIPPET_NOT_RELEVANT b'1690340'
ACTION SNIPPET 10000 2304 SEEN_PREVIOUSLY b'961022'
ACTION SNIPPET 10000 2307 SEEN_PREVIOUSLY b'1775428'
ACTION SNIPPET 10000 2310 SNIPPET_RELEVANT b'1028368'
ACTION DOC 10000 2330 EXAMINING_DOCUMENT b'1028368'
ACTION SNIPPET 10000 2333 SEEN_PREVIOUSLY b'430740'
ACTION SNIPPET 10000 2336 SNIPPET_NOT_RELEVANT b'456189'
ACTION SNIPPET 10000 2339 SNIPPET_RELEVANT b'830299'
ACTION DOC 10000 2359 EXAMINING_DOCUMENT b'830299'
ACTION QUERY 10000 2369 college education advantage individual
ACTION SERP 10000 2374 EXAMINE_SERP
ACTION SNIPPET 10000 2377 SEEN_PREVIOUSLY b'1205941'
ACTION SNIPPET 10000 2380 SNIPPET_NOT_RELEVANT b'1409076'
ACTION SNIPPET 10000 2383 SNIPPET_RELEVANT b'1027237'
ACTION DOC 10000 2403 EXAMINING_DOCUMENT b'1027237'
ACTION SNIPPET 10000 2406 SEEN_PREVIOUSLY b'247974'
ACTION SNIPPET 10000 2409 SNIPPET_RELEVANT b'129802'
ACTION DOC 10000 2429 EXAMINING_DOCUMENT b'129802'
ACTION QUERY 10000 2439 college education advantage example
ACTION SERP 10000 2444 EXAMINE_SERP
ACTION SNIPPET 10000 2447 SEEN_PREVIOUSLY b'1461732'
ACTION SNIPPET 10000 2450 SEEN_PREVIOUSLY b'1022272'
ACTION SNIPPET 10000 2453 SEEN_PREVIOUSLY b'247974'
ACTION SNIPPET 10000 2456 SNIPPET_NOT_RELEVANT b'1601776'
ACTION SNIPPET 10000 2459 SNIPPET_RELEVANT b'598148'
ACTION DOC 10000 2479 EXAMINING_DOCUMENT b'598148'
ACTION SNIPPET 10000 2482 SEEN_PREVIOUSLY b'1361566'
ACTION SNIPPET 10000 2485 SEEN_PREVIOUSLY b'216664'
ACTION SNIPPET 10000 2488 SEEN_PREVIOUSLY b'1172524'
ACTION SNIPPET 10000 2491 SEEN_PREVIOUSLY b'129802'
ACTION QUERY 10000 2501 college education advantage kind
ACTION SERP 10000 2506 EXAMINE_SERP
ACTION SNIPPET 10000 2509 SEEN_PREVIOUSLY b'965812'
ACTION SNIPPET 10000 2512 SNIPPET_RELEVANT b'1828580'
ACTION DOC 10000 2532 EXAMINING_DOCUMENT b'1828580'
ACTION MARK 10000 2535 CONSIDERED_RELEVANT b'1828580'
ACTION SNIPPET 10000 2538 SEEN_PREVIOUSLY b'77858'
ACTION SNIPPET 10000 2541 SNIPPET_RELEVANT b'1615293'
ACTION DOC 10000 2561 EXAMINING_DOCUMENT b'1615293'
ACTION SNIPPET 10000 2564 SNIPPET_NOT_RELEVANT b'1134655'
ACTION SNIPPET 10000 2567 SNIPPET_RELEVANT b'1519827'
ACTION DOC 10000 2587 EXAMINING_DOCUMENT b'1519827'
ACTION QUERY 10000 2597 college education advantage students
ACTION SERP 10000 2602 EXAMINE_SERP
ACTION SNIPPET 10000 2605 SEEN_PREVIOUSLY b'77858'
ACTION SNIPPET 10000 2608 SEEN_PREVIOUSLY b'845002'
ACTION SNIPPET 10000 2611 SEEN_PREVIOUSLY b'1707549'
ACTION SNIPPET 10000 2614 SNIPPET_RELEVANT b'804673'
ACTION DOC 10000 2634 EXAMINING_DOCUMENT b'804673'
ACTION SNIPPET 10000 2637 SNIPPET_NOT_RELEVANT b'804954'
ACTION SNIPPET 10000 2640 SEEN_PREVIOUSLY b'1576073'
ACTION SNIPPET 10000 2643 SEEN_PREVIOUSLY b'1842415'
ACTION SNIPPET 10000 2646 SEEN_PREVIOUSLY b'434854'
ACTION SNIPPET 10000 2649 SEEN_PREVIOUSLY b'247974'
ACTION QUERY 10000 2659 college education advantage importance
ACTION SERP 10000 2664 EXAMINE_SERP
ACTION SNIPPET 10000 2667 SEEN_PREVIOUSLY b'247974'
ACTION SNIPPET 10000 2670 SEEN_PREVIOUSLY b'366797'
ACTION SNIPPET 10000 2673 SEEN_PREVIOUSLY b'1707549'
ACTION SNIPPET 10000 2676 SNIPPET_RELEVANT b'1137475'
ACTION DOC 10000 2696 EXAMINING_DOCUMENT b'1137475'
ACTION SNIPPET 10000 2699 SEEN_PREVIOUSLY b'190484'
ACTION SNIPPET 10000 2702 SNIPPET_NOT_RELEVANT b'1279068'
ACTION SNIPPET 10000 2705 SEEN_PREVIOUSLY b'77858'
ACTION SNIPPET 10000 2708 SEEN_PREVIOUSLY b'1828580'
ACTION SNIPPET 10000 2711 SEEN_PREVIOUSLY b'1790828'
ACTION QUERY 10000 2721 college education advantage israel
ACTION SERP 10000 2726 EXAMINE_SERP
ACTION SNIPPET 10000 2729 SEEN_PREVIOUSLY b'954627'
ACTION SNIPPET 10000 2732 SNIPPET_NOT_RELEVANT b'1058154'
ACTION SNIPPET 10000 2735 SNIPPET_NOT_RELEVANT b'1689966'
ACTION SNIPPET 10000 2738 SNIPPET_NOT_RELEVANT b'1064501'
ACTION SNIPPET 10000 2741 SEEN_PREVIOUSLY b'1828580'
ACTION SNIPPET 10000 2744 SNIPPET_NOT_RELEVANT b'1608372'
ACTION SNIPPET 10000 2747 SNIPPET_NOT_RELEVANT b'1761902'
ACTION SNIPPET 10000 2750 SEEN_PREVIOUSLY b'77858'
ACTION SNIPPET 10000 2753 SNIPPET_RELEVANT b'659589'
ACTION DOC 10000 2773 EXAMINING_DOCUMENT b'659589'
ACTION QUERY 10000 2783 college education advantage degree
ACTION SERP 10000 2788 EXAMINE_SERP
ACTION SNIPPET 10000 2791 SEEN_PREVIOUSLY b'247974'
ACTION SNIPPET 10000 2794 SEEN_PREVIOUSLY b'1706607'
ACTION SNIPPET 10000 2797 SEEN_PREVIOUSLY b'1019664'
ACTION SNIPPET 10000 2800 SEEN_PREVIOUSLY b'1361566'
ACTION SNIPPET 10000 2803 SEEN_PREVIOUSLY b'954627'
ACTION SNIPPET 10000 2806 SNIPPET_RELEVANT b'447862'
ACTION DOC 10000 2826 EXAMINING_DOCUMENT b'447862'
ACTION SNIPPET 10000 2829 SNIPPET_RELEVANT b'1641630'
ACTION DOC 10000 2849 EXAMINING_DOCUMENT b'1641630'
ACTION MARK 10000 2852 CONSIDERED_RELEVANT b'1641630'
ACTION SNIPPET 10000 2855 SEEN_PREVIOUSLY b'1205941'
ACTION SNIPPET 10000 2858 SNIPPET_NOT_RELEVANT b'1601776'
ACTION SNIPPET 10000 2861 SNIPPET_RELEVANT b'1375375'
ACTION DOC 10000 2881 EXAMINING_DOCUMENT b'1375375'
ACTION SNIPPET 10000 2884 SEEN_PREVIOUSLY b'350105'
ACTION SNIPPET 10000 2887 SEEN_PREVIOUSLY b'1828580'
ACTION SNIPPET 10000 2890 SEEN_PREVIOUSLY b'852976'
ACTION SNIPPET 10000 2893 SNIPPET_RELEVANT b'722023'
ACTION DOC 10000 2913 EXAMINING_DOCUMENT b'722023'
ACTION QUERY 10000 2923 college education advantage teacher
ACTION SERP 10000 2928 EXAMINE_SERP
ACTION SNIPPET 10000 2931 SEEN_PREVIOUSLY b'1064'
ACTION SNIPPET 10000 2934 SEEN_PREVIOUSLY b'1064'
ACTION SNIPPET 10000 2937 SEEN_PREVIOUSLY b'1172524'
ACTION SNIPPET 10000 2940 SEEN_PREVIOUSLY b'268640'
ACTION SNIPPET 10000 2943 SEEN_PREVIOUSLY b'961022'
ACTION SNIPPET 10000 2946 SEEN_PREVIOUSLY b'1739514'
ACTION SNIPPET 10000 2949 SEEN_PREVIOUSLY b'965812'
ACTION SNIPPET 10000 2952 SEEN_PREVIOUSLY b'780128'
ACTION SNIPPET 10000 2955 SEEN_PREVIOUSLY b'1615293'
ACTION SNIPPET 10000 2958 SEEN_PREVIOUSLY b'830299'
ACTION SNIPPET 10000 2961 SNIPPET_RELEVANT b'1191830'
ACTION DOC 10000 2981 EXAMINING_DOCUMENT b'1191830'
ACTION QUERY 10000 2991 college education advantage major
ACTION SERP 10000 2996 EXAMINE_SERP
ACTION SNIPPET 10000 2999 SEEN_PREVIOUSLY b'430740'
ACTION SNIPPET 10000 3002 SNIPPET_RELEVANT b'234465'
ACTION DOC 10000 3022 EXAMINING_DOCUMENT b'234465'
ACTION SNIPPET 10000 3025 SNIPPET_NOT_RELEVANT b'62263'
ACTION SNIPPET 10000 3028 SEEN_PREVIOUSLY b'77858'
ACTION SNIPPET 10000 3031 SEEN_PREVIOUSLY b'1022272'
ACTION SNIPPET 10000 3034 SNIPPET_RELEVANT b'300981'
ACTION DOC 10000 3054 EXAMINING_DOCUMENT b'300981'
ACTION QUERY 10000 3064 college education advantage phd
ACTION SERP 10000 3069 EXAMINE_SERP
ACTION SNIPPET 10000 3072 SNIPPET_RELEVANT b'1005342'
ACTION DOC 10000 3092 EXAMINING_DOCUMENT b'1005342'
ACTION SNIPPET 10000 3095 SNIPPET_RELEVANT b'1238051'
ACTION DOC 10000 3115 EXAMINING_DOCUMENT b'1238051'
ACTION QUERY 10000 3125 college education advantage pay
ACTION SERP 10000 3130 EXAMINE_SERP
ACTION SNIPPET 10000 3133 SEEN_PREVIOUSLY b'1642208'
ACTION SNIPPET 10000 3136 SEEN_PREVIOUSLY b'965812'
ACTION SNIPPET 10000 3139 SEEN_PREVIOUSLY b'1235262'
ACTION SNIPPET 10000 3142 SEEN_PREVIOUSLY b'1707549'
ACTION SNIPPET 10000 3145 SEEN_PREVIOUSLY b'954708'
ACTION SNIPPET 10000 3148 SNIPPET_NOT_RELEVANT b'1378422'
ACTION SNIPPET 10000 3151 SEEN_PREVIOUSLY b'430740'
ACTION SNIPPET 10000 3154 SEEN_PREVIOUSLY b'129802'
ACTION SNIPPET 10000 3157 SNIPPET_NOT_RELEVANT b'1753532'
ACTION SNIPPET 10000 3160 SEEN_PREVIOUSLY b'247974'
ACTION SNIPPET 10000 3163 SNIPPET_RELEVANT b'1417174'
ACTION DOC 10000 3183 EXAMINING_DOCUMENT b'1417174'
ACTION QUERY 10000 3193 college education advantage american
ACTION SERP 10000 3198 EXAMINE_SERP
ACTION SNIPPET 10000 3201 SEEN_PREVIOUSLY b'77858'
ACTION SNIPPET 10000 3204 SEEN_PREVIOUSLY b'1707549'
ACTION SNIPPET 10000 3207 SEEN_PREVIOUSLY b'1642208'
ACTION SNIPPET 10000 3210 SEEN_PREVIOUSLY b'1170209'
ACTION SNIPPET 10000 3213 SEEN_PREVIOUSLY b'434854'
ACTION SNIPPET 10000 3216 SEEN_PREVIOUSLY b'234465'
ACTION SNIPPET 10000 3219 SNIPPET_NOT_RELEVANT b'585909'
ACTION SNIPPET 10000 3222 SEEN_PREVIOUSLY b'247974'
ACTION SNIPPET 10000 3225 SEEN_PREVIOUSLY b'1576073'
ACTION SNIPPET 10000 3228 SEEN_PREVIOUSLY b'845002'
ACTION SNIPPET 10000 3231 SNIPPET_RELEVANT b'1378422'
ACTION DOC 10000 3251 EXAMINING_DOCUMENT b'1378422'
ACTION QUERY 10000 3261 college education advantage clinton
ACTION SERP 10000 3266 EXAMINE_SERP
ACTION SNIPPET 10000 3269 SEEN_PREVIOUSLY b'1170209'
ACTION SNIPPET 10000 3272 SNIPPET_NOT_RELEVANT b'560072'
ACTION SNIPPET 10000 3275 SEEN_PREVIOUSLY b'911354'
ACTION SNIPPET 10000 3278 SEEN_PREVIOUSLY b'1027237'
ACTION SNIPPET 10000 3281 SNIPPET_RELEVANT b'855697'
ACTION DOC 10000 3301 EXAMINING_DOCUMENT b'855697'
ACTION SNIPPET 10000 3304 SNIPPET_NOT_RELEVANT b'865475'
ACTION SNIPPET 10000 3307 SNIPPET_NOT_RELEVANT b'788205'
ACTION SNIPPET 10000 3310 SNIPPET_NOT_RELEVANT b'1172812'
ACTION SNIPPET 10000 3313 SNIPPET_RELEVANT b'887651'
ACTION DOC 10000 3333 EXAMINING_DOCUMENT b'887651'
ACTION MARK 10000 3336 CONSIDERED_RELEVANT b'887651'
ACTION SNIPPET 10000 3339 SNIPPET_RELEVANT b'1078419'
ACTION DOC 10000 3359 EXAMINING_DOCUMENT b'1078419'
ACTION SNIPPET 10000 3362 SNIPPET_NOT_RELEVANT b'927602'
ACTION SNIPPET 10000 3365 SNIPPET_NOT_RELEVANT b'1012033'
ACTION SNIPPET 10000 3368 SNIPPET_NOT_RELEVANT b'967477'
ACTION SNIPPET 10000 3371 SNIPPET_NOT_RELEVANT b'518219'
ACTION SNIPPET 10000 3374 SNIPPET_NOT_RELEVANT b'1206650'
ACTION SNIPPET 10000 3377 SNIPPET_NOT_RELEVANT b'528695'
ACTION SNIPPET 10000 3380 SNIPPET_NOT_RELEVANT b'856591'
ACTION SNIPPET 10000 3383 SNIPPET_NOT_RELEVANT b'963531'
ACTION SNIPPET 10000 3386 SNIPPET_RELEVANT b'766261'
ACTION DOC 10000 3406 EXAMINING_DOCUMENT b'766261'
ACTION QUERY 10000 3416 college education advantage hillarys
ACTION SERP 10000 3421 EXAMINE_SERP
ACTION SNIPPET 10000 3424 SNIPPET_NOT_RELEVANT b'560072'
ACTION SNIPPET 10000 3427 SEEN_PREVIOUSLY b'1170209'
ACTION SNIPPET 10000 3430 SNIPPET_NOT_RELEVANT b'723567'
ACTION SNIPPET 10000 3433 SNIPPET_NOT_RELEVANT b'1779620'
ACTION SNIPPET 10000 3436 SNIPPET_RELEVANT b'856591'
ACTION DOC 10000 3456 EXAMINING_DOCUMENT b'856591'
ACTION SNIPPET 10000 3459 SNIPPET_NOT_RELEVANT b'591804'
ACTION SNIPPET 10000 3462 SNIPPET_RELEVANT b'1031266'
ACTION DOC 10000 3482 EXAMINING_DOCUMENT b'1031266'
ACTION QUERY 10000 3492 college education advantage doles
ACTION SERP 10000 3497 EXAMINE_SERP
ACTION SNIPPET 10000 3500 SNIPPET_NOT_RELEVANT b'865475'
ACTION SNIPPET 10000 3503 SEEN_PREVIOUSLY b'887651'
ACTION SNIPPET 10000 3506 SNIPPET_RELEVANT b'879333'
ACTION DOC 10000 3526 EXAMINING_DOCUMENT b'879333'
ACTION SNIPPET 10000 3529 SNIPPET_NOT_RELEVANT b'991349'
ACTION SNIPPET 10000 3532 SNIPPET_NOT_RELEVANT b'882435'
ACTION SNIPPET 10000 3535 SNIPPET_NOT_RELEVANT b'830410'
ACTION SNIPPET 10000 3538 SNIPPET_NOT_RELEVANT b'886628'
ACTION SNIPPET 10000 3541 SNIPPET_NOT_RELEVANT b'835179'
ACTION SNIPPET 10000 3544 SNIPPET_NOT_RELEVANT b'876187'
ACTION QUERY 10000 3554 college education advantage issue
ACTION SERP 10000 3559 EXAMINE_SERP
ACTION SNIPPET 10000 3562 SNIPPET_NOT_RELEVANT b'1732323'
ACTION SNIPPET 10000 3565 SNIPPET_RELEVANT b'943882'
ACTION DOC 10000 3585 EXAMINING_DOCUMENT b'943882'
ACTION SNIPPET 10000 3588 SNIPPET_RELEVANT b'927602'
ACTION DOC 10000 3608 EXAMINING_DOCUMENT b'927602'
ACTION QUERY 10000 3618 college education advantage presidential
ACTION SERP 10000 3623 EXAMINE_SERP
ACTION SNIPPET 10000 3626 SNIPPET_NOT_RELEVANT b'560072'
ACTION SNIPPET 10000 3629 SNIPPET_NOT_RELEVANT b'1459149'
ACTION SNIPPET 10000 3632 SEEN_PREVIOUSLY b'77858'
ACTION SNIPPET 10000 3635 SNIPPET_NOT_RELEVANT b'1567227'
ACTION SNIPPET 10000 3638 SNIPPET_RELEVANT b'78435'
ACTION DOC 10000 3658 EXAMINING_DOCUMENT b'78435'
ACTION SNIPPET 10000 3661 SNIPPET_NOT_RELEVANT b'77772'
ACTION SNIPPET 10000 3664 SNIPPET_NOT_RELEVANT b'1240449'
ACTION SNIPPET 10000 3667 SNIPPET_NOT_RELEVANT b'547158'
ACTION SNIPPET 10000 3670 SEEN_PREVIOUSLY b'255093'
ACTION QUERY 10000 3680 college education advantage whats
ACTION SERP 10000 3685 EXAMINE_SERP
ACTION SNIPPET 10000 3688 SNIPPET_RELEVANT b'75700'
ACTION DOC 10000 3708 EXAMINING_DOCUMENT b'75700'
ACTION SNIPPET 10000 3711 SNIPPET_NOT_RELEVANT b'1769097'
ACTION SNIPPET 10000 3714 SNIPPET_NOT_RELEVANT b'1155394'
ACTION SNIPPET 10000 3717 SNIPPET_NOT_RELEVANT b'1132598'
ACTION SNIPPET 10000 3720 SNIPPET_NOT_RELEVANT b'1493306'
ACTION SNIPPET 10000 3723 SNIPPET_NOT_RELEVANT b'873496'
ACTION SNIPPET 10000 3726 SNIPPET_NOT_RELEVANT b'635272'
ACTION SNIPPET 10000 3729 SNIPPET_NOT_RELEVANT b'249118'
ACTION SNIPPET 10000 3732 SEEN_PREVIOUSLY b'77858'
ACTION QUERY 10000 3742 college education advantage concerned
ACTION SERP 10000 3747 EXAMINE_SERP
ACTION SNIPPET 10000 3750 SEEN_PREVIOUSLY b'845002'
ACTION SNIPPET 10000 3753 SEEN_PREVIOUSLY b'1576073'
ACTION SNIPPET 10000 3756 SEEN_PREVIOUSLY b'804673'
ACTION SNIPPET 10000 3759 SNIPPET_NOT_RELEVANT b'804954'
ACTION SNIPPET 10000 3762 SNIPPET_NOT_RELEVANT b'62263'
ACTION SNIPPET 10000 3765 SNIPPET_NOT_RELEVANT b'487210'
ACTION SNIPPET 10000 3768 SEEN_PREVIOUSLY b'247974'
ACTION SNIPPET 10000 3771 SEEN_PREVIOUSLY b'77858'
ACTION SNIPPET 10000 3774 SEEN_PREVIOUSLY b'1172524'
ACTION SNIPPET 10000 3777 SNIPPET_NOT_RELEVANT b'1467081'
ACTION SNIPPET 10000 3780 SNIPPET_NOT_RELEVANT b'905057'
ACTION SNIPPET 10000 3783 SEEN_PREVIOUSLY b'1577987'
ACTION SNIPPET 10000 3786 SNIPPET_NOT_RELEVANT b'966469'
ACTION SNIPPET 10000 3789 SNIPPET_NOT_RELEVANT b'53093'
ACTION SNIPPET 10000 3792 SNIPPET_NOT_RELEVANT b'725103'
ACTION QUERY 10000 3802 college education advantage best
ACTION SERP 10000 3807 EXAMINE_SERP
ACTION SNIPPET 10000 3810 SEEN_PREVIOUSLY b'845002'
ACTION SNIPPET 10000 3813 SEEN_PREVIOUSLY b'1707549'
ACTION SNIPPET 10000 3816 SEEN_PREVIOUSLY b'1790828'
ACTION SNIPPET 10000 3819 SEEN_PREVIOUSLY b'366797'
ACTION SNIPPET 10000 3822 SEEN_PREVIOUSLY b'1137475'
ACTION SNIPPET 10000 3825 SEEN_PREVIOUSLY b'1576073'
ACTION SNIPPET 10000 3828 SEEN_PREVIOUSLY b'77858'
ACTION SNIPPET 10000 3831 SEEN_PREVIOUSLY b'1775428'
ACTION SNIPPET 10000 3834 SNIPPET_RELEVANT b'33511'
ACTION DOC 10000 3854 EXAMINING_DOCUMENT b'33511'
ACTION QUERY 10000 3864 college education advantage recently
ACTION SERP 10000 3869 EXAMINE_SERP
ACTION SNIPPET 10000 3872 SEEN_PREVIOUSLY b'1642208'
ACTION SNIPPET 10000 3875 SEEN_PREVIOUSLY b'1576073'
ACTION SNIPPET 10000 3878 SEEN_PREVIOUSLY b'954708'
ACTION SNIPPET 10000 3881 SEEN_PREVIOUSLY b'77858'
ACTION SNIPPET 10000 3884 SEEN_PREVIOUSLY b'247974'
ACTION SNIPPET 10000 3887 SEEN_PREVIOUSLY b'954627'
ACTION SNIPPET 10000 3890 SEEN_PREVIOUSLY b'1790828'
ACTION SNIPPET 10000 3893 SNIPPET_NOT_RELEVANT b'966469'
ACTION SNIPPET 10000 3896 SEEN_PREVIOUSLY b'722023'
ACTION SNIPPET 10000 3899 SEEN_PREVIOUSLY b'845002'
ACTION SNIPPET 10000 3902 SNIPPET_RELEVANT b'723166'
ACTION DOC 10000 3922 EXAMINING_DOCUMENT b'723166'
ACTION QUERY 10000 3932 college education advantage world
ACTION SERP 10000 3937 EXAMINE_SERP
ACTION SNIPPET 10000 3940 SEEN_PREVIOUSLY b'1642208'
ACTION SNIPPET 10000 3943 SEEN_PREVIOUSLY b'1790828'
ACTION SNIPPET 10000 3946 SEEN_PREVIOUSLY b'247974'
ACTION SNIPPET 10000 3949 SEEN_PREVIOUSLY b'77858'
ACTION SNIPPET 10000 3952 SNIPPET_NOT_RELEVANT b'1710084'
ACTION SNIPPET 10000 3955 SEEN_PREVIOUSLY b'1170209'
ACTION SNIPPET 10000 3958 SEEN_PREVIOUSLY b'1205941'
ACTION SNIPPET 10000 3961 SEEN_PREVIOUSLY b'845002'
ACTION SNIPPET 10000 3964 SEEN_PREVIOUSLY b'1775428'
ACTION SNIPPET 10000 3967 SNIPPET_RELEVANT b'365179'
ACTION DOC 10000 3987 EXAMINING_DOCUMENT b'365179'
ACTION QUERY 10000 3997 college education advantage economy
ACTION SERP 10000 4002 EXAMINE_SERP
ACTION SNIPPET 10000 4005 SEEN_PREVIOUSLY b'1438356'
ACTION SNIPPET 10000 4008 SEEN_PREVIOUSLY b'1205941'
ACTION SNIPPET 10000 4011 SEEN_PREVIOUSLY b'1461732'
ACTION SNIPPET 10000 4014 SNIPPET_NOT_RELEVANT b'168948'
ACTION SNIPPET 10000 4017 SNIPPET_NOT_RELEVANT b'528638'
ACTION SNIPPET 10000 4020 SNIPPET_RELEVANT b'1566299'
ACTION DOC 10000 4040 EXAMINING_DOCUMENT b'1566299'
ACTION SNIPPET 10000 4043 SEEN_PREVIOUSLY b'190484'
ACTION SNIPPET 10000 4046 SEEN_PREVIOUSLY b'247974'
ACTION SNIPPET 10000 4049 SEEN_PREVIOUSLY b'350105'
ACTION QUERY 10000 4059 college education advantage collecting
ACTION SERP 10000 4064 EXAMINE_SERP
ACTION SNIPPET 10000 4067 SEEN_PREVIOUSLY b'1417174'
ACTION SNIPPET 10000 4070 SNIPPET_RELEVANT b'62263'
ACTION DOC 10000 4090 EXAMINING_DOCUMENT b'62263'
ACTION SNIPPET 10000 4093 SEEN_PREVIOUSLY b'77858'
ACTION SNIPPET 10000 4096 SNIPPET_NOT_RELEVANT b'413718'
ACTION SNIPPET 10000 4099 SNIPPET_NOT_RELEVANT b'265305'
ACTION SNIPPET 10000 4102 SEEN_PREVIOUSLY b'845002'
ACTION SNIPPET 10000 4105 SNIPPET_NOT_RELEVANT b'1006283'
ACTION SNIPPET 10000 4108 SNIPPET_NOT_RELEVANT b'978488'
ACTION SNIPPET 10000 4111 SEEN_PREVIOUSLY b'1642208'
ACTION QUERY 10000 4121 college education advantage jobs
ACTION SERP 10000 4126 EXAMINE_SERP
ACTION SNIPPET 10000 4129 SEEN_PREVIOUSLY b'247974'
ACTION SNIPPET 10000 4132 SEEN_PREVIOUSLY b'1170209'
ACTION SNIPPET 10000 4135 SEEN_PREVIOUSLY b'1375375'
ACTION SNIPPET 10000 4138 SEEN_PREVIOUSLY b'362112'
ACTION SNIPPET 10000 4141 SEEN_PREVIOUSLY b'1707549'
ACTION SNIPPET 10000 4144 SEEN_PREVIOUSLY b'1361566'
ACTION SNIPPET 10000 4147 SEEN_PREVIOUSLY b'140339'
ACTION SNIPPET 10000 4150 SEEN_PREVIOUSLY b'1706607'
ACTION SNIPPET 10000 4153 SEEN_PREVIOUSLY b'1148604'
ACTION SNIPPET 10000 4156 SEEN_PREVIOUSLY b'1576073'
ACTION SNIPPET 10000 4159 SEEN_PREVIOUSLY b'722023'
ACTION SNIPPET 10000 4162 SEEN_PREVIOUSLY b'1028368'
ACTION SNIPPET 10000 4165 SEEN_PREVIOUSLY b'190484'
ACTION SNIPPET 10000 4168 SEEN_PREVIOUSLY b'1775428'
ACTION SNIPPET 10000 4171 SEEN_PREVIOUSLY b'1641630'
ACTION QUERY 10000 4181 college education advantage start
ACTION SERP 10000 4186 EXAMINE_SERP
ACTION SNIPPET 10000 4189 SEEN_PREVIOUSLY b'1378422'
ACTION SNIPPET 10000 4192 SEEN_PREVIOUSLY b'1065767'
ACTION SNIPPET 10000 4195 SEEN_PREVIOUSLY b'434854'
ACTION SNIPPET 10000 4198 SEEN_PREVIOUSLY b'366797'
ACTION SNIPPET 10000 4201 SEEN_PREVIOUSLY b'77858'
ACTION SNIPPET 10000 4204 SEEN_PREVIOUSLY b'1576073'
ACTION SNIPPET 10000 4207 SEEN_PREVIOUSLY b'1790828'
ACTION SNIPPET 10000 4210 SEEN_PREVIOUSLY b'845002'
ACTION SNIPPET 10000 4213 SEEN_PREVIOUSLY b'1775428'
ACTION SNIPPET 10000 4216 SNIPPET_NOT_RELEVANT b'1715700'
ACTION SNIPPET 10000 4219 SEEN_PREVIOUSLY b'1642208'
ACTION SNIPPET 10000 4222 SEEN_PREVIOUSLY b'1519827'
ACTION SNIPPET 10000 4225 SNIPPET_NOT_RELEVANT b'1758237'
ACTION SNIPPET 10000 4228 SEEN_PREVIOUSLY b'1577987'
ACTION SNIPPET 10000 4231 SNIPPET_NOT_RELEVANT b'272993'
ACTION QUERY 10000 4241 college education advantage harvard
ACTION SERP 10000 4246 EXAMINE_SERP
ACTION SNIPPET 10000 4249 SEEN_PREVIOUSLY b'1790828'
ACTION SNIPPET 10000 4252 SNIPPET_NOT_RELEVANT b'1789490'
ACTION SNIPPET 10000 4255 SEEN_PREVIOUSLY b'1576073'
ACTION SNIPPET 10000 4258 SNIPPET_NOT_RELEVANT b'1459149'
ACTION SNIPPET 10000 4261 SEEN_PREVIOUSLY b'852976'
ACTION SNIPPET 10000 4264 SEEN_PREVIOUSLY b'255093'
ACTION SNIPPET 10000 4267 SEEN_PREVIOUSLY b'1022272'
ACTION SNIPPET 10000 4270 SNIPPET_NOT_RELEVANT b'227317'
ACTION SNIPPET 10000 4273 SEEN_PREVIOUSLY b'1577987'
ACTION SNIPPET 10000 4276 SEEN_PREVIOUSLY b'964190'
ACTION SNIPPET 10000 4279 SEEN_PREVIOUSLY b'430740'
ACTION SNIPPET 10000 4282 SEEN_PREVIOUSLY b'1706607'
ACTION SNIPPET 10000 4285 SNIPPET_RELEVANT b'1523147'
ACTION DOC 10000 4305 EXAMINING_DOCUMENT b'1523147'
ACTION QUERY 10000 4315 college education advantage usa
ACTION SERP 10000 4320 EXAMINE_SERP
ACTION SNIPPET 10000 4323 SNIPPET_NOT_RELEVANT b'644905'
ACTION SNIPPET 10000 4326 SNIPPET_NOT_RELEVANT b'340488'
ACTION SNIPPET 10000 4329 SNIPPET_RELEVANT b'651760'
ACTION DOC 10000 4349 EXAMINING_DOCUMENT b'651760'
ACTION SNIPPET 10000 4352 SNIPPET_RELEVANT b'1320411'
ACTION DOC 10000 4372 EXAMINING_DOCUMENT b'1320411'
ACTION QUERY 10000 4382 college education advantage bills
ACTION SERP 10000 4387 EXAMINE_SERP
ACTION SNIPPET 10000 4390 SEEN_PREVIOUSLY b'1642208'
ACTION SNIPPET 10000 4393 SEEN_PREVIOUSLY b'954708'
ACTION SNIPPET 10000 4396 SEEN_PREVIOUSLY b'1027237'
ACTION SNIPPET 10000 4399 SNIPPET_NOT_RELEVANT b'1709158'
ACTION SNIPPET 10000 4402 SEEN_PREVIOUSLY b'33511'
ACTION SNIPPET 10000 4405 SNIPPET_NOT_RELEVANT b'560072'
ACTION SNIPPET 10000 4408 SNIPPET_RELEVANT b'413718'
ACTION DOC 10000 4428 EXAMINING_DOCUMENT b'413718'
ACTION SNIPPET 10000 4431 SNIPPET_NOT_RELEVANT b'265305'
ACTION SNIPPET 10000 4434 SNIPPET_RELEVANT b'834114'
ACTION DOC 10000 4454 EXAMINING_DOCUMENT b'834114'
ACTION QUERY 10000 4464 college education advantage bob
ACTION SERP 10000 4469 EXAMINE_SERP
ACTION SNIPPET 10000 4472 SNIPPET_NOT_RELEVANT b'966469'
ACTION SNIPPET 10000 4475 SNIPPET_RELEVANT b'403933'
ACTION DOC 10000 4495 EXAMINING_DOCUMENT b'403933'
ACTION SNIPPET 10000 4498 SNIPPET_NOT_RELEVANT b'1459149'
ACTION SNIPPET 10000 4501 SEEN_PREVIOUSLY b'77858'
ACTION SNIPPET 10000 4504 SNIPPET_NOT_RELEVANT b'852059'
ACTION SNIPPET 10000 4507 SEEN_PREVIOUSLY b'845002'
ACTION SNIPPET 10000 4510 SEEN_PREVIOUSLY b'887651'
ACTION SNIPPET 10000 4513 SNIPPET_NOT_RELEVANT b'232897'
ACTION SNIPPET 10000 4516 SEEN_PREVIOUSLY b'1642208'
ACTION QUERY 10000 4526 college education advantage colleges
ACTION SERP 10000 4531 EXAMINE_SERP
ACTION SNIPPET 10000 4534 SEEN_PREVIOUSLY b'77858'
ACTION SNIPPET 10000 4537 SEEN_PREVIOUSLY b'845002'
ACTION SNIPPET 10000 4540 SEEN_PREVIOUSLY b'247974'
ACTION SNIPPET 10000 4543 SEEN_PREVIOUSLY b'1707549'
ACTION SNIPPET 10000 4546 SEEN_PREVIOUSLY b'1739514'
ACTION SNIPPET 10000 4549 SEEN_PREVIOUSLY b'1235262'
ACTION SNIPPET 10000 4552 SEEN_PREVIOUSLY b'1642208'
ACTION SNIPPET 10000 4555 SEEN_PREVIOUSLY b'1170209'
ACTION SNIPPET 10000 4558 SEEN_PREVIOUSLY b'1790828'
ACTION SNIPPET 10000 4561 SEEN_PREVIOUSLY b'1065767'
ACTION SNIPPET 10000 4564 SNIPPET_NOT_RELEVANT b'1185321'
ACTION SNIPPET 10000 4567 SNIPPET_NOT_RELEVANT b'804954'
ACTION SNIPPET 10000 4570 SEEN_PREVIOUSLY b'804673'
ACTION SNIPPET 10000 4573 SEEN_PREVIOUSLY b'434854'
ACTION SNIPPET 10000 4576 SEEN_PREVIOUSLY b'1576073'
ACTION QUERY 10000 4586 college education advantage disability
ACTION SERP 10000 4591 EXAMINE_SERP
ACTION SNIPPET 10000 4594 SNIPPET_RELEVANT b'1408435'
ACTION DOC 10000 4614 EXAMINING_DOCUMENT b'1408435'
ACTION SNIPPET 10000 4617 SNIPPET_RELEVANT b'1533535'
ACTION DOC 10000 4637 EXAMINING_DOCUMENT b'1533535'
ACTION QUERY 10000 4647 college education advantage market
ACTION SERP 10000 4652 EXAMINE_SERP
ACTION SNIPPET 10000 4655 SEEN_PREVIOUSLY b'1577987'
ACTION SNIPPET 10000 4658 SEEN_PREVIOUSLY b'247974'
ACTION SNIPPET 10000 4661 SNIPPET_RELEVANT b'1615061'
ACTION DOC 10000 4681 EXAMINING_DOCUMENT b'1615061'
ACTION SNIPPET 10000 4684 SEEN_PREVIOUSLY b'77858'
ACTION SNIPPET 10000 4687 SNIPPET_NOT_RELEVANT b'1374881'
ACTION SNIPPET 10000 4690 SNIPPET_NOT_RELEVANT b'1349752'
ACTION SNIPPET 10000 4693 SEEN_PREVIOUSLY b'14324'
ACTION SNIPPET 10000 4696 SNIPPET_RELEVANT b'1062'
ACTION DOC 10000 4716 EXAMINING_DOCUMENT b'1062'
ACTION QUERY 10000 4726 college education advantage receiving
ACTION SERP 10000 4731 EXAMINE_SERP
ACTION SNIPPET 10000 4734 SNIPPET_RELEVANT b'1185321'
ACTION DOC 10000 4754 EXAMINING_DOCUMENT b'1185321'
ACTION SNIPPET 10000 4757 SEEN_PREVIOUSLY b'1170209'
ACTION SNIPPET 10000 4760 SEEN_PREVIOUSLY b'1642208'
ACTION SNIPPET 10000 4763 SEEN_PREVIOUSLY b'1065767'
ACTION SNIPPET 10000 4766 SEEN_PREVIOUSLY b'1064'
ACTION SNIPPET 10000 4769 SEEN_PREVIOUSLY b'1064'
ACTION SNIPPET 10000 4772 SEEN_PREVIOUSLY b'434854'
ACTION SNIPPET 10000 4775 SEEN_PREVIOUSLY b'1842415'
ACTION SNIPPET 10000 4778 SEEN_PREVIOUSLY b'598148'
ACTION QUERY 10000 4788 college education advantage ago
ACTION SERP 10000 4793 EXAMINE_SERP
ACTION SNIPPET 10000 4796 SEEN_PREVIOUSLY b'1707549'
ACTION SNIPPET 10000 4799 SEEN_PREVIOUSLY b'1790828'
ACTION SNIPPET 10000 4802 SEEN_PREVIOUSLY b'77858'
ACTION SNIPPET 10000 4805 SEEN_PREVIOUSLY b'1519827'
ACTION SNIPPET 10000 4808 SEEN_PREVIOUSLY b'845002'
ACTION SNIPPET 10000 4811 SEEN_PREVIOUSLY b'1828580'
ACTION SNIPPET 10000 4814 SEEN_PREVIOUSLY b'33511'
ACTION SNIPPET 10000 4817 SEEN_PREVIOUSLY b'1642208'
ACTION SNIPPET 10000 4820 SEEN_PREVIOUSLY b'1064'
ACTION SNIPPET 10000 4823 SEEN_PREVIOUSLY b'1064'
ACTION SNIPPET 10000 4826 SNIPPET_NOT_RELEVANT b'272993'
ACTION SNIPPET 10000 4829 SEEN_PREVIOUSLY b'1739514'
ACTION SNIPPET 10000 4832 SNIPPET_RELEVANT b'855668'
ACTION DOC 10000 4852 EXAMINING_DOCUMENT b'855668'
ACTION QUERY 10000 4862 college education advantage considered
ACTION SERP 10000 4867 EXAMINE_SERP
ACTION SNIPPET 10000 4870 SEEN_PREVIOUSLY b'1185321'
ACTION SNIPPET 10000 4873 SEEN_PREVIOUSLY b'1642208'
ACTION SNIPPET 10000 4876 SNIPPET_RELEVANT b'227317'
ACTION DOC 10000 4896 EXAMINING_DOCUMENT b'227317'
ACTION SNIPPET 10000 4899 SEEN_PREVIOUSLY b'140339'
ACTION SNIPPET 10000 4902 SNIPPET_RELEVANT b'148455'
ACTION DOC 10000 4922 EXAMINING_DOCUMENT b'148455'
ACTION QUERY 10000 4932 college education advantage primary
ACTION SERP 10000 4937 EXAMINE_SERP
ACTION SNIPPET 10000 4940 SNIPPET_RELEVANT b'1093014'
ACTION DOC 10000 4960 EXAMINING_DOCUMENT b'1093014'
ACTION SNIPPET 10000 4963 SNIPPET_RELEVANT b'357269'
ACTION DOC 10000 4983 EXAMINING_DOCUMENT b'357269'
ACTION QUERY 10000 4993 college education advantage professional
ACTION SERP 10000 4998 EXAMINE_SERP
ACTION SNIPPET 10000 5001 SEEN_PREVIOUSLY b'1185321'
ACTION SNIPPET 10000 5004 SEEN_PREVIOUSLY b'1642208'
ACTION SNIPPET 10000 5007 SEEN_PREVIOUSLY b'350105'
ACTION SNIPPET 10000 5010 SNIPPET_RELEVANT b'752679'
ACTION DOC 10000 5030 EXAMINING_DOCUMENT b'752679'
ACTION SNIPPET 10000 5033 SEEN_PREVIOUSLY b'722023'
ACTION SNIPPET 10000 5036 SEEN_PREVIOUSLY b'430740'
ACTION SNIPPET 10000 5039 SEEN_PREVIOUSLY b'954627'
ACTION SNIPPET 10000 5042 SNIPPET_NOT_RELEVANT b'1178316'
ACTION SNIPPET 10000 5045 SEEN_PREVIOUSLY b'129802'
ACTION QUERY 10000 5055 college education advantage soon
ACTION SERP 10000 5060 EXAMINE_SERP
ACTION SNIPPET 10000 5063 SEEN_PREVIOUSLY b'1642208'
ACTION SNIPPET 10000 5066 SEEN_PREVIOUSLY b'77858'
ACTION SNIPPET 10000 5069 SNIPPET_NOT_RELEVANT b'966469'
ACTION SNIPPET 10000 5072 SNIPPET_RELEVANT b'1272644'
ACTION DOC 10000 5092 EXAMINING_DOCUMENT b'1272644'
ACTION SNIPPET 10000 5095 SEEN_PREVIOUSLY b'479411'
ACTION SNIPPET 10000 5098 SEEN_PREVIOUSLY b'190484'
ACTION SNIPPET 10000 5101 SEEN_PREVIOUSLY b'845002'
ACTION SNIPPET 10000 5104 SNIPPET_RELEVANT b'303160'
ACTION DOC 10000 5124 EXAMINING_DOCUMENT b'303160'
ACTION QUERY 10000 5134 college education advantage point
ACTION SERP 10000 5139 EXAMINE_SERP
ACTION SNIPPET 10000 5142 SEEN_PREVIOUSLY b'845002'
ACTION SNIPPET 10000 5145 SEEN_PREVIOUSLY b'1093014'
ACTION SNIPPET 10000 5148 SNIPPET_NOT_RELEVANT b'1134655'
ACTION SNIPPET 10000 5151 SEEN_PREVIOUSLY b'965812'
ACTION SNIPPET 10000 5154 SEEN_PREVIOUSLY b'62263'
ACTION SNIPPET 10000 5157 SNIPPET_RELEVANT b'1064700'
ACTION DOC 10000 5177 EXAMINING_DOCUMENT b'1064700'
ACTION SNIPPET 10000 5180 SEEN_PREVIOUSLY b'366797'
ACTION SNIPPET 10000 5183 SEEN_PREVIOUSLY b'234465'
ACTION SNIPPET 10000 5186 SEEN_PREVIOUSLY b'77858'
ACTION QUERY 10000 5196 college education advantage school
ACTION SERP 10000 5201 EXAMINE_SERP
ACTION SNIPPET 10000 5204 SEEN_PREVIOUSLY b'1707549'
ACTION SNIPPET 10000 5207 SEEN_PREVIOUSLY b'434854'
ACTION SNIPPET 10000 5210 SEEN_PREVIOUSLY b'845002'
ACTION SNIPPET 10000 5213 SEEN_PREVIOUSLY b'1642208'
ACTION SNIPPET 10000 5216 SEEN_PREVIOUSLY b'247974'
ACTION SNIPPET 10000 5219 SEEN_PREVIOUSLY b'1790828'
ACTION SNIPPET 10000 5222 SEEN_PREVIOUSLY b'1172524'
ACTION SNIPPET 10000 5225 SEEN_PREVIOUSLY b'366797'
ACTION SNIPPET 10000 5228 SNIPPET_RELEVANT b'1732323'
ACTION DOC 10000 5248 EXAMINING_DOCUMENT b'1732323'
ACTION QUERY 10000 5258 college education advantage excellent
ACTION SERP 10000 5263 EXAMINE_SERP
ACTION SNIPPET 10000 5266 SEEN_PREVIOUSLY b'434854'
ACTION SNIPPET 10000 5269 SEEN_PREVIOUSLY b'1707549'
ACTION SNIPPET 10000 5272 SEEN_PREVIOUSLY b'350105'
ACTION SNIPPET 10000 5275 SNIPPET_NOT_RELEVANT b'456189'
ACTION SNIPPET 10000 5278 SEEN_PREVIOUSLY b'247974'
ACTION SNIPPET 10000 5281 SNIPPET_NOT_RELEVANT b'1738934'
ACTION SNIPPET 10000 5284 SNIPPET_NOT_RELEVANT b'331921'
ACTION SNIPPET 10000 5287 SEEN_PREVIOUSLY b'723166'
ACTION SNIPPET 10000 5290 SEEN_PREVIOUSLY b'62263'
ACTION SNIPPET 10000 5293 SNIPPET_NOT_RELEVANT b'307180'
ACTION SNIPPET 10000 5296 SEEN_PREVIOUSLY b'1272644'
ACTION SNIPPET 10000 5299 SNIPPET_RELEVANT b'1667079'
ACTION DOC 10000 5319 EXAMINING_DOCUMENT b'1667079'
ACTION QUERY 10000 5329 college education advantage degrees
ACTION SERP 10000 5334 EXAMINE_SERP
ACTION SNIPPET 10000 5337 SEEN_PREVIOUSLY b'247974'
ACTION SNIPPET 10000 5340 SEEN_PREVIOUSLY b'1706607'
ACTION SNIPPET 10000 5343 SEEN_PREVIOUSLY b'1019664'
ACTION SNIPPET 10000 5346 SEEN_PREVIOUSLY b'1361566'
ACTION SNIPPET 10000 5349 SEEN_PREVIOUSLY b'954627'
ACTION SNIPPET 10000 5352 SEEN_PREVIOUSLY b'447862'
ACTION SNIPPET 10000 5355 SEEN_PREVIOUSLY b'1641630'
ACTION SNIPPET 10000 5358 SEEN_PREVIOUSLY b'1205941'
ACTION SNIPPET 10000 5361 SNIPPET_RELEVANT b'1601776'
ACTION DOC 10000 5381 EXAMINING_DOCUMENT b'1601776'
ACTION QUERY 10000 5391 college education advantage instituted
ACTION SERP 10000 5396 EXAMINE_SERP
ACTION SNIPPET 10000 5399 SEEN_PREVIOUSLY b'1739514'
ACTION SNIPPET 10000 5402 SEEN_PREVIOUSLY b'247974'
ACTION SNIPPET 10000 5405 SEEN_PREVIOUSLY b'33511'
ACTION SNIPPET 10000 5408 SEEN_PREVIOUSLY b'943882'
ACTION SNIPPET 10000 5411 SEEN_PREVIOUSLY b'1019664'
ACTION SNIPPET 10000 5414 SEEN_PREVIOUSLY b'911354'
ACTION SNIPPET 10000 5417 SEEN_PREVIOUSLY b'1438356'
ACTION SNIPPET 10000 5420 SNIPPET_NOT_RELEVANT b'487210'
ACTION SNIPPET 10000 5423 SEEN_PREVIOUSLY b'1576073'
ACTION SNIPPET 10000 5426 SNIPPET_RELEVANT b'126912'
ACTION DOC 10000 5446 EXAMINING_DOCUMENT b'126912'
ACTION QUERY 10000 5456 college education advantage president
ACTION SERP 10000 5461 EXAMINE_SERP
ACTION SNIPPET 10000 5464 SEEN_PREVIOUSLY b'77858'
ACTION SNIPPET 10000 5467 SEEN_PREVIOUSLY b'1170209'
ACTION SNIPPET 10000 5470 SEEN_PREVIOUSLY b'247974'
ACTION SNIPPET 10000 5473 SEEN_PREVIOUSLY b'1707549'
ACTION SNIPPET 10000 5476 SEEN_PREVIOUSLY b'434854'
ACTION SNIPPET 10000 5479 SEEN_PREVIOUSLY b'1519827'
ACTION SNIPPET 10000 5482 SEEN_PREVIOUSLY b'430740'
ACTION SNIPPET 10000 5485 SEEN_PREVIOUSLY b'140339'
ACTION SNIPPET 10000 5488 SEEN_PREVIOUSLY b'366797'
ACTION SNIPPET 10000 5491 SEEN_PREVIOUSLY b'1576073'
ACTION SNIPPET 10000 5494 SEEN_PREVIOUSLY b'911354'
ACTION SNIPPET 10000 5497 SEEN_PREVIOUSLY b'845002'
ACTION SNIPPET 10000 5500 SEEN_PREVIOUSLY b'1577987'
ACTION SNIPPET 10000 5503 SEEN_PREVIOUSLY b'1790828'
ACTION SNIPPET 10000 5506 SEEN_PREVIOUSLY b'954627'
ACTION QUERY 10000 5516 college education advantage being
ACTION SERP 10000 5521 EXAMINE_SERP
ACTION SNIPPET 10000 5524 SEEN_PREVIOUSLY b'845002'
ACTION SNIPPET 10000 5527 SEEN_PREVIOUSLY b'247974'
ACTION SNIPPET 10000 5530 SEEN_PREVIOUSLY b'77858'
ACTION SNIPPET 10000 5533 SEEN_PREVIOUSLY b'1790828'
ACTION SNIPPET 10000 5536 SEEN_PREVIOUSLY b'366797'
ACTION SNIPPET 10000 5539 SEEN_PREVIOUSLY b'804673'
ACTION SNIPPET 10000 5542 SNIPPET_NOT_RELEVANT b'804954'
ACTION SNIPPET 10000 5545 SEEN_PREVIOUSLY b'1438356'
ACTION SNIPPET 10000 5548 SEEN_PREVIOUSLY b'430740'
ACTION SNIPPET 10000 5551 SEEN_PREVIOUSLY b'954627'
ACTION SNIPPET 10000 5554 SEEN_PREVIOUSLY b'1842415'
ACTION SNIPPET 10000 5557 SEEN_PREVIOUSLY b'852976'
ACTION SNIPPET 10000 5560 SEEN_PREVIOUSLY b'911354'
ACTION SNIPPET 10000 5563 SEEN_PREVIOUSLY b'1064'
ACTION SNIPPET 10000 5566 SEEN_PREVIOUSLY b'1064'
ACTION QUERY 10000 5576 college education advantage vote
ACTION SERP 10000 5581 EXAMINE_SERP
ACTION SNIPPET 10000 5584 SEEN_PREVIOUSLY b'148455'
ACTION SNIPPET 10000 5587 SEEN_PREVIOUSLY b'1027237'
ACTION SNIPPET 10000 5590 SEEN_PREVIOUSLY b'855668'
ACTION SNIPPET 10000 5593 SNIPPET_RELEVANT b'547158'
ACTION DOC 10000 5613 EXAMINING_DOCUMENT b'547158'
ACTION SNIPPET 10000 5616 SEEN_PREVIOUSLY b'190484'
ACTION SNIPPET 10000 5619 SNIPPET_RELEVANT b'1259006'
ACTION DOC 10000 5639 EXAMINING_DOCUMENT b'1259006'
ACTION QUERY 10000 5649 college education advantage bill
ACTION SERP 10000 5654 EXAMINE_SERP
ACTION SNIPPET 10000 5657 SEEN_PREVIOUSLY b'1642208'
ACTION SNIPPET 10000 5660 SEEN_PREVIOUSLY b'954708'
ACTION SNIPPET 10000 5663 SEEN_PREVIOUSLY b'1027237'
ACTION SNIPPET 10000 5666 SNIPPET_NOT_RELEVANT b'1709158'
ACTION SNIPPET 10000 5669 SEEN_PREVIOUSLY b'33511'
ACTION SNIPPET 10000 5672 SNIPPET_RELEVANT b'560072'
ACTION DOC 10000 5692 EXAMINING_DOCUMENT b'560072'
ACTION SNIPPET 10000 5695 SEEN_PREVIOUSLY b'413718'
ACTION SNIPPET 10000 5698 SNIPPET_NOT_RELEVANT b'265305'
ACTION SNIPPET 10000 5701 SEEN_PREVIOUSLY b'834114'
ACTION QUERY 10000 5711 college education advantage bid
ACTION SERP 10000 5716 EXAMINE_SERP
ACTION SNIPPET 10000 5719 SNIPPET_RELEVANT b'1323737'
ACTION DOC 10000 5739 EXAMINING_DOCUMENT b'1323737'
ACTION SNIPPET 10000 5742 SNIPPET_NOT_RELEVANT b'240801'
ACTION SNIPPET 10000 5745 SEEN_PREVIOUSLY b'77858'
ACTION SNIPPET 10000 5748 SEEN_PREVIOUSLY b'845002'
ACTION SNIPPET 10000 5751 SNIPPET_NOT_RELEVANT b'820797'
ACTION SNIPPET 10000 5754 SNIPPET_NOT_RELEVANT b'831824'
ACTION SNIPPET 10000 5757 SNIPPET_NOT_RELEVANT b'1847978'
ACTION SNIPPET 10000 5760 SEEN_PREVIOUSLY b'1642208'
ACTION SNIPPET 10000 5763 SNIPPET_NOT_RELEVANT b'1556490'
ACTION QUERY 10000 5773 college education advantage receive
ACTION SERP 10000 5778 EXAMINE_SERP
ACTION SNIPPET 10000 5781 SEEN_PREVIOUSLY b'1185321'
ACTION SNIPPET 10000 5784 SEEN_PREVIOUSLY b'1170209'
ACTION SNIPPET 10000 5787 SEEN_PREVIOUSLY b'1642208'
ACTION SNIPPET 10000 5790 SEEN_PREVIOUSLY b'1065767'
ACTION SNIPPET 10000 5793 SEEN_PREVIOUSLY b'1064'
ACTION SNIPPET 10000 5796 SEEN_PREVIOUSLY b'1064'
ACTION SNIPPET 10000 5799 SEEN_PREVIOUSLY b'434854'
ACTION SNIPPET 10000 5802 SEEN_PREVIOUSLY b'1842415'
ACTION SNIPPET 10000 5805 SEEN_PREVIOUSLY b'598148'
ACTION SNIPPET 10000 5808 SEEN_PREVIOUSLY b'1438356'
ACTION SNIPPET 10000 5811 SEEN_PREVIOUSLY b'14324'
ACTION SNIPPET 10000 5814 SEEN_PREVIOUSLY b'804673'
ACTION SNIPPET 10000 5817 SNIPPET_RELEVANT b'804954'
ACTION DOC 10000 5837 EXAMINING_DOCUMENT b'804954'
ACTION QUERY 10000 5847 college education advantage kids
ACTION SERP 10000 5852 EXAMINE_SERP
ACTION SNIPPET 10000 5855 SEEN_PREVIOUSLY b'1707549'
ACTION SNIPPET 10000 5858 SEEN_PREVIOUSLY b'1576073'
ACTION SNIPPET 10000 5861 SNIPPET_NOT_RELEVANT b'1738934'
ACTION SNIPPET 10000 5864 SNIPPET_RELEVANT b'1590615'
ACTION DOC 10000 5884 EXAMINING_DOCUMENT b'1590615'
ACTION SNIPPET 10000 5887 SNIPPET_NOT_RELEVANT b'420138'
ACTION SNIPPET 10000 5890 SEEN_PREVIOUSLY b'1408435'
ACTION SNIPPET 10000 5893 SEEN_PREVIOUSLY b'1577987'
ACTION SNIPPET 10000 5896 SNIPPET_NOT_RELEVANT b'1642210'
ACTION SNIPPET 10000 5899 SEEN_PREVIOUSLY b'216664'
ACTION QUERY 10000 5909 college education advantage improved
ACTION SERP 10000 5914 EXAMINE_SERP
ACTION SNIPPET 10000 5917 SEEN_PREVIOUSLY b'247974'
ACTION SNIPPET 10000 5920 SEEN_PREVIOUSLY b'1064700'
ACTION SNIPPET 10000 5923 SNIPPET_RELEVANT b'668523'
ACTION DOC 10000 5943 EXAMINING_DOCUMENT b'668523'
ACTION SNIPPET 10000 5946 SEEN_PREVIOUSLY b'1576073'
ACTION SNIPPET 10000 5949 SEEN_PREVIOUSLY b'227317'
ACTION SNIPPET 10000 5952 SEEN_PREVIOUSLY b'1148604'
ACTION SNIPPET 10000 5955 SEEN_PREVIOUSLY b'943882'
ACTION SNIPPET 10000 5958 SEEN_PREVIOUSLY b'723166'
ACTION SNIPPET 10000 5961 SEEN_PREVIOUSLY b'190484'
ACTION QUERY 10000 5971 college education advantage way
ACTION SERP 10000 5976 EXAMINE_SERP
ACTION SNIPPET 10000 5979 SEEN_PREVIOUSLY b'845002'
ACTION SNIPPET 10000 5982 SEEN_PREVIOUSLY b'1235262'
ACTION SNIPPET 10000 5985 SEEN_PREVIOUSLY b'77858'
ACTION SNIPPET 10000 5988 SEEN_PREVIOUSLY b'1170209'
ACTION SNIPPET 10000 5991 SEEN_PREVIOUSLY b'1185321'
ACTION SNIPPET 10000 5994 SEEN_PREVIOUSLY b'1065767'
ACTION SNIPPET 10000 5997 SEEN_PREVIOUSLY b'1707549'
ACTION SNIPPET 10000 6000 SEEN_PREVIOUSLY b'1576073'
ACTION SNIPPET 10000 6003 SEEN_PREVIOUSLY b'430740'
ACTION SNIPPET 10000 6006 SEEN_PREVIOUSLY b'1790828'
ACTION SNIPPET 10000 6009 SEEN_PREVIOUSLY b'1642208'
ACTION SNIPPET 10000 6012 SEEN_PREVIOUSLY b'1519827'
ACTION SNIPPET 10000 6015 SEEN_PREVIOUSLY b'1842415'
ACTION SNIPPET 10000 6018 SEEN_PREVIOUSLY b'148455'
ACTION SNIPPET 10000 6021 SEEN_PREVIOUSLY b'1739514'
ACTION QUERY 10000 6031 college education advantage federal
ACTION SERP 10000 6036 EXAMINE_SERP
ACTION SNIPPET 10000 6039 SEEN_PREVIOUSLY b'954708'
ACTION SNIPPET 10000 6042 SEEN_PREVIOUSLY b'434854'
ACTION SNIPPET 10000 6045 SEEN_PREVIOUSLY b'14324'
ACTION SNIPPET 10000 6048 SEEN_PREVIOUSLY b'1842415'
ACTION SNIPPET 10000 6051 SNIPPET_RELEVANT b'487210'
ACTION DOC 10000 6071 EXAMINING_DOCUMENT b'487210'
ACTION SNIPPET 10000 6074 SEEN_PREVIOUSLY b'1438356'
ACTION SNIPPET 10000 6077 SEEN_PREVIOUSLY b'1707549'
ACTION SNIPPET 10000 6080 SEEN_PREVIOUSLY b'830299'
ACTION SNIPPET 10000 6083 SEEN_PREVIOUSLY b'1361566'
ACTION QUERY 10000 6093 college education advantage money
ACTION SERP 10000 6098 EXAMINE_SERP
ACTION SNIPPET 10000 6101 SEEN_PREVIOUSLY b'1642208'
ACTION SNIPPET 10000 6104 SEEN_PREVIOUSLY b'1235262'
ACTION SNIPPET 10000 6107 SEEN_PREVIOUSLY b'1065767'
ACTION SNIPPET 10000 6110 SEEN_PREVIOUSLY b'1739514'
ACTION SNIPPET 10000 6113 SNIPPET_RELEVANT b'1467081'
ACTION DOC 10000 6133 EXAMINING_DOCUMENT b'1467081'
ACTION SNIPPET 10000 6136 SEEN_PREVIOUSLY b'1027237'
ACTION SNIPPET 10000 6139 SEEN_PREVIOUSLY b'1577987'
ACTION SNIPPET 10000 6142 SNIPPET_NOT_RELEVANT b'1463514'
ACTION SNIPPET 10000 6145 SNIPPET_RELEVANT b'1349752'
ACTION DOC 10000 6165 EXAMINING_DOCUMENT b'1349752'
ACTION QUERY 10000 6175 college education advantage field
ACTION SERP 10000 6180 EXAMINE_SERP
ACTION SNIPPET 10000 6183 SEEN_PREVIOUSLY b'1642208'
ACTION SNIPPET 10000 6186 SEEN_PREVIOUSLY b'247974'
ACTION SNIPPET 10000 6189 SNIPPET_NOT_RELEVANT b'1497415'
ACTION SNIPPET 10000 6192 SEEN_PREVIOUSLY b'1707549'
ACTION SNIPPET 10000 6195 SEEN_PREVIOUSLY b'1028368'
ACTION SNIPPET 10000 6198 SNIPPET_RELEVANT b'1378398'
ACTION DOC 10000 6218 EXAMINING_DOCUMENT b'1378398'
ACTION SNIPPET 10000 6221 SNIPPET_NOT_RELEVANT b'1775839'
ACTION SNIPPET 10000 6224 SEEN_PREVIOUSLY b'1790828'
ACTION SNIPPET 10000 6227 SNIPPET_NOT_RELEVANT b'644905'
ACTION QUERY 10000 6237 college education advantage important
ACTION SERP 10000 6242 EXAMINE_SERP
ACTION SNIPPET 10000 6245 SEEN_PREVIOUSLY b'247974'
ACTION SNIPPET 10000 6248 SEEN_PREVIOUSLY b'366797'
ACTION SNIPPET 10000 6251 SEEN_PREVIOUSLY b'1707549'
ACTION SNIPPET 10000 6254 SEEN_PREVIOUSLY b'1137475'
ACTION SNIPPET 10000 6257 SEEN_PREVIOUSLY b'190484'
ACTION SNIPPET 10000 6260 SNIPPET_NOT_RELEVANT b'1279068'
ACTION SNIPPET 10000 6263 SEEN_PREVIOUSLY b'77858'
ACTION SNIPPET 10000 6266 SEEN_PREVIOUSLY b'1828580'
ACTION SNIPPET 10000 6269 SEEN_PREVIOUSLY b'1790828'
ACTION SNIPPET 10000 6272 SNIPPET_NOT_RELEVANT b'1391069'
ACTION SNIPPET 10000 6275 SEEN_PREVIOUSLY b'1205941'
ACTION SNIPPET 10000 6278 SNIPPET_NOT_RELEVANT b'725103'
ACTION SNIPPET 10000 6281 SEEN_PREVIOUSLY b'1576073'
ACTION SNIPPET 10000 6284 SNIPPET_NOT_RELEVANT b'1710084'
ACTION SNIPPET 10000 6287 SEEN_PREVIOUSLY b'964190'
ACTION QUERY 10000 6297 college education advantage collect
ACTION SERP 10000 6302 EXAMINE_SERP
ACTION SNIPPET 10000 6305 SEEN_PREVIOUSLY b'1417174'
ACTION SNIPPET 10000 6308 SEEN_PREVIOUSLY b'62263'
ACTION SNIPPET 10000 6311 SEEN_PREVIOUSLY b'77858'
ACTION SNIPPET 10000 6314 SEEN_PREVIOUSLY b'413718'
ACTION SNIPPET 10000 6317 SNIPPET_NOT_RELEVANT b'265305'
ACTION SNIPPET 10000 6320 SEEN_PREVIOUSLY b'845002'
ACTION SNIPPET 10000 6323 SNIPPET_NOT_RELEVANT b'1006283'
ACTION SNIPPET 10000 6326 SNIPPET_NOT_RELEVANT b'978488'
ACTION SNIPPET 10000 6329 SEEN_PREVIOUSLY b'1642208'
ACTION SNIPPET 10000 6332 SEEN_PREVIOUSLY b'834114'
ACTION SNIPPET 10000 6335 SNIPPET_RELEVANT b'1472202'
ACTION DOC 10000 6355 EXAMINING_DOCUMENT b'1472202'
ACTION QUERY 10000 6365 college education advantage paid
ACTION SERP 10000 6370 EXAMINE_SERP
ACTION SNIPPET 10000 6373 SEEN_PREVIOUSLY b'1642208'
ACTION SNIPPET 10000 6376 SEEN_PREVIOUSLY b'1170209'
ACTION SNIPPET 10000 6379 SEEN_PREVIOUSLY b'33511'
ACTION SNIPPET 10000 6382 SEEN_PREVIOUSLY b'430740'
ACTION SNIPPET 10000 6385 SNIPPET_RELEVANT b'420138'
ACTION DOC 10000 6405 EXAMINING_DOCUMENT b'420138'
ACTION SNIPPET 10000 6408 SEEN_PREVIOUSLY b'77858'
ACTION SNIPPET 10000 6411 SEEN_PREVIOUSLY b'413718'
ACTION SNIPPET 10000 6414 SEEN_PREVIOUSLY b'845002'
ACTION SNIPPET 10000 6417 SNIPPET_NOT_RELEVANT b'807083'
ACTION QUERY 10000 6427 college education advantage begin
ACTION SERP 10000 6432 EXAMINE_SERP
ACTION SNIPPET 10000 6435 SEEN_PREVIOUSLY b'1739514'
ACTION SNIPPET 10000 6438 SEEN_PREVIOUSLY b'366797'
ACTION SNIPPET 10000 6441 SEEN_PREVIOUSLY b'247974'
ACTION SNIPPET 10000 6444 SEEN_PREVIOUSLY b'77858'
ACTION SNIPPET 10000 6447 SEEN_PREVIOUSLY b'62263'
ACTION SNIPPET 10000 6450 SEEN_PREVIOUSLY b'1641630'
ACTION SNIPPET 10000 6453 SEEN_PREVIOUSLY b'294235'
ACTION SNIPPET 10000 6456 SEEN_PREVIOUSLY b'845002'
ACTION SNIPPET 10000 6459 SNIPPET_NOT_RELEVANT b'396194'
ACTION SNIPPET 10000 6462 SNIPPET_NOT_RELEVANT b'1019944'
ACTION SNIPPET 10000 6465 SNIPPET_NOT_RELEVANT b'725103'
ACTION SNIPPET 10000 6468 SEEN_PREVIOUSLY b'1642208'
ACTION SNIPPET 10000 6471 SEEN_PREVIOUSLY b'1742599'
ACTION SNIPPET 10000 6474 SEEN_PREVIOUSLY b'1707549'
ACTION SNIPPET 10000 6477 SEEN_PREVIOUSLY b'1065767'
ACTION QUERY 10000 6487 college education advantage payoff
ACTION SERP 10000 6492 EXAMINE_SERP
ACTION SNIPPET 10000 6495 SEEN_PREVIOUSLY b'1641630'
ACTION SNIPPET 10000 6498 SNIPPET_RELEVANT b'1847351'
ACTION DOC 10000 6518 EXAMINING_DOCUMENT b'1847351'
ACTION SNIPPET 10000 6521 SNIPPET_RELEVANT b'1724091'
ACTION DOC 10000 6541 EXAMINING_DOCUMENT b'1724091'
ACTION QUERY 10000 6551 college education advantage counselor
ACTION SERP 10000 6556 EXAMINE_SERP
ACTION SNIPPET 10000 6559 SNIPPET_RELEVANT b'1233165'
ACTION DOC 10000 6579 EXAMINING_DOCUMENT b'1233165'
ACTION SNIPPET 10000 6582 SNIPPET_RELEVANT b'1725302'
ACTION DOC 10000 6602 EXAMINING_DOCUMENT b'1725302'
ACTION QUERY 10000 6612 college education advantage campaign
ACTION SERP 10000 6617 EXAMINE_SERP
ACTION SNIPPET 10000 6620 SEEN_PREVIOUSLY b'1170209'
ACTION SNIPPET 10000 6623 SNIPPET_NOT_RELEVANT b'1374881'
ACTION SNIPPET 10000 6626 SNIPPET_NOT_RELEVANT b'865475'
ACTION SNIPPET 10000 6629 SEEN_PREVIOUSLY b'560072'
ACTION SNIPPET 10000 6632 SEEN_PREVIOUSLY b'77858'
ACTION SNIPPET 10000 6635 SNIPPET_NOT_RELEVANT b'33864'
ACTION SNIPPET 10000 6638 SNIPPET_RELEVANT b'421727'
ACTION DOC 10000 6658 EXAMINING_DOCUMENT b'421727'
ACTION SNIPPET 10000 6661 SNIPPET_NOT_RELEVANT b'1050176'
ACTION SNIPPET 10000 6664 SEEN_PREVIOUSLY b'845002'
ACTION QUERY 10000 6674 college education advantage welfare
ACTION SERP 10000 6679 EXAMINE_SERP
ACTION SNIPPET 10000 6682 SEEN_PREVIOUSLY b'1361566'
ACTION SNIPPET 10000 6685 SNIPPET_RELEVANT b'657976'
ACTION DOC 10000 6705 EXAMINING_DOCUMENT b'657976'
ACTION SNIPPET 10000 6708 SNIPPET_RELEVANT b'663495'
ACTION DOC 10000 6728 EXAMINING_DOCUMENT b'663495'
ACTION QUERY 10000 6738 college education advantage long
ACTION SERP 10000 6743 EXAMINE_SERP
ACTION SNIPPET 10000 6746 SEEN_PREVIOUSLY b'1642208'
ACTION SNIPPET 10000 6749 SEEN_PREVIOUSLY b'1235262'
ACTION SNIPPET 10000 6752 SEEN_PREVIOUSLY b'77858'
ACTION SNIPPET 10000 6755 SEEN_PREVIOUSLY b'366797'
ACTION SNIPPET 10000 6758 SEEN_PREVIOUSLY b'845002'
ACTION SNIPPET 10000 6761 SEEN_PREVIOUSLY b'1790828'
ACTION SNIPPET 10000 6764 SNIPPET_RELEVANT b'966469'
ACTION DOC 10000 6784 EXAMINING_DOCUMENT b'966469'
ACTION SNIPPET 10000 6787 SEEN_PREVIOUSLY b'1576073'
ACTION SNIPPET 10000 6790 SEEN_PREVIOUSLY b'1707549'
ACTION QUERY 10000 6800 college education advantage official
ACTION SERP 10000 6805 EXAMINE_SERP
ACTION SNIPPET 10000 6808 SEEN_PREVIOUSLY b'1642208'
ACTION SNIPPET 10000 6811 SEEN_PREVIOUSLY b'1576073'
ACTION SNIPPET 10000 6814 SEEN_PREVIOUSLY b'1790828'
ACTION SNIPPET 10000 6817 SEEN_PREVIOUSLY b'1170209'
ACTION SNIPPET 10000 6820 SEEN_PREVIOUSLY b'77858'
ACTION SNIPPET 10000 6823 SEEN_PREVIOUSLY b'966469'
ACTION SNIPPET 10000 6826 SEEN_PREVIOUSLY b'247974'
ACTION SNIPPET 10000 6829 SNIPPET_RELEVANT b'644905'
ACTION DOC 10000 6849 EXAMINING_DOCUMENT b'644905'
ACTION SNIPPET 10000 6852 SEEN_PREVIOUSLY b'140339'
ACTION QUERY 10000 6862 college education advantage today
ACTION SERP 10000 6867 EXAMINE_SERP
ACTION SNIPPET 10000 6870 SEEN_PREVIOUSLY b'1642208'
ACTION SNIPPET 10000 6873 SEEN_PREVIOUSLY b'1170209'
ACTION SNIPPET 10000 6876 SEEN_PREVIOUSLY b'954708'
ACTION SNIPPET 10000 6879 SEEN_PREVIOUSLY b'434854'
ACTION SNIPPET 10000 6882 SEEN_PREVIOUSLY b'1707549'
ACTION SNIPPET 10000 6885 SEEN_PREVIOUSLY b'77858'
ACTION SNIPPET 10000 6888 SEEN_PREVIOUSLY b'148455'
ACTION SNIPPET 10000 6891 SEEN_PREVIOUSLY b'1790828'
ACTION SNIPPET 10000 6894 SEEN_PREVIOUSLY b'845002'
ACTION SNIPPET 10000 6897 SEEN_PREVIOUSLY b'1022272'
ACTION SNIPPET 10000 6900 SEEN_PREVIOUSLY b'447862'
ACTION SNIPPET 10000 6903 SEEN_PREVIOUSLY b'911354'
ACTION SNIPPET 10000 6906 SEEN_PREVIOUSLY b'1739514'
ACTION SNIPPET 10000 6909 SNIPPET_RELEVANT b'1389120'
ACTION DOC 10000 6929 EXAMINING_DOCUMENT b'1389120'
ACTION QUERY 10000 6939 college education advantage higher
ACTION SERP 10000 6944 EXAMINE_SERP
ACTION SNIPPET 10000 6947 SEEN_PREVIOUSLY b'1842415'
ACTION SNIPPET 10000 6950 SEEN_PREVIOUSLY b'1642208'
ACTION SNIPPET 10000 6953 SEEN_PREVIOUSLY b'1510867'
ACTION SNIPPET 10000 6956 SEEN_PREVIOUSLY b'911354'
ACTION SNIPPET 10000 6959 SNIPPET_NOT_RELEVANT b'1710084'
ACTION SNIPPET 10000 6962 SEEN_PREVIOUSLY b'1577987'
ACTION SNIPPET 10000 6965 SEEN_PREVIOUSLY b'1022272'
ACTION SNIPPET 10000 6968 SEEN_PREVIOUSLY b'1062'
ACTION SNIPPET 10000 6971 SEEN_PREVIOUSLY b'1062'
ACTION SNIPPET 10000 6974 SEEN_PREVIOUSLY b'830299'
ACTION SNIPPET 10000 6977 SEEN_PREVIOUSLY b'1375375'
ACTION SNIPPET 10000 6980 SEEN_PREVIOUSLY b'1601776'
ACTION SNIPPET 10000 6983 SEEN_PREVIOUSLY b'14324'
ACTION SNIPPET 10000 6986 SEEN_PREVIOUSLY b'965812'
ACTION SNIPPET 10000 6989 SEEN_PREVIOUSLY b'1461732'
ACTION QUERY 10000 6999 college education advantage student
ACTION SERP 10000 7004 EXAMINE_SERP
ACTION SNIPPET 10000 7007 SEEN_PREVIOUSLY b'77858'
ACTION SNIPPET 10000 7010 SEEN_PREVIOUSLY b'845002'
ACTION SNIPPET 10000 7013 SEEN_PREVIOUSLY b'1707549'
ACTION SNIPPET 10000 7016 SEEN_PREVIOUSLY b'804673'
ACTION SNIPPET 10000 7019 SEEN_PREVIOUSLY b'804954'
ACTION SNIPPET 10000 7022 SEEN_PREVIOUSLY b'1576073'
ACTION SNIPPET 10000 7025 SEEN_PREVIOUSLY b'1842415'
ACTION SNIPPET 10000 7028 SEEN_PREVIOUSLY b'434854'
ACTION SNIPPET 10000 7031 SEEN_PREVIOUSLY b'247974'
ACTION SNIPPET 10000 7034 SEEN_PREVIOUSLY b'1019664'
ACTION SNIPPET 10000 7037 SEEN_PREVIOUSLY b'1093014'
ACTION SNIPPET 10000 7040 SEEN_PREVIOUSLY b'1739514'
ACTION SNIPPET 10000 7043 SEEN_PREVIOUSLY b'1790828'
ACTION SNIPPET 10000 7046 SEEN_PREVIOUSLY b'1170209'
ACTION SNIPPET 10000 7049 SEEN_PREVIOUSLY b'1137475'
ACTION QUERY 10000 7059 college education advantage needed
ACTION SERP 10000 7064 EXAMINE_SERP
ACTION SNIPPET 10000 7067 SEEN_PREVIOUSLY b'1739514'
ACTION SNIPPET 10000 7070 SEEN_PREVIOUSLY b'247974'
ACTION SNIPPET 10000 7073 SEEN_PREVIOUSLY b'434854'
ACTION SNIPPET 10000 7076 SEEN_PREVIOUSLY b'1093014'
ACTION SNIPPET 10000 7079 SEEN_PREVIOUSLY b'1707549'
ACTION SNIPPET 10000 7082 SEEN_PREVIOUSLY b'1577987'
ACTION SNIPPET 10000 7085 SEEN_PREVIOUSLY b'77858'
ACTION SNIPPET 10000 7088 SEEN_PREVIOUSLY b'1438356'
ACTION SNIPPET 10000 7091 SEEN_PREVIOUSLY b'1732323'
ACTION SNIPPET 10000 7094 SEEN_PREVIOUSLY b'33511'
ACTION SNIPPET 10000 7097 SEEN_PREVIOUSLY b'911354'
ACTION SNIPPET 10000 7100 SEEN_PREVIOUSLY b'430740'
ACTION SNIPPET 10000 7103 SEEN_PREVIOUSLY b'1790828'
ACTION SNIPPET 10000 7106 SNIPPET_NOT_RELEVANT b'1279068'
ACTION SNIPPET 10000 7109 SEEN_PREVIOUSLY b'1062'
ACTION QUERY 10000 7119 college education advantage resigned
ACTION SERP 10000 7124 EXAMINE_SERP
ACTION SNIPPET 10000 7127 SNIPPET_RELEVANT b'525245'
ACTION DOC 10000 7147 EXAMINING_DOCUMENT b'525245'
ACTION SNIPPET 10000 7150 SNIPPET_NOT_RELEVANT b'408254'
ACTION SNIPPET 10000 7153 SNIPPET_RELEVANT b'1266404'
ACTION DOC 10000 7173 EXAMINING_DOCUMENT b'1266404'
ACTION QUERY 10000 7183 college education advantage middle
ACTION SERP 10000 7188 EXAMINE_SERP
ACTION SNIPPET 10000 7191 SEEN_PREVIOUSLY b'911354'
ACTION SNIPPET 10000 7194 SEEN_PREVIOUSLY b'247974'
ACTION SNIPPET 10000 7197 SEEN_PREVIOUSLY b'1576073'
ACTION SNIPPET 10000 7200 SEEN_PREVIOUSLY b'1065767'
ACTION SNIPPET 10000 7203 SEEN_PREVIOUSLY b'487210'
ACTION SNIPPET 10000 7206 SEEN_PREVIOUSLY b'1375375'
ACTION SNIPPET 10000 7209 SEEN_PREVIOUSLY b'1170209'
ACTION SNIPPET 10000 7212 SNIPPET_NOT_RELEVANT b'1676453'
ACTION SNIPPET 10000 7215 SEEN_PREVIOUSLY b'153472'
ACTION SNIPPET 10000 7218 SNIPPET_NOT_RELEVANT b'1753532'
ACTION SNIPPET 10000 7221 SEEN_PREVIOUSLY b'1842415'
ACTION SNIPPET 10000 7224 SNIPPET_NOT_RELEVANT b'265305'
ACTION SNIPPET 10000 7227 SNIPPET_RELEVANT b'163031'
ACTION DOC 10000 7247 EXAMINING_DOCUMENT b'163031'
ACTION QUERY 10000 7257 college education advantage position
ACTION SERP 10000 7262 EXAMINE_SERP
ACTION SNIPPET 10000 7265 SEEN_PREVIOUSLY b'1022272'
ACTION SNIPPET 10000 7268 SEEN_PREVIOUSLY b'366797'
ACTION SNIPPET 10000 7271 SEEN_PREVIOUSLY b'430740'
ACTION SNIPPET 10000 7274 SEEN_PREVIOUSLY b'140339'
ACTION SNIPPET 10000 7277 SEEN_PREVIOUSLY b'77858'
ACTION SNIPPET 10000 7280 SEEN_PREVIOUSLY b'911354'
ACTION SNIPPET 10000 7283 SEEN_PREVIOUSLY b'668523'
ACTION SNIPPET 10000 7286 SNIPPET_NOT_RELEVANT b'1676453'
ACTION SNIPPET 10000 7289 SNIPPET_NOT_RELEVANT b'725103'
ACTION SNIPPET 10000 7292 SEEN_PREVIOUSLY b'845002'
ACTION SNIPPET 10000 7295 SEEN_PREVIOUSLY b'1272644'
ACTION SNIPPET 10000 7298 SEEN_PREVIOUSLY b'752679'
ACTION SNIPPET 10000 7301 SNIPPET_NOT_RELEVANT b'905057'
ACTION SNIPPET 10000 7304 SEEN_PREVIOUSLY b'1775428'
ACTION SNIPPET 10000 7307 SEEN_PREVIOUSLY b'126912'
ACTION QUERY 10000 7317 college education advantage hire
ACTION SERP 10000 7322 EXAMINE_SERP
ACTION SNIPPET 10000 7325 SEEN_PREVIOUSLY b'1064'
ACTION SNIPPET 10000 7328 SEEN_PREVIOUSLY b'1064'
ACTION SNIPPET 10000 7331 SEEN_PREVIOUSLY b'852976'
ACTION SNIPPET 10000 7334 SNIPPET_NOT_RELEVANT b'168948'
ACTION SNIPPET 10000 7337 SEEN_PREVIOUSLY b'722023'
ACTION SNIPPET 10000 7340 SEEN_PREVIOUSLY b'1361566'
ACTION SNIPPET 10000 7343 SEEN_PREVIOUSLY b'1566299'
ACTION SNIPPET 10000 7346 SEEN_PREVIOUSLY b'1706607'
ACTION SNIPPET 10000 7349 SEEN_PREVIOUSLY b'1714546'
ACTION SNIPPET 10000 7352 SNIPPET_NOT_RELEVANT b'435165'
ACTION SNIPPET 10000 7355 SEEN_PREVIOUSLY b'268640'
ACTION SNIPPET 10000 7358 SEEN_PREVIOUSLY b'1027237'
ACTION SNIPPET 10000 7361 SNIPPET_NOT_RELEVANT b'1227289'
ACTION SNIPPET 10000 7364 SEEN_PREVIOUSLY b'1775428'
ACTION SNIPPET 10000 7367 SEEN_PREVIOUSLY b'77858'
ACTION QUERY 10000 7377 college education advantage candidate
ACTION SERP 10000 7382 EXAMINE_SERP
ACTION SNIPPET 10000 7385 SEEN_PREVIOUSLY b'140339'
ACTION SNIPPET 10000 7388 SNIPPET_RELEVANT b'250900'
ACTION DOC 10000 7408 EXAMINING_DOCUMENT b'250900'
ACTION SNIPPET 10000 7411 SEEN_PREVIOUSLY b'78435'
ACTION SNIPPET 10000 7414 SEEN_PREVIOUSLY b'547158'
ACTION SNIPPET 10000 7417 SNIPPET_NOT_RELEVANT b'1457636'
ACTION SNIPPET 10000 7420 SNIPPET_NOT_RELEVANT b'536579'
ACTION SNIPPET 10000 7423 SNIPPET_NOT_RELEVANT b'77772'
ACTION SNIPPET 10000 7426 SNIPPET_NOT_RELEVANT b'1427825'
ACTION SNIPPET 10000 7429 SEEN_PREVIOUSLY b'77858'
ACTION QUERY 10000 7439 college education advantage universities
ACTION SERP 10000 7444 EXAMINE_SERP
ACTION SNIPPET 10000 7447 SEEN_PREVIOUSLY b'1739514'
ACTION SNIPPET 10000 7450 SEEN_PREVIOUSLY b'1576073'
ACTION SNIPPET 10000 7453 SEEN_PREVIOUSLY b'1707549'
ACTION SNIPPET 10000 7456 SEEN_PREVIOUSLY b'1842415'
ACTION SNIPPET 10000 7459 SEEN_PREVIOUSLY b'965812'
ACTION SNIPPET 10000 7462 SEEN_PREVIOUSLY b'247974'
ACTION SNIPPET 10000 7465 SEEN_PREVIOUSLY b'434854'
ACTION SNIPPET 10000 7468 SEEN_PREVIOUSLY b'954627'
ACTION SNIPPET 10000 7471 SEEN_PREVIOUSLY b'140339'
ACTION SNIPPET 10000 7474 SEEN_PREVIOUSLY b'1519827'
ACTION SNIPPET 10000 7477 SEEN_PREVIOUSLY b'1019664'
ACTION SNIPPET 10000 7480 SEEN_PREVIOUSLY b'1790828'
ACTION SNIPPET 10000 7483 SEEN_PREVIOUSLY b'1577987'
ACTION SNIPPET 10000 7486 SEEN_PREVIOUSLY b'1065767'
ACTION SNIPPET 10000 7489 SEEN_PREVIOUSLY b'1510867'
ACTION QUERY 10000 7499 college education advantage facilities
ACTION SERP 10000 7504 EXAMINE_SERP
ACTION SNIPPET 10000 7507 SEEN_PREVIOUSLY b'1739514'
ACTION SNIPPET 10000 7510 SNIPPET_RELEVANT b'835823'
ACTION DOC 10000 7530 EXAMINING_DOCUMENT b'835823'
ACTION SNIPPET 10000 7533 SEEN_PREVIOUSLY b'190484'
ACTION SNIPPET 10000 7536 SNIPPET_NOT_RELEVANT b'160183'
ACTION SNIPPET 10000 7539 SNIPPET_NOT_RELEVANT b'795605'
ACTION SNIPPET 10000 7542 SNIPPET_NOT_RELEVANT b'795171'
ACTION SNIPPET 10000 7545 SNIPPET_RELEVANT b'956974'
ACTION DOC 10000 7565 EXAMINING_DOCUMENT b'956974'
ACTION QUERY 10000 7575 college education advantage credential
ACTION SERP 10000 7580 EXAMINE_SERP
ACTION SNIPPET 10000 7583 SNIPPET_RELEVANT b'1615034'
ACTION DOC 10000 7603 EXAMINING_DOCUMENT b'1615034'
ACTION SNIPPET 10000 7606 SNIPPET_NOT_RELEVANT b'1613599'
ACTION SNIPPET 10000 7609 SEEN_PREVIOUSLY b'1706607'
ACTION SNIPPET 10000 7612 SNIPPET_NOT_RELEVANT b'66407'
ACTION SNIPPET 10000 7615 SNIPPET_RELEVANT b'562222'
ACTION DOC 10000 7635 EXAMINING_DOCUMENT b'562222'
ACTION QUERY 10000 7645 college education advantage security
ACTION SERP 10000 7650 EXAMINE_SERP
ACTION SNIPPET 10000 7653 SEEN_PREVIOUSLY b'1707549'
ACTION SNIPPET 10000 7656 SEEN_PREVIOUSLY b'804673'
ACTION SNIPPET 10000 7659 SEEN_PREVIOUSLY b'804954'
ACTION SNIPPET 10000 7662 SEEN_PREVIOUSLY b'227317'
ACTION SNIPPET 10000 7665 SEEN_PREVIOUSLY b'365162'
ACTION SNIPPET 10000 7668 SEEN_PREVIOUSLY b'77858'
ACTION SNIPPET 10000 7671 SEEN_PREVIOUSLY b'216664'
ACTION SNIPPET 10000 7674 SNIPPET_RELEVANT b'109465'
ACTION DOC 10000 7694 EXAMINING_DOCUMENT b'109465'
ACTION SNIPPET 10000 7697 SEEN_PREVIOUSLY b'845002'
ACTION QUERY 10000 7707 college education advantage still
ACTION SERP 10000 7712 EXAMINE_SERP
ACTION SNIPPET 10000 7715 SEEN_PREVIOUSLY b'1642208'
ACTION SNIPPET 10000 7718 SEEN_PREVIOUSLY b'77858'
ACTION SNIPPET 10000 7721 SEEN_PREVIOUSLY b'1790828'
ACTION SNIPPET 10000 7724 SEEN_PREVIOUSLY b'247974'
ACTION SNIPPET 10000 7727 SEEN_PREVIOUSLY b'1576073'
ACTION SNIPPET 10000 7730 SEEN_PREVIOUSLY b'1137475'
ACTION SNIPPET 10000 7733 SEEN_PREVIOUSLY b'845002'
ACTION SNIPPET 10000 7736 SEEN_PREVIOUSLY b'357269'
ACTION SNIPPET 10000 7739 SEEN_PREVIOUSLY b'927602'
ACTION SNIPPET 10000 7742 SEEN_PREVIOUSLY b'420138'
ACTION SNIPPET 10000 7745 SEEN_PREVIOUSLY b'1375375'
ACTION SNIPPET 10000 7748 SNIPPET_NOT_RELEVANT b'1710084'
ACTION SNIPPET 10000 7751 SEEN_PREVIOUSLY b'1467081'
ACTION SNIPPET 10000 7754 SEEN_PREVIOUSLY b'1707549'
ACTION SNIPPET 10000 7757 SEEN_PREVIOUSLY b'1739514'
ACTION QUERY 10000 7767 college education advantage emphasized
ACTION SERP 10000 7772 EXAMINE_SERP
ACTION SNIPPET 10000 7775 SEEN_PREVIOUSLY b'1790828'
ACTION SNIPPET 10000 7778 SEEN_PREVIOUSLY b'1272644'
ACTION SNIPPET 10000 7781 SEEN_PREVIOUSLY b'153472'
ACTION SNIPPET 10000 7784 SEEN_PREVIOUSLY b'927602'
ACTION SNIPPET 10000 7787 SNIPPET_RELEVANT b'341638'
ACTION DOC 10000 7807 EXAMINING_DOCUMENT b'341638'
ACTION SNIPPET 10000 7810 SEEN_PREVIOUSLY b'77858'
ACTION SNIPPET 10000 7813 SEEN_PREVIOUSLY b'64656'
ACTION SNIPPET 10000 7816 SEEN_PREVIOUSLY b'255093'
ACTION SNIPPET 10000 7819 SNIPPET_RELEVANT b'272993'
ACTION DOC 10000 7839 EXAMINING_DOCUMENT b'272993'
ACTION QUERY 10000 7849 college education advantage class
ACTION SERP 10000 7854 EXAMINE_SERP
ACTION SNIPPET 10000 7857 SEEN_PREVIOUSLY b'366797'
ACTION SNIPPET 10000 7860 SEEN_PREVIOUSLY b'1137475'
ACTION SNIPPET 10000 7863 SNIPPET_NOT_RELEVANT b'1497415'
ACTION SNIPPET 10000 7866 SEEN_PREVIOUSLY b'1790828'
ACTION SNIPPET 10000 7869 SEEN_PREVIOUSLY b'430740'
ACTION SNIPPET 10000 7872 SEEN_PREVIOUSLY b'1577987'
ACTION SNIPPET 10000 7875 SEEN_PREVIOUSLY b'1642208'
ACTION SNIPPET 10000 7878 SNIPPET_NOT_RELEVANT b'1676453'
ACTION SNIPPET 10000 7881 SEEN_PREVIOUSLY b'1576073'
ACTION SNIPPET 10000 7884 SEEN_PREVIOUSLY b'1205941'
ACTION SNIPPET 10000 7887 SEEN_PREVIOUSLY b'1732323'
ACTION SNIPPET 10000 7890 SEEN_PREVIOUSLY b'855668'
ACTION SNIPPET 10000 7893 SEEN_PREVIOUSLY b'163031'
ACTION SNIPPET 10000 7896 SEEN_PREVIOUSLY b'1172524'
ACTION SNIPPET 10000 7899 SNIPPET_NOT_RELEVANT b'1710084'
ACTION QUERY 10000 7909 college education advantage education
ACTION SERP 10000 7914 EXAMINE_SERP
ACTION SNIPPET 10000 7917 SEEN_PREVIOUSLY b'77858'
ACTION SNIPPET 10000 7920 SEEN_PREVIOUSLY b'1642208'
ACTION SNIPPET 10000 7923 SEEN_PREVIOUSLY b'845002'
ACTION SNIPPET 10000 7926 SEEN_PREVIOUSLY b'247974'
ACTION SNIPPET 10000 7929 SEEN_PREVIOUSLY b'1739514'
ACTION SNIPPET 10000 7932 SEEN_PREVIOUSLY b'434854'
ACTION SNIPPET 10000 7935 SEEN_PREVIOUSLY b'1019664'
ACTION SNIPPET 10000 7938 SEEN_PREVIOUSLY b'1707549'
ACTION SNIPPET 10000 7941 SEEN_PREVIOUSLY b'1065767'
ACTION SNIPPET 10000 7944 SEEN_PREVIOUSLY b'1170209'
ACTION SNIPPET 10000 7947 SEEN_PREVIOUSLY b'1235262'
ACTION SNIPPET 10000 7950 SEEN_PREVIOUSLY b'1185321'
ACTION SNIPPET 10000 7953 SEEN_PREVIOUSLY b'954627'
ACTION SNIPPET 10000 7956 SEEN_PREVIOUSLY b'830299'
ACTION SNIPPET 10000 7959 SEEN_PREVIOUSLY b'1842415'
ACTION QUERY 10000 7969 college education advantage attend
ACTION SERP 10000 7974 EXAMINE_SERP
ACTION SNIPPET 10000 7977 SEEN_PREVIOUSLY b'845002'
ACTION SNIPPET 10000 7980 SEEN_PREVIOUSLY b'1790828'
ACTION SNIPPET 10000 7983 SEEN_PREVIOUSLY b'1185321'
ACTION SNIPPET 10000 7986 SEEN_PREVIOUSLY b'954708'
ACTION SNIPPET 10000 7989 SEEN_PREVIOUSLY b'911354'
ACTION SNIPPET 10000 7992 SEEN_PREVIOUSLY b'434854'
ACTION SNIPPET 10000 7995 SEEN_PREVIOUSLY b'1137475'
ACTION SNIPPET 10000 7998 SEEN_PREVIOUSLY b'1706607'
ACTION SNIPPET 10000 8001 SNIPPET_NOT_RELEVANT b'725103'
ACTION SNIPPET 10000 8004 SEEN_PREVIOUSLY b'1707549'
ACTION SNIPPET 10000 8007 SEEN_PREVIOUSLY b'148455'
ACTION SNIPPET 10000 8010 SNIPPET_NOT_RELEVANT b'1391069'
ACTION SNIPPET 10000 8013 SEEN_PREVIOUSLY b'1510867'
ACTION SNIPPET 10000 8016 SNIPPET_NOT_RELEVANT b'1642210'
ACTION SNIPPET 10000 8019 SEEN_PREVIOUSLY b'1842415'
ACTION QUERY 10000 8029 college education advantage benefits
ACTION SERP 10000 8034 EXAMINE_SERP
ACTION SNIPPET 10000 8037 SEEN_PREVIOUSLY b'1642208'
ACTION SNIPPET 10000 8040 SEEN_PREVIOUSLY b'1170209'
ACTION SNIPPET 10000 8043 SEEN_PREVIOUSLY b'911354'
ACTION SNIPPET 10000 8046 SEEN_PREVIOUSLY b'1842415'
ACTION SNIPPET 10000 8049 SEEN_PREVIOUSLY b'434854'
ACTION SNIPPET 10000 8052 SEEN_PREVIOUSLY b'1361566'
ACTION SNIPPET 10000 8055 SNIPPET_RELEVANT b'807083'
ACTION DOC 10000 8075 EXAMINING_DOCUMENT b'807083'
ACTION SNIPPET 10000 8078 SNIPPET_NOT_RELEVANT b'1642210'
ACTION SNIPPET 10000 8081 SEEN_PREVIOUSLY b'1375375'
ACTION QUERY 10000 8091 college education advantage part
ACTION SERP 10000 8096 EXAMINE_SERP
ACTION SNIPPET 10000 8099 SEEN_PREVIOUSLY b'1642208'
ACTION SNIPPET 10000 8102 SEEN_PREVIOUSLY b'77858'
ACTION SNIPPET 10000 8105 SEEN_PREVIOUSLY b'1170209'
ACTION SNIPPET 10000 8108 SEEN_PREVIOUSLY b'247974'
ACTION SNIPPET 10000 8111 SEEN_PREVIOUSLY b'1576073'
ACTION SNIPPET 10000 8114 SEEN_PREVIOUSLY b'966469'
ACTION SNIPPET 10000 8117 SEEN_PREVIOUSLY b'227317'
ACTION SNIPPET 10000 8120 SEEN_PREVIOUSLY b'845002'
ACTION SNIPPET 10000 8123 SEEN_PREVIOUSLY b'1790828'
ACTION SNIPPET 10000 8126 SEEN_PREVIOUSLY b'954627'
ACTION SNIPPET 10000 8129 SEEN_PREVIOUSLY b'1519827'
ACTION SNIPPET 10000 8132 SEEN_PREVIOUSLY b'163031'
ACTION SNIPPET 10000 8135 SEEN_PREVIOUSLY b'1205941'
ACTION SNIPPET 10000 8138 SEEN_PREVIOUSLY b'1707549'
ACTION SNIPPET 10000 8141 SNIPPET_RELEVANT b'1134655'
ACTION DOC 10000 8161 EXAMINING_DOCUMENT b'1134655'
ACTION QUERY 10000 8171 college education advantage take
ACTION SERP 10000 8176 EXAMINE_SERP
ACTION SNIPPET 10000 8179 SEEN_PREVIOUSLY b'845002'
ACTION SNIPPET 10000 8182 SEEN_PREVIOUSLY b'1642208'
ACTION SNIPPET 10000 8185 SEEN_PREVIOUSLY b'247974'
ACTION SNIPPET 10000 8188 SEEN_PREVIOUSLY b'77858'
ACTION SNIPPET 10000 8191 SEEN_PREVIOUSLY b'804673'
ACTION SNIPPET 10000 8194 SEEN_PREVIOUSLY b'804954'
ACTION SNIPPET 10000 8197 SEEN_PREVIOUSLY b'1019664'
ACTION SNIPPET 10000 8200 SEEN_PREVIOUSLY b'1576073'
ACTION SNIPPET 10000 8203 SEEN_PREVIOUSLY b'430740'
ACTION SNIPPET 10000 8206 SEEN_PREVIOUSLY b'1707549'
ACTION SNIPPET 10000 8209 SEEN_PREVIOUSLY b'954708'
ACTION SNIPPET 10000 8212 SEEN_PREVIOUSLY b'1790828'
ACTION SNIPPET 10000 8215 SEEN_PREVIOUSLY b'434854'
ACTION SNIPPET 10000 8218 SEEN_PREVIOUSLY b'965812'
ACTION SNIPPET 10000 8221 SEEN_PREVIOUSLY b'62263'
ACTION QUERY 10000 8231 college education advantage war
ACTION SERP 10000 8236 EXAMINE_SERP
ACTION SNIPPET 10000 8239 SEEN_PREVIOUSLY b'1642208'
ACTION SNIPPET 10000 8242 SEEN_PREVIOUSLY b'420138'
ACTION SNIPPET 10000 8245 SEEN_PREVIOUSLY b'77858'
ACTION SNIPPET 10000 8248 SNIPPET_NOT_RELEVANT b'966939'
ACTION SNIPPET 10000 8251 SEEN_PREVIOUSLY b'1375375'
ACTION SNIPPET 10000 8254 SNIPPET_NOT_RELEVANT b'1710084'
ACTION SNIPPET 10000 8257 SEEN_PREVIOUSLY b'855668'
ACTION SNIPPET 10000 8260 SEEN_PREVIOUSLY b'845002'
ACTION SNIPPET 10000 8263 SEEN_PREVIOUSLY b'413718'
ACTION SNIPPET 10000 8266 SNIPPET_RELEVANT b'694980'
ACTION DOC 10000 8286 EXAMINING_DOCUMENT b'694980'
ACTION QUERY 10000 8296 college education advantage presidency
ACTION SERP 10000 8301 EXAMINE_SERP
ACTION SNIPPET 10000 8304 SEEN_PREVIOUSLY b'77858'
ACTION SNIPPET 10000 8307 SEEN_PREVIOUSLY b'1170209'
ACTION SNIPPET 10000 8310 SEEN_PREVIOUSLY b'247974'
ACTION SNIPPET 10000 8313 SEEN_PREVIOUSLY b'1707549'
ACTION SNIPPET 10000 8316 SEEN_PREVIOUSLY b'434854'
ACTION SNIPPET 10000 8319 SEEN_PREVIOUSLY b'1519827'
ACTION SNIPPET 10000 8322 SEEN_PREVIOUSLY b'430740'
ACTION SNIPPET 10000 8325 SEEN_PREVIOUSLY b'140339'
ACTION SNIPPET 10000 8328 SEEN_PREVIOUSLY b'366797'
ACTION SNIPPET 10000 8331 SEEN_PREVIOUSLY b'1576073'
ACTION SNIPPET 10000 8334 SEEN_PREVIOUSLY b'911354'
ACTION SNIPPET 10000 8337 SEEN_PREVIOUSLY b'845002'
ACTION SNIPPET 10000 8340 SEEN_PREVIOUSLY b'1577987'
ACTION SNIPPET 10000 8343 SEEN_PREVIOUSLY b'1790828'
ACTION SNIPPET 10000 8346 SEEN_PREVIOUSLY b'954627'
ACTION QUERY 10000 8356 college education advantage like
ACTION SERP 10000 8361 EXAMINE_SERP
ACTION SNIPPET 10000 8364 SEEN_PREVIOUSLY b'77858'
ACTION SNIPPET 10000 8367 SEEN_PREVIOUSLY b'1739514'
ACTION SNIPPET 10000 8370 SEEN_PREVIOUSLY b'1642208'
ACTION SNIPPET 10000 8373 SEEN_PREVIOUSLY b'1707549'
ACTION SNIPPET 10000 8376 SEEN_PREVIOUSLY b'845002'
ACTION SNIPPET 10000 8379 SEEN_PREVIOUSLY b'1235262'
ACTION SNIPPET 10000 8382 SEEN_PREVIOUSLY b'1065767'
ACTION SNIPPET 10000 8385 SEEN_PREVIOUSLY b'247974'
ACTION SNIPPET 10000 8388 SEEN_PREVIOUSLY b'804673'
ACTION SNIPPET 10000 8391 SEEN_PREVIOUSLY b'804954'
ACTION SNIPPET 10000 8394 SEEN_PREVIOUSLY b'1170209'
ACTION SNIPPET 10000 8397 SEEN_PREVIOUSLY b'434854'
ACTION SNIPPET 10000 8400 SEEN_PREVIOUSLY b'1790828'
ACTION SNIPPET 10000 8403 SEEN_PREVIOUSLY b'1093014'
ACTION SNIPPET 10000 8406 SEEN_PREVIOUSLY b'366797'
ACTION QUERY 10000 8416 college education advantage schools
ACTION SERP 10000 8421 EXAMINE_SERP
ACTION SNIPPET 10000 8424 SEEN_PREVIOUSLY b'1707549'
ACTION SNIPPET 10000 8427 SEEN_PREVIOUSLY b'434854'
ACTION SNIPPET 10000 8430 SEEN_PREVIOUSLY b'845002'
ACTION SNIPPET 10000 8433 SEEN_PREVIOUSLY b'1642208'
ACTION SNIPPET 10000 8436 SEEN_PREVIOUSLY b'247974'
ACTION SNIPPET 10000 8439 SEEN_PREVIOUSLY b'1790828'
ACTION SNIPPET 10000 8442 SEEN_PREVIOUSLY b'1172524'
ACTION SNIPPET 10000 8445 SEEN_PREVIOUSLY b'366797'
ACTION SNIPPET 10000 8448 SEEN_PREVIOUSLY b'1732323'
ACTION SNIPPET 10000 8451 SEEN_PREVIOUSLY b'804673'
ACTION SNIPPET 10000 8454 SEEN_PREVIOUSLY b'804954'
ACTION SNIPPET 10000 8457 SNIPPET_RELEVANT b'1710084'
ACTION DOC 10000 8477 EXAMINING_DOCUMENT b'1710084'
ACTION QUERY 10000 8487 college education advantage department
ACTION SERP 10000 8492 EXAMINE_SERP
ACTION SNIPPET 10000 8495 SEEN_PREVIOUSLY b'1642208'
ACTION SNIPPET 10000 8498 SEEN_PREVIOUSLY b'247974'
ACTION SNIPPET 10000 8501 SEEN_PREVIOUSLY b'350105'
ACTION SNIPPET 10000 8504 SEEN_PREVIOUSLY b'830299'
ACTION SNIPPET 10000 8507 SEEN_PREVIOUSLY b'530898'
ACTION SNIPPET 10000 8510 SEEN_PREVIOUSLY b'1710084'
ACTION SNIPPET 10000 8513 SEEN_PREVIOUSLY b'294235'
ACTION SNIPPET 10000 8516 SEEN_PREVIOUSLY b'1028368'
ACTION SNIPPET 10000 8519 SEEN_PREVIOUSLY b'77858'
ACTION SNIPPET 10000 8522 SNIPPET_NOT_RELEVANT b'435165'
ACTION SNIPPET 10000 8525 SNIPPET_NOT_RELEVANT b'27966'
ACTION SNIPPET 10000 8528 SNIPPET_NOT_RELEVANT b'1854230'
ACTION SNIPPET 10000 8531 SEEN_PREVIOUSLY b'1062'
ACTION SNIPPET 10000 8534 SEEN_PREVIOUSLY b'1062'
ACTION SNIPPET 10000 8537 SNIPPET_RELEVANT b'1738997'
ACTION DOC 10000 8557 EXAMINING_DOCUMENT b'1738997'
ACTION QUERY 10000 8567 college education advantage difference
ACTION SERP 10000 8572 EXAMINE_SERP
ACTION SNIPPET 10000 8575 SEEN_PREVIOUSLY b'77858'
ACTION SNIPPET 10000 8578 SEEN_PREVIOUSLY b'62263'
ACTION SNIPPET 10000 8581 SEEN_PREVIOUSLY b'272993'
ACTION SNIPPET 10000 8584 SEEN_PREVIOUSLY b'1710084'
ACTION SNIPPET 10000 8587 SEEN_PREVIOUSLY b'247974'
ACTION SNIPPET 10000 8590 SEEN_PREVIOUSLY b'366797'
ACTION SNIPPET 10000 8593 SNIPPET_RELEVANT b'262778'
ACTION DOC 10000 8613 EXAMINING_DOCUMENT b'262778'
ACTION SNIPPET 10000 8616 SEEN_PREVIOUSLY b'1134655'
ACTION SNIPPET 10000 8619 SNIPPET_NOT_RELEVANT b'928242'
ACTION QUERY 10000 8629 college education advantage time
ACTION SERP 10000 8634 EXAMINE_SERP
ACTION SNIPPET 10000 8637 SEEN_PREVIOUSLY b'77858'
ACTION SNIPPET 10000 8640 SEEN_PREVIOUSLY b'1642208'
ACTION SNIPPET 10000 8643 SEEN_PREVIOUSLY b'845002'
ACTION SNIPPET 10000 8646 SEEN_PREVIOUSLY b'247974'
ACTION SNIPPET 10000 8649 SEEN_PREVIOUSLY b'1707549'
ACTION SNIPPET 10000 8652 SEEN_PREVIOUSLY b'1235262'
ACTION SNIPPET 10000 8655 SEEN_PREVIOUSLY b'804673'
ACTION SNIPPET 10000 8658 SEEN_PREVIOUSLY b'804954'
ACTION SNIPPET 10000 8661 SEEN_PREVIOUSLY b'1739514'
ACTION SNIPPET 10000 8664 SEEN_PREVIOUSLY b'1065767'
ACTION SNIPPET 10000 8667 SEEN_PREVIOUSLY b'1790828'
ACTION SNIPPET 10000 8670 SEEN_PREVIOUSLY b'1019664'
ACTION SNIPPET 10000 8673 SEEN_PREVIOUSLY b'1170209'
ACTION SNIPPET 10000 8676 SEEN_PREVIOUSLY b'430740'
ACTION SNIPPET 10000 8679 SEEN_PREVIOUSLY b'1185321'
ACTION QUERY 10000 8689 college education advantage focused
ACTION SERP 10000 8694 EXAMINE_SERP
ACTION SNIPPET 10000 8697 SEEN_PREVIOUSLY b'1519827'
ACTION SNIPPET 10000 8700 SEEN_PREVIOUSLY b'365179'
ACTION SNIPPET 10000 8703 SEEN_PREVIOUSLY b'1710084'
ACTION SNIPPET 10000 8706 SEEN_PREVIOUSLY b'357269'
ACTION SNIPPET 10000 8709 SNIPPET_NOT_RELEVANT b'928242'
ACTION SNIPPET 10000 8712 SEEN_PREVIOUSLY b'77858'
ACTION SNIPPET 10000 8715 SEEN_PREVIOUSLY b'487210'
ACTION SNIPPET 10000 8718 SNIPPET_NOT_RELEVANT b'557804'
ACTION SNIPPET 10000 8721 SNIPPET_RELEVANT b'778045'
ACTION DOC 10000 8741 EXAMINING_DOCUMENT b'778045'
ACTION QUERY 10000 8751 college education advantage necessity
ACTION SERP 10000 8756 EXAMINE_SERP
ACTION SNIPPET 10000 8759 SNIPPET_NOT_RELEVANT b'585148'
ACTION SNIPPET 10000 8762 SNIPPET_NOT_RELEVANT b'305174'
ACTION SNIPPET 10000 8765 SNIPPET_RELEVANT b'1754380'
ACTION DOC 10000 8785 EXAMINING_DOCUMENT b'1754380'
ACTION SNIPPET 10000 8788 SNIPPET_NOT_RELEVANT b'9282'
ACTION SNIPPET 10000 8791 SNIPPET_RELEVANT b'1428035'
ACTION DOC 10000 8811 EXAMINING_DOCUMENT b'1428035'
ACTION QUERY 10000 8821 college education advantage study
ACTION SERP 10000 8826 EXAMINE_SERP
ACTION SNIPPET 10000 8829 SEEN_PREVIOUSLY b'1519827'
ACTION SNIPPET 10000 8832 SEEN_PREVIOUSLY b'954627'
ACTION SNIPPET 10000 8835 SEEN_PREVIOUSLY b'430740'
ACTION SNIPPET 10000 8838 SEEN_PREVIOUSLY b'1739514'
ACTION SNIPPET 10000 8841 SEEN_PREVIOUSLY b'62263'
ACTION SNIPPET 10000 8844 SEEN_PREVIOUSLY b'911354'
ACTION SNIPPET 10000 8847 SEEN_PREVIOUSLY b'1064700'
ACTION SNIPPET 10000 8850 SEEN_PREVIOUSLY b'272993'
ACTION SNIPPET 10000 8853 SEEN_PREVIOUSLY b'1172524'
ACTION SNIPPET 10000 8856 SNIPPET_NOT_RELEVANT b'725103'
ACTION SNIPPET 10000 8859 SEEN_PREVIOUSLY b'1272644'
ACTION SNIPPET 10000 8862 SNIPPET_RELEVANT b'1280688'
ACTION DOC 10000 8882 EXAMINING_DOCUMENT b'1280688'
ACTION QUERY 10000 8892 college education advantage ny
ACTION SERP 10000 8897 EXAMINE_SERP
ACTION SNIPPET 10000 8900 SNIPPET_RELEVANT b'1793943'
ACTION DOC 10000 8920 EXAMINING_DOCUMENT b'1793943'
ACTION SNIPPET 10000 8923 SNIPPET_RELEVANT b'1841264'
ACTION DOC 10000 8943 EXAMINING_DOCUMENT b'1841264'
ACTION QUERY 10000 8953 college education advantage paying
ACTION SERP 10000 8958 EXAMINE_SERP
ACTION SNIPPET 10000 8961 SEEN_PREVIOUSLY b'1642208'
ACTION SNIPPET 10000 8964 SEEN_PREVIOUSLY b'965812'
ACTION SNIPPET 10000 8967 SEEN_PREVIOUSLY b'1235262'
ACTION SNIPPET 10000 8970 SEEN_PREVIOUSLY b'1707549'
ACTION SNIPPET 10000 8973 SEEN_PREVIOUSLY b'954708'
ACTION SNIPPET 10000 8976 SEEN_PREVIOUSLY b'1378422'
ACTION SNIPPET 10000 8979 SEEN_PREVIOUSLY b'430740'
ACTION SNIPPET 10000 8982 SEEN_PREVIOUSLY b'129802'
ACTION SNIPPET 10000 8985 SNIPPET_RELEVANT b'1753532'
ACTION DOC 10000 9005 EXAMINING_DOCUMENT b'1753532'
ACTION QUERY 10000 9015 college education advantage frame
ACTION SERP 10000 9020 EXAMINE_SERP
ACTION SNIPPET 10000 9023 SNIPPET_RELEVANT b'1279068'
ACTION DOC 10000 9043 EXAMINING_DOCUMENT b'1279068'
ACTION SNIPPET 10000 9046 SEEN_PREVIOUSLY b'1027237'
ACTION SNIPPET 10000 9049 SNIPPET_RELEVANT b'575971'
ACTION DOC 10000 9069 EXAMINING_DOCUMENT b'575971'
ACTION QUERY 10000 9079 college education advantage government
ACTION SERP 10000 9084 EXAMINE_SERP
ACTION SNIPPET 10000 9087 SEEN_PREVIOUSLY b'1642208'
ACTION SNIPPET 10000 9090 SEEN_PREVIOUSLY b'247974'
ACTION SNIPPET 10000 9093 SEEN_PREVIOUSLY b'1842415'
ACTION SNIPPET 10000 9096 SEEN_PREVIOUSLY b'830299'
ACTION SNIPPET 10000 9099 SEEN_PREVIOUSLY b'77858'
ACTION SNIPPET 10000 9102 SEEN_PREVIOUSLY b'487210'
ACTION SNIPPET 10000 9105 SEEN_PREVIOUSLY b'1461732'
ACTION SNIPPET 10000 9108 SEEN_PREVIOUSLY b'350105'
ACTION SNIPPET 10000 9111 SEEN_PREVIOUSLY b'1576073'
ACTION SNIPPET 10000 9114 SEEN_PREVIOUSLY b'845002'
ACTION SNIPPET 10000 9117 SEEN_PREVIOUSLY b'1710084'
ACTION SNIPPET 10000 9120 SEEN_PREVIOUSLY b'33511'
ACTION SNIPPET 10000 9123 SEEN_PREVIOUSLY b'644905'
ACTION SNIPPET 10000 9126 SEEN_PREVIOUSLY b'1519827'
ACTION SNIPPET 10000 9129 SEEN_PREVIOUSLY b'1641630'
ACTION QUERY 10000 9139 college education advantage involved
ACTION SERP 10000 9144 EXAMINE_SERP
ACTION SNIPPET 10000 9147 SEEN_PREVIOUSLY b'1842415'
ACTION SNIPPET 10000 9150 SEEN_PREVIOUSLY b'247974'
ACTION SNIPPET 10000 9153 SEEN_PREVIOUSLY b'268640'
ACTION SNIPPET 10000 9156 SEEN_PREVIOUSLY b'77858'
ACTION SNIPPET 10000 9159 SEEN_PREVIOUSLY b'1172524'
ACTION SNIPPET 10000 9162 SEEN_PREVIOUSLY b'1710084'
ACTION SNIPPET 10000 9165 SEEN_PREVIOUSLY b'780128'
ACTION SNIPPET 10000 9168 SEEN_PREVIOUSLY b'845002'
ACTION SNIPPET 10000 9171 SNIPPET_NOT_RELEVANT b'1709158'
ACTION SNIPPET 10000 9174 SNIPPET_RELEVANT b'1364541'
ACTION DOC 10000 9194 EXAMINING_DOCUMENT b'1364541'
ACTION QUERY 10000 9204 college education advantage required
ACTION SERP 10000 9209 EXAMINE_SERP
ACTION SNIPPET 10000 9212 SEEN_PREVIOUSLY b'430740'
ACTION SNIPPET 10000 9215 SEEN_PREVIOUSLY b'1642208'
ACTION SNIPPET 10000 9218 SEEN_PREVIOUSLY b'1375375'
ACTION SNIPPET 10000 9221 SEEN_PREVIOUSLY b'447862'
ACTION SNIPPET 10000 9224 SEEN_PREVIOUSLY b'1170209'
ACTION SNIPPET 10000 9227 SEEN_PREVIOUSLY b'804673'
ACTION SNIPPET 10000 9230 SEEN_PREVIOUSLY b'804954'
ACTION SNIPPET 10000 9233 SEEN_PREVIOUSLY b'1706607'
ACTION SNIPPET 10000 9236 SEEN_PREVIOUSLY b'1519827'
ACTION SNIPPET 10000 9239 SNIPPET_NOT_RELEVANT b'1789490'
ACTION SNIPPET 10000 9242 SEEN_PREVIOUSLY b'1148604'
ACTION SNIPPET 10000 9245 SEEN_PREVIOUSLY b'227317'
ACTION SNIPPET 10000 9248 SEEN_PREVIOUSLY b'1790828'
ACTION SNIPPET 10000 9251 SNIPPET_NOT_RELEVANT b'417331'
ACTION SNIPPET 10000 9254 SNIPPET_RELEVANT b'1775839'
ACTION DOC 10000 9274 EXAMINING_DOCUMENT b'1775839'
ACTION QUERY 10000 9284 college education advantage educational
ACTION SERP 10000 9289 EXAMINE_SERP
ACTION SNIPPET 10000 9292 SEEN_PREVIOUSLY b'77858'
ACTION SNIPPET 10000 9295 SEEN_PREVIOUSLY b'1642208'
ACTION SNIPPET 10000 9298 SEEN_PREVIOUSLY b'845002'
ACTION SNIPPET 10000 9301 SEEN_PREVIOUSLY b'247974'
ACTION SNIPPET 10000 9304 SEEN_PREVIOUSLY b'1739514'
ACTION SNIPPET 10000 9307 SEEN_PREVIOUSLY b'434854'
ACTION SNIPPET 10000 9310 SEEN_PREVIOUSLY b'1019664'
ACTION SNIPPET 10000 9313 SEEN_PREVIOUSLY b'1707549'
ACTION SNIPPET 10000 9316 SEEN_PREVIOUSLY b'1065767'
ACTION SNIPPET 10000 9319 SEEN_PREVIOUSLY b'1170209'
ACTION SNIPPET 10000 9322 SEEN_PREVIOUSLY b'1235262'
ACTION SNIPPET 10000 9325 SEEN_PREVIOUSLY b'954627'
ACTION SNIPPET 10000 9328 SEEN_PREVIOUSLY b'1185321'
ACTION SNIPPET 10000 9331 SEEN_PREVIOUSLY b'830299'
ACTION SNIPPET 10000 9334 SEEN_PREVIOUSLY b'1842415'
ACTION QUERY 10000 9344 college education advantage salary
ACTION SERP 10000 9349 EXAMINE_SERP
ACTION SNIPPET 10000 9352 SNIPPET_NOT_RELEVANT b'557804'
ACTION SNIPPET 10000 9355 SEEN_PREVIOUSLY b'1028368'
ACTION SNIPPET 10000 9358 SEEN_PREVIOUSLY b'1510867'
ACTION SNIPPET 10000 9361 SNIPPET_NOT_RELEVANT b'585909'
ACTION SNIPPET 10000 9364 SNIPPET_NOT_RELEVANT b'475451'
ACTION SNIPPET 10000 9367 SEEN_PREVIOUSLY b'1775428'
ACTION SNIPPET 10000 9370 SNIPPET_RELEVANT b'23649'
ACTION DOC 10000 9390 EXAMINING_DOCUMENT b'23649'
ACTION SNIPPET 10000 9393 SNIPPET_RELEVANT b'1316535'
ACTION DOC 10000 9413 EXAMINING_DOCUMENT b'1316535'
ACTION QUERY 10000 9423 college education advantage apply
ACTION SERP 10000 9428 EXAMINE_SERP
ACTION SNIPPET 10000 9431 SEEN_PREVIOUSLY b'1790828'
ACTION SNIPPET 10000 9434 SEEN_PREVIOUSLY b'845002'
ACTION SNIPPET 10000 9437 SEEN_PREVIOUSLY b'1576073'
ACTION SNIPPET 10000 9440 SNIPPET_NOT_RELEVANT b'1789490'
ACTION SNIPPET 10000 9443 SEEN_PREVIOUSLY b'33511'
ACTION SNIPPET 10000 9446 SNIPPET_RELEVANT b'1793079'
ACTION DOC 10000 9466 EXAMINING_DOCUMENT b'1793079'
ACTION SNIPPET 10000 9469 SNIPPET_NOT_RELEVANT b'1220405'
ACTION SNIPPET 10000 9472 SEEN_PREVIOUSLY b'804673'
ACTION SNIPPET 10000 9475 SEEN_PREVIOUSLY b'804954'
ACTION QUERY 10000 9485 college education advantage following
ACTION SERP 10000 9490 EXAMINE_SERP
ACTION SNIPPET 10000 9493 SEEN_PREVIOUSLY b'1790828'
ACTION SNIPPET 10000 9496 SEEN_PREVIOUSLY b'954627'
ACTION SNIPPET 10000 9499 SEEN_PREVIOUSLY b'77858'
ACTION SNIPPET 10000 9502 SEEN_PREVIOUSLY b'845002'
ACTION SNIPPET 10000 9505 SEEN_PREVIOUSLY b'1642208'
ACTION SNIPPET 10000 9508 SNIPPET_NOT_RELEVANT b'978488'
ACTION SNIPPET 10000 9511 SEEN_PREVIOUSLY b'126912'
ACTION SNIPPET 10000 9514 SNIPPET_RELEVANT b'1758237'
ACTION DOC 10000 9534 EXAMINING_DOCUMENT b'1758237'
ACTION SNIPPET 10000 9537 SEEN_PREVIOUSLY b'1707549'
ACTION QUERY 10000 9547 college education advantage pursue
ACTION SERP 10000 9552 EXAMINE_SERP
ACTION SNIPPET 10000 9555 SEEN_PREVIOUSLY b'1205941'
ACTION SNIPPET 10000 9558 SEEN_PREVIOUSLY b'1279068'
ACTION SNIPPET 10000 9561 SNIPPET_NOT_RELEVANT b'1391069'
ACTION SNIPPET 10000 9564 SEEN_PREVIOUSLY b'1361566'
ACTION SNIPPET 10000 9567 SNIPPET_RELEVANT b'214424'
ACTION DOC 10000 9587 EXAMINING_DOCUMENT b'214424'
ACTION SNIPPET 10000 9590 SEEN_PREVIOUSLY b'247974'
ACTION SNIPPET 10000 9593 SNIPPET_RELEVANT b'121718'
ACTION DOC 10000 9613 EXAMINING_DOCUMENT b'121718'
ACTION QUERY 10000 9623 college education advantage americans
ACTION SERP 10000 9628 EXAMINE_SERP
ACTION SNIPPET 10000 9631 SEEN_PREVIOUSLY b'77858'
ACTION SNIPPET 10000 9634 SEEN_PREVIOUSLY b'1707549'
ACTION SNIPPET 10000 9637 SEEN_PREVIOUSLY b'1642208'
ACTION SNIPPET 10000 9640 SEEN_PREVIOUSLY b'1170209'
ACTION SNIPPET 10000 9643 SEEN_PREVIOUSLY b'434854'
ACTION SNIPPET 10000 9646 SEEN_PREVIOUSLY b'234465'
ACTION SNIPPET 10000 9649 SNIPPET_RELEVANT b'585909'
ACTION DOC 10000 9669 EXAMINING_DOCUMENT b'585909'
ACTION SNIPPET 10000 9672 SEEN_PREVIOUSLY b'247974'
ACTION SNIPPET 10000 9675 SEEN_PREVIOUSLY b'1576073'
ACTION QUERY 10000 9685 college education advantage women
ACTION SERP 10000 9690 EXAMINE_SERP
ACTION SNIPPET 10000 9693 SEEN_PREVIOUSLY b'62263'
ACTION SNIPPET 10000 9696 SEEN_PREVIOUSLY b'1710084'
ACTION SNIPPET 10000 9699 SEEN_PREVIOUSLY b'1775428'
ACTION SNIPPET 10000 9702 SEEN_PREVIOUSLY b'722023'
ACTION SNIPPET 10000 9705 SNIPPET_RELEVANT b'725103'
ACTION DOC 10000 9725 EXAMINING_DOCUMENT b'725103'
ACTION SNIPPET 10000 9728 SEEN_PREVIOUSLY b'365179'
ACTION SNIPPET 10000 9731 SEEN_PREVIOUSLY b'272993'
ACTION SNIPPET 10000 9734 SEEN_PREVIOUSLY b'357269'
ACTION SNIPPET 10000 9737 SEEN_PREVIOUSLY b'1775839'
ACTION QUERY 10000 9747 college education advantage state
ACTION SERP 10000 9752 EXAMINE_SERP
ACTION SNIPPET 10000 9755 SEEN_PREVIOUSLY b'247974'
ACTION SNIPPET 10000 9758 SEEN_PREVIOUSLY b'77858'
ACTION SNIPPET 10000 9761 SEEN_PREVIOUSLY b'1235262'
ACTION SNIPPET 10000 9764 SEEN_PREVIOUSLY b'954708'
ACTION SNIPPET 10000 9767 SEEN_PREVIOUSLY b'845002'
ACTION SNIPPET 10000 9770 SEEN_PREVIOUSLY b'1576073'
ACTION SNIPPET 10000 9773 SEEN_PREVIOUSLY b'1170209'
ACTION SNIPPET 10000 9776 SEEN_PREVIOUSLY b'804673'
ACTION SNIPPET 10000 9779 SEEN_PREVIOUSLY b'804954'
ACTION SNIPPET 10000 9782 SEEN_PREVIOUSLY b'1642208'
ACTION SNIPPET 10000 9785 SEEN_PREVIOUSLY b'1842415'
ACTION SNIPPET 10000 9788 SEEN_PREVIOUSLY b'1461732'
ACTION SNIPPET 10000 9791 SEEN_PREVIOUSLY b'33511'
ACTION SNIPPET 10000 9794 SEEN_PREVIOUSLY b'1707549'
ACTION SNIPPET 10000 9797 SEEN_PREVIOUSLY b'1510867'
ACTION QUERY 10000 9807 college education advantage ages
ACTION SERP 10000 9812 EXAMINE_SERP
ACTION SNIPPET 10000 9815 SEEN_PREVIOUSLY b'1707549'
ACTION SNIPPET 10000 9818 SEEN_PREVIOUSLY b'1065767'
ACTION SNIPPET 10000 9821 SEEN_PREVIOUSLY b'1378422'
ACTION SNIPPET 10000 9824 SEEN_PREVIOUSLY b'1732323'
ACTION SNIPPET 10000 9827 SEEN_PREVIOUSLY b'1170209'
ACTION SNIPPET 10000 9830 SEEN_PREVIOUSLY b'1710084'
ACTION SNIPPET 10000 9833 SEEN_PREVIOUSLY b'1028368'
ACTION SNIPPET 10000 9836 SEEN_PREVIOUSLY b'247974'
ACTION SNIPPET 10000 9839 SEEN_PREVIOUSLY b'62263'
ACTION SNIPPET 10000 9842 SEEN_PREVIOUSLY b'830299'
ACTION SNIPPET 10000 9845 SEEN_PREVIOUSLY b'77858'
ACTION SNIPPET 10000 9848 SEEN_PREVIOUSLY b'1349752'
ACTION SNIPPET 10000 9851 SEEN_PREVIOUSLY b'1828580'
ACTION SNIPPET 10000 9854 SEEN_PREVIOUSLY b'33511'
ACTION SNIPPET 10000 9857 SEEN_PREVIOUSLY b'1519827'
ACTION QUERY 10000 9867 college education advantage issues
ACTION SERP 10000 9872 EXAMINE_SERP
ACTION SNIPPET 10000 9875 SEEN_PREVIOUSLY b'1732323'
ACTION SNIPPET 10000 9878 SEEN_PREVIOUSLY b'943882'
ACTION SNIPPET 10000 9881 SEEN_PREVIOUSLY b'927602'
ACTION SNIPPET 10000 9884 SEEN_PREVIOUSLY b'1576073'
ACTION SNIPPET 10000 9887 SEEN_PREVIOUSLY b'109465'
ACTION SNIPPET 10000 9890 SEEN_PREVIOUSLY b'77858'
ACTION SNIPPET 10000 9893 SEEN_PREVIOUSLY b'247974'
ACTION SNIPPET 10000 9896 SEEN_PREVIOUSLY b'447862'
ACTION SNIPPET 10000 9899 SEEN_PREVIOUSLY b'190484'
ACTION SNIPPET 10000 9902 SEEN_PREVIOUSLY b'725103'
ACTION SNIPPET 10000 9905 SEEN_PREVIOUSLY b'1205941'
ACTION SNIPPET 10000 9908 SEEN_PREVIOUSLY b'140339'
ACTION SNIPPET 10000 9911 SEEN_PREVIOUSLY b'845002'
ACTION SNIPPET 10000 9914 SEEN_PREVIOUSLY b'1710084'
ACTION SNIPPET 10000 9917 SEEN_PREVIOUSLY b'1062'
ACTION QUERY 10000 9927 college education advantage indispensable
ACTION SERP 10000 9932 EXAMINE_SERP
ACTION SNIPPET 10000 9935 SNIPPET_RELEVANT b'880162'
ACTION DOC 10000 9955 EXAMINING_DOCUMENT b'880162'
ACTION SNIPPET 10000 9958 SNIPPET_RELEVANT b'407017'
ACTION DOC 10000 9978 EXAMINING_DOCUMENT b'407017'
ACTION QUERY 10000 9988 college education advantage political
ACTION SERP 10000 9993 EXAMINE_SERP
ACTION SNIPPET 10000 9996 SEEN_PREVIOUSLY b'585909'
ACTION SNIPPET 10000 9999 SEEN_PREVIOUSLY b'911354'
ACTION SNIPPET 10000 10002 SEEN_PREVIOUSLY b'234465'
INFO SUMMARY 
INFO TOTAL_QUERIES_ISSUED 147
INFO TOTAL_SNIPPETS_EXAMINED 1392
INFO TOTAL_DOCUMENTS_EXAMINED 180
INFO TOTAL_DOCUMENTS_MARKED_RELEVANT 7
INFO TOTAL_ATTRACTIVE_SERP_IMPRESSIONS 147
INFO TOTAL_UNATTRACTIVE_SERP_IMPRESSIONS 0
