ACTION QUERY 10000 10 illegal technology transfer
ACTION SERP 10000 15 EXAMINE_SERP
ACTION SNIPPET 10000 18 SNIPPET_NOT_RELEVANT b'295314'
ACTION SNIPPET 10000 21 SNIPPET_RELEVANT b'514959'
ACTION DOC 10000 41 EXAMINING_DOCUMENT b'514959'
ACTION MARK 10000 44 CONSIDERED_RELEVANT b'514959'
ACTION SNIPPET 10000 47 SNIPPET_RELEVANT b'364057'
ACTION DOC 10000 67 EXAMINING_DOCUMENT b'364057'
ACTION MARK 10000 70 CONSIDERED_RELEVANT b'364057'
ACTION SNIPPET 10000 73 SNIPPET_RELEVANT b'1022183'
ACTION DOC 10000 93 EXAMINING_DOCUMENT b'1022183'
ACTION SNIPPET 10000 96 SNIPPET_RELEVANT b'83598'
ACTION DOC 10000 116 EXAMINING_DOCUMENT b'83598'
ACTION MARK 10000 119 CONSIDERED_RELEVANT b'83598'
ACTION SNIPPET 10000 122 SNIPPET_RELEVANT b'902015'
ACTION DOC 10000 142 EXAMINING_DOCUMENT b'902015'
ACTION SNIPPET 10000 145 SNIPPET_NOT_RELEVANT b'1371689'
ACTION SNIPPET 10000 148 SNIPPET_RELEVANT b'522953'
ACTION DOC 10000 168 EXAMINING_DOCUMENT b'522953'
ACTION SNIPPET 10000 171 SNIPPET_RELEVANT b'55267'
ACTION DOC 10000 191 EXAMINING_DOCUMENT b'55267'
ACTION MARK 10000 194 CONSIDERED_RELEVANT b'55267'
ACTION SNIPPET 10000 197 SNIPPET_RELEVANT b'1110335'
ACTION DOC 10000 217 EXAMINING_DOCUMENT b'1110335'
ACTION MARK 10000 220 CONSIDERED_RELEVANT b'1110335'
ACTION QUERY 10000 230 illegal technology transfer usa
ACTION SERP 10000 235 EXAMINE_SERP
ACTION SNIPPET 10000 238 SNIPPET_RELEVANT b'893602'
ACTION DOC 10000 258 EXAMINING_DOCUMENT b'893602'
ACTION SNIPPET 10000 261 SNIPPET_RELEVANT b'295314'
ACTION DOC 10000 281 EXAMINING_DOCUMENT b'295314'
ACTION SNIPPET 10000 284 SEEN_PREVIOUSLY b'514959'
ACTION SNIPPET 10000 287 SNIPPET_NOT_RELEVANT b'1081889'
ACTION SNIPPET 10000 290 SNIPPET_NOT_RELEVANT b'1013583'
ACTION SNIPPET 10000 293 SNIPPET_NOT_RELEVANT b'1161239'
ACTION SNIPPET 10000 296 SNIPPET_RELEVANT b'1829881'
ACTION DOC 10000 316 EXAMINING_DOCUMENT b'1829881'
ACTION SNIPPET 10000 319 SNIPPET_NOT_RELEVANT b'622592'
ACTION SNIPPET 10000 322 SNIPPET_NOT_RELEVANT b'214154'
ACTION SNIPPET 10000 325 SNIPPET_NOT_RELEVANT b'1278305'
ACTION QUERY 10000 335 illegal technology transfer using
ACTION SERP 10000 340 EXAMINE_SERP
ACTION SNIPPET 10000 343 SEEN_PREVIOUSLY b'1110335'
ACTION SNIPPET 10000 346 SEEN_PREVIOUSLY b'295314'
ACTION SNIPPET 10000 349 SEEN_PREVIOUSLY b'364057'
ACTION SNIPPET 10000 352 SEEN_PREVIOUSLY b'514959'
ACTION SNIPPET 10000 355 SNIPPET_NOT_RELEVANT b'800083'
ACTION SNIPPET 10000 358 SNIPPET_NOT_RELEVANT b'800241'
ACTION SNIPPET 10000 361 SNIPPET_NOT_RELEVANT b'651778'
ACTION SNIPPET 10000 364 SNIPPET_RELEVANT b'1715144'
ACTION DOC 10000 384 EXAMINING_DOCUMENT b'1715144'
ACTION SNIPPET 10000 387 SNIPPET_NOT_RELEVANT b'1497795'
ACTION SNIPPET 10000 390 SNIPPET_RELEVANT b'910328'
ACTION DOC 10000 410 EXAMINING_DOCUMENT b'910328'
ACTION QUERY 10000 420 illegal technology transfer japan
ACTION SERP 10000 425 EXAMINE_SERP
ACTION SNIPPET 10000 428 SEEN_PREVIOUSLY b'364057'
ACTION SNIPPET 10000 431 SEEN_PREVIOUSLY b'55267'
ACTION SNIPPET 10000 434 SNIPPET_RELEVANT b'54702'
ACTION DOC 10000 454 EXAMINING_DOCUMENT b'54702'
ACTION MARK 10000 457 CONSIDERED_RELEVANT b'54702'
ACTION SNIPPET 10000 460 SNIPPET_RELEVANT b'246299'
ACTION DOC 10000 480 EXAMINING_DOCUMENT b'246299'
ACTION SNIPPET 10000 483 SNIPPET_NOT_RELEVANT b'253080'
ACTION SNIPPET 10000 486 SNIPPET_RELEVANT b'328537'
ACTION DOC 10000 506 EXAMINING_DOCUMENT b'328537'
ACTION SNIPPET 10000 509 SNIPPET_NOT_RELEVANT b'57147'
ACTION SNIPPET 10000 512 SNIPPET_RELEVANT b'267062'
ACTION DOC 10000 532 EXAMINING_DOCUMENT b'267062'
ACTION MARK 10000 535 CONSIDERED_RELEVANT b'267062'
ACTION SNIPPET 10000 538 SNIPPET_NOT_RELEVANT b'686349'
ACTION SNIPPET 10000 541 SNIPPET_NOT_RELEVANT b'248049'
ACTION QUERY 10000 551 illegal technology transfer machine
ACTION SERP 10000 556 EXAMINE_SERP
ACTION SNIPPET 10000 559 SEEN_PREVIOUSLY b'55267'
ACTION SNIPPET 10000 562 SEEN_PREVIOUSLY b'83598'
ACTION SNIPPET 10000 565 SEEN_PREVIOUSLY b'54702'
ACTION SNIPPET 10000 568 SNIPPET_NOT_RELEVANT b'40787'
ACTION SNIPPET 10000 571 SNIPPET_RELEVANT b'275249'
ACTION DOC 10000 591 EXAMINING_DOCUMENT b'275249'
ACTION SNIPPET 10000 594 SEEN_PREVIOUSLY b'267062'
ACTION SNIPPET 10000 597 SNIPPET_RELEVANT b'925040'
ACTION DOC 10000 617 EXAMINING_DOCUMENT b'925040'
ACTION MARK 10000 620 CONSIDERED_RELEVANT b'925040'
ACTION SNIPPET 10000 623 SNIPPET_RELEVANT b'57147'
ACTION DOC 10000 643 EXAMINING_DOCUMENT b'57147'
ACTION MARK 10000 646 CONSIDERED_RELEVANT b'57147'
ACTION SNIPPET 10000 649 SNIPPET_RELEVANT b'956894'
ACTION DOC 10000 669 EXAMINING_DOCUMENT b'956894'
ACTION MARK 10000 672 CONSIDERED_RELEVANT b'956894'
ACTION SNIPPET 10000 675 SNIPPET_NOT_RELEVANT b'202988'
ACTION QUERY 10000 685 illegal technology transfer congress
ACTION SERP 10000 690 EXAMINE_SERP
ACTION SNIPPET 10000 693 SEEN_PREVIOUSLY b'295314'
ACTION SNIPPET 10000 696 SEEN_PREVIOUSLY b'522953'
ACTION SNIPPET 10000 699 SEEN_PREVIOUSLY b'1022183'
ACTION SNIPPET 10000 702 SNIPPET_RELEVANT b'1073757'
ACTION DOC 10000 722 EXAMINING_DOCUMENT b'1073757'
ACTION MARK 10000 725 CONSIDERED_RELEVANT b'1073757'
ACTION SNIPPET 10000 728 SNIPPET_NOT_RELEVANT b'968610'
ACTION SNIPPET 10000 731 SNIPPET_RELEVANT b'853856'
ACTION DOC 10000 751 EXAMINING_DOCUMENT b'853856'
ACTION MARK 10000 754 CONSIDERED_RELEVANT b'853856'
ACTION SNIPPET 10000 757 SEEN_PREVIOUSLY b'57147'
ACTION SNIPPET 10000 760 SNIPPET_RELEVANT b'1023739'
ACTION DOC 10000 780 EXAMINING_DOCUMENT b'1023739'
ACTION MARK 10000 783 CONSIDERED_RELEVANT b'1023739'
ACTION SNIPPET 10000 786 SEEN_PREVIOUSLY b'55267'
ACTION SNIPPET 10000 789 SEEN_PREVIOUSLY b'514959'
ACTION QUERY 10000 799 illegal technology transfer deal
ACTION SERP 10000 804 EXAMINE_SERP
ACTION SNIPPET 10000 807 SEEN_PREVIOUSLY b'295314'
ACTION SNIPPET 10000 810 SEEN_PREVIOUSLY b'83598'
ACTION SNIPPET 10000 813 SNIPPET_RELEVANT b'1238174'
ACTION DOC 10000 833 EXAMINING_DOCUMENT b'1238174'
ACTION SNIPPET 10000 836 SNIPPET_RELEVANT b'615912'
ACTION DOC 10000 856 EXAMINING_DOCUMENT b'615912'
ACTION SNIPPET 10000 859 SEEN_PREVIOUSLY b'514959'
ACTION SNIPPET 10000 862 SNIPPET_NOT_RELEVANT b'1664746'
ACTION SNIPPET 10000 865 SEEN_PREVIOUSLY b'522953'
ACTION SNIPPET 10000 868 SEEN_PREVIOUSLY b'275249'
ACTION SNIPPET 10000 871 SEEN_PREVIOUSLY b'1715144'
ACTION SNIPPET 10000 874 SEEN_PREVIOUSLY b'1073757'
ACTION QUERY 10000 884 illegal technology transfer claimed
ACTION SERP 10000 889 EXAMINE_SERP
ACTION SNIPPET 10000 892 SEEN_PREVIOUSLY b'514959'
ACTION SNIPPET 10000 895 SEEN_PREVIOUSLY b'295314'
ACTION SNIPPET 10000 898 SEEN_PREVIOUSLY b'1238174'
ACTION SNIPPET 10000 901 SNIPPET_RELEVANT b'380423'
ACTION DOC 10000 921 EXAMINING_DOCUMENT b'380423'
ACTION SNIPPET 10000 924 SNIPPET_NOT_RELEVANT b'554649'
ACTION SNIPPET 10000 927 SNIPPET_RELEVANT b'1570650'
ACTION DOC 10000 947 EXAMINING_DOCUMENT b'1570650'
ACTION SNIPPET 10000 950 SNIPPET_NOT_RELEVANT b'941594'
ACTION SNIPPET 10000 953 SEEN_PREVIOUSLY b'1110335'
ACTION SNIPPET 10000 956 SNIPPET_NOT_RELEVANT b'1069292'
ACTION SNIPPET 10000 959 SEEN_PREVIOUSLY b'925040'
ACTION QUERY 10000 969 illegal technology transfer americas
ACTION SERP 10000 974 EXAMINE_SERP
ACTION SNIPPET 10000 977 SEEN_PREVIOUSLY b'1715144'
ACTION SNIPPET 10000 980 SEEN_PREVIOUSLY b'295314'
ACTION SNIPPET 10000 983 SNIPPET_NOT_RELEVANT b'1371689'
ACTION SNIPPET 10000 986 SEEN_PREVIOUSLY b'1238174'
ACTION SNIPPET 10000 989 SEEN_PREVIOUSLY b'514959'
ACTION SNIPPET 10000 992 SNIPPET_RELEVANT b'968610'
ACTION DOC 10000 1012 EXAMINING_DOCUMENT b'968610'
ACTION MARK 10000 1015 CONSIDERED_RELEVANT b'968610'
ACTION SNIPPET 10000 1018 SEEN_PREVIOUSLY b'522953'
ACTION SNIPPET 10000 1021 SNIPPET_RELEVANT b'1836209'
ACTION DOC 10000 1041 EXAMINING_DOCUMENT b'1836209'
ACTION SNIPPET 10000 1044 SEEN_PREVIOUSLY b'1073757'
ACTION SNIPPET 10000 1047 SNIPPET_NOT_RELEVANT b'1454790'
ACTION QUERY 10000 1057 illegal technology transfer tse
ACTION SERP 10000 1062 EXAMINE_SERP
ACTION SNIPPET 10000 1065 SNIPPET_NOT_RELEVANT b'360111'
ACTION SNIPPET 10000 1068 SNIPPET_NOT_RELEVANT b'1379924'
ACTION SNIPPET 10000 1071 SNIPPET_NOT_RELEVANT b'1003040'
ACTION SNIPPET 10000 1074 SNIPPET_RELEVANT b'1022876'
ACTION DOC 10000 1094 EXAMINING_DOCUMENT b'1022876'
ACTION SNIPPET 10000 1097 SNIPPET_RELEVANT b'1251290'
ACTION DOC 10000 1117 EXAMINING_DOCUMENT b'1251290'
ACTION SNIPPET 10000 1120 SNIPPET_NOT_RELEVANT b'954978'
ACTION SNIPPET 10000 1123 SNIPPET_RELEVANT b'457602'
ACTION DOC 10000 1143 EXAMINING_DOCUMENT b'457602'
ACTION SNIPPET 10000 1146 SNIPPET_NOT_RELEVANT b'153184'
ACTION SNIPPET 10000 1149 SEEN_PREVIOUSLY b'295314'
ACTION SNIPPET 10000 1152 SNIPPET_RELEVANT b'273331'
ACTION DOC 10000 1172 EXAMINING_DOCUMENT b'273331'
ACTION QUERY 10000 1182 illegal technology transfer nuclear
ACTION SERP 10000 1187 EXAMINE_SERP
ACTION SNIPPET 10000 1190 SEEN_PREVIOUSLY b'968610'
ACTION SNIPPET 10000 1193 SEEN_PREVIOUSLY b'1110335'
ACTION SNIPPET 10000 1196 SNIPPET_NOT_RELEVANT b'852352'
ACTION SNIPPET 10000 1199 SNIPPET_NOT_RELEVANT b'1552060'
ACTION SNIPPET 10000 1202 SNIPPET_NOT_RELEVANT b'1556134'
ACTION SNIPPET 10000 1205 SEEN_PREVIOUSLY b'1073757'
ACTION SNIPPET 10000 1208 SNIPPET_RELEVANT b'1660339'
ACTION DOC 10000 1228 EXAMINING_DOCUMENT b'1660339'
ACTION MARK 10000 1231 CONSIDERED_RELEVANT b'1660339'
ACTION SNIPPET 10000 1234 SNIPPET_NOT_RELEVANT b'1399471'
ACTION SNIPPET 10000 1237 SNIPPET_NOT_RELEVANT b'855885'
ACTION SNIPPET 10000 1240 SNIPPET_RELEVANT b'129656'
ACTION DOC 10000 1260 EXAMINING_DOCUMENT b'129656'
ACTION QUERY 10000 1270 illegal technology transfer pakistanis
ACTION SERP 10000 1275 EXAMINE_SERP
ACTION SNIPPET 10000 1278 SNIPPET_NOT_RELEVANT b'1556134'
ACTION SNIPPET 10000 1281 SNIPPET_RELEVANT b'1552060'
ACTION DOC 10000 1301 EXAMINING_DOCUMENT b'1552060'
ACTION MARK 10000 1304 CONSIDERED_RELEVANT b'1552060'
ACTION SNIPPET 10000 1307 SNIPPET_RELEVANT b'1555786'
ACTION DOC 10000 1327 EXAMINING_DOCUMENT b'1555786'
ACTION MARK 10000 1330 CONSIDERED_RELEVANT b'1555786'
ACTION SNIPPET 10000 1333 SNIPPET_RELEVANT b'1553712'
ACTION DOC 10000 1353 EXAMINING_DOCUMENT b'1553712'
ACTION MARK 10000 1356 CONSIDERED_RELEVANT b'1553712'
ACTION SNIPPET 10000 1359 SNIPPET_RELEVANT b'1554022'
ACTION DOC 10000 1379 EXAMINING_DOCUMENT b'1554022'
ACTION SNIPPET 10000 1382 SEEN_PREVIOUSLY b'1660339'
ACTION SNIPPET 10000 1385 SNIPPET_RELEVANT b'1545301'
ACTION DOC 10000 1405 EXAMINING_DOCUMENT b'1545301'
ACTION MARK 10000 1408 CONSIDERED_RELEVANT b'1545301'
ACTION SNIPPET 10000 1411 SNIPPET_NOT_RELEVANT b'1553836'
ACTION SNIPPET 10000 1414 SNIPPET_RELEVANT b'1554837'
ACTION DOC 10000 1434 EXAMINING_DOCUMENT b'1554837'
ACTION SNIPPET 10000 1437 SNIPPET_RELEVANT b'1557754'
ACTION DOC 10000 1457 EXAMINING_DOCUMENT b'1557754'
ACTION MARK 10000 1460 CONSIDERED_RELEVANT b'1557754'
ACTION QUERY 10000 1470 illegal technology transfer whos
ACTION SERP 10000 1475 EXAMINE_SERP
ACTION SNIPPET 10000 1478 SEEN_PREVIOUSLY b'295314'
ACTION SNIPPET 10000 1481 SEEN_PREVIOUSLY b'514959'
ACTION SNIPPET 10000 1484 SEEN_PREVIOUSLY b'1022183'
ACTION SNIPPET 10000 1487 SEEN_PREVIOUSLY b'364057'
ACTION SNIPPET 10000 1490 SEEN_PREVIOUSLY b'522953'
ACTION SNIPPET 10000 1493 SEEN_PREVIOUSLY b'83598'
ACTION SNIPPET 10000 1496 SEEN_PREVIOUSLY b'55267'
ACTION SNIPPET 10000 1499 SEEN_PREVIOUSLY b'902015'
ACTION SNIPPET 10000 1502 SNIPPET_RELEVANT b'1371689'
ACTION DOC 10000 1522 EXAMINING_DOCUMENT b'1371689'
ACTION SNIPPET 10000 1525 SEEN_PREVIOUSLY b'275249'
ACTION QUERY 10000 1535 illegal technology transfer bombs
ACTION SERP 10000 1540 EXAMINE_SERP
ACTION SNIPPET 10000 1543 SEEN_PREVIOUSLY b'514959'
ACTION SNIPPET 10000 1546 SEEN_PREVIOUSLY b'522953'
ACTION SNIPPET 10000 1549 SEEN_PREVIOUSLY b'295314'
ACTION SNIPPET 10000 1552 SEEN_PREVIOUSLY b'1110335'
ACTION SNIPPET 10000 1555 SNIPPET_NOT_RELEVANT b'517046'
ACTION SNIPPET 10000 1558 SEEN_PREVIOUSLY b'1552060'
ACTION SNIPPET 10000 1561 SNIPPET_NOT_RELEVANT b'1106789'
ACTION SNIPPET 10000 1564 SNIPPET_RELEVANT b'566590'
ACTION DOC 10000 1584 EXAMINING_DOCUMENT b'566590'
ACTION MARK 10000 1587 CONSIDERED_RELEVANT b'566590'
ACTION SNIPPET 10000 1590 SNIPPET_NOT_RELEVANT b'760758'
ACTION SNIPPET 10000 1593 SNIPPET_RELEVANT b'514154'
ACTION DOC 10000 1613 EXAMINING_DOCUMENT b'514154'
ACTION MARK 10000 1616 CONSIDERED_RELEVANT b'514154'
ACTION QUERY 10000 1626 illegal technology transfer wrong
ACTION SERP 10000 1631 EXAMINE_SERP
ACTION SNIPPET 10000 1634 SEEN_PREVIOUSLY b'295314'
ACTION SNIPPET 10000 1637 SNIPPET_RELEVANT b'202988'
ACTION DOC 10000 1657 EXAMINING_DOCUMENT b'202988'
ACTION SNIPPET 10000 1660 SEEN_PREVIOUSLY b'514959'
ACTION SNIPPET 10000 1663 SEEN_PREVIOUSLY b'910328'
ACTION SNIPPET 10000 1666 SNIPPET_NOT_RELEVANT b'1449670'
ACTION SNIPPET 10000 1669 SNIPPET_RELEVANT b'1007156'
ACTION DOC 10000 1689 EXAMINING_DOCUMENT b'1007156'
ACTION SNIPPET 10000 1692 SNIPPET_RELEVANT b'1470104'
ACTION DOC 10000 1712 EXAMINING_DOCUMENT b'1470104'
ACTION MARK 10000 1715 CONSIDERED_RELEVANT b'1470104'
ACTION SNIPPET 10000 1718 SEEN_PREVIOUSLY b'364057'
ACTION SNIPPET 10000 1721 SEEN_PREVIOUSLY b'1022183'
ACTION SNIPPET 10000 1724 SEEN_PREVIOUSLY b'83598'
ACTION QUERY 10000 1734 illegal technology transfer star
ACTION SERP 10000 1739 EXAMINE_SERP
ACTION SNIPPET 10000 1742 SEEN_PREVIOUSLY b'364057'
ACTION SNIPPET 10000 1745 SEEN_PREVIOUSLY b'295314'
ACTION SNIPPET 10000 1748 SEEN_PREVIOUSLY b'514959'
ACTION SNIPPET 10000 1751 SEEN_PREVIOUSLY b'902015'
ACTION SNIPPET 10000 1754 SEEN_PREVIOUSLY b'1022183'
ACTION SNIPPET 10000 1757 SNIPPET_NOT_RELEVANT b'27257'
ACTION SNIPPET 10000 1760 SNIPPET_NOT_RELEVANT b'651778'
ACTION SNIPPET 10000 1763 SEEN_PREVIOUSLY b'83598'
ACTION SNIPPET 10000 1766 SEEN_PREVIOUSLY b'1371689'
ACTION SNIPPET 10000 1769 SEEN_PREVIOUSLY b'522953'
ACTION QUERY 10000 1779 illegal technology transfer arms
ACTION SERP 10000 1784 EXAMINE_SERP
ACTION SNIPPET 10000 1787 SEEN_PREVIOUSLY b'514959'
ACTION SNIPPET 10000 1790 SEEN_PREVIOUSLY b'514154'
ACTION SNIPPET 10000 1793 SEEN_PREVIOUSLY b'522953'
ACTION SNIPPET 10000 1796 SNIPPET_NOT_RELEVANT b'286797'
ACTION SNIPPET 10000 1799 SEEN_PREVIOUSLY b'364057'
ACTION SNIPPET 10000 1802 SEEN_PREVIOUSLY b'853856'
ACTION SNIPPET 10000 1805 SNIPPET_NOT_RELEVANT b'852352'
ACTION SNIPPET 10000 1808 SEEN_PREVIOUSLY b'1022183'
ACTION SNIPPET 10000 1811 SNIPPET_RELEVANT b'517046'
ACTION DOC 10000 1831 EXAMINING_DOCUMENT b'517046'
ACTION SNIPPET 10000 1834 SEEN_PREVIOUSLY b'295314'
ACTION QUERY 10000 1844 illegal technology transfer weapon
ACTION SERP 10000 1849 EXAMINE_SERP
ACTION SNIPPET 10000 1852 SEEN_PREVIOUSLY b'1110335'
ACTION SNIPPET 10000 1855 SEEN_PREVIOUSLY b'853856'
ACTION SNIPPET 10000 1858 SEEN_PREVIOUSLY b'514959'
ACTION SNIPPET 10000 1861 SEEN_PREVIOUSLY b'968610'
ACTION SNIPPET 10000 1864 SEEN_PREVIOUSLY b'1552060'
ACTION SNIPPET 10000 1867 SEEN_PREVIOUSLY b'1073757'
ACTION SNIPPET 10000 1870 SEEN_PREVIOUSLY b'514154'
ACTION SNIPPET 10000 1873 SNIPPET_RELEVANT b'1399471'
ACTION DOC 10000 1893 EXAMINING_DOCUMENT b'1399471'
ACTION MARK 10000 1896 CONSIDERED_RELEVANT b'1399471'
ACTION SNIPPET 10000 1899 SNIPPET_RELEVANT b'1110470'
ACTION DOC 10000 1919 EXAMINING_DOCUMENT b'1110470'
ACTION MARK 10000 1922 CONSIDERED_RELEVANT b'1110470'
ACTION SNIPPET 10000 1925 SEEN_PREVIOUSLY b'1660339'
ACTION QUERY 10000 1935 illegal technology transfer difference
ACTION SERP 10000 1940 EXAMINE_SERP
ACTION SNIPPET 10000 1943 SEEN_PREVIOUSLY b'1022183'
ACTION SNIPPET 10000 1946 SEEN_PREVIOUSLY b'295314'
ACTION SNIPPET 10000 1949 SEEN_PREVIOUSLY b'514959'
ACTION SNIPPET 10000 1952 SNIPPET_RELEVANT b'1330667'
ACTION DOC 10000 1972 EXAMINING_DOCUMENT b'1330667'
ACTION SNIPPET 10000 1975 SEEN_PREVIOUSLY b'54702'
ACTION SNIPPET 10000 1978 SNIPPET_RELEVANT b'513782'
ACTION DOC 10000 1998 EXAMINING_DOCUMENT b'513782'
ACTION MARK 10000 2001 CONSIDERED_RELEVANT b'513782'
ACTION SNIPPET 10000 2004 SEEN_PREVIOUSLY b'364057'
ACTION SNIPPET 10000 2007 SNIPPET_RELEVANT b'651778'
ACTION DOC 10000 2027 EXAMINING_DOCUMENT b'651778'
ACTION SNIPPET 10000 2030 SEEN_PREVIOUSLY b'83598'
ACTION SNIPPET 10000 2033 SEEN_PREVIOUSLY b'902015'
ACTION QUERY 10000 2043 illegal technology transfer issue
ACTION SERP 10000 2048 EXAMINE_SERP
ACTION SNIPPET 10000 2051 SEEN_PREVIOUSLY b'514959'
ACTION SNIPPET 10000 2054 SEEN_PREVIOUSLY b'1022183'
ACTION SNIPPET 10000 2057 SEEN_PREVIOUSLY b'295314'
ACTION SNIPPET 10000 2060 SEEN_PREVIOUSLY b'364057'
ACTION SNIPPET 10000 2063 SEEN_PREVIOUSLY b'1238174'
ACTION SNIPPET 10000 2066 SEEN_PREVIOUSLY b'83598'
ACTION SNIPPET 10000 2069 SEEN_PREVIOUSLY b'514154'
ACTION SNIPPET 10000 2072 SEEN_PREVIOUSLY b'1715144'
ACTION SNIPPET 10000 2075 SEEN_PREVIOUSLY b'1073757'
ACTION SNIPPET 10000 2078 SNIPPET_NOT_RELEVANT b'575007'
ACTION QUERY 10000 2088 illegal technology transfer regulates
ACTION SERP 10000 2093 EXAMINE_SERP
ACTION SNIPPET 10000 2096 SEEN_PREVIOUSLY b'295314'
ACTION SNIPPET 10000 2099 SEEN_PREVIOUSLY b'1022183'
ACTION SNIPPET 10000 2102 SEEN_PREVIOUSLY b'275249'
ACTION SNIPPET 10000 2105 SEEN_PREVIOUSLY b'514154'
ACTION SNIPPET 10000 2108 SNIPPET_NOT_RELEVANT b'276769'
ACTION SNIPPET 10000 2111 SNIPPET_NOT_RELEVANT b'296323'
ACTION SNIPPET 10000 2114 SEEN_PREVIOUSLY b'1660339'
ACTION SNIPPET 10000 2117 SNIPPET_NOT_RELEVANT b'286797'
ACTION SNIPPET 10000 2120 SEEN_PREVIOUSLY b'853856'
ACTION SNIPPET 10000 2123 SNIPPET_RELEVANT b'288499'
ACTION DOC 10000 2143 EXAMINING_DOCUMENT b'288499'
ACTION QUERY 10000 2153 illegal technology transfer toshiba
ACTION SERP 10000 2158 EXAMINE_SERP
ACTION SNIPPET 10000 2161 SEEN_PREVIOUSLY b'54702'
ACTION SNIPPET 10000 2164 SEEN_PREVIOUSLY b'57147'
ACTION SNIPPET 10000 2167 SEEN_PREVIOUSLY b'55267'
ACTION SNIPPET 10000 2170 SNIPPET_RELEVANT b'40787'
ACTION DOC 10000 2190 EXAMINING_DOCUMENT b'40787'
ACTION MARK 10000 2193 CONSIDERED_RELEVANT b'40787'
ACTION SNIPPET 10000 2196 SNIPPET_RELEVANT b'51810'
ACTION DOC 10000 2216 EXAMINING_DOCUMENT b'51810'
ACTION MARK 10000 2219 CONSIDERED_RELEVANT b'51810'
ACTION SNIPPET 10000 2222 SNIPPET_RELEVANT b'60661'
ACTION DOC 10000 2242 EXAMINING_DOCUMENT b'60661'
ACTION MARK 10000 2245 CONSIDERED_RELEVANT b'60661'
ACTION SNIPPET 10000 2248 SNIPPET_NOT_RELEVANT b'53625'
ACTION SNIPPET 10000 2251 SNIPPET_RELEVANT b'51644'
ACTION DOC 10000 2271 EXAMINING_DOCUMENT b'51644'
ACTION MARK 10000 2274 CONSIDERED_RELEVANT b'51644'
ACTION SNIPPET 10000 2277 SNIPPET_NOT_RELEVANT b'85557'
ACTION SNIPPET 10000 2280 SNIPPET_NOT_RELEVANT b'69366'
ACTION QUERY 10000 2290 illegal technology transfer voted
ACTION SERP 10000 2295 EXAMINE_SERP
ACTION SNIPPET 10000 2298 SEEN_PREVIOUSLY b'1022183'
ACTION SNIPPET 10000 2301 SEEN_PREVIOUSLY b'295314'
ACTION SNIPPET 10000 2304 SNIPPET_NOT_RELEVANT b'253080'
ACTION SNIPPET 10000 2307 SEEN_PREVIOUSLY b'514959'
ACTION SNIPPET 10000 2310 SEEN_PREVIOUSLY b'55267'
ACTION SNIPPET 10000 2313 SEEN_PREVIOUSLY b'1023739'
ACTION SNIPPET 10000 2316 SEEN_PREVIOUSLY b'60661'
ACTION SNIPPET 10000 2319 SNIPPET_NOT_RELEVANT b'1812664'
ACTION SNIPPET 10000 2322 SNIPPET_RELEVANT b'257564'
ACTION DOC 10000 2342 EXAMINING_DOCUMENT b'257564'
ACTION SNIPPET 10000 2345 SNIPPET_NOT_RELEVANT b'177940'
ACTION QUERY 10000 2355 illegal technology transfer iran
ACTION SERP 10000 2360 EXAMINE_SERP
ACTION SNIPPET 10000 2363 SNIPPET_RELEVANT b'1664746'
ACTION DOC 10000 2383 EXAMINING_DOCUMENT b'1664746'
ACTION SNIPPET 10000 2386 SEEN_PREVIOUSLY b'1399471'
ACTION SNIPPET 10000 2389 SNIPPET_NOT_RELEVANT b'1556134'
ACTION SNIPPET 10000 2392 SEEN_PREVIOUSLY b'522953'
ACTION SNIPPET 10000 2395 SNIPPET_RELEVANT b'570852'
ACTION DOC 10000 2415 EXAMINING_DOCUMENT b'570852'
ACTION SNIPPET 10000 2418 SEEN_PREVIOUSLY b'1552060'
ACTION SNIPPET 10000 2421 SNIPPET_NOT_RELEVANT b'1552427'
ACTION SNIPPET 10000 2424 SNIPPET_NOT_RELEVANT b'661796'
ACTION SNIPPET 10000 2427 SNIPPET_RELEVANT b'1812664'
ACTION DOC 10000 2447 EXAMINING_DOCUMENT b'1812664'
ACTION SNIPPET 10000 2450 SNIPPET_NOT_RELEVANT b'128301'
ACTION QUERY 10000 2460 illegal technology transfer advanced
ACTION SERP 10000 2465 EXAMINE_SERP
ACTION SNIPPET 10000 2468 SEEN_PREVIOUSLY b'295314'
ACTION SNIPPET 10000 2471 SEEN_PREVIOUSLY b'514959'
ACTION SNIPPET 10000 2474 SEEN_PREVIOUSLY b'83598'
ACTION SNIPPET 10000 2477 SEEN_PREVIOUSLY b'1110335'
ACTION SNIPPET 10000 2480 SEEN_PREVIOUSLY b'514154'
ACTION SNIPPET 10000 2483 SNIPPET_RELEVANT b'1841759'
ACTION DOC 10000 2503 EXAMINING_DOCUMENT b'1841759'
ACTION SNIPPET 10000 2506 SEEN_PREVIOUSLY b'1836209'
ACTION SNIPPET 10000 2509 SNIPPET_RELEVANT b'345753'
ACTION DOC 10000 2529 EXAMINING_DOCUMENT b'345753'
ACTION SNIPPET 10000 2532 SNIPPET_NOT_RELEVANT b'342470'
ACTION SNIPPET 10000 2535 SNIPPET_NOT_RELEVANT b'347045'
ACTION QUERY 10000 2545 illegal technology transfer chemy
ACTION SERP 10000 2550 EXAMINE_SERP
ACTION SNIPPET 10000 2553 SNIPPET_RELEVANT b'211937'
ACTION DOC 10000 2573 EXAMINING_DOCUMENT b'211937'
ACTION SNIPPET 10000 2576 SNIPPET_NOT_RELEVANT b'225288'
ACTION SNIPPET 10000 2579 SNIPPET_RELEVANT b'224444'
ACTION DOC 10000 2599 EXAMINING_DOCUMENT b'224444'
ACTION SNIPPET 10000 2602 SNIPPET_NOT_RELEVANT b'1609744'
ACTION SNIPPET 10000 2605 SNIPPET_RELEVANT b'534570'
ACTION DOC 10000 2625 EXAMINING_DOCUMENT b'534570'
ACTION SNIPPET 10000 2628 SNIPPET_NOT_RELEVANT b'221657'
ACTION SNIPPET 10000 2631 SNIPPET_RELEVANT b'249103'
ACTION DOC 10000 2651 EXAMINING_DOCUMENT b'249103'
ACTION SNIPPET 10000 2654 SNIPPET_RELEVANT b'401339'
ACTION DOC 10000 2674 EXAMINING_DOCUMENT b'401339'
ACTION SNIPPET 10000 2677 SNIPPET_NOT_RELEVANT b'614453'
ACTION SNIPPET 10000 2680 SNIPPET_RELEVANT b'214843'
ACTION DOC 10000 2700 EXAMINING_DOCUMENT b'214843'
ACTION QUERY 10000 2710 illegal technology transfer imports
ACTION SERP 10000 2715 EXAMINE_SERP
ACTION SNIPPET 10000 2718 SEEN_PREVIOUSLY b'295314'
ACTION SNIPPET 10000 2721 SEEN_PREVIOUSLY b'1022183'
ACTION SNIPPET 10000 2724 SEEN_PREVIOUSLY b'364057'
ACTION SNIPPET 10000 2727 SEEN_PREVIOUSLY b'514959'
ACTION SNIPPET 10000 2730 SEEN_PREVIOUSLY b'1110335'
ACTION SNIPPET 10000 2733 SEEN_PREVIOUSLY b'55267'
ACTION SNIPPET 10000 2736 SEEN_PREVIOUSLY b'1371689'
ACTION SNIPPET 10000 2739 SEEN_PREVIOUSLY b'1073757'
ACTION SNIPPET 10000 2742 SEEN_PREVIOUSLY b'57147'
ACTION SNIPPET 10000 2745 SEEN_PREVIOUSLY b'968610'
ACTION QUERY 10000 2755 illegal technology transfer minister
ACTION SERP 10000 2760 EXAMINE_SERP
ACTION SNIPPET 10000 2763 SEEN_PREVIOUSLY b'514959'
ACTION SNIPPET 10000 2766 SNIPPET_RELEVANT b'1258361'
ACTION DOC 10000 2786 EXAMINING_DOCUMENT b'1258361'
ACTION SNIPPET 10000 2789 SEEN_PREVIOUSLY b'514154'
ACTION SNIPPET 10000 2792 SEEN_PREVIOUSLY b'295314'
ACTION SNIPPET 10000 2795 SEEN_PREVIOUSLY b'853856'
ACTION SNIPPET 10000 2798 SEEN_PREVIOUSLY b'513782'
ACTION SNIPPET 10000 2801 SNIPPET_RELEVANT b'27257'
ACTION DOC 10000 2821 EXAMINING_DOCUMENT b'27257'
ACTION SNIPPET 10000 2824 SNIPPET_RELEVANT b'569509'
ACTION DOC 10000 2844 EXAMINING_DOCUMENT b'569509'
ACTION MARK 10000 2847 CONSIDERED_RELEVANT b'569509'
ACTION SNIPPET 10000 2850 SNIPPET_RELEVANT b'514535'
ACTION DOC 10000 2870 EXAMINING_DOCUMENT b'514535'
ACTION MARK 10000 2873 CONSIDERED_RELEVANT b'514535'
ACTION SNIPPET 10000 2876 SNIPPET_RELEVANT b'501015'
ACTION DOC 10000 2896 EXAMINING_DOCUMENT b'501015'
ACTION QUERY 10000 2906 illegal technology transfer charged
ACTION SERP 10000 2911 EXAMINE_SERP
ACTION SNIPPET 10000 2914 SEEN_PREVIOUSLY b'514959'
ACTION SNIPPET 10000 2917 SEEN_PREVIOUSLY b'902015'
ACTION SNIPPET 10000 2920 SEEN_PREVIOUSLY b'295314'
ACTION SNIPPET 10000 2923 SNIPPET_NOT_RELEVANT b'1497795'
ACTION SNIPPET 10000 2926 SEEN_PREVIOUSLY b'1022183'
ACTION SNIPPET 10000 2929 SNIPPET_RELEVANT b'1449670'
ACTION DOC 10000 2949 EXAMINING_DOCUMENT b'1449670'
ACTION SNIPPET 10000 2952 SEEN_PREVIOUSLY b'1664746'
ACTION SNIPPET 10000 2955 SEEN_PREVIOUSLY b'514154'
ACTION SNIPPET 10000 2958 SNIPPET_NOT_RELEVANT b'335146'
ACTION SNIPPET 10000 2961 SNIPPET_NOT_RELEVANT b'274429'
ACTION QUERY 10000 2971 illegal technology transfer today
ACTION SERP 10000 2976 EXAMINE_SERP
ACTION SNIPPET 10000 2979 SEEN_PREVIOUSLY b'295314'
ACTION SNIPPET 10000 2982 SEEN_PREVIOUSLY b'514959'
ACTION SNIPPET 10000 2985 SEEN_PREVIOUSLY b'83598'
ACTION SNIPPET 10000 2988 SEEN_PREVIOUSLY b'55267'
ACTION SNIPPET 10000 2991 SEEN_PREVIOUSLY b'1022183'
ACTION SNIPPET 10000 2994 SEEN_PREVIOUSLY b'853856'
ACTION SNIPPET 10000 2997 SNIPPET_NOT_RELEVANT b'852352'
ACTION SNIPPET 10000 3000 SNIPPET_NOT_RELEVANT b'1497795'
ACTION SNIPPET 10000 3003 SEEN_PREVIOUSLY b'1715144'
ACTION SNIPPET 10000 3006 SEEN_PREVIOUSLY b'615912'
ACTION QUERY 10000 3016 illegal technology transfer iraqi
ACTION SERP 10000 3021 EXAMINE_SERP
ACTION SNIPPET 10000 3024 SEEN_PREVIOUSLY b'522953'
ACTION SNIPPET 10000 3027 SEEN_PREVIOUSLY b'569509'
ACTION SNIPPET 10000 3030 SEEN_PREVIOUSLY b'517046'
ACTION SNIPPET 10000 3033 SEEN_PREVIOUSLY b'566590'
ACTION SNIPPET 10000 3036 SNIPPET_NOT_RELEVANT b'1450183'
ACTION SNIPPET 10000 3039 SNIPPET_NOT_RELEVANT b'607277'
ACTION SNIPPET 10000 3042 SNIPPET_RELEVANT b'556794'
ACTION DOC 10000 3062 EXAMINING_DOCUMENT b'556794'
ACTION SNIPPET 10000 3065 SNIPPET_RELEVANT b'526357'
ACTION DOC 10000 3085 EXAMINING_DOCUMENT b'526357'
ACTION MARK 10000 3088 CONSIDERED_RELEVANT b'526357'
ACTION SNIPPET 10000 3091 SEEN_PREVIOUSLY b'295314'
ACTION SNIPPET 10000 3094 SNIPPET_NOT_RELEVANT b'1622323'
ACTION QUERY 10000 3104 illegal technology transfer satellites
ACTION SERP 10000 3109 EXAMINE_SERP
ACTION SNIPPET 10000 3112 SEEN_PREVIOUSLY b'1022183'
ACTION SNIPPET 10000 3115 SEEN_PREVIOUSLY b'1023739'
ACTION SNIPPET 10000 3118 SEEN_PREVIOUSLY b'1238174'
ACTION SNIPPET 10000 3121 SEEN_PREVIOUSLY b'1110335'
ACTION SNIPPET 10000 3124 SEEN_PREVIOUSLY b'1007156'
ACTION SNIPPET 10000 3127 SEEN_PREVIOUSLY b'1470104'
ACTION SNIPPET 10000 3130 SNIPPET_NOT_RELEVANT b'1027074'
ACTION SNIPPET 10000 3133 SNIPPET_RELEVANT b'175668'
ACTION DOC 10000 3153 EXAMINING_DOCUMENT b'175668'
ACTION SNIPPET 10000 3156 SNIPPET_RELEVANT b'1106789'
ACTION DOC 10000 3176 EXAMINING_DOCUMENT b'1106789'
ACTION SNIPPET 10000 3179 SNIPPET_RELEVANT b'1018264'
ACTION DOC 10000 3199 EXAMINING_DOCUMENT b'1018264'
ACTION QUERY 10000 3209 illegal technology transfer companys
ACTION SERP 10000 3214 EXAMINE_SERP
ACTION SNIPPET 10000 3217 SEEN_PREVIOUSLY b'295314'
ACTION SNIPPET 10000 3220 SEEN_PREVIOUSLY b'514959'
ACTION SNIPPET 10000 3223 SEEN_PREVIOUSLY b'364057'
ACTION SNIPPET 10000 3226 SEEN_PREVIOUSLY b'1022183'
ACTION SNIPPET 10000 3229 SEEN_PREVIOUSLY b'83598'
ACTION SNIPPET 10000 3232 SEEN_PREVIOUSLY b'902015'
ACTION SNIPPET 10000 3235 SEEN_PREVIOUSLY b'1371689'
ACTION SNIPPET 10000 3238 SEEN_PREVIOUSLY b'55267'
ACTION SNIPPET 10000 3241 SEEN_PREVIOUSLY b'1836209'
ACTION SNIPPET 10000 3244 SEEN_PREVIOUSLY b'853856'
ACTION QUERY 10000 3254 illegal technology transfer supercomputer
ACTION SERP 10000 3259 EXAMINE_SERP
ACTION SNIPPET 10000 3262 SNIPPET_RELEVANT b'269019'
ACTION DOC 10000 3282 EXAMINING_DOCUMENT b'269019'
ACTION SNIPPET 10000 3285 SNIPPET_NOT_RELEVANT b'81089'
ACTION SNIPPET 10000 3288 SNIPPET_RELEVANT b'250484'
ACTION DOC 10000 3308 EXAMINING_DOCUMENT b'250484'
ACTION SNIPPET 10000 3311 SNIPPET_RELEVANT b'639375'
ACTION DOC 10000 3331 EXAMINING_DOCUMENT b'639375'
ACTION SNIPPET 10000 3334 SNIPPET_RELEVANT b'254788'
ACTION DOC 10000 3354 EXAMINING_DOCUMENT b'254788'
ACTION SNIPPET 10000 3357 SNIPPET_NOT_RELEVANT b'868461'
ACTION SNIPPET 10000 3360 SNIPPET_NOT_RELEVANT b'1623815'
ACTION SNIPPET 10000 3363 SNIPPET_RELEVANT b'380372'
ACTION DOC 10000 3383 EXAMINING_DOCUMENT b'380372'
ACTION SNIPPET 10000 3386 SNIPPET_RELEVANT b'650969'
ACTION DOC 10000 3406 EXAMINING_DOCUMENT b'650969'
ACTION MARK 10000 3409 CONSIDERED_RELEVANT b'650969'
ACTION SNIPPET 10000 3412 SNIPPET_RELEVANT b'849341'
ACTION DOC 10000 3432 EXAMINING_DOCUMENT b'849341'
ACTION QUERY 10000 3442 illegal technology transfer returned
ACTION SERP 10000 3447 EXAMINE_SERP
ACTION SNIPPET 10000 3450 SEEN_PREVIOUSLY b'295314'
ACTION SNIPPET 10000 3453 SEEN_PREVIOUSLY b'902015'
ACTION SNIPPET 10000 3456 SEEN_PREVIOUSLY b'514959'
ACTION SNIPPET 10000 3459 SEEN_PREVIOUSLY b'1371689'
ACTION SNIPPET 10000 3462 SEEN_PREVIOUSLY b'956894'
ACTION SNIPPET 10000 3465 SEEN_PREVIOUSLY b'615912'
ACTION SNIPPET 10000 3468 SNIPPET_NOT_RELEVANT b'27472'
ACTION SNIPPET 10000 3471 SEEN_PREVIOUSLY b'275249'
ACTION SNIPPET 10000 3474 SEEN_PREVIOUSLY b'364057'
ACTION SNIPPET 10000 3477 SEEN_PREVIOUSLY b'1022183'
ACTION QUERY 10000 3487 illegal technology transfer soviet
ACTION SERP 10000 3492 EXAMINE_SERP
ACTION SNIPPET 10000 3495 SEEN_PREVIOUSLY b'83598'
ACTION SNIPPET 10000 3498 SEEN_PREVIOUSLY b'55267'
ACTION SNIPPET 10000 3501 SEEN_PREVIOUSLY b'514959'
ACTION SNIPPET 10000 3504 SEEN_PREVIOUSLY b'364057'
ACTION SNIPPET 10000 3507 SNIPPET_RELEVANT b'395875'
ACTION DOC 10000 3527 EXAMINING_DOCUMENT b'395875'
ACTION SNIPPET 10000 3530 SNIPPET_RELEVANT b'58470'
ACTION DOC 10000 3550 EXAMINING_DOCUMENT b'58470'
ACTION MARK 10000 3553 CONSIDERED_RELEVANT b'58470'
ACTION SNIPPET 10000 3556 SEEN_PREVIOUSLY b'40787'
ACTION SNIPPET 10000 3559 SEEN_PREVIOUSLY b'54702'
ACTION SNIPPET 10000 3562 SEEN_PREVIOUSLY b'267062'
ACTION SNIPPET 10000 3565 SNIPPET_NOT_RELEVANT b'233552'
ACTION QUERY 10000 3575 illegal technology transfer acquire
ACTION SERP 10000 3580 EXAMINE_SERP
ACTION SNIPPET 10000 3583 SEEN_PREVIOUSLY b'1238174'
ACTION SNIPPET 10000 3586 SEEN_PREVIOUSLY b'364057'
ACTION SNIPPET 10000 3589 SEEN_PREVIOUSLY b'1073757'
ACTION SNIPPET 10000 3592 SEEN_PREVIOUSLY b'295314'
ACTION SNIPPET 10000 3595 SEEN_PREVIOUSLY b'1371689'
ACTION SNIPPET 10000 3598 SEEN_PREVIOUSLY b'514959'
ACTION SNIPPET 10000 3601 SNIPPET_NOT_RELEVANT b'31766'
ACTION SNIPPET 10000 3604 SEEN_PREVIOUSLY b'1664746'
ACTION SNIPPET 10000 3607 SEEN_PREVIOUSLY b'1110335'
ACTION SNIPPET 10000 3610 SNIPPET_RELEVANT b'1073631'
ACTION DOC 10000 3630 EXAMINING_DOCUMENT b'1073631'
ACTION MARK 10000 3633 CONSIDERED_RELEVANT b'1073631'
ACTION QUERY 10000 3643 illegal technology transfer export
ACTION SERP 10000 3648 EXAMINE_SERP
ACTION SNIPPET 10000 3651 SEEN_PREVIOUSLY b'1022183'
ACTION SNIPPET 10000 3654 SEEN_PREVIOUSLY b'514959'
ACTION SNIPPET 10000 3657 SEEN_PREVIOUSLY b'83598'
ACTION SNIPPET 10000 3660 SEEN_PREVIOUSLY b'514154'
ACTION SNIPPET 10000 3663 SEEN_PREVIOUSLY b'1110335'
ACTION SNIPPET 10000 3666 SEEN_PREVIOUSLY b'40787'
ACTION SNIPPET 10000 3669 SEEN_PREVIOUSLY b'1664746'
ACTION SNIPPET 10000 3672 SEEN_PREVIOUSLY b'55267'
ACTION SNIPPET 10000 3675 SEEN_PREVIOUSLY b'1023739'
ACTION SNIPPET 10000 3678 SEEN_PREVIOUSLY b'1660339'
ACTION QUERY 10000 3688 illegal technology transfer japanese
ACTION SERP 10000 3693 EXAMINE_SERP
ACTION SNIPPET 10000 3696 SEEN_PREVIOUSLY b'364057'
ACTION SNIPPET 10000 3699 SEEN_PREVIOUSLY b'54702'
ACTION SNIPPET 10000 3702 SEEN_PREVIOUSLY b'40787'
ACTION SNIPPET 10000 3705 SNIPPET_RELEVANT b'248049'
ACTION DOC 10000 3725 EXAMINING_DOCUMENT b'248049'
ACTION SNIPPET 10000 3728 SNIPPET_NOT_RELEVANT b'31766'
ACTION SNIPPET 10000 3731 SEEN_PREVIOUSLY b'267062'
ACTION SNIPPET 10000 3734 SEEN_PREVIOUSLY b'246299'
ACTION SNIPPET 10000 3737 SEEN_PREVIOUSLY b'328537'
ACTION SNIPPET 10000 3740 SEEN_PREVIOUSLY b'57147'
ACTION SNIPPET 10000 3743 SNIPPET_NOT_RELEVANT b'686349'
ACTION QUERY 10000 3753 illegal technology transfer trying
ACTION SERP 10000 3758 EXAMINE_SERP
ACTION SNIPPET 10000 3761 SEEN_PREVIOUSLY b'295314'
ACTION SNIPPET 10000 3764 SEEN_PREVIOUSLY b'514959'
ACTION SNIPPET 10000 3767 SEEN_PREVIOUSLY b'514154'
ACTION SNIPPET 10000 3770 SEEN_PREVIOUSLY b'1664746'
ACTION SNIPPET 10000 3773 SEEN_PREVIOUSLY b'55267'
ACTION SNIPPET 10000 3776 SEEN_PREVIOUSLY b'902015'
ACTION SNIPPET 10000 3779 SEEN_PREVIOUSLY b'275249'
ACTION SNIPPET 10000 3782 SEEN_PREVIOUSLY b'1715144'
ACTION SNIPPET 10000 3785 SNIPPET_NOT_RELEVANT b'852352'
ACTION SNIPPET 10000 3788 SEEN_PREVIOUSLY b'968610'
ACTION QUERY 10000 3798 illegal technology transfer program
ACTION SERP 10000 3803 EXAMINE_SERP
ACTION SNIPPET 10000 3806 SEEN_PREVIOUSLY b'295314'
ACTION SNIPPET 10000 3809 SEEN_PREVIOUSLY b'1110335'
ACTION SNIPPET 10000 3812 SEEN_PREVIOUSLY b'514959'
ACTION SNIPPET 10000 3815 SEEN_PREVIOUSLY b'202988'
ACTION SNIPPET 10000 3818 SEEN_PREVIOUSLY b'55267'
ACTION SNIPPET 10000 3821 SEEN_PREVIOUSLY b'1836209'
ACTION SNIPPET 10000 3824 SEEN_PREVIOUSLY b'1552060'
ACTION SNIPPET 10000 3827 SNIPPET_NOT_RELEVANT b'852352'
ACTION SNIPPET 10000 3830 SNIPPET_NOT_RELEVANT b'800083'
ACTION SNIPPET 10000 3833 SNIPPET_NOT_RELEVANT b'800241'
ACTION QUERY 10000 3843 illegal technology transfer israel
ACTION SERP 10000 3848 EXAMINE_SERP
ACTION SNIPPET 10000 3851 SEEN_PREVIOUSLY b'514959'
ACTION SNIPPET 10000 3854 SEEN_PREVIOUSLY b'514154'
ACTION SNIPPET 10000 3857 SNIPPET_NOT_RELEVANT b'286797'
ACTION SNIPPET 10000 3860 SEEN_PREVIOUSLY b'513782'
ACTION SNIPPET 10000 3863 SEEN_PREVIOUSLY b'517046'
ACTION SNIPPET 10000 3866 SEEN_PREVIOUSLY b'522953'
ACTION SNIPPET 10000 3869 SNIPPET_NOT_RELEVANT b'515499'
ACTION SNIPPET 10000 3872 SEEN_PREVIOUSLY b'514535'
ACTION SNIPPET 10000 3875 SNIPPET_RELEVANT b'1123743'
ACTION DOC 10000 3895 EXAMINING_DOCUMENT b'1123743'
ACTION SNIPPET 10000 3898 SNIPPET_RELEVANT b'518435'
ACTION DOC 10000 3918 EXAMINING_DOCUMENT b'518435'
ACTION MARK 10000 3921 CONSIDERED_RELEVANT b'518435'
ACTION QUERY 10000 3931 illegal technology transfer funk
ACTION SERP 10000 3936 EXAMINE_SERP
ACTION SNIPPET 10000 3939 SEEN_PREVIOUSLY b'514959'
ACTION SNIPPET 10000 3942 SEEN_PREVIOUSLY b'514154'
ACTION SNIPPET 10000 3945 SNIPPET_RELEVANT b'518800'
ACTION DOC 10000 3965 EXAMINING_DOCUMENT b'518800'
ACTION MARK 10000 3968 CONSIDERED_RELEVANT b'518800'
ACTION SNIPPET 10000 3971 SEEN_PREVIOUSLY b'518435'
ACTION SNIPPET 10000 3974 SNIPPET_NOT_RELEVANT b'571586'
ACTION SNIPPET 10000 3977 SNIPPET_RELEVANT b'526270'
ACTION DOC 10000 3997 EXAMINING_DOCUMENT b'526270'
ACTION SNIPPET 10000 4000 SEEN_PREVIOUSLY b'295314'
ACTION SNIPPET 10000 4003 SNIPPET_NOT_RELEVANT b'266998'
ACTION SNIPPET 10000 4006 SNIPPET_RELEVANT b'697799'
ACTION DOC 10000 4026 EXAMINING_DOCUMENT b'697799'
ACTION SNIPPET 10000 4029 SNIPPET_NOT_RELEVANT b'1450990'
ACTION QUERY 10000 4039 illegal technology transfer seized
ACTION SERP 10000 4044 EXAMINE_SERP
ACTION SNIPPET 10000 4047 SEEN_PREVIOUSLY b'295314'
ACTION SNIPPET 10000 4050 SNIPPET_RELEVANT b'1230682'
ACTION DOC 10000 4070 EXAMINING_DOCUMENT b'1230682'
ACTION SNIPPET 10000 4073 SNIPPET_NOT_RELEVANT b'1556134'
ACTION SNIPPET 10000 4076 SEEN_PREVIOUSLY b'514959'
ACTION SNIPPET 10000 4079 SEEN_PREVIOUSLY b'569509'
ACTION SNIPPET 10000 4082 SNIPPET_NOT_RELEVANT b'236139'
ACTION SNIPPET 10000 4085 SNIPPET_NOT_RELEVANT b'274429'
ACTION SNIPPET 10000 4088 SNIPPET_NOT_RELEVANT b'1798180'
ACTION SNIPPET 10000 4091 SNIPPET_NOT_RELEVANT b'554649'
ACTION SNIPPET 10000 4094 SNIPPET_RELEVANT b'656136'
ACTION DOC 10000 4114 EXAMINING_DOCUMENT b'656136'
ACTION MARK 10000 4117 CONSIDERED_RELEVANT b'656136'
ACTION QUERY 10000 4127 illegal technology transfer systems
ACTION SERP 10000 4132 EXAMINE_SERP
ACTION SNIPPET 10000 4135 SEEN_PREVIOUSLY b'295314'
ACTION SNIPPET 10000 4138 SEEN_PREVIOUSLY b'275249'
ACTION SNIPPET 10000 4141 SEEN_PREVIOUSLY b'1110335'
ACTION SNIPPET 10000 4144 SEEN_PREVIOUSLY b'1371689'
ACTION SNIPPET 10000 4147 SEEN_PREVIOUSLY b'1836209'
ACTION SNIPPET 10000 4150 SEEN_PREVIOUSLY b'514959'
ACTION SNIPPET 10000 4153 SEEN_PREVIOUSLY b'902015'
ACTION SNIPPET 10000 4156 SNIPPET_NOT_RELEVANT b'941594'
ACTION SNIPPET 10000 4159 SNIPPET_RELEVANT b'783342'
ACTION DOC 10000 4179 EXAMINING_DOCUMENT b'783342'
ACTION SNIPPET 10000 4182 SNIPPET_RELEVANT b'843441'
ACTION DOC 10000 4202 EXAMINING_DOCUMENT b'843441'
ACTION QUERY 10000 4212 illegal technology transfer suing
ACTION SERP 10000 4217 EXAMINE_SERP
ACTION SNIPPET 10000 4220 SNIPPET_NOT_RELEVANT b'308538'
ACTION SNIPPET 10000 4223 SEEN_PREVIOUSLY b'1715144'
ACTION SNIPPET 10000 4226 SNIPPET_NOT_RELEVANT b'1334924'
ACTION SNIPPET 10000 4229 SNIPPET_NOT_RELEVANT b'1485124'
ACTION SNIPPET 10000 4232 SEEN_PREVIOUSLY b'295314'
ACTION SNIPPET 10000 4235 SNIPPET_RELEVANT b'321728'
ACTION DOC 10000 4255 EXAMINING_DOCUMENT b'321728'
ACTION SNIPPET 10000 4258 SEEN_PREVIOUSLY b'514959'
ACTION SNIPPET 10000 4261 SNIPPET_NOT_RELEVANT b'167100'
ACTION SNIPPET 10000 4264 SNIPPET_NOT_RELEVANT b'513119'
ACTION SNIPPET 10000 4267 SNIPPET_NOT_RELEVANT b'737593'
ACTION QUERY 10000 4277 illegal technology transfer major
ACTION SERP 10000 4282 EXAMINE_SERP
ACTION SNIPPET 10000 4285 SEEN_PREVIOUSLY b'295314'
ACTION SNIPPET 10000 4288 SEEN_PREVIOUSLY b'364057'
ACTION SNIPPET 10000 4291 SEEN_PREVIOUSLY b'1371689'
ACTION SNIPPET 10000 4294 SEEN_PREVIOUSLY b'514959'
ACTION SNIPPET 10000 4297 SNIPPET_RELEVANT b'1837525'
ACTION DOC 10000 4317 EXAMINING_DOCUMENT b'1837525'
ACTION SNIPPET 10000 4320 SEEN_PREVIOUSLY b'1836209'
ACTION SNIPPET 10000 4323 SNIPPET_NOT_RELEVANT b'1690323'
ACTION SNIPPET 10000 4326 SEEN_PREVIOUSLY b'1238174'
ACTION SNIPPET 10000 4329 SNIPPET_NOT_RELEVANT b'1703396'
ACTION SNIPPET 10000 4332 SEEN_PREVIOUSLY b'1022183'
ACTION QUERY 10000 4342 illegal technology transfer reveal
ACTION SERP 10000 4347 EXAMINE_SERP
ACTION SNIPPET 10000 4350 SEEN_PREVIOUSLY b'1836209'
ACTION SNIPPET 10000 4353 SEEN_PREVIOUSLY b'295314'
ACTION SNIPPET 10000 4356 SNIPPET_NOT_RELEVANT b'1561413'
ACTION SNIPPET 10000 4359 SEEN_PREVIOUSLY b'514959'
ACTION SNIPPET 10000 4362 SEEN_PREVIOUSLY b'651778'
ACTION SNIPPET 10000 4365 SNIPPET_RELEVANT b'1022391'
ACTION DOC 10000 4385 EXAMINING_DOCUMENT b'1022391'
ACTION MARK 10000 4388 CONSIDERED_RELEVANT b'1022391'
ACTION SNIPPET 10000 4391 SEEN_PREVIOUSLY b'925040'
ACTION SNIPPET 10000 4394 SNIPPET_NOT_RELEVANT b'1315659'
ACTION SNIPPET 10000 4397 SNIPPET_NOT_RELEVANT b'943527'
ACTION SNIPPET 10000 4400 SNIPPET_NOT_RELEVANT b'1738749'
ACTION QUERY 10000 4410 illegal technology transfer asian
ACTION SERP 10000 4415 EXAMINE_SERP
ACTION SNIPPET 10000 4418 SNIPPET_RELEVANT b'1018050'
ACTION DOC 10000 4438 EXAMINING_DOCUMENT b'1018050'
ACTION MARK 10000 4441 CONSIDERED_RELEVANT b'1018050'
ACTION SNIPPET 10000 4444 SEEN_PREVIOUSLY b'902015'
ACTION SNIPPET 10000 4447 SEEN_PREVIOUSLY b'295314'
ACTION SNIPPET 10000 4450 SNIPPET_NOT_RELEVANT b'1424485'
ACTION SNIPPET 10000 4453 SEEN_PREVIOUSLY b'514959'
ACTION SNIPPET 10000 4456 SNIPPET_NOT_RELEVANT b'500251'
ACTION SNIPPET 10000 4459 SEEN_PREVIOUSLY b'1841759'
ACTION SNIPPET 10000 4462 SNIPPET_NOT_RELEVANT b'1024100'
ACTION SNIPPET 10000 4465 SNIPPET_NOT_RELEVANT b'498905'
ACTION SNIPPET 10000 4468 SNIPPET_NOT_RELEVANT b'818953'
ACTION QUERY 10000 4478 illegal technology transfer blind
ACTION SERP 10000 4483 EXAMINE_SERP
ACTION SNIPPET 10000 4486 SEEN_PREVIOUSLY b'514154'
ACTION SNIPPET 10000 4489 SEEN_PREVIOUSLY b'295314'
ACTION SNIPPET 10000 4492 SEEN_PREVIOUSLY b'514959'
ACTION SNIPPET 10000 4495 SNIPPET_NOT_RELEVANT b'554649'
ACTION SNIPPET 10000 4498 SNIPPET_NOT_RELEVANT b'1512288'
ACTION SNIPPET 10000 4501 SEEN_PREVIOUSLY b'1018050'
ACTION SNIPPET 10000 4504 SNIPPET_RELEVANT b'1169771'
ACTION DOC 10000 4524 EXAMINING_DOCUMENT b'1169771'
ACTION SNIPPET 10000 4527 SEEN_PREVIOUSLY b'364057'
ACTION SNIPPET 10000 4530 SEEN_PREVIOUSLY b'1022183'
ACTION SNIPPET 10000 4533 SEEN_PREVIOUSLY b'1230682'
ACTION QUERY 10000 4543 illegal technology transfer smears
ACTION SERP 10000 4548 EXAMINE_SERP
ACTION SNIPPET 10000 4551 SEEN_PREVIOUSLY b'295314'
ACTION SNIPPET 10000 4554 SEEN_PREVIOUSLY b'514959'
ACTION SNIPPET 10000 4557 SNIPPET_NOT_RELEVANT b'730018'
ACTION SNIPPET 10000 4560 SNIPPET_RELEVANT b'938554'
ACTION DOC 10000 4580 EXAMINING_DOCUMENT b'938554'
ACTION SNIPPET 10000 4583 SEEN_PREVIOUSLY b'364057'
ACTION SNIPPET 10000 4586 SEEN_PREVIOUSLY b'1022183'
ACTION SNIPPET 10000 4589 SEEN_PREVIOUSLY b'83598'
ACTION SNIPPET 10000 4592 SNIPPET_NOT_RELEVANT b'488496'
ACTION SNIPPET 10000 4595 SEEN_PREVIOUSLY b'902015'
ACTION SNIPPET 10000 4598 SEEN_PREVIOUSLY b'1371689'
ACTION QUERY 10000 4608 illegal technology transfer gave
ACTION SERP 10000 4613 EXAMINE_SERP
ACTION SNIPPET 10000 4616 SEEN_PREVIOUSLY b'295314'
ACTION SNIPPET 10000 4619 SEEN_PREVIOUSLY b'514959'
ACTION SNIPPET 10000 4622 SEEN_PREVIOUSLY b'1238174'
ACTION SNIPPET 10000 4625 SEEN_PREVIOUSLY b'1007156'
ACTION SNIPPET 10000 4628 SEEN_PREVIOUSLY b'513782'
ACTION SNIPPET 10000 4631 SEEN_PREVIOUSLY b'615912'
ACTION SNIPPET 10000 4634 SEEN_PREVIOUSLY b'1022391'
ACTION SNIPPET 10000 4637 SEEN_PREVIOUSLY b'364057'
ACTION SNIPPET 10000 4640 SNIPPET_RELEVANT b'942379'
ACTION DOC 10000 4660 EXAMINING_DOCUMENT b'942379'
ACTION SNIPPET 10000 4663 SEEN_PREVIOUSLY b'1022183'
ACTION QUERY 10000 4673 illegal technology transfer machina
ACTION SERP 10000 4678 EXAMINE_SERP
ACTION SNIPPET 10000 4681 SEEN_PREVIOUSLY b'295314'
ACTION SNIPPET 10000 4684 SNIPPET_NOT_RELEVANT b'1349874'
ACTION SNIPPET 10000 4687 SEEN_PREVIOUSLY b'514959'
ACTION SNIPPET 10000 4690 SNIPPET_NOT_RELEVANT b'1649904'
ACTION SNIPPET 10000 4693 SEEN_PREVIOUSLY b'364057'
ACTION SNIPPET 10000 4696 SEEN_PREVIOUSLY b'1022183'
ACTION SNIPPET 10000 4699 SEEN_PREVIOUSLY b'83598'
ACTION SNIPPET 10000 4702 SEEN_PREVIOUSLY b'902015'
ACTION SNIPPET 10000 4705 SEEN_PREVIOUSLY b'1371689'
ACTION SNIPPET 10000 4708 SNIPPET_RELEVANT b'1349232'
ACTION DOC 10000 4728 EXAMINING_DOCUMENT b'1349232'
ACTION QUERY 10000 4738 illegal technology transfer authorities
ACTION SERP 10000 4743 EXAMINE_SERP
ACTION SNIPPET 10000 4746 SEEN_PREVIOUSLY b'295314'
ACTION SNIPPET 10000 4749 SEEN_PREVIOUSLY b'55267'
ACTION SNIPPET 10000 4752 SEEN_PREVIOUSLY b'514959'
ACTION SNIPPET 10000 4755 SEEN_PREVIOUSLY b'275249'
ACTION SNIPPET 10000 4758 SEEN_PREVIOUSLY b'910328'
ACTION SNIPPET 10000 4761 SEEN_PREVIOUSLY b'522953'
ACTION SNIPPET 10000 4764 SEEN_PREVIOUSLY b'83598'
ACTION SNIPPET 10000 4767 SNIPPET_RELEVANT b'274429'
ACTION DOC 10000 4787 EXAMINING_DOCUMENT b'274429'
ACTION SNIPPET 10000 4790 SEEN_PREVIOUSLY b'1023739'
ACTION SNIPPET 10000 4793 SEEN_PREVIOUSLY b'1110335'
ACTION QUERY 10000 4803 illegal technology transfer work
ACTION SERP 10000 4808 EXAMINE_SERP
ACTION SNIPPET 10000 4811 SEEN_PREVIOUSLY b'514959'
ACTION SNIPPET 10000 4814 SEEN_PREVIOUSLY b'295314'
ACTION SNIPPET 10000 4817 SEEN_PREVIOUSLY b'1371689'
ACTION SNIPPET 10000 4820 SEEN_PREVIOUSLY b'902015'
ACTION SNIPPET 10000 4823 SEEN_PREVIOUSLY b'83598'
ACTION SNIPPET 10000 4826 SEEN_PREVIOUSLY b'1836209'
ACTION SNIPPET 10000 4829 SEEN_PREVIOUSLY b'522953'
ACTION SNIPPET 10000 4832 SEEN_PREVIOUSLY b'364057'
ACTION SNIPPET 10000 4835 SEEN_PREVIOUSLY b'1022183'
ACTION SNIPPET 10000 4838 SEEN_PREVIOUSLY b'1110335'
ACTION QUERY 10000 4848 illegal technology transfer incorporated
ACTION SERP 10000 4853 EXAMINE_SERP
ACTION SNIPPET 10000 4856 SEEN_PREVIOUSLY b'295314'
ACTION SNIPPET 10000 4859 SEEN_PREVIOUSLY b'514959'
ACTION SNIPPET 10000 4862 SNIPPET_NOT_RELEVANT b'602315'
ACTION SNIPPET 10000 4865 SNIPPET_NOT_RELEVANT b'1057223'
ACTION SNIPPET 10000 4868 SNIPPET_NOT_RELEVANT b'17066'
ACTION SNIPPET 10000 4871 SEEN_PREVIOUSLY b'843441'
ACTION SNIPPET 10000 4874 SNIPPET_NOT_RELEVANT b'1439307'
ACTION SNIPPET 10000 4877 SNIPPET_NOT_RELEVANT b'1324455'
ACTION SNIPPET 10000 4880 SEEN_PREVIOUSLY b'1110335'
ACTION SNIPPET 10000 4883 SNIPPET_NOT_RELEVANT b'513126'
ACTION QUERY 10000 4893 illegal technology transfer diverted
ACTION SERP 10000 4898 EXAMINE_SERP
ACTION SNIPPET 10000 4901 SEEN_PREVIOUSLY b'514959'
ACTION SNIPPET 10000 4904 SEEN_PREVIOUSLY b'925040'
ACTION SNIPPET 10000 4907 SNIPPET_NOT_RELEVANT b'852352'
ACTION SNIPPET 10000 4910 SEEN_PREVIOUSLY b'267062'
ACTION SNIPPET 10000 4913 SNIPPET_NOT_RELEVANT b'674468'
ACTION SNIPPET 10000 4916 SEEN_PREVIOUSLY b'40787'
ACTION SNIPPET 10000 4919 SEEN_PREVIOUSLY b'956894'
ACTION SNIPPET 10000 4922 SEEN_PREVIOUSLY b'295314'
ACTION SNIPPET 10000 4925 SNIPPET_NOT_RELEVANT b'886589'
ACTION SNIPPET 10000 4928 SEEN_PREVIOUSLY b'513782'
ACTION QUERY 10000 4938 illegal technology transfer help
ACTION SERP 10000 4943 EXAMINE_SERP
ACTION SNIPPET 10000 4946 SEEN_PREVIOUSLY b'295314'
ACTION SNIPPET 10000 4949 SEEN_PREVIOUSLY b'514959'
ACTION SNIPPET 10000 4952 SEEN_PREVIOUSLY b'1238174'
ACTION SNIPPET 10000 4955 SEEN_PREVIOUSLY b'275249'
ACTION SNIPPET 10000 4958 SEEN_PREVIOUSLY b'1073757'
ACTION SNIPPET 10000 4961 SEEN_PREVIOUSLY b'55267'
ACTION SNIPPET 10000 4964 SEEN_PREVIOUSLY b'1715144'
ACTION SNIPPET 10000 4967 SNIPPET_NOT_RELEVANT b'1497795'
ACTION SNIPPET 10000 4970 SEEN_PREVIOUSLY b'364057'
ACTION SNIPPET 10000 4973 SEEN_PREVIOUSLY b'274429'
ACTION QUERY 10000 4983 illegal technology transfer showing
ACTION SERP 10000 4988 EXAMINE_SERP
ACTION SNIPPET 10000 4991 SEEN_PREVIOUSLY b'295314'
ACTION SNIPPET 10000 4994 SEEN_PREVIOUSLY b'514959'
ACTION SNIPPET 10000 4997 SEEN_PREVIOUSLY b'902015'
ACTION SNIPPET 10000 5000 SEEN_PREVIOUSLY b'364057'
ACTION SNIPPET 10000 5003 SEEN_PREVIOUSLY b'1841759'
ACTION SNIPPET 10000 5006 SEEN_PREVIOUSLY b'1238174'
ACTION SNIPPET 10000 5009 SEEN_PREVIOUSLY b'1022183'
ACTION SNIPPET 10000 5012 SEEN_PREVIOUSLY b'1110335'
ACTION SNIPPET 10000 5015 SEEN_PREVIOUSLY b'83598'
ACTION SNIPPET 10000 5018 SEEN_PREVIOUSLY b'1371689'
ACTION QUERY 10000 5028 illegal technology transfer citizens
ACTION SERP 10000 5033 EXAMINE_SERP
ACTION SNIPPET 10000 5036 SNIPPET_RELEVANT b'286797'
ACTION DOC 10000 5056 EXAMINING_DOCUMENT b'286797'
ACTION SNIPPET 10000 5059 SNIPPET_NOT_RELEVANT b'1497795'
ACTION SNIPPET 10000 5062 SEEN_PREVIOUSLY b'364057'
ACTION SNIPPET 10000 5065 SEEN_PREVIOUSLY b'853856'
ACTION SNIPPET 10000 5068 SEEN_PREVIOUSLY b'295314'
ACTION SNIPPET 10000 5071 SEEN_PREVIOUSLY b'514959'
ACTION SNIPPET 10000 5074 SEEN_PREVIOUSLY b'1660339'
ACTION SNIPPET 10000 5077 SNIPPET_NOT_RELEVANT b'1468208'
ACTION SNIPPET 10000 5080 SNIPPET_RELEVANT b'1512288'
ACTION DOC 10000 5100 EXAMINING_DOCUMENT b'1512288'
ACTION SNIPPET 10000 5103 SEEN_PREVIOUSLY b'1449670'
ACTION QUERY 10000 5113 illegal technology transfer barring
ACTION SERP 10000 5118 EXAMINE_SERP
ACTION SNIPPET 10000 5121 SEEN_PREVIOUSLY b'295314'
ACTION SNIPPET 10000 5124 SEEN_PREVIOUSLY b'514959'
ACTION SNIPPET 10000 5127 SEEN_PREVIOUSLY b'54702'
ACTION SNIPPET 10000 5130 SEEN_PREVIOUSLY b'514154'
ACTION SNIPPET 10000 5133 SNIPPET_RELEVANT b'253080'
ACTION DOC 10000 5153 EXAMINING_DOCUMENT b'253080'
ACTION SNIPPET 10000 5156 SEEN_PREVIOUSLY b'1660339'
ACTION SNIPPET 10000 5159 SNIPPET_NOT_RELEVANT b'275316'
ACTION SNIPPET 10000 5162 SEEN_PREVIOUSLY b'257564'
ACTION SNIPPET 10000 5165 SNIPPET_RELEVANT b'527962'
ACTION DOC 10000 5185 EXAMINING_DOCUMENT b'527962'
ACTION MARK 10000 5188 CONSIDERED_RELEVANT b'527962'
ACTION SNIPPET 10000 5191 SNIPPET_RELEVANT b'167100'
ACTION DOC 10000 5211 EXAMINING_DOCUMENT b'167100'
ACTION QUERY 10000 5221 illegal technology transfer roosevelt
ACTION SERP 10000 5226 EXAMINE_SERP
ACTION SNIPPET 10000 5229 SEEN_PREVIOUSLY b'295314'
ACTION SNIPPET 10000 5232 SEEN_PREVIOUSLY b'514959'
ACTION SNIPPET 10000 5235 SNIPPET_NOT_RELEVANT b'535005'
ACTION SNIPPET 10000 5238 SEEN_PREVIOUSLY b'364057'
ACTION SNIPPET 10000 5241 SEEN_PREVIOUSLY b'1022183'
ACTION SNIPPET 10000 5244 SNIPPET_RELEVANT b'1800120'
ACTION DOC 10000 5264 EXAMINING_DOCUMENT b'1800120'
ACTION SNIPPET 10000 5267 SNIPPET_NOT_RELEVANT b'585715'
ACTION SNIPPET 10000 5270 SEEN_PREVIOUSLY b'83598'
ACTION SNIPPET 10000 5273 SNIPPET_RELEVANT b'1562980'
ACTION DOC 10000 5293 EXAMINING_DOCUMENT b'1562980'
ACTION SNIPPET 10000 5296 SEEN_PREVIOUSLY b'902015'
ACTION QUERY 10000 5306 illegal technology transfer paid
ACTION SERP 10000 5311 EXAMINE_SERP
ACTION SNIPPET 10000 5314 SEEN_PREVIOUSLY b'295314'
ACTION SNIPPET 10000 5317 SEEN_PREVIOUSLY b'514959'
ACTION SNIPPET 10000 5320 SEEN_PREVIOUSLY b'1371689'
ACTION SNIPPET 10000 5323 SEEN_PREVIOUSLY b'902015'
ACTION SNIPPET 10000 5326 SEEN_PREVIOUSLY b'1715144'
ACTION SNIPPET 10000 5329 SNIPPET_NOT_RELEVANT b'281139'
ACTION SNIPPET 10000 5332 SNIPPET_NOT_RELEVANT b'1561413'
ACTION SNIPPET 10000 5335 SEEN_PREVIOUSLY b'364057'
ACTION SNIPPET 10000 5338 SEEN_PREVIOUSLY b'1022183'
ACTION SNIPPET 10000 5341 SEEN_PREVIOUSLY b'83598'
ACTION QUERY 10000 5351 illegal technology transfer plan
ACTION SERP 10000 5356 EXAMINE_SERP
ACTION SNIPPET 10000 5359 SEEN_PREVIOUSLY b'295314'
ACTION SNIPPET 10000 5362 SEEN_PREVIOUSLY b'514959'
ACTION SNIPPET 10000 5365 SEEN_PREVIOUSLY b'1371689'
ACTION SNIPPET 10000 5368 SEEN_PREVIOUSLY b'1837525'
ACTION SNIPPET 10000 5371 SNIPPET_NOT_RELEVANT b'1827843'
ACTION SNIPPET 10000 5374 SEEN_PREVIOUSLY b'364057'
ACTION SNIPPET 10000 5377 SEEN_PREVIOUSLY b'1022183'
ACTION SNIPPET 10000 5380 SEEN_PREVIOUSLY b'1841759'
ACTION SNIPPET 10000 5383 SEEN_PREVIOUSLY b'910328'
ACTION SNIPPET 10000 5386 SNIPPET_NOT_RELEVANT b'275316'
ACTION QUERY 10000 5396 illegal technology transfer money
ACTION SERP 10000 5401 EXAMINE_SERP
ACTION SNIPPET 10000 5404 SEEN_PREVIOUSLY b'295314'
ACTION SNIPPET 10000 5407 SEEN_PREVIOUSLY b'902015'
ACTION SNIPPET 10000 5410 SEEN_PREVIOUSLY b'275249'
ACTION SNIPPET 10000 5413 SNIPPET_NOT_RELEVANT b'1497795'
ACTION SNIPPET 10000 5416 SEEN_PREVIOUSLY b'274429'
ACTION SNIPPET 10000 5419 SNIPPET_RELEVANT b'1561413'
ACTION DOC 10000 5439 EXAMINING_DOCUMENT b'1561413'
ACTION SNIPPET 10000 5442 SEEN_PREVIOUSLY b'514959'
ACTION SNIPPET 10000 5445 SEEN_PREVIOUSLY b'615912'
ACTION SNIPPET 10000 5448 SEEN_PREVIOUSLY b'1449670'
ACTION SNIPPET 10000 5451 SNIPPET_RELEVANT b'1017813'
ACTION DOC 10000 5471 EXAMINING_DOCUMENT b'1017813'
ACTION QUERY 10000 5481 illegal technology transfer peace
ACTION SERP 10000 5486 EXAMINE_SERP
ACTION SNIPPET 10000 5489 SEEN_PREVIOUSLY b'295314'
ACTION SNIPPET 10000 5492 SNIPPET_RELEVANT b'852352'
ACTION DOC 10000 5512 EXAMINING_DOCUMENT b'852352'
ACTION SNIPPET 10000 5515 SEEN_PREVIOUSLY b'514959'
ACTION SNIPPET 10000 5518 SNIPPET_NOT_RELEVANT b'1655579'
ACTION SNIPPET 10000 5521 SEEN_PREVIOUSLY b'1123743'
ACTION SNIPPET 10000 5524 SEEN_PREVIOUSLY b'968610'
ACTION SNIPPET 10000 5527 SNIPPET_NOT_RELEVANT b'292361'
ACTION SNIPPET 10000 5530 SNIPPET_RELEVANT b'1377488'
ACTION DOC 10000 5550 EXAMINING_DOCUMENT b'1377488'
ACTION SNIPPET 10000 5553 SEEN_PREVIOUSLY b'514535'
ACTION SNIPPET 10000 5556 SNIPPET_RELEVANT b'855885'
ACTION DOC 10000 5576 EXAMINING_DOCUMENT b'855885'
ACTION QUERY 10000 5586 illegal technology transfer enact
ACTION SERP 10000 5591 EXAMINE_SERP
ACTION SNIPPET 10000 5594 SEEN_PREVIOUSLY b'1836209'
ACTION SNIPPET 10000 5597 SNIPPET_NOT_RELEVANT b'1439307'
ACTION SNIPPET 10000 5600 SEEN_PREVIOUSLY b'295314'
ACTION SNIPPET 10000 5603 SNIPPET_RELEVANT b'61696'
ACTION DOC 10000 5623 EXAMINING_DOCUMENT b'61696'
ACTION MARK 10000 5626 CONSIDERED_RELEVANT b'61696'
ACTION SNIPPET 10000 5629 SEEN_PREVIOUSLY b'514959'
ACTION SNIPPET 10000 5632 SNIPPET_RELEVANT b'1805200'
ACTION DOC 10000 5652 EXAMINING_DOCUMENT b'1805200'
ACTION SNIPPET 10000 5655 SNIPPET_RELEVANT b'369587'
ACTION DOC 10000 5675 EXAMINING_DOCUMENT b'369587'
ACTION SNIPPET 10000 5678 SNIPPET_RELEVANT b'1202653'
ACTION DOC 10000 5698 EXAMINING_DOCUMENT b'1202653'
ACTION SNIPPET 10000 5701 SNIPPET_RELEVANT b'523868'
ACTION DOC 10000 5721 EXAMINING_DOCUMENT b'523868'
ACTION SNIPPET 10000 5724 SNIPPET_RELEVANT b'1132577'
ACTION DOC 10000 5744 EXAMINING_DOCUMENT b'1132577'
ACTION QUERY 10000 5754 illegal technology transfer communism
ACTION SERP 10000 5759 EXAMINE_SERP
ACTION SNIPPET 10000 5762 SEEN_PREVIOUSLY b'295314'
ACTION SNIPPET 10000 5765 SEEN_PREVIOUSLY b'1022183'
ACTION SNIPPET 10000 5768 SEEN_PREVIOUSLY b'514959'
ACTION SNIPPET 10000 5771 SEEN_PREVIOUSLY b'1449670'
ACTION SNIPPET 10000 5774 SEEN_PREVIOUSLY b'1110335'
ACTION SNIPPET 10000 5777 SEEN_PREVIOUSLY b'275249'
ACTION SNIPPET 10000 5780 SEEN_PREVIOUSLY b'202988'
ACTION SNIPPET 10000 5783 SEEN_PREVIOUSLY b'902015'
ACTION SNIPPET 10000 5786 SEEN_PREVIOUSLY b'1073757'
ACTION SNIPPET 10000 5789 SEEN_PREVIOUSLY b'1238174'
ACTION QUERY 10000 5799 illegal technology transfer countries
ACTION SERP 10000 5804 EXAMINE_SERP
ACTION SNIPPET 10000 5807 SEEN_PREVIOUSLY b'295314'
ACTION SNIPPET 10000 5810 SEEN_PREVIOUSLY b'514154'
ACTION SNIPPET 10000 5813 SEEN_PREVIOUSLY b'514959'
ACTION SNIPPET 10000 5816 SEEN_PREVIOUSLY b'364057'
ACTION SNIPPET 10000 5819 SEEN_PREVIOUSLY b'1022183'
ACTION SNIPPET 10000 5822 SEEN_PREVIOUSLY b'1836209'
ACTION SNIPPET 10000 5825 SEEN_PREVIOUSLY b'275249'
ACTION SNIPPET 10000 5828 SEEN_PREVIOUSLY b'522953'
ACTION SNIPPET 10000 5831 SNIPPET_NOT_RELEVANT b'1497795'
ACTION SNIPPET 10000 5834 SEEN_PREVIOUSLY b'55267'
ACTION QUERY 10000 5844 illegal technology transfer rockets
ACTION SERP 10000 5849 EXAMINE_SERP
ACTION SNIPPET 10000 5852 SEEN_PREVIOUSLY b'1022183'
ACTION SNIPPET 10000 5855 SEEN_PREVIOUSLY b'1470104'
ACTION SNIPPET 10000 5858 SEEN_PREVIOUSLY b'1110335'
ACTION SNIPPET 10000 5861 SEEN_PREVIOUSLY b'1007156'
ACTION SNIPPET 10000 5864 SNIPPET_NOT_RELEVANT b'1027074'
ACTION SNIPPET 10000 5867 SNIPPET_RELEVANT b'292361'
ACTION DOC 10000 5887 EXAMINING_DOCUMENT b'292361'
ACTION SNIPPET 10000 5890 SEEN_PREVIOUSLY b'527962'
ACTION SNIPPET 10000 5893 SEEN_PREVIOUSLY b'1022391'
ACTION SNIPPET 10000 5896 SNIPPET_RELEVANT b'622326'
ACTION DOC 10000 5916 EXAMINING_DOCUMENT b'622326'
ACTION SNIPPET 10000 5919 SNIPPET_NOT_RELEVANT b'1123053'
ACTION QUERY 10000 5929 illegal technology transfer law
ACTION SERP 10000 5934 EXAMINE_SERP
ACTION SNIPPET 10000 5937 SEEN_PREVIOUSLY b'1022183'
ACTION SNIPPET 10000 5940 SEEN_PREVIOUSLY b'295314'
ACTION SNIPPET 10000 5943 SEEN_PREVIOUSLY b'55267'
ACTION SNIPPET 10000 5946 SEEN_PREVIOUSLY b'1836209'
ACTION SNIPPET 10000 5949 SEEN_PREVIOUSLY b'514959'
ACTION SNIPPET 10000 5952 SEEN_PREVIOUSLY b'853856'
ACTION SNIPPET 10000 5955 SEEN_PREVIOUSLY b'1664746'
ACTION SNIPPET 10000 5958 SEEN_PREVIOUSLY b'1561413'
ACTION SNIPPET 10000 5961 SEEN_PREVIOUSLY b'275249'
ACTION SNIPPET 10000 5964 SEEN_PREVIOUSLY b'615912'
ACTION QUERY 10000 5974 illegal technology transfer pearl
ACTION SERP 10000 5979 EXAMINE_SERP
ACTION SNIPPET 10000 5982 SEEN_PREVIOUSLY b'295314'
ACTION SNIPPET 10000 5985 SEEN_PREVIOUSLY b'514959'
ACTION SNIPPET 10000 5988 SEEN_PREVIOUSLY b'1018050'
ACTION SNIPPET 10000 5991 SNIPPET_RELEVANT b'1546828'
ACTION DOC 10000 6011 EXAMINING_DOCUMENT b'1546828'
ACTION SNIPPET 10000 6014 SNIPPET_RELEVANT b'1373640'
ACTION DOC 10000 6034 EXAMINING_DOCUMENT b'1373640'
ACTION SNIPPET 10000 6037 SNIPPET_NOT_RELEVANT b'413337'
ACTION SNIPPET 10000 6040 SEEN_PREVIOUSLY b'364057'
ACTION SNIPPET 10000 6043 SEEN_PREVIOUSLY b'1022183'
ACTION SNIPPET 10000 6046 SNIPPET_NOT_RELEVANT b'1552213'
ACTION SNIPPET 10000 6049 SNIPPET_NOT_RELEVANT b'780912'
ACTION QUERY 10000 6059 illegal technology transfer leak
ACTION SERP 10000 6064 EXAMINE_SERP
ACTION SNIPPET 10000 6067 SEEN_PREVIOUSLY b'514959'
ACTION SNIPPET 10000 6070 SNIPPET_NOT_RELEVANT b'519008'
ACTION SNIPPET 10000 6073 SEEN_PREVIOUSLY b'51644'
ACTION SNIPPET 10000 6076 SNIPPET_RELEVANT b'1162784'
ACTION DOC 10000 6096 EXAMINING_DOCUMENT b'1162784'
ACTION SNIPPET 10000 6099 SEEN_PREVIOUSLY b'514154'
ACTION SNIPPET 10000 6102 SEEN_PREVIOUSLY b'295314'
ACTION SNIPPET 10000 6105 SNIPPET_RELEVANT b'1622688'
ACTION DOC 10000 6125 EXAMINING_DOCUMENT b'1622688'
ACTION SNIPPET 10000 6128 SNIPPET_NOT_RELEVANT b'74409'
ACTION SNIPPET 10000 6131 SNIPPET_RELEVANT b'805791'
ACTION DOC 10000 6151 EXAMINING_DOCUMENT b'805791'
ACTION SNIPPET 10000 6154 SNIPPET_NOT_RELEVANT b'805533'
ACTION QUERY 10000 6164 illegal technology transfer loosened
ACTION SERP 10000 6169 EXAMINE_SERP
ACTION SNIPPET 10000 6172 SEEN_PREVIOUSLY b'1023739'
ACTION SNIPPET 10000 6175 SEEN_PREVIOUSLY b'1017813'
ACTION SNIPPET 10000 6178 SEEN_PREVIOUSLY b'295314'
ACTION SNIPPET 10000 6181 SNIPPET_RELEVANT b'933072'
ACTION DOC 10000 6201 EXAMINING_DOCUMENT b'933072'
ACTION SNIPPET 10000 6204 SEEN_PREVIOUSLY b'514959'
ACTION SNIPPET 10000 6207 SNIPPET_RELEVANT b'316943'
ACTION DOC 10000 6227 EXAMINING_DOCUMENT b'316943'
ACTION SNIPPET 10000 6230 SNIPPET_NOT_RELEVANT b'325871'
ACTION SNIPPET 10000 6233 SNIPPET_RELEVANT b'954618'
ACTION DOC 10000 6253 EXAMINING_DOCUMENT b'954618'
ACTION SNIPPET 10000 6256 SEEN_PREVIOUSLY b'364057'
ACTION SNIPPET 10000 6259 SEEN_PREVIOUSLY b'1022183'
ACTION QUERY 10000 6269 illegal technology transfer danger
ACTION SERP 10000 6274 EXAMINE_SERP
ACTION SNIPPET 10000 6277 SEEN_PREVIOUSLY b'295314'
ACTION SNIPPET 10000 6280 SEEN_PREVIOUSLY b'514959'
ACTION SNIPPET 10000 6283 SEEN_PREVIOUSLY b'968610'
ACTION SNIPPET 10000 6286 SEEN_PREVIOUSLY b'615912'
ACTION SNIPPET 10000 6289 SEEN_PREVIOUSLY b'167100'
ACTION SNIPPET 10000 6292 SNIPPET_NOT_RELEVANT b'1556134'
ACTION SNIPPET 10000 6295 SNIPPET_RELEVANT b'515499'
ACTION DOC 10000 6315 EXAMINING_DOCUMENT b'515499'
ACTION MARK 10000 6318 CONSIDERED_RELEVANT b'515499'
ACTION SNIPPET 10000 6321 SEEN_PREVIOUSLY b'1399471'
ACTION SNIPPET 10000 6324 SEEN_PREVIOUSLY b'364057'
ACTION SNIPPET 10000 6327 SEEN_PREVIOUSLY b'1022183'
ACTION QUERY 10000 6337 illegal technology transfer rush
ACTION SERP 10000 6342 EXAMINE_SERP
ACTION SNIPPET 10000 6345 SEEN_PREVIOUSLY b'295314'
ACTION SNIPPET 10000 6348 SEEN_PREVIOUSLY b'514959'
ACTION SNIPPET 10000 6351 SNIPPET_NOT_RELEVANT b'519008'
ACTION SNIPPET 10000 6354 SEEN_PREVIOUSLY b'515499'
ACTION SNIPPET 10000 6357 SNIPPET_NOT_RELEVANT b'1123112'
ACTION SNIPPET 10000 6360 SEEN_PREVIOUSLY b'364057'
ACTION SNIPPET 10000 6363 SEEN_PREVIOUSLY b'1022183'
ACTION SNIPPET 10000 6366 SNIPPET_NOT_RELEVANT b'575007'
ACTION SNIPPET 10000 6369 SEEN_PREVIOUSLY b'83598'
ACTION SNIPPET 10000 6372 SEEN_PREVIOUSLY b'902015'
ACTION QUERY 10000 6382 illegal technology transfer peoples
ACTION SERP 10000 6387 EXAMINE_SERP
ACTION SNIPPET 10000 6390 SEEN_PREVIOUSLY b'295314'
ACTION SNIPPET 10000 6393 SEEN_PREVIOUSLY b'514959'
ACTION SNIPPET 10000 6396 SEEN_PREVIOUSLY b'1371689'
ACTION SNIPPET 10000 6399 SEEN_PREVIOUSLY b'364057'
ACTION SNIPPET 10000 6402 SEEN_PREVIOUSLY b'1022183'
ACTION SNIPPET 10000 6405 SEEN_PREVIOUSLY b'514154'
ACTION SNIPPET 10000 6408 SEEN_PREVIOUSLY b'1110335'
ACTION SNIPPET 10000 6411 SEEN_PREVIOUSLY b'83598'
ACTION SNIPPET 10000 6414 SEEN_PREVIOUSLY b'902015'
ACTION SNIPPET 10000 6417 SEEN_PREVIOUSLY b'522953'
ACTION QUERY 10000 6427 illegal technology transfer dna
ACTION SERP 10000 6432 EXAMINE_SERP
ACTION SNIPPET 10000 6435 SNIPPET_NOT_RELEVANT b'1523512'
ACTION SNIPPET 10000 6438 SNIPPET_NOT_RELEVANT b'599023'
ACTION SNIPPET 10000 6441 SNIPPET_RELEVANT b'467197'
ACTION DOC 10000 6461 EXAMINING_DOCUMENT b'467197'
ACTION SNIPPET 10000 6464 SNIPPET_NOT_RELEVANT b'144822'
ACTION SNIPPET 10000 6467 SNIPPET_RELEVANT b'228524'
ACTION DOC 10000 6487 EXAMINING_DOCUMENT b'228524'
ACTION SNIPPET 10000 6490 SNIPPET_NOT_RELEVANT b'1824087'
ACTION SNIPPET 10000 6493 SNIPPET_NOT_RELEVANT b'288924'
ACTION SNIPPET 10000 6496 SNIPPET_RELEVANT b'1091109'
ACTION DOC 10000 6516 EXAMINING_DOCUMENT b'1091109'
ACTION SNIPPET 10000 6519 SNIPPET_RELEVANT b'1136004'
ACTION DOC 10000 6539 EXAMINING_DOCUMENT b'1136004'
ACTION SNIPPET 10000 6542 SNIPPET_RELEVANT b'652359'
ACTION DOC 10000 6562 EXAMINING_DOCUMENT b'652359'
ACTION QUERY 10000 6572 illegal technology transfer punishing
ACTION SERP 10000 6577 EXAMINE_SERP
ACTION SNIPPET 10000 6580 SEEN_PREVIOUSLY b'514959'
ACTION SNIPPET 10000 6583 SEEN_PREVIOUSLY b'853856'
ACTION SNIPPET 10000 6586 SEEN_PREVIOUSLY b'1022183'
ACTION SNIPPET 10000 6589 SEEN_PREVIOUSLY b'364057'
ACTION SNIPPET 10000 6592 SEEN_PREVIOUSLY b'925040'
ACTION SNIPPET 10000 6595 SEEN_PREVIOUSLY b'852352'
ACTION SNIPPET 10000 6598 SEEN_PREVIOUSLY b'295314'
ACTION SNIPPET 10000 6601 SEEN_PREVIOUSLY b'51644'
ACTION SNIPPET 10000 6604 SEEN_PREVIOUSLY b'40787'
ACTION SNIPPET 10000 6607 SEEN_PREVIOUSLY b'515499'
ACTION QUERY 10000 6617 illegal technology transfer aware
ACTION SERP 10000 6622 EXAMINE_SERP
ACTION SNIPPET 10000 6625 SEEN_PREVIOUSLY b'295314'
ACTION SNIPPET 10000 6628 SEEN_PREVIOUSLY b'514959'
ACTION SNIPPET 10000 6631 SNIPPET_NOT_RELEVANT b'281139'
ACTION SNIPPET 10000 6634 SEEN_PREVIOUSLY b'167100'
ACTION SNIPPET 10000 6637 SEEN_PREVIOUSLY b'1110335'
ACTION SNIPPET 10000 6640 SEEN_PREVIOUSLY b'1449670'
ACTION SNIPPET 10000 6643 SNIPPET_RELEVANT b'1408008'
ACTION DOC 10000 6663 EXAMINING_DOCUMENT b'1408008'
ACTION SNIPPET 10000 6666 SNIPPET_NOT_RELEVANT b'800083'
ACTION SNIPPET 10000 6669 SNIPPET_RELEVANT b'800241'
ACTION DOC 10000 6689 EXAMINING_DOCUMENT b'800241'
ACTION SNIPPET 10000 6692 SNIPPET_NOT_RELEVANT b'57401'
ACTION QUERY 10000 6702 illegal technology transfer stores
ACTION SERP 10000 6707 EXAMINE_SERP
ACTION SNIPPET 10000 6710 SEEN_PREVIOUSLY b'1371689'
ACTION SNIPPET 10000 6713 SEEN_PREVIOUSLY b'295314'
ACTION SNIPPET 10000 6716 SEEN_PREVIOUSLY b'514959'
ACTION SNIPPET 10000 6719 SEEN_PREVIOUSLY b'1449670'
ACTION SNIPPET 10000 6722 SNIPPET_NOT_RELEVANT b'1057223'
ACTION SNIPPET 10000 6725 SNIPPET_NOT_RELEVANT b'55037'
ACTION SNIPPET 10000 6728 SEEN_PREVIOUSLY b'60661'
ACTION SNIPPET 10000 6731 SNIPPET_NOT_RELEVANT b'1829016'
ACTION SNIPPET 10000 6734 SNIPPET_NOT_RELEVANT b'1211103'
ACTION SNIPPET 10000 6737 SEEN_PREVIOUSLY b'1841759'
ACTION QUERY 10000 6747 illegal technology transfer office
ACTION SERP 10000 6752 EXAMINE_SERP
ACTION SNIPPET 10000 6755 SEEN_PREVIOUSLY b'295314'
ACTION SNIPPET 10000 6758 SEEN_PREVIOUSLY b'514959'
ACTION SNIPPET 10000 6761 SEEN_PREVIOUSLY b'514154'
ACTION SNIPPET 10000 6764 SEEN_PREVIOUSLY b'522953'
ACTION SNIPPET 10000 6767 SEEN_PREVIOUSLY b'1836209'
ACTION SNIPPET 10000 6770 SEEN_PREVIOUSLY b'853856'
ACTION SNIPPET 10000 6773 SNIPPET_NOT_RELEVANT b'1497795'
ACTION SNIPPET 10000 6776 SEEN_PREVIOUSLY b'1238174'
ACTION SNIPPET 10000 6779 SEEN_PREVIOUSLY b'364057'
ACTION SNIPPET 10000 6782 SEEN_PREVIOUSLY b'274429'
ACTION QUERY 10000 6792 illegal technology transfer helped
ACTION SERP 10000 6797 EXAMINE_SERP
ACTION SNIPPET 10000 6800 SEEN_PREVIOUSLY b'295314'
ACTION SNIPPET 10000 6803 SEEN_PREVIOUSLY b'514959'
ACTION SNIPPET 10000 6806 SEEN_PREVIOUSLY b'1238174'
ACTION SNIPPET 10000 6809 SEEN_PREVIOUSLY b'275249'
ACTION SNIPPET 10000 6812 SEEN_PREVIOUSLY b'1073757'
ACTION SNIPPET 10000 6815 SEEN_PREVIOUSLY b'55267'
ACTION SNIPPET 10000 6818 SEEN_PREVIOUSLY b'1715144'
ACTION SNIPPET 10000 6821 SNIPPET_NOT_RELEVANT b'1497795'
ACTION SNIPPET 10000 6824 SEEN_PREVIOUSLY b'364057'
ACTION SNIPPET 10000 6827 SEEN_PREVIOUSLY b'274429'
ACTION QUERY 10000 6837 illegal technology transfer ssr
ACTION SERP 10000 6842 EXAMINE_SERP
ACTION SNIPPET 10000 6845 SNIPPET_NOT_RELEVANT b'1559162'
ACTION SNIPPET 10000 6848 SNIPPET_NOT_RELEVANT b'1741021'
ACTION SNIPPET 10000 6851 SNIPPET_RELEVANT b'1298071'
ACTION DOC 10000 6871 EXAMINING_DOCUMENT b'1298071'
ACTION SNIPPET 10000 6874 SNIPPET_RELEVANT b'1544425'
ACTION DOC 10000 6894 EXAMINING_DOCUMENT b'1544425'
ACTION SNIPPET 10000 6897 SNIPPET_NOT_RELEVANT b'105889'
ACTION SNIPPET 10000 6900 SEEN_PREVIOUSLY b'295314'
ACTION SNIPPET 10000 6903 SEEN_PREVIOUSLY b'514959'
ACTION SNIPPET 10000 6906 SNIPPET_NOT_RELEVANT b'412266'
ACTION SNIPPET 10000 6909 SNIPPET_NOT_RELEVANT b'1377714'
ACTION SNIPPET 10000 6912 SNIPPET_NOT_RELEVANT b'1822026'
ACTION QUERY 10000 6922 illegal technology transfer china
ACTION SERP 10000 6927 EXAMINE_SERP
ACTION SNIPPET 10000 6930 SEEN_PREVIOUSLY b'514959'
ACTION SNIPPET 10000 6933 SEEN_PREVIOUSLY b'852352'
ACTION SNIPPET 10000 6936 SEEN_PREVIOUSLY b'853856'
ACTION SNIPPET 10000 6939 SEEN_PREVIOUSLY b'968610'
ACTION SNIPPET 10000 6942 SEEN_PREVIOUSLY b'1073757'
ACTION SNIPPET 10000 6945 SEEN_PREVIOUSLY b'1836209'
ACTION SNIPPET 10000 6948 SEEN_PREVIOUSLY b'1841759'
ACTION SNIPPET 10000 6951 SEEN_PREVIOUSLY b'513782'
ACTION SNIPPET 10000 6954 SEEN_PREVIOUSLY b'956894'
ACTION SNIPPET 10000 6957 SEEN_PREVIOUSLY b'514154'
ACTION QUERY 10000 6967 illegal technology transfer purposes
ACTION SERP 10000 6972 EXAMINE_SERP
ACTION SNIPPET 10000 6975 SEEN_PREVIOUSLY b'364057'
ACTION SNIPPET 10000 6978 SEEN_PREVIOUSLY b'1238174'
ACTION SNIPPET 10000 6981 SNIPPET_RELEVANT b'554649'
ACTION DOC 10000 7001 EXAMINING_DOCUMENT b'554649'
ACTION SNIPPET 10000 7004 SEEN_PREVIOUSLY b'295314'
ACTION SNIPPET 10000 7007 SEEN_PREVIOUSLY b'1110335'
ACTION SNIPPET 10000 7010 SEEN_PREVIOUSLY b'514959'
ACTION SNIPPET 10000 7013 SEEN_PREVIOUSLY b'968610'
ACTION SNIPPET 10000 7016 SNIPPET_RELEVANT b'483954'
ACTION DOC 10000 7036 EXAMINING_DOCUMENT b'483954'
ACTION SNIPPET 10000 7039 SEEN_PREVIOUSLY b'855885'
ACTION SNIPPET 10000 7042 SEEN_PREVIOUSLY b'925040'
ACTION QUERY 10000 7052 illegal technology transfer warfare
ACTION SERP 10000 7057 EXAMINE_SERP
ACTION SNIPPET 10000 7060 SEEN_PREVIOUSLY b'968610'
ACTION SNIPPET 10000 7063 SNIPPET_RELEVANT b'880462'
ACTION DOC 10000 7083 EXAMINING_DOCUMENT b'880462'
ACTION SNIPPET 10000 7086 SEEN_PREVIOUSLY b'54702'
ACTION SNIPPET 10000 7089 SNIPPET_RELEVANT b'69027'
ACTION DOC 10000 7109 EXAMINING_DOCUMENT b'69027'
ACTION MARK 10000 7112 CONSIDERED_RELEVANT b'69027'
ACTION SNIPPET 10000 7115 SEEN_PREVIOUSLY b'295314'
ACTION SNIPPET 10000 7118 SNIPPET_NOT_RELEVANT b'580889'
ACTION SNIPPET 10000 7121 SNIPPET_NOT_RELEVANT b'1497871'
ACTION SNIPPET 10000 7124 SEEN_PREVIOUSLY b'514959'
ACTION SNIPPET 10000 7127 SEEN_PREVIOUSLY b'570852'
ACTION SNIPPET 10000 7130 SNIPPET_NOT_RELEVANT b'284289'
ACTION QUERY 10000 7140 illegal technology transfer statute
ACTION SERP 10000 7145 EXAMINE_SERP
ACTION SNIPPET 10000 7148 SEEN_PREVIOUSLY b'69027'
ACTION SNIPPET 10000 7151 SEEN_PREVIOUSLY b'1836209'
ACTION SNIPPET 10000 7154 SNIPPET_RELEVANT b'190265'
ACTION DOC 10000 7174 EXAMINING_DOCUMENT b'190265'
ACTION SNIPPET 10000 7177 SNIPPET_NOT_RELEVANT b'734009'
ACTION SNIPPET 10000 7180 SNIPPET_RELEVANT b'1204847'
ACTION DOC 10000 7200 EXAMINING_DOCUMENT b'1204847'
ACTION SNIPPET 10000 7203 SEEN_PREVIOUSLY b'40787'
ACTION SNIPPET 10000 7206 SEEN_PREVIOUSLY b'295314'
ACTION SNIPPET 10000 7209 SNIPPET_RELEVANT b'734167'
ACTION DOC 10000 7229 EXAMINING_DOCUMENT b'734167'
ACTION SNIPPET 10000 7232 SEEN_PREVIOUSLY b'514959'
ACTION SNIPPET 10000 7235 SNIPPET_RELEVANT b'1243180'
ACTION DOC 10000 7255 EXAMINING_DOCUMENT b'1243180'
ACTION QUERY 10000 7265 illegal technology transfer factory
ACTION SERP 10000 7270 EXAMINE_SERP
ACTION SNIPPET 10000 7273 SEEN_PREVIOUSLY b'925040'
ACTION SNIPPET 10000 7276 SEEN_PREVIOUSLY b'83598'
ACTION SNIPPET 10000 7279 SNIPPET_RELEVANT b'1463641'
ACTION DOC 10000 7299 EXAMINING_DOCUMENT b'1463641'
ACTION SNIPPET 10000 7302 SEEN_PREVIOUSLY b'852352'
ACTION SNIPPET 10000 7305 SEEN_PREVIOUSLY b'956894'
ACTION SNIPPET 10000 7308 SNIPPET_RELEVANT b'328542'
ACTION DOC 10000 7328 EXAMINING_DOCUMENT b'328542'
ACTION SNIPPET 10000 7331 SEEN_PREVIOUSLY b'295314'
ACTION SNIPPET 10000 7334 SNIPPET_NOT_RELEVANT b'352404'
ACTION SNIPPET 10000 7337 SEEN_PREVIOUSLY b'1837525'
ACTION SNIPPET 10000 7340 SNIPPET_NOT_RELEVANT b'503825'
ACTION QUERY 10000 7350 illegal technology transfer investigation
ACTION SERP 10000 7355 EXAMINE_SERP
ACTION SNIPPET 10000 7358 SEEN_PREVIOUSLY b'295314'
ACTION SNIPPET 10000 7361 SEEN_PREVIOUSLY b'55267'
ACTION SNIPPET 10000 7364 SEEN_PREVIOUSLY b'514959'
ACTION SNIPPET 10000 7367 SEEN_PREVIOUSLY b'275249'
ACTION SNIPPET 10000 7370 SEEN_PREVIOUSLY b'274429'
ACTION SNIPPET 10000 7373 SEEN_PREVIOUSLY b'1836209'
ACTION SNIPPET 10000 7376 SEEN_PREVIOUSLY b'1664746'
ACTION SNIPPET 10000 7379 SNIPPET_RELEVANT b'1497795'
ACTION DOC 10000 7399 EXAMINING_DOCUMENT b'1497795'
ACTION SNIPPET 10000 7402 SEEN_PREVIOUSLY b'83598'
ACTION SNIPPET 10000 7405 SEEN_PREVIOUSLY b'853856'
ACTION QUERY 10000 7415 illegal technology transfer meeting
ACTION SERP 10000 7420 EXAMINE_SERP
ACTION SNIPPET 10000 7423 SEEN_PREVIOUSLY b'514959'
ACTION SNIPPET 10000 7426 SEEN_PREVIOUSLY b'295314'
ACTION SNIPPET 10000 7429 SEEN_PREVIOUSLY b'1022183'
ACTION SNIPPET 10000 7432 SEEN_PREVIOUSLY b'853856'
ACTION SNIPPET 10000 7435 SEEN_PREVIOUSLY b'902015'
ACTION SNIPPET 10000 7438 SEEN_PREVIOUSLY b'852352'
ACTION SNIPPET 10000 7441 SEEN_PREVIOUSLY b'1238174'
ACTION SNIPPET 10000 7444 SEEN_PREVIOUSLY b'514154'
ACTION SNIPPET 10000 7447 SEEN_PREVIOUSLY b'1110335'
ACTION SNIPPET 10000 7450 SEEN_PREVIOUSLY b'57147'
ACTION QUERY 10000 7460 illegal technology transfer toughen
ACTION SERP 10000 7465 EXAMINE_SERP
ACTION SNIPPET 10000 7468 SEEN_PREVIOUSLY b'51644'
ACTION SNIPPET 10000 7471 SEEN_PREVIOUSLY b'55267'
ACTION SNIPPET 10000 7474 SEEN_PREVIOUSLY b'61696'
ACTION SNIPPET 10000 7477 SNIPPET_NOT_RELEVANT b'144706'
ACTION SNIPPET 10000 7480 SNIPPET_RELEVANT b'140793'
ACTION DOC 10000 7500 EXAMINING_DOCUMENT b'140793'
ACTION SNIPPET 10000 7503 SEEN_PREVIOUSLY b'295314'
ACTION SNIPPET 10000 7506 SEEN_PREVIOUSLY b'57147'
ACTION SNIPPET 10000 7509 SNIPPET_RELEVANT b'57599'
ACTION DOC 10000 7529 EXAMINING_DOCUMENT b'57599'
ACTION MARK 10000 7532 CONSIDERED_RELEVANT b'57599'
ACTION SNIPPET 10000 7535 SNIPPET_NOT_RELEVANT b'449000'
ACTION SNIPPET 10000 7538 SEEN_PREVIOUSLY b'514959'
ACTION QUERY 10000 7548 illegal technology transfer idea
ACTION SERP 10000 7553 EXAMINE_SERP
ACTION SNIPPET 10000 7556 SEEN_PREVIOUSLY b'295314'
ACTION SNIPPET 10000 7559 SEEN_PREVIOUSLY b'514959'
ACTION SNIPPET 10000 7562 SEEN_PREVIOUSLY b'1837525'
ACTION SNIPPET 10000 7565 SEEN_PREVIOUSLY b'615912'
ACTION SNIPPET 10000 7568 SEEN_PREVIOUSLY b'1371689'
ACTION SNIPPET 10000 7571 SNIPPET_NOT_RELEVANT b'1703396'
ACTION SNIPPET 10000 7574 SEEN_PREVIOUSLY b'910328'
ACTION SNIPPET 10000 7577 SEEN_PREVIOUSLY b'1449670'
ACTION SNIPPET 10000 7580 SEEN_PREVIOUSLY b'364057'
ACTION SNIPPET 10000 7583 SNIPPET_RELEVANT b'654287'
ACTION DOC 10000 7603 EXAMINING_DOCUMENT b'654287'
ACTION QUERY 10000 7613 illegal technology transfer moved
ACTION SERP 10000 7618 EXAMINE_SERP
ACTION SNIPPET 10000 7621 SEEN_PREVIOUSLY b'295314'
ACTION SNIPPET 10000 7624 SEEN_PREVIOUSLY b'1022183'
ACTION SNIPPET 10000 7627 SEEN_PREVIOUSLY b'514959'
ACTION SNIPPET 10000 7630 SEEN_PREVIOUSLY b'275249'
ACTION SNIPPET 10000 7633 SEEN_PREVIOUSLY b'364057'
ACTION SNIPPET 10000 7636 SEEN_PREVIOUSLY b'1561413'
ACTION SNIPPET 10000 7639 SEEN_PREVIOUSLY b'83598'
ACTION SNIPPET 10000 7642 SEEN_PREVIOUSLY b'843441'
ACTION SNIPPET 10000 7645 SEEN_PREVIOUSLY b'902015'
ACTION SNIPPET 10000 7648 SEEN_PREVIOUSLY b'1371689'
ACTION QUERY 10000 7658 illegal technology transfer leading
ACTION SERP 10000 7663 EXAMINE_SERP
ACTION SNIPPET 10000 7666 SEEN_PREVIOUSLY b'295314'
ACTION SNIPPET 10000 7669 SEEN_PREVIOUSLY b'514959'
ACTION SNIPPET 10000 7672 SEEN_PREVIOUSLY b'364057'
ACTION SNIPPET 10000 7675 SEEN_PREVIOUSLY b'83598'
ACTION SNIPPET 10000 7678 SEEN_PREVIOUSLY b'1022183'
ACTION SNIPPET 10000 7681 SEEN_PREVIOUSLY b'55267'
ACTION SNIPPET 10000 7684 SEEN_PREVIOUSLY b'902015'
ACTION SNIPPET 10000 7687 SEEN_PREVIOUSLY b'1371689'
ACTION SNIPPET 10000 7690 SEEN_PREVIOUSLY b'275249'
ACTION SNIPPET 10000 7693 SEEN_PREVIOUSLY b'1110335'
ACTION QUERY 10000 7703 illegal technology transfer response
ACTION SERP 10000 7708 EXAMINE_SERP
ACTION SNIPPET 10000 7711 SEEN_PREVIOUSLY b'295314'
ACTION SNIPPET 10000 7714 SEEN_PREVIOUSLY b'514154'
ACTION SNIPPET 10000 7717 SEEN_PREVIOUSLY b'514959'
ACTION SNIPPET 10000 7720 SEEN_PREVIOUSLY b'1073757'
ACTION SNIPPET 10000 7723 SEEN_PREVIOUSLY b'54702'
ACTION SNIPPET 10000 7726 SEEN_PREVIOUSLY b'1371689'
ACTION SNIPPET 10000 7729 SEEN_PREVIOUSLY b'1238174'
ACTION SNIPPET 10000 7732 SEEN_PREVIOUSLY b'1110335'
ACTION SNIPPET 10000 7735 SNIPPET_NOT_RELEVANT b'1690323'
ACTION SNIPPET 10000 7738 SNIPPET_NOT_RELEVANT b'275316'
ACTION QUERY 10000 7748 illegal technology transfer bases
ACTION SERP 10000 7753 EXAMINE_SERP
ACTION SNIPPET 10000 7756 SEEN_PREVIOUSLY b'295314'
ACTION SNIPPET 10000 7759 SEEN_PREVIOUSLY b'1110335'
ACTION SNIPPET 10000 7762 SEEN_PREVIOUSLY b'514959'
ACTION SNIPPET 10000 7765 SEEN_PREVIOUSLY b'83598'
ACTION SNIPPET 10000 7768 SEEN_PREVIOUSLY b'1022183'
ACTION SNIPPET 10000 7771 SEEN_PREVIOUSLY b'364057'
ACTION SNIPPET 10000 7774 SEEN_PREVIOUSLY b'55267'
ACTION SNIPPET 10000 7777 SEEN_PREVIOUSLY b'1836209'
ACTION SNIPPET 10000 7780 SEEN_PREVIOUSLY b'853856'
ACTION SNIPPET 10000 7783 SEEN_PREVIOUSLY b'1497795'
ACTION QUERY 10000 7793 illegal technology transfer problem
ACTION SERP 10000 7798 EXAMINE_SERP
ACTION SNIPPET 10000 7801 SEEN_PREVIOUSLY b'295314'
ACTION SNIPPET 10000 7804 SEEN_PREVIOUSLY b'1371689'
ACTION SNIPPET 10000 7807 SEEN_PREVIOUSLY b'275249'
ACTION SNIPPET 10000 7810 SEEN_PREVIOUSLY b'514959'
ACTION SNIPPET 10000 7813 SEEN_PREVIOUSLY b'522953'
ACTION SNIPPET 10000 7816 SEEN_PREVIOUSLY b'1715144'
ACTION SNIPPET 10000 7819 SEEN_PREVIOUSLY b'1073757'
ACTION SNIPPET 10000 7822 SEEN_PREVIOUSLY b'514154'
ACTION SNIPPET 10000 7825 SNIPPET_NOT_RELEVANT b'1703396'
ACTION SNIPPET 10000 7828 SNIPPET_NOT_RELEVANT b'1690323'
ACTION QUERY 10000 7838 illegal technology transfer prosecuted
ACTION SERP 10000 7843 EXAMINE_SERP
ACTION SNIPPET 10000 7846 SEEN_PREVIOUSLY b'734167'
ACTION SNIPPET 10000 7849 SNIPPET_NOT_RELEVANT b'734009'
ACTION SNIPPET 10000 7852 SNIPPET_NOT_RELEVANT b'1454790'
ACTION SNIPPET 10000 7855 SNIPPET_RELEVANT b'1738749'
ACTION DOC 10000 7875 EXAMINING_DOCUMENT b'1738749'
ACTION SNIPPET 10000 7878 SEEN_PREVIOUSLY b'1664746'
ACTION SNIPPET 10000 7881 SEEN_PREVIOUSLY b'1371689'
ACTION SNIPPET 10000 7884 SEEN_PREVIOUSLY b'295314'
ACTION SNIPPET 10000 7887 SEEN_PREVIOUSLY b'69027'
ACTION SNIPPET 10000 7890 SNIPPET_NOT_RELEVANT b'185793'
ACTION SNIPPET 10000 7893 SNIPPET_NOT_RELEVANT b'135125'
ACTION QUERY 10000 7903 illegal technology transfer harbor
ACTION SERP 10000 7908 EXAMINE_SERP
ACTION SNIPPET 10000 7911 SNIPPET_NOT_RELEVANT b'952962'
ACTION SNIPPET 10000 7914 SEEN_PREVIOUSLY b'295314'
ACTION SNIPPET 10000 7917 SNIPPET_NOT_RELEVANT b'1293830'
ACTION SNIPPET 10000 7920 SNIPPET_RELEVANT b'713417'
ACTION DOC 10000 7940 EXAMINING_DOCUMENT b'713417'
ACTION SNIPPET 10000 7943 SEEN_PREVIOUSLY b'514959'
ACTION SNIPPET 10000 7946 SNIPPET_NOT_RELEVANT b'784842'
ACTION SNIPPET 10000 7949 SEEN_PREVIOUSLY b'805791'
ACTION SNIPPET 10000 7952 SNIPPET_NOT_RELEVANT b'805533'
ACTION SNIPPET 10000 7955 SNIPPET_NOT_RELEVANT b'665462'
ACTION SNIPPET 10000 7958 SNIPPET_RELEVANT b'293423'
ACTION DOC 10000 7978 EXAMINING_DOCUMENT b'293423'
ACTION QUERY 10000 7988 illegal technology transfer american
ACTION SERP 10000 7993 EXAMINE_SERP
ACTION SNIPPET 10000 7996 SEEN_PREVIOUSLY b'514959'
ACTION SNIPPET 10000 7999 SEEN_PREVIOUSLY b'295314'
ACTION SNIPPET 10000 8002 SEEN_PREVIOUSLY b'83598'
ACTION SNIPPET 10000 8005 SEEN_PREVIOUSLY b'1022183'
ACTION SNIPPET 10000 8008 SEEN_PREVIOUSLY b'514154'
ACTION SNIPPET 10000 8011 SEEN_PREVIOUSLY b'275249'
ACTION SNIPPET 10000 8014 SEEN_PREVIOUSLY b'55267'
ACTION SNIPPET 10000 8017 SEEN_PREVIOUSLY b'364057'
ACTION SNIPPET 10000 8020 SEEN_PREVIOUSLY b'1836209'
ACTION SNIPPET 10000 8023 SEEN_PREVIOUSLY b'853856'
ACTION QUERY 10000 8033 illegal technology transfer laptop
ACTION SERP 10000 8038 EXAMINE_SERP
ACTION SNIPPET 10000 8041 SNIPPET_RELEVANT b'1639506'
ACTION DOC 10000 8061 EXAMINING_DOCUMENT b'1639506'
ACTION SNIPPET 10000 8064 SNIPPET_NOT_RELEVANT b'1738335'
ACTION SNIPPET 10000 8067 SNIPPET_NOT_RELEVANT b'1456956'
ACTION SNIPPET 10000 8070 SNIPPET_RELEVANT b'1709265'
ACTION DOC 10000 8090 EXAMINING_DOCUMENT b'1709265'
ACTION SNIPPET 10000 8093 SNIPPET_RELEVANT b'1295909'
ACTION DOC 10000 8113 EXAMINING_DOCUMENT b'1295909'
ACTION SNIPPET 10000 8116 SNIPPET_NOT_RELEVANT b'1127648'
ACTION SNIPPET 10000 8119 SNIPPET_RELEVANT b'1831378'
ACTION DOC 10000 8139 EXAMINING_DOCUMENT b'1831378'
ACTION SNIPPET 10000 8142 SNIPPET_RELEVANT b'1636780'
ACTION DOC 10000 8162 EXAMINING_DOCUMENT b'1636780'
ACTION SNIPPET 10000 8165 SNIPPET_NOT_RELEVANT b'1792188'
ACTION SNIPPET 10000 8168 SNIPPET_NOT_RELEVANT b'184919'
ACTION QUERY 10000 8178 illegal technology transfer dept
ACTION SERP 10000 8183 EXAMINE_SERP
ACTION SNIPPET 10000 8186 SNIPPET_NOT_RELEVANT b'1409968'
ACTION SNIPPET 10000 8189 SNIPPET_NOT_RELEVANT b'1649959'
ACTION SNIPPET 10000 8192 SEEN_PREVIOUSLY b'295314'
ACTION SNIPPET 10000 8195 SNIPPET_NOT_RELEVANT b'958305'
ACTION SNIPPET 10000 8198 SEEN_PREVIOUSLY b'514959'
ACTION SNIPPET 10000 8201 SNIPPET_NOT_RELEVANT b'1407337'
ACTION SNIPPET 10000 8204 SNIPPET_RELEVANT b'1599980'
ACTION DOC 10000 8224 EXAMINING_DOCUMENT b'1599980'
ACTION SNIPPET 10000 8227 SNIPPET_NOT_RELEVANT b'190811'
ACTION SNIPPET 10000 8230 SNIPPET_RELEVANT b'1475875'
ACTION DOC 10000 8250 EXAMINING_DOCUMENT b'1475875'
ACTION SNIPPET 10000 8253 SNIPPET_NOT_RELEVANT b'1131227'
ACTION QUERY 10000 8263 illegal technology transfer economic
ACTION SERP 10000 8268 EXAMINE_SERP
ACTION SNIPPET 10000 8271 SEEN_PREVIOUSLY b'364057'
ACTION SNIPPET 10000 8274 SEEN_PREVIOUSLY b'286797'
ACTION SNIPPET 10000 8277 SEEN_PREVIOUSLY b'1022183'
ACTION SNIPPET 10000 8280 SEEN_PREVIOUSLY b'295314'
ACTION SNIPPET 10000 8283 SEEN_PREVIOUSLY b'514959'
ACTION SNIPPET 10000 8286 SEEN_PREVIOUSLY b'54702'
ACTION SNIPPET 10000 8289 SNIPPET_NOT_RELEVANT b'1454790'
ACTION SNIPPET 10000 8292 SEEN_PREVIOUSLY b'1258361'
ACTION SNIPPET 10000 8295 SNIPPET_RELEVANT b'579946'
ACTION DOC 10000 8315 EXAMINING_DOCUMENT b'579946'
ACTION SNIPPET 10000 8318 SEEN_PREVIOUSLY b'514535'
ACTION QUERY 10000 8328 illegal technology transfer suspected
ACTION SERP 10000 8333 EXAMINE_SERP
ACTION SNIPPET 10000 8336 SEEN_PREVIOUSLY b'55267'
ACTION SNIPPET 10000 8339 SNIPPET_RELEVANT b'800083'
ACTION DOC 10000 8359 EXAMINING_DOCUMENT b'800083'
ACTION SNIPPET 10000 8362 SEEN_PREVIOUSLY b'800241'
ACTION SNIPPET 10000 8365 SEEN_PREVIOUSLY b'295314'
ACTION SNIPPET 10000 8368 SNIPPET_NOT_RELEVANT b'1123112'
ACTION SNIPPET 10000 8371 SEEN_PREVIOUSLY b'274429'
ACTION SNIPPET 10000 8374 SEEN_PREVIOUSLY b'267062'
ACTION SNIPPET 10000 8377 SEEN_PREVIOUSLY b'1371689'
ACTION SNIPPET 10000 8380 SEEN_PREVIOUSLY b'514959'
ACTION SNIPPET 10000 8383 SNIPPET_NOT_RELEVANT b'1144404'
ACTION QUERY 10000 8393 illegal technology transfer sold
ACTION SERP 10000 8398 EXAMINE_SERP
ACTION SNIPPET 10000 8401 SEEN_PREVIOUSLY b'514959'
ACTION SNIPPET 10000 8404 SEEN_PREVIOUSLY b'522953'
ACTION SNIPPET 10000 8407 SEEN_PREVIOUSLY b'83598'
ACTION SNIPPET 10000 8410 SEEN_PREVIOUSLY b'968610'
ACTION SNIPPET 10000 8413 SEEN_PREVIOUSLY b'295314'
ACTION SNIPPET 10000 8416 SEEN_PREVIOUSLY b'514154'
ACTION SNIPPET 10000 8419 SEEN_PREVIOUSLY b'515499'
ACTION SNIPPET 10000 8422 SNIPPET_NOT_RELEVANT b'281139'
ACTION SNIPPET 10000 8425 SEEN_PREVIOUSLY b'1837525'
ACTION SNIPPET 10000 8428 SEEN_PREVIOUSLY b'853856'
ACTION QUERY 10000 8438 illegal technology transfer transmitting
ACTION SERP 10000 8443 EXAMINE_SERP
ACTION SNIPPET 10000 8446 SEEN_PREVIOUSLY b'1497795'
ACTION SNIPPET 10000 8449 SNIPPET_RELEVANT b'297258'
ACTION DOC 10000 8469 EXAMINING_DOCUMENT b'297258'
ACTION SNIPPET 10000 8472 SNIPPET_RELEVANT b'285882'
ACTION DOC 10000 8492 EXAMINING_DOCUMENT b'285882'
ACTION SNIPPET 10000 8495 SEEN_PREVIOUSLY b'1449670'
ACTION SNIPPET 10000 8498 SEEN_PREVIOUSLY b'1561413'
ACTION SNIPPET 10000 8501 SNIPPET_NOT_RELEVANT b'1404249'
ACTION SNIPPET 10000 8504 SEEN_PREVIOUSLY b'639375'
ACTION SNIPPET 10000 8507 SNIPPET_NOT_RELEVANT b'1782020'
ACTION SNIPPET 10000 8510 SNIPPET_NOT_RELEVANT b'1203320'
ACTION SNIPPET 10000 8513 SNIPPET_RELEVANT b'1479576'
ACTION DOC 10000 8533 EXAMINING_DOCUMENT b'1479576'
ACTION QUERY 10000 8543 illegal technology transfer founder
ACTION SERP 10000 8548 EXAMINE_SERP
ACTION SNIPPET 10000 8551 SEEN_PREVIOUSLY b'295314'
ACTION SNIPPET 10000 8554 SEEN_PREVIOUSLY b'514959'
ACTION SNIPPET 10000 8557 SEEN_PREVIOUSLY b'1660339'
ACTION SNIPPET 10000 8560 SNIPPET_NOT_RELEVANT b'1556134'
ACTION SNIPPET 10000 8563 SEEN_PREVIOUSLY b'1408008'
ACTION SNIPPET 10000 8566 SNIPPET_NOT_RELEVANT b'1381522'
ACTION SNIPPET 10000 8569 SNIPPET_RELEVANT b'1695834'
ACTION DOC 10000 8589 EXAMINING_DOCUMENT b'1695834'
ACTION SNIPPET 10000 8592 SNIPPET_NOT_RELEVANT b'1152063'
ACTION SNIPPET 10000 8595 SNIPPET_RELEVANT b'1707283'
ACTION DOC 10000 8615 EXAMINING_DOCUMENT b'1707283'
ACTION SNIPPET 10000 8618 SNIPPET_NOT_RELEVANT b'367915'
ACTION QUERY 10000 8628 illegal technology transfer reactor
ACTION SERP 10000 8633 EXAMINE_SERP
ACTION SNIPPET 10000 8636 SEEN_PREVIOUSLY b'1399471'
ACTION SNIPPET 10000 8639 SNIPPET_RELEVANT b'1812777'
ACTION DOC 10000 8659 EXAMINING_DOCUMENT b'1812777'
ACTION SNIPPET 10000 8662 SNIPPET_RELEVANT b'710954'
ACTION DOC 10000 8682 EXAMINING_DOCUMENT b'710954'
ACTION SNIPPET 10000 8685 SNIPPET_RELEVANT b'667206'
ACTION DOC 10000 8705 EXAMINING_DOCUMENT b'667206'
ACTION SNIPPET 10000 8708 SNIPPET_RELEVANT b'666954'
ACTION DOC 10000 8728 EXAMINING_DOCUMENT b'666954'
ACTION SNIPPET 10000 8731 SNIPPET_RELEVANT b'1755697'
ACTION DOC 10000 8751 EXAMINING_DOCUMENT b'1755697'
ACTION SNIPPET 10000 8754 SNIPPET_RELEVANT b'1545195'
ACTION DOC 10000 8774 EXAMINING_DOCUMENT b'1545195'
ACTION SNIPPET 10000 8777 SNIPPET_NOT_RELEVANT b'763268'
ACTION SNIPPET 10000 8780 SNIPPET_RELEVANT b'550617'
ACTION DOC 10000 8800 EXAMINING_DOCUMENT b'550617'
ACTION SNIPPET 10000 8803 SNIPPET_NOT_RELEVANT b'1226132'
ACTION QUERY 10000 8813 illegal technology transfer russians
ACTION SERP 10000 8818 EXAMINE_SERP
ACTION SNIPPET 10000 8821 SEEN_PREVIOUSLY b'55267'
ACTION SNIPPET 10000 8824 SEEN_PREVIOUSLY b'852352'
ACTION SNIPPET 10000 8827 SEEN_PREVIOUSLY b'1399471'
ACTION SNIPPET 10000 8830 SEEN_PREVIOUSLY b'1230682'
ACTION SNIPPET 10000 8833 SEEN_PREVIOUSLY b'956894'
ACTION SNIPPET 10000 8836 SNIPPET_NOT_RELEVANT b'85557'
ACTION SNIPPET 10000 8839 SEEN_PREVIOUSLY b'527962'
ACTION SNIPPET 10000 8842 SNIPPET_RELEVANT b'1177181'
ACTION DOC 10000 8862 EXAMINING_DOCUMENT b'1177181'
ACTION SNIPPET 10000 8865 SNIPPET_NOT_RELEVANT b'1135906'
ACTION SNIPPET 10000 8868 SNIPPET_RELEVANT b'525442'
ACTION DOC 10000 8888 EXAMINING_DOCUMENT b'525442'
ACTION MARK 10000 8891 CONSIDERED_RELEVANT b'525442'
ACTION QUERY 10000 8901 illegal technology transfer dc
ACTION SERP 10000 8906 EXAMINE_SERP
ACTION SNIPPET 10000 8909 SNIPPET_NOT_RELEVANT b'666096'
ACTION SNIPPET 10000 8912 SNIPPET_RELEVANT b'1012184'
ACTION DOC 10000 8932 EXAMINING_DOCUMENT b'1012184'
ACTION SNIPPET 10000 8935 SNIPPET_RELEVANT b'853695'
ACTION DOC 10000 8955 EXAMINING_DOCUMENT b'853695'
ACTION SNIPPET 10000 8958 SNIPPET_NOT_RELEVANT b'1412562'
ACTION SNIPPET 10000 8961 SEEN_PREVIOUSLY b'295314'
ACTION SNIPPET 10000 8964 SEEN_PREVIOUSLY b'514959'
ACTION SNIPPET 10000 8967 SNIPPET_RELEVANT b'1544057'
ACTION DOC 10000 8987 EXAMINING_DOCUMENT b'1544057'
ACTION SNIPPET 10000 8990 SNIPPET_NOT_RELEVANT b'1807085'
ACTION SNIPPET 10000 8993 SNIPPET_NOT_RELEVANT b'453724'
ACTION SNIPPET 10000 8996 SNIPPET_RELEVANT b'274467'
ACTION DOC 10000 9016 EXAMINING_DOCUMENT b'274467'
ACTION QUERY 10000 9026 illegal technology transfer allowing
ACTION SERP 10000 9031 EXAMINE_SERP
ACTION SNIPPET 10000 9034 SEEN_PREVIOUSLY b'295314'
ACTION SNIPPET 10000 9037 SEEN_PREVIOUSLY b'514959'
ACTION SNIPPET 10000 9040 SEEN_PREVIOUSLY b'1715144'
ACTION SNIPPET 10000 9043 SEEN_PREVIOUSLY b'852352'
ACTION SNIPPET 10000 9046 SEEN_PREVIOUSLY b'522953'
ACTION SNIPPET 10000 9049 SEEN_PREVIOUSLY b'83598'
ACTION SNIPPET 10000 9052 SEEN_PREVIOUSLY b'1371689'
ACTION SNIPPET 10000 9055 SEEN_PREVIOUSLY b'364057'
ACTION SNIPPET 10000 9058 SEEN_PREVIOUSLY b'968610'
ACTION SNIPPET 10000 9061 SEEN_PREVIOUSLY b'1022183'
ACTION QUERY 10000 9071 illegal technology transfer clinton
ACTION SERP 10000 9076 EXAMINE_SERP
ACTION SNIPPET 10000 9079 SEEN_PREVIOUSLY b'968610'
ACTION SNIPPET 10000 9082 SNIPPET_NOT_RELEVANT b'1018471'
ACTION SNIPPET 10000 9085 SEEN_PREVIOUSLY b'1007156'
ACTION SNIPPET 10000 9088 SEEN_PREVIOUSLY b'1022183'
ACTION SNIPPET 10000 9091 SEEN_PREVIOUSLY b'1017813'
ACTION SNIPPET 10000 9094 SEEN_PREVIOUSLY b'295314'
ACTION SNIPPET 10000 9097 SEEN_PREVIOUSLY b'1106789'
ACTION SNIPPET 10000 9100 SEEN_PREVIOUSLY b'1073757'
ACTION SNIPPET 10000 9103 SEEN_PREVIOUSLY b'1018050'
ACTION SNIPPET 10000 9106 SEEN_PREVIOUSLY b'1023739'
ACTION QUERY 10000 9116 illegal technology transfer interest
ACTION SERP 10000 9121 EXAMINE_SERP
ACTION SNIPPET 10000 9124 SEEN_PREVIOUSLY b'295314'
ACTION SNIPPET 10000 9127 SEEN_PREVIOUSLY b'514959'
ACTION SNIPPET 10000 9130 SEEN_PREVIOUSLY b'286797'
ACTION SNIPPET 10000 9133 SEEN_PREVIOUSLY b'1110335'
ACTION SNIPPET 10000 9136 SEEN_PREVIOUSLY b'1073757'
ACTION SNIPPET 10000 9139 SNIPPET_RELEVANT b'275316'
ACTION DOC 10000 9159 EXAMINING_DOCUMENT b'275316'
ACTION SNIPPET 10000 9162 SEEN_PREVIOUSLY b'1837525'
ACTION SNIPPET 10000 9165 SEEN_PREVIOUSLY b'1238174'
ACTION SNIPPET 10000 9168 SEEN_PREVIOUSLY b'275249'
ACTION SNIPPET 10000 9171 SNIPPET_RELEVANT b'1690323'
ACTION DOC 10000 9191 EXAMINING_DOCUMENT b'1690323'
ACTION QUERY 10000 9201 illegal technology transfer sanctions
ACTION SERP 10000 9206 EXAMINE_SERP
ACTION SNIPPET 10000 9209 SNIPPET_RELEVANT b'509034'
ACTION DOC 10000 9229 EXAMINING_DOCUMENT b'509034'
ACTION MARK 10000 9232 CONSIDERED_RELEVANT b'509034'
ACTION SNIPPET 10000 9235 SEEN_PREVIOUSLY b'515499'
ACTION SNIPPET 10000 9238 SNIPPET_RELEVANT b'483380'
ACTION DOC 10000 9258 EXAMINING_DOCUMENT b'483380'
ACTION SNIPPET 10000 9261 SNIPPET_RELEVANT b'630815'
ACTION DOC 10000 9281 EXAMINING_DOCUMENT b'630815'
ACTION MARK 10000 9284 CONSIDERED_RELEVANT b'630815'
ACTION SNIPPET 10000 9287 SEEN_PREVIOUSLY b'968610'
ACTION SNIPPET 10000 9290 SNIPPET_RELEVANT b'622648'
ACTION DOC 10000 9310 EXAMINING_DOCUMENT b'622648'
ACTION SNIPPET 10000 9313 SEEN_PREVIOUSLY b'1023739'
ACTION SNIPPET 10000 9316 SNIPPET_NOT_RELEVANT b'631895'
ACTION SNIPPET 10000 9319 SEEN_PREVIOUSLY b'40787'
ACTION SNIPPET 10000 9322 SNIPPET_RELEVANT b'1322042'
ACTION DOC 10000 9342 EXAMINING_DOCUMENT b'1322042'
ACTION MARK 10000 9345 CONSIDERED_RELEVANT b'1322042'
ACTION QUERY 10000 9355 illegal technology transfer lift
ACTION SERP 10000 9360 EXAMINE_SERP
ACTION SNIPPET 10000 9363 SEEN_PREVIOUSLY b'509034'
ACTION SNIPPET 10000 9366 SEEN_PREVIOUSLY b'295314'
ACTION SNIPPET 10000 9369 SEEN_PREVIOUSLY b'514959'
ACTION SNIPPET 10000 9372 SEEN_PREVIOUSLY b'1570650'
ACTION SNIPPET 10000 9375 SEEN_PREVIOUSLY b'615912'
ACTION SNIPPET 10000 9378 SNIPPET_RELEVANT b'504648'
ACTION DOC 10000 9398 EXAMINING_DOCUMENT b'504648'
ACTION MARK 10000 9401 CONSIDERED_RELEVANT b'504648'
ACTION SNIPPET 10000 9404 SNIPPET_NOT_RELEVANT b'1652193'
ACTION SNIPPET 10000 9407 SNIPPET_RELEVANT b'1337248'
ACTION DOC 10000 9427 EXAMINING_DOCUMENT b'1337248'
ACTION SNIPPET 10000 9430 SEEN_PREVIOUSLY b'274429'
ACTION SNIPPET 10000 9433 SNIPPET_NOT_RELEVANT b'221468'
ACTION QUERY 10000 9443 illegal technology transfer deliver
ACTION SERP 10000 9448 EXAMINE_SERP
ACTION SNIPPET 10000 9451 SEEN_PREVIOUSLY b'522953'
ACTION SNIPPET 10000 9454 SEEN_PREVIOUSLY b'295314'
ACTION SNIPPET 10000 9457 SNIPPET_RELEVANT b'1703396'
ACTION DOC 10000 9477 EXAMINING_DOCUMENT b'1703396'
ACTION SNIPPET 10000 9480 SEEN_PREVIOUSLY b'514959'
ACTION SNIPPET 10000 9483 SNIPPET_NOT_RELEVANT b'1100577'
ACTION SNIPPET 10000 9486 SEEN_PREVIOUSLY b'1470104'
ACTION SNIPPET 10000 9489 SEEN_PREVIOUSLY b'518435'
ACTION SNIPPET 10000 9492 SEEN_PREVIOUSLY b'527962'
ACTION SNIPPET 10000 9495 SNIPPET_NOT_RELEVANT b'1008627'
ACTION SNIPPET 10000 9498 SEEN_PREVIOUSLY b'504648'
ACTION QUERY 10000 9508 illegal technology transfer subjected
ACTION SERP 10000 9513 EXAMINE_SERP
ACTION SNIPPET 10000 9516 SEEN_PREVIOUSLY b'1022183'
ACTION SNIPPET 10000 9519 SEEN_PREVIOUSLY b'295314'
ACTION SNIPPET 10000 9522 SEEN_PREVIOUSLY b'514154'
ACTION SNIPPET 10000 9525 SEEN_PREVIOUSLY b'522953'
ACTION SNIPPET 10000 9528 SEEN_PREVIOUSLY b'1073757'
ACTION SNIPPET 10000 9531 SEEN_PREVIOUSLY b'514959'
ACTION SNIPPET 10000 9534 SEEN_PREVIOUSLY b'968610'
ACTION SNIPPET 10000 9537 SNIPPET_NOT_RELEVANT b'1409146'
ACTION SNIPPET 10000 9540 SEEN_PREVIOUSLY b'1110335'
ACTION SNIPPET 10000 9543 SEEN_PREVIOUSLY b'364057'
ACTION QUERY 10000 9553 illegal technology transfer securing
ACTION SERP 10000 9558 EXAMINE_SERP
ACTION SNIPPET 10000 9561 SEEN_PREVIOUSLY b'1022183'
ACTION SNIPPET 10000 9564 SEEN_PREVIOUSLY b'364057'
ACTION SNIPPET 10000 9567 SEEN_PREVIOUSLY b'83598'
ACTION SNIPPET 10000 9570 SEEN_PREVIOUSLY b'1110335'
ACTION SNIPPET 10000 9573 SEEN_PREVIOUSLY b'295314'
ACTION SNIPPET 10000 9576 SEEN_PREVIOUSLY b'202988'
ACTION SNIPPET 10000 9579 SEEN_PREVIOUSLY b'1073757'
ACTION SNIPPET 10000 9582 SEEN_PREVIOUSLY b'514959'
ACTION SNIPPET 10000 9585 SEEN_PREVIOUSLY b'1023739'
ACTION SNIPPET 10000 9588 SEEN_PREVIOUSLY b'55267'
ACTION QUERY 10000 9598 illegal technology transfer firms
ACTION SERP 10000 9603 EXAMINE_SERP
ACTION SNIPPET 10000 9606 SEEN_PREVIOUSLY b'364057'
ACTION SNIPPET 10000 9609 SNIPPET_NOT_RELEVANT b'27472'
ACTION SNIPPET 10000 9612 SEEN_PREVIOUSLY b'295314'
ACTION SNIPPET 10000 9615 SEEN_PREVIOUSLY b'514959'
ACTION SNIPPET 10000 9618 SNIPPET_NOT_RELEVANT b'31766'
ACTION SNIPPET 10000 9621 SEEN_PREVIOUSLY b'1238174'
ACTION SNIPPET 10000 9624 SNIPPET_RELEVANT b'361416'
ACTION DOC 10000 9644 EXAMINING_DOCUMENT b'361416'
ACTION SNIPPET 10000 9647 SEEN_PREVIOUSLY b'275316'
ACTION SNIPPET 10000 9650 SNIPPET_RELEVANT b'1125220'
ACTION DOC 10000 9670 EXAMINING_DOCUMENT b'1125220'
ACTION SNIPPET 10000 9673 SEEN_PREVIOUSLY b'274429'
ACTION QUERY 10000 9683 illegal technology transfer systematic
ACTION SERP 10000 9688 EXAMINE_SERP
ACTION SNIPPET 10000 9691 SEEN_PREVIOUSLY b'522953'
ACTION SNIPPET 10000 9694 SEEN_PREVIOUSLY b'518435'
ACTION SNIPPET 10000 9697 SNIPPET_RELEVANT b'519008'
ACTION DOC 10000 9717 EXAMINING_DOCUMENT b'519008'
ACTION SNIPPET 10000 9720 SEEN_PREVIOUSLY b'295314'
ACTION SNIPPET 10000 9723 SEEN_PREVIOUSLY b'1110470'
ACTION SNIPPET 10000 9726 SNIPPET_RELEVANT b'696610'
ACTION DOC 10000 9746 EXAMINING_DOCUMENT b'696610'
ACTION SNIPPET 10000 9749 SEEN_PREVIOUSLY b'526270'
ACTION SNIPPET 10000 9752 SEEN_PREVIOUSLY b'514959'
ACTION SNIPPET 10000 9755 SNIPPET_RELEVANT b'132456'
ACTION DOC 10000 9775 EXAMINING_DOCUMENT b'132456'
ACTION SNIPPET 10000 9778 SEEN_PREVIOUSLY b'1554022'
ACTION QUERY 10000 9788 illegal technology transfer intent
ACTION SERP 10000 9793 EXAMINE_SERP
ACTION SNIPPET 10000 9796 SEEN_PREVIOUSLY b'364057'
ACTION SNIPPET 10000 9799 SEEN_PREVIOUSLY b'295314'
ACTION SNIPPET 10000 9802 SEEN_PREVIOUSLY b'514959'
ACTION SNIPPET 10000 9805 SEEN_PREVIOUSLY b'554649'
ACTION SNIPPET 10000 9808 SEEN_PREVIOUSLY b'968610'
ACTION SNIPPET 10000 9811 SEEN_PREVIOUSLY b'246299'
ACTION SNIPPET 10000 9814 SEEN_PREVIOUSLY b'1399471'
ACTION SNIPPET 10000 9817 SNIPPET_NOT_RELEVANT b'892120'
ACTION SNIPPET 10000 9820 SNIPPET_RELEVANT b'513119'
ACTION DOC 10000 9840 EXAMINING_DOCUMENT b'513119'
ACTION SNIPPET 10000 9843 SNIPPET_RELEVANT b'157902'
ACTION DOC 10000 9863 EXAMINING_DOCUMENT b'157902'
ACTION QUERY 10000 9873 illegal technology transfer obama
ACTION SERP 10000 9878 EXAMINE_SERP
ACTION SNIPPET 10000 9881 SNIPPET_NOT_RELEVANT b'1819443'
ACTION SNIPPET 10000 9884 SNIPPET_NOT_RELEVANT b'1820496'
ACTION SNIPPET 10000 9887 SNIPPET_NOT_RELEVANT b'1830602'
ACTION SNIPPET 10000 9890 SNIPPET_NOT_RELEVANT b'1824675'
ACTION SNIPPET 10000 9893 SNIPPET_RELEVANT b'1854801'
ACTION DOC 10000 9913 EXAMINING_DOCUMENT b'1854801'
ACTION SNIPPET 10000 9916 SEEN_PREVIOUSLY b'295314'
ACTION SNIPPET 10000 9919 SNIPPET_NOT_RELEVANT b'1817173'
ACTION SNIPPET 10000 9922 SEEN_PREVIOUSLY b'514959'
ACTION SNIPPET 10000 9925 SNIPPET_RELEVANT b'1847192'
ACTION DOC 10000 9945 EXAMINING_DOCUMENT b'1847192'
ACTION SNIPPET 10000 9948 SNIPPET_RELEVANT b'1813914'
ACTION DOC 10000 9968 EXAMINING_DOCUMENT b'1813914'
ACTION QUERY 10000 9978 illegal technology transfer panama
ACTION SERP 10000 9983 EXAMINE_SERP
ACTION SNIPPET 10000 9986 SNIPPET_RELEVANT b'450696'
ACTION DOC 10000 10006 EXAMINING_DOCUMENT b'450696'
INFO SUMMARY 
INFO TOTAL_QUERIES_ISSUED 124
INFO TOTAL_SNIPPETS_EXAMINED 1231
INFO TOTAL_DOCUMENTS_EXAMINED 215
INFO TOTAL_DOCUMENTS_MARKED_RELEVANT 51
INFO TOTAL_ATTRACTIVE_SERP_IMPRESSIONS 124
INFO TOTAL_UNATTRACTIVE_SERP_IMPRESSIONS 0
