ACTION QUERY 10000 10 cult lifestyles
ACTION SERP 10000 15 EXAMINE_SERP
ACTION SNIPPET 10000 18 SNIPPET_RELEVANT b'624863'
ACTION DOC 10000 38 EXAMINING_DOCUMENT b'624863'
ACTION MARK 10000 41 CONSIDERED_RELEVANT b'624863'
ACTION SNIPPET 10000 44 SNIPPET_RELEVANT b'1186564'
ACTION DOC 10000 64 EXAMINING_DOCUMENT b'1186564'
ACTION MARK 10000 67 CONSIDERED_RELEVANT b'1186564'
ACTION SNIPPET 10000 70 SNIPPET_RELEVANT b'1757752'
ACTION DOC 10000 90 EXAMINING_DOCUMENT b'1757752'
ACTION SNIPPET 10000 93 SNIPPET_RELEVANT b'1209320'
ACTION DOC 10000 113 EXAMINING_DOCUMENT b'1209320'
ACTION SNIPPET 10000 116 SNIPPET_RELEVANT b'1187217'
ACTION DOC 10000 136 EXAMINING_DOCUMENT b'1187217'
ACTION MARK 10000 139 CONSIDERED_RELEVANT b'1187217'
ACTION SNIPPET 10000 142 SNIPPET_RELEVANT b'1262473'
ACTION DOC 10000 162 EXAMINING_DOCUMENT b'1262473'
ACTION SNIPPET 10000 165 SNIPPET_NOT_RELEVANT b'1634148'
ACTION SNIPPET 10000 168 SNIPPET_RELEVANT b'1176601'
ACTION DOC 10000 188 EXAMINING_DOCUMENT b'1176601'
ACTION MARK 10000 191 CONSIDERED_RELEVANT b'1176601'
ACTION SNIPPET 10000 194 SNIPPET_RELEVANT b'1710222'
ACTION DOC 10000 214 EXAMINING_DOCUMENT b'1710222'
ACTION SNIPPET 10000 217 SNIPPET_RELEVANT b'1216045'
ACTION DOC 10000 237 EXAMINING_DOCUMENT b'1216045'
ACTION SNIPPET 10000 240 SNIPPET_RELEVANT b'1820132'
ACTION DOC 10000 260 EXAMINING_DOCUMENT b'1820132'
ACTION QUERY 10000 270 cult lifestyles burial
ACTION SERP 10000 275 EXAMINE_SERP
ACTION SNIPPET 10000 278 SEEN_PREVIOUSLY b'624863'
ACTION SNIPPET 10000 281 SNIPPET_RELEVANT b'628493'
ACTION DOC 10000 301 EXAMINING_DOCUMENT b'628493'
ACTION SNIPPET 10000 304 SNIPPET_NOT_RELEVANT b'919725'
ACTION SNIPPET 10000 307 SEEN_PREVIOUSLY b'1186564'
ACTION SNIPPET 10000 310 SNIPPET_RELEVANT b'1155534'
ACTION DOC 10000 330 EXAMINING_DOCUMENT b'1155534'
ACTION MARK 10000 333 CONSIDERED_RELEVANT b'1155534'
ACTION SNIPPET 10000 336 SEEN_PREVIOUSLY b'1757752'
ACTION SNIPPET 10000 339 SEEN_PREVIOUSLY b'1209320'
ACTION SNIPPET 10000 342 SEEN_PREVIOUSLY b'1187217'
ACTION SNIPPET 10000 345 SNIPPET_NOT_RELEVANT b'201809'
ACTION SNIPPET 10000 348 SEEN_PREVIOUSLY b'1262473'
ACTION SNIPPET 10000 351 SNIPPET_RELEVANT b'1325681'
ACTION DOC 10000 371 EXAMINING_DOCUMENT b'1325681'
ACTION SNIPPET 10000 374 SNIPPET_NOT_RELEVANT b'998960'
ACTION SNIPPET 10000 377 SNIPPET_NOT_RELEVANT b'1817515'
ACTION SNIPPET 10000 380 SNIPPET_NOT_RELEVANT b'1634148'
ACTION SNIPPET 10000 383 SEEN_PREVIOUSLY b'1176601'
ACTION QUERY 10000 393 cult lifestyles usa
ACTION SERP 10000 398 EXAMINE_SERP
ACTION SNIPPET 10000 401 SEEN_PREVIOUSLY b'1209320'
ACTION SNIPPET 10000 404 SEEN_PREVIOUSLY b'624863'
ACTION SNIPPET 10000 407 SNIPPET_NOT_RELEVANT b'478166'
ACTION SNIPPET 10000 410 SNIPPET_NOT_RELEVANT b'847329'
ACTION SNIPPET 10000 413 SNIPPET_NOT_RELEVANT b'677497'
ACTION SNIPPET 10000 416 SNIPPET_RELEVANT b'449300'
ACTION DOC 10000 436 EXAMINING_DOCUMENT b'449300'
ACTION SNIPPET 10000 439 SNIPPET_NOT_RELEVANT b'1757191'
ACTION SNIPPET 10000 442 SEEN_PREVIOUSLY b'1186564'
ACTION SNIPPET 10000 445 SNIPPET_RELEVANT b'477452'
ACTION DOC 10000 465 EXAMINING_DOCUMENT b'477452'
ACTION QUERY 10000 475 cult lifestyles women
ACTION SERP 10000 480 EXAMINE_SERP
ACTION SNIPPET 10000 483 SEEN_PREVIOUSLY b'624863'
ACTION SNIPPET 10000 486 SEEN_PREVIOUSLY b'1187217'
ACTION SNIPPET 10000 489 SNIPPET_RELEVANT b'1634148'
ACTION DOC 10000 509 EXAMINING_DOCUMENT b'1634148'
ACTION SNIPPET 10000 512 SNIPPET_RELEVANT b'337774'
ACTION DOC 10000 532 EXAMINING_DOCUMENT b'337774'
ACTION MARK 10000 535 CONSIDERED_RELEVANT b'337774'
ACTION SNIPPET 10000 538 SEEN_PREVIOUSLY b'1186564'
ACTION SNIPPET 10000 541 SNIPPET_RELEVANT b'1801782'
ACTION DOC 10000 561 EXAMINING_DOCUMENT b'1801782'
ACTION MARK 10000 564 CONSIDERED_RELEVANT b'1801782'
ACTION SNIPPET 10000 567 SEEN_PREVIOUSLY b'1757752'
ACTION SNIPPET 10000 570 SNIPPET_RELEVANT b'597493'
ACTION DOC 10000 590 EXAMINING_DOCUMENT b'597493'
ACTION MARK 10000 593 CONSIDERED_RELEVANT b'597493'
ACTION SNIPPET 10000 596 SEEN_PREVIOUSLY b'1209320'
ACTION SNIPPET 10000 599 SNIPPET_NOT_RELEVANT b'1192449'
ACTION SNIPPET 10000 602 SNIPPET_RELEVANT b'106559'
ACTION DOC 10000 622 EXAMINING_DOCUMENT b'106559'
ACTION MARK 10000 625 CONSIDERED_RELEVANT b'106559'
ACTION SNIPPET 10000 628 SNIPPET_NOT_RELEVANT b'1165836'
ACTION SNIPPET 10000 631 SNIPPET_NOT_RELEVANT b'1588340'
ACTION SNIPPET 10000 634 SNIPPET_NOT_RELEVANT b'1666047'
ACTION SNIPPET 10000 637 SNIPPET_RELEVANT b'594138'
ACTION DOC 10000 657 EXAMINING_DOCUMENT b'594138'
ACTION SNIPPET 10000 660 SNIPPET_RELEVANT b'604357'
ACTION DOC 10000 680 EXAMINING_DOCUMENT b'604357'
ACTION MARK 10000 683 CONSIDERED_RELEVANT b'604357'
ACTION SNIPPET 10000 686 SEEN_PREVIOUSLY b'1262473'
ACTION SNIPPET 10000 689 SNIPPET_RELEVANT b'918806'
ACTION DOC 10000 709 EXAMINING_DOCUMENT b'918806'
ACTION MARK 10000 712 CONSIDERED_RELEVANT b'918806'
ACTION SNIPPET 10000 715 SNIPPET_RELEVANT b'593989'
ACTION DOC 10000 735 EXAMINING_DOCUMENT b'593989'
ACTION MARK 10000 738 CONSIDERED_RELEVANT b'593989'
ACTION SNIPPET 10000 741 SNIPPET_NOT_RELEVANT b'594770'
ACTION SNIPPET 10000 744 SNIPPET_RELEVANT b'593854'
ACTION DOC 10000 764 EXAMINING_DOCUMENT b'593854'
ACTION MARK 10000 767 CONSIDERED_RELEVANT b'593854'
ACTION SNIPPET 10000 770 SNIPPET_NOT_RELEVANT b'1552011'
ACTION SNIPPET 10000 773 SNIPPET_NOT_RELEVANT b'228919'
ACTION SNIPPET 10000 776 SNIPPET_RELEVANT b'1188145'
ACTION DOC 10000 796 EXAMINING_DOCUMENT b'1188145'
ACTION MARK 10000 799 CONSIDERED_RELEVANT b'1188145'
ACTION SNIPPET 10000 802 SNIPPET_RELEVANT b'1719010'
ACTION DOC 10000 822 EXAMINING_DOCUMENT b'1719010'
ACTION SNIPPET 10000 825 SNIPPET_RELEVANT b'593773'
ACTION DOC 10000 845 EXAMINING_DOCUMENT b'593773'
ACTION MARK 10000 848 CONSIDERED_RELEVANT b'593773'
ACTION SNIPPET 10000 851 SEEN_PREVIOUSLY b'1176601'
ACTION SNIPPET 10000 854 SNIPPET_NOT_RELEVANT b'1349933'
ACTION SNIPPET 10000 857 SNIPPET_RELEVANT b'594136'
ACTION DOC 10000 877 EXAMINING_DOCUMENT b'594136'
ACTION MARK 10000 880 CONSIDERED_RELEVANT b'594136'
ACTION SNIPPET 10000 883 SNIPPET_NOT_RELEVANT b'1831270'
ACTION SNIPPET 10000 886 SNIPPET_RELEVANT b'1385941'
ACTION DOC 10000 906 EXAMINING_DOCUMENT b'1385941'
ACTION SNIPPET 10000 909 SNIPPET_NOT_RELEVANT b'1519348'
ACTION SNIPPET 10000 912 SNIPPET_NOT_RELEVANT b'1773125'
ACTION SNIPPET 10000 915 SNIPPET_NOT_RELEVANT b'190505'
ACTION SNIPPET 10000 918 SNIPPET_RELEVANT b'1620006'
ACTION DOC 10000 938 EXAMINING_DOCUMENT b'1620006'
ACTION QUERY 10000 948 cult lifestyles harare
ACTION SERP 10000 953 EXAMINE_SERP
ACTION SNIPPET 10000 956 SEEN_PREVIOUSLY b'624863'
ACTION SNIPPET 10000 959 SNIPPET_RELEVANT b'1224426'
ACTION DOC 10000 979 EXAMINING_DOCUMENT b'1224426'
ACTION SNIPPET 10000 982 SNIPPET_NOT_RELEVANT b'922580'
ACTION SNIPPET 10000 985 SNIPPET_NOT_RELEVANT b'1850436'
ACTION SNIPPET 10000 988 SNIPPET_NOT_RELEVANT b'456235'
ACTION SNIPPET 10000 991 SNIPPET_NOT_RELEVANT b'1836451'
ACTION SNIPPET 10000 994 SNIPPET_RELEVANT b'1833147'
ACTION DOC 10000 1014 EXAMINING_DOCUMENT b'1833147'
ACTION QUERY 10000 1024 cult lifestyles date
ACTION SERP 10000 1029 EXAMINE_SERP
ACTION SNIPPET 10000 1032 SEEN_PREVIOUSLY b'624863'
ACTION SNIPPET 10000 1035 SNIPPET_RELEVANT b'16519'
ACTION DOC 10000 1055 EXAMINING_DOCUMENT b'16519'
ACTION SNIPPET 10000 1058 SEEN_PREVIOUSLY b'1820132'
ACTION SNIPPET 10000 1061 SNIPPET_RELEVANT b'1820632'
ACTION DOC 10000 1081 EXAMINING_DOCUMENT b'1820632'
ACTION MARK 10000 1084 CONSIDERED_RELEVANT b'1820632'
ACTION SNIPPET 10000 1087 SEEN_PREVIOUSLY b'1186564'
ACTION SNIPPET 10000 1090 SEEN_PREVIOUSLY b'1385941'
ACTION SNIPPET 10000 1093 SNIPPET_RELEVANT b'1188846'
ACTION DOC 10000 1113 EXAMINING_DOCUMENT b'1188846'
ACTION MARK 10000 1116 CONSIDERED_RELEVANT b'1188846'
ACTION SNIPPET 10000 1119 SEEN_PREVIOUSLY b'1757752'
ACTION SNIPPET 10000 1122 SEEN_PREVIOUSLY b'1209320'
ACTION SNIPPET 10000 1125 SNIPPET_NOT_RELEVANT b'1840901'
ACTION SNIPPET 10000 1128 SEEN_PREVIOUSLY b'1187217'
ACTION SNIPPET 10000 1131 SNIPPET_RELEVANT b'1609950'
ACTION DOC 10000 1151 EXAMINING_DOCUMENT b'1609950'
ACTION SNIPPET 10000 1154 SNIPPET_NOT_RELEVANT b'1130820'
ACTION SNIPPET 10000 1157 SNIPPET_NOT_RELEVANT b'918762'
ACTION SNIPPET 10000 1160 SNIPPET_NOT_RELEVANT b'600569'
ACTION SNIPPET 10000 1163 SEEN_PREVIOUSLY b'1262473'
ACTION SNIPPET 10000 1166 SEEN_PREVIOUSLY b'1634148'
ACTION QUERY 10000 1176 cult lifestyles cults
ACTION SERP 10000 1181 EXAMINE_SERP
ACTION SNIPPET 10000 1184 SEEN_PREVIOUSLY b'624863'
ACTION SNIPPET 10000 1187 SEEN_PREVIOUSLY b'1187217'
ACTION SNIPPET 10000 1190 SEEN_PREVIOUSLY b'1186564'
ACTION SNIPPET 10000 1193 SNIPPET_NOT_RELEVANT b'151228'
ACTION SNIPPET 10000 1196 SNIPPET_NOT_RELEVANT b'638539'
ACTION SNIPPET 10000 1199 SNIPPET_RELEVANT b'787163'
ACTION DOC 10000 1219 EXAMINING_DOCUMENT b'787163'
ACTION MARK 10000 1222 CONSIDERED_RELEVANT b'787163'
ACTION SNIPPET 10000 1225 SNIPPET_RELEVANT b'751928'
ACTION DOC 10000 1245 EXAMINING_DOCUMENT b'751928'
ACTION MARK 10000 1248 CONSIDERED_RELEVANT b'751928'
ACTION SNIPPET 10000 1251 SNIPPET_NOT_RELEVANT b'329591'
ACTION SNIPPET 10000 1254 SNIPPET_RELEVANT b'1189049'
ACTION DOC 10000 1274 EXAMINING_DOCUMENT b'1189049'
ACTION MARK 10000 1277 CONSIDERED_RELEVANT b'1189049'
ACTION SNIPPET 10000 1280 SNIPPET_RELEVANT b'923384'
ACTION DOC 10000 1300 EXAMINING_DOCUMENT b'923384'
ACTION MARK 10000 1303 CONSIDERED_RELEVANT b'923384'
ACTION SNIPPET 10000 1306 SNIPPET_RELEVANT b'793826'
ACTION DOC 10000 1326 EXAMINING_DOCUMENT b'793826'
ACTION MARK 10000 1329 CONSIDERED_RELEVANT b'793826'
ACTION SNIPPET 10000 1332 SEEN_PREVIOUSLY b'1188846'
ACTION SNIPPET 10000 1335 SNIPPET_RELEVANT b'917723'
ACTION DOC 10000 1355 EXAMINING_DOCUMENT b'917723'
ACTION MARK 10000 1358 CONSIDERED_RELEVANT b'917723'
ACTION SNIPPET 10000 1361 SNIPPET_RELEVANT b'816137'
ACTION DOC 10000 1381 EXAMINING_DOCUMENT b'816137'
ACTION MARK 10000 1384 CONSIDERED_RELEVANT b'816137'
ACTION SNIPPET 10000 1387 SNIPPET_RELEVANT b'804157'
ACTION DOC 10000 1407 EXAMINING_DOCUMENT b'804157'
ACTION MARK 10000 1410 CONSIDERED_RELEVANT b'804157'
ACTION SNIPPET 10000 1413 SNIPPET_RELEVANT b'603804'
ACTION DOC 10000 1433 EXAMINING_DOCUMENT b'603804'
ACTION MARK 10000 1436 CONSIDERED_RELEVANT b'603804'
ACTION SNIPPET 10000 1439 SNIPPET_NOT_RELEVANT b'247846'
ACTION SNIPPET 10000 1442 SNIPPET_RELEVANT b'1187383'
ACTION DOC 10000 1462 EXAMINING_DOCUMENT b'1187383'
ACTION MARK 10000 1465 CONSIDERED_RELEVANT b'1187383'
ACTION SNIPPET 10000 1468 SNIPPET_NOT_RELEVANT b'1307703'
ACTION SNIPPET 10000 1471 SEEN_PREVIOUSLY b'604357'
ACTION SNIPPET 10000 1474 SEEN_PREVIOUSLY b'1757752'
ACTION SNIPPET 10000 1477 SEEN_PREVIOUSLY b'1634148'
ACTION SNIPPET 10000 1480 SNIPPET_NOT_RELEVANT b'818310'
ACTION SNIPPET 10000 1483 SNIPPET_RELEVANT b'649211'
ACTION DOC 10000 1503 EXAMINING_DOCUMENT b'649211'
ACTION MARK 10000 1506 CONSIDERED_RELEVANT b'649211'
ACTION SNIPPET 10000 1509 SEEN_PREVIOUSLY b'594136'
ACTION SNIPPET 10000 1512 SNIPPET_NOT_RELEVANT b'920343'
ACTION SNIPPET 10000 1515 SNIPPET_RELEVANT b'600569'
ACTION DOC 10000 1535 EXAMINING_DOCUMENT b'600569'
ACTION SNIPPET 10000 1538 SNIPPET_RELEVANT b'882763'
ACTION DOC 10000 1558 EXAMINING_DOCUMENT b'882763'
ACTION QUERY 10000 1568 cult lifestyles letterman
ACTION SERP 10000 1573 EXAMINE_SERP
ACTION SNIPPET 10000 1576 SEEN_PREVIOUSLY b'1820132'
ACTION SNIPPET 10000 1579 SEEN_PREVIOUSLY b'1820632'
ACTION SNIPPET 10000 1582 SNIPPET_NOT_RELEVANT b'1834686'
ACTION SNIPPET 10000 1585 SEEN_PREVIOUSLY b'624863'
ACTION SNIPPET 10000 1588 SNIPPET_RELEVANT b'709319'
ACTION DOC 10000 1608 EXAMINING_DOCUMENT b'709319'
ACTION SNIPPET 10000 1611 SNIPPET_RELEVANT b'709344'
ACTION DOC 10000 1631 EXAMINING_DOCUMENT b'709344'
ACTION QUERY 10000 1641 cult lifestyles ufos
ACTION SERP 10000 1646 EXAMINE_SERP
ACTION SNIPPET 10000 1649 SEEN_PREVIOUSLY b'624863'
ACTION SNIPPET 10000 1652 SNIPPET_NOT_RELEVANT b'874866'
ACTION SNIPPET 10000 1655 SNIPPET_NOT_RELEVANT b'122977'
ACTION SNIPPET 10000 1658 SNIPPET_NOT_RELEVANT b'1487081'
ACTION SNIPPET 10000 1661 SNIPPET_NOT_RELEVANT b'918758'
ACTION SNIPPET 10000 1664 SNIPPET_RELEVANT b'1539254'
ACTION DOC 10000 1684 EXAMINING_DOCUMENT b'1539254'
ACTION SNIPPET 10000 1687 SNIPPET_NOT_RELEVANT b'907555'
ACTION SNIPPET 10000 1690 SNIPPET_RELEVANT b'715354'
ACTION DOC 10000 1710 EXAMINING_DOCUMENT b'715354'
ACTION QUERY 10000 1720 cult lifestyles missing
ACTION SERP 10000 1725 EXAMINE_SERP
ACTION SNIPPET 10000 1728 SEEN_PREVIOUSLY b'624863'
ACTION SNIPPET 10000 1731 SEEN_PREVIOUSLY b'1186564'
ACTION SNIPPET 10000 1734 SNIPPET_RELEVANT b'125479'
ACTION DOC 10000 1754 EXAMINING_DOCUMENT b'125479'
ACTION SNIPPET 10000 1757 SEEN_PREVIOUSLY b'1757752'
ACTION SNIPPET 10000 1760 SEEN_PREVIOUSLY b'1209320'
ACTION SNIPPET 10000 1763 SNIPPET_RELEVANT b'818244'
ACTION DOC 10000 1783 EXAMINING_DOCUMENT b'818244'
ACTION MARK 10000 1786 CONSIDERED_RELEVANT b'818244'
ACTION SNIPPET 10000 1789 SEEN_PREVIOUSLY b'1187217'
ACTION SNIPPET 10000 1792 SNIPPET_RELEVANT b'818310'
ACTION DOC 10000 1812 EXAMINING_DOCUMENT b'818310'
ACTION MARK 10000 1815 CONSIDERED_RELEVANT b'818310'
ACTION SNIPPET 10000 1818 SEEN_PREVIOUSLY b'1262473'
ACTION SNIPPET 10000 1821 SEEN_PREVIOUSLY b'1634148'
ACTION SNIPPET 10000 1824 SNIPPET_NOT_RELEVANT b'1533250'
ACTION SNIPPET 10000 1827 SEEN_PREVIOUSLY b'1176601'
ACTION SNIPPET 10000 1830 SNIPPET_RELEVANT b'818584'
ACTION DOC 10000 1850 EXAMINING_DOCUMENT b'818584'
ACTION MARK 10000 1853 CONSIDERED_RELEVANT b'818584'
ACTION SNIPPET 10000 1856 SEEN_PREVIOUSLY b'1385941'
ACTION SNIPPET 10000 1859 SEEN_PREVIOUSLY b'1710222'
ACTION SNIPPET 10000 1862 SNIPPET_NOT_RELEVANT b'191647'
ACTION SNIPPET 10000 1865 SNIPPET_NOT_RELEVANT b'840709'
ACTION SNIPPET 10000 1868 SNIPPET_RELEVANT b'1272596'
ACTION DOC 10000 1888 EXAMINING_DOCUMENT b'1272596'
ACTION SNIPPET 10000 1891 SNIPPET_RELEVANT b'647946'
ACTION DOC 10000 1911 EXAMINING_DOCUMENT b'647946'
ACTION MARK 10000 1914 CONSIDERED_RELEVANT b'647946'
ACTION SNIPPET 10000 1917 SNIPPET_RELEVANT b'1502365'
ACTION DOC 10000 1937 EXAMINING_DOCUMENT b'1502365'
ACTION SNIPPET 10000 1940 SNIPPET_RELEVANT b'1632226'
ACTION DOC 10000 1960 EXAMINING_DOCUMENT b'1632226'
ACTION SNIPPET 10000 1963 SNIPPET_NOT_RELEVANT b'248208'
ACTION SNIPPET 10000 1966 SEEN_PREVIOUSLY b'1216045'
ACTION QUERY 10000 1976 cult lifestyles stand
ACTION SERP 10000 1981 EXAMINE_SERP
ACTION SNIPPET 10000 1984 SEEN_PREVIOUSLY b'624863'
ACTION SNIPPET 10000 1987 SEEN_PREVIOUSLY b'1634148'
ACTION SNIPPET 10000 1990 SEEN_PREVIOUSLY b'1186564'
ACTION SNIPPET 10000 1993 SEEN_PREVIOUSLY b'1757752'
ACTION SNIPPET 10000 1996 SEEN_PREVIOUSLY b'1209320'
ACTION SNIPPET 10000 1999 SEEN_PREVIOUSLY b'1187217'
ACTION SNIPPET 10000 2002 SNIPPET_RELEVANT b'1134927'
ACTION DOC 10000 2022 EXAMINING_DOCUMENT b'1134927'
ACTION MARK 10000 2025 CONSIDERED_RELEVANT b'1134927'
ACTION SNIPPET 10000 2028 SNIPPET_NOT_RELEVANT b'597276'
ACTION SNIPPET 10000 2031 SEEN_PREVIOUSLY b'1262473'
ACTION SNIPPET 10000 2034 SNIPPET_NOT_RELEVANT b'1184225'
ACTION SNIPPET 10000 2037 SNIPPET_RELEVANT b'259481'
ACTION DOC 10000 2057 EXAMINING_DOCUMENT b'259481'
ACTION MARK 10000 2060 CONSIDERED_RELEVANT b'259481'
ACTION SNIPPET 10000 2063 SEEN_PREVIOUSLY b'1176601'
ACTION SNIPPET 10000 2066 SNIPPET_NOT_RELEVANT b'1651814'
ACTION SNIPPET 10000 2069 SEEN_PREVIOUSLY b'1385941'
ACTION SNIPPET 10000 2072 SEEN_PREVIOUSLY b'1710222'
ACTION SNIPPET 10000 2075 SNIPPET_RELEVANT b'767942'
ACTION DOC 10000 2095 EXAMINING_DOCUMENT b'767942'
ACTION SNIPPET 10000 2098 SNIPPET_NOT_RELEVANT b'613029'
ACTION SNIPPET 10000 2101 SNIPPET_RELEVANT b'919524'
ACTION DOC 10000 2121 EXAMINING_DOCUMENT b'919524'
ACTION MARK 10000 2124 CONSIDERED_RELEVANT b'919524'
ACTION SNIPPET 10000 2127 SNIPPET_NOT_RELEVANT b'669410'
ACTION SNIPPET 10000 2130 SNIPPET_RELEVANT b'1427368'
ACTION DOC 10000 2150 EXAMINING_DOCUMENT b'1427368'
ACTION SNIPPET 10000 2153 SNIPPET_NOT_RELEVANT b'923087'
ACTION SNIPPET 10000 2156 SEEN_PREVIOUSLY b'1632226'
ACTION SNIPPET 10000 2159 SEEN_PREVIOUSLY b'1216045'
ACTION SNIPPET 10000 2162 SNIPPET_RELEVANT b'919344'
ACTION DOC 10000 2182 EXAMINING_DOCUMENT b'919344'
ACTION MARK 10000 2185 CONSIDERED_RELEVANT b'919344'
ACTION SNIPPET 10000 2188 SNIPPET_RELEVANT b'1149742'
ACTION DOC 10000 2208 EXAMINING_DOCUMENT b'1149742'
ACTION MARK 10000 2211 CONSIDERED_RELEVANT b'1149742'
ACTION SNIPPET 10000 2214 SNIPPET_RELEVANT b'1187935'
ACTION DOC 10000 2234 EXAMINING_DOCUMENT b'1187935'
ACTION MARK 10000 2237 CONSIDERED_RELEVANT b'1187935'
ACTION SNIPPET 10000 2240 SNIPPET_RELEVANT b'1540543'
ACTION DOC 10000 2260 EXAMINING_DOCUMENT b'1540543'
ACTION SNIPPET 10000 2263 SEEN_PREVIOUSLY b'1820132'
ACTION SNIPPET 10000 2266 SNIPPET_RELEVANT b'129971'
ACTION DOC 10000 2286 EXAMINING_DOCUMENT b'129971'
ACTION MARK 10000 2289 CONSIDERED_RELEVANT b'129971'
ACTION SNIPPET 10000 2292 SEEN_PREVIOUSLY b'1820632'
ACTION SNIPPET 10000 2295 SNIPPET_NOT_RELEVANT b'609387'
ACTION SNIPPET 10000 2298 SNIPPET_NOT_RELEVANT b'1840901'
ACTION SNIPPET 10000 2301 SNIPPET_RELEVANT b'1719101'
ACTION DOC 10000 2321 EXAMINING_DOCUMENT b'1719101'
ACTION SNIPPET 10000 2324 SNIPPET_NOT_RELEVANT b'1818609'
ACTION SNIPPET 10000 2327 SNIPPET_RELEVANT b'1237817'
ACTION DOC 10000 2347 EXAMINING_DOCUMENT b'1237817'
ACTION QUERY 10000 2357 cult lifestyles color
ACTION SERP 10000 2362 EXAMINE_SERP
ACTION SNIPPET 10000 2365 SEEN_PREVIOUSLY b'624863'
ACTION SNIPPET 10000 2368 SEEN_PREVIOUSLY b'1186564'
ACTION SNIPPET 10000 2371 SEEN_PREVIOUSLY b'1757752'
ACTION SNIPPET 10000 2374 SEEN_PREVIOUSLY b'1209320'
ACTION SNIPPET 10000 2377 SNIPPET_NOT_RELEVANT b'1313540'
ACTION SNIPPET 10000 2380 SEEN_PREVIOUSLY b'1187217'
ACTION SNIPPET 10000 2383 SNIPPET_RELEVANT b'825898'
ACTION DOC 10000 2403 EXAMINING_DOCUMENT b'825898'
ACTION SNIPPET 10000 2406 SNIPPET_NOT_RELEVANT b'1512505'
ACTION SNIPPET 10000 2409 SNIPPET_RELEVANT b'1389069'
ACTION DOC 10000 2429 EXAMINING_DOCUMENT b'1389069'
ACTION QUERY 10000 2439 cult lifestyles holiday
ACTION SERP 10000 2444 EXAMINE_SERP
ACTION SNIPPET 10000 2447 SEEN_PREVIOUSLY b'624863'
ACTION SNIPPET 10000 2450 SEEN_PREVIOUSLY b'1262473'
ACTION SNIPPET 10000 2453 SEEN_PREVIOUSLY b'1820132'
ACTION SNIPPET 10000 2456 SEEN_PREVIOUSLY b'1820632'
ACTION SNIPPET 10000 2459 SEEN_PREVIOUSLY b'1632226'
ACTION SNIPPET 10000 2462 SNIPPET_RELEVANT b'655059'
ACTION DOC 10000 2482 EXAMINING_DOCUMENT b'655059'
ACTION SNIPPET 10000 2485 SEEN_PREVIOUSLY b'1186564'
ACTION SNIPPET 10000 2488 SNIPPET_NOT_RELEVANT b'1490444'
ACTION SNIPPET 10000 2491 SNIPPET_RELEVANT b'1076518'
ACTION DOC 10000 2511 EXAMINING_DOCUMENT b'1076518'
ACTION MARK 10000 2514 CONSIDERED_RELEVANT b'1076518'
ACTION SNIPPET 10000 2517 SNIPPET_RELEVANT b'1431427'
ACTION DOC 10000 2537 EXAMINING_DOCUMENT b'1431427'
ACTION SNIPPET 10000 2540 SNIPPET_RELEVANT b'1490449'
ACTION DOC 10000 2560 EXAMINING_DOCUMENT b'1490449'
ACTION SNIPPET 10000 2563 SNIPPET_NOT_RELEVANT b'1296134'
ACTION SNIPPET 10000 2566 SEEN_PREVIOUSLY b'1757752'
ACTION QUERY 10000 2576 cult lifestyles charged
ACTION SERP 10000 2581 EXAMINE_SERP
ACTION SNIPPET 10000 2584 SEEN_PREVIOUSLY b'624863'
ACTION SNIPPET 10000 2587 SEEN_PREVIOUSLY b'1186564'
ACTION SNIPPET 10000 2590 SEEN_PREVIOUSLY b'1757752'
ACTION SNIPPET 10000 2593 SEEN_PREVIOUSLY b'793826'
ACTION SNIPPET 10000 2596 SEEN_PREVIOUSLY b'787163'
ACTION SNIPPET 10000 2599 SEEN_PREVIOUSLY b'1209320'
ACTION SNIPPET 10000 2602 SNIPPET_RELEVANT b'1094902'
ACTION DOC 10000 2622 EXAMINING_DOCUMENT b'1094902'
ACTION MARK 10000 2625 CONSIDERED_RELEVANT b'1094902'
ACTION SNIPPET 10000 2628 SNIPPET_RELEVANT b'249102'
ACTION DOC 10000 2648 EXAMINING_DOCUMENT b'249102'
ACTION MARK 10000 2651 CONSIDERED_RELEVANT b'249102'
ACTION SNIPPET 10000 2654 SEEN_PREVIOUSLY b'1187217'
ACTION SNIPPET 10000 2657 SNIPPET_NOT_RELEVANT b'795964'
ACTION SNIPPET 10000 2660 SNIPPET_RELEVANT b'12456'
ACTION DOC 10000 2680 EXAMINING_DOCUMENT b'12456'
ACTION MARK 10000 2683 CONSIDERED_RELEVANT b'12456'
ACTION SNIPPET 10000 2686 SEEN_PREVIOUSLY b'804157'
ACTION SNIPPET 10000 2689 SNIPPET_RELEVANT b'18610'
ACTION DOC 10000 2709 EXAMINING_DOCUMENT b'18610'
ACTION MARK 10000 2712 CONSIDERED_RELEVANT b'18610'
ACTION SNIPPET 10000 2715 SEEN_PREVIOUSLY b'882763'
ACTION SNIPPET 10000 2718 SEEN_PREVIOUSLY b'1262473'
ACTION SNIPPET 10000 2721 SNIPPET_NOT_RELEVANT b'1363255'
ACTION SNIPPET 10000 2724 SNIPPET_NOT_RELEVANT b'596542'
ACTION SNIPPET 10000 2727 SEEN_PREVIOUSLY b'1634148'
ACTION SNIPPET 10000 2730 SNIPPET_RELEVANT b'1304843'
ACTION DOC 10000 2750 EXAMINING_DOCUMENT b'1304843'
ACTION MARK 10000 2753 CONSIDERED_RELEVANT b'1304843'
ACTION SNIPPET 10000 2756 SNIPPET_NOT_RELEVANT b'755275'
ACTION SNIPPET 10000 2759 SEEN_PREVIOUSLY b'1176601'
ACTION SNIPPET 10000 2762 SNIPPET_NOT_RELEVANT b'637786'
ACTION SNIPPET 10000 2765 SNIPPET_RELEVANT b'924605'
ACTION DOC 10000 2785 EXAMINING_DOCUMENT b'924605'
ACTION MARK 10000 2788 CONSIDERED_RELEVANT b'924605'
ACTION SNIPPET 10000 2791 SEEN_PREVIOUSLY b'594138'
ACTION SNIPPET 10000 2794 SNIPPET_RELEVANT b'15226'
ACTION DOC 10000 2814 EXAMINING_DOCUMENT b'15226'
ACTION SNIPPET 10000 2817 SNIPPET_RELEVANT b'775575'
ACTION DOC 10000 2837 EXAMINING_DOCUMENT b'775575'
ACTION MARK 10000 2840 CONSIDERED_RELEVANT b'775575'
ACTION SNIPPET 10000 2843 SNIPPET_NOT_RELEVANT b'596179'
ACTION SNIPPET 10000 2846 SNIPPET_RELEVANT b'850912'
ACTION DOC 10000 2866 EXAMINING_DOCUMENT b'850912'
ACTION MARK 10000 2869 CONSIDERED_RELEVANT b'850912'
ACTION SNIPPET 10000 2872 SEEN_PREVIOUSLY b'125479'
ACTION SNIPPET 10000 2875 SNIPPET_RELEVANT b'767456'
ACTION DOC 10000 2895 EXAMINING_DOCUMENT b'767456'
ACTION MARK 10000 2898 CONSIDERED_RELEVANT b'767456'
ACTION SNIPPET 10000 2901 SNIPPET_RELEVANT b'905700'
ACTION DOC 10000 2921 EXAMINING_DOCUMENT b'905700'
ACTION MARK 10000 2924 CONSIDERED_RELEVANT b'905700'
ACTION SNIPPET 10000 2927 SNIPPET_RELEVANT b'250523'
ACTION DOC 10000 2947 EXAMINING_DOCUMENT b'250523'
ACTION SNIPPET 10000 2950 SNIPPET_NOT_RELEVANT b'155310'
ACTION SNIPPET 10000 2953 SNIPPET_RELEVANT b'846218'
ACTION DOC 10000 2973 EXAMINING_DOCUMENT b'846218'
ACTION MARK 10000 2976 CONSIDERED_RELEVANT b'846218'
ACTION SNIPPET 10000 2979 SEEN_PREVIOUSLY b'1710222'
ACTION SNIPPET 10000 2982 SNIPPET_RELEVANT b'594522'
ACTION DOC 10000 3002 EXAMINING_DOCUMENT b'594522'
ACTION MARK 10000 3005 CONSIDERED_RELEVANT b'594522'
ACTION SNIPPET 10000 3008 SNIPPET_RELEVANT b'380903'
ACTION DOC 10000 3028 EXAMINING_DOCUMENT b'380903'
ACTION MARK 10000 3031 CONSIDERED_RELEVANT b'380903'
ACTION SNIPPET 10000 3034 SNIPPET_RELEVANT b'210504'
ACTION DOC 10000 3054 EXAMINING_DOCUMENT b'210504'
ACTION MARK 10000 3057 CONSIDERED_RELEVANT b'210504'
ACTION SNIPPET 10000 3060 SNIPPET_RELEVANT b'143520'
ACTION DOC 10000 3080 EXAMINING_DOCUMENT b'143520'
ACTION MARK 10000 3083 CONSIDERED_RELEVANT b'143520'
ACTION SNIPPET 10000 3086 SNIPPET_RELEVANT b'606433'
ACTION DOC 10000 3106 EXAMINING_DOCUMENT b'606433'
ACTION MARK 10000 3109 CONSIDERED_RELEVANT b'606433'
ACTION SNIPPET 10000 3112 SNIPPET_RELEVANT b'603970'
ACTION DOC 10000 3132 EXAMINING_DOCUMENT b'603970'
ACTION MARK 10000 3135 CONSIDERED_RELEVANT b'603970'
ACTION SNIPPET 10000 3138 SNIPPET_RELEVANT b'248208'
ACTION DOC 10000 3158 EXAMINING_DOCUMENT b'248208'
ACTION MARK 10000 3161 CONSIDERED_RELEVANT b'248208'
ACTION SNIPPET 10000 3164 SNIPPET_RELEVANT b'603527'
ACTION DOC 10000 3184 EXAMINING_DOCUMENT b'603527'
ACTION MARK 10000 3187 CONSIDERED_RELEVANT b'603527'
ACTION SNIPPET 10000 3190 SNIPPET_RELEVANT b'1666047'
ACTION DOC 10000 3210 EXAMINING_DOCUMENT b'1666047'
ACTION SNIPPET 10000 3213 SNIPPET_NOT_RELEVANT b'888145'
ACTION SNIPPET 10000 3216 SEEN_PREVIOUSLY b'1188846'
ACTION SNIPPET 10000 3219 SEEN_PREVIOUSLY b'600569'
ACTION SNIPPET 10000 3222 SNIPPET_NOT_RELEVANT b'1187009'
ACTION SNIPPET 10000 3225 SNIPPET_RELEVANT b'603768'
ACTION DOC 10000 3245 EXAMINING_DOCUMENT b'603768'
ACTION MARK 10000 3248 CONSIDERED_RELEVANT b'603768'
ACTION SNIPPET 10000 3251 SNIPPET_RELEVANT b'597055'
ACTION DOC 10000 3271 EXAMINING_DOCUMENT b'597055'
ACTION MARK 10000 3274 CONSIDERED_RELEVANT b'597055'
ACTION SNIPPET 10000 3277 SNIPPET_RELEVANT b'598688'
ACTION DOC 10000 3297 EXAMINING_DOCUMENT b'598688'
ACTION MARK 10000 3300 CONSIDERED_RELEVANT b'598688'
ACTION SNIPPET 10000 3303 SNIPPET_NOT_RELEVANT b'757222'
ACTION SNIPPET 10000 3306 SEEN_PREVIOUSLY b'1272596'
ACTION SNIPPET 10000 3309 SNIPPET_NOT_RELEVANT b'1405102'
ACTION SNIPPET 10000 3312 SNIPPET_NOT_RELEVANT b'262572'
ACTION SNIPPET 10000 3315 SNIPPET_NOT_RELEVANT b'762885'
ACTION SNIPPET 10000 3318 SNIPPET_NOT_RELEVANT b'339569'
ACTION SNIPPET 10000 3321 SEEN_PREVIOUSLY b'647946'
ACTION SNIPPET 10000 3324 SNIPPET_RELEVANT b'919358'
ACTION DOC 10000 3344 EXAMINING_DOCUMENT b'919358'
ACTION MARK 10000 3347 CONSIDERED_RELEVANT b'919358'
ACTION SNIPPET 10000 3350 SEEN_PREVIOUSLY b'1149742'
ACTION SNIPPET 10000 3353 SNIPPET_NOT_RELEVANT b'664960'
ACTION SNIPPET 10000 3356 SEEN_PREVIOUSLY b'1216045'
ACTION SNIPPET 10000 3359 SNIPPET_NOT_RELEVANT b'1591885'
ACTION SNIPPET 10000 3362 SEEN_PREVIOUSLY b'593989'
ACTION SNIPPET 10000 3365 SNIPPET_RELEVANT b'669086'
ACTION DOC 10000 3385 EXAMINING_DOCUMENT b'669086'
ACTION MARK 10000 3388 CONSIDERED_RELEVANT b'669086'
ACTION SNIPPET 10000 3391 SNIPPET_RELEVANT b'25994'
ACTION DOC 10000 3411 EXAMINING_DOCUMENT b'25994'
ACTION MARK 10000 3414 CONSIDERED_RELEVANT b'25994'
ACTION SNIPPET 10000 3417 SNIPPET_RELEVANT b'598953'
ACTION DOC 10000 3437 EXAMINING_DOCUMENT b'598953'
ACTION MARK 10000 3440 CONSIDERED_RELEVANT b'598953'
ACTION SNIPPET 10000 3443 SNIPPET_RELEVANT b'726685'
ACTION DOC 10000 3463 EXAMINING_DOCUMENT b'726685'
ACTION MARK 10000 3466 CONSIDERED_RELEVANT b'726685'
ACTION SNIPPET 10000 3469 SEEN_PREVIOUSLY b'1188145'
ACTION SNIPPET 10000 3472 SEEN_PREVIOUSLY b'1820132'
ACTION SNIPPET 10000 3475 SEEN_PREVIOUSLY b'259481'
ACTION SNIPPET 10000 3478 SNIPPET_RELEVANT b'1426599'
ACTION DOC 10000 3498 EXAMINING_DOCUMENT b'1426599'
ACTION SNIPPET 10000 3501 SNIPPET_RELEVANT b'596397'
ACTION DOC 10000 3521 EXAMINING_DOCUMENT b'596397'
ACTION MARK 10000 3524 CONSIDERED_RELEVANT b'596397'
ACTION SNIPPET 10000 3527 SEEN_PREVIOUSLY b'1820632'
ACTION SNIPPET 10000 3530 SEEN_PREVIOUSLY b'594136'
ACTION SNIPPET 10000 3533 SNIPPET_RELEVANT b'1430904'
ACTION DOC 10000 3553 EXAMINING_DOCUMENT b'1430904'
ACTION MARK 10000 3556 CONSIDERED_RELEVANT b'1430904'
ACTION SNIPPET 10000 3559 SNIPPET_NOT_RELEVANT b'1840901'
ACTION SNIPPET 10000 3562 SNIPPET_RELEVANT b'1818609'
ACTION DOC 10000 3582 EXAMINING_DOCUMENT b'1818609'
ACTION SNIPPET 10000 3585 SNIPPET_NOT_RELEVANT b'605601'
ACTION SNIPPET 10000 3588 SNIPPET_RELEVANT b'11458'
ACTION DOC 10000 3608 EXAMINING_DOCUMENT b'11458'
ACTION MARK 10000 3611 CONSIDERED_RELEVANT b'11458'
ACTION SNIPPET 10000 3614 SNIPPET_NOT_RELEVANT b'1355683'
ACTION SNIPPET 10000 3617 SNIPPET_NOT_RELEVANT b'1334512'
ACTION SNIPPET 10000 3620 SNIPPET_RELEVANT b'859551'
ACTION DOC 10000 3640 EXAMINING_DOCUMENT b'859551'
ACTION MARK 10000 3643 CONSIDERED_RELEVANT b'859551'
ACTION SNIPPET 10000 3646 SNIPPET_RELEVANT b'753514'
ACTION DOC 10000 3666 EXAMINING_DOCUMENT b'753514'
ACTION MARK 10000 3669 CONSIDERED_RELEVANT b'753514'
ACTION SNIPPET 10000 3672 SNIPPET_NOT_RELEVANT b'606143'
ACTION SNIPPET 10000 3675 SNIPPET_RELEVANT b'191647'
ACTION DOC 10000 3695 EXAMINING_DOCUMENT b'191647'
ACTION SNIPPET 10000 3698 SNIPPET_RELEVANT b'972678'
ACTION DOC 10000 3718 EXAMINING_DOCUMENT b'972678'
ACTION SNIPPET 10000 3721 SNIPPET_NOT_RELEVANT b'1367331'
ACTION QUERY 10000 3731 cult lifestyles god
ACTION SERP 10000 3736 EXAMINE_SERP
ACTION SNIPPET 10000 3739 SEEN_PREVIOUSLY b'624863'
ACTION SNIPPET 10000 3742 SEEN_PREVIOUSLY b'1187217'
ACTION SNIPPET 10000 3745 SEEN_PREVIOUSLY b'1186564'
ACTION SNIPPET 10000 3748 SNIPPET_NOT_RELEVANT b'1695258'
ACTION SNIPPET 10000 3751 SNIPPET_NOT_RELEVANT b'115372'
ACTION SNIPPET 10000 3754 SNIPPET_RELEVANT b'718152'
ACTION DOC 10000 3774 EXAMINING_DOCUMENT b'718152'
ACTION SNIPPET 10000 3777 SEEN_PREVIOUSLY b'649211'
ACTION SNIPPET 10000 3780 SNIPPET_NOT_RELEVANT b'597276'
ACTION SNIPPET 10000 3783 SEEN_PREVIOUSLY b'210504'
ACTION QUERY 10000 3793 cult lifestyles whos
ACTION SERP 10000 3798 EXAMINE_SERP
ACTION SNIPPET 10000 3801 SEEN_PREVIOUSLY b'624863'
ACTION SNIPPET 10000 3804 SEEN_PREVIOUSLY b'1186564'
ACTION SNIPPET 10000 3807 SEEN_PREVIOUSLY b'1757752'
ACTION SNIPPET 10000 3810 SEEN_PREVIOUSLY b'1209320'
ACTION SNIPPET 10000 3813 SEEN_PREVIOUSLY b'1187217'
ACTION SNIPPET 10000 3816 SEEN_PREVIOUSLY b'1262473'
ACTION SNIPPET 10000 3819 SEEN_PREVIOUSLY b'1634148'
ACTION SNIPPET 10000 3822 SEEN_PREVIOUSLY b'1176601'
ACTION SNIPPET 10000 3825 SEEN_PREVIOUSLY b'1710222'
ACTION SNIPPET 10000 3828 SEEN_PREVIOUSLY b'1216045'
ACTION SNIPPET 10000 3831 SEEN_PREVIOUSLY b'1820132'
ACTION SNIPPET 10000 3834 SEEN_PREVIOUSLY b'1818609'
ACTION SNIPPET 10000 3837 SEEN_PREVIOUSLY b'1820632'
ACTION SNIPPET 10000 3840 SNIPPET_NOT_RELEVANT b'1840901'
ACTION SNIPPET 10000 3843 SEEN_PREVIOUSLY b'1237817'
ACTION QUERY 10000 3853 cult lifestyles idea
ACTION SERP 10000 3858 EXAMINE_SERP
ACTION SNIPPET 10000 3861 SEEN_PREVIOUSLY b'624863'
ACTION SNIPPET 10000 3864 SEEN_PREVIOUSLY b'1186564'
ACTION SNIPPET 10000 3867 SNIPPET_NOT_RELEVANT b'1537669'
ACTION SNIPPET 10000 3870 SEEN_PREVIOUSLY b'1757752'
ACTION SNIPPET 10000 3873 SNIPPET_RELEVANT b'638539'
ACTION DOC 10000 3893 EXAMINING_DOCUMENT b'638539'
ACTION MARK 10000 3896 CONSIDERED_RELEVANT b'638539'
ACTION SNIPPET 10000 3899 SEEN_PREVIOUSLY b'1209320'
ACTION SNIPPET 10000 3902 SEEN_PREVIOUSLY b'1187217'
ACTION SNIPPET 10000 3905 SNIPPET_NOT_RELEVANT b'1431217'
ACTION SNIPPET 10000 3908 SNIPPET_NOT_RELEVANT b'1702788'
ACTION SNIPPET 10000 3911 SEEN_PREVIOUSLY b'1262473'
ACTION SNIPPET 10000 3914 SNIPPET_NOT_RELEVANT b'1665751'
ACTION SNIPPET 10000 3917 SNIPPET_NOT_RELEVANT b'1192449'
ACTION SNIPPET 10000 3920 SEEN_PREVIOUSLY b'1634148'
ACTION SNIPPET 10000 3923 SNIPPET_NOT_RELEVANT b'1750612'
ACTION SNIPPET 10000 3926 SEEN_PREVIOUSLY b'917723'
ACTION SNIPPET 10000 3929 SEEN_PREVIOUSLY b'1176601'
ACTION SNIPPET 10000 3932 SNIPPET_NOT_RELEVANT b'1840912'
ACTION SNIPPET 10000 3935 SNIPPET_NOT_RELEVANT b'1491663'
ACTION SNIPPET 10000 3938 SEEN_PREVIOUSLY b'1710222'
ACTION SNIPPET 10000 3941 SNIPPET_RELEVANT b'716328'
ACTION DOC 10000 3961 EXAMINING_DOCUMENT b'716328'
ACTION MARK 10000 3964 CONSIDERED_RELEVANT b'716328'
ACTION SNIPPET 10000 3967 SNIPPET_RELEVANT b'919527'
ACTION DOC 10000 3987 EXAMINING_DOCUMENT b'919527'
ACTION MARK 10000 3990 CONSIDERED_RELEVANT b'919527'
ACTION SNIPPET 10000 3993 SNIPPET_RELEVANT b'1609662'
ACTION DOC 10000 4013 EXAMINING_DOCUMENT b'1609662'
ACTION MARK 10000 4016 CONSIDERED_RELEVANT b'1609662'
ACTION SNIPPET 10000 4019 SNIPPET_NOT_RELEVANT b'918782'
ACTION SNIPPET 10000 4022 SNIPPET_NOT_RELEVANT b'204642'
ACTION SNIPPET 10000 4025 SNIPPET_RELEVANT b'1149889'
ACTION DOC 10000 4045 EXAMINING_DOCUMENT b'1149889'
ACTION MARK 10000 4048 CONSIDERED_RELEVANT b'1149889'
ACTION SNIPPET 10000 4051 SNIPPET_NOT_RELEVANT b'1588340'
ACTION SNIPPET 10000 4054 SEEN_PREVIOUSLY b'594522'
ACTION SNIPPET 10000 4057 SEEN_PREVIOUSLY b'594136'
ACTION SNIPPET 10000 4060 SNIPPET_NOT_RELEVANT b'1794158'
ACTION SNIPPET 10000 4063 SEEN_PREVIOUSLY b'1666047'
ACTION SNIPPET 10000 4066 SEEN_PREVIOUSLY b'1216045'
ACTION SNIPPET 10000 4069 SNIPPET_RELEVANT b'1728766'
ACTION DOC 10000 4089 EXAMINING_DOCUMENT b'1728766'
ACTION SNIPPET 10000 4092 SNIPPET_NOT_RELEVANT b'1547536'
ACTION SNIPPET 10000 4095 SNIPPET_RELEVANT b'1854745'
ACTION DOC 10000 4115 EXAMINING_DOCUMENT b'1854745'
ACTION QUERY 10000 4125 cult lifestyles judith
ACTION SERP 10000 4130 EXAMINE_SERP
ACTION SNIPPET 10000 4133 SEEN_PREVIOUSLY b'624863'
ACTION SNIPPET 10000 4136 SNIPPET_NOT_RELEVANT b'1651814'
ACTION SNIPPET 10000 4139 SEEN_PREVIOUSLY b'1490449'
ACTION SNIPPET 10000 4142 SNIPPET_RELEVANT b'920563'
ACTION DOC 10000 4162 EXAMINING_DOCUMENT b'920563'
ACTION MARK 10000 4165 CONSIDERED_RELEVANT b'920563'
ACTION SNIPPET 10000 4168 SEEN_PREVIOUSLY b'1186564'
ACTION SNIPPET 10000 4171 SEEN_PREVIOUSLY b'1757752'
ACTION SNIPPET 10000 4174 SEEN_PREVIOUSLY b'1209320'
ACTION SNIPPET 10000 4177 SEEN_PREVIOUSLY b'1187217'
ACTION SNIPPET 10000 4180 SNIPPET_NOT_RELEVANT b'459281'
ACTION SNIPPET 10000 4183 SNIPPET_NOT_RELEVANT b'15931'
ACTION SNIPPET 10000 4186 SNIPPET_RELEVANT b'923087'
ACTION DOC 10000 4206 EXAMINING_DOCUMENT b'923087'
ACTION SNIPPET 10000 4209 SEEN_PREVIOUSLY b'1262473'
ACTION SNIPPET 10000 4212 SNIPPET_RELEVANT b'1312537'
ACTION DOC 10000 4232 EXAMINING_DOCUMENT b'1312537'
ACTION QUERY 10000 4242 cult lifestyles global
ACTION SERP 10000 4247 EXAMINE_SERP
ACTION SNIPPET 10000 4250 SEEN_PREVIOUSLY b'624863'
ACTION SNIPPET 10000 4253 SNIPPET_NOT_RELEVANT b'1214058'
ACTION SNIPPET 10000 4256 SNIPPET_NOT_RELEVANT b'1473114'
ACTION SNIPPET 10000 4259 SNIPPET_NOT_RELEVANT b'1848482'
ACTION SNIPPET 10000 4262 SNIPPET_RELEVANT b'918782'
ACTION DOC 10000 4282 EXAMINING_DOCUMENT b'918782'
ACTION MARK 10000 4285 CONSIDERED_RELEVANT b'918782'
ACTION SNIPPET 10000 4288 SEEN_PREVIOUSLY b'1149889'
ACTION SNIPPET 10000 4291 SEEN_PREVIOUSLY b'1186564'
ACTION SNIPPET 10000 4294 SNIPPET_NOT_RELEVANT b'1693960'
ACTION SNIPPET 10000 4297 SEEN_PREVIOUSLY b'1757752'
ACTION SNIPPET 10000 4300 SNIPPET_NOT_RELEVANT b'1380371'
ACTION SNIPPET 10000 4303 SEEN_PREVIOUSLY b'1209320'
ACTION SNIPPET 10000 4306 SEEN_PREVIOUSLY b'1187217'
ACTION SNIPPET 10000 4309 SNIPPET_NOT_RELEVANT b'1419741'
ACTION SNIPPET 10000 4312 SNIPPET_NOT_RELEVANT b'679768'
ACTION SNIPPET 10000 4315 SNIPPET_NOT_RELEVANT b'1634466'
ACTION SNIPPET 10000 4318 SNIPPET_NOT_RELEVANT b'39202'
ACTION SNIPPET 10000 4321 SNIPPET_RELEVANT b'1675916'
ACTION DOC 10000 4341 EXAMINING_DOCUMENT b'1675916'
ACTION QUERY 10000 4351 cult lifestyles nuclear
ACTION SERP 10000 4356 EXAMINE_SERP
ACTION SNIPPET 10000 4359 SEEN_PREVIOUSLY b'624863'
ACTION SNIPPET 10000 4362 SNIPPET_NOT_RELEVANT b'903257'
ACTION SNIPPET 10000 4365 SNIPPET_NOT_RELEVANT b'1214058'
ACTION SNIPPET 10000 4368 SEEN_PREVIOUSLY b'1186564'
ACTION SNIPPET 10000 4371 SEEN_PREVIOUSLY b'917723'
ACTION SNIPPET 10000 4374 SEEN_PREVIOUSLY b'1427368'
ACTION SNIPPET 10000 4377 SEEN_PREVIOUSLY b'1757752'
ACTION SNIPPET 10000 4380 SEEN_PREVIOUSLY b'1209320'
ACTION SNIPPET 10000 4383 SNIPPET_RELEVANT b'1562390'
ACTION DOC 10000 4403 EXAMINING_DOCUMENT b'1562390'
ACTION MARK 10000 4406 CONSIDERED_RELEVANT b'1562390'
ACTION SNIPPET 10000 4409 SEEN_PREVIOUSLY b'1187217'
ACTION SNIPPET 10000 4412 SNIPPET_RELEVANT b'27549'
ACTION DOC 10000 4432 EXAMINING_DOCUMENT b'27549'
ACTION SNIPPET 10000 4435 SNIPPET_NOT_RELEVANT b'604161'
ACTION SNIPPET 10000 4438 SNIPPET_NOT_RELEVANT b'1736316'
ACTION SNIPPET 10000 4441 SEEN_PREVIOUSLY b'1262473'
ACTION SNIPPET 10000 4444 SNIPPET_RELEVANT b'1848420'
ACTION DOC 10000 4464 EXAMINING_DOCUMENT b'1848420'
ACTION QUERY 10000 4474 cult lifestyles scene
ACTION SERP 10000 4479 EXAMINE_SERP
ACTION SNIPPET 10000 4482 SEEN_PREVIOUSLY b'624863'
ACTION SNIPPET 10000 4485 SEEN_PREVIOUSLY b'1176601'
ACTION SNIPPET 10000 4488 SNIPPET_NOT_RELEVANT b'1307703'
ACTION SNIPPET 10000 4491 SEEN_PREVIOUSLY b'1186564'
ACTION SNIPPET 10000 4494 SEEN_PREVIOUSLY b'1216045'
ACTION SNIPPET 10000 4497 SEEN_PREVIOUSLY b'1757752'
ACTION SNIPPET 10000 4500 SNIPPET_RELEVANT b'161428'
ACTION DOC 10000 4520 EXAMINING_DOCUMENT b'161428'
ACTION MARK 10000 4523 CONSIDERED_RELEVANT b'161428'
ACTION SNIPPET 10000 4526 SEEN_PREVIOUSLY b'1209320'
ACTION SNIPPET 10000 4529 SEEN_PREVIOUSLY b'1187217'
ACTION SNIPPET 10000 4532 SNIPPET_RELEVANT b'1187009'
ACTION DOC 10000 4552 EXAMINING_DOCUMENT b'1187009'
ACTION MARK 10000 4555 CONSIDERED_RELEVANT b'1187009'
ACTION SNIPPET 10000 4558 SNIPPET_RELEVANT b'919905'
ACTION DOC 10000 4578 EXAMINING_DOCUMENT b'919905'
ACTION MARK 10000 4581 CONSIDERED_RELEVANT b'919905'
ACTION SNIPPET 10000 4584 SNIPPET_NOT_RELEVANT b'1762816'
ACTION SNIPPET 10000 4587 SEEN_PREVIOUSLY b'1262473'
ACTION SNIPPET 10000 4590 SNIPPET_RELEVANT b'650433'
ACTION DOC 10000 4610 EXAMINING_DOCUMENT b'650433'
ACTION MARK 10000 4613 CONSIDERED_RELEVANT b'650433'
ACTION SNIPPET 10000 4616 SNIPPET_NOT_RELEVANT b'1185105'
ACTION SNIPPET 10000 4619 SNIPPET_NOT_RELEVANT b'596961'
ACTION SNIPPET 10000 4622 SEEN_PREVIOUSLY b'1187383'
ACTION SNIPPET 10000 4625 SEEN_PREVIOUSLY b'1634148'
ACTION SNIPPET 10000 4628 SNIPPET_NOT_RELEVANT b'593708'
ACTION SNIPPET 10000 4631 SNIPPET_RELEVANT b'1850378'
ACTION DOC 10000 4651 EXAMINING_DOCUMENT b'1850378'
ACTION SNIPPET 10000 4654 SNIPPET_RELEVANT b'664960'
ACTION DOC 10000 4674 EXAMINING_DOCUMENT b'664960'
ACTION MARK 10000 4677 CONSIDERED_RELEVANT b'664960'
ACTION SNIPPET 10000 4680 SEEN_PREVIOUSLY b'1385941'
ACTION SNIPPET 10000 4683 SNIPPET_RELEVANT b'1702788'
ACTION DOC 10000 4703 EXAMINING_DOCUMENT b'1702788'
ACTION SNIPPET 10000 4706 SNIPPET_NOT_RELEVANT b'603773'
ACTION SNIPPET 10000 4709 SNIPPET_NOT_RELEVANT b'1184225'
ACTION SNIPPET 10000 4712 SNIPPET_RELEVANT b'1552011'
ACTION DOC 10000 4732 EXAMINING_DOCUMENT b'1552011'
ACTION QUERY 10000 4742 cult lifestyles years
ACTION SERP 10000 4747 EXAMINE_SERP
ACTION SNIPPET 10000 4750 SEEN_PREVIOUSLY b'624863'
ACTION SNIPPET 10000 4753 SEEN_PREVIOUSLY b'1186564'
ACTION SNIPPET 10000 4756 SEEN_PREVIOUSLY b'1757752'
ACTION SNIPPET 10000 4759 SEEN_PREVIOUSLY b'1209320'
ACTION SNIPPET 10000 4762 SEEN_PREVIOUSLY b'1187217'
ACTION SNIPPET 10000 4765 SEEN_PREVIOUSLY b'1262473'
ACTION SNIPPET 10000 4768 SEEN_PREVIOUSLY b'1634148'
ACTION SNIPPET 10000 4771 SEEN_PREVIOUSLY b'1710222'
ACTION SNIPPET 10000 4774 SEEN_PREVIOUSLY b'1176601'
ACTION SNIPPET 10000 4777 SEEN_PREVIOUSLY b'1216045'
ACTION SNIPPET 10000 4780 SEEN_PREVIOUSLY b'1820132'
ACTION SNIPPET 10000 4783 SEEN_PREVIOUSLY b'1820632'
ACTION SNIPPET 10000 4786 SNIPPET_RELEVANT b'1840901'
ACTION DOC 10000 4806 EXAMINING_DOCUMENT b'1840901'
ACTION QUERY 10000 4816 cult lifestyles stuff
ACTION SERP 10000 4821 EXAMINE_SERP
ACTION SNIPPET 10000 4824 SEEN_PREVIOUSLY b'624863'
ACTION SNIPPET 10000 4827 SEEN_PREVIOUSLY b'1710222'
ACTION SNIPPET 10000 4830 SNIPPET_NOT_RELEVANT b'1773125'
ACTION SNIPPET 10000 4833 SEEN_PREVIOUSLY b'1237817'
ACTION SNIPPET 10000 4836 SEEN_PREVIOUSLY b'1186564'
ACTION SNIPPET 10000 4839 SNIPPET_RELEVANT b'669230'
ACTION DOC 10000 4859 EXAMINING_DOCUMENT b'669230'
ACTION SNIPPET 10000 4862 SNIPPET_RELEVANT b'890614'
ACTION DOC 10000 4882 EXAMINING_DOCUMENT b'890614'
ACTION QUERY 10000 4892 cult lifestyles os
ACTION SERP 10000 4897 EXAMINE_SERP
ACTION SNIPPET 10000 4900 SNIPPET_RELEVANT b'1059826'
ACTION DOC 10000 4920 EXAMINING_DOCUMENT b'1059826'
ACTION SNIPPET 10000 4923 SEEN_PREVIOUSLY b'624863'
ACTION SNIPPET 10000 4926 SNIPPET_RELEVANT b'1285617'
ACTION DOC 10000 4946 EXAMINING_DOCUMENT b'1285617'
ACTION QUERY 10000 4956 cult lifestyles falun
ACTION SERP 10000 4961 EXAMINE_SERP
ACTION SNIPPET 10000 4964 SNIPPET_RELEVANT b'1269480'
ACTION DOC 10000 4984 EXAMINING_DOCUMENT b'1269480'
ACTION SNIPPET 10000 4987 SNIPPET_RELEVANT b'1266191'
ACTION DOC 10000 5007 EXAMINING_DOCUMENT b'1266191'
ACTION MARK 10000 5010 CONSIDERED_RELEVANT b'1266191'
ACTION SNIPPET 10000 5013 SEEN_PREVIOUSLY b'1149742'
ACTION SNIPPET 10000 5016 SNIPPET_NOT_RELEVANT b'1150820'
ACTION SNIPPET 10000 5019 SNIPPET_RELEVANT b'1149070'
ACTION DOC 10000 5039 EXAMINING_DOCUMENT b'1149070'
ACTION MARK 10000 5042 CONSIDERED_RELEVANT b'1149070'
ACTION SNIPPET 10000 5045 SNIPPET_RELEVANT b'1154724'
ACTION DOC 10000 5065 EXAMINING_DOCUMENT b'1154724'
ACTION SNIPPET 10000 5068 SNIPPET_RELEVANT b'1344799'
ACTION DOC 10000 5088 EXAMINING_DOCUMENT b'1344799'
ACTION SNIPPET 10000 5091 SNIPPET_NOT_RELEVANT b'1157757'
ACTION SNIPPET 10000 5094 SNIPPET_RELEVANT b'1148864'
ACTION DOC 10000 5114 EXAMINING_DOCUMENT b'1148864'
ACTION MARK 10000 5117 CONSIDERED_RELEVANT b'1148864'
ACTION SNIPPET 10000 5120 SNIPPET_RELEVANT b'1311401'
ACTION DOC 10000 5140 EXAMINING_DOCUMENT b'1311401'
ACTION SNIPPET 10000 5143 SNIPPET_NOT_RELEVANT b'1670362'
ACTION SNIPPET 10000 5146 SNIPPET_NOT_RELEVANT b'1148558'
ACTION SNIPPET 10000 5149 SNIPPET_NOT_RELEVANT b'1169937'
ACTION SNIPPET 10000 5152 SNIPPET_NOT_RELEVANT b'1401653'
ACTION SNIPPET 10000 5155 SNIPPET_RELEVANT b'1129012'
ACTION DOC 10000 5175 EXAMINING_DOCUMENT b'1129012'
ACTION MARK 10000 5178 CONSIDERED_RELEVANT b'1129012'
ACTION SNIPPET 10000 5181 SNIPPET_RELEVANT b'1194716'
ACTION DOC 10000 5201 EXAMINING_DOCUMENT b'1194716'
ACTION SNIPPET 10000 5204 SNIPPET_NOT_RELEVANT b'1406855'
ACTION SNIPPET 10000 5207 SNIPPET_RELEVANT b'1268537'
ACTION DOC 10000 5227 EXAMINING_DOCUMENT b'1268537'
ACTION SNIPPET 10000 5230 SNIPPET_NOT_RELEVANT b'1471999'
ACTION QUERY 10000 5240 cult lifestyles practice
ACTION SERP 10000 5245 EXAMINE_SERP
ACTION SNIPPET 10000 5248 SEEN_PREVIOUSLY b'624863'
ACTION SNIPPET 10000 5251 SEEN_PREVIOUSLY b'1187217'
ACTION SNIPPET 10000 5254 SEEN_PREVIOUSLY b'1840901'
ACTION SNIPPET 10000 5257 SEEN_PREVIOUSLY b'1634148'
ACTION SNIPPET 10000 5260 SEEN_PREVIOUSLY b'1186564'
ACTION SNIPPET 10000 5263 SEEN_PREVIOUSLY b'923384'
ACTION SNIPPET 10000 5266 SEEN_PREVIOUSLY b'1757752'
ACTION SNIPPET 10000 5269 SEEN_PREVIOUSLY b'1209320'
ACTION SNIPPET 10000 5272 SNIPPET_RELEVANT b'1747895'
ACTION DOC 10000 5292 EXAMINING_DOCUMENT b'1747895'
ACTION QUERY 10000 5302 cult lifestyles shallow
ACTION SERP 10000 5307 EXAMINE_SERP
ACTION SNIPPET 10000 5310 SEEN_PREVIOUSLY b'1186564'
ACTION SNIPPET 10000 5313 SEEN_PREVIOUSLY b'624863'
ACTION SNIPPET 10000 5316 SNIPPET_RELEVANT b'1777782'
ACTION DOC 10000 5336 EXAMINING_DOCUMENT b'1777782'
ACTION SNIPPET 10000 5339 SNIPPET_NOT_RELEVANT b'1401169'
ACTION SNIPPET 10000 5342 SNIPPET_RELEVANT b'370629'
ACTION DOC 10000 5362 EXAMINING_DOCUMENT b'370629'
ACTION QUERY 10000 5372 cult lifestyles raids
ACTION SERP 10000 5377 EXAMINE_SERP
ACTION SNIPPET 10000 5380 SEEN_PREVIOUSLY b'598688'
ACTION SNIPPET 10000 5383 SNIPPET_NOT_RELEVANT b'637967'
ACTION SNIPPET 10000 5386 SEEN_PREVIOUSLY b'593854'
ACTION SNIPPET 10000 5389 SEEN_PREVIOUSLY b'664960'
ACTION SNIPPET 10000 5392 SNIPPET_RELEVANT b'596542'
ACTION DOC 10000 5412 EXAMINING_DOCUMENT b'596542'
ACTION SNIPPET 10000 5415 SNIPPET_RELEVANT b'631772'
ACTION DOC 10000 5435 EXAMINING_DOCUMENT b'631772'
ACTION MARK 10000 5438 CONSIDERED_RELEVANT b'631772'
ACTION SNIPPET 10000 5441 SEEN_PREVIOUSLY b'600569'
ACTION SNIPPET 10000 5444 SNIPPET_RELEVANT b'614348'
ACTION DOC 10000 5464 EXAMINING_DOCUMENT b'614348'
ACTION MARK 10000 5467 CONSIDERED_RELEVANT b'614348'
ACTION SNIPPET 10000 5470 SNIPPET_NOT_RELEVANT b'599682'
ACTION SNIPPET 10000 5473 SEEN_PREVIOUSLY b'624863'
ACTION SNIPPET 10000 5476 SEEN_PREVIOUSLY b'598953'
ACTION SNIPPET 10000 5479 SNIPPET_NOT_RELEVANT b'605333'
ACTION SNIPPET 10000 5482 SNIPPET_NOT_RELEVANT b'609387'
ACTION SNIPPET 10000 5485 SEEN_PREVIOUSLY b'603970'
ACTION SNIPPET 10000 5488 SNIPPET_RELEVANT b'755275'
ACTION DOC 10000 5508 EXAMINING_DOCUMENT b'755275'
ACTION MARK 10000 5511 CONSIDERED_RELEVANT b'755275'
ACTION SNIPPET 10000 5514 SEEN_PREVIOUSLY b'669086'
ACTION SNIPPET 10000 5517 SNIPPET_NOT_RELEVANT b'669410'
ACTION SNIPPET 10000 5520 SNIPPET_RELEVANT b'637786'
ACTION DOC 10000 5540 EXAMINING_DOCUMENT b'637786'
ACTION MARK 10000 5543 CONSIDERED_RELEVANT b'637786'
ACTION SNIPPET 10000 5546 SNIPPET_NOT_RELEVANT b'638574'
ACTION SNIPPET 10000 5549 SNIPPET_NOT_RELEVANT b'774587'
ACTION SNIPPET 10000 5552 SNIPPET_RELEVANT b'661670'
ACTION DOC 10000 5572 EXAMINING_DOCUMENT b'661670'
ACTION MARK 10000 5575 CONSIDERED_RELEVANT b'661670'
ACTION SNIPPET 10000 5578 SNIPPET_RELEVANT b'600246'
ACTION DOC 10000 5598 EXAMINING_DOCUMENT b'600246'
ACTION MARK 10000 5601 CONSIDERED_RELEVANT b'600246'
ACTION SNIPPET 10000 5604 SNIPPET_RELEVANT b'750307'
ACTION DOC 10000 5624 EXAMINING_DOCUMENT b'750307'
ACTION MARK 10000 5627 CONSIDERED_RELEVANT b'750307'
ACTION SNIPPET 10000 5630 SEEN_PREVIOUSLY b'593989'
ACTION SNIPPET 10000 5633 SEEN_PREVIOUSLY b'594522'
ACTION SNIPPET 10000 5636 SNIPPET_RELEVANT b'605545'
ACTION DOC 10000 5656 EXAMINING_DOCUMENT b'605545'
ACTION MARK 10000 5659 CONSIDERED_RELEVANT b'605545'
ACTION SNIPPET 10000 5662 SNIPPET_RELEVANT b'603528'
ACTION DOC 10000 5682 EXAMINING_DOCUMENT b'603528'
ACTION MARK 10000 5685 CONSIDERED_RELEVANT b'603528'
ACTION SNIPPET 10000 5688 SNIPPET_NOT_RELEVANT b'664180'
ACTION SNIPPET 10000 5691 SNIPPET_RELEVANT b'606105'
ACTION DOC 10000 5711 EXAMINING_DOCUMENT b'606105'
ACTION SNIPPET 10000 5714 SNIPPET_NOT_RELEVANT b'637382'
ACTION SNIPPET 10000 5717 SNIPPET_NOT_RELEVANT b'593708'
ACTION SNIPPET 10000 5720 SEEN_PREVIOUSLY b'726685'
ACTION SNIPPET 10000 5723 SNIPPET_NOT_RELEVANT b'639735'
ACTION SNIPPET 10000 5726 SNIPPET_RELEVANT b'889549'
ACTION DOC 10000 5746 EXAMINING_DOCUMENT b'889549'
ACTION MARK 10000 5749 CONSIDERED_RELEVANT b'889549'
ACTION SNIPPET 10000 5752 SNIPPET_RELEVANT b'594770'
ACTION DOC 10000 5772 EXAMINING_DOCUMENT b'594770'
ACTION MARK 10000 5775 CONSIDERED_RELEVANT b'594770'
ACTION SNIPPET 10000 5778 SNIPPET_NOT_RELEVANT b'779767'
ACTION SNIPPET 10000 5781 SNIPPET_NOT_RELEVANT b'609808'
ACTION SNIPPET 10000 5784 SNIPPET_NOT_RELEVANT b'758795'
ACTION SNIPPET 10000 5787 SNIPPET_RELEVANT b'599182'
ACTION DOC 10000 5807 EXAMINING_DOCUMENT b'599182'
ACTION MARK 10000 5810 CONSIDERED_RELEVANT b'599182'
ACTION SNIPPET 10000 5813 SNIPPET_RELEVANT b'604178'
ACTION DOC 10000 5833 EXAMINING_DOCUMENT b'604178'
ACTION SNIPPET 10000 5836 SNIPPET_RELEVANT b'662033'
ACTION DOC 10000 5856 EXAMINING_DOCUMENT b'662033'
ACTION MARK 10000 5859 CONSIDERED_RELEVANT b'662033'
ACTION SNIPPET 10000 5862 SNIPPET_NOT_RELEVANT b'1134283'
ACTION SNIPPET 10000 5865 SNIPPET_NOT_RELEVANT b'647342'
ACTION SNIPPET 10000 5868 SEEN_PREVIOUSLY b'594138'
ACTION SNIPPET 10000 5871 SNIPPET_RELEVANT b'595284'
ACTION DOC 10000 5891 EXAMINING_DOCUMENT b'595284'
ACTION MARK 10000 5894 CONSIDERED_RELEVANT b'595284'
ACTION SNIPPET 10000 5897 SEEN_PREVIOUSLY b'890614'
ACTION SNIPPET 10000 5900 SEEN_PREVIOUSLY b'1801782'
ACTION SNIPPET 10000 5903 SNIPPET_NOT_RELEVANT b'670574'
ACTION SNIPPET 10000 5906 SNIPPET_RELEVANT b'756677'
ACTION DOC 10000 5926 EXAMINING_DOCUMENT b'756677'
ACTION MARK 10000 5929 CONSIDERED_RELEVANT b'756677'
ACTION SNIPPET 10000 5932 SNIPPET_RELEVANT b'662956'
ACTION DOC 10000 5952 EXAMINING_DOCUMENT b'662956'
ACTION SNIPPET 10000 5955 SNIPPET_RELEVANT b'593770'
ACTION DOC 10000 5975 EXAMINING_DOCUMENT b'593770'
ACTION MARK 10000 5978 CONSIDERED_RELEVANT b'593770'
ACTION SNIPPET 10000 5981 SNIPPET_RELEVANT b'600228'
ACTION DOC 10000 6001 EXAMINING_DOCUMENT b'600228'
ACTION SNIPPET 10000 6004 SNIPPET_NOT_RELEVANT b'1775452'
ACTION SNIPPET 10000 6007 SEEN_PREVIOUSLY b'650433'
ACTION SNIPPET 10000 6010 SNIPPET_NOT_RELEVANT b'637981'
ACTION SNIPPET 10000 6013 SNIPPET_RELEVANT b'603685'
ACTION DOC 10000 6033 EXAMINING_DOCUMENT b'603685'
ACTION MARK 10000 6036 CONSIDERED_RELEVANT b'603685'
ACTION SNIPPET 10000 6039 SNIPPET_RELEVANT b'594919'
ACTION DOC 10000 6059 EXAMINING_DOCUMENT b'594919'
ACTION MARK 10000 6062 CONSIDERED_RELEVANT b'594919'
ACTION SNIPPET 10000 6065 SNIPPET_RELEVANT b'593997'
ACTION DOC 10000 6085 EXAMINING_DOCUMENT b'593997'
ACTION MARK 10000 6088 CONSIDERED_RELEVANT b'593997'
ACTION SNIPPET 10000 6091 SNIPPET_RELEVANT b'889618'
ACTION DOC 10000 6111 EXAMINING_DOCUMENT b'889618'
ACTION MARK 10000 6114 CONSIDERED_RELEVANT b'889618'
ACTION SNIPPET 10000 6117 SEEN_PREVIOUSLY b'1186564'
ACTION SNIPPET 10000 6120 SNIPPET_RELEVANT b'888393'
ACTION DOC 10000 6140 EXAMINING_DOCUMENT b'888393'
ACTION MARK 10000 6143 CONSIDERED_RELEVANT b'888393'
ACTION SNIPPET 10000 6146 SNIPPET_RELEVANT b'601900'
ACTION DOC 10000 6166 EXAMINING_DOCUMENT b'601900'
ACTION MARK 10000 6169 CONSIDERED_RELEVANT b'601900'
ACTION SNIPPET 10000 6172 SNIPPET_RELEVANT b'757267'
ACTION DOC 10000 6192 EXAMINING_DOCUMENT b'757267'
ACTION SNIPPET 10000 6195 SNIPPET_RELEVANT b'756669'
ACTION DOC 10000 6215 EXAMINING_DOCUMENT b'756669'
ACTION MARK 10000 6218 CONSIDERED_RELEVANT b'756669'
ACTION SNIPPET 10000 6221 SNIPPET_NOT_RELEVANT b'1135725'
ACTION SNIPPET 10000 6224 SEEN_PREVIOUSLY b'753514'
ACTION SNIPPET 10000 6227 SNIPPET_RELEVANT b'603962'
ACTION DOC 10000 6247 EXAMINING_DOCUMENT b'603962'
ACTION MARK 10000 6250 CONSIDERED_RELEVANT b'603962'
ACTION SNIPPET 10000 6253 SNIPPET_RELEVANT b'654533'
ACTION DOC 10000 6273 EXAMINING_DOCUMENT b'654533'
ACTION SNIPPET 10000 6276 SEEN_PREVIOUSLY b'669230'
ACTION SNIPPET 10000 6279 SNIPPET_NOT_RELEVANT b'605000'
ACTION SNIPPET 10000 6282 SNIPPET_RELEVANT b'595111'
ACTION DOC 10000 6302 EXAMINING_DOCUMENT b'595111'
ACTION MARK 10000 6305 CONSIDERED_RELEVANT b'595111'
ACTION SNIPPET 10000 6308 SNIPPET_RELEVANT b'605601'
ACTION DOC 10000 6328 EXAMINING_DOCUMENT b'605601'
ACTION MARK 10000 6331 CONSIDERED_RELEVANT b'605601'
ACTION SNIPPET 10000 6334 SNIPPET_RELEVANT b'595112'
ACTION DOC 10000 6354 EXAMINING_DOCUMENT b'595112'
ACTION MARK 10000 6357 CONSIDERED_RELEVANT b'595112'
ACTION SNIPPET 10000 6360 SEEN_PREVIOUSLY b'597493'
ACTION SNIPPET 10000 6363 SNIPPET_NOT_RELEVANT b'1217551'
ACTION SNIPPET 10000 6366 SEEN_PREVIOUSLY b'1757752'
ACTION SNIPPET 10000 6369 SNIPPET_RELEVANT b'1133550'
ACTION DOC 10000 6389 EXAMINING_DOCUMENT b'1133550'
ACTION SNIPPET 10000 6392 SEEN_PREVIOUSLY b'1209320'
ACTION SNIPPET 10000 6395 SNIPPET_NOT_RELEVANT b'1225096'
ACTION SNIPPET 10000 6398 SNIPPET_NOT_RELEVANT b'667530'
ACTION SNIPPET 10000 6401 SNIPPET_NOT_RELEVANT b'1430409'
ACTION SNIPPET 10000 6404 SEEN_PREVIOUSLY b'1187217'
ACTION SNIPPET 10000 6407 SNIPPET_RELEVANT b'603943'
ACTION DOC 10000 6427 EXAMINING_DOCUMENT b'603943'
ACTION MARK 10000 6430 CONSIDERED_RELEVANT b'603943'
ACTION SNIPPET 10000 6433 SNIPPET_NOT_RELEVANT b'779766'
ACTION SNIPPET 10000 6436 SNIPPET_NOT_RELEVANT b'1134736'
ACTION SNIPPET 10000 6439 SNIPPET_RELEVANT b'594244'
ACTION DOC 10000 6459 EXAMINING_DOCUMENT b'594244'
ACTION MARK 10000 6462 CONSIDERED_RELEVANT b'594244'
ACTION SNIPPET 10000 6465 SNIPPET_RELEVANT b'1134315'
ACTION DOC 10000 6485 EXAMINING_DOCUMENT b'1134315'
ACTION MARK 10000 6488 CONSIDERED_RELEVANT b'1134315'
ACTION SNIPPET 10000 6491 SNIPPET_NOT_RELEVANT b'604161'
ACTION SNIPPET 10000 6494 SNIPPET_RELEVANT b'750525'
ACTION DOC 10000 6514 EXAMINING_DOCUMENT b'750525'
ACTION MARK 10000 6517 CONSIDERED_RELEVANT b'750525'
ACTION SNIPPET 10000 6520 SNIPPET_RELEVANT b'758793'
ACTION DOC 10000 6540 EXAMINING_DOCUMENT b'758793'
ACTION MARK 10000 6543 CONSIDERED_RELEVANT b'758793'
ACTION SNIPPET 10000 6546 SNIPPET_RELEVANT b'632319'
ACTION DOC 10000 6566 EXAMINING_DOCUMENT b'632319'
ACTION SNIPPET 10000 6569 SNIPPET_NOT_RELEVANT b'668635'
ACTION SNIPPET 10000 6572 SNIPPET_NOT_RELEVANT b'670895'
ACTION SNIPPET 10000 6575 SNIPPET_NOT_RELEVANT b'109242'
ACTION SNIPPET 10000 6578 SNIPPET_RELEVANT b'767123'
ACTION DOC 10000 6598 EXAMINING_DOCUMENT b'767123'
ACTION MARK 10000 6601 CONSIDERED_RELEVANT b'767123'
ACTION SNIPPET 10000 6604 SNIPPET_RELEVANT b'668899'
ACTION DOC 10000 6624 EXAMINING_DOCUMENT b'668899'
ACTION SNIPPET 10000 6627 SNIPPET_NOT_RELEVANT b'667714'
ACTION SNIPPET 10000 6630 SEEN_PREVIOUSLY b'1262473'
ACTION SNIPPET 10000 6633 SNIPPET_RELEVANT b'596179'
ACTION DOC 10000 6653 EXAMINING_DOCUMENT b'596179'
ACTION MARK 10000 6656 CONSIDERED_RELEVANT b'596179'
ACTION SNIPPET 10000 6659 SEEN_PREVIOUSLY b'1634148'
INFO SERP_END_REACHED 
ACTION QUERY 10000 6669 cult lifestyles issue
ACTION SERP 10000 6674 EXAMINE_SERP
ACTION SNIPPET 10000 6677 SEEN_PREVIOUSLY b'624863'
ACTION SNIPPET 10000 6680 SEEN_PREVIOUSLY b'1186564'
ACTION SNIPPET 10000 6683 SEEN_PREVIOUSLY b'1757752'
ACTION SNIPPET 10000 6686 SEEN_PREVIOUSLY b'1209320'
ACTION SNIPPET 10000 6689 SEEN_PREVIOUSLY b'1187217'
ACTION SNIPPET 10000 6692 SEEN_PREVIOUSLY b'1262473'
ACTION SNIPPET 10000 6695 SEEN_PREVIOUSLY b'1634148'
ACTION SNIPPET 10000 6698 SEEN_PREVIOUSLY b'1176601'
ACTION SNIPPET 10000 6701 SNIPPET_RELEVANT b'1401961'
ACTION DOC 10000 6721 EXAMINING_DOCUMENT b'1401961'
ACTION QUERY 10000 6731 cult lifestyles voted
ACTION SERP 10000 6736 EXAMINE_SERP
ACTION SNIPPET 10000 6739 SEEN_PREVIOUSLY b'624863'
ACTION SNIPPET 10000 6742 SEEN_PREVIOUSLY b'1186564'
ACTION SNIPPET 10000 6745 SEEN_PREVIOUSLY b'1757752'
ACTION SNIPPET 10000 6748 SNIPPET_RELEVANT b'1626639'
ACTION DOC 10000 6768 EXAMINING_DOCUMENT b'1626639'
ACTION SNIPPET 10000 6771 SEEN_PREVIOUSLY b'1209320'
ACTION SNIPPET 10000 6774 SEEN_PREVIOUSLY b'1187217'
ACTION SNIPPET 10000 6777 SEEN_PREVIOUSLY b'1801782'
ACTION SNIPPET 10000 6780 SNIPPET_NOT_RELEVANT b'1299150'
ACTION SNIPPET 10000 6783 SEEN_PREVIOUSLY b'1262473'
ACTION QUERY 10000 6793 cult lifestyles family
ACTION SERP 10000 6798 EXAMINE_SERP
ACTION SNIPPET 10000 6801 SEEN_PREVIOUSLY b'624863'
ACTION SNIPPET 10000 6804 SEEN_PREVIOUSLY b'1187217'
ACTION SNIPPET 10000 6807 SEEN_PREVIOUSLY b'1176601'
ACTION SNIPPET 10000 6810 SEEN_PREVIOUSLY b'1186564'
ACTION SNIPPET 10000 6813 SEEN_PREVIOUSLY b'1757752'
ACTION SNIPPET 10000 6816 SEEN_PREVIOUSLY b'1209320'
ACTION SNIPPET 10000 6819 SEEN_PREVIOUSLY b'1216045'
ACTION SNIPPET 10000 6822 SEEN_PREVIOUSLY b'787163'
ACTION SNIPPET 10000 6825 SNIPPET_RELEVANT b'329591'
ACTION DOC 10000 6845 EXAMINING_DOCUMENT b'329591'
ACTION MARK 10000 6848 CONSIDERED_RELEVANT b'329591'
ACTION SNIPPET 10000 6851 SEEN_PREVIOUSLY b'1262473'
ACTION SNIPPET 10000 6854 SEEN_PREVIOUSLY b'1634148'
ACTION SNIPPET 10000 6857 SNIPPET_RELEVANT b'1533250'
ACTION DOC 10000 6877 EXAMINING_DOCUMENT b'1533250'
ACTION SNIPPET 10000 6880 SNIPPET_NOT_RELEVANT b'919308'
ACTION SNIPPET 10000 6883 SEEN_PREVIOUSLY b'919358'
ACTION SNIPPET 10000 6886 SNIPPET_NOT_RELEVANT b'1334512'
ACTION SNIPPET 10000 6889 SEEN_PREVIOUSLY b'919524'
ACTION SNIPPET 10000 6892 SEEN_PREVIOUSLY b'1747895'
ACTION SNIPPET 10000 6895 SNIPPET_RELEVANT b'1226793'
ACTION DOC 10000 6915 EXAMINING_DOCUMENT b'1226793'
ACTION MARK 10000 6918 CONSIDERED_RELEVANT b'1226793'
ACTION SNIPPET 10000 6921 SEEN_PREVIOUSLY b'793826'
ACTION SNIPPET 10000 6924 SNIPPET_NOT_RELEVANT b'603982'
ACTION SNIPPET 10000 6927 SEEN_PREVIOUSLY b'380903'
ACTION SNIPPET 10000 6930 SEEN_PREVIOUSLY b'1710222'
ACTION SNIPPET 10000 6933 SEEN_PREVIOUSLY b'818584'
ACTION SNIPPET 10000 6936 SNIPPET_NOT_RELEVANT b'767985'
ACTION SNIPPET 10000 6939 SNIPPET_NOT_RELEVANT b'389453'
ACTION SNIPPET 10000 6942 SNIPPET_RELEVANT b'1192449'
ACTION DOC 10000 6962 EXAMINING_DOCUMENT b'1192449'
ACTION SNIPPET 10000 6965 SNIPPET_RELEVANT b'919719'
ACTION DOC 10000 6985 EXAMINING_DOCUMENT b'919719'
ACTION MARK 10000 6988 CONSIDERED_RELEVANT b'919719'
ACTION SNIPPET 10000 6991 SEEN_PREVIOUSLY b'1076518'
ACTION SNIPPET 10000 6994 SNIPPET_RELEVANT b'766471'
ACTION DOC 10000 7014 EXAMINING_DOCUMENT b'766471'
ACTION SNIPPET 10000 7017 SNIPPET_NOT_RELEVANT b'656330'
ACTION SNIPPET 10000 7020 SNIPPET_NOT_RELEVANT b'656329'
ACTION SNIPPET 10000 7023 SEEN_PREVIOUSLY b'767123'
ACTION SNIPPET 10000 7026 SEEN_PREVIOUSLY b'1188846'
ACTION SNIPPET 10000 7029 SEEN_PREVIOUSLY b'1189049'
ACTION SNIPPET 10000 7032 SEEN_PREVIOUSLY b'1427368'
ACTION SNIPPET 10000 7035 SEEN_PREVIOUSLY b'606433'
ACTION SNIPPET 10000 7038 SNIPPET_RELEVANT b'919417'
ACTION DOC 10000 7058 EXAMINING_DOCUMENT b'919417'
ACTION MARK 10000 7061 CONSIDERED_RELEVANT b'919417'
ACTION SNIPPET 10000 7064 SNIPPET_RELEVANT b'1454907'
ACTION DOC 10000 7084 EXAMINING_DOCUMENT b'1454907'
ACTION SNIPPET 10000 7087 SNIPPET_NOT_RELEVANT b'40955'
ACTION SNIPPET 10000 7090 SEEN_PREVIOUSLY b'1820132'
ACTION SNIPPET 10000 7093 SNIPPET_NOT_RELEVANT b'1611370'
ACTION SNIPPET 10000 7096 SEEN_PREVIOUSLY b'1820632'
ACTION SNIPPET 10000 7099 SNIPPET_NOT_RELEVANT b'918942'
ACTION SNIPPET 10000 7102 SEEN_PREVIOUSLY b'594138'
ACTION SNIPPET 10000 7105 SEEN_PREVIOUSLY b'818244'
ACTION SNIPPET 10000 7108 SEEN_PREVIOUSLY b'1840901'
ACTION SNIPPET 10000 7111 SEEN_PREVIOUSLY b'1818609'
ACTION QUERY 10000 7121 cult lifestyles star
ACTION SERP 10000 7126 EXAMINE_SERP
ACTION SNIPPET 10000 7129 SEEN_PREVIOUSLY b'624863'
ACTION SNIPPET 10000 7132 SEEN_PREVIOUSLY b'1710222'
ACTION SNIPPET 10000 7135 SEEN_PREVIOUSLY b'1237817'
ACTION SNIPPET 10000 7138 SEEN_PREVIOUSLY b'1801782'
ACTION SNIPPET 10000 7141 SEEN_PREVIOUSLY b'1186564'
ACTION SNIPPET 10000 7144 SEEN_PREVIOUSLY b'1757752'
ACTION SNIPPET 10000 7147 SEEN_PREVIOUSLY b'818310'
ACTION SNIPPET 10000 7150 SEEN_PREVIOUSLY b'1209320'
ACTION SNIPPET 10000 7153 SEEN_PREVIOUSLY b'923384'
ACTION SNIPPET 10000 7156 SEEN_PREVIOUSLY b'1187217'
ACTION SNIPPET 10000 7159 SNIPPET_RELEVANT b'1848482'
ACTION DOC 10000 7179 EXAMINING_DOCUMENT b'1848482'
ACTION QUERY 10000 7189 cult lifestyles witnesses
ACTION SERP 10000 7194 EXAMINE_SERP
ACTION SNIPPET 10000 7197 SEEN_PREVIOUSLY b'624863'
ACTION SNIPPET 10000 7200 SEEN_PREVIOUSLY b'1186564'
ACTION SNIPPET 10000 7203 SNIPPET_RELEVANT b'669410'
ACTION DOC 10000 7223 EXAMINING_DOCUMENT b'669410'
ACTION SNIPPET 10000 7226 SNIPPET_RELEVANT b'1273087'
ACTION DOC 10000 7246 EXAMINING_DOCUMENT b'1273087'
ACTION MARK 10000 7249 CONSIDERED_RELEVANT b'1273087'
ACTION SNIPPET 10000 7252 SEEN_PREVIOUSLY b'1757752'
ACTION SNIPPET 10000 7255 SEEN_PREVIOUSLY b'1209320'
ACTION SNIPPET 10000 7258 SEEN_PREVIOUSLY b'594138'
ACTION SNIPPET 10000 7261 SEEN_PREVIOUSLY b'143520'
ACTION SNIPPET 10000 7264 SEEN_PREVIOUSLY b'1187217'
ACTION SNIPPET 10000 7267 SNIPPET_NOT_RELEVANT b'1299150'
ACTION SNIPPET 10000 7270 SNIPPET_NOT_RELEVANT b'1298059'
ACTION SNIPPET 10000 7273 SEEN_PREVIOUSLY b'191647'
ACTION SNIPPET 10000 7276 SNIPPET_RELEVANT b'718532'
ACTION DOC 10000 7296 EXAMINING_DOCUMENT b'718532'
ACTION MARK 10000 7299 CONSIDERED_RELEVANT b'718532'
ACTION SNIPPET 10000 7302 SEEN_PREVIOUSLY b'1262473'
ACTION SNIPPET 10000 7305 SNIPPET_NOT_RELEVANT b'1633596'
ACTION SNIPPET 10000 7308 SNIPPET_NOT_RELEVANT b'1184225'
ACTION SNIPPET 10000 7311 SEEN_PREVIOUSLY b'1609662'
ACTION SNIPPET 10000 7314 SEEN_PREVIOUSLY b'596179'
ACTION SNIPPET 10000 7317 SEEN_PREVIOUSLY b'599182'
ACTION SNIPPET 10000 7320 SNIPPET_RELEVANT b'19256'
ACTION DOC 10000 7340 EXAMINING_DOCUMENT b'19256'
ACTION SNIPPET 10000 7343 SNIPPET_NOT_RELEVANT b'1243102'
ACTION SNIPPET 10000 7346 SNIPPET_RELEVANT b'1243301'
ACTION DOC 10000 7366 EXAMINING_DOCUMENT b'1243301'
ACTION QUERY 10000 7376 cult lifestyles conspiracy
ACTION SERP 10000 7381 EXAMINE_SERP
ACTION SNIPPET 10000 7384 SEEN_PREVIOUSLY b'624863'
ACTION SNIPPET 10000 7387 SEEN_PREVIOUSLY b'1176601'
ACTION SNIPPET 10000 7390 SEEN_PREVIOUSLY b'25994'
ACTION SNIPPET 10000 7393 SNIPPET_RELEVANT b'204883'
ACTION DOC 10000 7413 EXAMINING_DOCUMENT b'204883'
ACTION MARK 10000 7416 CONSIDERED_RELEVANT b'204883'
ACTION SNIPPET 10000 7419 SEEN_PREVIOUSLY b'1094902'
ACTION SNIPPET 10000 7422 SNIPPET_RELEVANT b'630465'
ACTION DOC 10000 7442 EXAMINING_DOCUMENT b'630465'
ACTION MARK 10000 7445 CONSIDERED_RELEVANT b'630465'
ACTION SNIPPET 10000 7448 SEEN_PREVIOUSLY b'18610'
ACTION SNIPPET 10000 7451 SEEN_PREVIOUSLY b'716328'
ACTION SNIPPET 10000 7454 SEEN_PREVIOUSLY b'380903'
ACTION SNIPPET 10000 7457 SNIPPET_RELEVANT b'918730'
ACTION DOC 10000 7477 EXAMINING_DOCUMENT b'918730'
ACTION SNIPPET 10000 7480 SNIPPET_RELEVANT b'190315'
ACTION DOC 10000 7500 EXAMINING_DOCUMENT b'190315'
ACTION QUERY 10000 7510 cult lifestyles girl
ACTION SERP 10000 7515 EXAMINE_SERP
ACTION SNIPPET 10000 7518 SEEN_PREVIOUSLY b'1634148'
ACTION SNIPPET 10000 7521 SEEN_PREVIOUSLY b'624863'
ACTION SNIPPET 10000 7524 SEEN_PREVIOUSLY b'1209320'
ACTION SNIPPET 10000 7527 SEEN_PREVIOUSLY b'1176601'
ACTION SNIPPET 10000 7530 SNIPPET_RELEVANT b'818750'
ACTION DOC 10000 7550 EXAMINING_DOCUMENT b'818750'
ACTION MARK 10000 7553 CONSIDERED_RELEVANT b'818750'
ACTION SNIPPET 10000 7556 SEEN_PREVIOUSLY b'606433'
ACTION SNIPPET 10000 7559 SEEN_PREVIOUSLY b'818310'
ACTION SNIPPET 10000 7562 SEEN_PREVIOUSLY b'594770'
ACTION SNIPPET 10000 7565 SNIPPET_RELEVANT b'1762816'
ACTION DOC 10000 7585 EXAMINING_DOCUMENT b'1762816'
ACTION SNIPPET 10000 7588 SEEN_PREVIOUSLY b'1186564'
ACTION SNIPPET 10000 7591 SEEN_PREVIOUSLY b'125479'
ACTION SNIPPET 10000 7594 SNIPPET_RELEVANT b'1557070'
ACTION DOC 10000 7614 EXAMINING_DOCUMENT b'1557070'
ACTION QUERY 10000 7624 cult lifestyles honor
ACTION SERP 10000 7629 EXAMINE_SERP
ACTION SNIPPET 10000 7632 SEEN_PREVIOUSLY b'624863'
ACTION SNIPPET 10000 7635 SEEN_PREVIOUSLY b'1710222'
ACTION SNIPPET 10000 7638 SEEN_PREVIOUSLY b'249102'
ACTION SNIPPET 10000 7641 SEEN_PREVIOUSLY b'1237817'
ACTION SNIPPET 10000 7644 SEEN_PREVIOUSLY b'1186564'
ACTION SNIPPET 10000 7647 SEEN_PREVIOUSLY b'1620006'
ACTION SNIPPET 10000 7650 SNIPPET_NOT_RELEVANT b'1450676'
ACTION SNIPPET 10000 7653 SNIPPET_RELEVANT b'1625600'
ACTION DOC 10000 7673 EXAMINING_DOCUMENT b'1625600'
ACTION SNIPPET 10000 7676 SEEN_PREVIOUSLY b'1757752'
ACTION QUERY 10000 7686 cult lifestyles dissecting
ACTION SERP 10000 7691 EXAMINE_SERP
ACTION SNIPPET 10000 7694 SNIPPET_NOT_RELEVANT b'1491847'
ACTION SNIPPET 10000 7697 SEEN_PREVIOUSLY b'624863'
ACTION SNIPPET 10000 7700 SNIPPET_NOT_RELEVANT b'1491663'
ACTION SNIPPET 10000 7703 SNIPPET_RELEVANT b'609387'
ACTION DOC 10000 7723 EXAMINING_DOCUMENT b'609387'
ACTION SNIPPET 10000 7726 SEEN_PREVIOUSLY b'1186564'
ACTION SNIPPET 10000 7729 SEEN_PREVIOUSLY b'1757752'
ACTION SNIPPET 10000 7732 SEEN_PREVIOUSLY b'1209320'
ACTION SNIPPET 10000 7735 SEEN_PREVIOUSLY b'1187217'
ACTION SNIPPET 10000 7738 SNIPPET_NOT_RELEVANT b'387683'
ACTION QUERY 10000 7748 cult lifestyles ceremony
ACTION SERP 10000 7753 EXAMINE_SERP
ACTION SNIPPET 10000 7756 SEEN_PREVIOUSLY b'624863'
ACTION SNIPPET 10000 7759 SEEN_PREVIOUSLY b'1186564'
ACTION SNIPPET 10000 7762 SEEN_PREVIOUSLY b'787163'
ACTION SNIPPET 10000 7765 SEEN_PREVIOUSLY b'1757752'
ACTION SNIPPET 10000 7768 SEEN_PREVIOUSLY b'1209320'
ACTION SNIPPET 10000 7771 SNIPPET_NOT_RELEVANT b'11707'
ACTION SNIPPET 10000 7774 SEEN_PREVIOUSLY b'1187217'
ACTION SNIPPET 10000 7777 SEEN_PREVIOUSLY b'337774'
ACTION SNIPPET 10000 7780 SNIPPET_NOT_RELEVANT b'1184225'
ACTION SNIPPET 10000 7783 SEEN_PREVIOUSLY b'726685'
ACTION SNIPPET 10000 7786 SEEN_PREVIOUSLY b'1262473'
ACTION SNIPPET 10000 7789 SNIPPET_RELEVANT b'1830905'
ACTION DOC 10000 7809 EXAMINING_DOCUMENT b'1830905'
ACTION QUERY 10000 7819 cult lifestyles 16
ACTION SERP 10000 7824 EXAMINE_SERP
ACTION SNIPPET 10000 7827 SEEN_PREVIOUSLY b'624863'
ACTION SNIPPET 10000 7830 SEEN_PREVIOUSLY b'1187217'
ACTION SNIPPET 10000 7833 SEEN_PREVIOUSLY b'1186564'
ACTION SNIPPET 10000 7836 SNIPPET_RELEVANT b'54013'
ACTION DOC 10000 7856 EXAMINING_DOCUMENT b'54013'
ACTION SNIPPET 10000 7859 SEEN_PREVIOUSLY b'1757752'
ACTION SNIPPET 10000 7862 SEEN_PREVIOUSLY b'15226'
ACTION SNIPPET 10000 7865 SEEN_PREVIOUSLY b'1209320'
ACTION SNIPPET 10000 7868 SEEN_PREVIOUSLY b'818310'
ACTION SNIPPET 10000 7871 SNIPPET_RELEVANT b'795964'
ACTION DOC 10000 7891 EXAMINING_DOCUMENT b'795964'
ACTION MARK 10000 7894 CONSIDERED_RELEVANT b'795964'
ACTION SNIPPET 10000 7897 SEEN_PREVIOUSLY b'1262473'
ACTION SNIPPET 10000 7900 SEEN_PREVIOUSLY b'818584'
ACTION SNIPPET 10000 7903 SEEN_PREVIOUSLY b'818244'
ACTION SNIPPET 10000 7906 SEEN_PREVIOUSLY b'1634148'
ACTION SNIPPET 10000 7909 SEEN_PREVIOUSLY b'1094902'
ACTION SNIPPET 10000 7912 SEEN_PREVIOUSLY b'1176601'
ACTION SNIPPET 10000 7915 SNIPPET_RELEVANT b'1763533'
ACTION DOC 10000 7935 EXAMINING_DOCUMENT b'1763533'
ACTION SNIPPET 10000 7938 SEEN_PREVIOUSLY b'125479'
ACTION SNIPPET 10000 7941 SNIPPET_NOT_RELEVANT b'1490444'
ACTION SNIPPET 10000 7944 SNIPPET_NOT_RELEVANT b'1377558'
ACTION QUERY 10000 7954 cult lifestyles churches
ACTION SERP 10000 7959 EXAMINE_SERP
ACTION SNIPPET 10000 7962 SEEN_PREVIOUSLY b'1187217'
ACTION SNIPPET 10000 7965 SEEN_PREVIOUSLY b'1186564'
ACTION SNIPPET 10000 7968 SEEN_PREVIOUSLY b'624863'
ACTION SNIPPET 10000 7971 SNIPPET_RELEVANT b'597276'
ACTION DOC 10000 7991 EXAMINING_DOCUMENT b'597276'
ACTION SNIPPET 10000 7994 SNIPPET_NOT_RELEVANT b'151228'
ACTION SNIPPET 10000 7997 SEEN_PREVIOUSLY b'210504'
ACTION SNIPPET 10000 8000 SEEN_PREVIOUSLY b'1188846'
ACTION SNIPPET 10000 8003 SNIPPET_RELEVANT b'1355683'
ACTION DOC 10000 8023 EXAMINING_DOCUMENT b'1355683'
ACTION MARK 10000 8026 CONSIDERED_RELEVANT b'1355683'
ACTION SNIPPET 10000 8029 SEEN_PREVIOUSLY b'129971'
ACTION SNIPPET 10000 8032 SEEN_PREVIOUSLY b'259481'
ACTION SNIPPET 10000 8035 SNIPPET_RELEVANT b'1555587'
ACTION DOC 10000 8055 EXAMINING_DOCUMENT b'1555587'
ACTION SNIPPET 10000 8058 SEEN_PREVIOUSLY b'919524'
ACTION SNIPPET 10000 8061 SEEN_PREVIOUSLY b'1187009'
ACTION SNIPPET 10000 8064 SNIPPET_RELEVANT b'579910'
ACTION DOC 10000 8084 EXAMINING_DOCUMENT b'579910'
ACTION MARK 10000 8087 CONSIDERED_RELEVANT b'579910'
ACTION SNIPPET 10000 8090 SNIPPET_RELEVANT b'579909'
ACTION DOC 10000 8110 EXAMINING_DOCUMENT b'579909'
ACTION MARK 10000 8113 CONSIDERED_RELEVANT b'579909'
ACTION SNIPPET 10000 8116 SNIPPET_RELEVANT b'1187098'
ACTION DOC 10000 8136 EXAMINING_DOCUMENT b'1187098'
ACTION SNIPPET 10000 8139 SEEN_PREVIOUSLY b'882763'
ACTION SNIPPET 10000 8142 SEEN_PREVIOUSLY b'380903'
ACTION SNIPPET 10000 8145 SEEN_PREVIOUSLY b'1188145'
ACTION SNIPPET 10000 8148 SNIPPET_RELEVANT b'1185806'
ACTION DOC 10000 8168 EXAMINING_DOCUMENT b'1185806'
ACTION MARK 10000 8171 CONSIDERED_RELEVANT b'1185806'
ACTION SNIPPET 10000 8174 SNIPPET_RELEVANT b'771550'
ACTION DOC 10000 8194 EXAMINING_DOCUMENT b'771550'
ACTION MARK 10000 8197 CONSIDERED_RELEVANT b'771550'
ACTION SNIPPET 10000 8200 SEEN_PREVIOUSLY b'329591'
ACTION SNIPPET 10000 8203 SEEN_PREVIOUSLY b'1757752'
ACTION SNIPPET 10000 8206 SEEN_PREVIOUSLY b'1189049'
ACTION SNIPPET 10000 8209 SEEN_PREVIOUSLY b'1209320'
ACTION SNIPPET 10000 8212 SNIPPET_RELEVANT b'333850'
ACTION DOC 10000 8232 EXAMINING_DOCUMENT b'333850'
ACTION MARK 10000 8235 CONSIDERED_RELEVANT b'333850'
ACTION SNIPPET 10000 8238 SNIPPET_RELEVANT b'594719'
ACTION DOC 10000 8258 EXAMINING_DOCUMENT b'594719'
ACTION MARK 10000 8261 CONSIDERED_RELEVANT b'594719'
ACTION SNIPPET 10000 8264 SNIPPET_RELEVANT b'1367331'
ACTION DOC 10000 8284 EXAMINING_DOCUMENT b'1367331'
ACTION MARK 10000 8287 CONSIDERED_RELEVANT b'1367331'
ACTION SNIPPET 10000 8290 SNIPPET_RELEVANT b'535656'
ACTION DOC 10000 8310 EXAMINING_DOCUMENT b'535656'
ACTION SNIPPET 10000 8313 SNIPPET_NOT_RELEVANT b'1184225'
ACTION SNIPPET 10000 8316 SNIPPET_RELEVANT b'1360058'
ACTION DOC 10000 8336 EXAMINING_DOCUMENT b'1360058'
ACTION SNIPPET 10000 8339 SNIPPET_NOT_RELEVANT b'1212781'
ACTION QUERY 10000 8349 cult lifestyles executed
ACTION SERP 10000 8354 EXAMINE_SERP
ACTION SNIPPET 10000 8357 SEEN_PREVIOUSLY b'624863'
ACTION SNIPPET 10000 8360 SEEN_PREVIOUSLY b'1209320'
ACTION SNIPPET 10000 8363 SEEN_PREVIOUSLY b'1186564'
ACTION SNIPPET 10000 8366 SEEN_PREVIOUSLY b'1757752'
ACTION SNIPPET 10000 8369 SEEN_PREVIOUSLY b'1187217'
ACTION SNIPPET 10000 8372 SEEN_PREVIOUSLY b'1262473'
ACTION SNIPPET 10000 8375 SEEN_PREVIOUSLY b'1385941'
ACTION SNIPPET 10000 8378 SEEN_PREVIOUSLY b'1634148'
ACTION SNIPPET 10000 8381 SNIPPET_NOT_RELEVANT b'1403973'
ACTION SNIPPET 10000 8384 SEEN_PREVIOUSLY b'1176601'
ACTION SNIPPET 10000 8387 SEEN_PREVIOUSLY b'1355683'
ACTION SNIPPET 10000 8390 SNIPPET_NOT_RELEVANT b'1624134'
ACTION SNIPPET 10000 8393 SEEN_PREVIOUSLY b'718532'
ACTION SNIPPET 10000 8396 SEEN_PREVIOUSLY b'1710222'
ACTION SNIPPET 10000 8399 SEEN_PREVIOUSLY b'918782'
ACTION QUERY 10000 8409 cult lifestyles devices
ACTION SERP 10000 8414 EXAMINE_SERP
ACTION SNIPPET 10000 8417 SEEN_PREVIOUSLY b'624863'
ACTION SNIPPET 10000 8420 SNIPPET_NOT_RELEVANT b'285030'
ACTION SNIPPET 10000 8423 SNIPPET_NOT_RELEVANT b'1133518'
ACTION SNIPPET 10000 8426 SNIPPET_RELEVANT b'722285'
ACTION DOC 10000 8446 EXAMINING_DOCUMENT b'722285'
ACTION SNIPPET 10000 8449 SEEN_PREVIOUSLY b'1134315'
ACTION SNIPPET 10000 8452 SEEN_PREVIOUSLY b'668899'
ACTION SNIPPET 10000 8455 SNIPPET_RELEVANT b'1348927'
ACTION DOC 10000 8475 EXAMINING_DOCUMENT b'1348927'
ACTION QUERY 10000 8485 cult lifestyles leading
ACTION SERP 10000 8490 EXAMINE_SERP
ACTION SNIPPET 10000 8493 SEEN_PREVIOUSLY b'624863'
ACTION SNIPPET 10000 8496 SEEN_PREVIOUSLY b'1186564'
ACTION SNIPPET 10000 8499 SEEN_PREVIOUSLY b'1187217'
ACTION SNIPPET 10000 8502 SEEN_PREVIOUSLY b'1757752'
ACTION SNIPPET 10000 8505 SEEN_PREVIOUSLY b'1209320'
ACTION SNIPPET 10000 8508 SEEN_PREVIOUSLY b'1262473'
ACTION SNIPPET 10000 8511 SEEN_PREVIOUSLY b'1634148'
ACTION SNIPPET 10000 8514 SEEN_PREVIOUSLY b'1176601'
ACTION SNIPPET 10000 8517 SEEN_PREVIOUSLY b'1710222'
ACTION SNIPPET 10000 8520 SEEN_PREVIOUSLY b'1216045'
ACTION SNIPPET 10000 8523 SNIPPET_RELEVANT b'151228'
ACTION DOC 10000 8543 EXAMINING_DOCUMENT b'151228'
ACTION QUERY 10000 8553 cult lifestyles uganda
ACTION SERP 10000 8558 EXAMINE_SERP
ACTION SNIPPET 10000 8561 SNIPPET_RELEVANT b'1190599'
ACTION DOC 10000 8581 EXAMINING_DOCUMENT b'1190599'
ACTION MARK 10000 8584 CONSIDERED_RELEVANT b'1190599'
ACTION SNIPPET 10000 8587 SEEN_PREVIOUSLY b'1185806'
ACTION SNIPPET 10000 8590 SNIPPET_RELEVANT b'1188899'
ACTION DOC 10000 8610 EXAMINING_DOCUMENT b'1188899'
ACTION MARK 10000 8613 CONSIDERED_RELEVANT b'1188899'
ACTION SNIPPET 10000 8616 SEEN_PREVIOUSLY b'1189049'
ACTION SNIPPET 10000 8619 SEEN_PREVIOUSLY b'1186564'
ACTION SNIPPET 10000 8622 SEEN_PREVIOUSLY b'1188846'
ACTION SNIPPET 10000 8625 SNIPPET_RELEVANT b'1187683'
ACTION DOC 10000 8645 EXAMINING_DOCUMENT b'1187683'
ACTION MARK 10000 8648 CONSIDERED_RELEVANT b'1187683'
ACTION SNIPPET 10000 8651 SEEN_PREVIOUSLY b'1187098'
ACTION SNIPPET 10000 8654 SEEN_PREVIOUSLY b'1187009'
ACTION SNIPPET 10000 8657 SEEN_PREVIOUSLY b'1188145'
ACTION SNIPPET 10000 8660 SEEN_PREVIOUSLY b'1187935'
ACTION SNIPPET 10000 8663 SNIPPET_RELEVANT b'979490'
ACTION DOC 10000 8683 EXAMINING_DOCUMENT b'979490'
ACTION SNIPPET 10000 8686 SEEN_PREVIOUSLY b'624863'
ACTION SNIPPET 10000 8689 SNIPPET_RELEVANT b'1212781'
ACTION DOC 10000 8709 EXAMINING_DOCUMENT b'1212781'
ACTION MARK 10000 8712 CONSIDERED_RELEVANT b'1212781'
ACTION SNIPPET 10000 8715 SEEN_PREVIOUSLY b'1187217'
ACTION SNIPPET 10000 8718 SNIPPET_NOT_RELEVANT b'89783'
ACTION SNIPPET 10000 8721 SNIPPET_NOT_RELEVANT b'1185480'
ACTION SNIPPET 10000 8724 SNIPPET_NOT_RELEVANT b'770209'
ACTION SNIPPET 10000 8727 SNIPPET_NOT_RELEVANT b'1141590'
ACTION SNIPPET 10000 8730 SNIPPET_RELEVANT b'1185625'
ACTION DOC 10000 8750 EXAMINING_DOCUMENT b'1185625'
ACTION MARK 10000 8753 CONSIDERED_RELEVANT b'1185625'
ACTION SNIPPET 10000 8756 SNIPPET_NOT_RELEVANT b'1187051'
ACTION SNIPPET 10000 8759 SNIPPET_RELEVANT b'840830'
ACTION DOC 10000 8779 EXAMINING_DOCUMENT b'840830'
ACTION SNIPPET 10000 8782 SEEN_PREVIOUSLY b'601900'
ACTION SNIPPET 10000 8785 SEEN_PREVIOUSLY b'1757752'
ACTION SNIPPET 10000 8788 SEEN_PREVIOUSLY b'1209320'
ACTION SNIPPET 10000 8791 SNIPPET_RELEVANT b'84869'
ACTION DOC 10000 8811 EXAMINING_DOCUMENT b'84869'
ACTION QUERY 10000 8821 cult lifestyles dogs
ACTION SERP 10000 8826 EXAMINE_SERP
ACTION SNIPPET 10000 8829 SEEN_PREVIOUSLY b'624863'
ACTION SNIPPET 10000 8832 SNIPPET_RELEVANT b'1466915'
ACTION DOC 10000 8852 EXAMINING_DOCUMENT b'1466915'
ACTION SNIPPET 10000 8855 SNIPPET_RELEVANT b'1377558'
ACTION DOC 10000 8875 EXAMINING_DOCUMENT b'1377558'
ACTION QUERY 10000 8885 cult lifestyles dished
ACTION SERP 10000 8890 EXAMINE_SERP
ACTION SNIPPET 10000 8893 SEEN_PREVIOUSLY b'624863'
ACTION SNIPPET 10000 8896 SNIPPET_RELEVANT b'1751349'
ACTION DOC 10000 8916 EXAMINING_DOCUMENT b'1751349'
ACTION SNIPPET 10000 8919 SEEN_PREVIOUSLY b'1186564'
ACTION SNIPPET 10000 8922 SEEN_PREVIOUSLY b'1389069'
ACTION SNIPPET 10000 8925 SEEN_PREVIOUSLY b'1757752'
ACTION SNIPPET 10000 8928 SEEN_PREVIOUSLY b'1209320'
ACTION SNIPPET 10000 8931 SNIPPET_NOT_RELEVANT b'1768938'
ACTION SNIPPET 10000 8934 SEEN_PREVIOUSLY b'1187217'
ACTION SNIPPET 10000 8937 SNIPPET_RELEVANT b'355087'
ACTION DOC 10000 8957 EXAMINING_DOCUMENT b'355087'
ACTION QUERY 10000 8967 cult lifestyles sams
ACTION SERP 10000 8972 EXAMINE_SERP
ACTION SNIPPET 10000 8975 SEEN_PREVIOUSLY b'624863'
ACTION SNIPPET 10000 8978 SNIPPET_RELEVANT b'1512505'
ACTION DOC 10000 8998 EXAMINING_DOCUMENT b'1512505'
ACTION SNIPPET 10000 9001 SNIPPET_NOT_RELEVANT b'1646173'
ACTION SNIPPET 10000 9004 SEEN_PREVIOUSLY b'1186564'
ACTION SNIPPET 10000 9007 SNIPPET_NOT_RELEVANT b'1131119'
ACTION SNIPPET 10000 9010 SNIPPET_NOT_RELEVANT b'1802204'
ACTION SNIPPET 10000 9013 SEEN_PREVIOUSLY b'1757752'
ACTION SNIPPET 10000 9016 SNIPPET_RELEVANT b'1371207'
ACTION DOC 10000 9036 EXAMINING_DOCUMENT b'1371207'
ACTION QUERY 10000 9046 cult lifestyles robert
ACTION SERP 10000 9051 EXAMINE_SERP
ACTION SNIPPET 10000 9054 SEEN_PREVIOUSLY b'624863'
ACTION SNIPPET 10000 9057 SEEN_PREVIOUSLY b'1186564'
ACTION SNIPPET 10000 9060 SEEN_PREVIOUSLY b'1757752'
ACTION SNIPPET 10000 9063 SEEN_PREVIOUSLY b'1209320'
ACTION SNIPPET 10000 9066 SEEN_PREVIOUSLY b'1187217'
ACTION SNIPPET 10000 9069 SEEN_PREVIOUSLY b'664960'
ACTION SNIPPET 10000 9072 SNIPPET_NOT_RELEVANT b'137164'
ACTION SNIPPET 10000 9075 SEEN_PREVIOUSLY b'1262473'
ACTION SNIPPET 10000 9078 SEEN_PREVIOUSLY b'12456'
ACTION SNIPPET 10000 9081 SEEN_PREVIOUSLY b'1702788'
ACTION SNIPPET 10000 9084 SNIPPET_RELEVANT b'637967'
ACTION DOC 10000 9104 EXAMINING_DOCUMENT b'637967'
ACTION MARK 10000 9107 CONSIDERED_RELEVANT b'637967'
ACTION SNIPPET 10000 9110 SEEN_PREVIOUSLY b'1634148'
ACTION SNIPPET 10000 9113 SNIPPET_RELEVANT b'1184225'
ACTION DOC 10000 9133 EXAMINING_DOCUMENT b'1184225'
ACTION SNIPPET 10000 9136 SEEN_PREVIOUSLY b'1176601'
ACTION SNIPPET 10000 9139 SEEN_PREVIOUSLY b'1094902'
ACTION SNIPPET 10000 9142 SNIPPET_RELEVANT b'919308'
ACTION DOC 10000 9162 EXAMINING_DOCUMENT b'919308'
ACTION MARK 10000 9165 CONSIDERED_RELEVANT b'919308'
ACTION SNIPPET 10000 9168 SNIPPET_RELEVANT b'19751'
ACTION DOC 10000 9188 EXAMINING_DOCUMENT b'19751'
ACTION MARK 10000 9191 CONSIDERED_RELEVANT b'19751'
ACTION SNIPPET 10000 9194 SEEN_PREVIOUSLY b'18610'
ACTION SNIPPET 10000 9197 SEEN_PREVIOUSLY b'1385941'
ACTION SNIPPET 10000 9200 SEEN_PREVIOUSLY b'1710222'
ACTION SNIPPET 10000 9203 SNIPPET_RELEVANT b'1160075'
ACTION DOC 10000 9223 EXAMINING_DOCUMENT b'1160075'
ACTION MARK 10000 9226 CONSIDERED_RELEVANT b'1160075'
ACTION SNIPPET 10000 9229 SNIPPET_NOT_RELEVANT b'1529139'
ACTION SNIPPET 10000 9232 SEEN_PREVIOUSLY b'604357'
ACTION SNIPPET 10000 9235 SEEN_PREVIOUSLY b'25994'
ACTION SNIPPET 10000 9238 SNIPPET_NOT_RELEVANT b'918959'
ACTION SNIPPET 10000 9241 SNIPPET_NOT_RELEVANT b'918899'
ACTION SNIPPET 10000 9244 SEEN_PREVIOUSLY b'1719010'
ACTION SNIPPET 10000 9247 SNIPPET_RELEVANT b'603982'
ACTION DOC 10000 9267 EXAMINING_DOCUMENT b'603982'
ACTION MARK 10000 9270 CONSIDERED_RELEVANT b'603982'
ACTION SNIPPET 10000 9273 SNIPPET_RELEVANT b'1408897'
ACTION DOC 10000 9293 EXAMINING_DOCUMENT b'1408897'
ACTION SNIPPET 10000 9296 SEEN_PREVIOUSLY b'1216045'
ACTION SNIPPET 10000 9299 SEEN_PREVIOUSLY b'919344'
ACTION SNIPPET 10000 9302 SEEN_PREVIOUSLY b'1149889'
ACTION SNIPPET 10000 9305 SEEN_PREVIOUSLY b'125479'
ACTION SNIPPET 10000 9308 SNIPPET_RELEVANT b'1334512'
ACTION DOC 10000 9328 EXAMINING_DOCUMENT b'1334512'
ACTION QUERY 10000 9338 cult lifestyles destruction
ACTION SERP 10000 9343 EXAMINE_SERP
ACTION SNIPPET 10000 9346 SEEN_PREVIOUSLY b'624863'
ACTION SNIPPET 10000 9349 SEEN_PREVIOUSLY b'329591'
ACTION SNIPPET 10000 9352 SEEN_PREVIOUSLY b'638539'
ACTION SNIPPET 10000 9355 SNIPPET_NOT_RELEVANT b'604579'
ACTION SNIPPET 10000 9358 SNIPPET_NOT_RELEVANT b'1408648'
ACTION SNIPPET 10000 9361 SEEN_PREVIOUSLY b'1186564'
ACTION SNIPPET 10000 9364 SNIPPET_NOT_RELEVANT b'1507719'
ACTION SNIPPET 10000 9367 SNIPPET_RELEVANT b'1028230'
ACTION DOC 10000 9387 EXAMINING_DOCUMENT b'1028230'
ACTION SNIPPET 10000 9390 SNIPPET_NOT_RELEVANT b'1529937'
ACTION QUERY 10000 9400 cult lifestyles trying
ACTION SERP 10000 9405 EXAMINE_SERP
ACTION SNIPPET 10000 9408 SEEN_PREVIOUSLY b'624863'
ACTION SNIPPET 10000 9411 SEEN_PREVIOUSLY b'1186564'
ACTION SNIPPET 10000 9414 SEEN_PREVIOUSLY b'1757752'
ACTION SNIPPET 10000 9417 SEEN_PREVIOUSLY b'1209320'
ACTION SNIPPET 10000 9420 SEEN_PREVIOUSLY b'1187217'
ACTION SNIPPET 10000 9423 SEEN_PREVIOUSLY b'1237817'
ACTION SNIPPET 10000 9426 SEEN_PREVIOUSLY b'1216045'
ACTION SNIPPET 10000 9429 SEEN_PREVIOUSLY b'1262473'
ACTION SNIPPET 10000 9432 SEEN_PREVIOUSLY b'638539'
ACTION SNIPPET 10000 9435 SEEN_PREVIOUSLY b'1634148'
ACTION SNIPPET 10000 9438 SEEN_PREVIOUSLY b'1176601'
ACTION SNIPPET 10000 9441 SEEN_PREVIOUSLY b'16519'
ACTION SNIPPET 10000 9444 SEEN_PREVIOUSLY b'850912'
ACTION SNIPPET 10000 9447 SEEN_PREVIOUSLY b'793826'
ACTION SNIPPET 10000 9450 SEEN_PREVIOUSLY b'1710222'
ACTION QUERY 10000 9460 cult lifestyles response
ACTION SERP 10000 9465 EXAMINE_SERP
ACTION SNIPPET 10000 9468 SEEN_PREVIOUSLY b'624863'
ACTION SNIPPET 10000 9471 SEEN_PREVIOUSLY b'1186564'
ACTION SNIPPET 10000 9474 SEEN_PREVIOUSLY b'1757752'
ACTION SNIPPET 10000 9477 SEEN_PREVIOUSLY b'1209320'
ACTION SNIPPET 10000 9480 SEEN_PREVIOUSLY b'1187217'
ACTION SNIPPET 10000 9483 SEEN_PREVIOUSLY b'816137'
ACTION SNIPPET 10000 9486 SNIPPET_RELEVANT b'1483733'
ACTION DOC 10000 9506 EXAMINING_DOCUMENT b'1483733'
ACTION SNIPPET 10000 9509 SEEN_PREVIOUSLY b'16519'
ACTION SNIPPET 10000 9512 SEEN_PREVIOUSLY b'1304843'
ACTION QUERY 10000 9522 cult lifestyles subways
ACTION SERP 10000 9527 EXAMINE_SERP
ACTION SNIPPET 10000 9530 SEEN_PREVIOUSLY b'624863'
ACTION SNIPPET 10000 9533 SEEN_PREVIOUSLY b'793826'
ACTION SNIPPET 10000 9536 SEEN_PREVIOUSLY b'905700'
ACTION SNIPPET 10000 9539 SNIPPET_RELEVANT b'762885'
ACTION DOC 10000 9559 EXAMINING_DOCUMENT b'762885'
ACTION MARK 10000 9562 CONSIDERED_RELEVANT b'762885'
ACTION SNIPPET 10000 9565 SEEN_PREVIOUSLY b'755275'
ACTION SNIPPET 10000 9568 SEEN_PREVIOUSLY b'850912'
ACTION SNIPPET 10000 9571 SEEN_PREVIOUSLY b'917723'
ACTION SNIPPET 10000 9574 SEEN_PREVIOUSLY b'795964'
ACTION SNIPPET 10000 9577 SEEN_PREVIOUSLY b'859551'
ACTION SNIPPET 10000 9580 SEEN_PREVIOUSLY b'1226793'
ACTION SNIPPET 10000 9583 SNIPPET_NOT_RELEVANT b'751757'
ACTION SNIPPET 10000 9586 SNIPPET_RELEVANT b'1403973'
ACTION DOC 10000 9606 EXAMINING_DOCUMENT b'1403973'
ACTION MARK 10000 9609 CONSIDERED_RELEVANT b'1403973'
ACTION SNIPPET 10000 9612 SEEN_PREVIOUSLY b'816137'
ACTION SNIPPET 10000 9615 SEEN_PREVIOUSLY b'767456'
ACTION SNIPPET 10000 9618 SEEN_PREVIOUSLY b'804157'
ACTION SNIPPET 10000 9621 SNIPPET_RELEVANT b'1431217'
ACTION DOC 10000 9641 EXAMINING_DOCUMENT b'1431217'
ACTION MARK 10000 9644 CONSIDERED_RELEVANT b'1431217'
ACTION SNIPPET 10000 9647 SNIPPET_NOT_RELEVANT b'925234'
ACTION SNIPPET 10000 9650 SEEN_PREVIOUSLY b'888393'
ACTION SNIPPET 10000 9653 SNIPPET_RELEVANT b'1459335'
ACTION DOC 10000 9673 EXAMINING_DOCUMENT b'1459335'
ACTION MARK 10000 9676 CONSIDERED_RELEVANT b'1459335'
ACTION SNIPPET 10000 9679 SNIPPET_RELEVANT b'757222'
ACTION DOC 10000 9699 EXAMINING_DOCUMENT b'757222'
ACTION MARK 10000 9702 CONSIDERED_RELEVANT b'757222'
ACTION SNIPPET 10000 9705 SEEN_PREVIOUSLY b'1134927'
ACTION SNIPPET 10000 9708 SNIPPET_NOT_RELEVANT b'1133523'
ACTION SNIPPET 10000 9711 SNIPPET_RELEVANT b'1053360'
ACTION DOC 10000 9731 EXAMINING_DOCUMENT b'1053360'
ACTION MARK 10000 9734 CONSIDERED_RELEVANT b'1053360'
ACTION SNIPPET 10000 9737 SEEN_PREVIOUSLY b'775575'
ACTION SNIPPET 10000 9740 SEEN_PREVIOUSLY b'756669'
ACTION SNIPPET 10000 9743 SEEN_PREVIOUSLY b'753514'
ACTION SNIPPET 10000 9746 SNIPPET_NOT_RELEVANT b'757098'
ACTION SNIPPET 10000 9749 SEEN_PREVIOUSLY b'750307'
ACTION SNIPPET 10000 9752 SEEN_PREVIOUSLY b'846218'
ACTION SNIPPET 10000 9755 SNIPPET_RELEVANT b'755171'
ACTION DOC 10000 9775 EXAMINING_DOCUMENT b'755171'
ACTION SNIPPET 10000 9778 SEEN_PREVIOUSLY b'1385941'
ACTION SNIPPET 10000 9781 SEEN_PREVIOUSLY b'751928'
ACTION SNIPPET 10000 9784 SEEN_PREVIOUSLY b'787163'
ACTION QUERY 10000 9794 cult lifestyles shilling
ACTION SERP 10000 9799 EXAMINE_SERP
ACTION SNIPPET 10000 9802 SEEN_PREVIOUSLY b'624863'
ACTION SNIPPET 10000 9805 SEEN_PREVIOUSLY b'1188145'
ACTION SNIPPET 10000 9808 SNIPPET_NOT_RELEVANT b'392512'
ACTION SNIPPET 10000 9811 SNIPPET_RELEVANT b'573676'
ACTION DOC 10000 9831 EXAMINING_DOCUMENT b'573676'
ACTION SNIPPET 10000 9834 SNIPPET_NOT_RELEVANT b'379487'
ACTION SNIPPET 10000 9837 SNIPPET_NOT_RELEVANT b'139047'
ACTION SNIPPET 10000 9840 SNIPPET_NOT_RELEVANT b'962903'
ACTION SNIPPET 10000 9843 SNIPPET_NOT_RELEVANT b'695691'
ACTION SNIPPET 10000 9846 SNIPPET_NOT_RELEVANT b'315873'
ACTION QUERY 10000 9856 cult lifestyles heaven
ACTION SERP 10000 9861 EXAMINE_SERP
ACTION SNIPPET 10000 9864 SEEN_PREVIOUSLY b'923384'
ACTION SNIPPET 10000 9867 SEEN_PREVIOUSLY b'924605'
ACTION SNIPPET 10000 9870 SNIPPET_RELEVANT b'966096'
ACTION DOC 10000 9890 EXAMINING_DOCUMENT b'966096'
ACTION MARK 10000 9893 CONSIDERED_RELEVANT b'966096'
ACTION SNIPPET 10000 9896 SEEN_PREVIOUSLY b'624863'
ACTION SNIPPET 10000 9899 SNIPPET_RELEVANT b'920564'
ACTION DOC 10000 9919 EXAMINING_DOCUMENT b'920564'
ACTION MARK 10000 9922 CONSIDERED_RELEVANT b'920564'
ACTION SNIPPET 10000 9925 SNIPPET_RELEVANT b'919493'
ACTION DOC 10000 9945 EXAMINING_DOCUMENT b'919493'
ACTION MARK 10000 9948 CONSIDERED_RELEVANT b'919493'
ACTION SNIPPET 10000 9951 SNIPPET_RELEVANT b'920561'
ACTION DOC 10000 9971 EXAMINING_DOCUMENT b'920561'
ACTION SNIPPET 10000 9974 SEEN_PREVIOUSLY b'1187217'
ACTION SNIPPET 10000 9977 SNIPPET_RELEVANT b'919717'
ACTION DOC 10000 9997 EXAMINING_DOCUMENT b'919717'
ACTION MARK 10000 10000 CONSIDERED_RELEVANT b'919717'
INFO SUMMARY 
INFO TOTAL_QUERIES_ISSUED 54
INFO TOTAL_SNIPPETS_EXAMINED 988
INFO TOTAL_DOCUMENTS_EXAMINED 287
INFO TOTAL_DOCUMENTS_MARKED_RELEVANT 162
INFO TOTAL_ATTRACTIVE_SERP_IMPRESSIONS 54
INFO TOTAL_UNATTRACTIVE_SERP_IMPRESSIONS 0
