ACTION QUERY 10000 10 illegal technology transfer
ACTION SERP 10000 15 EXAMINE_SERP
ACTION SNIPPET 10000 18 SNIPPET_NOT_RELEVANT b'295314'
ACTION SNIPPET 10000 21 SNIPPET_RELEVANT b'514959'
ACTION DOC 10000 41 EXAMINING_DOCUMENT b'514959'
ACTION MARK 10000 44 CONSIDERED_RELEVANT b'514959'
ACTION SNIPPET 10000 47 SNIPPET_RELEVANT b'364057'
ACTION DOC 10000 67 EXAMINING_DOCUMENT b'364057'
ACTION MARK 10000 70 CONSIDERED_RELEVANT b'364057'
ACTION SNIPPET 10000 73 SNIPPET_NOT_RELEVANT b'1022183'
ACTION SNIPPET 10000 76 SNIPPET_RELEVANT b'83598'
ACTION DOC 10000 96 EXAMINING_DOCUMENT b'83598'
ACTION MARK 10000 99 CONSIDERED_RELEVANT b'83598'
ACTION SNIPPET 10000 102 SNIPPET_NOT_RELEVANT b'902015'
ACTION SNIPPET 10000 105 SNIPPET_NOT_RELEVANT b'1371689'
ACTION SNIPPET 10000 108 SNIPPET_NOT_RELEVANT b'522953'
ACTION SNIPPET 10000 111 SNIPPET_RELEVANT b'55267'
ACTION DOC 10000 131 EXAMINING_DOCUMENT b'55267'
ACTION MARK 10000 134 CONSIDERED_RELEVANT b'55267'
ACTION SNIPPET 10000 137 SNIPPET_RELEVANT b'1110335'
ACTION DOC 10000 157 EXAMINING_DOCUMENT b'1110335'
ACTION MARK 10000 160 CONSIDERED_RELEVANT b'1110335'
INFO OUT_OF_QUERIES 
INFO SUMMARY 
INFO TOTAL_QUERIES_ISSUED 1
INFO TOTAL_SNIPPETS_EXAMINED 10
INFO TOTAL_DOCUMENTS_EXAMINED 5
INFO TOTAL_DOCUMENTS_MARKED_RELEVANT 5
INFO TOTAL_ATTRACTIVE_SERP_IMPRESSIONS 1
INFO TOTAL_UNATTRACTIVE_SERP_IMPRESSIONS 0
