ACTION QUERY 10000 10 home schooling
ACTION SERP 10000 15 EXAMINE_SERP
ACTION SNIPPET 10000 18 SNIPPET_RELEVANT b'973404'
ACTION DOC 10000 38 EXAMINING_DOCUMENT b'973404'
ACTION MARK 10000 41 CONSIDERED_RELEVANT b'973404'
ACTION SNIPPET 10000 44 SNIPPET_RELEVANT b'1356039'
ACTION DOC 10000 64 EXAMINING_DOCUMENT b'1356039'
ACTION MARK 10000 67 CONSIDERED_RELEVANT b'1356039'
ACTION SNIPPET 10000 70 SNIPPET_RELEVANT b'403043'
ACTION DOC 10000 90 EXAMINING_DOCUMENT b'403043'
ACTION MARK 10000 93 CONSIDERED_RELEVANT b'403043'
ACTION SNIPPET 10000 96 SNIPPET_RELEVANT b'1696258'
ACTION DOC 10000 116 EXAMINING_DOCUMENT b'1696258'
ACTION MARK 10000 119 CONSIDERED_RELEVANT b'1696258'
ACTION SNIPPET 10000 122 SNIPPET_RELEVANT b'72341'
ACTION DOC 10000 142 EXAMINING_DOCUMENT b'72341'
ACTION MARK 10000 145 CONSIDERED_RELEVANT b'72341'
ACTION SNIPPET 10000 148 SNIPPET_RELEVANT b'1682148'
ACTION DOC 10000 168 EXAMINING_DOCUMENT b'1682148'
ACTION MARK 10000 171 CONSIDERED_RELEVANT b'1682148'
ACTION SNIPPET 10000 174 SNIPPET_RELEVANT b'1537262'
ACTION DOC 10000 194 EXAMINING_DOCUMENT b'1537262'
ACTION MARK 10000 197 CONSIDERED_RELEVANT b'1537262'
ACTION SNIPPET 10000 200 SNIPPET_RELEVANT b'1635819'
ACTION DOC 10000 220 EXAMINING_DOCUMENT b'1635819'
ACTION MARK 10000 223 CONSIDERED_RELEVANT b'1635819'
ACTION SNIPPET 10000 226 SNIPPET_RELEVANT b'1266276'
ACTION DOC 10000 246 EXAMINING_DOCUMENT b'1266276'
ACTION MARK 10000 249 CONSIDERED_RELEVANT b'1266276'
ACTION SNIPPET 10000 252 SNIPPET_RELEVANT b'1630458'
ACTION DOC 10000 272 EXAMINING_DOCUMENT b'1630458'
ACTION MARK 10000 275 CONSIDERED_RELEVANT b'1630458'
ACTION QUERY 10000 285 home schooling dairy
ACTION SERP 10000 290 EXAMINE_SERP
ACTION SNIPPET 10000 293 SNIPPET_RELEVANT b'657999'
ACTION DOC 10000 313 EXAMINING_DOCUMENT b'657999'
ACTION SNIPPET 10000 316 SNIPPET_RELEVANT b'889034'
ACTION DOC 10000 336 EXAMINING_DOCUMENT b'889034'
ACTION SNIPPET 10000 339 SNIPPET_NOT_RELEVANT b'834018'
ACTION SNIPPET 10000 342 SNIPPET_NOT_RELEVANT b'1509378'
ACTION SNIPPET 10000 345 SNIPPET_NOT_RELEVANT b'94960'
ACTION SNIPPET 10000 348 SNIPPET_RELEVANT b'1644190'
ACTION DOC 10000 368 EXAMINING_DOCUMENT b'1644190'
ACTION SNIPPET 10000 371 SNIPPET_NOT_RELEVANT b'1363649'
ACTION SNIPPET 10000 374 SNIPPET_NOT_RELEVANT b'252735'
ACTION SNIPPET 10000 377 SNIPPET_NOT_RELEVANT b'445188'
ACTION SNIPPET 10000 380 SNIPPET_NOT_RELEVANT b'775104'
ACTION QUERY 10000 390 home schooling classroom
ACTION SERP 10000 395 EXAMINE_SERP
ACTION SNIPPET 10000 398 SNIPPET_NOT_RELEVANT b'1511652'
ACTION SNIPPET 10000 401 SNIPPET_NOT_RELEVANT b'1082543'
ACTION SNIPPET 10000 404 SNIPPET_RELEVANT b'1716756'
ACTION DOC 10000 424 EXAMINING_DOCUMENT b'1716756'
ACTION SNIPPET 10000 427 SNIPPET_NOT_RELEVANT b'329501'
ACTION SNIPPET 10000 430 SNIPPET_RELEVANT b'1017592'
ACTION DOC 10000 450 EXAMINING_DOCUMENT b'1017592'
ACTION SNIPPET 10000 453 SNIPPET_RELEVANT b'99651'
ACTION DOC 10000 473 EXAMINING_DOCUMENT b'99651'
ACTION SNIPPET 10000 476 SNIPPET_RELEVANT b'1519706'
ACTION DOC 10000 496 EXAMINING_DOCUMENT b'1519706'
ACTION SNIPPET 10000 499 SNIPPET_NOT_RELEVANT b'1055925'
ACTION SNIPPET 10000 502 SNIPPET_RELEVANT b'1667505'
ACTION DOC 10000 522 EXAMINING_DOCUMENT b'1667505'
ACTION SNIPPET 10000 525 SNIPPET_NOT_RELEVANT b'1084983'
ACTION QUERY 10000 535 home schooling favorite
ACTION SERP 10000 540 EXAMINE_SERP
ACTION SNIPPET 10000 543 SNIPPET_RELEVANT b'1005745'
ACTION DOC 10000 563 EXAMINING_DOCUMENT b'1005745'
ACTION SNIPPET 10000 566 SNIPPET_NOT_RELEVANT b'798190'
ACTION SNIPPET 10000 569 SNIPPET_RELEVANT b'798624'
ACTION DOC 10000 589 EXAMINING_DOCUMENT b'798624'
ACTION MARK 10000 592 CONSIDERED_RELEVANT b'798624'
ACTION SNIPPET 10000 595 SNIPPET_NOT_RELEVANT b'1530062'
ACTION SNIPPET 10000 598 SNIPPET_RELEVANT b'1348690'
ACTION DOC 10000 618 EXAMINING_DOCUMENT b'1348690'
ACTION SNIPPET 10000 621 SNIPPET_RELEVANT b'937184'
ACTION DOC 10000 641 EXAMINING_DOCUMENT b'937184'
ACTION SNIPPET 10000 644 SNIPPET_NOT_RELEVANT b'1032017'
ACTION SNIPPET 10000 647 SNIPPET_NOT_RELEVANT b'1818894'
ACTION SNIPPET 10000 650 SNIPPET_NOT_RELEVANT b'309643'
ACTION SNIPPET 10000 653 SNIPPET_RELEVANT b'303726'
ACTION DOC 10000 673 EXAMINING_DOCUMENT b'303726'
ACTION QUERY 10000 683 home schooling percentage
ACTION SERP 10000 688 EXAMINE_SERP
ACTION SNIPPET 10000 691 SNIPPET_NOT_RELEVANT b'1695903'
ACTION SNIPPET 10000 694 SNIPPET_NOT_RELEVANT b'748386'
ACTION SNIPPET 10000 697 SNIPPET_NOT_RELEVANT b'1294902'
ACTION SNIPPET 10000 700 SNIPPET_RELEVANT b'1206694'
ACTION DOC 10000 720 EXAMINING_DOCUMENT b'1206694'
ACTION SNIPPET 10000 723 SNIPPET_RELEVANT b'212766'
ACTION DOC 10000 743 EXAMINING_DOCUMENT b'212766'
ACTION SNIPPET 10000 746 SNIPPET_NOT_RELEVANT b'939262'
ACTION SNIPPET 10000 749 SNIPPET_RELEVANT b'131933'
ACTION DOC 10000 769 EXAMINING_DOCUMENT b'131933'
ACTION SNIPPET 10000 772 SNIPPET_NOT_RELEVANT b'1099523'
ACTION SNIPPET 10000 775 SNIPPET_RELEVANT b'1003929'
ACTION DOC 10000 795 EXAMINING_DOCUMENT b'1003929'
ACTION SNIPPET 10000 798 SNIPPET_NOT_RELEVANT b'894463'
ACTION QUERY 10000 808 home schooling family
ACTION SERP 10000 813 EXAMINE_SERP
ACTION SNIPPET 10000 816 SEEN_PREVIOUSLY b'1635819'
ACTION SNIPPET 10000 819 SNIPPET_NOT_RELEVANT b'391930'
ACTION SNIPPET 10000 822 SNIPPET_RELEVANT b'391931'
ACTION DOC 10000 842 EXAMINING_DOCUMENT b'391931'
ACTION MARK 10000 845 CONSIDERED_RELEVANT b'391931'
ACTION SNIPPET 10000 848 SEEN_PREVIOUSLY b'403043'
ACTION SNIPPET 10000 851 SNIPPET_RELEVANT b'526264'
ACTION DOC 10000 871 EXAMINING_DOCUMENT b'526264'
ACTION MARK 10000 874 CONSIDERED_RELEVANT b'526264'
ACTION SNIPPET 10000 877 SNIPPET_RELEVANT b'71996'
ACTION DOC 10000 897 EXAMINING_DOCUMENT b'71996'
ACTION SNIPPET 10000 900 SEEN_PREVIOUSLY b'1537262'
ACTION SNIPPET 10000 903 SNIPPET_RELEVANT b'1158387'
ACTION DOC 10000 923 EXAMINING_DOCUMENT b'1158387'
ACTION MARK 10000 926 CONSIDERED_RELEVANT b'1158387'
ACTION SNIPPET 10000 929 SNIPPET_RELEVANT b'812141'
ACTION DOC 10000 949 EXAMINING_DOCUMENT b'812141'
ACTION MARK 10000 952 CONSIDERED_RELEVANT b'812141'
ACTION SNIPPET 10000 955 SNIPPET_RELEVANT b'1766937'
ACTION DOC 10000 975 EXAMINING_DOCUMENT b'1766937'
ACTION MARK 10000 978 CONSIDERED_RELEVANT b'1766937'
ACTION QUERY 10000 988 home schooling benefits
ACTION SERP 10000 993 EXAMINE_SERP
ACTION SNIPPET 10000 996 SNIPPET_NOT_RELEVANT b'856390'
ACTION SNIPPET 10000 999 SNIPPET_RELEVANT b'339117'
ACTION DOC 10000 1019 EXAMINING_DOCUMENT b'339117'
ACTION SNIPPET 10000 1022 SNIPPET_RELEVANT b'253970'
ACTION DOC 10000 1042 EXAMINING_DOCUMENT b'253970'
ACTION SNIPPET 10000 1045 SNIPPET_NOT_RELEVANT b'1317880'
ACTION SNIPPET 10000 1048 SNIPPET_RELEVANT b'767131'
ACTION DOC 10000 1068 EXAMINING_DOCUMENT b'767131'
ACTION SNIPPET 10000 1071 SNIPPET_NOT_RELEVANT b'15686'
ACTION SNIPPET 10000 1074 SNIPPET_RELEVANT b'1069467'
ACTION DOC 10000 1094 EXAMINING_DOCUMENT b'1069467'
ACTION SNIPPET 10000 1097 SNIPPET_NOT_RELEVANT b'1836512'
ACTION SNIPPET 10000 1100 SNIPPET_NOT_RELEVANT b'1313163'
ACTION SNIPPET 10000 1103 SNIPPET_NOT_RELEVANT b'494858'
ACTION QUERY 10000 1113 home schooling difference
ACTION SERP 10000 1118 EXAMINE_SERP
ACTION SNIPPET 10000 1121 SNIPPET_NOT_RELEVANT b'714250'
ACTION SNIPPET 10000 1124 SNIPPET_NOT_RELEVANT b'314953'
ACTION SNIPPET 10000 1127 SNIPPET_NOT_RELEVANT b'1295707'
ACTION SNIPPET 10000 1130 SNIPPET_RELEVANT b'1152165'
ACTION DOC 10000 1150 EXAMINING_DOCUMENT b'1152165'
ACTION SNIPPET 10000 1153 SNIPPET_NOT_RELEVANT b'1249495'
ACTION SNIPPET 10000 1156 SNIPPET_RELEVANT b'181578'
ACTION DOC 10000 1176 EXAMINING_DOCUMENT b'181578'
ACTION SNIPPET 10000 1179 SNIPPET_RELEVANT b'181403'
ACTION DOC 10000 1199 EXAMINING_DOCUMENT b'181403'
ACTION SNIPPET 10000 1202 SNIPPET_RELEVANT b'1658885'
ACTION DOC 10000 1222 EXAMINING_DOCUMENT b'1658885'
ACTION SNIPPET 10000 1225 SNIPPET_RELEVANT b'1518109'
ACTION DOC 10000 1245 EXAMINING_DOCUMENT b'1518109'
ACTION SNIPPET 10000 1248 SNIPPET_RELEVANT b'1283851'
ACTION DOC 10000 1268 EXAMINING_DOCUMENT b'1283851'
ACTION QUERY 10000 1278 home schooling coburns
ACTION SERP 10000 1283 EXAMINE_SERP
ACTION SNIPPET 10000 1286 SNIPPET_NOT_RELEVANT b'670370'
ACTION SNIPPET 10000 1289 SNIPPET_RELEVANT b'1635908'
ACTION DOC 10000 1309 EXAMINING_DOCUMENT b'1635908'
ACTION SNIPPET 10000 1312 SNIPPET_NOT_RELEVANT b'301550'
ACTION SNIPPET 10000 1315 SNIPPET_RELEVANT b'1116884'
ACTION DOC 10000 1335 EXAMINING_DOCUMENT b'1116884'
ACTION SNIPPET 10000 1338 SNIPPET_NOT_RELEVANT b'573222'
ACTION SNIPPET 10000 1341 SNIPPET_NOT_RELEVANT b'1634151'
ACTION SNIPPET 10000 1344 SNIPPET_RELEVANT b'1127843'
ACTION DOC 10000 1364 EXAMINING_DOCUMENT b'1127843'
ACTION SNIPPET 10000 1367 SNIPPET_NOT_RELEVANT b'1697375'
ACTION SNIPPET 10000 1370 SNIPPET_RELEVANT b'1810825'
ACTION DOC 10000 1390 EXAMINING_DOCUMENT b'1810825'
ACTION SNIPPET 10000 1393 SNIPPET_RELEVANT b'1810886'
ACTION DOC 10000 1413 EXAMINING_DOCUMENT b'1810886'
ACTION QUERY 10000 1423 home schooling percent
ACTION SERP 10000 1428 EXAMINE_SERP
ACTION SNIPPET 10000 1431 SNIPPET_NOT_RELEVANT b'14372'
ACTION SNIPPET 10000 1434 SNIPPET_RELEVANT b'1133027'
ACTION DOC 10000 1454 EXAMINING_DOCUMENT b'1133027'
ACTION MARK 10000 1457 CONSIDERED_RELEVANT b'1133027'
ACTION SNIPPET 10000 1460 SNIPPET_RELEVANT b'1855039'
ACTION DOC 10000 1480 EXAMINING_DOCUMENT b'1855039'
ACTION SNIPPET 10000 1483 SNIPPET_NOT_RELEVANT b'1190975'
ACTION SNIPPET 10000 1486 SNIPPET_NOT_RELEVANT b'275832'
ACTION SNIPPET 10000 1489 SNIPPET_NOT_RELEVANT b'20754'
ACTION SNIPPET 10000 1492 SNIPPET_NOT_RELEVANT b'1807348'
ACTION SNIPPET 10000 1495 SNIPPET_RELEVANT b'1807319'
ACTION DOC 10000 1515 EXAMINING_DOCUMENT b'1807319'
ACTION SNIPPET 10000 1518 SNIPPET_NOT_RELEVANT b'1807406'
ACTION SNIPPET 10000 1521 SNIPPET_RELEVANT b'1807369'
ACTION DOC 10000 1541 EXAMINING_DOCUMENT b'1807369'
ACTION QUERY 10000 1551 home schooling starvation
ACTION SERP 10000 1556 EXAMINE_SERP
ACTION SNIPPET 10000 1559 SNIPPET_RELEVANT b'949836'
ACTION DOC 10000 1579 EXAMINING_DOCUMENT b'949836'
ACTION SNIPPET 10000 1582 SEEN_PREVIOUSLY b'1537262'
ACTION SNIPPET 10000 1585 SNIPPET_RELEVANT b'645767'
ACTION DOC 10000 1605 EXAMINING_DOCUMENT b'645767'
ACTION SNIPPET 10000 1608 SNIPPET_RELEVANT b'334403'
ACTION DOC 10000 1628 EXAMINING_DOCUMENT b'334403'
ACTION SNIPPET 10000 1631 SNIPPET_NOT_RELEVANT b'422352'
ACTION SNIPPET 10000 1634 SNIPPET_NOT_RELEVANT b'211970'
ACTION SNIPPET 10000 1637 SNIPPET_NOT_RELEVANT b'98836'
ACTION SNIPPET 10000 1640 SNIPPET_NOT_RELEVANT b'1244297'
ACTION SNIPPET 10000 1643 SNIPPET_RELEVANT b'179789'
ACTION DOC 10000 1663 EXAMINING_DOCUMENT b'179789'
ACTION SNIPPET 10000 1666 SNIPPET_NOT_RELEVANT b'684759'
ACTION QUERY 10000 1676 home schooling vouchers
ACTION SERP 10000 1681 EXAMINE_SERP
ACTION SNIPPET 10000 1684 SEEN_PREVIOUSLY b'1133027'
ACTION SNIPPET 10000 1687 SNIPPET_RELEVANT b'1271209'
ACTION DOC 10000 1707 EXAMINING_DOCUMENT b'1271209'
ACTION SNIPPET 10000 1710 SNIPPET_RELEVANT b'1745630'
ACTION DOC 10000 1730 EXAMINING_DOCUMENT b'1745630'
ACTION SNIPPET 10000 1733 SNIPPET_NOT_RELEVANT b'1237897'
ACTION SNIPPET 10000 1736 SNIPPET_RELEVANT b'822397'
ACTION DOC 10000 1756 EXAMINING_DOCUMENT b'822397'
ACTION MARK 10000 1759 CONSIDERED_RELEVANT b'822397'
ACTION SNIPPET 10000 1762 SNIPPET_NOT_RELEVANT b'1405477'
ACTION SNIPPET 10000 1765 SNIPPET_NOT_RELEVANT b'1366708'
ACTION SNIPPET 10000 1768 SNIPPET_NOT_RELEVANT b'1185220'
ACTION SNIPPET 10000 1771 SNIPPET_NOT_RELEVANT b'1242450'
ACTION SNIPPET 10000 1774 SNIPPET_RELEVANT b'1091764'
ACTION DOC 10000 1794 EXAMINING_DOCUMENT b'1091764'
ACTION QUERY 10000 1804 home schooling wharton
ACTION SERP 10000 1809 EXAMINE_SERP
ACTION SNIPPET 10000 1812 SNIPPET_NOT_RELEVANT b'319402'
ACTION SNIPPET 10000 1815 SNIPPET_RELEVANT b'1254881'
ACTION DOC 10000 1835 EXAMINING_DOCUMENT b'1254881'
ACTION SNIPPET 10000 1838 SNIPPET_NOT_RELEVANT b'636732'
ACTION SNIPPET 10000 1841 SNIPPET_RELEVANT b'552916'
ACTION DOC 10000 1861 EXAMINING_DOCUMENT b'552916'
ACTION SNIPPET 10000 1864 SNIPPET_NOT_RELEVANT b'327605'
ACTION SNIPPET 10000 1867 SNIPPET_NOT_RELEVANT b'1608630'
ACTION SNIPPET 10000 1870 SNIPPET_RELEVANT b'970923'
ACTION DOC 10000 1890 EXAMINING_DOCUMENT b'970923'
ACTION SNIPPET 10000 1893 SNIPPET_NOT_RELEVANT b'630389'
ACTION SNIPPET 10000 1896 SNIPPET_RELEVANT b'155528'
ACTION DOC 10000 1916 EXAMINING_DOCUMENT b'155528'
ACTION SNIPPET 10000 1919 SNIPPET_RELEVANT b'155731'
ACTION DOC 10000 1939 EXAMINING_DOCUMENT b'155731'
ACTION QUERY 10000 1949 home schooling schooling
ACTION SERP 10000 1954 EXAMINE_SERP
ACTION SNIPPET 10000 1957 SEEN_PREVIOUSLY b'973404'
ACTION SNIPPET 10000 1960 SEEN_PREVIOUSLY b'1356039'
ACTION SNIPPET 10000 1963 SEEN_PREVIOUSLY b'1682148'
ACTION SNIPPET 10000 1966 SEEN_PREVIOUSLY b'1635819'
ACTION SNIPPET 10000 1969 SEEN_PREVIOUSLY b'403043'
ACTION SNIPPET 10000 1972 SEEN_PREVIOUSLY b'1696258'
ACTION SNIPPET 10000 1975 SEEN_PREVIOUSLY b'72341'
ACTION SNIPPET 10000 1978 SEEN_PREVIOUSLY b'1537262'
ACTION SNIPPET 10000 1981 SNIPPET_NOT_RELEVANT b'1682430'
ACTION SNIPPET 10000 1984 SEEN_PREVIOUSLY b'1630458'
ACTION QUERY 10000 1994 home schooling privately
ACTION SERP 10000 1999 EXAMINE_SERP
ACTION SNIPPET 10000 2002 SEEN_PREVIOUSLY b'1356039'
ACTION SNIPPET 10000 2005 SNIPPET_NOT_RELEVANT b'398171'
ACTION SNIPPET 10000 2008 SNIPPET_RELEVANT b'1682430'
ACTION DOC 10000 2028 EXAMINING_DOCUMENT b'1682430'
ACTION MARK 10000 2031 CONSIDERED_RELEVANT b'1682430'
ACTION SNIPPET 10000 2034 SNIPPET_RELEVANT b'556821'
ACTION DOC 10000 2054 EXAMINING_DOCUMENT b'556821'
ACTION MARK 10000 2057 CONSIDERED_RELEVANT b'556821'
ACTION SNIPPET 10000 2060 SNIPPET_RELEVANT b'237499'
ACTION DOC 10000 2080 EXAMINING_DOCUMENT b'237499'
ACTION SNIPPET 10000 2083 SNIPPET_NOT_RELEVANT b'315813'
ACTION SNIPPET 10000 2086 SNIPPET_RELEVANT b'378611'
ACTION DOC 10000 2106 EXAMINING_DOCUMENT b'378611'
ACTION MARK 10000 2109 CONSIDERED_RELEVANT b'378611'
ACTION SNIPPET 10000 2112 SNIPPET_NOT_RELEVANT b'329386'
ACTION SNIPPET 10000 2115 SNIPPET_RELEVANT b'629586'
ACTION DOC 10000 2135 EXAMINING_DOCUMENT b'629586'
ACTION MARK 10000 2138 CONSIDERED_RELEVANT b'629586'
ACTION SNIPPET 10000 2141 SNIPPET_RELEVANT b'1303139'
ACTION DOC 10000 2161 EXAMINING_DOCUMENT b'1303139'
ACTION QUERY 10000 2171 home schooling congress
ACTION SERP 10000 2176 EXAMINE_SERP
ACTION SNIPPET 10000 2179 SNIPPET_NOT_RELEVANT b'1519171'
ACTION SNIPPET 10000 2182 SNIPPET_RELEVANT b'105061'
ACTION DOC 10000 2202 EXAMINING_DOCUMENT b'105061'
ACTION SNIPPET 10000 2205 SNIPPET_RELEVANT b'889819'
ACTION DOC 10000 2225 EXAMINING_DOCUMENT b'889819'
ACTION SNIPPET 10000 2228 SNIPPET_RELEVANT b'884637'
ACTION DOC 10000 2248 EXAMINING_DOCUMENT b'884637'
ACTION SNIPPET 10000 2251 SNIPPET_NOT_RELEVANT b'2397'
ACTION SNIPPET 10000 2254 SNIPPET_RELEVANT b'2397'
ACTION DOC 10000 2274 EXAMINING_DOCUMENT b'2397'
ACTION SNIPPET 10000 2277 SNIPPET_RELEVANT b'664094'
ACTION DOC 10000 2297 EXAMINING_DOCUMENT b'664094'
ACTION SNIPPET 10000 2300 SNIPPET_NOT_RELEVANT b'331875'
ACTION SNIPPET 10000 2303 SNIPPET_RELEVANT b'1785853'
ACTION DOC 10000 2323 EXAMINING_DOCUMENT b'1785853'
ACTION SNIPPET 10000 2326 SNIPPET_NOT_RELEVANT b'788260'
ACTION QUERY 10000 2336 home schooling idea
ACTION SERP 10000 2341 EXAMINE_SERP
ACTION SNIPPET 10000 2344 SNIPPET_NOT_RELEVANT b'1524975'
ACTION SNIPPET 10000 2347 SEEN_PREVIOUSLY b'629586'
ACTION SNIPPET 10000 2350 SNIPPET_RELEVANT b'1108760'
ACTION DOC 10000 2370 EXAMINING_DOCUMENT b'1108760'
ACTION MARK 10000 2373 CONSIDERED_RELEVANT b'1108760'
ACTION SNIPPET 10000 2376 SNIPPET_NOT_RELEVANT b'1737514'
ACTION SNIPPET 10000 2379 SNIPPET_NOT_RELEVANT b'1300998'
ACTION SNIPPET 10000 2382 SNIPPET_NOT_RELEVANT b'352871'
ACTION SNIPPET 10000 2385 SNIPPET_RELEVANT b'1129922'
ACTION DOC 10000 2405 EXAMINING_DOCUMENT b'1129922'
ACTION MARK 10000 2408 CONSIDERED_RELEVANT b'1129922'
ACTION SNIPPET 10000 2411 SNIPPET_RELEVANT b'1315840'
ACTION DOC 10000 2431 EXAMINING_DOCUMENT b'1315840'
ACTION SNIPPET 10000 2434 SNIPPET_NOT_RELEVANT b'499570'
ACTION SNIPPET 10000 2437 SNIPPET_NOT_RELEVANT b'1692084'
ACTION QUERY 10000 2447 home schooling cheaper
ACTION SERP 10000 2452 EXAMINE_SERP
ACTION SNIPPET 10000 2455 SNIPPET_RELEVANT b'1001606'
ACTION DOC 10000 2475 EXAMINING_DOCUMENT b'1001606'
ACTION SNIPPET 10000 2478 SNIPPET_RELEVANT b'1719697'
ACTION DOC 10000 2498 EXAMINING_DOCUMENT b'1719697'
ACTION SNIPPET 10000 2501 SNIPPET_RELEVANT b'1128365'
ACTION DOC 10000 2521 EXAMINING_DOCUMENT b'1128365'
ACTION SNIPPET 10000 2524 SNIPPET_RELEVANT b'1228303'
ACTION DOC 10000 2544 EXAMINING_DOCUMENT b'1228303'
ACTION SNIPPET 10000 2547 SNIPPET_NOT_RELEVANT b'848384'
ACTION SNIPPET 10000 2550 SNIPPET_RELEVANT b'925895'
ACTION DOC 10000 2570 EXAMINING_DOCUMENT b'925895'
ACTION SNIPPET 10000 2573 SNIPPET_RELEVANT b'1802789'
ACTION DOC 10000 2593 EXAMINING_DOCUMENT b'1802789'
ACTION SNIPPET 10000 2596 SNIPPET_RELEVANT b'704515'
ACTION DOC 10000 2616 EXAMINING_DOCUMENT b'704515'
ACTION SNIPPET 10000 2619 SNIPPET_NOT_RELEVANT b'1436375'
ACTION SNIPPET 10000 2622 SNIPPET_NOT_RELEVANT b'1546579'
ACTION QUERY 10000 2632 home schooling girl
ACTION SERP 10000 2637 EXAMINE_SERP
ACTION SNIPPET 10000 2640 SNIPPET_RELEVANT b'987362'
ACTION DOC 10000 2660 EXAMINING_DOCUMENT b'987362'
ACTION SNIPPET 10000 2663 SNIPPET_NOT_RELEVANT b'1560547'
ACTION SNIPPET 10000 2666 SNIPPET_RELEVANT b'724194'
ACTION DOC 10000 2686 EXAMINING_DOCUMENT b'724194'
ACTION SNIPPET 10000 2689 SNIPPET_NOT_RELEVANT b'691194'
ACTION SNIPPET 10000 2692 SNIPPET_RELEVANT b'1089121'
ACTION DOC 10000 2712 EXAMINING_DOCUMENT b'1089121'
ACTION SNIPPET 10000 2715 SNIPPET_NOT_RELEVANT b'1065471'
ACTION SNIPPET 10000 2718 SNIPPET_NOT_RELEVANT b'1726990'
ACTION SNIPPET 10000 2721 SNIPPET_NOT_RELEVANT b'965732'
ACTION SNIPPET 10000 2724 SNIPPET_RELEVANT b'403059'
ACTION DOC 10000 2744 EXAMINING_DOCUMENT b'403059'
ACTION SNIPPET 10000 2747 SNIPPET_RELEVANT b'323416'
ACTION DOC 10000 2767 EXAMINING_DOCUMENT b'323416'
ACTION QUERY 10000 2777 home schooling ager
ACTION SERP 10000 2782 EXAMINE_SERP
ACTION SNIPPET 10000 2785 SNIPPET_NOT_RELEVANT b'1146820'
ACTION SNIPPET 10000 2788 SNIPPET_NOT_RELEVANT b'975117'
ACTION SNIPPET 10000 2791 SNIPPET_NOT_RELEVANT b'956428'
ACTION SNIPPET 10000 2794 SNIPPET_NOT_RELEVANT b'876228'
ACTION SNIPPET 10000 2797 SNIPPET_NOT_RELEVANT b'1050623'
ACTION SNIPPET 10000 2800 SNIPPET_NOT_RELEVANT b'541988'
ACTION SNIPPET 10000 2803 SNIPPET_NOT_RELEVANT b'434825'
ACTION SNIPPET 10000 2806 SNIPPET_NOT_RELEVANT b'415633'
ACTION SNIPPET 10000 2809 SNIPPET_RELEVANT b'45309'
ACTION DOC 10000 2829 EXAMINING_DOCUMENT b'45309'
ACTION SNIPPET 10000 2832 SNIPPET_NOT_RELEVANT b'1019575'
ACTION QUERY 10000 2842 home schooling dangerous
ACTION SERP 10000 2847 EXAMINE_SERP
ACTION SNIPPET 10000 2850 SNIPPET_NOT_RELEVANT b'633037'
ACTION SNIPPET 10000 2853 SNIPPET_NOT_RELEVANT b'659043'
ACTION SNIPPET 10000 2856 SEEN_PREVIOUSLY b'1152165'
ACTION SNIPPET 10000 2859 SNIPPET_RELEVANT b'303079'
ACTION DOC 10000 2879 EXAMINING_DOCUMENT b'303079'
ACTION SNIPPET 10000 2882 SNIPPET_NOT_RELEVANT b'296912'
ACTION SNIPPET 10000 2885 SNIPPET_RELEVANT b'123701'
ACTION DOC 10000 2905 EXAMINING_DOCUMENT b'123701'
ACTION SNIPPET 10000 2908 SNIPPET_NOT_RELEVANT b'1137071'
ACTION SNIPPET 10000 2911 SNIPPET_RELEVANT b'823188'
ACTION DOC 10000 2931 EXAMINING_DOCUMENT b'823188'
ACTION SNIPPET 10000 2934 SNIPPET_NOT_RELEVANT b'916335'
ACTION SNIPPET 10000 2937 SNIPPET_NOT_RELEVANT b'1523097'
ACTION QUERY 10000 2947 home schooling hobby
ACTION SERP 10000 2952 EXAMINE_SERP
ACTION SNIPPET 10000 2955 SNIPPET_NOT_RELEVANT b'932243'
ACTION SNIPPET 10000 2958 SNIPPET_NOT_RELEVANT b'620394'
ACTION SNIPPET 10000 2961 SNIPPET_NOT_RELEVANT b'159849'
ACTION SNIPPET 10000 2964 SNIPPET_NOT_RELEVANT b'624057'
ACTION SNIPPET 10000 2967 SNIPPET_NOT_RELEVANT b'723405'
ACTION SNIPPET 10000 2970 SNIPPET_RELEVANT b'783078'
ACTION DOC 10000 2990 EXAMINING_DOCUMENT b'783078'
ACTION SNIPPET 10000 2993 SNIPPET_RELEVANT b'838712'
ACTION DOC 10000 3013 EXAMINING_DOCUMENT b'838712'
ACTION SNIPPET 10000 3016 SNIPPET_NOT_RELEVANT b'1323129'
ACTION SNIPPET 10000 3019 SNIPPET_NOT_RELEVANT b'240398'
ACTION SNIPPET 10000 3022 SNIPPET_NOT_RELEVANT b'192919'
ACTION QUERY 10000 3032 home schooling meredith
ACTION SERP 10000 3037 EXAMINE_SERP
ACTION SNIPPET 10000 3040 SNIPPET_RELEVANT b'205277'
ACTION DOC 10000 3060 EXAMINING_DOCUMENT b'205277'
ACTION SNIPPET 10000 3063 SNIPPET_NOT_RELEVANT b'1394156'
ACTION SNIPPET 10000 3066 SNIPPET_NOT_RELEVANT b'380339'
ACTION SNIPPET 10000 3069 SNIPPET_NOT_RELEVANT b'851877'
ACTION SNIPPET 10000 3072 SNIPPET_RELEVANT b'838852'
ACTION DOC 10000 3092 EXAMINING_DOCUMENT b'838852'
ACTION SNIPPET 10000 3095 SNIPPET_NOT_RELEVANT b'1140623'
ACTION SNIPPET 10000 3098 SNIPPET_NOT_RELEVANT b'1389958'
ACTION SNIPPET 10000 3101 SNIPPET_NOT_RELEVANT b'461612'
ACTION SNIPPET 10000 3104 SNIPPET_NOT_RELEVANT b'776099'
ACTION SNIPPET 10000 3107 SNIPPET_NOT_RELEVANT b'767808'
ACTION QUERY 10000 3117 home schooling high
ACTION SERP 10000 3122 EXAMINE_SERP
ACTION SNIPPET 10000 3125 SNIPPET_RELEVANT b'1270885'
ACTION DOC 10000 3145 EXAMINING_DOCUMENT b'1270885'
ACTION MARK 10000 3148 CONSIDERED_RELEVANT b'1270885'
ACTION SNIPPET 10000 3151 SNIPPET_NOT_RELEVANT b'68184'
ACTION SNIPPET 10000 3154 SNIPPET_NOT_RELEVANT b'914'
ACTION SNIPPET 10000 3157 SNIPPET_NOT_RELEVANT b'914'
ACTION SNIPPET 10000 3160 SNIPPET_NOT_RELEVANT b'1268120'
ACTION SNIPPET 10000 3163 SNIPPET_NOT_RELEVANT b'296912'
ACTION SNIPPET 10000 3166 SNIPPET_NOT_RELEVANT b'1682431'
ACTION SNIPPET 10000 3169 SNIPPET_NOT_RELEVANT b'132766'
ACTION SNIPPET 10000 3172 SNIPPET_NOT_RELEVANT b'213705'
ACTION SNIPPET 10000 3175 SNIPPET_NOT_RELEVANT b'95097'
ACTION QUERY 10000 3185 home schooling pink
ACTION SERP 10000 3190 EXAMINE_SERP
ACTION SNIPPET 10000 3193 SNIPPET_RELEVANT b'1378335'
ACTION DOC 10000 3213 EXAMINING_DOCUMENT b'1378335'
ACTION SNIPPET 10000 3216 SNIPPET_NOT_RELEVANT b'583147'
ACTION SNIPPET 10000 3219 SNIPPET_RELEVANT b'1397537'
ACTION DOC 10000 3239 EXAMINING_DOCUMENT b'1397537'
ACTION SNIPPET 10000 3242 SNIPPET_NOT_RELEVANT b'582452'
ACTION SNIPPET 10000 3245 SNIPPET_RELEVANT b'1592705'
ACTION DOC 10000 3265 EXAMINING_DOCUMENT b'1592705'
ACTION SNIPPET 10000 3268 SNIPPET_NOT_RELEVANT b'1426647'
ACTION SNIPPET 10000 3271 SNIPPET_NOT_RELEVANT b'1775398'
ACTION SNIPPET 10000 3274 SNIPPET_RELEVANT b'1296818'
ACTION DOC 10000 3294 EXAMINING_DOCUMENT b'1296818'
ACTION SNIPPET 10000 3297 SNIPPET_RELEVANT b'723225'
ACTION DOC 10000 3317 EXAMINING_DOCUMENT b'723225'
ACTION SNIPPET 10000 3320 SNIPPET_NOT_RELEVANT b'1608216'
ACTION QUERY 10000 3330 home schooling majority
ACTION SERP 10000 3335 EXAMINE_SERP
ACTION SNIPPET 10000 3338 SNIPPET_NOT_RELEVANT b'360785'
ACTION SNIPPET 10000 3341 SNIPPET_RELEVANT b'1564834'
ACTION DOC 10000 3361 EXAMINING_DOCUMENT b'1564834'
ACTION MARK 10000 3364 CONSIDERED_RELEVANT b'1564834'
ACTION SNIPPET 10000 3367 SNIPPET_NOT_RELEVANT b'1693135'
ACTION SNIPPET 10000 3370 SNIPPET_NOT_RELEVANT b'416495'
ACTION SNIPPET 10000 3373 SNIPPET_NOT_RELEVANT b'540823'
ACTION SNIPPET 10000 3376 SNIPPET_NOT_RELEVANT b'1622338'
ACTION SNIPPET 10000 3379 SNIPPET_NOT_RELEVANT b'122263'
ACTION SNIPPET 10000 3382 SNIPPET_NOT_RELEVANT b'1833322'
ACTION SNIPPET 10000 3385 SNIPPET_NOT_RELEVANT b'71376'
ACTION SNIPPET 10000 3388 SEEN_PREVIOUSLY b'1133027'
ACTION QUERY 10000 3398 home schooling bell
ACTION SERP 10000 3403 EXAMINE_SERP
ACTION SNIPPET 10000 3406 SNIPPET_RELEVANT b'924665'
ACTION DOC 10000 3426 EXAMINING_DOCUMENT b'924665'
ACTION SNIPPET 10000 3429 SNIPPET_NOT_RELEVANT b'1594108'
ACTION SNIPPET 10000 3432 SNIPPET_NOT_RELEVANT b'859950'
ACTION SNIPPET 10000 3435 SNIPPET_RELEVANT b'1545926'
ACTION DOC 10000 3455 EXAMINING_DOCUMENT b'1545926'
ACTION SNIPPET 10000 3458 SNIPPET_RELEVANT b'355309'
ACTION DOC 10000 3478 EXAMINING_DOCUMENT b'355309'
ACTION SNIPPET 10000 3481 SNIPPET_NOT_RELEVANT b'1771631'
ACTION SNIPPET 10000 3484 SNIPPET_NOT_RELEVANT b'1294440'
ACTION SNIPPET 10000 3487 SNIPPET_RELEVANT b'1765231'
ACTION DOC 10000 3507 EXAMINING_DOCUMENT b'1765231'
ACTION SNIPPET 10000 3510 SNIPPET_NOT_RELEVANT b'42242'
ACTION SNIPPET 10000 3513 SNIPPET_RELEVANT b'1302854'
ACTION DOC 10000 3533 EXAMINING_DOCUMENT b'1302854'
ACTION QUERY 10000 3543 home schooling sick
ACTION SERP 10000 3548 EXAMINE_SERP
ACTION SNIPPET 10000 3551 SNIPPET_NOT_RELEVANT b'1732317'
ACTION SNIPPET 10000 3554 SNIPPET_RELEVANT b'1695634'
ACTION DOC 10000 3574 EXAMINING_DOCUMENT b'1695634'
ACTION SNIPPET 10000 3577 SNIPPET_NOT_RELEVANT b'898210'
ACTION SNIPPET 10000 3580 SNIPPET_NOT_RELEVANT b'1169678'
ACTION SNIPPET 10000 3583 SNIPPET_NOT_RELEVANT b'37533'
ACTION SNIPPET 10000 3586 SNIPPET_NOT_RELEVANT b'1635002'
ACTION SNIPPET 10000 3589 SNIPPET_NOT_RELEVANT b'1364614'
ACTION SNIPPET 10000 3592 SNIPPET_RELEVANT b'1701154'
ACTION DOC 10000 3612 EXAMINING_DOCUMENT b'1701154'
ACTION SNIPPET 10000 3615 SNIPPET_RELEVANT b'1082543'
ACTION DOC 10000 3635 EXAMINING_DOCUMENT b'1082543'
ACTION SNIPPET 10000 3638 SNIPPET_RELEVANT b'909315'
ACTION DOC 10000 3658 EXAMINING_DOCUMENT b'909315'
ACTION QUERY 10000 3668 home schooling columbus
ACTION SERP 10000 3673 EXAMINE_SERP
ACTION SNIPPET 10000 3676 SNIPPET_NOT_RELEVANT b'1846056'
ACTION SNIPPET 10000 3679 SNIPPET_NOT_RELEVANT b'829835'
ACTION SNIPPET 10000 3682 SNIPPET_RELEVANT b'928882'
ACTION DOC 10000 3702 EXAMINING_DOCUMENT b'928882'
ACTION SNIPPET 10000 3705 SNIPPET_RELEVANT b'618911'
ACTION DOC 10000 3725 EXAMINING_DOCUMENT b'618911'
ACTION SNIPPET 10000 3728 SNIPPET_NOT_RELEVANT b'1490786'
ACTION SNIPPET 10000 3731 SNIPPET_RELEVANT b'1490551'
ACTION DOC 10000 3751 EXAMINING_DOCUMENT b'1490551'
ACTION SNIPPET 10000 3754 SNIPPET_RELEVANT b'562489'
ACTION DOC 10000 3774 EXAMINING_DOCUMENT b'562489'
ACTION SNIPPET 10000 3777 SNIPPET_RELEVANT b'562510'
ACTION DOC 10000 3797 EXAMINING_DOCUMENT b'562510'
ACTION SNIPPET 10000 3800 SNIPPET_RELEVANT b'1846381'
ACTION DOC 10000 3820 EXAMINING_DOCUMENT b'1846381'
ACTION SNIPPET 10000 3823 SNIPPET_RELEVANT b'1354464'
ACTION DOC 10000 3843 EXAMINING_DOCUMENT b'1354464'
ACTION QUERY 10000 3853 home schooling virginia
ACTION SERP 10000 3858 EXAMINE_SERP
ACTION SNIPPET 10000 3861 SNIPPET_RELEVANT b'349466'
ACTION DOC 10000 3881 EXAMINING_DOCUMENT b'349466'
ACTION SNIPPET 10000 3884 SNIPPET_NOT_RELEVANT b'764953'
ACTION SNIPPET 10000 3887 SNIPPET_NOT_RELEVANT b'154900'
ACTION SNIPPET 10000 3890 SNIPPET_RELEVANT b'814779'
ACTION DOC 10000 3910 EXAMINING_DOCUMENT b'814779'
ACTION SNIPPET 10000 3913 SNIPPET_RELEVANT b'12408'
ACTION DOC 10000 3933 EXAMINING_DOCUMENT b'12408'
ACTION SNIPPET 10000 3936 SNIPPET_NOT_RELEVANT b'739257'
ACTION SNIPPET 10000 3939 SNIPPET_RELEVANT b'151569'
ACTION DOC 10000 3959 EXAMINING_DOCUMENT b'151569'
ACTION SNIPPET 10000 3962 SNIPPET_RELEVANT b'252349'
ACTION DOC 10000 3982 EXAMINING_DOCUMENT b'252349'
ACTION SNIPPET 10000 3985 SNIPPET_NOT_RELEVANT b'1109392'
ACTION SNIPPET 10000 3988 SNIPPET_NOT_RELEVANT b'685227'
ACTION QUERY 10000 3998 home schooling educating
ACTION SERP 10000 4003 EXAMINE_SERP
ACTION SNIPPET 10000 4006 SNIPPET_NOT_RELEVANT b'386255'
ACTION SNIPPET 10000 4009 SEEN_PREVIOUSLY b'1682430'
ACTION SNIPPET 10000 4012 SEEN_PREVIOUSLY b'403043'
ACTION SNIPPET 10000 4015 SEEN_PREVIOUSLY b'526264'
ACTION SNIPPET 10000 4018 SNIPPET_RELEVANT b'391930'
ACTION DOC 10000 4038 EXAMINING_DOCUMENT b'391930'
ACTION MARK 10000 4041 CONSIDERED_RELEVANT b'391930'
ACTION SNIPPET 10000 4044 SEEN_PREVIOUSLY b'391931'
ACTION SNIPPET 10000 4047 SNIPPET_RELEVANT b'398171'
ACTION DOC 10000 4067 EXAMINING_DOCUMENT b'398171'
ACTION MARK 10000 4070 CONSIDERED_RELEVANT b'398171'
ACTION SNIPPET 10000 4073 SEEN_PREVIOUSLY b'1696258'
ACTION SNIPPET 10000 4076 SEEN_PREVIOUSLY b'1356039'
ACTION SNIPPET 10000 4079 SEEN_PREVIOUSLY b'973404'
ACTION QUERY 10000 4089 home schooling ballot
ACTION SERP 10000 4094 EXAMINE_SERP
ACTION SNIPPET 10000 4097 SNIPPET_RELEVANT b'846155'
ACTION DOC 10000 4117 EXAMINING_DOCUMENT b'846155'
ACTION SNIPPET 10000 4120 SNIPPET_NOT_RELEVANT b'600601'
ACTION SNIPPET 10000 4123 SNIPPET_RELEVANT b'1170490'
ACTION DOC 10000 4143 EXAMINING_DOCUMENT b'1170490'
ACTION SNIPPET 10000 4146 SEEN_PREVIOUSLY b'556821'
ACTION SNIPPET 10000 4149 SNIPPET_NOT_RELEVANT b'1118100'
ACTION SNIPPET 10000 4152 SNIPPET_RELEVANT b'1850227'
ACTION DOC 10000 4172 EXAMINING_DOCUMENT b'1850227'
ACTION SNIPPET 10000 4175 SNIPPET_RELEVANT b'1346677'
ACTION DOC 10000 4195 EXAMINING_DOCUMENT b'1346677'
ACTION SNIPPET 10000 4198 SNIPPET_NOT_RELEVANT b'1363533'
ACTION SNIPPET 10000 4201 SNIPPET_RELEVANT b'254262'
ACTION DOC 10000 4221 EXAMINING_DOCUMENT b'254262'
ACTION SNIPPET 10000 4224 SNIPPET_NOT_RELEVANT b'1646355'
ACTION QUERY 10000 4234 home schooling republican
ACTION SERP 10000 4239 EXAMINE_SERP
ACTION SNIPPET 10000 4242 SNIPPET_RELEVANT b'494858'
ACTION DOC 10000 4262 EXAMINING_DOCUMENT b'494858'
ACTION SNIPPET 10000 4265 SNIPPET_NOT_RELEVANT b'1423291'
ACTION SNIPPET 10000 4268 SNIPPET_NOT_RELEVANT b'834535'
ACTION SNIPPET 10000 4271 SNIPPET_NOT_RELEVANT b'412604'
ACTION SNIPPET 10000 4274 SNIPPET_NOT_RELEVANT b'716353'
ACTION SNIPPET 10000 4277 SNIPPET_NOT_RELEVANT b'229376'
ACTION SNIPPET 10000 4280 SNIPPET_RELEVANT b'599803'
ACTION DOC 10000 4300 EXAMINING_DOCUMENT b'599803'
ACTION SNIPPET 10000 4303 SNIPPET_NOT_RELEVANT b'1673679'
ACTION SNIPPET 10000 4306 SNIPPET_RELEVANT b'895341'
ACTION DOC 10000 4326 EXAMINING_DOCUMENT b'895341'
ACTION SNIPPET 10000 4329 SNIPPET_NOT_RELEVANT b'746366'
ACTION QUERY 10000 4339 home schooling birthplace
ACTION SERP 10000 4344 EXAMINE_SERP
ACTION SNIPPET 10000 4347 SNIPPET_NOT_RELEVANT b'1474771'
ACTION SNIPPET 10000 4350 SNIPPET_RELEVANT b'932545'
ACTION DOC 10000 4370 EXAMINING_DOCUMENT b'932545'
ACTION SNIPPET 10000 4373 SNIPPET_RELEVANT b'1448753'
ACTION DOC 10000 4393 EXAMINING_DOCUMENT b'1448753'
ACTION SNIPPET 10000 4396 SNIPPET_RELEVANT b'68184'
ACTION DOC 10000 4416 EXAMINING_DOCUMENT b'68184'
ACTION SNIPPET 10000 4419 SNIPPET_NOT_RELEVANT b'690289'
ACTION SNIPPET 10000 4422 SNIPPET_RELEVANT b'1725758'
ACTION DOC 10000 4442 EXAMINING_DOCUMENT b'1725758'
ACTION SNIPPET 10000 4445 SNIPPET_NOT_RELEVANT b'259489'
ACTION SNIPPET 10000 4448 SNIPPET_RELEVANT b'242491'
ACTION DOC 10000 4468 EXAMINING_DOCUMENT b'242491'
ACTION SNIPPET 10000 4471 SNIPPET_NOT_RELEVANT b'1786377'
ACTION SNIPPET 10000 4474 SNIPPET_NOT_RELEVANT b'1775660'
ACTION QUERY 10000 4484 home schooling farris
ACTION SERP 10000 4489 EXAMINE_SERP
ACTION SNIPPET 10000 4492 SEEN_PREVIOUSLY b'629586'
ACTION SNIPPET 10000 4495 SNIPPET_NOT_RELEVANT b'1728611'
ACTION SNIPPET 10000 4498 SEEN_PREVIOUSLY b'1564834'
ACTION SNIPPET 10000 4501 SNIPPET_RELEVANT b'1167017'
ACTION DOC 10000 4521 EXAMINING_DOCUMENT b'1167017'
ACTION MARK 10000 4524 CONSIDERED_RELEVANT b'1167017'
ACTION SNIPPET 10000 4527 SNIPPET_NOT_RELEVANT b'568419'
ACTION SNIPPET 10000 4530 SNIPPET_RELEVANT b'173207'
ACTION DOC 10000 4550 EXAMINING_DOCUMENT b'173207'
ACTION MARK 10000 4553 CONSIDERED_RELEVANT b'173207'
ACTION SNIPPET 10000 4556 SNIPPET_NOT_RELEVANT b'1021104'
ACTION SNIPPET 10000 4559 SNIPPET_NOT_RELEVANT b'927183'
ACTION SNIPPET 10000 4562 SNIPPET_NOT_RELEVANT b'356827'
ACTION SNIPPET 10000 4565 SNIPPET_RELEVANT b'585260'
ACTION DOC 10000 4585 EXAMINING_DOCUMENT b'585260'
ACTION QUERY 10000 4595 home schooling social
ACTION SERP 10000 4600 EXAMINE_SERP
ACTION SNIPPET 10000 4603 SNIPPET_RELEVANT b'1356232'
ACTION DOC 10000 4623 EXAMINING_DOCUMENT b'1356232'
ACTION MARK 10000 4626 CONSIDERED_RELEVANT b'1356232'
ACTION SNIPPET 10000 4629 SNIPPET_NOT_RELEVANT b'309438'
ACTION SNIPPET 10000 4632 SNIPPET_NOT_RELEVANT b'1203536'
ACTION SNIPPET 10000 4635 SNIPPET_NOT_RELEVANT b'708434'
ACTION SNIPPET 10000 4638 SNIPPET_NOT_RELEVANT b'790461'
ACTION SNIPPET 10000 4641 SNIPPET_RELEVANT b'1384479'
ACTION DOC 10000 4661 EXAMINING_DOCUMENT b'1384479'
ACTION SNIPPET 10000 4664 SNIPPET_RELEVANT b'400657'
ACTION DOC 10000 4684 EXAMINING_DOCUMENT b'400657'
ACTION SNIPPET 10000 4687 SNIPPET_RELEVANT b'1645311'
ACTION DOC 10000 4707 EXAMINING_DOCUMENT b'1645311'
ACTION SNIPPET 10000 4710 SEEN_PREVIOUSLY b'1283851'
ACTION SNIPPET 10000 4713 SEEN_PREVIOUSLY b'72341'
ACTION QUERY 10000 4723 home schooling prevalent
ACTION SERP 10000 4728 EXAMINE_SERP
ACTION SNIPPET 10000 4731 SNIPPET_RELEVANT b'1145557'
ACTION DOC 10000 4751 EXAMINING_DOCUMENT b'1145557'
ACTION SNIPPET 10000 4754 SNIPPET_NOT_RELEVANT b'1652828'
ACTION SNIPPET 10000 4757 SNIPPET_NOT_RELEVANT b'1278734'
ACTION SNIPPET 10000 4760 SNIPPET_NOT_RELEVANT b'828707'
ACTION SNIPPET 10000 4763 SNIPPET_RELEVANT b'776791'
ACTION DOC 10000 4783 EXAMINING_DOCUMENT b'776791'
ACTION SNIPPET 10000 4786 SNIPPET_NOT_RELEVANT b'448018'
ACTION SNIPPET 10000 4789 SNIPPET_RELEVANT b'839213'
ACTION DOC 10000 4809 EXAMINING_DOCUMENT b'839213'
ACTION SNIPPET 10000 4812 SNIPPET_RELEVANT b'911388'
ACTION DOC 10000 4832 EXAMINING_DOCUMENT b'911388'
ACTION SNIPPET 10000 4835 SNIPPET_RELEVANT b'816624'
ACTION DOC 10000 4855 EXAMINING_DOCUMENT b'816624'
ACTION SNIPPET 10000 4858 SNIPPET_RELEVANT b'1824851'
ACTION DOC 10000 4878 EXAMINING_DOCUMENT b'1824851'
ACTION QUERY 10000 4888 home schooling pharaoh
ACTION SERP 10000 4893 EXAMINE_SERP
ACTION SNIPPET 10000 4896 SNIPPET_RELEVANT b'909235'
ACTION DOC 10000 4916 EXAMINING_DOCUMENT b'909235'
ACTION SNIPPET 10000 4919 SNIPPET_NOT_RELEVANT b'732973'
ACTION SNIPPET 10000 4922 SNIPPET_NOT_RELEVANT b'1406976'
ACTION SNIPPET 10000 4925 SNIPPET_RELEVANT b'1529913'
ACTION DOC 10000 4945 EXAMINING_DOCUMENT b'1529913'
ACTION SNIPPET 10000 4948 SNIPPET_NOT_RELEVANT b'1021010'
ACTION SNIPPET 10000 4951 SNIPPET_RELEVANT b'553476'
ACTION DOC 10000 4971 EXAMINING_DOCUMENT b'553476'
ACTION SNIPPET 10000 4974 SNIPPET_NOT_RELEVANT b'731904'
ACTION SNIPPET 10000 4977 SNIPPET_NOT_RELEVANT b'727756'
ACTION SNIPPET 10000 4980 SNIPPET_NOT_RELEVANT b'1709793'
ACTION SNIPPET 10000 4983 SNIPPET_RELEVANT b'1710303'
ACTION DOC 10000 5003 EXAMINING_DOCUMENT b'1710303'
ACTION QUERY 10000 5013 home schooling homeschooled
ACTION SERP 10000 5018 EXAMINE_SERP
ACTION SNIPPET 10000 5021 SNIPPET_RELEVANT b'1203538'
ACTION DOC 10000 5041 EXAMINING_DOCUMENT b'1203538'
ACTION MARK 10000 5044 CONSIDERED_RELEVANT b'1203538'
ACTION SNIPPET 10000 5047 SNIPPET_RELEVANT b'309639'
ACTION DOC 10000 5067 EXAMINING_DOCUMENT b'309639'
ACTION MARK 10000 5070 CONSIDERED_RELEVANT b'309639'
ACTION SNIPPET 10000 5073 SNIPPET_RELEVANT b'1057716'
ACTION DOC 10000 5093 EXAMINING_DOCUMENT b'1057716'
ACTION MARK 10000 5096 CONSIDERED_RELEVANT b'1057716'
ACTION SNIPPET 10000 5099 SNIPPET_RELEVANT b'1283837'
ACTION DOC 10000 5119 EXAMINING_DOCUMENT b'1283837'
ACTION MARK 10000 5122 CONSIDERED_RELEVANT b'1283837'
ACTION SNIPPET 10000 5125 SNIPPET_NOT_RELEVANT b'1307036'
ACTION SNIPPET 10000 5128 SNIPPET_NOT_RELEVANT b'1283841'
ACTION SNIPPET 10000 5131 SNIPPET_RELEVANT b'1004118'
ACTION DOC 10000 5151 EXAMINING_DOCUMENT b'1004118'
ACTION MARK 10000 5154 CONSIDERED_RELEVANT b'1004118'
ACTION SNIPPET 10000 5157 SNIPPET_RELEVANT b'579846'
ACTION DOC 10000 5177 EXAMINING_DOCUMENT b'579846'
ACTION MARK 10000 5180 CONSIDERED_RELEVANT b'579846'
ACTION SNIPPET 10000 5183 SNIPPET_RELEVANT b'1618576'
ACTION DOC 10000 5203 EXAMINING_DOCUMENT b'1618576'
ACTION MARK 10000 5206 CONSIDERED_RELEVANT b'1618576'
ACTION SNIPPET 10000 5209 SNIPPET_NOT_RELEVANT b'905058'
ACTION QUERY 10000 5219 home schooling hes
ACTION SERP 10000 5224 EXAMINE_SERP
ACTION SNIPPET 10000 5227 SNIPPET_NOT_RELEVANT b'1581318'
ACTION SNIPPET 10000 5230 SNIPPET_RELEVANT b'1821180'
ACTION DOC 10000 5250 EXAMINING_DOCUMENT b'1821180'
ACTION SNIPPET 10000 5253 SNIPPET_NOT_RELEVANT b'1563146'
ACTION SNIPPET 10000 5256 SNIPPET_NOT_RELEVANT b'1192062'
ACTION SNIPPET 10000 5259 SNIPPET_NOT_RELEVANT b'1277585'
ACTION SNIPPET 10000 5262 SNIPPET_RELEVANT b'1062603'
ACTION DOC 10000 5282 EXAMINING_DOCUMENT b'1062603'
ACTION SNIPPET 10000 5285 SNIPPET_RELEVANT b'1204462'
ACTION DOC 10000 5305 EXAMINING_DOCUMENT b'1204462'
ACTION SNIPPET 10000 5308 SNIPPET_NOT_RELEVANT b'575340'
ACTION SNIPPET 10000 5311 SNIPPET_NOT_RELEVANT b'806664'
ACTION SNIPPET 10000 5314 SNIPPET_RELEVANT b'1787787'
ACTION DOC 10000 5334 EXAMINING_DOCUMENT b'1787787'
ACTION QUERY 10000 5344 home schooling exclusive
ACTION SERP 10000 5349 EXAMINE_SERP
ACTION SNIPPET 10000 5352 SEEN_PREVIOUSLY b'1203538'
ACTION SNIPPET 10000 5355 SNIPPET_RELEVANT b'1442024'
ACTION DOC 10000 5375 EXAMINING_DOCUMENT b'1442024'
ACTION SNIPPET 10000 5378 SNIPPET_NOT_RELEVANT b'1825623'
ACTION SNIPPET 10000 5381 SNIPPET_RELEVANT b'1698806'
ACTION DOC 10000 5401 EXAMINING_DOCUMENT b'1698806'
ACTION SNIPPET 10000 5404 SNIPPET_RELEVANT b'1109487'
ACTION DOC 10000 5424 EXAMINING_DOCUMENT b'1109487'
ACTION SNIPPET 10000 5427 SNIPPET_NOT_RELEVANT b'324145'
ACTION SNIPPET 10000 5430 SNIPPET_NOT_RELEVANT b'544055'
ACTION SNIPPET 10000 5433 SNIPPET_NOT_RELEVANT b'173244'
ACTION SNIPPET 10000 5436 SEEN_PREVIOUSLY b'1384479'
ACTION SNIPPET 10000 5439 SNIPPET_NOT_RELEVANT b'1277795'
ACTION QUERY 10000 5449 home schooling magazine
ACTION SERP 10000 5454 EXAMINE_SERP
ACTION SNIPPET 10000 5457 SNIPPET_NOT_RELEVANT b'146482'
ACTION SNIPPET 10000 5460 SNIPPET_NOT_RELEVANT b'1305402'
ACTION SNIPPET 10000 5463 SNIPPET_RELEVANT b'349940'
ACTION DOC 10000 5483 EXAMINING_DOCUMENT b'349940'
ACTION SNIPPET 10000 5486 SNIPPET_NOT_RELEVANT b'106696'
ACTION SNIPPET 10000 5489 SNIPPET_RELEVANT b'1359282'
ACTION DOC 10000 5509 EXAMINING_DOCUMENT b'1359282'
ACTION SNIPPET 10000 5512 SNIPPET_NOT_RELEVANT b'995050'
ACTION SNIPPET 10000 5515 SNIPPET_NOT_RELEVANT b'1844384'
ACTION SNIPPET 10000 5518 SNIPPET_RELEVANT b'185063'
ACTION DOC 10000 5538 EXAMINING_DOCUMENT b'185063'
ACTION SNIPPET 10000 5541 SNIPPET_RELEVANT b'165851'
ACTION DOC 10000 5561 EXAMINING_DOCUMENT b'165851'
ACTION SNIPPET 10000 5564 SNIPPET_NOT_RELEVANT b'1713561'
ACTION QUERY 10000 5574 home schooling stylo
ACTION SERP 10000 5579 EXAMINE_SERP
ACTION SNIPPET 10000 5582 SEEN_PREVIOUSLY b'1283837'
ACTION SNIPPET 10000 5585 SNIPPET_NOT_RELEVANT b'450620'
ACTION SNIPPET 10000 5588 SNIPPET_NOT_RELEVANT b'1014603'
ACTION SNIPPET 10000 5591 SNIPPET_RELEVANT b'1205844'
ACTION DOC 10000 5611 EXAMINING_DOCUMENT b'1205844'
ACTION SNIPPET 10000 5614 SNIPPET_RELEVANT b'1852357'
ACTION DOC 10000 5634 EXAMINING_DOCUMENT b'1852357'
ACTION SNIPPET 10000 5637 SNIPPET_NOT_RELEVANT b'1385696'
ACTION SNIPPET 10000 5640 SNIPPET_NOT_RELEVANT b'456281'
ACTION SNIPPET 10000 5643 SNIPPET_NOT_RELEVANT b'164738'
ACTION SNIPPET 10000 5646 SNIPPET_RELEVANT b'996996'
ACTION DOC 10000 5666 EXAMINING_DOCUMENT b'996996'
ACTION SNIPPET 10000 5669 SNIPPET_NOT_RELEVANT b'1181455'
ACTION QUERY 10000 5679 home schooling homework
ACTION SERP 10000 5684 EXAMINE_SERP
ACTION SNIPPET 10000 5687 SNIPPET_NOT_RELEVANT b'1295707'
ACTION SNIPPET 10000 5690 SNIPPET_RELEVANT b'1575008'
ACTION DOC 10000 5710 EXAMINING_DOCUMENT b'1575008'
ACTION SNIPPET 10000 5713 SNIPPET_NOT_RELEVANT b'1074250'
ACTION SNIPPET 10000 5716 SNIPPET_RELEVANT b'1237688'
ACTION DOC 10000 5736 EXAMINING_DOCUMENT b'1237688'
ACTION SNIPPET 10000 5739 SNIPPET_NOT_RELEVANT b'203098'
ACTION SNIPPET 10000 5742 SNIPPET_RELEVANT b'499570'
ACTION DOC 10000 5762 EXAMINING_DOCUMENT b'499570'
ACTION SNIPPET 10000 5765 SNIPPET_RELEVANT b'1246553'
ACTION DOC 10000 5785 EXAMINING_DOCUMENT b'1246553'
ACTION MARK 10000 5788 CONSIDERED_RELEVANT b'1246553'
ACTION SNIPPET 10000 5791 SNIPPET_RELEVANT b'721426'
ACTION DOC 10000 5811 EXAMINING_DOCUMENT b'721426'
ACTION SNIPPET 10000 5814 SNIPPET_RELEVANT b'841826'
ACTION DOC 10000 5834 EXAMINING_DOCUMENT b'841826'
ACTION SNIPPET 10000 5837 SNIPPET_RELEVANT b'1323129'
ACTION DOC 10000 5857 EXAMINING_DOCUMENT b'1323129'
ACTION QUERY 10000 5867 home schooling prior
ACTION SERP 10000 5872 EXAMINE_SERP
ACTION SNIPPET 10000 5875 SNIPPET_RELEVANT b'1299378'
ACTION DOC 10000 5895 EXAMINING_DOCUMENT b'1299378'
ACTION SNIPPET 10000 5898 SNIPPET_NOT_RELEVANT b'1564737'
ACTION SNIPPET 10000 5901 SNIPPET_RELEVANT b'341963'
ACTION DOC 10000 5921 EXAMINING_DOCUMENT b'341963'
ACTION SNIPPET 10000 5924 SNIPPET_NOT_RELEVANT b'1478064'
ACTION SNIPPET 10000 5927 SNIPPET_NOT_RELEVANT b'1421337'
ACTION SNIPPET 10000 5930 SNIPPET_RELEVANT b'1847294'
ACTION DOC 10000 5950 EXAMINING_DOCUMENT b'1847294'
ACTION SNIPPET 10000 5953 SNIPPET_NOT_RELEVANT b'110511'
ACTION SNIPPET 10000 5956 SNIPPET_NOT_RELEVANT b'971266'
ACTION SNIPPET 10000 5959 SNIPPET_NOT_RELEVANT b'1456447'
ACTION SNIPPET 10000 5962 SNIPPET_RELEVANT b'509457'
ACTION DOC 10000 5982 EXAMINING_DOCUMENT b'509457'
ACTION QUERY 10000 5992 home schooling program
ACTION SERP 10000 5997 EXAMINE_SERP
ACTION SNIPPET 10000 6000 SNIPPET_RELEVANT b'342011'
ACTION DOC 10000 6020 EXAMINING_DOCUMENT b'342011'
ACTION SNIPPET 10000 6023 SNIPPET_RELEVANT b'1056789'
ACTION DOC 10000 6043 EXAMINING_DOCUMENT b'1056789'
ACTION MARK 10000 6046 CONSIDERED_RELEVANT b'1056789'
ACTION SNIPPET 10000 6049 SEEN_PREVIOUSLY b'973404'
ACTION SNIPPET 10000 6052 SEEN_PREVIOUSLY b'1004118'
ACTION SNIPPET 10000 6055 SNIPPET_RELEVANT b'1524975'
ACTION DOC 10000 6075 EXAMINING_DOCUMENT b'1524975'
ACTION SNIPPET 10000 6078 SNIPPET_NOT_RELEVANT b'1599134'
ACTION SNIPPET 10000 6081 SNIPPET_NOT_RELEVANT b'1420846'
ACTION SNIPPET 10000 6084 SNIPPET_RELEVANT b'55305'
ACTION DOC 10000 6104 EXAMINING_DOCUMENT b'55305'
ACTION SNIPPET 10000 6107 SNIPPET_NOT_RELEVANT b'795027'
ACTION SNIPPET 10000 6110 SNIPPET_RELEVANT b'795726'
ACTION DOC 10000 6130 EXAMINING_DOCUMENT b'795726'
ACTION QUERY 10000 6140 home schooling pre
ACTION SERP 10000 6145 EXAMINE_SERP
ACTION SNIPPET 10000 6148 SNIPPET_RELEVANT b'473656'
ACTION DOC 10000 6168 EXAMINING_DOCUMENT b'473656'
ACTION SNIPPET 10000 6171 SNIPPET_RELEVANT b'1025208'
ACTION DOC 10000 6191 EXAMINING_DOCUMENT b'1025208'
ACTION SNIPPET 10000 6194 SNIPPET_RELEVANT b'94082'
ACTION DOC 10000 6214 EXAMINING_DOCUMENT b'94082'
ACTION SNIPPET 10000 6217 SNIPPET_RELEVANT b'1004022'
ACTION DOC 10000 6237 EXAMINING_DOCUMENT b'1004022'
ACTION SNIPPET 10000 6240 SNIPPET_RELEVANT b'49186'
ACTION DOC 10000 6260 EXAMINING_DOCUMENT b'49186'
ACTION SNIPPET 10000 6263 SNIPPET_NOT_RELEVANT b'1101400'
ACTION SNIPPET 10000 6266 SNIPPET_NOT_RELEVANT b'1577481'
ACTION SNIPPET 10000 6269 SNIPPET_RELEVANT b'156745'
ACTION DOC 10000 6289 EXAMINING_DOCUMENT b'156745'
ACTION SNIPPET 10000 6292 SNIPPET_NOT_RELEVANT b'1494630'
ACTION SNIPPET 10000 6295 SNIPPET_RELEVANT b'1032810'
ACTION DOC 10000 6315 EXAMINING_DOCUMENT b'1032810'
ACTION QUERY 10000 6325 home schooling work
ACTION SERP 10000 6330 EXAMINE_SERP
ACTION SNIPPET 10000 6333 SEEN_PREVIOUSLY b'812141'
ACTION SNIPPET 10000 6336 SNIPPET_NOT_RELEVANT b'973586'
ACTION SNIPPET 10000 6339 SNIPPET_RELEVANT b'1058364'
ACTION DOC 10000 6359 EXAMINING_DOCUMENT b'1058364'
ACTION MARK 10000 6362 CONSIDERED_RELEVANT b'1058364'
ACTION SNIPPET 10000 6365 SEEN_PREVIOUSLY b'1158387'
ACTION SNIPPET 10000 6368 SNIPPET_NOT_RELEVANT b'933609'
ACTION SNIPPET 10000 6371 SEEN_PREVIOUSLY b'1696258'
ACTION SNIPPET 10000 6374 SEEN_PREVIOUSLY b'1635819'
ACTION SNIPPET 10000 6377 SNIPPET_NOT_RELEVANT b'387762'
ACTION SNIPPET 10000 6380 SNIPPET_NOT_RELEVANT b'1425578'
ACTION SNIPPET 10000 6383 SNIPPET_NOT_RELEVANT b'52324'
ACTION QUERY 10000 6393 home schooling best
ACTION SERP 10000 6398 EXAMINE_SERP
ACTION SNIPPET 10000 6401 SNIPPET_RELEVANT b'1532699'
ACTION DOC 10000 6421 EXAMINING_DOCUMENT b'1532699'
ACTION MARK 10000 6424 CONSIDERED_RELEVANT b'1532699'
ACTION SNIPPET 10000 6427 SNIPPET_RELEVANT b'1244529'
ACTION DOC 10000 6447 EXAMINING_DOCUMENT b'1244529'
ACTION SNIPPET 10000 6450 SNIPPET_RELEVANT b'775469'
ACTION DOC 10000 6470 EXAMINING_DOCUMENT b'775469'
ACTION SNIPPET 10000 6473 SNIPPET_RELEVANT b'182421'
ACTION DOC 10000 6493 EXAMINING_DOCUMENT b'182421'
ACTION SNIPPET 10000 6496 SNIPPET_RELEVANT b'121691'
ACTION DOC 10000 6516 EXAMINING_DOCUMENT b'121691'
ACTION SNIPPET 10000 6519 SNIPPET_RELEVANT b'1003854'
ACTION DOC 10000 6539 EXAMINING_DOCUMENT b'1003854'
ACTION SNIPPET 10000 6542 SNIPPET_NOT_RELEVANT b'64262'
ACTION SNIPPET 10000 6545 SNIPPET_RELEVANT b'1702452'
ACTION DOC 10000 6565 EXAMINING_DOCUMENT b'1702452'
ACTION SNIPPET 10000 6568 SNIPPET_RELEVANT b'1210150'
ACTION DOC 10000 6588 EXAMINING_DOCUMENT b'1210150'
ACTION MARK 10000 6591 CONSIDERED_RELEVANT b'1210150'
ACTION SNIPPET 10000 6594 SNIPPET_NOT_RELEVANT b'49159'
ACTION QUERY 10000 6604 home schooling beneficial
ACTION SERP 10000 6609 EXAMINE_SERP
ACTION SNIPPET 10000 6612 SNIPPET_NOT_RELEVANT b'718668'
ACTION SNIPPET 10000 6615 SEEN_PREVIOUSLY b'1519706'
ACTION SNIPPET 10000 6618 SNIPPET_NOT_RELEVANT b'11172'
ACTION SNIPPET 10000 6621 SNIPPET_NOT_RELEVANT b'643568'
ACTION SNIPPET 10000 6624 SNIPPET_RELEVANT b'643567'
ACTION DOC 10000 6644 EXAMINING_DOCUMENT b'643567'
ACTION SNIPPET 10000 6647 SNIPPET_NOT_RELEVANT b'1008225'
ACTION SNIPPET 10000 6650 SNIPPET_RELEVANT b'607403'
ACTION DOC 10000 6670 EXAMINING_DOCUMENT b'607403'
ACTION SNIPPET 10000 6673 SNIPPET_RELEVANT b'325161'
ACTION DOC 10000 6693 EXAMINING_DOCUMENT b'325161'
ACTION SNIPPET 10000 6696 SNIPPET_RELEVANT b'38737'
ACTION DOC 10000 6716 EXAMINING_DOCUMENT b'38737'
ACTION SNIPPET 10000 6719 SNIPPET_RELEVANT b'350534'
ACTION DOC 10000 6739 EXAMINING_DOCUMENT b'350534'
ACTION QUERY 10000 6749 home schooling ma
ACTION SERP 10000 6754 EXAMINE_SERP
ACTION SNIPPET 10000 6757 SNIPPET_RELEVANT b'1030984'
ACTION DOC 10000 6777 EXAMINING_DOCUMENT b'1030984'
ACTION SNIPPET 10000 6780 SNIPPET_NOT_RELEVANT b'1271064'
ACTION SNIPPET 10000 6783 SNIPPET_RELEVANT b'1269737'
ACTION DOC 10000 6803 EXAMINING_DOCUMENT b'1269737'
ACTION SNIPPET 10000 6806 SNIPPET_RELEVANT b'1549169'
ACTION DOC 10000 6826 EXAMINING_DOCUMENT b'1549169'
ACTION SNIPPET 10000 6829 SNIPPET_NOT_RELEVANT b'1320431'
ACTION SNIPPET 10000 6832 SNIPPET_NOT_RELEVANT b'1568759'
ACTION SNIPPET 10000 6835 SNIPPET_NOT_RELEVANT b'1807190'
ACTION SNIPPET 10000 6838 SNIPPET_RELEVANT b'1057268'
ACTION DOC 10000 6858 EXAMINING_DOCUMENT b'1057268'
ACTION SNIPPET 10000 6861 SNIPPET_NOT_RELEVANT b'1622349'
ACTION SNIPPET 10000 6864 SNIPPET_NOT_RELEVANT b'913162'
ACTION QUERY 10000 6874 home schooling homes
ACTION SERP 10000 6879 EXAMINE_SERP
ACTION SNIPPET 10000 6882 SEEN_PREVIOUSLY b'1356039'
ACTION SNIPPET 10000 6885 SEEN_PREVIOUSLY b'403043'
ACTION SNIPPET 10000 6888 SEEN_PREVIOUSLY b'1696258'
ACTION SNIPPET 10000 6891 SEEN_PREVIOUSLY b'973404'
ACTION SNIPPET 10000 6894 SEEN_PREVIOUSLY b'72341'
ACTION SNIPPET 10000 6897 SEEN_PREVIOUSLY b'1266276'
ACTION SNIPPET 10000 6900 SEEN_PREVIOUSLY b'1537262'
ACTION SNIPPET 10000 6903 SNIPPET_RELEVANT b'1201094'
ACTION DOC 10000 6923 EXAMINING_DOCUMENT b'1201094'
ACTION MARK 10000 6926 CONSIDERED_RELEVANT b'1201094'
ACTION SNIPPET 10000 6929 SEEN_PREVIOUSLY b'1630458'
ACTION SNIPPET 10000 6932 SEEN_PREVIOUSLY b'1682148'
ACTION QUERY 10000 6942 home schooling barr
ACTION SERP 10000 6947 EXAMINE_SERP
ACTION SNIPPET 10000 6950 SNIPPET_RELEVANT b'1717376'
ACTION DOC 10000 6970 EXAMINING_DOCUMENT b'1717376'
ACTION SNIPPET 10000 6973 SNIPPET_NOT_RELEVANT b'1820133'
ACTION SNIPPET 10000 6976 SNIPPET_RELEVANT b'1557445'
ACTION DOC 10000 6996 EXAMINING_DOCUMENT b'1557445'
ACTION SNIPPET 10000 6999 SNIPPET_NOT_RELEVANT b'1556991'
ACTION SNIPPET 10000 7002 SNIPPET_NOT_RELEVANT b'151584'
ACTION SNIPPET 10000 7005 SNIPPET_NOT_RELEVANT b'211970'
ACTION SNIPPET 10000 7008 SNIPPET_NOT_RELEVANT b'478607'
ACTION SNIPPET 10000 7011 SNIPPET_RELEVANT b'1305170'
ACTION DOC 10000 7031 EXAMINING_DOCUMENT b'1305170'
ACTION SNIPPET 10000 7034 SNIPPET_RELEVANT b'904414'
ACTION DOC 10000 7054 EXAMINING_DOCUMENT b'904414'
ACTION SNIPPET 10000 7057 SNIPPET_NOT_RELEVANT b'125202'
ACTION QUERY 10000 7067 home schooling junior
ACTION SERP 10000 7072 EXAMINE_SERP
ACTION SNIPPET 10000 7075 SNIPPET_NOT_RELEVANT b'473212'
ACTION SNIPPET 10000 7078 SNIPPET_NOT_RELEVANT b'852659'
ACTION SNIPPET 10000 7081 SNIPPET_RELEVANT b'160539'
ACTION DOC 10000 7101 EXAMINING_DOCUMENT b'160539'
ACTION SNIPPET 10000 7104 SNIPPET_NOT_RELEVANT b'374619'
ACTION SNIPPET 10000 7107 SNIPPET_RELEVANT b'50467'
ACTION DOC 10000 7127 EXAMINING_DOCUMENT b'50467'
ACTION SNIPPET 10000 7130 SNIPPET_RELEVANT b'1126657'
ACTION DOC 10000 7150 EXAMINING_DOCUMENT b'1126657'
ACTION SNIPPET 10000 7153 SNIPPET_NOT_RELEVANT b'341452'
ACTION SNIPPET 10000 7156 SNIPPET_RELEVANT b'748403'
ACTION DOC 10000 7176 EXAMINING_DOCUMENT b'748403'
ACTION SNIPPET 10000 7179 SNIPPET_RELEVANT b'1587401'
ACTION DOC 10000 7199 EXAMINING_DOCUMENT b'1587401'
ACTION SNIPPET 10000 7202 SNIPPET_NOT_RELEVANT b'736677'
ACTION QUERY 10000 7212 home schooling barrow
ACTION SERP 10000 7217 EXAMINE_SERP
ACTION SNIPPET 10000 7220 SNIPPET_NOT_RELEVANT b'740782'
ACTION SNIPPET 10000 7223 SNIPPET_NOT_RELEVANT b'652186'
ACTION SNIPPET 10000 7226 SNIPPET_NOT_RELEVANT b'1436882'
ACTION SNIPPET 10000 7229 SNIPPET_NOT_RELEVANT b'1223157'
ACTION SNIPPET 10000 7232 SNIPPET_NOT_RELEVANT b'1070224'
ACTION SNIPPET 10000 7235 SNIPPET_RELEVANT b'1070467'
ACTION DOC 10000 7255 EXAMINING_DOCUMENT b'1070467'
ACTION SNIPPET 10000 7258 SNIPPET_NOT_RELEVANT b'626537'
ACTION SNIPPET 10000 7261 SNIPPET_RELEVANT b'552158'
ACTION DOC 10000 7281 EXAMINING_DOCUMENT b'552158'
ACTION SNIPPET 10000 7284 SNIPPET_NOT_RELEVANT b'1014340'
ACTION SNIPPET 10000 7287 SNIPPET_NOT_RELEVANT b'1044214'
ACTION QUERY 10000 7297 home schooling seniors
ACTION SERP 10000 7302 EXAMINE_SERP
ACTION SNIPPET 10000 7305 SNIPPET_NOT_RELEVANT b'938618'
ACTION SNIPPET 10000 7308 SNIPPET_NOT_RELEVANT b'242035'
ACTION SNIPPET 10000 7311 SNIPPET_NOT_RELEVANT b'1285656'
ACTION SNIPPET 10000 7314 SNIPPET_RELEVANT b'1322573'
ACTION DOC 10000 7334 EXAMINING_DOCUMENT b'1322573'
ACTION SNIPPET 10000 7337 SNIPPET_RELEVANT b'55409'
ACTION DOC 10000 7357 EXAMINING_DOCUMENT b'55409'
ACTION SNIPPET 10000 7360 SNIPPET_NOT_RELEVANT b'1074255'
ACTION SNIPPET 10000 7363 SNIPPET_RELEVANT b'366624'
ACTION DOC 10000 7383 EXAMINING_DOCUMENT b'366624'
ACTION SNIPPET 10000 7386 SNIPPET_RELEVANT b'1268120'
ACTION DOC 10000 7406 EXAMINING_DOCUMENT b'1268120'
ACTION SNIPPET 10000 7409 SNIPPET_RELEVANT b'38672'
ACTION DOC 10000 7429 EXAMINING_DOCUMENT b'38672'
ACTION SNIPPET 10000 7432 SNIPPET_RELEVANT b'1501106'
ACTION DOC 10000 7452 EXAMINING_DOCUMENT b'1501106'
ACTION QUERY 10000 7462 home schooling help
ACTION SERP 10000 7467 EXAMINE_SERP
ACTION SNIPPET 10000 7470 SNIPPET_RELEVANT b'414217'
ACTION DOC 10000 7490 EXAMINING_DOCUMENT b'414217'
ACTION SNIPPET 10000 7493 SNIPPET_NOT_RELEVANT b'52324'
ACTION SNIPPET 10000 7496 SEEN_PREVIOUSLY b'812141'
ACTION SNIPPET 10000 7499 SNIPPET_RELEVANT b'1116864'
ACTION DOC 10000 7519 EXAMINING_DOCUMENT b'1116864'
ACTION SNIPPET 10000 7522 SEEN_PREVIOUSLY b'1537262'
ACTION SNIPPET 10000 7525 SNIPPET_NOT_RELEVANT b'1693135'
ACTION SNIPPET 10000 7528 SNIPPET_RELEVANT b'790461'
ACTION DOC 10000 7548 EXAMINING_DOCUMENT b'790461'
ACTION MARK 10000 7551 CONSIDERED_RELEVANT b'790461'
ACTION SNIPPET 10000 7554 SEEN_PREVIOUSLY b'1635819'
ACTION SNIPPET 10000 7557 SNIPPET_RELEVANT b'1071112'
ACTION DOC 10000 7577 EXAMINING_DOCUMENT b'1071112'
ACTION SNIPPET 10000 7580 SNIPPET_NOT_RELEVANT b'400655'
ACTION QUERY 10000 7590 home schooling alive
ACTION SERP 10000 7595 EXAMINE_SERP
ACTION SNIPPET 10000 7598 SNIPPET_NOT_RELEVANT b'313950'
ACTION SNIPPET 10000 7601 SEEN_PREVIOUSLY b'391930'
ACTION SNIPPET 10000 7604 SEEN_PREVIOUSLY b'391931'
ACTION SNIPPET 10000 7607 SNIPPET_NOT_RELEVANT b'644409'
ACTION SNIPPET 10000 7610 SNIPPET_RELEVANT b'360785'
ACTION DOC 10000 7630 EXAMINING_DOCUMENT b'360785'
ACTION SNIPPET 10000 7633 SNIPPET_NOT_RELEVANT b'1327590'
ACTION SNIPPET 10000 7636 SNIPPET_RELEVANT b'322032'
ACTION DOC 10000 7656 EXAMINING_DOCUMENT b'322032'
ACTION SNIPPET 10000 7659 SNIPPET_NOT_RELEVANT b'138177'
ACTION SNIPPET 10000 7662 SNIPPET_NOT_RELEVANT b'97913'
ACTION SNIPPET 10000 7665 SNIPPET_RELEVANT b'636732'
ACTION DOC 10000 7685 EXAMINING_DOCUMENT b'636732'
ACTION QUERY 10000 7695 home schooling citizens
ACTION SERP 10000 7700 EXAMINE_SERP
ACTION SNIPPET 10000 7703 SNIPPET_RELEVANT b'1519020'
ACTION DOC 10000 7723 EXAMINING_DOCUMENT b'1519020'
ACTION SNIPPET 10000 7726 SNIPPET_NOT_RELEVANT b'786065'
ACTION SNIPPET 10000 7729 SNIPPET_RELEVANT b'1176059'
ACTION DOC 10000 7749 EXAMINING_DOCUMENT b'1176059'
ACTION SNIPPET 10000 7752 SNIPPET_NOT_RELEVANT b'114901'
ACTION SNIPPET 10000 7755 SNIPPET_RELEVANT b'352871'
ACTION DOC 10000 7775 EXAMINING_DOCUMENT b'352871'
ACTION SNIPPET 10000 7778 SNIPPET_RELEVANT b'246367'
ACTION DOC 10000 7798 EXAMINING_DOCUMENT b'246367'
ACTION SNIPPET 10000 7801 SNIPPET_RELEVANT b'569677'
ACTION DOC 10000 7821 EXAMINING_DOCUMENT b'569677'
ACTION SNIPPET 10000 7824 SNIPPET_NOT_RELEVANT b'911390'
ACTION SNIPPET 10000 7827 SNIPPET_NOT_RELEVANT b'379561'
ACTION SNIPPET 10000 7830 SNIPPET_RELEVANT b'1396124'
ACTION DOC 10000 7850 EXAMINING_DOCUMENT b'1396124'
ACTION QUERY 10000 7860 home schooling educate
ACTION SERP 10000 7865 EXAMINE_SERP
ACTION SNIPPET 10000 7868 SNIPPET_RELEVANT b'386255'
ACTION DOC 10000 7888 EXAMINING_DOCUMENT b'386255'
ACTION MARK 10000 7891 CONSIDERED_RELEVANT b'386255'
ACTION SNIPPET 10000 7894 SEEN_PREVIOUSLY b'1682430'
ACTION SNIPPET 10000 7897 SEEN_PREVIOUSLY b'403043'
ACTION SNIPPET 10000 7900 SEEN_PREVIOUSLY b'526264'
ACTION SNIPPET 10000 7903 SEEN_PREVIOUSLY b'391930'
ACTION SNIPPET 10000 7906 SEEN_PREVIOUSLY b'391931'
ACTION SNIPPET 10000 7909 SEEN_PREVIOUSLY b'398171'
ACTION SNIPPET 10000 7912 SEEN_PREVIOUSLY b'1696258'
ACTION SNIPPET 10000 7915 SEEN_PREVIOUSLY b'1356039'
ACTION SNIPPET 10000 7918 SEEN_PREVIOUSLY b'973404'
ACTION QUERY 10000 7928 home schooling money
ACTION SERP 10000 7933 EXAMINE_SERP
ACTION SNIPPET 10000 7936 SNIPPET_NOT_RELEVANT b'853566'
ACTION SNIPPET 10000 7939 SNIPPET_NOT_RELEVANT b'1654335'
ACTION SNIPPET 10000 7942 SNIPPET_NOT_RELEVANT b'1136513'
ACTION SNIPPET 10000 7945 SNIPPET_NOT_RELEVANT b'1697382'
ACTION SNIPPET 10000 7948 SNIPPET_RELEVANT b'1609118'
ACTION DOC 10000 7968 EXAMINING_DOCUMENT b'1609118'
ACTION SNIPPET 10000 7971 SNIPPET_NOT_RELEVANT b'212174'
ACTION SNIPPET 10000 7974 SEEN_PREVIOUSLY b'556821'
ACTION SNIPPET 10000 7977 SNIPPET_RELEVANT b'874630'
ACTION DOC 10000 7997 EXAMINING_DOCUMENT b'874630'
ACTION SNIPPET 10000 8000 SNIPPET_NOT_RELEVANT b'11648'
ACTION SNIPPET 10000 8003 SEEN_PREVIOUSLY b'181403'
ACTION QUERY 10000 8013 home schooling costs
ACTION SERP 10000 8018 EXAMINE_SERP
ACTION SNIPPET 10000 8021 SNIPPET_NOT_RELEVANT b'373709'
ACTION SNIPPET 10000 8024 SNIPPET_NOT_RELEVANT b'1009456'
ACTION SNIPPET 10000 8027 SNIPPET_RELEVANT b'213705'
ACTION DOC 10000 8047 EXAMINING_DOCUMENT b'213705'
ACTION SNIPPET 10000 8050 SNIPPET_NOT_RELEVANT b'901546'
ACTION SNIPPET 10000 8053 SNIPPET_NOT_RELEVANT b'1200838'
ACTION SNIPPET 10000 8056 SEEN_PREVIOUSLY b'1682430'
ACTION SNIPPET 10000 8059 SNIPPET_NOT_RELEVANT b'1009001'
ACTION SNIPPET 10000 8062 SNIPPET_NOT_RELEVANT b'1682431'
ACTION SNIPPET 10000 8065 SNIPPET_NOT_RELEVANT b'289033'
ACTION SNIPPET 10000 8068 SEEN_PREVIOUSLY b'181403'
ACTION QUERY 10000 8078 home schooling mom
ACTION SERP 10000 8083 EXAMINE_SERP
ACTION SNIPPET 10000 8086 SNIPPET_NOT_RELEVANT b'249769'
ACTION SNIPPET 10000 8089 SNIPPET_NOT_RELEVANT b'1313163'
ACTION SNIPPET 10000 8092 SNIPPET_NOT_RELEVANT b'1737514'
ACTION SNIPPET 10000 8095 SNIPPET_RELEVANT b'1388383'
ACTION DOC 10000 8115 EXAMINING_DOCUMENT b'1388383'
ACTION SNIPPET 10000 8118 SNIPPET_RELEVANT b'290882'
ACTION DOC 10000 8138 EXAMINING_DOCUMENT b'290882'
ACTION SNIPPET 10000 8141 SNIPPET_NOT_RELEVANT b'1062146'
ACTION SNIPPET 10000 8144 SNIPPET_RELEVANT b'1755473'
ACTION DOC 10000 8164 EXAMINING_DOCUMENT b'1755473'
ACTION SNIPPET 10000 8167 SNIPPET_NOT_RELEVANT b'1389908'
ACTION SNIPPET 10000 8170 SNIPPET_NOT_RELEVANT b'1575047'
ACTION SNIPPET 10000 8173 SNIPPET_NOT_RELEVANT b'854611'
ACTION QUERY 10000 8183 home schooling jerseys
ACTION SERP 10000 8188 EXAMINE_SERP
ACTION SNIPPET 10000 8191 SNIPPET_RELEVANT b'1535385'
ACTION DOC 10000 8211 EXAMINING_DOCUMENT b'1535385'
ACTION MARK 10000 8214 CONSIDERED_RELEVANT b'1535385'
ACTION SNIPPET 10000 8217 SNIPPET_NOT_RELEVANT b'135045'
ACTION SNIPPET 10000 8220 SNIPPET_NOT_RELEVANT b'1231218'
ACTION SNIPPET 10000 8223 SNIPPET_RELEVANT b'1009456'
ACTION DOC 10000 8243 EXAMINING_DOCUMENT b'1009456'
ACTION SNIPPET 10000 8246 SNIPPET_NOT_RELEVANT b'1084433'
ACTION SNIPPET 10000 8249 SNIPPET_NOT_RELEVANT b'148339'
ACTION SNIPPET 10000 8252 SNIPPET_RELEVANT b'154218'
ACTION DOC 10000 8272 EXAMINING_DOCUMENT b'154218'
ACTION SNIPPET 10000 8275 SNIPPET_RELEVANT b'1824538'
ACTION DOC 10000 8295 EXAMINING_DOCUMENT b'1824538'
ACTION SNIPPET 10000 8298 SNIPPET_RELEVANT b'1704194'
ACTION DOC 10000 8318 EXAMINING_DOCUMENT b'1704194'
ACTION SNIPPET 10000 8321 SNIPPET_NOT_RELEVANT b'1300383'
ACTION QUERY 10000 8331 home schooling starve
ACTION SERP 10000 8336 EXAMINE_SERP
ACTION SNIPPET 10000 8339 SNIPPET_RELEVANT b'1531290'
ACTION DOC 10000 8359 EXAMINING_DOCUMENT b'1531290'
ACTION MARK 10000 8362 CONSIDERED_RELEVANT b'1531290'
ACTION SNIPPET 10000 8365 SNIPPET_RELEVANT b'877069'
ACTION DOC 10000 8385 EXAMINING_DOCUMENT b'877069'
ACTION SNIPPET 10000 8388 SNIPPET_NOT_RELEVANT b'1830898'
ACTION SNIPPET 10000 8391 SNIPPET_RELEVANT b'1534655'
ACTION DOC 10000 8411 EXAMINING_DOCUMENT b'1534655'
ACTION SNIPPET 10000 8414 SNIPPET_NOT_RELEVANT b'719825'
ACTION SNIPPET 10000 8417 SNIPPET_NOT_RELEVANT b'1458607'
ACTION SNIPPET 10000 8420 SNIPPET_NOT_RELEVANT b'1387789'
ACTION SNIPPET 10000 8423 SNIPPET_NOT_RELEVANT b'1091844'
ACTION SNIPPET 10000 8426 SNIPPET_NOT_RELEVANT b'1196918'
ACTION SNIPPET 10000 8429 SNIPPET_NOT_RELEVANT b'1669881'
ACTION QUERY 10000 8439 home schooling street
ACTION SERP 10000 8444 EXAMINE_SERP
ACTION SNIPPET 10000 8447 SNIPPET_RELEVANT b'1697382'
ACTION DOC 10000 8467 EXAMINING_DOCUMENT b'1697382'
ACTION SNIPPET 10000 8470 SNIPPET_RELEVANT b'632600'
ACTION DOC 10000 8490 EXAMINING_DOCUMENT b'632600'
ACTION SNIPPET 10000 8493 SNIPPET_RELEVANT b'592621'
ACTION DOC 10000 8513 EXAMINING_DOCUMENT b'592621'
ACTION SNIPPET 10000 8516 SNIPPET_RELEVANT b'592620'
ACTION DOC 10000 8536 EXAMINING_DOCUMENT b'592620'
ACTION SNIPPET 10000 8539 SNIPPET_RELEVANT b'436516'
ACTION DOC 10000 8559 EXAMINING_DOCUMENT b'436516'
ACTION SNIPPET 10000 8562 SNIPPET_NOT_RELEVANT b'1634167'
ACTION SNIPPET 10000 8565 SNIPPET_RELEVANT b'1560547'
ACTION DOC 10000 8585 EXAMINING_DOCUMENT b'1560547'
ACTION SNIPPET 10000 8588 SNIPPET_RELEVANT b'241286'
ACTION DOC 10000 8608 EXAMINING_DOCUMENT b'241286'
ACTION SNIPPET 10000 8611 SNIPPET_NOT_RELEVANT b'743035'
ACTION SNIPPET 10000 8614 SNIPPET_NOT_RELEVANT b'742692'
ACTION QUERY 10000 8624 home schooling walked
ACTION SERP 10000 8629 EXAMINE_SERP
ACTION SNIPPET 10000 8632 SNIPPET_NOT_RELEVANT b'1147699'
ACTION SNIPPET 10000 8635 SNIPPET_NOT_RELEVANT b'1076831'
ACTION SNIPPET 10000 8638 SNIPPET_NOT_RELEVANT b'964335'
ACTION SNIPPET 10000 8641 SNIPPET_RELEVANT b'1430459'
ACTION DOC 10000 8661 EXAMINING_DOCUMENT b'1430459'
ACTION SNIPPET 10000 8664 SNIPPET_RELEVANT b'691194'
ACTION DOC 10000 8684 EXAMINING_DOCUMENT b'691194'
ACTION SNIPPET 10000 8687 SNIPPET_NOT_RELEVANT b'804484'
ACTION SNIPPET 10000 8690 SNIPPET_RELEVANT b'804749'
ACTION DOC 10000 8710 EXAMINING_DOCUMENT b'804749'
ACTION SNIPPET 10000 8713 SNIPPET_NOT_RELEVANT b'1077058'
ACTION SNIPPET 10000 8716 SNIPPET_RELEVANT b'798190'
ACTION DOC 10000 8736 EXAMINING_DOCUMENT b'798190'
ACTION MARK 10000 8739 CONSIDERED_RELEVANT b'798190'
ACTION SNIPPET 10000 8742 SEEN_PREVIOUSLY b'798624'
ACTION QUERY 10000 8752 home schooling picked
ACTION SERP 10000 8757 EXAMINE_SERP
ACTION SNIPPET 10000 8760 SNIPPET_NOT_RELEVANT b'170704'
ACTION SNIPPET 10000 8763 SNIPPET_NOT_RELEVANT b'934689'
ACTION SNIPPET 10000 8766 SEEN_PREVIOUSLY b'798190'
ACTION SNIPPET 10000 8769 SEEN_PREVIOUSLY b'798624'
ACTION SNIPPET 10000 8772 SNIPPET_RELEVANT b'1516896'
ACTION DOC 10000 8792 EXAMINING_DOCUMENT b'1516896'
ACTION SNIPPET 10000 8795 SNIPPET_RELEVANT b'1415972'
ACTION DOC 10000 8815 EXAMINING_DOCUMENT b'1415972'
ACTION MARK 10000 8818 CONSIDERED_RELEVANT b'1415972'
ACTION SNIPPET 10000 8821 SNIPPET_RELEVANT b'631217'
ACTION DOC 10000 8841 EXAMINING_DOCUMENT b'631217'
ACTION SNIPPET 10000 8844 SNIPPET_NOT_RELEVANT b'1591'
ACTION SNIPPET 10000 8847 SNIPPET_NOT_RELEVANT b'1591'
ACTION SNIPPET 10000 8850 SNIPPET_NOT_RELEVANT b'1522281'
ACTION QUERY 10000 8860 home schooling played
ACTION SERP 10000 8865 EXAMINE_SERP
ACTION SNIPPET 10000 8868 SEEN_PREVIOUSLY b'1682430'
ACTION SNIPPET 10000 8871 SEEN_PREVIOUSLY b'973404'
ACTION SNIPPET 10000 8874 SEEN_PREVIOUSLY b'1004118'
ACTION SNIPPET 10000 8877 SEEN_PREVIOUSLY b'1682148'
ACTION SNIPPET 10000 8880 SNIPPET_NOT_RELEVANT b'3565'
ACTION SNIPPET 10000 8883 SNIPPET_NOT_RELEVANT b'3565'
ACTION SNIPPET 10000 8886 SNIPPET_NOT_RELEVANT b'691390'
ACTION SNIPPET 10000 8889 SEEN_PREVIOUSLY b'1210150'
ACTION SNIPPET 10000 8892 SNIPPET_RELEVANT b'1140252'
ACTION DOC 10000 8912 EXAMINING_DOCUMENT b'1140252'
ACTION SNIPPET 10000 8915 SNIPPET_RELEVANT b'63187'
ACTION DOC 10000 8935 EXAMINING_DOCUMENT b'63187'
ACTION QUERY 10000 8945 home schooling cost
ACTION SERP 10000 8950 EXAMINE_SERP
ACTION SNIPPET 10000 8953 SNIPPET_RELEVANT b'373709'
ACTION DOC 10000 8973 EXAMINING_DOCUMENT b'373709'
ACTION SNIPPET 10000 8976 SEEN_PREVIOUSLY b'1009456'
ACTION SNIPPET 10000 8979 SEEN_PREVIOUSLY b'213705'
ACTION SNIPPET 10000 8982 SNIPPET_RELEVANT b'901546'
ACTION DOC 10000 9002 EXAMINING_DOCUMENT b'901546'
ACTION SNIPPET 10000 9005 SNIPPET_RELEVANT b'1200838'
ACTION DOC 10000 9025 EXAMINING_DOCUMENT b'1200838'
ACTION SNIPPET 10000 9028 SEEN_PREVIOUSLY b'1682430'
ACTION SNIPPET 10000 9031 SNIPPET_RELEVANT b'1009001'
ACTION DOC 10000 9051 EXAMINING_DOCUMENT b'1009001'
ACTION SNIPPET 10000 9054 SNIPPET_RELEVANT b'1682431'
ACTION DOC 10000 9074 EXAMINING_DOCUMENT b'1682431'
ACTION MARK 10000 9077 CONSIDERED_RELEVANT b'1682431'
ACTION SNIPPET 10000 9080 SNIPPET_RELEVANT b'289033'
ACTION DOC 10000 9100 EXAMINING_DOCUMENT b'289033'
ACTION SNIPPET 10000 9103 SEEN_PREVIOUSLY b'181403'
ACTION QUERY 10000 9113 home schooling right
ACTION SERP 10000 9118 EXAMINE_SERP
ACTION SNIPPET 10000 9121 SEEN_PREVIOUSLY b'1210150'
ACTION SNIPPET 10000 9124 SEEN_PREVIOUSLY b'72341'
ACTION SNIPPET 10000 9127 SNIPPET_NOT_RELEVANT b'1629700'
ACTION SNIPPET 10000 9130 SEEN_PREVIOUSLY b'386255'
ACTION SNIPPET 10000 9133 SEEN_PREVIOUSLY b'1682431'
ACTION SNIPPET 10000 9136 SEEN_PREVIOUSLY b'1682148'
ACTION SNIPPET 10000 9139 SNIPPET_RELEVANT b'1203537'
ACTION DOC 10000 9159 EXAMINING_DOCUMENT b'1203537'
ACTION MARK 10000 9162 CONSIDERED_RELEVANT b'1203537'
ACTION SNIPPET 10000 9165 SEEN_PREVIOUSLY b'526264'
ACTION SNIPPET 10000 9168 SNIPPET_NOT_RELEVANT b'818230'
ACTION SNIPPET 10000 9171 SNIPPET_RELEVANT b'24460'
ACTION DOC 10000 9191 EXAMINING_DOCUMENT b'24460'
ACTION MARK 10000 9194 CONSIDERED_RELEVANT b'24460'
ACTION QUERY 10000 9204 home schooling song
ACTION SERP 10000 9209 EXAMINE_SERP
ACTION SNIPPET 10000 9212 SNIPPET_NOT_RELEVANT b'856192'
ACTION SNIPPET 10000 9215 SNIPPET_RELEVANT b'1441334'
ACTION DOC 10000 9235 EXAMINING_DOCUMENT b'1441334'
ACTION SNIPPET 10000 9238 SNIPPET_RELEVANT b'1380110'
ACTION DOC 10000 9258 EXAMINING_DOCUMENT b'1380110'
ACTION SNIPPET 10000 9261 SNIPPET_NOT_RELEVANT b'528354'
ACTION SNIPPET 10000 9264 SNIPPET_NOT_RELEVANT b'1668954'
ACTION SNIPPET 10000 9267 SNIPPET_RELEVANT b'1206734'
ACTION DOC 10000 9287 EXAMINING_DOCUMENT b'1206734'
ACTION SNIPPET 10000 9290 SNIPPET_NOT_RELEVANT b'1230607'
ACTION SNIPPET 10000 9293 SNIPPET_RELEVANT b'1472181'
ACTION DOC 10000 9313 EXAMINING_DOCUMENT b'1472181'
ACTION SNIPPET 10000 9316 SNIPPET_NOT_RELEVANT b'259575'
ACTION SNIPPET 10000 9319 SNIPPET_RELEVANT b'1732004'
ACTION DOC 10000 9339 EXAMINING_DOCUMENT b'1732004'
ACTION QUERY 10000 9349 home schooling today
ACTION SERP 10000 9354 EXAMINE_SERP
ACTION SNIPPET 10000 9357 SNIPPET_NOT_RELEVANT b'14372'
ACTION SNIPPET 10000 9360 SEEN_PREVIOUSLY b'55305'
ACTION SNIPPET 10000 9363 SNIPPET_NOT_RELEVANT b'70015'
ACTION SNIPPET 10000 9366 SNIPPET_NOT_RELEVANT b'153218'
ACTION SNIPPET 10000 9369 SEEN_PREVIOUSLY b'213705'
ACTION SNIPPET 10000 9372 SNIPPET_RELEVANT b'291079'
ACTION DOC 10000 9392 EXAMINING_DOCUMENT b'291079'
ACTION SNIPPET 10000 9395 SNIPPET_NOT_RELEVANT b'294161'
ACTION SNIPPET 10000 9398 SNIPPET_NOT_RELEVANT b'76894'
ACTION SNIPPET 10000 9401 SNIPPET_RELEVANT b'70220'
ACTION DOC 10000 9421 EXAMINING_DOCUMENT b'70220'
ACTION SNIPPET 10000 9424 SNIPPET_RELEVANT b'743150'
ACTION DOC 10000 9444 EXAMINING_DOCUMENT b'743150'
ACTION QUERY 10000 9454 home schooling join
ACTION SERP 10000 9459 EXAMINE_SERP
ACTION SNIPPET 10000 9462 SEEN_PREVIOUSLY b'1682430'
ACTION SNIPPET 10000 9465 SEEN_PREVIOUSLY b'1682431'
ACTION SNIPPET 10000 9468 SNIPPET_RELEVANT b'25652'
ACTION DOC 10000 9488 EXAMINING_DOCUMENT b'25652'
ACTION MARK 10000 9491 CONSIDERED_RELEVANT b'25652'
ACTION SNIPPET 10000 9494 SNIPPET_NOT_RELEVANT b'359147'
ACTION SNIPPET 10000 9497 SEEN_PREVIOUSLY b'1682148'
ACTION SNIPPET 10000 9500 SNIPPET_RELEVANT b'1567368'
ACTION DOC 10000 9520 EXAMINING_DOCUMENT b'1567368'
ACTION SNIPPET 10000 9523 SNIPPET_NOT_RELEVANT b'1076831'
ACTION SNIPPET 10000 9526 SNIPPET_NOT_RELEVANT b'391311'
ACTION SNIPPET 10000 9529 SNIPPET_NOT_RELEVANT b'391312'
ACTION SNIPPET 10000 9532 SNIPPET_NOT_RELEVANT b'1238664'
ACTION QUERY 10000 9542 home schooling charged
ACTION SERP 10000 9547 EXAMINE_SERP
ACTION SNIPPET 10000 9550 SEEN_PREVIOUSLY b'526264'
ACTION SNIPPET 10000 9553 SNIPPET_RELEVANT b'11298'
ACTION DOC 10000 9573 EXAMINING_DOCUMENT b'11298'
ACTION SNIPPET 10000 9576 SNIPPET_RELEVANT b'1468755'
ACTION DOC 10000 9596 EXAMINING_DOCUMENT b'1468755'
ACTION SNIPPET 10000 9599 SNIPPET_NOT_RELEVANT b'1400150'
ACTION SNIPPET 10000 9602 SNIPPET_NOT_RELEVANT b'96719'
ACTION SNIPPET 10000 9605 SNIPPET_RELEVANT b'1479156'
ACTION DOC 10000 9625 EXAMINING_DOCUMENT b'1479156'
ACTION SNIPPET 10000 9628 SNIPPET_NOT_RELEVANT b'1528152'
ACTION SNIPPET 10000 9631 SNIPPET_NOT_RELEVANT b'341550'
ACTION SNIPPET 10000 9634 SNIPPET_RELEVANT b'406880'
ACTION DOC 10000 9654 EXAMINING_DOCUMENT b'406880'
ACTION SNIPPET 10000 9657 SNIPPET_RELEVANT b'1707538'
ACTION DOC 10000 9677 EXAMINING_DOCUMENT b'1707538'
ACTION QUERY 10000 9687 home schooling oldest
ACTION SERP 10000 9692 EXAMINE_SERP
ACTION SNIPPET 10000 9695 SNIPPET_NOT_RELEVANT b'282856'
ACTION SNIPPET 10000 9698 SEEN_PREVIOUSLY b'403059'
ACTION SNIPPET 10000 9701 SNIPPET_RELEVANT b'1546626'
ACTION DOC 10000 9721 EXAMINING_DOCUMENT b'1546626'
ACTION SNIPPET 10000 9724 SNIPPET_RELEVANT b'124421'
ACTION DOC 10000 9744 EXAMINING_DOCUMENT b'124421'
ACTION SNIPPET 10000 9747 SNIPPET_NOT_RELEVANT b'484674'
ACTION SNIPPET 10000 9750 SNIPPET_RELEVANT b'1287421'
ACTION DOC 10000 9770 EXAMINING_DOCUMENT b'1287421'
ACTION SNIPPET 10000 9773 SNIPPET_NOT_RELEVANT b'265874'
ACTION SNIPPET 10000 9776 SNIPPET_NOT_RELEVANT b'1405512'
ACTION SNIPPET 10000 9779 SNIPPET_NOT_RELEVANT b'116551'
ACTION SNIPPET 10000 9782 SNIPPET_RELEVANT b'1389873'
ACTION DOC 10000 9802 EXAMINING_DOCUMENT b'1389873'
ACTION QUERY 10000 9812 home schooling attend
ACTION SERP 10000 9817 EXAMINE_SERP
ACTION SNIPPET 10000 9820 SEEN_PREVIOUSLY b'1682431'
ACTION SNIPPET 10000 9823 SNIPPET_NOT_RELEVANT b'70015'
ACTION SNIPPET 10000 9826 SNIPPET_RELEVANT b'1353651'
ACTION DOC 10000 9846 EXAMINING_DOCUMENT b'1353651'
ACTION SNIPPET 10000 9849 SNIPPET_RELEVANT b'476218'
ACTION DOC 10000 9869 EXAMINING_DOCUMENT b'476218'
ACTION SNIPPET 10000 9872 SEEN_PREVIOUSLY b'1609118'
ACTION SNIPPET 10000 9875 SNIPPET_RELEVANT b'52324'
ACTION DOC 10000 9895 EXAMINING_DOCUMENT b'52324'
ACTION SNIPPET 10000 9898 SNIPPET_RELEVANT b'431707'
ACTION DOC 10000 9918 EXAMINING_DOCUMENT b'431707'
ACTION SNIPPET 10000 9921 SNIPPET_NOT_RELEVANT b'645573'
ACTION SNIPPET 10000 9924 SNIPPET_NOT_RELEVANT b'914'
ACTION SNIPPET 10000 9927 SNIPPET_RELEVANT b'914'
ACTION DOC 10000 9947 EXAMINING_DOCUMENT b'914'
ACTION QUERY 10000 9957 home schooling candidate
ACTION SERP 10000 9962 EXAMINE_SERP
ACTION SNIPPET 10000 9965 SNIPPET_RELEVANT b'844811'
ACTION DOC 10000 9985 EXAMINING_DOCUMENT b'844811'
ACTION SNIPPET 10000 9988 SNIPPET_NOT_RELEVANT b'278948'
ACTION SNIPPET 10000 9991 SNIPPET_RELEVANT b'342531'
ACTION DOC 10000 10011 EXAMINING_DOCUMENT b'342531'
INFO SUMMARY 
INFO TOTAL_QUERIES_ISSUED 78
INFO TOTAL_SNIPPETS_EXAMINED 773
INFO TOTAL_DOCUMENTS_EXAMINED 318
INFO TOTAL_DOCUMENTS_MARKED_RELEVANT 54
INFO TOTAL_ATTRACTIVE_SERP_IMPRESSIONS 78
INFO TOTAL_UNATTRACTIVE_SERP_IMPRESSIONS 0
