ACTION QUERY 10000 10 abuses of e mail
ACTION SERP 10000 15 EXAMINE_SERP
ACTION SNIPPET 10000 18 SNIPPET_NOT_RELEVANT b'506870'
ACTION SNIPPET 10000 21 SNIPPET_NOT_RELEVANT b'501179'
ACTION SNIPPET 10000 24 SNIPPET_NOT_RELEVANT b'194014'
ACTION SNIPPET 10000 27 SNIPPET_NOT_RELEVANT b'1116169'
ACTION SNIPPET 10000 30 SNIPPET_NOT_RELEVANT b'542391'
ACTION SNIPPET 10000 33 SNIPPET_NOT_RELEVANT b'1238056'
ACTION SNIPPET 10000 36 SNIPPET_NOT_RELEVANT b'955775'
ACTION SNIPPET 10000 39 SNIPPET_NOT_RELEVANT b'1381770'
ACTION SNIPPET 10000 42 SNIPPET_NOT_RELEVANT b'1747359'
ACTION SNIPPET 10000 45 SNIPPET_NOT_RELEVANT b'79116'
INFO OUT_OF_QUERIES 
INFO SUMMARY 
INFO TOTAL_QUERIES_ISSUED 1
INFO TOTAL_SNIPPETS_EXAMINED 10
INFO TOTAL_DOCUMENTS_EXAMINED 0
INFO TOTAL_DOCUMENTS_MARKED_RELEVANT 0
INFO TOTAL_ATTRACTIVE_SERP_IMPRESSIONS 1
INFO TOTAL_UNATTRACTIVE_SERP_IMPRESSIONS 0
