ACTION QUERY 10000 10 piracy
ACTION SERP 10000 15 EXAMINE_SERP
ACTION SNIPPET 10000 18 SNIPPET_NOT_RELEVANT b'944052'
ACTION SNIPPET 10000 21 SNIPPET_NOT_RELEVANT b'1539234'
ACTION SNIPPET 10000 24 SNIPPET_RELEVANT b'1050607'
ACTION DOC 10000 44 EXAMINING_DOCUMENT b'1050607'
ACTION SNIPPET 10000 47 SNIPPET_RELEVANT b'1634739'
ACTION DOC 10000 67 EXAMINING_DOCUMENT b'1634739'
ACTION SNIPPET 10000 70 SNIPPET_NOT_RELEVANT b'68102'
ACTION SNIPPET 10000 73 SNIPPET_RELEVANT b'1027308'
ACTION DOC 10000 93 EXAMINING_DOCUMENT b'1027308'
ACTION SNIPPET 10000 96 SNIPPET_NOT_RELEVANT b'1524044'
ACTION SNIPPET 10000 99 SNIPPET_RELEVANT b'1549581'
ACTION DOC 10000 119 EXAMINING_DOCUMENT b'1549581'
ACTION SNIPPET 10000 122 SNIPPET_RELEVANT b'119258'
ACTION DOC 10000 142 EXAMINING_DOCUMENT b'119258'
ACTION SNIPPET 10000 145 SNIPPET_RELEVANT b'1523782'
ACTION DOC 10000 165 EXAMINING_DOCUMENT b'1523782'
ACTION QUERY 10000 175 piracy happy
ACTION SERP 10000 180 EXAMINE_SERP
ACTION SNIPPET 10000 183 SNIPPET_RELEVANT b'1844516'
ACTION DOC 10000 203 EXAMINING_DOCUMENT b'1844516'
ACTION SNIPPET 10000 206 SNIPPET_RELEVANT b'442113'
ACTION DOC 10000 226 EXAMINING_DOCUMENT b'442113'
ACTION SNIPPET 10000 229 SNIPPET_NOT_RELEVANT b'844895'
ACTION SNIPPET 10000 232 SNIPPET_NOT_RELEVANT b'1697916'
ACTION SNIPPET 10000 235 SNIPPET_NOT_RELEVANT b'944052'
ACTION SNIPPET 10000 238 SNIPPET_RELEVANT b'1539234'
ACTION DOC 10000 258 EXAMINING_DOCUMENT b'1539234'
ACTION SNIPPET 10000 261 SEEN_PREVIOUSLY b'1050607'
ACTION SNIPPET 10000 264 SEEN_PREVIOUSLY b'1634739'
ACTION SNIPPET 10000 267 SNIPPET_NOT_RELEVANT b'68102'
ACTION SNIPPET 10000 270 SNIPPET_NOT_RELEVANT b'1648802'
ACTION QUERY 10000 280 piracy issue
ACTION SERP 10000 285 EXAMINE_SERP
ACTION SNIPPET 10000 288 SEEN_PREVIOUSLY b'1050607'
ACTION SNIPPET 10000 291 SNIPPET_NOT_RELEVANT b'964822'
ACTION SNIPPET 10000 294 SNIPPET_NOT_RELEVANT b'849797'
ACTION SNIPPET 10000 297 SNIPPET_NOT_RELEVANT b'1524044'
ACTION SNIPPET 10000 300 SNIPPET_NOT_RELEVANT b'1456641'
ACTION SNIPPET 10000 303 SNIPPET_RELEVANT b'854121'
ACTION DOC 10000 323 EXAMINING_DOCUMENT b'854121'
ACTION SNIPPET 10000 326 SNIPPET_NOT_RELEVANT b'744005'
ACTION SNIPPET 10000 329 SEEN_PREVIOUSLY b'1523782'
ACTION SNIPPET 10000 332 SNIPPET_RELEVANT b'1597860'
ACTION DOC 10000 352 EXAMINING_DOCUMENT b'1597860'
ACTION SNIPPET 10000 355 SNIPPET_RELEVANT b'1445348'
ACTION DOC 10000 375 EXAMINING_DOCUMENT b'1445348'
ACTION QUERY 10000 385 piracy seek
ACTION SERP 10000 390 EXAMINE_SERP
ACTION SNIPPET 10000 393 SNIPPET_RELEVANT b'1456641'
ACTION DOC 10000 413 EXAMINING_DOCUMENT b'1456641'
ACTION SNIPPET 10000 416 SNIPPET_NOT_RELEVANT b'1524044'
ACTION SNIPPET 10000 419 SNIPPET_RELEVANT b'1799443'
ACTION DOC 10000 439 EXAMINING_DOCUMENT b'1799443'
ACTION SNIPPET 10000 442 SNIPPET_NOT_RELEVANT b'530934'
ACTION SNIPPET 10000 445 SNIPPET_RELEVANT b'168340'
ACTION DOC 10000 465 EXAMINING_DOCUMENT b'168340'
ACTION SNIPPET 10000 468 SNIPPET_NOT_RELEVANT b'1352674'
ACTION SNIPPET 10000 471 SNIPPET_NOT_RELEVANT b'1632625'
ACTION SNIPPET 10000 474 SNIPPET_NOT_RELEVANT b'441826'
ACTION SNIPPET 10000 477 SNIPPET_RELEVANT b'1760461'
ACTION DOC 10000 497 EXAMINING_DOCUMENT b'1760461'
ACTION SNIPPET 10000 500 SNIPPET_RELEVANT b'1785315'
ACTION DOC 10000 520 EXAMINING_DOCUMENT b'1785315'
ACTION QUERY 10000 530 piracy sets
ACTION SERP 10000 535 EXAMINE_SERP
ACTION SNIPPET 10000 538 SEEN_PREVIOUSLY b'168340'
ACTION SNIPPET 10000 541 SNIPPET_NOT_RELEVANT b'1546828'
ACTION SNIPPET 10000 544 SNIPPET_NOT_RELEVANT b'1453527'
ACTION SNIPPET 10000 547 SEEN_PREVIOUSLY b'854121'
ACTION SNIPPET 10000 550 SNIPPET_NOT_RELEVANT b'849797'
ACTION SNIPPET 10000 553 SNIPPET_RELEVANT b'1322756'
ACTION DOC 10000 573 EXAMINING_DOCUMENT b'1322756'
ACTION SNIPPET 10000 576 SNIPPET_NOT_RELEVANT b'944052'
ACTION SNIPPET 10000 579 SNIPPET_NOT_RELEVANT b'941274'
ACTION SNIPPET 10000 582 SNIPPET_NOT_RELEVANT b'1110988'
ACTION SNIPPET 10000 585 SNIPPET_RELEVANT b'1572306'
ACTION DOC 10000 605 EXAMINING_DOCUMENT b'1572306'
ACTION QUERY 10000 615 piracy difference
ACTION SERP 10000 620 EXAMINE_SERP
ACTION SNIPPET 10000 623 SNIPPET_RELEVANT b'447159'
ACTION DOC 10000 643 EXAMINING_DOCUMENT b'447159'
ACTION SNIPPET 10000 646 SNIPPET_NOT_RELEVANT b'849797'
ACTION SNIPPET 10000 649 SNIPPET_RELEVANT b'120248'
ACTION DOC 10000 669 EXAMINING_DOCUMENT b'120248'
ACTION SNIPPET 10000 672 SNIPPET_NOT_RELEVANT b'1761052'
ACTION SNIPPET 10000 675 SNIPPET_RELEVANT b'946010'
ACTION DOC 10000 695 EXAMINING_DOCUMENT b'946010'
ACTION SNIPPET 10000 698 SNIPPET_NOT_RELEVANT b'1632625'
ACTION SNIPPET 10000 701 SNIPPET_NOT_RELEVANT b'858628'
ACTION SNIPPET 10000 704 SNIPPET_NOT_RELEVANT b'941274'
ACTION SNIPPET 10000 707 SNIPPET_RELEVANT b'937508'
ACTION DOC 10000 727 EXAMINING_DOCUMENT b'937508'
ACTION SNIPPET 10000 730 SNIPPET_RELEVANT b'944052'
ACTION DOC 10000 750 EXAMINING_DOCUMENT b'944052'
ACTION QUERY 10000 760 piracy announce
ACTION SERP 10000 765 EXAMINE_SERP
ACTION SNIPPET 10000 768 SEEN_PREVIOUSLY b'944052'
ACTION SNIPPET 10000 771 SEEN_PREVIOUSLY b'1050607'
ACTION SNIPPET 10000 774 SNIPPET_NOT_RELEVANT b'964822'
ACTION SNIPPET 10000 777 SNIPPET_NOT_RELEVANT b'1704054'
ACTION SNIPPET 10000 780 SEEN_PREVIOUSLY b'1634739'
ACTION SNIPPET 10000 783 SNIPPET_NOT_RELEVANT b'1668514'
ACTION SNIPPET 10000 786 SEEN_PREVIOUSLY b'1523782'
ACTION SNIPPET 10000 789 SEEN_PREVIOUSLY b'1799443'
ACTION SNIPPET 10000 792 SNIPPET_NOT_RELEVANT b'655779'
ACTION SNIPPET 10000 795 SEEN_PREVIOUSLY b'1844516'
ACTION QUERY 10000 805 piracy global
ACTION SERP 10000 810 EXAMINE_SERP
ACTION SNIPPET 10000 813 SNIPPET_RELEVANT b'1704054'
ACTION DOC 10000 833 EXAMINING_DOCUMENT b'1704054'
ACTION SNIPPET 10000 836 SNIPPET_RELEVANT b'1573004'
ACTION DOC 10000 856 EXAMINING_DOCUMENT b'1573004'
ACTION MARK 10000 859 CONSIDERED_RELEVANT b'1573004'
ACTION SNIPPET 10000 862 SNIPPET_NOT_RELEVANT b'1229637'
ACTION SNIPPET 10000 865 SNIPPET_RELEVANT b'1737661'
ACTION DOC 10000 885 EXAMINING_DOCUMENT b'1737661'
ACTION SNIPPET 10000 888 SNIPPET_NOT_RELEVANT b'1229634'
ACTION SNIPPET 10000 891 SNIPPET_RELEVANT b'1648802'
ACTION DOC 10000 911 EXAMINING_DOCUMENT b'1648802'
ACTION SNIPPET 10000 914 SNIPPET_NOT_RELEVANT b'1699514'
ACTION SNIPPET 10000 917 SNIPPET_NOT_RELEVANT b'1350717'
ACTION SNIPPET 10000 920 SNIPPET_NOT_RELEVANT b'1604517'
ACTION SNIPPET 10000 923 SNIPPET_NOT_RELEVANT b'1808669'
ACTION QUERY 10000 933 piracy hollywoods
ACTION SERP 10000 938 EXAMINE_SERP
ACTION SNIPPET 10000 941 SNIPPET_NOT_RELEVANT b'1481077'
ACTION SNIPPET 10000 944 SEEN_PREVIOUSLY b'1539234'
ACTION SNIPPET 10000 947 SNIPPET_NOT_RELEVANT b'235047'
ACTION SNIPPET 10000 950 SNIPPET_RELEVANT b'1697916'
ACTION DOC 10000 970 EXAMINING_DOCUMENT b'1697916'
ACTION SNIPPET 10000 973 SNIPPET_NOT_RELEVANT b'1522721'
ACTION SNIPPET 10000 976 SEEN_PREVIOUSLY b'1785315'
ACTION SNIPPET 10000 979 SNIPPET_RELEVANT b'1546828'
ACTION DOC 10000 999 EXAMINING_DOCUMENT b'1546828'
ACTION SNIPPET 10000 1002 SNIPPET_RELEVANT b'1824426'
ACTION DOC 10000 1022 EXAMINING_DOCUMENT b'1824426'
ACTION SNIPPET 10000 1025 SEEN_PREVIOUSLY b'1456641'
ACTION SNIPPET 10000 1028 SEEN_PREVIOUSLY b'1760461'
ACTION QUERY 10000 1038 piracy supported
ACTION SERP 10000 1043 EXAMINE_SERP
ACTION SNIPPET 10000 1046 SEEN_PREVIOUSLY b'1456641'
ACTION SNIPPET 10000 1049 SEEN_PREVIOUSLY b'1597860'
ACTION SNIPPET 10000 1052 SNIPPET_RELEVANT b'577789'
ACTION DOC 10000 1072 EXAMINING_DOCUMENT b'577789'
ACTION SNIPPET 10000 1075 SNIPPET_RELEVANT b'1456506'
ACTION DOC 10000 1095 EXAMINING_DOCUMENT b'1456506'
ACTION SNIPPET 10000 1098 SNIPPET_RELEVANT b'1808468'
ACTION DOC 10000 1118 EXAMINING_DOCUMENT b'1808468'
ACTION SNIPPET 10000 1121 SEEN_PREVIOUSLY b'1737661'
ACTION SNIPPET 10000 1124 SNIPPET_NOT_RELEVANT b'1481077'
ACTION SNIPPET 10000 1127 SNIPPET_RELEVANT b'264411'
ACTION DOC 10000 1147 EXAMINING_DOCUMENT b'264411'
ACTION SNIPPET 10000 1150 SEEN_PREVIOUSLY b'854121'
ACTION SNIPPET 10000 1153 SNIPPET_NOT_RELEVANT b'1808669'
ACTION QUERY 10000 1163 piracy prevalent
ACTION SERP 10000 1168 EXAMINE_SERP
ACTION SNIPPET 10000 1171 SNIPPET_RELEVANT b'446384'
ACTION DOC 10000 1191 EXAMINING_DOCUMENT b'446384'
ACTION SNIPPET 10000 1194 SNIPPET_NOT_RELEVANT b'569010'
ACTION SNIPPET 10000 1197 SNIPPET_NOT_RELEVANT b'1313954'
ACTION SNIPPET 10000 1200 SNIPPET_RELEVANT b'941274'
ACTION DOC 10000 1220 EXAMINING_DOCUMENT b'941274'
ACTION SNIPPET 10000 1223 SNIPPET_NOT_RELEVANT b'1548356'
ACTION SNIPPET 10000 1226 SNIPPET_RELEVANT b'1522541'
ACTION DOC 10000 1246 EXAMINING_DOCUMENT b'1522541'
ACTION SNIPPET 10000 1249 SNIPPET_RELEVANT b'70063'
ACTION DOC 10000 1269 EXAMINING_DOCUMENT b'70063'
ACTION SNIPPET 10000 1272 SEEN_PREVIOUSLY b'944052'
ACTION SNIPPET 10000 1275 SEEN_PREVIOUSLY b'1539234'
ACTION SNIPPET 10000 1278 SEEN_PREVIOUSLY b'1050607'
ACTION QUERY 10000 1288 piracy cds
ACTION SERP 10000 1293 EXAMINE_SERP
ACTION SNIPPET 10000 1296 SNIPPET_NOT_RELEVANT b'655779'
ACTION SNIPPET 10000 1299 SNIPPET_RELEVANT b'821300'
ACTION DOC 10000 1319 EXAMINING_DOCUMENT b'821300'
ACTION SNIPPET 10000 1322 SNIPPET_RELEVANT b'821163'
ACTION DOC 10000 1342 EXAMINING_DOCUMENT b'821163'
ACTION SNIPPET 10000 1345 SEEN_PREVIOUSLY b'854121'
ACTION SNIPPET 10000 1348 SNIPPET_NOT_RELEVANT b'811285'
ACTION SNIPPET 10000 1351 SNIPPET_NOT_RELEVANT b'1590126'
ACTION SNIPPET 10000 1354 SNIPPET_NOT_RELEVANT b'1445315'
ACTION SNIPPET 10000 1357 SNIPPET_NOT_RELEVANT b'1417266'
ACTION SNIPPET 10000 1360 SEEN_PREVIOUSLY b'1522541'
ACTION SNIPPET 10000 1363 SNIPPET_RELEVANT b'1295002'
ACTION DOC 10000 1383 EXAMINING_DOCUMENT b'1295002'
ACTION QUERY 10000 1393 piracy street
ACTION SERP 10000 1398 EXAMINE_SERP
ACTION SNIPPET 10000 1401 SNIPPET_RELEVANT b'920908'
ACTION DOC 10000 1421 EXAMINING_DOCUMENT b'920908'
ACTION MARK 10000 1424 CONSIDERED_RELEVANT b'920908'
ACTION SNIPPET 10000 1427 SNIPPET_RELEVANT b'964822'
ACTION DOC 10000 1447 EXAMINING_DOCUMENT b'964822'
ACTION SNIPPET 10000 1450 SNIPPET_RELEVANT b'1132072'
ACTION DOC 10000 1470 EXAMINING_DOCUMENT b'1132072'
ACTION SNIPPET 10000 1473 SNIPPET_RELEVANT b'1632625'
ACTION DOC 10000 1493 EXAMINING_DOCUMENT b'1632625'
ACTION SNIPPET 10000 1496 SNIPPET_RELEVANT b'1110988'
ACTION DOC 10000 1516 EXAMINING_DOCUMENT b'1110988'
ACTION SNIPPET 10000 1519 SEEN_PREVIOUSLY b'1572306'
ACTION SNIPPET 10000 1522 SNIPPET_NOT_RELEVANT b'1093262'
ACTION SNIPPET 10000 1525 SEEN_PREVIOUSLY b'1799443'
ACTION SNIPPET 10000 1528 SNIPPET_NOT_RELEVANT b'996693'
ACTION SNIPPET 10000 1531 SNIPPET_NOT_RELEVANT b'1772600'
ACTION QUERY 10000 1541 piracy bottle
ACTION SERP 10000 1546 EXAMINE_SERP
ACTION SNIPPET 10000 1549 SEEN_PREVIOUSLY b'920908'
ACTION SNIPPET 10000 1552 SEEN_PREVIOUSLY b'854121'
ACTION SNIPPET 10000 1555 SNIPPET_NOT_RELEVANT b'1826555'
ACTION SNIPPET 10000 1558 SNIPPET_RELEVANT b'1445297'
ACTION DOC 10000 1578 EXAMINING_DOCUMENT b'1445297'
ACTION SNIPPET 10000 1581 SEEN_PREVIOUSLY b'944052'
ACTION SNIPPET 10000 1584 SEEN_PREVIOUSLY b'1539234'
ACTION SNIPPET 10000 1587 SNIPPET_NOT_RELEVANT b'161188'
ACTION SNIPPET 10000 1590 SEEN_PREVIOUSLY b'1050607'
ACTION SNIPPET 10000 1593 SEEN_PREVIOUSLY b'1634739'
ACTION SNIPPET 10000 1596 SNIPPET_RELEVANT b'68102'
ACTION DOC 10000 1616 EXAMINING_DOCUMENT b'68102'
ACTION QUERY 10000 1626 piracy wrong
ACTION SERP 10000 1631 EXAMINE_SERP
ACTION SNIPPET 10000 1634 SNIPPET_RELEVANT b'1583651'
ACTION DOC 10000 1654 EXAMINING_DOCUMENT b'1583651'
ACTION SNIPPET 10000 1657 SNIPPET_NOT_RELEVANT b'569010'
ACTION SNIPPET 10000 1660 SNIPPET_NOT_RELEVANT b'1005398'
ACTION SNIPPET 10000 1663 SNIPPET_NOT_RELEVANT b'933666'
ACTION SNIPPET 10000 1666 SEEN_PREVIOUSLY b'264411'
ACTION SNIPPET 10000 1669 SNIPPET_NOT_RELEVANT b'1354255'
ACTION SNIPPET 10000 1672 SNIPPET_NOT_RELEVANT b'1417266'
ACTION SNIPPET 10000 1675 SEEN_PREVIOUSLY b'1445297'
ACTION SNIPPET 10000 1678 SNIPPET_NOT_RELEVANT b'1576572'
ACTION SNIPPET 10000 1681 SNIPPET_RELEVANT b'1508719'
ACTION DOC 10000 1701 EXAMINING_DOCUMENT b'1508719'
ACTION QUERY 10000 1711 piracy years
ACTION SERP 10000 1716 EXAMINE_SERP
ACTION SNIPPET 10000 1719 SEEN_PREVIOUSLY b'944052'
ACTION SNIPPET 10000 1722 SEEN_PREVIOUSLY b'1539234'
ACTION SNIPPET 10000 1725 SEEN_PREVIOUSLY b'1050607'
ACTION SNIPPET 10000 1728 SEEN_PREVIOUSLY b'1549581'
ACTION SNIPPET 10000 1731 SEEN_PREVIOUSLY b'119258'
ACTION SNIPPET 10000 1734 SNIPPET_NOT_RELEVANT b'47864'
ACTION SNIPPET 10000 1737 SEEN_PREVIOUSLY b'68102'
ACTION SNIPPET 10000 1740 SNIPPET_RELEVANT b'1524044'
ACTION DOC 10000 1760 EXAMINING_DOCUMENT b'1524044'
ACTION SNIPPET 10000 1763 SEEN_PREVIOUSLY b'1027308'
ACTION SNIPPET 10000 1766 SNIPPET_NOT_RELEVANT b'744005'
ACTION QUERY 10000 1776 piracy yorks
ACTION SERP 10000 1781 EXAMINE_SERP
ACTION SNIPPET 10000 1784 SNIPPET_RELEVANT b'445714'
ACTION DOC 10000 1804 EXAMINING_DOCUMENT b'445714'
ACTION SNIPPET 10000 1807 SNIPPET_NOT_RELEVANT b'1808669'
ACTION SNIPPET 10000 1810 SNIPPET_NOT_RELEVANT b'744005'
ACTION SNIPPET 10000 1813 SEEN_PREVIOUSLY b'944052'
ACTION SNIPPET 10000 1816 SEEN_PREVIOUSLY b'1799443'
ACTION SNIPPET 10000 1819 SEEN_PREVIOUSLY b'1539234'
ACTION SNIPPET 10000 1822 SEEN_PREVIOUSLY b'168340'
ACTION SNIPPET 10000 1825 SEEN_PREVIOUSLY b'1050607'
ACTION SNIPPET 10000 1828 SEEN_PREVIOUSLY b'1737661'
ACTION SNIPPET 10000 1831 SEEN_PREVIOUSLY b'1634739'
ACTION QUERY 10000 1841 piracy percentage
ACTION SERP 10000 1846 EXAMINE_SERP
ACTION SNIPPET 10000 1849 SEEN_PREVIOUSLY b'120248'
ACTION SNIPPET 10000 1852 SNIPPET_RELEVANT b'1624784'
ACTION DOC 10000 1872 EXAMINING_DOCUMENT b'1624784'
ACTION SNIPPET 10000 1875 SNIPPET_NOT_RELEVANT b'784445'
ACTION SNIPPET 10000 1878 SEEN_PREVIOUSLY b'944052'
ACTION SNIPPET 10000 1881 SEEN_PREVIOUSLY b'1539234'
ACTION SNIPPET 10000 1884 SEEN_PREVIOUSLY b'1050607'
ACTION SNIPPET 10000 1887 SNIPPET_RELEVANT b'1445324'
ACTION DOC 10000 1907 EXAMINING_DOCUMENT b'1445324'
ACTION SNIPPET 10000 1910 SEEN_PREVIOUSLY b'1634739'
ACTION SNIPPET 10000 1913 SEEN_PREVIOUSLY b'68102'
ACTION SNIPPET 10000 1916 SNIPPET_RELEVANT b'322084'
ACTION DOC 10000 1936 EXAMINING_DOCUMENT b'322084'
ACTION QUERY 10000 1946 piracy holiday
ACTION SERP 10000 1951 EXAMINE_SERP
ACTION SNIPPET 10000 1954 SNIPPET_NOT_RELEVANT b'1354268'
ACTION SNIPPET 10000 1957 SNIPPET_NOT_RELEVANT b'1057223'
ACTION SNIPPET 10000 1960 SEEN_PREVIOUSLY b'1624784'
ACTION SNIPPET 10000 1963 SNIPPET_RELEVANT b'1057570'
ACTION DOC 10000 1983 EXAMINING_DOCUMENT b'1057570'
ACTION SNIPPET 10000 1986 SNIPPET_NOT_RELEVANT b'1155493'
ACTION SNIPPET 10000 1989 SNIPPET_RELEVANT b'1451037'
ACTION DOC 10000 2009 EXAMINING_DOCUMENT b'1451037'
ACTION SNIPPET 10000 2012 SEEN_PREVIOUSLY b'944052'
ACTION SNIPPET 10000 2015 SNIPPET_NOT_RELEVANT b'1620193'
ACTION SNIPPET 10000 2018 SEEN_PREVIOUSLY b'1539234'
ACTION SNIPPET 10000 2021 SEEN_PREVIOUSLY b'1445324'
ACTION QUERY 10000 2031 piracy systems
ACTION SERP 10000 2036 EXAMINE_SERP
ACTION SNIPPET 10000 2039 SNIPPET_RELEVANT b'1481077'
ACTION DOC 10000 2059 EXAMINING_DOCUMENT b'1481077'
ACTION SNIPPET 10000 2062 SEEN_PREVIOUSLY b'944052'
ACTION SNIPPET 10000 2065 SNIPPET_NOT_RELEVANT b'1582371'
ACTION SNIPPET 10000 2068 SEEN_PREVIOUSLY b'1456641'
ACTION SNIPPET 10000 2071 SNIPPET_RELEVANT b'836519'
ACTION DOC 10000 2091 EXAMINING_DOCUMENT b'836519'
ACTION SNIPPET 10000 2094 SEEN_PREVIOUSLY b'1456506'
ACTION SNIPPET 10000 2097 SNIPPET_RELEVANT b'1604517'
ACTION DOC 10000 2117 EXAMINING_DOCUMENT b'1604517'
ACTION SNIPPET 10000 2120 SEEN_PREVIOUSLY b'1322756'
ACTION SNIPPET 10000 2123 SNIPPET_NOT_RELEVANT b'1390715'
ACTION SNIPPET 10000 2126 SNIPPET_RELEVANT b'1355353'
ACTION DOC 10000 2146 EXAMINING_DOCUMENT b'1355353'
ACTION QUERY 10000 2156 piracy damages
ACTION SERP 10000 2161 EXAMINE_SERP
ACTION SNIPPET 10000 2164 SEEN_PREVIOUSLY b'836519'
ACTION SNIPPET 10000 2167 SNIPPET_RELEVANT b'179190'
ACTION DOC 10000 2187 EXAMINING_DOCUMENT b'179190'
ACTION SNIPPET 10000 2190 SEEN_PREVIOUSLY b'1524044'
ACTION SNIPPET 10000 2193 SNIPPET_RELEVANT b'530934'
ACTION DOC 10000 2213 EXAMINING_DOCUMENT b'530934'
ACTION SNIPPET 10000 2216 SEEN_PREVIOUSLY b'1523782'
ACTION SNIPPET 10000 2219 SNIPPET_NOT_RELEVANT b'851010'
ACTION SNIPPET 10000 2222 SNIPPET_RELEVANT b'1590126'
ACTION DOC 10000 2242 EXAMINING_DOCUMENT b'1590126'
ACTION SNIPPET 10000 2245 SEEN_PREVIOUSLY b'1624784'
ACTION SNIPPET 10000 2248 SNIPPET_RELEVANT b'1808669'
ACTION DOC 10000 2268 EXAMINING_DOCUMENT b'1808669'
ACTION SNIPPET 10000 2271 SNIPPET_NOT_RELEVANT b'1527861'
ACTION QUERY 10000 2281 piracy interim
ACTION SERP 10000 2286 EXAMINE_SERP
ACTION SNIPPET 10000 2289 SEEN_PREVIOUSLY b'447159'
ACTION SNIPPET 10000 2292 SNIPPET_RELEVANT b'1201736'
ACTION DOC 10000 2312 EXAMINING_DOCUMENT b'1201736'
ACTION SNIPPET 10000 2315 SEEN_PREVIOUSLY b'944052'
ACTION SNIPPET 10000 2318 SNIPPET_NOT_RELEVANT b'1138104'
ACTION SNIPPET 10000 2321 SEEN_PREVIOUSLY b'1539234'
ACTION SNIPPET 10000 2324 SNIPPET_NOT_RELEVANT b'1840739'
ACTION SNIPPET 10000 2327 SEEN_PREVIOUSLY b'1050607'
ACTION SNIPPET 10000 2330 SEEN_PREVIOUSLY b'1634739'
ACTION SNIPPET 10000 2333 SEEN_PREVIOUSLY b'68102'
ACTION SNIPPET 10000 2336 SEEN_PREVIOUSLY b'1027308'
ACTION QUERY 10000 2346 piracy passport
ACTION SERP 10000 2351 EXAMINE_SERP
ACTION SNIPPET 10000 2354 SNIPPET_NOT_RELEVANT b'1474604'
ACTION SNIPPET 10000 2357 SNIPPET_NOT_RELEVANT b'137556'
ACTION SNIPPET 10000 2360 SNIPPET_NOT_RELEVANT b'1562961'
ACTION SNIPPET 10000 2363 SNIPPET_NOT_RELEVANT b'763113'
ACTION SNIPPET 10000 2366 SEEN_PREVIOUSLY b'944052'
ACTION SNIPPET 10000 2369 SEEN_PREVIOUSLY b'1539234'
ACTION SNIPPET 10000 2372 SEEN_PREVIOUSLY b'1050607'
ACTION SNIPPET 10000 2375 SEEN_PREVIOUSLY b'1634739'
ACTION SNIPPET 10000 2378 SEEN_PREVIOUSLY b'68102'
ACTION SNIPPET 10000 2381 SEEN_PREVIOUSLY b'1027308'
ACTION QUERY 10000 2391 piracy os
ACTION SERP 10000 2396 EXAMINE_SERP
ACTION SNIPPET 10000 2399 SNIPPET_RELEVANT b'780951'
ACTION DOC 10000 2419 EXAMINING_DOCUMENT b'780951'
ACTION SNIPPET 10000 2422 SNIPPET_RELEVANT b'523071'
ACTION DOC 10000 2442 EXAMINING_DOCUMENT b'523071'
ACTION SNIPPET 10000 2445 SNIPPET_NOT_RELEVANT b'524243'
ACTION SNIPPET 10000 2448 SNIPPET_NOT_RELEVANT b'1520500'
ACTION SNIPPET 10000 2451 SNIPPET_RELEVANT b'648986'
ACTION DOC 10000 2471 EXAMINING_DOCUMENT b'648986'
ACTION SNIPPET 10000 2474 SNIPPET_RELEVANT b'777362'
ACTION DOC 10000 2494 EXAMINING_DOCUMENT b'777362'
ACTION SNIPPET 10000 2497 SNIPPET_RELEVANT b'483145'
ACTION DOC 10000 2517 EXAMINING_DOCUMENT b'483145'
ACTION SNIPPET 10000 2520 SNIPPET_RELEVANT b'103324'
ACTION DOC 10000 2540 EXAMINING_DOCUMENT b'103324'
ACTION SNIPPET 10000 2543 SNIPPET_NOT_RELEVANT b'72325'
ACTION SNIPPET 10000 2546 SNIPPET_RELEVANT b'89484'
ACTION DOC 10000 2566 EXAMINING_DOCUMENT b'89484'
ACTION QUERY 10000 2576 piracy statute
ACTION SERP 10000 2581 EXAMINE_SERP
ACTION SNIPPET 10000 2584 SEEN_PREVIOUSLY b'1508719'
ACTION SNIPPET 10000 2587 SEEN_PREVIOUSLY b'1456641'
ACTION SNIPPET 10000 2590 SEEN_PREVIOUSLY b'1808669'
ACTION SNIPPET 10000 2593 SNIPPET_RELEVANT b'865980'
ACTION DOC 10000 2613 EXAMINING_DOCUMENT b'865980'
ACTION SNIPPET 10000 2616 SNIPPET_RELEVANT b'231786'
ACTION DOC 10000 2636 EXAMINING_DOCUMENT b'231786'
ACTION SNIPPET 10000 2639 SNIPPET_NOT_RELEVANT b'622099'
ACTION SNIPPET 10000 2642 SNIPPET_NOT_RELEVANT b'1340211'
ACTION SNIPPET 10000 2645 SNIPPET_RELEVANT b'1171087'
ACTION DOC 10000 2665 EXAMINING_DOCUMENT b'1171087'
ACTION SNIPPET 10000 2668 SNIPPET_NOT_RELEVANT b'1719531'
ACTION SNIPPET 10000 2671 SNIPPET_RELEVANT b'1840739'
ACTION DOC 10000 2691 EXAMINING_DOCUMENT b'1840739'
ACTION QUERY 10000 2701 piracy ceremony
ACTION SERP 10000 2706 EXAMINE_SERP
ACTION SNIPPET 10000 2709 SEEN_PREVIOUSLY b'120248'
ACTION SNIPPET 10000 2712 SNIPPET_NOT_RELEVANT b'1354268'
ACTION SNIPPET 10000 2715 SNIPPET_RELEVANT b'1564792'
ACTION DOC 10000 2735 EXAMINING_DOCUMENT b'1564792'
ACTION SNIPPET 10000 2738 SEEN_PREVIOUSLY b'944052'
ACTION SNIPPET 10000 2741 SNIPPET_NOT_RELEVANT b'1789897'
ACTION SNIPPET 10000 2744 SNIPPET_NOT_RELEVANT b'1512984'
ACTION SNIPPET 10000 2747 SEEN_PREVIOUSLY b'1539234'
ACTION SNIPPET 10000 2750 SEEN_PREVIOUSLY b'1050607'
ACTION SNIPPET 10000 2753 SEEN_PREVIOUSLY b'1634739'
ACTION SNIPPET 10000 2756 SEEN_PREVIOUSLY b'68102'
ACTION QUERY 10000 2766 piracy devices
ACTION SERP 10000 2771 EXAMINE_SERP
ACTION SNIPPET 10000 2774 SNIPPET_NOT_RELEVANT b'176187'
ACTION SNIPPET 10000 2777 SNIPPET_RELEVANT b'1371655'
ACTION DOC 10000 2797 EXAMINING_DOCUMENT b'1371655'
ACTION SNIPPET 10000 2800 SNIPPET_RELEVANT b'62653'
ACTION DOC 10000 2820 EXAMINING_DOCUMENT b'62653'
ACTION SNIPPET 10000 2823 SEEN_PREVIOUSLY b'1481077'
ACTION SNIPPET 10000 2826 SEEN_PREVIOUSLY b'1456641'
ACTION SNIPPET 10000 2829 SEEN_PREVIOUSLY b'1057570'
ACTION SNIPPET 10000 2832 SNIPPET_NOT_RELEVANT b'1761052'
ACTION SNIPPET 10000 2835 SNIPPET_NOT_RELEVANT b'943947'
ACTION SNIPPET 10000 2838 SNIPPET_NOT_RELEVANT b'1238152'
ACTION SNIPPET 10000 2841 SEEN_PREVIOUSLY b'322084'
ACTION QUERY 10000 2851 piracy leading
ACTION SERP 10000 2856 EXAMINE_SERP
ACTION SNIPPET 10000 2859 SEEN_PREVIOUSLY b'68102'
ACTION SNIPPET 10000 2862 SEEN_PREVIOUSLY b'1634739'
ACTION SNIPPET 10000 2865 SEEN_PREVIOUSLY b'119258'
ACTION SNIPPET 10000 2868 SNIPPET_NOT_RELEVANT b'47864'
ACTION SNIPPET 10000 2871 SNIPPET_NOT_RELEVANT b'235047'
ACTION SNIPPET 10000 2874 SNIPPET_NOT_RELEVANT b'1453527'
ACTION SNIPPET 10000 2877 SNIPPET_NOT_RELEVANT b'744005'
ACTION SNIPPET 10000 2880 SNIPPET_NOT_RELEVANT b'176187'
ACTION SNIPPET 10000 2883 SEEN_PREVIOUSLY b'944052'
ACTION SNIPPET 10000 2886 SEEN_PREVIOUSLY b'1481077'
ACTION QUERY 10000 2896 piracy dogs
ACTION SERP 10000 2901 EXAMINE_SERP
ACTION SNIPPET 10000 2904 SNIPPET_RELEVANT b'1582371'
ACTION DOC 10000 2924 EXAMINING_DOCUMENT b'1582371'
ACTION SNIPPET 10000 2927 SNIPPET_NOT_RELEVANT b'461729'
ACTION SNIPPET 10000 2930 SNIPPET_NOT_RELEVANT b'1340211'
ACTION SNIPPET 10000 2933 SNIPPET_NOT_RELEVANT b'1040112'
ACTION SNIPPET 10000 2936 SEEN_PREVIOUSLY b'944052'
ACTION SNIPPET 10000 2939 SNIPPET_RELEVANT b'1433761'
ACTION DOC 10000 2959 EXAMINING_DOCUMENT b'1433761'
ACTION SNIPPET 10000 2962 SEEN_PREVIOUSLY b'1539234'
ACTION SNIPPET 10000 2965 SEEN_PREVIOUSLY b'1050607'
ACTION SNIPPET 10000 2968 SEEN_PREVIOUSLY b'1634739'
ACTION SNIPPET 10000 2971 SEEN_PREVIOUSLY b'68102'
ACTION QUERY 10000 2981 piracy ambassador
ACTION SERP 10000 2986 EXAMINE_SERP
ACTION SNIPPET 10000 2989 SNIPPET_NOT_RELEVANT b'1417266'
ACTION SNIPPET 10000 2992 SNIPPET_RELEVANT b'1474604'
ACTION DOC 10000 3012 EXAMINING_DOCUMENT b'1474604'
ACTION SNIPPET 10000 3015 SNIPPET_NOT_RELEVANT b'407098'
ACTION SNIPPET 10000 3018 SNIPPET_RELEVANT b'741918'
ACTION DOC 10000 3038 EXAMINING_DOCUMENT b'741918'
ACTION SNIPPET 10000 3041 SNIPPET_NOT_RELEVANT b'744870'
ACTION SNIPPET 10000 3044 SNIPPET_NOT_RELEVANT b'1447079'
ACTION SNIPPET 10000 3047 SNIPPET_NOT_RELEVANT b'611443'
ACTION SNIPPET 10000 3050 SEEN_PREVIOUSLY b'944052'
ACTION SNIPPET 10000 3053 SNIPPET_NOT_RELEVANT b'20251'
ACTION SNIPPET 10000 3056 SEEN_PREVIOUSLY b'1539234'
ACTION QUERY 10000 3066 piracy robert
ACTION SERP 10000 3071 EXAMINE_SERP
ACTION SNIPPET 10000 3074 SEEN_PREVIOUSLY b'1524044'
ACTION SNIPPET 10000 3077 SEEN_PREVIOUSLY b'168340'
ACTION SNIPPET 10000 3080 SNIPPET_NOT_RELEVANT b'1527861'
ACTION SNIPPET 10000 3083 SEEN_PREVIOUSLY b'1456641'
ACTION SNIPPET 10000 3086 SNIPPET_NOT_RELEVANT b'1350717'
ACTION SNIPPET 10000 3089 SNIPPET_NOT_RELEVANT b'980684'
ACTION SNIPPET 10000 3092 SEEN_PREVIOUSLY b'1597860'
ACTION SNIPPET 10000 3095 SNIPPET_RELEVANT b'933666'
ACTION DOC 10000 3115 EXAMINING_DOCUMENT b'933666'
ACTION SNIPPET 10000 3118 SNIPPET_RELEVANT b'849797'
ACTION DOC 10000 3138 EXAMINING_DOCUMENT b'849797'
ACTION SNIPPET 10000 3141 SNIPPET_NOT_RELEVANT b'200649'
ACTION QUERY 10000 3151 piracy swapping
ACTION SERP 10000 3156 EXAMINE_SERP
ACTION SNIPPET 10000 3159 SNIPPET_NOT_RELEVANT b'1405569'
ACTION SNIPPET 10000 3162 SNIPPET_NOT_RELEVANT b'1518116'
ACTION SNIPPET 10000 3165 SEEN_PREVIOUSLY b'1582371'
ACTION SNIPPET 10000 3168 SEEN_PREVIOUSLY b'1522541'
ACTION SNIPPET 10000 3171 SNIPPET_RELEVANT b'1218946'
ACTION DOC 10000 3191 EXAMINING_DOCUMENT b'1218946'
ACTION SNIPPET 10000 3194 SNIPPET_NOT_RELEVANT b'1467462'
ACTION SNIPPET 10000 3197 SNIPPET_NOT_RELEVANT b'1426712'
ACTION SNIPPET 10000 3200 SNIPPET_NOT_RELEVANT b'1512984'
ACTION SNIPPET 10000 3203 SNIPPET_RELEVANT b'1517794'
ACTION DOC 10000 3223 EXAMINING_DOCUMENT b'1517794'
ACTION SNIPPET 10000 3226 SNIPPET_NOT_RELEVANT b'1519790'
ACTION QUERY 10000 3236 piracy aa
ACTION SERP 10000 3241 EXAMINE_SERP
ACTION SNIPPET 10000 3244 SEEN_PREVIOUSLY b'944052'
ACTION SNIPPET 10000 3247 SEEN_PREVIOUSLY b'1539234'
ACTION SNIPPET 10000 3250 SEEN_PREVIOUSLY b'1050607'
ACTION SNIPPET 10000 3253 SEEN_PREVIOUSLY b'1634739'
ACTION SNIPPET 10000 3256 SEEN_PREVIOUSLY b'68102'
ACTION SNIPPET 10000 3259 SEEN_PREVIOUSLY b'1027308'
ACTION SNIPPET 10000 3262 SEEN_PREVIOUSLY b'1524044'
ACTION SNIPPET 10000 3265 SEEN_PREVIOUSLY b'1549581'
ACTION SNIPPET 10000 3268 SEEN_PREVIOUSLY b'119258'
ACTION SNIPPET 10000 3271 SEEN_PREVIOUSLY b'1523782'
ACTION QUERY 10000 3281 piracy trying
ACTION SERP 10000 3286 EXAMINE_SERP
ACTION SNIPPET 10000 3289 SEEN_PREVIOUSLY b'1539234'
ACTION SNIPPET 10000 3292 SEEN_PREVIOUSLY b'119258'
ACTION SNIPPET 10000 3295 SNIPPET_NOT_RELEVANT b'1355646'
ACTION SNIPPET 10000 3298 SEEN_PREVIOUSLY b'1322756'
ACTION SNIPPET 10000 3301 SEEN_PREVIOUSLY b'577789'
ACTION SNIPPET 10000 3304 SEEN_PREVIOUSLY b'1546828'
ACTION SNIPPET 10000 3307 SEEN_PREVIOUSLY b'1582371'
ACTION SNIPPET 10000 3310 SEEN_PREVIOUSLY b'1355353'
ACTION SNIPPET 10000 3313 SEEN_PREVIOUSLY b'1597860'
ACTION SNIPPET 10000 3316 SNIPPET_NOT_RELEVANT b'479872'
ACTION QUERY 10000 3326 piracy response
ACTION SERP 10000 3331 EXAMINE_SERP
ACTION SNIPPET 10000 3334 SNIPPET_NOT_RELEVANT b'744005'
ACTION SNIPPET 10000 3337 SNIPPET_NOT_RELEVANT b'569010'
ACTION SNIPPET 10000 3340 SEEN_PREVIOUSLY b'1808669'
ACTION SNIPPET 10000 3343 SEEN_PREVIOUSLY b'1445348'
ACTION SNIPPET 10000 3346 SNIPPET_NOT_RELEVANT b'1236144'
ACTION SNIPPET 10000 3349 SNIPPET_NOT_RELEVANT b'1529713'
ACTION SNIPPET 10000 3352 SNIPPET_NOT_RELEVANT b'122685'
ACTION SNIPPET 10000 3355 SNIPPET_NOT_RELEVANT b'923393'
ACTION SNIPPET 10000 3358 SNIPPET_NOT_RELEVANT b'1407273'
ACTION SNIPPET 10000 3361 SEEN_PREVIOUSLY b'1573004'
ACTION QUERY 10000 3371 piracy anxiety
ACTION SERP 10000 3376 EXAMINE_SERP
ACTION SNIPPET 10000 3379 SNIPPET_NOT_RELEVANT b'1238152'
ACTION SNIPPET 10000 3382 SEEN_PREVIOUSLY b'944052'
ACTION SNIPPET 10000 3385 SNIPPET_NOT_RELEVANT b'1481137'
ACTION SNIPPET 10000 3388 SEEN_PREVIOUSLY b'1539234'
ACTION SNIPPET 10000 3391 SNIPPET_NOT_RELEVANT b'658914'
ACTION SNIPPET 10000 3394 SEEN_PREVIOUSLY b'1050607'
ACTION SNIPPET 10000 3397 SEEN_PREVIOUSLY b'1634739'
ACTION SNIPPET 10000 3400 SEEN_PREVIOUSLY b'68102'
ACTION SNIPPET 10000 3403 SEEN_PREVIOUSLY b'1027308'
ACTION SNIPPET 10000 3406 SEEN_PREVIOUSLY b'1524044'
ACTION QUERY 10000 3416 piracy applies
ACTION SERP 10000 3421 EXAMINE_SERP
ACTION SNIPPET 10000 3424 SEEN_PREVIOUSLY b'1704054'
ACTION SNIPPET 10000 3427 SEEN_PREVIOUSLY b'445714'
ACTION SNIPPET 10000 3430 SNIPPET_NOT_RELEVANT b'1454790'
ACTION SNIPPET 10000 3433 SNIPPET_NOT_RELEVANT b'848179'
ACTION SNIPPET 10000 3436 SEEN_PREVIOUSLY b'821300'
ACTION SNIPPET 10000 3439 SEEN_PREVIOUSLY b'821163'
ACTION SNIPPET 10000 3442 SNIPPET_RELEVANT b'1460878'
ACTION DOC 10000 3462 EXAMINING_DOCUMENT b'1460878'
ACTION SNIPPET 10000 3465 SNIPPET_NOT_RELEVANT b'1153606'
ACTION SNIPPET 10000 3468 SEEN_PREVIOUSLY b'944052'
ACTION SNIPPET 10000 3471 SEEN_PREVIOUSLY b'1539234'
ACTION QUERY 10000 3481 piracy square
ACTION SERP 10000 3486 EXAMINE_SERP
ACTION SNIPPET 10000 3489 SNIPPET_RELEVANT b'1522721'
ACTION DOC 10000 3509 EXAMINING_DOCUMENT b'1522721'
ACTION SNIPPET 10000 3512 SEEN_PREVIOUSLY b'944052'
ACTION SNIPPET 10000 3515 SEEN_PREVIOUSLY b'1697916'
ACTION SNIPPET 10000 3518 SEEN_PREVIOUSLY b'1539234'
ACTION SNIPPET 10000 3521 SEEN_PREVIOUSLY b'1050607'
ACTION SNIPPET 10000 3524 SEEN_PREVIOUSLY b'1634739'
ACTION SNIPPET 10000 3527 SEEN_PREVIOUSLY b'68102'
ACTION SNIPPET 10000 3530 SEEN_PREVIOUSLY b'1027308'
ACTION SNIPPET 10000 3533 SEEN_PREVIOUSLY b'1524044'
ACTION SNIPPET 10000 3536 SEEN_PREVIOUSLY b'1549581'
ACTION QUERY 10000 3546 piracy venture
ACTION SERP 10000 3551 EXAMINE_SERP
ACTION SNIPPET 10000 3554 SNIPPET_NOT_RELEVANT b'1317871'
ACTION SNIPPET 10000 3557 SNIPPET_RELEVANT b'461729'
ACTION DOC 10000 3577 EXAMINING_DOCUMENT b'461729'
ACTION SNIPPET 10000 3580 SNIPPET_NOT_RELEVANT b'1685520'
ACTION SNIPPET 10000 3583 SNIPPET_NOT_RELEVANT b'1719715'
ACTION SNIPPET 10000 3586 SNIPPET_RELEVANT b'1322800'
ACTION DOC 10000 3606 EXAMINING_DOCUMENT b'1322800'
ACTION SNIPPET 10000 3609 SNIPPET_RELEVANT b'858770'
ACTION DOC 10000 3629 EXAMINING_DOCUMENT b'858770'
ACTION SNIPPET 10000 3632 SEEN_PREVIOUSLY b'946010'
ACTION SNIPPET 10000 3635 SNIPPET_NOT_RELEVANT b'479872'
ACTION SNIPPET 10000 3638 SNIPPET_NOT_RELEVANT b'1516935'
ACTION SNIPPET 10000 3641 SEEN_PREVIOUSLY b'941274'
ACTION QUERY 10000 3651 piracy morgan
ACTION SERP 10000 3656 EXAMINE_SERP
ACTION SNIPPET 10000 3659 SNIPPET_NOT_RELEVANT b'1851633'
ACTION SNIPPET 10000 3662 SNIPPET_NOT_RELEVANT b'1685520'
ACTION SNIPPET 10000 3665 SNIPPET_NOT_RELEVANT b'200172'
ACTION SNIPPET 10000 3668 SEEN_PREVIOUSLY b'944052'
ACTION SNIPPET 10000 3671 SNIPPET_NOT_RELEVANT b'940711'
ACTION SNIPPET 10000 3674 SEEN_PREVIOUSLY b'1539234'
ACTION SNIPPET 10000 3677 SNIPPET_NOT_RELEVANT b'487136'
ACTION SNIPPET 10000 3680 SEEN_PREVIOUSLY b'1050607'
ACTION SNIPPET 10000 3683 SEEN_PREVIOUSLY b'1634739'
ACTION SNIPPET 10000 3686 SEEN_PREVIOUSLY b'68102'
ACTION QUERY 10000 3696 piracy lost
ACTION SERP 10000 3701 EXAMINE_SERP
ACTION SNIPPET 10000 3704 SNIPPET_NOT_RELEVANT b'235047'
ACTION SNIPPET 10000 3707 SEEN_PREVIOUSLY b'1549581'
ACTION SNIPPET 10000 3710 SEEN_PREVIOUSLY b'1027308'
ACTION SNIPPET 10000 3713 SEEN_PREVIOUSLY b'1597860'
ACTION SNIPPET 10000 3716 SNIPPET_NOT_RELEVANT b'1760694'
ACTION SNIPPET 10000 3719 SEEN_PREVIOUSLY b'119258'
ACTION SNIPPET 10000 3722 SEEN_PREVIOUSLY b'1604517'
ACTION SNIPPET 10000 3725 SEEN_PREVIOUSLY b'1844516'
ACTION SNIPPET 10000 3728 SNIPPET_NOT_RELEVANT b'980684'
ACTION SNIPPET 10000 3731 SEEN_PREVIOUSLY b'1808669'
ACTION QUERY 10000 3741 piracy times
ACTION SERP 10000 3746 EXAMINE_SERP
ACTION SNIPPET 10000 3749 SEEN_PREVIOUSLY b'1050607'
ACTION SNIPPET 10000 3752 SEEN_PREVIOUSLY b'1634739'
ACTION SNIPPET 10000 3755 SEEN_PREVIOUSLY b'944052'
ACTION SNIPPET 10000 3758 SEEN_PREVIOUSLY b'1539234'
ACTION SNIPPET 10000 3761 SEEN_PREVIOUSLY b'68102'
ACTION SNIPPET 10000 3764 SEEN_PREVIOUSLY b'1456641'
ACTION SNIPPET 10000 3767 SEEN_PREVIOUSLY b'1027308'
ACTION SNIPPET 10000 3770 SEEN_PREVIOUSLY b'1524044'
ACTION SNIPPET 10000 3773 SNIPPET_RELEVANT b'744005'
ACTION DOC 10000 3793 EXAMINING_DOCUMENT b'744005'
ACTION SNIPPET 10000 3796 SEEN_PREVIOUSLY b'1549581'
ACTION QUERY 10000 3806 piracy major
ACTION SERP 10000 3811 EXAMINE_SERP
ACTION SNIPPET 10000 3814 SEEN_PREVIOUSLY b'1523782'
ACTION SNIPPET 10000 3817 SEEN_PREVIOUSLY b'1522721'
ACTION SNIPPET 10000 3820 SEEN_PREVIOUSLY b'1704054'
ACTION SNIPPET 10000 3823 SEEN_PREVIOUSLY b'1546828'
ACTION SNIPPET 10000 3826 SEEN_PREVIOUSLY b'1456641'
ACTION SNIPPET 10000 3829 SNIPPET_NOT_RELEVANT b'1529713'
ACTION SNIPPET 10000 3832 SNIPPET_NOT_RELEVANT b'1005398'
ACTION SNIPPET 10000 3835 SNIPPET_RELEVANT b'1506632'
ACTION DOC 10000 3855 EXAMINING_DOCUMENT b'1506632'
ACTION SNIPPET 10000 3858 SEEN_PREVIOUSLY b'62653'
ACTION SNIPPET 10000 3861 SEEN_PREVIOUSLY b'1597860'
ACTION QUERY 10000 3871 piracy deadline
ACTION SERP 10000 3876 EXAMINE_SERP
ACTION SNIPPET 10000 3879 SEEN_PREVIOUSLY b'854121'
ACTION SNIPPET 10000 3882 SNIPPET_RELEVANT b'52130'
ACTION DOC 10000 3902 EXAMINING_DOCUMENT b'52130'
ACTION SNIPPET 10000 3905 SEEN_PREVIOUSLY b'1573004'
ACTION SNIPPET 10000 3908 SNIPPET_NOT_RELEVANT b'858425'
ACTION SNIPPET 10000 3911 SNIPPET_NOT_RELEVANT b'813257'
ACTION SNIPPET 10000 3914 SNIPPET_RELEVANT b'849628'
ACTION DOC 10000 3934 EXAMINING_DOCUMENT b'849628'
ACTION SNIPPET 10000 3937 SNIPPET_NOT_RELEVANT b'1026537'
ACTION SNIPPET 10000 3940 SNIPPET_RELEVANT b'858628'
ACTION DOC 10000 3960 EXAMINING_DOCUMENT b'858628'
ACTION SNIPPET 10000 3963 SNIPPET_NOT_RELEVANT b'850779'
ACTION SNIPPET 10000 3966 SNIPPET_RELEVANT b'1836880'
ACTION DOC 10000 3986 EXAMINING_DOCUMENT b'1836880'
ACTION QUERY 10000 3996 piracy finalist
ACTION SERP 10000 4001 EXAMINE_SERP
ACTION SNIPPET 10000 4004 SNIPPET_NOT_RELEVANT b'1026537'
ACTION SNIPPET 10000 4007 SEEN_PREVIOUSLY b'1564792'
ACTION SNIPPET 10000 4010 SEEN_PREVIOUSLY b'1840739'
ACTION SNIPPET 10000 4013 SEEN_PREVIOUSLY b'944052'
ACTION SNIPPET 10000 4016 SEEN_PREVIOUSLY b'1539234'
ACTION SNIPPET 10000 4019 SEEN_PREVIOUSLY b'1050607'
ACTION SNIPPET 10000 4022 SEEN_PREVIOUSLY b'1634739'
ACTION SNIPPET 10000 4025 SEEN_PREVIOUSLY b'68102'
ACTION SNIPPET 10000 4028 SEEN_PREVIOUSLY b'1027308'
ACTION SNIPPET 10000 4031 SEEN_PREVIOUSLY b'1524044'
ACTION QUERY 10000 4041 piracy assisting
ACTION SERP 10000 4046 EXAMINE_SERP
ACTION SNIPPET 10000 4049 SEEN_PREVIOUSLY b'1539234'
ACTION SNIPPET 10000 4052 SNIPPET_NOT_RELEVANT b'655779'
ACTION SNIPPET 10000 4055 SNIPPET_NOT_RELEVANT b'1453527'
ACTION SNIPPET 10000 4058 SNIPPET_NOT_RELEVANT b'180001'
ACTION SNIPPET 10000 4061 SEEN_PREVIOUSLY b'854121'
ACTION SNIPPET 10000 4064 SNIPPET_NOT_RELEVANT b'1458707'
ACTION SNIPPET 10000 4067 SNIPPET_RELEVANT b'1005398'
ACTION DOC 10000 4087 EXAMINING_DOCUMENT b'1005398'
ACTION SNIPPET 10000 4090 SNIPPET_RELEVANT b'569010'
ACTION DOC 10000 4110 EXAMINING_DOCUMENT b'569010'
ACTION SNIPPET 10000 4113 SNIPPET_RELEVANT b'1128051'
ACTION DOC 10000 4133 EXAMINING_DOCUMENT b'1128051'
ACTION SNIPPET 10000 4136 SEEN_PREVIOUSLY b'1445297'
ACTION QUERY 10000 4146 piracy smears
ACTION SERP 10000 4151 EXAMINE_SERP
ACTION SNIPPET 10000 4154 SEEN_PREVIOUSLY b'944052'
ACTION SNIPPET 10000 4157 SEEN_PREVIOUSLY b'1517794'
ACTION SNIPPET 10000 4160 SEEN_PREVIOUSLY b'1539234'
ACTION SNIPPET 10000 4163 SEEN_PREVIOUSLY b'1050607'
ACTION SNIPPET 10000 4166 SEEN_PREVIOUSLY b'1634739'
ACTION SNIPPET 10000 4169 SEEN_PREVIOUSLY b'68102'
ACTION SNIPPET 10000 4172 SEEN_PREVIOUSLY b'1027308'
ACTION SNIPPET 10000 4175 SEEN_PREVIOUSLY b'1524044'
ACTION SNIPPET 10000 4178 SEEN_PREVIOUSLY b'1549581'
ACTION SNIPPET 10000 4181 SEEN_PREVIOUSLY b'119258'
ACTION QUERY 10000 4191 piracy infringement
ACTION SERP 10000 4196 EXAMINE_SERP
ACTION SNIPPET 10000 4199 SNIPPET_NOT_RELEVANT b'1472052'
ACTION SNIPPET 10000 4202 SNIPPET_NOT_RELEVANT b'923921'
ACTION SNIPPET 10000 4205 SNIPPET_RELEVANT b'82649'
ACTION DOC 10000 4225 EXAMINING_DOCUMENT b'82649'
ACTION SNIPPET 10000 4228 SNIPPET_RELEVANT b'1355754'
ACTION DOC 10000 4248 EXAMINING_DOCUMENT b'1355754'
ACTION SNIPPET 10000 4251 SEEN_PREVIOUSLY b'530934'
ACTION SNIPPET 10000 4254 SNIPPET_NOT_RELEVANT b'1201545'
ACTION SNIPPET 10000 4257 SEEN_PREVIOUSLY b'1808468'
ACTION SNIPPET 10000 4260 SNIPPET_RELEVANT b'1313349'
ACTION DOC 10000 4280 EXAMINING_DOCUMENT b'1313349'
ACTION SNIPPET 10000 4283 SNIPPET_RELEVANT b'1843092'
ACTION DOC 10000 4303 EXAMINING_DOCUMENT b'1843092'
ACTION SNIPPET 10000 4306 SNIPPET_RELEVANT b'847511'
ACTION DOC 10000 4326 EXAMINING_DOCUMENT b'847511'
ACTION QUERY 10000 4336 piracy little
ACTION SERP 10000 4341 EXAMINE_SERP
ACTION SNIPPET 10000 4344 SEEN_PREVIOUSLY b'944052'
ACTION SNIPPET 10000 4347 SEEN_PREVIOUSLY b'964822'
ACTION SNIPPET 10000 4350 SEEN_PREVIOUSLY b'1456641'
ACTION SNIPPET 10000 4353 SEEN_PREVIOUSLY b'1005398'
ACTION SNIPPET 10000 4356 SEEN_PREVIOUSLY b'849797'
ACTION SNIPPET 10000 4359 SEEN_PREVIOUSLY b'577789'
ACTION SNIPPET 10000 4362 SEEN_PREVIOUSLY b'445714'
ACTION SNIPPET 10000 4365 SEEN_PREVIOUSLY b'1597860'
ACTION SNIPPET 10000 4368 SEEN_PREVIOUSLY b'1371655'
ACTION SNIPPET 10000 4371 SNIPPET_RELEVANT b'1509386'
ACTION DOC 10000 4391 EXAMINING_DOCUMENT b'1509386'
ACTION QUERY 10000 4401 piracy handheld
ACTION SERP 10000 4406 EXAMINE_SERP
ACTION SNIPPET 10000 4409 SNIPPET_RELEVANT b'1200455'
ACTION DOC 10000 4429 EXAMINING_DOCUMENT b'1200455'
ACTION SNIPPET 10000 4432 SNIPPET_RELEVANT b'1223106'
ACTION DOC 10000 4452 EXAMINING_DOCUMENT b'1223106'
ACTION SNIPPET 10000 4455 SNIPPET_NOT_RELEVANT b'1230363'
ACTION SNIPPET 10000 4458 SNIPPET_NOT_RELEVANT b'1118023'
ACTION SNIPPET 10000 4461 SNIPPET_RELEVANT b'1198489'
ACTION DOC 10000 4481 EXAMINING_DOCUMENT b'1198489'
ACTION SNIPPET 10000 4484 SNIPPET_RELEVANT b'1530620'
ACTION DOC 10000 4504 EXAMINING_DOCUMENT b'1530620'
ACTION SNIPPET 10000 4507 SNIPPET_NOT_RELEVANT b'1107258'
ACTION SNIPPET 10000 4510 SNIPPET_RELEVANT b'1251335'
ACTION DOC 10000 4530 EXAMINING_DOCUMENT b'1251335'
ACTION SNIPPET 10000 4533 SNIPPET_RELEVANT b'1154228'
ACTION DOC 10000 4553 EXAMINING_DOCUMENT b'1154228'
ACTION SNIPPET 10000 4556 SNIPPET_NOT_RELEVANT b'303177'
ACTION QUERY 10000 4566 piracy graphics
ACTION SERP 10000 4571 EXAMINE_SERP
ACTION SNIPPET 10000 4574 SEEN_PREVIOUSLY b'744005'
ACTION SNIPPET 10000 4577 SNIPPET_NOT_RELEVANT b'1460667'
ACTION SNIPPET 10000 4580 SNIPPET_NOT_RELEVANT b'1780728'
ACTION SNIPPET 10000 4583 SEEN_PREVIOUSLY b'821300'
ACTION SNIPPET 10000 4586 SEEN_PREVIOUSLY b'821163'
ACTION SNIPPET 10000 4589 SNIPPET_NOT_RELEVANT b'1297661'
ACTION SNIPPET 10000 4592 SNIPPET_RELEVANT b'1810339'
ACTION DOC 10000 4612 EXAMINING_DOCUMENT b'1810339'
ACTION SNIPPET 10000 4615 SNIPPET_RELEVANT b'1445315'
ACTION DOC 10000 4635 EXAMINING_DOCUMENT b'1445315'
ACTION SNIPPET 10000 4638 SEEN_PREVIOUSLY b'944052'
ACTION SNIPPET 10000 4641 SEEN_PREVIOUSLY b'1539234'
ACTION QUERY 10000 4651 piracy monitor
ACTION SERP 10000 4656 EXAMINE_SERP
ACTION SNIPPET 10000 4659 SEEN_PREVIOUSLY b'1582371'
ACTION SNIPPET 10000 4662 SNIPPET_NOT_RELEVANT b'1824476'
ACTION SNIPPET 10000 4665 SNIPPET_RELEVANT b'1080059'
ACTION DOC 10000 4685 EXAMINING_DOCUMENT b'1080059'
ACTION SNIPPET 10000 4688 SEEN_PREVIOUSLY b'1704054'
ACTION SNIPPET 10000 4691 SNIPPET_NOT_RELEVANT b'1668514'
ACTION SNIPPET 10000 4694 SNIPPET_RELEVANT b'1236144'
ACTION DOC 10000 4714 EXAMINING_DOCUMENT b'1236144'
ACTION SNIPPET 10000 4717 SNIPPET_RELEVANT b'1586442'
ACTION DOC 10000 4737 EXAMINING_DOCUMENT b'1586442'
ACTION SNIPPET 10000 4740 SNIPPET_NOT_RELEVANT b'1824191'
ACTION SNIPPET 10000 4743 SEEN_PREVIOUSLY b'264411'
ACTION SNIPPET 10000 4746 SEEN_PREVIOUSLY b'858770'
ACTION QUERY 10000 4756 piracy license
ACTION SERP 10000 4761 EXAMINE_SERP
ACTION SNIPPET 10000 4764 SNIPPET_RELEVANT b'1355646'
ACTION DOC 10000 4784 EXAMINING_DOCUMENT b'1355646'
ACTION SNIPPET 10000 4787 SEEN_PREVIOUSLY b'1572306'
ACTION SNIPPET 10000 4790 SEEN_PREVIOUSLY b'1080059'
ACTION SNIPPET 10000 4793 SEEN_PREVIOUSLY b'264411'
ACTION SNIPPET 10000 4796 SEEN_PREVIOUSLY b'1322756'
ACTION SNIPPET 10000 4799 SEEN_PREVIOUSLY b'1445348'
ACTION SNIPPET 10000 4802 SNIPPET_NOT_RELEVANT b'1417266'
ACTION SNIPPET 10000 4805 SEEN_PREVIOUSLY b'933666'
ACTION SNIPPET 10000 4808 SNIPPET_RELEVANT b'1671999'
ACTION DOC 10000 4828 EXAMINING_DOCUMENT b'1671999'
ACTION SNIPPET 10000 4831 SNIPPET_NOT_RELEVANT b'1573585'
ACTION QUERY 10000 4841 piracy certificate
ACTION SERP 10000 4846 EXAMINE_SERP
ACTION SNIPPET 10000 4849 SEEN_PREVIOUSLY b'1080059'
ACTION SNIPPET 10000 4852 SEEN_PREVIOUSLY b'944052'
ACTION SNIPPET 10000 4855 SEEN_PREVIOUSLY b'1539234'
ACTION SNIPPET 10000 4858 SEEN_PREVIOUSLY b'1050607'
ACTION SNIPPET 10000 4861 SEEN_PREVIOUSLY b'1634739'
ACTION SNIPPET 10000 4864 SEEN_PREVIOUSLY b'68102'
ACTION SNIPPET 10000 4867 SEEN_PREVIOUSLY b'1027308'
ACTION SNIPPET 10000 4870 SEEN_PREVIOUSLY b'1524044'
ACTION SNIPPET 10000 4873 SEEN_PREVIOUSLY b'1549581'
ACTION SNIPPET 10000 4876 SEEN_PREVIOUSLY b'119258'
ACTION QUERY 10000 4886 piracy crack
ACTION SERP 10000 4891 EXAMINE_SERP
ACTION SNIPPET 10000 4894 SEEN_PREVIOUSLY b'1634739'
ACTION SNIPPET 10000 4897 SEEN_PREVIOUSLY b'1808669'
ACTION SNIPPET 10000 4900 SEEN_PREVIOUSLY b'1844516'
ACTION SNIPPET 10000 4903 SNIPPET_NOT_RELEVANT b'39510'
ACTION SNIPPET 10000 4906 SNIPPET_NOT_RELEVANT b'1552104'
ACTION SNIPPET 10000 4909 SEEN_PREVIOUSLY b'264411'
ACTION SNIPPET 10000 4912 SNIPPET_NOT_RELEVANT b'734509'
ACTION SNIPPET 10000 4915 SNIPPET_NOT_RELEVANT b'1027000'
ACTION SNIPPET 10000 4918 SNIPPET_RELEVANT b'277174'
ACTION DOC 10000 4938 EXAMINING_DOCUMENT b'277174'
ACTION SNIPPET 10000 4941 SEEN_PREVIOUSLY b'854121'
ACTION QUERY 10000 4951 piracy expected
ACTION SERP 10000 4956 EXAMINE_SERP
ACTION SNIPPET 10000 4959 SEEN_PREVIOUSLY b'944052'
ACTION SNIPPET 10000 4962 SEEN_PREVIOUSLY b'854121'
ACTION SNIPPET 10000 4965 SEEN_PREVIOUSLY b'1456506'
ACTION SNIPPET 10000 4968 SEEN_PREVIOUSLY b'62653'
ACTION SNIPPET 10000 4971 SNIPPET_NOT_RELEVANT b'1529713'
ACTION SNIPPET 10000 4974 SNIPPET_RELEVANT b'122685'
ACTION DOC 10000 4994 EXAMINING_DOCUMENT b'122685'
ACTION SNIPPET 10000 4997 SEEN_PREVIOUSLY b'1604517'
ACTION SNIPPET 10000 5000 SNIPPET_NOT_RELEVANT b'1472052'
ACTION SNIPPET 10000 5003 SEEN_PREVIOUSLY b'847511'
ACTION SNIPPET 10000 5006 SNIPPET_NOT_RELEVANT b'784445'
ACTION QUERY 10000 5016 piracy elefantes
ACTION SERP 10000 5021 EXAMINE_SERP
ACTION SNIPPET 10000 5024 SNIPPET_RELEVANT b'1132378'
ACTION DOC 10000 5044 EXAMINING_DOCUMENT b'1132378'
ACTION SNIPPET 10000 5047 SNIPPET_RELEVANT b'1280781'
ACTION DOC 10000 5067 EXAMINING_DOCUMENT b'1280781'
ACTION SNIPPET 10000 5070 SNIPPET_RELEVANT b'1853572'
ACTION DOC 10000 5090 EXAMINING_DOCUMENT b'1853572'
ACTION SNIPPET 10000 5093 SNIPPET_NOT_RELEVANT b'1353826'
ACTION SNIPPET 10000 5096 SNIPPET_RELEVANT b'1596480'
ACTION DOC 10000 5116 EXAMINING_DOCUMENT b'1596480'
ACTION SNIPPET 10000 5119 SNIPPET_NOT_RELEVANT b'234938'
ACTION SNIPPET 10000 5122 SEEN_PREVIOUSLY b'944052'
ACTION SNIPPET 10000 5125 SEEN_PREVIOUSLY b'1539234'
ACTION SNIPPET 10000 5128 SEEN_PREVIOUSLY b'1050607'
ACTION SNIPPET 10000 5131 SEEN_PREVIOUSLY b'1634739'
ACTION QUERY 10000 5141 piracy ritas
ACTION SERP 10000 5146 EXAMINE_SERP
ACTION SNIPPET 10000 5149 SEEN_PREVIOUSLY b'1564792'
ACTION SNIPPET 10000 5152 SEEN_PREVIOUSLY b'944052'
ACTION SNIPPET 10000 5155 SEEN_PREVIOUSLY b'1539234'
ACTION SNIPPET 10000 5158 SNIPPET_RELEVANT b'1704100'
ACTION DOC 10000 5178 EXAMINING_DOCUMENT b'1704100'
ACTION SNIPPET 10000 5181 SEEN_PREVIOUSLY b'1050607'
ACTION SNIPPET 10000 5184 SEEN_PREVIOUSLY b'1634739'
ACTION SNIPPET 10000 5187 SEEN_PREVIOUSLY b'68102'
ACTION SNIPPET 10000 5190 SEEN_PREVIOUSLY b'1027308'
ACTION SNIPPET 10000 5193 SEEN_PREVIOUSLY b'1524044'
ACTION SNIPPET 10000 5196 SEEN_PREVIOUSLY b'1549581'
ACTION QUERY 10000 5206 piracy nominees
ACTION SERP 10000 5211 EXAMINE_SERP
ACTION SNIPPET 10000 5214 SEEN_PREVIOUSLY b'1523782'
ACTION SNIPPET 10000 5217 SEEN_PREVIOUSLY b'854121'
ACTION SNIPPET 10000 5220 SEEN_PREVIOUSLY b'849797'
ACTION SNIPPET 10000 5223 SNIPPET_NOT_RELEVANT b'1532453'
ACTION SNIPPET 10000 5226 SEEN_PREVIOUSLY b'847511'
ACTION SNIPPET 10000 5229 SEEN_PREVIOUSLY b'741918'
ACTION SNIPPET 10000 5232 SEEN_PREVIOUSLY b'1564792'
ACTION SNIPPET 10000 5235 SNIPPET_NOT_RELEVANT b'1576067'
ACTION SNIPPET 10000 5238 SEEN_PREVIOUSLY b'944052'
ACTION SNIPPET 10000 5241 SEEN_PREVIOUSLY b'1539234'
ACTION QUERY 10000 5251 piracy best
ACTION SERP 10000 5256 EXAMINE_SERP
ACTION SNIPPET 10000 5259 SEEN_PREVIOUSLY b'1737661'
ACTION SNIPPET 10000 5262 SEEN_PREVIOUSLY b'1481077'
ACTION SNIPPET 10000 5265 SEEN_PREVIOUSLY b'1456641'
ACTION SNIPPET 10000 5268 SNIPPET_NOT_RELEVANT b'1333111'
ACTION SNIPPET 10000 5271 SEEN_PREVIOUSLY b'120248'
ACTION SNIPPET 10000 5274 SEEN_PREVIOUSLY b'1582371'
ACTION SNIPPET 10000 5277 SNIPPET_NOT_RELEVANT b'1540372'
ACTION SNIPPET 10000 5280 SNIPPET_NOT_RELEVANT b'1229634'
ACTION SNIPPET 10000 5283 SEEN_PREVIOUSLY b'1522721'
ACTION SNIPPET 10000 5286 SEEN_PREVIOUSLY b'944052'
ACTION QUERY 10000 5296 piracy evacuated
ACTION SERP 10000 5301 EXAMINE_SERP
ACTION SNIPPET 10000 5304 SNIPPET_NOT_RELEVANT b'407098'
ACTION SNIPPET 10000 5307 SEEN_PREVIOUSLY b'944052'
ACTION SNIPPET 10000 5310 SEEN_PREVIOUSLY b'1539234'
ACTION SNIPPET 10000 5313 SEEN_PREVIOUSLY b'1050607'
ACTION SNIPPET 10000 5316 SEEN_PREVIOUSLY b'1634739'
ACTION SNIPPET 10000 5319 SEEN_PREVIOUSLY b'68102'
ACTION SNIPPET 10000 5322 SEEN_PREVIOUSLY b'1027308'
ACTION SNIPPET 10000 5325 SEEN_PREVIOUSLY b'1524044'
ACTION SNIPPET 10000 5328 SEEN_PREVIOUSLY b'1549581'
ACTION SNIPPET 10000 5331 SEEN_PREVIOUSLY b'119258'
ACTION QUERY 10000 5341 piracy actions
ACTION SERP 10000 5346 EXAMINE_SERP
ACTION SNIPPET 10000 5349 SEEN_PREVIOUSLY b'1524044'
ACTION SNIPPET 10000 5352 SEEN_PREVIOUSLY b'1634739'
ACTION SNIPPET 10000 5355 SNIPPET_NOT_RELEVANT b'1668514'
ACTION SNIPPET 10000 5358 SEEN_PREVIOUSLY b'1456506'
ACTION SNIPPET 10000 5361 SEEN_PREVIOUSLY b'447159'
ACTION SNIPPET 10000 5364 SEEN_PREVIOUSLY b'1799443'
ACTION SNIPPET 10000 5367 SNIPPET_NOT_RELEVANT b'832038'
ACTION SNIPPET 10000 5370 SEEN_PREVIOUSLY b'1737661'
ACTION SNIPPET 10000 5373 SNIPPET_NOT_RELEVANT b'275582'
ACTION SNIPPET 10000 5376 SEEN_PREVIOUSLY b'1632625'
ACTION QUERY 10000 5386 piracy citizens
ACTION SERP 10000 5391 EXAMINE_SERP
ACTION SNIPPET 10000 5394 SNIPPET_RELEVANT b'958813'
ACTION DOC 10000 5414 EXAMINING_DOCUMENT b'958813'
ACTION SNIPPET 10000 5417 SEEN_PREVIOUSLY b'941274'
ACTION SNIPPET 10000 5420 SEEN_PREVIOUSLY b'944052'
ACTION SNIPPET 10000 5423 SEEN_PREVIOUSLY b'1539234'
ACTION SNIPPET 10000 5426 SNIPPET_RELEVANT b'94691'
ACTION DOC 10000 5446 EXAMINING_DOCUMENT b'94691'
ACTION SNIPPET 10000 5449 SNIPPET_NOT_RELEVANT b'590349'
ACTION SNIPPET 10000 5452 SEEN_PREVIOUSLY b'1050607'
ACTION SNIPPET 10000 5455 SEEN_PREVIOUSLY b'1634739'
ACTION SNIPPET 10000 5458 SEEN_PREVIOUSLY b'68102'
ACTION SNIPPET 10000 5461 SEEN_PREVIOUSLY b'231786'
ACTION QUERY 10000 5471 piracy awaiting
ACTION SERP 10000 5476 EXAMINE_SERP
ACTION SNIPPET 10000 5479 SNIPPET_NOT_RELEVANT b'943947'
ACTION SNIPPET 10000 5482 SNIPPET_NOT_RELEVANT b'1318982'
ACTION SNIPPET 10000 5485 SEEN_PREVIOUSLY b'1110988'
ACTION SNIPPET 10000 5488 SEEN_PREVIOUSLY b'94691'
ACTION SNIPPET 10000 5491 SNIPPET_NOT_RELEVANT b'1057223'
ACTION SNIPPET 10000 5494 SNIPPET_RELEVANT b'835694'
ACTION DOC 10000 5514 EXAMINING_DOCUMENT b'835694'
ACTION SNIPPET 10000 5517 SNIPPET_RELEVANT b'499563'
ACTION DOC 10000 5537 EXAMINING_DOCUMENT b'499563'
ACTION MARK 10000 5540 CONSIDERED_RELEVANT b'499563'
ACTION SNIPPET 10000 5543 SEEN_PREVIOUSLY b'944052'
ACTION SNIPPET 10000 5546 SEEN_PREVIOUSLY b'1539234'
ACTION SNIPPET 10000 5549 SEEN_PREVIOUSLY b'1050607'
ACTION QUERY 10000 5559 piracy plan
ACTION SERP 10000 5564 EXAMINE_SERP
ACTION SNIPPET 10000 5567 SNIPPET_RELEVANT b'47864'
ACTION DOC 10000 5587 EXAMINING_DOCUMENT b'47864'
ACTION SNIPPET 10000 5590 SEEN_PREVIOUSLY b'1481077'
ACTION SNIPPET 10000 5593 SEEN_PREVIOUSLY b'1027308'
ACTION SNIPPET 10000 5596 SEEN_PREVIOUSLY b'1546828'
ACTION SNIPPET 10000 5599 SEEN_PREVIOUSLY b'1456641'
ACTION SNIPPET 10000 5602 SEEN_PREVIOUSLY b'1704054'
ACTION SNIPPET 10000 5605 SEEN_PREVIOUSLY b'1799443'
ACTION SNIPPET 10000 5608 SEEN_PREVIOUSLY b'964822'
ACTION SNIPPET 10000 5611 SEEN_PREVIOUSLY b'1456506'
ACTION SNIPPET 10000 5614 SEEN_PREVIOUSLY b'1597860'
ACTION QUERY 10000 5624 piracy giggling
ACTION SERP 10000 5629 EXAMINE_SERP
ACTION SNIPPET 10000 5632 SNIPPET_RELEVANT b'763113'
ACTION DOC 10000 5652 EXAMINING_DOCUMENT b'763113'
ACTION SNIPPET 10000 5655 SNIPPET_NOT_RELEVANT b'1391870'
ACTION SNIPPET 10000 5658 SEEN_PREVIOUSLY b'944052'
ACTION SNIPPET 10000 5661 SNIPPET_NOT_RELEVANT b'1626953'
ACTION SNIPPET 10000 5664 SEEN_PREVIOUSLY b'1539234'
ACTION SNIPPET 10000 5667 SEEN_PREVIOUSLY b'1050607'
ACTION SNIPPET 10000 5670 SEEN_PREVIOUSLY b'1634739'
ACTION SNIPPET 10000 5673 SEEN_PREVIOUSLY b'68102'
ACTION SNIPPET 10000 5676 SEEN_PREVIOUSLY b'1027308'
ACTION SNIPPET 10000 5679 SEEN_PREVIOUSLY b'1524044'
ACTION QUERY 10000 5689 piracy turtles
ACTION SERP 10000 5694 EXAMINE_SERP
ACTION SNIPPET 10000 5697 SEEN_PREVIOUSLY b'944052'
ACTION SNIPPET 10000 5700 SEEN_PREVIOUSLY b'1539234'
ACTION SNIPPET 10000 5703 SEEN_PREVIOUSLY b'1050607'
ACTION SNIPPET 10000 5706 SEEN_PREVIOUSLY b'1634739'
ACTION SNIPPET 10000 5709 SEEN_PREVIOUSLY b'68102'
ACTION SNIPPET 10000 5712 SEEN_PREVIOUSLY b'1027308'
ACTION SNIPPET 10000 5715 SEEN_PREVIOUSLY b'1524044'
ACTION SNIPPET 10000 5718 SEEN_PREVIOUSLY b'1549581'
ACTION SNIPPET 10000 5721 SEEN_PREVIOUSLY b'119258'
ACTION SNIPPET 10000 5724 SEEN_PREVIOUSLY b'1523782'
ACTION QUERY 10000 5734 piracy met
ACTION SERP 10000 5739 EXAMINE_SERP
ACTION SNIPPET 10000 5742 SEEN_PREVIOUSLY b'964822'
ACTION SNIPPET 10000 5745 SNIPPET_NOT_RELEVANT b'479872'
ACTION SNIPPET 10000 5748 SEEN_PREVIOUSLY b'1057570'
ACTION SNIPPET 10000 5751 SEEN_PREVIOUSLY b'944052'
ACTION SNIPPET 10000 5754 SEEN_PREVIOUSLY b'1539234'
ACTION SNIPPET 10000 5757 SEEN_PREVIOUSLY b'1050607'
ACTION SNIPPET 10000 5760 SEEN_PREVIOUSLY b'1634739'
ACTION SNIPPET 10000 5763 SEEN_PREVIOUSLY b'68102'
ACTION SNIPPET 10000 5766 SNIPPET_RELEVANT b'784445'
ACTION DOC 10000 5786 EXAMINING_DOCUMENT b'784445'
ACTION SNIPPET 10000 5789 SNIPPET_NOT_RELEVANT b'1201545'
ACTION QUERY 10000 5799 piracy money
ACTION SERP 10000 5804 EXAMINE_SERP
ACTION SNIPPET 10000 5807 SEEN_PREVIOUSLY b'964822'
ACTION SNIPPET 10000 5810 SEEN_PREVIOUSLY b'1697916'
ACTION SNIPPET 10000 5813 SEEN_PREVIOUSLY b'1355353'
ACTION SNIPPET 10000 5816 SNIPPET_RELEVANT b'1407273'
ACTION DOC 10000 5836 EXAMINING_DOCUMENT b'1407273'
ACTION SNIPPET 10000 5839 SNIPPET_RELEVANT b'1093262'
ACTION DOC 10000 5859 EXAMINING_DOCUMENT b'1093262'
ACTION SNIPPET 10000 5862 SNIPPET_RELEVANT b'1417266'
ACTION DOC 10000 5882 EXAMINING_DOCUMENT b'1417266'
ACTION SNIPPET 10000 5885 SEEN_PREVIOUSLY b'1632625'
ACTION SNIPPET 10000 5888 SNIPPET_RELEVANT b'1390715'
ACTION DOC 10000 5908 EXAMINING_DOCUMENT b'1390715'
ACTION SNIPPET 10000 5911 SNIPPET_RELEVANT b'811285'
ACTION DOC 10000 5931 EXAMINING_DOCUMENT b'811285'
ACTION SNIPPET 10000 5934 SEEN_PREVIOUSLY b'1522721'
ACTION QUERY 10000 5944 piracy awarded
ACTION SERP 10000 5949 EXAMINE_SERP
ACTION SNIPPET 10000 5952 SEEN_PREVIOUSLY b'1524044'
ACTION SNIPPET 10000 5955 SEEN_PREVIOUSLY b'1523782'
ACTION SNIPPET 10000 5958 SEEN_PREVIOUSLY b'836519'
ACTION SNIPPET 10000 5961 SEEN_PREVIOUSLY b'1522721'
ACTION SNIPPET 10000 5964 SNIPPET_NOT_RELEVANT b'1540372'
ACTION SNIPPET 10000 5967 SNIPPET_NOT_RELEVANT b'1529713'
ACTION SNIPPET 10000 5970 SEEN_PREVIOUSLY b'120248'
ACTION SNIPPET 10000 5973 SEEN_PREVIOUSLY b'1546828'
ACTION SNIPPET 10000 5976 SNIPPET_RELEVANT b'829851'
ACTION DOC 10000 5996 EXAMINING_DOCUMENT b'829851'
ACTION SNIPPET 10000 5999 SEEN_PREVIOUSLY b'1564792'
ACTION QUERY 10000 6009 piracy join
ACTION SERP 10000 6014 EXAMINE_SERP
ACTION SNIPPET 10000 6017 SEEN_PREVIOUSLY b'1583651'
ACTION SNIPPET 10000 6020 SEEN_PREVIOUSLY b'1456641'
ACTION SNIPPET 10000 6023 SEEN_PREVIOUSLY b'1445348'
ACTION SNIPPET 10000 6026 SEEN_PREVIOUSLY b'1509386'
ACTION SNIPPET 10000 6029 SEEN_PREVIOUSLY b'1582371'
ACTION SNIPPET 10000 6032 SNIPPET_NOT_RELEVANT b'1426712'
ACTION SNIPPET 10000 6035 SEEN_PREVIOUSLY b'941274'
ACTION SNIPPET 10000 6038 SEEN_PREVIOUSLY b'944052'
ACTION SNIPPET 10000 6041 SNIPPET_RELEVANT b'1761052'
ACTION DOC 10000 6061 EXAMINING_DOCUMENT b'1761052'
ACTION SNIPPET 10000 6064 SEEN_PREVIOUSLY b'1322800'
ACTION QUERY 10000 6074 piracy fancy
ACTION SERP 10000 6079 EXAMINE_SERP
ACTION SNIPPET 10000 6082 SEEN_PREVIOUSLY b'944052'
ACTION SNIPPET 10000 6085 SEEN_PREVIOUSLY b'1539234'
ACTION SNIPPET 10000 6088 SNIPPET_NOT_RELEVANT b'1796193'
ACTION SNIPPET 10000 6091 SEEN_PREVIOUSLY b'1050607'
ACTION SNIPPET 10000 6094 SEEN_PREVIOUSLY b'1634739'
ACTION SNIPPET 10000 6097 SEEN_PREVIOUSLY b'68102'
ACTION SNIPPET 10000 6100 SEEN_PREVIOUSLY b'1027308'
ACTION SNIPPET 10000 6103 SEEN_PREVIOUSLY b'1524044'
ACTION SNIPPET 10000 6106 SEEN_PREVIOUSLY b'1549581'
ACTION SNIPPET 10000 6109 SEEN_PREVIOUSLY b'119258'
ACTION QUERY 10000 6119 piracy countries
ACTION SERP 10000 6124 EXAMINE_SERP
ACTION SNIPPET 10000 6127 SEEN_PREVIOUSLY b'47864'
ACTION SNIPPET 10000 6130 SEEN_PREVIOUSLY b'1027308'
ACTION SNIPPET 10000 6133 SEEN_PREVIOUSLY b'1634739'
ACTION SNIPPET 10000 6136 SEEN_PREVIOUSLY b'1050607'
ACTION SNIPPET 10000 6139 SEEN_PREVIOUSLY b'1604517'
ACTION SNIPPET 10000 6142 SEEN_PREVIOUSLY b'964822'
ACTION SNIPPET 10000 6145 SEEN_PREVIOUSLY b'447159'
ACTION SNIPPET 10000 6148 SNIPPET_NOT_RELEVANT b'235047'
ACTION SNIPPET 10000 6151 SNIPPET_NOT_RELEVANT b'1668514'
ACTION SNIPPET 10000 6154 SEEN_PREVIOUSLY b'530934'
ACTION QUERY 10000 6164 piracy scheme
ACTION SERP 10000 6169 EXAMINE_SERP
ACTION SNIPPET 10000 6172 SNIPPET_RELEVANT b'943947'
ACTION DOC 10000 6192 EXAMINING_DOCUMENT b'943947'
ACTION SNIPPET 10000 6195 SNIPPET_NOT_RELEVANT b'1207261'
ACTION SNIPPET 10000 6198 SEEN_PREVIOUSLY b'1582371'
ACTION SNIPPET 10000 6201 SEEN_PREVIOUSLY b'1128051'
ACTION SNIPPET 10000 6204 SNIPPET_NOT_RELEVANT b'1321052'
ACTION SNIPPET 10000 6207 SNIPPET_NOT_RELEVANT b'1313954'
ACTION SNIPPET 10000 6210 SNIPPET_NOT_RELEVANT b'1591787'
ACTION SNIPPET 10000 6213 SEEN_PREVIOUSLY b'1407273'
ACTION SNIPPET 10000 6216 SEEN_PREVIOUSLY b'858628'
ACTION SNIPPET 10000 6219 SNIPPET_NOT_RELEVANT b'1671151'
ACTION QUERY 10000 6229 piracy gnutella
ACTION SERP 10000 6234 EXAMINE_SERP
ACTION SNIPPET 10000 6237 SNIPPET_NOT_RELEVANT b'1207261'
ACTION SNIPPET 10000 6240 SNIPPET_RELEVANT b'1185388'
ACTION DOC 10000 6260 EXAMINING_DOCUMENT b'1185388'
ACTION SNIPPET 10000 6263 SNIPPET_NOT_RELEVANT b'1198423'
ACTION SNIPPET 10000 6266 SNIPPET_NOT_RELEVANT b'1224302'
ACTION SNIPPET 10000 6269 SNIPPET_NOT_RELEVANT b'1224554'
ACTION SNIPPET 10000 6272 SNIPPET_NOT_RELEVANT b'1270528'
ACTION SNIPPET 10000 6275 SNIPPET_RELEVANT b'1211103'
ACTION DOC 10000 6295 EXAMINING_DOCUMENT b'1211103'
ACTION SNIPPET 10000 6298 SNIPPET_NOT_RELEVANT b'1270717'
ACTION SNIPPET 10000 6301 SNIPPET_NOT_RELEVANT b'1218260'
ACTION SNIPPET 10000 6304 SNIPPET_NOT_RELEVANT b'1220610'
ACTION QUERY 10000 6314 piracy worlds
ACTION SERP 10000 6319 EXAMINE_SERP
ACTION SNIPPET 10000 6322 SEEN_PREVIOUSLY b'1549581'
ACTION SNIPPET 10000 6325 SEEN_PREVIOUSLY b'1704054'
ACTION SNIPPET 10000 6328 SEEN_PREVIOUSLY b'1523782'
ACTION SNIPPET 10000 6331 SEEN_PREVIOUSLY b'964822'
ACTION SNIPPET 10000 6334 SEEN_PREVIOUSLY b'1697916'
ACTION SNIPPET 10000 6337 SEEN_PREVIOUSLY b'920908'
ACTION SNIPPET 10000 6340 SNIPPET_RELEVANT b'1352674'
ACTION DOC 10000 6360 EXAMINING_DOCUMENT b'1352674'
ACTION SNIPPET 10000 6363 SEEN_PREVIOUSLY b'1737661'
ACTION SNIPPET 10000 6366 SEEN_PREVIOUSLY b'577789'
ACTION SNIPPET 10000 6369 SNIPPET_RELEVANT b'832038'
ACTION DOC 10000 6389 EXAMINING_DOCUMENT b'832038'
ACTION QUERY 10000 6399 piracy fico
ACTION SERP 10000 6404 EXAMINE_SERP
ACTION SNIPPET 10000 6407 SNIPPET_NOT_RELEVANT b'69969'
ACTION SNIPPET 10000 6410 SNIPPET_NOT_RELEVANT b'191786'
ACTION SNIPPET 10000 6413 SNIPPET_RELEVANT b'141547'
ACTION DOC 10000 6433 EXAMINING_DOCUMENT b'141547'
ACTION SNIPPET 10000 6436 SNIPPET_RELEVANT b'208535'
ACTION DOC 10000 6456 EXAMINING_DOCUMENT b'208535'
ACTION SNIPPET 10000 6459 SNIPPET_NOT_RELEVANT b'1280454'
ACTION SNIPPET 10000 6462 SNIPPET_RELEVANT b'202710'
ACTION DOC 10000 6482 EXAMINING_DOCUMENT b'202710'
ACTION SNIPPET 10000 6485 SNIPPET_RELEVANT b'254929'
ACTION DOC 10000 6505 EXAMINING_DOCUMENT b'254929'
ACTION SNIPPET 10000 6508 SNIPPET_NOT_RELEVANT b'284573'
ACTION SNIPPET 10000 6511 SNIPPET_NOT_RELEVANT b'208937'
ACTION SNIPPET 10000 6514 SNIPPET_NOT_RELEVANT b'255047'
ACTION QUERY 10000 6524 piracy loan
ACTION SERP 10000 6529 EXAMINE_SERP
ACTION SNIPPET 10000 6532 SEEN_PREVIOUSLY b'944052'
ACTION SNIPPET 10000 6535 SEEN_PREVIOUSLY b'1539234'
ACTION SNIPPET 10000 6538 SEEN_PREVIOUSLY b'1050607'
ACTION SNIPPET 10000 6541 SEEN_PREVIOUSLY b'1634739'
ACTION SNIPPET 10000 6544 SEEN_PREVIOUSLY b'68102'
ACTION SNIPPET 10000 6547 SNIPPET_NOT_RELEVANT b'687006'
ACTION SNIPPET 10000 6550 SEEN_PREVIOUSLY b'1027308'
ACTION SNIPPET 10000 6553 SEEN_PREVIOUSLY b'1524044'
ACTION SNIPPET 10000 6556 SEEN_PREVIOUSLY b'1549581'
ACTION SNIPPET 10000 6559 SEEN_PREVIOUSLY b'119258'
ACTION QUERY 10000 6569 piracy streaming
ACTION SERP 10000 6574 EXAMINE_SERP
ACTION SNIPPET 10000 6577 SNIPPET_NOT_RELEVANT b'1318982'
ACTION SNIPPET 10000 6580 SNIPPET_NOT_RELEVANT b'1719715'
ACTION SNIPPET 10000 6583 SNIPPET_RELEVANT b'1651734'
ACTION DOC 10000 6603 EXAMINING_DOCUMENT b'1651734'
ACTION SNIPPET 10000 6606 SEEN_PREVIOUSLY b'1390715'
ACTION SNIPPET 10000 6609 SNIPPET_NOT_RELEVANT b'1591787'
ACTION SNIPPET 10000 6612 SEEN_PREVIOUSLY b'1445297'
ACTION SNIPPET 10000 6615 SNIPPET_RELEVANT b'1681088'
ACTION DOC 10000 6635 EXAMINING_DOCUMENT b'1681088'
ACTION SNIPPET 10000 6638 SNIPPET_NOT_RELEVANT b'1498650'
ACTION SNIPPET 10000 6641 SNIPPET_NOT_RELEVANT b'1852309'
ACTION SNIPPET 10000 6644 SNIPPET_RELEVANT b'314912'
ACTION DOC 10000 6664 EXAMINING_DOCUMENT b'314912'
ACTION QUERY 10000 6674 piracy conspiracy
ACTION SERP 10000 6679 EXAMINE_SERP
ACTION SNIPPET 10000 6682 SNIPPET_RELEVANT b'1472052'
ACTION DOC 10000 6702 EXAMINING_DOCUMENT b'1472052'
ACTION SNIPPET 10000 6705 SEEN_PREVIOUSLY b'179190'
ACTION SNIPPET 10000 6708 SNIPPET_NOT_RELEVANT b'1498650'
ACTION SNIPPET 10000 6711 SNIPPET_NOT_RELEVANT b'887147'
ACTION SNIPPET 10000 6714 SNIPPET_NOT_RELEVANT b'80570'
ACTION SNIPPET 10000 6717 SEEN_PREVIOUSLY b'1110988'
ACTION SNIPPET 10000 6720 SNIPPET_RELEVANT b'1197017'
ACTION DOC 10000 6740 EXAMINING_DOCUMENT b'1197017'
ACTION SNIPPET 10000 6743 SEEN_PREVIOUSLY b'231786'
ACTION SNIPPET 10000 6746 SNIPPET_RELEVANT b'1321350'
ACTION DOC 10000 6766 EXAMINING_DOCUMENT b'1321350'
ACTION SNIPPET 10000 6769 SEEN_PREVIOUSLY b'1407273'
ACTION QUERY 10000 6779 piracy appointed
ACTION SERP 10000 6784 EXAMINE_SERP
ACTION SNIPPET 10000 6787 SEEN_PREVIOUSLY b'447159'
ACTION SNIPPET 10000 6790 SEEN_PREVIOUSLY b'569010'
ACTION SNIPPET 10000 6793 SEEN_PREVIOUSLY b'1632625'
ACTION SNIPPET 10000 6796 SNIPPET_NOT_RELEVANT b'1648809'
ACTION SNIPPET 10000 6799 SEEN_PREVIOUSLY b'944052'
ACTION SNIPPET 10000 6802 SEEN_PREVIOUSLY b'1539234'
ACTION SNIPPET 10000 6805 SEEN_PREVIOUSLY b'1050607'
ACTION SNIPPET 10000 6808 SEEN_PREVIOUSLY b'1634739'
ACTION SNIPPET 10000 6811 SEEN_PREVIOUSLY b'68102'
ACTION SNIPPET 10000 6814 SEEN_PREVIOUSLY b'1027308'
ACTION QUERY 10000 6824 piracy chairman
ACTION SERP 10000 6829 EXAMINE_SERP
ACTION SNIPPET 10000 6832 SEEN_PREVIOUSLY b'1050607'
ACTION SNIPPET 10000 6835 SEEN_PREVIOUSLY b'1737661'
ACTION SNIPPET 10000 6838 SEEN_PREVIOUSLY b'1371655'
ACTION SNIPPET 10000 6841 SNIPPET_NOT_RELEVANT b'176187'
ACTION SNIPPET 10000 6844 SNIPPET_NOT_RELEVANT b'1205668'
ACTION SNIPPET 10000 6847 SEEN_PREVIOUSLY b'964822'
ACTION SNIPPET 10000 6850 SEEN_PREVIOUSLY b'1824426'
ACTION SNIPPET 10000 6853 SEEN_PREVIOUSLY b'1597860'
ACTION SNIPPET 10000 6856 SNIPPET_RELEVANT b'182917'
ACTION DOC 10000 6876 EXAMINING_DOCUMENT b'182917'
ACTION SNIPPET 10000 6879 SEEN_PREVIOUSLY b'849797'
ACTION QUERY 10000 6889 piracy disc
ACTION SERP 10000 6894 EXAMINE_SERP
ACTION SNIPPET 10000 6897 SEEN_PREVIOUSLY b'1572306'
ACTION SNIPPET 10000 6900 SEEN_PREVIOUSLY b'1417266'
ACTION SNIPPET 10000 6903 SEEN_PREVIOUSLY b'1590126'
ACTION SNIPPET 10000 6906 SNIPPET_NOT_RELEVANT b'1512984'
ACTION SNIPPET 10000 6909 SNIPPET_NOT_RELEVANT b'1254617'
ACTION SNIPPET 10000 6912 SNIPPET_RELEVANT b'1487181'
ACTION DOC 10000 6932 EXAMINING_DOCUMENT b'1487181'
ACTION SNIPPET 10000 6935 SNIPPET_NOT_RELEVANT b'1719531'
ACTION SNIPPET 10000 6938 SNIPPET_RELEVANT b'1449194'
ACTION DOC 10000 6958 EXAMINING_DOCUMENT b'1449194'
ACTION SNIPPET 10000 6961 SNIPPET_NOT_RELEVANT b'1459088'
ACTION SNIPPET 10000 6964 SNIPPET_RELEVANT b'1527861'
ACTION DOC 10000 6984 EXAMINING_DOCUMENT b'1527861'
ACTION QUERY 10000 6994 piracy office
ACTION SERP 10000 6999 EXAMINE_SERP
ACTION SNIPPET 10000 7002 SEEN_PREVIOUSLY b'1549581'
ACTION SNIPPET 10000 7005 SEEN_PREVIOUSLY b'1093262'
ACTION SNIPPET 10000 7008 SEEN_PREVIOUSLY b'1352674'
ACTION SNIPPET 10000 7011 SEEN_PREVIOUSLY b'1524044'
ACTION SNIPPET 10000 7014 SEEN_PREVIOUSLY b'1632625'
ACTION SNIPPET 10000 7017 SEEN_PREVIOUSLY b'1808669'
ACTION SNIPPET 10000 7020 SEEN_PREVIOUSLY b'1799443'
ACTION SNIPPET 10000 7023 SEEN_PREVIOUSLY b'964822'
ACTION SNIPPET 10000 7026 SEEN_PREVIOUSLY b'1445348'
ACTION SNIPPET 10000 7029 SEEN_PREVIOUSLY b'1390715'
ACTION QUERY 10000 7039 piracy reagan
ACTION SERP 10000 7044 EXAMINE_SERP
ACTION SNIPPET 10000 7047 SEEN_PREVIOUSLY b'122685'
ACTION SNIPPET 10000 7050 SNIPPET_RELEVANT b'32058'
ACTION DOC 10000 7070 EXAMINING_DOCUMENT b'32058'
ACTION SNIPPET 10000 7073 SNIPPET_RELEVANT b'1458707'
ACTION DOC 10000 7093 EXAMINING_DOCUMENT b'1458707'
ACTION SNIPPET 10000 7096 SNIPPET_RELEVANT b'199887'
ACTION DOC 10000 7116 EXAMINING_DOCUMENT b'199887'
ACTION SNIPPET 10000 7119 SNIPPET_RELEVANT b'241938'
ACTION DOC 10000 7139 EXAMINING_DOCUMENT b'241938'
ACTION SNIPPET 10000 7142 SEEN_PREVIOUSLY b'94691'
ACTION SNIPPET 10000 7145 SNIPPET_RELEVANT b'163783'
ACTION DOC 10000 7165 EXAMINING_DOCUMENT b'163783'
ACTION SNIPPET 10000 7168 SNIPPET_NOT_RELEVANT b'52787'
ACTION SNIPPET 10000 7171 SEEN_PREVIOUSLY b'944052'
ACTION SNIPPET 10000 7174 SEEN_PREVIOUSLY b'1539234'
ACTION QUERY 10000 7184 piracy detained
ACTION SERP 10000 7189 EXAMINE_SERP
ACTION SNIPPET 10000 7192 SEEN_PREVIOUSLY b'1808669'
ACTION SNIPPET 10000 7195 SNIPPET_RELEVANT b'1562961'
ACTION DOC 10000 7215 EXAMINING_DOCUMENT b'1562961'
ACTION SNIPPET 10000 7218 SNIPPET_NOT_RELEVANT b'1593916'
ACTION SNIPPET 10000 7221 SNIPPET_NOT_RELEVANT b'706526'
ACTION SNIPPET 10000 7224 SNIPPET_RELEVANT b'855695'
ACTION DOC 10000 7244 EXAMINING_DOCUMENT b'855695'
ACTION SNIPPET 10000 7247 SNIPPET_NOT_RELEVANT b'622016'
ACTION SNIPPET 10000 7250 SNIPPET_NOT_RELEVANT b'658914'
ACTION SNIPPET 10000 7253 SNIPPET_NOT_RELEVANT b'1783759'
ACTION SNIPPET 10000 7256 SEEN_PREVIOUSLY b'944052'
ACTION SNIPPET 10000 7259 SEEN_PREVIOUSLY b'1539234'
ACTION QUERY 10000 7269 piracy suspicion
ACTION SERP 10000 7274 EXAMINE_SERP
ACTION SNIPPET 10000 7277 SNIPPET_RELEVANT b'1350717'
ACTION DOC 10000 7297 EXAMINING_DOCUMENT b'1350717'
ACTION SNIPPET 10000 7300 SNIPPET_RELEVANT b'744870'
ACTION DOC 10000 7320 EXAMINING_DOCUMENT b'744870'
ACTION SNIPPET 10000 7323 SNIPPET_RELEVANT b'622016'
ACTION DOC 10000 7343 EXAMINING_DOCUMENT b'622016'
ACTION MARK 10000 7346 CONSIDERED_RELEVANT b'622016'
ACTION SNIPPET 10000 7349 SEEN_PREVIOUSLY b'944052'
ACTION SNIPPET 10000 7352 SEEN_PREVIOUSLY b'855695'
ACTION SNIPPET 10000 7355 SEEN_PREVIOUSLY b'1539234'
ACTION SNIPPET 10000 7358 SEEN_PREVIOUSLY b'1050607'
ACTION SNIPPET 10000 7361 SEEN_PREVIOUSLY b'1634739'
ACTION SNIPPET 10000 7364 SEEN_PREVIOUSLY b'68102'
ACTION SNIPPET 10000 7367 SEEN_PREVIOUSLY b'1027308'
ACTION QUERY 10000 7377 piracy china
ACTION SERP 10000 7382 EXAMINE_SERP
ACTION SNIPPET 10000 7385 SEEN_PREVIOUSLY b'849797'
ACTION SNIPPET 10000 7388 SEEN_PREVIOUSLY b'1632625'
ACTION SNIPPET 10000 7391 SEEN_PREVIOUSLY b'854121'
ACTION SNIPPET 10000 7394 SEEN_PREVIOUSLY b'1005398'
ACTION SNIPPET 10000 7397 SNIPPET_RELEVANT b'1641815'
ACTION DOC 10000 7417 EXAMINING_DOCUMENT b'1641815'
ACTION SNIPPET 10000 7420 SEEN_PREVIOUSLY b'47864'
ACTION SNIPPET 10000 7423 SNIPPET_NOT_RELEVANT b'1668514'
ACTION SNIPPET 10000 7426 SNIPPET_NOT_RELEVANT b'851010'
ACTION SNIPPET 10000 7429 SEEN_PREVIOUSLY b'1236144'
ACTION SNIPPET 10000 7432 SEEN_PREVIOUSLY b'847511'
ACTION QUERY 10000 7442 piracy christmas
ACTION SERP 10000 7447 EXAMINE_SERP
ACTION SNIPPET 10000 7450 SNIPPET_RELEVANT b'1155493'
ACTION DOC 10000 7470 EXAMINING_DOCUMENT b'1155493'
ACTION SNIPPET 10000 7473 SNIPPET_NOT_RELEVANT b'1354268'
ACTION SNIPPET 10000 7476 SNIPPET_RELEVANT b'1121161'
ACTION DOC 10000 7496 EXAMINING_DOCUMENT b'1121161'
ACTION SNIPPET 10000 7499 SEEN_PREVIOUSLY b'1697916'
ACTION SNIPPET 10000 7502 SEEN_PREVIOUSLY b'944052'
ACTION SNIPPET 10000 7505 SEEN_PREVIOUSLY b'1445324'
ACTION SNIPPET 10000 7508 SEEN_PREVIOUSLY b'1539234'
ACTION SNIPPET 10000 7511 SEEN_PREVIOUSLY b'1050607'
ACTION SNIPPET 10000 7514 SEEN_PREVIOUSLY b'1634739'
ACTION SNIPPET 10000 7517 SEEN_PREVIOUSLY b'68102'
ACTION QUERY 10000 7527 piracy warfare
ACTION SERP 10000 7532 EXAMINE_SERP
ACTION SNIPPET 10000 7535 SEEN_PREVIOUSLY b'835694'
ACTION SNIPPET 10000 7538 SEEN_PREVIOUSLY b'944052'
ACTION SNIPPET 10000 7541 SEEN_PREVIOUSLY b'1539234'
ACTION SNIPPET 10000 7544 SEEN_PREVIOUSLY b'1050607'
ACTION SNIPPET 10000 7547 SNIPPET_RELEVANT b'1267133'
ACTION DOC 10000 7567 EXAMINING_DOCUMENT b'1267133'
ACTION SNIPPET 10000 7570 SEEN_PREVIOUSLY b'1634739'
ACTION SNIPPET 10000 7573 SEEN_PREVIOUSLY b'68102'
ACTION SNIPPET 10000 7576 SEEN_PREVIOUSLY b'1027308'
ACTION SNIPPET 10000 7579 SEEN_PREVIOUSLY b'1524044'
ACTION SNIPPET 10000 7582 SEEN_PREVIOUSLY b'1549581'
ACTION QUERY 10000 7592 piracy maharashtra
ACTION SERP 10000 7597 EXAMINE_SERP
ACTION SNIPPET 10000 7600 SNIPPET_RELEVANT b'1315436'
ACTION DOC 10000 7620 EXAMINING_DOCUMENT b'1315436'
ACTION SNIPPET 10000 7623 SNIPPET_RELEVANT b'806934'
ACTION DOC 10000 7643 EXAMINING_DOCUMENT b'806934'
ACTION SNIPPET 10000 7646 SNIPPET_RELEVANT b'863531'
ACTION DOC 10000 7666 EXAMINING_DOCUMENT b'863531'
ACTION SNIPPET 10000 7669 SNIPPET_RELEVANT b'1297558'
ACTION DOC 10000 7689 EXAMINING_DOCUMENT b'1297558'
ACTION SNIPPET 10000 7692 SNIPPET_NOT_RELEVANT b'824702'
ACTION SNIPPET 10000 7695 SNIPPET_NOT_RELEVANT b'832227'
ACTION SNIPPET 10000 7698 SNIPPET_RELEVANT b'823341'
ACTION DOC 10000 7718 EXAMINING_DOCUMENT b'823341'
ACTION SNIPPET 10000 7721 SNIPPET_NOT_RELEVANT b'786902'
ACTION SNIPPET 10000 7724 SNIPPET_RELEVANT b'40685'
ACTION DOC 10000 7744 EXAMINING_DOCUMENT b'40685'
ACTION SNIPPET 10000 7747 SNIPPET_NOT_RELEVANT b'747036'
ACTION QUERY 10000 7757 piracy movement
ACTION SERP 10000 7762 EXAMINE_SERP
ACTION SNIPPET 10000 7765 SEEN_PREVIOUSLY b'1371655'
ACTION SNIPPET 10000 7768 SEEN_PREVIOUSLY b'1582371'
ACTION SNIPPET 10000 7771 SNIPPET_RELEVANT b'1651936'
ACTION DOC 10000 7791 EXAMINING_DOCUMENT b'1651936'
ACTION MARK 10000 7794 CONSIDERED_RELEVANT b'1651936'
ACTION SNIPPET 10000 7797 SNIPPET_NOT_RELEVANT b'479872'
ACTION SNIPPET 10000 7800 SEEN_PREVIOUSLY b'1121161'
ACTION SNIPPET 10000 7803 SEEN_PREVIOUSLY b'944052'
ACTION SNIPPET 10000 7806 SEEN_PREVIOUSLY b'1539234'
ACTION SNIPPET 10000 7809 SEEN_PREVIOUSLY b'1050607'
ACTION SNIPPET 10000 7812 SEEN_PREVIOUSLY b'1445297'
ACTION SNIPPET 10000 7815 SEEN_PREVIOUSLY b'1634739'
ACTION QUERY 10000 7825 piracy lawson
ACTION SERP 10000 7830 EXAMINE_SERP
ACTION SNIPPET 10000 7833 SNIPPET_NOT_RELEVANT b'1793653'
ACTION SNIPPET 10000 7836 SNIPPET_NOT_RELEVANT b'1307965'
ACTION SNIPPET 10000 7839 SNIPPET_NOT_RELEVANT b'171891'
ACTION SNIPPET 10000 7842 SNIPPET_NOT_RELEVANT b'1509659'
ACTION SNIPPET 10000 7845 SNIPPET_RELEVANT b'1306673'
ACTION DOC 10000 7865 EXAMINING_DOCUMENT b'1306673'
ACTION SNIPPET 10000 7868 SNIPPET_RELEVANT b'248240'
ACTION DOC 10000 7888 EXAMINING_DOCUMENT b'248240'
ACTION SNIPPET 10000 7891 SNIPPET_RELEVANT b'787730'
ACTION DOC 10000 7911 EXAMINING_DOCUMENT b'787730'
ACTION SNIPPET 10000 7914 SNIPPET_RELEVANT b'389344'
ACTION DOC 10000 7934 EXAMINING_DOCUMENT b'389344'
ACTION SNIPPET 10000 7937 SNIPPET_RELEVANT b'292793'
ACTION DOC 10000 7957 EXAMINING_DOCUMENT b'292793'
ACTION SNIPPET 10000 7960 SNIPPET_NOT_RELEVANT b'1794696'
ACTION QUERY 10000 7970 piracy 1
ACTION SERP 10000 7975 EXAMINE_SERP
ACTION SNIPPET 10000 7978 SEEN_PREVIOUSLY b'1634739'
ACTION SNIPPET 10000 7981 SNIPPET_RELEVANT b'235047'
ACTION DOC 10000 8001 EXAMINING_DOCUMENT b'235047'
ACTION SNIPPET 10000 8004 SEEN_PREVIOUSLY b'944052'
ACTION SNIPPET 10000 8007 SEEN_PREVIOUSLY b'1350717'
ACTION SNIPPET 10000 8010 SNIPPET_RELEVANT b'655779'
ACTION DOC 10000 8030 EXAMINING_DOCUMENT b'655779'
ACTION SNIPPET 10000 8033 SEEN_PREVIOUSLY b'264411'
ACTION SNIPPET 10000 8036 SEEN_PREVIOUSLY b'836519'
ACTION SNIPPET 10000 8039 SEEN_PREVIOUSLY b'445714'
ACTION SNIPPET 10000 8042 SEEN_PREVIOUSLY b'1539234'
ACTION SNIPPET 10000 8045 SEEN_PREVIOUSLY b'1093262'
ACTION QUERY 10000 8055 piracy karen
ACTION SERP 10000 8060 EXAMINE_SERP
ACTION SNIPPET 10000 8063 SEEN_PREVIOUSLY b'944052'
ACTION SNIPPET 10000 8066 SEEN_PREVIOUSLY b'1539234'
ACTION SNIPPET 10000 8069 SEEN_PREVIOUSLY b'1050607'
ACTION SNIPPET 10000 8072 SEEN_PREVIOUSLY b'1634739'
ACTION SNIPPET 10000 8075 SEEN_PREVIOUSLY b'68102'
ACTION SNIPPET 10000 8078 SEEN_PREVIOUSLY b'1027308'
ACTION SNIPPET 10000 8081 SEEN_PREVIOUSLY b'1524044'
ACTION SNIPPET 10000 8084 SEEN_PREVIOUSLY b'1549581'
ACTION SNIPPET 10000 8087 SEEN_PREVIOUSLY b'119258'
ACTION SNIPPET 10000 8090 SNIPPET_NOT_RELEVANT b'895689'
ACTION QUERY 10000 8100 piracy ran
ACTION SERP 10000 8105 EXAMINE_SERP
ACTION SNIPPET 10000 8108 SNIPPET_NOT_RELEVANT b'180001'
ACTION SNIPPET 10000 8111 SNIPPET_NOT_RELEVANT b'1405569'
ACTION SNIPPET 10000 8114 SNIPPET_NOT_RELEVANT b'180377'
ACTION SNIPPET 10000 8117 SNIPPET_RELEVANT b'1299263'
ACTION DOC 10000 8137 EXAMINING_DOCUMENT b'1299263'
ACTION SNIPPET 10000 8140 SEEN_PREVIOUSLY b'1632625'
ACTION SNIPPET 10000 8143 SEEN_PREVIOUSLY b'821300'
ACTION SNIPPET 10000 8146 SEEN_PREVIOUSLY b'821163'
ACTION SNIPPET 10000 8149 SEEN_PREVIOUSLY b'944052'
ACTION SNIPPET 10000 8152 SEEN_PREVIOUSLY b'1539234'
ACTION SNIPPET 10000 8155 SEEN_PREVIOUSLY b'1445297'
ACTION QUERY 10000 8165 piracy fail
ACTION SERP 10000 8170 EXAMINE_SERP
ACTION SNIPPET 10000 8173 SEEN_PREVIOUSLY b'1549581'
ACTION SNIPPET 10000 8176 SNIPPET_NOT_RELEVANT b'1668514'
ACTION SNIPPET 10000 8179 SEEN_PREVIOUSLY b'1524044'
ACTION SNIPPET 10000 8182 SEEN_PREVIOUSLY b'1604517'
ACTION SNIPPET 10000 8185 SNIPPET_RELEVANT b'1540372'
ACTION DOC 10000 8205 EXAMINING_DOCUMENT b'1540372'
ACTION SNIPPET 10000 8208 SEEN_PREVIOUSLY b'849797'
ACTION SNIPPET 10000 8211 SEEN_PREVIOUSLY b'1582371'
ACTION SNIPPET 10000 8214 SEEN_PREVIOUSLY b'1648802'
ACTION SNIPPET 10000 8217 SEEN_PREVIOUSLY b'264411'
ACTION SNIPPET 10000 8220 SNIPPET_RELEVANT b'851010'
ACTION DOC 10000 8240 EXAMINING_DOCUMENT b'851010'
ACTION QUERY 10000 8250 piracy band
ACTION SERP 10000 8255 EXAMINE_SERP
ACTION SNIPPET 10000 8258 SEEN_PREVIOUSLY b'920908'
ACTION SNIPPET 10000 8261 SNIPPET_RELEVANT b'1201545'
ACTION DOC 10000 8281 EXAMINING_DOCUMENT b'1201545'
ACTION SNIPPET 10000 8284 SNIPPET_RELEVANT b'1318982'
ACTION DOC 10000 8304 EXAMINING_DOCUMENT b'1318982'
ACTION SNIPPET 10000 8307 SNIPPET_RELEVANT b'1504499'
ACTION DOC 10000 8327 EXAMINING_DOCUMENT b'1504499'
ACTION SNIPPET 10000 8330 SNIPPET_NOT_RELEVANT b'479872'
ACTION SNIPPET 10000 8333 SNIPPET_RELEVANT b'1678387'
ACTION DOC 10000 8353 EXAMINING_DOCUMENT b'1678387'
ACTION SNIPPET 10000 8356 SNIPPET_RELEVANT b'1519849'
ACTION DOC 10000 8376 EXAMINING_DOCUMENT b'1519849'
ACTION SNIPPET 10000 8379 SNIPPET_NOT_RELEVANT b'1106093'
ACTION SNIPPET 10000 8382 SNIPPET_NOT_RELEVANT b'1538576'
ACTION SNIPPET 10000 8385 SEEN_PREVIOUSLY b'1121161'
ACTION QUERY 10000 8395 piracy university
ACTION SERP 10000 8400 EXAMINE_SERP
ACTION SNIPPET 10000 8403 SEEN_PREVIOUSLY b'1350717'
ACTION SNIPPET 10000 8406 SEEN_PREVIOUSLY b'1352674'
ACTION SNIPPET 10000 8409 SEEN_PREVIOUSLY b'1737661'
ACTION SNIPPET 10000 8412 SEEN_PREVIOUSLY b'1546828'
ACTION SNIPPET 10000 8415 SNIPPET_NOT_RELEVANT b'1453527'
ACTION SNIPPET 10000 8418 SEEN_PREVIOUSLY b'1523782'
ACTION SNIPPET 10000 8421 SEEN_PREVIOUSLY b'1582371'
ACTION SNIPPET 10000 8424 SNIPPET_RELEVANT b'1405569'
ACTION DOC 10000 8444 EXAMINING_DOCUMENT b'1405569'
ACTION SNIPPET 10000 8447 SEEN_PREVIOUSLY b'1697916'
ACTION SNIPPET 10000 8450 SNIPPET_NOT_RELEVANT b'864461'
ACTION QUERY 10000 8460 piracy prosecuted
ACTION SERP 10000 8465 EXAMINE_SERP
ACTION SNIPPET 10000 8468 SNIPPET_NOT_RELEVANT b'39510'
ACTION SNIPPET 10000 8471 SNIPPET_RELEVANT b'1824191'
ACTION DOC 10000 8491 EXAMINING_DOCUMENT b'1824191'
ACTION SNIPPET 10000 8494 SNIPPET_RELEVANT b'923393'
ACTION DOC 10000 8514 EXAMINING_DOCUMENT b'923393'
ACTION SNIPPET 10000 8517 SNIPPET_NOT_RELEVANT b'1826555'
ACTION SNIPPET 10000 8520 SNIPPET_RELEVANT b'1453527'
ACTION DOC 10000 8540 EXAMINING_DOCUMENT b'1453527'
ACTION SNIPPET 10000 8543 SEEN_PREVIOUSLY b'1128051'
ACTION SNIPPET 10000 8546 SEEN_PREVIOUSLY b'1355754'
ACTION SNIPPET 10000 8549 SNIPPET_NOT_RELEVANT b'154480'
ACTION SNIPPET 10000 8552 SEEN_PREVIOUSLY b'763113'
ACTION SNIPPET 10000 8555 SNIPPET_NOT_RELEVANT b'1205668'
ACTION QUERY 10000 8565 piracy pfl
ACTION SERP 10000 8570 EXAMINE_SERP
ACTION SNIPPET 10000 8573 SNIPPET_NOT_RELEVANT b'1462125'
ACTION SNIPPET 10000 8576 SNIPPET_NOT_RELEVANT b'1332219'
ACTION SNIPPET 10000 8579 SNIPPET_RELEVANT b'1791022'
ACTION DOC 10000 8599 EXAMINING_DOCUMENT b'1791022'
ACTION SNIPPET 10000 8602 SNIPPET_RELEVANT b'1675745'
ACTION DOC 10000 8622 EXAMINING_DOCUMENT b'1675745'
ACTION SNIPPET 10000 8625 SEEN_PREVIOUSLY b'944052'
ACTION SNIPPET 10000 8628 SEEN_PREVIOUSLY b'1539234'
ACTION SNIPPET 10000 8631 SEEN_PREVIOUSLY b'1050607'
ACTION SNIPPET 10000 8634 SEEN_PREVIOUSLY b'1634739'
ACTION SNIPPET 10000 8637 SEEN_PREVIOUSLY b'68102'
ACTION SNIPPET 10000 8640 SEEN_PREVIOUSLY b'1027308'
ACTION QUERY 10000 8650 piracy mattes
ACTION SERP 10000 8655 EXAMINE_SERP
ACTION SNIPPET 10000 8658 SNIPPET_NOT_RELEVANT b'1223000'
ACTION SNIPPET 10000 8661 SNIPPET_NOT_RELEVANT b'1029958'
ACTION SNIPPET 10000 8664 SNIPPET_NOT_RELEVANT b'1446895'
ACTION SNIPPET 10000 8667 SEEN_PREVIOUSLY b'944052'
ACTION SNIPPET 10000 8670 SEEN_PREVIOUSLY b'1539234'
ACTION SNIPPET 10000 8673 SEEN_PREVIOUSLY b'1050607'
ACTION SNIPPET 10000 8676 SEEN_PREVIOUSLY b'1634739'
ACTION SNIPPET 10000 8679 SEEN_PREVIOUSLY b'68102'
ACTION SNIPPET 10000 8682 SEEN_PREVIOUSLY b'1027308'
ACTION SNIPPET 10000 8685 SEEN_PREVIOUSLY b'1524044'
ACTION QUERY 10000 8695 piracy american
ACTION SERP 10000 8700 EXAMINE_SERP
ACTION SNIPPET 10000 8703 SEEN_PREVIOUSLY b'68102'
ACTION SNIPPET 10000 8706 SEEN_PREVIOUSLY b'447159'
ACTION SNIPPET 10000 8709 SEEN_PREVIOUSLY b'119258'
ACTION SNIPPET 10000 8712 SEEN_PREVIOUSLY b'1632625'
ACTION SNIPPET 10000 8715 SEEN_PREVIOUSLY b'1390715'
ACTION SNIPPET 10000 8718 SEEN_PREVIOUSLY b'168340'
ACTION SNIPPET 10000 8721 SEEN_PREVIOUSLY b'854121'
ACTION SNIPPET 10000 8724 SEEN_PREVIOUSLY b'1704054'
ACTION SNIPPET 10000 8727 SEEN_PREVIOUSLY b'1523782'
ACTION SNIPPET 10000 8730 SEEN_PREVIOUSLY b'964822'
ACTION QUERY 10000 8740 piracy clarkes
ACTION SERP 10000 8745 EXAMINE_SERP
ACTION SNIPPET 10000 8748 SEEN_PREVIOUSLY b'1634739'
ACTION SNIPPET 10000 8751 SNIPPET_RELEVANT b'1198423'
ACTION DOC 10000 8771 EXAMINING_DOCUMENT b'1198423'
ACTION SNIPPET 10000 8774 SNIPPET_NOT_RELEVANT b'1707283'
ACTION SNIPPET 10000 8777 SEEN_PREVIOUSLY b'944052'
ACTION SNIPPET 10000 8780 SEEN_PREVIOUSLY b'1539234'
ACTION SNIPPET 10000 8783 SEEN_PREVIOUSLY b'1050607'
ACTION SNIPPET 10000 8786 SEEN_PREVIOUSLY b'68102'
ACTION SNIPPET 10000 8789 SEEN_PREVIOUSLY b'1027308'
ACTION SNIPPET 10000 8792 SEEN_PREVIOUSLY b'1524044'
ACTION SNIPPET 10000 8795 SEEN_PREVIOUSLY b'1549581'
ACTION QUERY 10000 8805 piracy court
ACTION SERP 10000 8810 EXAMINE_SERP
ACTION SNIPPET 10000 8813 SNIPPET_RELEVANT b'275582'
ACTION DOC 10000 8833 EXAMINING_DOCUMENT b'275582'
ACTION SNIPPET 10000 8836 SEEN_PREVIOUSLY b'836519'
ACTION SNIPPET 10000 8839 SEEN_PREVIOUSLY b'1597860'
ACTION SNIPPET 10000 8842 SEEN_PREVIOUSLY b'943947'
ACTION SNIPPET 10000 8845 SEEN_PREVIOUSLY b'1697916'
ACTION SNIPPET 10000 8848 SEEN_PREVIOUSLY b'1355754'
ACTION SNIPPET 10000 8851 SNIPPET_RELEVANT b'1454790'
ACTION DOC 10000 8871 EXAMINING_DOCUMENT b'1454790'
ACTION SNIPPET 10000 8874 SEEN_PREVIOUSLY b'1546828'
ACTION SNIPPET 10000 8877 SNIPPET_NOT_RELEVANT b'518829'
ACTION SNIPPET 10000 8880 SEEN_PREVIOUSLY b'763113'
ACTION QUERY 10000 8890 piracy greeting
ACTION SERP 10000 8895 EXAMINE_SERP
ACTION SNIPPET 10000 8898 SNIPPET_RELEVANT b'518829'
ACTION DOC 10000 8918 EXAMINING_DOCUMENT b'518829'
ACTION SNIPPET 10000 8921 SNIPPET_RELEVANT b'1238152'
ACTION DOC 10000 8941 EXAMINING_DOCUMENT b'1238152'
ACTION SNIPPET 10000 8944 SNIPPET_NOT_RELEVANT b'435174'
ACTION SNIPPET 10000 8947 SNIPPET_NOT_RELEVANT b'165188'
ACTION SNIPPET 10000 8950 SNIPPET_NOT_RELEVANT b'1535593'
ACTION SNIPPET 10000 8953 SEEN_PREVIOUSLY b'944052'
ACTION SNIPPET 10000 8956 SEEN_PREVIOUSLY b'1539234'
ACTION SNIPPET 10000 8959 SEEN_PREVIOUSLY b'1050607'
ACTION SNIPPET 10000 8962 SEEN_PREVIOUSLY b'1634739'
ACTION SNIPPET 10000 8965 SEEN_PREVIOUSLY b'68102'
ACTION QUERY 10000 8975 piracy declare
ACTION SERP 10000 8980 EXAMINE_SERP
ACTION SNIPPET 10000 8983 SEEN_PREVIOUSLY b'1632625'
ACTION SNIPPET 10000 8986 SEEN_PREVIOUSLY b'933666'
ACTION SNIPPET 10000 8989 SNIPPET_NOT_RELEVANT b'468947'
ACTION SNIPPET 10000 8992 SEEN_PREVIOUSLY b'835694'
ACTION SNIPPET 10000 8995 SNIPPET_NOT_RELEVANT b'1683219'
ACTION SNIPPET 10000 8998 SEEN_PREVIOUSLY b'1236144'
ACTION SNIPPET 10000 9001 SEEN_PREVIOUSLY b'1474604'
ACTION SNIPPET 10000 9004 SNIPPET_NOT_RELEVANT b'1140874'
ACTION SNIPPET 10000 9007 SEEN_PREVIOUSLY b'944052'
ACTION SNIPPET 10000 9010 SEEN_PREVIOUSLY b'1539234'
ACTION QUERY 10000 9020 piracy author
ACTION SERP 10000 9025 EXAMINE_SERP
ACTION SNIPPET 10000 9028 SEEN_PREVIOUSLY b'1355646'
ACTION SNIPPET 10000 9031 SNIPPET_RELEVANT b'176187'
ACTION DOC 10000 9051 EXAMINING_DOCUMENT b'176187'
ACTION SNIPPET 10000 9054 SEEN_PREVIOUSLY b'1005398'
ACTION SNIPPET 10000 9057 SEEN_PREVIOUSLY b'923393'
ACTION SNIPPET 10000 9060 SEEN_PREVIOUSLY b'1481077'
ACTION SNIPPET 10000 9063 SEEN_PREVIOUSLY b'445714'
ACTION SNIPPET 10000 9066 SNIPPET_NOT_RELEVANT b'921228'
ACTION SNIPPET 10000 9069 SEEN_PREVIOUSLY b'1697916'
ACTION SNIPPET 10000 9072 SEEN_PREVIOUSLY b'1080059'
ACTION SNIPPET 10000 9075 SEEN_PREVIOUSLY b'1445348'
ACTION QUERY 10000 9085 piracy laptop
ACTION SERP 10000 9090 EXAMINE_SERP
ACTION SNIPPET 10000 9093 SEEN_PREVIOUSLY b'264411'
ACTION SNIPPET 10000 9096 SNIPPET_RELEVANT b'1841413'
ACTION DOC 10000 9116 EXAMINING_DOCUMENT b'1841413'
ACTION SNIPPET 10000 9119 SEEN_PREVIOUSLY b'941274'
ACTION SNIPPET 10000 9122 SNIPPET_NOT_RELEVANT b'1210743'
ACTION SNIPPET 10000 9125 SNIPPET_NOT_RELEVANT b'1576067'
ACTION SNIPPET 10000 9128 SNIPPET_NOT_RELEVANT b'1679171'
ACTION SNIPPET 10000 9131 SEEN_PREVIOUSLY b'944052'
ACTION SNIPPET 10000 9134 SEEN_PREVIOUSLY b'1539234'
ACTION SNIPPET 10000 9137 SEEN_PREVIOUSLY b'1050607'
ACTION SNIPPET 10000 9140 SNIPPET_NOT_RELEVANT b'1214288'
ACTION QUERY 10000 9150 piracy kimono
ACTION SERP 10000 9155 EXAMINE_SERP
ACTION SNIPPET 10000 9158 SNIPPET_NOT_RELEVANT b'854638'
ACTION SNIPPET 10000 9161 SNIPPET_RELEVANT b'903104'
ACTION DOC 10000 9181 EXAMINING_DOCUMENT b'903104'
ACTION SNIPPET 10000 9184 SNIPPET_RELEVANT b'352745'
ACTION DOC 10000 9204 EXAMINING_DOCUMENT b'352745'
ACTION SNIPPET 10000 9207 SNIPPET_NOT_RELEVANT b'1465343'
ACTION SNIPPET 10000 9210 SNIPPET_RELEVANT b'1420165'
ACTION DOC 10000 9230 EXAMINING_DOCUMENT b'1420165'
ACTION SNIPPET 10000 9233 SNIPPET_RELEVANT b'587258'
ACTION DOC 10000 9253 EXAMINING_DOCUMENT b'587258'
ACTION SNIPPET 10000 9256 SNIPPET_RELEVANT b'1382009'
ACTION DOC 10000 9276 EXAMINING_DOCUMENT b'1382009'
ACTION SNIPPET 10000 9279 SNIPPET_RELEVANT b'1682701'
ACTION DOC 10000 9299 EXAMINING_DOCUMENT b'1682701'
ACTION SNIPPET 10000 9302 SNIPPET_RELEVANT b'1563575'
ACTION DOC 10000 9322 EXAMINING_DOCUMENT b'1563575'
ACTION SNIPPET 10000 9325 SNIPPET_NOT_RELEVANT b'1660209'
ACTION QUERY 10000 9335 piracy fascinated
ACTION SERP 10000 9340 EXAMINE_SERP
ACTION SNIPPET 10000 9343 SEEN_PREVIOUSLY b'1481077'
ACTION SNIPPET 10000 9346 SNIPPET_RELEVANT b'1683219'
ACTION DOC 10000 9366 EXAMINING_DOCUMENT b'1683219'
ACTION SNIPPET 10000 9369 SNIPPET_NOT_RELEVANT b'1851633'
ACTION SNIPPET 10000 9372 SEEN_PREVIOUSLY b'1564792'
ACTION SNIPPET 10000 9375 SNIPPET_RELEVANT b'1535593'
ACTION DOC 10000 9395 EXAMINING_DOCUMENT b'1535593'
ACTION SNIPPET 10000 9398 SNIPPET_RELEVANT b'1498650'
ACTION DOC 10000 9418 EXAMINING_DOCUMENT b'1498650'
ACTION SNIPPET 10000 9421 SEEN_PREVIOUSLY b'944052'
ACTION SNIPPET 10000 9424 SEEN_PREVIOUSLY b'1539234'
ACTION SNIPPET 10000 9427 SNIPPET_NOT_RELEVANT b'1619523'
ACTION SNIPPET 10000 9430 SEEN_PREVIOUSLY b'1050607'
ACTION QUERY 10000 9440 piracy kimones
ACTION SERP 10000 9445 EXAMINE_SERP
ACTION SNIPPET 10000 9448 SNIPPET_NOT_RELEVANT b'176553'
ACTION SNIPPET 10000 9451 SNIPPET_NOT_RELEVANT b'184633'
ACTION SNIPPET 10000 9454 SNIPPET_RELEVANT b'877464'
ACTION DOC 10000 9474 EXAMINING_DOCUMENT b'877464'
ACTION SNIPPET 10000 9477 SNIPPET_NOT_RELEVANT b'473330'
ACTION SNIPPET 10000 9480 SNIPPET_RELEVANT b'539544'
ACTION DOC 10000 9500 EXAMINING_DOCUMENT b'539544'
ACTION SNIPPET 10000 9503 SNIPPET_NOT_RELEVANT b'612258'
ACTION SNIPPET 10000 9506 SNIPPET_NOT_RELEVANT b'527568'
ACTION SNIPPET 10000 9509 SNIPPET_RELEVANT b'876429'
ACTION DOC 10000 9529 EXAMINING_DOCUMENT b'876429'
ACTION SNIPPET 10000 9532 SNIPPET_RELEVANT b'1229913'
ACTION DOC 10000 9552 EXAMINING_DOCUMENT b'1229913'
ACTION SNIPPET 10000 9555 SEEN_PREVIOUSLY b'944052'
ACTION QUERY 10000 9565 piracy elen
ACTION SERP 10000 9570 EXAMINE_SERP
ACTION SNIPPET 10000 9573 SNIPPET_NOT_RELEVANT b'1058306'
ACTION SNIPPET 10000 9576 SNIPPET_RELEVANT b'920162'
ACTION DOC 10000 9596 EXAMINING_DOCUMENT b'920162'
ACTION SNIPPET 10000 9599 SNIPPET_NOT_RELEVANT b'615691'
ACTION SNIPPET 10000 9602 SNIPPET_RELEVANT b'922580'
ACTION DOC 10000 9622 EXAMINING_DOCUMENT b'922580'
ACTION SNIPPET 10000 9625 SNIPPET_RELEVANT b'996554'
ACTION DOC 10000 9645 EXAMINING_DOCUMENT b'996554'
ACTION SNIPPET 10000 9648 SNIPPET_RELEVANT b'277046'
ACTION DOC 10000 9668 EXAMINING_DOCUMENT b'277046'
ACTION SNIPPET 10000 9671 SNIPPET_NOT_RELEVANT b'963313'
ACTION SNIPPET 10000 9674 SNIPPET_NOT_RELEVANT b'211408'
ACTION SNIPPET 10000 9677 SNIPPET_RELEVANT b'951850'
ACTION DOC 10000 9697 EXAMINING_DOCUMENT b'951850'
ACTION SNIPPET 10000 9700 SNIPPET_NOT_RELEVANT b'1582088'
ACTION QUERY 10000 9710 piracy friar
ACTION SERP 10000 9715 EXAMINE_SERP
ACTION SNIPPET 10000 9718 SNIPPET_NOT_RELEVANT b'1219334'
ACTION SNIPPET 10000 9721 SNIPPET_NOT_RELEVANT b'1678968'
ACTION SNIPPET 10000 9724 SNIPPET_NOT_RELEVANT b'1775943'
ACTION SNIPPET 10000 9727 SNIPPET_NOT_RELEVANT b'196110'
ACTION SNIPPET 10000 9730 SNIPPET_RELEVANT b'1221226'
ACTION DOC 10000 9750 EXAMINING_DOCUMENT b'1221226'
ACTION SNIPPET 10000 9753 SNIPPET_NOT_RELEVANT b'641875'
ACTION SNIPPET 10000 9756 SNIPPET_RELEVANT b'1158059'
ACTION DOC 10000 9776 EXAMINING_DOCUMENT b'1158059'
ACTION SNIPPET 10000 9779 SNIPPET_NOT_RELEVANT b'23101'
ACTION SNIPPET 10000 9782 SNIPPET_NOT_RELEVANT b'612258'
ACTION SNIPPET 10000 9785 SNIPPET_NOT_RELEVANT b'1580757'
ACTION QUERY 10000 9795 piracy mogu
ACTION SERP 10000 9800 EXAMINE_SERP
ACTION SNIPPET 10000 9803 SNIPPET_RELEVANT b'1550785'
ACTION DOC 10000 9823 EXAMINING_DOCUMENT b'1550785'
ACTION SNIPPET 10000 9826 SNIPPET_NOT_RELEVANT b'1555292'
ACTION SNIPPET 10000 9829 SEEN_PREVIOUSLY b'1563575'
ACTION SNIPPET 10000 9832 SNIPPET_NOT_RELEVANT b'1648276'
ACTION SNIPPET 10000 9835 SEEN_PREVIOUSLY b'944052'
ACTION SNIPPET 10000 9838 SEEN_PREVIOUSLY b'1539234'
ACTION SNIPPET 10000 9841 SNIPPET_NOT_RELEVANT b'1702790'
ACTION SNIPPET 10000 9844 SEEN_PREVIOUSLY b'1050607'
ACTION SNIPPET 10000 9847 SEEN_PREVIOUSLY b'1634739'
ACTION SNIPPET 10000 9850 SEEN_PREVIOUSLY b'68102'
ACTION QUERY 10000 9860 piracy fashion
ACTION SERP 10000 9865 EXAMINE_SERP
ACTION SNIPPET 10000 9868 SNIPPET_NOT_RELEVANT b'1750614'
ACTION SNIPPET 10000 9871 SEEN_PREVIOUSLY b'941274'
ACTION SNIPPET 10000 9874 SEEN_PREVIOUSLY b'1573004'
ACTION SNIPPET 10000 9877 SNIPPET_NOT_RELEVANT b'1224159'
ACTION SNIPPET 10000 9880 SEEN_PREVIOUSLY b'1454790'
ACTION SNIPPET 10000 9883 SEEN_PREVIOUSLY b'1697916'
ACTION SNIPPET 10000 9886 SNIPPET_NOT_RELEVANT b'1660221'
ACTION SNIPPET 10000 9889 SEEN_PREVIOUSLY b'944052'
ACTION SNIPPET 10000 9892 SEEN_PREVIOUSLY b'1539234'
ACTION SNIPPET 10000 9895 SNIPPET_NOT_RELEVANT b'404494'
ACTION QUERY 10000 9905 piracy scene
ACTION SERP 10000 9910 EXAMINE_SERP
ACTION SNIPPET 10000 9913 SEEN_PREVIOUSLY b'1546828'
ACTION SNIPPET 10000 9916 SEEN_PREVIOUSLY b'1352674'
ACTION SNIPPET 10000 9919 SEEN_PREVIOUSLY b'1582371'
ACTION SNIPPET 10000 9922 SEEN_PREVIOUSLY b'1522721'
ACTION SNIPPET 10000 9925 SNIPPET_NOT_RELEVANT b'844895'
ACTION SNIPPET 10000 9928 SEEN_PREVIOUSLY b'1697916'
ACTION SNIPPET 10000 9931 SEEN_PREVIOUSLY b'944052'
ACTION SNIPPET 10000 9934 SEEN_PREVIOUSLY b'1407273'
ACTION SNIPPET 10000 9937 SEEN_PREVIOUSLY b'1539234'
ACTION SNIPPET 10000 9940 SEEN_PREVIOUSLY b'1050607'
ACTION QUERY 10000 9950 piracy tightened
ACTION SERP 10000 9955 EXAMINE_SERP
ACTION SNIPPET 10000 9958 SEEN_PREVIOUSLY b'1597860'
ACTION SNIPPET 10000 9961 SNIPPET_RELEVANT b'254657'
ACTION DOC 10000 9981 EXAMINING_DOCUMENT b'254657'
ACTION SNIPPET 10000 9984 SNIPPET_RELEVANT b'1224159'
ACTION DOC 10000 10004 EXAMINING_DOCUMENT b'1224159'
INFO SUMMARY 
INFO TOTAL_QUERIES_ISSUED 118
INFO TOTAL_SNIPPETS_EXAMINED 1173
INFO TOTAL_DOCUMENTS_EXAMINED 235
INFO TOTAL_DOCUMENTS_MARKED_RELEVANT 5
INFO TOTAL_ATTRACTIVE_SERP_IMPRESSIONS 118
INFO TOTAL_UNATTRACTIVE_SERP_IMPRESSIONS 0
