ACTION QUERY 10000 10 u s investment africa
ACTION SERP 10000 15 EXAMINE_SERP
ACTION SNIPPET 10000 18 SNIPPET_RELEVANT b'621721'
ACTION DOC 10000 38 EXAMINING_DOCUMENT b'621721'
ACTION MARK 10000 41 CONSIDERED_RELEVANT b'621721'
ACTION SNIPPET 10000 44 SNIPPET_RELEVANT b'716704'
ACTION DOC 10000 64 EXAMINING_DOCUMENT b'716704'
ACTION MARK 10000 67 CONSIDERED_RELEVANT b'716704'
ACTION SNIPPET 10000 70 SNIPPET_NOT_RELEVANT b'77703'
ACTION SNIPPET 10000 73 SNIPPET_RELEVANT b'115746'
ACTION DOC 10000 93 EXAMINING_DOCUMENT b'115746'
ACTION MARK 10000 96 CONSIDERED_RELEVANT b'115746'
ACTION SNIPPET 10000 99 SNIPPET_NOT_RELEVANT b'85242'
ACTION SNIPPET 10000 102 SNIPPET_NOT_RELEVANT b'128684'
ACTION SNIPPET 10000 105 SNIPPET_RELEVANT b'159599'
ACTION DOC 10000 125 EXAMINING_DOCUMENT b'159599'
ACTION MARK 10000 128 CONSIDERED_RELEVANT b'159599'
ACTION SNIPPET 10000 131 SNIPPET_RELEVANT b'1532697'
ACTION DOC 10000 151 EXAMINING_DOCUMENT b'1532697'
ACTION MARK 10000 154 CONSIDERED_RELEVANT b'1532697'
ACTION SNIPPET 10000 157 SNIPPET_RELEVANT b'619819'
ACTION DOC 10000 177 EXAMINING_DOCUMENT b'619819'
ACTION MARK 10000 180 CONSIDERED_RELEVANT b'619819'
ACTION SNIPPET 10000 183 SNIPPET_RELEVANT b'716128'
ACTION DOC 10000 203 EXAMINING_DOCUMENT b'716128'
ACTION MARK 10000 206 CONSIDERED_RELEVANT b'716128'
INFO OUT_OF_QUERIES 
INFO SUMMARY 
INFO TOTAL_QUERIES_ISSUED 1
INFO TOTAL_SNIPPETS_EXAMINED 10
INFO TOTAL_DOCUMENTS_EXAMINED 7
INFO TOTAL_DOCUMENTS_MARKED_RELEVANT 7
INFO TOTAL_ATTRACTIVE_SERP_IMPRESSIONS 1
INFO TOTAL_UNATTRACTIVE_SERP_IMPRESSIONS 0
