ACTION QUERY 10000 10 heroic acts
ACTION SERP 10000 15 EXAMINE_SERP
ACTION SNIPPET 10000 18 SNIPPET_RELEVANT b'99968'
ACTION DOC 10000 38 EXAMINING_DOCUMENT b'99968'
ACTION MARK 10000 41 CONSIDERED_RELEVANT b'99968'
ACTION SNIPPET 10000 44 SNIPPET_NOT_RELEVANT b'996765'
ACTION SNIPPET 10000 47 SNIPPET_RELEVANT b'1596059'
ACTION DOC 10000 67 EXAMINING_DOCUMENT b'1596059'
ACTION SNIPPET 10000 70 SNIPPET_RELEVANT b'190817'
ACTION DOC 10000 90 EXAMINING_DOCUMENT b'190817'
ACTION SNIPPET 10000 93 SNIPPET_NOT_RELEVANT b'690533'
ACTION QUERY 10000 103 heroic acts age
ACTION SERP 10000 108 EXAMINE_SERP
ACTION SNIPPET 10000 111 SNIPPET_RELEVANT b'895603'
ACTION DOC 10000 131 EXAMINING_DOCUMENT b'895603'
ACTION SNIPPET 10000 134 SNIPPET_NOT_RELEVANT b'1063690'
ACTION SNIPPET 10000 137 SNIPPET_RELEVANT b'690533'
ACTION DOC 10000 157 EXAMINING_DOCUMENT b'690533'
ACTION QUERY 10000 167 heroic acts car
ACTION SERP 10000 172 EXAMINE_SERP
ACTION SNIPPET 10000 175 SEEN_PREVIOUSLY b'99968'
ACTION SNIPPET 10000 178 SNIPPET_RELEVANT b'693200'
ACTION DOC 10000 198 EXAMINING_DOCUMENT b'693200'
ACTION MARK 10000 201 CONSIDERED_RELEVANT b'693200'
ACTION SNIPPET 10000 204 SEEN_PREVIOUSLY b'190817'
ACTION SNIPPET 10000 207 SNIPPET_RELEVANT b'1465426'
ACTION DOC 10000 227 EXAMINING_DOCUMENT b'1465426'
ACTION SNIPPET 10000 230 SNIPPET_RELEVANT b'1727253'
ACTION DOC 10000 250 EXAMINING_DOCUMENT b'1727253'
ACTION SNIPPET 10000 253 SNIPPET_RELEVANT b'996765'
ACTION DOC 10000 273 EXAMINING_DOCUMENT b'996765'
ACTION QUERY 10000 283 heroic acts due
ACTION SERP 10000 288 EXAMINE_SERP
ACTION SNIPPET 10000 291 SEEN_PREVIOUSLY b'99968'
ACTION SNIPPET 10000 294 SEEN_PREVIOUSLY b'996765'
ACTION SNIPPET 10000 297 SNIPPET_NOT_RELEVANT b'1462223'
ACTION SNIPPET 10000 300 SNIPPET_NOT_RELEVANT b'1007897'
ACTION SNIPPET 10000 303 SNIPPET_NOT_RELEVANT b'1601006'
ACTION SNIPPET 10000 306 SNIPPET_RELEVANT b'417359'
ACTION DOC 10000 326 EXAMINING_DOCUMENT b'417359'
ACTION SNIPPET 10000 329 SEEN_PREVIOUSLY b'1596059'
ACTION SNIPPET 10000 332 SEEN_PREVIOUSLY b'190817'
ACTION SNIPPET 10000 335 SNIPPET_NOT_RELEVANT b'418750'
ACTION QUERY 10000 345 heroic acts kept
ACTION SERP 10000 350 EXAMINE_SERP
ACTION SNIPPET 10000 353 SEEN_PREVIOUSLY b'99968'
ACTION SNIPPET 10000 356 SEEN_PREVIOUSLY b'690533'
ACTION SNIPPET 10000 359 SNIPPET_NOT_RELEVANT b'253848'
ACTION SNIPPET 10000 362 SNIPPET_RELEVANT b'414693'
ACTION DOC 10000 382 EXAMINING_DOCUMENT b'414693'
ACTION MARK 10000 385 CONSIDERED_RELEVANT b'414693'
ACTION SNIPPET 10000 388 SEEN_PREVIOUSLY b'996765'
ACTION SNIPPET 10000 391 SNIPPET_NOT_RELEVANT b'1841475'
ACTION SNIPPET 10000 394 SEEN_PREVIOUSLY b'1596059'
ACTION SNIPPET 10000 397 SNIPPET_NOT_RELEVANT b'166266'
ACTION SNIPPET 10000 400 SNIPPET_NOT_RELEVANT b'1773054'
ACTION SNIPPET 10000 403 SEEN_PREVIOUSLY b'190817'
ACTION SNIPPET 10000 406 SNIPPET_RELEVANT b'1182299'
ACTION DOC 10000 426 EXAMINING_DOCUMENT b'1182299'
ACTION SNIPPET 10000 429 SNIPPET_NOT_RELEVANT b'1154470'
ACTION SNIPPET 10000 432 SNIPPET_RELEVANT b'108149'
ACTION DOC 10000 452 EXAMINING_DOCUMENT b'108149'
ACTION QUERY 10000 462 heroic acts proves
ACTION SERP 10000 467 EXAMINE_SERP
ACTION SNIPPET 10000 470 SNIPPET_RELEVANT b'1366401'
ACTION DOC 10000 490 EXAMINING_DOCUMENT b'1366401'
ACTION MARK 10000 493 CONSIDERED_RELEVANT b'1366401'
ACTION SNIPPET 10000 496 SNIPPET_RELEVANT b'464579'
ACTION DOC 10000 516 EXAMINING_DOCUMENT b'464579'
ACTION SNIPPET 10000 519 SNIPPET_NOT_RELEVANT b'647761'
ACTION SNIPPET 10000 522 SNIPPET_RELEVANT b'740213'
ACTION DOC 10000 542 EXAMINING_DOCUMENT b'740213'
ACTION SNIPPET 10000 545 SEEN_PREVIOUSLY b'99968'
ACTION QUERY 10000 555 heroic acts feeding
ACTION SERP 10000 560 EXAMINE_SERP
ACTION SNIPPET 10000 563 SNIPPET_NOT_RELEVANT b'166266'
ACTION SNIPPET 10000 566 SNIPPET_RELEVANT b'1528893'
ACTION DOC 10000 586 EXAMINING_DOCUMENT b'1528893'
ACTION SNIPPET 10000 589 SNIPPET_NOT_RELEVANT b'518339'
ACTION SNIPPET 10000 592 SNIPPET_NOT_RELEVANT b'164628'
ACTION SNIPPET 10000 595 SEEN_PREVIOUSLY b'99968'
ACTION SNIPPET 10000 598 SEEN_PREVIOUSLY b'996765'
ACTION SNIPPET 10000 601 SNIPPET_NOT_RELEVANT b'269705'
ACTION SNIPPET 10000 604 SNIPPET_RELEVANT b'1208466'
ACTION DOC 10000 624 EXAMINING_DOCUMENT b'1208466'
ACTION QUERY 10000 634 heroic acts lives
ACTION SERP 10000 639 EXAMINE_SERP
ACTION SNIPPET 10000 642 SEEN_PREVIOUSLY b'996765'
ACTION SNIPPET 10000 645 SEEN_PREVIOUSLY b'190817'
ACTION SNIPPET 10000 648 SNIPPET_RELEVANT b'1721512'
ACTION DOC 10000 668 EXAMINING_DOCUMENT b'1721512'
ACTION SNIPPET 10000 671 SNIPPET_NOT_RELEVANT b'1302153'
ACTION SNIPPET 10000 674 SNIPPET_NOT_RELEVANT b'669371'
ACTION SNIPPET 10000 677 SEEN_PREVIOUSLY b'99968'
ACTION SNIPPET 10000 680 SEEN_PREVIOUSLY b'414693'
ACTION SNIPPET 10000 683 SNIPPET_NOT_RELEVANT b'408920'
ACTION SNIPPET 10000 686 SEEN_PREVIOUSLY b'1465426'
ACTION QUERY 10000 696 heroic acts injected
ACTION SERP 10000 701 EXAMINE_SERP
ACTION SNIPPET 10000 704 SNIPPET_RELEVANT b'1537035'
ACTION DOC 10000 724 EXAMINING_DOCUMENT b'1537035'
ACTION SNIPPET 10000 727 SNIPPET_NOT_RELEVANT b'1772773'
ACTION SNIPPET 10000 730 SNIPPET_NOT_RELEVANT b'310046'
ACTION SNIPPET 10000 733 SEEN_PREVIOUSLY b'99968'
ACTION SNIPPET 10000 736 SNIPPET_NOT_RELEVANT b'505149'
ACTION SNIPPET 10000 739 SEEN_PREVIOUSLY b'996765'
ACTION SNIPPET 10000 742 SNIPPET_RELEVANT b'505860'
ACTION DOC 10000 762 EXAMINING_DOCUMENT b'505860'
ACTION QUERY 10000 772 heroic acts catching
ACTION SERP 10000 777 EXAMINE_SERP
ACTION SNIPPET 10000 780 SEEN_PREVIOUSLY b'1596059'
ACTION SNIPPET 10000 783 SNIPPET_RELEVANT b'1725462'
ACTION DOC 10000 803 EXAMINING_DOCUMENT b'1725462'
ACTION SNIPPET 10000 806 SNIPPET_NOT_RELEVANT b'342672'
ACTION SNIPPET 10000 809 SNIPPET_RELEVANT b'1161326'
ACTION DOC 10000 829 EXAMINING_DOCUMENT b'1161326'
ACTION QUERY 10000 839 heroic acts silicone
ACTION SERP 10000 844 EXAMINE_SERP
ACTION SNIPPET 10000 847 SNIPPET_NOT_RELEVANT b'1119940'
ACTION SNIPPET 10000 850 SNIPPET_RELEVANT b'505149'
ACTION DOC 10000 870 EXAMINING_DOCUMENT b'505149'
ACTION SNIPPET 10000 873 SEEN_PREVIOUSLY b'505860'
ACTION SNIPPET 10000 876 SNIPPET_NOT_RELEVANT b'1266547'
ACTION SNIPPET 10000 879 SNIPPET_NOT_RELEVANT b'496847'
ACTION SNIPPET 10000 882 SNIPPET_NOT_RELEVANT b'131927'
ACTION SNIPPET 10000 885 SNIPPET_RELEVANT b'1122880'
ACTION DOC 10000 905 EXAMINING_DOCUMENT b'1122880'
ACTION QUERY 10000 915 heroic acts oxide
ACTION SERP 10000 920 EXAMINE_SERP
ACTION SNIPPET 10000 923 SNIPPET_RELEVANT b'193924'
ACTION DOC 10000 943 EXAMINING_DOCUMENT b'193924'
ACTION SNIPPET 10000 946 SNIPPET_NOT_RELEVANT b'518793'
ACTION SNIPPET 10000 949 SNIPPET_NOT_RELEVANT b'1187379'
ACTION SNIPPET 10000 952 SNIPPET_NOT_RELEVANT b'959186'
ACTION SNIPPET 10000 955 SNIPPET_NOT_RELEVANT b'656253'
ACTION SNIPPET 10000 958 SNIPPET_RELEVANT b'1187637'
ACTION DOC 10000 978 EXAMINING_DOCUMENT b'1187637'
ACTION QUERY 10000 988 heroic acts lant
ACTION SERP 10000 993 EXAMINE_SERP
ACTION SNIPPET 10000 996 SNIPPET_RELEVANT b'358515'
ACTION DOC 10000 1016 EXAMINING_DOCUMENT b'358515'
ACTION SNIPPET 10000 1019 SNIPPET_NOT_RELEVANT b'1036350'
ACTION SNIPPET 10000 1022 SNIPPET_RELEVANT b'341742'
ACTION DOC 10000 1042 EXAMINING_DOCUMENT b'341742'
ACTION QUERY 10000 1052 heroic acts oldest
ACTION SERP 10000 1057 EXAMINE_SERP
ACTION SNIPPET 10000 1060 SNIPPET_NOT_RELEVANT b'1247576'
ACTION SNIPPET 10000 1063 SEEN_PREVIOUSLY b'99968'
ACTION SNIPPET 10000 1066 SEEN_PREVIOUSLY b'996765'
ACTION SNIPPET 10000 1069 SNIPPET_RELEVANT b'94920'
ACTION DOC 10000 1089 EXAMINING_DOCUMENT b'94920'
ACTION SNIPPET 10000 1092 SEEN_PREVIOUSLY b'1596059'
ACTION SNIPPET 10000 1095 SNIPPET_NOT_RELEVANT b'1399828'
ACTION SNIPPET 10000 1098 SEEN_PREVIOUSLY b'190817'
ACTION SNIPPET 10000 1101 SEEN_PREVIOUSLY b'690533'
ACTION SNIPPET 10000 1104 SNIPPET_NOT_RELEVANT b'8584'
ACTION QUERY 10000 1114 heroic acts classical
ACTION SERP 10000 1119 EXAMINE_SERP
ACTION SNIPPET 10000 1122 SNIPPET_NOT_RELEVANT b'395223'
ACTION SNIPPET 10000 1125 SNIPPET_NOT_RELEVANT b'1379800'
ACTION SNIPPET 10000 1128 SNIPPET_NOT_RELEVANT b'1587751'
ACTION SNIPPET 10000 1131 SNIPPET_NOT_RELEVANT b'257980'
ACTION SNIPPET 10000 1134 SNIPPET_RELEVANT b'1059684'
ACTION DOC 10000 1154 EXAMINING_DOCUMENT b'1059684'
ACTION SNIPPET 10000 1157 SNIPPET_NOT_RELEVANT b'1489236'
ACTION SNIPPET 10000 1160 SNIPPET_RELEVANT b'698781'
ACTION DOC 10000 1180 EXAMINING_DOCUMENT b'698781'
ACTION QUERY 10000 1190 heroic acts bogatyrev
ACTION SERP 10000 1195 EXAMINE_SERP
ACTION SNIPPET 10000 1198 SEEN_PREVIOUSLY b'1059684'
ACTION SNIPPET 10000 1201 SNIPPET_RELEVANT b'1634730'
ACTION DOC 10000 1221 EXAMINING_DOCUMENT b'1634730'
ACTION SNIPPET 10000 1224 SNIPPET_RELEVANT b'275649'
ACTION DOC 10000 1244 EXAMINING_DOCUMENT b'275649'
ACTION QUERY 10000 1254 heroic acts inventing
ACTION SERP 10000 1259 EXAMINE_SERP
ACTION SNIPPET 10000 1262 SNIPPET_RELEVANT b'328330'
ACTION DOC 10000 1282 EXAMINING_DOCUMENT b'328330'
ACTION SNIPPET 10000 1285 SNIPPET_RELEVANT b'336556'
ACTION DOC 10000 1305 EXAMINING_DOCUMENT b'336556'
ACTION QUERY 10000 1315 heroic acts writer
ACTION SERP 10000 1320 EXAMINE_SERP
ACTION SNIPPET 10000 1323 SNIPPET_NOT_RELEVANT b'475341'
ACTION SNIPPET 10000 1326 SNIPPET_RELEVANT b'1403341'
ACTION DOC 10000 1346 EXAMINING_DOCUMENT b'1403341'
ACTION SNIPPET 10000 1349 SNIPPET_NOT_RELEVANT b'1338700'
ACTION SNIPPET 10000 1352 SNIPPET_RELEVANT b'1218555'
ACTION DOC 10000 1372 EXAMINING_DOCUMENT b'1218555'
ACTION QUERY 10000 1382 heroic acts politics
ACTION SERP 10000 1387 EXAMINE_SERP
ACTION SNIPPET 10000 1390 SEEN_PREVIOUSLY b'690533'
ACTION SNIPPET 10000 1393 SNIPPET_NOT_RELEVANT b'1031456'
ACTION SNIPPET 10000 1396 SNIPPET_NOT_RELEVANT b'591377'
ACTION SNIPPET 10000 1399 SNIPPET_RELEVANT b'1437182'
ACTION DOC 10000 1419 EXAMINING_DOCUMENT b'1437182'
ACTION SNIPPET 10000 1422 SEEN_PREVIOUSLY b'99968'
ACTION SNIPPET 10000 1425 SEEN_PREVIOUSLY b'996765'
ACTION SNIPPET 10000 1428 SEEN_PREVIOUSLY b'1403341'
ACTION SNIPPET 10000 1431 SNIPPET_NOT_RELEVANT b'1338700'
ACTION SNIPPET 10000 1434 SNIPPET_RELEVANT b'1089381'
ACTION DOC 10000 1454 EXAMINING_DOCUMENT b'1089381'
ACTION QUERY 10000 1464 heroic acts sulfide
ACTION SERP 10000 1469 EXAMINE_SERP
ACTION SNIPPET 10000 1472 SNIPPET_RELEVANT b'420506'
ACTION DOC 10000 1492 EXAMINING_DOCUMENT b'420506'
ACTION SNIPPET 10000 1495 SNIPPET_NOT_RELEVANT b'1667769'
ACTION SNIPPET 10000 1498 SNIPPET_RELEVANT b'55191'
ACTION DOC 10000 1518 EXAMINING_DOCUMENT b'55191'
ACTION QUERY 10000 1528 heroic acts council
ACTION SERP 10000 1533 EXAMINE_SERP
ACTION SNIPPET 10000 1536 SNIPPET_RELEVANT b'306474'
ACTION DOC 10000 1556 EXAMINING_DOCUMENT b'306474'
ACTION SNIPPET 10000 1559 SNIPPET_NOT_RELEVANT b'426073'
ACTION SNIPPET 10000 1562 SNIPPET_NOT_RELEVANT b'911003'
ACTION SNIPPET 10000 1565 SEEN_PREVIOUSLY b'99968'
ACTION SNIPPET 10000 1568 SEEN_PREVIOUSLY b'996765'
ACTION SNIPPET 10000 1571 SNIPPET_NOT_RELEVANT b'1425141'
ACTION SNIPPET 10000 1574 SNIPPET_NOT_RELEVANT b'128834'
ACTION SNIPPET 10000 1577 SNIPPET_RELEVANT b'742793'
ACTION DOC 10000 1597 EXAMINING_DOCUMENT b'742793'
ACTION QUERY 10000 1607 heroic acts success
ACTION SERP 10000 1612 EXAMINE_SERP
ACTION SNIPPET 10000 1615 SEEN_PREVIOUSLY b'690533'
ACTION SNIPPET 10000 1618 SEEN_PREVIOUSLY b'99968'
ACTION SNIPPET 10000 1621 SEEN_PREVIOUSLY b'996765'
ACTION SNIPPET 10000 1624 SNIPPET_NOT_RELEVANT b'168844'
ACTION SNIPPET 10000 1627 SEEN_PREVIOUSLY b'1596059'
ACTION SNIPPET 10000 1630 SEEN_PREVIOUSLY b'190817'
ACTION SNIPPET 10000 1633 SNIPPET_RELEVANT b'281707'
ACTION DOC 10000 1653 EXAMINING_DOCUMENT b'281707'
ACTION SNIPPET 10000 1656 SEEN_PREVIOUSLY b'895603'
ACTION SNIPPET 10000 1659 SNIPPET_RELEVANT b'1579584'
ACTION DOC 10000 1679 EXAMINING_DOCUMENT b'1579584'
ACTION QUERY 10000 1689 heroic acts massacre
ACTION SERP 10000 1694 EXAMINE_SERP
ACTION SNIPPET 10000 1697 SEEN_PREVIOUSLY b'306474'
ACTION SNIPPET 10000 1700 SNIPPET_RELEVANT b'669833'
ACTION DOC 10000 1720 EXAMINING_DOCUMENT b'669833'
ACTION SNIPPET 10000 1723 SNIPPET_RELEVANT b'1300733'
ACTION DOC 10000 1743 EXAMINING_DOCUMENT b'1300733'
ACTION MARK 10000 1746 CONSIDERED_RELEVANT b'1300733'
ACTION SNIPPET 10000 1749 SNIPPET_NOT_RELEVANT b'718688'
ACTION SNIPPET 10000 1752 SNIPPET_NOT_RELEVANT b'772116'
ACTION SNIPPET 10000 1755 SNIPPET_NOT_RELEVANT b'286115'
ACTION SNIPPET 10000 1758 SNIPPET_NOT_RELEVANT b'1481365'
ACTION SNIPPET 10000 1761 SNIPPET_RELEVANT b'679761'
ACTION DOC 10000 1781 EXAMINING_DOCUMENT b'679761'
ACTION SNIPPET 10000 1784 SNIPPET_NOT_RELEVANT b'697427'
ACTION SNIPPET 10000 1787 SNIPPET_RELEVANT b'1763137'
ACTION DOC 10000 1807 EXAMINING_DOCUMENT b'1763137'
ACTION QUERY 10000 1817 heroic acts who
ACTION SERP 10000 1822 EXAMINE_SERP
ACTION SNIPPET 10000 1825 SEEN_PREVIOUSLY b'996765'
ACTION SNIPPET 10000 1828 SEEN_PREVIOUSLY b'99968'
ACTION SNIPPET 10000 1831 SEEN_PREVIOUSLY b'1596059'
ACTION SNIPPET 10000 1834 SEEN_PREVIOUSLY b'190817'
ACTION SNIPPET 10000 1837 SEEN_PREVIOUSLY b'895603'
ACTION SNIPPET 10000 1840 SEEN_PREVIOUSLY b'1579584'
ACTION SNIPPET 10000 1843 SEEN_PREVIOUSLY b'690533'
ACTION SNIPPET 10000 1846 SEEN_PREVIOUSLY b'1366401'
ACTION SNIPPET 10000 1849 SNIPPET_RELEVANT b'907417'
ACTION DOC 10000 1869 EXAMINING_DOCUMENT b'907417'
ACTION QUERY 10000 1879 heroic acts kenneth
ACTION SERP 10000 1884 EXAMINE_SERP
ACTION SNIPPET 10000 1887 SNIPPET_NOT_RELEVANT b'99736'
ACTION SNIPPET 10000 1890 SNIPPET_NOT_RELEVANT b'1471358'
ACTION SNIPPET 10000 1893 SNIPPET_NOT_RELEVANT b'1471604'
ACTION SNIPPET 10000 1896 SNIPPET_NOT_RELEVANT b'1536219'
ACTION SNIPPET 10000 1899 SNIPPET_NOT_RELEVANT b'982864'
ACTION SNIPPET 10000 1902 SEEN_PREVIOUSLY b'336556'
ACTION SNIPPET 10000 1905 SNIPPET_NOT_RELEVANT b'264802'
ACTION SNIPPET 10000 1908 SEEN_PREVIOUSLY b'698781'
ACTION SNIPPET 10000 1911 SNIPPET_RELEVANT b'1089233'
ACTION DOC 10000 1931 EXAMINING_DOCUMENT b'1089233'
ACTION QUERY 10000 1941 heroic acts lake
ACTION SERP 10000 1946 EXAMINE_SERP
ACTION SNIPPET 10000 1949 SNIPPET_NOT_RELEVANT b'257980'
ACTION SNIPPET 10000 1952 SNIPPET_RELEVANT b'237023'
ACTION DOC 10000 1972 EXAMINING_DOCUMENT b'237023'
ACTION SNIPPET 10000 1975 SNIPPET_NOT_RELEVANT b'770781'
ACTION SNIPPET 10000 1978 SNIPPET_RELEVANT b'458733'
ACTION DOC 10000 1998 EXAMINING_DOCUMENT b'458733'
ACTION QUERY 10000 2008 heroic acts states
ACTION SERP 10000 2013 EXAMINE_SERP
ACTION SNIPPET 10000 2016 SEEN_PREVIOUSLY b'99968'
ACTION SNIPPET 10000 2019 SEEN_PREVIOUSLY b'996765'
ACTION SNIPPET 10000 2022 SEEN_PREVIOUSLY b'1596059'
ACTION SNIPPET 10000 2025 SEEN_PREVIOUSLY b'190817'
ACTION SNIPPET 10000 2028 SNIPPET_NOT_RELEVANT b'1031456'
ACTION SNIPPET 10000 2031 SNIPPET_NOT_RELEVANT b'669371'
ACTION SNIPPET 10000 2034 SEEN_PREVIOUSLY b'690533'
ACTION SNIPPET 10000 2037 SEEN_PREVIOUSLY b'414693'
ACTION SNIPPET 10000 2040 SEEN_PREVIOUSLY b'895603'
ACTION SNIPPET 10000 2043 SEEN_PREVIOUSLY b'1579584'
ACTION SNIPPET 10000 2046 SNIPPET_RELEVANT b'372589'
ACTION DOC 10000 2066 EXAMINING_DOCUMENT b'372589'
ACTION QUERY 10000 2076 heroic acts process
ACTION SERP 10000 2081 EXAMINE_SERP
ACTION SNIPPET 10000 2084 SEEN_PREVIOUSLY b'99968'
ACTION SNIPPET 10000 2087 SEEN_PREVIOUSLY b'996765'
ACTION SNIPPET 10000 2090 SNIPPET_NOT_RELEVANT b'39670'
ACTION SNIPPET 10000 2093 SNIPPET_RELEVANT b'8479'
ACTION DOC 10000 2113 EXAMINING_DOCUMENT b'8479'
ACTION SNIPPET 10000 2116 SEEN_PREVIOUSLY b'8479'
ACTION SNIPPET 10000 2119 SEEN_PREVIOUSLY b'336556'
ACTION SNIPPET 10000 2122 SNIPPET_RELEVANT b'1534698'
ACTION DOC 10000 2142 EXAMINING_DOCUMENT b'1534698'
ACTION QUERY 10000 2152 heroic acts wound
ACTION SERP 10000 2157 EXAMINE_SERP
ACTION SNIPPET 10000 2160 SNIPPET_NOT_RELEVANT b'1055776'
ACTION SNIPPET 10000 2163 SEEN_PREVIOUSLY b'740213'
ACTION SNIPPET 10000 2166 SNIPPET_NOT_RELEVANT b'342267'
ACTION SNIPPET 10000 2169 SNIPPET_RELEVANT b'247572'
ACTION DOC 10000 2189 EXAMINING_DOCUMENT b'247572'
ACTION SNIPPET 10000 2192 SNIPPET_NOT_RELEVANT b'1747613'
ACTION SNIPPET 10000 2195 SNIPPET_RELEVANT b'737070'
ACTION DOC 10000 2215 EXAMINING_DOCUMENT b'737070'
ACTION QUERY 10000 2225 heroic acts jo
ACTION SERP 10000 2230 EXAMINE_SERP
ACTION SNIPPET 10000 2233 SEEN_PREVIOUSLY b'737070'
ACTION SNIPPET 10000 2236 SNIPPET_NOT_RELEVANT b'629820'
ACTION SNIPPET 10000 2239 SNIPPET_RELEVANT b'43483'
ACTION DOC 10000 2259 EXAMINING_DOCUMENT b'43483'
ACTION SNIPPET 10000 2262 SNIPPET_NOT_RELEVANT b'1423214'
ACTION SNIPPET 10000 2265 SNIPPET_RELEVANT b'1423263'
ACTION DOC 10000 2285 EXAMINING_DOCUMENT b'1423263'
ACTION QUERY 10000 2295 heroic acts perform
ACTION SERP 10000 2300 EXAMINE_SERP
ACTION SNIPPET 10000 2303 SEEN_PREVIOUSLY b'895603'
ACTION SNIPPET 10000 2306 SEEN_PREVIOUSLY b'372589'
ACTION SNIPPET 10000 2309 SEEN_PREVIOUSLY b'1721512'
ACTION SNIPPET 10000 2312 SNIPPET_RELEVANT b'1063690'
ACTION DOC 10000 2332 EXAMINING_DOCUMENT b'1063690'
ACTION SNIPPET 10000 2335 SNIPPET_NOT_RELEVANT b'1489236'
ACTION SNIPPET 10000 2338 SNIPPET_RELEVANT b'1345632'
ACTION DOC 10000 2358 EXAMINING_DOCUMENT b'1345632'
ACTION QUERY 10000 2368 heroic acts end
ACTION SERP 10000 2373 EXAMINE_SERP
ACTION SNIPPET 10000 2376 SEEN_PREVIOUSLY b'690533'
ACTION SNIPPET 10000 2379 SEEN_PREVIOUSLY b'99968'
ACTION SNIPPET 10000 2382 SEEN_PREVIOUSLY b'996765'
ACTION SNIPPET 10000 2385 SEEN_PREVIOUSLY b'372589'
ACTION SNIPPET 10000 2388 SNIPPET_RELEVANT b'1296447'
ACTION DOC 10000 2408 EXAMINING_DOCUMENT b'1296447'
ACTION SNIPPET 10000 2411 SEEN_PREVIOUSLY b'1596059'
ACTION SNIPPET 10000 2414 SEEN_PREVIOUSLY b'190817'
ACTION SNIPPET 10000 2417 SNIPPET_RELEVANT b'39670'
ACTION DOC 10000 2437 EXAMINING_DOCUMENT b'39670'
ACTION QUERY 10000 2447 heroic acts hospital
ACTION SERP 10000 2452 EXAMINE_SERP
ACTION SNIPPET 10000 2455 SEEN_PREVIOUSLY b'693200'
ACTION SNIPPET 10000 2458 SNIPPET_NOT_RELEVANT b'1302153'
ACTION SNIPPET 10000 2461 SNIPPET_RELEVANT b'253848'
ACTION DOC 10000 2481 EXAMINING_DOCUMENT b'253848'
ACTION SNIPPET 10000 2484 SNIPPET_RELEVANT b'1338700'
ACTION DOC 10000 2504 EXAMINING_DOCUMENT b'1338700'
ACTION QUERY 10000 2514 heroic acts sensors
ACTION SERP 10000 2519 EXAMINE_SERP
ACTION SNIPPET 10000 2522 SNIPPET_NOT_RELEVANT b'1506273'
ACTION SNIPPET 10000 2525 SNIPPET_RELEVANT b'1698750'
ACTION DOC 10000 2545 EXAMINING_DOCUMENT b'1698750'
ACTION SNIPPET 10000 2548 SNIPPET_NOT_RELEVANT b'131927'
ACTION SNIPPET 10000 2551 SNIPPET_NOT_RELEVANT b'191133'
ACTION SNIPPET 10000 2554 SNIPPET_NOT_RELEVANT b'1395069'
ACTION SNIPPET 10000 2557 SNIPPET_NOT_RELEVANT b'1372833'
ACTION SNIPPET 10000 2560 SNIPPET_NOT_RELEVANT b'234544'
ACTION SNIPPET 10000 2563 SNIPPET_NOT_RELEVANT b'1064630'
ACTION SNIPPET 10000 2566 SNIPPET_RELEVANT b'1178278'
ACTION DOC 10000 2586 EXAMINING_DOCUMENT b'1178278'
ACTION QUERY 10000 2596 heroic acts ghost
ACTION SERP 10000 2601 EXAMINE_SERP
ACTION SNIPPET 10000 2604 SNIPPET_RELEVANT b'1306195'
ACTION DOC 10000 2624 EXAMINING_DOCUMENT b'1306195'
ACTION SNIPPET 10000 2627 SNIPPET_NOT_RELEVANT b'1108400'
ACTION SNIPPET 10000 2630 SNIPPET_NOT_RELEVANT b'677802'
ACTION SNIPPET 10000 2633 SNIPPET_RELEVANT b'1300226'
ACTION DOC 10000 2653 EXAMINING_DOCUMENT b'1300226'
ACTION QUERY 10000 2663 heroic acts actors
ACTION SERP 10000 2668 EXAMINE_SERP
ACTION SNIPPET 10000 2671 SEEN_PREVIOUSLY b'1063690'
ACTION SNIPPET 10000 2674 SNIPPET_RELEVANT b'109768'
ACTION DOC 10000 2694 EXAMINING_DOCUMENT b'109768'
ACTION SNIPPET 10000 2697 SNIPPET_RELEVANT b'395223'
ACTION DOC 10000 2717 EXAMINING_DOCUMENT b'395223'
ACTION QUERY 10000 2727 heroic acts thursday
ACTION SERP 10000 2732 EXAMINE_SERP
ACTION SNIPPET 10000 2735 SEEN_PREVIOUSLY b'253848'
ACTION SNIPPET 10000 2738 SNIPPET_RELEVANT b'257980'
ACTION DOC 10000 2758 EXAMINING_DOCUMENT b'257980'
ACTION SNIPPET 10000 2761 SEEN_PREVIOUSLY b'99968'
ACTION SNIPPET 10000 2764 SEEN_PREVIOUSLY b'996765'
ACTION SNIPPET 10000 2767 SNIPPET_NOT_RELEVANT b'1747613'
ACTION SNIPPET 10000 2770 SNIPPET_RELEVANT b'1173932'
ACTION DOC 10000 2790 EXAMINING_DOCUMENT b'1173932'
ACTION QUERY 10000 2800 heroic acts aleksandre
ACTION SERP 10000 2805 EXAMINE_SERP
ACTION SNIPPET 10000 2808 SEEN_PREVIOUSLY b'1059684'
ACTION SNIPPET 10000 2811 SNIPPET_RELEVANT b'369866'
ACTION DOC 10000 2831 EXAMINING_DOCUMENT b'369866'
ACTION SNIPPET 10000 2834 SNIPPET_RELEVANT b'1631643'
ACTION DOC 10000 2854 EXAMINING_DOCUMENT b'1631643'
ACTION QUERY 10000 2864 heroic acts denny
ACTION SERP 10000 2869 EXAMINE_SERP
ACTION SNIPPET 10000 2872 SNIPPET_NOT_RELEVANT b'1747613'
ACTION SNIPPET 10000 2875 SNIPPET_NOT_RELEVANT b'1351381'
ACTION SNIPPET 10000 2878 SNIPPET_RELEVANT b'540396'
ACTION DOC 10000 2898 EXAMINING_DOCUMENT b'540396'
ACTION SNIPPET 10000 2901 SNIPPET_NOT_RELEVANT b'1403122'
ACTION SNIPPET 10000 2904 SNIPPET_RELEVANT b'356332'
ACTION DOC 10000 2924 EXAMINING_DOCUMENT b'356332'
ACTION QUERY 10000 2934 heroic acts veteran
ACTION SERP 10000 2939 EXAMINE_SERP
ACTION SNIPPET 10000 2942 SEEN_PREVIOUSLY b'1063690'
ACTION SNIPPET 10000 2945 SEEN_PREVIOUSLY b'43483'
ACTION SNIPPET 10000 2948 SNIPPET_NOT_RELEVANT b'361678'
ACTION SNIPPET 10000 2951 SNIPPET_RELEVANT b'1482028'
ACTION DOC 10000 2971 EXAMINING_DOCUMENT b'1482028'
ACTION SNIPPET 10000 2974 SNIPPET_RELEVANT b'1781538'
ACTION DOC 10000 2994 EXAMINING_DOCUMENT b'1781538'
ACTION MARK 10000 2997 CONSIDERED_RELEVANT b'1781538'
ACTION SNIPPET 10000 3000 SNIPPET_NOT_RELEVANT b'309908'
ACTION SNIPPET 10000 3003 SNIPPET_NOT_RELEVANT b'255272'
ACTION SNIPPET 10000 3006 SNIPPET_RELEVANT b'512292'
ACTION DOC 10000 3026 EXAMINING_DOCUMENT b'512292'
ACTION SNIPPET 10000 3029 SNIPPET_RELEVANT b'363513'
ACTION DOC 10000 3049 EXAMINING_DOCUMENT b'363513'
ACTION QUERY 10000 3059 heroic acts global
ACTION SERP 10000 3064 EXAMINE_SERP
ACTION SNIPPET 10000 3067 SEEN_PREVIOUSLY b'1366401'
ACTION SNIPPET 10000 3070 SEEN_PREVIOUSLY b'1089381'
ACTION SNIPPET 10000 3073 SEEN_PREVIOUSLY b'99968'
ACTION SNIPPET 10000 3076 SEEN_PREVIOUSLY b'996765'
ACTION SNIPPET 10000 3079 SNIPPET_NOT_RELEVANT b'435677'
ACTION SNIPPET 10000 3082 SNIPPET_NOT_RELEVANT b'1802128'
ACTION SNIPPET 10000 3085 SNIPPET_NOT_RELEVANT b'1801496'
ACTION SNIPPET 10000 3088 SEEN_PREVIOUSLY b'1596059'
ACTION SNIPPET 10000 3091 SEEN_PREVIOUSLY b'190817'
ACTION SNIPPET 10000 3094 SNIPPET_NOT_RELEVANT b'1126092'
ACTION SNIPPET 10000 3097 SNIPPET_NOT_RELEVANT b'1619728'
ACTION SNIPPET 10000 3100 SEEN_PREVIOUSLY b'690533'
ACTION SNIPPET 10000 3103 SNIPPET_NOT_RELEVANT b'1816541'
ACTION SNIPPET 10000 3106 SNIPPET_NOT_RELEVANT b'1182689'
ACTION SNIPPET 10000 3109 SNIPPET_NOT_RELEVANT b'924839'
ACTION QUERY 10000 3119 heroic acts receives
ACTION SERP 10000 3124 EXAMINE_SERP
ACTION SNIPPET 10000 3127 SEEN_PREVIOUSLY b'1596059'
ACTION SNIPPET 10000 3130 SEEN_PREVIOUSLY b'99968'
ACTION SNIPPET 10000 3133 SEEN_PREVIOUSLY b'996765'
ACTION SNIPPET 10000 3136 SEEN_PREVIOUSLY b'1465426'
ACTION SNIPPET 10000 3139 SNIPPET_RELEVANT b'686478'
ACTION DOC 10000 3159 EXAMINING_DOCUMENT b'686478'
ACTION SNIPPET 10000 3162 SNIPPET_NOT_RELEVANT b'328723'
ACTION SNIPPET 10000 3165 SEEN_PREVIOUSLY b'190817'
ACTION SNIPPET 10000 3168 SEEN_PREVIOUSLY b'690533'
ACTION SNIPPET 10000 3171 SNIPPET_NOT_RELEVANT b'989275'
ACTION QUERY 10000 3181 heroic acts mandelas
ACTION SERP 10000 3186 EXAMINE_SERP
ACTION SNIPPET 10000 3189 SNIPPET_NOT_RELEVANT b'329932'
ACTION SNIPPET 10000 3192 SNIPPET_RELEVANT b'328723'
ACTION DOC 10000 3212 EXAMINING_DOCUMENT b'328723'
ACTION SNIPPET 10000 3215 SNIPPET_NOT_RELEVANT b'1808863'
ACTION SNIPPET 10000 3218 SNIPPET_RELEVANT b'457117'
ACTION DOC 10000 3238 EXAMINING_DOCUMENT b'457117'
ACTION QUERY 10000 3248 heroic acts now
ACTION SERP 10000 3253 EXAMINE_SERP
ACTION SNIPPET 10000 3256 SEEN_PREVIOUSLY b'99968'
ACTION SNIPPET 10000 3259 SEEN_PREVIOUSLY b'996765'
ACTION SNIPPET 10000 3262 SEEN_PREVIOUSLY b'895603'
ACTION SNIPPET 10000 3265 SEEN_PREVIOUSLY b'1366401'
ACTION SNIPPET 10000 3268 SEEN_PREVIOUSLY b'1596059'
ACTION SNIPPET 10000 3271 SEEN_PREVIOUSLY b'190817'
ACTION SNIPPET 10000 3274 SEEN_PREVIOUSLY b'690533'
ACTION SNIPPET 10000 3277 SNIPPET_NOT_RELEVANT b'1645898'
ACTION SNIPPET 10000 3280 SEEN_PREVIOUSLY b'1579584'
ACTION SNIPPET 10000 3283 SEEN_PREVIOUSLY b'372589'
ACTION SNIPPET 10000 3286 SEEN_PREVIOUSLY b'907417'
ACTION SNIPPET 10000 3289 SEEN_PREVIOUSLY b'1721512'
ACTION SNIPPET 10000 3292 SEEN_PREVIOUSLY b'693200'
ACTION SNIPPET 10000 3295 SEEN_PREVIOUSLY b'1063690'
ACTION SNIPPET 10000 3298 SNIPPET_RELEVANT b'1031456'
ACTION DOC 10000 3318 EXAMINING_DOCUMENT b'1031456'
ACTION QUERY 10000 3328 heroic acts tristan
ACTION SERP 10000 3333 EXAMINE_SERP
ACTION SNIPPET 10000 3336 SNIPPET_NOT_RELEVANT b'100012'
ACTION SNIPPET 10000 3339 SNIPPET_NOT_RELEVANT b'1154979'
ACTION SNIPPET 10000 3342 SNIPPET_NOT_RELEVANT b'908159'
ACTION SNIPPET 10000 3345 SNIPPET_NOT_RELEVANT b'1645898'
ACTION SNIPPET 10000 3348 SEEN_PREVIOUSLY b'237023'
ACTION SNIPPET 10000 3351 SNIPPET_NOT_RELEVANT b'503232'
ACTION SNIPPET 10000 3354 SNIPPET_NOT_RELEVANT b'1190364'
ACTION SNIPPET 10000 3357 SNIPPET_NOT_RELEVANT b'284988'
ACTION SNIPPET 10000 3360 SNIPPET_RELEVANT b'123849'
ACTION DOC 10000 3380 EXAMINING_DOCUMENT b'123849'
ACTION QUERY 10000 3390 heroic acts wounded
ACTION SERP 10000 3395 EXAMINE_SERP
ACTION SNIPPET 10000 3398 SNIPPET_RELEVANT b'1055776'
ACTION DOC 10000 3418 EXAMINING_DOCUMENT b'1055776'
ACTION SNIPPET 10000 3421 SEEN_PREVIOUSLY b'740213'
ACTION SNIPPET 10000 3424 SNIPPET_NOT_RELEVANT b'342267'
ACTION SNIPPET 10000 3427 SEEN_PREVIOUSLY b'247572'
ACTION SNIPPET 10000 3430 SNIPPET_NOT_RELEVANT b'1747613'
ACTION SNIPPET 10000 3433 SEEN_PREVIOUSLY b'737070'
ACTION SNIPPET 10000 3436 SNIPPET_NOT_RELEVANT b'609694'
ACTION SNIPPET 10000 3439 SNIPPET_RELEVANT b'331951'
ACTION DOC 10000 3459 EXAMINING_DOCUMENT b'331951'
ACTION QUERY 10000 3469 heroic acts infant
ACTION SERP 10000 3474 EXAMINE_SERP
ACTION SNIPPET 10000 3477 SNIPPET_NOT_RELEVANT b'1641904'
ACTION SNIPPET 10000 3480 SNIPPET_NOT_RELEVANT b'1119566'
ACTION SNIPPET 10000 3483 SNIPPET_NOT_RELEVANT b'202001'
ACTION SNIPPET 10000 3486 SNIPPET_RELEVANT b'1253804'
ACTION DOC 10000 3506 EXAMINING_DOCUMENT b'1253804'
ACTION SNIPPET 10000 3509 SNIPPET_NOT_RELEVANT b'632793'
ACTION SNIPPET 10000 3512 SNIPPET_NOT_RELEVANT b'375601'
ACTION SNIPPET 10000 3515 SNIPPET_NOT_RELEVANT b'1666953'
ACTION SNIPPET 10000 3518 SEEN_PREVIOUSLY b'99968'
ACTION SNIPPET 10000 3521 SEEN_PREVIOUSLY b'996765'
ACTION QUERY 10000 3531 heroic acts system
ACTION SERP 10000 3536 EXAMINE_SERP
ACTION SNIPPET 10000 3539 SNIPPET_NOT_RELEVANT b'1302153'
ACTION SNIPPET 10000 3542 SEEN_PREVIOUSLY b'99968'
ACTION SNIPPET 10000 3545 SNIPPET_NOT_RELEVANT b'329932'
ACTION SNIPPET 10000 3548 SEEN_PREVIOUSLY b'996765'
ACTION SNIPPET 10000 3551 SNIPPET_NOT_RELEVANT b'67089'
ACTION SNIPPET 10000 3554 SEEN_PREVIOUSLY b'328723'
ACTION SNIPPET 10000 3557 SEEN_PREVIOUSLY b'1596059'
ACTION SNIPPET 10000 3560 SEEN_PREVIOUSLY b'190817'
ACTION SNIPPET 10000 3563 SEEN_PREVIOUSLY b'690533'
ACTION SNIPPET 10000 3566 SEEN_PREVIOUSLY b'306474'
ACTION SNIPPET 10000 3569 SNIPPET_NOT_RELEVANT b'58123'
ACTION SNIPPET 10000 3572 SEEN_PREVIOUSLY b'895603'
ACTION SNIPPET 10000 3575 SEEN_PREVIOUSLY b'1579584'
ACTION SNIPPET 10000 3578 SEEN_PREVIOUSLY b'372589'
ACTION SNIPPET 10000 3581 SNIPPET_NOT_RELEVANT b'1417459'
ACTION QUERY 10000 3591 heroic acts feels
ACTION SERP 10000 3596 EXAMINE_SERP
ACTION SNIPPET 10000 3599 SEEN_PREVIOUSLY b'190817'
ACTION SNIPPET 10000 3602 SNIPPET_NOT_RELEVANT b'1302153'
ACTION SNIPPET 10000 3605 SNIPPET_NOT_RELEVANT b'422768'
ACTION SNIPPET 10000 3608 SEEN_PREVIOUSLY b'99968'
ACTION SNIPPET 10000 3611 SEEN_PREVIOUSLY b'996765'
ACTION SNIPPET 10000 3614 SEEN_PREVIOUSLY b'414693'
ACTION SNIPPET 10000 3617 SNIPPET_NOT_RELEVANT b'433438'
ACTION SNIPPET 10000 3620 SEEN_PREVIOUSLY b'1596059'
ACTION SNIPPET 10000 3623 SNIPPET_NOT_RELEVANT b'556247'
ACTION SNIPPET 10000 3626 SNIPPET_NOT_RELEVANT b'1121785'
ACTION SNIPPET 10000 3629 SNIPPET_NOT_RELEVANT b'501587'
ACTION SNIPPET 10000 3632 SEEN_PREVIOUSLY b'1089381'
ACTION SNIPPET 10000 3635 SEEN_PREVIOUSLY b'690533'
ACTION SNIPPET 10000 3638 SEEN_PREVIOUSLY b'395223'
ACTION SNIPPET 10000 3641 SNIPPET_NOT_RELEVANT b'708349'
ACTION QUERY 10000 3651 heroic acts sense
ACTION SERP 10000 3656 EXAMINE_SERP
ACTION SNIPPET 10000 3659 SEEN_PREVIOUSLY b'190817'
ACTION SNIPPET 10000 3662 SEEN_PREVIOUSLY b'1403341'
ACTION SNIPPET 10000 3665 SNIPPET_RELEVANT b'1587751'
ACTION DOC 10000 3685 EXAMINING_DOCUMENT b'1587751'
ACTION SNIPPET 10000 3688 SNIPPET_NOT_RELEVANT b'1591294'
ACTION SNIPPET 10000 3691 SEEN_PREVIOUSLY b'99968'
ACTION SNIPPET 10000 3694 SEEN_PREVIOUSLY b'996765'
ACTION SNIPPET 10000 3697 SNIPPET_RELEVANT b'647761'
ACTION DOC 10000 3717 EXAMINING_DOCUMENT b'647761'
ACTION QUERY 10000 3727 heroic acts isoldes
ACTION SERP 10000 3732 EXAMINE_SERP
ACTION SNIPPET 10000 3735 SNIPPET_NOT_RELEVANT b'100012'
ACTION SNIPPET 10000 3738 SNIPPET_RELEVANT b'1154979'
ACTION DOC 10000 3758 EXAMINING_DOCUMENT b'1154979'
ACTION SNIPPET 10000 3761 SNIPPET_NOT_RELEVANT b'284988'
ACTION SNIPPET 10000 3764 SNIPPET_NOT_RELEVANT b'908159'
ACTION SNIPPET 10000 3767 SNIPPET_RELEVANT b'826861'
ACTION DOC 10000 3787 EXAMINING_DOCUMENT b'826861'
ACTION QUERY 10000 3797 heroic acts low
ACTION SERP 10000 3802 EXAMINE_SERP
ACTION SNIPPET 10000 3805 SNIPPET_RELEVANT b'669371'
ACTION DOC 10000 3825 EXAMINING_DOCUMENT b'669371'
ACTION SNIPPET 10000 3828 SEEN_PREVIOUSLY b'99968'
ACTION SNIPPET 10000 3831 SEEN_PREVIOUSLY b'996765'
ACTION SNIPPET 10000 3834 SEEN_PREVIOUSLY b'1089381'
ACTION SNIPPET 10000 3837 SEEN_PREVIOUSLY b'1596059'
ACTION SNIPPET 10000 3840 SNIPPET_NOT_RELEVANT b'1829703'
ACTION SNIPPET 10000 3843 SEEN_PREVIOUSLY b'190817'
ACTION SNIPPET 10000 3846 SEEN_PREVIOUSLY b'512292'
ACTION SNIPPET 10000 3849 SNIPPET_NOT_RELEVANT b'1002477'
ACTION QUERY 10000 3859 heroic acts respond
ACTION SERP 10000 3864 EXAMINE_SERP
ACTION SNIPPET 10000 3867 SNIPPET_NOT_RELEVANT b'422768'
ACTION SNIPPET 10000 3870 SEEN_PREVIOUSLY b'1345632'
ACTION SNIPPET 10000 3873 SNIPPET_NOT_RELEVANT b'1829703'
ACTION SNIPPET 10000 3876 SNIPPET_NOT_RELEVANT b'1121785'
ACTION SNIPPET 10000 3879 SEEN_PREVIOUSLY b'99968'
ACTION SNIPPET 10000 3882 SEEN_PREVIOUSLY b'996765'
ACTION SNIPPET 10000 3885 SEEN_PREVIOUSLY b'1596059'
ACTION SNIPPET 10000 3888 SEEN_PREVIOUSLY b'190817'
ACTION SNIPPET 10000 3891 SNIPPET_NOT_RELEVANT b'770581'
ACTION SNIPPET 10000 3894 SNIPPET_NOT_RELEVANT b'25409'
ACTION SNIPPET 10000 3897 SNIPPET_NOT_RELEVANT b'45028'
ACTION SNIPPET 10000 3900 SEEN_PREVIOUSLY b'690533'
ACTION SNIPPET 10000 3903 SNIPPET_NOT_RELEVANT b'1355197'
ACTION SNIPPET 10000 3906 SNIPPET_NOT_RELEVANT b'534923'
ACTION SNIPPET 10000 3909 SNIPPET_RELEVANT b'1377746'
ACTION DOC 10000 3929 EXAMINING_DOCUMENT b'1377746'
ACTION QUERY 10000 3939 heroic acts 2002
ACTION SERP 10000 3944 EXAMINE_SERP
ACTION SNIPPET 10000 3947 SEEN_PREVIOUSLY b'1403341'
ACTION SNIPPET 10000 3950 SNIPPET_NOT_RELEVANT b'1759788'
ACTION SNIPPET 10000 3953 SNIPPET_NOT_RELEVANT b'1365309'
ACTION SNIPPET 10000 3956 SNIPPET_RELEVANT b'1384933'
ACTION DOC 10000 3976 EXAMINING_DOCUMENT b'1384933'
ACTION SNIPPET 10000 3979 SNIPPET_RELEVANT b'1384930'
ACTION DOC 10000 3999 EXAMINING_DOCUMENT b'1384930'
ACTION QUERY 10000 4009 heroic acts pray
ACTION SERP 10000 4014 EXAMINE_SERP
ACTION SNIPPET 10000 4017 SNIPPET_NOT_RELEVANT b'1332930'
ACTION SNIPPET 10000 4020 SNIPPET_NOT_RELEVANT b'983942'
ACTION SNIPPET 10000 4023 SNIPPET_RELEVANT b'791178'
ACTION DOC 10000 4043 EXAMINING_DOCUMENT b'791178'
ACTION SNIPPET 10000 4046 SEEN_PREVIOUSLY b'99968'
ACTION SNIPPET 10000 4049 SEEN_PREVIOUSLY b'996765'
ACTION SNIPPET 10000 4052 SNIPPET_NOT_RELEVANT b'1725868'
ACTION SNIPPET 10000 4055 SNIPPET_RELEVANT b'205780'
ACTION DOC 10000 4075 EXAMINING_DOCUMENT b'205780'
ACTION QUERY 10000 4085 heroic acts manager
ACTION SERP 10000 4090 EXAMINE_SERP
ACTION SNIPPET 10000 4093 SEEN_PREVIOUSLY b'99968'
ACTION SNIPPET 10000 4096 SEEN_PREVIOUSLY b'8479'
ACTION SNIPPET 10000 4099 SEEN_PREVIOUSLY b'8479'
ACTION SNIPPET 10000 4102 SNIPPET_RELEVANT b'1515689'
ACTION DOC 10000 4122 EXAMINING_DOCUMENT b'1515689'
ACTION MARK 10000 4125 CONSIDERED_RELEVANT b'1515689'
ACTION SNIPPET 10000 4128 SEEN_PREVIOUSLY b'996765'
ACTION SNIPPET 10000 4131 SNIPPET_RELEVANT b'329932'
ACTION DOC 10000 4151 EXAMINING_DOCUMENT b'329932'
ACTION SNIPPET 10000 4154 SEEN_PREVIOUSLY b'1596059'
ACTION SNIPPET 10000 4157 SEEN_PREVIOUSLY b'190817'
ACTION SNIPPET 10000 4160 SEEN_PREVIOUSLY b'328723'
ACTION SNIPPET 10000 4163 SEEN_PREVIOUSLY b'39670'
ACTION SNIPPET 10000 4166 SEEN_PREVIOUSLY b'690533'
ACTION SNIPPET 10000 4169 SNIPPET_NOT_RELEVANT b'67089'
ACTION SNIPPET 10000 4172 SEEN_PREVIOUSLY b'109768'
ACTION SNIPPET 10000 4175 SEEN_PREVIOUSLY b'895603'
ACTION QUERY 10000 4185 heroic acts playoffs
ACTION SERP 10000 4190 EXAMINE_SERP
ACTION SNIPPET 10000 4193 SNIPPET_NOT_RELEVANT b'144989'
ACTION SNIPPET 10000 4196 SNIPPET_NOT_RELEVANT b'576760'
ACTION SNIPPET 10000 4199 SNIPPET_NOT_RELEVANT b'797239'
ACTION SNIPPET 10000 4202 SNIPPET_NOT_RELEVANT b'796979'
ACTION SNIPPET 10000 4205 SNIPPET_RELEVANT b'25220'
ACTION DOC 10000 4225 EXAMINING_DOCUMENT b'25220'
ACTION SNIPPET 10000 4228 SNIPPET_RELEVANT b'1819749'
ACTION DOC 10000 4248 EXAMINING_DOCUMENT b'1819749'
ACTION QUERY 10000 4258 heroic acts want
ACTION SERP 10000 4263 EXAMINE_SERP
ACTION SNIPPET 10000 4266 SEEN_PREVIOUSLY b'99968'
ACTION SNIPPET 10000 4269 SEEN_PREVIOUSLY b'996765'
ACTION SNIPPET 10000 4272 SEEN_PREVIOUSLY b'1296447'
ACTION SNIPPET 10000 4275 SEEN_PREVIOUSLY b'1596059'
ACTION SNIPPET 10000 4278 SEEN_PREVIOUSLY b'190817'
ACTION SNIPPET 10000 4281 SEEN_PREVIOUSLY b'690533'
ACTION SNIPPET 10000 4284 SEEN_PREVIOUSLY b'414693'
ACTION SNIPPET 10000 4287 SEEN_PREVIOUSLY b'1338700'
ACTION SNIPPET 10000 4290 SNIPPET_RELEVANT b'422768'
ACTION DOC 10000 4310 EXAMINING_DOCUMENT b'422768'
ACTION QUERY 10000 4320 heroic acts adirondacks
ACTION SERP 10000 4325 EXAMINE_SERP
ACTION SNIPPET 10000 4328 SNIPPET_NOT_RELEVANT b'543542'
ACTION SNIPPET 10000 4331 SNIPPET_NOT_RELEVANT b'198817'
ACTION SNIPPET 10000 4334 SNIPPET_RELEVANT b'58053'
ACTION DOC 10000 4354 EXAMINING_DOCUMENT b'58053'
ACTION SNIPPET 10000 4357 SNIPPET_RELEVANT b'466980'
ACTION DOC 10000 4377 EXAMINING_DOCUMENT b'466980'
ACTION QUERY 10000 4387 heroic acts breastfeed
ACTION SERP 10000 4392 EXAMINE_SERP
ACTION SNIPPET 10000 4395 SNIPPET_NOT_RELEVANT b'682279'
ACTION SNIPPET 10000 4398 SNIPPET_RELEVANT b'692827'
ACTION DOC 10000 4418 EXAMINING_DOCUMENT b'692827'
ACTION SNIPPET 10000 4421 SNIPPET_RELEVANT b'678812'
ACTION DOC 10000 4441 EXAMINING_DOCUMENT b'678812'
ACTION QUERY 10000 4451 heroic acts milk
ACTION SERP 10000 4456 EXAMINE_SERP
ACTION SNIPPET 10000 4459 SEEN_PREVIOUSLY b'742793'
ACTION SNIPPET 10000 4462 SNIPPET_RELEVANT b'1648749'
ACTION DOC 10000 4482 EXAMINING_DOCUMENT b'1648749'
ACTION SNIPPET 10000 4485 SEEN_PREVIOUSLY b'1306195'
ACTION SNIPPET 10000 4488 SNIPPET_RELEVANT b'631528'
ACTION DOC 10000 4508 EXAMINING_DOCUMENT b'631528'
ACTION QUERY 10000 4518 heroic acts reckoning
ACTION SERP 10000 4523 EXAMINE_SERP
ACTION SNIPPET 10000 4526 SEEN_PREVIOUSLY b'1648749'
ACTION SNIPPET 10000 4529 SNIPPET_RELEVANT b'1697655'
ACTION DOC 10000 4549 EXAMINING_DOCUMENT b'1697655'
ACTION SNIPPET 10000 4552 SNIPPET_RELEVANT b'1251125'
ACTION DOC 10000 4572 EXAMINING_DOCUMENT b'1251125'
ACTION QUERY 10000 4582 heroic acts reexamined
ACTION SERP 10000 4587 EXAMINE_SERP
ACTION SNIPPET 10000 4590 SEEN_PREVIOUSLY b'1697655'
ACTION SNIPPET 10000 4593 SNIPPET_NOT_RELEVANT b'661220'
ACTION SNIPPET 10000 4596 SNIPPET_NOT_RELEVANT b'816419'
ACTION SNIPPET 10000 4599 SNIPPET_RELEVANT b'35771'
ACTION DOC 10000 4619 EXAMINING_DOCUMENT b'35771'
ACTION SNIPPET 10000 4622 SNIPPET_RELEVANT b'1212025'
ACTION DOC 10000 4642 EXAMINING_DOCUMENT b'1212025'
ACTION QUERY 10000 4652 heroic acts weak
ACTION SERP 10000 4657 EXAMINE_SERP
ACTION SNIPPET 10000 4660 SEEN_PREVIOUSLY b'1534698'
ACTION SNIPPET 10000 4663 SEEN_PREVIOUSLY b'1377746'
ACTION SNIPPET 10000 4666 SNIPPET_NOT_RELEVANT b'1531096'
ACTION SNIPPET 10000 4669 SEEN_PREVIOUSLY b'99968'
ACTION SNIPPET 10000 4672 SEEN_PREVIOUSLY b'996765'
ACTION SNIPPET 10000 4675 SEEN_PREVIOUSLY b'1182299'
ACTION SNIPPET 10000 4678 SNIPPET_RELEVANT b'748087'
ACTION DOC 10000 4698 EXAMINING_DOCUMENT b'748087'
ACTION MARK 10000 4701 CONSIDERED_RELEVANT b'748087'
ACTION SNIPPET 10000 4704 SNIPPET_RELEVANT b'1343835'
ACTION DOC 10000 4724 EXAMINING_DOCUMENT b'1343835'
ACTION SNIPPET 10000 4727 SNIPPET_NOT_RELEVANT b'922870'
ACTION SNIPPET 10000 4730 SNIPPET_NOT_RELEVANT b'21477'
ACTION SNIPPET 10000 4733 SNIPPET_NOT_RELEVANT b'1113923'
ACTION SNIPPET 10000 4736 SEEN_PREVIOUSLY b'1596059'
ACTION SNIPPET 10000 4739 SEEN_PREVIOUSLY b'190817'
ACTION SNIPPET 10000 4742 SNIPPET_NOT_RELEVANT b'770781'
ACTION SNIPPET 10000 4745 SNIPPET_RELEVANT b'346352'
ACTION DOC 10000 4765 EXAMINING_DOCUMENT b'346352'
ACTION QUERY 10000 4775 heroic acts den
ACTION SERP 10000 4780 EXAMINE_SERP
ACTION SNIPPET 10000 4783 SNIPPET_RELEVANT b'1053736'
ACTION DOC 10000 4803 EXAMINING_DOCUMENT b'1053736'
ACTION SNIPPET 10000 4806 SEEN_PREVIOUSLY b'1537035'
ACTION SNIPPET 10000 4809 SNIPPET_NOT_RELEVANT b'630976'
ACTION SNIPPET 10000 4812 SNIPPET_RELEVANT b'489860'
ACTION DOC 10000 4832 EXAMINING_DOCUMENT b'489860'
ACTION QUERY 10000 4842 heroic acts carrying
ACTION SERP 10000 4847 EXAMINE_SERP
ACTION SNIPPET 10000 4850 SNIPPET_NOT_RELEVANT b'475341'
ACTION SNIPPET 10000 4853 SNIPPET_RELEVANT b'144768'
ACTION DOC 10000 4873 EXAMINING_DOCUMENT b'144768'
ACTION SNIPPET 10000 4876 SEEN_PREVIOUSLY b'99968'
ACTION SNIPPET 10000 4879 SEEN_PREVIOUSLY b'996765'
ACTION SNIPPET 10000 4882 SNIPPET_RELEVANT b'1121785'
ACTION DOC 10000 4902 EXAMINING_DOCUMENT b'1121785'
ACTION QUERY 10000 4912 heroic acts rendell
ACTION SERP 10000 4917 EXAMINE_SERP
ACTION SNIPPET 10000 4920 SNIPPET_NOT_RELEVANT b'1255200'
ACTION SNIPPET 10000 4923 SNIPPET_RELEVANT b'1847935'
ACTION DOC 10000 4943 EXAMINING_DOCUMENT b'1847935'
ACTION SNIPPET 10000 4946 SNIPPET_NOT_RELEVANT b'1412033'
ACTION SNIPPET 10000 4949 SNIPPET_RELEVANT b'1816125'
ACTION DOC 10000 4969 EXAMINING_DOCUMENT b'1816125'
ACTION QUERY 10000 4979 heroic acts kathryn
ACTION SERP 10000 4984 EXAMINE_SERP
ACTION SNIPPET 10000 4987 SNIPPET_NOT_RELEVANT b'1703981'
ACTION SNIPPET 10000 4990 SNIPPET_NOT_RELEVANT b'1085528'
ACTION SNIPPET 10000 4993 SNIPPET_NOT_RELEVANT b'1518001'
ACTION SNIPPET 10000 4996 SNIPPET_NOT_RELEVANT b'207329'
ACTION SNIPPET 10000 4999 SNIPPET_NOT_RELEVANT b'1794634'
ACTION SNIPPET 10000 5002 SNIPPET_RELEVANT b'1433559'
ACTION DOC 10000 5022 EXAMINING_DOCUMENT b'1433559'
ACTION MARK 10000 5025 CONSIDERED_RELEVANT b'1433559'
ACTION SNIPPET 10000 5028 SNIPPET_NOT_RELEVANT b'8816'
ACTION SNIPPET 10000 5031 SNIPPET_RELEVANT b'8816'
ACTION DOC 10000 5051 EXAMINING_DOCUMENT b'8816'
ACTION SNIPPET 10000 5054 SNIPPET_NOT_RELEVANT b'364962'
ACTION SNIPPET 10000 5057 SNIPPET_NOT_RELEVANT b'1166322'
ACTION SNIPPET 10000 5060 SNIPPET_RELEVANT b'854709'
ACTION DOC 10000 5080 EXAMINING_DOCUMENT b'854709'
ACTION QUERY 10000 5090 heroic acts lions
ACTION SERP 10000 5095 EXAMINE_SERP
ACTION SNIPPET 10000 5098 SEEN_PREVIOUSLY b'690533'
ACTION SNIPPET 10000 5101 SNIPPET_RELEVANT b'1410567'
ACTION DOC 10000 5121 EXAMINING_DOCUMENT b'1410567'
ACTION SNIPPET 10000 5124 SNIPPET_RELEVANT b'875934'
ACTION DOC 10000 5144 EXAMINING_DOCUMENT b'875934'
ACTION QUERY 10000 5154 heroic acts stunts
ACTION SERP 10000 5159 EXAMINE_SERP
ACTION SNIPPET 10000 5162 SNIPPET_NOT_RELEVANT b'447708'
ACTION SNIPPET 10000 5165 SNIPPET_RELEVANT b'572838'
ACTION DOC 10000 5185 EXAMINING_DOCUMENT b'572838'
ACTION SNIPPET 10000 5188 SNIPPET_NOT_RELEVANT b'740527'
ACTION SNIPPET 10000 5191 SNIPPET_RELEVANT b'1553072'
ACTION DOC 10000 5211 EXAMINING_DOCUMENT b'1553072'
ACTION QUERY 10000 5221 heroic acts riding
ACTION SERP 10000 5226 EXAMINE_SERP
ACTION SNIPPET 10000 5229 SEEN_PREVIOUSLY b'253848'
ACTION SNIPPET 10000 5232 SEEN_PREVIOUSLY b'1437182'
ACTION SNIPPET 10000 5235 SNIPPET_NOT_RELEVANT b'1308751'
ACTION SNIPPET 10000 5238 SEEN_PREVIOUSLY b'99968'
ACTION SNIPPET 10000 5241 SEEN_PREVIOUSLY b'996765'
ACTION SNIPPET 10000 5244 SEEN_PREVIOUSLY b'336556'
ACTION SNIPPET 10000 5247 SNIPPET_NOT_RELEVANT b'296974'
ACTION SNIPPET 10000 5250 SEEN_PREVIOUSLY b'1596059'
ACTION SNIPPET 10000 5253 SEEN_PREVIOUSLY b'190817'
ACTION SNIPPET 10000 5256 SNIPPET_NOT_RELEVANT b'1196130'
ACTION SNIPPET 10000 5259 SEEN_PREVIOUSLY b'690533'
ACTION SNIPPET 10000 5262 SNIPPET_NOT_RELEVANT b'531850'
ACTION SNIPPET 10000 5265 SNIPPET_NOT_RELEVANT b'710422'
ACTION SNIPPET 10000 5268 SNIPPET_NOT_RELEVANT b'1058335'
ACTION SNIPPET 10000 5271 SEEN_PREVIOUSLY b'895603'
ACTION QUERY 10000 5281 heroic acts dispute
ACTION SERP 10000 5286 EXAMINE_SERP
ACTION SNIPPET 10000 5289 SEEN_PREVIOUSLY b'8479'
ACTION SNIPPET 10000 5292 SEEN_PREVIOUSLY b'8479'
ACTION SNIPPET 10000 5295 SEEN_PREVIOUSLY b'99968'
ACTION SNIPPET 10000 5298 SNIPPET_NOT_RELEVANT b'1308751'
ACTION SNIPPET 10000 5301 SEEN_PREVIOUSLY b'996765'
ACTION SNIPPET 10000 5304 SNIPPET_NOT_RELEVANT b'260202'
ACTION SNIPPET 10000 5307 SNIPPET_NOT_RELEVANT b'1348642'
ACTION SNIPPET 10000 5310 SNIPPET_RELEVANT b'658908'
ACTION DOC 10000 5330 EXAMINING_DOCUMENT b'658908'
ACTION SNIPPET 10000 5333 SEEN_PREVIOUSLY b'1596059'
ACTION QUERY 10000 5343 heroic acts recipient
ACTION SERP 10000 5348 EXAMINE_SERP
ACTION SNIPPET 10000 5351 SNIPPET_RELEVANT b'1802128'
ACTION DOC 10000 5371 EXAMINING_DOCUMENT b'1802128'
ACTION SNIPPET 10000 5374 SNIPPET_NOT_RELEVANT b'1801496'
ACTION SNIPPET 10000 5377 SNIPPET_NOT_RELEVANT b'931728'
ACTION SNIPPET 10000 5380 SNIPPET_NOT_RELEVANT b'783966'
ACTION SNIPPET 10000 5383 SNIPPET_NOT_RELEVANT b'733576'
ACTION SNIPPET 10000 5386 SNIPPET_RELEVANT b'1340903'
ACTION DOC 10000 5406 EXAMINING_DOCUMENT b'1340903'
ACTION QUERY 10000 5416 heroic acts cardinal
ACTION SERP 10000 5421 EXAMINE_SERP
ACTION SNIPPET 10000 5424 SNIPPET_RELEVANT b'467176'
ACTION DOC 10000 5444 EXAMINING_DOCUMENT b'467176'
ACTION SNIPPET 10000 5447 SNIPPET_RELEVANT b'152196'
ACTION DOC 10000 5467 EXAMINING_DOCUMENT b'152196'
ACTION QUERY 10000 5477 heroic acts combat
ACTION SERP 10000 5482 EXAMINE_SERP
ACTION SNIPPET 10000 5485 SNIPPET_RELEVANT b'361678'
ACTION DOC 10000 5505 EXAMINING_DOCUMENT b'361678'
ACTION SNIPPET 10000 5508 SNIPPET_NOT_RELEVANT b'1499596'
ACTION SNIPPET 10000 5511 SNIPPET_NOT_RELEVANT b'131903'
ACTION SNIPPET 10000 5514 SNIPPET_NOT_RELEVANT b'494864'
ACTION SNIPPET 10000 5517 SNIPPET_RELEVANT b'625671'
ACTION DOC 10000 5537 EXAMINING_DOCUMENT b'625671'
ACTION QUERY 10000 5547 heroic acts roth
ACTION SERP 10000 5552 EXAMINE_SERP
ACTION SNIPPET 10000 5555 SNIPPET_NOT_RELEVANT b'1619728'
ACTION SNIPPET 10000 5558 SNIPPET_RELEVANT b'332061'
ACTION DOC 10000 5578 EXAMINING_DOCUMENT b'332061'
ACTION SNIPPET 10000 5581 SNIPPET_RELEVANT b'592842'
ACTION DOC 10000 5601 EXAMINING_DOCUMENT b'592842'
ACTION QUERY 10000 5611 heroic acts glimpse
ACTION SERP 10000 5616 EXAMINE_SERP
ACTION SNIPPET 10000 5619 SEEN_PREVIOUSLY b'1515689'
ACTION SNIPPET 10000 5622 SNIPPET_RELEVANT b'1850378'
ACTION DOC 10000 5642 EXAMINING_DOCUMENT b'1850378'
ACTION SNIPPET 10000 5645 SNIPPET_RELEVANT b'325637'
ACTION DOC 10000 5665 EXAMINING_DOCUMENT b'325637'
ACTION QUERY 10000 5675 heroic acts inspiration
ACTION SERP 10000 5680 EXAMINE_SERP
ACTION SNIPPET 10000 5683 SEEN_PREVIOUSLY b'1515689'
ACTION SNIPPET 10000 5686 SEEN_PREVIOUSLY b'39670'
ACTION SNIPPET 10000 5689 SNIPPET_RELEVANT b'501587'
ACTION DOC 10000 5709 EXAMINING_DOCUMENT b'501587'
ACTION SNIPPET 10000 5712 SNIPPET_NOT_RELEVANT b'1615920'
ACTION SNIPPET 10000 5715 SEEN_PREVIOUSLY b'1121785'
ACTION SNIPPET 10000 5718 SNIPPET_NOT_RELEVANT b'1679844'
ACTION SNIPPET 10000 5721 SNIPPET_RELEVANT b'1194845'
ACTION DOC 10000 5741 EXAMINING_DOCUMENT b'1194845'
ACTION QUERY 10000 5751 heroic acts holland
ACTION SERP 10000 5756 EXAMINE_SERP
ACTION SNIPPET 10000 5759 SNIPPET_NOT_RELEVANT b'1227543'
ACTION SNIPPET 10000 5762 SNIPPET_RELEVANT b'1615920'
ACTION DOC 10000 5782 EXAMINING_DOCUMENT b'1615920'
ACTION SNIPPET 10000 5785 SNIPPET_NOT_RELEVANT b'49699'
ACTION SNIPPET 10000 5788 SNIPPET_NOT_RELEVANT b'499646'
ACTION SNIPPET 10000 5791 SNIPPET_NOT_RELEVANT b'1473460'
ACTION SNIPPET 10000 5794 SNIPPET_RELEVANT b'677802'
ACTION DOC 10000 5814 EXAMINING_DOCUMENT b'677802'
ACTION QUERY 10000 5824 heroic acts piano
ACTION SERP 10000 5829 EXAMINE_SERP
ACTION SNIPPET 10000 5832 SNIPPET_NOT_RELEVANT b'350753'
ACTION SNIPPET 10000 5835 SNIPPET_NOT_RELEVANT b'626887'
ACTION SNIPPET 10000 5838 SNIPPET_NOT_RELEVANT b'262445'
ACTION SNIPPET 10000 5841 SNIPPET_NOT_RELEVANT b'1621512'
ACTION SNIPPET 10000 5844 SNIPPET_NOT_RELEVANT b'211854'
ACTION SNIPPET 10000 5847 SNIPPET_NOT_RELEVANT b'49699'
ACTION SNIPPET 10000 5850 SNIPPET_RELEVANT b'533139'
ACTION DOC 10000 5870 EXAMINING_DOCUMENT b'533139'
ACTION SNIPPET 10000 5873 SNIPPET_NOT_RELEVANT b'1718913'
ACTION SNIPPET 10000 5876 SNIPPET_NOT_RELEVANT b'683970'
ACTION QUERY 10000 5886 heroic acts balletomane
ACTION SERP 10000 5891 EXAMINE_SERP
ACTION SNIPPET 10000 5894 SNIPPET_NOT_RELEVANT b'350753'
ACTION SNIPPET 10000 5897 SNIPPET_NOT_RELEVANT b'1761111'
ACTION SNIPPET 10000 5900 SNIPPET_RELEVANT b'372749'
ACTION DOC 10000 5920 EXAMINING_DOCUMENT b'372749'
ACTION SNIPPET 10000 5923 SNIPPET_NOT_RELEVANT b'450898'
ACTION SNIPPET 10000 5926 SNIPPET_NOT_RELEVANT b'53803'
ACTION SNIPPET 10000 5929 SNIPPET_NOT_RELEVANT b'45500'
ACTION SNIPPET 10000 5932 SNIPPET_RELEVANT b'1849046'
ACTION DOC 10000 5952 EXAMINING_DOCUMENT b'1849046'
ACTION QUERY 10000 5962 heroic acts gottlieb
ACTION SERP 10000 5967 EXAMINE_SERP
ACTION SNIPPET 10000 5970 SNIPPET_RELEVANT b'1473460'
ACTION DOC 10000 5990 EXAMINING_DOCUMENT b'1473460'
ACTION SNIPPET 10000 5993 SNIPPET_NOT_RELEVANT b'864553'
ACTION SNIPPET 10000 5996 SNIPPET_NOT_RELEVANT b'1430833'
ACTION SNIPPET 10000 5999 SNIPPET_RELEVANT b'1813244'
ACTION DOC 10000 6019 EXAMINING_DOCUMENT b'1813244'
ACTION QUERY 10000 6029 heroic acts triad
ACTION SERP 10000 6034 EXAMINE_SERP
ACTION SNIPPET 10000 6037 SNIPPET_RELEVANT b'1110126'
ACTION DOC 10000 6057 EXAMINING_DOCUMENT b'1110126'
ACTION SNIPPET 10000 6060 SNIPPET_NOT_RELEVANT b'931684'
ACTION SNIPPET 10000 6063 SNIPPET_RELEVANT b'205941'
ACTION DOC 10000 6083 EXAMINING_DOCUMENT b'205941'
ACTION QUERY 10000 6093 heroic acts allegiance
ACTION SERP 10000 6098 EXAMINE_SERP
ACTION SNIPPET 10000 6101 SNIPPET_RELEVANT b'39950'
ACTION DOC 10000 6121 EXAMINING_DOCUMENT b'39950'
ACTION SNIPPET 10000 6124 SNIPPET_NOT_RELEVANT b'48868'
ACTION SNIPPET 10000 6127 SNIPPET_NOT_RELEVANT b'716649'
ACTION SNIPPET 10000 6130 SNIPPET_NOT_RELEVANT b'47687'
ACTION SNIPPET 10000 6133 SNIPPET_NOT_RELEVANT b'840018'
ACTION SNIPPET 10000 6136 SNIPPET_NOT_RELEVANT b'155547'
ACTION SNIPPET 10000 6139 SNIPPET_NOT_RELEVANT b'1422018'
ACTION SNIPPET 10000 6142 SNIPPET_RELEVANT b'40205'
ACTION DOC 10000 6162 EXAMINING_DOCUMENT b'40205'
ACTION QUERY 10000 6172 heroic acts communications
ACTION SERP 10000 6177 EXAMINE_SERP
ACTION SNIPPET 10000 6180 SNIPPET_RELEVANT b'1468516'
ACTION DOC 10000 6200 EXAMINING_DOCUMENT b'1468516'
ACTION MARK 10000 6203 CONSIDERED_RELEVANT b'1468516'
ACTION SNIPPET 10000 6206 SEEN_PREVIOUSLY b'464579'
ACTION SNIPPET 10000 6209 SEEN_PREVIOUSLY b'1534698'
ACTION SNIPPET 10000 6212 SEEN_PREVIOUSLY b'99968'
ACTION SNIPPET 10000 6215 SEEN_PREVIOUSLY b'996765'
ACTION SNIPPET 10000 6218 SEEN_PREVIOUSLY b'1338700'
ACTION SNIPPET 10000 6221 SNIPPET_RELEVANT b'67089'
ACTION DOC 10000 6241 EXAMINING_DOCUMENT b'67089'
ACTION SNIPPET 10000 6244 SEEN_PREVIOUSLY b'328723'
ACTION SNIPPET 10000 6247 SEEN_PREVIOUSLY b'1596059'
ACTION SNIPPET 10000 6250 SEEN_PREVIOUSLY b'39670'
ACTION SNIPPET 10000 6253 SEEN_PREVIOUSLY b'190817'
ACTION QUERY 10000 6263 heroic acts vetoed
ACTION SERP 10000 6268 EXAMINE_SERP
ACTION SNIPPET 10000 6271 SNIPPET_NOT_RELEVANT b'1542728'
ACTION SNIPPET 10000 6274 SNIPPET_NOT_RELEVANT b'26843'
ACTION SNIPPET 10000 6277 SNIPPET_RELEVANT b'995049'
ACTION DOC 10000 6297 EXAMINING_DOCUMENT b'995049'
ACTION SNIPPET 10000 6300 SNIPPET_RELEVANT b'361522'
ACTION DOC 10000 6320 EXAMINING_DOCUMENT b'361522'
ACTION QUERY 10000 6330 heroic acts publish
ACTION SERP 10000 6335 EXAMINE_SERP
ACTION SNIPPET 10000 6338 SNIPPET_NOT_RELEVANT b'128834'
ACTION SNIPPET 10000 6341 SEEN_PREVIOUSLY b'1218555'
ACTION SNIPPET 10000 6344 SNIPPET_NOT_RELEVANT b'837302'
ACTION SNIPPET 10000 6347 SEEN_PREVIOUSLY b'99968'
ACTION SNIPPET 10000 6350 SEEN_PREVIOUSLY b'996765'
ACTION SNIPPET 10000 6353 SEEN_PREVIOUSLY b'1697655'
ACTION SNIPPET 10000 6356 SNIPPET_NOT_RELEVANT b'144697'
ACTION SNIPPET 10000 6359 SNIPPET_RELEVANT b'319063'
ACTION DOC 10000 6379 EXAMINING_DOCUMENT b'319063'
ACTION SNIPPET 10000 6382 SNIPPET_RELEVANT b'1040877'
ACTION DOC 10000 6402 EXAMINING_DOCUMENT b'1040877'
ACTION QUERY 10000 6412 heroic acts saving
ACTION SERP 10000 6417 EXAMINE_SERP
ACTION SNIPPET 10000 6420 SEEN_PREVIOUSLY b'190817'
ACTION SNIPPET 10000 6423 SEEN_PREVIOUSLY b'693200'
ACTION SNIPPET 10000 6426 SNIPPET_NOT_RELEVANT b'1645898'
ACTION SNIPPET 10000 6429 SNIPPET_NOT_RELEVANT b'192262'
ACTION SNIPPET 10000 6432 SNIPPET_NOT_RELEVANT b'868969'
ACTION SNIPPET 10000 6435 SNIPPET_RELEVANT b'1499596'
ACTION DOC 10000 6455 EXAMINING_DOCUMENT b'1499596'
ACTION SNIPPET 10000 6458 SNIPPET_NOT_RELEVANT b'138860'
ACTION SNIPPET 10000 6461 SNIPPET_NOT_RELEVANT b'358708'
ACTION SNIPPET 10000 6464 SEEN_PREVIOUSLY b'99968'
ACTION QUERY 10000 6474 heroic acts edward
ACTION SERP 10000 6479 EXAMINE_SERP
ACTION SNIPPET 10000 6482 SNIPPET_RELEVANT b'519117'
ACTION DOC 10000 6502 EXAMINING_DOCUMENT b'519117'
ACTION SNIPPET 10000 6505 SNIPPET_NOT_RELEVANT b'1577667'
ACTION SNIPPET 10000 6508 SEEN_PREVIOUSLY b'356332'
ACTION SNIPPET 10000 6511 SNIPPET_RELEVANT b'501698'
ACTION DOC 10000 6531 EXAMINING_DOCUMENT b'501698'
ACTION QUERY 10000 6541 heroic acts resign
ACTION SERP 10000 6546 EXAMINE_SERP
ACTION SNIPPET 10000 6549 SEEN_PREVIOUSLY b'647761'
ACTION SNIPPET 10000 6552 SNIPPET_NOT_RELEVANT b'1070836'
ACTION SNIPPET 10000 6555 SNIPPET_RELEVANT b'1071884'
ACTION DOC 10000 6575 EXAMINING_DOCUMENT b'1071884'
ACTION SNIPPET 10000 6578 SNIPPET_RELEVANT b'1472844'
ACTION DOC 10000 6598 EXAMINING_DOCUMENT b'1472844'
ACTION QUERY 10000 6608 heroic acts retrospective
ACTION SERP 10000 6613 EXAMINE_SERP
ACTION SNIPPET 10000 6616 SEEN_PREVIOUSLY b'422768'
ACTION SNIPPET 10000 6619 SNIPPET_RELEVANT b'10037'
ACTION DOC 10000 6639 EXAMINING_DOCUMENT b'10037'
ACTION SNIPPET 10000 6642 SNIPPET_RELEVANT b'955537'
ACTION DOC 10000 6662 EXAMINING_DOCUMENT b'955537'
ACTION QUERY 10000 6672 heroic acts architecture
ACTION SERP 10000 6677 EXAMINE_SERP
ACTION SNIPPET 10000 6680 SNIPPET_RELEVANT b'199867'
ACTION DOC 10000 6700 EXAMINING_DOCUMENT b'199867'
ACTION SNIPPET 10000 6703 SNIPPET_RELEVANT b'1259214'
ACTION DOC 10000 6723 EXAMINING_DOCUMENT b'1259214'
ACTION QUERY 10000 6733 heroic acts devils
ACTION SERP 10000 6738 EXAMINE_SERP
ACTION SNIPPET 10000 6741 SNIPPET_NOT_RELEVANT b'144989'
ACTION SNIPPET 10000 6744 SNIPPET_RELEVANT b'1062716'
ACTION DOC 10000 6764 EXAMINING_DOCUMENT b'1062716'
ACTION SNIPPET 10000 6767 SEEN_PREVIOUSLY b'39670'
ACTION SNIPPET 10000 6770 SNIPPET_NOT_RELEVANT b'226371'
ACTION SNIPPET 10000 6773 SNIPPET_NOT_RELEVANT b'668839'
ACTION SNIPPET 10000 6776 SNIPPET_RELEVANT b'978378'
ACTION DOC 10000 6796 EXAMINING_DOCUMENT b'978378'
ACTION QUERY 10000 6806 heroic acts joe
ACTION SERP 10000 6811 EXAMINE_SERP
ACTION SNIPPET 10000 6814 SNIPPET_NOT_RELEVANT b'1086846'
ACTION SNIPPET 10000 6817 SNIPPET_NOT_RELEVANT b'970414'
ACTION SNIPPET 10000 6820 SNIPPET_NOT_RELEVANT b'1850377'
ACTION SNIPPET 10000 6823 SNIPPET_RELEVANT b'228102'
ACTION DOC 10000 6843 EXAMINING_DOCUMENT b'228102'
ACTION SNIPPET 10000 6846 SEEN_PREVIOUSLY b'99968'
ACTION SNIPPET 10000 6849 SEEN_PREVIOUSLY b'996765'
ACTION SNIPPET 10000 6852 SNIPPET_RELEVANT b'1763060'
ACTION DOC 10000 6872 EXAMINING_DOCUMENT b'1763060'
ACTION QUERY 10000 6882 heroic acts witness
ACTION SERP 10000 6887 EXAMINE_SERP
ACTION SNIPPET 10000 6890 SEEN_PREVIOUSLY b'1345632'
ACTION SNIPPET 10000 6893 SNIPPET_NOT_RELEVANT b'575286'
ACTION SNIPPET 10000 6896 SEEN_PREVIOUSLY b'1055776'
ACTION SNIPPET 10000 6899 SNIPPET_RELEVANT b'301475'
ACTION DOC 10000 6919 EXAMINING_DOCUMENT b'301475'
ACTION SNIPPET 10000 6922 SEEN_PREVIOUSLY b'414693'
ACTION SNIPPET 10000 6925 SNIPPET_NOT_RELEVANT b'350753'
ACTION SNIPPET 10000 6928 SNIPPET_NOT_RELEVANT b'1521161'
ACTION SNIPPET 10000 6931 SNIPPET_RELEVANT b'1266222'
ACTION DOC 10000 6951 EXAMINING_DOCUMENT b'1266222'
ACTION QUERY 10000 6961 heroic acts admit
ACTION SERP 10000 6966 EXAMINE_SERP
ACTION SNIPPET 10000 6969 SEEN_PREVIOUSLY b'1697655'
ACTION SNIPPET 10000 6972 SEEN_PREVIOUSLY b'8816'
ACTION SNIPPET 10000 6975 SEEN_PREVIOUSLY b'8816'
ACTION SNIPPET 10000 6978 SNIPPET_NOT_RELEVANT b'58123'
ACTION SNIPPET 10000 6981 SEEN_PREVIOUSLY b'1055776'
ACTION SNIPPET 10000 6984 SEEN_PREVIOUSLY b'99968'
ACTION SNIPPET 10000 6987 SEEN_PREVIOUSLY b'572838'
ACTION SNIPPET 10000 6990 SEEN_PREVIOUSLY b'996765'
ACTION SNIPPET 10000 6993 SNIPPET_RELEVANT b'1589503'
ACTION DOC 10000 7013 EXAMINING_DOCUMENT b'1589503'
ACTION QUERY 10000 7023 heroic acts pt
ACTION SERP 10000 7028 EXAMINE_SERP
ACTION SNIPPET 10000 7031 SNIPPET_RELEVANT b'1407324'
ACTION DOC 10000 7051 EXAMINING_DOCUMENT b'1407324'
ACTION SNIPPET 10000 7054 SNIPPET_RELEVANT b'1320861'
ACTION DOC 10000 7074 EXAMINING_DOCUMENT b'1320861'
ACTION QUERY 10000 7084 heroic acts rolled
ACTION SERP 10000 7089 EXAMINE_SERP
ACTION SNIPPET 10000 7092 SEEN_PREVIOUSLY b'99968'
ACTION SNIPPET 10000 7095 SEEN_PREVIOUSLY b'67089'
ACTION SNIPPET 10000 7098 SEEN_PREVIOUSLY b'996765'
ACTION SNIPPET 10000 7101 SNIPPET_RELEVANT b'1547821'
ACTION DOC 10000 7121 EXAMINING_DOCUMENT b'1547821'
ACTION SNIPPET 10000 7124 SNIPPET_RELEVANT b'66564'
ACTION DOC 10000 7144 EXAMINING_DOCUMENT b'66564'
ACTION QUERY 10000 7154 heroic acts td
ACTION SERP 10000 7159 EXAMINE_SERP
ACTION SNIPPET 10000 7162 SNIPPET_RELEVANT b'1755507'
ACTION DOC 10000 7182 EXAMINING_DOCUMENT b'1755507'
ACTION SNIPPET 10000 7185 SNIPPET_NOT_RELEVANT b'1676771'
ACTION SNIPPET 10000 7188 SNIPPET_NOT_RELEVANT b'1409315'
ACTION SNIPPET 10000 7191 SNIPPET_RELEVANT b'1682550'
ACTION DOC 10000 7211 EXAMINING_DOCUMENT b'1682550'
ACTION QUERY 10000 7221 heroic acts tampa
ACTION SERP 10000 7226 EXAMINE_SERP
ACTION SNIPPET 10000 7229 SEEN_PREVIOUSLY b'66564'
ACTION SNIPPET 10000 7232 SNIPPET_NOT_RELEVANT b'1536308'
ACTION SNIPPET 10000 7235 SNIPPET_RELEVANT b'668839'
ACTION DOC 10000 7255 EXAMINING_DOCUMENT b'668839'
ACTION SNIPPET 10000 7258 SNIPPET_NOT_RELEVANT b'1296453'
ACTION SNIPPET 10000 7261 SNIPPET_RELEVANT b'807837'
ACTION DOC 10000 7281 EXAMINING_DOCUMENT b'807837'
ACTION QUERY 10000 7291 heroic acts jesse
ACTION SERP 10000 7296 EXAMINE_SERP
ACTION SNIPPET 10000 7299 SNIPPET_NOT_RELEVANT b'868226'
ACTION SNIPPET 10000 7302 SNIPPET_NOT_RELEVANT b'190653'
ACTION SNIPPET 10000 7305 SEEN_PREVIOUSLY b'319063'
ACTION SNIPPET 10000 7308 SNIPPET_NOT_RELEVANT b'1402023'
ACTION SNIPPET 10000 7311 SNIPPET_NOT_RELEVANT b'766363'
ACTION SNIPPET 10000 7314 SNIPPET_NOT_RELEVANT b'1442904'
ACTION SNIPPET 10000 7317 SNIPPET_RELEVANT b'757420'
ACTION DOC 10000 7337 EXAMINING_DOCUMENT b'757420'
ACTION SNIPPET 10000 7340 SEEN_PREVIOUSLY b'99968'
ACTION SNIPPET 10000 7343 SNIPPET_RELEVANT b'828158'
ACTION DOC 10000 7363 EXAMINING_DOCUMENT b'828158'
ACTION QUERY 10000 7373 heroic acts founded
ACTION SERP 10000 7378 EXAMINE_SERP
ACTION SNIPPET 10000 7381 SEEN_PREVIOUSLY b'190817'
ACTION SNIPPET 10000 7384 SEEN_PREVIOUSLY b'99968'
ACTION SNIPPET 10000 7387 SEEN_PREVIOUSLY b'996765'
ACTION SNIPPET 10000 7390 SEEN_PREVIOUSLY b'1587751'
ACTION SNIPPET 10000 7393 SNIPPET_RELEVANT b'591377'
ACTION DOC 10000 7413 EXAMINING_DOCUMENT b'591377'
ACTION SNIPPET 10000 7416 SNIPPET_RELEVANT b'575286'
ACTION DOC 10000 7436 EXAMINING_DOCUMENT b'575286'
ACTION QUERY 10000 7446 heroic acts message
ACTION SERP 10000 7451 EXAMINE_SERP
ACTION SNIPPET 10000 7454 SEEN_PREVIOUSLY b'1596059'
ACTION SNIPPET 10000 7457 SEEN_PREVIOUSLY b'1366401'
ACTION SNIPPET 10000 7460 SEEN_PREVIOUSLY b'737070'
ACTION SNIPPET 10000 7463 SEEN_PREVIOUSLY b'1121785'
ACTION SNIPPET 10000 7466 SEEN_PREVIOUSLY b'1089381'
ACTION SNIPPET 10000 7469 SNIPPET_RELEVANT b'1063924'
ACTION DOC 10000 7489 EXAMINING_DOCUMENT b'1063924'
ACTION SNIPPET 10000 7492 SEEN_PREVIOUSLY b'99968'
ACTION SNIPPET 10000 7495 SEEN_PREVIOUSLY b'996765'
ACTION SNIPPET 10000 7498 SNIPPET_NOT_RELEVANT b'1271653'
ACTION QUERY 10000 7508 heroic acts schuyler
ACTION SERP 10000 7513 EXAMINE_SERP
ACTION SNIPPET 10000 7516 SEEN_PREVIOUSLY b'1089233'
ACTION SNIPPET 10000 7519 SNIPPET_RELEVANT b'1012285'
ACTION DOC 10000 7539 EXAMINING_DOCUMENT b'1012285'
ACTION SNIPPET 10000 7542 SNIPPET_RELEVANT b'1231953'
ACTION DOC 10000 7562 EXAMINING_DOCUMENT b'1231953'
ACTION QUERY 10000 7572 heroic acts artist
ACTION SERP 10000 7577 EXAMINE_SERP
ACTION SNIPPET 10000 7580 SEEN_PREVIOUSLY b'1059684'
ACTION SNIPPET 10000 7583 SNIPPET_NOT_RELEVANT b'475341'
ACTION SNIPPET 10000 7586 SNIPPET_NOT_RELEVANT b'1751665'
ACTION SNIPPET 10000 7589 SNIPPET_NOT_RELEVANT b'1489402'
ACTION SNIPPET 10000 7592 SNIPPET_NOT_RELEVANT b'1591294'
ACTION SNIPPET 10000 7595 SEEN_PREVIOUSLY b'1218555'
ACTION SNIPPET 10000 7598 SEEN_PREVIOUSLY b'43483'
ACTION SNIPPET 10000 7601 SNIPPET_RELEVANT b'1380924'
ACTION DOC 10000 7621 EXAMINING_DOCUMENT b'1380924'
ACTION SNIPPET 10000 7624 SNIPPET_NOT_RELEVANT b'132743'
ACTION QUERY 10000 7634 heroic acts terrorists
ACTION SERP 10000 7639 EXAMINE_SERP
ACTION SNIPPET 10000 7642 SEEN_PREVIOUSLY b'1055776'
ACTION SNIPPET 10000 7645 SNIPPET_RELEVANT b'1733409'
ACTION DOC 10000 7665 EXAMINING_DOCUMENT b'1733409'
ACTION SNIPPET 10000 7668 SNIPPET_RELEVANT b'1034560'
ACTION DOC 10000 7688 EXAMINING_DOCUMENT b'1034560'
ACTION MARK 10000 7691 CONSIDERED_RELEVANT b'1034560'
ACTION SNIPPET 10000 7694 SNIPPET_RELEVANT b'1531096'
ACTION DOC 10000 7714 EXAMINING_DOCUMENT b'1531096'
ACTION SNIPPET 10000 7717 SNIPPET_RELEVANT b'1568520'
ACTION DOC 10000 7737 EXAMINING_DOCUMENT b'1568520'
ACTION SNIPPET 10000 7740 SNIPPET_RELEVANT b'1261617'
ACTION DOC 10000 7760 EXAMINING_DOCUMENT b'1261617'
ACTION QUERY 10000 7770 heroic acts school
ACTION SERP 10000 7775 EXAMINE_SERP
ACTION SNIPPET 10000 7778 SEEN_PREVIOUSLY b'690533'
ACTION SNIPPET 10000 7781 SEEN_PREVIOUSLY b'669371'
ACTION SNIPPET 10000 7784 SEEN_PREVIOUSLY b'329932'
ACTION SNIPPET 10000 7787 SNIPPET_NOT_RELEVANT b'408920'
ACTION SNIPPET 10000 7790 SEEN_PREVIOUSLY b'328723'
ACTION SNIPPET 10000 7793 SEEN_PREVIOUSLY b'99968'
ACTION SNIPPET 10000 7796 SEEN_PREVIOUSLY b'996765'
ACTION SNIPPET 10000 7799 SEEN_PREVIOUSLY b'1338700'
ACTION SNIPPET 10000 7802 SNIPPET_RELEVANT b'1143953'
ACTION DOC 10000 7822 EXAMINING_DOCUMENT b'1143953'
ACTION QUERY 10000 7832 heroic acts karl
ACTION SERP 10000 7837 EXAMINE_SERP
ACTION SNIPPET 10000 7840 SEEN_PREVIOUSLY b'540396'
ACTION SNIPPET 10000 7843 SNIPPET_RELEVANT b'445141'
ACTION DOC 10000 7863 EXAMINING_DOCUMENT b'445141'
ACTION SNIPPET 10000 7866 SNIPPET_NOT_RELEVANT b'1298992'
ACTION SNIPPET 10000 7869 SNIPPET_NOT_RELEVANT b'946'
ACTION SNIPPET 10000 7872 SNIPPET_NOT_RELEVANT b'946'
ACTION SNIPPET 10000 7875 SNIPPET_RELEVANT b'1392402'
ACTION DOC 10000 7895 EXAMINING_DOCUMENT b'1392402'
ACTION QUERY 10000 7905 heroic acts democrat
ACTION SERP 10000 7910 EXAMINE_SERP
ACTION SNIPPET 10000 7913 SEEN_PREVIOUSLY b'591377'
ACTION SNIPPET 10000 7916 SNIPPET_NOT_RELEVANT b'1613545'
ACTION SNIPPET 10000 7919 SEEN_PREVIOUSLY b'328723'
ACTION SNIPPET 10000 7922 SNIPPET_NOT_RELEVANT b'1476171'
ACTION SNIPPET 10000 7925 SEEN_PREVIOUSLY b'99968'
ACTION SNIPPET 10000 7928 SEEN_PREVIOUSLY b'996765'
ACTION SNIPPET 10000 7931 SNIPPET_RELEVANT b'1601790'
ACTION DOC 10000 7951 EXAMINING_DOCUMENT b'1601790'
ACTION SNIPPET 10000 7954 SNIPPET_RELEVANT b'1735666'
ACTION DOC 10000 7974 EXAMINING_DOCUMENT b'1735666'
ACTION QUERY 10000 7984 heroic acts utah
ACTION SERP 10000 7989 EXAMINE_SERP
ACTION SNIPPET 10000 7992 SEEN_PREVIOUSLY b'445141'
ACTION SNIPPET 10000 7995 SNIPPET_NOT_RELEVANT b'127082'
ACTION SNIPPET 10000 7998 SNIPPET_RELEVANT b'172011'
ACTION DOC 10000 8018 EXAMINING_DOCUMENT b'172011'
ACTION SNIPPET 10000 8021 SNIPPET_NOT_RELEVANT b'602250'
ACTION SNIPPET 10000 8024 SNIPPET_NOT_RELEVANT b'690903'
ACTION SNIPPET 10000 8027 SNIPPET_NOT_RELEVANT b'936257'
ACTION SNIPPET 10000 8030 SNIPPET_NOT_RELEVANT b'82458'
ACTION SNIPPET 10000 8033 SEEN_PREVIOUSLY b'99968'
ACTION SNIPPET 10000 8036 SNIPPET_RELEVANT b'692627'
ACTION DOC 10000 8056 EXAMINING_DOCUMENT b'692627'
ACTION QUERY 10000 8066 heroic acts unite
ACTION SERP 10000 8071 EXAMINE_SERP
ACTION SNIPPET 10000 8074 SEEN_PREVIOUSLY b'99968'
ACTION SNIPPET 10000 8077 SEEN_PREVIOUSLY b'996765'
ACTION SNIPPET 10000 8080 SEEN_PREVIOUSLY b'1031456'
ACTION SNIPPET 10000 8083 SEEN_PREVIOUSLY b'1596059'
ACTION SNIPPET 10000 8086 SEEN_PREVIOUSLY b'190817'
ACTION SNIPPET 10000 8089 SEEN_PREVIOUSLY b'1345632'
ACTION SNIPPET 10000 8092 SEEN_PREVIOUSLY b'690533'
ACTION SNIPPET 10000 8095 SEEN_PREVIOUSLY b'356332'
ACTION SNIPPET 10000 8098 SEEN_PREVIOUSLY b'895603'
ACTION SNIPPET 10000 8101 SEEN_PREVIOUSLY b'1579584'
ACTION SNIPPET 10000 8104 SEEN_PREVIOUSLY b'372589'
ACTION SNIPPET 10000 8107 SEEN_PREVIOUSLY b'1121785'
ACTION SNIPPET 10000 8110 SEEN_PREVIOUSLY b'1366401'
ACTION SNIPPET 10000 8113 SEEN_PREVIOUSLY b'1089381'
ACTION SNIPPET 10000 8116 SNIPPET_RELEVANT b'707862'
ACTION DOC 10000 8136 EXAMINING_DOCUMENT b'707862'
ACTION QUERY 10000 8146 heroic acts similarities
ACTION SERP 10000 8151 EXAMINE_SERP
ACTION SNIPPET 10000 8154 SEEN_PREVIOUSLY b'190817'
ACTION SNIPPET 10000 8157 SEEN_PREVIOUSLY b'422768'
ACTION SNIPPET 10000 8160 SNIPPET_NOT_RELEVANT b'752640'
ACTION SNIPPET 10000 8163 SEEN_PREVIOUSLY b'99968'
ACTION SNIPPET 10000 8166 SEEN_PREVIOUSLY b'996765'
ACTION SNIPPET 10000 8169 SEEN_PREVIOUSLY b'109768'
ACTION SNIPPET 10000 8172 SEEN_PREVIOUSLY b'1055776'
ACTION SNIPPET 10000 8175 SEEN_PREVIOUSLY b'1596059'
ACTION SNIPPET 10000 8178 SEEN_PREVIOUSLY b'533139'
ACTION SNIPPET 10000 8181 SEEN_PREVIOUSLY b'1063924'
ACTION SNIPPET 10000 8184 SEEN_PREVIOUSLY b'690533'
ACTION SNIPPET 10000 8187 SNIPPET_NOT_RELEVANT b'1586562'
ACTION SNIPPET 10000 8190 SEEN_PREVIOUSLY b'895603'
ACTION SNIPPET 10000 8193 SEEN_PREVIOUSLY b'1579584'
ACTION SNIPPET 10000 8196 SNIPPET_NOT_RELEVANT b'777198'
ACTION QUERY 10000 8206 heroic acts brickman
ACTION SERP 10000 8211 EXAMINE_SERP
ACTION SNIPPET 10000 8214 SNIPPET_RELEVANT b'777198'
ACTION DOC 10000 8234 EXAMINING_DOCUMENT b'777198'
ACTION SNIPPET 10000 8237 SNIPPET_NOT_RELEVANT b'321059'
ACTION SNIPPET 10000 8240 SNIPPET_RELEVANT b'190631'
ACTION DOC 10000 8260 EXAMINING_DOCUMENT b'190631'
ACTION QUERY 10000 8270 heroic acts nasdaq
ACTION SERP 10000 8275 EXAMINE_SERP
ACTION SNIPPET 10000 8278 SNIPPET_RELEVANT b'1541688'
ACTION DOC 10000 8298 EXAMINING_DOCUMENT b'1541688'
ACTION SNIPPET 10000 8301 SNIPPET_NOT_RELEVANT b'1680890'
ACTION SNIPPET 10000 8304 SNIPPET_RELEVANT b'1192396'
ACTION DOC 10000 8324 EXAMINING_DOCUMENT b'1192396'
ACTION QUERY 10000 8334 heroic acts sell
ACTION SERP 10000 8339 EXAMINE_SERP
ACTION SNIPPET 10000 8342 SEEN_PREVIOUSLY b'99968'
ACTION SNIPPET 10000 8345 SEEN_PREVIOUSLY b'996765'
ACTION SNIPPET 10000 8348 SEEN_PREVIOUSLY b'501587'
ACTION SNIPPET 10000 8351 SEEN_PREVIOUSLY b'1596059'
ACTION SNIPPET 10000 8354 SEEN_PREVIOUSLY b'190817'
ACTION SNIPPET 10000 8357 SNIPPET_RELEVANT b'534923'
ACTION DOC 10000 8377 EXAMINING_DOCUMENT b'534923'
ACTION MARK 10000 8380 CONSIDERED_RELEVANT b'534923'
ACTION SNIPPET 10000 8383 SEEN_PREVIOUSLY b'690533'
ACTION SNIPPET 10000 8386 SNIPPET_NOT_RELEVANT b'1306613'
ACTION SNIPPET 10000 8389 SNIPPET_NOT_RELEVANT b'1613331'
ACTION SNIPPET 10000 8392 SEEN_PREVIOUSLY b'895603'
ACTION SNIPPET 10000 8395 SEEN_PREVIOUSLY b'1579584'
ACTION SNIPPET 10000 8398 SEEN_PREVIOUSLY b'372589'
ACTION SNIPPET 10000 8401 SEEN_PREVIOUSLY b'1366401'
ACTION SNIPPET 10000 8404 SNIPPET_NOT_RELEVANT b'1702479'
ACTION SNIPPET 10000 8407 SEEN_PREVIOUSLY b'907417'
ACTION SNIPPET 10000 8410 SEEN_PREVIOUSLY b'1721512'
ACTION SNIPPET 10000 8413 SEEN_PREVIOUSLY b'693200'
ACTION SNIPPET 10000 8416 SEEN_PREVIOUSLY b'1063690'
ACTION SNIPPET 10000 8419 SEEN_PREVIOUSLY b'1031456'
ACTION SNIPPET 10000 8422 SEEN_PREVIOUSLY b'1727253'
ACTION SNIPPET 10000 8425 SNIPPET_NOT_RELEVANT b'1252728'
ACTION SNIPPET 10000 8428 SNIPPET_NOT_RELEVANT b'132743'
ACTION SNIPPET 10000 8431 SEEN_PREVIOUSLY b'1468516'
ACTION QUERY 10000 8441 heroic acts dept
ACTION SERP 10000 8446 EXAMINE_SERP
ACTION SNIPPET 10000 8449 SNIPPET_NOT_RELEVANT b'434992'
ACTION SNIPPET 10000 8452 SNIPPET_RELEVANT b'435145'
ACTION DOC 10000 8472 EXAMINING_DOCUMENT b'435145'
ACTION SNIPPET 10000 8475 SNIPPET_NOT_RELEVANT b'792070'
ACTION SNIPPET 10000 8478 SNIPPET_RELEVANT b'792430'
ACTION DOC 10000 8498 EXAMINING_DOCUMENT b'792430'
ACTION QUERY 10000 8508 heroic acts cias
ACTION SERP 10000 8513 EXAMINE_SERP
ACTION SNIPPET 10000 8516 SNIPPET_NOT_RELEVANT b'589591'
ACTION SNIPPET 10000 8519 SNIPPET_NOT_RELEVANT b'1136542'
ACTION SNIPPET 10000 8522 SNIPPET_NOT_RELEVANT b'1293372'
ACTION SNIPPET 10000 8525 SNIPPET_NOT_RELEVANT b'1171373'
ACTION SNIPPET 10000 8528 SNIPPET_NOT_RELEVANT b'1350491'
ACTION SNIPPET 10000 8531 SNIPPET_RELEVANT b'393873'
ACTION DOC 10000 8551 EXAMINING_DOCUMENT b'393873'
ACTION SNIPPET 10000 8554 SNIPPET_RELEVANT b'1672383'
ACTION DOC 10000 8574 EXAMINING_DOCUMENT b'1672383'
ACTION QUERY 10000 8584 heroic acts senator
ACTION SERP 10000 8589 EXAMINE_SERP
ACTION SNIPPET 10000 8592 SEEN_PREVIOUSLY b'1031456'
ACTION SNIPPET 10000 8595 SEEN_PREVIOUSLY b'669371'
ACTION SNIPPET 10000 8598 SEEN_PREVIOUSLY b'1034560'
ACTION SNIPPET 10000 8601 SEEN_PREVIOUSLY b'99968'
ACTION SNIPPET 10000 8604 SEEN_PREVIOUSLY b'996765'
ACTION SNIPPET 10000 8607 SNIPPET_NOT_RELEVANT b'50414'
ACTION SNIPPET 10000 8610 SEEN_PREVIOUSLY b'1182299'
ACTION SNIPPET 10000 8613 SEEN_PREVIOUSLY b'1596059'
ACTION SNIPPET 10000 8616 SEEN_PREVIOUSLY b'190817'
ACTION SNIPPET 10000 8619 SNIPPET_RELEVANT b'1488102'
ACTION DOC 10000 8639 EXAMINING_DOCUMENT b'1488102'
ACTION QUERY 10000 8649 heroic acts eye
ACTION SERP 10000 8654 EXAMINE_SERP
ACTION SNIPPET 10000 8657 SEEN_PREVIOUSLY b'190817'
ACTION SNIPPET 10000 8660 SNIPPET_RELEVANT b'1002477'
ACTION DOC 10000 8680 EXAMINING_DOCUMENT b'1002477'
ACTION SNIPPET 10000 8683 SEEN_PREVIOUSLY b'99968'
ACTION SNIPPET 10000 8686 SEEN_PREVIOUSLY b'996765'
ACTION SNIPPET 10000 8689 SNIPPET_RELEVANT b'70419'
ACTION DOC 10000 8709 EXAMINING_DOCUMENT b'70419'
ACTION QUERY 10000 8719 heroic acts race
ACTION SERP 10000 8724 EXAMINE_SERP
ACTION SNIPPET 10000 8727 SEEN_PREVIOUSLY b'1579584'
ACTION SNIPPET 10000 8730 SNIPPET_RELEVANT b'434992'
ACTION DOC 10000 8750 EXAMINING_DOCUMENT b'434992'
ACTION SNIPPET 10000 8753 SEEN_PREVIOUSLY b'435145'
ACTION SNIPPET 10000 8756 SEEN_PREVIOUSLY b'301475'
ACTION SNIPPET 10000 8759 SEEN_PREVIOUSLY b'99968'
ACTION SNIPPET 10000 8762 SEEN_PREVIOUSLY b'996765'
ACTION SNIPPET 10000 8765 SEEN_PREVIOUSLY b'1040877'
ACTION SNIPPET 10000 8768 SNIPPET_RELEVANT b'327774'
ACTION DOC 10000 8788 EXAMINING_DOCUMENT b'327774'
ACTION QUERY 10000 8798 heroic acts cpm
ACTION SERP 10000 8803 EXAMINE_SERP
ACTION SNIPPET 10000 8806 SNIPPET_NOT_RELEVANT b'1136542'
ACTION SNIPPET 10000 8809 SNIPPET_RELEVANT b'1005279'
ACTION DOC 10000 8829 EXAMINING_DOCUMENT b'1005279'
ACTION SNIPPET 10000 8832 SNIPPET_NOT_RELEVANT b'997881'
ACTION SNIPPET 10000 8835 SNIPPET_RELEVANT b'762978'
ACTION DOC 10000 8855 EXAMINING_DOCUMENT b'762978'
ACTION QUERY 10000 8865 heroic acts ervin
ACTION SERP 10000 8870 EXAMINE_SERP
ACTION SNIPPET 10000 8873 SNIPPET_RELEVANT b'1633609'
ACTION DOC 10000 8893 EXAMINING_DOCUMENT b'1633609'
ACTION SNIPPET 10000 8896 SNIPPET_NOT_RELEVANT b'50414'
ACTION SNIPPET 10000 8899 SNIPPET_NOT_RELEVANT b'1489517'
ACTION SNIPPET 10000 8902 SNIPPET_NOT_RELEVANT b'1490404'
ACTION SNIPPET 10000 8905 SNIPPET_RELEVANT b'1846332'
ACTION DOC 10000 8925 EXAMINING_DOCUMENT b'1846332'
ACTION QUERY 10000 8935 heroic acts deps
ACTION SERP 10000 8940 EXAMINE_SERP
ACTION SNIPPET 10000 8943 SNIPPET_NOT_RELEVANT b'388241'
ACTION SNIPPET 10000 8946 SNIPPET_RELEVANT b'231376'
ACTION DOC 10000 8966 EXAMINING_DOCUMENT b'231376'
ACTION SNIPPET 10000 8969 SNIPPET_NOT_RELEVANT b'100080'
ACTION SNIPPET 10000 8972 SNIPPET_NOT_RELEVANT b'203337'
ACTION SNIPPET 10000 8975 SNIPPET_RELEVANT b'308233'
ACTION DOC 10000 8995 EXAMINING_DOCUMENT b'308233'
ACTION QUERY 10000 9005 heroic acts attacking
ACTION SERP 10000 9010 EXAMINE_SERP
ACTION SNIPPET 10000 9013 SEEN_PREVIOUSLY b'1055776'
ACTION SNIPPET 10000 9016 SEEN_PREVIOUSLY b'1034560'
ACTION SNIPPET 10000 9019 SEEN_PREVIOUSLY b'356332'
ACTION SNIPPET 10000 9022 SEEN_PREVIOUSLY b'99968'
ACTION SNIPPET 10000 9025 SEEN_PREVIOUSLY b'464579'
ACTION SNIPPET 10000 9028 SEEN_PREVIOUSLY b'996765'
ACTION SNIPPET 10000 9031 SNIPPET_RELEVANT b'1340199'
ACTION DOC 10000 9051 EXAMINING_DOCUMENT b'1340199'
ACTION SNIPPET 10000 9054 SNIPPET_NOT_RELEVANT b'658474'
ACTION SNIPPET 10000 9057 SEEN_PREVIOUSLY b'1059684'
ACTION QUERY 10000 9067 heroic acts reappear
ACTION SERP 10000 9072 EXAMINE_SERP
ACTION SNIPPET 10000 9075 SNIPPET_RELEVANT b'322849'
ACTION DOC 10000 9095 EXAMINING_DOCUMENT b'322849'
ACTION SNIPPET 10000 9098 SNIPPET_NOT_RELEVANT b'509243'
ACTION SNIPPET 10000 9101 SNIPPET_RELEVANT b'1220818'
ACTION DOC 10000 9121 EXAMINING_DOCUMENT b'1220818'
ACTION QUERY 10000 9131 heroic acts inescapable
ACTION SERP 10000 9136 EXAMINE_SERP
ACTION SNIPPET 10000 9139 SNIPPET_RELEVANT b'902165'
ACTION DOC 10000 9159 EXAMINING_DOCUMENT b'902165'
ACTION SNIPPET 10000 9162 SEEN_PREVIOUSLY b'322849'
ACTION SNIPPET 10000 9165 SNIPPET_RELEVANT b'342672'
ACTION DOC 10000 9185 EXAMINING_DOCUMENT b'342672'
ACTION QUERY 10000 9195 heroic acts activity
ACTION SERP 10000 9200 EXAMINE_SERP
ACTION SNIPPET 10000 9203 SNIPPET_NOT_RELEVANT b'408920'
ACTION SNIPPET 10000 9206 SEEN_PREVIOUSLY b'1055776'
ACTION SNIPPET 10000 9209 SEEN_PREVIOUSLY b'328723'
ACTION SNIPPET 10000 9212 SEEN_PREVIOUSLY b'99968'
ACTION SNIPPET 10000 9215 SEEN_PREVIOUSLY b'1143953'
ACTION SNIPPET 10000 9218 SEEN_PREVIOUSLY b'996765'
ACTION SNIPPET 10000 9221 SEEN_PREVIOUSLY b'414693'
ACTION SNIPPET 10000 9224 SEEN_PREVIOUSLY b'144768'
ACTION SNIPPET 10000 9227 SEEN_PREVIOUSLY b'1596059'
ACTION SNIPPET 10000 9230 SNIPPET_NOT_RELEVANT b'58123'
ACTION SNIPPET 10000 9233 SEEN_PREVIOUSLY b'190817'
ACTION SNIPPET 10000 9236 SEEN_PREVIOUSLY b'690533'
ACTION SNIPPET 10000 9239 SNIPPET_RELEVANT b'716575'
ACTION DOC 10000 9259 EXAMINING_DOCUMENT b'716575'
ACTION QUERY 10000 9269 heroic acts died
ACTION SERP 10000 9274 EXAMINE_SERP
ACTION SNIPPET 10000 9277 SEEN_PREVIOUSLY b'1063690'
ACTION SNIPPET 10000 9280 SEEN_PREVIOUSLY b'693200'
ACTION SNIPPET 10000 9283 SEEN_PREVIOUSLY b'144768'
ACTION SNIPPET 10000 9286 SEEN_PREVIOUSLY b'1465426'
ACTION SNIPPET 10000 9289 SEEN_PREVIOUSLY b'99968'
ACTION SNIPPET 10000 9292 SEEN_PREVIOUSLY b'996765'
ACTION SNIPPET 10000 9295 SEEN_PREVIOUSLY b'1034560'
ACTION SNIPPET 10000 9298 SEEN_PREVIOUSLY b'8816'
ACTION SNIPPET 10000 9301 SEEN_PREVIOUSLY b'8816'
ACTION SNIPPET 10000 9304 SEEN_PREVIOUSLY b'1143953'
ACTION SNIPPET 10000 9307 SNIPPET_RELEVANT b'289566'
ACTION DOC 10000 9327 EXAMINING_DOCUMENT b'289566'
ACTION MARK 10000 9330 CONSIDERED_RELEVANT b'289566'
ACTION SNIPPET 10000 9333 SNIPPET_NOT_RELEVANT b'286342'
ACTION SNIPPET 10000 9336 SEEN_PREVIOUSLY b'67089'
ACTION SNIPPET 10000 9339 SNIPPET_NOT_RELEVANT b'358708'
ACTION SNIPPET 10000 9342 SEEN_PREVIOUSLY b'1596059'
ACTION SNIPPET 10000 9345 SEEN_PREVIOUSLY b'190817'
ACTION SNIPPET 10000 9348 SNIPPET_NOT_RELEVANT b'1596137'
ACTION SNIPPET 10000 9351 SNIPPET_NOT_RELEVANT b'1595019'
ACTION SNIPPET 10000 9354 SNIPPET_RELEVANT b'118130'
ACTION DOC 10000 9374 EXAMINING_DOCUMENT b'118130'
ACTION SNIPPET 10000 9377 SNIPPET_NOT_RELEVANT b'1196446'
ACTION SNIPPET 10000 9380 SEEN_PREVIOUSLY b'1059684'
ACTION QUERY 10000 9390 heroic acts kam
ACTION SERP 10000 9395 EXAMINE_SERP
ACTION SNIPPET 10000 9398 SNIPPET_RELEVANT b'652541'
ACTION DOC 10000 9418 EXAMINING_DOCUMENT b'652541'
ACTION SNIPPET 10000 9421 SNIPPET_NOT_RELEVANT b'956536'
ACTION SNIPPET 10000 9424 SNIPPET_NOT_RELEVANT b'1194342'
ACTION SNIPPET 10000 9427 SNIPPET_NOT_RELEVANT b'1431544'
ACTION SNIPPET 10000 9430 SNIPPET_RELEVANT b'1790596'
ACTION DOC 10000 9450 EXAMINING_DOCUMENT b'1790596'
ACTION QUERY 10000 9460 heroic acts zap
ACTION SERP 10000 9465 EXAMINE_SERP
ACTION SNIPPET 10000 9468 SNIPPET_NOT_RELEVANT b'1596137'
ACTION SNIPPET 10000 9471 SNIPPET_NOT_RELEVANT b'1595019'
ACTION SNIPPET 10000 9474 SNIPPET_NOT_RELEVANT b'458323'
ACTION SNIPPET 10000 9477 SNIPPET_NOT_RELEVANT b'457854'
ACTION SNIPPET 10000 9480 SNIPPET_NOT_RELEVANT b'1087685'
ACTION SNIPPET 10000 9483 SNIPPET_NOT_RELEVANT b'1108149'
ACTION SNIPPET 10000 9486 SNIPPET_NOT_RELEVANT b'1714872'
ACTION SNIPPET 10000 9489 SNIPPET_NOT_RELEVANT b'1291355'
ACTION SNIPPET 10000 9492 SNIPPET_RELEVANT b'1586561'
ACTION DOC 10000 9512 EXAMINING_DOCUMENT b'1586561'
ACTION QUERY 10000 9522 heroic acts queens
ACTION SERP 10000 9527 EXAMINE_SERP
ACTION SNIPPET 10000 9530 SEEN_PREVIOUSLY b'693200'
ACTION SNIPPET 10000 9533 SEEN_PREVIOUSLY b'647761'
ACTION SNIPPET 10000 9536 SNIPPET_RELEVANT b'1489236'
ACTION DOC 10000 9556 EXAMINING_DOCUMENT b'1489236'
ACTION SNIPPET 10000 9559 SEEN_PREVIOUSLY b'422768'
ACTION SNIPPET 10000 9562 SNIPPET_NOT_RELEVANT b'1591294'
ACTION SNIPPET 10000 9565 SEEN_PREVIOUSLY b'1143953'
ACTION SNIPPET 10000 9568 SEEN_PREVIOUSLY b'257980'
ACTION SNIPPET 10000 9571 SEEN_PREVIOUSLY b'955537'
ACTION SNIPPET 10000 9574 SNIPPET_RELEVANT b'1666326'
ACTION DOC 10000 9594 EXAMINING_DOCUMENT b'1666326'
ACTION QUERY 10000 9604 heroic acts donate
ACTION SERP 10000 9609 EXAMINE_SERP
ACTION SNIPPET 10000 9612 SNIPPET_NOT_RELEVANT b'1302153'
ACTION SNIPPET 10000 9615 SEEN_PREVIOUSLY b'118130'
ACTION SNIPPET 10000 9618 SNIPPET_NOT_RELEVANT b'1642304'
ACTION SNIPPET 10000 9621 SNIPPET_NOT_RELEVANT b'1451024'
ACTION SNIPPET 10000 9624 SNIPPET_RELEVANT b'1118207'
ACTION DOC 10000 9644 EXAMINING_DOCUMENT b'1118207'
ACTION SNIPPET 10000 9647 SNIPPET_NOT_RELEVANT b'1351097'
ACTION SNIPPET 10000 9650 SNIPPET_NOT_RELEVANT b'1108582'
ACTION SNIPPET 10000 9653 SNIPPET_RELEVANT b'1703981'
ACTION DOC 10000 9673 EXAMINING_DOCUMENT b'1703981'
ACTION QUERY 10000 9683 heroic acts eckersons
ACTION SERP 10000 9688 EXAMINE_SERP
ACTION SNIPPET 10000 9691 SNIPPET_NOT_RELEVANT b'1351097'
ACTION SNIPPET 10000 9694 SNIPPET_NOT_RELEVANT b'254113'
ACTION SNIPPET 10000 9697 SNIPPET_RELEVANT b'108511'
ACTION DOC 10000 9717 EXAMINING_DOCUMENT b'108511'
ACTION SNIPPET 10000 9720 SNIPPET_RELEVANT b'1188742'
ACTION DOC 10000 9740 EXAMINING_DOCUMENT b'1188742'
ACTION QUERY 10000 9750 heroic acts elsbrees
ACTION SERP 10000 9755 EXAMINE_SERP
ACTION SNIPPET 10000 9758 SEEN_PREVIOUSLY b'108511'
ACTION SNIPPET 10000 9761 SNIPPET_RELEVANT b'424943'
ACTION DOC 10000 9781 EXAMINING_DOCUMENT b'424943'
ACTION SNIPPET 10000 9784 SNIPPET_NOT_RELEVANT b'969182'
ACTION SNIPPET 10000 9787 SNIPPET_RELEVANT b'892711'
ACTION DOC 10000 9807 EXAMINING_DOCUMENT b'892711'
ACTION QUERY 10000 9817 heroic acts permitted
ACTION SERP 10000 9822 EXAMINE_SERP
ACTION SNIPPET 10000 9825 SNIPPET_RELEVANT b'1829703'
ACTION DOC 10000 9845 EXAMINING_DOCUMENT b'1829703'
ACTION SNIPPET 10000 9848 SEEN_PREVIOUSLY b'67089'
ACTION SNIPPET 10000 9851 SNIPPET_NOT_RELEVANT b'1021253'
ACTION SNIPPET 10000 9854 SNIPPET_RELEVANT b'634173'
ACTION DOC 10000 9874 EXAMINING_DOCUMENT b'634173'
ACTION QUERY 10000 9884 heroic acts injured
ACTION SERP 10000 9889 EXAMINE_SERP
ACTION SNIPPET 10000 9892 SEEN_PREVIOUSLY b'99968'
ACTION SNIPPET 10000 9895 SEEN_PREVIOUSLY b'1596059'
ACTION SNIPPET 10000 9898 SEEN_PREVIOUSLY b'693200'
ACTION SNIPPET 10000 9901 SNIPPET_NOT_RELEVANT b'168844'
ACTION SNIPPET 10000 9904 SNIPPET_NOT_RELEVANT b'1199719'
ACTION SNIPPET 10000 9907 SEEN_PREVIOUSLY b'572838'
ACTION SNIPPET 10000 9910 SEEN_PREVIOUSLY b'996765'
ACTION SNIPPET 10000 9913 SNIPPET_NOT_RELEVANT b'1385369'
ACTION SNIPPET 10000 9916 SNIPPET_NOT_RELEVANT b'1747613'
ACTION SNIPPET 10000 9919 SNIPPET_NOT_RELEVANT b'1341914'
ACTION SNIPPET 10000 9922 SNIPPET_NOT_RELEVANT b'838785'
ACTION SNIPPET 10000 9925 SEEN_PREVIOUSLY b'190817'
ACTION SNIPPET 10000 9928 SEEN_PREVIOUSLY b'247572'
ACTION SNIPPET 10000 9931 SNIPPET_RELEVANT b'354716'
ACTION DOC 10000 9951 EXAMINING_DOCUMENT b'354716'
ACTION QUERY 10000 9961 heroic acts 93
ACTION SERP 10000 9966 EXAMINE_SERP
ACTION SNIPPET 10000 9969 SNIPPET_RELEVANT b'1385369'
ACTION DOC 10000 9989 EXAMINING_DOCUMENT b'1385369'
ACTION SNIPPET 10000 9992 SNIPPET_RELEVANT b'924244'
ACTION DOC 10000 10012 EXAMINING_DOCUMENT b'924244'
INFO SUMMARY 
INFO TOTAL_QUERIES_ISSUED 137
INFO TOTAL_SNIPPETS_EXAMINED 966
INFO TOTAL_DOCUMENTS_EXAMINED 251
INFO TOTAL_DOCUMENTS_MARKED_RELEVANT 13
INFO TOTAL_ATTRACTIVE_SERP_IMPRESSIONS 137
INFO TOTAL_UNATTRACTIVE_SERP_IMPRESSIONS 0
