ACTION QUERY 10000 10 mainstreaming
ACTION SERP 10000 15 EXAMINE_SERP
ACTION SNIPPET 10000 18 SNIPPET_NOT_RELEVANT b'959337'
ACTION SNIPPET 10000 21 SNIPPET_NOT_RELEVANT b'973283'
ACTION SNIPPET 10000 24 SNIPPET_RELEVANT b'183910'
ACTION DOC 10000 44 EXAMINING_DOCUMENT b'183910'
ACTION SNIPPET 10000 47 SNIPPET_RELEVANT b'1718294'
ACTION DOC 10000 67 EXAMINING_DOCUMENT b'1718294'
ACTION SNIPPET 10000 70 SNIPPET_NOT_RELEVANT b'1267884'
ACTION SNIPPET 10000 73 SNIPPET_RELEVANT b'1129279'
ACTION DOC 10000 93 EXAMINING_DOCUMENT b'1129279'
ACTION SNIPPET 10000 96 SNIPPET_NOT_RELEVANT b'610900'
ACTION SNIPPET 10000 99 SNIPPET_RELEVANT b'1216237'
ACTION DOC 10000 119 EXAMINING_DOCUMENT b'1216237'
ACTION SNIPPET 10000 122 SNIPPET_RELEVANT b'166353'
ACTION DOC 10000 142 EXAMINING_DOCUMENT b'166353'
ACTION SNIPPET 10000 145 SNIPPET_RELEVANT b'900664'
ACTION DOC 10000 165 EXAMINING_DOCUMENT b'900664'
ACTION QUERY 10000 175 mainstreaming inauguration
ACTION SERP 10000 180 EXAMINE_SERP
ACTION SNIPPET 10000 183 SNIPPET_RELEVANT b'316764'
ACTION DOC 10000 203 EXAMINING_DOCUMENT b'316764'
ACTION SNIPPET 10000 206 SNIPPET_RELEVANT b'1642774'
ACTION DOC 10000 226 EXAMINING_DOCUMENT b'1642774'
ACTION SNIPPET 10000 229 SNIPPET_NOT_RELEVANT b'1263748'
ACTION SNIPPET 10000 232 SNIPPET_NOT_RELEVANT b'1746549'
ACTION SNIPPET 10000 235 SNIPPET_NOT_RELEVANT b'1014827'
ACTION SNIPPET 10000 238 SNIPPET_RELEVANT b'1239325'
ACTION DOC 10000 258 EXAMINING_DOCUMENT b'1239325'
ACTION SNIPPET 10000 261 SNIPPET_NOT_RELEVANT b'1644552'
ACTION SNIPPET 10000 264 SNIPPET_NOT_RELEVANT b'452404'
ACTION SNIPPET 10000 267 SNIPPET_NOT_RELEVANT b'1746299'
ACTION SNIPPET 10000 270 SNIPPET_NOT_RELEVANT b'280119'
ACTION QUERY 10000 280 mainstreaming families
ACTION SERP 10000 285 EXAMINE_SERP
ACTION SNIPPET 10000 288 SNIPPET_NOT_RELEVANT b'959337'
ACTION SNIPPET 10000 291 SEEN_PREVIOUSLY b'1216237'
ACTION SNIPPET 10000 294 SNIPPET_NOT_RELEVANT b'1073980'
ACTION SNIPPET 10000 297 SNIPPET_RELEVANT b'139792'
ACTION DOC 10000 317 EXAMINING_DOCUMENT b'139792'
ACTION SNIPPET 10000 320 SNIPPET_NOT_RELEVANT b'752967'
ACTION SNIPPET 10000 323 SNIPPET_RELEVANT b'708266'
ACTION DOC 10000 343 EXAMINING_DOCUMENT b'708266'
ACTION SNIPPET 10000 346 SNIPPET_RELEVANT b'792264'
ACTION DOC 10000 366 EXAMINING_DOCUMENT b'792264'
ACTION SNIPPET 10000 369 SNIPPET_RELEVANT b'792594'
ACTION DOC 10000 389 EXAMINING_DOCUMENT b'792594'
ACTION SNIPPET 10000 392 SNIPPET_NOT_RELEVANT b'677409'
ACTION SNIPPET 10000 395 SNIPPET_RELEVANT b'1153015'
ACTION DOC 10000 415 EXAMINING_DOCUMENT b'1153015'
ACTION QUERY 10000 425 mainstreaming despond
ACTION SERP 10000 430 EXAMINE_SERP
ACTION SNIPPET 10000 433 SEEN_PREVIOUSLY b'1642774'
ACTION SNIPPET 10000 436 SNIPPET_NOT_RELEVANT b'164926'
ACTION SNIPPET 10000 439 SNIPPET_RELEVANT b'354915'
ACTION DOC 10000 459 EXAMINING_DOCUMENT b'354915'
ACTION SNIPPET 10000 462 SNIPPET_NOT_RELEVANT b'337086'
ACTION SNIPPET 10000 465 SNIPPET_NOT_RELEVANT b'222644'
ACTION SNIPPET 10000 468 SNIPPET_NOT_RELEVANT b'131357'
ACTION SNIPPET 10000 471 SNIPPET_RELEVANT b'32276'
ACTION DOC 10000 491 EXAMINING_DOCUMENT b'32276'
ACTION SNIPPET 10000 494 SNIPPET_RELEVANT b'257644'
ACTION DOC 10000 514 EXAMINING_DOCUMENT b'257644'
ACTION SNIPPET 10000 517 SNIPPET_NOT_RELEVANT b'1012276'
ACTION SNIPPET 10000 520 SNIPPET_NOT_RELEVANT b'33699'
ACTION QUERY 10000 530 mainstreaming holistic
ACTION SERP 10000 535 EXAMINE_SERP
ACTION SNIPPET 10000 538 SNIPPET_NOT_RELEVANT b'610900'
ACTION SNIPPET 10000 541 SNIPPET_RELEVANT b'1672218'
ACTION DOC 10000 561 EXAMINING_DOCUMENT b'1672218'
ACTION SNIPPET 10000 564 SNIPPET_NOT_RELEVANT b'1612299'
ACTION SNIPPET 10000 567 SNIPPET_NOT_RELEVANT b'1056688'
ACTION SNIPPET 10000 570 SNIPPET_NOT_RELEVANT b'881715'
ACTION SNIPPET 10000 573 SNIPPET_RELEVANT b'1303967'
ACTION DOC 10000 593 EXAMINING_DOCUMENT b'1303967'
ACTION SNIPPET 10000 596 SNIPPET_RELEVANT b'464018'
ACTION DOC 10000 616 EXAMINING_DOCUMENT b'464018'
ACTION SNIPPET 10000 619 SNIPPET_NOT_RELEVANT b'1314719'
ACTION SNIPPET 10000 622 SNIPPET_RELEVANT b'1034647'
ACTION DOC 10000 642 EXAMINING_DOCUMENT b'1034647'
ACTION SNIPPET 10000 645 SNIPPET_NOT_RELEVANT b'858889'
ACTION QUERY 10000 655 mainstreaming chiropractor
ACTION SERP 10000 660 EXAMINE_SERP
ACTION SNIPPET 10000 663 SNIPPET_RELEVANT b'77629'
ACTION DOC 10000 683 EXAMINING_DOCUMENT b'77629'
ACTION SNIPPET 10000 686 SNIPPET_NOT_RELEVANT b'457282'
ACTION SNIPPET 10000 689 SNIPPET_NOT_RELEVANT b'985246'
ACTION SNIPPET 10000 692 SNIPPET_NOT_RELEVANT b'49894'
ACTION SNIPPET 10000 695 SNIPPET_RELEVANT b'793865'
ACTION DOC 10000 715 EXAMINING_DOCUMENT b'793865'
ACTION SNIPPET 10000 718 SNIPPET_RELEVANT b'946686'
ACTION DOC 10000 738 EXAMINING_DOCUMENT b'946686'
ACTION SNIPPET 10000 741 SNIPPET_NOT_RELEVANT b'324953'
ACTION SNIPPET 10000 744 SEEN_PREVIOUSLY b'464018'
ACTION SNIPPET 10000 747 SNIPPET_NOT_RELEVANT b'69999'
ACTION SNIPPET 10000 750 SNIPPET_NOT_RELEVANT b'207298'
ACTION QUERY 10000 760 mainstreaming practice
ACTION SERP 10000 765 EXAMINE_SERP
ACTION SNIPPET 10000 768 SNIPPET_NOT_RELEVANT b'702081'
ACTION SNIPPET 10000 771 SNIPPET_RELEVANT b'1557431'
ACTION DOC 10000 791 EXAMINING_DOCUMENT b'1557431'
ACTION SNIPPET 10000 794 SNIPPET_RELEVANT b'1737727'
ACTION DOC 10000 814 EXAMINING_DOCUMENT b'1737727'
ACTION SNIPPET 10000 817 SNIPPET_NOT_RELEVANT b'1614416'
ACTION SNIPPET 10000 820 SNIPPET_RELEVANT b'143379'
ACTION DOC 10000 840 EXAMINING_DOCUMENT b'143379'
ACTION SNIPPET 10000 843 SNIPPET_NOT_RELEVANT b'1529163'
ACTION SNIPPET 10000 846 SNIPPET_RELEVANT b'11669'
ACTION DOC 10000 866 EXAMINING_DOCUMENT b'11669'
ACTION SNIPPET 10000 869 SNIPPET_NOT_RELEVANT b'1090141'
ACTION SNIPPET 10000 872 SEEN_PREVIOUSLY b'1642774'
ACTION SNIPPET 10000 875 SNIPPET_NOT_RELEVANT b'1128203'
ACTION QUERY 10000 885 mainstreaming systems
ACTION SERP 10000 890 EXAMINE_SERP
ACTION SNIPPET 10000 893 SNIPPET_NOT_RELEVANT b'390262'
ACTION SNIPPET 10000 896 SNIPPET_NOT_RELEVANT b'570480'
ACTION SNIPPET 10000 899 SNIPPET_NOT_RELEVANT b'859968'
ACTION SNIPPET 10000 902 SNIPPET_NOT_RELEVANT b'1291259'
ACTION SNIPPET 10000 905 SNIPPET_RELEVANT b'1229966'
ACTION DOC 10000 925 EXAMINING_DOCUMENT b'1229966'
ACTION SNIPPET 10000 928 SNIPPET_NOT_RELEVANT b'302513'
ACTION SNIPPET 10000 931 SNIPPET_RELEVANT b'892030'
ACTION DOC 10000 951 EXAMINING_DOCUMENT b'892030'
ACTION MARK 10000 954 CONSIDERED_RELEVANT b'892030'
ACTION SNIPPET 10000 957 SEEN_PREVIOUSLY b'183910'
ACTION SNIPPET 10000 960 SNIPPET_RELEVANT b'489302'
ACTION DOC 10000 980 EXAMINING_DOCUMENT b'489302'
ACTION SNIPPET 10000 983 SEEN_PREVIOUSLY b'1737727'
ACTION QUERY 10000 993 mainstreaming needles
ACTION SERP 10000 998 EXAMINE_SERP
ACTION SNIPPET 10000 1001 SNIPPET_RELEVANT b'958975'
ACTION DOC 10000 1021 EXAMINING_DOCUMENT b'958975'
ACTION SNIPPET 10000 1024 SNIPPET_RELEVANT b'443583'
ACTION DOC 10000 1044 EXAMINING_DOCUMENT b'443583'
ACTION SNIPPET 10000 1047 SNIPPET_RELEVANT b'1652836'
ACTION DOC 10000 1067 EXAMINING_DOCUMENT b'1652836'
ACTION SNIPPET 10000 1070 SNIPPET_NOT_RELEVANT b'862734'
ACTION SNIPPET 10000 1073 SNIPPET_RELEVANT b'682502'
ACTION DOC 10000 1093 EXAMINING_DOCUMENT b'682502'
ACTION SNIPPET 10000 1096 SNIPPET_NOT_RELEVANT b'971309'
ACTION SNIPPET 10000 1099 SNIPPET_RELEVANT b'546943'
ACTION DOC 10000 1119 EXAMINING_DOCUMENT b'546943'
ACTION SNIPPET 10000 1122 SNIPPET_NOT_RELEVANT b'1637340'
ACTION SNIPPET 10000 1125 SNIPPET_NOT_RELEVANT b'1800708'
ACTION SNIPPET 10000 1128 SNIPPET_RELEVANT b'607204'
ACTION DOC 10000 1148 EXAMINING_DOCUMENT b'607204'
ACTION QUERY 10000 1158 mainstreaming geared
ACTION SERP 10000 1163 EXAMINE_SERP
ACTION SNIPPET 10000 1166 SEEN_PREVIOUSLY b'1557431'
ACTION SNIPPET 10000 1169 SNIPPET_NOT_RELEVANT b'517263'
ACTION SNIPPET 10000 1172 SNIPPET_RELEVANT b'1323992'
ACTION DOC 10000 1192 EXAMINING_DOCUMENT b'1323992'
ACTION SNIPPET 10000 1195 SNIPPET_RELEVANT b'722551'
ACTION DOC 10000 1215 EXAMINING_DOCUMENT b'722551'
ACTION SNIPPET 10000 1218 SNIPPET_NOT_RELEVANT b'861836'
ACTION SNIPPET 10000 1221 SNIPPET_RELEVANT b'895583'
ACTION DOC 10000 1241 EXAMINING_DOCUMENT b'895583'
ACTION SNIPPET 10000 1244 SNIPPET_RELEVANT b'895582'
ACTION DOC 10000 1264 EXAMINING_DOCUMENT b'895582'
ACTION SNIPPET 10000 1267 SNIPPET_NOT_RELEVANT b'815007'
ACTION SNIPPET 10000 1270 SNIPPET_NOT_RELEVANT b'814117'
ACTION SNIPPET 10000 1273 SNIPPET_NOT_RELEVANT b'1504228'
ACTION QUERY 10000 1283 mainstreaming symphonies
ACTION SERP 10000 1288 EXAMINE_SERP
ACTION SNIPPET 10000 1291 SNIPPET_NOT_RELEVANT b'1480634'
ACTION SNIPPET 10000 1294 SNIPPET_RELEVANT b'1707432'
ACTION DOC 10000 1314 EXAMINING_DOCUMENT b'1707432'
ACTION SNIPPET 10000 1317 SNIPPET_NOT_RELEVANT b'85828'
ACTION SNIPPET 10000 1320 SNIPPET_RELEVANT b'752058'
ACTION DOC 10000 1340 EXAMINING_DOCUMENT b'752058'
ACTION SNIPPET 10000 1343 SNIPPET_RELEVANT b'1118839'
ACTION DOC 10000 1363 EXAMINING_DOCUMENT b'1118839'
ACTION SNIPPET 10000 1366 SNIPPET_RELEVANT b'474269'
ACTION DOC 10000 1386 EXAMINING_DOCUMENT b'474269'
ACTION SNIPPET 10000 1389 SNIPPET_RELEVANT b'836156'
ACTION DOC 10000 1409 EXAMINING_DOCUMENT b'836156'
ACTION SNIPPET 10000 1412 SNIPPET_NOT_RELEVANT b'120829'
ACTION SNIPPET 10000 1415 SNIPPET_NOT_RELEVANT b'268601'
ACTION SNIPPET 10000 1418 SNIPPET_NOT_RELEVANT b'655995'
ACTION QUERY 10000 1428 mainstreaming kennedys
ACTION SERP 10000 1433 EXAMINE_SERP
ACTION SNIPPET 10000 1436 SNIPPET_NOT_RELEVANT b'741483'
ACTION SNIPPET 10000 1439 SNIPPET_RELEVANT b'217989'
ACTION DOC 10000 1459 EXAMINING_DOCUMENT b'217989'
ACTION SNIPPET 10000 1462 SEEN_PREVIOUSLY b'166353'
ACTION SNIPPET 10000 1465 SEEN_PREVIOUSLY b'607204'
ACTION SNIPPET 10000 1468 SNIPPET_NOT_RELEVANT b'880253'
ACTION SNIPPET 10000 1471 SNIPPET_RELEVANT b'194363'
ACTION DOC 10000 1491 EXAMINING_DOCUMENT b'194363'
ACTION SNIPPET 10000 1494 SNIPPET_RELEVANT b'711634'
ACTION DOC 10000 1514 EXAMINING_DOCUMENT b'711634'
ACTION SNIPPET 10000 1517 SNIPPET_NOT_RELEVANT b'320498'
ACTION SNIPPET 10000 1520 SNIPPET_NOT_RELEVANT b'1599531'
ACTION SNIPPET 10000 1523 SNIPPET_NOT_RELEVANT b'381268'
ACTION QUERY 10000 1533 mainstreaming arent
ACTION SERP 10000 1538 EXAMINE_SERP
ACTION SNIPPET 10000 1541 SNIPPET_NOT_RELEVANT b'449771'
ACTION SNIPPET 10000 1544 SNIPPET_NOT_RELEVANT b'418082'
ACTION SNIPPET 10000 1547 SNIPPET_NOT_RELEVANT b'607177'
ACTION SNIPPET 10000 1550 SNIPPET_RELEVANT b'1764955'
ACTION DOC 10000 1570 EXAMINING_DOCUMENT b'1764955'
ACTION SNIPPET 10000 1573 SNIPPET_NOT_RELEVANT b'68724'
ACTION SNIPPET 10000 1576 SNIPPET_RELEVANT b'786692'
ACTION DOC 10000 1596 EXAMINING_DOCUMENT b'786692'
ACTION SNIPPET 10000 1599 SNIPPET_NOT_RELEVANT b'121225'
ACTION SNIPPET 10000 1602 SNIPPET_RELEVANT b'264476'
ACTION DOC 10000 1622 EXAMINING_DOCUMENT b'264476'
ACTION SNIPPET 10000 1625 SNIPPET_NOT_RELEVANT b'1204462'
ACTION SNIPPET 10000 1628 SNIPPET_NOT_RELEVANT b'497531'
ACTION QUERY 10000 1638 mainstreaming michelle
ACTION SERP 10000 1643 EXAMINE_SERP
ACTION SNIPPET 10000 1646 SNIPPET_RELEVANT b'17466'
ACTION DOC 10000 1666 EXAMINING_DOCUMENT b'17466'
ACTION SNIPPET 10000 1669 SNIPPET_NOT_RELEVANT b'1163486'
ACTION SNIPPET 10000 1672 SNIPPET_RELEVANT b'297678'
ACTION DOC 10000 1692 EXAMINING_DOCUMENT b'297678'
ACTION SNIPPET 10000 1695 SNIPPET_RELEVANT b'1062509'
ACTION DOC 10000 1715 EXAMINING_DOCUMENT b'1062509'
ACTION SNIPPET 10000 1718 SNIPPET_NOT_RELEVANT b'887026'
ACTION SNIPPET 10000 1721 SNIPPET_NOT_RELEVANT b'1546137'
ACTION SNIPPET 10000 1724 SNIPPET_RELEVANT b'694159'
ACTION DOC 10000 1744 EXAMINING_DOCUMENT b'694159'
ACTION SNIPPET 10000 1747 SNIPPET_NOT_RELEVANT b'60628'
ACTION SNIPPET 10000 1750 SNIPPET_RELEVANT b'1232448'
ACTION DOC 10000 1770 EXAMINING_DOCUMENT b'1232448'
ACTION SNIPPET 10000 1773 SNIPPET_NOT_RELEVANT b'1615569'
ACTION QUERY 10000 1783 mainstreaming reporter
ACTION SERP 10000 1788 EXAMINE_SERP
ACTION SNIPPET 10000 1791 SEEN_PREVIOUSLY b'1229966'
ACTION SNIPPET 10000 1794 SNIPPET_RELEVANT b'1038169'
ACTION DOC 10000 1814 EXAMINING_DOCUMENT b'1038169'
ACTION SNIPPET 10000 1817 SNIPPET_NOT_RELEVANT b'1083301'
ACTION SNIPPET 10000 1820 SNIPPET_RELEVANT b'610900'
ACTION DOC 10000 1840 EXAMINING_DOCUMENT b'610900'
ACTION SNIPPET 10000 1843 SEEN_PREVIOUSLY b'708266'
ACTION SNIPPET 10000 1846 SEEN_PREVIOUSLY b'900664'
ACTION SNIPPET 10000 1849 SNIPPET_RELEVANT b'1656964'
ACTION DOC 10000 1869 EXAMINING_DOCUMENT b'1656964'
ACTION SNIPPET 10000 1872 SNIPPET_NOT_RELEVANT b'1675802'
ACTION SNIPPET 10000 1875 SNIPPET_RELEVANT b'1561014'
ACTION DOC 10000 1895 EXAMINING_DOCUMENT b'1561014'
ACTION SNIPPET 10000 1898 SNIPPET_RELEVANT b'728912'
ACTION DOC 10000 1918 EXAMINING_DOCUMENT b'728912'
ACTION QUERY 10000 1928 mainstreaming citing
ACTION SERP 10000 1933 EXAMINE_SERP
ACTION SNIPPET 10000 1936 SNIPPET_RELEVANT b'919778'
ACTION DOC 10000 1956 EXAMINING_DOCUMENT b'919778'
ACTION SNIPPET 10000 1959 SEEN_PREVIOUSLY b'728912'
ACTION SNIPPET 10000 1962 SNIPPET_NOT_RELEVANT b'1142999'
ACTION SNIPPET 10000 1965 SNIPPET_RELEVANT b'1029797'
ACTION DOC 10000 1985 EXAMINING_DOCUMENT b'1029797'
ACTION SNIPPET 10000 1988 SNIPPET_RELEVANT b'695440'
ACTION DOC 10000 2008 EXAMINING_DOCUMENT b'695440'
ACTION SNIPPET 10000 2011 SNIPPET_NOT_RELEVANT b'1614416'
ACTION SNIPPET 10000 2014 SNIPPET_RELEVANT b'1266308'
ACTION DOC 10000 2034 EXAMINING_DOCUMENT b'1266308'
ACTION SNIPPET 10000 2037 SNIPPET_NOT_RELEVANT b'722636'
ACTION SNIPPET 10000 2040 SNIPPET_NOT_RELEVANT b'1540155'
ACTION SNIPPET 10000 2043 SNIPPET_NOT_RELEVANT b'1633674'
ACTION QUERY 10000 2053 mainstreaming story
ACTION SERP 10000 2058 EXAMINE_SERP
ACTION SNIPPET 10000 2061 SEEN_PREVIOUSLY b'900664'
ACTION SNIPPET 10000 2064 SEEN_PREVIOUSLY b'1656964'
ACTION SNIPPET 10000 2067 SNIPPET_NOT_RELEVANT b'992245'
ACTION SNIPPET 10000 2070 SNIPPET_NOT_RELEVANT b'880253'
ACTION SNIPPET 10000 2073 SNIPPET_NOT_RELEVANT b'729318'
ACTION SNIPPET 10000 2076 SNIPPET_RELEVANT b'439802'
ACTION DOC 10000 2096 EXAMINING_DOCUMENT b'439802'
ACTION SNIPPET 10000 2099 SNIPPET_RELEVANT b'27303'
ACTION DOC 10000 2119 EXAMINING_DOCUMENT b'27303'
ACTION SNIPPET 10000 2122 SNIPPET_NOT_RELEVANT b'1380947'
ACTION SNIPPET 10000 2125 SNIPPET_NOT_RELEVANT b'234885'
ACTION SNIPPET 10000 2128 SNIPPET_RELEVANT b'1617861'
ACTION DOC 10000 2148 EXAMINING_DOCUMENT b'1617861'
ACTION QUERY 10000 2158 mainstreaming state
ACTION SERP 10000 2163 EXAMINE_SERP
ACTION SNIPPET 10000 2166 SEEN_PREVIOUSLY b'1129279'
ACTION SNIPPET 10000 2169 SEEN_PREVIOUSLY b'610900'
ACTION SNIPPET 10000 2172 SNIPPET_RELEVANT b'1083301'
ACTION DOC 10000 2192 EXAMINING_DOCUMENT b'1083301'
ACTION SNIPPET 10000 2195 SEEN_PREVIOUSLY b'183910'
ACTION SNIPPET 10000 2198 SEEN_PREVIOUSLY b'1216237'
ACTION SNIPPET 10000 2201 SNIPPET_RELEVANT b'1291259'
ACTION DOC 10000 2221 EXAMINING_DOCUMENT b'1291259'
ACTION SNIPPET 10000 2224 SNIPPET_RELEVANT b'903274'
ACTION DOC 10000 2244 EXAMINING_DOCUMENT b'903274'
ACTION SNIPPET 10000 2247 SNIPPET_NOT_RELEVANT b'712327'
ACTION SNIPPET 10000 2250 SNIPPET_RELEVANT b'959337'
ACTION DOC 10000 2270 EXAMINING_DOCUMENT b'959337'
ACTION SNIPPET 10000 2273 SNIPPET_RELEVANT b'973283'
ACTION DOC 10000 2293 EXAMINING_DOCUMENT b'973283'
ACTION QUERY 10000 2303 mainstreaming window
ACTION SERP 10000 2308 EXAMINE_SERP
ACTION SNIPPET 10000 2311 SNIPPET_RELEVANT b'1772859'
ACTION DOC 10000 2331 EXAMINING_DOCUMENT b'1772859'
ACTION SNIPPET 10000 2334 SNIPPET_NOT_RELEVANT b'1029961'
ACTION SNIPPET 10000 2337 SNIPPET_NOT_RELEVANT b'225480'
ACTION SNIPPET 10000 2340 SNIPPET_RELEVANT b'498579'
ACTION DOC 10000 2360 EXAMINING_DOCUMENT b'498579'
ACTION SNIPPET 10000 2363 SNIPPET_NOT_RELEVANT b'1781886'
ACTION SNIPPET 10000 2366 SNIPPET_RELEVANT b'769931'
ACTION DOC 10000 2386 EXAMINING_DOCUMENT b'769931'
ACTION SNIPPET 10000 2389 SNIPPET_NOT_RELEVANT b'1592842'
ACTION SNIPPET 10000 2392 SNIPPET_RELEVANT b'790692'
ACTION DOC 10000 2412 EXAMINING_DOCUMENT b'790692'
ACTION SNIPPET 10000 2415 SNIPPET_NOT_RELEVANT b'1667793'
ACTION SNIPPET 10000 2418 SNIPPET_NOT_RELEVANT b'1197886'
ACTION QUERY 10000 2428 mainstreaming name
ACTION SERP 10000 2433 EXAMINE_SERP
ACTION SNIPPET 10000 2436 SEEN_PREVIOUSLY b'1129279'
ACTION SNIPPET 10000 2439 SEEN_PREVIOUSLY b'183910'
ACTION SNIPPET 10000 2442 SNIPPET_NOT_RELEVANT b'622406'
ACTION SNIPPET 10000 2445 SEEN_PREVIOUSLY b'166353'
ACTION SNIPPET 10000 2448 SNIPPET_RELEVANT b'1784043'
ACTION DOC 10000 2468 EXAMINING_DOCUMENT b'1784043'
ACTION SNIPPET 10000 2471 SNIPPET_RELEVANT b'999745'
ACTION DOC 10000 2491 EXAMINING_DOCUMENT b'999745'
ACTION SNIPPET 10000 2494 SNIPPET_NOT_RELEVANT b'837019'
ACTION SNIPPET 10000 2497 SNIPPET_NOT_RELEVANT b'366488'
ACTION SNIPPET 10000 2500 SNIPPET_NOT_RELEVANT b'116756'
ACTION SNIPPET 10000 2503 SNIPPET_NOT_RELEVANT b'1835381'
ACTION QUERY 10000 2513 mainstreaming extreme
ACTION SERP 10000 2518 EXAMINE_SERP
ACTION SNIPPET 10000 2521 SNIPPET_NOT_RELEVANT b'837019'
ACTION SNIPPET 10000 2524 SNIPPET_NOT_RELEVANT b'1221414'
ACTION SNIPPET 10000 2527 SNIPPET_NOT_RELEVANT b'1599531'
ACTION SNIPPET 10000 2530 SEEN_PREVIOUSLY b'1216237'
ACTION SNIPPET 10000 2533 SNIPPET_NOT_RELEVANT b'1186531'
ACTION SNIPPET 10000 2536 SNIPPET_RELEVANT b'622406'
ACTION DOC 10000 2556 EXAMINING_DOCUMENT b'622406'
ACTION SNIPPET 10000 2559 SEEN_PREVIOUSLY b'903274'
ACTION SNIPPET 10000 2562 SNIPPET_NOT_RELEVANT b'1531566'
ACTION SNIPPET 10000 2565 SNIPPET_NOT_RELEVANT b'124811'
ACTION SNIPPET 10000 2568 SNIPPET_NOT_RELEVANT b'887928'
ACTION QUERY 10000 2578 mainstreaming femininity
ACTION SERP 10000 2583 EXAMINE_SERP
ACTION SNIPPET 10000 2586 SNIPPET_RELEVANT b'323202'
ACTION DOC 10000 2606 EXAMINING_DOCUMENT b'323202'
ACTION SNIPPET 10000 2609 SNIPPET_NOT_RELEVANT b'1785841'
ACTION SNIPPET 10000 2612 SNIPPET_RELEVANT b'1324958'
ACTION DOC 10000 2632 EXAMINING_DOCUMENT b'1324958'
ACTION SNIPPET 10000 2635 SNIPPET_NOT_RELEVANT b'1607236'
ACTION SNIPPET 10000 2638 SNIPPET_RELEVANT b'99722'
ACTION DOC 10000 2658 EXAMINING_DOCUMENT b'99722'
ACTION SNIPPET 10000 2661 SNIPPET_NOT_RELEVANT b'977907'
ACTION SNIPPET 10000 2664 SNIPPET_NOT_RELEVANT b'1026541'
ACTION SNIPPET 10000 2667 SNIPPET_NOT_RELEVANT b'1328830'
ACTION SNIPPET 10000 2670 SNIPPET_NOT_RELEVANT b'1258879'
ACTION SNIPPET 10000 2673 SNIPPET_NOT_RELEVANT b'607661'
ACTION QUERY 10000 2683 mainstreaming blond
ACTION SERP 10000 2688 EXAMINE_SERP
ACTION SNIPPET 10000 2691 SNIPPET_NOT_RELEVANT b'771023'
ACTION SNIPPET 10000 2694 SNIPPET_NOT_RELEVANT b'369163'
ACTION SNIPPET 10000 2697 SNIPPET_RELEVANT b'1056643'
ACTION DOC 10000 2717 EXAMINING_DOCUMENT b'1056643'
ACTION SNIPPET 10000 2720 SNIPPET_RELEVANT b'1739470'
ACTION DOC 10000 2740 EXAMINING_DOCUMENT b'1739470'
ACTION SNIPPET 10000 2743 SNIPPET_NOT_RELEVANT b'1466860'
ACTION SNIPPET 10000 2746 SNIPPET_NOT_RELEVANT b'371830'
ACTION SNIPPET 10000 2749 SNIPPET_NOT_RELEVANT b'603629'
ACTION SNIPPET 10000 2752 SNIPPET_RELEVANT b'1496539'
ACTION DOC 10000 2772 EXAMINING_DOCUMENT b'1496539'
ACTION SNIPPET 10000 2775 SNIPPET_NOT_RELEVANT b'1585438'
ACTION SNIPPET 10000 2778 SNIPPET_NOT_RELEVANT b'1173720'
ACTION QUERY 10000 2788 mainstreaming appeals
ACTION SERP 10000 2793 EXAMINE_SERP
ACTION SNIPPET 10000 2796 SNIPPET_NOT_RELEVANT b'103309'
ACTION SNIPPET 10000 2799 SEEN_PREVIOUSLY b'999745'
ACTION SNIPPET 10000 2802 SNIPPET_RELEVANT b'302513'
ACTION DOC 10000 2822 EXAMINING_DOCUMENT b'302513'
ACTION SNIPPET 10000 2825 SNIPPET_NOT_RELEVANT b'1292376'
ACTION SNIPPET 10000 2828 SNIPPET_NOT_RELEVANT b'98752'
ACTION SNIPPET 10000 2831 SNIPPET_NOT_RELEVANT b'1840554'
ACTION SNIPPET 10000 2834 SNIPPET_NOT_RELEVANT b'553424'
ACTION SNIPPET 10000 2837 SNIPPET_NOT_RELEVANT b'1370270'
ACTION SNIPPET 10000 2840 SNIPPET_NOT_RELEVANT b'1431102'
ACTION SNIPPET 10000 2843 SNIPPET_NOT_RELEVANT b'659722'
ACTION QUERY 10000 2853 mainstreaming transition
ACTION SERP 10000 2858 EXAMINE_SERP
ACTION SNIPPET 10000 2861 SNIPPET_NOT_RELEVANT b'858752'
ACTION SNIPPET 10000 2864 SNIPPET_NOT_RELEVANT b'1382792'
ACTION SNIPPET 10000 2867 SNIPPET_NOT_RELEVANT b'572368'
ACTION SNIPPET 10000 2870 SNIPPET_NOT_RELEVANT b'1785841'
ACTION SNIPPET 10000 2873 SNIPPET_NOT_RELEVANT b'1214701'
ACTION SNIPPET 10000 2876 SNIPPET_NOT_RELEVANT b'1257197'
ACTION SNIPPET 10000 2879 SNIPPET_NOT_RELEVANT b'208700'
ACTION SNIPPET 10000 2882 SNIPPET_NOT_RELEVANT b'751177'
ACTION SNIPPET 10000 2885 SNIPPET_RELEVANT b'648275'
ACTION DOC 10000 2905 EXAMINING_DOCUMENT b'648275'
ACTION SNIPPET 10000 2908 SNIPPET_NOT_RELEVANT b'69819'
ACTION QUERY 10000 2918 mainstreaming safe
ACTION SERP 10000 2923 EXAMINE_SERP
ACTION SNIPPET 10000 2926 SNIPPET_RELEVANT b'556160'
ACTION DOC 10000 2946 EXAMINING_DOCUMENT b'556160'
ACTION SNIPPET 10000 2949 SNIPPET_NOT_RELEVANT b'541905'
ACTION SNIPPET 10000 2952 SNIPPET_RELEVANT b'1061230'
ACTION DOC 10000 2972 EXAMINING_DOCUMENT b'1061230'
ACTION SNIPPET 10000 2975 SNIPPET_NOT_RELEVANT b'1304039'
ACTION SNIPPET 10000 2978 SNIPPET_NOT_RELEVANT b'1515042'
ACTION SNIPPET 10000 2981 SNIPPET_RELEVANT b'313596'
ACTION DOC 10000 3001 EXAMINING_DOCUMENT b'313596'
ACTION SNIPPET 10000 3004 SNIPPET_RELEVANT b'985626'
ACTION DOC 10000 3024 EXAMINING_DOCUMENT b'985626'
ACTION SNIPPET 10000 3027 SNIPPET_NOT_RELEVANT b'1284116'
ACTION SNIPPET 10000 3030 SNIPPET_NOT_RELEVANT b'116756'
ACTION SNIPPET 10000 3033 SNIPPET_NOT_RELEVANT b'185162'
ACTION QUERY 10000 3043 mainstreaming lamborghini
ACTION SERP 10000 3048 EXAMINE_SERP
ACTION SNIPPET 10000 3051 SNIPPET_NOT_RELEVANT b'339495'
ACTION SNIPPET 10000 3054 SNIPPET_NOT_RELEVANT b'591973'
ACTION SNIPPET 10000 3057 SNIPPET_NOT_RELEVANT b'1401054'
ACTION SNIPPET 10000 3060 SNIPPET_NOT_RELEVANT b'33323'
ACTION SNIPPET 10000 3063 SNIPPET_NOT_RELEVANT b'1328830'
ACTION SNIPPET 10000 3066 SNIPPET_NOT_RELEVANT b'935586'
ACTION SNIPPET 10000 3069 SNIPPET_NOT_RELEVANT b'1626580'
ACTION SNIPPET 10000 3072 SNIPPET_RELEVANT b'748355'
ACTION DOC 10000 3092 EXAMINING_DOCUMENT b'748355'
ACTION SNIPPET 10000 3095 SNIPPET_NOT_RELEVANT b'1401063'
ACTION SNIPPET 10000 3098 SNIPPET_NOT_RELEVANT b'1459852'
ACTION QUERY 10000 3108 mainstreaming keary
ACTION SERP 10000 3113 EXAMINE_SERP
ACTION SNIPPET 10000 3116 SNIPPET_RELEVANT b'951523'
ACTION DOC 10000 3136 EXAMINING_DOCUMENT b'951523'
ACTION SNIPPET 10000 3139 SNIPPET_RELEVANT b'1660409'
ACTION DOC 10000 3159 EXAMINING_DOCUMENT b'1660409'
ACTION SNIPPET 10000 3162 SNIPPET_NOT_RELEVANT b'993608'
ACTION SNIPPET 10000 3165 SNIPPET_NOT_RELEVANT b'993433'
ACTION SNIPPET 10000 3168 SNIPPET_RELEVANT b'777868'
ACTION DOC 10000 3188 EXAMINING_DOCUMENT b'777868'
ACTION SNIPPET 10000 3191 SNIPPET_NOT_RELEVANT b'723154'
ACTION SNIPPET 10000 3194 SNIPPET_RELEVANT b'1353704'
ACTION DOC 10000 3214 EXAMINING_DOCUMENT b'1353704'
ACTION SNIPPET 10000 3217 SNIPPET_NOT_RELEVANT b'1041668'
ACTION SNIPPET 10000 3220 SNIPPET_RELEVANT b'1710585'
ACTION DOC 10000 3240 EXAMINING_DOCUMENT b'1710585'
ACTION SNIPPET 10000 3243 SNIPPET_NOT_RELEVANT b'1799226'
ACTION QUERY 10000 3253 mainstreaming windshield
ACTION SERP 10000 3258 EXAMINE_SERP
ACTION SNIPPET 10000 3261 SNIPPET_NOT_RELEVANT b'225480'
ACTION SNIPPET 10000 3264 SNIPPET_NOT_RELEVANT b'1417902'
ACTION SNIPPET 10000 3267 SNIPPET_NOT_RELEVANT b'178158'
ACTION SNIPPET 10000 3270 SNIPPET_NOT_RELEVANT b'176292'
ACTION SNIPPET 10000 3273 SNIPPET_RELEVANT b'920803'
ACTION DOC 10000 3293 EXAMINING_DOCUMENT b'920803'
ACTION SNIPPET 10000 3296 SNIPPET_RELEVANT b'1712430'
ACTION DOC 10000 3316 EXAMINING_DOCUMENT b'1712430'
ACTION SNIPPET 10000 3319 SNIPPET_RELEVANT b'285792'
ACTION DOC 10000 3339 EXAMINING_DOCUMENT b'285792'
ACTION SNIPPET 10000 3342 SNIPPET_NOT_RELEVANT b'139709'
ACTION SNIPPET 10000 3345 SNIPPET_NOT_RELEVANT b'1475988'
ACTION SNIPPET 10000 3348 SNIPPET_RELEVANT b'1504197'
ACTION DOC 10000 3368 EXAMINING_DOCUMENT b'1504197'
ACTION QUERY 10000 3378 mainstreaming wiper
ACTION SERP 10000 3383 EXAMINE_SERP
ACTION SNIPPET 10000 3386 SNIPPET_RELEVANT b'1417902'
ACTION DOC 10000 3406 EXAMINING_DOCUMENT b'1417902'
ACTION SNIPPET 10000 3409 SNIPPET_NOT_RELEVANT b'721629'
ACTION SNIPPET 10000 3412 SNIPPET_RELEVANT b'358216'
ACTION DOC 10000 3432 EXAMINING_DOCUMENT b'358216'
ACTION SNIPPET 10000 3435 SNIPPET_RELEVANT b'1436663'
ACTION DOC 10000 3455 EXAMINING_DOCUMENT b'1436663'
ACTION SNIPPET 10000 3458 SNIPPET_RELEVANT b'352052'
ACTION DOC 10000 3478 EXAMINING_DOCUMENT b'352052'
ACTION SNIPPET 10000 3481 SNIPPET_RELEVANT b'368110'
ACTION DOC 10000 3501 EXAMINING_DOCUMENT b'368110'
ACTION SNIPPET 10000 3504 SNIPPET_RELEVANT b'178158'
ACTION DOC 10000 3524 EXAMINING_DOCUMENT b'178158'
ACTION SNIPPET 10000 3527 SNIPPET_RELEVANT b'363944'
ACTION DOC 10000 3547 EXAMINING_DOCUMENT b'363944'
ACTION SNIPPET 10000 3550 SNIPPET_NOT_RELEVANT b'304056'
ACTION SNIPPET 10000 3553 SNIPPET_NOT_RELEVANT b'1554750'
ACTION QUERY 10000 3563 mainstreaming cadillacs
ACTION SERP 10000 3568 EXAMINE_SERP
ACTION SNIPPET 10000 3571 SNIPPET_RELEVANT b'704930'
ACTION DOC 10000 3591 EXAMINING_DOCUMENT b'704930'
ACTION SNIPPET 10000 3594 SNIPPET_RELEVANT b'914441'
ACTION DOC 10000 3614 EXAMINING_DOCUMENT b'914441'
ACTION SNIPPET 10000 3617 SEEN_PREVIOUSLY b'1417902'
ACTION SNIPPET 10000 3620 SNIPPET_NOT_RELEVANT b'1669205'
ACTION SNIPPET 10000 3623 SNIPPET_RELEVANT b'1696451'
ACTION DOC 10000 3643 EXAMINING_DOCUMENT b'1696451'
ACTION SNIPPET 10000 3646 SNIPPET_RELEVANT b'1355769'
ACTION DOC 10000 3666 EXAMINING_DOCUMENT b'1355769'
ACTION SNIPPET 10000 3669 SNIPPET_NOT_RELEVANT b'1420510'
ACTION SNIPPET 10000 3672 SNIPPET_NOT_RELEVANT b'1358281'
ACTION SNIPPET 10000 3675 SNIPPET_NOT_RELEVANT b'1152705'
ACTION SNIPPET 10000 3678 SNIPPET_NOT_RELEVANT b'1133508'
ACTION QUERY 10000 3688 mainstreaming declared
ACTION SERP 10000 3693 EXAMINE_SERP
ACTION SNIPPET 10000 3696 SEEN_PREVIOUSLY b'302513'
ACTION SNIPPET 10000 3699 SNIPPET_RELEVANT b'1441151'
ACTION DOC 10000 3719 EXAMINING_DOCUMENT b'1441151'
ACTION SNIPPET 10000 3722 SNIPPET_RELEVANT b'388077'
ACTION DOC 10000 3742 EXAMINING_DOCUMENT b'388077'
ACTION SNIPPET 10000 3745 SNIPPET_NOT_RELEVANT b'169944'
ACTION SNIPPET 10000 3748 SEEN_PREVIOUSLY b'143379'
ACTION SNIPPET 10000 3751 SNIPPET_RELEVANT b'1330153'
ACTION DOC 10000 3771 EXAMINING_DOCUMENT b'1330153'
ACTION SNIPPET 10000 3774 SNIPPET_NOT_RELEVANT b'1080775'
ACTION SNIPPET 10000 3777 SNIPPET_RELEVANT b'1077530'
ACTION DOC 10000 3797 EXAMINING_DOCUMENT b'1077530'
ACTION SNIPPET 10000 3800 SNIPPET_RELEVANT b'337711'
ACTION DOC 10000 3820 EXAMINING_DOCUMENT b'337711'
ACTION SNIPPET 10000 3823 SNIPPET_NOT_RELEVANT b'932564'
ACTION QUERY 10000 3833 mainstreaming sweet
ACTION SERP 10000 3838 EXAMINE_SERP
ACTION SNIPPET 10000 3841 SNIPPET_RELEVANT b'832095'
ACTION DOC 10000 3861 EXAMINING_DOCUMENT b'832095'
ACTION SNIPPET 10000 3864 SNIPPET_NOT_RELEVANT b'245363'
ACTION SNIPPET 10000 3867 SNIPPET_RELEVANT b'1082611'
ACTION DOC 10000 3887 EXAMINING_DOCUMENT b'1082611'
ACTION SNIPPET 10000 3890 SNIPPET_NOT_RELEVANT b'355448'
ACTION SNIPPET 10000 3893 SEEN_PREVIOUSLY b'77629'
ACTION SNIPPET 10000 3896 SNIPPET_NOT_RELEVANT b'588233'
ACTION SNIPPET 10000 3899 SNIPPET_NOT_RELEVANT b'1199792'
ACTION SNIPPET 10000 3902 SNIPPET_NOT_RELEVANT b'577197'
ACTION SNIPPET 10000 3905 SNIPPET_NOT_RELEVANT b'1377706'
ACTION SNIPPET 10000 3908 SNIPPET_RELEVANT b'841532'
ACTION DOC 10000 3928 EXAMINING_DOCUMENT b'841532'
ACTION QUERY 10000 3938 mainstreaming fail
ACTION SERP 10000 3943 EXAMINE_SERP
ACTION SNIPPET 10000 3946 SEEN_PREVIOUSLY b'695440'
ACTION SNIPPET 10000 3949 SEEN_PREVIOUSLY b'1216237'
ACTION SNIPPET 10000 3952 SNIPPET_NOT_RELEVANT b'736149'
ACTION SNIPPET 10000 3955 SNIPPET_RELEVANT b'1776173'
ACTION DOC 10000 3975 EXAMINING_DOCUMENT b'1776173'
ACTION SNIPPET 10000 3978 SNIPPET_NOT_RELEVANT b'169944'
ACTION SNIPPET 10000 3981 SNIPPET_NOT_RELEVANT b'1028944'
ACTION SNIPPET 10000 3984 SNIPPET_RELEVANT b'16440'
ACTION DOC 10000 4004 EXAMINING_DOCUMENT b'16440'
ACTION SNIPPET 10000 4007 SNIPPET_RELEVANT b'362074'
ACTION DOC 10000 4027 EXAMINING_DOCUMENT b'362074'
ACTION SNIPPET 10000 4030 SNIPPET_RELEVANT b'1389881'
ACTION DOC 10000 4050 EXAMINING_DOCUMENT b'1389881'
ACTION SNIPPET 10000 4053 SNIPPET_NOT_RELEVANT b'1360779'
ACTION QUERY 10000 4063 mainstreaming replaced
ACTION SERP 10000 4068 EXAMINE_SERP
ACTION SNIPPET 10000 4071 SNIPPET_RELEVANT b'339413'
ACTION DOC 10000 4091 EXAMINING_DOCUMENT b'339413'
ACTION SNIPPET 10000 4094 SNIPPET_NOT_RELEVANT b'711352'
ACTION SNIPPET 10000 4097 SNIPPET_RELEVANT b'309341'
ACTION DOC 10000 4117 EXAMINING_DOCUMENT b'309341'
ACTION SNIPPET 10000 4120 SNIPPET_NOT_RELEVANT b'558855'
ACTION SNIPPET 10000 4123 SNIPPET_NOT_RELEVANT b'1257197'
ACTION SNIPPET 10000 4126 SNIPPET_NOT_RELEVANT b'1258120'
ACTION SNIPPET 10000 4129 SNIPPET_NOT_RELEVANT b'1233162'
ACTION SNIPPET 10000 4132 SNIPPET_NOT_RELEVANT b'1808801'
ACTION SNIPPET 10000 4135 SNIPPET_NOT_RELEVANT b'300957'
ACTION SNIPPET 10000 4138 SNIPPET_NOT_RELEVANT b'169944'
ACTION QUERY 10000 4148 mainstreaming leave
ACTION SERP 10000 4153 EXAMINE_SERP
ACTION SNIPPET 10000 4156 SNIPPET_NOT_RELEVANT b'830736'
ACTION SNIPPET 10000 4159 SNIPPET_NOT_RELEVANT b'1364522'
ACTION SNIPPET 10000 4162 SEEN_PREVIOUSLY b'183910'
ACTION SNIPPET 10000 4165 SNIPPET_RELEVANT b'340231'
ACTION DOC 10000 4185 EXAMINING_DOCUMENT b'340231'
ACTION SNIPPET 10000 4188 SEEN_PREVIOUSLY b'708266'
ACTION SNIPPET 10000 4191 SNIPPET_RELEVANT b'712327'
ACTION DOC 10000 4211 EXAMINING_DOCUMENT b'712327'
ACTION SNIPPET 10000 4214 SNIPPET_NOT_RELEVANT b'1070316'
ACTION SNIPPET 10000 4217 SNIPPET_NOT_RELEVANT b'708060'
ACTION SNIPPET 10000 4220 SNIPPET_NOT_RELEVANT b'938061'
ACTION SNIPPET 10000 4223 SNIPPET_NOT_RELEVANT b'1762346'
ACTION QUERY 10000 4233 mainstreaming emcee
ACTION SERP 10000 4238 EXAMINE_SERP
ACTION SNIPPET 10000 4241 SNIPPET_RELEVANT b'534269'
ACTION DOC 10000 4261 EXAMINING_DOCUMENT b'534269'
ACTION SNIPPET 10000 4264 SNIPPET_RELEVANT b'434968'
ACTION DOC 10000 4284 EXAMINING_DOCUMENT b'434968'
ACTION SNIPPET 10000 4287 SNIPPET_RELEVANT b'786285'
ACTION DOC 10000 4307 EXAMINING_DOCUMENT b'786285'
ACTION SNIPPET 10000 4310 SNIPPET_RELEVANT b'466266'
ACTION DOC 10000 4330 EXAMINING_DOCUMENT b'466266'
ACTION SNIPPET 10000 4333 SNIPPET_NOT_RELEVANT b'1694618'
ACTION SNIPPET 10000 4336 SNIPPET_NOT_RELEVANT b'962974'
ACTION SNIPPET 10000 4339 SNIPPET_NOT_RELEVANT b'428887'
ACTION SNIPPET 10000 4342 SNIPPET_RELEVANT b'1061707'
ACTION DOC 10000 4362 EXAMINING_DOCUMENT b'1061707'
ACTION SNIPPET 10000 4365 SNIPPET_NOT_RELEVANT b'972690'
ACTION SNIPPET 10000 4368 SNIPPET_RELEVANT b'1012297'
ACTION DOC 10000 4388 EXAMINING_DOCUMENT b'1012297'
ACTION QUERY 10000 4398 mainstreaming jukka
ACTION SERP 10000 4403 EXAMINE_SERP
ACTION SNIPPET 10000 4406 SEEN_PREVIOUSLY b'836156'
ACTION SNIPPET 10000 4409 SNIPPET_RELEVANT b'204063'
ACTION DOC 10000 4429 EXAMINING_DOCUMENT b'204063'
ACTION SNIPPET 10000 4432 SNIPPET_RELEVANT b'1386842'
ACTION DOC 10000 4452 EXAMINING_DOCUMENT b'1386842'
ACTION SNIPPET 10000 4455 SNIPPET_RELEVANT b'746480'
ACTION DOC 10000 4475 EXAMINING_DOCUMENT b'746480'
ACTION SNIPPET 10000 4478 SNIPPET_RELEVANT b'1386918'
ACTION DOC 10000 4498 EXAMINING_DOCUMENT b'1386918'
ACTION SNIPPET 10000 4501 SNIPPET_NOT_RELEVANT b'636891'
ACTION SNIPPET 10000 4504 SNIPPET_NOT_RELEVANT b'1774011'
ACTION SNIPPET 10000 4507 SNIPPET_RELEVANT b'996781'
ACTION DOC 10000 4527 EXAMINING_DOCUMENT b'996781'
ACTION SNIPPET 10000 4530 SNIPPET_NOT_RELEVANT b'702391'
ACTION SNIPPET 10000 4533 SNIPPET_RELEVANT b'95780'
ACTION DOC 10000 4553 EXAMINING_DOCUMENT b'95780'
ACTION QUERY 10000 4563 mainstreaming outlawed
ACTION SERP 10000 4568 EXAMINE_SERP
ACTION SNIPPET 10000 4571 SNIPPET_NOT_RELEVANT b'1529163'
ACTION SNIPPET 10000 4574 SNIPPET_NOT_RELEVANT b'1529464'
ACTION SNIPPET 10000 4577 SNIPPET_NOT_RELEVANT b'910078'
ACTION SNIPPET 10000 4580 SNIPPET_RELEVANT b'225480'
ACTION DOC 10000 4600 EXAMINING_DOCUMENT b'225480'
ACTION SNIPPET 10000 4603 SNIPPET_NOT_RELEVANT b'1350997'
ACTION SNIPPET 10000 4606 SNIPPET_NOT_RELEVANT b'143867'
ACTION SNIPPET 10000 4609 SNIPPET_NOT_RELEVANT b'867051'
ACTION SNIPPET 10000 4612 SNIPPET_NOT_RELEVANT b'193338'
ACTION SNIPPET 10000 4615 SNIPPET_NOT_RELEVANT b'520498'
ACTION SNIPPET 10000 4618 SNIPPET_NOT_RELEVANT b'1045602'
ACTION QUERY 10000 4628 mainstreaming abort
ACTION SERP 10000 4633 EXAMINE_SERP
ACTION SNIPPET 10000 4636 SNIPPET_RELEVANT b'1718292'
ACTION DOC 10000 4656 EXAMINING_DOCUMENT b'1718292'
ACTION SNIPPET 10000 4659 SEEN_PREVIOUSLY b'1718294'
ACTION SNIPPET 10000 4662 SNIPPET_NOT_RELEVANT b'1401626'
ACTION SNIPPET 10000 4665 SNIPPET_NOT_RELEVANT b'1205044'
ACTION SNIPPET 10000 4668 SNIPPET_NOT_RELEVANT b'719220'
ACTION SNIPPET 10000 4671 SNIPPET_NOT_RELEVANT b'515834'
ACTION SNIPPET 10000 4674 SNIPPET_RELEVANT b'1666826'
ACTION DOC 10000 4694 EXAMINING_DOCUMENT b'1666826'
ACTION SNIPPET 10000 4697 SNIPPET_NOT_RELEVANT b'1456621'
ACTION SNIPPET 10000 4700 SNIPPET_NOT_RELEVANT b'1529464'
ACTION SNIPPET 10000 4703 SNIPPET_NOT_RELEVANT b'744254'
ACTION QUERY 10000 4713 mainstreaming naral
ACTION SERP 10000 4718 EXAMINE_SERP
ACTION SNIPPET 10000 4721 SNIPPET_RELEVANT b'1456621'
ACTION DOC 10000 4741 EXAMINING_DOCUMENT b'1456621'
ACTION SNIPPET 10000 4744 SNIPPET_RELEVANT b'1574706'
ACTION DOC 10000 4764 EXAMINING_DOCUMENT b'1574706'
ACTION SNIPPET 10000 4767 SNIPPET_NOT_RELEVANT b'1697174'
ACTION SNIPPET 10000 4770 SNIPPET_NOT_RELEVANT b'1738077'
ACTION SNIPPET 10000 4773 SNIPPET_RELEVANT b'1694251'
ACTION DOC 10000 4793 EXAMINING_DOCUMENT b'1694251'
ACTION SNIPPET 10000 4796 SNIPPET_RELEVANT b'671829'
ACTION DOC 10000 4816 EXAMINING_DOCUMENT b'671829'
ACTION SNIPPET 10000 4819 SNIPPET_NOT_RELEVANT b'1697498'
ACTION SNIPPET 10000 4822 SNIPPET_RELEVANT b'1693936'
ACTION DOC 10000 4842 EXAMINING_DOCUMENT b'1693936'
ACTION SNIPPET 10000 4845 SNIPPET_RELEVANT b'1212827'
ACTION DOC 10000 4865 EXAMINING_DOCUMENT b'1212827'
ACTION SNIPPET 10000 4868 SNIPPET_NOT_RELEVANT b'1694359'
ACTION QUERY 10000 4878 mainstreaming televised
ACTION SERP 10000 4883 EXAMINE_SERP
ACTION SNIPPET 10000 4886 SNIPPET_NOT_RELEVANT b'677409'
ACTION SNIPPET 10000 4889 SEEN_PREVIOUSLY b'1561014'
ACTION SNIPPET 10000 4892 SNIPPET_NOT_RELEVANT b'381268'
ACTION SNIPPET 10000 4895 SNIPPET_NOT_RELEVANT b'1809418'
ACTION SNIPPET 10000 4898 SNIPPET_NOT_RELEVANT b'628697'
ACTION SNIPPET 10000 4901 SNIPPET_NOT_RELEVANT b'327953'
ACTION SNIPPET 10000 4904 SEEN_PREVIOUSLY b'610900'
ACTION SNIPPET 10000 4907 SNIPPET_RELEVANT b'1229914'
ACTION DOC 10000 4927 EXAMINING_DOCUMENT b'1229914'
ACTION SNIPPET 10000 4930 SNIPPET_NOT_RELEVANT b'927316'
ACTION SNIPPET 10000 4933 SNIPPET_RELEVANT b'1651804'
ACTION DOC 10000 4953 EXAMINING_DOCUMENT b'1651804'
ACTION QUERY 10000 4963 mainstreaming debate
ACTION SERP 10000 4968 EXAMINE_SERP
ACTION SNIPPET 10000 4971 SEEN_PREVIOUSLY b'183910'
ACTION SNIPPET 10000 4974 SEEN_PREVIOUSLY b'302513'
ACTION SNIPPET 10000 4977 SNIPPET_NOT_RELEVANT b'80635'
ACTION SNIPPET 10000 4980 SNIPPET_NOT_RELEVANT b'47134'
ACTION SNIPPET 10000 4983 SNIPPET_RELEVANT b'183151'
ACTION DOC 10000 5003 EXAMINING_DOCUMENT b'183151'
ACTION SNIPPET 10000 5006 SNIPPET_RELEVANT b'706293'
ACTION DOC 10000 5026 EXAMINING_DOCUMENT b'706293'
ACTION SNIPPET 10000 5029 SNIPPET_NOT_RELEVANT b'904970'
ACTION SNIPPET 10000 5032 SNIPPET_NOT_RELEVANT b'82148'
ACTION SNIPPET 10000 5035 SEEN_PREVIOUSLY b'610900'
ACTION SNIPPET 10000 5038 SNIPPET_NOT_RELEVANT b'1057910'
ACTION QUERY 10000 5048 mainstreaming pitching
ACTION SERP 10000 5053 EXAMINE_SERP
ACTION SNIPPET 10000 5056 SNIPPET_RELEVANT b'102857'
ACTION DOC 10000 5076 EXAMINING_DOCUMENT b'102857'
ACTION SNIPPET 10000 5079 SNIPPET_RELEVANT b'572368'
ACTION DOC 10000 5099 EXAMINING_DOCUMENT b'572368'
ACTION SNIPPET 10000 5102 SNIPPET_NOT_RELEVANT b'1370777'
ACTION SNIPPET 10000 5105 SNIPPET_NOT_RELEVANT b'166381'
ACTION SNIPPET 10000 5108 SNIPPET_NOT_RELEVANT b'678709'
ACTION SNIPPET 10000 5111 SNIPPET_RELEVANT b'617561'
ACTION DOC 10000 5131 EXAMINING_DOCUMENT b'617561'
ACTION SNIPPET 10000 5134 SNIPPET_NOT_RELEVANT b'452751'
ACTION SNIPPET 10000 5137 SNIPPET_NOT_RELEVANT b'442881'
ACTION SNIPPET 10000 5140 SNIPPET_RELEVANT b'339716'
ACTION DOC 10000 5160 EXAMINING_DOCUMENT b'339716'
ACTION SNIPPET 10000 5163 SNIPPET_NOT_RELEVANT b'1197886'
ACTION QUERY 10000 5173 mainstreaming microtonal
ACTION SERP 10000 5178 EXAMINE_SERP
ACTION SNIPPET 10000 5181 SNIPPET_RELEVANT b'452751'
ACTION DOC 10000 5201 EXAMINING_DOCUMENT b'452751'
ACTION SNIPPET 10000 5204 SNIPPET_NOT_RELEVANT b'1016356'
ACTION SNIPPET 10000 5207 SNIPPET_RELEVANT b'931383'
ACTION DOC 10000 5227 EXAMINING_DOCUMENT b'931383'
ACTION SNIPPET 10000 5230 SNIPPET_RELEVANT b'515802'
ACTION DOC 10000 5250 EXAMINING_DOCUMENT b'515802'
ACTION SNIPPET 10000 5253 SNIPPET_RELEVANT b'142991'
ACTION DOC 10000 5273 EXAMINING_DOCUMENT b'142991'
ACTION SNIPPET 10000 5276 SNIPPET_RELEVANT b'1111783'
ACTION DOC 10000 5296 EXAMINING_DOCUMENT b'1111783'
ACTION SNIPPET 10000 5299 SNIPPET_RELEVANT b'560913'
ACTION DOC 10000 5319 EXAMINING_DOCUMENT b'560913'
ACTION SNIPPET 10000 5322 SNIPPET_RELEVANT b'396058'
ACTION DOC 10000 5342 EXAMINING_DOCUMENT b'396058'
ACTION SNIPPET 10000 5345 SNIPPET_NOT_RELEVANT b'1709944'
ACTION SNIPPET 10000 5348 SNIPPET_RELEVANT b'436018'
ACTION DOC 10000 5368 EXAMINING_DOCUMENT b'436018'
ACTION QUERY 10000 5378 mainstreaming kofi
ACTION SERP 10000 5383 EXAMINE_SERP
ACTION SNIPPET 10000 5386 SNIPPET_NOT_RELEVANT b'1808801'
ACTION SNIPPET 10000 5389 SNIPPET_NOT_RELEVANT b'1024546'
ACTION SNIPPET 10000 5392 SNIPPET_RELEVANT b'1010684'
ACTION DOC 10000 5412 EXAMINING_DOCUMENT b'1010684'
ACTION SNIPPET 10000 5415 SNIPPET_NOT_RELEVANT b'1334413'
ACTION SNIPPET 10000 5418 SNIPPET_NOT_RELEVANT b'731589'
ACTION SNIPPET 10000 5421 SNIPPET_NOT_RELEVANT b'1010685'
ACTION SNIPPET 10000 5424 SNIPPET_RELEVANT b'1819256'
ACTION DOC 10000 5444 EXAMINING_DOCUMENT b'1819256'
ACTION SNIPPET 10000 5447 SNIPPET_RELEVANT b'1334414'
ACTION DOC 10000 5467 EXAMINING_DOCUMENT b'1334414'
ACTION SNIPPET 10000 5470 SNIPPET_NOT_RELEVANT b'1018016'
ACTION SNIPPET 10000 5473 SNIPPET_RELEVANT b'1630835'
ACTION DOC 10000 5493 EXAMINING_DOCUMENT b'1630835'
ACTION QUERY 10000 5503 mainstreaming sends
ACTION SERP 10000 5508 EXAMINE_SERP
ACTION SNIPPET 10000 5511 SNIPPET_NOT_RELEVANT b'432202'
ACTION SNIPPET 10000 5514 SNIPPET_NOT_RELEVANT b'1047401'
ACTION SNIPPET 10000 5517 SNIPPET_RELEVANT b'1762346'
ACTION DOC 10000 5537 EXAMINING_DOCUMENT b'1762346'
ACTION SNIPPET 10000 5540 SNIPPET_NOT_RELEVANT b'1582973'
ACTION SNIPPET 10000 5543 SEEN_PREVIOUSLY b'617561'
ACTION SNIPPET 10000 5546 SNIPPET_RELEVANT b'859968'
ACTION DOC 10000 5566 EXAMINING_DOCUMENT b'859968'
ACTION MARK 10000 5569 CONSIDERED_RELEVANT b'859968'
ACTION SNIPPET 10000 5572 SNIPPET_RELEVANT b'1326215'
ACTION DOC 10000 5592 EXAMINING_DOCUMENT b'1326215'
ACTION SNIPPET 10000 5595 SNIPPET_RELEVANT b'968881'
ACTION DOC 10000 5615 EXAMINING_DOCUMENT b'968881'
ACTION SNIPPET 10000 5618 SNIPPET_RELEVANT b'452387'
ACTION DOC 10000 5638 EXAMINING_DOCUMENT b'452387'
ACTION SNIPPET 10000 5641 SNIPPET_RELEVANT b'1571020'
ACTION DOC 10000 5661 EXAMINING_DOCUMENT b'1571020'
ACTION QUERY 10000 5671 mainstreaming distrust
ACTION SERP 10000 5676 EXAMINE_SERP
ACTION SNIPPET 10000 5679 SNIPPET_RELEVANT b'1047401'
ACTION DOC 10000 5699 EXAMINING_DOCUMENT b'1047401'
ACTION SNIPPET 10000 5702 SNIPPET_NOT_RELEVANT b'885444'
ACTION SNIPPET 10000 5705 SNIPPET_NOT_RELEVANT b'1416035'
ACTION SNIPPET 10000 5708 SNIPPET_RELEVANT b'1730282'
ACTION DOC 10000 5728 EXAMINING_DOCUMENT b'1730282'
ACTION SNIPPET 10000 5731 SNIPPET_NOT_RELEVANT b'1475291'
ACTION SNIPPET 10000 5734 SNIPPET_RELEVANT b'572763'
ACTION DOC 10000 5754 EXAMINING_DOCUMENT b'572763'
ACTION SNIPPET 10000 5757 SNIPPET_NOT_RELEVANT b'58754'
ACTION SNIPPET 10000 5760 SNIPPET_RELEVANT b'1338118'
ACTION DOC 10000 5780 EXAMINING_DOCUMENT b'1338118'
ACTION SNIPPET 10000 5783 SNIPPET_NOT_RELEVANT b'1678189'
ACTION SNIPPET 10000 5786 SNIPPET_NOT_RELEVANT b'1135349'
ACTION QUERY 10000 5796 mainstreaming bombed
ACTION SERP 10000 5801 EXAMINE_SERP
ACTION SNIPPET 10000 5804 SNIPPET_NOT_RELEVANT b'759236'
ACTION SNIPPET 10000 5807 SNIPPET_NOT_RELEVANT b'1589397'
ACTION SNIPPET 10000 5810 SNIPPET_NOT_RELEVANT b'1275669'
ACTION SNIPPET 10000 5813 SNIPPET_RELEVANT b'761884'
ACTION DOC 10000 5833 EXAMINING_DOCUMENT b'761884'
ACTION SNIPPET 10000 5836 SNIPPET_RELEVANT b'1462111'
ACTION DOC 10000 5856 EXAMINING_DOCUMENT b'1462111'
ACTION SNIPPET 10000 5859 SNIPPET_RELEVANT b'865048'
ACTION DOC 10000 5879 EXAMINING_DOCUMENT b'865048'
ACTION SNIPPET 10000 5882 SNIPPET_RELEVANT b'757245'
ACTION DOC 10000 5902 EXAMINING_DOCUMENT b'757245'
ACTION SNIPPET 10000 5905 SNIPPET_RELEVANT b'373543'
ACTION DOC 10000 5925 EXAMINING_DOCUMENT b'373543'
ACTION SNIPPET 10000 5928 SNIPPET_NOT_RELEVANT b'1390861'
ACTION SNIPPET 10000 5931 SNIPPET_RELEVANT b'1321984'
ACTION DOC 10000 5951 EXAMINING_DOCUMENT b'1321984'
ACTION QUERY 10000 5961 mainstreaming renegade
ACTION SERP 10000 5966 EXAMINE_SERP
ACTION SNIPPET 10000 5969 SNIPPET_RELEVANT b'1390861'
ACTION DOC 10000 5989 EXAMINING_DOCUMENT b'1390861'
ACTION SNIPPET 10000 5992 SNIPPET_NOT_RELEVANT b'356619'
ACTION SNIPPET 10000 5995 SNIPPET_NOT_RELEVANT b'415780'
ACTION SNIPPET 10000 5998 SNIPPET_NOT_RELEVANT b'419089'
ACTION SNIPPET 10000 6001 SNIPPET_NOT_RELEVANT b'309775'
ACTION SNIPPET 10000 6004 SNIPPET_RELEVANT b'1434251'
ACTION DOC 10000 6024 EXAMINING_DOCUMENT b'1434251'
ACTION SNIPPET 10000 6027 SNIPPET_NOT_RELEVANT b'1447396'
ACTION SNIPPET 10000 6030 SNIPPET_RELEVANT b'436157'
ACTION DOC 10000 6050 EXAMINING_DOCUMENT b'436157'
ACTION SNIPPET 10000 6053 SNIPPET_RELEVANT b'1829508'
ACTION DOC 10000 6073 EXAMINING_DOCUMENT b'1829508'
ACTION SNIPPET 10000 6076 SNIPPET_RELEVANT b'707893'
ACTION DOC 10000 6096 EXAMINING_DOCUMENT b'707893'
ACTION QUERY 10000 6106 mainstreaming tunisia
ACTION SERP 10000 6111 EXAMINE_SERP
ACTION SNIPPET 10000 6114 SNIPPET_RELEVANT b'90866'
ACTION DOC 10000 6134 EXAMINING_DOCUMENT b'90866'
ACTION SNIPPET 10000 6137 SNIPPET_RELEVANT b'79454'
ACTION DOC 10000 6157 EXAMINING_DOCUMENT b'79454'
ACTION SNIPPET 10000 6160 SNIPPET_NOT_RELEVANT b'1666627'
ACTION SNIPPET 10000 6163 SNIPPET_RELEVANT b'743847'
ACTION DOC 10000 6183 EXAMINING_DOCUMENT b'743847'
ACTION SNIPPET 10000 6186 SNIPPET_RELEVANT b'191855'
ACTION DOC 10000 6206 EXAMINING_DOCUMENT b'191855'
ACTION SNIPPET 10000 6209 SNIPPET_NOT_RELEVANT b'59647'
ACTION SNIPPET 10000 6212 SNIPPET_NOT_RELEVANT b'261969'
ACTION SNIPPET 10000 6215 SNIPPET_NOT_RELEVANT b'115760'
ACTION SNIPPET 10000 6218 SNIPPET_RELEVANT b'509078'
ACTION DOC 10000 6238 EXAMINING_DOCUMENT b'509078'
ACTION SNIPPET 10000 6241 SNIPPET_NOT_RELEVANT b'420585'
ACTION QUERY 10000 6251 mainstreaming location
ACTION SERP 10000 6256 EXAMINE_SERP
ACTION SNIPPET 10000 6259 SNIPPET_NOT_RELEVANT b'103307'
ACTION SNIPPET 10000 6262 SNIPPET_RELEVANT b'1519659'
ACTION DOC 10000 6282 EXAMINING_DOCUMENT b'1519659'
ACTION SNIPPET 10000 6285 SNIPPET_RELEVANT b'659079'
ACTION DOC 10000 6305 EXAMINING_DOCUMENT b'659079'
ACTION SNIPPET 10000 6308 SNIPPET_NOT_RELEVANT b'1453944'
ACTION SNIPPET 10000 6311 SEEN_PREVIOUSLY b'648275'
ACTION SNIPPET 10000 6314 SNIPPET_RELEVANT b'1400417'
ACTION DOC 10000 6334 EXAMINING_DOCUMENT b'1400417'
ACTION SNIPPET 10000 6337 SNIPPET_NOT_RELEVANT b'982883'
ACTION SNIPPET 10000 6340 SNIPPET_NOT_RELEVANT b'1701210'
ACTION SNIPPET 10000 6343 SNIPPET_NOT_RELEVANT b'1456152'
ACTION SNIPPET 10000 6346 SNIPPET_NOT_RELEVANT b'434966'
ACTION QUERY 10000 6356 mainstreaming sticker
ACTION SERP 10000 6361 EXAMINE_SERP
ACTION SNIPPET 10000 6364 SNIPPET_RELEVANT b'1614163'
ACTION DOC 10000 6384 EXAMINING_DOCUMENT b'1614163'
ACTION SNIPPET 10000 6387 SNIPPET_RELEVANT b'906944'
ACTION DOC 10000 6407 EXAMINING_DOCUMENT b'906944'
ACTION SNIPPET 10000 6410 SNIPPET_NOT_RELEVANT b'1644341'
ACTION SNIPPET 10000 6413 SNIPPET_NOT_RELEVANT b'692161'
ACTION SNIPPET 10000 6416 SNIPPET_NOT_RELEVANT b'1591816'
ACTION SNIPPET 10000 6419 SNIPPET_RELEVANT b'890145'
ACTION DOC 10000 6439 EXAMINING_DOCUMENT b'890145'
ACTION SNIPPET 10000 6442 SNIPPET_NOT_RELEVANT b'712015'
ACTION SNIPPET 10000 6445 SNIPPET_RELEVANT b'1719250'
ACTION DOC 10000 6465 EXAMINING_DOCUMENT b'1719250'
ACTION SNIPPET 10000 6468 SNIPPET_RELEVANT b'588233'
ACTION DOC 10000 6488 EXAMINING_DOCUMENT b'588233'
ACTION SNIPPET 10000 6491 SNIPPET_NOT_RELEVANT b'586835'
ACTION QUERY 10000 6501 mainstreaming macdonald
ACTION SERP 10000 6506 EXAMINE_SERP
ACTION SNIPPET 10000 6509 SEEN_PREVIOUSLY b'1390861'
ACTION SNIPPET 10000 6512 SNIPPET_RELEVANT b'856700'
ACTION DOC 10000 6532 EXAMINING_DOCUMENT b'856700'
ACTION SNIPPET 10000 6535 SNIPPET_RELEVANT b'1754933'
ACTION DOC 10000 6555 EXAMINING_DOCUMENT b'1754933'
ACTION SNIPPET 10000 6558 SNIPPET_NOT_RELEVANT b'1789426'
ACTION SNIPPET 10000 6561 SNIPPET_NOT_RELEVANT b'1683438'
ACTION SNIPPET 10000 6564 SNIPPET_NOT_RELEVANT b'203935'
ACTION SNIPPET 10000 6567 SNIPPET_NOT_RELEVANT b'388520'
ACTION SNIPPET 10000 6570 SNIPPET_NOT_RELEVANT b'1103086'
ACTION SNIPPET 10000 6573 SNIPPET_NOT_RELEVANT b'36970'
ACTION SNIPPET 10000 6576 SNIPPET_RELEVANT b'322357'
ACTION DOC 10000 6596 EXAMINING_DOCUMENT b'322357'
ACTION QUERY 10000 6606 mainstreaming pair
ACTION SERP 10000 6611 EXAMINE_SERP
ACTION SNIPPET 10000 6614 SNIPPET_NOT_RELEVANT b'324023'
ACTION SNIPPET 10000 6617 SNIPPET_RELEVANT b'1649784'
ACTION DOC 10000 6637 EXAMINING_DOCUMENT b'1649784'
ACTION SNIPPET 10000 6640 SNIPPET_NOT_RELEVANT b'1141531'
ACTION SNIPPET 10000 6643 SNIPPET_NOT_RELEVANT b'1658310'
ACTION SNIPPET 10000 6646 SNIPPET_NOT_RELEVANT b'1656408'
ACTION SNIPPET 10000 6649 SNIPPET_NOT_RELEVANT b'1257197'
ACTION SNIPPET 10000 6652 SNIPPET_NOT_RELEVANT b'1716339'
ACTION SNIPPET 10000 6655 SNIPPET_RELEVANT b'1448591'
ACTION DOC 10000 6675 EXAMINING_DOCUMENT b'1448591'
ACTION SNIPPET 10000 6678 SNIPPET_RELEVANT b'696312'
ACTION DOC 10000 6698 EXAMINING_DOCUMENT b'696312'
ACTION SNIPPET 10000 6701 SNIPPET_NOT_RELEVANT b'180698'
ACTION QUERY 10000 6711 mainstreaming linnell
ACTION SERP 10000 6716 EXAMINE_SERP
ACTION SNIPPET 10000 6719 SNIPPET_RELEVANT b'324023'
ACTION DOC 10000 6739 EXAMINING_DOCUMENT b'324023'
ACTION SNIPPET 10000 6742 SNIPPET_RELEVANT b'1491206'
ACTION DOC 10000 6762 EXAMINING_DOCUMENT b'1491206'
ACTION SNIPPET 10000 6765 SNIPPET_RELEVANT b'1115736'
ACTION DOC 10000 6785 EXAMINING_DOCUMENT b'1115736'
ACTION SNIPPET 10000 6788 SNIPPET_RELEVANT b'1042459'
ACTION DOC 10000 6808 EXAMINING_DOCUMENT b'1042459'
ACTION SNIPPET 10000 6811 SNIPPET_RELEVANT b'721503'
ACTION DOC 10000 6831 EXAMINING_DOCUMENT b'721503'
ACTION SNIPPET 10000 6834 SNIPPET_NOT_RELEVANT b'516615'
ACTION SNIPPET 10000 6837 SNIPPET_RELEVANT b'19273'
ACTION DOC 10000 6857 EXAMINING_DOCUMENT b'19273'
ACTION SNIPPET 10000 6860 SNIPPET_NOT_RELEVANT b'1452874'
ACTION SNIPPET 10000 6863 SNIPPET_RELEVANT b'1553486'
ACTION DOC 10000 6883 EXAMINING_DOCUMENT b'1553486'
ACTION SNIPPET 10000 6886 SNIPPET_RELEVANT b'325251'
ACTION DOC 10000 6906 EXAMINING_DOCUMENT b'325251'
ACTION QUERY 10000 6916 mainstreaming school
ACTION SERP 10000 6921 EXAMINE_SERP
ACTION SNIPPET 10000 6924 SEEN_PREVIOUSLY b'1557431'
ACTION SNIPPET 10000 6927 SNIPPET_RELEVANT b'478881'
ACTION DOC 10000 6947 EXAMINING_DOCUMENT b'478881'
ACTION MARK 10000 6950 CONSIDERED_RELEVANT b'478881'
ACTION SNIPPET 10000 6953 SEEN_PREVIOUSLY b'1083301'
ACTION SNIPPET 10000 6956 SNIPPET_NOT_RELEVANT b'858752'
ACTION SNIPPET 10000 6959 SEEN_PREVIOUSLY b'1229966'
ACTION SNIPPET 10000 6962 SEEN_PREVIOUSLY b'1326215'
ACTION SNIPPET 10000 6965 SNIPPET_NOT_RELEVANT b'1382792'
ACTION SNIPPET 10000 6968 SEEN_PREVIOUSLY b'1291259'
ACTION SNIPPET 10000 6971 SEEN_PREVIOUSLY b'1737727'
ACTION SNIPPET 10000 6974 SNIPPET_RELEVANT b'702081'
ACTION DOC 10000 6994 EXAMINING_DOCUMENT b'702081'
ACTION QUERY 10000 7004 mainstreaming arl
ACTION SERP 10000 7009 EXAMINE_SERP
ACTION SNIPPET 10000 7012 SNIPPET_NOT_RELEVANT b'49086'
ACTION SNIPPET 10000 7015 SNIPPET_RELEVANT b'1030254'
ACTION DOC 10000 7035 EXAMINING_DOCUMENT b'1030254'
ACTION SNIPPET 10000 7038 SNIPPET_NOT_RELEVANT b'1835258'
ACTION SNIPPET 10000 7041 SNIPPET_NOT_RELEVANT b'948656'
ACTION SNIPPET 10000 7044 SNIPPET_RELEVANT b'1216212'
ACTION DOC 10000 7064 EXAMINING_DOCUMENT b'1216212'
ACTION SNIPPET 10000 7067 SNIPPET_RELEVANT b'818933'
ACTION DOC 10000 7087 EXAMINING_DOCUMENT b'818933'
ACTION SNIPPET 10000 7090 SNIPPET_NOT_RELEVANT b'630571'
ACTION SNIPPET 10000 7093 SNIPPET_RELEVANT b'6168'
ACTION DOC 10000 7113 EXAMINING_DOCUMENT b'6168'
ACTION SNIPPET 10000 7116 SEEN_PREVIOUSLY b'6168'
ACTION SNIPPET 10000 7119 SNIPPET_NOT_RELEVANT b'1756068'
ACTION QUERY 10000 7129 mainstreaming vincent
ACTION SERP 10000 7134 EXAMINE_SERP
ACTION SNIPPET 10000 7137 SEEN_PREVIOUSLY b'900664'
ACTION SNIPPET 10000 7140 SNIPPET_RELEVANT b'499677'
ACTION DOC 10000 7160 EXAMINING_DOCUMENT b'499677'
ACTION SNIPPET 10000 7163 SNIPPET_RELEVANT b'1382792'
ACTION DOC 10000 7183 EXAMINING_DOCUMENT b'1382792'
ACTION SNIPPET 10000 7186 SNIPPET_RELEVANT b'154165'
ACTION DOC 10000 7206 EXAMINING_DOCUMENT b'154165'
ACTION SNIPPET 10000 7209 SNIPPET_NOT_RELEVANT b'572360'
ACTION SNIPPET 10000 7212 SNIPPET_NOT_RELEVANT b'572080'
ACTION SNIPPET 10000 7215 SNIPPET_RELEVANT b'946527'
ACTION DOC 10000 7235 EXAMINING_DOCUMENT b'946527'
ACTION SNIPPET 10000 7238 SNIPPET_NOT_RELEVANT b'134542'
ACTION SNIPPET 10000 7241 SNIPPET_NOT_RELEVANT b'1315169'
ACTION SNIPPET 10000 7244 SNIPPET_NOT_RELEVANT b'1443469'
ACTION QUERY 10000 7254 mainstreaming treated
ACTION SERP 10000 7259 EXAMINE_SERP
ACTION SNIPPET 10000 7262 SNIPPET_NOT_RELEVANT b'1841798'
ACTION SNIPPET 10000 7265 SNIPPET_NOT_RELEVANT b'585924'
ACTION SNIPPET 10000 7268 SNIPPET_RELEVANT b'711352'
ACTION DOC 10000 7288 EXAMINING_DOCUMENT b'711352'
ACTION SNIPPET 10000 7291 SEEN_PREVIOUSLY b'985626'
ACTION SNIPPET 10000 7294 SEEN_PREVIOUSLY b'769931'
ACTION SNIPPET 10000 7297 SNIPPET_NOT_RELEVANT b'677409'
ACTION SNIPPET 10000 7300 SNIPPET_RELEVANT b'1729720'
ACTION DOC 10000 7320 EXAMINING_DOCUMENT b'1729720'
ACTION SNIPPET 10000 7323 SNIPPET_NOT_RELEVANT b'1348488'
ACTION SNIPPET 10000 7326 SNIPPET_NOT_RELEVANT b'1057882'
ACTION SNIPPET 10000 7329 SNIPPET_NOT_RELEVANT b'155085'
ACTION QUERY 10000 7339 mainstreaming faction
ACTION SERP 10000 7344 EXAMINE_SERP
ACTION SNIPPET 10000 7347 SNIPPET_RELEVANT b'359867'
ACTION DOC 10000 7367 EXAMINING_DOCUMENT b'359867'
ACTION SNIPPET 10000 7370 SNIPPET_NOT_RELEVANT b'159283'
ACTION SNIPPET 10000 7373 SNIPPET_NOT_RELEVANT b'1501300'
ACTION SNIPPET 10000 7376 SEEN_PREVIOUSLY b'388077'
ACTION SNIPPET 10000 7379 SNIPPET_NOT_RELEVANT b'121571'
ACTION SNIPPET 10000 7382 SNIPPET_NOT_RELEVANT b'178858'
ACTION SNIPPET 10000 7385 SNIPPET_NOT_RELEVANT b'142977'
ACTION SNIPPET 10000 7388 SNIPPET_NOT_RELEVANT b'602445'
ACTION SNIPPET 10000 7391 SNIPPET_NOT_RELEVANT b'153787'
ACTION SNIPPET 10000 7394 SEEN_PREVIOUSLY b'1321984'
ACTION QUERY 10000 7404 mainstreaming meeting
ACTION SERP 10000 7409 EXAMINE_SERP
ACTION SNIPPET 10000 7412 SEEN_PREVIOUSLY b'973283'
ACTION SNIPPET 10000 7415 SEEN_PREVIOUSLY b'1557431'
ACTION SNIPPET 10000 7418 SNIPPET_NOT_RELEVANT b'576863'
ACTION SNIPPET 10000 7421 SNIPPET_RELEVANT b'1007186'
ACTION DOC 10000 7441 EXAMINING_DOCUMENT b'1007186'
ACTION SNIPPET 10000 7444 SNIPPET_RELEVANT b'646225'
ACTION DOC 10000 7464 EXAMINING_DOCUMENT b'646225'
ACTION SNIPPET 10000 7467 SNIPPET_NOT_RELEVANT b'1359713'
ACTION SNIPPET 10000 7470 SNIPPET_RELEVANT b'568862'
ACTION DOC 10000 7490 EXAMINING_DOCUMENT b'568862'
ACTION SNIPPET 10000 7493 SNIPPET_NOT_RELEVANT b'709570'
ACTION SNIPPET 10000 7496 SNIPPET_NOT_RELEVANT b'713215'
ACTION SNIPPET 10000 7499 SEEN_PREVIOUSLY b'217989'
ACTION QUERY 10000 7509 mainstreaming starrs
ACTION SERP 10000 7514 EXAMINE_SERP
ACTION SNIPPET 10000 7517 SEEN_PREVIOUSLY b'1007186'
ACTION SNIPPET 10000 7520 SNIPPET_NOT_RELEVANT b'1028944'
ACTION SNIPPET 10000 7523 SNIPPET_RELEVANT b'911680'
ACTION DOC 10000 7543 EXAMINING_DOCUMENT b'911680'
ACTION SNIPPET 10000 7546 SNIPPET_NOT_RELEVANT b'82254'
ACTION SNIPPET 10000 7549 SNIPPET_NOT_RELEVANT b'1508038'
ACTION SNIPPET 10000 7552 SNIPPET_RELEVANT b'1482205'
ACTION DOC 10000 7572 EXAMINING_DOCUMENT b'1482205'
ACTION SNIPPET 10000 7575 SNIPPET_NOT_RELEVANT b'890026'
ACTION SNIPPET 10000 7578 SNIPPET_NOT_RELEVANT b'1008295'
ACTION SNIPPET 10000 7581 SNIPPET_RELEVANT b'1067271'
ACTION DOC 10000 7601 EXAMINING_DOCUMENT b'1067271'
ACTION SNIPPET 10000 7604 SNIPPET_RELEVANT b'1050675'
ACTION DOC 10000 7624 EXAMINING_DOCUMENT b'1050675'
ACTION QUERY 10000 7634 mainstreaming sontag
ACTION SERP 10000 7639 EXAMINE_SERP
ACTION SNIPPET 10000 7642 SEEN_PREVIOUSLY b'1482205'
ACTION SNIPPET 10000 7645 SNIPPET_RELEVANT b'1497033'
ACTION DOC 10000 7665 EXAMINING_DOCUMENT b'1497033'
ACTION SNIPPET 10000 7668 SNIPPET_NOT_RELEVANT b'1609194'
ACTION SNIPPET 10000 7671 SNIPPET_RELEVANT b'1446374'
ACTION DOC 10000 7691 EXAMINING_DOCUMENT b'1446374'
ACTION SNIPPET 10000 7694 SNIPPET_RELEVANT b'1510108'
ACTION DOC 10000 7714 EXAMINING_DOCUMENT b'1510108'
ACTION SNIPPET 10000 7717 SNIPPET_NOT_RELEVANT b'1242590'
ACTION SNIPPET 10000 7720 SNIPPET_RELEVANT b'1585381'
ACTION DOC 10000 7740 EXAMINING_DOCUMENT b'1585381'
ACTION SNIPPET 10000 7743 SNIPPET_NOT_RELEVANT b'551917'
ACTION SNIPPET 10000 7746 SNIPPET_NOT_RELEVANT b'1479263'
ACTION SNIPPET 10000 7749 SNIPPET_NOT_RELEVANT b'1740735'
ACTION QUERY 10000 7759 mainstreaming savage
ACTION SERP 10000 7764 EXAMINE_SERP
ACTION SNIPPET 10000 7767 SNIPPET_NOT_RELEVANT b'1471415'
ACTION SNIPPET 10000 7770 SNIPPET_NOT_RELEVANT b'671081'
ACTION SNIPPET 10000 7773 SNIPPET_NOT_RELEVANT b'1042142'
ACTION SNIPPET 10000 7776 SNIPPET_RELEVANT b'1690762'
ACTION DOC 10000 7796 EXAMINING_DOCUMENT b'1690762'
ACTION SNIPPET 10000 7799 SNIPPET_RELEVANT b'513888'
ACTION DOC 10000 7819 EXAMINING_DOCUMENT b'513888'
ACTION SNIPPET 10000 7822 SNIPPET_RELEVANT b'1481357'
ACTION DOC 10000 7842 EXAMINING_DOCUMENT b'1481357'
ACTION SNIPPET 10000 7845 SNIPPET_RELEVANT b'702519'
ACTION DOC 10000 7865 EXAMINING_DOCUMENT b'702519'
ACTION SNIPPET 10000 7868 SNIPPET_RELEVANT b'750379'
ACTION DOC 10000 7888 EXAMINING_DOCUMENT b'750379'
ACTION SNIPPET 10000 7891 SNIPPET_NOT_RELEVANT b'168911'
ACTION SNIPPET 10000 7894 SNIPPET_RELEVANT b'512561'
ACTION DOC 10000 7914 EXAMINING_DOCUMENT b'512561'
ACTION QUERY 10000 7924 mainstreaming plain
ACTION SERP 10000 7929 EXAMINE_SERP
ACTION SNIPPET 10000 7932 SNIPPET_RELEVANT b'6649'
ACTION DOC 10000 7952 EXAMINING_DOCUMENT b'6649'
ACTION SNIPPET 10000 7955 SEEN_PREVIOUSLY b'6649'
ACTION SNIPPET 10000 7958 SEEN_PREVIOUSLY b'1007186'
ACTION SNIPPET 10000 7961 SEEN_PREVIOUSLY b'1557431'
ACTION SNIPPET 10000 7964 SNIPPET_NOT_RELEVANT b'429010'
ACTION SNIPPET 10000 7967 SNIPPET_NOT_RELEVANT b'623764'
ACTION SNIPPET 10000 7970 SNIPPET_NOT_RELEVANT b'110064'
ACTION SNIPPET 10000 7973 SNIPPET_NOT_RELEVANT b'1412064'
ACTION SNIPPET 10000 7976 SNIPPET_NOT_RELEVANT b'1341828'
ACTION SNIPPET 10000 7979 SNIPPET_RELEVANT b'82254'
ACTION DOC 10000 7999 EXAMINING_DOCUMENT b'82254'
ACTION QUERY 10000 8009 mainstreaming investigations
ACTION SERP 10000 8014 EXAMINE_SERP
ACTION SNIPPET 10000 8017 SEEN_PREVIOUSLY b'1007186'
ACTION SNIPPET 10000 8020 SEEN_PREVIOUSLY b'728912'
ACTION SNIPPET 10000 8023 SNIPPET_RELEVANT b'1309306'
ACTION DOC 10000 8043 EXAMINING_DOCUMENT b'1309306'
ACTION SNIPPET 10000 8046 SNIPPET_NOT_RELEVANT b'1028944'
ACTION SNIPPET 10000 8049 SEEN_PREVIOUSLY b'1050675'
ACTION SNIPPET 10000 8052 SNIPPET_RELEVANT b'600965'
ACTION DOC 10000 8072 EXAMINING_DOCUMENT b'600965'
ACTION SNIPPET 10000 8075 SNIPPET_NOT_RELEVANT b'1712583'
ACTION SNIPPET 10000 8078 SNIPPET_NOT_RELEVANT b'1501837'
ACTION SNIPPET 10000 8081 SNIPPET_NOT_RELEVANT b'559235'
ACTION SNIPPET 10000 8084 SNIPPET_NOT_RELEVANT b'784884'
ACTION QUERY 10000 8094 mainstreaming pentagon
ACTION SERP 10000 8099 EXAMINE_SERP
ACTION SNIPPET 10000 8102 SEEN_PREVIOUSLY b'702519'
ACTION SNIPPET 10000 8105 SNIPPET_RELEVANT b'697743'
ACTION DOC 10000 8125 EXAMINING_DOCUMENT b'697743'
ACTION SNIPPET 10000 8128 SNIPPET_NOT_RELEVANT b'1300104'
ACTION SNIPPET 10000 8131 SNIPPET_RELEVANT b'818177'
ACTION DOC 10000 8151 EXAMINING_DOCUMENT b'818177'
ACTION SNIPPET 10000 8154 SNIPPET_NOT_RELEVANT b'617881'
ACTION SNIPPET 10000 8157 SNIPPET_NOT_RELEVANT b'618008'
ACTION SNIPPET 10000 8160 SNIPPET_NOT_RELEVANT b'1737462'
ACTION SNIPPET 10000 8163 SNIPPET_NOT_RELEVANT b'451355'
ACTION SNIPPET 10000 8166 SNIPPET_NOT_RELEVANT b'1511237'
ACTION SNIPPET 10000 8169 SNIPPET_NOT_RELEVANT b'204693'
ACTION QUERY 10000 8179 mainstreaming joules
ACTION SERP 10000 8184 EXAMINE_SERP
ACTION SNIPPET 10000 8187 SNIPPET_RELEVANT b'668009'
ACTION DOC 10000 8207 EXAMINING_DOCUMENT b'668009'
ACTION SNIPPET 10000 8210 SNIPPET_RELEVANT b'116220'
ACTION DOC 10000 8230 EXAMINING_DOCUMENT b'116220'
ACTION SNIPPET 10000 8233 SNIPPET_RELEVANT b'326069'
ACTION DOC 10000 8253 EXAMINING_DOCUMENT b'326069'
ACTION SNIPPET 10000 8256 SNIPPET_RELEVANT b'225611'
ACTION DOC 10000 8276 EXAMINING_DOCUMENT b'225611'
ACTION SNIPPET 10000 8279 SNIPPET_RELEVANT b'756848'
ACTION DOC 10000 8299 EXAMINING_DOCUMENT b'756848'
ACTION SNIPPET 10000 8302 SNIPPET_RELEVANT b'757174'
ACTION DOC 10000 8322 EXAMINING_DOCUMENT b'757174'
ACTION SNIPPET 10000 8325 SNIPPET_NOT_RELEVANT b'436595'
ACTION SNIPPET 10000 8328 SNIPPET_RELEVANT b'202630'
ACTION DOC 10000 8348 EXAMINING_DOCUMENT b'202630'
ACTION SNIPPET 10000 8351 SNIPPET_NOT_RELEVANT b'1590934'
ACTION SNIPPET 10000 8354 SNIPPET_NOT_RELEVANT b'424445'
ACTION QUERY 10000 8364 mainstreaming seizure
ACTION SERP 10000 8369 EXAMINE_SERP
ACTION SNIPPET 10000 8372 SNIPPET_NOT_RELEVANT b'1233761'
ACTION SNIPPET 10000 8375 SNIPPET_RELEVANT b'1465862'
ACTION DOC 10000 8395 EXAMINING_DOCUMENT b'1465862'
ACTION SNIPPET 10000 8398 SNIPPET_NOT_RELEVANT b'324611'
ACTION SNIPPET 10000 8401 SNIPPET_RELEVANT b'362688'
ACTION DOC 10000 8421 EXAMINING_DOCUMENT b'362688'
ACTION SNIPPET 10000 8424 SNIPPET_RELEVANT b'1289616'
ACTION DOC 10000 8444 EXAMINING_DOCUMENT b'1289616'
ACTION SNIPPET 10000 8447 SNIPPET_NOT_RELEVANT b'1220934'
ACTION SNIPPET 10000 8450 SNIPPET_NOT_RELEVANT b'661547'
ACTION SNIPPET 10000 8453 SNIPPET_RELEVANT b'984013'
ACTION DOC 10000 8473 EXAMINING_DOCUMENT b'984013'
ACTION SNIPPET 10000 8476 SNIPPET_NOT_RELEVANT b'1465857'
ACTION SNIPPET 10000 8479 SNIPPET_RELEVANT b'719155'
ACTION DOC 10000 8499 EXAMINING_DOCUMENT b'719155'
ACTION QUERY 10000 8509 mainstreaming infant
ACTION SERP 10000 8514 EXAMINE_SERP
ACTION SNIPPET 10000 8517 SNIPPET_NOT_RELEVANT b'792176'
ACTION SNIPPET 10000 8520 SNIPPET_RELEVANT b'791859'
ACTION DOC 10000 8540 EXAMINING_DOCUMENT b'791859'
ACTION SNIPPET 10000 8543 SNIPPET_NOT_RELEVANT b'849400'
ACTION SNIPPET 10000 8546 SNIPPET_NOT_RELEVANT b'559840'
ACTION SNIPPET 10000 8549 SNIPPET_NOT_RELEVANT b'618956'
ACTION SNIPPET 10000 8552 SNIPPET_RELEVANT b'694370'
ACTION DOC 10000 8572 EXAMINING_DOCUMENT b'694370'
ACTION SNIPPET 10000 8575 SNIPPET_NOT_RELEVANT b'795045'
ACTION SNIPPET 10000 8578 SNIPPET_RELEVANT b'794900'
ACTION DOC 10000 8598 EXAMINING_DOCUMENT b'794900'
ACTION MARK 10000 8601 CONSIDERED_RELEVANT b'794900'
ACTION SNIPPET 10000 8604 SNIPPET_RELEVANT b'555175'
ACTION DOC 10000 8624 EXAMINING_DOCUMENT b'555175'
ACTION SNIPPET 10000 8627 SNIPPET_RELEVANT b'345792'
ACTION DOC 10000 8647 EXAMINING_DOCUMENT b'345792'
ACTION QUERY 10000 8657 mainstreaming propose
ACTION SERP 10000 8662 EXAMINE_SERP
ACTION SNIPPET 10000 8665 SNIPPET_RELEVANT b'709570'
ACTION DOC 10000 8685 EXAMINING_DOCUMENT b'709570'
ACTION SNIPPET 10000 8688 SEEN_PREVIOUSLY b'708266'
ACTION SNIPPET 10000 8691 SNIPPET_NOT_RELEVANT b'747516'
ACTION SNIPPET 10000 8694 SNIPPET_RELEVANT b'707506'
ACTION DOC 10000 8714 EXAMINING_DOCUMENT b'707506'
ACTION SNIPPET 10000 8717 SNIPPET_NOT_RELEVANT b'999722'
ACTION SNIPPET 10000 8720 SNIPPET_NOT_RELEVANT b'707205'
ACTION SNIPPET 10000 8723 SNIPPET_NOT_RELEVANT b'712940'
ACTION SNIPPET 10000 8726 SNIPPET_NOT_RELEVANT b'710306'
ACTION SNIPPET 10000 8729 SNIPPET_RELEVANT b'1066582'
ACTION DOC 10000 8749 EXAMINING_DOCUMENT b'1066582'
ACTION SNIPPET 10000 8752 SEEN_PREVIOUSLY b'1216237'
ACTION QUERY 10000 8762 mainstreaming peso
ACTION SERP 10000 8767 EXAMINE_SERP
ACTION SNIPPET 10000 8770 SNIPPET_RELEVANT b'746290'
ACTION DOC 10000 8790 EXAMINING_DOCUMENT b'746290'
ACTION SNIPPET 10000 8793 SNIPPET_NOT_RELEVANT b'747516'
ACTION SNIPPET 10000 8796 SNIPPET_NOT_RELEVANT b'1819055'
ACTION SNIPPET 10000 8799 SNIPPET_RELEVANT b'634826'
ACTION DOC 10000 8819 EXAMINING_DOCUMENT b'634826'
ACTION SNIPPET 10000 8822 SNIPPET_NOT_RELEVANT b'1825264'
ACTION SNIPPET 10000 8825 SNIPPET_NOT_RELEVANT b'577625'
ACTION SNIPPET 10000 8828 SNIPPET_RELEVANT b'613750'
ACTION DOC 10000 8848 EXAMINING_DOCUMENT b'613750'
ACTION SNIPPET 10000 8851 SNIPPET_RELEVANT b'718237'
ACTION DOC 10000 8871 EXAMINING_DOCUMENT b'718237'
ACTION SNIPPET 10000 8874 SNIPPET_NOT_RELEVANT b'883822'
ACTION SNIPPET 10000 8877 SNIPPET_RELEVANT b'807483'
ACTION DOC 10000 8897 EXAMINING_DOCUMENT b'807483'
ACTION QUERY 10000 8907 mainstreaming stabilizing
ACTION SERP 10000 8912 EXAMINE_SERP
ACTION SNIPPET 10000 8915 SNIPPET_RELEVANT b'121571'
ACTION DOC 10000 8935 EXAMINING_DOCUMENT b'121571'
ACTION SNIPPET 10000 8938 SNIPPET_NOT_RELEVANT b'134429'
ACTION SNIPPET 10000 8941 SNIPPET_RELEVANT b'586657'
ACTION DOC 10000 8961 EXAMINING_DOCUMENT b'586657'
ACTION SNIPPET 10000 8964 SNIPPET_NOT_RELEVANT b'1169054'
ACTION SNIPPET 10000 8967 SEEN_PREVIOUSLY b'1326215'
ACTION SNIPPET 10000 8970 SNIPPET_NOT_RELEVANT b'1029723'
ACTION SNIPPET 10000 8973 SNIPPET_NOT_RELEVANT b'173368'
ACTION SNIPPET 10000 8976 SNIPPET_RELEVANT b'970250'
ACTION DOC 10000 8996 EXAMINING_DOCUMENT b'970250'
ACTION SNIPPET 10000 8999 SNIPPET_NOT_RELEVANT b'1093343'
ACTION SNIPPET 10000 9002 SNIPPET_RELEVANT b'686752'
ACTION DOC 10000 9022 EXAMINING_DOCUMENT b'686752'
ACTION QUERY 10000 9032 mainstreaming globally
ACTION SERP 10000 9037 EXAMINE_SERP
ACTION SNIPPET 10000 9040 SNIPPET_RELEVANT b'1636465'
ACTION DOC 10000 9060 EXAMINING_DOCUMENT b'1636465'
ACTION SNIPPET 10000 9063 SNIPPET_RELEVANT b'1209059'
ACTION DOC 10000 9083 EXAMINING_DOCUMENT b'1209059'
ACTION SNIPPET 10000 9086 SNIPPET_RELEVANT b'1182085'
ACTION DOC 10000 9106 EXAMINING_DOCUMENT b'1182085'
ACTION SNIPPET 10000 9109 SNIPPET_NOT_RELEVANT b'356228'
ACTION SNIPPET 10000 9112 SEEN_PREVIOUSLY b'1153015'
ACTION SNIPPET 10000 9115 SNIPPET_NOT_RELEVANT b'1012681'
ACTION SNIPPET 10000 9118 SNIPPET_RELEVANT b'509923'
ACTION DOC 10000 9138 EXAMINING_DOCUMENT b'509923'
ACTION SNIPPET 10000 9141 SNIPPET_RELEVANT b'1574850'
ACTION DOC 10000 9161 EXAMINING_DOCUMENT b'1574850'
ACTION SNIPPET 10000 9164 SNIPPET_NOT_RELEVANT b'1800929'
ACTION SNIPPET 10000 9167 SNIPPET_RELEVANT b'1580110'
ACTION DOC 10000 9187 EXAMINING_DOCUMENT b'1580110'
ACTION QUERY 10000 9197 mainstreaming medicine
ACTION SERP 10000 9202 EXAMINE_SERP
ACTION SNIPPET 10000 9205 SEEN_PREVIOUSLY b'610900'
ACTION SNIPPET 10000 9208 SEEN_PREVIOUSLY b'1737727'
ACTION SNIPPET 10000 9211 SNIPPET_RELEVANT b'585924'
ACTION DOC 10000 9231 EXAMINING_DOCUMENT b'585924'
ACTION SNIPPET 10000 9234 SNIPPET_RELEVANT b'1396808'
ACTION DOC 10000 9254 EXAMINING_DOCUMENT b'1396808'
ACTION SNIPPET 10000 9257 SNIPPET_NOT_RELEVANT b'581969'
ACTION SNIPPET 10000 9260 SNIPPET_RELEVANT b'1143597'
ACTION DOC 10000 9280 EXAMINING_DOCUMENT b'1143597'
ACTION SNIPPET 10000 9283 SNIPPET_NOT_RELEVANT b'763977'
ACTION SNIPPET 10000 9286 SNIPPET_RELEVANT b'1736782'
ACTION DOC 10000 9306 EXAMINING_DOCUMENT b'1736782'
ACTION SNIPPET 10000 9309 SNIPPET_RELEVANT b'1106026'
ACTION DOC 10000 9329 EXAMINING_DOCUMENT b'1106026'
ACTION SNIPPET 10000 9332 SNIPPET_NOT_RELEVANT b'774969'
ACTION QUERY 10000 9342 mainstreaming vatican
ACTION SERP 10000 9347 EXAMINE_SERP
ACTION SNIPPET 10000 9350 SNIPPET_NOT_RELEVANT b'1102093'
ACTION SNIPPET 10000 9353 SNIPPET_NOT_RELEVANT b'20578'
ACTION SNIPPET 10000 9356 SNIPPET_NOT_RELEVANT b'1378943'
ACTION SNIPPET 10000 9359 SNIPPET_RELEVANT b'1552196'
ACTION DOC 10000 9379 EXAMINING_DOCUMENT b'1552196'
ACTION SNIPPET 10000 9382 SEEN_PREVIOUSLY b'339413'
ACTION SNIPPET 10000 9385 SNIPPET_NOT_RELEVANT b'1100172'
ACTION SNIPPET 10000 9388 SNIPPET_NOT_RELEVANT b'696215'
ACTION SNIPPET 10000 9391 SNIPPET_RELEVANT b'784654'
ACTION DOC 10000 9411 EXAMINING_DOCUMENT b'784654'
ACTION SNIPPET 10000 9414 SNIPPET_NOT_RELEVANT b'890473'
ACTION SNIPPET 10000 9417 SNIPPET_NOT_RELEVANT b'1188769'
ACTION QUERY 10000 9427 mainstreaming hearing
ACTION SERP 10000 9432 EXAMINE_SERP
ACTION SNIPPET 10000 9435 SNIPPET_RELEVANT b'904596'
ACTION DOC 10000 9455 EXAMINING_DOCUMENT b'904596'
ACTION SNIPPET 10000 9458 SEEN_PREVIOUSLY b'1718292'
ACTION SNIPPET 10000 9461 SEEN_PREVIOUSLY b'1519659'
ACTION SNIPPET 10000 9464 SEEN_PREVIOUSLY b'302513'
ACTION SNIPPET 10000 9467 SNIPPET_RELEVANT b'1114790'
ACTION DOC 10000 9487 EXAMINING_DOCUMENT b'1114790'
ACTION MARK 10000 9490 CONSIDERED_RELEVANT b'1114790'
ACTION SNIPPET 10000 9493 SEEN_PREVIOUSLY b'1216237'
ACTION SNIPPET 10000 9496 SEEN_PREVIOUSLY b'568862'
ACTION SNIPPET 10000 9499 SNIPPET_RELEVANT b'263305'
ACTION DOC 10000 9519 EXAMINING_DOCUMENT b'263305'
ACTION SNIPPET 10000 9522 SNIPPET_RELEVANT b'795045'
ACTION DOC 10000 9542 EXAMINING_DOCUMENT b'795045'
ACTION MARK 10000 9545 CONSIDERED_RELEVANT b'795045'
ACTION SNIPPET 10000 9548 SNIPPET_NOT_RELEVANT b'255477'
ACTION QUERY 10000 9558 mainstreaming assistant
ACTION SERP 10000 9563 EXAMINE_SERP
ACTION SNIPPET 10000 9566 SNIPPET_NOT_RELEVANT b'689233'
ACTION SNIPPET 10000 9569 SNIPPET_RELEVANT b'999722'
ACTION DOC 10000 9589 EXAMINING_DOCUMENT b'999722'
ACTION SNIPPET 10000 9592 SEEN_PREVIOUSLY b'489302'
ACTION SNIPPET 10000 9595 SNIPPET_NOT_RELEVANT b'1028944'
ACTION SNIPPET 10000 9598 SNIPPET_NOT_RELEVANT b'1508038'
ACTION SNIPPET 10000 9601 SEEN_PREVIOUSLY b'139792'
ACTION SNIPPET 10000 9604 SNIPPET_NOT_RELEVANT b'1277440'
ACTION SNIPPET 10000 9607 SNIPPET_NOT_RELEVANT b'984688'
ACTION SNIPPET 10000 9610 SNIPPET_NOT_RELEVANT b'1544411'
ACTION SNIPPET 10000 9613 SEEN_PREVIOUSLY b'792264'
ACTION QUERY 10000 9623 mainstreaming midwife
ACTION SERP 10000 9628 EXAMINE_SERP
ACTION SNIPPET 10000 9631 SNIPPET_NOT_RELEVANT b'806499'
ACTION SNIPPET 10000 9634 SNIPPET_NOT_RELEVANT b'982221'
ACTION SNIPPET 10000 9637 SNIPPET_NOT_RELEVANT b'767576'
ACTION SNIPPET 10000 9640 SNIPPET_NOT_RELEVANT b'1298081'
ACTION SNIPPET 10000 9643 SNIPPET_NOT_RELEVANT b'988836'
ACTION SNIPPET 10000 9646 SNIPPET_NOT_RELEVANT b'1307847'
ACTION SNIPPET 10000 9649 SNIPPET_NOT_RELEVANT b'222687'
ACTION SNIPPET 10000 9652 SNIPPET_NOT_RELEVANT b'562095'
ACTION SNIPPET 10000 9655 SNIPPET_RELEVANT b'579582'
ACTION DOC 10000 9675 EXAMINING_DOCUMENT b'579582'
ACTION SNIPPET 10000 9678 SNIPPET_NOT_RELEVANT b'806496'
ACTION QUERY 10000 9688 mainstreaming wilder
ACTION SERP 10000 9693 EXAMINE_SERP
ACTION SNIPPET 10000 9696 SNIPPET_RELEVANT b'391414'
ACTION DOC 10000 9716 EXAMINING_DOCUMENT b'391414'
ACTION SNIPPET 10000 9719 SNIPPET_RELEVANT b'391413'
ACTION DOC 10000 9739 EXAMINING_DOCUMENT b'391413'
ACTION SNIPPET 10000 9742 SEEN_PREVIOUSLY b'316764'
ACTION SNIPPET 10000 9745 SNIPPET_RELEVANT b'300957'
ACTION DOC 10000 9765 EXAMINING_DOCUMENT b'300957'
ACTION SNIPPET 10000 9768 SNIPPET_RELEVANT b'315599'
ACTION DOC 10000 9788 EXAMINING_DOCUMENT b'315599'
ACTION SNIPPET 10000 9791 SNIPPET_RELEVANT b'352981'
ACTION DOC 10000 9811 EXAMINING_DOCUMENT b'352981'
ACTION SNIPPET 10000 9814 SNIPPET_NOT_RELEVANT b'351284'
ACTION SNIPPET 10000 9817 SNIPPET_NOT_RELEVANT b'680718'
ACTION SNIPPET 10000 9820 SNIPPET_NOT_RELEVANT b'380291'
ACTION SNIPPET 10000 9823 SNIPPET_RELEVANT b'867625'
ACTION DOC 10000 9843 EXAMINING_DOCUMENT b'867625'
ACTION QUERY 10000 9853 mainstreaming break
ACTION SERP 10000 9858 EXAMINE_SERP
ACTION SNIPPET 10000 9861 SNIPPET_NOT_RELEVANT b'1309396'
ACTION SNIPPET 10000 9864 SNIPPET_RELEVANT b'876283'
ACTION DOC 10000 9884 EXAMINING_DOCUMENT b'876283'
ACTION SNIPPET 10000 9887 SEEN_PREVIOUSLY b'708266'
ACTION SNIPPET 10000 9890 SNIPPET_NOT_RELEVANT b'463413'
ACTION SNIPPET 10000 9893 SNIPPET_RELEVANT b'51033'
ACTION DOC 10000 9913 EXAMINING_DOCUMENT b'51033'
ACTION SNIPPET 10000 9916 SNIPPET_RELEVANT b'1751656'
ACTION DOC 10000 9936 EXAMINING_DOCUMENT b'1751656'
ACTION SNIPPET 10000 9939 SNIPPET_RELEVANT b'1495696'
ACTION DOC 10000 9959 EXAMINING_DOCUMENT b'1495696'
ACTION SNIPPET 10000 9962 SNIPPET_NOT_RELEVANT b'1013661'
ACTION SNIPPET 10000 9965 SNIPPET_RELEVANT b'1058563'
ACTION DOC 10000 9985 EXAMINING_DOCUMENT b'1058563'
ACTION MARK 10000 9988 CONSIDERED_RELEVANT b'1058563'
ACTION SNIPPET 10000 9991 SNIPPET_RELEVANT b'24116'
ACTION DOC 10000 10011 EXAMINING_DOCUMENT b'24116'
INFO SUMMARY 
INFO TOTAL_QUERIES_ISSUED 82
INFO TOTAL_SNIPPETS_EXAMINED 820
INFO TOTAL_DOCUMENTS_EXAMINED 315
INFO TOTAL_DOCUMENTS_MARKED_RELEVANT 7
INFO TOTAL_ATTRACTIVE_SERP_IMPRESSIONS 82
INFO TOTAL_UNATTRACTIVE_SERP_IMPRESSIONS 0
