ACTION QUERY 10000 10 milosevic mirjana markovic
ACTION SERP 10000 15 EXAMINE_SERP
ACTION SNIPPET 10000 18 SNIPPET_RELEVANT b'1746708'
ACTION DOC 10000 38 EXAMINING_DOCUMENT b'1746708'
ACTION MARK 10000 41 CONSIDERED_RELEVANT b'1746708'
ACTION SNIPPET 10000 44 SNIPPET_RELEVANT b'781497'
ACTION DOC 10000 64 EXAMINING_DOCUMENT b'781497'
ACTION MARK 10000 67 CONSIDERED_RELEVANT b'781497'
ACTION SNIPPET 10000 70 SNIPPET_RELEVANT b'1478169'
ACTION DOC 10000 90 EXAMINING_DOCUMENT b'1478169'
ACTION MARK 10000 93 CONSIDERED_RELEVANT b'1478169'
ACTION SNIPPET 10000 96 SNIPPET_RELEVANT b'1111696'
ACTION DOC 10000 116 EXAMINING_DOCUMENT b'1111696'
ACTION MARK 10000 119 CONSIDERED_RELEVANT b'1111696'
ACTION SNIPPET 10000 122 SNIPPET_NOT_RELEVANT b'1273618'
ACTION SNIPPET 10000 125 SNIPPET_RELEVANT b'1360689'
ACTION DOC 10000 145 EXAMINING_DOCUMENT b'1360689'
ACTION MARK 10000 148 CONSIDERED_RELEVANT b'1360689'
ACTION SNIPPET 10000 151 SNIPPET_RELEVANT b'1276013'
ACTION DOC 10000 171 EXAMINING_DOCUMENT b'1276013'
ACTION MARK 10000 174 CONSIDERED_RELEVANT b'1276013'
ACTION SNIPPET 10000 177 SNIPPET_NOT_RELEVANT b'1245551'
ACTION SNIPPET 10000 180 SNIPPET_RELEVANT b'1304568'
ACTION DOC 10000 200 EXAMINING_DOCUMENT b'1304568'
ACTION MARK 10000 203 CONSIDERED_RELEVANT b'1304568'
ACTION SNIPPET 10000 206 SNIPPET_RELEVANT b'1276231'
ACTION DOC 10000 226 EXAMINING_DOCUMENT b'1276231'
ACTION MARK 10000 229 CONSIDERED_RELEVANT b'1276231'
INFO OUT_OF_QUERIES 
INFO SUMMARY 
INFO TOTAL_QUERIES_ISSUED 1
INFO TOTAL_SNIPPETS_EXAMINED 10
INFO TOTAL_DOCUMENTS_EXAMINED 8
INFO TOTAL_DOCUMENTS_MARKED_RELEVANT 8
INFO TOTAL_ATTRACTIVE_SERP_IMPRESSIONS 1
INFO TOTAL_UNATTRACTIVE_SERP_IMPRESSIONS 0
