ACTION QUERY 10000 10 mercy killing
ACTION SERP 10000 15 EXAMINE_SERP
ACTION SNIPPET 10000 18 SNIPPET_RELEVANT b'157557'
ACTION DOC 10000 38 EXAMINING_DOCUMENT b'157557'
ACTION MARK 10000 41 CONSIDERED_RELEVANT b'157557'
ACTION SNIPPET 10000 44 SNIPPET_RELEVANT b'1121204'
ACTION DOC 10000 64 EXAMINING_DOCUMENT b'1121204'
ACTION MARK 10000 67 CONSIDERED_RELEVANT b'1121204'
ACTION SNIPPET 10000 70 SNIPPET_RELEVANT b'1005479'
ACTION DOC 10000 90 EXAMINING_DOCUMENT b'1005479'
ACTION MARK 10000 93 CONSIDERED_RELEVANT b'1005479'
ACTION SNIPPET 10000 96 SNIPPET_RELEVANT b'789093'
ACTION DOC 10000 116 EXAMINING_DOCUMENT b'789093'
ACTION SNIPPET 10000 119 SNIPPET_RELEVANT b'35680'
ACTION DOC 10000 139 EXAMINING_DOCUMENT b'35680'
ACTION MARK 10000 142 CONSIDERED_RELEVANT b'35680'
ACTION SNIPPET 10000 145 SNIPPET_RELEVANT b'473943'
ACTION DOC 10000 165 EXAMINING_DOCUMENT b'473943'
ACTION SNIPPET 10000 168 SNIPPET_NOT_RELEVANT b'391873'
ACTION SNIPPET 10000 171 SNIPPET_RELEVANT b'391874'
ACTION DOC 10000 191 EXAMINING_DOCUMENT b'391874'
ACTION SNIPPET 10000 194 SNIPPET_RELEVANT b'723837'
ACTION DOC 10000 214 EXAMINING_DOCUMENT b'723837'
ACTION QUERY 10000 224 mercy killing slang
ACTION SERP 10000 229 EXAMINE_SERP
ACTION SNIPPET 10000 232 SNIPPET_RELEVANT b'1780753'
ACTION DOC 10000 252 EXAMINING_DOCUMENT b'1780753'
ACTION SNIPPET 10000 255 SEEN_PREVIOUSLY b'157557'
ACTION SNIPPET 10000 258 SNIPPET_RELEVANT b'407119'
ACTION DOC 10000 278 EXAMINING_DOCUMENT b'407119'
ACTION QUERY 10000 288 mercy killing trend
ACTION SERP 10000 293 EXAMINE_SERP
ACTION SNIPPET 10000 296 SNIPPET_RELEVANT b'15687'
ACTION DOC 10000 316 EXAMINING_DOCUMENT b'15687'
ACTION SNIPPET 10000 319 SNIPPET_NOT_RELEVANT b'664955'
ACTION SNIPPET 10000 322 SEEN_PREVIOUSLY b'157557'
ACTION SNIPPET 10000 325 SEEN_PREVIOUSLY b'1121204'
ACTION SNIPPET 10000 328 SEEN_PREVIOUSLY b'1005479'
ACTION SNIPPET 10000 331 SNIPPET_NOT_RELEVANT b'1849022'
ACTION SNIPPET 10000 334 SEEN_PREVIOUSLY b'789093'
ACTION SNIPPET 10000 337 SEEN_PREVIOUSLY b'35680'
ACTION SNIPPET 10000 340 SNIPPET_NOT_RELEVANT b'51099'
ACTION QUERY 10000 350 mercy killing analyst
ACTION SERP 10000 355 EXAMINE_SERP
ACTION SNIPPET 10000 358 SNIPPET_RELEVANT b'91491'
ACTION DOC 10000 378 EXAMINING_DOCUMENT b'91491'
ACTION SNIPPET 10000 381 SEEN_PREVIOUSLY b'157557'
ACTION SNIPPET 10000 384 SEEN_PREVIOUSLY b'1121204'
ACTION SNIPPET 10000 387 SEEN_PREVIOUSLY b'1005479'
ACTION SNIPPET 10000 390 SEEN_PREVIOUSLY b'789093'
ACTION SNIPPET 10000 393 SEEN_PREVIOUSLY b'35680'
ACTION SNIPPET 10000 396 SNIPPET_NOT_RELEVANT b'297683'
ACTION SNIPPET 10000 399 SNIPPET_NOT_RELEVANT b'1770128'
ACTION SNIPPET 10000 402 SEEN_PREVIOUSLY b'473943'
ACTION QUERY 10000 412 mercy killing fashionable
ACTION SERP 10000 417 EXAMINE_SERP
ACTION SNIPPET 10000 420 SNIPPET_RELEVANT b'373981'
ACTION DOC 10000 440 EXAMINING_DOCUMENT b'373981'
ACTION MARK 10000 443 CONSIDERED_RELEVANT b'373981'
ACTION SNIPPET 10000 446 SEEN_PREVIOUSLY b'157557'
ACTION SNIPPET 10000 449 SNIPPET_NOT_RELEVANT b'1640983'
ACTION SNIPPET 10000 452 SEEN_PREVIOUSLY b'1121204'
ACTION SNIPPET 10000 455 SEEN_PREVIOUSLY b'1005479'
ACTION SNIPPET 10000 458 SEEN_PREVIOUSLY b'789093'
ACTION SNIPPET 10000 461 SEEN_PREVIOUSLY b'35680'
ACTION SNIPPET 10000 464 SEEN_PREVIOUSLY b'473943'
ACTION SNIPPET 10000 467 SNIPPET_NOT_RELEVANT b'391873'
ACTION SNIPPET 10000 470 SEEN_PREVIOUSLY b'391874'
ACTION SNIPPET 10000 473 SEEN_PREVIOUSLY b'723837'
ACTION SNIPPET 10000 476 SNIPPET_RELEVANT b'435343'
ACTION DOC 10000 496 EXAMINING_DOCUMENT b'435343'
ACTION MARK 10000 499 CONSIDERED_RELEVANT b'435343'
ACTION SNIPPET 10000 502 SNIPPET_RELEVANT b'1210771'
ACTION DOC 10000 522 EXAMINING_DOCUMENT b'1210771'
ACTION SNIPPET 10000 525 SNIPPET_RELEVANT b'115272'
ACTION DOC 10000 545 EXAMINING_DOCUMENT b'115272'
ACTION MARK 10000 548 CONSIDERED_RELEVANT b'115272'
ACTION SNIPPET 10000 551 SNIPPET_RELEVANT b'1313460'
ACTION DOC 10000 571 EXAMINING_DOCUMENT b'1313460'
ACTION SNIPPET 10000 574 SNIPPET_RELEVANT b'1095445'
ACTION DOC 10000 594 EXAMINING_DOCUMENT b'1095445'
ACTION MARK 10000 597 CONSIDERED_RELEVANT b'1095445'
ACTION SNIPPET 10000 600 SNIPPET_RELEVANT b'1314161'
ACTION DOC 10000 620 EXAMINING_DOCUMENT b'1314161'
ACTION SNIPPET 10000 623 SNIPPET_NOT_RELEVANT b'1689454'
ACTION SNIPPET 10000 626 SNIPPET_RELEVANT b'373185'
ACTION DOC 10000 646 EXAMINING_DOCUMENT b'373185'
ACTION MARK 10000 649 CONSIDERED_RELEVANT b'373185'
ACTION SNIPPET 10000 652 SNIPPET_NOT_RELEVANT b'606616'
ACTION SNIPPET 10000 655 SNIPPET_RELEVANT b'434291'
ACTION DOC 10000 675 EXAMINING_DOCUMENT b'434291'
ACTION SNIPPET 10000 678 SNIPPET_NOT_RELEVANT b'1722895'
ACTION SNIPPET 10000 681 SNIPPET_NOT_RELEVANT b'188508'
ACTION SNIPPET 10000 684 SNIPPET_NOT_RELEVANT b'2447'
ACTION SNIPPET 10000 687 SNIPPET_RELEVANT b'2447'
ACTION DOC 10000 707 EXAMINING_DOCUMENT b'2447'
ACTION MARK 10000 710 CONSIDERED_RELEVANT b'2447'
ACTION SNIPPET 10000 713 SNIPPET_RELEVANT b'618917'
ACTION DOC 10000 733 EXAMINING_DOCUMENT b'618917'
ACTION SNIPPET 10000 736 SNIPPET_NOT_RELEVANT b'1822541'
ACTION SNIPPET 10000 739 SNIPPET_NOT_RELEVANT b'851315'
ACTION SNIPPET 10000 742 SNIPPET_NOT_RELEVANT b'1255377'
ACTION SNIPPET 10000 745 SNIPPET_RELEVANT b'724065'
ACTION DOC 10000 765 EXAMINING_DOCUMENT b'724065'
ACTION QUERY 10000 775 mercy killing organ
ACTION SERP 10000 780 EXAMINE_SERP
ACTION SNIPPET 10000 783 SEEN_PREVIOUSLY b'157557'
ACTION SNIPPET 10000 786 SNIPPET_NOT_RELEVANT b'1689454'
ACTION SNIPPET 10000 789 SNIPPET_NOT_RELEVANT b'1689450'
ACTION SNIPPET 10000 792 SNIPPET_NOT_RELEVANT b'431779'
ACTION SNIPPET 10000 795 SNIPPET_RELEVANT b'1581586'
ACTION DOC 10000 815 EXAMINING_DOCUMENT b'1581586'
ACTION SNIPPET 10000 818 SEEN_PREVIOUSLY b'618917'
ACTION SNIPPET 10000 821 SNIPPET_RELEVANT b'144854'
ACTION DOC 10000 841 EXAMINING_DOCUMENT b'144854'
ACTION QUERY 10000 851 mercy killing issue
ACTION SERP 10000 856 EXAMINE_SERP
ACTION SNIPPET 10000 859 SEEN_PREVIOUSLY b'157557'
ACTION SNIPPET 10000 862 SEEN_PREVIOUSLY b'789093'
ACTION SNIPPET 10000 865 SNIPPET_NOT_RELEVANT b'606616'
ACTION SNIPPET 10000 868 SNIPPET_RELEVANT b'1689454'
ACTION DOC 10000 888 EXAMINING_DOCUMENT b'1689454'
ACTION SNIPPET 10000 891 SNIPPET_RELEVANT b'1064676'
ACTION DOC 10000 911 EXAMINING_DOCUMENT b'1064676'
ACTION MARK 10000 914 CONSIDERED_RELEVANT b'1064676'
ACTION SNIPPET 10000 917 SNIPPET_RELEVANT b'1399268'
ACTION DOC 10000 937 EXAMINING_DOCUMENT b'1399268'
ACTION SNIPPET 10000 940 SEEN_PREVIOUSLY b'473943'
ACTION SNIPPET 10000 943 SNIPPET_NOT_RELEVANT b'1822541'
ACTION SNIPPET 10000 946 SNIPPET_NOT_RELEVANT b'116927'
ACTION SNIPPET 10000 949 SNIPPET_RELEVANT b'977063'
ACTION DOC 10000 969 EXAMINING_DOCUMENT b'977063'
ACTION MARK 10000 972 CONSIDERED_RELEVANT b'977063'
ACTION SNIPPET 10000 975 SEEN_PREVIOUSLY b'2447'
ACTION SNIPPET 10000 978 SEEN_PREVIOUSLY b'2447'
ACTION SNIPPET 10000 981 SEEN_PREVIOUSLY b'1121204'
ACTION SNIPPET 10000 984 SEEN_PREVIOUSLY b'1005479'
ACTION SNIPPET 10000 987 SEEN_PREVIOUSLY b'35680'
ACTION SNIPPET 10000 990 SNIPPET_RELEVANT b'128834'
ACTION DOC 10000 1010 EXAMINING_DOCUMENT b'128834'
ACTION SNIPPET 10000 1013 SNIPPET_RELEVANT b'121481'
ACTION DOC 10000 1033 EXAMINING_DOCUMENT b'121481'
ACTION MARK 10000 1036 CONSIDERED_RELEVANT b'121481'
ACTION SNIPPET 10000 1039 SNIPPET_NOT_RELEVANT b'612739'
ACTION SNIPPET 10000 1042 SNIPPET_NOT_RELEVANT b'391873'
ACTION SNIPPET 10000 1045 SEEN_PREVIOUSLY b'391874'
ACTION SNIPPET 10000 1048 SEEN_PREVIOUSLY b'723837'
ACTION SNIPPET 10000 1051 SEEN_PREVIOUSLY b'435343'
ACTION SNIPPET 10000 1054 SNIPPET_NOT_RELEVANT b'1681870'
ACTION SNIPPET 10000 1057 SEEN_PREVIOUSLY b'1210771'
ACTION SNIPPET 10000 1060 SEEN_PREVIOUSLY b'115272'
ACTION SNIPPET 10000 1063 SEEN_PREVIOUSLY b'1095445'
ACTION SNIPPET 10000 1066 SEEN_PREVIOUSLY b'373185'
ACTION SNIPPET 10000 1069 SNIPPET_NOT_RELEVANT b'1438204'
ACTION SNIPPET 10000 1072 SNIPPET_RELEVANT b'1045698'
ACTION DOC 10000 1092 EXAMINING_DOCUMENT b'1045698'
ACTION QUERY 10000 1102 mercy killing unnecessary
ACTION SERP 10000 1107 EXAMINE_SERP
ACTION SNIPPET 10000 1110 SNIPPET_RELEVANT b'1438204'
ACTION DOC 10000 1130 EXAMINING_DOCUMENT b'1438204'
ACTION SNIPPET 10000 1133 SEEN_PREVIOUSLY b'157557'
ACTION SNIPPET 10000 1136 SNIPPET_NOT_RELEVANT b'1813768'
ACTION SNIPPET 10000 1139 SNIPPET_RELEVANT b'262849'
ACTION DOC 10000 1159 EXAMINING_DOCUMENT b'262849'
ACTION QUERY 10000 1169 mercy killing hes
ACTION SERP 10000 1174 EXAMINE_SERP
ACTION SNIPPET 10000 1177 SNIPPET_NOT_RELEVANT b'1192062'
ACTION SNIPPET 10000 1180 SNIPPET_RELEVANT b'1581318'
ACTION DOC 10000 1200 EXAMINING_DOCUMENT b'1581318'
ACTION SNIPPET 10000 1203 SNIPPET_NOT_RELEVANT b'1821180'
ACTION SNIPPET 10000 1206 SNIPPET_NOT_RELEVANT b'1277585'
ACTION SNIPPET 10000 1209 SNIPPET_NOT_RELEVANT b'806664'
ACTION SNIPPET 10000 1212 SNIPPET_NOT_RELEVANT b'1563146'
ACTION SNIPPET 10000 1215 SNIPPET_NOT_RELEVANT b'1062603'
ACTION SNIPPET 10000 1218 SNIPPET_NOT_RELEVANT b'575340'
ACTION SNIPPET 10000 1221 SEEN_PREVIOUSLY b'157557'
ACTION QUERY 10000 1231 mercy killing custody
ACTION SERP 10000 1236 EXAMINE_SERP
ACTION SNIPPET 10000 1239 SNIPPET_RELEVANT b'200780'
ACTION DOC 10000 1259 EXAMINING_DOCUMENT b'200780'
ACTION SNIPPET 10000 1262 SNIPPET_NOT_RELEVANT b'1044658'
ACTION SNIPPET 10000 1265 SNIPPET_RELEVANT b'1680133'
ACTION DOC 10000 1285 EXAMINING_DOCUMENT b'1680133'
ACTION QUERY 10000 1295 mercy killing executed
ACTION SERP 10000 1300 EXAMINE_SERP
ACTION SNIPPET 10000 1303 SNIPPET_RELEVANT b'606616'
ACTION DOC 10000 1323 EXAMINING_DOCUMENT b'606616'
ACTION SNIPPET 10000 1326 SNIPPET_RELEVANT b'188508'
ACTION DOC 10000 1346 EXAMINING_DOCUMENT b'188508'
ACTION QUERY 10000 1356 mercy killing family
ACTION SERP 10000 1361 EXAMINE_SERP
ACTION SNIPPET 10000 1364 SEEN_PREVIOUSLY b'723837'
ACTION SNIPPET 10000 1367 SEEN_PREVIOUSLY b'1689454'
ACTION SNIPPET 10000 1370 SEEN_PREVIOUSLY b'35680'
ACTION SNIPPET 10000 1373 SEEN_PREVIOUSLY b'157557'
ACTION SNIPPET 10000 1376 SEEN_PREVIOUSLY b'115272'
ACTION SNIPPET 10000 1379 SNIPPET_RELEVANT b'99157'
ACTION DOC 10000 1399 EXAMINING_DOCUMENT b'99157'
ACTION SNIPPET 10000 1402 SNIPPET_RELEVANT b'1550712'
ACTION DOC 10000 1422 EXAMINING_DOCUMENT b'1550712'
ACTION QUERY 10000 1432 mercy killing stock
ACTION SERP 10000 1437 EXAMINE_SERP
ACTION SNIPPET 10000 1440 SNIPPET_NOT_RELEVANT b'307171'
ACTION SNIPPET 10000 1443 SEEN_PREVIOUSLY b'157557'
ACTION SNIPPET 10000 1446 SEEN_PREVIOUSLY b'1121204'
ACTION SNIPPET 10000 1449 SEEN_PREVIOUSLY b'1005479'
ACTION SNIPPET 10000 1452 SNIPPET_RELEVANT b'51099'
ACTION DOC 10000 1472 EXAMINING_DOCUMENT b'51099'
ACTION SNIPPET 10000 1475 SEEN_PREVIOUSLY b'789093'
ACTION SNIPPET 10000 1478 SEEN_PREVIOUSLY b'35680'
ACTION SNIPPET 10000 1481 SEEN_PREVIOUSLY b'473943'
ACTION SNIPPET 10000 1484 SNIPPET_NOT_RELEVANT b'391873'
ACTION QUERY 10000 1494 mercy killing extending
ACTION SERP 10000 1499 EXAMINE_SERP
ACTION SNIPPET 10000 1502 SNIPPET_RELEVANT b'1822541'
ACTION DOC 10000 1522 EXAMINING_DOCUMENT b'1822541'
ACTION SNIPPET 10000 1525 SNIPPET_NOT_RELEVANT b'940953'
ACTION SNIPPET 10000 1528 SNIPPET_NOT_RELEVANT b'1022498'
ACTION SNIPPET 10000 1531 SNIPPET_RELEVANT b'912751'
ACTION DOC 10000 1551 EXAMINING_DOCUMENT b'912751'
ACTION QUERY 10000 1561 mercy killing inject
ACTION SERP 10000 1566 EXAMINE_SERP
ACTION SNIPPET 10000 1569 SNIPPET_NOT_RELEVANT b'116927'
ACTION SNIPPET 10000 1572 SEEN_PREVIOUSLY b'1095445'
ACTION SNIPPET 10000 1575 SNIPPET_RELEVANT b'117169'
ACTION DOC 10000 1595 EXAMINING_DOCUMENT b'117169'
ACTION SNIPPET 10000 1598 SEEN_PREVIOUSLY b'1822541'
ACTION SNIPPET 10000 1601 SNIPPET_RELEVANT b'1633442'
ACTION DOC 10000 1621 EXAMINING_DOCUMENT b'1633442'
ACTION QUERY 10000 1631 mercy killing charged
ACTION SERP 10000 1636 EXAMINE_SERP
ACTION SNIPPET 10000 1639 SNIPPET_NOT_RELEVANT b'1722895'
ACTION SNIPPET 10000 1642 SNIPPET_RELEVANT b'1816598'
ACTION DOC 10000 1662 EXAMINING_DOCUMENT b'1816598'
ACTION SNIPPET 10000 1665 SEEN_PREVIOUSLY b'115272'
ACTION SNIPPET 10000 1668 SEEN_PREVIOUSLY b'1633442'
ACTION SNIPPET 10000 1671 SNIPPET_RELEVANT b'431779'
ACTION DOC 10000 1691 EXAMINING_DOCUMENT b'431779'
ACTION QUERY 10000 1701 mercy killing compared
ACTION SERP 10000 1706 EXAMINE_SERP
ACTION SNIPPET 10000 1709 SEEN_PREVIOUSLY b'35680'
ACTION SNIPPET 10000 1712 SEEN_PREVIOUSLY b'157557'
ACTION SNIPPET 10000 1715 SEEN_PREVIOUSLY b'2447'
ACTION SNIPPET 10000 1718 SEEN_PREVIOUSLY b'2447'
ACTION SNIPPET 10000 1721 SNIPPET_NOT_RELEVANT b'14913'
ACTION SNIPPET 10000 1724 SNIPPET_NOT_RELEVANT b'1853287'
ACTION SNIPPET 10000 1727 SNIPPET_RELEVANT b'726977'
ACTION DOC 10000 1747 EXAMINING_DOCUMENT b'726977'
ACTION MARK 10000 1750 CONSIDERED_RELEVANT b'726977'
ACTION SNIPPET 10000 1753 SEEN_PREVIOUSLY b'1121204'
ACTION SNIPPET 10000 1756 SEEN_PREVIOUSLY b'1005479'
ACTION SNIPPET 10000 1759 SEEN_PREVIOUSLY b'789093'
ACTION SNIPPET 10000 1762 SNIPPET_NOT_RELEVANT b'676213'
ACTION SNIPPET 10000 1765 SEEN_PREVIOUSLY b'473943'
ACTION SNIPPET 10000 1768 SEEN_PREVIOUSLY b'391874'
ACTION SNIPPET 10000 1771 SNIPPET_RELEVANT b'391873'
ACTION DOC 10000 1791 EXAMINING_DOCUMENT b'391873'
ACTION SNIPPET 10000 1794 SEEN_PREVIOUSLY b'723837'
ACTION SNIPPET 10000 1797 SEEN_PREVIOUSLY b'1438204'
ACTION SNIPPET 10000 1800 SNIPPET_NOT_RELEVANT b'664955'
ACTION QUERY 10000 1810 mercy killing years
ACTION SERP 10000 1815 EXAMINE_SERP
ACTION SNIPPET 10000 1818 SEEN_PREVIOUSLY b'157557'
ACTION SNIPPET 10000 1821 SEEN_PREVIOUSLY b'1005479'
ACTION SNIPPET 10000 1824 SEEN_PREVIOUSLY b'789093'
ACTION SNIPPET 10000 1827 SEEN_PREVIOUSLY b'1121204'
ACTION SNIPPET 10000 1830 SEEN_PREVIOUSLY b'391873'
ACTION SNIPPET 10000 1833 SEEN_PREVIOUSLY b'391874'
ACTION SNIPPET 10000 1836 SEEN_PREVIOUSLY b'35680'
ACTION SNIPPET 10000 1839 SEEN_PREVIOUSLY b'473943'
ACTION SNIPPET 10000 1842 SEEN_PREVIOUSLY b'1095445'
ACTION SNIPPET 10000 1845 SEEN_PREVIOUSLY b'723837'
ACTION SNIPPET 10000 1848 SEEN_PREVIOUSLY b'606616'
ACTION SNIPPET 10000 1851 SEEN_PREVIOUSLY b'1210771'
ACTION SNIPPET 10000 1854 SEEN_PREVIOUSLY b'435343'
ACTION SNIPPET 10000 1857 SNIPPET_RELEVANT b'1722895'
ACTION DOC 10000 1877 EXAMINING_DOCUMENT b'1722895'
ACTION QUERY 10000 1887 mercy killing bombs
ACTION SERP 10000 1892 EXAMINE_SERP
ACTION SNIPPET 10000 1895 SNIPPET_RELEVANT b'114273'
ACTION DOC 10000 1915 EXAMINING_DOCUMENT b'114273'
ACTION SNIPPET 10000 1918 SNIPPET_RELEVANT b'1681870'
ACTION DOC 10000 1938 EXAMINING_DOCUMENT b'1681870'
ACTION QUERY 10000 1948 mercy killing latest
ACTION SERP 10000 1953 EXAMINE_SERP
ACTION SNIPPET 10000 1956 SEEN_PREVIOUSLY b'15687'
ACTION SNIPPET 10000 1959 SEEN_PREVIOUSLY b'157557'
ACTION SNIPPET 10000 1962 SNIPPET_RELEVANT b'612739'
ACTION DOC 10000 1982 EXAMINING_DOCUMENT b'612739'
ACTION SNIPPET 10000 1985 SEEN_PREVIOUSLY b'1121204'
ACTION SNIPPET 10000 1988 SEEN_PREVIOUSLY b'1005479'
ACTION SNIPPET 10000 1991 SNIPPET_NOT_RELEVANT b'1041187'
ACTION SNIPPET 10000 1994 SEEN_PREVIOUSLY b'789093'
ACTION SNIPPET 10000 1997 SEEN_PREVIOUSLY b'35680'
ACTION SNIPPET 10000 2000 SEEN_PREVIOUSLY b'473943'
ACTION QUERY 10000 2010 mercy killing shakespeares
ACTION SERP 10000 2015 EXAMINE_SERP
ACTION SNIPPET 10000 2018 SNIPPET_NOT_RELEVANT b'1041187'
ACTION SNIPPET 10000 2021 SNIPPET_NOT_RELEVANT b'1785098'
ACTION SNIPPET 10000 2024 SNIPPET_NOT_RELEVANT b'1079907'
ACTION SNIPPET 10000 2027 SNIPPET_RELEVANT b'313646'
ACTION DOC 10000 2047 EXAMINING_DOCUMENT b'313646'
ACTION SNIPPET 10000 2050 SNIPPET_NOT_RELEVANT b'384349'
ACTION SNIPPET 10000 2053 SNIPPET_RELEVANT b'1331947'
ACTION DOC 10000 2073 EXAMINING_DOCUMENT b'1331947'
ACTION QUERY 10000 2083 mercy killing idea
ACTION SERP 10000 2088 EXAMINE_SERP
ACTION SNIPPET 10000 2091 SEEN_PREVIOUSLY b'157557'
ACTION SNIPPET 10000 2094 SEEN_PREVIOUSLY b'128834'
ACTION SNIPPET 10000 2097 SEEN_PREVIOUSLY b'1121204'
ACTION SNIPPET 10000 2100 SEEN_PREVIOUSLY b'1005479'
ACTION SNIPPET 10000 2103 SEEN_PREVIOUSLY b'789093'
ACTION SNIPPET 10000 2106 SNIPPET_RELEVANT b'103271'
ACTION DOC 10000 2126 EXAMINING_DOCUMENT b'103271'
ACTION SNIPPET 10000 2129 SEEN_PREVIOUSLY b'35680'
ACTION SNIPPET 10000 2132 SNIPPET_NOT_RELEVANT b'725271'
ACTION SNIPPET 10000 2135 SNIPPET_NOT_RELEVANT b'1640983'
ACTION QUERY 10000 2145 mercy killing maria
ACTION SERP 10000 2150 EXAMINE_SERP
ACTION SNIPPET 10000 2153 SNIPPET_NOT_RELEVANT b'851315'
ACTION SNIPPET 10000 2156 SNIPPET_NOT_RELEVANT b'44034'
ACTION SNIPPET 10000 2159 SNIPPET_NOT_RELEVANT b'1394868'
ACTION SNIPPET 10000 2162 SNIPPET_NOT_RELEVANT b'558857'
ACTION SNIPPET 10000 2165 SNIPPET_RELEVANT b'53472'
ACTION DOC 10000 2185 EXAMINING_DOCUMENT b'53472'
ACTION SNIPPET 10000 2188 SNIPPET_NOT_RELEVANT b'555835'
ACTION SNIPPET 10000 2191 SNIPPET_RELEVANT b'1202568'
ACTION DOC 10000 2211 EXAMINING_DOCUMENT b'1202568'
ACTION QUERY 10000 2221 mercy killing mozart
ACTION SERP 10000 2226 EXAMINE_SERP
ACTION SNIPPET 10000 2229 SEEN_PREVIOUSLY b'262849'
ACTION SNIPPET 10000 2232 SNIPPET_NOT_RELEVANT b'1516089'
ACTION SNIPPET 10000 2235 SNIPPET_RELEVANT b'1284336'
ACTION DOC 10000 2255 EXAMINING_DOCUMENT b'1284336'
ACTION SNIPPET 10000 2258 SEEN_PREVIOUSLY b'157557'
ACTION SNIPPET 10000 2261 SNIPPET_NOT_RELEVANT b'456713'
ACTION SNIPPET 10000 2264 SEEN_PREVIOUSLY b'1121204'
ACTION SNIPPET 10000 2267 SEEN_PREVIOUSLY b'1005479'
ACTION SNIPPET 10000 2270 SEEN_PREVIOUSLY b'789093'
ACTION SNIPPET 10000 2273 SEEN_PREVIOUSLY b'35680'
ACTION QUERY 10000 2283 mercy killing rats
ACTION SERP 10000 2288 EXAMINE_SERP
ACTION SNIPPET 10000 2291 SNIPPET_NOT_RELEVANT b'43456'
ACTION SNIPPET 10000 2294 SNIPPET_RELEVANT b'827845'
ACTION DOC 10000 2314 EXAMINING_DOCUMENT b'827845'
ACTION SNIPPET 10000 2317 SNIPPET_NOT_RELEVANT b'1516089'
ACTION SNIPPET 10000 2320 SNIPPET_RELEVANT b'706572'
ACTION DOC 10000 2340 EXAMINING_DOCUMENT b'706572'
ACTION QUERY 10000 2350 mercy killing street
ACTION SERP 10000 2355 EXAMINE_SERP
ACTION SNIPPET 10000 2358 SEEN_PREVIOUSLY b'157557'
ACTION SNIPPET 10000 2361 SEEN_PREVIOUSLY b'473943'
ACTION SNIPPET 10000 2364 SNIPPET_RELEVANT b'851315'
ACTION DOC 10000 2384 EXAMINING_DOCUMENT b'851315'
ACTION SNIPPET 10000 2387 SNIPPET_NOT_RELEVANT b'582628'
ACTION SNIPPET 10000 2390 SEEN_PREVIOUSLY b'1121204'
ACTION SNIPPET 10000 2393 SEEN_PREVIOUSLY b'1005479'
ACTION SNIPPET 10000 2396 SNIPPET_NOT_RELEVANT b'1441849'
ACTION SNIPPET 10000 2399 SEEN_PREVIOUSLY b'789093'
ACTION SNIPPET 10000 2402 SNIPPET_RELEVANT b'615784'
ACTION DOC 10000 2422 EXAMINING_DOCUMENT b'615784'
ACTION QUERY 10000 2432 mercy killing sarcastic
ACTION SERP 10000 2437 EXAMINE_SERP
ACTION SNIPPET 10000 2440 SNIPPET_NOT_RELEVANT b'43456'
ACTION SNIPPET 10000 2443 SEEN_PREVIOUSLY b'157557'
ACTION SNIPPET 10000 2446 SNIPPET_RELEVANT b'42903'
ACTION DOC 10000 2466 EXAMINING_DOCUMENT b'42903'
ACTION SNIPPET 10000 2469 SEEN_PREVIOUSLY b'1121204'
ACTION SNIPPET 10000 2472 SEEN_PREVIOUSLY b'1005479'
ACTION SNIPPET 10000 2475 SNIPPET_NOT_RELEVANT b'290144'
ACTION SNIPPET 10000 2478 SEEN_PREVIOUSLY b'789093'
ACTION SNIPPET 10000 2481 SEEN_PREVIOUSLY b'35680'
ACTION SNIPPET 10000 2484 SNIPPET_RELEVANT b'1567351'
ACTION DOC 10000 2504 EXAMINING_DOCUMENT b'1567351'
ACTION QUERY 10000 2514 mercy killing bessie
ACTION SERP 10000 2519 EXAMINE_SERP
ACTION SNIPPET 10000 2522 SNIPPET_NOT_RELEVANT b'1426025'
ACTION SNIPPET 10000 2525 SNIPPET_RELEVANT b'1080444'
ACTION DOC 10000 2545 EXAMINING_DOCUMENT b'1080444'
ACTION SNIPPET 10000 2548 SNIPPET_RELEVANT b'1288134'
ACTION DOC 10000 2568 EXAMINING_DOCUMENT b'1288134'
ACTION QUERY 10000 2578 mercy killing morgan
ACTION SERP 10000 2583 EXAMINE_SERP
ACTION SNIPPET 10000 2586 SNIPPET_NOT_RELEVANT b'308202'
ACTION SNIPPET 10000 2589 SNIPPET_RELEVANT b'980175'
ACTION DOC 10000 2609 EXAMINING_DOCUMENT b'980175'
ACTION SNIPPET 10000 2612 SNIPPET_RELEVANT b'1185371'
ACTION DOC 10000 2632 EXAMINING_DOCUMENT b'1185371'
ACTION QUERY 10000 2642 mercy killing klaus
ACTION SERP 10000 2647 EXAMINE_SERP
ACTION SNIPPET 10000 2650 SNIPPET_RELEVANT b'43456'
ACTION DOC 10000 2670 EXAMINING_DOCUMENT b'43456'
ACTION SNIPPET 10000 2673 SEEN_PREVIOUSLY b'42903'
ACTION SNIPPET 10000 2676 SNIPPET_NOT_RELEVANT b'389065'
ACTION SNIPPET 10000 2679 SNIPPET_RELEVANT b'504641'
ACTION DOC 10000 2699 EXAMINING_DOCUMENT b'504641'
ACTION QUERY 10000 2709 mercy killing expected
ACTION SERP 10000 2714 EXAMINE_SERP
ACTION SNIPPET 10000 2717 SEEN_PREVIOUSLY b'157557'
ACTION SNIPPET 10000 2720 SEEN_PREVIOUSLY b'606616'
ACTION SNIPPET 10000 2723 SNIPPET_RELEVANT b'260023'
ACTION DOC 10000 2743 EXAMINING_DOCUMENT b'260023'
ACTION SNIPPET 10000 2746 SNIPPET_NOT_RELEVANT b'713365'
ACTION SNIPPET 10000 2749 SEEN_PREVIOUSLY b'618917'
ACTION SNIPPET 10000 2752 SNIPPET_RELEVANT b'592995'
ACTION DOC 10000 2772 EXAMINING_DOCUMENT b'592995'
ACTION MARK 10000 2775 CONSIDERED_RELEVANT b'592995'
ACTION SNIPPET 10000 2778 SEEN_PREVIOUSLY b'1121204'
ACTION SNIPPET 10000 2781 SEEN_PREVIOUSLY b'1005479'
ACTION SNIPPET 10000 2784 SEEN_PREVIOUSLY b'1681870'
ACTION SNIPPET 10000 2787 SEEN_PREVIOUSLY b'789093'
ACTION SNIPPET 10000 2790 SEEN_PREVIOUSLY b'35680'
ACTION SNIPPET 10000 2793 SNIPPET_RELEVANT b'472960'
ACTION DOC 10000 2813 EXAMINING_DOCUMENT b'472960'
ACTION MARK 10000 2816 CONSIDERED_RELEVANT b'472960'
ACTION SNIPPET 10000 2819 SEEN_PREVIOUSLY b'473943'
ACTION SNIPPET 10000 2822 SEEN_PREVIOUSLY b'391873'
ACTION SNIPPET 10000 2825 SEEN_PREVIOUSLY b'391874'
ACTION SNIPPET 10000 2828 SEEN_PREVIOUSLY b'723837'
ACTION SNIPPET 10000 2831 SEEN_PREVIOUSLY b'1550712'
ACTION SNIPPET 10000 2834 SNIPPET_NOT_RELEVANT b'1375481'
ACTION SNIPPET 10000 2837 SEEN_PREVIOUSLY b'435343'
ACTION SNIPPET 10000 2840 SEEN_PREVIOUSLY b'1210771'
ACTION SNIPPET 10000 2843 SEEN_PREVIOUSLY b'115272'
ACTION SNIPPET 10000 2846 SEEN_PREVIOUSLY b'1095445'
ACTION SNIPPET 10000 2849 SEEN_PREVIOUSLY b'1689454'
ACTION SNIPPET 10000 2852 SEEN_PREVIOUSLY b'373185'
ACTION SNIPPET 10000 2855 SEEN_PREVIOUSLY b'1722895'
ACTION SNIPPET 10000 2858 SEEN_PREVIOUSLY b'188508'
ACTION SNIPPET 10000 2861 SEEN_PREVIOUSLY b'2447'
ACTION SNIPPET 10000 2864 SEEN_PREVIOUSLY b'2447'
ACTION SNIPPET 10000 2867 SEEN_PREVIOUSLY b'1822541'
ACTION QUERY 10000 2877 mercy killing practice
ACTION SERP 10000 2882 EXAMINE_SERP
ACTION SNIPPET 10000 2885 SEEN_PREVIOUSLY b'157557'
ACTION SNIPPET 10000 2888 SEEN_PREVIOUSLY b'1210771'
ACTION SNIPPET 10000 2891 SEEN_PREVIOUSLY b'723837'
ACTION SNIPPET 10000 2894 SNIPPET_RELEVANT b'1426355'
ACTION DOC 10000 2914 EXAMINING_DOCUMENT b'1426355'
ACTION MARK 10000 2917 CONSIDERED_RELEVANT b'1426355'
ACTION SNIPPET 10000 2920 SEEN_PREVIOUSLY b'35680'
ACTION SNIPPET 10000 2923 SNIPPET_RELEVANT b'116927'
ACTION DOC 10000 2943 EXAMINING_DOCUMENT b'116927'
ACTION MARK 10000 2946 CONSIDERED_RELEVANT b'116927'
ACTION SNIPPET 10000 2949 SNIPPET_NOT_RELEVANT b'695579'
ACTION SNIPPET 10000 2952 SEEN_PREVIOUSLY b'472960'
ACTION SNIPPET 10000 2955 SEEN_PREVIOUSLY b'473943'
ACTION SNIPPET 10000 2958 SEEN_PREVIOUSLY b'592995'
ACTION SNIPPET 10000 2961 SNIPPET_NOT_RELEVANT b'606698'
ACTION SNIPPET 10000 2964 SNIPPET_RELEVANT b'1267822'
ACTION DOC 10000 2984 EXAMINING_DOCUMENT b'1267822'
ACTION SNIPPET 10000 2987 SNIPPET_RELEVANT b'221431'
ACTION DOC 10000 3007 EXAMINING_DOCUMENT b'221431'
ACTION QUERY 10000 3017 mercy killing husseins
ACTION SERP 10000 3022 EXAMINE_SERP
ACTION SNIPPET 10000 3025 SEEN_PREVIOUSLY b'391873'
ACTION SNIPPET 10000 3028 SEEN_PREVIOUSLY b'391874'
ACTION SNIPPET 10000 3031 SNIPPET_NOT_RELEVANT b'1814878'
ACTION SNIPPET 10000 3034 SNIPPET_NOT_RELEVANT b'1513495'
ACTION SNIPPET 10000 3037 SNIPPET_RELEVANT b'426049'
ACTION DOC 10000 3057 EXAMINING_DOCUMENT b'426049'
ACTION SNIPPET 10000 3060 SNIPPET_RELEVANT b'1815642'
ACTION DOC 10000 3080 EXAMINING_DOCUMENT b'1815642'
ACTION QUERY 10000 3090 mercy killing statute
ACTION SERP 10000 3095 EXAMINE_SERP
ACTION SNIPPET 10000 3098 SNIPPET_RELEVANT b'982795'
ACTION DOC 10000 3118 EXAMINING_DOCUMENT b'982795'
ACTION SNIPPET 10000 3121 SNIPPET_RELEVANT b'276981'
ACTION DOC 10000 3141 EXAMINING_DOCUMENT b'276981'
ACTION QUERY 10000 3151 mercy killing girl
ACTION SERP 10000 3156 EXAMINE_SERP
ACTION SNIPPET 10000 3159 SEEN_PREVIOUSLY b'1633442'
ACTION SNIPPET 10000 3162 SNIPPET_NOT_RELEVANT b'1095072'
ACTION SNIPPET 10000 3165 SNIPPET_RELEVANT b'776318'
ACTION DOC 10000 3185 EXAMINING_DOCUMENT b'776318'
ACTION SNIPPET 10000 3188 SEEN_PREVIOUSLY b'977063'
ACTION SNIPPET 10000 3191 SEEN_PREVIOUSLY b'99157'
ACTION SNIPPET 10000 3194 SNIPPET_RELEVANT b'1733677'
ACTION DOC 10000 3214 EXAMINING_DOCUMENT b'1733677'
ACTION QUERY 10000 3224 mercy killing honor
ACTION SERP 10000 3229 EXAMINE_SERP
ACTION SNIPPET 10000 3232 SEEN_PREVIOUSLY b'1095445'
ACTION SNIPPET 10000 3235 SNIPPET_RELEVANT b'1041187'
ACTION DOC 10000 3255 EXAMINING_DOCUMENT b'1041187'
ACTION SNIPPET 10000 3258 SEEN_PREVIOUSLY b'35680'
ACTION SNIPPET 10000 3261 SEEN_PREVIOUSLY b'157557'
ACTION SNIPPET 10000 3264 SNIPPET_NOT_RELEVANT b'1292877'
ACTION SNIPPET 10000 3267 SNIPPET_NOT_RELEVANT b'914408'
ACTION SNIPPET 10000 3270 SNIPPET_RELEVANT b'301840'
ACTION DOC 10000 3290 EXAMINING_DOCUMENT b'301840'
ACTION QUERY 10000 3300 mercy killing pardons
ACTION SERP 10000 3305 EXAMINE_SERP
ACTION SNIPPET 10000 3308 SEEN_PREVIOUSLY b'1267822'
ACTION SNIPPET 10000 3311 SNIPPET_NOT_RELEVANT b'266192'
ACTION SNIPPET 10000 3314 SEEN_PREVIOUSLY b'1045698'
ACTION SNIPPET 10000 3317 SEEN_PREVIOUSLY b'606616'
ACTION SNIPPET 10000 3320 SNIPPET_RELEVANT b'1449911'
ACTION DOC 10000 3340 EXAMINING_DOCUMENT b'1449911'
ACTION SNIPPET 10000 3343 SNIPPET_NOT_RELEVANT b'273067'
ACTION SNIPPET 10000 3346 SNIPPET_RELEVANT b'1452884'
ACTION DOC 10000 3366 EXAMINING_DOCUMENT b'1452884'
ACTION QUERY 10000 3376 mercy killing ceremony
ACTION SERP 10000 3381 EXAMINE_SERP
ACTION SNIPPET 10000 3384 SNIPPET_NOT_RELEVANT b'17525'
ACTION SNIPPET 10000 3387 SNIPPET_NOT_RELEVANT b'281807'
ACTION SNIPPET 10000 3390 SNIPPET_NOT_RELEVANT b'503480'
ACTION SNIPPET 10000 3393 SEEN_PREVIOUSLY b'157557'
ACTION SNIPPET 10000 3396 SNIPPET_RELEVANT b'739789'
ACTION DOC 10000 3416 EXAMINING_DOCUMENT b'739789'
ACTION SNIPPET 10000 3419 SNIPPET_RELEVANT b'350730'
ACTION DOC 10000 3439 EXAMINING_DOCUMENT b'350730'
ACTION QUERY 10000 3449 mercy killing elesa
ACTION SERP 10000 3454 EXAMINE_SERP
ACTION SNIPPET 10000 3457 SNIPPET_NOT_RELEVANT b'161736'
ACTION SNIPPET 10000 3460 SEEN_PREVIOUSLY b'157557'
ACTION SNIPPET 10000 3463 SEEN_PREVIOUSLY b'1121204'
ACTION SNIPPET 10000 3466 SEEN_PREVIOUSLY b'1005479'
ACTION SNIPPET 10000 3469 SEEN_PREVIOUSLY b'789093'
ACTION SNIPPET 10000 3472 SNIPPET_NOT_RELEVANT b'1843662'
ACTION SNIPPET 10000 3475 SEEN_PREVIOUSLY b'35680'
ACTION SNIPPET 10000 3478 SEEN_PREVIOUSLY b'473943'
ACTION SNIPPET 10000 3481 SEEN_PREVIOUSLY b'391873'
ACTION SNIPPET 10000 3484 SEEN_PREVIOUSLY b'391874'
ACTION SNIPPET 10000 3487 SEEN_PREVIOUSLY b'723837'
ACTION SNIPPET 10000 3490 SEEN_PREVIOUSLY b'435343'
ACTION SNIPPET 10000 3493 SEEN_PREVIOUSLY b'1210771'
ACTION SNIPPET 10000 3496 SEEN_PREVIOUSLY b'115272'
ACTION SNIPPET 10000 3499 SEEN_PREVIOUSLY b'1095445'
ACTION QUERY 10000 3509 mercy killing 16
ACTION SERP 10000 3514 EXAMINE_SERP
ACTION SNIPPET 10000 3517 SEEN_PREVIOUSLY b'144854'
ACTION SNIPPET 10000 3520 SEEN_PREVIOUSLY b'615784'
ACTION SNIPPET 10000 3523 SEEN_PREVIOUSLY b'188508'
ACTION SNIPPET 10000 3526 SEEN_PREVIOUSLY b'157557'
ACTION SNIPPET 10000 3529 SNIPPET_RELEVANT b'245126'
ACTION DOC 10000 3549 EXAMINING_DOCUMENT b'245126'
ACTION MARK 10000 3552 CONSIDERED_RELEVANT b'245126'
ACTION SNIPPET 10000 3555 SNIPPET_NOT_RELEVANT b'68305'
ACTION SNIPPET 10000 3558 SEEN_PREVIOUSLY b'1121204'
ACTION SNIPPET 10000 3561 SNIPPET_NOT_RELEVANT b'637959'
ACTION SNIPPET 10000 3564 SEEN_PREVIOUSLY b'1005479'
ACTION SNIPPET 10000 3567 SNIPPET_NOT_RELEVANT b'401628'
ACTION SNIPPET 10000 3570 SEEN_PREVIOUSLY b'789093'
ACTION SNIPPET 10000 3573 SNIPPET_NOT_RELEVANT b'466914'
ACTION SNIPPET 10000 3576 SEEN_PREVIOUSLY b'35680'
ACTION SNIPPET 10000 3579 SEEN_PREVIOUSLY b'473943'
ACTION SNIPPET 10000 3582 SEEN_PREVIOUSLY b'391873'
ACTION SNIPPET 10000 3585 SEEN_PREVIOUSLY b'391874'
ACTION SNIPPET 10000 3588 SEEN_PREVIOUSLY b'723837'
ACTION SNIPPET 10000 3591 SEEN_PREVIOUSLY b'435343'
ACTION SNIPPET 10000 3594 SEEN_PREVIOUSLY b'1210771'
ACTION SNIPPET 10000 3597 SEEN_PREVIOUSLY b'115272'
ACTION SNIPPET 10000 3600 SNIPPET_NOT_RELEVANT b'291057'
ACTION SNIPPET 10000 3603 SNIPPET_RELEVANT b'410965'
ACTION DOC 10000 3623 EXAMINING_DOCUMENT b'410965'
ACTION QUERY 10000 3633 mercy killing leading
ACTION SERP 10000 3638 EXAMINE_SERP
ACTION SNIPPET 10000 3641 SEEN_PREVIOUSLY b'157557'
ACTION SNIPPET 10000 3644 SEEN_PREVIOUSLY b'391873'
ACTION SNIPPET 10000 3647 SEEN_PREVIOUSLY b'391874'
ACTION SNIPPET 10000 3650 SEEN_PREVIOUSLY b'35680'
ACTION SNIPPET 10000 3653 SEEN_PREVIOUSLY b'373185'
ACTION SNIPPET 10000 3656 SEEN_PREVIOUSLY b'1121204'
ACTION SNIPPET 10000 3659 SEEN_PREVIOUSLY b'115272'
ACTION SNIPPET 10000 3662 SEEN_PREVIOUSLY b'1005479'
ACTION SNIPPET 10000 3665 SEEN_PREVIOUSLY b'789093'
ACTION SNIPPET 10000 3668 SEEN_PREVIOUSLY b'188508'
ACTION SNIPPET 10000 3671 SEEN_PREVIOUSLY b'473943'
ACTION SNIPPET 10000 3674 SEEN_PREVIOUSLY b'723837'
ACTION SNIPPET 10000 3677 SNIPPET_NOT_RELEVANT b'374495'
ACTION SNIPPET 10000 3680 SNIPPET_NOT_RELEVANT b'144396'
ACTION SNIPPET 10000 3683 SEEN_PREVIOUSLY b'2447'
ACTION QUERY 10000 3693 mercy killing dogs
ACTION SERP 10000 3698 EXAMINE_SERP
ACTION SNIPPET 10000 3701 SNIPPET_NOT_RELEVANT b'249483'
ACTION SNIPPET 10000 3704 SNIPPET_RELEVANT b'368578'
ACTION DOC 10000 3724 EXAMINING_DOCUMENT b'368578'
ACTION SNIPPET 10000 3727 SNIPPET_NOT_RELEVANT b'503480'
ACTION SNIPPET 10000 3730 SNIPPET_RELEVANT b'673377'
ACTION DOC 10000 3750 EXAMINING_DOCUMENT b'673377'
ACTION QUERY 10000 3760 mercy killing farmer
ACTION SERP 10000 3765 EXAMINE_SERP
ACTION SNIPPET 10000 3768 SEEN_PREVIOUSLY b'435343'
ACTION SNIPPET 10000 3771 SNIPPET_NOT_RELEVANT b'435707'
ACTION SNIPPET 10000 3774 SEEN_PREVIOUSLY b'431779'
ACTION SNIPPET 10000 3777 SNIPPET_RELEVANT b'307171'
ACTION DOC 10000 3797 EXAMINING_DOCUMENT b'307171'
ACTION SNIPPET 10000 3800 SEEN_PREVIOUSLY b'1064676'
ACTION SNIPPET 10000 3803 SNIPPET_NOT_RELEVANT b'977264'
ACTION SNIPPET 10000 3806 SEEN_PREVIOUSLY b'977063'
ACTION SNIPPET 10000 3809 SNIPPET_NOT_RELEVANT b'1640983'
ACTION SNIPPET 10000 3812 SEEN_PREVIOUSLY b'373981'
ACTION QUERY 10000 3822 mercy killing therapist
ACTION SERP 10000 3827 EXAMINE_SERP
ACTION SNIPPET 10000 3830 SEEN_PREVIOUSLY b'1005479'
ACTION SNIPPET 10000 3833 SNIPPET_NOT_RELEVANT b'1375481'
ACTION SNIPPET 10000 3836 SNIPPET_NOT_RELEVANT b'1005917'
ACTION SNIPPET 10000 3839 SNIPPET_RELEVANT b'1005480'
ACTION DOC 10000 3859 EXAMINING_DOCUMENT b'1005480'
ACTION MARK 10000 3862 CONSIDERED_RELEVANT b'1005480'
ACTION SNIPPET 10000 3865 SNIPPET_NOT_RELEVANT b'1111367'
ACTION SNIPPET 10000 3868 SEEN_PREVIOUSLY b'157557'
ACTION SNIPPET 10000 3871 SNIPPET_NOT_RELEVANT b'644403'
ACTION SNIPPET 10000 3874 SNIPPET_RELEVANT b'581999'
ACTION DOC 10000 3894 EXAMINING_DOCUMENT b'581999'
ACTION SNIPPET 10000 3897 SNIPPET_RELEVANT b'874545'
ACTION DOC 10000 3917 EXAMINING_DOCUMENT b'874545'
ACTION QUERY 10000 3927 mercy killing therapy
ACTION SERP 10000 3932 EXAMINE_SERP
ACTION SNIPPET 10000 3935 SNIPPET_NOT_RELEVANT b'944889'
ACTION SNIPPET 10000 3938 SEEN_PREVIOUSLY b'473943'
ACTION SNIPPET 10000 3941 SNIPPET_NOT_RELEVANT b'882850'
ACTION SNIPPET 10000 3944 SNIPPET_NOT_RELEVANT b'1005917'
ACTION SNIPPET 10000 3947 SNIPPET_RELEVANT b'1111367'
ACTION DOC 10000 3967 EXAMINING_DOCUMENT b'1111367'
ACTION SNIPPET 10000 3970 SNIPPET_NOT_RELEVANT b'177347'
ACTION SNIPPET 10000 3973 SEEN_PREVIOUSLY b'157557'
ACTION SNIPPET 10000 3976 SNIPPET_NOT_RELEVANT b'1135462'
ACTION SNIPPET 10000 3979 SNIPPET_NOT_RELEVANT b'644403'
ACTION QUERY 10000 3989 mercy killing robert
ACTION SERP 10000 3994 EXAMINE_SERP
ACTION SNIPPET 10000 3997 SEEN_PREVIOUSLY b'1064676'
ACTION SNIPPET 10000 4000 SEEN_PREVIOUSLY b'157557'
ACTION SNIPPET 10000 4003 SEEN_PREVIOUSLY b'307171'
ACTION SNIPPET 10000 4006 SEEN_PREVIOUSLY b'144854'
ACTION SNIPPET 10000 4009 SNIPPET_RELEVANT b'934728'
ACTION DOC 10000 4029 EXAMINING_DOCUMENT b'934728'
ACTION SNIPPET 10000 4032 SEEN_PREVIOUSLY b'2447'
ACTION SNIPPET 10000 4035 SEEN_PREVIOUSLY b'2447'
ACTION SNIPPET 10000 4038 SNIPPET_NOT_RELEVANT b'1289200'
ACTION SNIPPET 10000 4041 SNIPPET_NOT_RELEVANT b'1344988'
ACTION QUERY 10000 4051 mercy killing response
ACTION SERP 10000 4056 EXAMINE_SERP
ACTION SNIPPET 10000 4059 SNIPPET_NOT_RELEVANT b'374495'
ACTION SNIPPET 10000 4062 SNIPPET_NOT_RELEVANT b'1689450'
ACTION SNIPPET 10000 4065 SEEN_PREVIOUSLY b'157557'
ACTION SNIPPET 10000 4068 SNIPPET_NOT_RELEVANT b'1032864'
ACTION SNIPPET 10000 4071 SEEN_PREVIOUSLY b'473943'
ACTION SNIPPET 10000 4074 SEEN_PREVIOUSLY b'1681870'
ACTION SNIPPET 10000 4077 SNIPPET_NOT_RELEVANT b'1633140'
ACTION SNIPPET 10000 4080 SEEN_PREVIOUSLY b'91491'
ACTION SNIPPET 10000 4083 SNIPPET_NOT_RELEVANT b'695579'
ACTION SNIPPET 10000 4086 SEEN_PREVIOUSLY b'1121204'
ACTION SNIPPET 10000 4089 SEEN_PREVIOUSLY b'1005479'
ACTION SNIPPET 10000 4092 SNIPPET_NOT_RELEVANT b'1375481'
ACTION SNIPPET 10000 4095 SEEN_PREVIOUSLY b'789093'
ACTION SNIPPET 10000 4098 SEEN_PREVIOUSLY b'35680'
ACTION SNIPPET 10000 4101 SNIPPET_NOT_RELEVANT b'715233'
ACTION QUERY 10000 4111 mercy killing active
ACTION SERP 10000 4116 EXAMINE_SERP
ACTION SNIPPET 10000 4119 SEEN_PREVIOUSLY b'157557'
ACTION SNIPPET 10000 4122 SEEN_PREVIOUSLY b'1210771'
ACTION SNIPPET 10000 4125 SEEN_PREVIOUSLY b'373981'
ACTION SNIPPET 10000 4128 SNIPPET_NOT_RELEVANT b'1633140'
ACTION SNIPPET 10000 4131 SEEN_PREVIOUSLY b'121481'
ACTION SNIPPET 10000 4134 SEEN_PREVIOUSLY b'128834'
ACTION SNIPPET 10000 4137 SEEN_PREVIOUSLY b'934728'
ACTION SNIPPET 10000 4140 SNIPPET_NOT_RELEVANT b'227511'
ACTION SNIPPET 10000 4143 SEEN_PREVIOUSLY b'1121204'
ACTION SNIPPET 10000 4146 SEEN_PREVIOUSLY b'1005479'
ACTION SNIPPET 10000 4149 SEEN_PREVIOUSLY b'789093'
ACTION SNIPPET 10000 4152 SEEN_PREVIOUSLY b'35680'
ACTION SNIPPET 10000 4155 SEEN_PREVIOUSLY b'473943'
ACTION SNIPPET 10000 4158 SEEN_PREVIOUSLY b'391873'
ACTION SNIPPET 10000 4161 SEEN_PREVIOUSLY b'391874'
ACTION QUERY 10000 4171 mercy killing greeted
ACTION SERP 10000 4176 EXAMINE_SERP
ACTION SNIPPET 10000 4179 SNIPPET_NOT_RELEVANT b'868434'
ACTION SNIPPET 10000 4182 SNIPPET_NOT_RELEVANT b'713365'
ACTION SNIPPET 10000 4185 SEEN_PREVIOUSLY b'157557'
ACTION SNIPPET 10000 4188 SNIPPET_NOT_RELEVANT b'162602'
ACTION SNIPPET 10000 4191 SEEN_PREVIOUSLY b'1121204'
ACTION SNIPPET 10000 4194 SEEN_PREVIOUSLY b'1005479'
ACTION SNIPPET 10000 4197 SEEN_PREVIOUSLY b'789093'
ACTION SNIPPET 10000 4200 SEEN_PREVIOUSLY b'35680'
ACTION SNIPPET 10000 4203 SNIPPET_NOT_RELEVANT b'1478980'
ACTION SNIPPET 10000 4206 SEEN_PREVIOUSLY b'473943'
ACTION SNIPPET 10000 4209 SEEN_PREVIOUSLY b'391873'
ACTION SNIPPET 10000 4212 SEEN_PREVIOUSLY b'391874'
ACTION SNIPPET 10000 4215 SEEN_PREVIOUSLY b'723837'
ACTION SNIPPET 10000 4218 SEEN_PREVIOUSLY b'435343'
ACTION SNIPPET 10000 4221 SEEN_PREVIOUSLY b'1210771'
ACTION QUERY 10000 4231 mercy killing wearing
ACTION SERP 10000 4236 EXAMINE_SERP
ACTION SNIPPET 10000 4239 SNIPPET_RELEVANT b'912625'
ACTION DOC 10000 4259 EXAMINING_DOCUMENT b'912625'
ACTION SNIPPET 10000 4262 SEEN_PREVIOUSLY b'776318'
ACTION SNIPPET 10000 4265 SEEN_PREVIOUSLY b'157557'
ACTION SNIPPET 10000 4268 SEEN_PREVIOUSLY b'221431'
ACTION SNIPPET 10000 4271 SNIPPET_NOT_RELEVANT b'1633140'
ACTION SNIPPET 10000 4274 SNIPPET_RELEVANT b'1326341'
ACTION DOC 10000 4294 EXAMINING_DOCUMENT b'1326341'
ACTION QUERY 10000 4304 mercy killing directed
ACTION SERP 10000 4309 EXAMINE_SERP
ACTION SNIPPET 10000 4312 SEEN_PREVIOUSLY b'789093'
ACTION SNIPPET 10000 4315 SEEN_PREVIOUSLY b'1095445'
ACTION SNIPPET 10000 4318 SEEN_PREVIOUSLY b'851315'
ACTION SNIPPET 10000 4321 SEEN_PREVIOUSLY b'157557'
ACTION SNIPPET 10000 4324 SEEN_PREVIOUSLY b'912625'
ACTION SNIPPET 10000 4327 SEEN_PREVIOUSLY b'1121204'
ACTION SNIPPET 10000 4330 SEEN_PREVIOUSLY b'1005479'
ACTION SNIPPET 10000 4333 SNIPPET_NOT_RELEVANT b'1091079'
ACTION SNIPPET 10000 4336 SNIPPET_RELEVANT b'44034'
ACTION DOC 10000 4356 EXAMINING_DOCUMENT b'44034'
ACTION QUERY 10000 4366 mercy killing times
ACTION SERP 10000 4371 EXAMINE_SERP
ACTION SNIPPET 10000 4374 SEEN_PREVIOUSLY b'157557'
ACTION SNIPPET 10000 4377 SEEN_PREVIOUSLY b'1121204'
ACTION SNIPPET 10000 4380 SEEN_PREVIOUSLY b'1005479'
ACTION SNIPPET 10000 4383 SEEN_PREVIOUSLY b'35680'
ACTION SNIPPET 10000 4386 SEEN_PREVIOUSLY b'789093'
ACTION SNIPPET 10000 4389 SEEN_PREVIOUSLY b'473943'
ACTION SNIPPET 10000 4392 SEEN_PREVIOUSLY b'373185'
ACTION SNIPPET 10000 4395 SEEN_PREVIOUSLY b'391873'
ACTION SNIPPET 10000 4398 SEEN_PREVIOUSLY b'391874'
ACTION SNIPPET 10000 4401 SEEN_PREVIOUSLY b'723837'
ACTION SNIPPET 10000 4404 SEEN_PREVIOUSLY b'606616'
ACTION SNIPPET 10000 4407 SEEN_PREVIOUSLY b'435343'
ACTION SNIPPET 10000 4410 SEEN_PREVIOUSLY b'1210771'
ACTION SNIPPET 10000 4413 SEEN_PREVIOUSLY b'115272'
ACTION SNIPPET 10000 4416 SEEN_PREVIOUSLY b'1095445'
ACTION QUERY 10000 4426 mercy killing heaven
ACTION SERP 10000 4431 EXAMINE_SERP
ACTION SNIPPET 10000 4434 SNIPPET_NOT_RELEVANT b'1070479'
ACTION SNIPPET 10000 4437 SNIPPET_NOT_RELEVANT b'1045855'
ACTION SNIPPET 10000 4440 SNIPPET_RELEVANT b'991442'
ACTION DOC 10000 4460 EXAMINING_DOCUMENT b'991442'
ACTION SNIPPET 10000 4463 SNIPPET_RELEVANT b'1031491'
ACTION DOC 10000 4483 EXAMINING_DOCUMENT b'1031491'
ACTION QUERY 10000 4493 mercy killing connelly
ACTION SERP 10000 4498 EXAMINE_SERP
ACTION SNIPPET 10000 4501 SNIPPET_NOT_RELEVANT b'1472569'
ACTION SNIPPET 10000 4504 SNIPPET_NOT_RELEVANT b'190959'
ACTION SNIPPET 10000 4507 SNIPPET_NOT_RELEVANT b'540199'
ACTION SNIPPET 10000 4510 SNIPPET_NOT_RELEVANT b'849181'
ACTION SNIPPET 10000 4513 SNIPPET_NOT_RELEVANT b'1182772'
ACTION SNIPPET 10000 4516 SNIPPET_NOT_RELEVANT b'1802192'
ACTION SNIPPET 10000 4519 SNIPPET_NOT_RELEVANT b'1265547'
ACTION SNIPPET 10000 4522 SNIPPET_NOT_RELEVANT b'1569969'
ACTION SNIPPET 10000 4525 SNIPPET_NOT_RELEVANT b'151043'
ACTION SNIPPET 10000 4528 SNIPPET_NOT_RELEVANT b'1850052'
ACTION SNIPPET 10000 4531 SNIPPET_RELEVANT b'1794252'
ACTION DOC 10000 4551 EXAMINING_DOCUMENT b'1794252'
ACTION QUERY 10000 4561 mercy killing little
ACTION SERP 10000 4566 EXAMINE_SERP
ACTION SNIPPET 10000 4569 SEEN_PREVIOUSLY b'789093'
ACTION SNIPPET 10000 4572 SEEN_PREVIOUSLY b'157557'
ACTION SNIPPET 10000 4575 SEEN_PREVIOUSLY b'606616'
ACTION SNIPPET 10000 4578 SEEN_PREVIOUSLY b'618917'
ACTION SNIPPET 10000 4581 SEEN_PREVIOUSLY b'373185'
ACTION SNIPPET 10000 4584 SEEN_PREVIOUSLY b'1121204'
ACTION SNIPPET 10000 4587 SEEN_PREVIOUSLY b'1005479'
ACTION SNIPPET 10000 4590 SNIPPET_NOT_RELEVANT b'1095072'
ACTION SNIPPET 10000 4593 SEEN_PREVIOUSLY b'977063'
ACTION SNIPPET 10000 4596 SEEN_PREVIOUSLY b'35680'
ACTION SNIPPET 10000 4599 SEEN_PREVIOUSLY b'473943'
ACTION SNIPPET 10000 4602 SEEN_PREVIOUSLY b'391873'
ACTION SNIPPET 10000 4605 SEEN_PREVIOUSLY b'391874'
ACTION SNIPPET 10000 4608 SEEN_PREVIOUSLY b'723837'
ACTION SNIPPET 10000 4611 SEEN_PREVIOUSLY b'435343'
ACTION QUERY 10000 4621 mercy killing karen
ACTION SERP 10000 4626 EXAMINE_SERP
ACTION SNIPPET 10000 4629 SNIPPET_NOT_RELEVANT b'1489666'
ACTION SNIPPET 10000 4632 SNIPPET_RELEVANT b'503480'
ACTION DOC 10000 4652 EXAMINING_DOCUMENT b'503480'
ACTION SNIPPET 10000 4655 SEEN_PREVIOUSLY b'157557'
ACTION SNIPPET 10000 4658 SNIPPET_RELEVANT b'999169'
ACTION DOC 10000 4678 EXAMINING_DOCUMENT b'999169'
ACTION QUERY 10000 4688 mercy killing premiere
ACTION SERP 10000 4693 EXAMINE_SERP
ACTION SNIPPET 10000 4696 SEEN_PREVIOUSLY b'115272'
ACTION SNIPPET 10000 4699 SEEN_PREVIOUSLY b'260023'
ACTION SNIPPET 10000 4702 SEEN_PREVIOUSLY b'157557'
ACTION SNIPPET 10000 4705 SNIPPET_NOT_RELEVANT b'658435'
ACTION SNIPPET 10000 4708 SNIPPET_NOT_RELEVANT b'757597'
ACTION SNIPPET 10000 4711 SEEN_PREVIOUSLY b'1121204'
ACTION SNIPPET 10000 4714 SEEN_PREVIOUSLY b'1005479'
ACTION SNIPPET 10000 4717 SEEN_PREVIOUSLY b'789093'
ACTION SNIPPET 10000 4720 SEEN_PREVIOUSLY b'35680'
ACTION SNIPPET 10000 4723 SEEN_PREVIOUSLY b'473943'
ACTION SNIPPET 10000 4726 SEEN_PREVIOUSLY b'391873'
ACTION SNIPPET 10000 4729 SEEN_PREVIOUSLY b'391874'
ACTION SNIPPET 10000 4732 SEEN_PREVIOUSLY b'723837'
ACTION SNIPPET 10000 4735 SEEN_PREVIOUSLY b'435343'
ACTION SNIPPET 10000 4738 SEEN_PREVIOUSLY b'1210771'
ACTION QUERY 10000 4748 mercy killing elen
ACTION SERP 10000 4753 EXAMINE_SERP
ACTION SNIPPET 10000 4756 SNIPPET_RELEVANT b'1058306'
ACTION DOC 10000 4776 EXAMINING_DOCUMENT b'1058306'
ACTION SNIPPET 10000 4779 SNIPPET_NOT_RELEVANT b'920162'
ACTION SNIPPET 10000 4782 SNIPPET_RELEVANT b'615691'
ACTION DOC 10000 4802 EXAMINING_DOCUMENT b'615691'
ACTION QUERY 10000 4812 mercy killing peterson
ACTION SERP 10000 4817 EXAMINE_SERP
ACTION SNIPPET 10000 4820 SNIPPET_NOT_RELEVANT b'1032864'
ACTION SNIPPET 10000 4823 SNIPPET_RELEVANT b'1657623'
ACTION DOC 10000 4843 EXAMINING_DOCUMENT b'1657623'
ACTION SNIPPET 10000 4846 SNIPPET_NOT_RELEVANT b'1624112'
ACTION SNIPPET 10000 4849 SNIPPET_NOT_RELEVANT b'1624292'
ACTION SNIPPET 10000 4852 SNIPPET_NOT_RELEVANT b'124497'
ACTION SNIPPET 10000 4855 SNIPPET_NOT_RELEVANT b'260753'
ACTION SNIPPET 10000 4858 SNIPPET_NOT_RELEVANT b'1588087'
ACTION SNIPPET 10000 4861 SNIPPET_RELEVANT b'1622581'
ACTION DOC 10000 4881 EXAMINING_DOCUMENT b'1622581'
ACTION QUERY 10000 4891 mercy killing evacuated
ACTION SERP 10000 4896 EXAMINE_SERP
ACTION SNIPPET 10000 4899 SNIPPET_RELEVANT b'677166'
ACTION DOC 10000 4919 EXAMINING_DOCUMENT b'677166'
ACTION SNIPPET 10000 4922 SEEN_PREVIOUSLY b'1681870'
ACTION SNIPPET 10000 4925 SNIPPET_RELEVANT b'346518'
ACTION DOC 10000 4945 EXAMINING_DOCUMENT b'346518'
ACTION QUERY 10000 4955 mercy killing resident
ACTION SERP 10000 4960 EXAMINE_SERP
ACTION SNIPPET 10000 4963 SEEN_PREVIOUSLY b'157557'
ACTION SNIPPET 10000 4966 SEEN_PREVIOUSLY b'435343'
ACTION SNIPPET 10000 4969 SEEN_PREVIOUSLY b'789093'
ACTION SNIPPET 10000 4972 SEEN_PREVIOUSLY b'116927'
ACTION SNIPPET 10000 4975 SEEN_PREVIOUSLY b'121481'
ACTION SNIPPET 10000 4978 SEEN_PREVIOUSLY b'373981'
ACTION SNIPPET 10000 4981 SEEN_PREVIOUSLY b'1550712'
ACTION SNIPPET 10000 4984 SNIPPET_NOT_RELEVANT b'456148'
ACTION SNIPPET 10000 4987 SNIPPET_RELEVANT b'369666'
ACTION DOC 10000 5007 EXAMINING_DOCUMENT b'369666'
ACTION MARK 10000 5010 CONSIDERED_RELEVANT b'369666'
ACTION SNIPPET 10000 5013 SNIPPET_RELEVANT b'435707'
ACTION DOC 10000 5033 EXAMINING_DOCUMENT b'435707'
ACTION SNIPPET 10000 5036 SNIPPET_RELEVANT b'940953'
ACTION DOC 10000 5056 EXAMINING_DOCUMENT b'940953'
ACTION SNIPPET 10000 5059 SNIPPET_NOT_RELEVANT b'713365'
ACTION SNIPPET 10000 5062 SNIPPET_RELEVANT b'1570364'
ACTION DOC 10000 5082 EXAMINING_DOCUMENT b'1570364'
ACTION QUERY 10000 5092 mercy killing haiti
ACTION SERP 10000 5097 EXAMINE_SERP
ACTION SNIPPET 10000 5100 SNIPPET_RELEVANT b'1562973'
ACTION DOC 10000 5120 EXAMINING_DOCUMENT b'1562973'
ACTION SNIPPET 10000 5123 SNIPPET_RELEVANT b'659944'
ACTION DOC 10000 5143 EXAMINING_DOCUMENT b'659944'
ACTION QUERY 10000 5153 mercy killing dilorenzo
ACTION SERP 10000 5158 EXAMINE_SERP
ACTION SNIPPET 10000 5161 SNIPPET_RELEVANT b'340387'
ACTION DOC 10000 5181 EXAMINING_DOCUMENT b'340387'
ACTION SNIPPET 10000 5184 SNIPPET_RELEVANT b'463268'
ACTION DOC 10000 5204 EXAMINING_DOCUMENT b'463268'
ACTION QUERY 10000 5214 mercy killing fashion
ACTION SERP 10000 5219 EXAMINE_SERP
ACTION SNIPPET 10000 5222 SEEN_PREVIOUSLY b'373981'
ACTION SNIPPET 10000 5225 SEEN_PREVIOUSLY b'157557'
ACTION SNIPPET 10000 5228 SNIPPET_RELEVANT b'1640983'
ACTION DOC 10000 5248 EXAMINING_DOCUMENT b'1640983'
ACTION SNIPPET 10000 5251 SEEN_PREVIOUSLY b'1121204'
ACTION SNIPPET 10000 5254 SEEN_PREVIOUSLY b'1005479'
ACTION SNIPPET 10000 5257 SEEN_PREVIOUSLY b'789093'
ACTION SNIPPET 10000 5260 SEEN_PREVIOUSLY b'35680'
ACTION SNIPPET 10000 5263 SEEN_PREVIOUSLY b'473943'
ACTION SNIPPET 10000 5266 SEEN_PREVIOUSLY b'391873'
ACTION QUERY 10000 5276 mercy killing money
ACTION SERP 10000 5281 EXAMINE_SERP
ACTION SNIPPET 10000 5284 SEEN_PREVIOUSLY b'157557'
ACTION SNIPPET 10000 5287 SNIPPET_NOT_RELEVANT b'1091079'
ACTION SNIPPET 10000 5290 SEEN_PREVIOUSLY b'1121204'
ACTION SNIPPET 10000 5293 SEEN_PREVIOUSLY b'1005479'
ACTION SNIPPET 10000 5296 SNIPPET_NOT_RELEVANT b'1784821'
ACTION SNIPPET 10000 5299 SEEN_PREVIOUSLY b'1640983'
ACTION SNIPPET 10000 5302 SEEN_PREVIOUSLY b'789093'
ACTION SNIPPET 10000 5305 SNIPPET_RELEVANT b'695579'
ACTION DOC 10000 5325 EXAMINING_DOCUMENT b'695579'
ACTION SNIPPET 10000 5328 SEEN_PREVIOUSLY b'35680'
ACTION QUERY 10000 5338 mercy killing legalized
ACTION SERP 10000 5343 EXAMINE_SERP
ACTION SNIPPET 10000 5346 SEEN_PREVIOUSLY b'1210771'
ACTION SNIPPET 10000 5349 SEEN_PREVIOUSLY b'723837'
ACTION SNIPPET 10000 5352 SEEN_PREVIOUSLY b'115272'
ACTION SNIPPET 10000 5355 SEEN_PREVIOUSLY b'1689454'
ACTION SNIPPET 10000 5358 SEEN_PREVIOUSLY b'592995'
ACTION SNIPPET 10000 5361 SEEN_PREVIOUSLY b'1095445'
ACTION SNIPPET 10000 5364 SEEN_PREVIOUSLY b'35680'
ACTION SNIPPET 10000 5367 SEEN_PREVIOUSLY b'606616'
ACTION SNIPPET 10000 5370 SEEN_PREVIOUSLY b'612739'
ACTION SNIPPET 10000 5373 SEEN_PREVIOUSLY b'977063'
ACTION SNIPPET 10000 5376 SNIPPET_RELEVANT b'582628'
ACTION DOC 10000 5396 EXAMINING_DOCUMENT b'582628'
ACTION QUERY 10000 5406 mercy killing doheny
ACTION SERP 10000 5411 EXAMINE_SERP
ACTION SNIPPET 10000 5414 SNIPPET_NOT_RELEVANT b'227511'
ACTION SNIPPET 10000 5417 SNIPPET_RELEVANT b'1026689'
ACTION DOC 10000 5437 EXAMINING_DOCUMENT b'1026689'
ACTION SNIPPET 10000 5440 SEEN_PREVIOUSLY b'1550712'
ACTION SNIPPET 10000 5443 SNIPPET_RELEVANT b'21044'
ACTION DOC 10000 5463 EXAMINING_DOCUMENT b'21044'
ACTION QUERY 10000 5473 mercy killing diseases
ACTION SERP 10000 5478 EXAMINE_SERP
ACTION SNIPPET 10000 5481 SEEN_PREVIOUSLY b'373185'
ACTION SNIPPET 10000 5484 SEEN_PREVIOUSLY b'1689454'
ACTION SNIPPET 10000 5487 SEEN_PREVIOUSLY b'1426355'
ACTION SNIPPET 10000 5490 SNIPPET_NOT_RELEVANT b'14913'
ACTION SNIPPET 10000 5493 SEEN_PREVIOUSLY b'1095445'
ACTION SNIPPET 10000 5496 SEEN_PREVIOUSLY b'431779'
ACTION SNIPPET 10000 5499 SEEN_PREVIOUSLY b'115272'
ACTION SNIPPET 10000 5502 SEEN_PREVIOUSLY b'15687'
ACTION SNIPPET 10000 5505 SNIPPET_NOT_RELEVANT b'907881'
ACTION SNIPPET 10000 5508 SNIPPET_NOT_RELEVANT b'1289200'
ACTION SNIPPET 10000 5511 SEEN_PREVIOUSLY b'1570364'
ACTION SNIPPET 10000 5514 SEEN_PREVIOUSLY b'2447'
ACTION SNIPPET 10000 5517 SEEN_PREVIOUSLY b'2447'
ACTION SNIPPET 10000 5520 SNIPPET_NOT_RELEVANT b'829121'
ACTION SNIPPET 10000 5523 SNIPPET_RELEVANT b'1462382'
ACTION DOC 10000 5543 EXAMINING_DOCUMENT b'1462382'
ACTION QUERY 10000 5553 mercy killing bruce
ACTION SERP 10000 5558 EXAMINE_SERP
ACTION SNIPPET 10000 5561 SNIPPET_RELEVANT b'1555061'
ACTION DOC 10000 5581 EXAMINING_DOCUMENT b'1555061'
ACTION SNIPPET 10000 5584 SNIPPET_NOT_RELEVANT b'1044723'
ACTION SNIPPET 10000 5587 SEEN_PREVIOUSLY b'157557'
ACTION SNIPPET 10000 5590 SNIPPET_RELEVANT b'559240'
ACTION DOC 10000 5610 EXAMINING_DOCUMENT b'559240'
ACTION QUERY 10000 5620 mercy killing chutzpah
ACTION SERP 10000 5625 EXAMINE_SERP
ACTION SNIPPET 10000 5628 SEEN_PREVIOUSLY b'1555061'
ACTION SNIPPET 10000 5631 SNIPPET_NOT_RELEVANT b'1789844'
ACTION SNIPPET 10000 5634 SNIPPET_RELEVANT b'423584'
ACTION DOC 10000 5654 EXAMINING_DOCUMENT b'423584'
ACTION SNIPPET 10000 5657 SNIPPET_RELEVANT b'1516875'
ACTION DOC 10000 5677 EXAMINING_DOCUMENT b'1516875'
ACTION QUERY 10000 5687 mercy killing best
ACTION SERP 10000 5692 EXAMINE_SERP
ACTION SNIPPET 10000 5695 SEEN_PREVIOUSLY b'373185'
ACTION SNIPPET 10000 5698 SEEN_PREVIOUSLY b'789093'
ACTION SNIPPET 10000 5701 SEEN_PREVIOUSLY b'157557'
ACTION SNIPPET 10000 5704 SEEN_PREVIOUSLY b'851315'
ACTION SNIPPET 10000 5707 SEEN_PREVIOUSLY b'1822541'
ACTION SNIPPET 10000 5710 SEEN_PREVIOUSLY b'2447'
ACTION SNIPPET 10000 5713 SEEN_PREVIOUSLY b'2447'
ACTION SNIPPET 10000 5716 SEEN_PREVIOUSLY b'1121204'
ACTION SNIPPET 10000 5719 SEEN_PREVIOUSLY b'1005479'
ACTION SNIPPET 10000 5722 SEEN_PREVIOUSLY b'1733677'
ACTION SNIPPET 10000 5725 SEEN_PREVIOUSLY b'35680'
ACTION SNIPPET 10000 5728 SEEN_PREVIOUSLY b'473943'
ACTION SNIPPET 10000 5731 SEEN_PREVIOUSLY b'391874'
ACTION SNIPPET 10000 5734 SEEN_PREVIOUSLY b'391873'
ACTION SNIPPET 10000 5737 SEEN_PREVIOUSLY b'723837'
ACTION QUERY 10000 5747 mercy killing isaia
ACTION SERP 10000 5752 EXAMINE_SERP
ACTION SNIPPET 10000 5755 SNIPPET_NOT_RELEVANT b'265073'
ACTION SNIPPET 10000 5758 SNIPPET_RELEVANT b'328497'
ACTION DOC 10000 5778 EXAMINING_DOCUMENT b'328497'
ACTION SNIPPET 10000 5781 SNIPPET_NOT_RELEVANT b'51313'
ACTION SNIPPET 10000 5784 SNIPPET_RELEVANT b'738635'
ACTION DOC 10000 5804 EXAMINING_DOCUMENT b'738635'
ACTION QUERY 10000 5814 mercy killing sat
ACTION SERP 10000 5819 EXAMINE_SERP
ACTION SNIPPET 10000 5822 SNIPPET_NOT_RELEVANT b'1393670'
ACTION SNIPPET 10000 5825 SNIPPET_NOT_RELEVANT b'713365'
ACTION SNIPPET 10000 5828 SEEN_PREVIOUSLY b'473943'
ACTION SNIPPET 10000 5831 SNIPPET_NOT_RELEVANT b'689643'
ACTION SNIPPET 10000 5834 SEEN_PREVIOUSLY b'726977'
ACTION SNIPPET 10000 5837 SEEN_PREVIOUSLY b'157557'
ACTION SNIPPET 10000 5840 SNIPPET_NOT_RELEVANT b'938146'
ACTION SNIPPET 10000 5843 SEEN_PREVIOUSLY b'1121204'
ACTION SNIPPET 10000 5846 SEEN_PREVIOUSLY b'1005479'
ACTION SNIPPET 10000 5849 SEEN_PREVIOUSLY b'789093'
ACTION SNIPPET 10000 5852 SNIPPET_NOT_RELEVANT b'1765285'
ACTION SNIPPET 10000 5855 SEEN_PREVIOUSLY b'35680'
ACTION SNIPPET 10000 5858 SNIPPET_RELEVANT b'1428165'
ACTION DOC 10000 5878 EXAMINING_DOCUMENT b'1428165'
ACTION QUERY 10000 5888 mercy killing republican
ACTION SERP 10000 5893 EXAMINE_SERP
ACTION SNIPPET 10000 5896 SEEN_PREVIOUSLY b'373185'
ACTION SNIPPET 10000 5899 SEEN_PREVIOUSLY b'1428165'
ACTION SNIPPET 10000 5902 SEEN_PREVIOUSLY b'157557'
ACTION SNIPPET 10000 5905 SNIPPET_NOT_RELEVANT b'229771'
ACTION SNIPPET 10000 5908 SNIPPET_RELEVANT b'1079922'
ACTION DOC 10000 5928 EXAMINING_DOCUMENT b'1079922'
ACTION SNIPPET 10000 5931 SEEN_PREVIOUSLY b'1121204'
ACTION SNIPPET 10000 5934 SEEN_PREVIOUSLY b'1005479'
ACTION SNIPPET 10000 5937 SEEN_PREVIOUSLY b'789093'
ACTION SNIPPET 10000 5940 SEEN_PREVIOUSLY b'35680'
ACTION QUERY 10000 5950 mercy killing trying
ACTION SERP 10000 5955 EXAMINE_SERP
ACTION SNIPPET 10000 5958 SEEN_PREVIOUSLY b'473943'
ACTION SNIPPET 10000 5961 SEEN_PREVIOUSLY b'1689454'
ACTION SNIPPET 10000 5964 SEEN_PREVIOUSLY b'157557'
ACTION SNIPPET 10000 5967 SEEN_PREVIOUSLY b'2447'
ACTION SNIPPET 10000 5970 SEEN_PREVIOUSLY b'2447'
ACTION SNIPPET 10000 5973 SEEN_PREVIOUSLY b'188508'
ACTION SNIPPET 10000 5976 SEEN_PREVIOUSLY b'1121204'
ACTION SNIPPET 10000 5979 SEEN_PREVIOUSLY b'1005479'
ACTION SNIPPET 10000 5982 SEEN_PREVIOUSLY b'789093'
ACTION SNIPPET 10000 5985 SEEN_PREVIOUSLY b'35680'
ACTION SNIPPET 10000 5988 SEEN_PREVIOUSLY b'391873'
ACTION SNIPPET 10000 5991 SEEN_PREVIOUSLY b'391874'
ACTION SNIPPET 10000 5994 SEEN_PREVIOUSLY b'723837'
ACTION SNIPPET 10000 5997 SEEN_PREVIOUSLY b'435343'
ACTION SNIPPET 10000 6000 SEEN_PREVIOUSLY b'1210771'
ACTION QUERY 10000 6010 mercy killing countries
ACTION SERP 10000 6015 EXAMINE_SERP
ACTION SNIPPET 10000 6018 SEEN_PREVIOUSLY b'35680'
ACTION SNIPPET 10000 6021 SEEN_PREVIOUSLY b'391873'
ACTION SNIPPET 10000 6024 SEEN_PREVIOUSLY b'391874'
ACTION SNIPPET 10000 6027 SEEN_PREVIOUSLY b'115272'
ACTION SNIPPET 10000 6030 SNIPPET_NOT_RELEVANT b'1689450'
ACTION SNIPPET 10000 6033 SEEN_PREVIOUSLY b'157557'
ACTION SNIPPET 10000 6036 SEEN_PREVIOUSLY b'1426355'
ACTION SNIPPET 10000 6039 SEEN_PREVIOUSLY b'260023'
ACTION SNIPPET 10000 6042 SEEN_PREVIOUSLY b'592995'
ACTION SNIPPET 10000 6045 SEEN_PREVIOUSLY b'91491'
ACTION SNIPPET 10000 6048 SEEN_PREVIOUSLY b'1121204'
ACTION SNIPPET 10000 6051 SEEN_PREVIOUSLY b'1005479'
ACTION SNIPPET 10000 6054 SEEN_PREVIOUSLY b'1399268'
ACTION SNIPPET 10000 6057 SEEN_PREVIOUSLY b'789093'
ACTION SNIPPET 10000 6060 SNIPPET_NOT_RELEVANT b'1405959'
ACTION QUERY 10000 6070 mercy killing villages
ACTION SERP 10000 6075 EXAMINE_SERP
ACTION SNIPPET 10000 6078 SNIPPET_RELEVANT b'374495'
ACTION DOC 10000 6098 EXAMINING_DOCUMENT b'374495'
ACTION SNIPPET 10000 6101 SNIPPET_RELEVANT b'73745'
ACTION DOC 10000 6121 EXAMINING_DOCUMENT b'73745'
ACTION QUERY 10000 6131 mercy killing local
ACTION SERP 10000 6136 EXAMINE_SERP
ACTION SNIPPET 10000 6139 SEEN_PREVIOUSLY b'1005479'
ACTION SNIPPET 10000 6142 SEEN_PREVIOUSLY b'789093'
ACTION SNIPPET 10000 6145 SEEN_PREVIOUSLY b'373981'
ACTION SNIPPET 10000 6148 SEEN_PREVIOUSLY b'1640983'
ACTION SNIPPET 10000 6151 SEEN_PREVIOUSLY b'157557'
ACTION SNIPPET 10000 6154 SEEN_PREVIOUSLY b'121481'
ACTION SNIPPET 10000 6157 SEEN_PREVIOUSLY b'1121204'
ACTION SNIPPET 10000 6160 SNIPPET_RELEVANT b'456148'
ACTION DOC 10000 6180 EXAMINING_DOCUMENT b'456148'
ACTION SNIPPET 10000 6183 SEEN_PREVIOUSLY b'35680'
ACTION QUERY 10000 6193 mercy killing renamed
ACTION SERP 10000 6198 EXAMINE_SERP
ACTION SNIPPET 10000 6201 SNIPPET_NOT_RELEVANT b'931471'
ACTION SNIPPET 10000 6204 SNIPPET_RELEVANT b'788424'
ACTION DOC 10000 6224 EXAMINING_DOCUMENT b'788424'
ACTION SNIPPET 10000 6227 SEEN_PREVIOUSLY b'157557'
ACTION SNIPPET 10000 6230 SNIPPET_NOT_RELEVANT b'1424419'
ACTION SNIPPET 10000 6233 SNIPPET_RELEVANT b'312640'
ACTION DOC 10000 6253 EXAMINING_DOCUMENT b'312640'
ACTION QUERY 10000 6263 mercy killing plan
ACTION SERP 10000 6268 EXAMINE_SERP
ACTION SNIPPET 10000 6271 SEEN_PREVIOUSLY b'789093'
ACTION SNIPPET 10000 6274 SEEN_PREVIOUSLY b'157557'
ACTION SNIPPET 10000 6277 SEEN_PREVIOUSLY b'1121204'
ACTION SNIPPET 10000 6280 SEEN_PREVIOUSLY b'1005479'
ACTION SNIPPET 10000 6283 SEEN_PREVIOUSLY b'35680'
ACTION SNIPPET 10000 6286 SEEN_PREVIOUSLY b'1681870'
ACTION SNIPPET 10000 6289 SEEN_PREVIOUSLY b'473943'
ACTION SNIPPET 10000 6292 SEEN_PREVIOUSLY b'391873'
ACTION SNIPPET 10000 6295 SEEN_PREVIOUSLY b'391874'
ACTION SNIPPET 10000 6298 SEEN_PREVIOUSLY b'723837'
ACTION SNIPPET 10000 6301 SEEN_PREVIOUSLY b'91491'
ACTION SNIPPET 10000 6304 SEEN_PREVIOUSLY b'435343'
ACTION SNIPPET 10000 6307 SEEN_PREVIOUSLY b'1210771'
ACTION SNIPPET 10000 6310 SEEN_PREVIOUSLY b'115272'
ACTION SNIPPET 10000 6313 SNIPPET_NOT_RELEVANT b'1091079'
ACTION QUERY 10000 6323 mercy killing linares
ACTION SERP 10000 6328 EXAMINE_SERP
ACTION SNIPPET 10000 6331 SEEN_PREVIOUSLY b'245126'
ACTION SNIPPET 10000 6334 SNIPPET_NOT_RELEVANT b'764660'
ACTION SNIPPET 10000 6337 SNIPPET_NOT_RELEVANT b'759553'
ACTION SNIPPET 10000 6340 SNIPPET_NOT_RELEVANT b'1763000'
ACTION SNIPPET 10000 6343 SNIPPET_NOT_RELEVANT b'460192'
ACTION SNIPPET 10000 6346 SNIPPET_NOT_RELEVANT b'450498'
ACTION SNIPPET 10000 6349 SNIPPET_NOT_RELEVANT b'758617'
ACTION SNIPPET 10000 6352 SNIPPET_NOT_RELEVANT b'759366'
ACTION SNIPPET 10000 6355 SNIPPET_NOT_RELEVANT b'674219'
ACTION SNIPPET 10000 6358 SNIPPET_RELEVANT b'940704'
ACTION DOC 10000 6378 EXAMINING_DOCUMENT b'940704'
ACTION QUERY 10000 6388 mercy killing walked
ACTION SERP 10000 6393 EXAMINE_SERP
ACTION SNIPPET 10000 6396 SEEN_PREVIOUSLY b'188508'
ACTION SNIPPET 10000 6399 SEEN_PREVIOUSLY b'157557'
ACTION SNIPPET 10000 6402 SNIPPET_RELEVANT b'1174959'
ACTION DOC 10000 6422 EXAMINING_DOCUMENT b'1174959'
ACTION SNIPPET 10000 6425 SNIPPET_NOT_RELEVANT b'1032864'
ACTION SNIPPET 10000 6428 SNIPPET_NOT_RELEVANT b'676213'
ACTION SNIPPET 10000 6431 SEEN_PREVIOUSLY b'1733677'
ACTION SNIPPET 10000 6434 SEEN_PREVIOUSLY b'1121204'
ACTION SNIPPET 10000 6437 SEEN_PREVIOUSLY b'726977'
ACTION SNIPPET 10000 6440 SEEN_PREVIOUSLY b'1005479'
ACTION QUERY 10000 6450 mercy killing wich
ACTION SERP 10000 6455 EXAMINE_SERP
ACTION SNIPPET 10000 6458 SNIPPET_NOT_RELEVANT b'403024'
ACTION SNIPPET 10000 6461 SNIPPET_NOT_RELEVANT b'1279839'
ACTION SNIPPET 10000 6464 SNIPPET_RELEVANT b'205599'
ACTION DOC 10000 6484 EXAMINING_DOCUMENT b'205599'
ACTION SNIPPET 10000 6487 SNIPPET_RELEVANT b'170786'
ACTION DOC 10000 6507 EXAMINING_DOCUMENT b'170786'
ACTION QUERY 10000 6517 mercy killing janet
ACTION SERP 10000 6522 EXAMINE_SERP
ACTION SNIPPET 10000 6525 SNIPPET_RELEVANT b'198851'
ACTION DOC 10000 6545 EXAMINING_DOCUMENT b'198851'
ACTION SNIPPET 10000 6548 SNIPPET_RELEVANT b'874637'
ACTION DOC 10000 6568 EXAMINING_DOCUMENT b'874637'
ACTION QUERY 10000 6578 mercy killing chairman
ACTION SERP 10000 6583 EXAMINE_SERP
ACTION SNIPPET 10000 6586 SEEN_PREVIOUSLY b'35680'
ACTION SNIPPET 10000 6589 SEEN_PREVIOUSLY b'934728'
ACTION SNIPPET 10000 6592 SEEN_PREVIOUSLY b'157557'
ACTION SNIPPET 10000 6595 SEEN_PREVIOUSLY b'912751'
ACTION SNIPPET 10000 6598 SNIPPET_NOT_RELEVANT b'1060056'
ACTION SNIPPET 10000 6601 SNIPPET_NOT_RELEVANT b'978258'
ACTION SNIPPET 10000 6604 SNIPPET_NOT_RELEVANT b'1097654'
ACTION SNIPPET 10000 6607 SNIPPET_RELEVANT b'972177'
ACTION DOC 10000 6627 EXAMINING_DOCUMENT b'972177'
ACTION SNIPPET 10000 6630 SNIPPET_NOT_RELEVANT b'1022498'
ACTION QUERY 10000 6640 mercy killing rs
ACTION SERP 10000 6645 EXAMINE_SERP
ACTION SNIPPET 10000 6648 SNIPPET_RELEVANT b'1814129'
ACTION DOC 10000 6668 EXAMINING_DOCUMENT b'1814129'
ACTION SNIPPET 10000 6671 SNIPPET_RELEVANT b'1137543'
ACTION DOC 10000 6691 EXAMINING_DOCUMENT b'1137543'
ACTION QUERY 10000 6701 mercy killing scene
ACTION SERP 10000 6706 EXAMINE_SERP
ACTION SNIPPET 10000 6709 SEEN_PREVIOUSLY b'2447'
ACTION SNIPPET 10000 6712 SEEN_PREVIOUSLY b'2447'
ACTION SNIPPET 10000 6715 SEEN_PREVIOUSLY b'188508'
ACTION SNIPPET 10000 6718 SNIPPET_RELEVANT b'1532711'
ACTION DOC 10000 6738 EXAMINING_DOCUMENT b'1532711'
ACTION SNIPPET 10000 6741 SEEN_PREVIOUSLY b'157557'
ACTION SNIPPET 10000 6744 SEEN_PREVIOUSLY b'91491'
ACTION SNIPPET 10000 6747 SNIPPET_RELEVANT b'1095072'
ACTION DOC 10000 6767 EXAMINING_DOCUMENT b'1095072'
ACTION QUERY 10000 6777 mercy killing viacom
ACTION SERP 10000 6782 EXAMINE_SERP
ACTION SNIPPET 10000 6785 SNIPPET_RELEVANT b'685444'
ACTION DOC 10000 6805 EXAMINING_DOCUMENT b'685444'
ACTION SNIPPET 10000 6808 SEEN_PREVIOUSLY b'157557'
ACTION SNIPPET 10000 6811 SNIPPET_NOT_RELEVANT b'858625'
ACTION SNIPPET 10000 6814 SNIPPET_NOT_RELEVANT b'1087510'
ACTION SNIPPET 10000 6817 SNIPPET_RELEVANT b'777825'
ACTION DOC 10000 6837 EXAMINING_DOCUMENT b'777825'
ACTION QUERY 10000 6847 mercy killing streaming
ACTION SERP 10000 6852 EXAMINE_SERP
ACTION SNIPPET 10000 6855 SNIPPET_NOT_RELEVANT b'1007292'
ACTION SNIPPET 10000 6858 SNIPPET_RELEVANT b'177347'
ACTION DOC 10000 6878 EXAMINING_DOCUMENT b'177347'
ACTION SNIPPET 10000 6881 SNIPPET_NOT_RELEVANT b'1604696'
ACTION SNIPPET 10000 6884 SEEN_PREVIOUSLY b'157557'
ACTION SNIPPET 10000 6887 SNIPPET_NOT_RELEVANT b'1032258'
ACTION SNIPPET 10000 6890 SNIPPET_NOT_RELEVANT b'693193'
ACTION SNIPPET 10000 6893 SEEN_PREVIOUSLY b'1121204'
ACTION SNIPPET 10000 6896 SEEN_PREVIOUSLY b'1005479'
ACTION SNIPPET 10000 6899 SEEN_PREVIOUSLY b'789093'
ACTION QUERY 10000 6909 mercy killing crops
ACTION SERP 10000 6914 EXAMINE_SERP
ACTION SNIPPET 10000 6917 SNIPPET_RELEVANT b'1032258'
ACTION DOC 10000 6937 EXAMINING_DOCUMENT b'1032258'
ACTION SNIPPET 10000 6940 SNIPPET_NOT_RELEVANT b'275580'
ACTION SNIPPET 10000 6943 SEEN_PREVIOUSLY b'157557'
ACTION SNIPPET 10000 6946 SEEN_PREVIOUSLY b'1121204'
ACTION SNIPPET 10000 6949 SNIPPET_NOT_RELEVANT b'1535363'
ACTION SNIPPET 10000 6952 SEEN_PREVIOUSLY b'1005479'
ACTION SNIPPET 10000 6955 SEEN_PREVIOUSLY b'789093'
ACTION SNIPPET 10000 6958 SNIPPET_NOT_RELEVANT b'1102495'
ACTION SNIPPET 10000 6961 SEEN_PREVIOUSLY b'35680'
ACTION QUERY 10000 6971 mercy killing farmers
ACTION SERP 10000 6976 EXAMINE_SERP
ACTION SNIPPET 10000 6979 SEEN_PREVIOUSLY b'435343'
ACTION SNIPPET 10000 6982 SEEN_PREVIOUSLY b'435707'
ACTION SNIPPET 10000 6985 SEEN_PREVIOUSLY b'431779'
ACTION SNIPPET 10000 6988 SEEN_PREVIOUSLY b'307171'
ACTION SNIPPET 10000 6991 SEEN_PREVIOUSLY b'1064676'
ACTION SNIPPET 10000 6994 SNIPPET_RELEVANT b'977264'
ACTION DOC 10000 7014 EXAMINING_DOCUMENT b'977264'
ACTION MARK 10000 7017 CONSIDERED_RELEVANT b'977264'
ACTION SNIPPET 10000 7020 SEEN_PREVIOUSLY b'977063'
ACTION SNIPPET 10000 7023 SEEN_PREVIOUSLY b'1640983'
ACTION SNIPPET 10000 7026 SEEN_PREVIOUSLY b'373981'
ACTION SNIPPET 10000 7029 SEEN_PREVIOUSLY b'726977'
ACTION SNIPPET 10000 7032 SNIPPET_NOT_RELEVANT b'1443488'
ACTION SNIPPET 10000 7035 SNIPPET_NOT_RELEVANT b'251601'
ACTION SNIPPET 10000 7038 SEEN_PREVIOUSLY b'157557'
ACTION SNIPPET 10000 7041 SNIPPET_RELEVANT b'275580'
ACTION DOC 10000 7061 EXAMINING_DOCUMENT b'275580'
ACTION SNIPPET 10000 7064 SNIPPET_NOT_RELEVANT b'1082965'
ACTION SNIPPET 10000 7067 SNIPPET_NOT_RELEVANT b'1546146'
ACTION QUERY 10000 7077 mercy killing eliminating
ACTION SERP 10000 7082 EXAMINE_SERP
ACTION SNIPPET 10000 7085 SNIPPET_NOT_RELEVANT b'1689452'
ACTION SNIPPET 10000 7088 SEEN_PREVIOUSLY b'157557'
ACTION SNIPPET 10000 7091 SNIPPET_NOT_RELEVANT b'1033784'
ACTION SNIPPET 10000 7094 SNIPPET_RELEVANT b'596671'
ACTION DOC 10000 7114 EXAMINING_DOCUMENT b'596671'
ACTION SNIPPET 10000 7117 SEEN_PREVIOUSLY b'1121204'
ACTION SNIPPET 10000 7120 SEEN_PREVIOUSLY b'1005479'
ACTION SNIPPET 10000 7123 SEEN_PREVIOUSLY b'789093'
ACTION SNIPPET 10000 7126 SEEN_PREVIOUSLY b'35680'
ACTION SNIPPET 10000 7129 SEEN_PREVIOUSLY b'473943'
ACTION QUERY 10000 7139 mercy killing megans
ACTION SERP 10000 7144 EXAMINE_SERP
ACTION SNIPPET 10000 7147 SNIPPET_NOT_RELEVANT b'938321'
ACTION SNIPPET 10000 7150 SNIPPET_NOT_RELEVANT b'938146'
ACTION SNIPPET 10000 7153 SNIPPET_NOT_RELEVANT b'936144'
ACTION SNIPPET 10000 7156 SNIPPET_RELEVANT b'297683'
ACTION DOC 10000 7176 EXAMINING_DOCUMENT b'297683'
ACTION SNIPPET 10000 7179 SEEN_PREVIOUSLY b'410965'
ACTION SNIPPET 10000 7182 SNIPPET_RELEVANT b'1575026'
ACTION DOC 10000 7202 EXAMINING_DOCUMENT b'1575026'
ACTION QUERY 10000 7212 mercy killing jesse
ACTION SERP 10000 7217 EXAMINE_SERP
ACTION SNIPPET 10000 7220 SNIPPET_NOT_RELEVANT b'938146'
ACTION SNIPPET 10000 7223 SNIPPET_NOT_RELEVANT b'936144'
ACTION SNIPPET 10000 7226 SEEN_PREVIOUSLY b'999169'
ACTION SNIPPET 10000 7229 SEEN_PREVIOUSLY b'157557'
ACTION SNIPPET 10000 7232 SNIPPET_RELEVANT b'938321'
ACTION DOC 10000 7252 EXAMINING_DOCUMENT b'938321'
ACTION SNIPPET 10000 7255 SNIPPET_RELEVANT b'399036'
ACTION DOC 10000 7275 EXAMINING_DOCUMENT b'399036'
ACTION QUERY 10000 7285 mercy killing acid
ACTION SERP 10000 7290 EXAMINE_SERP
ACTION SNIPPET 10000 7293 SEEN_PREVIOUSLY b'157557'
ACTION SNIPPET 10000 7296 SEEN_PREVIOUSLY b'346518'
ACTION SNIPPET 10000 7299 SNIPPET_NOT_RELEVANT b'1618603'
ACTION SNIPPET 10000 7302 SNIPPET_RELEVANT b'41610'
ACTION DOC 10000 7322 EXAMINING_DOCUMENT b'41610'
ACTION SNIPPET 10000 7325 SNIPPET_RELEVANT b'993899'
ACTION DOC 10000 7345 EXAMINING_DOCUMENT b'993899'
ACTION QUERY 10000 7355 mercy killing awaiting
ACTION SERP 10000 7360 EXAMINE_SERP
ACTION SNIPPET 10000 7363 SEEN_PREVIOUSLY b'188508'
ACTION SNIPPET 10000 7366 SNIPPET_NOT_RELEVANT b'110617'
ACTION SNIPPET 10000 7369 SEEN_PREVIOUSLY b'157557'
ACTION SNIPPET 10000 7372 SEEN_PREVIOUSLY b'369666'
ACTION SNIPPET 10000 7375 SNIPPET_RELEVANT b'1121200'
ACTION DOC 10000 7395 EXAMINING_DOCUMENT b'1121200'
ACTION MARK 10000 7398 CONSIDERED_RELEVANT b'1121200'
ACTION SNIPPET 10000 7401 SEEN_PREVIOUSLY b'1121204'
ACTION SNIPPET 10000 7404 SEEN_PREVIOUSLY b'1005479'
ACTION SNIPPET 10000 7407 SNIPPET_NOT_RELEVANT b'633332'
ACTION SNIPPET 10000 7410 SNIPPET_NOT_RELEVANT b'1100838'
ACTION SNIPPET 10000 7413 SEEN_PREVIOUSLY b'789093'
ACTION SNIPPET 10000 7416 SNIPPET_NOT_RELEVANT b'1784821'
ACTION SNIPPET 10000 7419 SNIPPET_NOT_RELEVANT b'160750'
ACTION SNIPPET 10000 7422 SEEN_PREVIOUSLY b'35680'
ACTION SNIPPET 10000 7425 SEEN_PREVIOUSLY b'473943'
ACTION SNIPPET 10000 7428 SEEN_PREVIOUSLY b'391873'
ACTION SNIPPET 10000 7431 SEEN_PREVIOUSLY b'391874'
ACTION SNIPPET 10000 7434 SEEN_PREVIOUSLY b'723837'
ACTION SNIPPET 10000 7437 SEEN_PREVIOUSLY b'435343'
ACTION SNIPPET 10000 7440 SNIPPET_RELEVANT b'1595385'
ACTION DOC 10000 7460 EXAMINING_DOCUMENT b'1595385'
ACTION QUERY 10000 7470 mercy killing orders
ACTION SERP 10000 7475 EXAMINE_SERP
ACTION SNIPPET 10000 7478 SNIPPET_NOT_RELEVANT b'144396'
ACTION SNIPPET 10000 7481 SEEN_PREVIOUSLY b'116927'
ACTION SNIPPET 10000 7484 SEEN_PREVIOUSLY b'1722895'
ACTION SNIPPET 10000 7487 SNIPPET_RELEVANT b'1240774'
ACTION DOC 10000 7507 EXAMINING_DOCUMENT b'1240774'
ACTION SNIPPET 10000 7510 SEEN_PREVIOUSLY b'1822541'
ACTION SNIPPET 10000 7513 SEEN_PREVIOUSLY b'115272'
ACTION SNIPPET 10000 7516 SEEN_PREVIOUSLY b'117169'
ACTION SNIPPET 10000 7519 SEEN_PREVIOUSLY b'188508'
ACTION SNIPPET 10000 7522 SEEN_PREVIOUSLY b'157557'
ACTION QUERY 10000 7532 mercy killing jenny
ACTION SERP 10000 7537 EXAMINE_SERP
ACTION SNIPPET 10000 7540 SNIPPET_NOT_RELEVANT b'1689452'
ACTION SNIPPET 10000 7543 SNIPPET_NOT_RELEVANT b'1740471'
ACTION SNIPPET 10000 7546 SNIPPET_RELEVANT b'992340'
ACTION DOC 10000 7566 EXAMINING_DOCUMENT b'992340'
ACTION SNIPPET 10000 7569 SNIPPET_RELEVANT b'991426'
ACTION DOC 10000 7589 EXAMINING_DOCUMENT b'991426'
ACTION QUERY 10000 7599 mercy killing deliberating
ACTION SERP 10000 7604 EXAMINE_SERP
ACTION SNIPPET 10000 7607 SEEN_PREVIOUSLY b'435343'
ACTION SNIPPET 10000 7610 SEEN_PREVIOUSLY b'431779'
ACTION SNIPPET 10000 7613 SEEN_PREVIOUSLY b'789093'
ACTION SNIPPET 10000 7616 SEEN_PREVIOUSLY b'2447'
ACTION SNIPPET 10000 7619 SEEN_PREVIOUSLY b'2447'
ACTION SNIPPET 10000 7622 SEEN_PREVIOUSLY b'188508'
ACTION SNIPPET 10000 7625 SEEN_PREVIOUSLY b'1822541'
ACTION SNIPPET 10000 7628 SEEN_PREVIOUSLY b'144854'
ACTION SNIPPET 10000 7631 SEEN_PREVIOUSLY b'435707'
ACTION SNIPPET 10000 7634 SEEN_PREVIOUSLY b'938321'
ACTION SNIPPET 10000 7637 SEEN_PREVIOUSLY b'982795'
ACTION SNIPPET 10000 7640 SNIPPET_NOT_RELEVANT b'466914'
ACTION SNIPPET 10000 7643 SNIPPET_NOT_RELEVANT b'1091079'
ACTION SNIPPET 10000 7646 SNIPPET_NOT_RELEVANT b'81314'
ACTION SNIPPET 10000 7649 SNIPPET_RELEVANT b'1033784'
ACTION DOC 10000 7669 EXAMINING_DOCUMENT b'1033784'
ACTION QUERY 10000 7679 mercy killing office
ACTION SERP 10000 7684 EXAMINE_SERP
ACTION SNIPPET 10000 7687 SEEN_PREVIOUSLY b'157557'
ACTION SNIPPET 10000 7690 SEEN_PREVIOUSLY b'618917'
ACTION SNIPPET 10000 7693 SEEN_PREVIOUSLY b'188508'
ACTION SNIPPET 10000 7696 SEEN_PREVIOUSLY b'373185'
ACTION SNIPPET 10000 7699 SEEN_PREVIOUSLY b'1121204'
ACTION SNIPPET 10000 7702 SEEN_PREVIOUSLY b'1005479'
ACTION SNIPPET 10000 7705 SNIPPET_RELEVANT b'227357'
ACTION DOC 10000 7725 EXAMINING_DOCUMENT b'227357'
ACTION SNIPPET 10000 7728 SEEN_PREVIOUSLY b'789093'
ACTION SNIPPET 10000 7731 SEEN_PREVIOUSLY b'1399268'
ACTION QUERY 10000 7741 mercy killing ct
ACTION SERP 10000 7746 EXAMINE_SERP
ACTION SNIPPET 10000 7749 SNIPPET_NOT_RELEVANT b'1405136'
ACTION SNIPPET 10000 7752 SEEN_PREVIOUSLY b'1313460'
ACTION SNIPPET 10000 7755 SNIPPET_NOT_RELEVANT b'1252610'
ACTION SNIPPET 10000 7758 SNIPPET_NOT_RELEVANT b'1674003'
ACTION SNIPPET 10000 7761 SNIPPET_RELEVANT b'1763584'
ACTION DOC 10000 7781 EXAMINING_DOCUMENT b'1763584'
ACTION SNIPPET 10000 7784 SNIPPET_NOT_RELEVANT b'970334'
ACTION SNIPPET 10000 7787 SNIPPET_NOT_RELEVANT b'956611'
ACTION SNIPPET 10000 7790 SNIPPET_RELEVANT b'1239249'
ACTION DOC 10000 7810 EXAMINING_DOCUMENT b'1239249'
ACTION QUERY 10000 7820 mercy killing roosevelt
ACTION SERP 10000 7825 EXAMINE_SERP
ACTION SNIPPET 10000 7828 SNIPPET_NOT_RELEVANT b'1286860'
ACTION SNIPPET 10000 7831 SNIPPET_RELEVANT b'880448'
ACTION DOC 10000 7851 EXAMINING_DOCUMENT b'880448'
ACTION SNIPPET 10000 7854 SNIPPET_NOT_RELEVANT b'1281166'
ACTION SNIPPET 10000 7857 SEEN_PREVIOUSLY b'157557'
ACTION SNIPPET 10000 7860 SNIPPET_RELEVANT b'1628383'
ACTION DOC 10000 7880 EXAMINING_DOCUMENT b'1628383'
ACTION QUERY 10000 7890 mercy killing triney
ACTION SERP 10000 7895 EXAMINE_SERP
ACTION SNIPPET 10000 7898 SNIPPET_RELEVANT b'1275811'
ACTION DOC 10000 7918 EXAMINING_DOCUMENT b'1275811'
ACTION SNIPPET 10000 7921 SNIPPET_RELEVANT b'1737819'
ACTION DOC 10000 7941 EXAMINING_DOCUMENT b'1737819'
ACTION QUERY 10000 7951 mercy killing christmas
ACTION SERP 10000 7956 EXAMINE_SERP
ACTION SNIPPET 10000 7959 SNIPPET_RELEVANT b'466914'
ACTION DOC 10000 7979 EXAMINING_DOCUMENT b'466914'
ACTION SNIPPET 10000 7982 SEEN_PREVIOUSLY b'410965'
ACTION SNIPPET 10000 7985 SNIPPET_RELEVANT b'1633140'
ACTION DOC 10000 8005 EXAMINING_DOCUMENT b'1633140'
ACTION QUERY 10000 8015 mercy killing doctors
ACTION SERP 10000 8020 EXAMINE_SERP
ACTION SNIPPET 10000 8023 SEEN_PREVIOUSLY b'157557'
ACTION SNIPPET 10000 8026 SEEN_PREVIOUSLY b'115272'
ACTION SNIPPET 10000 8029 SEEN_PREVIOUSLY b'618917'
ACTION SNIPPET 10000 8032 SEEN_PREVIOUSLY b'116927'
ACTION SNIPPET 10000 8035 SEEN_PREVIOUSLY b'1426355'
ACTION SNIPPET 10000 8038 SEEN_PREVIOUSLY b'1095445'
ACTION SNIPPET 10000 8041 SEEN_PREVIOUSLY b'1210771'
ACTION SNIPPET 10000 8044 SEEN_PREVIOUSLY b'1689454'
ACTION SNIPPET 10000 8047 SEEN_PREVIOUSLY b'121481'
ACTION SNIPPET 10000 8050 SNIPPET_RELEVANT b'1405959'
ACTION DOC 10000 8070 EXAMINING_DOCUMENT b'1405959'
ACTION QUERY 10000 8080 mercy killing china
ACTION SERP 10000 8085 EXAMINE_SERP
ACTION SNIPPET 10000 8088 SEEN_PREVIOUSLY b'115272'
ACTION SNIPPET 10000 8091 SEEN_PREVIOUSLY b'260023'
ACTION SNIPPET 10000 8094 SEEN_PREVIOUSLY b'157557'
ACTION SNIPPET 10000 8097 SNIPPET_NOT_RELEVANT b'209374'
ACTION SNIPPET 10000 8100 SNIPPET_RELEVANT b'610267'
ACTION DOC 10000 8120 EXAMINING_DOCUMENT b'610267'
ACTION SNIPPET 10000 8123 SNIPPET_NOT_RELEVANT b'263198'
ACTION SNIPPET 10000 8126 SEEN_PREVIOUSLY b'1121204'
ACTION SNIPPET 10000 8129 SEEN_PREVIOUSLY b'1005479'
ACTION SNIPPET 10000 8132 SEEN_PREVIOUSLY b'789093'
ACTION QUERY 10000 8142 mercy killing connellys
ACTION SERP 10000 8147 EXAMINE_SERP
ACTION SNIPPET 10000 8150 SNIPPET_NOT_RELEVANT b'1472569'
ACTION SNIPPET 10000 8153 SNIPPET_RELEVANT b'190959'
ACTION DOC 10000 8173 EXAMINING_DOCUMENT b'190959'
ACTION SNIPPET 10000 8176 SNIPPET_NOT_RELEVANT b'540199'
ACTION SNIPPET 10000 8179 SNIPPET_NOT_RELEVANT b'849181'
ACTION SNIPPET 10000 8182 SNIPPET_NOT_RELEVANT b'1182772'
ACTION SNIPPET 10000 8185 SNIPPET_RELEVANT b'1802192'
ACTION DOC 10000 8205 EXAMINING_DOCUMENT b'1802192'
ACTION QUERY 10000 8215 mercy killing holt
ACTION SERP 10000 8220 EXAMINE_SERP
ACTION SNIPPET 10000 8223 SEEN_PREVIOUSLY b'1689454'
ACTION SNIPPET 10000 8226 SNIPPET_RELEVANT b'1689452'
ACTION DOC 10000 8246 EXAMINING_DOCUMENT b'1689452'
ACTION SNIPPET 10000 8249 SNIPPET_NOT_RELEVANT b'676213'
ACTION SNIPPET 10000 8252 SNIPPET_RELEVANT b'919578'
ACTION DOC 10000 8272 EXAMINING_DOCUMENT b'919578'
ACTION QUERY 10000 8282 mercy killing arts
ACTION SERP 10000 8287 EXAMINE_SERP
ACTION SNIPPET 10000 8290 SEEN_PREVIOUSLY b'473943'
ACTION SNIPPET 10000 8293 SEEN_PREVIOUSLY b'157557'
ACTION SNIPPET 10000 8296 SEEN_PREVIOUSLY b'1121204'
ACTION SNIPPET 10000 8299 SEEN_PREVIOUSLY b'1005479'
ACTION SNIPPET 10000 8302 SNIPPET_NOT_RELEVANT b'1532519'
ACTION SNIPPET 10000 8305 SEEN_PREVIOUSLY b'789093'
ACTION SNIPPET 10000 8308 SNIPPET_NOT_RELEVANT b'380294'
ACTION SNIPPET 10000 8311 SEEN_PREVIOUSLY b'35680'
ACTION SNIPPET 10000 8314 SEEN_PREVIOUSLY b'391873'
ACTION SNIPPET 10000 8317 SEEN_PREVIOUSLY b'391874'
ACTION SNIPPET 10000 8320 SEEN_PREVIOUSLY b'723837'
ACTION SNIPPET 10000 8323 SNIPPET_RELEVANT b'173594'
ACTION DOC 10000 8343 EXAMINING_DOCUMENT b'173594'
ACTION QUERY 10000 8353 mercy killing rooneys
ACTION SERP 10000 8358 EXAMINE_SERP
ACTION SNIPPET 10000 8361 SEEN_PREVIOUSLY b'173594'
ACTION SNIPPET 10000 8364 SNIPPET_NOT_RELEVANT b'172059'
ACTION SNIPPET 10000 8367 SNIPPET_RELEVANT b'173231'
ACTION DOC 10000 8387 EXAMINING_DOCUMENT b'173231'
ACTION SNIPPET 10000 8390 SNIPPET_RELEVANT b'1382871'
ACTION DOC 10000 8410 EXAMINING_DOCUMENT b'1382871'
ACTION QUERY 10000 8420 mercy killing warfare
ACTION SERP 10000 8425 EXAMINE_SERP
ACTION SNIPPET 10000 8428 SEEN_PREVIOUSLY b'1581586'
ACTION SNIPPET 10000 8431 SEEN_PREVIOUSLY b'157557'
ACTION SNIPPET 10000 8434 SNIPPET_RELEVANT b'686125'
ACTION DOC 10000 8454 EXAMINING_DOCUMENT b'686125'
ACTION SNIPPET 10000 8457 SEEN_PREVIOUSLY b'1121204'
ACTION SNIPPET 10000 8460 SEEN_PREVIOUSLY b'1780753'
ACTION SNIPPET 10000 8463 SEEN_PREVIOUSLY b'1005479'
ACTION SNIPPET 10000 8466 SNIPPET_RELEVANT b'897188'
ACTION DOC 10000 8486 EXAMINING_DOCUMENT b'897188'
ACTION QUERY 10000 8496 mercy killing movement
ACTION SERP 10000 8501 EXAMINE_SERP
ACTION SNIPPET 10000 8504 SEEN_PREVIOUSLY b'91491'
ACTION SNIPPET 10000 8507 SEEN_PREVIOUSLY b'157557'
ACTION SNIPPET 10000 8510 SNIPPET_RELEVANT b'965270'
ACTION DOC 10000 8530 EXAMINING_DOCUMENT b'965270'
ACTION SNIPPET 10000 8533 SNIPPET_RELEVANT b'1481324'
ACTION DOC 10000 8553 EXAMINING_DOCUMENT b'1481324'
ACTION QUERY 10000 8563 mercy killing ran
ACTION SERP 10000 8568 EXAMINE_SERP
ACTION SNIPPET 10000 8571 SEEN_PREVIOUSLY b'473943'
ACTION SNIPPET 10000 8574 SEEN_PREVIOUSLY b'615784'
ACTION SNIPPET 10000 8577 SNIPPET_NOT_RELEVANT b'713365'
ACTION SNIPPET 10000 8580 SEEN_PREVIOUSLY b'157557'
ACTION SNIPPET 10000 8583 SNIPPET_NOT_RELEVANT b'1599539'
ACTION SNIPPET 10000 8586 SNIPPET_RELEVANT b'1787438'
ACTION DOC 10000 8606 EXAMINING_DOCUMENT b'1787438'
ACTION SNIPPET 10000 8609 SEEN_PREVIOUSLY b'1121204'
ACTION SNIPPET 10000 8612 SEEN_PREVIOUSLY b'1005479'
ACTION SNIPPET 10000 8615 SEEN_PREVIOUSLY b'53472'
ACTION QUERY 10000 8625 mercy killing band
ACTION SERP 10000 8630 EXAMINE_SERP
ACTION SNIPPET 10000 8633 SEEN_PREVIOUSLY b'373981'
ACTION SNIPPET 10000 8636 SEEN_PREVIOUSLY b'1550712'
ACTION SNIPPET 10000 8639 SEEN_PREVIOUSLY b'434291'
ACTION SNIPPET 10000 8642 SNIPPET_NOT_RELEVANT b'462973'
ACTION SNIPPET 10000 8645 SNIPPET_RELEVANT b'637959'
ACTION DOC 10000 8665 EXAMINING_DOCUMENT b'637959'
ACTION SNIPPET 10000 8668 SEEN_PREVIOUSLY b'157557'
ACTION SNIPPET 10000 8671 SNIPPET_NOT_RELEVANT b'176185'
ACTION SNIPPET 10000 8674 SNIPPET_RELEVANT b'1645274'
ACTION DOC 10000 8694 EXAMINING_DOCUMENT b'1645274'
ACTION QUERY 10000 8704 mercy killing valleys
ACTION SERP 10000 8709 EXAMINE_SERP
ACTION SNIPPET 10000 8712 SEEN_PREVIOUSLY b'1555061'
ACTION SNIPPET 10000 8715 SNIPPET_NOT_RELEVANT b'308202'
ACTION SNIPPET 10000 8718 SEEN_PREVIOUSLY b'157557'
ACTION SNIPPET 10000 8721 SEEN_PREVIOUSLY b'177347'
ACTION SNIPPET 10000 8724 SNIPPET_NOT_RELEVANT b'1242130'
ACTION SNIPPET 10000 8727 SNIPPET_NOT_RELEVANT b'1604696'
ACTION SNIPPET 10000 8730 SNIPPET_RELEVANT b'1005917'
ACTION DOC 10000 8750 EXAMINING_DOCUMENT b'1005917'
ACTION MARK 10000 8753 CONSIDERED_RELEVANT b'1005917'
ACTION SNIPPET 10000 8756 SEEN_PREVIOUSLY b'1121204'
ACTION SNIPPET 10000 8759 SNIPPET_NOT_RELEVANT b'242011'
ACTION SNIPPET 10000 8762 SEEN_PREVIOUSLY b'1005479'
ACTION SNIPPET 10000 8765 SNIPPET_RELEVANT b'377576'
ACTION DOC 10000 8785 EXAMINING_DOCUMENT b'377576'
ACTION SNIPPET 10000 8788 SEEN_PREVIOUSLY b'789093'
ACTION SNIPPET 10000 8791 SNIPPET_RELEVANT b'1543867'
ACTION DOC 10000 8811 EXAMINING_DOCUMENT b'1543867'
ACTION QUERY 10000 8821 mercy killing stanleys
ACTION SERP 10000 8826 EXAMINE_SERP
ACTION SNIPPET 10000 8829 SNIPPET_RELEVANT b'1781638'
ACTION DOC 10000 8849 EXAMINING_DOCUMENT b'1781638'
ACTION SNIPPET 10000 8852 SNIPPET_RELEVANT b'203216'
ACTION DOC 10000 8872 EXAMINING_DOCUMENT b'203216'
ACTION MARK 10000 8875 CONSIDERED_RELEVANT b'203216'
ACTION SNIPPET 10000 8878 SEEN_PREVIOUSLY b'157557'
ACTION SNIPPET 10000 8881 SEEN_PREVIOUSLY b'377576'
ACTION SNIPPET 10000 8884 SNIPPET_RELEVANT b'1721729'
ACTION DOC 10000 8904 EXAMINING_DOCUMENT b'1721729'
ACTION SNIPPET 10000 8907 SEEN_PREVIOUSLY b'44034'
ACTION SNIPPET 10000 8910 SNIPPET_NOT_RELEVANT b'1724711'
ACTION SNIPPET 10000 8913 SEEN_PREVIOUSLY b'1121204'
ACTION SNIPPET 10000 8916 SEEN_PREVIOUSLY b'1005479'
ACTION SNIPPET 10000 8919 SEEN_PREVIOUSLY b'999169'
ACTION SNIPPET 10000 8922 SNIPPET_RELEVANT b'385871'
ACTION DOC 10000 8942 EXAMINING_DOCUMENT b'385871'
ACTION QUERY 10000 8952 mercy killing schwarzenegger
ACTION SERP 10000 8957 EXAMINE_SERP
ACTION SNIPPET 10000 8960 SEEN_PREVIOUSLY b'1721729'
ACTION SNIPPET 10000 8963 SNIPPET_RELEVANT b'1557555'
ACTION DOC 10000 8983 EXAMINING_DOCUMENT b'1557555'
ACTION SNIPPET 10000 8986 SNIPPET_NOT_RELEVANT b'459772'
ACTION SNIPPET 10000 8989 SNIPPET_NOT_RELEVANT b'1721684'
ACTION SNIPPET 10000 8992 SNIPPET_NOT_RELEVANT b'1724711'
ACTION SNIPPET 10000 8995 SNIPPET_NOT_RELEVANT b'1727826'
ACTION SNIPPET 10000 8998 SNIPPET_RELEVANT b'1534441'
ACTION DOC 10000 9018 EXAMINING_DOCUMENT b'1534441'
ACTION QUERY 10000 9028 mercy killing assisting
ACTION SERP 10000 9033 EXAMINE_SERP
ACTION SNIPPET 10000 9036 SEEN_PREVIOUSLY b'1210771'
ACTION SNIPPET 10000 9039 SEEN_PREVIOUSLY b'1095445'
ACTION SNIPPET 10000 9042 SEEN_PREVIOUSLY b'789093'
ACTION SNIPPET 10000 9045 SEEN_PREVIOUSLY b'695579'
ACTION SNIPPET 10000 9048 SEEN_PREVIOUSLY b'472960'
ACTION SNIPPET 10000 9051 SNIPPET_NOT_RELEVANT b'1060085'
ACTION SNIPPET 10000 9054 SEEN_PREVIOUSLY b'157557'
ACTION SNIPPET 10000 9057 SNIPPET_RELEVANT b'245850'
ACTION DOC 10000 9077 EXAMINING_DOCUMENT b'245850'
ACTION SNIPPET 10000 9080 SEEN_PREVIOUSLY b'912625'
ACTION QUERY 10000 9090 mercy killing copen
ACTION SERP 10000 9095 EXAMINE_SERP
ACTION SNIPPET 10000 9098 SNIPPET_RELEVANT b'616866'
ACTION DOC 10000 9118 EXAMINING_DOCUMENT b'616866'
ACTION SNIPPET 10000 9121 SNIPPET_RELEVANT b'203719'
ACTION DOC 10000 9141 EXAMINING_DOCUMENT b'203719'
ACTION QUERY 10000 9151 mercy killing recalled
ACTION SERP 10000 9156 EXAMINE_SERP
ACTION SNIPPET 10000 9159 SEEN_PREVIOUSLY b'115272'
ACTION SNIPPET 10000 9162 SEEN_PREVIOUSLY b'157557'
ACTION SNIPPET 10000 9165 SEEN_PREVIOUSLY b'1121204'
ACTION SNIPPET 10000 9168 SNIPPET_RELEVANT b'1355141'
ACTION DOC 10000 9188 EXAMINING_DOCUMENT b'1355141'
ACTION SNIPPET 10000 9191 SEEN_PREVIOUSLY b'1005479'
ACTION SNIPPET 10000 9194 SEEN_PREVIOUSLY b'789093'
ACTION SNIPPET 10000 9197 SEEN_PREVIOUSLY b'35680'
ACTION SNIPPET 10000 9200 SNIPPET_RELEVANT b'676213'
ACTION DOC 10000 9220 EXAMINING_DOCUMENT b'676213'
ACTION QUERY 10000 9230 mercy killing university
ACTION SERP 10000 9235 EXAMINE_SERP
ACTION SNIPPET 10000 9238 SEEN_PREVIOUSLY b'1210771'
ACTION SNIPPET 10000 9241 SEEN_PREVIOUSLY b'789093'
ACTION SNIPPET 10000 9244 SEEN_PREVIOUSLY b'157557'
ACTION SNIPPET 10000 9247 SEEN_PREVIOUSLY b'473943'
ACTION SNIPPET 10000 9250 SEEN_PREVIOUSLY b'1121204'
ACTION SNIPPET 10000 9253 SEEN_PREVIOUSLY b'1005479'
ACTION SNIPPET 10000 9256 SNIPPET_RELEVANT b'1777271'
ACTION DOC 10000 9276 EXAMINING_DOCUMENT b'1777271'
ACTION MARK 10000 9279 CONSIDERED_RELEVANT b'1777271'
ACTION SNIPPET 10000 9282 SEEN_PREVIOUSLY b'35680'
ACTION SNIPPET 10000 9285 SEEN_PREVIOUSLY b'128834'
ACTION SNIPPET 10000 9288 SEEN_PREVIOUSLY b'391873'
ACTION SNIPPET 10000 9291 SEEN_PREVIOUSLY b'391874'
ACTION SNIPPET 10000 9294 SEEN_PREVIOUSLY b'723837'
ACTION SNIPPET 10000 9297 SEEN_PREVIOUSLY b'435343'
ACTION SNIPPET 10000 9300 SEEN_PREVIOUSLY b'637959'
ACTION SNIPPET 10000 9303 SNIPPET_RELEVANT b'1135462'
ACTION DOC 10000 9323 EXAMINING_DOCUMENT b'1135462'
ACTION SNIPPET 10000 9326 SEEN_PREVIOUSLY b'115272'
ACTION SNIPPET 10000 9329 SEEN_PREVIOUSLY b'1095445'
ACTION QUERY 10000 9339 mercy killing politically
ACTION SERP 10000 9344 EXAMINE_SERP
ACTION SNIPPET 10000 9347 SEEN_PREVIOUSLY b'789093'
ACTION SNIPPET 10000 9350 SEEN_PREVIOUSLY b'473943'
ACTION SNIPPET 10000 9353 SEEN_PREVIOUSLY b'91491'
ACTION SNIPPET 10000 9356 SEEN_PREVIOUSLY b'157557'
ACTION SNIPPET 10000 9359 SEEN_PREVIOUSLY b'260023'
ACTION SNIPPET 10000 9362 SNIPPET_RELEVANT b'144396'
ACTION DOC 10000 9382 EXAMINING_DOCUMENT b'144396'
ACTION SNIPPET 10000 9385 SEEN_PREVIOUSLY b'373981'
ACTION SNIPPET 10000 9388 SEEN_PREVIOUSLY b'2447'
ACTION SNIPPET 10000 9391 SEEN_PREVIOUSLY b'2447'
ACTION QUERY 10000 9401 mercy killing belgian
ACTION SERP 10000 9406 EXAMINE_SERP
ACTION SNIPPET 10000 9409 SEEN_PREVIOUSLY b'245850'
ACTION SNIPPET 10000 9412 SNIPPET_NOT_RELEVANT b'734372'
ACTION SNIPPET 10000 9415 SNIPPET_NOT_RELEVANT b'170494'
ACTION SNIPPET 10000 9418 SNIPPET_NOT_RELEVANT b'724855'
ACTION SNIPPET 10000 9421 SNIPPET_RELEVANT b'1721495'
ACTION DOC 10000 9441 EXAMINING_DOCUMENT b'1721495'
ACTION SNIPPET 10000 9444 SEEN_PREVIOUSLY b'157557'
ACTION SNIPPET 10000 9447 SNIPPET_NOT_RELEVANT b'679980'
ACTION SNIPPET 10000 9450 SNIPPET_NOT_RELEVANT b'1510122'
ACTION SNIPPET 10000 9453 SNIPPET_RELEVANT b'448074'
ACTION DOC 10000 9473 EXAMINING_DOCUMENT b'448074'
ACTION QUERY 10000 9483 mercy killing militia
ACTION SERP 10000 9488 EXAMINE_SERP
ACTION SNIPPET 10000 9491 SNIPPET_RELEVANT b'1652865'
ACTION DOC 10000 9511 EXAMINING_DOCUMENT b'1652865'
ACTION SNIPPET 10000 9514 SNIPPET_NOT_RELEVANT b'144780'
ACTION SNIPPET 10000 9517 SNIPPET_RELEVANT b'713365'
ACTION DOC 10000 9537 EXAMINING_DOCUMENT b'713365'
ACTION QUERY 10000 9547 mercy killing rebel
ACTION SERP 10000 9552 EXAMINE_SERP
ACTION SNIPPET 10000 9555 SEEN_PREVIOUSLY b'374495'
ACTION SNIPPET 10000 9558 SNIPPET_NOT_RELEVANT b'1770128'
ACTION SNIPPET 10000 9561 SEEN_PREVIOUSLY b'260023'
ACTION SNIPPET 10000 9564 SNIPPET_NOT_RELEVANT b'303313'
ACTION SNIPPET 10000 9567 SNIPPET_NOT_RELEVANT b'968423'
ACTION SNIPPET 10000 9570 SNIPPET_NOT_RELEVANT b'835001'
ACTION SNIPPET 10000 9573 SNIPPET_RELEVANT b'1171780'
ACTION DOC 10000 9593 EXAMINING_DOCUMENT b'1171780'
ACTION SNIPPET 10000 9596 SNIPPET_RELEVANT b'1702635'
ACTION DOC 10000 9616 EXAMINING_DOCUMENT b'1702635'
ACTION QUERY 10000 9626 mercy killing attacking
ACTION SERP 10000 9631 EXAMINE_SERP
ACTION SNIPPET 10000 9634 SEEN_PREVIOUSLY b'1121204'
ACTION SNIPPET 10000 9637 SNIPPET_NOT_RELEVANT b'1122179'
ACTION SNIPPET 10000 9640 SEEN_PREVIOUSLY b'1681870'
ACTION SNIPPET 10000 9643 SEEN_PREVIOUSLY b'1581586'
ACTION SNIPPET 10000 9646 SEEN_PREVIOUSLY b'188508'
ACTION SNIPPET 10000 9649 SNIPPET_NOT_RELEVANT b'300177'
ACTION SNIPPET 10000 9652 SEEN_PREVIOUSLY b'1121200'
ACTION SNIPPET 10000 9655 SEEN_PREVIOUSLY b'157557'
ACTION SNIPPET 10000 9658 SEEN_PREVIOUSLY b'473943'
ACTION SNIPPET 10000 9661 SEEN_PREVIOUSLY b'260023'
ACTION SNIPPET 10000 9664 SEEN_PREVIOUSLY b'1174959'
ACTION SNIPPET 10000 9667 SNIPPET_NOT_RELEVANT b'1796161'
ACTION SNIPPET 10000 9670 SNIPPET_RELEVANT b'401628'
ACTION DOC 10000 9690 EXAMINING_DOCUMENT b'401628'
ACTION QUERY 10000 9700 mercy killing railroad
ACTION SERP 10000 9705 EXAMINE_SERP
ACTION SNIPPET 10000 9708 SNIPPET_NOT_RELEVANT b'1058720'
ACTION SNIPPET 10000 9711 SNIPPET_RELEVANT b'1639300'
ACTION DOC 10000 9731 EXAMINING_DOCUMENT b'1639300'
ACTION SNIPPET 10000 9734 SEEN_PREVIOUSLY b'157557'
ACTION SNIPPET 10000 9737 SNIPPET_RELEVANT b'1065968'
ACTION DOC 10000 9757 EXAMINING_DOCUMENT b'1065968'
ACTION QUERY 10000 9767 mercy killing stanning
ACTION SERP 10000 9772 EXAMINE_SERP
ACTION SNIPPET 10000 9775 SNIPPET_NOT_RELEVANT b'1192094'
ACTION SNIPPET 10000 9778 SNIPPET_RELEVANT b'1421831'
ACTION DOC 10000 9798 EXAMINING_DOCUMENT b'1421831'
ACTION SNIPPET 10000 9801 SNIPPET_RELEVANT b'1780315'
ACTION DOC 10000 9821 EXAMINING_DOCUMENT b'1780315'
ACTION QUERY 10000 9831 mercy killing franklin
ACTION SERP 10000 9836 EXAMINE_SERP
ACTION SNIPPET 10000 9839 SEEN_PREVIOUSLY b'144854'
ACTION SNIPPET 10000 9842 SEEN_PREVIOUSLY b'1045698'
ACTION SNIPPET 10000 9845 SNIPPET_NOT_RELEVANT b'1418069'
ACTION SNIPPET 10000 9848 SNIPPET_NOT_RELEVANT b'590977'
ACTION SNIPPET 10000 9851 SNIPPET_NOT_RELEVANT b'110617'
ACTION SNIPPET 10000 9854 SEEN_PREVIOUSLY b'157557'
ACTION SNIPPET 10000 9857 SNIPPET_NOT_RELEVANT b'655237'
ACTION SNIPPET 10000 9860 SNIPPET_NOT_RELEVANT b'1242130'
ACTION SNIPPET 10000 9863 SNIPPET_NOT_RELEVANT b'629572'
ACTION SNIPPET 10000 9866 SNIPPET_RELEVANT b'1265272'
ACTION DOC 10000 9886 EXAMINING_DOCUMENT b'1265272'
ACTION QUERY 10000 9896 mercy killing hurl
ACTION SERP 10000 9901 EXAMINE_SERP
ACTION SNIPPET 10000 9904 SNIPPET_NOT_RELEVANT b'20954'
ACTION SNIPPET 10000 9907 SNIPPET_RELEVANT b'81314'
ACTION DOC 10000 9927 EXAMINING_DOCUMENT b'81314'
ACTION SNIPPET 10000 9930 SNIPPET_NOT_RELEVANT b'1214409'
ACTION SNIPPET 10000 9933 SNIPPET_NOT_RELEVANT b'1770128'
ACTION SNIPPET 10000 9936 SEEN_PREVIOUSLY b'157557'
ACTION SNIPPET 10000 9939 SNIPPET_NOT_RELEVANT b'1288831'
ACTION SNIPPET 10000 9942 SNIPPET_NOT_RELEVANT b'274964'
ACTION SNIPPET 10000 9945 SNIPPET_NOT_RELEVANT b'79486'
ACTION SNIPPET 10000 9948 SNIPPET_RELEVANT b'260901'
ACTION DOC 10000 9968 EXAMINING_DOCUMENT b'260901'
ACTION QUERY 10000 9978 mercy killing mind
ACTION SERP 10000 9983 EXAMINE_SERP
ACTION SNIPPET 10000 9986 SEEN_PREVIOUSLY b'789093'
ACTION SNIPPET 10000 9989 SEEN_PREVIOUSLY b'157557'
ACTION SNIPPET 10000 9992 SEEN_PREVIOUSLY b'473943'
ACTION SNIPPET 10000 9995 SEEN_PREVIOUSLY b'2447'
ACTION SNIPPET 10000 9998 SEEN_PREVIOUSLY b'2447'
ACTION SNIPPET 10000 10001 SEEN_PREVIOUSLY b'121481'
INFO SUMMARY 
INFO TOTAL_QUERIES_ISSUED 131
INFO TOTAL_SNIPPETS_EXAMINED 1126
INFO TOTAL_DOCUMENTS_EXAMINED 229
INFO TOTAL_DOCUMENTS_MARKED_RELEVANT 26
INFO TOTAL_ATTRACTIVE_SERP_IMPRESSIONS 131
INFO TOTAL_UNATTRACTIVE_SERP_IMPRESSIONS 0
