ACTION QUERY 10000 10 oceanographic vessels
ACTION SERP 10000 15 EXAMINE_SERP
ACTION SNIPPET 10000 18 SNIPPET_RELEVANT b'660630'
ACTION DOC 10000 38 EXAMINING_DOCUMENT b'660630'
ACTION MARK 10000 41 CONSIDERED_RELEVANT b'660630'
ACTION SNIPPET 10000 44 SNIPPET_RELEVANT b'89039'
ACTION DOC 10000 64 EXAMINING_DOCUMENT b'89039'
ACTION MARK 10000 67 CONSIDERED_RELEVANT b'89039'
ACTION SNIPPET 10000 70 SNIPPET_RELEVANT b'382324'
ACTION DOC 10000 90 EXAMINING_DOCUMENT b'382324'
ACTION MARK 10000 93 CONSIDERED_RELEVANT b'382324'
ACTION SNIPPET 10000 96 SNIPPET_RELEVANT b'24141'
ACTION DOC 10000 116 EXAMINING_DOCUMENT b'24141'
ACTION MARK 10000 119 CONSIDERED_RELEVANT b'24141'
ACTION SNIPPET 10000 122 SNIPPET_RELEVANT b'529662'
ACTION DOC 10000 142 EXAMINING_DOCUMENT b'529662'
ACTION MARK 10000 145 CONSIDERED_RELEVANT b'529662'
ACTION SNIPPET 10000 148 SNIPPET_RELEVANT b'219569'
ACTION DOC 10000 168 EXAMINING_DOCUMENT b'219569'
ACTION MARK 10000 171 CONSIDERED_RELEVANT b'219569'
ACTION SNIPPET 10000 174 SNIPPET_NOT_RELEVANT b'1564015'
ACTION SNIPPET 10000 177 SNIPPET_RELEVANT b'171292'
ACTION DOC 10000 197 EXAMINING_DOCUMENT b'171292'
ACTION MARK 10000 200 CONSIDERED_RELEVANT b'171292'
ACTION SNIPPET 10000 203 SNIPPET_RELEVANT b'1426960'
ACTION DOC 10000 223 EXAMINING_DOCUMENT b'1426960'
ACTION SNIPPET 10000 226 SNIPPET_RELEVANT b'779635'
ACTION DOC 10000 246 EXAMINING_DOCUMENT b'779635'
ACTION MARK 10000 249 CONSIDERED_RELEVANT b'779635'
ACTION QUERY 10000 259 oceanographic vessels fish
ACTION SERP 10000 264 EXAMINE_SERP
ACTION SNIPPET 10000 267 SEEN_PREVIOUSLY b'1426960'
ACTION SNIPPET 10000 270 SNIPPET_RELEVANT b'1490050'
ACTION DOC 10000 290 EXAMINING_DOCUMENT b'1490050'
ACTION MARK 10000 293 CONSIDERED_RELEVANT b'1490050'
ACTION SNIPPET 10000 296 SNIPPET_RELEVANT b'220667'
ACTION DOC 10000 316 EXAMINING_DOCUMENT b'220667'
ACTION MARK 10000 319 CONSIDERED_RELEVANT b'220667'
ACTION SNIPPET 10000 322 SNIPPET_RELEVANT b'1127471'
ACTION DOC 10000 342 EXAMINING_DOCUMENT b'1127471'
ACTION MARK 10000 345 CONSIDERED_RELEVANT b'1127471'
ACTION SNIPPET 10000 348 SNIPPET_NOT_RELEVANT b'137558'
ACTION SNIPPET 10000 351 SNIPPET_RELEVANT b'1324421'
ACTION DOC 10000 371 EXAMINING_DOCUMENT b'1324421'
ACTION MARK 10000 374 CONSIDERED_RELEVANT b'1324421'
ACTION SNIPPET 10000 377 SNIPPET_RELEVANT b'167187'
ACTION DOC 10000 397 EXAMINING_DOCUMENT b'167187'
ACTION MARK 10000 400 CONSIDERED_RELEVANT b'167187'
ACTION SNIPPET 10000 403 SNIPPET_NOT_RELEVANT b'1705267'
ACTION SNIPPET 10000 406 SNIPPET_NOT_RELEVANT b'313524'
ACTION SNIPPET 10000 409 SNIPPET_NOT_RELEVANT b'1564015'
ACTION QUERY 10000 419 oceanographic vessels hurricane
ACTION SERP 10000 424 EXAMINE_SERP
ACTION SNIPPET 10000 427 SNIPPET_NOT_RELEVANT b'1705267'
ACTION SNIPPET 10000 430 SNIPPET_NOT_RELEVANT b'1311871'
ACTION SNIPPET 10000 433 SNIPPET_NOT_RELEVANT b'1851522'
ACTION SNIPPET 10000 436 SNIPPET_RELEVANT b'1704562'
ACTION DOC 10000 456 EXAMINING_DOCUMENT b'1704562'
ACTION SNIPPET 10000 459 SNIPPET_NOT_RELEVANT b'1564015'
ACTION SNIPPET 10000 462 SEEN_PREVIOUSLY b'1426960'
ACTION SNIPPET 10000 465 SNIPPET_RELEVANT b'1105677'
ACTION DOC 10000 485 EXAMINING_DOCUMENT b'1105677'
ACTION SNIPPET 10000 488 SNIPPET_RELEVANT b'875708'
ACTION DOC 10000 508 EXAMINING_DOCUMENT b'875708'
ACTION MARK 10000 511 CONSIDERED_RELEVANT b'875708'
ACTION SNIPPET 10000 514 SNIPPET_RELEVANT b'822258'
ACTION DOC 10000 534 EXAMINING_DOCUMENT b'822258'
ACTION MARK 10000 537 CONSIDERED_RELEVANT b'822258'
ACTION SNIPPET 10000 540 SNIPPET_NOT_RELEVANT b'1850656'
ACTION QUERY 10000 550 oceanographic vessels systems
ACTION SERP 10000 555 EXAMINE_SERP
ACTION SNIPPET 10000 558 SNIPPET_RELEVANT b'1761722'
ACTION DOC 10000 578 EXAMINING_DOCUMENT b'1761722'
ACTION MARK 10000 581 CONSIDERED_RELEVANT b'1761722'
ACTION SNIPPET 10000 584 SNIPPET_NOT_RELEVANT b'1564015'
ACTION SNIPPET 10000 587 SEEN_PREVIOUSLY b'1426960'
ACTION SNIPPET 10000 590 SNIPPET_RELEVANT b'137558'
ACTION DOC 10000 610 EXAMINING_DOCUMENT b'137558'
ACTION SNIPPET 10000 613 SNIPPET_NOT_RELEVANT b'610519'
ACTION SNIPPET 10000 616 SNIPPET_RELEVANT b'632244'
ACTION DOC 10000 636 EXAMINING_DOCUMENT b'632244'
ACTION MARK 10000 639 CONSIDERED_RELEVANT b'632244'
ACTION SNIPPET 10000 642 SNIPPET_NOT_RELEVANT b'1785304'
ACTION SNIPPET 10000 645 SNIPPET_RELEVANT b'1849886'
ACTION DOC 10000 665 EXAMINING_DOCUMENT b'1849886'
ACTION MARK 10000 668 CONSIDERED_RELEVANT b'1849886'
ACTION SNIPPET 10000 671 SNIPPET_RELEVANT b'188200'
ACTION DOC 10000 691 EXAMINING_DOCUMENT b'188200'
ACTION SNIPPET 10000 694 SNIPPET_RELEVANT b'708056'
ACTION DOC 10000 714 EXAMINING_DOCUMENT b'708056'
ACTION MARK 10000 717 CONSIDERED_RELEVANT b'708056'
ACTION QUERY 10000 727 oceanographic vessels helped
ACTION SERP 10000 732 EXAMINE_SERP
ACTION SNIPPET 10000 735 SNIPPET_NOT_RELEVANT b'1564015'
ACTION SNIPPET 10000 738 SEEN_PREVIOUSLY b'1426960'
ACTION SNIPPET 10000 741 SNIPPET_NOT_RELEVANT b'1792658'
ACTION SNIPPET 10000 744 SNIPPET_RELEVANT b'1705267'
ACTION DOC 10000 764 EXAMINING_DOCUMENT b'1705267'
ACTION SNIPPET 10000 767 SNIPPET_NOT_RELEVANT b'572636'
ACTION SNIPPET 10000 770 SNIPPET_NOT_RELEVANT b'313524'
ACTION SNIPPET 10000 773 SNIPPET_RELEVANT b'500145'
ACTION DOC 10000 793 EXAMINING_DOCUMENT b'500145'
ACTION MARK 10000 796 CONSIDERED_RELEVANT b'500145'
ACTION SNIPPET 10000 799 SEEN_PREVIOUSLY b'137558'
ACTION SNIPPET 10000 802 SNIPPET_RELEVANT b'1785304'
ACTION DOC 10000 822 EXAMINING_DOCUMENT b'1785304'
ACTION SNIPPET 10000 825 SNIPPET_RELEVANT b'1725332'
ACTION DOC 10000 845 EXAMINING_DOCUMENT b'1725332'
ACTION MARK 10000 848 CONSIDERED_RELEVANT b'1725332'
ACTION QUERY 10000 858 oceanographic vessels back
ACTION SERP 10000 863 EXAMINE_SERP
ACTION SNIPPET 10000 866 SNIPPET_NOT_RELEVANT b'1564015'
ACTION SNIPPET 10000 869 SEEN_PREVIOUSLY b'1426960'
ACTION SNIPPET 10000 872 SEEN_PREVIOUSLY b'137558'
ACTION SNIPPET 10000 875 SEEN_PREVIOUSLY b'1785304'
ACTION SNIPPET 10000 878 SEEN_PREVIOUSLY b'1705267'
ACTION SNIPPET 10000 881 SNIPPET_RELEVANT b'344608'
ACTION DOC 10000 901 EXAMINING_DOCUMENT b'344608'
ACTION SNIPPET 10000 904 SNIPPET_RELEVANT b'1792658'
ACTION DOC 10000 924 EXAMINING_DOCUMENT b'1792658'
ACTION MARK 10000 927 CONSIDERED_RELEVANT b'1792658'
ACTION SNIPPET 10000 930 SNIPPET_RELEVANT b'572636'
ACTION DOC 10000 950 EXAMINING_DOCUMENT b'572636'
ACTION MARK 10000 953 CONSIDERED_RELEVANT b'572636'
ACTION SNIPPET 10000 956 SNIPPET_NOT_RELEVANT b'550328'
ACTION SNIPPET 10000 959 SNIPPET_NOT_RELEVANT b'313524'
ACTION QUERY 10000 969 oceanographic vessels run
ACTION SERP 10000 974 EXAMINE_SERP
ACTION SNIPPET 10000 977 SNIPPET_NOT_RELEVANT b'1564015'
ACTION SNIPPET 10000 980 SEEN_PREVIOUSLY b'1426960'
ACTION SNIPPET 10000 983 SEEN_PREVIOUSLY b'137558'
ACTION SNIPPET 10000 986 SEEN_PREVIOUSLY b'1705267'
ACTION SNIPPET 10000 989 SEEN_PREVIOUSLY b'344608'
ACTION SNIPPET 10000 992 SNIPPET_RELEVANT b'550328'
ACTION DOC 10000 1012 EXAMINING_DOCUMENT b'550328'
ACTION SNIPPET 10000 1015 SNIPPET_RELEVANT b'313524'
ACTION DOC 10000 1035 EXAMINING_DOCUMENT b'313524'
ACTION SNIPPET 10000 1038 SNIPPET_NOT_RELEVANT b'72488'
ACTION SNIPPET 10000 1041 SEEN_PREVIOUSLY b'1785304'
ACTION SNIPPET 10000 1044 SNIPPET_NOT_RELEVANT b'1193304'
ACTION QUERY 10000 1054 oceanographic vessels worked
ACTION SERP 10000 1059 EXAMINE_SERP
ACTION SNIPPET 10000 1062 SNIPPET_NOT_RELEVANT b'1564015'
ACTION SNIPPET 10000 1065 SEEN_PREVIOUSLY b'1426960'
ACTION SNIPPET 10000 1068 SEEN_PREVIOUSLY b'137558'
ACTION SNIPPET 10000 1071 SEEN_PREVIOUSLY b'1785304'
ACTION SNIPPET 10000 1074 SNIPPET_NOT_RELEVANT b'1193304'
ACTION SNIPPET 10000 1077 SEEN_PREVIOUSLY b'1705267'
ACTION SNIPPET 10000 1080 SEEN_PREVIOUSLY b'344608'
ACTION SNIPPET 10000 1083 SEEN_PREVIOUSLY b'550328'
ACTION SNIPPET 10000 1086 SEEN_PREVIOUSLY b'313524'
ACTION SNIPPET 10000 1089 SNIPPET_RELEVANT b'843759'
ACTION DOC 10000 1109 EXAMINING_DOCUMENT b'843759'
ACTION MARK 10000 1112 CONSIDERED_RELEVANT b'843759'
ACTION QUERY 10000 1122 oceanographic vessels state
ACTION SERP 10000 1127 EXAMINE_SERP
ACTION SNIPPET 10000 1130 SNIPPET_RELEVANT b'1564015'
ACTION DOC 10000 1150 EXAMINING_DOCUMENT b'1564015'
ACTION SNIPPET 10000 1153 SEEN_PREVIOUSLY b'1426960'
ACTION SNIPPET 10000 1156 SEEN_PREVIOUSLY b'137558'
ACTION SNIPPET 10000 1159 SEEN_PREVIOUSLY b'1705267'
ACTION SNIPPET 10000 1162 SNIPPET_NOT_RELEVANT b'1193304'
ACTION SNIPPET 10000 1165 SEEN_PREVIOUSLY b'313524'
ACTION SNIPPET 10000 1168 SEEN_PREVIOUSLY b'344608'
ACTION SNIPPET 10000 1171 SEEN_PREVIOUSLY b'1785304'
ACTION SNIPPET 10000 1174 SEEN_PREVIOUSLY b'550328'
ACTION SNIPPET 10000 1177 SNIPPET_RELEVANT b'23463'
ACTION DOC 10000 1197 EXAMINING_DOCUMENT b'23463'
ACTION QUERY 10000 1207 oceanographic vessels measuring
ACTION SERP 10000 1212 EXAMINE_SERP
ACTION SNIPPET 10000 1215 SEEN_PREVIOUSLY b'137558'
ACTION SNIPPET 10000 1218 SEEN_PREVIOUSLY b'1705267'
ACTION SNIPPET 10000 1221 SEEN_PREVIOUSLY b'1564015'
ACTION SNIPPET 10000 1224 SEEN_PREVIOUSLY b'1426960'
ACTION SNIPPET 10000 1227 SNIPPET_NOT_RELEVANT b'66945'
ACTION SNIPPET 10000 1230 SNIPPET_RELEVANT b'576730'
ACTION DOC 10000 1250 EXAMINING_DOCUMENT b'576730'
ACTION SNIPPET 10000 1253 SNIPPET_RELEVANT b'241193'
ACTION DOC 10000 1273 EXAMINING_DOCUMENT b'241193'
ACTION MARK 10000 1276 CONSIDERED_RELEVANT b'241193'
ACTION SNIPPET 10000 1279 SNIPPET_NOT_RELEVANT b'59228'
ACTION SNIPPET 10000 1282 SNIPPET_NOT_RELEVANT b'492257'
ACTION SNIPPET 10000 1285 SNIPPET_RELEVANT b'945413'
ACTION DOC 10000 1305 EXAMINING_DOCUMENT b'945413'
ACTION MARK 10000 1308 CONSIDERED_RELEVANT b'945413'
ACTION QUERY 10000 1318 oceanographic vessels window
ACTION SERP 10000 1323 EXAMINE_SERP
ACTION SNIPPET 10000 1326 SEEN_PREVIOUSLY b'1564015'
ACTION SNIPPET 10000 1329 SEEN_PREVIOUSLY b'1426960'
ACTION SNIPPET 10000 1332 SEEN_PREVIOUSLY b'137558'
ACTION SNIPPET 10000 1335 SEEN_PREVIOUSLY b'1705267'
ACTION SNIPPET 10000 1338 SEEN_PREVIOUSLY b'344608'
ACTION SNIPPET 10000 1341 SEEN_PREVIOUSLY b'550328'
ACTION SNIPPET 10000 1344 SEEN_PREVIOUSLY b'313524'
ACTION SNIPPET 10000 1347 SEEN_PREVIOUSLY b'1785304'
ACTION SNIPPET 10000 1350 SNIPPET_NOT_RELEVANT b'1193304'
ACTION SNIPPET 10000 1353 SNIPPET_NOT_RELEVANT b'1849105'
ACTION QUERY 10000 1363 oceanographic vessels name
ACTION SERP 10000 1368 EXAMINE_SERP
ACTION SNIPPET 10000 1371 SEEN_PREVIOUSLY b'1564015'
ACTION SNIPPET 10000 1374 SEEN_PREVIOUSLY b'1426960'
ACTION SNIPPET 10000 1377 SEEN_PREVIOUSLY b'1705267'
ACTION SNIPPET 10000 1380 SNIPPET_RELEVANT b'1193304'
ACTION DOC 10000 1400 EXAMINING_DOCUMENT b'1193304'
ACTION SNIPPET 10000 1403 SEEN_PREVIOUSLY b'137558'
ACTION SNIPPET 10000 1406 SEEN_PREVIOUSLY b'1785304'
ACTION SNIPPET 10000 1409 SEEN_PREVIOUSLY b'344608'
ACTION SNIPPET 10000 1412 SEEN_PREVIOUSLY b'550328'
ACTION SNIPPET 10000 1415 SEEN_PREVIOUSLY b'313524'
ACTION SNIPPET 10000 1418 SNIPPET_NOT_RELEVANT b'947404'
ACTION QUERY 10000 1428 oceanographic vessels safe
ACTION SERP 10000 1433 EXAMINE_SERP
ACTION SNIPPET 10000 1436 SEEN_PREVIOUSLY b'1564015'
ACTION SNIPPET 10000 1439 SEEN_PREVIOUSLY b'1426960'
ACTION SNIPPET 10000 1442 SNIPPET_RELEVANT b'66945'
ACTION DOC 10000 1462 EXAMINING_DOCUMENT b'66945'
ACTION MARK 10000 1465 CONSIDERED_RELEVANT b'66945'
ACTION SNIPPET 10000 1468 SNIPPET_RELEVANT b'59192'
ACTION DOC 10000 1488 EXAMINING_DOCUMENT b'59192'
ACTION MARK 10000 1491 CONSIDERED_RELEVANT b'59192'
ACTION SNIPPET 10000 1494 SNIPPET_RELEVANT b'65863'
ACTION DOC 10000 1514 EXAMINING_DOCUMENT b'65863'
ACTION MARK 10000 1517 CONSIDERED_RELEVANT b'65863'
ACTION SNIPPET 10000 1520 SNIPPET_RELEVANT b'331242'
ACTION DOC 10000 1540 EXAMINING_DOCUMENT b'331242'
ACTION SNIPPET 10000 1543 SNIPPET_RELEVANT b'371238'
ACTION DOC 10000 1563 EXAMINING_DOCUMENT b'371238'
ACTION SNIPPET 10000 1566 SEEN_PREVIOUSLY b'137558'
ACTION SNIPPET 10000 1569 SNIPPET_RELEVANT b'59228'
ACTION DOC 10000 1589 EXAMINING_DOCUMENT b'59228'
ACTION MARK 10000 1592 CONSIDERED_RELEVANT b'59228'
ACTION SNIPPET 10000 1595 SEEN_PREVIOUSLY b'1705267'
ACTION QUERY 10000 1605 oceanographic vessels year
ACTION SERP 10000 1610 EXAMINE_SERP
ACTION SNIPPET 10000 1613 SEEN_PREVIOUSLY b'1564015'
ACTION SNIPPET 10000 1616 SEEN_PREVIOUSLY b'1426960'
ACTION SNIPPET 10000 1619 SEEN_PREVIOUSLY b'137558'
ACTION SNIPPET 10000 1622 SEEN_PREVIOUSLY b'1705267'
ACTION SNIPPET 10000 1625 SEEN_PREVIOUSLY b'344608'
ACTION SNIPPET 10000 1628 SEEN_PREVIOUSLY b'550328'
ACTION SNIPPET 10000 1631 SEEN_PREVIOUSLY b'313524'
ACTION SNIPPET 10000 1634 SEEN_PREVIOUSLY b'1193304'
ACTION SNIPPET 10000 1637 SEEN_PREVIOUSLY b'1785304'
ACTION SNIPPET 10000 1640 SNIPPET_RELEVANT b'947404'
ACTION DOC 10000 1660 EXAMINING_DOCUMENT b'947404'
ACTION MARK 10000 1663 CONSIDERED_RELEVANT b'947404'
ACTION QUERY 10000 1673 oceanographic vessels venter
ACTION SERP 10000 1678 EXAMINE_SERP
ACTION SNIPPET 10000 1681 SEEN_PREVIOUSLY b'1564015'
ACTION SNIPPET 10000 1684 SEEN_PREVIOUSLY b'1426960'
ACTION SNIPPET 10000 1687 SNIPPET_NOT_RELEVANT b'872934'
ACTION SNIPPET 10000 1690 SNIPPET_RELEVANT b'1558856'
ACTION DOC 10000 1710 EXAMINING_DOCUMENT b'1558856'
ACTION SNIPPET 10000 1713 SNIPPET_NOT_RELEVANT b'1416066'
ACTION SNIPPET 10000 1716 SNIPPET_NOT_RELEVANT b'1387517'
ACTION SNIPPET 10000 1719 SNIPPET_RELEVANT b'1388285'
ACTION DOC 10000 1739 EXAMINING_DOCUMENT b'1388285'
ACTION SNIPPET 10000 1742 SNIPPET_NOT_RELEVANT b'1210664'
ACTION SNIPPET 10000 1745 SNIPPET_RELEVANT b'1040905'
ACTION DOC 10000 1765 EXAMINING_DOCUMENT b'1040905'
ACTION SNIPPET 10000 1768 SEEN_PREVIOUSLY b'137558'
ACTION QUERY 10000 1778 oceanographic vessels queen
ACTION SERP 10000 1783 EXAMINE_SERP
ACTION SNIPPET 10000 1786 SEEN_PREVIOUSLY b'550328'
ACTION SNIPPET 10000 1789 SEEN_PREVIOUSLY b'1564015'
ACTION SNIPPET 10000 1792 SEEN_PREVIOUSLY b'1426960'
ACTION SNIPPET 10000 1795 SEEN_PREVIOUSLY b'137558'
ACTION SNIPPET 10000 1798 SNIPPET_RELEVANT b'551077'
ACTION DOC 10000 1818 EXAMINING_DOCUMENT b'551077'
ACTION MARK 10000 1821 CONSIDERED_RELEVANT b'551077'
ACTION SNIPPET 10000 1824 SNIPPET_NOT_RELEVANT b'632636'
ACTION SNIPPET 10000 1827 SEEN_PREVIOUSLY b'1705267'
ACTION SNIPPET 10000 1830 SEEN_PREVIOUSLY b'344608'
ACTION SNIPPET 10000 1833 SEEN_PREVIOUSLY b'313524'
ACTION SNIPPET 10000 1836 SEEN_PREVIOUSLY b'1785304'
ACTION QUERY 10000 1846 oceanographic vessels inventor
ACTION SERP 10000 1851 EXAMINE_SERP
ACTION SNIPPET 10000 1854 SEEN_PREVIOUSLY b'188200'
ACTION SNIPPET 10000 1857 SEEN_PREVIOUSLY b'1564015'
ACTION SNIPPET 10000 1860 SNIPPET_RELEVANT b'240336'
ACTION DOC 10000 1880 EXAMINING_DOCUMENT b'240336'
ACTION SNIPPET 10000 1883 SEEN_PREVIOUSLY b'1426960'
ACTION SNIPPET 10000 1886 SNIPPET_RELEVANT b'1456172'
ACTION DOC 10000 1906 EXAMINING_DOCUMENT b'1456172'
ACTION SNIPPET 10000 1909 SNIPPET_NOT_RELEVANT b'264250'
ACTION SNIPPET 10000 1912 SNIPPET_NOT_RELEVANT b'190346'
ACTION SNIPPET 10000 1915 SNIPPET_NOT_RELEVANT b'163886'
ACTION SNIPPET 10000 1918 SNIPPET_NOT_RELEVANT b'322978'
ACTION SNIPPET 10000 1921 SEEN_PREVIOUSLY b'137558'
ACTION QUERY 10000 1931 oceanographic vessels lubricants
ACTION SERP 10000 1936 EXAMINE_SERP
ACTION SNIPPET 10000 1939 SNIPPET_RELEVANT b'322978'
ACTION DOC 10000 1959 EXAMINING_DOCUMENT b'322978'
ACTION SNIPPET 10000 1962 SNIPPET_NOT_RELEVANT b'78434'
ACTION SNIPPET 10000 1965 SEEN_PREVIOUSLY b'1564015'
ACTION SNIPPET 10000 1968 SEEN_PREVIOUSLY b'1426960'
ACTION SNIPPET 10000 1971 SEEN_PREVIOUSLY b'137558'
ACTION SNIPPET 10000 1974 SNIPPET_RELEVANT b'491348'
ACTION DOC 10000 1994 EXAMINING_DOCUMENT b'491348'
ACTION SNIPPET 10000 1997 SEEN_PREVIOUSLY b'1705267'
ACTION SNIPPET 10000 2000 SEEN_PREVIOUSLY b'344608'
ACTION SNIPPET 10000 2003 SNIPPET_RELEVANT b'896440'
ACTION DOC 10000 2023 EXAMINING_DOCUMENT b'896440'
ACTION SNIPPET 10000 2026 SEEN_PREVIOUSLY b'550328'
ACTION QUERY 10000 2036 oceanographic vessels replaced
ACTION SERP 10000 2041 EXAMINE_SERP
ACTION SNIPPET 10000 2044 SEEN_PREVIOUSLY b'1564015'
ACTION SNIPPET 10000 2047 SEEN_PREVIOUSLY b'1426960'
ACTION SNIPPET 10000 2050 SEEN_PREVIOUSLY b'137558'
ACTION SNIPPET 10000 2053 SEEN_PREVIOUSLY b'1705267'
ACTION SNIPPET 10000 2056 SEEN_PREVIOUSLY b'344608'
ACTION SNIPPET 10000 2059 SEEN_PREVIOUSLY b'550328'
ACTION SNIPPET 10000 2062 SEEN_PREVIOUSLY b'313524'
ACTION SNIPPET 10000 2065 SEEN_PREVIOUSLY b'1785304'
ACTION SNIPPET 10000 2068 SEEN_PREVIOUSLY b'1193304'
ACTION SNIPPET 10000 2071 SEEN_PREVIOUSLY b'23463'
ACTION QUERY 10000 2081 oceanographic vessels vascular
ACTION SERP 10000 2086 EXAMINE_SERP
ACTION SNIPPET 10000 2089 SNIPPET_RELEVANT b'204252'
ACTION DOC 10000 2109 EXAMINING_DOCUMENT b'204252'
ACTION SNIPPET 10000 2112 SNIPPET_RELEVANT b'972226'
ACTION DOC 10000 2132 EXAMINING_DOCUMENT b'972226'
ACTION SNIPPET 10000 2135 SNIPPET_NOT_RELEVANT b'1216531'
ACTION SNIPPET 10000 2138 SNIPPET_NOT_RELEVANT b'1657886'
ACTION SNIPPET 10000 2141 SNIPPET_NOT_RELEVANT b'1339211'
ACTION SNIPPET 10000 2144 SNIPPET_NOT_RELEVANT b'1506826'
ACTION SNIPPET 10000 2147 SNIPPET_RELEVANT b'1359802'
ACTION DOC 10000 2167 EXAMINING_DOCUMENT b'1359802'
ACTION SNIPPET 10000 2170 SNIPPET_NOT_RELEVANT b'184488'
ACTION SNIPPET 10000 2173 SNIPPET_RELEVANT b'1649055'
ACTION DOC 10000 2193 EXAMINING_DOCUMENT b'1649055'
ACTION SNIPPET 10000 2196 SNIPPET_RELEVANT b'1683576'
ACTION DOC 10000 2216 EXAMINING_DOCUMENT b'1683576'
ACTION QUERY 10000 2226 oceanographic vessels independent
ACTION SERP 10000 2231 EXAMINE_SERP
ACTION SNIPPET 10000 2234 SEEN_PREVIOUSLY b'1564015'
ACTION SNIPPET 10000 2237 SEEN_PREVIOUSLY b'1426960'
ACTION SNIPPET 10000 2240 SEEN_PREVIOUSLY b'1705267'
ACTION SNIPPET 10000 2243 SEEN_PREVIOUSLY b'137558'
ACTION SNIPPET 10000 2246 SEEN_PREVIOUSLY b'576730'
ACTION SNIPPET 10000 2249 SEEN_PREVIOUSLY b'344608'
ACTION SNIPPET 10000 2252 SEEN_PREVIOUSLY b'550328'
ACTION SNIPPET 10000 2255 SEEN_PREVIOUSLY b'313524'
ACTION SNIPPET 10000 2258 SEEN_PREVIOUSLY b'1785304'
ACTION SNIPPET 10000 2261 SEEN_PREVIOUSLY b'1193304'
ACTION QUERY 10000 2271 oceanographic vessels wrote
ACTION SERP 10000 2276 EXAMINE_SERP
ACTION SNIPPET 10000 2279 SEEN_PREVIOUSLY b'1564015'
ACTION SNIPPET 10000 2282 SEEN_PREVIOUSLY b'1426960'
ACTION SNIPPET 10000 2285 SEEN_PREVIOUSLY b'137558'
ACTION SNIPPET 10000 2288 SNIPPET_NOT_RELEVANT b'285488'
ACTION SNIPPET 10000 2291 SNIPPET_NOT_RELEVANT b'492257'
ACTION SNIPPET 10000 2294 SEEN_PREVIOUSLY b'1705267'
ACTION SNIPPET 10000 2297 SEEN_PREVIOUSLY b'344608'
ACTION SNIPPET 10000 2300 SEEN_PREVIOUSLY b'550328'
ACTION SNIPPET 10000 2303 SEEN_PREVIOUSLY b'313524'
ACTION SNIPPET 10000 2306 SEEN_PREVIOUSLY b'1785304'
ACTION QUERY 10000 2316 oceanographic vessels fail
ACTION SERP 10000 2321 EXAMINE_SERP
ACTION SNIPPET 10000 2324 SEEN_PREVIOUSLY b'1564015'
ACTION SNIPPET 10000 2327 SEEN_PREVIOUSLY b'1426960'
ACTION SNIPPET 10000 2330 SEEN_PREVIOUSLY b'137558'
ACTION SNIPPET 10000 2333 SNIPPET_NOT_RELEVANT b'1349153'
ACTION SNIPPET 10000 2336 SEEN_PREVIOUSLY b'1705267'
ACTION SNIPPET 10000 2339 SEEN_PREVIOUSLY b'344608'
ACTION SNIPPET 10000 2342 SEEN_PREVIOUSLY b'550328'
ACTION SNIPPET 10000 2345 SNIPPET_NOT_RELEVANT b'874402'
ACTION SNIPPET 10000 2348 SEEN_PREVIOUSLY b'313524'
ACTION SNIPPET 10000 2351 SEEN_PREVIOUSLY b'1785304'
ACTION QUERY 10000 2361 oceanographic vessels mythology
ACTION SERP 10000 2366 EXAMINE_SERP
ACTION SNIPPET 10000 2369 SEEN_PREVIOUSLY b'1564015'
ACTION SNIPPET 10000 2372 SEEN_PREVIOUSLY b'1426960'
ACTION SNIPPET 10000 2375 SNIPPET_NOT_RELEVANT b'491720'
ACTION SNIPPET 10000 2378 SEEN_PREVIOUSLY b'137558'
ACTION SNIPPET 10000 2381 SEEN_PREVIOUSLY b'1705267'
ACTION SNIPPET 10000 2384 SEEN_PREVIOUSLY b'344608'
ACTION SNIPPET 10000 2387 SEEN_PREVIOUSLY b'550328'
ACTION SNIPPET 10000 2390 SEEN_PREVIOUSLY b'313524'
ACTION SNIPPET 10000 2393 SEEN_PREVIOUSLY b'1785304'
ACTION SNIPPET 10000 2396 SEEN_PREVIOUSLY b'1193304'
ACTION QUERY 10000 2406 oceanographic vessels mcdowell
ACTION SERP 10000 2411 EXAMINE_SERP
ACTION SNIPPET 10000 2414 SEEN_PREVIOUSLY b'1564015'
ACTION SNIPPET 10000 2417 SEEN_PREVIOUSLY b'1426960'
ACTION SNIPPET 10000 2420 SEEN_PREVIOUSLY b'137558'
ACTION SNIPPET 10000 2423 SEEN_PREVIOUSLY b'1705267'
ACTION SNIPPET 10000 2426 SEEN_PREVIOUSLY b'344608'
ACTION SNIPPET 10000 2429 SEEN_PREVIOUSLY b'550328'
ACTION SNIPPET 10000 2432 SNIPPET_NOT_RELEVANT b'960872'
ACTION SNIPPET 10000 2435 SEEN_PREVIOUSLY b'313524'
ACTION SNIPPET 10000 2438 SEEN_PREVIOUSLY b'1785304'
ACTION SNIPPET 10000 2441 SEEN_PREVIOUSLY b'1193304'
ACTION QUERY 10000 2451 oceanographic vessels seas
ACTION SERP 10000 2456 EXAMINE_SERP
ACTION SNIPPET 10000 2459 SEEN_PREVIOUSLY b'1564015'
ACTION SNIPPET 10000 2462 SEEN_PREVIOUSLY b'1426960'
ACTION SNIPPET 10000 2465 SEEN_PREVIOUSLY b'137558'
ACTION SNIPPET 10000 2468 SEEN_PREVIOUSLY b'1705267'
ACTION SNIPPET 10000 2471 SNIPPET_RELEVANT b'260759'
ACTION DOC 10000 2491 EXAMINING_DOCUMENT b'260759'
ACTION MARK 10000 2494 CONSIDERED_RELEVANT b'260759'
ACTION SNIPPET 10000 2497 SNIPPET_RELEVANT b'1244235'
ACTION DOC 10000 2517 EXAMINING_DOCUMENT b'1244235'
ACTION MARK 10000 2520 CONSIDERED_RELEVANT b'1244235'
ACTION SNIPPET 10000 2523 SNIPPET_RELEVANT b'59321'
ACTION DOC 10000 2543 EXAMINING_DOCUMENT b'59321'
ACTION MARK 10000 2546 CONSIDERED_RELEVANT b'59321'
ACTION SNIPPET 10000 2549 SEEN_PREVIOUSLY b'1785304'
ACTION SNIPPET 10000 2552 SNIPPET_NOT_RELEVANT b'956507'
ACTION SNIPPET 10000 2555 SEEN_PREVIOUSLY b'313524'
ACTION QUERY 10000 2565 oceanographic vessels hole
ACTION SERP 10000 2570 EXAMINE_SERP
ACTION SNIPPET 10000 2573 SNIPPET_RELEVANT b'956507'
ACTION DOC 10000 2593 EXAMINING_DOCUMENT b'956507'
ACTION SNIPPET 10000 2596 SEEN_PREVIOUSLY b'1193304'
ACTION SNIPPET 10000 2599 SNIPPET_NOT_RELEVANT b'139509'
ACTION SNIPPET 10000 2602 SNIPPET_NOT_RELEVANT b'127656'
ACTION SNIPPET 10000 2605 SEEN_PREVIOUSLY b'550328'
ACTION SNIPPET 10000 2608 SNIPPET_RELEVANT b'246066'
ACTION DOC 10000 2628 EXAMINING_DOCUMENT b'246066'
ACTION MARK 10000 2631 CONSIDERED_RELEVANT b'246066'
ACTION SNIPPET 10000 2634 SEEN_PREVIOUSLY b'1564015'
ACTION SNIPPET 10000 2637 SNIPPET_NOT_RELEVANT b'495920'
ACTION SNIPPET 10000 2640 SNIPPET_RELEVANT b'1046708'
ACTION DOC 10000 2660 EXAMINING_DOCUMENT b'1046708'
ACTION SNIPPET 10000 2663 SEEN_PREVIOUSLY b'1426960'
ACTION QUERY 10000 2673 oceanographic vessels paul
ACTION SERP 10000 2678 EXAMINE_SERP
ACTION SNIPPET 10000 2681 SEEN_PREVIOUSLY b'1564015'
ACTION SNIPPET 10000 2684 SEEN_PREVIOUSLY b'1426960'
ACTION SNIPPET 10000 2687 SNIPPET_RELEVANT b'127656'
ACTION DOC 10000 2707 EXAMINING_DOCUMENT b'127656'
ACTION SNIPPET 10000 2710 SEEN_PREVIOUSLY b'137558'
ACTION SNIPPET 10000 2713 SEEN_PREVIOUSLY b'23463'
ACTION SNIPPET 10000 2716 SEEN_PREVIOUSLY b'1705267'
ACTION SNIPPET 10000 2719 SEEN_PREVIOUSLY b'344608'
ACTION SNIPPET 10000 2722 SEEN_PREVIOUSLY b'550328'
ACTION SNIPPET 10000 2725 SEEN_PREVIOUSLY b'313524'
ACTION SNIPPET 10000 2728 SEEN_PREVIOUSLY b'1785304'
ACTION QUERY 10000 2738 oceanographic vessels leads
ACTION SERP 10000 2743 EXAMINE_SERP
ACTION SNIPPET 10000 2746 SEEN_PREVIOUSLY b'1564015'
ACTION SNIPPET 10000 2749 SEEN_PREVIOUSLY b'1426960'
ACTION SNIPPET 10000 2752 SEEN_PREVIOUSLY b'137558'
ACTION SNIPPET 10000 2755 SEEN_PREVIOUSLY b'344608'
ACTION SNIPPET 10000 2758 SEEN_PREVIOUSLY b'313524'
ACTION SNIPPET 10000 2761 SEEN_PREVIOUSLY b'1705267'
ACTION SNIPPET 10000 2764 SEEN_PREVIOUSLY b'1785304'
ACTION SNIPPET 10000 2767 SEEN_PREVIOUSLY b'550328'
ACTION SNIPPET 10000 2770 SEEN_PREVIOUSLY b'1193304'
ACTION SNIPPET 10000 2773 SEEN_PREVIOUSLY b'23463'
ACTION QUERY 10000 2783 oceanographic vessels says
ACTION SERP 10000 2788 EXAMINE_SERP
ACTION SNIPPET 10000 2791 SEEN_PREVIOUSLY b'1564015'
ACTION SNIPPET 10000 2794 SEEN_PREVIOUSLY b'1426960'
ACTION SNIPPET 10000 2797 SEEN_PREVIOUSLY b'137558'
ACTION SNIPPET 10000 2800 SEEN_PREVIOUSLY b'344608'
ACTION SNIPPET 10000 2803 SEEN_PREVIOUSLY b'1705267'
ACTION SNIPPET 10000 2806 SEEN_PREVIOUSLY b'550328'
ACTION SNIPPET 10000 2809 SEEN_PREVIOUSLY b'313524'
ACTION SNIPPET 10000 2812 SEEN_PREVIOUSLY b'23463'
ACTION SNIPPET 10000 2815 SEEN_PREVIOUSLY b'1785304'
ACTION SNIPPET 10000 2818 SEEN_PREVIOUSLY b'1193304'
ACTION QUERY 10000 2828 oceanographic vessels recalled
ACTION SERP 10000 2833 EXAMINE_SERP
ACTION SNIPPET 10000 2836 SEEN_PREVIOUSLY b'137558'
ACTION SNIPPET 10000 2839 SEEN_PREVIOUSLY b'1564015'
ACTION SNIPPET 10000 2842 SEEN_PREVIOUSLY b'1426960'
ACTION SNIPPET 10000 2845 SNIPPET_NOT_RELEVANT b'1081584'
ACTION SNIPPET 10000 2848 SEEN_PREVIOUSLY b'1705267'
ACTION SNIPPET 10000 2851 SEEN_PREVIOUSLY b'344608'
ACTION SNIPPET 10000 2854 SEEN_PREVIOUSLY b'550328'
ACTION SNIPPET 10000 2857 SEEN_PREVIOUSLY b'313524'
ACTION SNIPPET 10000 2860 SEEN_PREVIOUSLY b'1785304'
ACTION SNIPPET 10000 2863 SEEN_PREVIOUSLY b'1193304'
ACTION QUERY 10000 2873 oceanographic vessels dick
ACTION SERP 10000 2878 EXAMINE_SERP
ACTION SNIPPET 10000 2881 SEEN_PREVIOUSLY b'1564015'
ACTION SNIPPET 10000 2884 SEEN_PREVIOUSLY b'1426960'
ACTION SNIPPET 10000 2887 SEEN_PREVIOUSLY b'137558'
ACTION SNIPPET 10000 2890 SEEN_PREVIOUSLY b'1705267'
ACTION SNIPPET 10000 2893 SEEN_PREVIOUSLY b'344608'
ACTION SNIPPET 10000 2896 SNIPPET_NOT_RELEVANT b'1081584'
ACTION SNIPPET 10000 2899 SEEN_PREVIOUSLY b'550328'
ACTION SNIPPET 10000 2902 SEEN_PREVIOUSLY b'313524'
ACTION SNIPPET 10000 2905 SEEN_PREVIOUSLY b'1785304'
ACTION SNIPPET 10000 2908 SEEN_PREVIOUSLY b'1193304'
ACTION QUERY 10000 2918 oceanographic vessels seafloors
ACTION SERP 10000 2923 EXAMINE_SERP
ACTION SNIPPET 10000 2926 SEEN_PREVIOUSLY b'1785304'
ACTION SNIPPET 10000 2929 SNIPPET_RELEVANT b'1496241'
ACTION DOC 10000 2949 EXAMINING_DOCUMENT b'1496241'
ACTION MARK 10000 2952 CONSIDERED_RELEVANT b'1496241'
ACTION SNIPPET 10000 2955 SNIPPET_RELEVANT b'1501222'
ACTION DOC 10000 2975 EXAMINING_DOCUMENT b'1501222'
ACTION MARK 10000 2978 CONSIDERED_RELEVANT b'1501222'
ACTION SNIPPET 10000 2981 SNIPPET_RELEVANT b'1772808'
ACTION DOC 10000 3001 EXAMINING_DOCUMENT b'1772808'
ACTION SNIPPET 10000 3004 SNIPPET_RELEVANT b'1387801'
ACTION DOC 10000 3024 EXAMINING_DOCUMENT b'1387801'
ACTION MARK 10000 3027 CONSIDERED_RELEVANT b'1387801'
ACTION SNIPPET 10000 3030 SNIPPET_RELEVANT b'1692674'
ACTION DOC 10000 3050 EXAMINING_DOCUMENT b'1692674'
ACTION MARK 10000 3053 CONSIDERED_RELEVANT b'1692674'
ACTION SNIPPET 10000 3056 SNIPPET_NOT_RELEVANT b'1406825'
ACTION SNIPPET 10000 3059 SNIPPET_RELEVANT b'569209'
ACTION DOC 10000 3079 EXAMINING_DOCUMENT b'569209'
ACTION MARK 10000 3082 CONSIDERED_RELEVANT b'569209'
ACTION SNIPPET 10000 3085 SEEN_PREVIOUSLY b'1564015'
ACTION SNIPPET 10000 3088 SEEN_PREVIOUSLY b'1426960'
ACTION QUERY 10000 3098 oceanographic vessels shorelines
ACTION SERP 10000 3103 EXAMINE_SERP
ACTION SNIPPET 10000 3106 SEEN_PREVIOUSLY b'331242'
ACTION SNIPPET 10000 3109 SEEN_PREVIOUSLY b'313524'
ACTION SNIPPET 10000 3112 SEEN_PREVIOUSLY b'1193304'
ACTION SNIPPET 10000 3115 SNIPPET_RELEVANT b'238454'
ACTION DOC 10000 3135 EXAMINING_DOCUMENT b'238454'
ACTION SNIPPET 10000 3138 SNIPPET_NOT_RELEVANT b'745137'
ACTION SNIPPET 10000 3141 SEEN_PREVIOUSLY b'1564015'
ACTION SNIPPET 10000 3144 SEEN_PREVIOUSLY b'1426960'
ACTION SNIPPET 10000 3147 SNIPPET_RELEVANT b'139511'
ACTION DOC 10000 3167 EXAMINING_DOCUMENT b'139511'
ACTION SNIPPET 10000 3170 SNIPPET_RELEVANT b'173074'
ACTION DOC 10000 3190 EXAMINING_DOCUMENT b'173074'
ACTION SNIPPET 10000 3193 SNIPPET_RELEVANT b'1707985'
ACTION DOC 10000 3213 EXAMINING_DOCUMENT b'1707985'
ACTION QUERY 10000 3223 oceanographic vessels medically
ACTION SERP 10000 3228 EXAMINE_SERP
ACTION SNIPPET 10000 3231 SEEN_PREVIOUSLY b'1564015'
ACTION SNIPPET 10000 3234 SEEN_PREVIOUSLY b'1426960'
ACTION SNIPPET 10000 3237 SEEN_PREVIOUSLY b'137558'
ACTION SNIPPET 10000 3240 SNIPPET_NOT_RELEVANT b'1788948'
ACTION SNIPPET 10000 3243 SEEN_PREVIOUSLY b'1705267'
ACTION SNIPPET 10000 3246 SEEN_PREVIOUSLY b'344608'
ACTION SNIPPET 10000 3249 SEEN_PREVIOUSLY b'550328'
ACTION SNIPPET 10000 3252 SNIPPET_RELEVANT b'287354'
ACTION DOC 10000 3272 EXAMINING_DOCUMENT b'287354'
ACTION SNIPPET 10000 3275 SEEN_PREVIOUSLY b'313524'
ACTION SNIPPET 10000 3278 SEEN_PREVIOUSLY b'1785304'
ACTION QUERY 10000 3288 oceanographic vessels architectural
ACTION SERP 10000 3293 EXAMINE_SERP
ACTION SNIPPET 10000 3296 SEEN_PREVIOUSLY b'238454'
ACTION SNIPPET 10000 3299 SEEN_PREVIOUSLY b'1564015'
ACTION SNIPPET 10000 3302 SEEN_PREVIOUSLY b'1426960'
ACTION SNIPPET 10000 3305 SNIPPET_RELEVANT b'632636'
ACTION DOC 10000 3325 EXAMINING_DOCUMENT b'632636'
ACTION SNIPPET 10000 3328 SEEN_PREVIOUSLY b'137558'
ACTION SNIPPET 10000 3331 SEEN_PREVIOUSLY b'576730'
ACTION SNIPPET 10000 3334 SEEN_PREVIOUSLY b'1705267'
ACTION SNIPPET 10000 3337 SEEN_PREVIOUSLY b'344608'
ACTION SNIPPET 10000 3340 SEEN_PREVIOUSLY b'550328'
ACTION SNIPPET 10000 3343 SEEN_PREVIOUSLY b'313524'
ACTION QUERY 10000 3353 oceanographic vessels schalk
ACTION SERP 10000 3358 EXAMINE_SERP
ACTION SNIPPET 10000 3361 SNIPPET_NOT_RELEVANT b'745137'
ACTION SNIPPET 10000 3364 SNIPPET_RELEVANT b'282409'
ACTION DOC 10000 3384 EXAMINING_DOCUMENT b'282409'
ACTION SNIPPET 10000 3387 SEEN_PREVIOUSLY b'1564015'
ACTION SNIPPET 10000 3390 SEEN_PREVIOUSLY b'1426960'
ACTION SNIPPET 10000 3393 SNIPPET_NOT_RELEVANT b'1847805'
ACTION SNIPPET 10000 3396 SNIPPET_NOT_RELEVANT b'1848013'
ACTION SNIPPET 10000 3399 SEEN_PREVIOUSLY b'137558'
ACTION SNIPPET 10000 3402 SEEN_PREVIOUSLY b'1705267'
ACTION SNIPPET 10000 3405 SEEN_PREVIOUSLY b'344608'
ACTION SNIPPET 10000 3408 SNIPPET_NOT_RELEVANT b'1849364'
ACTION QUERY 10000 3418 oceanographic vessels moore
ACTION SERP 10000 3423 EXAMINE_SERP
ACTION SNIPPET 10000 3426 SEEN_PREVIOUSLY b'137558'
ACTION SNIPPET 10000 3429 SNIPPET_NOT_RELEVANT b'752257'
ACTION SNIPPET 10000 3432 SEEN_PREVIOUSLY b'1564015'
ACTION SNIPPET 10000 3435 SEEN_PREVIOUSLY b'1426960'
ACTION SNIPPET 10000 3438 SEEN_PREVIOUSLY b'491348'
ACTION SNIPPET 10000 3441 SNIPPET_NOT_RELEVANT b'60625'
ACTION SNIPPET 10000 3444 SNIPPET_NOT_RELEVANT b'70720'
ACTION SNIPPET 10000 3447 SEEN_PREVIOUSLY b'1705267'
ACTION SNIPPET 10000 3450 SEEN_PREVIOUSLY b'344608'
ACTION SNIPPET 10000 3453 SNIPPET_RELEVANT b'326191'
ACTION DOC 10000 3473 EXAMINING_DOCUMENT b'326191'
ACTION QUERY 10000 3483 oceanographic vessels treated
ACTION SERP 10000 3488 EXAMINE_SERP
ACTION SNIPPET 10000 3491 SEEN_PREVIOUSLY b'1564015'
ACTION SNIPPET 10000 3494 SEEN_PREVIOUSLY b'1426960'
ACTION SNIPPET 10000 3497 SEEN_PREVIOUSLY b'137558'
ACTION SNIPPET 10000 3500 SEEN_PREVIOUSLY b'1705267'
ACTION SNIPPET 10000 3503 SEEN_PREVIOUSLY b'344608'
ACTION SNIPPET 10000 3506 SEEN_PREVIOUSLY b'550328'
ACTION SNIPPET 10000 3509 SEEN_PREVIOUSLY b'313524'
ACTION SNIPPET 10000 3512 SEEN_PREVIOUSLY b'1785304'
ACTION SNIPPET 10000 3515 SEEN_PREVIOUSLY b'1193304'
ACTION SNIPPET 10000 3518 SNIPPET_RELEVANT b'266702'
ACTION DOC 10000 3538 EXAMINING_DOCUMENT b'266702'
ACTION QUERY 10000 3548 oceanographic vessels states
ACTION SERP 10000 3553 EXAMINE_SERP
ACTION SNIPPET 10000 3556 SEEN_PREVIOUSLY b'1564015'
ACTION SNIPPET 10000 3559 SEEN_PREVIOUSLY b'1426960'
ACTION SNIPPET 10000 3562 SEEN_PREVIOUSLY b'137558'
ACTION SNIPPET 10000 3565 SEEN_PREVIOUSLY b'1705267'
ACTION SNIPPET 10000 3568 SEEN_PREVIOUSLY b'1193304'
ACTION SNIPPET 10000 3571 SEEN_PREVIOUSLY b'313524'
ACTION SNIPPET 10000 3574 SEEN_PREVIOUSLY b'344608'
ACTION SNIPPET 10000 3577 SEEN_PREVIOUSLY b'1785304'
ACTION SNIPPET 10000 3580 SEEN_PREVIOUSLY b'550328'
ACTION SNIPPET 10000 3583 SEEN_PREVIOUSLY b'23463'
ACTION QUERY 10000 3593 oceanographic vessels weart
ACTION SERP 10000 3598 EXAMINE_SERP
ACTION SNIPPET 10000 3601 SNIPPET_RELEVANT b'1081584'
ACTION DOC 10000 3621 EXAMINING_DOCUMENT b'1081584'
ACTION MARK 10000 3624 CONSIDERED_RELEVANT b'1081584'
ACTION SNIPPET 10000 3627 SNIPPET_NOT_RELEVANT b'1524653'
ACTION SNIPPET 10000 3630 SNIPPET_RELEVANT b'502860'
ACTION DOC 10000 3650 EXAMINING_DOCUMENT b'502860'
ACTION SNIPPET 10000 3653 SNIPPET_RELEVANT b'1047633'
ACTION DOC 10000 3673 EXAMINING_DOCUMENT b'1047633'
ACTION SNIPPET 10000 3676 SNIPPET_RELEVANT b'140225'
ACTION DOC 10000 3696 EXAMINING_DOCUMENT b'140225'
ACTION SNIPPET 10000 3699 SNIPPET_RELEVANT b'1054759'
ACTION DOC 10000 3719 EXAMINING_DOCUMENT b'1054759'
ACTION SNIPPET 10000 3722 SNIPPET_NOT_RELEVANT b'140862'
ACTION SNIPPET 10000 3725 SEEN_PREVIOUSLY b'1564015'
ACTION SNIPPET 10000 3728 SEEN_PREVIOUSLY b'1426960'
ACTION SNIPPET 10000 3731 SEEN_PREVIOUSLY b'137558'
ACTION QUERY 10000 3741 oceanographic vessels reporter
ACTION SERP 10000 3746 EXAMINE_SERP
ACTION SNIPPET 10000 3749 SEEN_PREVIOUSLY b'1426960'
ACTION SNIPPET 10000 3752 SEEN_PREVIOUSLY b'1564015'
ACTION SNIPPET 10000 3755 SEEN_PREVIOUSLY b'137558'
ACTION SNIPPET 10000 3758 SEEN_PREVIOUSLY b'550328'
ACTION SNIPPET 10000 3761 SEEN_PREVIOUSLY b'313524'
ACTION SNIPPET 10000 3764 SEEN_PREVIOUSLY b'1785304'
ACTION SNIPPET 10000 3767 SEEN_PREVIOUSLY b'1705267'
ACTION SNIPPET 10000 3770 SEEN_PREVIOUSLY b'344608'
ACTION SNIPPET 10000 3773 SNIPPET_RELEVANT b'263223'
ACTION DOC 10000 3793 EXAMINING_DOCUMENT b'263223'
ACTION MARK 10000 3796 CONSIDERED_RELEVANT b'263223'
ACTION SNIPPET 10000 3799 SEEN_PREVIOUSLY b'1193304'
ACTION QUERY 10000 3809 oceanographic vessels propose
ACTION SERP 10000 3814 EXAMINE_SERP
ACTION SNIPPET 10000 3817 SEEN_PREVIOUSLY b'1564015'
ACTION SNIPPET 10000 3820 SEEN_PREVIOUSLY b'1426960'
ACTION SNIPPET 10000 3823 SEEN_PREVIOUSLY b'137558'
ACTION SNIPPET 10000 3826 SEEN_PREVIOUSLY b'1705267'
ACTION SNIPPET 10000 3829 SEEN_PREVIOUSLY b'344608'
ACTION SNIPPET 10000 3832 SEEN_PREVIOUSLY b'550328'
ACTION SNIPPET 10000 3835 SEEN_PREVIOUSLY b'313524'
ACTION SNIPPET 10000 3838 SEEN_PREVIOUSLY b'1785304'
ACTION SNIPPET 10000 3841 SEEN_PREVIOUSLY b'1193304'
ACTION SNIPPET 10000 3844 SNIPPET_RELEVANT b'396767'
ACTION DOC 10000 3864 EXAMINING_DOCUMENT b'396767'
ACTION QUERY 10000 3874 oceanographic vessels research
ACTION SERP 10000 3879 EXAMINE_SERP
ACTION SNIPPET 10000 3882 SEEN_PREVIOUSLY b'1564015'
ACTION SNIPPET 10000 3885 SEEN_PREVIOUSLY b'137558'
ACTION SNIPPET 10000 3888 SEEN_PREVIOUSLY b'1426960'
ACTION SNIPPET 10000 3891 SEEN_PREVIOUSLY b'1785304'
ACTION SNIPPET 10000 3894 SEEN_PREVIOUSLY b'1705267'
ACTION SNIPPET 10000 3897 SEEN_PREVIOUSLY b'1193304'
ACTION SNIPPET 10000 3900 SEEN_PREVIOUSLY b'956507'
ACTION SNIPPET 10000 3903 SNIPPET_RELEVANT b'1349153'
ACTION DOC 10000 3923 EXAMINING_DOCUMENT b'1349153'
ACTION MARK 10000 3926 CONSIDERED_RELEVANT b'1349153'
ACTION SNIPPET 10000 3929 SNIPPET_RELEVANT b'285488'
ACTION DOC 10000 3949 EXAMINING_DOCUMENT b'285488'
ACTION MARK 10000 3952 CONSIDERED_RELEVANT b'285488'
ACTION SNIPPET 10000 3955 SNIPPET_NOT_RELEVANT b'72488'
ACTION QUERY 10000 3965 oceanographic vessels advantage
ACTION SERP 10000 3970 EXAMINE_SERP
ACTION SNIPPET 10000 3973 SEEN_PREVIOUSLY b'1564015'
ACTION SNIPPET 10000 3976 SEEN_PREVIOUSLY b'1426960'
ACTION SNIPPET 10000 3979 SEEN_PREVIOUSLY b'137558'
ACTION SNIPPET 10000 3982 SEEN_PREVIOUSLY b'1705267'
ACTION SNIPPET 10000 3985 SEEN_PREVIOUSLY b'344608'
ACTION SNIPPET 10000 3988 SEEN_PREVIOUSLY b'550328'
ACTION SNIPPET 10000 3991 SEEN_PREVIOUSLY b'313524'
ACTION SNIPPET 10000 3994 SEEN_PREVIOUSLY b'1785304'
ACTION SNIPPET 10000 3997 SEEN_PREVIOUSLY b'1193304'
ACTION SNIPPET 10000 4000 SEEN_PREVIOUSLY b'173074'
ACTION QUERY 10000 4010 oceanographic vessels froehlich
ACTION SERP 10000 4015 EXAMINE_SERP
ACTION SNIPPET 10000 4018 SEEN_PREVIOUSLY b'1564015'
ACTION SNIPPET 10000 4021 SEEN_PREVIOUSLY b'1426960'
ACTION SNIPPET 10000 4024 SNIPPET_RELEVANT b'759556'
ACTION DOC 10000 4044 EXAMINING_DOCUMENT b'759556'
ACTION SNIPPET 10000 4047 SNIPPET_NOT_RELEVANT b'961826'
ACTION SNIPPET 10000 4050 SNIPPET_RELEVANT b'1363180'
ACTION DOC 10000 4070 EXAMINING_DOCUMENT b'1363180'
ACTION SNIPPET 10000 4073 SNIPPET_NOT_RELEVANT b'1201331'
ACTION SNIPPET 10000 4076 SEEN_PREVIOUSLY b'137558'
ACTION SNIPPET 10000 4079 SNIPPET_RELEVANT b'1794014'
ACTION DOC 10000 4099 EXAMINING_DOCUMENT b'1794014'
ACTION SNIPPET 10000 4102 SNIPPET_NOT_RELEVANT b'1210201'
ACTION SNIPPET 10000 4105 SNIPPET_NOT_RELEVANT b'756878'
ACTION QUERY 10000 4115 oceanographic vessels plant
ACTION SERP 10000 4120 EXAMINE_SERP
ACTION SNIPPET 10000 4123 SEEN_PREVIOUSLY b'1564015'
ACTION SNIPPET 10000 4126 SEEN_PREVIOUSLY b'1426960'
ACTION SNIPPET 10000 4129 SEEN_PREVIOUSLY b'137558'
ACTION SNIPPET 10000 4132 SEEN_PREVIOUSLY b'188200'
ACTION SNIPPET 10000 4135 SNIPPET_NOT_RELEVANT b'1844281'
ACTION SNIPPET 10000 4138 SEEN_PREVIOUSLY b'1705267'
ACTION SNIPPET 10000 4141 SEEN_PREVIOUSLY b'344608'
ACTION SNIPPET 10000 4144 SEEN_PREVIOUSLY b'550328'
ACTION SNIPPET 10000 4147 SEEN_PREVIOUSLY b'313524'
ACTION SNIPPET 10000 4150 SNIPPET_RELEVANT b'272889'
ACTION DOC 10000 4170 EXAMINING_DOCUMENT b'272889'
ACTION QUERY 10000 4180 oceanographic vessels device
ACTION SERP 10000 4185 EXAMINE_SERP
ACTION SNIPPET 10000 4188 SEEN_PREVIOUSLY b'1564015'
ACTION SNIPPET 10000 4191 SEEN_PREVIOUSLY b'1426960'
ACTION SNIPPET 10000 4194 SNIPPET_RELEVANT b'279254'
ACTION DOC 10000 4214 EXAMINING_DOCUMENT b'279254'
ACTION MARK 10000 4217 CONSIDERED_RELEVANT b'279254'
ACTION SNIPPET 10000 4220 SEEN_PREVIOUSLY b'137558'
ACTION SNIPPET 10000 4223 SNIPPET_NOT_RELEVANT b'874402'
ACTION SNIPPET 10000 4226 SEEN_PREVIOUSLY b'1705267'
ACTION SNIPPET 10000 4229 SNIPPET_NOT_RELEVANT b'336265'
ACTION SNIPPET 10000 4232 SNIPPET_NOT_RELEVANT b'609173'
ACTION SNIPPET 10000 4235 SEEN_PREVIOUSLY b'1683576'
ACTION SNIPPET 10000 4238 SEEN_PREVIOUSLY b'344608'
ACTION QUERY 10000 4248 oceanographic vessels thyme
ACTION SERP 10000 4253 EXAMINE_SERP
ACTION SNIPPET 10000 4256 SEEN_PREVIOUSLY b'1564015'
ACTION SNIPPET 10000 4259 SEEN_PREVIOUSLY b'1426960'
ACTION SNIPPET 10000 4262 SEEN_PREVIOUSLY b'137558'
ACTION SNIPPET 10000 4265 SEEN_PREVIOUSLY b'1705267'
ACTION SNIPPET 10000 4268 SEEN_PREVIOUSLY b'344608'
ACTION SNIPPET 10000 4271 SEEN_PREVIOUSLY b'550328'
ACTION SNIPPET 10000 4274 SEEN_PREVIOUSLY b'313524'
ACTION SNIPPET 10000 4277 SEEN_PREVIOUSLY b'1785304'
ACTION SNIPPET 10000 4280 SEEN_PREVIOUSLY b'1193304'
ACTION SNIPPET 10000 4283 SEEN_PREVIOUSLY b'23463'
ACTION QUERY 10000 4293 oceanographic vessels race
ACTION SERP 10000 4298 EXAMINE_SERP
ACTION SNIPPET 10000 4301 SEEN_PREVIOUSLY b'1564015'
ACTION SNIPPET 10000 4304 SEEN_PREVIOUSLY b'1426960'
ACTION SNIPPET 10000 4307 SEEN_PREVIOUSLY b'137558'
ACTION SNIPPET 10000 4310 SEEN_PREVIOUSLY b'1705267'
ACTION SNIPPET 10000 4313 SEEN_PREVIOUSLY b'344608'
ACTION SNIPPET 10000 4316 SEEN_PREVIOUSLY b'550328'
ACTION SNIPPET 10000 4319 SEEN_PREVIOUSLY b'313524'
ACTION SNIPPET 10000 4322 SNIPPET_NOT_RELEVANT b'1349160'
ACTION SNIPPET 10000 4325 SEEN_PREVIOUSLY b'1785304'
ACTION SNIPPET 10000 4328 SEEN_PREVIOUSLY b'1193304'
ACTION QUERY 10000 4338 oceanographic vessels diving
ACTION SERP 10000 4343 EXAMINE_SERP
ACTION SNIPPET 10000 4346 SNIPPET_NOT_RELEVANT b'1574510'
ACTION SNIPPET 10000 4349 SNIPPET_NOT_RELEVANT b'1219100'
ACTION SNIPPET 10000 4352 SNIPPET_NOT_RELEVANT b'335852'
ACTION SNIPPET 10000 4355 SNIPPET_NOT_RELEVANT b'72488'
ACTION SNIPPET 10000 4358 SEEN_PREVIOUSLY b'1564015'
ACTION SNIPPET 10000 4361 SEEN_PREVIOUSLY b'1426960'
ACTION SNIPPET 10000 4364 SNIPPET_RELEVANT b'625542'
ACTION DOC 10000 4384 EXAMINING_DOCUMENT b'625542'
ACTION MARK 10000 4387 CONSIDERED_RELEVANT b'625542'
ACTION SNIPPET 10000 4390 SEEN_PREVIOUSLY b'396767'
ACTION SNIPPET 10000 4393 SEEN_PREVIOUSLY b'137558'
ACTION SNIPPET 10000 4396 SNIPPET_NOT_RELEVANT b'1332496'
ACTION QUERY 10000 4406 oceanographic vessels hearing
ACTION SERP 10000 4411 EXAMINE_SERP
ACTION SNIPPET 10000 4414 SEEN_PREVIOUSLY b'550328'
ACTION SNIPPET 10000 4417 SEEN_PREVIOUSLY b'1564015'
ACTION SNIPPET 10000 4420 SEEN_PREVIOUSLY b'1426960'
ACTION SNIPPET 10000 4423 SEEN_PREVIOUSLY b'137558'
ACTION SNIPPET 10000 4426 SEEN_PREVIOUSLY b'396767'
ACTION SNIPPET 10000 4429 SEEN_PREVIOUSLY b'1705267'
ACTION SNIPPET 10000 4432 SEEN_PREVIOUSLY b'344608'
ACTION SNIPPET 10000 4435 SEEN_PREVIOUSLY b'313524'
ACTION SNIPPET 10000 4438 SEEN_PREVIOUSLY b'1785304'
ACTION SNIPPET 10000 4441 SEEN_PREVIOUSLY b'1193304'
ACTION QUERY 10000 4451 oceanographic vessels xs
ACTION SERP 10000 4456 EXAMINE_SERP
ACTION SNIPPET 10000 4459 SEEN_PREVIOUSLY b'1564015'
ACTION SNIPPET 10000 4462 SEEN_PREVIOUSLY b'1426960'
ACTION SNIPPET 10000 4465 SNIPPET_NOT_RELEVANT b'897776'
ACTION SNIPPET 10000 4468 SEEN_PREVIOUSLY b'137558'
ACTION SNIPPET 10000 4471 SEEN_PREVIOUSLY b'1705267'
ACTION SNIPPET 10000 4474 SEEN_PREVIOUSLY b'344608'
ACTION SNIPPET 10000 4477 SNIPPET_NOT_RELEVANT b'905514'
ACTION SNIPPET 10000 4480 SNIPPET_RELEVANT b'905608'
ACTION DOC 10000 4500 EXAMINING_DOCUMENT b'905608'
ACTION SNIPPET 10000 4503 SEEN_PREVIOUSLY b'550328'
ACTION SNIPPET 10000 4506 SEEN_PREVIOUSLY b'313524'
ACTION QUERY 10000 4516 oceanographic vessels universe
ACTION SERP 10000 4521 EXAMINE_SERP
ACTION SNIPPET 10000 4524 SEEN_PREVIOUSLY b'1564015'
ACTION SNIPPET 10000 4527 SEEN_PREVIOUSLY b'1426960'
ACTION SNIPPET 10000 4530 SEEN_PREVIOUSLY b'137558'
ACTION SNIPPET 10000 4533 SEEN_PREVIOUSLY b'1785304'
ACTION SNIPPET 10000 4536 SEEN_PREVIOUSLY b'1705267'
ACTION SNIPPET 10000 4539 SNIPPET_NOT_RELEVANT b'304786'
ACTION SNIPPET 10000 4542 SNIPPET_RELEVANT b'1574510'
ACTION DOC 10000 4562 EXAMINING_DOCUMENT b'1574510'
ACTION SNIPPET 10000 4565 SNIPPET_NOT_RELEVANT b'610519'
ACTION SNIPPET 10000 4568 SEEN_PREVIOUSLY b'344608'
ACTION SNIPPET 10000 4571 SEEN_PREVIOUSLY b'550328'
ACTION QUERY 10000 4581 oceanographic vessels break
ACTION SERP 10000 4586 EXAMINE_SERP
ACTION SNIPPET 10000 4589 SEEN_PREVIOUSLY b'1564015'
ACTION SNIPPET 10000 4592 SEEN_PREVIOUSLY b'1426960'
ACTION SNIPPET 10000 4595 SEEN_PREVIOUSLY b'1705267'
ACTION SNIPPET 10000 4598 SEEN_PREVIOUSLY b'137558'
ACTION SNIPPET 10000 4601 SEEN_PREVIOUSLY b'23463'
ACTION SNIPPET 10000 4604 SEEN_PREVIOUSLY b'344608'
ACTION SNIPPET 10000 4607 SEEN_PREVIOUSLY b'550328'
ACTION SNIPPET 10000 4610 SNIPPET_RELEVANT b'874402'
ACTION DOC 10000 4630 EXAMINING_DOCUMENT b'874402'
ACTION MARK 10000 4633 CONSIDERED_RELEVANT b'874402'
ACTION SNIPPET 10000 4636 SEEN_PREVIOUSLY b'313524'
ACTION SNIPPET 10000 4639 SEEN_PREVIOUSLY b'1785304'
ACTION QUERY 10000 4649 oceanographic vessels der
ACTION SERP 10000 4654 EXAMINE_SERP
ACTION SNIPPET 10000 4657 SEEN_PREVIOUSLY b'287354'
ACTION SNIPPET 10000 4660 SNIPPET_NOT_RELEVANT b'1118864'
ACTION SNIPPET 10000 4663 SEEN_PREVIOUSLY b'1564015'
ACTION SNIPPET 10000 4666 SEEN_PREVIOUSLY b'1426960'
ACTION SNIPPET 10000 4669 SEEN_PREVIOUSLY b'137558'
ACTION SNIPPET 10000 4672 SEEN_PREVIOUSLY b'632636'
ACTION SNIPPET 10000 4675 SEEN_PREVIOUSLY b'1705267'
ACTION SNIPPET 10000 4678 SEEN_PREVIOUSLY b'344608'
ACTION SNIPPET 10000 4681 SEEN_PREVIOUSLY b'550328'
ACTION SNIPPET 10000 4684 SEEN_PREVIOUSLY b'313524'
ACTION QUERY 10000 4694 oceanographic vessels school
ACTION SERP 10000 4699 EXAMINE_SERP
ACTION SNIPPET 10000 4702 SEEN_PREVIOUSLY b'1564015'
ACTION SNIPPET 10000 4705 SEEN_PREVIOUSLY b'1426960'
ACTION SNIPPET 10000 4708 SEEN_PREVIOUSLY b'137558'
ACTION SNIPPET 10000 4711 SEEN_PREVIOUSLY b'1785304'
ACTION SNIPPET 10000 4714 SEEN_PREVIOUSLY b'1705267'
ACTION SNIPPET 10000 4717 SEEN_PREVIOUSLY b'344608'
ACTION SNIPPET 10000 4720 SNIPPET_NOT_RELEVANT b'304786'
ACTION SNIPPET 10000 4723 SEEN_PREVIOUSLY b'550328'
ACTION SNIPPET 10000 4726 SEEN_PREVIOUSLY b'313524'
ACTION SNIPPET 10000 4729 SEEN_PREVIOUSLY b'1193304'
ACTION QUERY 10000 4739 oceanographic vessels day
ACTION SERP 10000 4744 EXAMINE_SERP
ACTION SNIPPET 10000 4747 SEEN_PREVIOUSLY b'1426960'
ACTION SNIPPET 10000 4750 SEEN_PREVIOUSLY b'1564015'
ACTION SNIPPET 10000 4753 SEEN_PREVIOUSLY b'137558'
ACTION SNIPPET 10000 4756 SEEN_PREVIOUSLY b'344608'
ACTION SNIPPET 10000 4759 SEEN_PREVIOUSLY b'1705267'
ACTION SNIPPET 10000 4762 SEEN_PREVIOUSLY b'550328'
ACTION SNIPPET 10000 4765 SEEN_PREVIOUSLY b'313524'
ACTION SNIPPET 10000 4768 SEEN_PREVIOUSLY b'1785304'
ACTION SNIPPET 10000 4771 SEEN_PREVIOUSLY b'1574510'
ACTION SNIPPET 10000 4774 SEEN_PREVIOUSLY b'1193304'
ACTION QUERY 10000 4784 oceanographic vessels vessels
ACTION SERP 10000 4789 EXAMINE_SERP
ACTION SNIPPET 10000 4792 SEEN_PREVIOUSLY b'1564015'
ACTION SNIPPET 10000 4795 SEEN_PREVIOUSLY b'1426960'
ACTION SNIPPET 10000 4798 SEEN_PREVIOUSLY b'313524'
ACTION SNIPPET 10000 4801 SEEN_PREVIOUSLY b'344608'
ACTION SNIPPET 10000 4804 SEEN_PREVIOUSLY b'137558'
ACTION SNIPPET 10000 4807 SEEN_PREVIOUSLY b'23463'
ACTION SNIPPET 10000 4810 SEEN_PREVIOUSLY b'550328'
ACTION SNIPPET 10000 4813 SNIPPET_NOT_RELEVANT b'72488'
ACTION SNIPPET 10000 4816 SEEN_PREVIOUSLY b'1193304'
ACTION SNIPPET 10000 4819 SEEN_PREVIOUSLY b'1574510'
ACTION QUERY 10000 4829 oceanographic vessels found
ACTION SERP 10000 4834 EXAMINE_SERP
ACTION SNIPPET 10000 4837 SEEN_PREVIOUSLY b'1564015'
ACTION SNIPPET 10000 4840 SEEN_PREVIOUSLY b'137558'
ACTION SNIPPET 10000 4843 SEEN_PREVIOUSLY b'1426960'
ACTION SNIPPET 10000 4846 SEEN_PREVIOUSLY b'550328'
ACTION SNIPPET 10000 4849 SEEN_PREVIOUSLY b'1785304'
ACTION SNIPPET 10000 4852 SEEN_PREVIOUSLY b'23463'
ACTION SNIPPET 10000 4855 SEEN_PREVIOUSLY b'1574510'
ACTION SNIPPET 10000 4858 SNIPPET_NOT_RELEVANT b'304786'
ACTION SNIPPET 10000 4861 SEEN_PREVIOUSLY b'1705267'
ACTION SNIPPET 10000 4864 SEEN_PREVIOUSLY b'344608'
ACTION QUERY 10000 4874 oceanographic vessels deity
ACTION SERP 10000 4879 EXAMINE_SERP
ACTION SNIPPET 10000 4882 SEEN_PREVIOUSLY b'1564015'
ACTION SNIPPET 10000 4885 SEEN_PREVIOUSLY b'1426960'
ACTION SNIPPET 10000 4888 SEEN_PREVIOUSLY b'137558'
ACTION SNIPPET 10000 4891 SNIPPET_NOT_RELEVANT b'746927'
ACTION SNIPPET 10000 4894 SNIPPET_NOT_RELEVANT b'1481943'
ACTION SNIPPET 10000 4897 SNIPPET_NOT_RELEVANT b'1623393'
ACTION SNIPPET 10000 4900 SEEN_PREVIOUSLY b'1705267'
ACTION SNIPPET 10000 4903 SEEN_PREVIOUSLY b'344608'
ACTION SNIPPET 10000 4906 SEEN_PREVIOUSLY b'550328'
ACTION SNIPPET 10000 4909 SEEN_PREVIOUSLY b'313524'
ACTION QUERY 10000 4919 oceanographic vessels chelsea
ACTION SERP 10000 4924 EXAMINE_SERP
ACTION SNIPPET 10000 4927 SEEN_PREVIOUSLY b'1564015'
ACTION SNIPPET 10000 4930 SEEN_PREVIOUSLY b'1426960'
ACTION SNIPPET 10000 4933 SEEN_PREVIOUSLY b'137558'
ACTION SNIPPET 10000 4936 SEEN_PREVIOUSLY b'1705267'
ACTION SNIPPET 10000 4939 SEEN_PREVIOUSLY b'344608'
ACTION SNIPPET 10000 4942 SEEN_PREVIOUSLY b'550328'
ACTION SNIPPET 10000 4945 SEEN_PREVIOUSLY b'313524'
ACTION SNIPPET 10000 4948 SNIPPET_RELEVANT b'1448291'
ACTION DOC 10000 4968 EXAMINING_DOCUMENT b'1448291'
ACTION SNIPPET 10000 4971 SEEN_PREVIOUSLY b'1785304'
ACTION SNIPPET 10000 4974 SEEN_PREVIOUSLY b'1193304'
ACTION QUERY 10000 4984 oceanographic vessels commissioners
ACTION SERP 10000 4989 EXAMINE_SERP
ACTION SNIPPET 10000 4992 SEEN_PREVIOUSLY b'1564015'
ACTION SNIPPET 10000 4995 SEEN_PREVIOUSLY b'1426960'
ACTION SNIPPET 10000 4998 SEEN_PREVIOUSLY b'137558'
ACTION SNIPPET 10000 5001 SEEN_PREVIOUSLY b'1705267'
ACTION SNIPPET 10000 5004 SEEN_PREVIOUSLY b'344608'
ACTION SNIPPET 10000 5007 SEEN_PREVIOUSLY b'550328'
ACTION SNIPPET 10000 5010 SEEN_PREVIOUSLY b'313524'
ACTION SNIPPET 10000 5013 SEEN_PREVIOUSLY b'1785304'
ACTION SNIPPET 10000 5016 SEEN_PREVIOUSLY b'1193304'
ACTION SNIPPET 10000 5019 SEEN_PREVIOUSLY b'23463'
ACTION QUERY 10000 5029 oceanographic vessels daniel
ACTION SERP 10000 5034 EXAMINE_SERP
ACTION SNIPPET 10000 5037 SEEN_PREVIOUSLY b'1564015'
ACTION SNIPPET 10000 5040 SEEN_PREVIOUSLY b'1426960'
ACTION SNIPPET 10000 5043 SEEN_PREVIOUSLY b'137558'
ACTION SNIPPET 10000 5046 SNIPPET_RELEVANT b'333405'
ACTION DOC 10000 5066 EXAMINING_DOCUMENT b'333405'
ACTION SNIPPET 10000 5069 SEEN_PREVIOUSLY b'1705267'
ACTION SNIPPET 10000 5072 SEEN_PREVIOUSLY b'344608'
ACTION SNIPPET 10000 5075 SEEN_PREVIOUSLY b'550328'
ACTION SNIPPET 10000 5078 SEEN_PREVIOUSLY b'313524'
ACTION SNIPPET 10000 5081 SEEN_PREVIOUSLY b'1785304'
ACTION SNIPPET 10000 5084 SEEN_PREVIOUSLY b'1193304'
ACTION QUERY 10000 5094 oceanographic vessels spawn
ACTION SERP 10000 5099 EXAMINE_SERP
ACTION SNIPPET 10000 5102 SNIPPET_NOT_RELEVANT b'474423'
ACTION SNIPPET 10000 5105 SEEN_PREVIOUSLY b'1564015'
ACTION SNIPPET 10000 5108 SEEN_PREVIOUSLY b'1426960'
ACTION SNIPPET 10000 5111 SNIPPET_NOT_RELEVANT b'72488'
ACTION SNIPPET 10000 5114 SEEN_PREVIOUSLY b'137558'
ACTION SNIPPET 10000 5117 SNIPPET_NOT_RELEVANT b'357003'
ACTION SNIPPET 10000 5120 SEEN_PREVIOUSLY b'1705267'
ACTION SNIPPET 10000 5123 SEEN_PREVIOUSLY b'344608'
ACTION SNIPPET 10000 5126 SEEN_PREVIOUSLY b'550328'
ACTION SNIPPET 10000 5129 SNIPPET_RELEVANT b'1660748'
ACTION DOC 10000 5149 EXAMINING_DOCUMENT b'1660748'
ACTION QUERY 10000 5159 oceanographic vessels resignation
ACTION SERP 10000 5164 EXAMINE_SERP
ACTION SNIPPET 10000 5167 SNIPPET_NOT_RELEVANT b'139509'
ACTION SNIPPET 10000 5170 SEEN_PREVIOUSLY b'1564015'
ACTION SNIPPET 10000 5173 SEEN_PREVIOUSLY b'1426960'
ACTION SNIPPET 10000 5176 SEEN_PREVIOUSLY b'137558'
ACTION SNIPPET 10000 5179 SEEN_PREVIOUSLY b'1705267'
ACTION SNIPPET 10000 5182 SEEN_PREVIOUSLY b'344608'
ACTION SNIPPET 10000 5185 SEEN_PREVIOUSLY b'550328'
ACTION SNIPPET 10000 5188 SEEN_PREVIOUSLY b'313524'
ACTION SNIPPET 10000 5191 SEEN_PREVIOUSLY b'1785304'
ACTION SNIPPET 10000 5194 SEEN_PREVIOUSLY b'1193304'
ACTION QUERY 10000 5204 oceanographic vessels organization
ACTION SERP 10000 5209 EXAMINE_SERP
ACTION SNIPPET 10000 5212 SEEN_PREVIOUSLY b'344608'
ACTION SNIPPET 10000 5215 SEEN_PREVIOUSLY b'1564015'
ACTION SNIPPET 10000 5218 SEEN_PREVIOUSLY b'1426960'
ACTION SNIPPET 10000 5221 SEEN_PREVIOUSLY b'1705267'
ACTION SNIPPET 10000 5224 SEEN_PREVIOUSLY b'137558'
ACTION SNIPPET 10000 5227 SEEN_PREVIOUSLY b'550328'
ACTION SNIPPET 10000 5230 SEEN_PREVIOUSLY b'313524'
ACTION SNIPPET 10000 5233 SEEN_PREVIOUSLY b'956507'
ACTION SNIPPET 10000 5236 SEEN_PREVIOUSLY b'1785304'
ACTION SNIPPET 10000 5239 SEEN_PREVIOUSLY b'1193304'
ACTION QUERY 10000 5249 oceanographic vessels observational
ACTION SERP 10000 5254 EXAMINE_SERP
ACTION SNIPPET 10000 5257 SEEN_PREVIOUSLY b'137558'
ACTION SNIPPET 10000 5260 SEEN_PREVIOUSLY b'1564015'
ACTION SNIPPET 10000 5263 SEEN_PREVIOUSLY b'1426960'
ACTION SNIPPET 10000 5266 SEEN_PREVIOUSLY b'1785304'
ACTION SNIPPET 10000 5269 SNIPPET_NOT_RELEVANT b'686332'
ACTION SNIPPET 10000 5272 SEEN_PREVIOUSLY b'1705267'
ACTION SNIPPET 10000 5275 SEEN_PREVIOUSLY b'344608'
ACTION SNIPPET 10000 5278 SNIPPET_RELEVANT b'60625'
ACTION DOC 10000 5298 EXAMINING_DOCUMENT b'60625'
ACTION MARK 10000 5301 CONSIDERED_RELEVANT b'60625'
ACTION SNIPPET 10000 5304 SEEN_PREVIOUSLY b'550328'
ACTION SNIPPET 10000 5307 SEEN_PREVIOUSLY b'313524'
ACTION QUERY 10000 5317 oceanographic vessels leave
ACTION SERP 10000 5322 EXAMINE_SERP
ACTION SNIPPET 10000 5325 SEEN_PREVIOUSLY b'1564015'
ACTION SNIPPET 10000 5328 SEEN_PREVIOUSLY b'1426960'
ACTION SNIPPET 10000 5331 SEEN_PREVIOUSLY b'137558'
ACTION SNIPPET 10000 5334 SEEN_PREVIOUSLY b'1785304'
ACTION SNIPPET 10000 5337 SEEN_PREVIOUSLY b'1705267'
ACTION SNIPPET 10000 5340 SEEN_PREVIOUSLY b'344608'
ACTION SNIPPET 10000 5343 SNIPPET_RELEVANT b'304786'
ACTION DOC 10000 5363 EXAMINING_DOCUMENT b'304786'
ACTION SNIPPET 10000 5366 SEEN_PREVIOUSLY b'550328'
ACTION SNIPPET 10000 5369 SEEN_PREVIOUSLY b'313524'
ACTION SNIPPET 10000 5372 SEEN_PREVIOUSLY b'1193304'
ACTION QUERY 10000 5382 oceanographic vessels models
ACTION SERP 10000 5387 EXAMINE_SERP
ACTION SNIPPET 10000 5390 SEEN_PREVIOUSLY b'1564015'
ACTION SNIPPET 10000 5393 SEEN_PREVIOUSLY b'632636'
ACTION SNIPPET 10000 5396 SEEN_PREVIOUSLY b'1426960'
ACTION SNIPPET 10000 5399 SNIPPET_NOT_RELEVANT b'686332'
ACTION SNIPPET 10000 5402 SEEN_PREVIOUSLY b'137558'
ACTION SNIPPET 10000 5405 SNIPPET_NOT_RELEVANT b'630702'
ACTION SNIPPET 10000 5408 SEEN_PREVIOUSLY b'1705267'
ACTION SNIPPET 10000 5411 SEEN_PREVIOUSLY b'344608'
ACTION SNIPPET 10000 5414 SEEN_PREVIOUSLY b'550328'
ACTION SNIPPET 10000 5417 SEEN_PREVIOUSLY b'313524'
ACTION QUERY 10000 5427 oceanographic vessels type
ACTION SERP 10000 5432 EXAMINE_SERP
ACTION SNIPPET 10000 5435 SEEN_PREVIOUSLY b'1564015'
ACTION SNIPPET 10000 5438 SEEN_PREVIOUSLY b'1426960'
ACTION SNIPPET 10000 5441 SEEN_PREVIOUSLY b'23463'
ACTION SNIPPET 10000 5444 SNIPPET_NOT_RELEVANT b'72488'
ACTION SNIPPET 10000 5447 SEEN_PREVIOUSLY b'137558'
ACTION SNIPPET 10000 5450 SEEN_PREVIOUSLY b'1705267'
ACTION SNIPPET 10000 5453 SEEN_PREVIOUSLY b'344608'
ACTION SNIPPET 10000 5456 SEEN_PREVIOUSLY b'550328'
ACTION SNIPPET 10000 5459 SEEN_PREVIOUSLY b'313524'
ACTION SNIPPET 10000 5462 SEEN_PREVIOUSLY b'1785304'
ACTION QUERY 10000 5472 oceanographic vessels front
ACTION SERP 10000 5477 EXAMINE_SERP
ACTION SNIPPET 10000 5480 SEEN_PREVIOUSLY b'1564015'
ACTION SNIPPET 10000 5483 SEEN_PREVIOUSLY b'1426960'
ACTION SNIPPET 10000 5486 SEEN_PREVIOUSLY b'1193304'
ACTION SNIPPET 10000 5489 SEEN_PREVIOUSLY b'137558'
ACTION SNIPPET 10000 5492 SEEN_PREVIOUSLY b'1705267'
ACTION SNIPPET 10000 5495 SEEN_PREVIOUSLY b'344608'
ACTION SNIPPET 10000 5498 SEEN_PREVIOUSLY b'550328'
ACTION SNIPPET 10000 5501 SNIPPET_NOT_RELEVANT b'1311871'
ACTION SNIPPET 10000 5504 SEEN_PREVIOUSLY b'313524'
ACTION SNIPPET 10000 5507 SEEN_PREVIOUSLY b'1785304'
ACTION QUERY 10000 5517 oceanographic vessels robot
ACTION SERP 10000 5522 EXAMINE_SERP
ACTION SNIPPET 10000 5525 SNIPPET_RELEVANT b'594981'
ACTION DOC 10000 5545 EXAMINING_DOCUMENT b'594981'
ACTION MARK 10000 5548 CONSIDERED_RELEVANT b'594981'
ACTION SNIPPET 10000 5551 SEEN_PREVIOUSLY b'1574510'
ACTION SNIPPET 10000 5554 SNIPPET_RELEVANT b'648006'
ACTION DOC 10000 5574 EXAMINING_DOCUMENT b'648006'
ACTION MARK 10000 5577 CONSIDERED_RELEVANT b'648006'
ACTION SNIPPET 10000 5580 SEEN_PREVIOUSLY b'1564015'
ACTION SNIPPET 10000 5583 SEEN_PREVIOUSLY b'1426960'
ACTION SNIPPET 10000 5586 SNIPPET_RELEVANT b'1378976'
ACTION DOC 10000 5606 EXAMINING_DOCUMENT b'1378976'
ACTION MARK 10000 5609 CONSIDERED_RELEVANT b'1378976'
ACTION SNIPPET 10000 5612 SNIPPET_RELEVANT b'1092802'
ACTION DOC 10000 5632 EXAMINING_DOCUMENT b'1092802'
ACTION MARK 10000 5635 CONSIDERED_RELEVANT b'1092802'
ACTION SNIPPET 10000 5638 SNIPPET_RELEVANT b'1523523'
ACTION DOC 10000 5658 EXAMINING_DOCUMENT b'1523523'
ACTION MARK 10000 5661 CONSIDERED_RELEVANT b'1523523'
ACTION SNIPPET 10000 5664 SNIPPET_NOT_RELEVANT b'1189161'
ACTION SNIPPET 10000 5667 SNIPPET_NOT_RELEVANT b'219027'
ACTION QUERY 10000 5677 oceanographic vessels york
ACTION SERP 10000 5682 EXAMINE_SERP
ACTION SNIPPET 10000 5685 SEEN_PREVIOUSLY b'1564015'
ACTION SNIPPET 10000 5688 SEEN_PREVIOUSLY b'1426960'
ACTION SNIPPET 10000 5691 SEEN_PREVIOUSLY b'137558'
ACTION SNIPPET 10000 5694 SEEN_PREVIOUSLY b'344608'
ACTION SNIPPET 10000 5697 SEEN_PREVIOUSLY b'1785304'
ACTION SNIPPET 10000 5700 SEEN_PREVIOUSLY b'1705267'
ACTION SNIPPET 10000 5703 SEEN_PREVIOUSLY b'1193304'
ACTION SNIPPET 10000 5706 SEEN_PREVIOUSLY b'550328'
ACTION SNIPPET 10000 5709 SEEN_PREVIOUSLY b'313524'
ACTION SNIPPET 10000 5712 SNIPPET_NOT_RELEVANT b'610519'
ACTION QUERY 10000 5722 oceanographic vessels artifacts
ACTION SERP 10000 5727 EXAMINE_SERP
ACTION SNIPPET 10000 5730 SEEN_PREVIOUSLY b'1574510'
ACTION SNIPPET 10000 5733 SNIPPET_RELEVANT b'620002'
ACTION DOC 10000 5753 EXAMINING_DOCUMENT b'620002'
ACTION MARK 10000 5756 CONSIDERED_RELEVANT b'620002'
ACTION SNIPPET 10000 5759 SEEN_PREVIOUSLY b'1564015'
ACTION SNIPPET 10000 5762 SEEN_PREVIOUSLY b'1426960'
ACTION SNIPPET 10000 5765 SNIPPET_NOT_RELEVANT b'948308'
ACTION SNIPPET 10000 5768 SNIPPET_NOT_RELEVANT b'723251'
ACTION SNIPPET 10000 5771 SEEN_PREVIOUSLY b'137558'
ACTION SNIPPET 10000 5774 SNIPPET_RELEVANT b'1575504'
ACTION DOC 10000 5794 EXAMINING_DOCUMENT b'1575504'
ACTION MARK 10000 5797 CONSIDERED_RELEVANT b'1575504'
ACTION SNIPPET 10000 5800 SEEN_PREVIOUSLY b'632636'
ACTION SNIPPET 10000 5803 SNIPPET_NOT_RELEVANT b'1456968'
ACTION QUERY 10000 5813 oceanographic vessels celebrated
ACTION SERP 10000 5818 EXAMINE_SERP
ACTION SNIPPET 10000 5821 SEEN_PREVIOUSLY b'1564015'
ACTION SNIPPET 10000 5824 SEEN_PREVIOUSLY b'1426960'
ACTION SNIPPET 10000 5827 SEEN_PREVIOUSLY b'137558'
ACTION SNIPPET 10000 5830 SEEN_PREVIOUSLY b'1705267'
ACTION SNIPPET 10000 5833 SEEN_PREVIOUSLY b'344608'
ACTION SNIPPET 10000 5836 SNIPPET_RELEVANT b'1618021'
ACTION DOC 10000 5856 EXAMINING_DOCUMENT b'1618021'
ACTION SNIPPET 10000 5859 SNIPPET_NOT_RELEVANT b'1708378'
ACTION SNIPPET 10000 5862 SEEN_PREVIOUSLY b'550328'
ACTION SNIPPET 10000 5865 SNIPPET_RELEVANT b'1787046'
ACTION DOC 10000 5885 EXAMINING_DOCUMENT b'1787046'
ACTION SNIPPET 10000 5888 SNIPPET_NOT_RELEVANT b'1788948'
ACTION QUERY 10000 5898 oceanographic vessels lately
ACTION SERP 10000 5903 EXAMINE_SERP
ACTION SNIPPET 10000 5906 SEEN_PREVIOUSLY b'1564015'
ACTION SNIPPET 10000 5909 SEEN_PREVIOUSLY b'137558'
ACTION SNIPPET 10000 5912 SEEN_PREVIOUSLY b'1426960'
ACTION SNIPPET 10000 5915 SEEN_PREVIOUSLY b'1705267'
ACTION SNIPPET 10000 5918 SEEN_PREVIOUSLY b'344608'
ACTION SNIPPET 10000 5921 SEEN_PREVIOUSLY b'1785304'
ACTION SNIPPET 10000 5924 SEEN_PREVIOUSLY b'550328'
ACTION SNIPPET 10000 5927 SEEN_PREVIOUSLY b'1574510'
ACTION SNIPPET 10000 5930 SNIPPET_NOT_RELEVANT b'1653987'
ACTION SNIPPET 10000 5933 SEEN_PREVIOUSLY b'313524'
ACTION QUERY 10000 5943 oceanographic vessels ratia
ACTION SERP 10000 5948 EXAMINE_SERP
ACTION SNIPPET 10000 5951 SEEN_PREVIOUSLY b'1564015'
ACTION SNIPPET 10000 5954 SEEN_PREVIOUSLY b'1426960'
ACTION SNIPPET 10000 5957 SNIPPET_RELEVANT b'106467'
ACTION DOC 10000 5977 EXAMINING_DOCUMENT b'106467'
ACTION SNIPPET 10000 5980 SEEN_PREVIOUSLY b'137558'
ACTION SNIPPET 10000 5983 SNIPPET_RELEVANT b'1540496'
ACTION DOC 10000 6003 EXAMINING_DOCUMENT b'1540496'
ACTION SNIPPET 10000 6006 SEEN_PREVIOUSLY b'1705267'
ACTION SNIPPET 10000 6009 SEEN_PREVIOUSLY b'344608'
ACTION SNIPPET 10000 6012 SEEN_PREVIOUSLY b'550328'
ACTION SNIPPET 10000 6015 SEEN_PREVIOUSLY b'313524'
ACTION SNIPPET 10000 6018 SNIPPET_NOT_RELEVANT b'204899'
ACTION QUERY 10000 6028 oceanographic vessels textiles
ACTION SERP 10000 6033 EXAMINE_SERP
ACTION SNIPPET 10000 6036 SEEN_PREVIOUSLY b'23463'
ACTION SNIPPET 10000 6039 SEEN_PREVIOUSLY b'1564015'
ACTION SNIPPET 10000 6042 SEEN_PREVIOUSLY b'1426960'
ACTION SNIPPET 10000 6045 SEEN_PREVIOUSLY b'137558'
ACTION SNIPPET 10000 6048 SEEN_PREVIOUSLY b'1705267'
ACTION SNIPPET 10000 6051 SEEN_PREVIOUSLY b'344608'
ACTION SNIPPET 10000 6054 SEEN_PREVIOUSLY b'1683576'
ACTION SNIPPET 10000 6057 SNIPPET_NOT_RELEVANT b'1358006'
ACTION SNIPPET 10000 6060 SEEN_PREVIOUSLY b'550328'
ACTION SNIPPET 10000 6063 SEEN_PREVIOUSLY b'313524'
ACTION QUERY 10000 6073 oceanographic vessels time
ACTION SERP 10000 6078 EXAMINE_SERP
ACTION SNIPPET 10000 6081 SEEN_PREVIOUSLY b'1564015'
ACTION SNIPPET 10000 6084 SEEN_PREVIOUSLY b'1426960'
ACTION SNIPPET 10000 6087 SEEN_PREVIOUSLY b'137558'
ACTION SNIPPET 10000 6090 SEEN_PREVIOUSLY b'1705267'
ACTION SNIPPET 10000 6093 SEEN_PREVIOUSLY b'344608'
ACTION SNIPPET 10000 6096 SEEN_PREVIOUSLY b'550328'
ACTION SNIPPET 10000 6099 SEEN_PREVIOUSLY b'1785304'
ACTION SNIPPET 10000 6102 SEEN_PREVIOUSLY b'1193304'
ACTION SNIPPET 10000 6105 SEEN_PREVIOUSLY b'313524'
ACTION SNIPPET 10000 6108 SEEN_PREVIOUSLY b'23463'
ACTION QUERY 10000 6118 oceanographic vessels doctor
ACTION SERP 10000 6123 EXAMINE_SERP
ACTION SNIPPET 10000 6126 SEEN_PREVIOUSLY b'1564015'
ACTION SNIPPET 10000 6129 SEEN_PREVIOUSLY b'1426960'
ACTION SNIPPET 10000 6132 SEEN_PREVIOUSLY b'137558'
ACTION SNIPPET 10000 6135 SEEN_PREVIOUSLY b'304786'
ACTION SNIPPET 10000 6138 SNIPPET_NOT_RELEVANT b'139509'
ACTION SNIPPET 10000 6141 SEEN_PREVIOUSLY b'956507'
ACTION SNIPPET 10000 6144 SEEN_PREVIOUSLY b'127656'
ACTION SNIPPET 10000 6147 SNIPPET_NOT_RELEVANT b'1708378'
ACTION SNIPPET 10000 6150 SNIPPET_NOT_RELEVANT b'1653987'
ACTION SNIPPET 10000 6153 SEEN_PREVIOUSLY b'333405'
ACTION QUERY 10000 6163 oceanographic vessels class
ACTION SERP 10000 6168 EXAMINE_SERP
ACTION SNIPPET 10000 6171 SEEN_PREVIOUSLY b'1564015'
ACTION SNIPPET 10000 6174 SEEN_PREVIOUSLY b'1426960'
ACTION SNIPPET 10000 6177 SEEN_PREVIOUSLY b'1193304'
ACTION SNIPPET 10000 6180 SEEN_PREVIOUSLY b'137558'
ACTION SNIPPET 10000 6183 SEEN_PREVIOUSLY b'1705267'
ACTION SNIPPET 10000 6186 SEEN_PREVIOUSLY b'344608'
ACTION SNIPPET 10000 6189 SEEN_PREVIOUSLY b'550328'
ACTION SNIPPET 10000 6192 SEEN_PREVIOUSLY b'313524'
ACTION SNIPPET 10000 6195 SEEN_PREVIOUSLY b'1785304'
ACTION SNIPPET 10000 6198 SNIPPET_NOT_RELEVANT b'693223'
ACTION QUERY 10000 6208 oceanographic vessels drilled
ACTION SERP 10000 6213 EXAMINE_SERP
ACTION SNIPPET 10000 6216 SEEN_PREVIOUSLY b'1705267'
ACTION SNIPPET 10000 6219 SEEN_PREVIOUSLY b'1564015'
ACTION SNIPPET 10000 6222 SNIPPET_NOT_RELEVANT b'297396'
ACTION SNIPPET 10000 6225 SEEN_PREVIOUSLY b'1426960'
ACTION SNIPPET 10000 6228 SEEN_PREVIOUSLY b'326191'
ACTION SNIPPET 10000 6231 SEEN_PREVIOUSLY b'576730'
ACTION SNIPPET 10000 6234 SNIPPET_NOT_RELEVANT b'171259'
ACTION SNIPPET 10000 6237 SNIPPET_RELEVANT b'32177'
ACTION DOC 10000 6257 EXAMINING_DOCUMENT b'32177'
ACTION MARK 10000 6260 CONSIDERED_RELEVANT b'32177'
ACTION SNIPPET 10000 6263 SEEN_PREVIOUSLY b'137558'
ACTION SNIPPET 10000 6266 SNIPPET_NOT_RELEVANT b'909756'
ACTION QUERY 10000 6276 oceanographic vessels longest
ACTION SERP 10000 6281 EXAMINE_SERP
ACTION SNIPPET 10000 6284 SEEN_PREVIOUSLY b'137558'
ACTION SNIPPET 10000 6287 SEEN_PREVIOUSLY b'1564015'
ACTION SNIPPET 10000 6290 SEEN_PREVIOUSLY b'1426960'
ACTION SNIPPET 10000 6293 SNIPPET_RELEVANT b'502119'
ACTION DOC 10000 6313 EXAMINING_DOCUMENT b'502119'
ACTION SNIPPET 10000 6316 SNIPPET_NOT_RELEVANT b'1598136'
ACTION SNIPPET 10000 6319 SEEN_PREVIOUSLY b'1705267'
ACTION SNIPPET 10000 6322 SEEN_PREVIOUSLY b'344608'
ACTION SNIPPET 10000 6325 SNIPPET_RELEVANT b'1133485'
ACTION DOC 10000 6345 EXAMINING_DOCUMENT b'1133485'
ACTION MARK 10000 6348 CONSIDERED_RELEVANT b'1133485'
ACTION SNIPPET 10000 6351 SEEN_PREVIOUSLY b'550328'
ACTION SNIPPET 10000 6354 SEEN_PREVIOUSLY b'313524'
ACTION QUERY 10000 6364 oceanographic vessels impact
ACTION SERP 10000 6369 EXAMINE_SERP
ACTION SNIPPET 10000 6372 SEEN_PREVIOUSLY b'1564015'
ACTION SNIPPET 10000 6375 SEEN_PREVIOUSLY b'1426960'
ACTION SNIPPET 10000 6378 SEEN_PREVIOUSLY b'331242'
ACTION SNIPPET 10000 6381 SEEN_PREVIOUSLY b'137558'
ACTION SNIPPET 10000 6384 SNIPPET_RELEVANT b'1598055'
ACTION DOC 10000 6404 EXAMINING_DOCUMENT b'1598055'
ACTION SNIPPET 10000 6407 SNIPPET_RELEVANT b'492257'
ACTION DOC 10000 6427 EXAMINING_DOCUMENT b'492257'
ACTION SNIPPET 10000 6430 SEEN_PREVIOUSLY b'1705267'
ACTION SNIPPET 10000 6433 SEEN_PREVIOUSLY b'344608'
ACTION SNIPPET 10000 6436 SEEN_PREVIOUSLY b'396767'
ACTION SNIPPET 10000 6439 SEEN_PREVIOUSLY b'550328'
ACTION QUERY 10000 6449 oceanographic vessels 2
ACTION SERP 10000 6454 EXAMINE_SERP
ACTION SNIPPET 10000 6457 SEEN_PREVIOUSLY b'1564015'
ACTION SNIPPET 10000 6460 SEEN_PREVIOUSLY b'1426960'
ACTION SNIPPET 10000 6463 SEEN_PREVIOUSLY b'137558'
ACTION SNIPPET 10000 6466 SEEN_PREVIOUSLY b'550328'
ACTION SNIPPET 10000 6469 SEEN_PREVIOUSLY b'1705267'
ACTION SNIPPET 10000 6472 SEEN_PREVIOUSLY b'344608'
ACTION SNIPPET 10000 6475 SEEN_PREVIOUSLY b'313524'
ACTION SNIPPET 10000 6478 SEEN_PREVIOUSLY b'1785304'
ACTION SNIPPET 10000 6481 SEEN_PREVIOUSLY b'1193304'
ACTION SNIPPET 10000 6484 SNIPPET_NOT_RELEVANT b'72488'
ACTION QUERY 10000 6494 oceanographic vessels barren
ACTION SERP 10000 6499 EXAMINE_SERP
ACTION SNIPPET 10000 6502 SNIPPET_NOT_RELEVANT b'495920'
ACTION SNIPPET 10000 6505 SEEN_PREVIOUSLY b'1564015'
ACTION SNIPPET 10000 6508 SEEN_PREVIOUSLY b'1426960'
ACTION SNIPPET 10000 6511 SEEN_PREVIOUSLY b'137558'
ACTION SNIPPET 10000 6514 SEEN_PREVIOUSLY b'1705267'
ACTION SNIPPET 10000 6517 SEEN_PREVIOUSLY b'344608'
ACTION SNIPPET 10000 6520 SEEN_PREVIOUSLY b'550328'
ACTION SNIPPET 10000 6523 SEEN_PREVIOUSLY b'313524'
ACTION SNIPPET 10000 6526 SEEN_PREVIOUSLY b'1785304'
ACTION SNIPPET 10000 6529 SEEN_PREVIOUSLY b'1193304'
ACTION QUERY 10000 6539 oceanographic vessels greatest
ACTION SERP 10000 6544 EXAMINE_SERP
ACTION SNIPPET 10000 6547 SEEN_PREVIOUSLY b'1564015'
ACTION SNIPPET 10000 6550 SEEN_PREVIOUSLY b'1426960'
ACTION SNIPPET 10000 6553 SEEN_PREVIOUSLY b'137558'
ACTION SNIPPET 10000 6556 SNIPPET_RELEVANT b'686332'
ACTION DOC 10000 6576 EXAMINING_DOCUMENT b'686332'
ACTION SNIPPET 10000 6579 SEEN_PREVIOUSLY b'1705267'
ACTION SNIPPET 10000 6582 SEEN_PREVIOUSLY b'344608'
ACTION SNIPPET 10000 6585 SEEN_PREVIOUSLY b'550328'
ACTION SNIPPET 10000 6588 SEEN_PREVIOUSLY b'313524'
ACTION SNIPPET 10000 6591 SEEN_PREVIOUSLY b'1785304'
ACTION SNIPPET 10000 6594 SEEN_PREVIOUSLY b'1193304'
ACTION QUERY 10000 6604 oceanographic vessels europe
ACTION SERP 10000 6609 EXAMINE_SERP
ACTION SNIPPET 10000 6612 SEEN_PREVIOUSLY b'1564015'
ACTION SNIPPET 10000 6615 SEEN_PREVIOUSLY b'1426960'
ACTION SNIPPET 10000 6618 SNIPPET_NOT_RELEVANT b'1405751'
ACTION SNIPPET 10000 6621 SEEN_PREVIOUSLY b'137558'
ACTION SNIPPET 10000 6624 SEEN_PREVIOUSLY b'1705267'
ACTION SNIPPET 10000 6627 SEEN_PREVIOUSLY b'344608'
ACTION SNIPPET 10000 6630 SEEN_PREVIOUSLY b'550328'
ACTION SNIPPET 10000 6633 SEEN_PREVIOUSLY b'313524'
ACTION SNIPPET 10000 6636 SEEN_PREVIOUSLY b'1785304'
ACTION SNIPPET 10000 6639 SEEN_PREVIOUSLY b'1193304'
ACTION QUERY 10000 6649 oceanographic vessels crews
ACTION SERP 10000 6654 EXAMINE_SERP
ACTION SNIPPET 10000 6657 SEEN_PREVIOUSLY b'1426960'
ACTION SNIPPET 10000 6660 SEEN_PREVIOUSLY b'344608'
ACTION SNIPPET 10000 6663 SEEN_PREVIOUSLY b'313524'
ACTION SNIPPET 10000 6666 SEEN_PREVIOUSLY b'1705267'
ACTION SNIPPET 10000 6669 SEEN_PREVIOUSLY b'1564015'
ACTION SNIPPET 10000 6672 SNIPPET_RELEVANT b'540472'
ACTION DOC 10000 6692 EXAMINING_DOCUMENT b'540472'
ACTION SNIPPET 10000 6695 SEEN_PREVIOUSLY b'137558'
ACTION SNIPPET 10000 6698 SNIPPET_NOT_RELEVANT b'95749'
ACTION SNIPPET 10000 6701 SNIPPET_RELEVANT b'414767'
ACTION DOC 10000 6721 EXAMINING_DOCUMENT b'414767'
ACTION SNIPPET 10000 6724 SNIPPET_NOT_RELEVANT b'405926'
ACTION QUERY 10000 6734 oceanographic vessels doctors
ACTION SERP 10000 6739 EXAMINE_SERP
ACTION SNIPPET 10000 6742 SEEN_PREVIOUSLY b'1564015'
ACTION SNIPPET 10000 6745 SEEN_PREVIOUSLY b'1426960'
ACTION SNIPPET 10000 6748 SEEN_PREVIOUSLY b'137558'
ACTION SNIPPET 10000 6751 SEEN_PREVIOUSLY b'304786'
ACTION SNIPPET 10000 6754 SNIPPET_NOT_RELEVANT b'139509'
ACTION SNIPPET 10000 6757 SEEN_PREVIOUSLY b'956507'
ACTION SNIPPET 10000 6760 SEEN_PREVIOUSLY b'127656'
ACTION SNIPPET 10000 6763 SNIPPET_NOT_RELEVANT b'1708378'
ACTION SNIPPET 10000 6766 SNIPPET_NOT_RELEVANT b'1653987'
ACTION SNIPPET 10000 6769 SEEN_PREVIOUSLY b'333405'
ACTION QUERY 10000 6779 oceanographic vessels nazi
ACTION SERP 10000 6784 EXAMINE_SERP
ACTION SNIPPET 10000 6787 SNIPPET_NOT_RELEVANT b'1219100'
ACTION SNIPPET 10000 6790 SEEN_PREVIOUSLY b'1564015'
ACTION SNIPPET 10000 6793 SEEN_PREVIOUSLY b'1426960'
ACTION SNIPPET 10000 6796 SEEN_PREVIOUSLY b'137558'
ACTION SNIPPET 10000 6799 SNIPPET_RELEVANT b'1785177'
ACTION DOC 10000 6819 EXAMINING_DOCUMENT b'1785177'
ACTION SNIPPET 10000 6822 SEEN_PREVIOUSLY b'1705267'
ACTION SNIPPET 10000 6825 SEEN_PREVIOUSLY b'344608'
ACTION SNIPPET 10000 6828 SNIPPET_RELEVANT b'258572'
ACTION DOC 10000 6848 EXAMINING_DOCUMENT b'258572'
ACTION MARK 10000 6851 CONSIDERED_RELEVANT b'258572'
ACTION SNIPPET 10000 6854 SEEN_PREVIOUSLY b'550328'
ACTION SNIPPET 10000 6857 SEEN_PREVIOUSLY b'313524'
ACTION QUERY 10000 6867 oceanographic vessels charles
ACTION SERP 10000 6872 EXAMINE_SERP
ACTION SNIPPET 10000 6875 SEEN_PREVIOUSLY b'1564015'
ACTION SNIPPET 10000 6878 SEEN_PREVIOUSLY b'1426960'
ACTION SNIPPET 10000 6881 SEEN_PREVIOUSLY b'137558'
ACTION SNIPPET 10000 6884 SEEN_PREVIOUSLY b'23463'
ACTION SNIPPET 10000 6887 SEEN_PREVIOUSLY b'492257'
ACTION SNIPPET 10000 6890 SEEN_PREVIOUSLY b'1705267'
ACTION SNIPPET 10000 6893 SEEN_PREVIOUSLY b'344608'
ACTION SNIPPET 10000 6896 SEEN_PREVIOUSLY b'550328'
ACTION SNIPPET 10000 6899 SEEN_PREVIOUSLY b'313524'
ACTION SNIPPET 10000 6902 SEEN_PREVIOUSLY b'1785304'
ACTION QUERY 10000 6912 oceanographic vessels skis
ACTION SERP 10000 6917 EXAMINE_SERP
ACTION SNIPPET 10000 6920 SEEN_PREVIOUSLY b'1564015'
ACTION SNIPPET 10000 6923 SEEN_PREVIOUSLY b'1426960'
ACTION SNIPPET 10000 6926 SEEN_PREVIOUSLY b'137558'
ACTION SNIPPET 10000 6929 SEEN_PREVIOUSLY b'1705267'
ACTION SNIPPET 10000 6932 SEEN_PREVIOUSLY b'344608'
ACTION SNIPPET 10000 6935 SEEN_PREVIOUSLY b'550328'
ACTION SNIPPET 10000 6938 SNIPPET_RELEVANT b'968028'
ACTION DOC 10000 6958 EXAMINING_DOCUMENT b'968028'
ACTION SNIPPET 10000 6961 SEEN_PREVIOUSLY b'313524'
ACTION SNIPPET 10000 6964 SNIPPET_NOT_RELEVANT b'869971'
ACTION SNIPPET 10000 6967 SEEN_PREVIOUSLY b'1785304'
ACTION QUERY 10000 6977 oceanographic vessels lynns
ACTION SERP 10000 6982 EXAMINE_SERP
ACTION SNIPPET 10000 6985 SEEN_PREVIOUSLY b'1564015'
ACTION SNIPPET 10000 6988 SEEN_PREVIOUSLY b'1426960'
ACTION SNIPPET 10000 6991 SEEN_PREVIOUSLY b'137558'
ACTION SNIPPET 10000 6994 SEEN_PREVIOUSLY b'968028'
ACTION SNIPPET 10000 6997 SNIPPET_NOT_RELEVANT b'487392'
ACTION SNIPPET 10000 7000 SEEN_PREVIOUSLY b'502119'
ACTION SNIPPET 10000 7003 SNIPPET_RELEVANT b'410655'
ACTION DOC 10000 7023 EXAMINING_DOCUMENT b'410655'
ACTION SNIPPET 10000 7026 SEEN_PREVIOUSLY b'1705267'
ACTION SNIPPET 10000 7029 SEEN_PREVIOUSLY b'344608'
ACTION SNIPPET 10000 7032 SEEN_PREVIOUSLY b'550328'
ACTION QUERY 10000 7042 oceanographic vessels ronald
ACTION SERP 10000 7047 EXAMINE_SERP
ACTION SNIPPET 10000 7050 SEEN_PREVIOUSLY b'1564015'
ACTION SNIPPET 10000 7053 SEEN_PREVIOUSLY b'1426960'
ACTION SNIPPET 10000 7056 SEEN_PREVIOUSLY b'137558'
ACTION SNIPPET 10000 7059 SEEN_PREVIOUSLY b'1705267'
ACTION SNIPPET 10000 7062 SEEN_PREVIOUSLY b'344608'
ACTION SNIPPET 10000 7065 SEEN_PREVIOUSLY b'550328'
ACTION SNIPPET 10000 7068 SNIPPET_RELEVANT b'487392'
ACTION DOC 10000 7088 EXAMINING_DOCUMENT b'487392'
ACTION SNIPPET 10000 7091 SEEN_PREVIOUSLY b'313524'
ACTION SNIPPET 10000 7094 SEEN_PREVIOUSLY b'410655'
ACTION SNIPPET 10000 7097 SEEN_PREVIOUSLY b'1785304'
ACTION QUERY 10000 7107 oceanographic vessels lyndoners
ACTION SERP 10000 7112 EXAMINE_SERP
ACTION SNIPPET 10000 7115 SEEN_PREVIOUSLY b'1564015'
ACTION SNIPPET 10000 7118 SEEN_PREVIOUSLY b'1426960'
ACTION SNIPPET 10000 7121 SEEN_PREVIOUSLY b'137558'
ACTION SNIPPET 10000 7124 SEEN_PREVIOUSLY b'1705267'
ACTION SNIPPET 10000 7127 SEEN_PREVIOUSLY b'344608'
ACTION SNIPPET 10000 7130 SEEN_PREVIOUSLY b'550328'
ACTION SNIPPET 10000 7133 SEEN_PREVIOUSLY b'313524'
ACTION SNIPPET 10000 7136 SNIPPET_NOT_RELEVANT b'55871'
ACTION SNIPPET 10000 7139 SEEN_PREVIOUSLY b'1785304'
ACTION SNIPPET 10000 7142 SEEN_PREVIOUSLY b'1193304'
ACTION QUERY 10000 7152 oceanographic vessels headache
ACTION SERP 10000 7157 EXAMINE_SERP
ACTION SNIPPET 10000 7160 SNIPPET_RELEVANT b'844027'
ACTION DOC 10000 7180 EXAMINING_DOCUMENT b'844027'
ACTION SNIPPET 10000 7183 SEEN_PREVIOUSLY b'1564015'
ACTION SNIPPET 10000 7186 SEEN_PREVIOUSLY b'1426960'
ACTION SNIPPET 10000 7189 SNIPPET_RELEVANT b'1171214'
ACTION DOC 10000 7209 EXAMINING_DOCUMENT b'1171214'
ACTION SNIPPET 10000 7212 SNIPPET_RELEVANT b'929726'
ACTION DOC 10000 7232 EXAMINING_DOCUMENT b'929726'
ACTION SNIPPET 10000 7235 SNIPPET_RELEVANT b'374768'
ACTION DOC 10000 7255 EXAMINING_DOCUMENT b'374768'
ACTION SNIPPET 10000 7258 SNIPPET_RELEVANT b'482828'
ACTION DOC 10000 7278 EXAMINING_DOCUMENT b'482828'
ACTION SNIPPET 10000 7281 SNIPPET_RELEVANT b'163886'
ACTION DOC 10000 7301 EXAMINING_DOCUMENT b'163886'
ACTION SNIPPET 10000 7304 SNIPPET_NOT_RELEVANT b'187371'
ACTION SNIPPET 10000 7307 SNIPPET_NOT_RELEVANT b'1781491'
ACTION QUERY 10000 7317 oceanographic vessels fatal
ACTION SERP 10000 7322 EXAMINE_SERP
ACTION SNIPPET 10000 7325 SEEN_PREVIOUSLY b'1564015'
ACTION SNIPPET 10000 7328 SEEN_PREVIOUSLY b'1426960'
ACTION SNIPPET 10000 7331 SEEN_PREVIOUSLY b'137558'
ACTION SNIPPET 10000 7334 SEEN_PREVIOUSLY b'1705267'
ACTION SNIPPET 10000 7337 SEEN_PREVIOUSLY b'344608'
ACTION SNIPPET 10000 7340 SEEN_PREVIOUSLY b'550328'
ACTION SNIPPET 10000 7343 SEEN_PREVIOUSLY b'313524'
ACTION SNIPPET 10000 7346 SNIPPET_RELEVANT b'1543256'
ACTION DOC 10000 7366 EXAMINING_DOCUMENT b'1543256'
ACTION SNIPPET 10000 7369 SEEN_PREVIOUSLY b'1785304'
ACTION SNIPPET 10000 7372 SEEN_PREVIOUSLY b'1193304'
ACTION QUERY 10000 7382 oceanographic vessels medicine
ACTION SERP 10000 7387 EXAMINE_SERP
ACTION SNIPPET 10000 7390 SNIPPET_RELEVANT b'1788948'
ACTION DOC 10000 7410 EXAMINING_DOCUMENT b'1788948'
ACTION SNIPPET 10000 7413 SEEN_PREVIOUSLY b'1564015'
ACTION SNIPPET 10000 7416 SEEN_PREVIOUSLY b'1426960'
ACTION SNIPPET 10000 7419 SEEN_PREVIOUSLY b'137558'
ACTION SNIPPET 10000 7422 SEEN_PREVIOUSLY b'1705267'
ACTION SNIPPET 10000 7425 SEEN_PREVIOUSLY b'344608'
ACTION SNIPPET 10000 7428 SEEN_PREVIOUSLY b'550328'
ACTION SNIPPET 10000 7431 SEEN_PREVIOUSLY b'322978'
ACTION SNIPPET 10000 7434 SEEN_PREVIOUSLY b'313524'
ACTION SNIPPET 10000 7437 SEEN_PREVIOUSLY b'1785304'
ACTION QUERY 10000 7447 oceanographic vessels illness
ACTION SERP 10000 7452 EXAMINE_SERP
ACTION SNIPPET 10000 7455 SEEN_PREVIOUSLY b'1564015'
ACTION SNIPPET 10000 7458 SEEN_PREVIOUSLY b'1426960'
ACTION SNIPPET 10000 7461 SEEN_PREVIOUSLY b'137558'
ACTION SNIPPET 10000 7464 SEEN_PREVIOUSLY b'1705267'
ACTION SNIPPET 10000 7467 SEEN_PREVIOUSLY b'344608'
ACTION SNIPPET 10000 7470 SEEN_PREVIOUSLY b'550328'
ACTION SNIPPET 10000 7473 SNIPPET_NOT_RELEVANT b'1590435'
ACTION SNIPPET 10000 7476 SEEN_PREVIOUSLY b'313524'
ACTION SNIPPET 10000 7479 SEEN_PREVIOUSLY b'1785304'
ACTION SNIPPET 10000 7482 SEEN_PREVIOUSLY b'1193304'
ACTION QUERY 10000 7492 oceanographic vessels wreck
ACTION SERP 10000 7497 EXAMINE_SERP
ACTION SNIPPET 10000 7500 SEEN_PREVIOUSLY b'1574510'
ACTION SNIPPET 10000 7503 SNIPPET_RELEVANT b'1456968'
ACTION DOC 10000 7523 EXAMINING_DOCUMENT b'1456968'
ACTION MARK 10000 7526 CONSIDERED_RELEVANT b'1456968'
ACTION SNIPPET 10000 7529 SEEN_PREVIOUSLY b'1564015'
ACTION SNIPPET 10000 7532 SEEN_PREVIOUSLY b'1426960'
ACTION SNIPPET 10000 7535 SNIPPET_RELEVANT b'656939'
ACTION DOC 10000 7555 EXAMINING_DOCUMENT b'656939'
ACTION SNIPPET 10000 7558 SNIPPET_NOT_RELEVANT b'948308'
ACTION SNIPPET 10000 7561 SNIPPET_NOT_RELEVANT b'415009'
ACTION SNIPPET 10000 7564 SNIPPET_NOT_RELEVANT b'19740'
ACTION SNIPPET 10000 7567 SNIPPET_RELEVANT b'92862'
ACTION DOC 10000 7587 EXAMINING_DOCUMENT b'92862'
ACTION MARK 10000 7590 CONSIDERED_RELEVANT b'92862'
ACTION SNIPPET 10000 7593 SEEN_PREVIOUSLY b'137558'
ACTION QUERY 10000 7603 oceanographic vessels harford
ACTION SERP 10000 7608 EXAMINE_SERP
ACTION SNIPPET 10000 7611 SEEN_PREVIOUSLY b'1564015'
ACTION SNIPPET 10000 7614 SEEN_PREVIOUSLY b'1426960'
ACTION SNIPPET 10000 7617 SNIPPET_RELEVANT b'557792'
ACTION DOC 10000 7637 EXAMINING_DOCUMENT b'557792'
ACTION SNIPPET 10000 7640 SNIPPET_RELEVANT b'1764934'
ACTION DOC 10000 7660 EXAMINING_DOCUMENT b'1764934'
ACTION SNIPPET 10000 7663 SNIPPET_NOT_RELEVANT b'147881'
ACTION SNIPPET 10000 7666 SEEN_PREVIOUSLY b'137558'
ACTION SNIPPET 10000 7669 SNIPPET_RELEVANT b'1725831'
ACTION DOC 10000 7689 EXAMINING_DOCUMENT b'1725831'
ACTION SNIPPET 10000 7692 SNIPPET_NOT_RELEVANT b'1281670'
ACTION SNIPPET 10000 7695 SNIPPET_RELEVANT b'1393098'
ACTION DOC 10000 7715 EXAMINING_DOCUMENT b'1393098'
ACTION SNIPPET 10000 7718 SNIPPET_RELEVANT b'191452'
ACTION DOC 10000 7738 EXAMINING_DOCUMENT b'191452'
ACTION QUERY 10000 7748 oceanographic vessels freakonomics
ACTION SERP 10000 7753 EXAMINE_SERP
ACTION SNIPPET 10000 7756 SEEN_PREVIOUSLY b'1564015'
ACTION SNIPPET 10000 7759 SEEN_PREVIOUSLY b'1426960'
ACTION SNIPPET 10000 7762 SEEN_PREVIOUSLY b'137558'
ACTION SNIPPET 10000 7765 SEEN_PREVIOUSLY b'1705267'
ACTION SNIPPET 10000 7768 SEEN_PREVIOUSLY b'344608'
ACTION SNIPPET 10000 7771 SNIPPET_NOT_RELEVANT b'1674045'
ACTION SNIPPET 10000 7774 SEEN_PREVIOUSLY b'550328'
ACTION SNIPPET 10000 7777 SEEN_PREVIOUSLY b'313524'
ACTION SNIPPET 10000 7780 SNIPPET_RELEVANT b'1828532'
ACTION DOC 10000 7800 EXAMINING_DOCUMENT b'1828532'
ACTION SNIPPET 10000 7803 SEEN_PREVIOUSLY b'1785304'
ACTION QUERY 10000 7813 oceanographic vessels boiler
ACTION SERP 10000 7818 EXAMINE_SERP
ACTION SNIPPET 10000 7821 SEEN_PREVIOUSLY b'1564015'
ACTION SNIPPET 10000 7824 SEEN_PREVIOUSLY b'1426960'
ACTION SNIPPET 10000 7827 SNIPPET_NOT_RELEVANT b'248747'
ACTION SNIPPET 10000 7830 SEEN_PREVIOUSLY b'137558'
ACTION SNIPPET 10000 7833 SNIPPET_RELEVANT b'1549673'
ACTION DOC 10000 7853 EXAMINING_DOCUMENT b'1549673'
ACTION SNIPPET 10000 7856 SNIPPET_NOT_RELEVANT b'581139'
ACTION SNIPPET 10000 7859 SNIPPET_NOT_RELEVANT b'762271'
ACTION SNIPPET 10000 7862 SEEN_PREVIOUSLY b'1705267'
ACTION SNIPPET 10000 7865 SEEN_PREVIOUSLY b'344608'
ACTION SNIPPET 10000 7868 SEEN_PREVIOUSLY b'550328'
ACTION QUERY 10000 7878 oceanographic vessels shia
ACTION SERP 10000 7883 EXAMINE_SERP
ACTION SNIPPET 10000 7886 SEEN_PREVIOUSLY b'1564015'
ACTION SNIPPET 10000 7889 SEEN_PREVIOUSLY b'1426960'
ACTION SNIPPET 10000 7892 SEEN_PREVIOUSLY b'137558'
ACTION SNIPPET 10000 7895 SEEN_PREVIOUSLY b'1705267'
ACTION SNIPPET 10000 7898 SEEN_PREVIOUSLY b'344608'
ACTION SNIPPET 10000 7901 SEEN_PREVIOUSLY b'550328'
ACTION SNIPPET 10000 7904 SEEN_PREVIOUSLY b'313524'
ACTION SNIPPET 10000 7907 SNIPPET_NOT_RELEVANT b'1823388'
ACTION SNIPPET 10000 7910 SEEN_PREVIOUSLY b'1785304'
ACTION SNIPPET 10000 7913 SEEN_PREVIOUSLY b'1193304'
ACTION QUERY 10000 7923 oceanographic vessels scrubber
ACTION SERP 10000 7928 EXAMINE_SERP
ACTION SNIPPET 10000 7931 SNIPPET_NOT_RELEVANT b'581139'
ACTION SNIPPET 10000 7934 SEEN_PREVIOUSLY b'1564015'
ACTION SNIPPET 10000 7937 SEEN_PREVIOUSLY b'1426960'
ACTION SNIPPET 10000 7940 SEEN_PREVIOUSLY b'137558'
ACTION SNIPPET 10000 7943 SNIPPET_NOT_RELEVANT b'552481'
ACTION SNIPPET 10000 7946 SNIPPET_RELEVANT b'414000'
ACTION DOC 10000 7966 EXAMINING_DOCUMENT b'414000'
ACTION SNIPPET 10000 7969 SEEN_PREVIOUSLY b'1705267'
ACTION SNIPPET 10000 7972 SEEN_PREVIOUSLY b'344608'
ACTION SNIPPET 10000 7975 SEEN_PREVIOUSLY b'550328'
ACTION SNIPPET 10000 7978 SNIPPET_NOT_RELEVANT b'1446881'
ACTION QUERY 10000 7988 oceanographic vessels clean
ACTION SERP 10000 7993 EXAMINE_SERP
ACTION SNIPPET 10000 7996 SEEN_PREVIOUSLY b'1564015'
ACTION SNIPPET 10000 7999 SEEN_PREVIOUSLY b'313524'
ACTION SNIPPET 10000 8002 SEEN_PREVIOUSLY b'1426960'
ACTION SNIPPET 10000 8005 SEEN_PREVIOUSLY b'331242'
ACTION SNIPPET 10000 8008 SEEN_PREVIOUSLY b'137558'
ACTION SNIPPET 10000 8011 SNIPPET_RELEVANT b'1103101'
ACTION DOC 10000 8031 EXAMINING_DOCUMENT b'1103101'
ACTION SNIPPET 10000 8034 SEEN_PREVIOUSLY b'1705267'
ACTION SNIPPET 10000 8037 SEEN_PREVIOUSLY b'344608'
ACTION SNIPPET 10000 8040 SEEN_PREVIOUSLY b'550328'
ACTION SNIPPET 10000 8043 SEEN_PREVIOUSLY b'1785304'
ACTION QUERY 10000 8053 oceanographic vessels union
ACTION SERP 10000 8058 EXAMINE_SERP
ACTION SNIPPET 10000 8061 SEEN_PREVIOUSLY b'1564015'
ACTION SNIPPET 10000 8064 SEEN_PREVIOUSLY b'1426960'
ACTION SNIPPET 10000 8067 SEEN_PREVIOUSLY b'137558'
ACTION SNIPPET 10000 8070 SEEN_PREVIOUSLY b'1705267'
ACTION SNIPPET 10000 8073 SEEN_PREVIOUSLY b'956507'
ACTION SNIPPET 10000 8076 SEEN_PREVIOUSLY b'344608'
ACTION SNIPPET 10000 8079 SEEN_PREVIOUSLY b'550328'
ACTION SNIPPET 10000 8082 SEEN_PREVIOUSLY b'313524'
ACTION SNIPPET 10000 8085 SEEN_PREVIOUSLY b'1785304'
ACTION SNIPPET 10000 8088 SEEN_PREVIOUSLY b'1193304'
ACTION QUERY 10000 8098 oceanographic vessels roughage
ACTION SERP 10000 8103 EXAMINE_SERP
ACTION SNIPPET 10000 8106 SEEN_PREVIOUSLY b'1564015'
ACTION SNIPPET 10000 8109 SEEN_PREVIOUSLY b'1426960'
ACTION SNIPPET 10000 8112 SEEN_PREVIOUSLY b'137558'
ACTION SNIPPET 10000 8115 SNIPPET_NOT_RELEVANT b'552481'
ACTION SNIPPET 10000 8118 SEEN_PREVIOUSLY b'1705267'
ACTION SNIPPET 10000 8121 SEEN_PREVIOUSLY b'344608'
ACTION SNIPPET 10000 8124 SEEN_PREVIOUSLY b'550328'
ACTION SNIPPET 10000 8127 SNIPPET_NOT_RELEVANT b'692262'
ACTION SNIPPET 10000 8130 SEEN_PREVIOUSLY b'313524'
ACTION SNIPPET 10000 8133 SEEN_PREVIOUSLY b'1785304'
ACTION QUERY 10000 8143 oceanographic vessels meat
ACTION SERP 10000 8148 EXAMINE_SERP
ACTION SNIPPET 10000 8151 SEEN_PREVIOUSLY b'1564015'
ACTION SNIPPET 10000 8154 SEEN_PREVIOUSLY b'1426960'
ACTION SNIPPET 10000 8157 SEEN_PREVIOUSLY b'137558'
ACTION SNIPPET 10000 8160 SEEN_PREVIOUSLY b'1705267'
ACTION SNIPPET 10000 8163 SEEN_PREVIOUSLY b'344608'
ACTION SNIPPET 10000 8166 SEEN_PREVIOUSLY b'550328'
ACTION SNIPPET 10000 8169 SNIPPET_RELEVANT b'1128446'
ACTION DOC 10000 8189 EXAMINING_DOCUMENT b'1128446'
ACTION SNIPPET 10000 8192 SEEN_PREVIOUSLY b'313524'
ACTION SNIPPET 10000 8195 SEEN_PREVIOUSLY b'1785304'
ACTION SNIPPET 10000 8198 SEEN_PREVIOUSLY b'1193304'
ACTION QUERY 10000 8208 oceanographic vessels hurting
ACTION SERP 10000 8213 EXAMINE_SERP
ACTION SNIPPET 10000 8216 SEEN_PREVIOUSLY b'1564015'
ACTION SNIPPET 10000 8219 SEEN_PREVIOUSLY b'1426960'
ACTION SNIPPET 10000 8222 SEEN_PREVIOUSLY b'137558'
ACTION SNIPPET 10000 8225 SEEN_PREVIOUSLY b'1705267'
ACTION SNIPPET 10000 8228 SEEN_PREVIOUSLY b'344608'
ACTION SNIPPET 10000 8231 SEEN_PREVIOUSLY b'550328'
ACTION SNIPPET 10000 8234 SEEN_PREVIOUSLY b'313524'
ACTION SNIPPET 10000 8237 SEEN_PREVIOUSLY b'1785304'
ACTION SNIPPET 10000 8240 SEEN_PREVIOUSLY b'1193304'
ACTION SNIPPET 10000 8243 SEEN_PREVIOUSLY b'23463'
ACTION QUERY 10000 8253 oceanographic vessels wikipedia
ACTION SERP 10000 8258 EXAMINE_SERP
ACTION SNIPPET 10000 8261 SEEN_PREVIOUSLY b'1564015'
ACTION SNIPPET 10000 8264 SEEN_PREVIOUSLY b'1426960'
ACTION SNIPPET 10000 8267 SNIPPET_RELEVANT b'1822349'
ACTION DOC 10000 8287 EXAMINING_DOCUMENT b'1822349'
ACTION SNIPPET 10000 8290 SNIPPET_RELEVANT b'1727145'
ACTION DOC 10000 8310 EXAMINING_DOCUMENT b'1727145'
ACTION SNIPPET 10000 8313 SNIPPET_NOT_RELEVANT b'1827791'
ACTION SNIPPET 10000 8316 SNIPPET_RELEVANT b'1717533'
ACTION DOC 10000 8336 EXAMINING_DOCUMENT b'1717533'
ACTION SNIPPET 10000 8339 SNIPPET_NOT_RELEVANT b'1785297'
ACTION SNIPPET 10000 8342 SNIPPET_RELEVANT b'1722376'
ACTION DOC 10000 8362 EXAMINING_DOCUMENT b'1722376'
ACTION SNIPPET 10000 8365 SNIPPET_NOT_RELEVANT b'1769713'
ACTION SNIPPET 10000 8368 SNIPPET_NOT_RELEVANT b'1830747'
ACTION QUERY 10000 8378 oceanographic vessels seizure
ACTION SERP 10000 8383 EXAMINE_SERP
ACTION SNIPPET 10000 8386 SEEN_PREVIOUSLY b'1564015'
ACTION SNIPPET 10000 8389 SEEN_PREVIOUSLY b'1426960'
ACTION SNIPPET 10000 8392 SNIPPET_NOT_RELEVANT b'1448946'
ACTION SNIPPET 10000 8395 SNIPPET_NOT_RELEVANT b'1056262'
ACTION SNIPPET 10000 8398 SNIPPET_NOT_RELEVANT b'169804'
ACTION SNIPPET 10000 8401 SNIPPET_NOT_RELEVANT b'288661'
ACTION SNIPPET 10000 8404 SEEN_PREVIOUSLY b'137558'
ACTION SNIPPET 10000 8407 SNIPPET_NOT_RELEVANT b'1293572'
ACTION SNIPPET 10000 8410 SNIPPET_NOT_RELEVANT b'357530'
ACTION SNIPPET 10000 8413 SNIPPET_NOT_RELEVANT b'385277'
ACTION QUERY 10000 8423 oceanographic vessels debate
ACTION SERP 10000 8428 EXAMINE_SERP
ACTION SNIPPET 10000 8431 SEEN_PREVIOUSLY b'1564015'
ACTION SNIPPET 10000 8434 SEEN_PREVIOUSLY b'1426960'
ACTION SNIPPET 10000 8437 SEEN_PREVIOUSLY b'137558'
ACTION SNIPPET 10000 8440 SEEN_PREVIOUSLY b'1705267'
ACTION SNIPPET 10000 8443 SEEN_PREVIOUSLY b'344608'
ACTION SNIPPET 10000 8446 SEEN_PREVIOUSLY b'550328'
ACTION SNIPPET 10000 8449 SEEN_PREVIOUSLY b'313524'
ACTION SNIPPET 10000 8452 SEEN_PREVIOUSLY b'1785304'
ACTION SNIPPET 10000 8455 SEEN_PREVIOUSLY b'1193304'
ACTION SNIPPET 10000 8458 SEEN_PREVIOUSLY b'1704562'
ACTION QUERY 10000 8468 oceanographic vessels fw
ACTION SERP 10000 8473 EXAMINE_SERP
ACTION SNIPPET 10000 8476 SEEN_PREVIOUSLY b'1564015'
ACTION SNIPPET 10000 8479 SEEN_PREVIOUSLY b'1426960'
ACTION SNIPPET 10000 8482 SNIPPET_RELEVANT b'108649'
ACTION DOC 10000 8502 EXAMINING_DOCUMENT b'108649'
ACTION SNIPPET 10000 8505 SNIPPET_RELEVANT b'135052'
ACTION DOC 10000 8525 EXAMINING_DOCUMENT b'135052'
ACTION SNIPPET 10000 8528 SNIPPET_NOT_RELEVANT b'290325'
ACTION SNIPPET 10000 8531 SEEN_PREVIOUSLY b'137558'
ACTION SNIPPET 10000 8534 SEEN_PREVIOUSLY b'1705267'
ACTION SNIPPET 10000 8537 SEEN_PREVIOUSLY b'344608'
ACTION SNIPPET 10000 8540 SEEN_PREVIOUSLY b'550328'
ACTION SNIPPET 10000 8543 SEEN_PREVIOUSLY b'313524'
ACTION QUERY 10000 8553 oceanographic vessels meeting
ACTION SERP 10000 8558 EXAMINE_SERP
ACTION SNIPPET 10000 8561 SEEN_PREVIOUSLY b'1564015'
ACTION SNIPPET 10000 8564 SEEN_PREVIOUSLY b'1426960'
ACTION SNIPPET 10000 8567 SEEN_PREVIOUSLY b'137558'
ACTION SNIPPET 10000 8570 SEEN_PREVIOUSLY b'1193304'
ACTION SNIPPET 10000 8573 SEEN_PREVIOUSLY b'1705267'
ACTION SNIPPET 10000 8576 SEEN_PREVIOUSLY b'344608'
ACTION SNIPPET 10000 8579 SEEN_PREVIOUSLY b'550328'
ACTION SNIPPET 10000 8582 SEEN_PREVIOUSLY b'313524'
ACTION SNIPPET 10000 8585 SEEN_PREVIOUSLY b'1785304'
ACTION SNIPPET 10000 8588 SEEN_PREVIOUSLY b'23463'
ACTION QUERY 10000 8598 oceanographic vessels limit
ACTION SERP 10000 8603 EXAMINE_SERP
ACTION SNIPPET 10000 8606 SEEN_PREVIOUSLY b'1426960'
ACTION SNIPPET 10000 8609 SEEN_PREVIOUSLY b'1705267'
ACTION SNIPPET 10000 8612 SEEN_PREVIOUSLY b'1564015'
ACTION SNIPPET 10000 8615 SEEN_PREVIOUSLY b'550328'
ACTION SNIPPET 10000 8618 SEEN_PREVIOUSLY b'137558'
ACTION SNIPPET 10000 8621 SEEN_PREVIOUSLY b'344608'
ACTION SNIPPET 10000 8624 SEEN_PREVIOUSLY b'632636'
ACTION SNIPPET 10000 8627 SEEN_PREVIOUSLY b'313524'
ACTION SNIPPET 10000 8630 SEEN_PREVIOUSLY b'1785304'
ACTION SNIPPET 10000 8633 SEEN_PREVIOUSLY b'1193304'
ACTION QUERY 10000 8643 oceanographic vessels tharp
ACTION SERP 10000 8648 EXAMINE_SERP
ACTION SNIPPET 10000 8651 SEEN_PREVIOUSLY b'1785304'
ACTION SNIPPET 10000 8654 SEEN_PREVIOUSLY b'1787046'
ACTION SNIPPET 10000 8657 SEEN_PREVIOUSLY b'1564015'
ACTION SNIPPET 10000 8660 SEEN_PREVIOUSLY b'1426960'
ACTION SNIPPET 10000 8663 SNIPPET_NOT_RELEVANT b'1815390'
ACTION SNIPPET 10000 8666 SEEN_PREVIOUSLY b'137558'
ACTION SNIPPET 10000 8669 SEEN_PREVIOUSLY b'1705267'
ACTION SNIPPET 10000 8672 SEEN_PREVIOUSLY b'344608'
ACTION SNIPPET 10000 8675 SEEN_PREVIOUSLY b'550328'
ACTION SNIPPET 10000 8678 SEEN_PREVIOUSLY b'313524'
ACTION QUERY 10000 8688 oceanographic vessels moment
ACTION SERP 10000 8693 EXAMINE_SERP
ACTION SNIPPET 10000 8696 SEEN_PREVIOUSLY b'1564015'
ACTION SNIPPET 10000 8699 SEEN_PREVIOUSLY b'1426960'
ACTION SNIPPET 10000 8702 SEEN_PREVIOUSLY b'137558'
ACTION SNIPPET 10000 8705 SEEN_PREVIOUSLY b'1705267'
ACTION SNIPPET 10000 8708 SEEN_PREVIOUSLY b'344608'
ACTION SNIPPET 10000 8711 SEEN_PREVIOUSLY b'550328'
ACTION SNIPPET 10000 8714 SEEN_PREVIOUSLY b'313524'
ACTION SNIPPET 10000 8717 SEEN_PREVIOUSLY b'1785304'
ACTION SNIPPET 10000 8720 SEEN_PREVIOUSLY b'1193304'
ACTION SNIPPET 10000 8723 SEEN_PREVIOUSLY b'23463'
ACTION QUERY 10000 8733 oceanographic vessels neil
ACTION SERP 10000 8738 EXAMINE_SERP
ACTION SNIPPET 10000 8741 SEEN_PREVIOUSLY b'1564015'
ACTION SNIPPET 10000 8744 SEEN_PREVIOUSLY b'1426960'
ACTION SNIPPET 10000 8747 SEEN_PREVIOUSLY b'576730'
ACTION SNIPPET 10000 8750 SEEN_PREVIOUSLY b'137558'
ACTION SNIPPET 10000 8753 SEEN_PREVIOUSLY b'1705267'
ACTION SNIPPET 10000 8756 SEEN_PREVIOUSLY b'344608'
ACTION SNIPPET 10000 8759 SEEN_PREVIOUSLY b'550328'
ACTION SNIPPET 10000 8762 SEEN_PREVIOUSLY b'313524'
ACTION SNIPPET 10000 8765 SEEN_PREVIOUSLY b'1785304'
ACTION SNIPPET 10000 8768 SEEN_PREVIOUSLY b'1193304'
ACTION QUERY 10000 8778 oceanographic vessels dump
ACTION SERP 10000 8783 EXAMINE_SERP
ACTION SNIPPET 10000 8786 SNIPPET_RELEVANT b'415420'
ACTION DOC 10000 8806 EXAMINING_DOCUMENT b'415420'
ACTION MARK 10000 8809 CONSIDERED_RELEVANT b'415420'
ACTION SNIPPET 10000 8812 SNIPPET_NOT_RELEVANT b'495920'
ACTION SNIPPET 10000 8815 SEEN_PREVIOUSLY b'1564015'
ACTION SNIPPET 10000 8818 SEEN_PREVIOUSLY b'1426960'
ACTION SNIPPET 10000 8821 SNIPPET_RELEVANT b'572569'
ACTION DOC 10000 8841 EXAMINING_DOCUMENT b'572569'
ACTION SNIPPET 10000 8844 SEEN_PREVIOUSLY b'1046708'
ACTION SNIPPET 10000 8847 SEEN_PREVIOUSLY b'137558'
ACTION SNIPPET 10000 8850 SNIPPET_RELEVANT b'558238'
ACTION DOC 10000 8870 EXAMINING_DOCUMENT b'558238'
ACTION SNIPPET 10000 8873 SNIPPET_RELEVANT b'571003'
ACTION DOC 10000 8893 EXAMINING_DOCUMENT b'571003'
ACTION SNIPPET 10000 8896 SEEN_PREVIOUSLY b'1705267'
ACTION QUERY 10000 8906 oceanographic vessels jet
ACTION SERP 10000 8911 EXAMINE_SERP
ACTION SNIPPET 10000 8914 SEEN_PREVIOUSLY b'1426960'
ACTION SNIPPET 10000 8917 SEEN_PREVIOUSLY b'1564015'
ACTION SNIPPET 10000 8920 SEEN_PREVIOUSLY b'396767'
ACTION SNIPPET 10000 8923 SEEN_PREVIOUSLY b'137558'
ACTION SNIPPET 10000 8926 SEEN_PREVIOUSLY b'1705267'
ACTION SNIPPET 10000 8929 SEEN_PREVIOUSLY b'344608'
ACTION SNIPPET 10000 8932 SNIPPET_RELEVANT b'782532'
ACTION DOC 10000 8952 EXAMINING_DOCUMENT b'782532'
ACTION SNIPPET 10000 8955 SEEN_PREVIOUSLY b'550328'
ACTION SNIPPET 10000 8958 SEEN_PREVIOUSLY b'313524'
ACTION SNIPPET 10000 8961 SEEN_PREVIOUSLY b'1785304'
ACTION QUERY 10000 8971 oceanographic vessels cg
ACTION SERP 10000 8976 EXAMINE_SERP
ACTION SNIPPET 10000 8979 SEEN_PREVIOUSLY b'1564015'
ACTION SNIPPET 10000 8982 SEEN_PREVIOUSLY b'1426960'
ACTION SNIPPET 10000 8985 SNIPPET_NOT_RELEVANT b'686493'
ACTION SNIPPET 10000 8988 SNIPPET_NOT_RELEVANT b'754444'
ACTION SNIPPET 10000 8991 SEEN_PREVIOUSLY b'137558'
ACTION SNIPPET 10000 8994 SNIPPET_NOT_RELEVANT b'705468'
ACTION SNIPPET 10000 8997 SNIPPET_RELEVANT b'761515'
ACTION DOC 10000 9017 EXAMINING_DOCUMENT b'761515'
ACTION SNIPPET 10000 9020 SNIPPET_NOT_RELEVANT b'724086'
ACTION SNIPPET 10000 9023 SNIPPET_RELEVANT b'781224'
ACTION DOC 10000 9043 EXAMINING_DOCUMENT b'781224'
ACTION SNIPPET 10000 9046 SNIPPET_RELEVANT b'1596172'
ACTION DOC 10000 9066 EXAMINING_DOCUMENT b'1596172'
ACTION QUERY 10000 9076 oceanographic vessels intruders
ACTION SERP 10000 9081 EXAMINE_SERP
ACTION SNIPPET 10000 9084 SEEN_PREVIOUSLY b'1564015'
ACTION SNIPPET 10000 9087 SEEN_PREVIOUSLY b'1426960'
ACTION SNIPPET 10000 9090 SNIPPET_RELEVANT b'239243'
ACTION DOC 10000 9110 EXAMINING_DOCUMENT b'239243'
ACTION SNIPPET 10000 9113 SEEN_PREVIOUSLY b'137558'
ACTION SNIPPET 10000 9116 SNIPPET_RELEVANT b'1070605'
ACTION DOC 10000 9136 EXAMINING_DOCUMENT b'1070605'
ACTION SNIPPET 10000 9139 SNIPPET_RELEVANT b'1113998'
ACTION DOC 10000 9159 EXAMINING_DOCUMENT b'1113998'
ACTION SNIPPET 10000 9162 SEEN_PREVIOUSLY b'1705267'
ACTION SNIPPET 10000 9165 SEEN_PREVIOUSLY b'344608'
ACTION SNIPPET 10000 9168 SNIPPET_NOT_RELEVANT b'1193665'
ACTION SNIPPET 10000 9171 SEEN_PREVIOUSLY b'550328'
ACTION QUERY 10000 9181 oceanographic vessels critically
ACTION SERP 10000 9186 EXAMINE_SERP
ACTION SNIPPET 10000 9189 SEEN_PREVIOUSLY b'1564015'
ACTION SNIPPET 10000 9192 SEEN_PREVIOUSLY b'1426960'
ACTION SNIPPET 10000 9195 SEEN_PREVIOUSLY b'137558'
ACTION SNIPPET 10000 9198 SEEN_PREVIOUSLY b'1705267'
ACTION SNIPPET 10000 9201 SEEN_PREVIOUSLY b'344608'
ACTION SNIPPET 10000 9204 SEEN_PREVIOUSLY b'550328'
ACTION SNIPPET 10000 9207 SEEN_PREVIOUSLY b'313524'
ACTION SNIPPET 10000 9210 SEEN_PREVIOUSLY b'1785304'
ACTION SNIPPET 10000 9213 SEEN_PREVIOUSLY b'1193304'
ACTION SNIPPET 10000 9216 SEEN_PREVIOUSLY b'23463'
ACTION QUERY 10000 9226 oceanographic vessels japans
ACTION SERP 10000 9231 EXAMINE_SERP
ACTION SNIPPET 10000 9234 SEEN_PREVIOUSLY b'1564015'
ACTION SNIPPET 10000 9237 SEEN_PREVIOUSLY b'1705267'
ACTION SNIPPET 10000 9240 SEEN_PREVIOUSLY b'1426960'
ACTION SNIPPET 10000 9243 SEEN_PREVIOUSLY b'137558'
ACTION SNIPPET 10000 9246 SNIPPET_NOT_RELEVANT b'51474'
ACTION SNIPPET 10000 9249 SEEN_PREVIOUSLY b'238454'
ACTION SNIPPET 10000 9252 SEEN_PREVIOUSLY b'344608'
ACTION SNIPPET 10000 9255 SEEN_PREVIOUSLY b'558238'
ACTION SNIPPET 10000 9258 SEEN_PREVIOUSLY b'550328'
ACTION SNIPPET 10000 9261 SEEN_PREVIOUSLY b'313524'
ACTION QUERY 10000 9271 oceanographic vessels infections
ACTION SERP 10000 9276 EXAMINE_SERP
ACTION SNIPPET 10000 9279 SEEN_PREVIOUSLY b'1564015'
ACTION SNIPPET 10000 9282 SEEN_PREVIOUSLY b'1426960'
ACTION SNIPPET 10000 9285 SEEN_PREVIOUSLY b'137558'
ACTION SNIPPET 10000 9288 SEEN_PREVIOUSLY b'1705267'
ACTION SNIPPET 10000 9291 SNIPPET_RELEVANT b'1613034'
ACTION DOC 10000 9311 EXAMINING_DOCUMENT b'1613034'
ACTION SNIPPET 10000 9314 SEEN_PREVIOUSLY b'344608'
ACTION SNIPPET 10000 9317 SEEN_PREVIOUSLY b'550328'
ACTION SNIPPET 10000 9320 SEEN_PREVIOUSLY b'313524'
ACTION SNIPPET 10000 9323 SEEN_PREVIOUSLY b'1785304'
ACTION SNIPPET 10000 9326 SEEN_PREVIOUSLY b'1193304'
ACTION QUERY 10000 9336 oceanographic vessels bypasses
ACTION SERP 10000 9341 EXAMINE_SERP
ACTION SNIPPET 10000 9344 SEEN_PREVIOUSLY b'1564015'
ACTION SNIPPET 10000 9347 SNIPPET_NOT_RELEVANT b'997650'
ACTION SNIPPET 10000 9350 SNIPPET_RELEVANT b'1150049'
ACTION DOC 10000 9370 EXAMINING_DOCUMENT b'1150049'
ACTION SNIPPET 10000 9373 SNIPPET_NOT_RELEVANT b'161008'
ACTION SNIPPET 10000 9376 SEEN_PREVIOUSLY b'1426960'
ACTION SNIPPET 10000 9379 SNIPPET_NOT_RELEVANT b'169180'
ACTION SNIPPET 10000 9382 SNIPPET_NOT_RELEVANT b'1269252'
ACTION SNIPPET 10000 9385 SNIPPET_RELEVANT b'1336233'
ACTION DOC 10000 9405 EXAMINING_DOCUMENT b'1336233'
ACTION SNIPPET 10000 9408 SNIPPET_NOT_RELEVANT b'1275791'
ACTION SNIPPET 10000 9411 SNIPPET_NOT_RELEVANT b'695950'
ACTION QUERY 10000 9421 oceanographic vessels cardiac
ACTION SERP 10000 9426 EXAMINE_SERP
ACTION SNIPPET 10000 9429 SEEN_PREVIOUSLY b'1564015'
ACTION SNIPPET 10000 9432 SEEN_PREVIOUSLY b'1426960'
ACTION SNIPPET 10000 9435 SNIPPET_NOT_RELEVANT b'796586'
ACTION SNIPPET 10000 9438 SNIPPET_NOT_RELEVANT b'796735'
ACTION SNIPPET 10000 9441 SNIPPET_NOT_RELEVANT b'1360527'
ACTION SNIPPET 10000 9444 SEEN_PREVIOUSLY b'137558'
ACTION SNIPPET 10000 9447 SNIPPET_NOT_RELEVANT b'1454479'
ACTION SNIPPET 10000 9450 SNIPPET_RELEVANT b'392359'
ACTION DOC 10000 9470 EXAMINING_DOCUMENT b'392359'
ACTION SNIPPET 10000 9473 SNIPPET_NOT_RELEVANT b'634645'
ACTION SNIPPET 10000 9476 SNIPPET_NOT_RELEVANT b'823999'
ACTION QUERY 10000 9486 oceanographic vessels treats
ACTION SERP 10000 9491 EXAMINE_SERP
ACTION SNIPPET 10000 9494 SEEN_PREVIOUSLY b'1564015'
ACTION SNIPPET 10000 9497 SEEN_PREVIOUSLY b'1426960'
ACTION SNIPPET 10000 9500 SEEN_PREVIOUSLY b'137558'
ACTION SNIPPET 10000 9503 SEEN_PREVIOUSLY b'1705267'
ACTION SNIPPET 10000 9506 SEEN_PREVIOUSLY b'344608'
ACTION SNIPPET 10000 9509 SEEN_PREVIOUSLY b'550328'
ACTION SNIPPET 10000 9512 SEEN_PREVIOUSLY b'313524'
ACTION SNIPPET 10000 9515 SEEN_PREVIOUSLY b'1785304'
ACTION SNIPPET 10000 9518 SEEN_PREVIOUSLY b'1193304'
ACTION SNIPPET 10000 9521 SEEN_PREVIOUSLY b'266702'
ACTION QUERY 10000 9531 oceanographic vessels improving
ACTION SERP 10000 9536 EXAMINE_SERP
ACTION SNIPPET 10000 9539 SEEN_PREVIOUSLY b'1564015'
ACTION SNIPPET 10000 9542 SEEN_PREVIOUSLY b'1426960'
ACTION SNIPPET 10000 9545 SEEN_PREVIOUSLY b'137558'
ACTION SNIPPET 10000 9548 SEEN_PREVIOUSLY b'1705267'
ACTION SNIPPET 10000 9551 SEEN_PREVIOUSLY b'344608'
ACTION SNIPPET 10000 9554 SEEN_PREVIOUSLY b'550328'
ACTION SNIPPET 10000 9557 SEEN_PREVIOUSLY b'313524'
ACTION SNIPPET 10000 9560 SEEN_PREVIOUSLY b'1785304'
ACTION SNIPPET 10000 9563 SEEN_PREVIOUSLY b'1193304'
ACTION SNIPPET 10000 9566 SNIPPET_NOT_RELEVANT b'1599780'
ACTION QUERY 10000 9576 oceanographic vessels enroll
ACTION SERP 10000 9581 EXAMINE_SERP
ACTION SNIPPET 10000 9584 SEEN_PREVIOUSLY b'1564015'
ACTION SNIPPET 10000 9587 SEEN_PREVIOUSLY b'1426960'
ACTION SNIPPET 10000 9590 SEEN_PREVIOUSLY b'137558'
ACTION SNIPPET 10000 9593 SEEN_PREVIOUSLY b'1705267'
ACTION SNIPPET 10000 9596 SEEN_PREVIOUSLY b'344608'
ACTION SNIPPET 10000 9599 SEEN_PREVIOUSLY b'550328'
ACTION SNIPPET 10000 9602 SEEN_PREVIOUSLY b'313524'
ACTION SNIPPET 10000 9605 SEEN_PREVIOUSLY b'1785304'
ACTION SNIPPET 10000 9608 SEEN_PREVIOUSLY b'1193304'
ACTION SNIPPET 10000 9611 SEEN_PREVIOUSLY b'23463'
ACTION QUERY 10000 9621 oceanographic vessels decrease
ACTION SERP 10000 9626 EXAMINE_SERP
ACTION SNIPPET 10000 9629 SEEN_PREVIOUSLY b'1564015'
ACTION SNIPPET 10000 9632 SEEN_PREVIOUSLY b'1426960'
ACTION SNIPPET 10000 9635 SEEN_PREVIOUSLY b'137558'
ACTION SNIPPET 10000 9638 SNIPPET_RELEVANT b'1303368'
ACTION DOC 10000 9658 EXAMINING_DOCUMENT b'1303368'
ACTION MARK 10000 9661 CONSIDERED_RELEVANT b'1303368'
ACTION SNIPPET 10000 9664 SNIPPET_RELEVANT b'113557'
ACTION DOC 10000 9684 EXAMINING_DOCUMENT b'113557'
ACTION SNIPPET 10000 9687 SEEN_PREVIOUSLY b'1705267'
ACTION SNIPPET 10000 9690 SEEN_PREVIOUSLY b'344608'
ACTION SNIPPET 10000 9693 SEEN_PREVIOUSLY b'550328'
ACTION SNIPPET 10000 9696 SEEN_PREVIOUSLY b'313524'
ACTION SNIPPET 10000 9699 SEEN_PREVIOUSLY b'1785304'
ACTION QUERY 10000 9709 oceanographic vessels birla
ACTION SERP 10000 9714 EXAMINE_SERP
ACTION SNIPPET 10000 9717 SNIPPET_NOT_RELEVANT b'635029'
ACTION SNIPPET 10000 9720 SNIPPET_NOT_RELEVANT b'634645'
ACTION SNIPPET 10000 9723 SNIPPET_NOT_RELEVANT b'793068'
ACTION SNIPPET 10000 9726 SNIPPET_RELEVANT b'793339'
ACTION DOC 10000 9746 EXAMINING_DOCUMENT b'793339'
ACTION SNIPPET 10000 9749 SNIPPET_RELEVANT b'1825722'
ACTION DOC 10000 9769 EXAMINING_DOCUMENT b'1825722'
ACTION SNIPPET 10000 9772 SEEN_PREVIOUSLY b'1564015'
ACTION SNIPPET 10000 9775 SEEN_PREVIOUSLY b'1426960'
ACTION SNIPPET 10000 9778 SNIPPET_NOT_RELEVANT b'1305753'
ACTION SNIPPET 10000 9781 SEEN_PREVIOUSLY b'137558'
ACTION SNIPPET 10000 9784 SEEN_PREVIOUSLY b'1705267'
ACTION QUERY 10000 9794 oceanographic vessels mike
ACTION SERP 10000 9799 EXAMINE_SERP
ACTION SNIPPET 10000 9802 SEEN_PREVIOUSLY b'1564015'
ACTION SNIPPET 10000 9805 SEEN_PREVIOUSLY b'1426960'
ACTION SNIPPET 10000 9808 SEEN_PREVIOUSLY b'137558'
ACTION SNIPPET 10000 9811 SEEN_PREVIOUSLY b'1705267'
ACTION SNIPPET 10000 9814 SEEN_PREVIOUSLY b'344608'
ACTION SNIPPET 10000 9817 SEEN_PREVIOUSLY b'550328'
ACTION SNIPPET 10000 9820 SEEN_PREVIOUSLY b'313524'
ACTION SNIPPET 10000 9823 SEEN_PREVIOUSLY b'1785304'
ACTION SNIPPET 10000 9826 SEEN_PREVIOUSLY b'1193304'
ACTION SNIPPET 10000 9829 SEEN_PREVIOUSLY b'23463'
ACTION QUERY 10000 9839 oceanographic vessels term
ACTION SERP 10000 9844 EXAMINE_SERP
ACTION SNIPPET 10000 9847 SEEN_PREVIOUSLY b'137558'
ACTION SNIPPET 10000 9850 SEEN_PREVIOUSLY b'1564015'
ACTION SNIPPET 10000 9853 SEEN_PREVIOUSLY b'1426960'
ACTION SNIPPET 10000 9856 SEEN_PREVIOUSLY b'1705267'
ACTION SNIPPET 10000 9859 SEEN_PREVIOUSLY b'344608'
ACTION SNIPPET 10000 9862 SEEN_PREVIOUSLY b'550328'
ACTION SNIPPET 10000 9865 SEEN_PREVIOUSLY b'313524'
ACTION SNIPPET 10000 9868 SNIPPET_NOT_RELEVANT b'1844281'
ACTION SNIPPET 10000 9871 SEEN_PREVIOUSLY b'1785304'
ACTION SNIPPET 10000 9874 SEEN_PREVIOUSLY b'1193304'
ACTION QUERY 10000 9884 oceanographic vessels economists
ACTION SERP 10000 9889 EXAMINE_SERP
ACTION SNIPPET 10000 9892 SEEN_PREVIOUSLY b'1564015'
ACTION SNIPPET 10000 9895 SEEN_PREVIOUSLY b'1426960'
ACTION SNIPPET 10000 9898 SEEN_PREVIOUSLY b'137558'
ACTION SNIPPET 10000 9901 SEEN_PREVIOUSLY b'1705267'
ACTION SNIPPET 10000 9904 SEEN_PREVIOUSLY b'344608'
ACTION SNIPPET 10000 9907 SEEN_PREVIOUSLY b'173074'
ACTION SNIPPET 10000 9910 SEEN_PREVIOUSLY b'550328'
ACTION SNIPPET 10000 9913 SEEN_PREVIOUSLY b'313524'
ACTION SNIPPET 10000 9916 SEEN_PREVIOUSLY b'1785304'
ACTION SNIPPET 10000 9919 SEEN_PREVIOUSLY b'1193304'
ACTION QUERY 10000 9929 oceanographic vessels historical
ACTION SERP 10000 9934 EXAMINE_SERP
ACTION SNIPPET 10000 9937 SEEN_PREVIOUSLY b'1564015'
ACTION SNIPPET 10000 9940 SEEN_PREVIOUSLY b'1426960'
ACTION SNIPPET 10000 9943 SEEN_PREVIOUSLY b'1574510'
ACTION SNIPPET 10000 9946 SEEN_PREVIOUSLY b'137558'
ACTION SNIPPET 10000 9949 SNIPPET_RELEVANT b'1653987'
ACTION DOC 10000 9969 EXAMINING_DOCUMENT b'1653987'
ACTION SNIPPET 10000 9972 SEEN_PREVIOUSLY b'632636'
ACTION SNIPPET 10000 9975 SEEN_PREVIOUSLY b'1705267'
ACTION SNIPPET 10000 9978 SEEN_PREVIOUSLY b'344608'
ACTION SNIPPET 10000 9981 SEEN_PREVIOUSLY b'550328'
ACTION SNIPPET 10000 9984 SEEN_PREVIOUSLY b'313524'
ACTION QUERY 10000 9994 oceanographic vessels canada
ACTION SERP 10000 9999 EXAMINE_SERP
ACTION SNIPPET 10000 10002 SEEN_PREVIOUSLY b'1564015'
INFO SUMMARY 
INFO TOTAL_QUERIES_ISSUED 140
INFO TOTAL_SNIPPETS_EXAMINED 1391
INFO TOTAL_DOCUMENTS_EXAMINED 177
INFO TOTAL_DOCUMENTS_MARKED_RELEVANT 63
INFO TOTAL_ATTRACTIVE_SERP_IMPRESSIONS 140
INFO TOTAL_UNATTRACTIVE_SERP_IMPRESSIONS 0
