ACTION QUERY 10000 10 art stolen forged
ACTION SERP 10000 15 EXAMINE_SERP
ACTION SNIPPET 10000 18 SNIPPET_RELEVANT b'1234832'
ACTION DOC 10000 38 EXAMINING_DOCUMENT b'1234832'
ACTION MARK 10000 41 CONSIDERED_RELEVANT b'1234832'
ACTION SNIPPET 10000 44 SNIPPET_RELEVANT b'858730'
ACTION DOC 10000 64 EXAMINING_DOCUMENT b'858730'
ACTION MARK 10000 67 CONSIDERED_RELEVANT b'858730'
ACTION SNIPPET 10000 70 SNIPPET_RELEVANT b'1606614'
ACTION DOC 10000 90 EXAMINING_DOCUMENT b'1606614'
ACTION MARK 10000 93 CONSIDERED_RELEVANT b'1606614'
ACTION SNIPPET 10000 96 SNIPPET_RELEVANT b'875458'
ACTION DOC 10000 116 EXAMINING_DOCUMENT b'875458'
ACTION SNIPPET 10000 119 SNIPPET_RELEVANT b'1470574'
ACTION DOC 10000 139 EXAMINING_DOCUMENT b'1470574'
ACTION MARK 10000 142 CONSIDERED_RELEVANT b'1470574'
ACTION SNIPPET 10000 145 SNIPPET_RELEVANT b'825133'
ACTION DOC 10000 165 EXAMINING_DOCUMENT b'825133'
ACTION SNIPPET 10000 168 SNIPPET_NOT_RELEVANT b'951825'
ACTION SNIPPET 10000 171 SNIPPET_RELEVANT b'154819'
ACTION DOC 10000 191 EXAMINING_DOCUMENT b'154819'
ACTION SNIPPET 10000 194 SNIPPET_RELEVANT b'1799658'
ACTION DOC 10000 214 EXAMINING_DOCUMENT b'1799658'
ACTION MARK 10000 217 CONSIDERED_RELEVANT b'1799658'
ACTION SNIPPET 10000 220 SNIPPET_RELEVANT b'1729989'
ACTION DOC 10000 240 EXAMINING_DOCUMENT b'1729989'
ACTION QUERY 10000 250 art stolen forged stolen
ACTION SERP 10000 255 EXAMINE_SERP
ACTION SNIPPET 10000 258 SEEN_PREVIOUSLY b'1234832'
ACTION SNIPPET 10000 261 SEEN_PREVIOUSLY b'1606614'
ACTION SNIPPET 10000 264 SNIPPET_RELEVANT b'951825'
ACTION DOC 10000 284 EXAMINING_DOCUMENT b'951825'
ACTION SNIPPET 10000 287 SEEN_PREVIOUSLY b'825133'
ACTION SNIPPET 10000 290 SEEN_PREVIOUSLY b'1470574'
ACTION SNIPPET 10000 293 SEEN_PREVIOUSLY b'875458'
ACTION SNIPPET 10000 296 SEEN_PREVIOUSLY b'154819'
ACTION SNIPPET 10000 299 SNIPPET_RELEVANT b'1786486'
ACTION DOC 10000 319 EXAMINING_DOCUMENT b'1786486'
ACTION SNIPPET 10000 322 SEEN_PREVIOUSLY b'858730'
ACTION SNIPPET 10000 325 SEEN_PREVIOUSLY b'1799658'
ACTION QUERY 10000 335 art stolen forged decorative
ACTION SERP 10000 340 EXAMINE_SERP
ACTION SNIPPET 10000 343 SNIPPET_RELEVANT b'230420'
ACTION DOC 10000 363 EXAMINING_DOCUMENT b'230420'
ACTION MARK 10000 366 CONSIDERED_RELEVANT b'230420'
ACTION SNIPPET 10000 369 SEEN_PREVIOUSLY b'1234832'
ACTION SNIPPET 10000 372 SEEN_PREVIOUSLY b'858730'
ACTION SNIPPET 10000 375 SNIPPET_RELEVANT b'235021'
ACTION DOC 10000 395 EXAMINING_DOCUMENT b'235021'
ACTION MARK 10000 398 CONSIDERED_RELEVANT b'235021'
ACTION SNIPPET 10000 401 SEEN_PREVIOUSLY b'1606614'
ACTION SNIPPET 10000 404 SNIPPET_RELEVANT b'698787'
ACTION DOC 10000 424 EXAMINING_DOCUMENT b'698787'
ACTION MARK 10000 427 CONSIDERED_RELEVANT b'698787'
ACTION SNIPPET 10000 430 SEEN_PREVIOUSLY b'875458'
ACTION SNIPPET 10000 433 SNIPPET_RELEVANT b'546803'
ACTION DOC 10000 453 EXAMINING_DOCUMENT b'546803'
ACTION MARK 10000 456 CONSIDERED_RELEVANT b'546803'
ACTION SNIPPET 10000 459 SNIPPET_RELEVANT b'680011'
ACTION DOC 10000 479 EXAMINING_DOCUMENT b'680011'
ACTION MARK 10000 482 CONSIDERED_RELEVANT b'680011'
ACTION SNIPPET 10000 485 SEEN_PREVIOUSLY b'1470574'
ACTION QUERY 10000 495 art stolen forged software
ACTION SERP 10000 500 EXAMINE_SERP
ACTION SNIPPET 10000 503 SEEN_PREVIOUSLY b'1234832'
ACTION SNIPPET 10000 506 SEEN_PREVIOUSLY b'858730'
ACTION SNIPPET 10000 509 SEEN_PREVIOUSLY b'1606614'
ACTION SNIPPET 10000 512 SEEN_PREVIOUSLY b'875458'
ACTION SNIPPET 10000 515 SEEN_PREVIOUSLY b'1470574'
ACTION SNIPPET 10000 518 SNIPPET_NOT_RELEVANT b'1489054'
ACTION SNIPPET 10000 521 SEEN_PREVIOUSLY b'825133'
ACTION SNIPPET 10000 524 SEEN_PREVIOUSLY b'951825'
ACTION SNIPPET 10000 527 SNIPPET_NOT_RELEVANT b'668082'
ACTION SNIPPET 10000 530 SEEN_PREVIOUSLY b'154819'
ACTION QUERY 10000 540 art stolen forged pirated
ACTION SERP 10000 545 EXAMINE_SERP
ACTION SNIPPET 10000 548 SNIPPET_NOT_RELEVANT b'1136639'
ACTION SNIPPET 10000 551 SEEN_PREVIOUSLY b'1234832'
ACTION SNIPPET 10000 554 SNIPPET_NOT_RELEVANT b'1386644'
ACTION SNIPPET 10000 557 SEEN_PREVIOUSLY b'858730'
ACTION SNIPPET 10000 560 SEEN_PREVIOUSLY b'1606614'
ACTION SNIPPET 10000 563 SNIPPET_NOT_RELEVANT b'477744'
ACTION SNIPPET 10000 566 SNIPPET_RELEVANT b'1573004'
ACTION DOC 10000 586 EXAMINING_DOCUMENT b'1573004'
ACTION SNIPPET 10000 589 SEEN_PREVIOUSLY b'875458'
ACTION SNIPPET 10000 592 SNIPPET_NOT_RELEVANT b'1445315'
ACTION SNIPPET 10000 595 SEEN_PREVIOUSLY b'1470574'
ACTION QUERY 10000 605 art stolen forged movies
ACTION SERP 10000 610 EXAMINE_SERP
ACTION SNIPPET 10000 613 SEEN_PREVIOUSLY b'1234832'
ACTION SNIPPET 10000 616 SEEN_PREVIOUSLY b'858730'
ACTION SNIPPET 10000 619 SEEN_PREVIOUSLY b'1606614'
ACTION SNIPPET 10000 622 SEEN_PREVIOUSLY b'875458'
ACTION SNIPPET 10000 625 SNIPPET_RELEVANT b'1478878'
ACTION DOC 10000 645 EXAMINING_DOCUMENT b'1478878'
ACTION MARK 10000 648 CONSIDERED_RELEVANT b'1478878'
ACTION SNIPPET 10000 651 SEEN_PREVIOUSLY b'1470574'
ACTION SNIPPET 10000 654 SEEN_PREVIOUSLY b'825133'
ACTION SNIPPET 10000 657 SEEN_PREVIOUSLY b'951825'
ACTION SNIPPET 10000 660 SEEN_PREVIOUSLY b'154819'
ACTION SNIPPET 10000 663 SNIPPET_RELEVANT b'1173487'
ACTION DOC 10000 683 EXAMINING_DOCUMENT b'1173487'
ACTION MARK 10000 686 CONSIDERED_RELEVANT b'1173487'
ACTION QUERY 10000 696 art stolen forged art
ACTION SERP 10000 701 EXAMINE_SERP
ACTION SNIPPET 10000 704 SEEN_PREVIOUSLY b'1234832'
ACTION SNIPPET 10000 707 SEEN_PREVIOUSLY b'858730'
ACTION SNIPPET 10000 710 SEEN_PREVIOUSLY b'1606614'
ACTION SNIPPET 10000 713 SEEN_PREVIOUSLY b'1470574'
ACTION SNIPPET 10000 716 SEEN_PREVIOUSLY b'875458'
ACTION SNIPPET 10000 719 SNIPPET_RELEVANT b'1794609'
ACTION DOC 10000 739 EXAMINING_DOCUMENT b'1794609'
ACTION MARK 10000 742 CONSIDERED_RELEVANT b'1794609'
ACTION SNIPPET 10000 745 SNIPPET_RELEVANT b'1237592'
ACTION DOC 10000 765 EXAMINING_DOCUMENT b'1237592'
ACTION MARK 10000 768 CONSIDERED_RELEVANT b'1237592'
ACTION SNIPPET 10000 771 SNIPPET_RELEVANT b'1486881'
ACTION DOC 10000 791 EXAMINING_DOCUMENT b'1486881'
ACTION MARK 10000 794 CONSIDERED_RELEVANT b'1486881'
ACTION SNIPPET 10000 797 SNIPPET_NOT_RELEVANT b'300331'
ACTION SNIPPET 10000 800 SNIPPET_RELEVANT b'945594'
ACTION DOC 10000 820 EXAMINING_DOCUMENT b'945594'
ACTION QUERY 10000 830 art stolen forged music
ACTION SERP 10000 835 EXAMINE_SERP
ACTION SNIPPET 10000 838 SEEN_PREVIOUSLY b'1234832'
ACTION SNIPPET 10000 841 SEEN_PREVIOUSLY b'858730'
ACTION SNIPPET 10000 844 SEEN_PREVIOUSLY b'1606614'
ACTION SNIPPET 10000 847 SEEN_PREVIOUSLY b'1799658'
ACTION SNIPPET 10000 850 SEEN_PREVIOUSLY b'875458'
ACTION SNIPPET 10000 853 SEEN_PREVIOUSLY b'1478878'
ACTION SNIPPET 10000 856 SEEN_PREVIOUSLY b'1470574'
ACTION SNIPPET 10000 859 SEEN_PREVIOUSLY b'825133'
ACTION SNIPPET 10000 862 SEEN_PREVIOUSLY b'951825'
ACTION SNIPPET 10000 865 SEEN_PREVIOUSLY b'154819'
ACTION QUERY 10000 875 art stolen forged incidents
ACTION SERP 10000 880 EXAMINE_SERP
ACTION SNIPPET 10000 883 SEEN_PREVIOUSLY b'1606614'
ACTION SNIPPET 10000 886 SEEN_PREVIOUSLY b'1237592'
ACTION SNIPPET 10000 889 SEEN_PREVIOUSLY b'1234832'
ACTION SNIPPET 10000 892 SEEN_PREVIOUSLY b'858730'
ACTION SNIPPET 10000 895 SEEN_PREVIOUSLY b'875458'
ACTION SNIPPET 10000 898 SNIPPET_NOT_RELEVANT b'1264034'
ACTION SNIPPET 10000 901 SEEN_PREVIOUSLY b'1470574'
ACTION SNIPPET 10000 904 SEEN_PREVIOUSLY b'825133'
ACTION SNIPPET 10000 907 SEEN_PREVIOUSLY b'951825'
ACTION SNIPPET 10000 910 SEEN_PREVIOUSLY b'154819'
ACTION QUERY 10000 920 art stolen forged instances
ACTION SERP 10000 925 EXAMINE_SERP
ACTION SNIPPET 10000 928 SEEN_PREVIOUSLY b'1234832'
ACTION SNIPPET 10000 931 SEEN_PREVIOUSLY b'1606614'
ACTION SNIPPET 10000 934 SEEN_PREVIOUSLY b'858730'
ACTION SNIPPET 10000 937 SEEN_PREVIOUSLY b'875458'
ACTION SNIPPET 10000 940 SNIPPET_RELEVANT b'1106730'
ACTION DOC 10000 960 EXAMINING_DOCUMENT b'1106730'
ACTION MARK 10000 963 CONSIDERED_RELEVANT b'1106730'
ACTION SNIPPET 10000 966 SEEN_PREVIOUSLY b'1470574'
ACTION SNIPPET 10000 969 SEEN_PREVIOUSLY b'825133'
ACTION SNIPPET 10000 972 SEEN_PREVIOUSLY b'951825'
ACTION SNIPPET 10000 975 SEEN_PREVIOUSLY b'154819'
ACTION SNIPPET 10000 978 SNIPPET_NOT_RELEVANT b'689544'
ACTION QUERY 10000 988 art stolen forged media
ACTION SERP 10000 993 EXAMINE_SERP
ACTION SNIPPET 10000 996 SEEN_PREVIOUSLY b'1234832'
ACTION SNIPPET 10000 999 SEEN_PREVIOUSLY b'1799658'
ACTION SNIPPET 10000 1002 SEEN_PREVIOUSLY b'858730'
ACTION SNIPPET 10000 1005 SEEN_PREVIOUSLY b'1606614'
ACTION SNIPPET 10000 1008 SEEN_PREVIOUSLY b'875458'
ACTION SNIPPET 10000 1011 SEEN_PREVIOUSLY b'1470574'
ACTION SNIPPET 10000 1014 SEEN_PREVIOUSLY b'825133'
ACTION SNIPPET 10000 1017 SEEN_PREVIOUSLY b'951825'
ACTION SNIPPET 10000 1020 SNIPPET_RELEVANT b'1213111'
ACTION DOC 10000 1040 EXAMINING_DOCUMENT b'1213111'
ACTION SNIPPET 10000 1043 SEEN_PREVIOUSLY b'154819'
ACTION QUERY 10000 1053 art stolen forged stealing
ACTION SERP 10000 1058 EXAMINE_SERP
ACTION SNIPPET 10000 1061 SEEN_PREVIOUSLY b'154819'
ACTION SNIPPET 10000 1064 SEEN_PREVIOUSLY b'1606614'
ACTION SNIPPET 10000 1067 SEEN_PREVIOUSLY b'1729989'
ACTION SNIPPET 10000 1070 SEEN_PREVIOUSLY b'825133'
ACTION SNIPPET 10000 1073 SNIPPET_RELEVANT b'155008'
ACTION DOC 10000 1093 EXAMINING_DOCUMENT b'155008'
ACTION SNIPPET 10000 1096 SNIPPET_NOT_RELEVANT b'224754'
ACTION SNIPPET 10000 1099 SNIPPET_NOT_RELEVANT b'240621'
ACTION SNIPPET 10000 1102 SNIPPET_NOT_RELEVANT b'209888'
ACTION SNIPPET 10000 1105 SNIPPET_RELEVANT b'1392968'
ACTION DOC 10000 1125 EXAMINING_DOCUMENT b'1392968'
ACTION MARK 10000 1128 CONSIDERED_RELEVANT b'1392968'
ACTION SNIPPET 10000 1131 SNIPPET_NOT_RELEVANT b'314123'
ACTION QUERY 10000 1141 art stolen forged vault
ACTION SERP 10000 1146 EXAMINE_SERP
ACTION SNIPPET 10000 1149 SNIPPET_RELEVANT b'363429'
ACTION DOC 10000 1169 EXAMINING_DOCUMENT b'363429'
ACTION MARK 10000 1172 CONSIDERED_RELEVANT b'363429'
ACTION SNIPPET 10000 1175 SNIPPET_NOT_RELEVANT b'1579997'
ACTION SNIPPET 10000 1178 SNIPPET_RELEVANT b'369152'
ACTION DOC 10000 1198 EXAMINING_DOCUMENT b'369152'
ACTION SNIPPET 10000 1201 SNIPPET_RELEVANT b'361501'
ACTION DOC 10000 1221 EXAMINING_DOCUMENT b'361501'
ACTION MARK 10000 1224 CONSIDERED_RELEVANT b'361501'
ACTION SNIPPET 10000 1227 SEEN_PREVIOUSLY b'1234832'
ACTION SNIPPET 10000 1230 SNIPPET_NOT_RELEVANT b'272433'
ACTION SNIPPET 10000 1233 SNIPPET_RELEVANT b'362051'
ACTION DOC 10000 1253 EXAMINING_DOCUMENT b'362051'
ACTION SNIPPET 10000 1256 SNIPPET_RELEVANT b'365765'
ACTION DOC 10000 1276 EXAMINING_DOCUMENT b'365765'
ACTION MARK 10000 1279 CONSIDERED_RELEVANT b'365765'
ACTION SNIPPET 10000 1282 SEEN_PREVIOUSLY b'858730'
ACTION SNIPPET 10000 1285 SNIPPET_RELEVANT b'29224'
ACTION DOC 10000 1305 EXAMINING_DOCUMENT b'29224'
ACTION QUERY 10000 1315 art stolen forged sainte
ACTION SERP 10000 1320 EXAMINE_SERP
ACTION SNIPPET 10000 1323 SNIPPET_NOT_RELEVANT b'170799'
ACTION SNIPPET 10000 1326 SEEN_PREVIOUSLY b'1234832'
ACTION SNIPPET 10000 1329 SEEN_PREVIOUSLY b'858730'
ACTION SNIPPET 10000 1332 SEEN_PREVIOUSLY b'1606614'
ACTION SNIPPET 10000 1335 SNIPPET_NOT_RELEVANT b'729009'
ACTION SNIPPET 10000 1338 SEEN_PREVIOUSLY b'875458'
ACTION SNIPPET 10000 1341 SNIPPET_NOT_RELEVANT b'122444'
ACTION SNIPPET 10000 1344 SEEN_PREVIOUSLY b'1470574'
ACTION SNIPPET 10000 1347 SNIPPET_RELEVANT b'1776420'
ACTION DOC 10000 1367 EXAMINING_DOCUMENT b'1776420'
ACTION SNIPPET 10000 1370 SEEN_PREVIOUSLY b'825133'
ACTION QUERY 10000 1380 art stolen forged madonna
ACTION SERP 10000 1385 EXAMINE_SERP
ACTION SNIPPET 10000 1388 SEEN_PREVIOUSLY b'1606614'
ACTION SNIPPET 10000 1391 SNIPPET_RELEVANT b'1606107'
ACTION DOC 10000 1411 EXAMINING_DOCUMENT b'1606107'
ACTION MARK 10000 1414 CONSIDERED_RELEVANT b'1606107'
ACTION SNIPPET 10000 1417 SNIPPET_RELEVANT b'101690'
ACTION DOC 10000 1437 EXAMINING_DOCUMENT b'101690'
ACTION MARK 10000 1440 CONSIDERED_RELEVANT b'101690'
ACTION SNIPPET 10000 1443 SNIPPET_NOT_RELEVANT b'1606210'
ACTION SNIPPET 10000 1446 SNIPPET_RELEVANT b'1606234'
ACTION DOC 10000 1466 EXAMINING_DOCUMENT b'1606234'
ACTION MARK 10000 1469 CONSIDERED_RELEVANT b'1606234'
ACTION SNIPPET 10000 1472 SNIPPET_RELEVANT b'1655364'
ACTION DOC 10000 1492 EXAMINING_DOCUMENT b'1655364'
ACTION MARK 10000 1495 CONSIDERED_RELEVANT b'1655364'
ACTION SNIPPET 10000 1498 SNIPPET_RELEVANT b'1681014'
ACTION DOC 10000 1518 EXAMINING_DOCUMENT b'1681014'
ACTION MARK 10000 1521 CONSIDERED_RELEVANT b'1681014'
ACTION SNIPPET 10000 1524 SNIPPET_RELEVANT b'1758861'
ACTION DOC 10000 1544 EXAMINING_DOCUMENT b'1758861'
ACTION MARK 10000 1547 CONSIDERED_RELEVANT b'1758861'
ACTION SNIPPET 10000 1550 SNIPPET_RELEVANT b'1625794'
ACTION DOC 10000 1570 EXAMINING_DOCUMENT b'1625794'
ACTION MARK 10000 1573 CONSIDERED_RELEVANT b'1625794'
ACTION SNIPPET 10000 1576 SEEN_PREVIOUSLY b'1234832'
ACTION QUERY 10000 1586 art stolen forged scare
ACTION SERP 10000 1591 EXAMINE_SERP
ACTION SNIPPET 10000 1594 SEEN_PREVIOUSLY b'1234832'
ACTION SNIPPET 10000 1597 SEEN_PREVIOUSLY b'858730'
ACTION SNIPPET 10000 1600 SEEN_PREVIOUSLY b'1606614'
ACTION SNIPPET 10000 1603 SEEN_PREVIOUSLY b'875458'
ACTION SNIPPET 10000 1606 SEEN_PREVIOUSLY b'1470574'
ACTION SNIPPET 10000 1609 SEEN_PREVIOUSLY b'825133'
ACTION SNIPPET 10000 1612 SEEN_PREVIOUSLY b'951825'
ACTION SNIPPET 10000 1615 SEEN_PREVIOUSLY b'154819'
ACTION SNIPPET 10000 1618 SEEN_PREVIOUSLY b'1799658'
ACTION SNIPPET 10000 1621 SNIPPET_RELEVANT b'336413'
ACTION DOC 10000 1641 EXAMINING_DOCUMENT b'336413'
ACTION MARK 10000 1644 CONSIDERED_RELEVANT b'336413'
ACTION QUERY 10000 1654 art stolen forged objects
ACTION SERP 10000 1659 EXAMINE_SERP
ACTION SNIPPET 10000 1662 SEEN_PREVIOUSLY b'1606614'
ACTION SNIPPET 10000 1665 SEEN_PREVIOUSLY b'1486881'
ACTION SNIPPET 10000 1668 SNIPPET_NOT_RELEVANT b'810378'
ACTION SNIPPET 10000 1671 SEEN_PREVIOUSLY b'1794609'
ACTION SNIPPET 10000 1674 SEEN_PREVIOUSLY b'1392968'
ACTION SNIPPET 10000 1677 SNIPPET_RELEVANT b'301580'
ACTION DOC 10000 1697 EXAMINING_DOCUMENT b'301580'
ACTION MARK 10000 1700 CONSIDERED_RELEVANT b'301580'
ACTION SNIPPET 10000 1703 SEEN_PREVIOUSLY b'1234832'
ACTION SNIPPET 10000 1706 SEEN_PREVIOUSLY b'1106730'
ACTION SNIPPET 10000 1709 SNIPPET_RELEVANT b'234518'
ACTION DOC 10000 1729 EXAMINING_DOCUMENT b'234518'
ACTION MARK 10000 1732 CONSIDERED_RELEVANT b'234518'
ACTION SNIPPET 10000 1735 SEEN_PREVIOUSLY b'858730'
ACTION QUERY 10000 1745 art stolen forged oscars
ACTION SERP 10000 1750 EXAMINE_SERP
ACTION SNIPPET 10000 1753 SEEN_PREVIOUSLY b'1234832'
ACTION SNIPPET 10000 1756 SNIPPET_NOT_RELEVANT b'896333'
ACTION SNIPPET 10000 1759 SEEN_PREVIOUSLY b'858730'
ACTION SNIPPET 10000 1762 SEEN_PREVIOUSLY b'1606614'
ACTION SNIPPET 10000 1765 SNIPPET_NOT_RELEVANT b'1184723'
ACTION SNIPPET 10000 1768 SEEN_PREVIOUSLY b'875458'
ACTION SNIPPET 10000 1771 SNIPPET_NOT_RELEVANT b'1644852'
ACTION SNIPPET 10000 1774 SEEN_PREVIOUSLY b'1470574'
ACTION SNIPPET 10000 1777 SNIPPET_NOT_RELEVANT b'1185777'
ACTION SNIPPET 10000 1780 SEEN_PREVIOUSLY b'825133'
ACTION QUERY 10000 1790 art stolen forged ruins
ACTION SERP 10000 1795 EXAMINE_SERP
ACTION SNIPPET 10000 1798 SEEN_PREVIOUSLY b'1234832'
ACTION SNIPPET 10000 1801 SEEN_PREVIOUSLY b'858730'
ACTION SNIPPET 10000 1804 SEEN_PREVIOUSLY b'1606614'
ACTION SNIPPET 10000 1807 SEEN_PREVIOUSLY b'875458'
ACTION SNIPPET 10000 1810 SNIPPET_NOT_RELEVANT b'590037'
ACTION SNIPPET 10000 1813 SNIPPET_RELEVANT b'1531231'
ACTION DOC 10000 1833 EXAMINING_DOCUMENT b'1531231'
ACTION SNIPPET 10000 1836 SEEN_PREVIOUSLY b'1470574'
ACTION SNIPPET 10000 1839 SEEN_PREVIOUSLY b'825133'
ACTION SNIPPET 10000 1842 SEEN_PREVIOUSLY b'951825'
ACTION SNIPPET 10000 1845 SNIPPET_NOT_RELEVANT b'1661374'
ACTION QUERY 10000 1855 art stolen forged who
ACTION SERP 10000 1860 EXAMINE_SERP
ACTION SNIPPET 10000 1863 SEEN_PREVIOUSLY b'1234832'
ACTION SNIPPET 10000 1866 SEEN_PREVIOUSLY b'858730'
ACTION SNIPPET 10000 1869 SEEN_PREVIOUSLY b'1606614'
ACTION SNIPPET 10000 1872 SEEN_PREVIOUSLY b'875458'
ACTION SNIPPET 10000 1875 SEEN_PREVIOUSLY b'825133'
ACTION SNIPPET 10000 1878 SEEN_PREVIOUSLY b'951825'
ACTION SNIPPET 10000 1881 SEEN_PREVIOUSLY b'1470574'
ACTION SNIPPET 10000 1884 SEEN_PREVIOUSLY b'154819'
ACTION SNIPPET 10000 1887 SEEN_PREVIOUSLY b'1729989'
ACTION SNIPPET 10000 1890 SEEN_PREVIOUSLY b'1786486'
ACTION QUERY 10000 1900 art stolen forged norway
ACTION SERP 10000 1905 EXAMINE_SERP
ACTION SNIPPET 10000 1908 SEEN_PREVIOUSLY b'1478878'
ACTION SNIPPET 10000 1911 SNIPPET_RELEVANT b'1606210'
ACTION DOC 10000 1931 EXAMINING_DOCUMENT b'1606210'
ACTION SNIPPET 10000 1934 SEEN_PREVIOUSLY b'1606234'
ACTION SNIPPET 10000 1937 SNIPPET_RELEVANT b'1686029'
ACTION DOC 10000 1957 EXAMINING_DOCUMENT b'1686029'
ACTION SNIPPET 10000 1960 SEEN_PREVIOUSLY b'1234832'
ACTION SNIPPET 10000 1963 SNIPPET_RELEVANT b'1318769'
ACTION DOC 10000 1983 EXAMINING_DOCUMENT b'1318769'
ACTION MARK 10000 1986 CONSIDERED_RELEVANT b'1318769'
ACTION SNIPPET 10000 1989 SEEN_PREVIOUSLY b'858730'
ACTION SNIPPET 10000 1992 SEEN_PREVIOUSLY b'1606614'
ACTION SNIPPET 10000 1995 SNIPPET_RELEVANT b'1691857'
ACTION DOC 10000 2015 EXAMINING_DOCUMENT b'1691857'
ACTION MARK 10000 2018 CONSIDERED_RELEVANT b'1691857'
ACTION SNIPPET 10000 2021 SEEN_PREVIOUSLY b'1758861'
ACTION QUERY 10000 2031 art stolen forged american
ACTION SERP 10000 2036 EXAMINE_SERP
ACTION SNIPPET 10000 2039 SEEN_PREVIOUSLY b'858730'
ACTION SNIPPET 10000 2042 SEEN_PREVIOUSLY b'1234832'
ACTION SNIPPET 10000 2045 SEEN_PREVIOUSLY b'1606614'
ACTION SNIPPET 10000 2048 SEEN_PREVIOUSLY b'875458'
ACTION SNIPPET 10000 2051 SEEN_PREVIOUSLY b'1470574'
ACTION SNIPPET 10000 2054 SEEN_PREVIOUSLY b'825133'
ACTION SNIPPET 10000 2057 SEEN_PREVIOUSLY b'951825'
ACTION SNIPPET 10000 2060 SEEN_PREVIOUSLY b'154819'
ACTION SNIPPET 10000 2063 SEEN_PREVIOUSLY b'1486881'
ACTION SNIPPET 10000 2066 SEEN_PREVIOUSLY b'945594'
ACTION QUERY 10000 2076 art stolen forged custody
ACTION SERP 10000 2081 EXAMINE_SERP
ACTION SNIPPET 10000 2084 SEEN_PREVIOUSLY b'1234832'
ACTION SNIPPET 10000 2087 SEEN_PREVIOUSLY b'234518'
ACTION SNIPPET 10000 2090 SNIPPET_RELEVANT b'881252'
ACTION DOC 10000 2110 EXAMINING_DOCUMENT b'881252'
ACTION MARK 10000 2113 CONSIDERED_RELEVANT b'881252'
ACTION SNIPPET 10000 2116 SNIPPET_NOT_RELEVANT b'371916'
ACTION SNIPPET 10000 2119 SNIPPET_RELEVANT b'656529'
ACTION DOC 10000 2139 EXAMINING_DOCUMENT b'656529'
ACTION MARK 10000 2142 CONSIDERED_RELEVANT b'656529'
ACTION SNIPPET 10000 2145 SEEN_PREVIOUSLY b'858730'
ACTION SNIPPET 10000 2148 SNIPPET_NOT_RELEVANT b'1579997'
ACTION SNIPPET 10000 2151 SEEN_PREVIOUSLY b'1606614'
ACTION SNIPPET 10000 2154 SNIPPET_RELEVANT b'1441021'
ACTION DOC 10000 2174 EXAMINING_DOCUMENT b'1441021'
ACTION SNIPPET 10000 2177 SEEN_PREVIOUSLY b'875458'
ACTION QUERY 10000 2187 art stolen forged oslo
ACTION SERP 10000 2192 EXAMINE_SERP
ACTION SNIPPET 10000 2195 SEEN_PREVIOUSLY b'1606614'
ACTION SNIPPET 10000 2198 SEEN_PREVIOUSLY b'1606234'
ACTION SNIPPET 10000 2201 SEEN_PREVIOUSLY b'1606107'
ACTION SNIPPET 10000 2204 SNIPPET_RELEVANT b'1631981'
ACTION DOC 10000 2224 EXAMINING_DOCUMENT b'1631981'
ACTION MARK 10000 2227 CONSIDERED_RELEVANT b'1631981'
ACTION SNIPPET 10000 2230 SEEN_PREVIOUSLY b'1478878'
ACTION SNIPPET 10000 2233 SEEN_PREVIOUSLY b'1625794'
ACTION SNIPPET 10000 2236 SNIPPET_NOT_RELEVANT b'1786734'
ACTION SNIPPET 10000 2239 SEEN_PREVIOUSLY b'1686029'
ACTION SNIPPET 10000 2242 SEEN_PREVIOUSLY b'1655364'
ACTION SNIPPET 10000 2245 SNIPPET_RELEVANT b'1607711'
ACTION DOC 10000 2265 EXAMINING_DOCUMENT b'1607711'
ACTION MARK 10000 2268 CONSIDERED_RELEVANT b'1607711'
ACTION QUERY 10000 2278 art stolen forged loss
ACTION SERP 10000 2283 EXAMINE_SERP
ACTION SNIPPET 10000 2286 SEEN_PREVIOUSLY b'1470574'
ACTION SNIPPET 10000 2289 SEEN_PREVIOUSLY b'1606614'
ACTION SNIPPET 10000 2292 SEEN_PREVIOUSLY b'1234832'
ACTION SNIPPET 10000 2295 SEEN_PREVIOUSLY b'858730'
ACTION SNIPPET 10000 2298 SNIPPET_NOT_RELEVANT b'1444189'
ACTION SNIPPET 10000 2301 SEEN_PREVIOUSLY b'1486881'
ACTION SNIPPET 10000 2304 SEEN_PREVIOUSLY b'875458'
ACTION SNIPPET 10000 2307 SEEN_PREVIOUSLY b'1237592'
ACTION SNIPPET 10000 2310 SEEN_PREVIOUSLY b'1392968'
ACTION SNIPPET 10000 2313 SEEN_PREVIOUSLY b'1794609'
ACTION QUERY 10000 2323 art stolen forged theft
ACTION SERP 10000 2328 EXAMINE_SERP
ACTION SNIPPET 10000 2331 SEEN_PREVIOUSLY b'1606614'
ACTION SNIPPET 10000 2334 SEEN_PREVIOUSLY b'951825'
ACTION SNIPPET 10000 2337 SEEN_PREVIOUSLY b'875458'
ACTION SNIPPET 10000 2340 SEEN_PREVIOUSLY b'1470574'
ACTION SNIPPET 10000 2343 SNIPPET_RELEVANT b'865357'
ACTION DOC 10000 2363 EXAMINING_DOCUMENT b'865357'
ACTION SNIPPET 10000 2366 SEEN_PREVIOUSLY b'154819'
ACTION SNIPPET 10000 2369 SEEN_PREVIOUSLY b'336413'
ACTION SNIPPET 10000 2372 SEEN_PREVIOUSLY b'155008'
ACTION SNIPPET 10000 2375 SNIPPET_RELEVANT b'1812335'
ACTION DOC 10000 2395 EXAMINING_DOCUMENT b'1812335'
ACTION SNIPPET 10000 2398 SEEN_PREVIOUSLY b'1794609'
ACTION QUERY 10000 2408 art stolen forged artifacts
ACTION SERP 10000 2413 EXAMINE_SERP
ACTION SNIPPET 10000 2416 SEEN_PREVIOUSLY b'1486881'
ACTION SNIPPET 10000 2419 SEEN_PREVIOUSLY b'1799658'
ACTION SNIPPET 10000 2422 SEEN_PREVIOUSLY b'945594'
ACTION SNIPPET 10000 2425 SNIPPET_RELEVANT b'1367360'
ACTION DOC 10000 2445 EXAMINING_DOCUMENT b'1367360'
ACTION MARK 10000 2448 CONSIDERED_RELEVANT b'1367360'
ACTION SNIPPET 10000 2451 SNIPPET_RELEVANT b'1286419'
ACTION DOC 10000 2471 EXAMINING_DOCUMENT b'1286419'
ACTION MARK 10000 2474 CONSIDERED_RELEVANT b'1286419'
ACTION SNIPPET 10000 2477 SNIPPET_RELEVANT b'1082492'
ACTION DOC 10000 2497 EXAMINING_DOCUMENT b'1082492'
ACTION MARK 10000 2500 CONSIDERED_RELEVANT b'1082492'
ACTION SNIPPET 10000 2503 SNIPPET_RELEVANT b'1660866'
ACTION DOC 10000 2523 EXAMINING_DOCUMENT b'1660866'
ACTION MARK 10000 2526 CONSIDERED_RELEVANT b'1660866'
ACTION SNIPPET 10000 2529 SNIPPET_RELEVANT b'863403'
ACTION DOC 10000 2549 EXAMINING_DOCUMENT b'863403'
ACTION MARK 10000 2552 CONSIDERED_RELEVANT b'863403'
ACTION SNIPPET 10000 2555 SNIPPET_RELEVANT b'1485253'
ACTION DOC 10000 2575 EXAMINING_DOCUMENT b'1485253'
ACTION MARK 10000 2578 CONSIDERED_RELEVANT b'1485253'
ACTION SNIPPET 10000 2581 SNIPPET_NOT_RELEVANT b'1699174'
ACTION QUERY 10000 2591 art stolen forged sell
ACTION SERP 10000 2596 EXAMINE_SERP
ACTION SNIPPET 10000 2599 SEEN_PREVIOUSLY b'1234832'
ACTION SNIPPET 10000 2602 SEEN_PREVIOUSLY b'154819'
ACTION SNIPPET 10000 2605 SEEN_PREVIOUSLY b'858730'
ACTION SNIPPET 10000 2608 SEEN_PREVIOUSLY b'1237592'
ACTION SNIPPET 10000 2611 SEEN_PREVIOUSLY b'945594'
ACTION SNIPPET 10000 2614 SEEN_PREVIOUSLY b'1606614'
ACTION SNIPPET 10000 2617 SEEN_PREVIOUSLY b'155008'
ACTION SNIPPET 10000 2620 SEEN_PREVIOUSLY b'875458'
ACTION SNIPPET 10000 2623 SNIPPET_RELEVANT b'818329'
ACTION DOC 10000 2643 EXAMINING_DOCUMENT b'818329'
ACTION SNIPPET 10000 2646 SNIPPET_RELEVANT b'68054'
ACTION DOC 10000 2666 EXAMINING_DOCUMENT b'68054'
ACTION MARK 10000 2669 CONSIDERED_RELEVANT b'68054'
ACTION QUERY 10000 2679 art stolen forged schultz
ACTION SERP 10000 2684 EXAMINE_SERP
ACTION SNIPPET 10000 2687 SNIPPET_RELEVANT b'1310047'
ACTION DOC 10000 2707 EXAMINING_DOCUMENT b'1310047'
ACTION MARK 10000 2710 CONSIDERED_RELEVANT b'1310047'
ACTION SNIPPET 10000 2713 SEEN_PREVIOUSLY b'1367360'
ACTION SNIPPET 10000 2716 SNIPPET_RELEVANT b'1363485'
ACTION DOC 10000 2736 EXAMINING_DOCUMENT b'1363485'
ACTION SNIPPET 10000 2739 SNIPPET_RELEVANT b'1399857'
ACTION DOC 10000 2759 EXAMINING_DOCUMENT b'1399857'
ACTION SNIPPET 10000 2762 SNIPPET_RELEVANT b'1487126'
ACTION DOC 10000 2782 EXAMINING_DOCUMENT b'1487126'
ACTION SNIPPET 10000 2785 SEEN_PREVIOUSLY b'1234832'
ACTION SNIPPET 10000 2788 SNIPPET_NOT_RELEVANT b'1363813'
ACTION SNIPPET 10000 2791 SEEN_PREVIOUSLY b'858730'
ACTION SNIPPET 10000 2794 SEEN_PREVIOUSLY b'1606614'
ACTION SNIPPET 10000 2797 SNIPPET_NOT_RELEVANT b'1833911'
ACTION QUERY 10000 2807 art stolen forged intruder
ACTION SERP 10000 2812 EXAMINE_SERP
ACTION SNIPPET 10000 2815 SNIPPET_NOT_RELEVANT b'158906'
ACTION SNIPPET 10000 2818 SEEN_PREVIOUSLY b'1173487'
ACTION SNIPPET 10000 2821 SEEN_PREVIOUSLY b'1234832'
ACTION SNIPPET 10000 2824 SEEN_PREVIOUSLY b'858730'
ACTION SNIPPET 10000 2827 SNIPPET_NOT_RELEVANT b'12707'
ACTION SNIPPET 10000 2830 SEEN_PREVIOUSLY b'1606614'
ACTION SNIPPET 10000 2833 SNIPPET_RELEVANT b'851596'
ACTION DOC 10000 2853 EXAMINING_DOCUMENT b'851596'
ACTION SNIPPET 10000 2856 SEEN_PREVIOUSLY b'875458'
ACTION SNIPPET 10000 2859 SEEN_PREVIOUSLY b'1470574'
ACTION SNIPPET 10000 2862 SEEN_PREVIOUSLY b'825133'
ACTION QUERY 10000 2872 art stolen forged seized
ACTION SERP 10000 2877 EXAMINE_SERP
ACTION SNIPPET 10000 2880 SEEN_PREVIOUSLY b'858730'
ACTION SNIPPET 10000 2883 SEEN_PREVIOUSLY b'1237592'
ACTION SNIPPET 10000 2886 SNIPPET_NOT_RELEVANT b'1216341'
ACTION SNIPPET 10000 2889 SNIPPET_RELEVANT b'1440950'
ACTION DOC 10000 2909 EXAMINING_DOCUMENT b'1440950'
ACTION SNIPPET 10000 2912 SEEN_PREVIOUSLY b'1234832'
ACTION SNIPPET 10000 2915 SEEN_PREVIOUSLY b'1606614'
ACTION SNIPPET 10000 2918 SNIPPET_RELEVANT b'1468134'
ACTION DOC 10000 2938 EXAMINING_DOCUMENT b'1468134'
ACTION SNIPPET 10000 2941 SNIPPET_NOT_RELEVANT b'1727744'
ACTION SNIPPET 10000 2944 SNIPPET_RELEVANT b'1551406'
ACTION DOC 10000 2964 EXAMINING_DOCUMENT b'1551406'
ACTION MARK 10000 2967 CONSIDERED_RELEVANT b'1551406'
ACTION SNIPPET 10000 2970 SEEN_PREVIOUSLY b'875458'
ACTION QUERY 10000 2980 art stolen forged totem
ACTION SERP 10000 2985 EXAMINE_SERP
ACTION SNIPPET 10000 2988 SEEN_PREVIOUSLY b'1607711'
ACTION SNIPPET 10000 2991 SEEN_PREVIOUSLY b'1234832'
ACTION SNIPPET 10000 2994 SNIPPET_NOT_RELEVANT b'1661374'
ACTION SNIPPET 10000 2997 SEEN_PREVIOUSLY b'858730'
ACTION SNIPPET 10000 3000 SEEN_PREVIOUSLY b'1606614'
ACTION SNIPPET 10000 3003 SNIPPET_NOT_RELEVANT b'1248469'
ACTION SNIPPET 10000 3006 SEEN_PREVIOUSLY b'875458'
ACTION SNIPPET 10000 3009 SNIPPET_NOT_RELEVANT b'1185978'
ACTION SNIPPET 10000 3012 SNIPPET_NOT_RELEVANT b'1243813'
ACTION SNIPPET 10000 3015 SEEN_PREVIOUSLY b'1470574'
ACTION QUERY 10000 3025 art stolen forged movement
ACTION SERP 10000 3030 EXAMINE_SERP
ACTION SNIPPET 10000 3033 SEEN_PREVIOUSLY b'1234832'
ACTION SNIPPET 10000 3036 SEEN_PREVIOUSLY b'858730'
ACTION SNIPPET 10000 3039 SEEN_PREVIOUSLY b'1606614'
ACTION SNIPPET 10000 3042 SEEN_PREVIOUSLY b'875458'
ACTION SNIPPET 10000 3045 SEEN_PREVIOUSLY b'1470574'
ACTION SNIPPET 10000 3048 SEEN_PREVIOUSLY b'825133'
ACTION SNIPPET 10000 3051 SEEN_PREVIOUSLY b'951825'
ACTION SNIPPET 10000 3054 SEEN_PREVIOUSLY b'154819'
ACTION SNIPPET 10000 3057 SNIPPET_RELEVANT b'1403991'
ACTION DOC 10000 3077 EXAMINING_DOCUMENT b'1403991'
ACTION SNIPPET 10000 3080 SNIPPET_RELEVANT b'336960'
ACTION DOC 10000 3100 EXAMINING_DOCUMENT b'336960'
ACTION MARK 10000 3103 CONSIDERED_RELEVANT b'336960'
ACTION QUERY 10000 3113 art stolen forged foun
ACTION SERP 10000 3118 EXAMINE_SERP
ACTION SNIPPET 10000 3121 SEEN_PREVIOUSLY b'1234832'
ACTION SNIPPET 10000 3124 SEEN_PREVIOUSLY b'858730'
ACTION SNIPPET 10000 3127 SEEN_PREVIOUSLY b'1606614'
ACTION SNIPPET 10000 3130 SEEN_PREVIOUSLY b'875458'
ACTION SNIPPET 10000 3133 SEEN_PREVIOUSLY b'1470574'
ACTION SNIPPET 10000 3136 SEEN_PREVIOUSLY b'825133'
ACTION SNIPPET 10000 3139 SEEN_PREVIOUSLY b'951825'
ACTION SNIPPET 10000 3142 SEEN_PREVIOUSLY b'154819'
ACTION SNIPPET 10000 3145 SNIPPET_RELEVANT b'434615'
ACTION DOC 10000 3165 EXAMINING_DOCUMENT b'434615'
ACTION SNIPPET 10000 3168 SEEN_PREVIOUSLY b'1799658'
ACTION QUERY 10000 3178 art stolen forged book
ACTION SERP 10000 3183 EXAMINE_SERP
ACTION SNIPPET 10000 3186 SEEN_PREVIOUSLY b'1234832'
ACTION SNIPPET 10000 3189 SEEN_PREVIOUSLY b'858730'
ACTION SNIPPET 10000 3192 SEEN_PREVIOUSLY b'1606614'
ACTION SNIPPET 10000 3195 SEEN_PREVIOUSLY b'875458'
ACTION SNIPPET 10000 3198 SEEN_PREVIOUSLY b'945594'
ACTION SNIPPET 10000 3201 SEEN_PREVIOUSLY b'1478878'
ACTION SNIPPET 10000 3204 SEEN_PREVIOUSLY b'1470574'
ACTION SNIPPET 10000 3207 SEEN_PREVIOUSLY b'825133'
ACTION SNIPPET 10000 3210 SEEN_PREVIOUSLY b'951825'
ACTION SNIPPET 10000 3213 SEEN_PREVIOUSLY b'68054'
ACTION QUERY 10000 3223 art stolen forged type
ACTION SERP 10000 3228 EXAMINE_SERP
ACTION SNIPPET 10000 3231 SEEN_PREVIOUSLY b'858730'
ACTION SNIPPET 10000 3234 SEEN_PREVIOUSLY b'1234832'
ACTION SNIPPET 10000 3237 SEEN_PREVIOUSLY b'1606614'
ACTION SNIPPET 10000 3240 SEEN_PREVIOUSLY b'875458'
ACTION SNIPPET 10000 3243 SEEN_PREVIOUSLY b'1470574'
ACTION SNIPPET 10000 3246 SEEN_PREVIOUSLY b'825133'
ACTION SNIPPET 10000 3249 SEEN_PREVIOUSLY b'951825'
ACTION SNIPPET 10000 3252 SEEN_PREVIOUSLY b'154819'
ACTION SNIPPET 10000 3255 SEEN_PREVIOUSLY b'1812335'
ACTION SNIPPET 10000 3258 SNIPPET_NOT_RELEVANT b'1575409'
ACTION QUERY 10000 3268 art stolen forged gettys
ACTION SERP 10000 3273 EXAMINE_SERP
ACTION SNIPPET 10000 3276 SNIPPET_RELEVANT b'1699174'
ACTION DOC 10000 3296 EXAMINING_DOCUMENT b'1699174'
ACTION SNIPPET 10000 3299 SNIPPET_NOT_RELEVANT b'864980'
ACTION SNIPPET 10000 3302 SEEN_PREVIOUSLY b'1082492'
ACTION SNIPPET 10000 3305 SNIPPET_RELEVANT b'1719708'
ACTION DOC 10000 3325 EXAMINING_DOCUMENT b'1719708'
ACTION MARK 10000 3328 CONSIDERED_RELEVANT b'1719708'
ACTION SNIPPET 10000 3331 SNIPPET_RELEVANT b'168468'
ACTION DOC 10000 3351 EXAMINING_DOCUMENT b'168468'
ACTION SNIPPET 10000 3354 SNIPPET_RELEVANT b'464725'
ACTION DOC 10000 3374 EXAMINING_DOCUMENT b'464725'
ACTION MARK 10000 3377 CONSIDERED_RELEVANT b'464725'
ACTION SNIPPET 10000 3380 SNIPPET_RELEVANT b'1695046'
ACTION DOC 10000 3400 EXAMINING_DOCUMENT b'1695046'
ACTION SNIPPET 10000 3403 SNIPPET_RELEVANT b'1674139'
ACTION DOC 10000 3423 EXAMINING_DOCUMENT b'1674139'
ACTION SNIPPET 10000 3426 SNIPPET_NOT_RELEVANT b'272433'
ACTION SNIPPET 10000 3429 SNIPPET_NOT_RELEVANT b'1798252'
ACTION QUERY 10000 3439 art stolen forged haifa
ACTION SERP 10000 3444 EXAMINE_SERP
ACTION SNIPPET 10000 3447 SEEN_PREVIOUSLY b'301580'
ACTION SNIPPET 10000 3450 SEEN_PREVIOUSLY b'1234832'
ACTION SNIPPET 10000 3453 SEEN_PREVIOUSLY b'858730'
ACTION SNIPPET 10000 3456 SNIPPET_RELEVANT b'275340'
ACTION DOC 10000 3476 EXAMINING_DOCUMENT b'275340'
ACTION SNIPPET 10000 3479 SEEN_PREVIOUSLY b'1606614'
ACTION SNIPPET 10000 3482 SEEN_PREVIOUSLY b'875458'
ACTION SNIPPET 10000 3485 SNIPPET_NOT_RELEVANT b'193226'
ACTION SNIPPET 10000 3488 SEEN_PREVIOUSLY b'1470574'
ACTION SNIPPET 10000 3491 SEEN_PREVIOUSLY b'825133'
ACTION SNIPPET 10000 3494 SEEN_PREVIOUSLY b'951825'
ACTION QUERY 10000 3504 art stolen forged md
ACTION SERP 10000 3509 EXAMINE_SERP
ACTION SNIPPET 10000 3512 SEEN_PREVIOUSLY b'1234832'
ACTION SNIPPET 10000 3515 SEEN_PREVIOUSLY b'858730'
ACTION SNIPPET 10000 3518 SEEN_PREVIOUSLY b'1606614'
ACTION SNIPPET 10000 3521 SEEN_PREVIOUSLY b'875458'
ACTION SNIPPET 10000 3524 SNIPPET_RELEVANT b'935550'
ACTION DOC 10000 3544 EXAMINING_DOCUMENT b'935550'
ACTION SNIPPET 10000 3547 SEEN_PREVIOUSLY b'1470574'
ACTION SNIPPET 10000 3550 SEEN_PREVIOUSLY b'825133'
ACTION SNIPPET 10000 3553 SEEN_PREVIOUSLY b'951825'
ACTION SNIPPET 10000 3556 SEEN_PREVIOUSLY b'154819'
ACTION SNIPPET 10000 3559 SEEN_PREVIOUSLY b'1799658'
ACTION QUERY 10000 3569 art stolen forged now
ACTION SERP 10000 3574 EXAMINE_SERP
ACTION SNIPPET 10000 3577 SEEN_PREVIOUSLY b'858730'
ACTION SNIPPET 10000 3580 SEEN_PREVIOUSLY b'1606614'
ACTION SNIPPET 10000 3583 SEEN_PREVIOUSLY b'1234832'
ACTION SNIPPET 10000 3586 SEEN_PREVIOUSLY b'1470574'
ACTION SNIPPET 10000 3589 SEEN_PREVIOUSLY b'875458'
ACTION SNIPPET 10000 3592 SEEN_PREVIOUSLY b'825133'
ACTION SNIPPET 10000 3595 SEEN_PREVIOUSLY b'951825'
ACTION SNIPPET 10000 3598 SEEN_PREVIOUSLY b'1799658'
ACTION SNIPPET 10000 3601 SEEN_PREVIOUSLY b'154819'
ACTION SNIPPET 10000 3604 SNIPPET_NOT_RELEVANT b'1444189'
ACTION QUERY 10000 3614 art stolen forged robbed
ACTION SERP 10000 3619 EXAMINE_SERP
ACTION SNIPPET 10000 3622 SEEN_PREVIOUSLY b'1794609'
ACTION SNIPPET 10000 3625 SEEN_PREVIOUSLY b'1234832'
ACTION SNIPPET 10000 3628 SEEN_PREVIOUSLY b'858730'
ACTION SNIPPET 10000 3631 SEEN_PREVIOUSLY b'1606614'
ACTION SNIPPET 10000 3634 SNIPPET_RELEVANT b'810056'
ACTION DOC 10000 3654 EXAMINING_DOCUMENT b'810056'
ACTION SNIPPET 10000 3657 SEEN_PREVIOUSLY b'875458'
ACTION SNIPPET 10000 3660 SEEN_PREVIOUSLY b'235021'
ACTION SNIPPET 10000 3663 SNIPPET_NOT_RELEVANT b'1645331'
ACTION SNIPPET 10000 3666 SNIPPET_RELEVANT b'336128'
ACTION DOC 10000 3686 EXAMINING_DOCUMENT b'336128'
ACTION MARK 10000 3689 CONSIDERED_RELEVANT b'336128'
ACTION SNIPPET 10000 3692 SEEN_PREVIOUSLY b'1106730'
ACTION QUERY 10000 3702 art stolen forged oldest
ACTION SERP 10000 3707 EXAMINE_SERP
ACTION SNIPPET 10000 3710 SEEN_PREVIOUSLY b'1234832'
ACTION SNIPPET 10000 3713 SEEN_PREVIOUSLY b'858730'
ACTION SNIPPET 10000 3716 SEEN_PREVIOUSLY b'1606614'
ACTION SNIPPET 10000 3719 SEEN_PREVIOUSLY b'875458'
ACTION SNIPPET 10000 3722 SEEN_PREVIOUSLY b'698787'
ACTION SNIPPET 10000 3725 SEEN_PREVIOUSLY b'1470574'
ACTION SNIPPET 10000 3728 SEEN_PREVIOUSLY b'825133'
ACTION SNIPPET 10000 3731 SEEN_PREVIOUSLY b'951825'
ACTION SNIPPET 10000 3734 SEEN_PREVIOUSLY b'154819'
ACTION SNIPPET 10000 3737 SNIPPET_RELEVANT b'255890'
ACTION DOC 10000 3757 EXAMINING_DOCUMENT b'255890'
ACTION MARK 10000 3760 CONSIDERED_RELEVANT b'255890'
ACTION QUERY 10000 3770 art stolen forged states
ACTION SERP 10000 3775 EXAMINE_SERP
ACTION SNIPPET 10000 3778 SEEN_PREVIOUSLY b'1234832'
ACTION SNIPPET 10000 3781 SEEN_PREVIOUSLY b'858730'
ACTION SNIPPET 10000 3784 SEEN_PREVIOUSLY b'1606614'
ACTION SNIPPET 10000 3787 SEEN_PREVIOUSLY b'1470574'
ACTION SNIPPET 10000 3790 SEEN_PREVIOUSLY b'875458'
ACTION SNIPPET 10000 3793 SEEN_PREVIOUSLY b'154819'
ACTION SNIPPET 10000 3796 SEEN_PREVIOUSLY b'825133'
ACTION SNIPPET 10000 3799 SEEN_PREVIOUSLY b'951825'
ACTION SNIPPET 10000 3802 SEEN_PREVIOUSLY b'1786486'
ACTION SNIPPET 10000 3805 SNIPPET_NOT_RELEVANT b'1444189'
ACTION QUERY 10000 3815 art stolen forged representing
ACTION SERP 10000 3820 EXAMINE_SERP
ACTION SNIPPET 10000 3823 SEEN_PREVIOUSLY b'1234832'
ACTION SNIPPET 10000 3826 SEEN_PREVIOUSLY b'858730'
ACTION SNIPPET 10000 3829 SEEN_PREVIOUSLY b'1606614'
ACTION SNIPPET 10000 3832 SEEN_PREVIOUSLY b'875458'
ACTION SNIPPET 10000 3835 SNIPPET_RELEVANT b'288424'
ACTION DOC 10000 3855 EXAMINING_DOCUMENT b'288424'
ACTION MARK 10000 3858 CONSIDERED_RELEVANT b'288424'
ACTION SNIPPET 10000 3861 SEEN_PREVIOUSLY b'1470574'
ACTION SNIPPET 10000 3864 SEEN_PREVIOUSLY b'825133'
ACTION SNIPPET 10000 3867 SEEN_PREVIOUSLY b'951825'
ACTION SNIPPET 10000 3870 SEEN_PREVIOUSLY b'154819'
ACTION SNIPPET 10000 3873 SNIPPET_RELEVANT b'810378'
ACTION DOC 10000 3893 EXAMINING_DOCUMENT b'810378'
ACTION MARK 10000 3896 CONSIDERED_RELEVANT b'810378'
ACTION QUERY 10000 3906 art stolen forged ghost
ACTION SERP 10000 3911 EXAMINE_SERP
ACTION SNIPPET 10000 3914 SEEN_PREVIOUSLY b'1234832'
ACTION SNIPPET 10000 3917 SEEN_PREVIOUSLY b'858730'
ACTION SNIPPET 10000 3920 SEEN_PREVIOUSLY b'1606614'
ACTION SNIPPET 10000 3923 SEEN_PREVIOUSLY b'875458'
ACTION SNIPPET 10000 3926 SEEN_PREVIOUSLY b'810378'
ACTION SNIPPET 10000 3929 SEEN_PREVIOUSLY b'1470574'
ACTION SNIPPET 10000 3932 SNIPPET_RELEVANT b'1198087'
ACTION DOC 10000 3952 EXAMINING_DOCUMENT b'1198087'
ACTION SNIPPET 10000 3955 SEEN_PREVIOUSLY b'825133'
ACTION SNIPPET 10000 3958 SEEN_PREVIOUSLY b'951825'
ACTION SNIPPET 10000 3961 SEEN_PREVIOUSLY b'154819'
ACTION QUERY 10000 3971 art stolen forged cartoon
ACTION SERP 10000 3976 EXAMINE_SERP
ACTION SNIPPET 10000 3979 SEEN_PREVIOUSLY b'288424'
ACTION SNIPPET 10000 3982 SNIPPET_NOT_RELEVANT b'265551'
ACTION SNIPPET 10000 3985 SEEN_PREVIOUSLY b'1234832'
ACTION SNIPPET 10000 3988 SNIPPET_RELEVANT b'234534'
ACTION DOC 10000 4008 EXAMINING_DOCUMENT b'234534'
ACTION SNIPPET 10000 4011 SEEN_PREVIOUSLY b'858730'
ACTION SNIPPET 10000 4014 SNIPPET_RELEVANT b'1804747'
ACTION DOC 10000 4034 EXAMINING_DOCUMENT b'1804747'
ACTION MARK 10000 4037 CONSIDERED_RELEVANT b'1804747'
ACTION SNIPPET 10000 4040 SEEN_PREVIOUSLY b'1606614'
ACTION SNIPPET 10000 4043 SEEN_PREVIOUSLY b'875458'
ACTION SNIPPET 10000 4046 SEEN_PREVIOUSLY b'1470574'
ACTION SNIPPET 10000 4049 SEEN_PREVIOUSLY b'825133'
ACTION QUERY 10000 4059 art stolen forged bronc
ACTION SERP 10000 4064 EXAMINE_SERP
ACTION SNIPPET 10000 4067 SNIPPET_NOT_RELEVANT b'273596'
ACTION SNIPPET 10000 4070 SNIPPET_RELEVANT b'259373'
ACTION DOC 10000 4090 EXAMINING_DOCUMENT b'259373'
ACTION SNIPPET 10000 4093 SEEN_PREVIOUSLY b'1234832'
ACTION SNIPPET 10000 4096 SEEN_PREVIOUSLY b'858730'
ACTION SNIPPET 10000 4099 SNIPPET_NOT_RELEVANT b'784419'
ACTION SNIPPET 10000 4102 SEEN_PREVIOUSLY b'1606614'
ACTION SNIPPET 10000 4105 SEEN_PREVIOUSLY b'875458'
ACTION SNIPPET 10000 4108 SNIPPET_NOT_RELEVANT b'203790'
ACTION SNIPPET 10000 4111 SNIPPET_NOT_RELEVANT b'950984'
ACTION SNIPPET 10000 4114 SEEN_PREVIOUSLY b'1470574'
ACTION QUERY 10000 4124 art stolen forged find
ACTION SERP 10000 4129 EXAMINE_SERP
ACTION SNIPPET 10000 4132 SEEN_PREVIOUSLY b'858730'
ACTION SNIPPET 10000 4135 SEEN_PREVIOUSLY b'1234832'
ACTION SNIPPET 10000 4138 SEEN_PREVIOUSLY b'951825'
ACTION SNIPPET 10000 4141 SEEN_PREVIOUSLY b'1606614'
ACTION SNIPPET 10000 4144 SEEN_PREVIOUSLY b'875458'
ACTION SNIPPET 10000 4147 SEEN_PREVIOUSLY b'1486881'
ACTION SNIPPET 10000 4150 SEEN_PREVIOUSLY b'1470574'
ACTION SNIPPET 10000 4153 SEEN_PREVIOUSLY b'825133'
ACTION SNIPPET 10000 4156 SEEN_PREVIOUSLY b'154819'
ACTION SNIPPET 10000 4159 SEEN_PREVIOUSLY b'1799658'
ACTION QUERY 10000 4169 art stolen forged jail
ACTION SERP 10000 4174 EXAMINE_SERP
ACTION SNIPPET 10000 4177 SEEN_PREVIOUSLY b'875458'
ACTION SNIPPET 10000 4180 SEEN_PREVIOUSLY b'1799658'
ACTION SNIPPET 10000 4183 SEEN_PREVIOUSLY b'1470574'
ACTION SNIPPET 10000 4186 SEEN_PREVIOUSLY b'1234832'
ACTION SNIPPET 10000 4189 SEEN_PREVIOUSLY b'858730'
ACTION SNIPPET 10000 4192 SEEN_PREVIOUSLY b'1606614'
ACTION SNIPPET 10000 4195 SNIPPET_RELEVANT b'978023'
ACTION DOC 10000 4215 EXAMINING_DOCUMENT b'978023'
ACTION MARK 10000 4218 CONSIDERED_RELEVANT b'978023'
ACTION SNIPPET 10000 4221 SNIPPET_NOT_RELEVANT b'1238584'
ACTION SNIPPET 10000 4224 SNIPPET_NOT_RELEVANT b'1132008'
ACTION SNIPPET 10000 4227 SNIPPET_RELEVANT b'978186'
ACTION DOC 10000 4247 EXAMINING_DOCUMENT b'978186'
ACTION MARK 10000 4250 CONSIDERED_RELEVANT b'978186'
ACTION QUERY 10000 4260 art stolen forged april
ACTION SERP 10000 4265 EXAMINE_SERP
ACTION SNIPPET 10000 4268 SEEN_PREVIOUSLY b'1234832'
ACTION SNIPPET 10000 4271 SEEN_PREVIOUSLY b'858730'
ACTION SNIPPET 10000 4274 SEEN_PREVIOUSLY b'1606614'
ACTION SNIPPET 10000 4277 SNIPPET_RELEVANT b'258400'
ACTION DOC 10000 4297 EXAMINING_DOCUMENT b'258400'
ACTION SNIPPET 10000 4300 SEEN_PREVIOUSLY b'875458'
ACTION SNIPPET 10000 4303 SEEN_PREVIOUSLY b'1470574'
ACTION SNIPPET 10000 4306 SEEN_PREVIOUSLY b'825133'
ACTION SNIPPET 10000 4309 SEEN_PREVIOUSLY b'951825'
ACTION SNIPPET 10000 4312 SEEN_PREVIOUSLY b'1478878'
ACTION SNIPPET 10000 4315 SEEN_PREVIOUSLY b'154819'
ACTION QUERY 10000 4325 art stolen forged dile
ACTION SERP 10000 4330 EXAMINE_SERP
ACTION SNIPPET 10000 4333 SNIPPET_NOT_RELEVANT b'174671'
ACTION SNIPPET 10000 4336 SNIPPET_NOT_RELEVANT b'1517564'
ACTION SNIPPET 10000 4339 SEEN_PREVIOUSLY b'1234832'
ACTION SNIPPET 10000 4342 SNIPPET_RELEVANT b'1201365'
ACTION DOC 10000 4362 EXAMINING_DOCUMENT b'1201365'
ACTION SNIPPET 10000 4365 SEEN_PREVIOUSLY b'858730'
ACTION SNIPPET 10000 4368 SEEN_PREVIOUSLY b'1606614'
ACTION SNIPPET 10000 4371 SEEN_PREVIOUSLY b'875458'
ACTION SNIPPET 10000 4374 SEEN_PREVIOUSLY b'1470574'
ACTION SNIPPET 10000 4377 SEEN_PREVIOUSLY b'825133'
ACTION SNIPPET 10000 4380 SEEN_PREVIOUSLY b'951825'
ACTION QUERY 10000 4390 art stolen forged taken
ACTION SERP 10000 4395 EXAMINE_SERP
ACTION SNIPPET 10000 4398 SEEN_PREVIOUSLY b'1234832'
ACTION SNIPPET 10000 4401 SEEN_PREVIOUSLY b'858730'
ACTION SNIPPET 10000 4404 SEEN_PREVIOUSLY b'1606614'
ACTION SNIPPET 10000 4407 SEEN_PREVIOUSLY b'1799658'
ACTION SNIPPET 10000 4410 SEEN_PREVIOUSLY b'1237592'
ACTION SNIPPET 10000 4413 SEEN_PREVIOUSLY b'875458'
ACTION SNIPPET 10000 4416 SEEN_PREVIOUSLY b'234518'
ACTION SNIPPET 10000 4419 SEEN_PREVIOUSLY b'1486881'
ACTION SNIPPET 10000 4422 SEEN_PREVIOUSLY b'1470574'
ACTION SNIPPET 10000 4425 SEEN_PREVIOUSLY b'825133'
ACTION QUERY 10000 4435 art stolen forged accused
ACTION SERP 10000 4440 EXAMINE_SERP
ACTION SNIPPET 10000 4443 SEEN_PREVIOUSLY b'1234832'
ACTION SNIPPET 10000 4446 SNIPPET_RELEVANT b'320345'
ACTION DOC 10000 4466 EXAMINING_DOCUMENT b'320345'
ACTION SNIPPET 10000 4469 SEEN_PREVIOUSLY b'858730'
ACTION SNIPPET 10000 4472 SEEN_PREVIOUSLY b'945594'
ACTION SNIPPET 10000 4475 SEEN_PREVIOUSLY b'1606614'
ACTION SNIPPET 10000 4478 SNIPPET_RELEVANT b'209888'
ACTION DOC 10000 4498 EXAMINING_DOCUMENT b'209888'
ACTION SNIPPET 10000 4501 SEEN_PREVIOUSLY b'875458'
ACTION SNIPPET 10000 4504 SEEN_PREVIOUSLY b'1470574'
ACTION SNIPPET 10000 4507 SEEN_PREVIOUSLY b'825133'
ACTION SNIPPET 10000 4510 SEEN_PREVIOUSLY b'951825'
ACTION QUERY 10000 4520 art stolen forged genre
ACTION SERP 10000 4525 EXAMINE_SERP
ACTION SNIPPET 10000 4528 SEEN_PREVIOUSLY b'1234832'
ACTION SNIPPET 10000 4531 SEEN_PREVIOUSLY b'858730'
ACTION SNIPPET 10000 4534 SEEN_PREVIOUSLY b'1606614'
ACTION SNIPPET 10000 4537 SEEN_PREVIOUSLY b'875458'
ACTION SNIPPET 10000 4540 SNIPPET_RELEVANT b'1409060'
ACTION DOC 10000 4560 EXAMINING_DOCUMENT b'1409060'
ACTION SNIPPET 10000 4563 SEEN_PREVIOUSLY b'1470574'
ACTION SNIPPET 10000 4566 SEEN_PREVIOUSLY b'825133'
ACTION SNIPPET 10000 4569 SEEN_PREVIOUSLY b'951825'
ACTION SNIPPET 10000 4572 SEEN_PREVIOUSLY b'154819'
ACTION SNIPPET 10000 4575 SNIPPET_RELEVANT b'726008'
ACTION DOC 10000 4595 EXAMINING_DOCUMENT b'726008'
ACTION MARK 10000 4598 CONSIDERED_RELEVANT b'726008'
ACTION QUERY 10000 4608 art stolen forged edward
ACTION SERP 10000 4613 EXAMINE_SERP
ACTION SNIPPET 10000 4616 SEEN_PREVIOUSLY b'1234832'
ACTION SNIPPET 10000 4619 SEEN_PREVIOUSLY b'858730'
ACTION SNIPPET 10000 4622 SEEN_PREVIOUSLY b'1606614'
ACTION SNIPPET 10000 4625 SEEN_PREVIOUSLY b'875458'
ACTION SNIPPET 10000 4628 SNIPPET_RELEVANT b'158906'
ACTION DOC 10000 4648 EXAMINING_DOCUMENT b'158906'
ACTION MARK 10000 4651 CONSIDERED_RELEVANT b'158906'
ACTION SNIPPET 10000 4654 SNIPPET_RELEVANT b'1785031'
ACTION DOC 10000 4674 EXAMINING_DOCUMENT b'1785031'
ACTION MARK 10000 4677 CONSIDERED_RELEVANT b'1785031'
ACTION SNIPPET 10000 4680 SEEN_PREVIOUSLY b'1470574'
ACTION SNIPPET 10000 4683 SEEN_PREVIOUSLY b'825133'
ACTION SNIPPET 10000 4686 SEEN_PREVIOUSLY b'951825'
ACTION SNIPPET 10000 4689 SEEN_PREVIOUSLY b'154819'
ACTION QUERY 10000 4699 art stolen forged holding
ACTION SERP 10000 4704 EXAMINE_SERP
ACTION SNIPPET 10000 4707 SEEN_PREVIOUSLY b'1234832'
ACTION SNIPPET 10000 4710 SEEN_PREVIOUSLY b'858730'
ACTION SNIPPET 10000 4713 SEEN_PREVIOUSLY b'1606614'
ACTION SNIPPET 10000 4716 SEEN_PREVIOUSLY b'1237592'
ACTION SNIPPET 10000 4719 SEEN_PREVIOUSLY b'875458'
ACTION SNIPPET 10000 4722 SEEN_PREVIOUSLY b'945594'
ACTION SNIPPET 10000 4725 SEEN_PREVIOUSLY b'1470574'
ACTION SNIPPET 10000 4728 SEEN_PREVIOUSLY b'825133'
ACTION SNIPPET 10000 4731 SEEN_PREVIOUSLY b'951825'
ACTION SNIPPET 10000 4734 SEEN_PREVIOUSLY b'154819'
ACTION QUERY 10000 4744 art stolen forged house
ACTION SERP 10000 4749 EXAMINE_SERP
ACTION SNIPPET 10000 4752 SEEN_PREVIOUSLY b'1234832'
ACTION SNIPPET 10000 4755 SEEN_PREVIOUSLY b'858730'
ACTION SNIPPET 10000 4758 SEEN_PREVIOUSLY b'1606614'
ACTION SNIPPET 10000 4761 SEEN_PREVIOUSLY b'1470574'
ACTION SNIPPET 10000 4764 SEEN_PREVIOUSLY b'875458'
ACTION SNIPPET 10000 4767 SEEN_PREVIOUSLY b'945594'
ACTION SNIPPET 10000 4770 SEEN_PREVIOUSLY b'1237592'
ACTION SNIPPET 10000 4773 SEEN_PREVIOUSLY b'825133'
ACTION SNIPPET 10000 4776 SEEN_PREVIOUSLY b'951825'
ACTION SNIPPET 10000 4779 SEEN_PREVIOUSLY b'258400'
ACTION QUERY 10000 4789 art stolen forged joe
ACTION SERP 10000 4794 EXAMINE_SERP
ACTION SNIPPET 10000 4797 SNIPPET_RELEVANT b'484486'
ACTION DOC 10000 4817 EXAMINING_DOCUMENT b'484486'
ACTION MARK 10000 4820 CONSIDERED_RELEVANT b'484486'
ACTION SNIPPET 10000 4823 SEEN_PREVIOUSLY b'1234832'
ACTION SNIPPET 10000 4826 SEEN_PREVIOUSLY b'858730'
ACTION SNIPPET 10000 4829 SEEN_PREVIOUSLY b'1606614'
ACTION SNIPPET 10000 4832 SEEN_PREVIOUSLY b'875458'
ACTION SNIPPET 10000 4835 SEEN_PREVIOUSLY b'363429'
ACTION SNIPPET 10000 4838 SNIPPET_NOT_RELEVANT b'371916'
ACTION SNIPPET 10000 4841 SEEN_PREVIOUSLY b'362051'
ACTION SNIPPET 10000 4844 SEEN_PREVIOUSLY b'369152'
ACTION SNIPPET 10000 4847 SEEN_PREVIOUSLY b'1470574'
ACTION QUERY 10000 4857 art stolen forged burglaries
ACTION SERP 10000 4862 EXAMINE_SERP
ACTION SNIPPET 10000 4865 SNIPPET_RELEVANT b'617345'
ACTION DOC 10000 4885 EXAMINING_DOCUMENT b'617345'
ACTION MARK 10000 4888 CONSIDERED_RELEVANT b'617345'
ACTION SNIPPET 10000 4891 SNIPPET_RELEVANT b'398217'
ACTION DOC 10000 4911 EXAMINING_DOCUMENT b'398217'
ACTION MARK 10000 4914 CONSIDERED_RELEVANT b'398217'
ACTION SNIPPET 10000 4917 SNIPPET_NOT_RELEVANT b'29082'
ACTION SNIPPET 10000 4920 SNIPPET_RELEVANT b'281569'
ACTION DOC 10000 4940 EXAMINING_DOCUMENT b'281569'
ACTION SNIPPET 10000 4943 SNIPPET_NOT_RELEVANT b'959229'
ACTION SNIPPET 10000 4946 SNIPPET_RELEVANT b'1490013'
ACTION DOC 10000 4966 EXAMINING_DOCUMENT b'1490013'
ACTION SNIPPET 10000 4969 SNIPPET_RELEVANT b'1246161'
ACTION DOC 10000 4989 EXAMINING_DOCUMENT b'1246161'
ACTION MARK 10000 4992 CONSIDERED_RELEVANT b'1246161'
ACTION SNIPPET 10000 4995 SNIPPET_NOT_RELEVANT b'929447'
ACTION SNIPPET 10000 4998 SNIPPET_RELEVANT b'878985'
ACTION DOC 10000 5018 EXAMINING_DOCUMENT b'878985'
ACTION MARK 10000 5021 CONSIDERED_RELEVANT b'878985'
ACTION SNIPPET 10000 5024 SNIPPET_RELEVANT b'94605'
ACTION DOC 10000 5044 EXAMINING_DOCUMENT b'94605'
ACTION QUERY 10000 5054 art stolen forged true
ACTION SERP 10000 5059 EXAMINE_SERP
ACTION SNIPPET 10000 5062 SEEN_PREVIOUSLY b'858730'
ACTION SNIPPET 10000 5065 SEEN_PREVIOUSLY b'1234832'
ACTION SNIPPET 10000 5068 SEEN_PREVIOUSLY b'1606614'
ACTION SNIPPET 10000 5071 SEEN_PREVIOUSLY b'875458'
ACTION SNIPPET 10000 5074 SNIPPET_RELEVANT b'423534'
ACTION DOC 10000 5094 EXAMINING_DOCUMENT b'423534'
ACTION SNIPPET 10000 5097 SNIPPET_NOT_RELEVANT b'858415'
ACTION SNIPPET 10000 5100 SEEN_PREVIOUSLY b'1470574'
ACTION SNIPPET 10000 5103 SEEN_PREVIOUSLY b'825133'
ACTION SNIPPET 10000 5106 SEEN_PREVIOUSLY b'951825'
ACTION SNIPPET 10000 5109 SEEN_PREVIOUSLY b'1082492'
ACTION QUERY 10000 5119 art stolen forged break
ACTION SERP 10000 5124 EXAMINE_SERP
ACTION SNIPPET 10000 5127 SEEN_PREVIOUSLY b'1234832'
ACTION SNIPPET 10000 5130 SEEN_PREVIOUSLY b'1470574'
ACTION SNIPPET 10000 5133 SEEN_PREVIOUSLY b'858730'
ACTION SNIPPET 10000 5136 SEEN_PREVIOUSLY b'1606614'
ACTION SNIPPET 10000 5139 SEEN_PREVIOUSLY b'875458'
ACTION SNIPPET 10000 5142 SEEN_PREVIOUSLY b'1794609'
ACTION SNIPPET 10000 5145 SNIPPET_RELEVANT b'374975'
ACTION DOC 10000 5165 EXAMINING_DOCUMENT b'374975'
ACTION MARK 10000 5168 CONSIDERED_RELEVANT b'374975'
ACTION SNIPPET 10000 5171 SEEN_PREVIOUSLY b'825133'
ACTION SNIPPET 10000 5174 SEEN_PREVIOUSLY b'951825'
ACTION SNIPPET 10000 5177 SEEN_PREVIOUSLY b'154819'
ACTION QUERY 10000 5187 art stolen forged glen
ACTION SERP 10000 5192 EXAMINE_SERP
ACTION SNIPPET 10000 5195 SEEN_PREVIOUSLY b'1234832'
ACTION SNIPPET 10000 5198 SEEN_PREVIOUSLY b'858730'
ACTION SNIPPET 10000 5201 SEEN_PREVIOUSLY b'1606614'
ACTION SNIPPET 10000 5204 SEEN_PREVIOUSLY b'875458'
ACTION SNIPPET 10000 5207 SNIPPET_NOT_RELEVANT b'1012148'
ACTION SNIPPET 10000 5210 SEEN_PREVIOUSLY b'1470574'
ACTION SNIPPET 10000 5213 SEEN_PREVIOUSLY b'825133'
ACTION SNIPPET 10000 5216 SEEN_PREVIOUSLY b'951825'
ACTION SNIPPET 10000 5219 SEEN_PREVIOUSLY b'154819'
ACTION SNIPPET 10000 5222 SEEN_PREVIOUSLY b'1799658'
ACTION QUERY 10000 5232 art stolen forged japan
ACTION SERP 10000 5237 EXAMINE_SERP
ACTION SNIPPET 10000 5240 SEEN_PREVIOUSLY b'1234832'
ACTION SNIPPET 10000 5243 SEEN_PREVIOUSLY b'858730'
ACTION SNIPPET 10000 5246 SEEN_PREVIOUSLY b'1606614'
ACTION SNIPPET 10000 5249 SEEN_PREVIOUSLY b'336413'
ACTION SNIPPET 10000 5252 SEEN_PREVIOUSLY b'875458'
ACTION SNIPPET 10000 5255 SNIPPET_NOT_RELEVANT b'1286477'
ACTION SNIPPET 10000 5258 SNIPPET_RELEVANT b'452669'
ACTION DOC 10000 5278 EXAMINING_DOCUMENT b'452669'
ACTION MARK 10000 5281 CONSIDERED_RELEVANT b'452669'
ACTION SNIPPET 10000 5284 SEEN_PREVIOUSLY b'1470574'
ACTION SNIPPET 10000 5287 SEEN_PREVIOUSLY b'825133'
ACTION SNIPPET 10000 5290 SEEN_PREVIOUSLY b'951825'
ACTION QUERY 10000 5300 art stolen forged georges
ACTION SERP 10000 5305 EXAMINE_SERP
ACTION SNIPPET 10000 5308 SEEN_PREVIOUSLY b'825133'
ACTION SNIPPET 10000 5311 SEEN_PREVIOUSLY b'1234832'
ACTION SNIPPET 10000 5314 SEEN_PREVIOUSLY b'858730'
ACTION SNIPPET 10000 5317 SEEN_PREVIOUSLY b'1606614'
ACTION SNIPPET 10000 5320 SEEN_PREVIOUSLY b'875458'
ACTION SNIPPET 10000 5323 SEEN_PREVIOUSLY b'234518'
ACTION SNIPPET 10000 5326 SEEN_PREVIOUSLY b'1470574'
ACTION SNIPPET 10000 5329 SEEN_PREVIOUSLY b'951825'
ACTION SNIPPET 10000 5332 SEEN_PREVIOUSLY b'230420'
ACTION SNIPPET 10000 5335 SEEN_PREVIOUSLY b'235021'
ACTION QUERY 10000 5345 art stolen forged period
ACTION SERP 10000 5350 EXAMINE_SERP
ACTION SNIPPET 10000 5353 SEEN_PREVIOUSLY b'1234832'
ACTION SNIPPET 10000 5356 SEEN_PREVIOUSLY b'858730'
ACTION SNIPPET 10000 5359 SEEN_PREVIOUSLY b'1606614'
ACTION SNIPPET 10000 5362 SEEN_PREVIOUSLY b'875458'
ACTION SNIPPET 10000 5365 SEEN_PREVIOUSLY b'1470574'
ACTION SNIPPET 10000 5368 SEEN_PREVIOUSLY b'825133'
ACTION SNIPPET 10000 5371 SEEN_PREVIOUSLY b'951825'
ACTION SNIPPET 10000 5374 SEEN_PREVIOUSLY b'154819'
ACTION SNIPPET 10000 5377 SEEN_PREVIOUSLY b'1799658'
ACTION SNIPPET 10000 5380 SEEN_PREVIOUSLY b'1729989'
ACTION QUERY 10000 5390 art stolen forged artist
ACTION SERP 10000 5395 EXAMINE_SERP
ACTION SNIPPET 10000 5398 SEEN_PREVIOUSLY b'858730'
ACTION SNIPPET 10000 5401 SEEN_PREVIOUSLY b'1234832'
ACTION SNIPPET 10000 5404 SEEN_PREVIOUSLY b'1606614'
ACTION SNIPPET 10000 5407 SEEN_PREVIOUSLY b'1237592'
ACTION SNIPPET 10000 5410 SEEN_PREVIOUSLY b'1470574'
ACTION SNIPPET 10000 5413 SNIPPET_RELEVANT b'1631328'
ACTION DOC 10000 5433 EXAMINING_DOCUMENT b'1631328'
ACTION MARK 10000 5436 CONSIDERED_RELEVANT b'1631328'
ACTION SNIPPET 10000 5439 SNIPPET_NOT_RELEVANT b'861489'
ACTION SNIPPET 10000 5442 SNIPPET_NOT_RELEVANT b'861644'
ACTION SNIPPET 10000 5445 SNIPPET_RELEVANT b'104050'
ACTION DOC 10000 5465 EXAMINING_DOCUMENT b'104050'
ACTION MARK 10000 5468 CONSIDERED_RELEVANT b'104050'
ACTION SNIPPET 10000 5471 SEEN_PREVIOUSLY b'875458'
ACTION QUERY 10000 5481 art stolen forged raphael
ACTION SERP 10000 5486 EXAMINE_SERP
ACTION SNIPPET 10000 5489 SEEN_PREVIOUSLY b'104050'
ACTION SNIPPET 10000 5492 SEEN_PREVIOUSLY b'1234832'
ACTION SNIPPET 10000 5495 SEEN_PREVIOUSLY b'858730'
ACTION SNIPPET 10000 5498 SEEN_PREVIOUSLY b'1606614'
ACTION SNIPPET 10000 5501 SNIPPET_RELEVANT b'1404558'
ACTION DOC 10000 5521 EXAMINING_DOCUMENT b'1404558'
ACTION MARK 10000 5524 CONSIDERED_RELEVANT b'1404558'
ACTION SNIPPET 10000 5527 SNIPPET_RELEVANT b'336185'
ACTION DOC 10000 5547 EXAMINING_DOCUMENT b'336185'
ACTION MARK 10000 5550 CONSIDERED_RELEVANT b'336185'
ACTION SNIPPET 10000 5553 SEEN_PREVIOUSLY b'875458'
ACTION SNIPPET 10000 5556 SNIPPET_RELEVANT b'927126'
ACTION DOC 10000 5576 EXAMINING_DOCUMENT b'927126'
ACTION MARK 10000 5579 CONSIDERED_RELEVANT b'927126'
ACTION SNIPPET 10000 5582 SEEN_PREVIOUSLY b'1470574'
ACTION SNIPPET 10000 5585 SNIPPET_RELEVANT b'619803'
ACTION DOC 10000 5605 EXAMINING_DOCUMENT b'619803'
ACTION QUERY 10000 5615 art stolen forged donald
ACTION SERP 10000 5620 EXAMINE_SERP
ACTION SNIPPET 10000 5623 SEEN_PREVIOUSLY b'1234832'
ACTION SNIPPET 10000 5626 SEEN_PREVIOUSLY b'858730'
ACTION SNIPPET 10000 5629 SNIPPET_RELEVANT b'1132008'
ACTION DOC 10000 5649 EXAMINING_DOCUMENT b'1132008'
ACTION MARK 10000 5652 CONSIDERED_RELEVANT b'1132008'
ACTION SNIPPET 10000 5655 SEEN_PREVIOUSLY b'1606614'
ACTION SNIPPET 10000 5658 SEEN_PREVIOUSLY b'875458'
ACTION SNIPPET 10000 5661 SEEN_PREVIOUSLY b'1470574'
ACTION SNIPPET 10000 5664 SEEN_PREVIOUSLY b'825133'
ACTION SNIPPET 10000 5667 SEEN_PREVIOUSLY b'951825'
ACTION SNIPPET 10000 5670 SNIPPET_RELEVANT b'174528'
ACTION DOC 10000 5690 EXAMINING_DOCUMENT b'174528'
ACTION SNIPPET 10000 5693 SEEN_PREVIOUSLY b'154819'
ACTION QUERY 10000 5703 art stolen forged deed
ACTION SERP 10000 5708 EXAMINE_SERP
ACTION SNIPPET 10000 5711 SNIPPET_RELEVANT b'947377'
ACTION DOC 10000 5731 EXAMINING_DOCUMENT b'947377'
ACTION MARK 10000 5734 CONSIDERED_RELEVANT b'947377'
ACTION SNIPPET 10000 5737 SEEN_PREVIOUSLY b'1234832'
ACTION SNIPPET 10000 5740 SEEN_PREVIOUSLY b'858730'
ACTION SNIPPET 10000 5743 SEEN_PREVIOUSLY b'1606614'
ACTION SNIPPET 10000 5746 SNIPPET_RELEVANT b'221813'
ACTION DOC 10000 5766 EXAMINING_DOCUMENT b'221813'
ACTION MARK 10000 5769 CONSIDERED_RELEVANT b'221813'
ACTION SNIPPET 10000 5772 SNIPPET_NOT_RELEVANT b'1579793'
ACTION SNIPPET 10000 5775 SEEN_PREVIOUSLY b'875458'
ACTION SNIPPET 10000 5778 SNIPPET_NOT_RELEVANT b'48792'
ACTION SNIPPET 10000 5781 SNIPPET_NOT_RELEVANT b'162826'
ACTION SNIPPET 10000 5784 SEEN_PREVIOUSLY b'1470574'
ACTION QUERY 10000 5794 art stolen forged market
ACTION SERP 10000 5799 EXAMINE_SERP
ACTION SNIPPET 10000 5802 SEEN_PREVIOUSLY b'858730'
ACTION SNIPPET 10000 5805 SEEN_PREVIOUSLY b'1606614'
ACTION SNIPPET 10000 5808 SEEN_PREVIOUSLY b'1234832'
ACTION SNIPPET 10000 5811 SEEN_PREVIOUSLY b'951825'
ACTION SNIPPET 10000 5814 SEEN_PREVIOUSLY b'945594'
ACTION SNIPPET 10000 5817 SEEN_PREVIOUSLY b'875458'
ACTION SNIPPET 10000 5820 SEEN_PREVIOUSLY b'1794609'
ACTION SNIPPET 10000 5823 SEEN_PREVIOUSLY b'1470574'
ACTION SNIPPET 10000 5826 SEEN_PREVIOUSLY b'825133'
ACTION SNIPPET 10000 5829 SEEN_PREVIOUSLY b'1486881'
ACTION QUERY 10000 5839 art stolen forged scares
ACTION SERP 10000 5844 EXAMINE_SERP
ACTION SNIPPET 10000 5847 SEEN_PREVIOUSLY b'1234832'
ACTION SNIPPET 10000 5850 SEEN_PREVIOUSLY b'858730'
ACTION SNIPPET 10000 5853 SEEN_PREVIOUSLY b'1606614'
ACTION SNIPPET 10000 5856 SEEN_PREVIOUSLY b'875458'
ACTION SNIPPET 10000 5859 SEEN_PREVIOUSLY b'1470574'
ACTION SNIPPET 10000 5862 SEEN_PREVIOUSLY b'825133'
ACTION SNIPPET 10000 5865 SEEN_PREVIOUSLY b'951825'
ACTION SNIPPET 10000 5868 SEEN_PREVIOUSLY b'154819'
ACTION SNIPPET 10000 5871 SEEN_PREVIOUSLY b'1799658'
ACTION SNIPPET 10000 5874 SEEN_PREVIOUSLY b'336413'
ACTION QUERY 10000 5884 art stolen forged la
ACTION SERP 10000 5889 EXAMINE_SERP
ACTION SNIPPET 10000 5892 SEEN_PREVIOUSLY b'1234832'
ACTION SNIPPET 10000 5895 SEEN_PREVIOUSLY b'858730'
ACTION SNIPPET 10000 5898 SEEN_PREVIOUSLY b'1606614'
ACTION SNIPPET 10000 5901 SNIPPET_NOT_RELEVANT b'455369'
ACTION SNIPPET 10000 5904 SEEN_PREVIOUSLY b'1794609'
ACTION SNIPPET 10000 5907 SEEN_PREVIOUSLY b'101690'
ACTION SNIPPET 10000 5910 SEEN_PREVIOUSLY b'1631328'
ACTION SNIPPET 10000 5913 SEEN_PREVIOUSLY b'875458'
ACTION SNIPPET 10000 5916 SEEN_PREVIOUSLY b'1106730'
ACTION SNIPPET 10000 5919 SEEN_PREVIOUSLY b'1470574'
ACTION QUERY 10000 5929 art stolen forged object
ACTION SERP 10000 5934 EXAMINE_SERP
ACTION SNIPPET 10000 5937 SEEN_PREVIOUSLY b'1606614'
ACTION SNIPPET 10000 5940 SEEN_PREVIOUSLY b'1486881'
ACTION SNIPPET 10000 5943 SEEN_PREVIOUSLY b'810378'
ACTION SNIPPET 10000 5946 SEEN_PREVIOUSLY b'1794609'
ACTION SNIPPET 10000 5949 SEEN_PREVIOUSLY b'1392968'
ACTION SNIPPET 10000 5952 SEEN_PREVIOUSLY b'301580'
ACTION SNIPPET 10000 5955 SEEN_PREVIOUSLY b'1234832'
ACTION SNIPPET 10000 5958 SEEN_PREVIOUSLY b'1106730'
ACTION SNIPPET 10000 5961 SEEN_PREVIOUSLY b'234518'
ACTION SNIPPET 10000 5964 SEEN_PREVIOUSLY b'858730'
ACTION QUERY 10000 5974 art stolen forged died
ACTION SERP 10000 5979 EXAMINE_SERP
ACTION SNIPPET 10000 5982 SEEN_PREVIOUSLY b'858730'
ACTION SNIPPET 10000 5985 SEEN_PREVIOUSLY b'1234832'
ACTION SNIPPET 10000 5988 SEEN_PREVIOUSLY b'1799658'
ACTION SNIPPET 10000 5991 SEEN_PREVIOUSLY b'1606614'
ACTION SNIPPET 10000 5994 SEEN_PREVIOUSLY b'875458'
ACTION SNIPPET 10000 5997 SEEN_PREVIOUSLY b'1470574'
ACTION SNIPPET 10000 6000 SEEN_PREVIOUSLY b'825133'
ACTION SNIPPET 10000 6003 SEEN_PREVIOUSLY b'951825'
ACTION SNIPPET 10000 6006 SNIPPET_RELEVANT b'314569'
ACTION DOC 10000 6026 EXAMINING_DOCUMENT b'314569'
ACTION MARK 10000 6029 CONSIDERED_RELEVANT b'314569'
ACTION SNIPPET 10000 6032 SEEN_PREVIOUSLY b'154819'
ACTION QUERY 10000 6042 art stolen forged queens
ACTION SERP 10000 6047 EXAMINE_SERP
ACTION SNIPPET 10000 6050 SEEN_PREVIOUSLY b'1234832'
ACTION SNIPPET 10000 6053 SEEN_PREVIOUSLY b'1729989'
ACTION SNIPPET 10000 6056 SEEN_PREVIOUSLY b'1470574'
ACTION SNIPPET 10000 6059 SEEN_PREVIOUSLY b'858730'
ACTION SNIPPET 10000 6062 SEEN_PREVIOUSLY b'1606614'
ACTION SNIPPET 10000 6065 SEEN_PREVIOUSLY b'68054'
ACTION SNIPPET 10000 6068 SNIPPET_NOT_RELEVANT b'1846637'
ACTION SNIPPET 10000 6071 SEEN_PREVIOUSLY b'1392968'
ACTION SNIPPET 10000 6074 SNIPPET_NOT_RELEVANT b'48285'
ACTION SNIPPET 10000 6077 SEEN_PREVIOUSLY b'875458'
ACTION QUERY 10000 6087 art stolen forged down
ACTION SERP 10000 6092 EXAMINE_SERP
ACTION SNIPPET 10000 6095 SEEN_PREVIOUSLY b'858730'
ACTION SNIPPET 10000 6098 SEEN_PREVIOUSLY b'1606614'
ACTION SNIPPET 10000 6101 SEEN_PREVIOUSLY b'1234832'
ACTION SNIPPET 10000 6104 SEEN_PREVIOUSLY b'875458'
ACTION SNIPPET 10000 6107 SEEN_PREVIOUSLY b'1794609'
ACTION SNIPPET 10000 6110 SEEN_PREVIOUSLY b'1470574'
ACTION SNIPPET 10000 6113 SEEN_PREVIOUSLY b'825133'
ACTION SNIPPET 10000 6116 SEEN_PREVIOUSLY b'951825'
ACTION SNIPPET 10000 6119 SEEN_PREVIOUSLY b'154819'
ACTION SNIPPET 10000 6122 SEEN_PREVIOUSLY b'1486881'
ACTION QUERY 10000 6132 art stolen forged side
ACTION SERP 10000 6137 EXAMINE_SERP
ACTION SNIPPET 10000 6140 SEEN_PREVIOUSLY b'1234832'
ACTION SNIPPET 10000 6143 SEEN_PREVIOUSLY b'858730'
ACTION SNIPPET 10000 6146 SEEN_PREVIOUSLY b'1606614'
ACTION SNIPPET 10000 6149 SEEN_PREVIOUSLY b'1794609'
ACTION SNIPPET 10000 6152 SEEN_PREVIOUSLY b'875458'
ACTION SNIPPET 10000 6155 SEEN_PREVIOUSLY b'1470574'
ACTION SNIPPET 10000 6158 SEEN_PREVIOUSLY b'825133'
ACTION SNIPPET 10000 6161 SEEN_PREVIOUSLY b'951825'
ACTION SNIPPET 10000 6164 SEEN_PREVIOUSLY b'154819'
ACTION SNIPPET 10000 6167 SEEN_PREVIOUSLY b'484486'
ACTION QUERY 10000 6177 art stolen forged israeli
ACTION SERP 10000 6182 EXAMINE_SERP
ACTION SNIPPET 10000 6185 SNIPPET_RELEVANT b'1264034'
ACTION DOC 10000 6205 EXAMINING_DOCUMENT b'1264034'
ACTION SNIPPET 10000 6208 SEEN_PREVIOUSLY b'301580'
ACTION SNIPPET 10000 6211 SEEN_PREVIOUSLY b'1234832'
ACTION SNIPPET 10000 6214 SEEN_PREVIOUSLY b'858730'
ACTION SNIPPET 10000 6217 SNIPPET_RELEVANT b'851154'
ACTION DOC 10000 6237 EXAMINING_DOCUMENT b'851154'
ACTION SNIPPET 10000 6240 SEEN_PREVIOUSLY b'1606614'
ACTION SNIPPET 10000 6243 SEEN_PREVIOUSLY b'1246161'
ACTION SNIPPET 10000 6246 SEEN_PREVIOUSLY b'875458'
ACTION SNIPPET 10000 6249 SNIPPET_NOT_RELEVANT b'1078673'
ACTION SNIPPET 10000 6252 SEEN_PREVIOUSLY b'1470574'
ACTION QUERY 10000 6262 art stolen forged texas
ACTION SERP 10000 6267 EXAMINE_SERP
ACTION SNIPPET 10000 6270 SEEN_PREVIOUSLY b'1799658'
ACTION SNIPPET 10000 6273 SEEN_PREVIOUSLY b'1234832'
ACTION SNIPPET 10000 6276 SEEN_PREVIOUSLY b'858730'
ACTION SNIPPET 10000 6279 SEEN_PREVIOUSLY b'1606614'
ACTION SNIPPET 10000 6282 SEEN_PREVIOUSLY b'1794609'
ACTION SNIPPET 10000 6285 SEEN_PREVIOUSLY b'875458'
ACTION SNIPPET 10000 6288 SEEN_PREVIOUSLY b'361501'
ACTION SNIPPET 10000 6291 SEEN_PREVIOUSLY b'1470574'
ACTION SNIPPET 10000 6294 SEEN_PREVIOUSLY b'825133'
ACTION SNIPPET 10000 6297 SEEN_PREVIOUSLY b'951825'
ACTION QUERY 10000 6307 art stolen forged being
ACTION SERP 10000 6312 EXAMINE_SERP
ACTION SNIPPET 10000 6315 SEEN_PREVIOUSLY b'858730'
ACTION SNIPPET 10000 6318 SEEN_PREVIOUSLY b'1606614'
ACTION SNIPPET 10000 6321 SEEN_PREVIOUSLY b'1234832'
ACTION SNIPPET 10000 6324 SEEN_PREVIOUSLY b'875458'
ACTION SNIPPET 10000 6327 SEEN_PREVIOUSLY b'1799658'
ACTION SNIPPET 10000 6330 SEEN_PREVIOUSLY b'1470574'
ACTION SNIPPET 10000 6333 SEEN_PREVIOUSLY b'825133'
ACTION SNIPPET 10000 6336 SEEN_PREVIOUSLY b'951825'
ACTION SNIPPET 10000 6339 SEEN_PREVIOUSLY b'154819'
ACTION SNIPPET 10000 6342 SEEN_PREVIOUSLY b'945594'
ACTION QUERY 10000 6352 art stolen forged missing
ACTION SERP 10000 6357 EXAMINE_SERP
ACTION SNIPPET 10000 6360 SEEN_PREVIOUSLY b'1606614'
ACTION SNIPPET 10000 6363 SEEN_PREVIOUSLY b'154819'
ACTION SNIPPET 10000 6366 SEEN_PREVIOUSLY b'1470574'
ACTION SNIPPET 10000 6369 SEEN_PREVIOUSLY b'951825'
ACTION SNIPPET 10000 6372 SEEN_PREVIOUSLY b'1234832'
ACTION SNIPPET 10000 6375 SNIPPET_NOT_RELEVANT b'1333216'
ACTION SNIPPET 10000 6378 SEEN_PREVIOUSLY b'155008'
ACTION SNIPPET 10000 6381 SEEN_PREVIOUSLY b'858730'
ACTION SNIPPET 10000 6384 SNIPPET_NOT_RELEVANT b'1444189'
ACTION SNIPPET 10000 6387 SEEN_PREVIOUSLY b'1486881'
ACTION QUERY 10000 6397 art stolen forged vanish
ACTION SERP 10000 6402 EXAMINE_SERP
ACTION SNIPPET 10000 6405 SEEN_PREVIOUSLY b'320345'
ACTION SNIPPET 10000 6408 SEEN_PREVIOUSLY b'1234832'
ACTION SNIPPET 10000 6411 SEEN_PREVIOUSLY b'369152'
ACTION SNIPPET 10000 6414 SEEN_PREVIOUSLY b'858730'
ACTION SNIPPET 10000 6417 SEEN_PREVIOUSLY b'1606614'
ACTION SNIPPET 10000 6420 SEEN_PREVIOUSLY b'230420'
ACTION SNIPPET 10000 6423 SEEN_PREVIOUSLY b'875458'
ACTION SNIPPET 10000 6426 SEEN_PREVIOUSLY b'1470574'
ACTION SNIPPET 10000 6429 SNIPPET_RELEVANT b'502366'
ACTION DOC 10000 6449 EXAMINING_DOCUMENT b'502366'
ACTION SNIPPET 10000 6452 SEEN_PREVIOUSLY b'825133'
ACTION QUERY 10000 6462 art stolen forged persian
ACTION SERP 10000 6467 EXAMINE_SERP
ACTION SNIPPET 10000 6470 SNIPPET_RELEVANT b'593862'
ACTION DOC 10000 6490 EXAMINING_DOCUMENT b'593862'
ACTION MARK 10000 6493 CONSIDERED_RELEVANT b'593862'
ACTION SNIPPET 10000 6496 SEEN_PREVIOUSLY b'1234832'
ACTION SNIPPET 10000 6499 SEEN_PREVIOUSLY b'1237592'
ACTION SNIPPET 10000 6502 SEEN_PREVIOUSLY b'1486881'
ACTION SNIPPET 10000 6505 SEEN_PREVIOUSLY b'858730'
ACTION SNIPPET 10000 6508 SEEN_PREVIOUSLY b'1606614'
ACTION SNIPPET 10000 6511 SNIPPET_RELEVANT b'1515190'
ACTION DOC 10000 6531 EXAMINING_DOCUMENT b'1515190'
ACTION MARK 10000 6534 CONSIDERED_RELEVANT b'1515190'
ACTION SNIPPET 10000 6537 SEEN_PREVIOUSLY b'875458'
ACTION SNIPPET 10000 6540 SNIPPET_NOT_RELEVANT b'392073'
ACTION SNIPPET 10000 6543 SNIPPET_RELEVANT b'392072'
ACTION DOC 10000 6563 EXAMINING_DOCUMENT b'392072'
ACTION QUERY 10000 6573 art stolen forged steal
ACTION SERP 10000 6578 EXAMINE_SERP
ACTION SNIPPET 10000 6581 SEEN_PREVIOUSLY b'154819'
ACTION SNIPPET 10000 6584 SEEN_PREVIOUSLY b'1606614'
ACTION SNIPPET 10000 6587 SEEN_PREVIOUSLY b'1729989'
ACTION SNIPPET 10000 6590 SEEN_PREVIOUSLY b'825133'
ACTION SNIPPET 10000 6593 SEEN_PREVIOUSLY b'155008'
ACTION SNIPPET 10000 6596 SNIPPET_NOT_RELEVANT b'224754'
ACTION SNIPPET 10000 6599 SNIPPET_NOT_RELEVANT b'240621'
ACTION SNIPPET 10000 6602 SEEN_PREVIOUSLY b'209888'
ACTION SNIPPET 10000 6605 SEEN_PREVIOUSLY b'1392968'
ACTION SNIPPET 10000 6608 SNIPPET_NOT_RELEVANT b'314123'
ACTION QUERY 10000 6618 art stolen forged goldbergs
ACTION SERP 10000 6623 EXAMINE_SERP
ACTION SNIPPET 10000 6626 SNIPPET_NOT_RELEVANT b'272433'
ACTION SNIPPET 10000 6629 SNIPPET_RELEVANT b'250905'
ACTION DOC 10000 6649 EXAMINING_DOCUMENT b'250905'
ACTION MARK 10000 6652 CONSIDERED_RELEVANT b'250905'
ACTION SNIPPET 10000 6655 SEEN_PREVIOUSLY b'255890'
ACTION SNIPPET 10000 6658 SNIPPET_NOT_RELEVANT b'256440'
ACTION SNIPPET 10000 6661 SNIPPET_NOT_RELEVANT b'395384'
ACTION SNIPPET 10000 6664 SNIPPET_NOT_RELEVANT b'255518'
ACTION SNIPPET 10000 6667 SNIPPET_NOT_RELEVANT b'317692'
ACTION SNIPPET 10000 6670 SNIPPET_NOT_RELEVANT b'254784'
ACTION SNIPPET 10000 6673 SNIPPET_NOT_RELEVANT b'256620'
ACTION SNIPPET 10000 6676 SNIPPET_NOT_RELEVANT b'255397'
ACTION QUERY 10000 6686 art stolen forged mosaic
ACTION SERP 10000 6691 EXAMINE_SERP
ACTION SNIPPET 10000 6694 SNIPPET_NOT_RELEVANT b'272433'
ACTION SNIPPET 10000 6697 SEEN_PREVIOUSLY b'250905'
ACTION SNIPPET 10000 6700 SNIPPET_NOT_RELEVANT b'256440'
ACTION SNIPPET 10000 6703 SNIPPET_NOT_RELEVANT b'395384'
ACTION SNIPPET 10000 6706 SEEN_PREVIOUSLY b'255890'
ACTION SNIPPET 10000 6709 SNIPPET_RELEVANT b'255397'
ACTION DOC 10000 6729 EXAMINING_DOCUMENT b'255397'
ACTION SNIPPET 10000 6732 SNIPPET_NOT_RELEVANT b'317692'
ACTION SNIPPET 10000 6735 SNIPPET_RELEVANT b'254784'
ACTION DOC 10000 6755 EXAMINING_DOCUMENT b'254784'
ACTION SNIPPET 10000 6758 SNIPPET_NOT_RELEVANT b'255518'
ACTION SNIPPET 10000 6761 SNIPPET_RELEVANT b'256620'
ACTION DOC 10000 6781 EXAMINING_DOCUMENT b'256620'
ACTION QUERY 10000 6791 art stolen forged dalis
ACTION SERP 10000 6796 EXAMINE_SERP
ACTION SNIPPET 10000 6799 SEEN_PREVIOUSLY b'858730'
ACTION SNIPPET 10000 6802 SEEN_PREVIOUSLY b'881252'
ACTION SNIPPET 10000 6805 SNIPPET_RELEVANT b'247167'
ACTION DOC 10000 6825 EXAMINING_DOCUMENT b'247167'
ACTION MARK 10000 6828 CONSIDERED_RELEVANT b'247167'
ACTION SNIPPET 10000 6831 SNIPPET_NOT_RELEVANT b'1469414'
ACTION SNIPPET 10000 6834 SNIPPET_RELEVANT b'58967'
ACTION DOC 10000 6854 EXAMINING_DOCUMENT b'58967'
ACTION MARK 10000 6857 CONSIDERED_RELEVANT b'58967'
ACTION SNIPPET 10000 6860 SNIPPET_RELEVANT b'253280'
ACTION DOC 10000 6880 EXAMINING_DOCUMENT b'253280'
ACTION MARK 10000 6883 CONSIDERED_RELEVANT b'253280'
ACTION SNIPPET 10000 6886 SNIPPET_NOT_RELEVANT b'1469208'
ACTION SNIPPET 10000 6889 SEEN_PREVIOUSLY b'1234832'
ACTION SNIPPET 10000 6892 SNIPPET_NOT_RELEVANT b'501054'
ACTION SNIPPET 10000 6895 SNIPPET_NOT_RELEVANT b'663625'
ACTION QUERY 10000 6905 art stolen forged armed
ACTION SERP 10000 6910 EXAMINE_SERP
ACTION SNIPPET 10000 6913 SEEN_PREVIOUSLY b'1606614'
ACTION SNIPPET 10000 6916 SEEN_PREVIOUSLY b'1234832'
ACTION SNIPPET 10000 6919 SEEN_PREVIOUSLY b'1470574'
ACTION SNIPPET 10000 6922 SEEN_PREVIOUSLY b'858730'
ACTION SNIPPET 10000 6925 SEEN_PREVIOUSLY b'1237592'
ACTION SNIPPET 10000 6928 SEEN_PREVIOUSLY b'875458'
ACTION SNIPPET 10000 6931 SEEN_PREVIOUSLY b'1794609'
ACTION SNIPPET 10000 6934 SEEN_PREVIOUSLY b'1606234'
ACTION SNIPPET 10000 6937 SEEN_PREVIOUSLY b'825133'
ACTION SNIPPET 10000 6940 SEEN_PREVIOUSLY b'951825'
ACTION QUERY 10000 6950 art stolen forged chinese
ACTION SERP 10000 6955 EXAMINE_SERP
ACTION SNIPPET 10000 6958 SEEN_PREVIOUSLY b'858730'
ACTION SNIPPET 10000 6961 SEEN_PREVIOUSLY b'234518'
ACTION SNIPPET 10000 6964 SEEN_PREVIOUSLY b'230420'
ACTION SNIPPET 10000 6967 SEEN_PREVIOUSLY b'1234832'
ACTION SNIPPET 10000 6970 SEEN_PREVIOUSLY b'1286419'
ACTION SNIPPET 10000 6973 SEEN_PREVIOUSLY b'1606614'
ACTION SNIPPET 10000 6976 SEEN_PREVIOUSLY b'247167'
ACTION SNIPPET 10000 6979 SNIPPET_RELEVANT b'336511'
ACTION DOC 10000 6999 EXAMINING_DOCUMENT b'336511'
ACTION MARK 10000 7002 CONSIDERED_RELEVANT b'336511'
ACTION SNIPPET 10000 7005 SNIPPET_NOT_RELEVANT b'1187946'
ACTION SNIPPET 10000 7008 SEEN_PREVIOUSLY b'875458'
ACTION QUERY 10000 7018 art stolen forged portuguese
ACTION SERP 10000 7023 EXAMINE_SERP
ACTION SNIPPET 10000 7026 SEEN_PREVIOUSLY b'1234832'
ACTION SNIPPET 10000 7029 SEEN_PREVIOUSLY b'858730'
ACTION SNIPPET 10000 7032 SNIPPET_NOT_RELEVANT b'729009'
ACTION SNIPPET 10000 7035 SEEN_PREVIOUSLY b'1606614'
ACTION SNIPPET 10000 7038 SEEN_PREVIOUSLY b'875458'
ACTION SNIPPET 10000 7041 SNIPPET_NOT_RELEVANT b'195289'
ACTION SNIPPET 10000 7044 SEEN_PREVIOUSLY b'1470574'
ACTION SNIPPET 10000 7047 SEEN_PREVIOUSLY b'825133'
ACTION SNIPPET 10000 7050 SEEN_PREVIOUSLY b'951825'
ACTION SNIPPET 10000 7053 SNIPPET_NOT_RELEVANT b'1154050'
ACTION QUERY 10000 7063 art stolen forged fbi
ACTION SERP 10000 7068 EXAMINE_SERP
ACTION SNIPPET 10000 7071 SNIPPET_RELEVANT b'1209272'
ACTION DOC 10000 7091 EXAMINING_DOCUMENT b'1209272'
ACTION MARK 10000 7094 CONSIDERED_RELEVANT b'1209272'
ACTION SNIPPET 10000 7097 SNIPPET_NOT_RELEVANT b'1087640'
ACTION SNIPPET 10000 7100 SEEN_PREVIOUSLY b'1234832'
ACTION SNIPPET 10000 7103 SEEN_PREVIOUSLY b'858730'
ACTION SNIPPET 10000 7106 SNIPPET_RELEVANT b'594194'
ACTION DOC 10000 7126 EXAMINING_DOCUMENT b'594194'
ACTION SNIPPET 10000 7129 SEEN_PREVIOUSLY b'1606614'
ACTION SNIPPET 10000 7132 SEEN_PREVIOUSLY b'875458'
ACTION SNIPPET 10000 7135 SEEN_PREVIOUSLY b'1470574'
ACTION SNIPPET 10000 7138 SEEN_PREVIOUSLY b'825133'
ACTION SNIPPET 10000 7141 SEEN_PREVIOUSLY b'951825'
ACTION QUERY 10000 7151 art stolen forged bobrick
ACTION SERP 10000 7156 EXAMINE_SERP
ACTION SNIPPET 10000 7159 SEEN_PREVIOUSLY b'1209272'
ACTION SNIPPET 10000 7162 SNIPPET_NOT_RELEVANT b'195099'
ACTION SNIPPET 10000 7165 SNIPPET_NOT_RELEVANT b'941743'
ACTION SNIPPET 10000 7168 SNIPPET_RELEVANT b'1021280'
ACTION DOC 10000 7188 EXAMINING_DOCUMENT b'1021280'
ACTION SNIPPET 10000 7191 SNIPPET_RELEVANT b'195126'
ACTION DOC 10000 7211 EXAMINING_DOCUMENT b'195126'
ACTION SNIPPET 10000 7214 SNIPPET_NOT_RELEVANT b'1312696'
ACTION SNIPPET 10000 7217 SNIPPET_NOT_RELEVANT b'761025'
ACTION SNIPPET 10000 7220 SEEN_PREVIOUSLY b'1234832'
ACTION SNIPPET 10000 7223 SNIPPET_RELEVANT b'747813'
ACTION DOC 10000 7243 EXAMINING_DOCUMENT b'747813'
ACTION SNIPPET 10000 7246 SNIPPET_NOT_RELEVANT b'1737111'
ACTION QUERY 10000 7256 art stolen forged common
ACTION SERP 10000 7261 EXAMINE_SERP
ACTION SNIPPET 10000 7264 SEEN_PREVIOUSLY b'951825'
ACTION SNIPPET 10000 7267 SEEN_PREVIOUSLY b'858730'
ACTION SNIPPET 10000 7270 SEEN_PREVIOUSLY b'1234832'
ACTION SNIPPET 10000 7273 SEEN_PREVIOUSLY b'1606614'
ACTION SNIPPET 10000 7276 SEEN_PREVIOUSLY b'875458'
ACTION SNIPPET 10000 7279 SEEN_PREVIOUSLY b'1470574'
ACTION SNIPPET 10000 7282 SEEN_PREVIOUSLY b'825133'
ACTION SNIPPET 10000 7285 SEEN_PREVIOUSLY b'154819'
ACTION SNIPPET 10000 7288 SNIPPET_RELEVANT b'864980'
ACTION DOC 10000 7308 EXAMINING_DOCUMENT b'864980'
ACTION SNIPPET 10000 7311 SEEN_PREVIOUSLY b'336185'
ACTION QUERY 10000 7321 art stolen forged grow
ACTION SERP 10000 7326 EXAMINE_SERP
ACTION SNIPPET 10000 7329 SEEN_PREVIOUSLY b'858730'
ACTION SNIPPET 10000 7332 SEEN_PREVIOUSLY b'1234832'
ACTION SNIPPET 10000 7335 SEEN_PREVIOUSLY b'1606614'
ACTION SNIPPET 10000 7338 SEEN_PREVIOUSLY b'875458'
ACTION SNIPPET 10000 7341 SEEN_PREVIOUSLY b'1470574'
ACTION SNIPPET 10000 7344 SEEN_PREVIOUSLY b'825133'
ACTION SNIPPET 10000 7347 SEEN_PREVIOUSLY b'951825'
ACTION SNIPPET 10000 7350 SEEN_PREVIOUSLY b'154819'
ACTION SNIPPET 10000 7353 SEEN_PREVIOUSLY b'336413'
ACTION SNIPPET 10000 7356 SNIPPET_NOT_RELEVANT b'1509295'
ACTION QUERY 10000 7366 art stolen forged reason
ACTION SERP 10000 7371 EXAMINE_SERP
ACTION SNIPPET 10000 7374 SEEN_PREVIOUSLY b'1234832'
ACTION SNIPPET 10000 7377 SEEN_PREVIOUSLY b'858730'
ACTION SNIPPET 10000 7380 SEEN_PREVIOUSLY b'1606614'
ACTION SNIPPET 10000 7383 SEEN_PREVIOUSLY b'875458'
ACTION SNIPPET 10000 7386 SEEN_PREVIOUSLY b'1470574'
ACTION SNIPPET 10000 7389 SEEN_PREVIOUSLY b'825133'
ACTION SNIPPET 10000 7392 SEEN_PREVIOUSLY b'951825'
ACTION SNIPPET 10000 7395 SNIPPET_RELEVANT b'272433'
ACTION DOC 10000 7415 EXAMINING_DOCUMENT b'272433'
ACTION SNIPPET 10000 7418 SEEN_PREVIOUSLY b'154819'
ACTION SNIPPET 10000 7421 SEEN_PREVIOUSLY b'810378'
ACTION QUERY 10000 7431 art stolen forged egypt
ACTION SERP 10000 7436 EXAMINE_SERP
ACTION SNIPPET 10000 7439 SEEN_PREVIOUSLY b'1606614'
ACTION SNIPPET 10000 7442 SNIPPET_RELEVANT b'210513'
ACTION DOC 10000 7462 EXAMINING_DOCUMENT b'210513'
ACTION MARK 10000 7465 CONSIDERED_RELEVANT b'210513'
ACTION SNIPPET 10000 7468 SEEN_PREVIOUSLY b'1310047'
ACTION SNIPPET 10000 7471 SEEN_PREVIOUSLY b'1487126'
ACTION SNIPPET 10000 7474 SEEN_PREVIOUSLY b'1363485'
ACTION SNIPPET 10000 7477 SEEN_PREVIOUSLY b'1399857'
ACTION SNIPPET 10000 7480 SEEN_PREVIOUSLY b'1234832'
ACTION SNIPPET 10000 7483 SEEN_PREVIOUSLY b'858730'
ACTION SNIPPET 10000 7486 SNIPPET_RELEVANT b'442165'
ACTION DOC 10000 7506 EXAMINING_DOCUMENT b'442165'
ACTION MARK 10000 7509 CONSIDERED_RELEVANT b'442165'
ACTION SNIPPET 10000 7512 SEEN_PREVIOUSLY b'1367360'
ACTION QUERY 10000 7522 art stolen forged fine
ACTION SERP 10000 7527 EXAMINE_SERP
ACTION SNIPPET 10000 7530 SEEN_PREVIOUSLY b'1234832'
ACTION SNIPPET 10000 7533 SEEN_PREVIOUSLY b'1470574'
ACTION SNIPPET 10000 7536 SEEN_PREVIOUSLY b'858730'
ACTION SNIPPET 10000 7539 SNIPPET_NOT_RELEVANT b'195585'
ACTION SNIPPET 10000 7542 SEEN_PREVIOUSLY b'1606614'
ACTION SNIPPET 10000 7545 SEEN_PREVIOUSLY b'945594'
ACTION SNIPPET 10000 7548 SEEN_PREVIOUSLY b'875458'
ACTION SNIPPET 10000 7551 SEEN_PREVIOUSLY b'336128'
ACTION SNIPPET 10000 7554 SEEN_PREVIOUSLY b'1631328'
ACTION SNIPPET 10000 7557 SEEN_PREVIOUSLY b'234518'
ACTION QUERY 10000 7567 art stolen forged washing
ACTION SERP 10000 7572 EXAMINE_SERP
ACTION SNIPPET 10000 7575 SEEN_PREVIOUSLY b'1234832'
ACTION SNIPPET 10000 7578 SEEN_PREVIOUSLY b'858730'
ACTION SNIPPET 10000 7581 SEEN_PREVIOUSLY b'1606614'
ACTION SNIPPET 10000 7584 SEEN_PREVIOUSLY b'875458'
ACTION SNIPPET 10000 7587 SEEN_PREVIOUSLY b'726008'
ACTION SNIPPET 10000 7590 SEEN_PREVIOUSLY b'1470574'
ACTION SNIPPET 10000 7593 SEEN_PREVIOUSLY b'825133'
ACTION SNIPPET 10000 7596 SEEN_PREVIOUSLY b'951825'
ACTION SNIPPET 10000 7599 SEEN_PREVIOUSLY b'154819'
ACTION SNIPPET 10000 7602 SEEN_PREVIOUSLY b'1799658'
ACTION QUERY 10000 7612 art stolen forged hoard
ACTION SERP 10000 7617 EXAMINE_SERP
ACTION SNIPPET 10000 7620 SNIPPET_NOT_RELEVANT b'366406'
ACTION SNIPPET 10000 7623 SNIPPET_NOT_RELEVANT b'369887'
ACTION SNIPPET 10000 7626 SNIPPET_RELEVANT b'15702'
ACTION DOC 10000 7646 EXAMINING_DOCUMENT b'15702'
ACTION SNIPPET 10000 7649 SEEN_PREVIOUSLY b'361501'
ACTION SNIPPET 10000 7652 SEEN_PREVIOUSLY b'1234832'
ACTION SNIPPET 10000 7655 SNIPPET_RELEVANT b'482712'
ACTION DOC 10000 7675 EXAMINING_DOCUMENT b'482712'
ACTION SNIPPET 10000 7678 SEEN_PREVIOUSLY b'858730'
ACTION SNIPPET 10000 7681 SNIPPET_RELEVANT b'1768740'
ACTION DOC 10000 7701 EXAMINING_DOCUMENT b'1768740'
ACTION SNIPPET 10000 7704 SNIPPET_NOT_RELEVANT b'951897'
ACTION SNIPPET 10000 7707 SEEN_PREVIOUSLY b'1606614'
ACTION QUERY 10000 7717 art stolen forged exhibited
ACTION SERP 10000 7722 EXAMINE_SERP
ACTION SNIPPET 10000 7725 SEEN_PREVIOUSLY b'858730'
ACTION SNIPPET 10000 7728 SNIPPET_NOT_RELEVANT b'1199775'
ACTION SNIPPET 10000 7731 SNIPPET_RELEVANT b'47206'
ACTION DOC 10000 7751 EXAMINING_DOCUMENT b'47206'
ACTION MARK 10000 7754 CONSIDERED_RELEVANT b'47206'
ACTION SNIPPET 10000 7757 SEEN_PREVIOUSLY b'1234832'
ACTION SNIPPET 10000 7760 SNIPPET_RELEVANT b'689544'
ACTION DOC 10000 7780 EXAMINING_DOCUMENT b'689544'
ACTION MARK 10000 7783 CONSIDERED_RELEVANT b'689544'
ACTION SNIPPET 10000 7786 SEEN_PREVIOUSLY b'336413'
ACTION SNIPPET 10000 7789 SEEN_PREVIOUSLY b'1606614'
ACTION SNIPPET 10000 7792 SNIPPET_RELEVANT b'449200'
ACTION DOC 10000 7812 EXAMINING_DOCUMENT b'449200'
ACTION MARK 10000 7815 CONSIDERED_RELEVANT b'449200'
ACTION SNIPPET 10000 7818 SNIPPET_RELEVANT b'861489'
ACTION DOC 10000 7838 EXAMINING_DOCUMENT b'861489'
ACTION SNIPPET 10000 7841 SNIPPET_RELEVANT b'861644'
ACTION DOC 10000 7861 EXAMINING_DOCUMENT b'861644'
ACTION QUERY 10000 7871 art stolen forged seurats
ACTION SERP 10000 7876 EXAMINE_SERP
ACTION SNIPPET 10000 7879 SEEN_PREVIOUSLY b'449200'
ACTION SNIPPET 10000 7882 SEEN_PREVIOUSLY b'452669'
ACTION SNIPPET 10000 7885 SEEN_PREVIOUSLY b'861489'
ACTION SNIPPET 10000 7888 SEEN_PREVIOUSLY b'861644'
ACTION SNIPPET 10000 7891 SNIPPET_RELEVANT b'1421567'
ACTION DOC 10000 7911 EXAMINING_DOCUMENT b'1421567'
ACTION SNIPPET 10000 7914 SNIPPET_RELEVANT b'478253'
ACTION DOC 10000 7934 EXAMINING_DOCUMENT b'478253'
ACTION SNIPPET 10000 7937 SNIPPET_RELEVANT b'1323920'
ACTION DOC 10000 7957 EXAMINING_DOCUMENT b'1323920'
ACTION SNIPPET 10000 7960 SNIPPET_RELEVANT b'475713'
ACTION DOC 10000 7980 EXAMINING_DOCUMENT b'475713'
ACTION SNIPPET 10000 7983 SNIPPET_NOT_RELEVANT b'441507'
ACTION SNIPPET 10000 7986 SNIPPET_NOT_RELEVANT b'952509'
ACTION QUERY 10000 7996 art stolen forged lewiston
ACTION SERP 10000 8001 EXAMINE_SERP
ACTION SNIPPET 10000 8004 SEEN_PREVIOUSLY b'1234832'
ACTION SNIPPET 10000 8007 SEEN_PREVIOUSLY b'858730'
ACTION SNIPPET 10000 8010 SEEN_PREVIOUSLY b'1606614'
ACTION SNIPPET 10000 8013 SNIPPET_RELEVANT b'1773846'
ACTION DOC 10000 8033 EXAMINING_DOCUMENT b'1773846'
ACTION SNIPPET 10000 8036 SEEN_PREVIOUSLY b'875458'
ACTION SNIPPET 10000 8039 SNIPPET_RELEVANT b'1540051'
ACTION DOC 10000 8059 EXAMINING_DOCUMENT b'1540051'
ACTION SNIPPET 10000 8062 SNIPPET_NOT_RELEVANT b'1604670'
ACTION SNIPPET 10000 8065 SNIPPET_RELEVANT b'672047'
ACTION DOC 10000 8085 EXAMINING_DOCUMENT b'672047'
ACTION SNIPPET 10000 8088 SEEN_PREVIOUSLY b'1470574'
ACTION SNIPPET 10000 8091 SEEN_PREVIOUSLY b'825133'
ACTION QUERY 10000 8101 art stolen forged ses
ACTION SERP 10000 8106 EXAMINE_SERP
ACTION SNIPPET 10000 8109 SEEN_PREVIOUSLY b'1794609'
ACTION SNIPPET 10000 8112 SNIPPET_RELEVANT b'1829618'
ACTION DOC 10000 8132 EXAMINING_DOCUMENT b'1829618'
ACTION MARK 10000 8135 CONSIDERED_RELEVANT b'1829618'
ACTION SNIPPET 10000 8138 SEEN_PREVIOUSLY b'1234832'
ACTION SNIPPET 10000 8141 SEEN_PREVIOUSLY b'858730'
ACTION SNIPPET 10000 8144 SEEN_PREVIOUSLY b'1606614'
ACTION SNIPPET 10000 8147 SEEN_PREVIOUSLY b'875458'
ACTION SNIPPET 10000 8150 SEEN_PREVIOUSLY b'1470574'
ACTION SNIPPET 10000 8153 SEEN_PREVIOUSLY b'825133'
ACTION SNIPPET 10000 8156 SEEN_PREVIOUSLY b'951825'
ACTION SNIPPET 10000 8159 SEEN_PREVIOUSLY b'154819'
ACTION QUERY 10000 8169 art stolen forged retrospective
ACTION SERP 10000 8174 EXAMINE_SERP
ACTION SNIPPET 10000 8177 SEEN_PREVIOUSLY b'449200'
ACTION SNIPPET 10000 8180 SEEN_PREVIOUSLY b'1631328'
ACTION SNIPPET 10000 8183 SEEN_PREVIOUSLY b'1213111'
ACTION SNIPPET 10000 8186 SNIPPET_NOT_RELEVANT b'92339'
ACTION SNIPPET 10000 8189 SEEN_PREVIOUSLY b'1234832'
ACTION SNIPPET 10000 8192 SEEN_PREVIOUSLY b'861489'
ACTION SNIPPET 10000 8195 SEEN_PREVIOUSLY b'861644'
ACTION SNIPPET 10000 8198 SEEN_PREVIOUSLY b'858730'
ACTION SNIPPET 10000 8201 SEEN_PREVIOUSLY b'1421567'
ACTION SNIPPET 10000 8204 SEEN_PREVIOUSLY b'1606614'
ACTION QUERY 10000 8214 art stolen forged castel
ACTION SERP 10000 8219 EXAMINE_SERP
ACTION SNIPPET 10000 8222 SEEN_PREVIOUSLY b'689544'
ACTION SNIPPET 10000 8225 SNIPPET_NOT_RELEVANT b'494796'
ACTION SNIPPET 10000 8228 SEEN_PREVIOUSLY b'1234832'
ACTION SNIPPET 10000 8231 SEEN_PREVIOUSLY b'858730'
ACTION SNIPPET 10000 8234 SEEN_PREVIOUSLY b'1606614'
ACTION SNIPPET 10000 8237 SNIPPET_NOT_RELEVANT b'1031060'
ACTION SNIPPET 10000 8240 SNIPPET_NOT_RELEVANT b'1401357'
ACTION SNIPPET 10000 8243 SNIPPET_RELEVANT b'174751'
ACTION DOC 10000 8263 EXAMINING_DOCUMENT b'174751'
ACTION SNIPPET 10000 8266 SEEN_PREVIOUSLY b'875458'
ACTION SNIPPET 10000 8269 SNIPPET_RELEVANT b'883384'
ACTION DOC 10000 8289 EXAMINING_DOCUMENT b'883384'
ACTION QUERY 10000 8299 art stolen forged darkness
ACTION SERP 10000 8304 EXAMINE_SERP
ACTION SNIPPET 10000 8307 SEEN_PREVIOUSLY b'951825'
ACTION SNIPPET 10000 8310 SEEN_PREVIOUSLY b'1234832'
ACTION SNIPPET 10000 8313 SEEN_PREVIOUSLY b'858730'
ACTION SNIPPET 10000 8316 SEEN_PREVIOUSLY b'1606614'
ACTION SNIPPET 10000 8319 SEEN_PREVIOUSLY b'875458'
ACTION SNIPPET 10000 8322 SEEN_PREVIOUSLY b'1470574'
ACTION SNIPPET 10000 8325 SNIPPET_NOT_RELEVANT b'408612'
ACTION SNIPPET 10000 8328 SEEN_PREVIOUSLY b'825133'
ACTION SNIPPET 10000 8331 SEEN_PREVIOUSLY b'154819'
ACTION SNIPPET 10000 8334 SEEN_PREVIOUSLY b'978186'
ACTION QUERY 10000 8344 art stolen forged belong
ACTION SERP 10000 8349 EXAMINE_SERP
ACTION SNIPPET 10000 8352 SEEN_PREVIOUSLY b'1786486'
ACTION SNIPPET 10000 8355 SEEN_PREVIOUSLY b'1470574'
ACTION SNIPPET 10000 8358 SEEN_PREVIOUSLY b'47206'
ACTION SNIPPET 10000 8361 SNIPPET_RELEVANT b'148137'
ACTION DOC 10000 8381 EXAMINING_DOCUMENT b'148137'
ACTION MARK 10000 8384 CONSIDERED_RELEVANT b'148137'
ACTION SNIPPET 10000 8387 SNIPPET_RELEVANT b'314123'
ACTION DOC 10000 8407 EXAMINING_DOCUMENT b'314123'
ACTION MARK 10000 8410 CONSIDERED_RELEVANT b'314123'
ACTION SNIPPET 10000 8413 SEEN_PREVIOUSLY b'314569'
ACTION SNIPPET 10000 8416 SEEN_PREVIOUSLY b'1234832'
ACTION SNIPPET 10000 8419 SNIPPET_RELEVANT b'135267'
ACTION DOC 10000 8439 EXAMINING_DOCUMENT b'135267'
ACTION MARK 10000 8442 CONSIDERED_RELEVANT b'135267'
ACTION SNIPPET 10000 8445 SEEN_PREVIOUSLY b'858730'
ACTION SNIPPET 10000 8448 SEEN_PREVIOUSLY b'1606614'
ACTION QUERY 10000 8458 art stolen forged lincolns
ACTION SERP 10000 8463 EXAMINE_SERP
ACTION SNIPPET 10000 8466 SEEN_PREVIOUSLY b'135267'
ACTION SNIPPET 10000 8469 SEEN_PREVIOUSLY b'1234832'
ACTION SNIPPET 10000 8472 SEEN_PREVIOUSLY b'858730'
ACTION SNIPPET 10000 8475 SEEN_PREVIOUSLY b'1606614'
ACTION SNIPPET 10000 8478 SNIPPET_RELEVANT b'1844777'
ACTION DOC 10000 8498 EXAMINING_DOCUMENT b'1844777'
ACTION SNIPPET 10000 8501 SEEN_PREVIOUSLY b'148137'
ACTION SNIPPET 10000 8504 SNIPPET_NOT_RELEVANT b'65962'
ACTION SNIPPET 10000 8507 SNIPPET_RELEVANT b'75790'
ACTION DOC 10000 8527 EXAMINING_DOCUMENT b'75790'
ACTION SNIPPET 10000 8530 SNIPPET_NOT_RELEVANT b'129851'
ACTION SNIPPET 10000 8533 SEEN_PREVIOUSLY b'875458'
ACTION QUERY 10000 8543 art stolen forged total
ACTION SERP 10000 8548 EXAMINE_SERP
ACTION SNIPPET 10000 8551 SEEN_PREVIOUSLY b'1234832'
ACTION SNIPPET 10000 8554 SEEN_PREVIOUSLY b'858730'
ACTION SNIPPET 10000 8557 SEEN_PREVIOUSLY b'1606614'
ACTION SNIPPET 10000 8560 SEEN_PREVIOUSLY b'155008'
ACTION SNIPPET 10000 8563 SEEN_PREVIOUSLY b'875458'
ACTION SNIPPET 10000 8566 SEEN_PREVIOUSLY b'1470574'
ACTION SNIPPET 10000 8569 SEEN_PREVIOUSLY b'825133'
ACTION SNIPPET 10000 8572 SEEN_PREVIOUSLY b'314123'
ACTION SNIPPET 10000 8575 SEEN_PREVIOUSLY b'951825'
ACTION SNIPPET 10000 8578 SEEN_PREVIOUSLY b'234518'
ACTION QUERY 10000 8588 art stolen forged transporting
ACTION SERP 10000 8593 EXAMINE_SERP
ACTION SNIPPET 10000 8596 SEEN_PREVIOUSLY b'47206'
ACTION SNIPPET 10000 8599 SEEN_PREVIOUSLY b'1234832'
ACTION SNIPPET 10000 8602 SEEN_PREVIOUSLY b'858730'
ACTION SNIPPET 10000 8605 SEEN_PREVIOUSLY b'148137'
ACTION SNIPPET 10000 8608 SEEN_PREVIOUSLY b'1606614'
ACTION SNIPPET 10000 8611 SEEN_PREVIOUSLY b'135267'
ACTION SNIPPET 10000 8614 SNIPPET_RELEVANT b'195585'
ACTION DOC 10000 8634 EXAMINING_DOCUMENT b'195585'
ACTION SNIPPET 10000 8637 SEEN_PREVIOUSLY b'875458'
ACTION SNIPPET 10000 8640 SEEN_PREVIOUSLY b'818329'
ACTION SNIPPET 10000 8643 SNIPPET_NOT_RELEVANT b'129851'
ACTION QUERY 10000 8653 art stolen forged merrill
ACTION SERP 10000 8658 EXAMINE_SERP
ACTION SNIPPET 10000 8661 SEEN_PREVIOUSLY b'1729989'
ACTION SNIPPET 10000 8664 SEEN_PREVIOUSLY b'148137'
ACTION SNIPPET 10000 8667 SEEN_PREVIOUSLY b'75790'
ACTION SNIPPET 10000 8670 SEEN_PREVIOUSLY b'1234832'
ACTION SNIPPET 10000 8673 SNIPPET_NOT_RELEVANT b'134537'
ACTION SNIPPET 10000 8676 SEEN_PREVIOUSLY b'858730'
ACTION SNIPPET 10000 8679 SNIPPET_NOT_RELEVANT b'129851'
ACTION SNIPPET 10000 8682 SEEN_PREVIOUSLY b'1606614'
ACTION SNIPPET 10000 8685 SEEN_PREVIOUSLY b'135267'
ACTION SNIPPET 10000 8688 SEEN_PREVIOUSLY b'875458'
ACTION QUERY 10000 8698 art stolen forged villas
ACTION SERP 10000 8703 EXAMINE_SERP
ACTION SNIPPET 10000 8706 SEEN_PREVIOUSLY b'314123'
ACTION SNIPPET 10000 8709 SEEN_PREVIOUSLY b'314569'
ACTION SNIPPET 10000 8712 SNIPPET_NOT_RELEVANT b'298549'
ACTION SNIPPET 10000 8715 SNIPPET_NOT_RELEVANT b'1756067'
ACTION SNIPPET 10000 8718 SNIPPET_RELEVANT b'441613'
ACTION DOC 10000 8738 EXAMINING_DOCUMENT b'441613'
ACTION MARK 10000 8741 CONSIDERED_RELEVANT b'441613'
ACTION SNIPPET 10000 8744 SEEN_PREVIOUSLY b'1234832'
ACTION SNIPPET 10000 8747 SNIPPET_NOT_RELEVANT b'1137012'
ACTION SNIPPET 10000 8750 SEEN_PREVIOUSLY b'858730'
ACTION SNIPPET 10000 8753 SEEN_PREVIOUSLY b'1606614'
ACTION SNIPPET 10000 8756 SNIPPET_RELEVANT b'1479451'
ACTION DOC 10000 8776 EXAMINING_DOCUMENT b'1479451'
ACTION QUERY 10000 8786 art stolen forged hung
ACTION SERP 10000 8791 EXAMINE_SERP
ACTION SNIPPET 10000 8794 SEEN_PREVIOUSLY b'1234832'
ACTION SNIPPET 10000 8797 SEEN_PREVIOUSLY b'1237592'
ACTION SNIPPET 10000 8800 SEEN_PREVIOUSLY b'423534'
ACTION SNIPPET 10000 8803 SEEN_PREVIOUSLY b'336128'
ACTION SNIPPET 10000 8806 SEEN_PREVIOUSLY b'858730'
ACTION SNIPPET 10000 8809 SNIPPET_NOT_RELEVANT b'822888'
ACTION SNIPPET 10000 8812 SEEN_PREVIOUSLY b'1606614'
ACTION SNIPPET 10000 8815 SEEN_PREVIOUSLY b'875458'
ACTION SNIPPET 10000 8818 SNIPPET_NOT_RELEVANT b'202478'
ACTION SNIPPET 10000 8821 SEEN_PREVIOUSLY b'1470574'
ACTION QUERY 10000 8831 art stolen forged guggenheims
ACTION SERP 10000 8836 EXAMINE_SERP
ACTION SNIPPET 10000 8839 SEEN_PREVIOUSLY b'314123'
ACTION SNIPPET 10000 8842 SNIPPET_RELEVANT b'658790'
ACTION DOC 10000 8862 EXAMINING_DOCUMENT b'658790'
ACTION MARK 10000 8865 CONSIDERED_RELEVANT b'658790'
ACTION SNIPPET 10000 8868 SEEN_PREVIOUSLY b'423534'
ACTION SNIPPET 10000 8871 SEEN_PREVIOUSLY b'314569'
ACTION SNIPPET 10000 8874 SNIPPET_RELEVANT b'202973'
ACTION DOC 10000 8894 EXAMINING_DOCUMENT b'202973'
ACTION SNIPPET 10000 8897 SEEN_PREVIOUSLY b'1804747'
ACTION SNIPPET 10000 8900 SNIPPET_RELEVANT b'658557'
ACTION DOC 10000 8920 EXAMINING_DOCUMENT b'658557'
ACTION SNIPPET 10000 8923 SNIPPET_RELEVANT b'1824280'
ACTION DOC 10000 8943 EXAMINING_DOCUMENT b'1824280'
ACTION MARK 10000 8946 CONSIDERED_RELEVANT b'1824280'
ACTION SNIPPET 10000 8949 SNIPPET_RELEVANT b'1806459'
ACTION DOC 10000 8969 EXAMINING_DOCUMENT b'1806459'
ACTION MARK 10000 8972 CONSIDERED_RELEVANT b'1806459'
ACTION SNIPPET 10000 8975 SEEN_PREVIOUSLY b'135267'
ACTION QUERY 10000 8985 art stolen forged disappeared
ACTION SERP 10000 8990 EXAMINE_SERP
ACTION SNIPPET 10000 8993 SEEN_PREVIOUSLY b'1470574'
ACTION SNIPPET 10000 8996 SEEN_PREVIOUSLY b'1234832'
ACTION SNIPPET 10000 8999 SEEN_PREVIOUSLY b'858730'
ACTION SNIPPET 10000 9002 SEEN_PREVIOUSLY b'1606614'
ACTION SNIPPET 10000 9005 SNIPPET_NOT_RELEVANT b'1335298'
ACTION SNIPPET 10000 9008 SNIPPET_RELEVANT b'239044'
ACTION DOC 10000 9028 EXAMINING_DOCUMENT b'239044'
ACTION SNIPPET 10000 9031 SNIPPET_NOT_RELEVANT b'634919'
ACTION SNIPPET 10000 9034 SEEN_PREVIOUSLY b'658790'
ACTION SNIPPET 10000 9037 SEEN_PREVIOUSLY b'875458'
ACTION SNIPPET 10000 9040 SNIPPET_NOT_RELEVANT b'1228079'
ACTION QUERY 10000 9050 art stolen forged renoir
ACTION SERP 10000 9055 EXAMINE_SERP
ACTION SNIPPET 10000 9058 SNIPPET_NOT_RELEVANT b'365941'
ACTION SNIPPET 10000 9061 SNIPPET_RELEVANT b'27788'
ACTION DOC 10000 9081 EXAMINING_DOCUMENT b'27788'
ACTION MARK 10000 9084 CONSIDERED_RELEVANT b'27788'
ACTION SNIPPET 10000 9087 SNIPPET_RELEVANT b'406603'
ACTION DOC 10000 9107 EXAMINING_DOCUMENT b'406603'
ACTION MARK 10000 9110 CONSIDERED_RELEVANT b'406603'
ACTION SNIPPET 10000 9113 SEEN_PREVIOUSLY b'865357'
ACTION SNIPPET 10000 9116 SEEN_PREVIOUSLY b'1470574'
ACTION SNIPPET 10000 9119 SEEN_PREVIOUSLY b'1209272'
ACTION SNIPPET 10000 9122 SNIPPET_RELEVANT b'366307'
ACTION DOC 10000 9142 EXAMINING_DOCUMENT b'366307'
ACTION MARK 10000 9145 CONSIDERED_RELEVANT b'366307'
ACTION SNIPPET 10000 9148 SEEN_PREVIOUSLY b'452669'
ACTION SNIPPET 10000 9151 SEEN_PREVIOUSLY b'441613'
ACTION SNIPPET 10000 9154 SNIPPET_NOT_RELEVANT b'867251'
ACTION QUERY 10000 9164 art stolen forged recover
ACTION SERP 10000 9169 EXAMINE_SERP
ACTION SNIPPET 10000 9172 SEEN_PREVIOUSLY b'1606614'
ACTION SNIPPET 10000 9175 SEEN_PREVIOUSLY b'1470574'
ACTION SNIPPET 10000 9178 SEEN_PREVIOUSLY b'234518'
ACTION SNIPPET 10000 9181 SEEN_PREVIOUSLY b'235021'
ACTION SNIPPET 10000 9184 SEEN_PREVIOUSLY b'423534'
ACTION SNIPPET 10000 9187 SEEN_PREVIOUSLY b'881252'
ACTION SNIPPET 10000 9190 SEEN_PREVIOUSLY b'68054'
ACTION SNIPPET 10000 9193 SEEN_PREVIOUSLY b'1478878'
ACTION SNIPPET 10000 9196 SEEN_PREVIOUSLY b'288424'
ACTION SNIPPET 10000 9199 SNIPPET_NOT_RELEVANT b'634919'
ACTION QUERY 10000 9209 art stolen forged federal
ACTION SERP 10000 9214 EXAMINE_SERP
ACTION SNIPPET 10000 9217 SEEN_PREVIOUSLY b'1234832'
ACTION SNIPPET 10000 9220 SEEN_PREVIOUSLY b'875458'
ACTION SNIPPET 10000 9223 SEEN_PREVIOUSLY b'154819'
ACTION SNIPPET 10000 9226 SEEN_PREVIOUSLY b'858730'
ACTION SNIPPET 10000 9229 SEEN_PREVIOUSLY b'1606614'
ACTION SNIPPET 10000 9232 SEEN_PREVIOUSLY b'1794609'
ACTION SNIPPET 10000 9235 SEEN_PREVIOUSLY b'155008'
ACTION SNIPPET 10000 9238 SEEN_PREVIOUSLY b'234518'
ACTION SNIPPET 10000 9241 SEEN_PREVIOUSLY b'320345'
ACTION SNIPPET 10000 9244 SEEN_PREVIOUSLY b'1470574'
ACTION QUERY 10000 9254 art stolen forged gomes
ACTION SERP 10000 9259 EXAMINE_SERP
ACTION SNIPPET 10000 9262 SEEN_PREVIOUSLY b'253280'
ACTION SNIPPET 10000 9265 SEEN_PREVIOUSLY b'1234832'
ACTION SNIPPET 10000 9268 SEEN_PREVIOUSLY b'858730'
ACTION SNIPPET 10000 9271 SEEN_PREVIOUSLY b'1606614'
ACTION SNIPPET 10000 9274 SNIPPET_NOT_RELEVANT b'220005'
ACTION SNIPPET 10000 9277 SNIPPET_RELEVANT b'1499178'
ACTION DOC 10000 9297 EXAMINING_DOCUMENT b'1499178'
ACTION SNIPPET 10000 9300 SEEN_PREVIOUSLY b'875458'
ACTION SNIPPET 10000 9303 SEEN_PREVIOUSLY b'1470574'
ACTION SNIPPET 10000 9306 SEEN_PREVIOUSLY b'825133'
ACTION SNIPPET 10000 9309 SEEN_PREVIOUSLY b'951825'
ACTION QUERY 10000 9319 art stolen forged truck
ACTION SERP 10000 9324 EXAMINE_SERP
ACTION SNIPPET 10000 9327 SNIPPET_RELEVANT b'1444189'
ACTION DOC 10000 9347 EXAMINING_DOCUMENT b'1444189'
ACTION SNIPPET 10000 9350 SEEN_PREVIOUSLY b'47206'
ACTION SNIPPET 10000 9353 SEEN_PREVIOUSLY b'1234832'
ACTION SNIPPET 10000 9356 SEEN_PREVIOUSLY b'858730'
ACTION SNIPPET 10000 9359 SEEN_PREVIOUSLY b'1237592'
ACTION SNIPPET 10000 9362 SEEN_PREVIOUSLY b'1806459'
ACTION SNIPPET 10000 9365 SEEN_PREVIOUSLY b'1606614'
ACTION SNIPPET 10000 9368 SNIPPET_NOT_RELEVANT b'388465'
ACTION SNIPPET 10000 9371 SEEN_PREVIOUSLY b'875458'
ACTION SNIPPET 10000 9374 SNIPPET_NOT_RELEVANT b'117649'
ACTION QUERY 10000 9384 art stolen forged johnny
ACTION SERP 10000 9389 EXAMINE_SERP
ACTION SNIPPET 10000 9392 SEEN_PREVIOUSLY b'1234832'
ACTION SNIPPET 10000 9395 SEEN_PREVIOUSLY b'858730'
ACTION SNIPPET 10000 9398 SEEN_PREVIOUSLY b'1606614'
ACTION SNIPPET 10000 9401 SEEN_PREVIOUSLY b'875458'
ACTION SNIPPET 10000 9404 SNIPPET_NOT_RELEVANT b'1689121'
ACTION SNIPPET 10000 9407 SNIPPET_NOT_RELEVANT b'52682'
ACTION SNIPPET 10000 9410 SEEN_PREVIOUSLY b'1470574'
ACTION SNIPPET 10000 9413 SEEN_PREVIOUSLY b'825133'
ACTION SNIPPET 10000 9416 SEEN_PREVIOUSLY b'951825'
ACTION SNIPPET 10000 9419 SEEN_PREVIOUSLY b'154819'
ACTION QUERY 10000 9429 art stolen forged recovery
ACTION SERP 10000 9434 EXAMINE_SERP
ACTION SNIPPET 10000 9437 SEEN_PREVIOUSLY b'1606614'
ACTION SNIPPET 10000 9440 SEEN_PREVIOUSLY b'689544'
ACTION SNIPPET 10000 9443 SEEN_PREVIOUSLY b'1470574'
ACTION SNIPPET 10000 9446 SNIPPET_RELEVANT b'976398'
ACTION DOC 10000 9466 EXAMINING_DOCUMENT b'976398'
ACTION SNIPPET 10000 9469 SEEN_PREVIOUSLY b'301580'
ACTION SNIPPET 10000 9472 SEEN_PREVIOUSLY b'656529'
ACTION SNIPPET 10000 9475 SEEN_PREVIOUSLY b'1234832'
ACTION SNIPPET 10000 9478 SNIPPET_RELEVANT b'1107945'
ACTION DOC 10000 9498 EXAMINING_DOCUMENT b'1107945'
ACTION MARK 10000 9501 CONSIDERED_RELEVANT b'1107945'
ACTION SNIPPET 10000 9504 SEEN_PREVIOUSLY b'1486881'
ACTION SNIPPET 10000 9507 SNIPPET_RELEVANT b'977447'
ACTION DOC 10000 9527 EXAMINING_DOCUMENT b'977447'
ACTION QUERY 10000 9537 art stolen forged tonight
ACTION SERP 10000 9542 EXAMINE_SERP
ACTION SNIPPET 10000 9545 SEEN_PREVIOUSLY b'1234832'
ACTION SNIPPET 10000 9548 SEEN_PREVIOUSLY b'858730'
ACTION SNIPPET 10000 9551 SEEN_PREVIOUSLY b'1478878'
ACTION SNIPPET 10000 9554 SEEN_PREVIOUSLY b'1606614'
ACTION SNIPPET 10000 9557 SEEN_PREVIOUSLY b'875458'
ACTION SNIPPET 10000 9560 SEEN_PREVIOUSLY b'1470574'
ACTION SNIPPET 10000 9563 SNIPPET_RELEVANT b'206165'
ACTION DOC 10000 9583 EXAMINING_DOCUMENT b'206165'
ACTION MARK 10000 9586 CONSIDERED_RELEVANT b'206165'
ACTION SNIPPET 10000 9589 SEEN_PREVIOUSLY b'825133'
ACTION SNIPPET 10000 9592 SEEN_PREVIOUSLY b'951825'
ACTION SNIPPET 10000 9595 SEEN_PREVIOUSLY b'154819'
ACTION QUERY 10000 9605 art stolen forged eaten
ACTION SERP 10000 9610 EXAMINE_SERP
ACTION SNIPPET 10000 9613 SEEN_PREVIOUSLY b'1234832'
ACTION SNIPPET 10000 9616 SEEN_PREVIOUSLY b'858730'
ACTION SNIPPET 10000 9619 SEEN_PREVIOUSLY b'1606614'
ACTION SNIPPET 10000 9622 SEEN_PREVIOUSLY b'875458'
ACTION SNIPPET 10000 9625 SEEN_PREVIOUSLY b'1470574'
ACTION SNIPPET 10000 9628 SEEN_PREVIOUSLY b'825133'
ACTION SNIPPET 10000 9631 SEEN_PREVIOUSLY b'951825'
ACTION SNIPPET 10000 9634 SEEN_PREVIOUSLY b'154819'
ACTION SNIPPET 10000 9637 SEEN_PREVIOUSLY b'1799658'
ACTION SNIPPET 10000 9640 SEEN_PREVIOUSLY b'1729989'
ACTION QUERY 10000 9650 art stolen forged scottish
ACTION SERP 10000 9655 EXAMINE_SERP
ACTION SNIPPET 10000 9658 SEEN_PREVIOUSLY b'1234832'
ACTION SNIPPET 10000 9661 SEEN_PREVIOUSLY b'858730'
ACTION SNIPPET 10000 9664 SEEN_PREVIOUSLY b'1606614'
ACTION SNIPPET 10000 9667 SEEN_PREVIOUSLY b'875458'
ACTION SNIPPET 10000 9670 SEEN_PREVIOUSLY b'1470574'
ACTION SNIPPET 10000 9673 SEEN_PREVIOUSLY b'825133'
ACTION SNIPPET 10000 9676 SEEN_PREVIOUSLY b'951825'
ACTION SNIPPET 10000 9679 SEEN_PREVIOUSLY b'154819'
ACTION SNIPPET 10000 9682 SEEN_PREVIOUSLY b'1799658'
ACTION SNIPPET 10000 9685 SEEN_PREVIOUSLY b'1729989'
ACTION QUERY 10000 9695 art stolen forged hobbies
ACTION SERP 10000 9700 EXAMINE_SERP
ACTION SNIPPET 10000 9703 SEEN_PREVIOUSLY b'1234832'
ACTION SNIPPET 10000 9706 SEEN_PREVIOUSLY b'858730'
ACTION SNIPPET 10000 9709 SEEN_PREVIOUSLY b'1606614'
ACTION SNIPPET 10000 9712 SEEN_PREVIOUSLY b'875458'
ACTION SNIPPET 10000 9715 SEEN_PREVIOUSLY b'1470574'
ACTION SNIPPET 10000 9718 SEEN_PREVIOUSLY b'825133'
ACTION SNIPPET 10000 9721 SEEN_PREVIOUSLY b'951825'
ACTION SNIPPET 10000 9724 SEEN_PREVIOUSLY b'154819'
ACTION SNIPPET 10000 9727 SNIPPET_NOT_RELEVANT b'336086'
ACTION SNIPPET 10000 9730 SNIPPET_NOT_RELEVANT b'168851'
ACTION QUERY 10000 9740 art stolen forged shows
ACTION SERP 10000 9745 EXAMINE_SERP
ACTION SNIPPET 10000 9748 SEEN_PREVIOUSLY b'858730'
ACTION SNIPPET 10000 9751 SEEN_PREVIOUSLY b'1234832'
ACTION SNIPPET 10000 9754 SEEN_PREVIOUSLY b'1606614'
ACTION SNIPPET 10000 9757 SEEN_PREVIOUSLY b'951825'
ACTION SNIPPET 10000 9760 SEEN_PREVIOUSLY b'875458'
ACTION SNIPPET 10000 9763 SEEN_PREVIOUSLY b'1470574'
ACTION SNIPPET 10000 9766 SEEN_PREVIOUSLY b'825133'
ACTION SNIPPET 10000 9769 SEEN_PREVIOUSLY b'154819'
ACTION SNIPPET 10000 9772 SEEN_PREVIOUSLY b'1799658'
ACTION SNIPPET 10000 9775 SEEN_PREVIOUSLY b'1729989'
ACTION QUERY 10000 9785 art stolen forged guggenheim
ACTION SERP 10000 9790 EXAMINE_SERP
ACTION SNIPPET 10000 9793 SEEN_PREVIOUSLY b'314123'
ACTION SNIPPET 10000 9796 SEEN_PREVIOUSLY b'658790'
ACTION SNIPPET 10000 9799 SEEN_PREVIOUSLY b'423534'
ACTION SNIPPET 10000 9802 SEEN_PREVIOUSLY b'314569'
ACTION SNIPPET 10000 9805 SEEN_PREVIOUSLY b'202973'
ACTION SNIPPET 10000 9808 SEEN_PREVIOUSLY b'1804747'
ACTION SNIPPET 10000 9811 SEEN_PREVIOUSLY b'658557'
ACTION SNIPPET 10000 9814 SEEN_PREVIOUSLY b'1824280'
ACTION SNIPPET 10000 9817 SEEN_PREVIOUSLY b'1806459'
ACTION SNIPPET 10000 9820 SEEN_PREVIOUSLY b'135267'
ACTION QUERY 10000 9830 art stolen forged long
ACTION SERP 10000 9835 EXAMINE_SERP
ACTION SNIPPET 10000 9838 SEEN_PREVIOUSLY b'1606614'
ACTION SNIPPET 10000 9841 SEEN_PREVIOUSLY b'1234832'
ACTION SNIPPET 10000 9844 SEEN_PREVIOUSLY b'858730'
ACTION SNIPPET 10000 9847 SEEN_PREVIOUSLY b'875458'
ACTION SNIPPET 10000 9850 SEEN_PREVIOUSLY b'1470574'
ACTION SNIPPET 10000 9853 SEEN_PREVIOUSLY b'825133'
ACTION SNIPPET 10000 9856 SEEN_PREVIOUSLY b'951825'
ACTION SNIPPET 10000 9859 SEEN_PREVIOUSLY b'154819'
ACTION SNIPPET 10000 9862 SEEN_PREVIOUSLY b'1237592'
ACTION SNIPPET 10000 9865 SEEN_PREVIOUSLY b'1799658'
ACTION QUERY 10000 9875 art stolen forged made
ACTION SERP 10000 9880 EXAMINE_SERP
ACTION SNIPPET 10000 9883 SEEN_PREVIOUSLY b'1234832'
ACTION SNIPPET 10000 9886 SEEN_PREVIOUSLY b'858730'
ACTION SNIPPET 10000 9889 SEEN_PREVIOUSLY b'1606614'
ACTION SNIPPET 10000 9892 SEEN_PREVIOUSLY b'875458'
ACTION SNIPPET 10000 9895 SEEN_PREVIOUSLY b'1470574'
ACTION SNIPPET 10000 9898 SEEN_PREVIOUSLY b'825133'
ACTION SNIPPET 10000 9901 SEEN_PREVIOUSLY b'951825'
ACTION SNIPPET 10000 9904 SEEN_PREVIOUSLY b'1799658'
ACTION SNIPPET 10000 9907 SEEN_PREVIOUSLY b'154819'
ACTION SNIPPET 10000 9910 SEEN_PREVIOUSLY b'1794609'
ACTION QUERY 10000 9920 art stolen forged knox
ACTION SERP 10000 9925 EXAMINE_SERP
ACTION SNIPPET 10000 9928 SEEN_PREVIOUSLY b'1234832'
ACTION SNIPPET 10000 9931 SNIPPET_NOT_RELEVANT b'387153'
ACTION SNIPPET 10000 9934 SEEN_PREVIOUSLY b'858730'
ACTION SNIPPET 10000 9937 SEEN_PREVIOUSLY b'1606614'
ACTION SNIPPET 10000 9940 SNIPPET_RELEVANT b'1589608'
ACTION DOC 10000 9960 EXAMINING_DOCUMENT b'1589608'
ACTION SNIPPET 10000 9963 SNIPPET_NOT_RELEVANT b'406924'
ACTION SNIPPET 10000 9966 SEEN_PREVIOUSLY b'875458'
ACTION SNIPPET 10000 9969 SNIPPET_RELEVANT b'809913'
ACTION DOC 10000 9989 EXAMINING_DOCUMENT b'809913'
ACTION SNIPPET 10000 9992 SNIPPET_RELEVANT b'122855'
ACTION DOC 10000 10012 EXAMINING_DOCUMENT b'122855'
INFO SUMMARY 
INFO TOTAL_QUERIES_ISSUED 131
INFO TOTAL_SNIPPETS_EXAMINED 1309
INFO TOTAL_DOCUMENTS_EXAMINED 191
INFO TOTAL_DOCUMENTS_MARKED_RELEVANT 100
INFO TOTAL_ATTRACTIVE_SERP_IMPRESSIONS 131
INFO TOTAL_UNATTRACTIVE_SERP_IMPRESSIONS 0
