ACTION QUERY 10000 10 u s investment africa
ACTION SERP 10000 15 EXAMINE_SERP
ACTION SNIPPET 10000 18 SNIPPET_RELEVANT b'793940'
ACTION DOC 10000 38 EXAMINING_DOCUMENT b'793940'
ACTION MARK 10000 41 CONSIDERED_RELEVANT b'793940'
ACTION SNIPPET 10000 44 SNIPPET_RELEVANT b'678215'
ACTION DOC 10000 64 EXAMINING_DOCUMENT b'678215'
ACTION MARK 10000 67 CONSIDERED_RELEVANT b'678215'
ACTION SNIPPET 10000 70 SNIPPET_RELEVANT b'159599'
ACTION DOC 10000 90 EXAMINING_DOCUMENT b'159599'
ACTION MARK 10000 93 CONSIDERED_RELEVANT b'159599'
ACTION SNIPPET 10000 96 SNIPPET_RELEVANT b'77703'
ACTION DOC 10000 116 EXAMINING_DOCUMENT b'77703'
ACTION SNIPPET 10000 119 SNIPPET_RELEVANT b'716704'
ACTION DOC 10000 139 EXAMINING_DOCUMENT b'716704'
ACTION MARK 10000 142 CONSIDERED_RELEVANT b'716704'
ACTION SNIPPET 10000 145 SNIPPET_RELEVANT b'621721'
ACTION DOC 10000 165 EXAMINING_DOCUMENT b'621721'
ACTION MARK 10000 168 CONSIDERED_RELEVANT b'621721'
ACTION SNIPPET 10000 171 SNIPPET_NOT_RELEVANT b'85242'
ACTION SNIPPET 10000 174 SNIPPET_RELEVANT b'1532697'
ACTION DOC 10000 194 EXAMINING_DOCUMENT b'1532697'
ACTION MARK 10000 197 CONSIDERED_RELEVANT b'1532697'
ACTION SNIPPET 10000 200 SNIPPET_RELEVANT b'716128'
ACTION DOC 10000 220 EXAMINING_DOCUMENT b'716128'
ACTION MARK 10000 223 CONSIDERED_RELEVANT b'716128'
ACTION SNIPPET 10000 226 SNIPPET_RELEVANT b'128684'
ACTION DOC 10000 246 EXAMINING_DOCUMENT b'128684'
ACTION SNIPPET 10000 249 SNIPPET_RELEVANT b'636543'
ACTION DOC 10000 269 EXAMINING_DOCUMENT b'636543'
ACTION MARK 10000 272 CONSIDERED_RELEVANT b'636543'
ACTION SNIPPET 10000 275 SNIPPET_RELEVANT b'115746'
ACTION DOC 10000 295 EXAMINING_DOCUMENT b'115746'
ACTION MARK 10000 298 CONSIDERED_RELEVANT b'115746'
ACTION SNIPPET 10000 301 SNIPPET_NOT_RELEVANT b'301161'
ACTION SNIPPET 10000 304 SNIPPET_NOT_RELEVANT b'47557'
ACTION SNIPPET 10000 307 SNIPPET_NOT_RELEVANT b'326830'
ACTION SNIPPET 10000 310 SNIPPET_RELEVANT b'170086'
ACTION DOC 10000 330 EXAMINING_DOCUMENT b'170086'
ACTION SNIPPET 10000 333 SNIPPET_NOT_RELEVANT b'909406'
ACTION SNIPPET 10000 336 SNIPPET_NOT_RELEVANT b'211310'
ACTION SNIPPET 10000 339 SNIPPET_RELEVANT b'1006949'
ACTION DOC 10000 359 EXAMINING_DOCUMENT b'1006949'
ACTION MARK 10000 362 CONSIDERED_RELEVANT b'1006949'
ACTION SNIPPET 10000 365 SNIPPET_RELEVANT b'937917'
ACTION DOC 10000 385 EXAMINING_DOCUMENT b'937917'
ACTION MARK 10000 388 CONSIDERED_RELEVANT b'937917'
ACTION SNIPPET 10000 391 SNIPPET_NOT_RELEVANT b'334606'
ACTION SNIPPET 10000 394 SNIPPET_RELEVANT b'462481'
ACTION DOC 10000 414 EXAMINING_DOCUMENT b'462481'
ACTION MARK 10000 417 CONSIDERED_RELEVANT b'462481'
ACTION SNIPPET 10000 420 SNIPPET_RELEVANT b'22087'
ACTION DOC 10000 440 EXAMINING_DOCUMENT b'22087'
ACTION SNIPPET 10000 443 SNIPPET_RELEVANT b'643596'
ACTION DOC 10000 463 EXAMINING_DOCUMENT b'643596'
ACTION MARK 10000 466 CONSIDERED_RELEVANT b'643596'
ACTION SNIPPET 10000 469 SNIPPET_RELEVANT b'149601'
ACTION DOC 10000 489 EXAMINING_DOCUMENT b'149601'
ACTION MARK 10000 492 CONSIDERED_RELEVANT b'149601'
ACTION SNIPPET 10000 495 SNIPPET_RELEVANT b'1306631'
ACTION DOC 10000 515 EXAMINING_DOCUMENT b'1306631'
ACTION MARK 10000 518 CONSIDERED_RELEVANT b'1306631'
ACTION SNIPPET 10000 521 SNIPPET_RELEVANT b'619819'
ACTION DOC 10000 541 EXAMINING_DOCUMENT b'619819'
ACTION MARK 10000 544 CONSIDERED_RELEVANT b'619819'
ACTION SNIPPET 10000 547 SNIPPET_NOT_RELEVANT b'396326'
ACTION SNIPPET 10000 550 SNIPPET_RELEVANT b'354088'
ACTION DOC 10000 570 EXAMINING_DOCUMENT b'354088'
ACTION SNIPPET 10000 573 SNIPPET_NOT_RELEVANT b'179922'
ACTION SNIPPET 10000 576 SNIPPET_RELEVANT b'226826'
ACTION DOC 10000 596 EXAMINING_DOCUMENT b'226826'
ACTION QUERY 10000 606 u s investment africa ltd
ACTION SERP 10000 611 EXAMINE_SERP
ACTION SNIPPET 10000 614 SNIPPET_NOT_RELEVANT b'179922'
ACTION SNIPPET 10000 617 SEEN_PREVIOUSLY b'793940'
ACTION SNIPPET 10000 620 SNIPPET_NOT_RELEVANT b'851427'
ACTION SNIPPET 10000 623 SNIPPET_NOT_RELEVANT b'873812'
ACTION SNIPPET 10000 626 SNIPPET_RELEVANT b'1128638'
ACTION DOC 10000 646 EXAMINING_DOCUMENT b'1128638'
ACTION SNIPPET 10000 649 SNIPPET_RELEVANT b'168869'
ACTION DOC 10000 669 EXAMINING_DOCUMENT b'168869'
ACTION QUERY 10000 679 u s investment africa mandelas
ACTION SERP 10000 684 EXAMINE_SERP
ACTION SNIPPET 10000 687 SEEN_PREVIOUSLY b'716704'
ACTION SNIPPET 10000 690 SNIPPET_RELEVANT b'843729'
ACTION DOC 10000 710 EXAMINING_DOCUMENT b'843729'
ACTION MARK 10000 713 CONSIDERED_RELEVANT b'843729'
ACTION SNIPPET 10000 716 SNIPPET_NOT_RELEVANT b'619050'
ACTION SNIPPET 10000 719 SNIPPET_NOT_RELEVANT b'716174'
ACTION SNIPPET 10000 722 SNIPPET_RELEVANT b'636519'
ACTION DOC 10000 742 EXAMINING_DOCUMENT b'636519'
ACTION MARK 10000 745 CONSIDERED_RELEVANT b'636519'
ACTION SNIPPET 10000 748 SNIPPET_NOT_RELEVANT b'638168'
ACTION SNIPPET 10000 751 SNIPPET_RELEVANT b'365980'
ACTION DOC 10000 771 EXAMINING_DOCUMENT b'365980'
ACTION MARK 10000 774 CONSIDERED_RELEVANT b'365980'
ACTION SNIPPET 10000 777 SNIPPET_NOT_RELEVANT b'491057'
ACTION SNIPPET 10000 780 SEEN_PREVIOUSLY b'716128'
ACTION SNIPPET 10000 783 SNIPPET_RELEVANT b'716372'
ACTION DOC 10000 803 EXAMINING_DOCUMENT b'716372'
ACTION MARK 10000 806 CONSIDERED_RELEVANT b'716372'
ACTION SNIPPET 10000 809 SNIPPET_RELEVANT b'365960'
ACTION DOC 10000 829 EXAMINING_DOCUMENT b'365960'
ACTION SNIPPET 10000 832 SNIPPET_NOT_RELEVANT b'618561'
ACTION SNIPPET 10000 835 SEEN_PREVIOUSLY b'636543'
ACTION SNIPPET 10000 838 SNIPPET_RELEVANT b'637110'
ACTION DOC 10000 858 EXAMINING_DOCUMENT b'637110'
ACTION QUERY 10000 868 u s investment africa universitys
ACTION SERP 10000 873 EXAMINE_SERP
ACTION SNIPPET 10000 876 SEEN_PREVIOUSLY b'77703'
ACTION SNIPPET 10000 879 SEEN_PREVIOUSLY b'128684'
ACTION SNIPPET 10000 882 SEEN_PREVIOUSLY b'115746'
ACTION SNIPPET 10000 885 SEEN_PREVIOUSLY b'226826'
ACTION SNIPPET 10000 888 SEEN_PREVIOUSLY b'22087'
ACTION SNIPPET 10000 891 SNIPPET_NOT_RELEVANT b'496300'
ACTION SNIPPET 10000 894 SNIPPET_RELEVANT b'341694'
ACTION DOC 10000 914 EXAMINING_DOCUMENT b'341694'
ACTION SNIPPET 10000 917 SNIPPET_NOT_RELEVANT b'652497'
ACTION SNIPPET 10000 920 SNIPPET_NOT_RELEVANT b'81713'
ACTION QUERY 10000 930 u s investment africa madame
ACTION SERP 10000 935 EXAMINE_SERP
ACTION SNIPPET 10000 938 SNIPPET_NOT_RELEVANT b'1839037'
ACTION SNIPPET 10000 941 SNIPPET_RELEVANT b'64720'
ACTION DOC 10000 961 EXAMINING_DOCUMENT b'64720'
ACTION SNIPPET 10000 964 SNIPPET_RELEVANT b'600287'
ACTION DOC 10000 984 EXAMINING_DOCUMENT b'600287'
ACTION QUERY 10000 994 u s investment africa boycott
ACTION SERP 10000 999 EXAMINE_SERP
ACTION SNIPPET 10000 1002 SEEN_PREVIOUSLY b'621721'
ACTION SNIPPET 10000 1005 SNIPPET_NOT_RELEVANT b'426218'
ACTION SNIPPET 10000 1008 SNIPPET_NOT_RELEVANT b'47252'
ACTION SNIPPET 10000 1011 SNIPPET_NOT_RELEVANT b'691798'
ACTION SNIPPET 10000 1014 SNIPPET_NOT_RELEVANT b'456891'
ACTION SNIPPET 10000 1017 SNIPPET_RELEVANT b'9763'
ACTION DOC 10000 1037 EXAMINING_DOCUMENT b'9763'
ACTION SNIPPET 10000 1040 SNIPPET_RELEVANT b'178068'
ACTION DOC 10000 1060 EXAMINING_DOCUMENT b'178068'
ACTION QUERY 10000 1070 u s investment africa stake
ACTION SERP 10000 1075 EXAMINE_SERP
ACTION SNIPPET 10000 1078 SNIPPET_NOT_RELEVANT b'61469'
ACTION SNIPPET 10000 1081 SNIPPET_RELEVANT b'1240520'
ACTION DOC 10000 1101 EXAMINING_DOCUMENT b'1240520'
ACTION SNIPPET 10000 1104 SNIPPET_NOT_RELEVANT b'873812'
ACTION SNIPPET 10000 1107 SNIPPET_RELEVANT b'5056'
ACTION DOC 10000 1127 EXAMINING_DOCUMENT b'5056'
ACTION QUERY 10000 1137 u s investment africa criticised
ACTION SERP 10000 1142 EXAMINE_SERP
ACTION SNIPPET 10000 1145 SNIPPET_NOT_RELEVANT b'211752'
ACTION SNIPPET 10000 1148 SNIPPET_NOT_RELEVANT b'869348'
ACTION SNIPPET 10000 1151 SNIPPET_NOT_RELEVANT b'106387'
ACTION SNIPPET 10000 1154 SNIPPET_NOT_RELEVANT b'1805023'
ACTION SNIPPET 10000 1157 SNIPPET_NOT_RELEVANT b'536759'
ACTION SNIPPET 10000 1160 SNIPPET_NOT_RELEVANT b'207604'
ACTION SNIPPET 10000 1163 SEEN_PREVIOUSLY b'793940'
ACTION SNIPPET 10000 1166 SEEN_PREVIOUSLY b'678215'
ACTION SNIPPET 10000 1169 SEEN_PREVIOUSLY b'159599'
ACTION SNIPPET 10000 1172 SEEN_PREVIOUSLY b'77703'
ACTION SNIPPET 10000 1175 SEEN_PREVIOUSLY b'716704'
ACTION SNIPPET 10000 1178 SEEN_PREVIOUSLY b'621721'
ACTION SNIPPET 10000 1181 SNIPPET_RELEVANT b'85242'
ACTION DOC 10000 1201 EXAMINING_DOCUMENT b'85242'
ACTION QUERY 10000 1211 u s investment africa yacht
ACTION SERP 10000 1216 EXAMINE_SERP
ACTION SNIPPET 10000 1219 SNIPPET_NOT_RELEVANT b'1650221'
ACTION SNIPPET 10000 1222 SNIPPET_RELEVANT b'429024'
ACTION DOC 10000 1242 EXAMINING_DOCUMENT b'429024'
ACTION SNIPPET 10000 1245 SNIPPET_RELEVANT b'712562'
ACTION DOC 10000 1265 EXAMINING_DOCUMENT b'712562'
ACTION QUERY 10000 1275 u s investment africa championship
ACTION SERP 10000 1280 EXAMINE_SERP
ACTION SNIPPET 10000 1283 SNIPPET_RELEVANT b'306674'
ACTION DOC 10000 1303 EXAMINING_DOCUMENT b'306674'
ACTION SNIPPET 10000 1306 SNIPPET_RELEVANT b'438601'
ACTION DOC 10000 1326 EXAMINING_DOCUMENT b'438601'
ACTION QUERY 10000 1336 u s investment africa este
ACTION SERP 10000 1341 EXAMINE_SERP
ACTION SNIPPET 10000 1344 SEEN_PREVIOUSLY b'429024'
ACTION SNIPPET 10000 1347 SNIPPET_RELEVANT b'85222'
ACTION DOC 10000 1367 EXAMINING_DOCUMENT b'85222'
ACTION SNIPPET 10000 1370 SNIPPET_NOT_RELEVANT b'836817'
ACTION SNIPPET 10000 1373 SNIPPET_RELEVANT b'202048'
ACTION DOC 10000 1393 EXAMINING_DOCUMENT b'202048'
ACTION QUERY 10000 1403 u s investment africa system
ACTION SERP 10000 1408 EXAMINE_SERP
ACTION SNIPPET 10000 1411 SEEN_PREVIOUSLY b'716704'
ACTION SNIPPET 10000 1414 SNIPPET_NOT_RELEVANT b'334606'
ACTION SNIPPET 10000 1417 SNIPPET_RELEVANT b'173703'
ACTION DOC 10000 1437 EXAMINING_DOCUMENT b'173703'
ACTION SNIPPET 10000 1440 SNIPPET_NOT_RELEVANT b'367432'
ACTION SNIPPET 10000 1443 SNIPPET_NOT_RELEVANT b'265210'
ACTION SNIPPET 10000 1446 SNIPPET_RELEVANT b'692050'
ACTION DOC 10000 1466 EXAMINING_DOCUMENT b'692050'
ACTION MARK 10000 1469 CONSIDERED_RELEVANT b'692050'
ACTION SNIPPET 10000 1472 SNIPPET_NOT_RELEVANT b'676743'
ACTION SNIPPET 10000 1475 SNIPPET_RELEVANT b'1453585'
ACTION DOC 10000 1495 EXAMINING_DOCUMENT b'1453585'
ACTION SNIPPET 10000 1498 SNIPPET_RELEVANT b'665785'
ACTION DOC 10000 1518 EXAMINING_DOCUMENT b'665785'
ACTION MARK 10000 1521 CONSIDERED_RELEVANT b'665785'
ACTION SNIPPET 10000 1524 SNIPPET_NOT_RELEVANT b'454174'
ACTION SNIPPET 10000 1527 SEEN_PREVIOUSLY b'636519'
ACTION SNIPPET 10000 1530 SEEN_PREVIOUSLY b'619819'
ACTION SNIPPET 10000 1533 SNIPPET_RELEVANT b'39265'
ACTION DOC 10000 1553 EXAMINING_DOCUMENT b'39265'
ACTION SNIPPET 10000 1556 SNIPPET_RELEVANT b'456891'
ACTION DOC 10000 1576 EXAMINING_DOCUMENT b'456891'
ACTION QUERY 10000 1586 u s investment africa total
ACTION SERP 10000 1591 EXAMINE_SERP
ACTION SNIPPET 10000 1594 SNIPPET_NOT_RELEVANT b'47557'
ACTION SNIPPET 10000 1597 SNIPPET_NOT_RELEVANT b'334606'
ACTION SNIPPET 10000 1600 SNIPPET_RELEVANT b'151707'
ACTION DOC 10000 1620 EXAMINING_DOCUMENT b'151707'
ACTION MARK 10000 1623 CONSIDERED_RELEVANT b'151707'
ACTION SNIPPET 10000 1626 SNIPPET_NOT_RELEVANT b'141893'
ACTION SNIPPET 10000 1629 SNIPPET_RELEVANT b'909406'
ACTION DOC 10000 1649 EXAMINING_DOCUMENT b'909406'
ACTION SNIPPET 10000 1652 SEEN_PREVIOUSLY b'22087'
ACTION SNIPPET 10000 1655 SEEN_PREVIOUSLY b'226826'
ACTION SNIPPET 10000 1658 SNIPPET_NOT_RELEVANT b'105744'
ACTION SNIPPET 10000 1661 SEEN_PREVIOUSLY b'1006949'
ACTION SNIPPET 10000 1664 SEEN_PREVIOUSLY b'159599'
ACTION SNIPPET 10000 1667 SEEN_PREVIOUSLY b'1532697'
ACTION SNIPPET 10000 1670 SNIPPET_RELEVANT b'153137'
ACTION DOC 10000 1690 EXAMINING_DOCUMENT b'153137'
ACTION QUERY 10000 1700 u s investment africa pols
ACTION SERP 10000 1705 EXAMINE_SERP
ACTION SNIPPET 10000 1708 SNIPPET_RELEVANT b'311687'
ACTION DOC 10000 1728 EXAMINING_DOCUMENT b'311687'
ACTION SNIPPET 10000 1731 SNIPPET_RELEVANT b'1011643'
ACTION DOC 10000 1751 EXAMINING_DOCUMENT b'1011643'
ACTION QUERY 10000 1761 u s investment africa democrat
ACTION SERP 10000 1766 EXAMINE_SERP
ACTION SNIPPET 10000 1769 SEEN_PREVIOUSLY b'170086'
ACTION SNIPPET 10000 1772 SEEN_PREVIOUSLY b'621721'
ACTION SNIPPET 10000 1775 SEEN_PREVIOUSLY b'151707'
ACTION SNIPPET 10000 1778 SNIPPET_RELEVANT b'458704'
ACTION DOC 10000 1798 EXAMINING_DOCUMENT b'458704'
ACTION MARK 10000 1801 CONSIDERED_RELEVANT b'458704'
ACTION SNIPPET 10000 1804 SEEN_PREVIOUSLY b'937917'
ACTION SNIPPET 10000 1807 SNIPPET_NOT_RELEVANT b'639383'
ACTION SNIPPET 10000 1810 SEEN_PREVIOUSLY b'636543'
ACTION SNIPPET 10000 1813 SNIPPET_NOT_RELEVANT b'141893'
ACTION SNIPPET 10000 1816 SNIPPET_NOT_RELEVANT b'1004134'
ACTION SNIPPET 10000 1819 SNIPPET_RELEVANT b'1002634'
ACTION DOC 10000 1839 EXAMINING_DOCUMENT b'1002634'
ACTION MARK 10000 1842 CONSIDERED_RELEVANT b'1002634'
ACTION SNIPPET 10000 1845 SNIPPET_RELEVANT b'28935'
ACTION DOC 10000 1865 EXAMINING_DOCUMENT b'28935'
ACTION SNIPPET 10000 1868 SNIPPET_NOT_RELEVANT b'637018'
ACTION SNIPPET 10000 1871 SEEN_PREVIOUSLY b'115746'
ACTION SNIPPET 10000 1874 SEEN_PREVIOUSLY b'153137'
ACTION SNIPPET 10000 1877 SNIPPET_RELEVANT b'1005241'
ACTION DOC 10000 1897 EXAMINING_DOCUMENT b'1005241'
ACTION MARK 10000 1900 CONSIDERED_RELEVANT b'1005241'
ACTION SNIPPET 10000 1903 SNIPPET_RELEVANT b'408840'
ACTION DOC 10000 1923 EXAMINING_DOCUMENT b'408840'
ACTION SNIPPET 10000 1926 SEEN_PREVIOUSLY b'365980'
ACTION SNIPPET 10000 1929 SNIPPET_NOT_RELEVANT b'179575'
ACTION SNIPPET 10000 1932 SNIPPET_RELEVANT b'917510'
ACTION DOC 10000 1952 EXAMINING_DOCUMENT b'917510'
ACTION MARK 10000 1955 CONSIDERED_RELEVANT b'917510'
ACTION SNIPPET 10000 1958 SEEN_PREVIOUSLY b'636519'
ACTION SNIPPET 10000 1961 SNIPPET_NOT_RELEVANT b'458891'
ACTION SNIPPET 10000 1964 SEEN_PREVIOUSLY b'716128'
ACTION SNIPPET 10000 1967 SNIPPET_NOT_RELEVANT b'1812359'
ACTION SNIPPET 10000 1970 SNIPPET_NOT_RELEVANT b'105379'
ACTION SNIPPET 10000 1973 SEEN_PREVIOUSLY b'462481'
ACTION SNIPPET 10000 1976 SNIPPET_NOT_RELEVANT b'26277'
ACTION SNIPPET 10000 1979 SNIPPET_RELEVANT b'1007743'
ACTION DOC 10000 1999 EXAMINING_DOCUMENT b'1007743'
ACTION MARK 10000 2002 CONSIDERED_RELEVANT b'1007743'
ACTION SNIPPET 10000 2005 SNIPPET_NOT_RELEVANT b'1003454'
ACTION SNIPPET 10000 2008 SNIPPET_RELEVANT b'935867'
ACTION DOC 10000 2028 EXAMINING_DOCUMENT b'935867'
ACTION SNIPPET 10000 2031 SNIPPET_NOT_RELEVANT b'1149083'
ACTION SNIPPET 10000 2034 SNIPPET_RELEVANT b'745673'
ACTION DOC 10000 2054 EXAMINING_DOCUMENT b'745673'
ACTION MARK 10000 2057 CONSIDERED_RELEVANT b'745673'
ACTION SNIPPET 10000 2060 SNIPPET_RELEVANT b'323607'
ACTION DOC 10000 2080 EXAMINING_DOCUMENT b'323607'
ACTION MARK 10000 2083 CONSIDERED_RELEVANT b'323607'
ACTION SNIPPET 10000 2086 SNIPPET_NOT_RELEVANT b'676743'
ACTION SNIPPET 10000 2089 SNIPPET_RELEVANT b'322874'
ACTION DOC 10000 2109 EXAMINING_DOCUMENT b'322874'
ACTION SNIPPET 10000 2112 SNIPPET_RELEVANT b'1197042'
ACTION DOC 10000 2132 EXAMINING_DOCUMENT b'1197042'
ACTION MARK 10000 2135 CONSIDERED_RELEVANT b'1197042'
ACTION SNIPPET 10000 2138 SNIPPET_RELEVANT b'453498'
ACTION DOC 10000 2158 EXAMINING_DOCUMENT b'453498'
ACTION SNIPPET 10000 2161 SNIPPET_RELEVANT b'813383'
ACTION DOC 10000 2181 EXAMINING_DOCUMENT b'813383'
ACTION MARK 10000 2184 CONSIDERED_RELEVANT b'813383'
ACTION SNIPPET 10000 2187 SNIPPET_NOT_RELEVANT b'15317'
ACTION SNIPPET 10000 2190 SNIPPET_NOT_RELEVANT b'744479'
ACTION SNIPPET 10000 2193 SNIPPET_RELEVANT b'352981'
ACTION DOC 10000 2213 EXAMINING_DOCUMENT b'352981'
ACTION SNIPPET 10000 2216 SNIPPET_NOT_RELEVANT b'1371683'
ACTION SNIPPET 10000 2219 SNIPPET_RELEVANT b'281012'
ACTION DOC 10000 2239 EXAMINING_DOCUMENT b'281012'
ACTION QUERY 10000 2249 u s investment africa contributions
ACTION SERP 10000 2254 EXAMINE_SERP
ACTION SNIPPET 10000 2257 SNIPPET_RELEVANT b'1702626'
ACTION DOC 10000 2277 EXAMINING_DOCUMENT b'1702626'
ACTION MARK 10000 2280 CONSIDERED_RELEVANT b'1702626'
ACTION SNIPPET 10000 2283 SNIPPET_RELEVANT b'744479'
ACTION DOC 10000 2303 EXAMINING_DOCUMENT b'744479'
ACTION MARK 10000 2306 CONSIDERED_RELEVANT b'744479'
ACTION SNIPPET 10000 2309 SNIPPET_NOT_RELEVANT b'1682783'
ACTION SNIPPET 10000 2312 SEEN_PREVIOUSLY b'408840'
ACTION SNIPPET 10000 2315 SEEN_PREVIOUSLY b'1005241'
ACTION SNIPPET 10000 2318 SNIPPET_RELEVANT b'661430'
ACTION DOC 10000 2338 EXAMINING_DOCUMENT b'661430'
ACTION MARK 10000 2341 CONSIDERED_RELEVANT b'661430'
ACTION SNIPPET 10000 2344 SNIPPET_RELEVANT b'47557'
ACTION DOC 10000 2364 EXAMINING_DOCUMENT b'47557'
ACTION SNIPPET 10000 2367 SNIPPET_NOT_RELEVANT b'1645481'
ACTION SNIPPET 10000 2370 SNIPPET_RELEVANT b'459667'
ACTION DOC 10000 2390 EXAMINING_DOCUMENT b'459667'
ACTION MARK 10000 2393 CONSIDERED_RELEVANT b'459667'
ACTION SNIPPET 10000 2396 SEEN_PREVIOUSLY b'1532697'
ACTION SNIPPET 10000 2399 SNIPPET_RELEVANT b'426433'
ACTION DOC 10000 2419 EXAMINING_DOCUMENT b'426433'
ACTION SNIPPET 10000 2422 SNIPPET_RELEVANT b'1485287'
ACTION DOC 10000 2442 EXAMINING_DOCUMENT b'1485287'
ACTION SNIPPET 10000 2445 SNIPPET_NOT_RELEVANT b'258492'
ACTION QUERY 10000 2455 u s investment africa sell
ACTION SERP 10000 2460 EXAMINE_SERP
ACTION SNIPPET 10000 2463 SEEN_PREVIOUSLY b'115746'
ACTION SNIPPET 10000 2466 SEEN_PREVIOUSLY b'341694'
ACTION SNIPPET 10000 2469 SNIPPET_RELEVANT b'301161'
ACTION DOC 10000 2489 EXAMINING_DOCUMENT b'301161'
ACTION SNIPPET 10000 2492 SEEN_PREVIOUSLY b'47557'
ACTION SNIPPET 10000 2495 SEEN_PREVIOUSLY b'28935'
ACTION SNIPPET 10000 2498 SNIPPET_RELEVANT b'202787'
ACTION DOC 10000 2518 EXAMINING_DOCUMENT b'202787'
ACTION QUERY 10000 2528 u s investment africa who
ACTION SERP 10000 2533 EXAMINE_SERP
ACTION SNIPPET 10000 2536 SEEN_PREVIOUSLY b'793940'
ACTION SNIPPET 10000 2539 SEEN_PREVIOUSLY b'85242'
ACTION SNIPPET 10000 2542 SEEN_PREVIOUSLY b'128684'
ACTION SNIPPET 10000 2545 SEEN_PREVIOUSLY b'115746'
ACTION SNIPPET 10000 2548 SEEN_PREVIOUSLY b'77703'
ACTION SNIPPET 10000 2551 SEEN_PREVIOUSLY b'1532697'
ACTION SNIPPET 10000 2554 SEEN_PREVIOUSLY b'678215'
ACTION SNIPPET 10000 2557 SNIPPET_NOT_RELEVANT b'326830'
ACTION SNIPPET 10000 2560 SEEN_PREVIOUSLY b'716128'
ACTION SNIPPET 10000 2563 SEEN_PREVIOUSLY b'159599'
ACTION SNIPPET 10000 2566 SEEN_PREVIOUSLY b'716704'
ACTION SNIPPET 10000 2569 SEEN_PREVIOUSLY b'621721'
ACTION SNIPPET 10000 2572 SEEN_PREVIOUSLY b'462481'
ACTION SNIPPET 10000 2575 SEEN_PREVIOUSLY b'22087'
ACTION SNIPPET 10000 2578 SEEN_PREVIOUSLY b'636543'
ACTION QUERY 10000 2588 u s investment africa firms
ACTION SERP 10000 2593 EXAMINE_SERP
ACTION SNIPPET 10000 2596 SNIPPET_RELEVANT b'722958'
ACTION DOC 10000 2616 EXAMINING_DOCUMENT b'722958'
ACTION MARK 10000 2619 CONSIDERED_RELEVANT b'722958'
ACTION SNIPPET 10000 2622 SEEN_PREVIOUSLY b'354088'
ACTION SNIPPET 10000 2625 SEEN_PREVIOUSLY b'716128'
ACTION SNIPPET 10000 2628 SNIPPET_NOT_RELEVANT b'215753'
ACTION SNIPPET 10000 2631 SEEN_PREVIOUSLY b'159599'
ACTION SNIPPET 10000 2634 SEEN_PREVIOUSLY b'85242'
ACTION SNIPPET 10000 2637 SNIPPET_NOT_RELEVANT b'211310'
ACTION SNIPPET 10000 2640 SEEN_PREVIOUSLY b'678215'
ACTION SNIPPET 10000 2643 SEEN_PREVIOUSLY b'149601'
ACTION SNIPPET 10000 2646 SEEN_PREVIOUSLY b'716704'
ACTION SNIPPET 10000 2649 SNIPPET_RELEVANT b'1352183'
ACTION DOC 10000 2669 EXAMINING_DOCUMENT b'1352183'
ACTION MARK 10000 2672 CONSIDERED_RELEVANT b'1352183'
ACTION SNIPPET 10000 2675 SNIPPET_RELEVANT b'660988'
ACTION DOC 10000 2695 EXAMINING_DOCUMENT b'660988'
ACTION MARK 10000 2698 CONSIDERED_RELEVANT b'660988'
ACTION SNIPPET 10000 2701 SNIPPET_NOT_RELEVANT b'637425'
ACTION SNIPPET 10000 2704 SNIPPET_NOT_RELEVANT b'1184105'
ACTION SNIPPET 10000 2707 SEEN_PREVIOUSLY b'28935'
ACTION SNIPPET 10000 2710 SNIPPET_RELEVANT b'1610350'
ACTION DOC 10000 2730 EXAMINING_DOCUMENT b'1610350'
ACTION SNIPPET 10000 2733 SNIPPET_RELEVANT b'688577'
ACTION DOC 10000 2753 EXAMINING_DOCUMENT b'688577'
ACTION MARK 10000 2756 CONSIDERED_RELEVANT b'688577'
ACTION SNIPPET 10000 2759 SEEN_PREVIOUSLY b'636519'
ACTION SNIPPET 10000 2762 SEEN_PREVIOUSLY b'153137'
ACTION SNIPPET 10000 2765 SNIPPET_NOT_RELEVANT b'1782106'
ACTION SNIPPET 10000 2768 SEEN_PREVIOUSLY b'1532697'
ACTION SNIPPET 10000 2771 SNIPPET_NOT_RELEVANT b'443688'
ACTION SNIPPET 10000 2774 SNIPPET_RELEVANT b'703848'
ACTION DOC 10000 2794 EXAMINING_DOCUMENT b'703848'
ACTION MARK 10000 2797 CONSIDERED_RELEVANT b'703848'
ACTION SNIPPET 10000 2800 SNIPPET_RELEVANT b'1368677'
ACTION DOC 10000 2820 EXAMINING_DOCUMENT b'1368677'
ACTION SNIPPET 10000 2823 SNIPPET_RELEVANT b'1544908'
ACTION DOC 10000 2843 EXAMINING_DOCUMENT b'1544908'
ACTION SNIPPET 10000 2846 SNIPPET_RELEVANT b'1740051'
ACTION DOC 10000 2866 EXAMINING_DOCUMENT b'1740051'
ACTION QUERY 10000 2876 u s investment africa fan
ACTION SERP 10000 2881 EXAMINE_SERP
ACTION SNIPPET 10000 2884 SNIPPET_NOT_RELEVANT b'105379'
ACTION SNIPPET 10000 2887 SEEN_PREVIOUSLY b'793940'
ACTION SNIPPET 10000 2890 SNIPPET_RELEVANT b'360173'
ACTION DOC 10000 2910 EXAMINING_DOCUMENT b'360173'
ACTION SNIPPET 10000 2913 SNIPPET_RELEVANT b'1292328'
ACTION DOC 10000 2933 EXAMINING_DOCUMENT b'1292328'
ACTION QUERY 10000 2943 u s investment africa toll
ACTION SERP 10000 2948 EXAMINE_SERP
ACTION SNIPPET 10000 2951 SNIPPET_RELEVANT b'1330149'
ACTION DOC 10000 2971 EXAMINING_DOCUMENT b'1330149'
ACTION SNIPPET 10000 2974 SNIPPET_NOT_RELEVANT b'1679946'
ACTION SNIPPET 10000 2977 SEEN_PREVIOUSLY b'1485287'
ACTION SNIPPET 10000 2980 SNIPPET_NOT_RELEVANT b'1375940'
ACTION SNIPPET 10000 2983 SNIPPET_RELEVANT b'724902'
ACTION DOC 10000 3003 EXAMINING_DOCUMENT b'724902'
ACTION QUERY 10000 3013 u s investment africa jo
ACTION SERP 10000 3018 EXAMINE_SERP
ACTION SNIPPET 10000 3021 SEEN_PREVIOUSLY b'1352183'
ACTION SNIPPET 10000 3024 SNIPPET_NOT_RELEVANT b'1367779'
ACTION SNIPPET 10000 3027 SNIPPET_RELEVANT b'1036627'
ACTION DOC 10000 3047 EXAMINING_DOCUMENT b'1036627'
ACTION SNIPPET 10000 3050 SNIPPET_NOT_RELEVANT b'1512416'
ACTION SNIPPET 10000 3053 SNIPPET_RELEVANT b'1663273'
ACTION DOC 10000 3073 EXAMINING_DOCUMENT b'1663273'
ACTION QUERY 10000 3083 u s investment africa pt
ACTION SERP 10000 3088 EXAMINE_SERP
ACTION SNIPPET 10000 3091 SNIPPET_NOT_RELEVANT b'1373025'
ACTION SNIPPET 10000 3094 SNIPPET_NOT_RELEVANT b'396163'
ACTION SNIPPET 10000 3097 SNIPPET_NOT_RELEVANT b'396160'
ACTION SNIPPET 10000 3100 SNIPPET_RELEVANT b'1543046'
ACTION DOC 10000 3120 EXAMINING_DOCUMENT b'1543046'
ACTION SNIPPET 10000 3123 SNIPPET_RELEVANT b'1267614'
ACTION DOC 10000 3143 EXAMINING_DOCUMENT b'1267614'
ACTION QUERY 10000 3153 u s investment africa keeled
ACTION SERP 10000 3158 EXAMINE_SERP
ACTION SNIPPET 10000 3161 SNIPPET_NOT_RELEVANT b'1650221'
ACTION SNIPPET 10000 3164 SNIPPET_NOT_RELEVANT b'922614'
ACTION SNIPPET 10000 3167 SNIPPET_NOT_RELEVANT b'1241372'
ACTION SNIPPET 10000 3170 SNIPPET_NOT_RELEVANT b'1804960'
ACTION SNIPPET 10000 3173 SNIPPET_NOT_RELEVANT b'424605'
ACTION SNIPPET 10000 3176 SNIPPET_NOT_RELEVANT b'579450'
ACTION SNIPPET 10000 3179 SNIPPET_NOT_RELEVANT b'579451'
ACTION SNIPPET 10000 3182 SNIPPET_NOT_RELEVANT b'108177'
ACTION SNIPPET 10000 3185 SNIPPET_RELEVANT b'759173'
ACTION DOC 10000 3205 EXAMINING_DOCUMENT b'759173'
ACTION QUERY 10000 3215 u s investment africa states
ACTION SERP 10000 3220 EXAMINE_SERP
ACTION SNIPPET 10000 3223 SEEN_PREVIOUSLY b'159599'
ACTION SNIPPET 10000 3226 SEEN_PREVIOUSLY b'621721'
ACTION SNIPPET 10000 3229 SEEN_PREVIOUSLY b'115746'
ACTION SNIPPET 10000 3232 SEEN_PREVIOUSLY b'636543'
ACTION SNIPPET 10000 3235 SEEN_PREVIOUSLY b'85242'
ACTION SNIPPET 10000 3238 SNIPPET_NOT_RELEVANT b'211310'
ACTION SNIPPET 10000 3241 SEEN_PREVIOUSLY b'716704'
ACTION SNIPPET 10000 3244 SEEN_PREVIOUSLY b'678215'
ACTION SNIPPET 10000 3247 SEEN_PREVIOUSLY b'1532697'
ACTION SNIPPET 10000 3250 SEEN_PREVIOUSLY b'22087'
ACTION SNIPPET 10000 3253 SEEN_PREVIOUSLY b'170086'
ACTION SNIPPET 10000 3256 SEEN_PREVIOUSLY b'716128'
ACTION SNIPPET 10000 3259 SEEN_PREVIOUSLY b'643596'
ACTION SNIPPET 10000 3262 SNIPPET_NOT_RELEVANT b'396326'
ACTION SNIPPET 10000 3265 SEEN_PREVIOUSLY b'722958'
ACTION QUERY 10000 3275 u s investment africa sudanese
ACTION SERP 10000 3280 EXAMINE_SERP
ACTION SNIPPET 10000 3283 SNIPPET_RELEVANT b'247832'
ACTION DOC 10000 3303 EXAMINING_DOCUMENT b'247832'
ACTION MARK 10000 3306 CONSIDERED_RELEVANT b'247832'
ACTION SNIPPET 10000 3309 SNIPPET_RELEVANT b'1839483'
ACTION DOC 10000 3329 EXAMINING_DOCUMENT b'1839483'
ACTION SNIPPET 10000 3332 SNIPPET_NOT_RELEVANT b'233711'
ACTION SNIPPET 10000 3335 SNIPPET_RELEVANT b'1262339'
ACTION DOC 10000 3355 EXAMINING_DOCUMENT b'1262339'
ACTION SNIPPET 10000 3358 SNIPPET_NOT_RELEVANT b'1582240'
ACTION QUERY 10000 3368 u s investment africa process
ACTION SERP 10000 3373 EXAMINE_SERP
ACTION SNIPPET 10000 3376 SNIPPET_RELEVANT b'334606'
ACTION DOC 10000 3396 EXAMINING_DOCUMENT b'334606'
ACTION SNIPPET 10000 3399 SEEN_PREVIOUSLY b'636543'
ACTION SNIPPET 10000 3402 SNIPPET_NOT_RELEVANT b'496300'
ACTION SNIPPET 10000 3405 SEEN_PREVIOUSLY b'716128'
ACTION SNIPPET 10000 3408 SNIPPET_NOT_RELEVANT b'1218191'
ACTION SNIPPET 10000 3411 SEEN_PREVIOUSLY b'426433'
ACTION SNIPPET 10000 3414 SEEN_PREVIOUSLY b'408840'
ACTION SNIPPET 10000 3417 SEEN_PREVIOUSLY b'716704'
ACTION SNIPPET 10000 3420 SNIPPET_NOT_RELEVANT b'596740'
ACTION QUERY 10000 3430 u s investment africa end
ACTION SERP 10000 3435 EXAMINE_SERP
ACTION SNIPPET 10000 3438 SEEN_PREVIOUSLY b'909406'
ACTION SNIPPET 10000 3441 SEEN_PREVIOUSLY b'678215'
ACTION SNIPPET 10000 3444 SNIPPET_NOT_RELEVANT b'326830'
ACTION SNIPPET 10000 3447 SEEN_PREVIOUSLY b'621721'
ACTION SNIPPET 10000 3450 SEEN_PREVIOUSLY b'301161'
ACTION SNIPPET 10000 3453 SEEN_PREVIOUSLY b'334606'
ACTION SNIPPET 10000 3456 SNIPPET_NOT_RELEVANT b'47252'
ACTION SNIPPET 10000 3459 SEEN_PREVIOUSLY b'85242'
ACTION SNIPPET 10000 3462 SEEN_PREVIOUSLY b'5056'
ACTION SNIPPET 10000 3465 SEEN_PREVIOUSLY b'5056'
ACTION SNIPPET 10000 3468 SEEN_PREVIOUSLY b'716128'
ACTION SNIPPET 10000 3471 SEEN_PREVIOUSLY b'643596'
ACTION SNIPPET 10000 3474 SNIPPET_RELEVANT b'652497'
ACTION DOC 10000 3494 EXAMINING_DOCUMENT b'652497'
ACTION MARK 10000 3497 CONSIDERED_RELEVANT b'652497'
ACTION SNIPPET 10000 3500 SEEN_PREVIOUSLY b'636543'
ACTION SNIPPET 10000 3503 SEEN_PREVIOUSLY b'462481'
ACTION SNIPPET 10000 3506 SNIPPET_NOT_RELEVANT b'715631'
ACTION SNIPPET 10000 3509 SNIPPET_RELEVANT b'637425'
ACTION DOC 10000 3529 EXAMINING_DOCUMENT b'637425'
ACTION MARK 10000 3532 CONSIDERED_RELEVANT b'637425'
ACTION SNIPPET 10000 3535 SEEN_PREVIOUSLY b'619819'
ACTION SNIPPET 10000 3538 SEEN_PREVIOUSLY b'323607'
ACTION SNIPPET 10000 3541 SNIPPET_RELEVANT b'619050'
ACTION DOC 10000 3561 EXAMINING_DOCUMENT b'619050'
ACTION SNIPPET 10000 3564 SEEN_PREVIOUSLY b'692050'
ACTION SNIPPET 10000 3567 SNIPPET_NOT_RELEVANT b'328499'
ACTION SNIPPET 10000 3570 SEEN_PREVIOUSLY b'1532697'
ACTION SNIPPET 10000 3573 SEEN_PREVIOUSLY b'636519'
ACTION SNIPPET 10000 3576 SNIPPET_RELEVANT b'223334'
ACTION DOC 10000 3596 EXAMINING_DOCUMENT b'223334'
ACTION MARK 10000 3599 CONSIDERED_RELEVANT b'223334'
ACTION SNIPPET 10000 3602 SEEN_PREVIOUSLY b'354088'
ACTION SNIPPET 10000 3605 SEEN_PREVIOUSLY b'426433'
ACTION SNIPPET 10000 3608 SNIPPET_NOT_RELEVANT b'327974'
ACTION SNIPPET 10000 3611 SNIPPET_RELEVANT b'426218'
ACTION DOC 10000 3631 EXAMINING_DOCUMENT b'426218'
ACTION SNIPPET 10000 3634 SEEN_PREVIOUSLY b'456891'
ACTION SNIPPET 10000 3637 SNIPPET_NOT_RELEVANT b'364744'
ACTION SNIPPET 10000 3640 SEEN_PREVIOUSLY b'665785'
ACTION SNIPPET 10000 3643 SEEN_PREVIOUSLY b'793940'
ACTION SNIPPET 10000 3646 SEEN_PREVIOUSLY b'1128638'
ACTION SNIPPET 10000 3649 SNIPPET_NOT_RELEVANT b'81713'
ACTION QUERY 10000 3659 u s investment africa holland
ACTION SERP 10000 3664 EXAMINE_SERP
ACTION SNIPPET 10000 3667 SNIPPET_NOT_RELEVANT b'1195920'
ACTION SNIPPET 10000 3670 SNIPPET_RELEVANT b'343939'
ACTION DOC 10000 3690 EXAMINING_DOCUMENT b'343939'
ACTION SNIPPET 10000 3693 SNIPPET_NOT_RELEVANT b'335915'
ACTION SNIPPET 10000 3696 SNIPPET_NOT_RELEVANT b'148979'
ACTION SNIPPET 10000 3699 SNIPPET_NOT_RELEVANT b'246839'
ACTION SNIPPET 10000 3702 SNIPPET_NOT_RELEVANT b'632998'
ACTION SNIPPET 10000 3705 SNIPPET_NOT_RELEVANT b'435812'
ACTION SNIPPET 10000 3708 SNIPPET_NOT_RELEVANT b'1229332'
ACTION SNIPPET 10000 3711 SNIPPET_NOT_RELEVANT b'531356'
ACTION QUERY 10000 3721 u s investment africa stump
ACTION SERP 10000 3726 EXAMINE_SERP
ACTION SNIPPET 10000 3729 SNIPPET_NOT_RELEVANT b'4266'
ACTION SNIPPET 10000 3732 SNIPPET_NOT_RELEVANT b'4266'
ACTION SNIPPET 10000 3735 SNIPPET_NOT_RELEVANT b'364744'
ACTION SNIPPET 10000 3738 SNIPPET_NOT_RELEVANT b'717410'
ACTION SNIPPET 10000 3741 SNIPPET_NOT_RELEVANT b'816648'
ACTION SNIPPET 10000 3744 SNIPPET_NOT_RELEVANT b'1138967'
ACTION SNIPPET 10000 3747 SEEN_PREVIOUSLY b'793940'
ACTION SNIPPET 10000 3750 SEEN_PREVIOUSLY b'678215'
ACTION SNIPPET 10000 3753 SEEN_PREVIOUSLY b'159599'
ACTION SNIPPET 10000 3756 SEEN_PREVIOUSLY b'77703'
ACTION SNIPPET 10000 3759 SEEN_PREVIOUSLY b'716704'
ACTION SNIPPET 10000 3762 SEEN_PREVIOUSLY b'621721'
ACTION SNIPPET 10000 3765 SNIPPET_NOT_RELEVANT b'106909'
ACTION SNIPPET 10000 3768 SEEN_PREVIOUSLY b'85242'
ACTION SNIPPET 10000 3771 SEEN_PREVIOUSLY b'1532697'
ACTION QUERY 10000 3781 u s investment africa heidi
ACTION SERP 10000 3786 EXAMINE_SERP
ACTION SNIPPET 10000 3789 SNIPPET_NOT_RELEVANT b'1138506'
ACTION SNIPPET 10000 3792 SNIPPET_RELEVANT b'450563'
ACTION DOC 10000 3812 EXAMINING_DOCUMENT b'450563'
ACTION SNIPPET 10000 3815 SNIPPET_NOT_RELEVANT b'496738'
ACTION SNIPPET 10000 3818 SNIPPET_RELEVANT b'1041104'
ACTION DOC 10000 3838 EXAMINING_DOCUMENT b'1041104'
ACTION QUERY 10000 3848 u s investment africa manager
ACTION SERP 10000 3853 EXAMINE_SERP
ACTION SNIPPET 10000 3856 SEEN_PREVIOUSLY b'678215'
ACTION SNIPPET 10000 3859 SEEN_PREVIOUSLY b'47557'
ACTION SNIPPET 10000 3862 SEEN_PREVIOUSLY b'909406'
ACTION SNIPPET 10000 3865 SNIPPET_RELEVANT b'715631'
ACTION DOC 10000 3885 EXAMINING_DOCUMENT b'715631'
ACTION MARK 10000 3888 CONSIDERED_RELEVANT b'715631'
ACTION SNIPPET 10000 3891 SEEN_PREVIOUSLY b'159599'
ACTION SNIPPET 10000 3894 SEEN_PREVIOUSLY b'334606'
ACTION SNIPPET 10000 3897 SNIPPET_RELEVANT b'215753'
ACTION DOC 10000 3917 EXAMINING_DOCUMENT b'215753'
ACTION SNIPPET 10000 3920 SNIPPET_NOT_RELEVANT b'26277'
ACTION SNIPPET 10000 3923 SEEN_PREVIOUSLY b'77703'
ACTION SNIPPET 10000 3926 SEEN_PREVIOUSLY b'716128'
ACTION SNIPPET 10000 3929 SEEN_PREVIOUSLY b'5056'
ACTION SNIPPET 10000 3932 SEEN_PREVIOUSLY b'5056'
ACTION SNIPPET 10000 3935 SEEN_PREVIOUSLY b'1532697'
ACTION SNIPPET 10000 3938 SEEN_PREVIOUSLY b'619819'
ACTION QUERY 10000 3948 u s investment africa gerrity
ACTION SERP 10000 3953 EXAMINE_SERP
ACTION SNIPPET 10000 3956 SNIPPET_NOT_RELEVANT b'435812'
ACTION SNIPPET 10000 3959 SNIPPET_RELEVANT b'410660'
ACTION DOC 10000 3979 EXAMINING_DOCUMENT b'410660'
ACTION SNIPPET 10000 3982 SNIPPET_RELEVANT b'1709410'
ACTION DOC 10000 4002 EXAMINING_DOCUMENT b'1709410'
ACTION QUERY 10000 4012 u s investment africa logo
ACTION SERP 10000 4017 EXAMINE_SERP
ACTION SNIPPET 10000 4020 SNIPPET_NOT_RELEVANT b'796426'
ACTION SNIPPET 10000 4023 SNIPPET_NOT_RELEVANT b'796194'
ACTION SNIPPET 10000 4026 SNIPPET_NOT_RELEVANT b'821357'
ACTION SNIPPET 10000 4029 SNIPPET_NOT_RELEVANT b'815836'
ACTION SNIPPET 10000 4032 SNIPPET_NOT_RELEVANT b'558100'
ACTION SNIPPET 10000 4035 SNIPPET_NOT_RELEVANT b'837708'
ACTION SNIPPET 10000 4038 SNIPPET_NOT_RELEVANT b'1826142'
ACTION SNIPPET 10000 4041 SNIPPET_NOT_RELEVANT b'955306'
ACTION SNIPPET 10000 4044 SNIPPET_NOT_RELEVANT b'1565288'
ACTION SNIPPET 10000 4047 SNIPPET_NOT_RELEVANT b'153376'
ACTION SNIPPET 10000 4050 SNIPPET_RELEVANT b'1850516'
ACTION DOC 10000 4070 EXAMINING_DOCUMENT b'1850516'
ACTION QUERY 10000 4080 u s investment africa unilaterally
ACTION SERP 10000 4085 EXAMINE_SERP
ACTION SNIPPET 10000 4088 SNIPPET_NOT_RELEVANT b'326830'
ACTION SNIPPET 10000 4091 SNIPPET_RELEVANT b'1685264'
ACTION DOC 10000 4111 EXAMINING_DOCUMENT b'1685264'
ACTION MARK 10000 4114 CONSIDERED_RELEVANT b'1685264'
ACTION SNIPPET 10000 4117 SNIPPET_RELEVANT b'676743'
ACTION DOC 10000 4137 EXAMINING_DOCUMENT b'676743'
ACTION SNIPPET 10000 4140 SNIPPET_RELEVANT b'1403157'
ACTION DOC 10000 4160 EXAMINING_DOCUMENT b'1403157'
ACTION SNIPPET 10000 4163 SNIPPET_NOT_RELEVANT b'1218028'
ACTION SNIPPET 10000 4166 SNIPPET_NOT_RELEVANT b'848783'
ACTION QUERY 10000 4176 u s investment africa global
ACTION SERP 10000 4181 EXAMINE_SERP
ACTION SNIPPET 10000 4184 SEEN_PREVIOUSLY b'1702626'
ACTION SNIPPET 10000 4187 SNIPPET_RELEVANT b'1377518'
ACTION DOC 10000 4207 EXAMINING_DOCUMENT b'1377518'
ACTION SNIPPET 10000 4210 SNIPPET_NOT_RELEVANT b'1271031'
ACTION SNIPPET 10000 4213 SNIPPET_RELEVANT b'1287947'
ACTION DOC 10000 4233 EXAMINING_DOCUMENT b'1287947'
ACTION QUERY 10000 4243 u s investment africa bba
ACTION SERP 10000 4248 EXAMINE_SERP
ACTION SNIPPET 10000 4251 SNIPPET_NOT_RELEVANT b'860128'
ACTION SNIPPET 10000 4254 SNIPPET_RELEVANT b'1438136'
ACTION DOC 10000 4274 EXAMINING_DOCUMENT b'1438136'
ACTION SNIPPET 10000 4277 SNIPPET_NOT_RELEVANT b'856045'
ACTION SNIPPET 10000 4280 SNIPPET_NOT_RELEVANT b'855631'
ACTION SNIPPET 10000 4283 SNIPPET_NOT_RELEVANT b'767637'
ACTION SNIPPET 10000 4286 SNIPPET_NOT_RELEVANT b'371309'
ACTION SNIPPET 10000 4289 SNIPPET_NOT_RELEVANT b'1489405'
ACTION SNIPPET 10000 4292 SNIPPET_RELEVANT b'1440312'
ACTION DOC 10000 4312 EXAMINING_DOCUMENT b'1440312'
ACTION QUERY 10000 4322 u s investment africa represent
ACTION SERP 10000 4327 EXAMINE_SERP
ACTION SNIPPET 10000 4330 SEEN_PREVIOUSLY b'170086'
ACTION SNIPPET 10000 4333 SEEN_PREVIOUSLY b'937917'
ACTION SNIPPET 10000 4336 SNIPPET_RELEVANT b'141893'
ACTION DOC 10000 4356 EXAMINING_DOCUMENT b'141893'
ACTION SNIPPET 10000 4359 SNIPPET_RELEVANT b'26277'
ACTION DOC 10000 4379 EXAMINING_DOCUMENT b'26277'
ACTION QUERY 10000 4389 u s investment africa now
ACTION SERP 10000 4394 EXAMINE_SERP
ACTION SNIPPET 10000 4397 SEEN_PREVIOUSLY b'1532697'
ACTION SNIPPET 10000 4400 SEEN_PREVIOUSLY b'678215'
ACTION SNIPPET 10000 4403 SEEN_PREVIOUSLY b'621721'
ACTION SNIPPET 10000 4406 SEEN_PREVIOUSLY b'77703'
ACTION SNIPPET 10000 4409 SEEN_PREVIOUSLY b'909406'
ACTION SNIPPET 10000 4412 SEEN_PREVIOUSLY b'716128'
ACTION SNIPPET 10000 4415 SEEN_PREVIOUSLY b'1306631'
ACTION SNIPPET 10000 4418 SEEN_PREVIOUSLY b'745673'
ACTION SNIPPET 10000 4421 SEEN_PREVIOUSLY b'636543'
ACTION SNIPPET 10000 4424 SNIPPET_NOT_RELEVANT b'396326'
ACTION SNIPPET 10000 4427 SEEN_PREVIOUSLY b'1006949'
ACTION SNIPPET 10000 4430 SEEN_PREVIOUSLY b'334606'
ACTION SNIPPET 10000 4433 SEEN_PREVIOUSLY b'643596'
ACTION SNIPPET 10000 4436 SEEN_PREVIOUSLY b'47557'
ACTION SNIPPET 10000 4439 SEEN_PREVIOUSLY b'354088'
ACTION QUERY 10000 4449 u s investment africa receives
ACTION SERP 10000 4454 EXAMINE_SERP
ACTION SNIPPET 10000 4457 SEEN_PREVIOUSLY b'22087'
ACTION SNIPPET 10000 4460 SEEN_PREVIOUSLY b'1532697'
ACTION SNIPPET 10000 4463 SEEN_PREVIOUSLY b'937917'
ACTION SNIPPET 10000 4466 SNIPPET_NOT_RELEVANT b'75119'
ACTION SNIPPET 10000 4469 SNIPPET_RELEVANT b'103726'
ACTION DOC 10000 4489 EXAMINING_DOCUMENT b'103726'
ACTION MARK 10000 4492 CONSIDERED_RELEVANT b'103726'
ACTION SNIPPET 10000 4495 SEEN_PREVIOUSLY b'716128'
ACTION SNIPPET 10000 4498 SNIPPET_RELEVANT b'1144508'
ACTION DOC 10000 4518 EXAMINING_DOCUMENT b'1144508'
ACTION SNIPPET 10000 4521 SEEN_PREVIOUSLY b'636519'
ACTION SNIPPET 10000 4524 SEEN_PREVIOUSLY b'462481'
ACTION SNIPPET 10000 4527 SNIPPET_NOT_RELEVANT b'81713'
ACTION SNIPPET 10000 4530 SEEN_PREVIOUSLY b'149601'
ACTION SNIPPET 10000 4533 SEEN_PREVIOUSLY b'715631'
ACTION SNIPPET 10000 4536 SNIPPET_RELEVANT b'606047'
ACTION DOC 10000 4556 EXAMINING_DOCUMENT b'606047'
ACTION QUERY 10000 4566 u s investment africa humphrey
ACTION SERP 10000 4571 EXAMINE_SERP
ACTION SNIPPET 10000 4574 SNIPPET_RELEVANT b'327974'
ACTION DOC 10000 4594 EXAMINING_DOCUMENT b'327974'
ACTION SNIPPET 10000 4597 SNIPPET_RELEVANT b'452421'
ACTION DOC 10000 4617 EXAMINING_DOCUMENT b'452421'
ACTION QUERY 10000 4627 u s investment africa fleet
ACTION SERP 10000 4632 EXAMINE_SERP
ACTION SNIPPET 10000 4635 SEEN_PREVIOUSLY b'429024'
ACTION SNIPPET 10000 4638 SNIPPET_RELEVANT b'52166'
ACTION DOC 10000 4658 EXAMINING_DOCUMENT b'52166'
ACTION SNIPPET 10000 4661 SNIPPET_RELEVANT b'467256'
ACTION DOC 10000 4681 EXAMINING_DOCUMENT b'467256'
ACTION QUERY 10000 4691 u s investment africa want
ACTION SERP 10000 4696 EXAMINE_SERP
ACTION SNIPPET 10000 4699 SEEN_PREVIOUSLY b'77703'
ACTION SNIPPET 10000 4702 SEEN_PREVIOUSLY b'716128'
ACTION SNIPPET 10000 4705 SEEN_PREVIOUSLY b'716704'
ACTION SNIPPET 10000 4708 SEEN_PREVIOUSLY b'149601'
ACTION SNIPPET 10000 4711 SEEN_PREVIOUSLY b'937917'
ACTION SNIPPET 10000 4714 SEEN_PREVIOUSLY b'619819'
ACTION SNIPPET 10000 4717 SEEN_PREVIOUSLY b'637425'
ACTION SNIPPET 10000 4720 SEEN_PREVIOUSLY b'678215'
ACTION SNIPPET 10000 4723 SEEN_PREVIOUSLY b'47557'
ACTION SNIPPET 10000 4726 SNIPPET_RELEVANT b'75119'
ACTION DOC 10000 4746 EXAMINING_DOCUMENT b'75119'
ACTION QUERY 10000 4756 u s investment africa adventures
ACTION SERP 10000 4761 EXAMINE_SERP
ACTION SNIPPET 10000 4764 SEEN_PREVIOUSLY b'678215'
ACTION SNIPPET 10000 4767 SNIPPET_NOT_RELEVANT b'1504121'
ACTION SNIPPET 10000 4770 SNIPPET_NOT_RELEVANT b'1812359'
ACTION SNIPPET 10000 4773 SNIPPET_RELEVANT b'737046'
ACTION DOC 10000 4793 EXAMINING_DOCUMENT b'737046'
ACTION SNIPPET 10000 4796 SNIPPET_RELEVANT b'947769'
ACTION DOC 10000 4816 EXAMINING_DOCUMENT b'947769'
ACTION QUERY 10000 4826 u s investment africa senator
ACTION SERP 10000 4831 EXAMINE_SERP
ACTION SNIPPET 10000 4834 SEEN_PREVIOUSLY b'636543'
ACTION SNIPPET 10000 4837 SEEN_PREVIOUSLY b'115746'
ACTION SNIPPET 10000 4840 SEEN_PREVIOUSLY b'1002634'
ACTION SNIPPET 10000 4843 SEEN_PREVIOUSLY b'170086'
ACTION SNIPPET 10000 4846 SEEN_PREVIOUSLY b'141893'
ACTION SNIPPET 10000 4849 SEEN_PREVIOUSLY b'1006949'
ACTION SNIPPET 10000 4852 SNIPPET_NOT_RELEVANT b'1812359'
ACTION SNIPPET 10000 4855 SNIPPET_RELEVANT b'179575'
ACTION DOC 10000 4875 EXAMINING_DOCUMENT b'179575'
ACTION SNIPPET 10000 4878 SNIPPET_RELEVANT b'1198798'
ACTION DOC 10000 4898 EXAMINING_DOCUMENT b'1198798'
ACTION MARK 10000 4901 CONSIDERED_RELEVANT b'1198798'
ACTION SNIPPET 10000 4904 SNIPPET_NOT_RELEVANT b'134102'
ACTION SNIPPET 10000 4907 SNIPPET_NOT_RELEVANT b'105379'
ACTION SNIPPET 10000 4910 SNIPPET_NOT_RELEVANT b'635604'
ACTION SNIPPET 10000 4913 SEEN_PREVIOUSLY b'153137'
ACTION SNIPPET 10000 4916 SEEN_PREVIOUSLY b'26277'
ACTION SNIPPET 10000 4919 SNIPPET_RELEVANT b'1149083'
ACTION DOC 10000 4939 EXAMINING_DOCUMENT b'1149083'
ACTION MARK 10000 4942 CONSIDERED_RELEVANT b'1149083'
ACTION SNIPPET 10000 4945 SNIPPET_RELEVANT b'170365'
ACTION DOC 10000 4965 EXAMINING_DOCUMENT b'170365'
ACTION SNIPPET 10000 4968 SEEN_PREVIOUSLY b'151707'
ACTION SNIPPET 10000 4971 SNIPPET_RELEVANT b'1004134'
ACTION DOC 10000 4991 EXAMINING_DOCUMENT b'1004134'
ACTION MARK 10000 4994 CONSIDERED_RELEVANT b'1004134'
ACTION SNIPPET 10000 4997 SEEN_PREVIOUSLY b'1197042'
ACTION SNIPPET 10000 5000 SEEN_PREVIOUSLY b'619050'
ACTION SNIPPET 10000 5003 SEEN_PREVIOUSLY b'744479'
ACTION SNIPPET 10000 5006 SNIPPET_NOT_RELEVANT b'1449244'
ACTION SNIPPET 10000 5009 SNIPPET_RELEVANT b'799603'
ACTION DOC 10000 5029 EXAMINING_DOCUMENT b'799603'
ACTION SNIPPET 10000 5032 SNIPPET_NOT_RELEVANT b'799764'
ACTION SNIPPET 10000 5035 SNIPPET_RELEVANT b'1007165'
ACTION DOC 10000 5055 EXAMINING_DOCUMENT b'1007165'
ACTION QUERY 10000 5065 u s investment africa resign
ACTION SERP 10000 5070 EXAMINE_SERP
ACTION SNIPPET 10000 5073 SNIPPET_RELEVANT b'1105694'
ACTION DOC 10000 5093 EXAMINING_DOCUMENT b'1105694'
ACTION SNIPPET 10000 5096 SEEN_PREVIOUSLY b'341694'
ACTION SNIPPET 10000 5099 SNIPPET_NOT_RELEVANT b'134102'
ACTION SNIPPET 10000 5102 SNIPPET_RELEVANT b'246264'
ACTION DOC 10000 5122 EXAMINING_DOCUMENT b'246264'
ACTION QUERY 10000 5132 u s investment africa japans
ACTION SERP 10000 5137 EXAMINE_SERP
ACTION SNIPPET 10000 5140 SEEN_PREVIOUSLY b'1006949'
ACTION SNIPPET 10000 5143 SEEN_PREVIOUSLY b'170365'
ACTION SNIPPET 10000 5146 SNIPPET_NOT_RELEVANT b'113129'
ACTION SNIPPET 10000 5149 SNIPPET_RELEVANT b'1261445'
ACTION DOC 10000 5169 EXAMINING_DOCUMENT b'1261445'
ACTION MARK 10000 5172 CONSIDERED_RELEVANT b'1261445'
ACTION SNIPPET 10000 5175 SNIPPET_NOT_RELEVANT b'482287'
ACTION SNIPPET 10000 5178 SNIPPET_NOT_RELEVANT b'554233'
ACTION SNIPPET 10000 5181 SNIPPET_NOT_RELEVANT b'72427'
ACTION SNIPPET 10000 5184 SNIPPET_RELEVANT b'368658'
ACTION DOC 10000 5204 EXAMINING_DOCUMENT b'368658'
ACTION MARK 10000 5207 CONSIDERED_RELEVANT b'368658'
ACTION SNIPPET 10000 5210 SNIPPET_NOT_RELEVANT b'312449'
ACTION SNIPPET 10000 5213 SEEN_PREVIOUSLY b'715631'
ACTION SNIPPET 10000 5216 SEEN_PREVIOUSLY b'678215'
ACTION SNIPPET 10000 5219 SEEN_PREVIOUSLY b'1004134'
ACTION SNIPPET 10000 5222 SNIPPET_RELEVANT b'1216516'
ACTION DOC 10000 5242 EXAMINING_DOCUMENT b'1216516'
ACTION MARK 10000 5245 CONSIDERED_RELEVANT b'1216516'
ACTION SNIPPET 10000 5248 SNIPPET_NOT_RELEVANT b'1345535'
ACTION SNIPPET 10000 5251 SNIPPET_RELEVANT b'193934'
ACTION DOC 10000 5271 EXAMINING_DOCUMENT b'193934'
ACTION SNIPPET 10000 5274 SNIPPET_NOT_RELEVANT b'117214'
ACTION SNIPPET 10000 5277 SNIPPET_NOT_RELEVANT b'317434'
ACTION SNIPPET 10000 5280 SEEN_PREVIOUSLY b'692050'
ACTION SNIPPET 10000 5283 SNIPPET_RELEVANT b'880352'
ACTION DOC 10000 5303 EXAMINING_DOCUMENT b'880352'
ACTION MARK 10000 5306 CONSIDERED_RELEVANT b'880352'
ACTION SNIPPET 10000 5309 SNIPPET_RELEVANT b'1134921'
ACTION DOC 10000 5329 EXAMINING_DOCUMENT b'1134921'
ACTION SNIPPET 10000 5332 SNIPPET_RELEVANT b'113991'
ACTION DOC 10000 5352 EXAMINING_DOCUMENT b'113991'
ACTION SNIPPET 10000 5355 SNIPPET_RELEVANT b'1004974'
ACTION DOC 10000 5375 EXAMINING_DOCUMENT b'1004974'
ACTION MARK 10000 5378 CONSIDERED_RELEVANT b'1004974'
ACTION SNIPPET 10000 5381 SNIPPET_RELEVANT b'1065842'
ACTION DOC 10000 5401 EXAMINING_DOCUMENT b'1065842'
ACTION SNIPPET 10000 5404 SNIPPET_NOT_RELEVANT b'13369'
ACTION SNIPPET 10000 5407 SNIPPET_RELEVANT b'231886'
ACTION DOC 10000 5427 EXAMINING_DOCUMENT b'231886'
ACTION SNIPPET 10000 5430 SNIPPET_NOT_RELEVANT b'1216658'
ACTION QUERY 10000 5440 u s investment africa age
ACTION SERP 10000 5445 EXAMINE_SERP
ACTION SNIPPET 10000 5448 SNIPPET_NOT_RELEVANT b'716127'
ACTION SNIPPET 10000 5451 SEEN_PREVIOUSLY b'1702626'
ACTION SNIPPET 10000 5454 SNIPPET_NOT_RELEVANT b'1019415'
ACTION SNIPPET 10000 5457 SNIPPET_NOT_RELEVANT b'361452'
ACTION SNIPPET 10000 5460 SNIPPET_NOT_RELEVANT b'78540'
ACTION SNIPPET 10000 5463 SNIPPET_NOT_RELEVANT b'164924'
ACTION SNIPPET 10000 5466 SEEN_PREVIOUSLY b'793940'
ACTION SNIPPET 10000 5469 SNIPPET_RELEVANT b'915168'
ACTION DOC 10000 5489 EXAMINING_DOCUMENT b'915168'
ACTION MARK 10000 5492 CONSIDERED_RELEVANT b'915168'
ACTION SNIPPET 10000 5495 SEEN_PREVIOUSLY b'678215'
ACTION SNIPPET 10000 5498 SEEN_PREVIOUSLY b'159599'
ACTION SNIPPET 10000 5501 SEEN_PREVIOUSLY b'77703'
ACTION SNIPPET 10000 5504 SEEN_PREVIOUSLY b'716704'
ACTION SNIPPET 10000 5507 SEEN_PREVIOUSLY b'621721'
ACTION SNIPPET 10000 5510 SEEN_PREVIOUSLY b'85242'
ACTION SNIPPET 10000 5513 SEEN_PREVIOUSLY b'1532697'
ACTION SNIPPET 10000 5516 SEEN_PREVIOUSLY b'716128'
ACTION SNIPPET 10000 5519 SEEN_PREVIOUSLY b'128684'
ACTION SNIPPET 10000 5522 SEEN_PREVIOUSLY b'636543'
ACTION SNIPPET 10000 5525 SEEN_PREVIOUSLY b'115746'
ACTION SNIPPET 10000 5528 SNIPPET_NOT_RELEVANT b'683892'
ACTION SNIPPET 10000 5531 SEEN_PREVIOUSLY b'301161'
ACTION SNIPPET 10000 5534 SEEN_PREVIOUSLY b'47557'
ACTION SNIPPET 10000 5537 SNIPPET_NOT_RELEVANT b'326830'
ACTION SNIPPET 10000 5540 SEEN_PREVIOUSLY b'170086'
ACTION SNIPPET 10000 5543 SEEN_PREVIOUSLY b'909406'
ACTION QUERY 10000 5553 u s investment africa spoken
ACTION SERP 10000 5558 EXAMINE_SERP
ACTION SNIPPET 10000 5561 SEEN_PREVIOUSLY b'458704'
ACTION SNIPPET 10000 5564 SNIPPET_RELEVANT b'716174'
ACTION DOC 10000 5584 EXAMINING_DOCUMENT b'716174'
ACTION MARK 10000 5587 CONSIDERED_RELEVANT b'716174'
ACTION SNIPPET 10000 5590 SEEN_PREVIOUSLY b'643596'
ACTION SNIPPET 10000 5593 SNIPPET_RELEVANT b'7738'
ACTION DOC 10000 5613 EXAMINING_DOCUMENT b'7738'
ACTION SNIPPET 10000 5616 SEEN_PREVIOUSLY b'7738'
ACTION SNIPPET 10000 5619 SNIPPET_NOT_RELEVANT b'1348842'
ACTION SNIPPET 10000 5622 SNIPPET_NOT_RELEVANT b'105328'
ACTION SNIPPET 10000 5625 SEEN_PREVIOUSLY b'1005241'
ACTION SNIPPET 10000 5628 SNIPPET_NOT_RELEVANT b'1148371'
ACTION SNIPPET 10000 5631 SNIPPET_NOT_RELEVANT b'262458'
ACTION SNIPPET 10000 5634 SNIPPET_RELEVANT b'256826'
ACTION DOC 10000 5654 EXAMINING_DOCUMENT b'256826'
ACTION QUERY 10000 5664 u s investment africa perform
ACTION SERP 10000 5669 EXAMINE_SERP
ACTION SNIPPET 10000 5672 SEEN_PREVIOUSLY b'22087'
ACTION SNIPPET 10000 5675 SEEN_PREVIOUSLY b'715631'
ACTION SNIPPET 10000 5678 SNIPPET_RELEVANT b'105744'
ACTION DOC 10000 5698 EXAMINING_DOCUMENT b'105744'
ACTION SNIPPET 10000 5701 SEEN_PREVIOUSLY b'77703'
ACTION SNIPPET 10000 5704 SEEN_PREVIOUSLY b'909406'
ACTION SNIPPET 10000 5707 SNIPPET_RELEVANT b'81713'
ACTION DOC 10000 5727 EXAMINING_DOCUMENT b'81713'
ACTION QUERY 10000 5737 u s investment africa chuck
ACTION SERP 10000 5742 EXAMINE_SERP
ACTION SNIPPET 10000 5745 SNIPPET_RELEVANT b'930698'
ACTION DOC 10000 5765 EXAMINING_DOCUMENT b'930698'
ACTION SNIPPET 10000 5768 SNIPPET_NOT_RELEVANT b'635604'
ACTION SNIPPET 10000 5771 SNIPPET_NOT_RELEVANT b'725212'
ACTION SNIPPET 10000 5774 SEEN_PREVIOUSLY b'256826'
ACTION SNIPPET 10000 5777 SEEN_PREVIOUSLY b'793940'
ACTION SNIPPET 10000 5780 SEEN_PREVIOUSLY b'678215'
ACTION SNIPPET 10000 5783 SEEN_PREVIOUSLY b'159599'
ACTION SNIPPET 10000 5786 SEEN_PREVIOUSLY b'77703'
ACTION SNIPPET 10000 5789 SEEN_PREVIOUSLY b'716704'
ACTION QUERY 10000 5799 u s investment africa debts
ACTION SERP 10000 5804 EXAMINE_SERP
ACTION SNIPPET 10000 5807 SEEN_PREVIOUSLY b'223334'
ACTION SNIPPET 10000 5810 SEEN_PREVIOUSLY b'1006949'
ACTION SNIPPET 10000 5813 SNIPPET_RELEVANT b'315676'
ACTION DOC 10000 5833 EXAMINING_DOCUMENT b'315676'
ACTION MARK 10000 5836 CONSIDERED_RELEVANT b'315676'
ACTION SNIPPET 10000 5839 SEEN_PREVIOUSLY b'937917'
ACTION SNIPPET 10000 5842 SEEN_PREVIOUSLY b'716128'
ACTION SNIPPET 10000 5845 SNIPPET_RELEVANT b'730055'
ACTION DOC 10000 5865 EXAMINING_DOCUMENT b'730055'
ACTION MARK 10000 5868 CONSIDERED_RELEVANT b'730055'
ACTION SNIPPET 10000 5871 SNIPPET_NOT_RELEVANT b'636962'
ACTION SNIPPET 10000 5874 SNIPPET_RELEVANT b'747753'
ACTION DOC 10000 5894 EXAMINING_DOCUMENT b'747753'
ACTION MARK 10000 5897 CONSIDERED_RELEVANT b'747753'
ACTION SNIPPET 10000 5900 SNIPPET_RELEVANT b'925027'
ACTION DOC 10000 5920 EXAMINING_DOCUMENT b'925027'
ACTION MARK 10000 5923 CONSIDERED_RELEVANT b'925027'
ACTION SNIPPET 10000 5926 SNIPPET_RELEVANT b'1654930'
ACTION DOC 10000 5946 EXAMINING_DOCUMENT b'1654930'
ACTION SNIPPET 10000 5949 SNIPPET_RELEVANT b'1397348'
ACTION DOC 10000 5969 EXAMINING_DOCUMENT b'1397348'
ACTION SNIPPET 10000 5972 SEEN_PREVIOUSLY b'745673'
ACTION SNIPPET 10000 5975 SEEN_PREVIOUSLY b'915168'
ACTION QUERY 10000 5985 u s investment africa powells
ACTION SERP 10000 5990 EXAMINE_SERP
ACTION SNIPPET 10000 5993 SNIPPET_RELEVANT b'1294490'
ACTION DOC 10000 6013 EXAMINING_DOCUMENT b'1294490'
ACTION SNIPPET 10000 6016 SNIPPET_NOT_RELEVANT b'1295966'
ACTION SNIPPET 10000 6019 SNIPPET_NOT_RELEVANT b'1296179'
ACTION SNIPPET 10000 6022 SNIPPET_RELEVANT b'1449244'
ACTION DOC 10000 6042 EXAMINING_DOCUMENT b'1449244'
ACTION QUERY 10000 6052 u s investment africa richest
ACTION SERP 10000 6057 EXAMINE_SERP
ACTION SNIPPET 10000 6060 SNIPPET_NOT_RELEVANT b'1503132'
ACTION SNIPPET 10000 6063 SNIPPET_RELEVANT b'1570408'
ACTION DOC 10000 6083 EXAMINING_DOCUMENT b'1570408'
ACTION SNIPPET 10000 6086 SNIPPET_NOT_RELEVANT b'1071557'
ACTION SNIPPET 10000 6089 SNIPPET_NOT_RELEVANT b'554233'
ACTION SNIPPET 10000 6092 SNIPPET_NOT_RELEVANT b'1397298'
ACTION SNIPPET 10000 6095 SEEN_PREVIOUSLY b'1216516'
ACTION SNIPPET 10000 6098 SEEN_PREVIOUSLY b'1330149'
ACTION SNIPPET 10000 6101 SNIPPET_RELEVANT b'1271033'
ACTION DOC 10000 6121 EXAMINING_DOCUMENT b'1271033'
ACTION QUERY 10000 6131 u s investment africa low
ACTION SERP 10000 6136 EXAMINE_SERP
ACTION SNIPPET 10000 6139 SEEN_PREVIOUSLY b'1306631'
ACTION SNIPPET 10000 6142 SEEN_PREVIOUSLY b'77703'
ACTION SNIPPET 10000 6145 SEEN_PREVIOUSLY b'678215'
ACTION SNIPPET 10000 6148 SNIPPET_RELEVANT b'1182063'
ACTION DOC 10000 6168 EXAMINING_DOCUMENT b'1182063'
ACTION MARK 10000 6171 CONSIDERED_RELEVANT b'1182063'
ACTION SNIPPET 10000 6174 SEEN_PREVIOUSLY b'75119'
ACTION SNIPPET 10000 6177 SEEN_PREVIOUSLY b'81713'
ACTION SNIPPET 10000 6180 SNIPPET_NOT_RELEVANT b'1782106'
ACTION SNIPPET 10000 6183 SEEN_PREVIOUSLY b'327974'
ACTION SNIPPET 10000 6186 SNIPPET_RELEVANT b'184729'
ACTION DOC 10000 6206 EXAMINING_DOCUMENT b'184729'
ACTION MARK 10000 6209 CONSIDERED_RELEVANT b'184729'
ACTION SNIPPET 10000 6212 SNIPPET_RELEVANT b'1376357'
ACTION DOC 10000 6232 EXAMINING_DOCUMENT b'1376357'
ACTION MARK 10000 6235 CONSIDERED_RELEVANT b'1376357'
ACTION SNIPPET 10000 6238 SEEN_PREVIOUSLY b'703848'
ACTION SNIPPET 10000 6241 SNIPPET_NOT_RELEVANT b'459017'
ACTION SNIPPET 10000 6244 SNIPPET_NOT_RELEVANT b'451255'
ACTION SNIPPET 10000 6247 SEEN_PREVIOUSLY b'793940'
ACTION SNIPPET 10000 6250 SEEN_PREVIOUSLY b'1294490'
ACTION SNIPPET 10000 6253 SNIPPET_RELEVANT b'364744'
ACTION DOC 10000 6273 EXAMINING_DOCUMENT b'364744'
ACTION SNIPPET 10000 6276 SNIPPET_NOT_RELEVANT b'1606399'
ACTION SNIPPET 10000 6279 SEEN_PREVIOUSLY b'159599'
ACTION SNIPPET 10000 6282 SEEN_PREVIOUSLY b'315676'
ACTION SNIPPET 10000 6285 SEEN_PREVIOUSLY b'716704'
ACTION QUERY 10000 6295 u s investment africa oppenheimer
ACTION SERP 10000 6300 EXAMINE_SERP
ACTION SNIPPET 10000 6303 SNIPPET_NOT_RELEVANT b'232714'
ACTION SNIPPET 10000 6306 SNIPPET_NOT_RELEVANT b'181559'
ACTION SNIPPET 10000 6309 SNIPPET_NOT_RELEVANT b'182774'
ACTION SNIPPET 10000 6312 SNIPPET_RELEVANT b'694248'
ACTION DOC 10000 6332 EXAMINING_DOCUMENT b'694248'
ACTION SNIPPET 10000 6335 SNIPPET_NOT_RELEVANT b'1271121'
ACTION SNIPPET 10000 6338 SNIPPET_NOT_RELEVANT b'1483643'
ACTION SNIPPET 10000 6341 SNIPPET_NOT_RELEVANT b'185540'
ACTION SNIPPET 10000 6344 SNIPPET_RELEVANT b'187209'
ACTION DOC 10000 6364 EXAMINING_DOCUMENT b'187209'
ACTION QUERY 10000 6374 u s investment africa gorbachevs
ACTION SERP 10000 6379 EXAMINE_SERP
ACTION SNIPPET 10000 6382 SEEN_PREVIOUSLY b'426433'
ACTION SNIPPET 10000 6385 SNIPPET_RELEVANT b'193154'
ACTION DOC 10000 6405 EXAMINING_DOCUMENT b'193154'
ACTION SNIPPET 10000 6408 SNIPPET_NOT_RELEVANT b'149287'
ACTION SNIPPET 10000 6411 SNIPPET_NOT_RELEVANT b'116879'
ACTION SNIPPET 10000 6414 SNIPPET_RELEVANT b'586745'
ACTION DOC 10000 6434 EXAMINING_DOCUMENT b'586745'
ACTION QUERY 10000 6444 u s investment africa combat
ACTION SERP 10000 6449 EXAMINE_SERP
ACTION SNIPPET 10000 6452 SNIPPET_RELEVANT b'1271030'
ACTION DOC 10000 6472 EXAMINING_DOCUMENT b'1271030'
ACTION SNIPPET 10000 6475 SEEN_PREVIOUSLY b'408840'
ACTION SNIPPET 10000 6478 SNIPPET_NOT_RELEVANT b'1619099'
ACTION SNIPPET 10000 6481 SNIPPET_RELEVANT b'1504037'
ACTION DOC 10000 6501 EXAMINING_DOCUMENT b'1504037'
ACTION QUERY 10000 6511 u s investment africa generals
ACTION SERP 10000 6516 EXAMINE_SERP
ACTION SNIPPET 10000 6519 SNIPPET_RELEVANT b'211310'
ACTION DOC 10000 6539 EXAMINING_DOCUMENT b'211310'
ACTION SNIPPET 10000 6542 SEEN_PREVIOUSLY b'159599'
ACTION SNIPPET 10000 6545 SEEN_PREVIOUSLY b'1532697'
ACTION SNIPPET 10000 6548 SEEN_PREVIOUSLY b'621721'
ACTION SNIPPET 10000 6551 SEEN_PREVIOUSLY b'115746'
ACTION SNIPPET 10000 6554 SEEN_PREVIOUSLY b'643596'
ACTION SNIPPET 10000 6557 SEEN_PREVIOUSLY b'636519'
ACTION SNIPPET 10000 6560 SEEN_PREVIOUSLY b'47557'
ACTION SNIPPET 10000 6563 SEEN_PREVIOUSLY b'141893'
ACTION QUERY 10000 6573 u s investment africa edward
ACTION SERP 10000 6578 EXAMINE_SERP
ACTION SNIPPET 10000 6581 SNIPPET_NOT_RELEVANT b'265210'
ACTION SNIPPET 10000 6584 SEEN_PREVIOUSLY b'159599'
ACTION SNIPPET 10000 6587 SEEN_PREVIOUSLY b'637425'
ACTION SNIPPET 10000 6590 SEEN_PREVIOUSLY b'334606'
ACTION SNIPPET 10000 6593 SEEN_PREVIOUSLY b'745673'
ACTION SNIPPET 10000 6596 SNIPPET_NOT_RELEVANT b'1815099'
ACTION SNIPPET 10000 6599 SNIPPET_NOT_RELEVANT b'78540'
ACTION SNIPPET 10000 6602 SNIPPET_NOT_RELEVANT b'1782106'
ACTION SNIPPET 10000 6605 SNIPPET_NOT_RELEVANT b'829659'
ACTION SNIPPET 10000 6608 SNIPPET_NOT_RELEVANT b'596740'
ACTION SNIPPET 10000 6611 SNIPPET_RELEVANT b'1749083'
ACTION DOC 10000 6631 EXAMINING_DOCUMENT b'1749083'
ACTION QUERY 10000 6641 u s investment africa ethnicity
ACTION SERP 10000 6646 EXAMINE_SERP
ACTION SNIPPET 10000 6649 SNIPPET_NOT_RELEVANT b'637018'
ACTION SNIPPET 10000 6652 SNIPPET_RELEVANT b'704786'
ACTION DOC 10000 6672 EXAMINING_DOCUMENT b'704786'
ACTION SNIPPET 10000 6675 SNIPPET_NOT_RELEVANT b'1225113'
ACTION SNIPPET 10000 6678 SNIPPET_NOT_RELEVANT b'1827365'
ACTION SNIPPET 10000 6681 SNIPPET_RELEVANT b'356680'
ACTION DOC 10000 6701 EXAMINING_DOCUMENT b'356680'
ACTION QUERY 10000 6711 u s investment africa opposed
ACTION SERP 10000 6716 EXAMINE_SERP
ACTION SNIPPET 10000 6719 SEEN_PREVIOUSLY b'170086'
ACTION SNIPPET 10000 6722 SEEN_PREVIOUSLY b'47557'
ACTION SNIPPET 10000 6725 SNIPPET_RELEVANT b'229939'
ACTION DOC 10000 6745 EXAMINING_DOCUMENT b'229939'
ACTION SNIPPET 10000 6748 SNIPPET_NOT_RELEVANT b'1287224'
ACTION SNIPPET 10000 6751 SEEN_PREVIOUSLY b'159599'
ACTION SNIPPET 10000 6754 SEEN_PREVIOUSLY b'636543'
ACTION SNIPPET 10000 6757 SNIPPET_NOT_RELEVANT b'491057'
ACTION SNIPPET 10000 6760 SNIPPET_NOT_RELEVANT b'638168'
ACTION SNIPPET 10000 6763 SEEN_PREVIOUSLY b'153137'
ACTION QUERY 10000 6773 u s investment africa curb
ACTION SERP 10000 6778 EXAMINE_SERP
ACTION SNIPPET 10000 6781 SNIPPET_RELEVANT b'1633115'
ACTION DOC 10000 6801 EXAMINING_DOCUMENT b'1633115'
ACTION MARK 10000 6804 CONSIDERED_RELEVANT b'1633115'
ACTION SNIPPET 10000 6807 SNIPPET_RELEVANT b'336895'
ACTION DOC 10000 6827 EXAMINING_DOCUMENT b'336895'
ACTION MARK 10000 6830 CONSIDERED_RELEVANT b'336895'
ACTION SNIPPET 10000 6833 SEEN_PREVIOUSLY b'75119'
ACTION SNIPPET 10000 6836 SNIPPET_RELEVANT b'1403653'
ACTION DOC 10000 6856 EXAMINING_DOCUMENT b'1403653'
ACTION MARK 10000 6859 CONSIDERED_RELEVANT b'1403653'
ACTION SNIPPET 10000 6862 SNIPPET_NOT_RELEVANT b'496300'
ACTION SNIPPET 10000 6865 SEEN_PREVIOUSLY b'364744'
ACTION SNIPPET 10000 6868 SEEN_PREVIOUSLY b'462481'
ACTION SNIPPET 10000 6871 SNIPPET_NOT_RELEVANT b'528703'
ACTION SNIPPET 10000 6874 SNIPPET_RELEVANT b'537933'
ACTION DOC 10000 6894 EXAMINING_DOCUMENT b'537933'
ACTION SNIPPET 10000 6897 SNIPPET_NOT_RELEVANT b'187669'
ACTION SNIPPET 10000 6900 SNIPPET_NOT_RELEVANT b'1304971'
ACTION SNIPPET 10000 6903 SNIPPET_RELEVANT b'76945'
ACTION DOC 10000 6923 EXAMINING_DOCUMENT b'76945'
ACTION QUERY 10000 6933 u s investment africa globalizations
ACTION SERP 10000 6938 EXAMINE_SERP
ACTION SNIPPET 10000 6941 SEEN_PREVIOUSLY b'1702626'
ACTION SNIPPET 10000 6944 SEEN_PREVIOUSLY b'1377518'
ACTION SNIPPET 10000 6947 SNIPPET_NOT_RELEVANT b'1271031'
ACTION SNIPPET 10000 6950 SEEN_PREVIOUSLY b'1287947'
ACTION SNIPPET 10000 6953 SEEN_PREVIOUSLY b'1006949'
ACTION SNIPPET 10000 6956 SNIPPET_RELEVANT b'1288469'
ACTION DOC 10000 6976 EXAMINING_DOCUMENT b'1288469'
ACTION SNIPPET 10000 6979 SNIPPET_NOT_RELEVANT b'1782106'
ACTION SNIPPET 10000 6982 SNIPPET_RELEVANT b'1808600'
ACTION DOC 10000 7002 EXAMINING_DOCUMENT b'1808600'
ACTION QUERY 10000 7012 u s investment africa mbekis
ACTION SERP 10000 7017 EXAMINE_SERP
ACTION SNIPPET 10000 7020 SNIPPET_RELEVANT b'1304971'
ACTION DOC 10000 7040 EXAMINING_DOCUMENT b'1304971'
ACTION SNIPPET 10000 7043 SNIPPET_RELEVANT b'1139247'
ACTION DOC 10000 7063 EXAMINING_DOCUMENT b'1139247'
ACTION MARK 10000 7066 CONSIDERED_RELEVANT b'1139247'
ACTION SNIPPET 10000 7069 SNIPPET_RELEVANT b'981706'
ACTION DOC 10000 7089 EXAMINING_DOCUMENT b'981706'
ACTION SNIPPET 10000 7092 SNIPPET_RELEVANT b'1269609'
ACTION DOC 10000 7112 EXAMINING_DOCUMENT b'1269609'
ACTION SNIPPET 10000 7115 SEEN_PREVIOUSLY b'843729'
ACTION SNIPPET 10000 7118 SNIPPET_RELEVANT b'1112303'
ACTION DOC 10000 7138 EXAMINING_DOCUMENT b'1112303'
ACTION QUERY 10000 7148 u s investment africa thank
ACTION SERP 10000 7153 EXAMINE_SERP
ACTION SNIPPET 10000 7156 SEEN_PREVIOUSLY b'1702626'
ACTION SNIPPET 10000 7159 SNIPPET_RELEVANT b'1149088'
ACTION DOC 10000 7179 EXAMINING_DOCUMENT b'1149088'
ACTION MARK 10000 7182 CONSIDERED_RELEVANT b'1149088'
ACTION SNIPPET 10000 7185 SNIPPET_RELEVANT b'1645481'
ACTION DOC 10000 7205 EXAMINING_DOCUMENT b'1645481'
ACTION SNIPPET 10000 7208 SEEN_PREVIOUSLY b'716174'
ACTION SNIPPET 10000 7211 SNIPPET_NOT_RELEVANT b'515509'
ACTION SNIPPET 10000 7214 SNIPPET_NOT_RELEVANT b'233997'
ACTION SNIPPET 10000 7217 SNIPPET_RELEVANT b'645931'
ACTION DOC 10000 7237 EXAMINING_DOCUMENT b'645931'
ACTION QUERY 10000 7247 u s investment africa race
ACTION SERP 10000 7252 EXAMINE_SERP
ACTION SNIPPET 10000 7255 SNIPPET_NOT_RELEVANT b'47252'
ACTION SNIPPET 10000 7258 SEEN_PREVIOUSLY b'75119'
ACTION SNIPPET 10000 7261 SEEN_PREVIOUSLY b'665785'
ACTION SNIPPET 10000 7264 SEEN_PREVIOUSLY b'246264'
ACTION SNIPPET 10000 7267 SEEN_PREVIOUSLY b'1368677'
ACTION SNIPPET 10000 7270 SEEN_PREVIOUSLY b'676743'
ACTION SNIPPET 10000 7273 SNIPPET_NOT_RELEVANT b'330647'
ACTION SNIPPET 10000 7276 SNIPPET_NOT_RELEVANT b'719167'
ACTION SNIPPET 10000 7279 SEEN_PREVIOUSLY b'354088'
ACTION SNIPPET 10000 7282 SNIPPET_RELEVANT b'899122'
ACTION DOC 10000 7302 EXAMINING_DOCUMENT b'899122'
ACTION QUERY 10000 7312 u s investment africa aisle
ACTION SERP 10000 7317 EXAMINE_SERP
ACTION SNIPPET 10000 7320 SNIPPET_RELEVANT b'1019415'
ACTION DOC 10000 7340 EXAMINING_DOCUMENT b'1019415'
ACTION SNIPPET 10000 7343 SNIPPET_NOT_RELEVANT b'4266'
ACTION SNIPPET 10000 7346 SNIPPET_RELEVANT b'4266'
ACTION DOC 10000 7366 EXAMINING_DOCUMENT b'4266'
ACTION QUERY 10000 7376 u s investment africa jesse
ACTION SERP 10000 7381 EXAMINE_SERP
ACTION SNIPPET 10000 7384 SEEN_PREVIOUSLY b'22087'
ACTION SNIPPET 10000 7387 SNIPPET_NOT_RELEVANT b'443688'
ACTION SNIPPET 10000 7390 SNIPPET_NOT_RELEVANT b'213452'
ACTION SNIPPET 10000 7393 SEEN_PREVIOUSLY b'716174'
ACTION SNIPPET 10000 7396 SEEN_PREVIOUSLY b'352981'
ACTION SNIPPET 10000 7399 SEEN_PREVIOUSLY b'1002634'
ACTION SNIPPET 10000 7402 SNIPPET_RELEVANT b'761536'
ACTION DOC 10000 7422 EXAMINING_DOCUMENT b'761536'
ACTION MARK 10000 7425 CONSIDERED_RELEVANT b'761536'
ACTION SNIPPET 10000 7428 SNIPPET_NOT_RELEVANT b'323612'
ACTION SNIPPET 10000 7431 SNIPPET_RELEVANT b'158891'
ACTION DOC 10000 7451 EXAMINING_DOCUMENT b'158891'
ACTION SNIPPET 10000 7454 SNIPPET_RELEVANT b'140513'
ACTION DOC 10000 7474 EXAMINING_DOCUMENT b'140513'
ACTION SNIPPET 10000 7477 SNIPPET_RELEVANT b'292885'
ACTION DOC 10000 7497 EXAMINING_DOCUMENT b'292885'
ACTION QUERY 10000 7507 u s investment africa respond
ACTION SERP 10000 7512 EXAMINE_SERP
ACTION SNIPPET 10000 7515 SEEN_PREVIOUSLY b'621721'
ACTION SNIPPET 10000 7518 SEEN_PREVIOUSLY b'909406'
ACTION SNIPPET 10000 7521 SEEN_PREVIOUSLY b'716704'
ACTION SNIPPET 10000 7524 SEEN_PREVIOUSLY b'652497'
ACTION SNIPPET 10000 7527 SEEN_PREVIOUSLY b'215753'
ACTION SNIPPET 10000 7530 SNIPPET_RELEVANT b'496300'
ACTION DOC 10000 7550 EXAMINING_DOCUMENT b'496300'
ACTION SNIPPET 10000 7553 SEEN_PREVIOUSLY b'462481'
ACTION SNIPPET 10000 7556 SNIPPET_RELEVANT b'420515'
ACTION DOC 10000 7576 EXAMINING_DOCUMENT b'420515'
ACTION MARK 10000 7579 CONSIDERED_RELEVANT b'420515'
ACTION SNIPPET 10000 7582 SNIPPET_RELEVANT b'944065'
ACTION DOC 10000 7602 EXAMINING_DOCUMENT b'944065'
ACTION SNIPPET 10000 7605 SEEN_PREVIOUSLY b'915168'
ACTION SNIPPET 10000 7608 SNIPPET_NOT_RELEVANT b'625922'
ACTION SNIPPET 10000 7611 SEEN_PREVIOUSLY b'703848'
ACTION SNIPPET 10000 7614 SEEN_PREVIOUSLY b'459667'
ACTION SNIPPET 10000 7617 SNIPPET_NOT_RELEVANT b'485035'
ACTION SNIPPET 10000 7620 SNIPPET_RELEVANT b'195865'
ACTION DOC 10000 7640 EXAMINING_DOCUMENT b'195865'
ACTION QUERY 10000 7650 u s investment africa message
ACTION SERP 10000 7655 EXAMINE_SERP
ACTION SNIPPET 10000 7658 SEEN_PREVIOUSLY b'115746'
ACTION SNIPPET 10000 7661 SEEN_PREVIOUSLY b'1006949'
ACTION SNIPPET 10000 7664 SNIPPET_NOT_RELEVANT b'328499'
ACTION SNIPPET 10000 7667 SEEN_PREVIOUSLY b'716174'
ACTION SNIPPET 10000 7670 SEEN_PREVIOUSLY b'496300'
ACTION SNIPPET 10000 7673 SNIPPET_RELEVANT b'837323'
ACTION DOC 10000 7693 EXAMINING_DOCUMENT b'837323'
ACTION SNIPPET 10000 7696 SEEN_PREVIOUSLY b'703848'
ACTION SNIPPET 10000 7699 SEEN_PREVIOUSLY b'1002634'
ACTION SNIPPET 10000 7702 SEEN_PREVIOUSLY b'408840'
ACTION QUERY 10000 7712 u s investment africa founded
ACTION SERP 10000 7717 EXAMINE_SERP
ACTION SNIPPET 10000 7720 SEEN_PREVIOUSLY b'341694'
ACTION SNIPPET 10000 7723 SEEN_PREVIOUSLY b'1306631'
ACTION SNIPPET 10000 7726 SEEN_PREVIOUSLY b'1532697'
ACTION SNIPPET 10000 7729 SEEN_PREVIOUSLY b'1105694'
ACTION SNIPPET 10000 7732 SEEN_PREVIOUSLY b'1128638'
ACTION SNIPPET 10000 7735 SEEN_PREVIOUSLY b'652497'
ACTION SNIPPET 10000 7738 SEEN_PREVIOUSLY b'1352183'
ACTION SNIPPET 10000 7741 SEEN_PREVIOUSLY b'364744'
ACTION SNIPPET 10000 7744 SEEN_PREVIOUSLY b'606047'
ACTION SNIPPET 10000 7747 SEEN_PREVIOUSLY b'354088'
ACTION SNIPPET 10000 7750 SEEN_PREVIOUSLY b'793940'
ACTION SNIPPET 10000 7753 SEEN_PREVIOUSLY b'813383'
ACTION SNIPPET 10000 7756 SEEN_PREVIOUSLY b'678215'
ACTION SNIPPET 10000 7759 SEEN_PREVIOUSLY b'159599'
ACTION SNIPPET 10000 7762 SEEN_PREVIOUSLY b'77703'
ACTION QUERY 10000 7772 u s investment africa frontrunner
ACTION SERP 10000 7777 EXAMINE_SERP
ACTION SNIPPET 10000 7780 SNIPPET_NOT_RELEVANT b'1663941'
ACTION SNIPPET 10000 7783 SNIPPET_RELEVANT b'152810'
ACTION DOC 10000 7803 EXAMINING_DOCUMENT b'152810'
ACTION SNIPPET 10000 7806 SNIPPET_NOT_RELEVANT b'1556421'
ACTION SNIPPET 10000 7809 SNIPPET_NOT_RELEVANT b'93124'
ACTION SNIPPET 10000 7812 SNIPPET_NOT_RELEVANT b'1087155'
ACTION SNIPPET 10000 7815 SNIPPET_NOT_RELEVANT b'1352070'
ACTION SNIPPET 10000 7818 SNIPPET_NOT_RELEVANT b'1559822'
ACTION SNIPPET 10000 7821 SNIPPET_RELEVANT b'1291920'
ACTION DOC 10000 7841 EXAMINING_DOCUMENT b'1291920'
ACTION QUERY 10000 7851 u s investment africa cardinal
ACTION SERP 10000 7856 EXAMINE_SERP
ACTION SNIPPET 10000 7859 SNIPPET_RELEVANT b'979476'
ACTION DOC 10000 7879 EXAMINING_DOCUMENT b'979476'
ACTION SNIPPET 10000 7882 SNIPPET_RELEVANT b'678446'
ACTION DOC 10000 7902 EXAMINING_DOCUMENT b'678446'
ACTION QUERY 10000 7912 u s investment africa rugambwa
ACTION SERP 10000 7917 EXAMINE_SERP
ACTION SNIPPET 10000 7920 SEEN_PREVIOUSLY b'979476'
ACTION SNIPPET 10000 7923 SNIPPET_RELEVANT b'1187217'
ACTION DOC 10000 7943 EXAMINING_DOCUMENT b'1187217'
ACTION SNIPPET 10000 7946 SEEN_PREVIOUSLY b'793940'
ACTION SNIPPET 10000 7949 SEEN_PREVIOUSLY b'678215'
ACTION SNIPPET 10000 7952 SEEN_PREVIOUSLY b'159599'
ACTION SNIPPET 10000 7955 SEEN_PREVIOUSLY b'77703'
ACTION SNIPPET 10000 7958 SEEN_PREVIOUSLY b'716704'
ACTION SNIPPET 10000 7961 SEEN_PREVIOUSLY b'621721'
ACTION SNIPPET 10000 7964 SEEN_PREVIOUSLY b'85242'
ACTION QUERY 10000 7974 u s investment africa kibwetere
ACTION SERP 10000 7979 EXAMINE_SERP
ACTION SNIPPET 10000 7982 SEEN_PREVIOUSLY b'1187217'
ACTION SNIPPET 10000 7985 SNIPPET_RELEVANT b'1185806'
ACTION DOC 10000 8005 EXAMINING_DOCUMENT b'1185806'
ACTION SNIPPET 10000 8008 SNIPPET_NOT_RELEVANT b'1189049'
ACTION SNIPPET 10000 8011 SNIPPET_RELEVANT b'1212781'
ACTION DOC 10000 8031 EXAMINING_DOCUMENT b'1212781'
ACTION QUERY 10000 8041 u s investment africa artist
ACTION SERP 10000 8046 EXAMINE_SERP
ACTION SNIPPET 10000 8049 SNIPPET_RELEVANT b'1203845'
ACTION DOC 10000 8069 EXAMINING_DOCUMENT b'1203845'
ACTION SNIPPET 10000 8072 SEEN_PREVIOUSLY b'793940'
ACTION SNIPPET 10000 8075 SEEN_PREVIOUSLY b'678215'
ACTION SNIPPET 10000 8078 SEEN_PREVIOUSLY b'159599'
ACTION SNIPPET 10000 8081 SNIPPET_NOT_RELEVANT b'1811956'
ACTION SNIPPET 10000 8084 SNIPPET_NOT_RELEVANT b'1652334'
ACTION SNIPPET 10000 8087 SEEN_PREVIOUSLY b'77703'
ACTION SNIPPET 10000 8090 SEEN_PREVIOUSLY b'716704'
ACTION SNIPPET 10000 8093 SEEN_PREVIOUSLY b'621721'
ACTION QUERY 10000 8103 u s investment africa masks
ACTION SERP 10000 8108 EXAMINE_SERP
ACTION SNIPPET 10000 8111 SNIPPET_NOT_RELEVANT b'1693744'
ACTION SNIPPET 10000 8114 SNIPPET_NOT_RELEVANT b'1267363'
ACTION SNIPPET 10000 8117 SNIPPET_RELEVANT b'1800744'
ACTION DOC 10000 8137 EXAMINING_DOCUMENT b'1800744'
ACTION SNIPPET 10000 8140 SNIPPET_NOT_RELEVANT b'1425066'
ACTION SNIPPET 10000 8143 SNIPPET_RELEVANT b'1345419'
ACTION DOC 10000 8163 EXAMINING_DOCUMENT b'1345419'
ACTION QUERY 10000 8173 u s investment africa ask
ACTION SERP 10000 8178 EXAMINE_SERP
ACTION SNIPPET 10000 8181 SEEN_PREVIOUSLY b'716704'
ACTION SNIPPET 10000 8184 SEEN_PREVIOUSLY b'636543'
ACTION SNIPPET 10000 8187 SNIPPET_RELEVANT b'1461259'
ACTION DOC 10000 8207 EXAMINING_DOCUMENT b'1461259'
ACTION MARK 10000 8210 CONSIDERED_RELEVANT b'1461259'
ACTION SNIPPET 10000 8213 SEEN_PREVIOUSLY b'170086'
ACTION SNIPPET 10000 8216 SEEN_PREVIOUSLY b'47557'
ACTION SNIPPET 10000 8219 SEEN_PREVIOUSLY b'716128'
ACTION SNIPPET 10000 8222 SEEN_PREVIOUSLY b'703848'
ACTION SNIPPET 10000 8225 SEEN_PREVIOUSLY b'28935'
ACTION SNIPPET 10000 8228 SEEN_PREVIOUSLY b'637425'
ACTION SNIPPET 10000 8231 SEEN_PREVIOUSLY b'619819'
ACTION SNIPPET 10000 8234 SNIPPET_RELEVANT b'528703'
ACTION DOC 10000 8254 EXAMINING_DOCUMENT b'528703'
ACTION SNIPPET 10000 8257 SNIPPET_RELEVANT b'226994'
ACTION DOC 10000 8277 EXAMINING_DOCUMENT b'226994'
ACTION QUERY 10000 8287 u s investment africa school
ACTION SERP 10000 8292 EXAMINE_SERP
ACTION SNIPPET 10000 8295 SEEN_PREVIOUSLY b'77703'
ACTION SNIPPET 10000 8298 SEEN_PREVIOUSLY b'301161'
ACTION SNIPPET 10000 8301 SEEN_PREVIOUSLY b'115746'
ACTION SNIPPET 10000 8304 SEEN_PREVIOUSLY b'226826'
ACTION SNIPPET 10000 8307 SEEN_PREVIOUSLY b'81713'
ACTION SNIPPET 10000 8310 SNIPPET_RELEVANT b'1682783'
ACTION DOC 10000 8330 EXAMINING_DOCUMENT b'1682783'
ACTION SNIPPET 10000 8333 SNIPPET_RELEVANT b'141442'
ACTION DOC 10000 8353 EXAMINING_DOCUMENT b'141442'
ACTION MARK 10000 8356 CONSIDERED_RELEVANT b'141442'
ACTION SNIPPET 10000 8359 SEEN_PREVIOUSLY b'637425'
ACTION SNIPPET 10000 8362 SEEN_PREVIOUSLY b'246264'
ACTION SNIPPET 10000 8365 SNIPPET_RELEVANT b'494729'
ACTION DOC 10000 8385 EXAMINING_DOCUMENT b'494729'
ACTION SNIPPET 10000 8388 SNIPPET_RELEVANT b'101482'
ACTION DOC 10000 8408 EXAMINING_DOCUMENT b'101482'
ACTION QUERY 10000 8418 u s investment africa educators
ACTION SERP 10000 8423 EXAMINE_SERP
ACTION SNIPPET 10000 8426 SEEN_PREVIOUSLY b'301161'
ACTION SNIPPET 10000 8429 SEEN_PREVIOUSLY b'1702626'
ACTION SNIPPET 10000 8432 SEEN_PREVIOUSLY b'226826'
ACTION SNIPPET 10000 8435 SNIPPET_NOT_RELEVANT b'1271031'
ACTION SNIPPET 10000 8438 SEEN_PREVIOUSLY b'202787'
ACTION SNIPPET 10000 8441 SEEN_PREVIOUSLY b'115746'
ACTION SNIPPET 10000 8444 SEEN_PREVIOUSLY b'229939'
ACTION SNIPPET 10000 8447 SNIPPET_NOT_RELEVANT b'639383'
ACTION SNIPPET 10000 8450 SEEN_PREVIOUSLY b'1271030'
ACTION SNIPPET 10000 8453 SNIPPET_NOT_RELEVANT b'1850365'
ACTION SNIPPET 10000 8456 SEEN_PREVIOUSLY b'141893'
ACTION SNIPPET 10000 8459 SNIPPET_RELEVANT b'933496'
ACTION DOC 10000 8479 EXAMINING_DOCUMENT b'933496'
ACTION QUERY 10000 8489 u s investment africa professional
ACTION SERP 10000 8494 EXAMINE_SERP
ACTION SNIPPET 10000 8497 SEEN_PREVIOUSLY b'1288469'
ACTION SNIPPET 10000 8500 SNIPPET_NOT_RELEVANT b'589944'
ACTION SNIPPET 10000 8503 SNIPPET_NOT_RELEVANT b'1126026'
ACTION SNIPPET 10000 8506 SEEN_PREVIOUSLY b'354088'
ACTION SNIPPET 10000 8509 SEEN_PREVIOUSLY b'665785'
ACTION SNIPPET 10000 8512 SNIPPET_RELEVANT b'1295068'
ACTION DOC 10000 8532 EXAMINING_DOCUMENT b'1295068'
ACTION SNIPPET 10000 8535 SEEN_PREVIOUSLY b'793940'
ACTION SNIPPET 10000 8538 SNIPPET_RELEVANT b'279374'
ACTION DOC 10000 8558 EXAMINING_DOCUMENT b'279374'
ACTION QUERY 10000 8568 u s investment africa forbes
ACTION SERP 10000 8573 EXAMINE_SERP
ACTION SNIPPET 10000 8576 SNIPPET_NOT_RELEVANT b'1504121'
ACTION SNIPPET 10000 8579 SNIPPET_RELEVANT b'1117046'
ACTION DOC 10000 8599 EXAMINING_DOCUMENT b'1117046'
ACTION SNIPPET 10000 8602 SNIPPET_NOT_RELEVANT b'1315985'
ACTION SNIPPET 10000 8605 SNIPPET_NOT_RELEVANT b'1315734'
ACTION SNIPPET 10000 8608 SNIPPET_NOT_RELEVANT b'652533'
ACTION SNIPPET 10000 8611 SNIPPET_NOT_RELEVANT b'1781348'
ACTION SNIPPET 10000 8614 SNIPPET_RELEVANT b'1760195'
ACTION DOC 10000 8634 EXAMINING_DOCUMENT b'1760195'
ACTION QUERY 10000 8644 u s investment africa ipo
ACTION SERP 10000 8649 EXAMINE_SERP
ACTION SNIPPET 10000 8652 SNIPPET_RELEVANT b'675092'
ACTION DOC 10000 8672 EXAMINING_DOCUMENT b'675092'
ACTION SNIPPET 10000 8675 SNIPPET_NOT_RELEVANT b'993860'
ACTION SNIPPET 10000 8678 SNIPPET_NOT_RELEVANT b'1278884'
ACTION SNIPPET 10000 8681 SNIPPET_NOT_RELEVANT b'1077926'
ACTION SNIPPET 10000 8684 SNIPPET_RELEVANT b'1495123'
ACTION DOC 10000 8704 EXAMINING_DOCUMENT b'1495123'
ACTION QUERY 10000 8714 u s investment africa laurys
ACTION SERP 10000 8719 EXAMINE_SERP
ACTION SNIPPET 10000 8722 SNIPPET_NOT_RELEVANT b'1296775'
ACTION SNIPPET 10000 8725 SNIPPET_RELEVANT b'264951'
ACTION DOC 10000 8745 EXAMINING_DOCUMENT b'264951'
ACTION SNIPPET 10000 8748 SNIPPET_RELEVANT b'1109628'
ACTION DOC 10000 8768 EXAMINING_DOCUMENT b'1109628'
ACTION QUERY 10000 8778 u s investment africa 1998
ACTION SERP 10000 8783 EXAMINE_SERP
ACTION SNIPPET 10000 8786 SEEN_PREVIOUSLY b'1007743'
ACTION SNIPPET 10000 8789 SEEN_PREVIOUSLY b'1128638'
ACTION SNIPPET 10000 8792 SNIPPET_NOT_RELEVANT b'1333346'
ACTION SNIPPET 10000 8795 SNIPPET_RELEVANT b'1723639'
ACTION DOC 10000 8815 EXAMINING_DOCUMENT b'1723639'
ACTION SNIPPET 10000 8818 SNIPPET_RELEVANT b'459017'
ACTION DOC 10000 8838 EXAMINING_DOCUMENT b'459017'
ACTION QUERY 10000 8848 u s investment africa ukraine
ACTION SERP 10000 8853 EXAMINE_SERP
ACTION SNIPPET 10000 8856 SEEN_PREVIOUSLY b'1808600'
ACTION SNIPPET 10000 8859 SNIPPET_NOT_RELEVANT b'1290583'
ACTION SNIPPET 10000 8862 SNIPPET_NOT_RELEVANT b'927069'
ACTION SNIPPET 10000 8865 SNIPPET_NOT_RELEVANT b'1184077'
ACTION SNIPPET 10000 8868 SNIPPET_NOT_RELEVANT b'1699909'
ACTION SNIPPET 10000 8871 SNIPPET_NOT_RELEVANT b'746221'
ACTION SNIPPET 10000 8874 SNIPPET_NOT_RELEVANT b'1645665'
ACTION SNIPPET 10000 8877 SNIPPET_RELEVANT b'1361579'
ACTION DOC 10000 8897 EXAMINING_DOCUMENT b'1361579'
ACTION SNIPPET 10000 8900 SNIPPET_NOT_RELEVANT b'672429'
ACTION QUERY 10000 8910 u s investment africa recipient
ACTION SERP 10000 8915 EXAMINE_SERP
ACTION SNIPPET 10000 8918 SEEN_PREVIOUSLY b'744479'
ACTION SNIPPET 10000 8921 SEEN_PREVIOUSLY b'937917'
ACTION SNIPPET 10000 8924 SNIPPET_RELEVANT b'23492'
ACTION DOC 10000 8944 EXAMINING_DOCUMENT b'23492'
ACTION SNIPPET 10000 8947 SNIPPET_NOT_RELEVANT b'257120'
ACTION SNIPPET 10000 8950 SEEN_PREVIOUSLY b'606047'
ACTION SNIPPET 10000 8953 SEEN_PREVIOUSLY b'944065'
ACTION SNIPPET 10000 8956 SNIPPET_NOT_RELEVANT b'625922'
ACTION SNIPPET 10000 8959 SNIPPET_NOT_RELEVANT b'954667'
ACTION SNIPPET 10000 8962 SEEN_PREVIOUSLY b'247832'
ACTION QUERY 10000 8972 u s investment africa obamas
ACTION SERP 10000 8977 EXAMINE_SERP
ACTION SNIPPET 10000 8980 SNIPPET_NOT_RELEVANT b'1786211'
ACTION SNIPPET 10000 8983 SNIPPET_NOT_RELEVANT b'1830959'
ACTION SNIPPET 10000 8986 SNIPPET_RELEVANT b'1843066'
ACTION DOC 10000 9006 EXAMINING_DOCUMENT b'1843066'
ACTION SNIPPET 10000 9009 SNIPPET_RELEVANT b'1842559'
ACTION DOC 10000 9029 EXAMINING_DOCUMENT b'1842559'
ACTION QUERY 10000 9039 u s investment africa attacking
ACTION SERP 10000 9044 EXAMINE_SERP
ACTION SNIPPET 10000 9047 SEEN_PREVIOUSLY b'301161'
ACTION SNIPPET 10000 9050 SNIPPET_NOT_RELEVANT b'1192940'
ACTION SNIPPET 10000 9053 SNIPPET_RELEVANT b'1685265'
ACTION DOC 10000 9073 EXAMINING_DOCUMENT b'1685265'
ACTION SNIPPET 10000 9076 SEEN_PREVIOUSLY b'1330149'
ACTION SNIPPET 10000 9079 SNIPPET_RELEVANT b'265210'
ACTION DOC 10000 9099 EXAMINING_DOCUMENT b'265210'
ACTION QUERY 10000 9109 u s investment africa extreme
ACTION SERP 10000 9114 EXAMINE_SERP
ACTION SNIPPET 10000 9117 SEEN_PREVIOUSLY b'85242'
ACTION SNIPPET 10000 9120 SEEN_PREVIOUSLY b'1654930'
ACTION SNIPPET 10000 9123 SNIPPET_RELEVANT b'638168'
ACTION DOC 10000 9143 EXAMINING_DOCUMENT b'638168'
ACTION MARK 10000 9146 CONSIDERED_RELEVANT b'638168'
ACTION SNIPPET 10000 9149 SEEN_PREVIOUSLY b'1685265'
ACTION SNIPPET 10000 9152 SEEN_PREVIOUSLY b'1685264'
ACTION SNIPPET 10000 9155 SEEN_PREVIOUSLY b'745673'
ACTION SNIPPET 10000 9158 SEEN_PREVIOUSLY b'1352183'
ACTION SNIPPET 10000 9161 SNIPPET_RELEVANT b'451255'
ACTION DOC 10000 9181 EXAMINING_DOCUMENT b'451255'
ACTION SNIPPET 10000 9184 SNIPPET_RELEVANT b'155120'
ACTION DOC 10000 9204 EXAMINING_DOCUMENT b'155120'
ACTION QUERY 10000 9214 u s investment africa success
ACTION SERP 10000 9219 EXAMINE_SERP
ACTION SNIPPET 10000 9222 SEEN_PREVIOUSLY b'226994'
ACTION SNIPPET 10000 9225 SEEN_PREVIOUSLY b'1682783'
ACTION SNIPPET 10000 9228 SNIPPET_NOT_RELEVANT b'1198541'
ACTION SNIPPET 10000 9231 SEEN_PREVIOUSLY b'1645481'
ACTION SNIPPET 10000 9234 SEEN_PREVIOUSLY b'925027'
ACTION SNIPPET 10000 9237 SEEN_PREVIOUSLY b'637425'
ACTION SNIPPET 10000 9240 SEEN_PREVIOUSLY b'456891'
ACTION SNIPPET 10000 9243 SEEN_PREVIOUSLY b'1532697'
ACTION SNIPPET 10000 9246 SEEN_PREVIOUSLY b'716174'
ACTION SNIPPET 10000 9249 SEEN_PREVIOUSLY b'1376357'
ACTION SNIPPET 10000 9252 SEEN_PREVIOUSLY b'1403653'
ACTION SNIPPET 10000 9255 SEEN_PREVIOUSLY b'155120'
ACTION SNIPPET 10000 9258 SEEN_PREVIOUSLY b'101482'
ACTION SNIPPET 10000 9261 SEEN_PREVIOUSLY b'676743'
ACTION SNIPPET 10000 9264 SNIPPET_RELEVANT b'1006963'
ACTION DOC 10000 9284 EXAMINING_DOCUMENT b'1006963'
ACTION MARK 10000 9287 CONSIDERED_RELEVANT b'1006963'
ACTION SNIPPET 10000 9290 SNIPPET_NOT_RELEVANT b'1246291'
ACTION SNIPPET 10000 9293 SNIPPET_RELEVANT b'808137'
ACTION DOC 10000 9313 EXAMINING_DOCUMENT b'808137'
ACTION MARK 10000 9316 CONSIDERED_RELEVANT b'808137'
ACTION SNIPPET 10000 9319 SEEN_PREVIOUSLY b'1144508'
ACTION SNIPPET 10000 9322 SEEN_PREVIOUSLY b'184729'
ACTION SNIPPET 10000 9325 SEEN_PREVIOUSLY b'1368677'
ACTION SNIPPET 10000 9328 SEEN_PREVIOUSLY b'716372'
ACTION SNIPPET 10000 9331 SNIPPET_RELEVANT b'1503129'
ACTION DOC 10000 9351 EXAMINING_DOCUMENT b'1503129'
ACTION MARK 10000 9354 CONSIDERED_RELEVANT b'1503129'
ACTION SNIPPET 10000 9357 SEEN_PREVIOUSLY b'915168'
ACTION SNIPPET 10000 9360 SNIPPET_NOT_RELEVANT b'1402990'
ACTION SNIPPET 10000 9363 SEEN_PREVIOUSLY b'793940'
ACTION SNIPPET 10000 9366 SNIPPET_NOT_RELEVANT b'182774'
ACTION SNIPPET 10000 9369 SNIPPET_NOT_RELEVANT b'1660280'
ACTION SNIPPET 10000 9372 SNIPPET_RELEVANT b'1492203'
ACTION DOC 10000 9392 EXAMINING_DOCUMENT b'1492203'
ACTION MARK 10000 9395 CONSIDERED_RELEVANT b'1492203'
ACTION SNIPPET 10000 9398 SEEN_PREVIOUSLY b'678215'
ACTION SNIPPET 10000 9401 SEEN_PREVIOUSLY b'159599'
ACTION SNIPPET 10000 9404 SEEN_PREVIOUSLY b'77703'
ACTION SNIPPET 10000 9407 SEEN_PREVIOUSLY b'716704'
ACTION SNIPPET 10000 9410 SNIPPET_NOT_RELEVANT b'932483'
ACTION SNIPPET 10000 9413 SEEN_PREVIOUSLY b'621721'
ACTION SNIPPET 10000 9416 SEEN_PREVIOUSLY b'85242'
ACTION SNIPPET 10000 9419 SEEN_PREVIOUSLY b'716128'
ACTION SNIPPET 10000 9422 SEEN_PREVIOUSLY b'128684'
ACTION SNIPPET 10000 9425 SNIPPET_RELEVANT b'494971'
ACTION DOC 10000 9445 EXAMINING_DOCUMENT b'494971'
ACTION QUERY 10000 9455 u s investment africa opposite
ACTION SERP 10000 9460 EXAMINE_SERP
ACTION SNIPPET 10000 9463 SNIPPET_NOT_RELEVANT b'326830'
ACTION SNIPPET 10000 9466 SEEN_PREVIOUSLY b'81713'
ACTION SNIPPET 10000 9469 SEEN_PREVIOUSLY b'26277'
ACTION SNIPPET 10000 9472 SEEN_PREVIOUSLY b'159599'
ACTION SNIPPET 10000 9475 SEEN_PREVIOUSLY b'944065'
ACTION SNIPPET 10000 9478 SEEN_PREVIOUSLY b'141893'
ACTION SNIPPET 10000 9481 SNIPPET_NOT_RELEVANT b'1003454'
ACTION SNIPPET 10000 9484 SNIPPET_RELEVANT b'15317'
ACTION DOC 10000 9504 EXAMINING_DOCUMENT b'15317'
ACTION SNIPPET 10000 9507 SNIPPET_RELEVANT b'1348842'
ACTION DOC 10000 9527 EXAMINING_DOCUMENT b'1348842'
ACTION QUERY 10000 9537 u s investment africa activity
ACTION SERP 10000 9542 EXAMINE_SERP
ACTION SNIPPET 10000 9545 SEEN_PREVIOUSLY b'334606'
ACTION SNIPPET 10000 9548 SEEN_PREVIOUSLY b'621721'
ACTION SNIPPET 10000 9551 SEEN_PREVIOUSLY b'47557'
ACTION SNIPPET 10000 9554 SEEN_PREVIOUSLY b'636543'
ACTION SNIPPET 10000 9557 SEEN_PREVIOUSLY b'141893'
ACTION SNIPPET 10000 9560 SEEN_PREVIOUSLY b'352981'
ACTION SNIPPET 10000 9563 SEEN_PREVIOUSLY b'202787'
ACTION SNIPPET 10000 9566 SEEN_PREVIOUSLY b'496300'
ACTION SNIPPET 10000 9569 SEEN_PREVIOUSLY b'619819'
ACTION SNIPPET 10000 9572 SEEN_PREVIOUSLY b'678215'
ACTION SNIPPET 10000 9575 SEEN_PREVIOUSLY b'462481'
ACTION SNIPPET 10000 9578 SEEN_PREVIOUSLY b'426433'
ACTION SNIPPET 10000 9581 SNIPPET_NOT_RELEVANT b'1641825'
ACTION SNIPPET 10000 9584 SEEN_PREVIOUSLY b'745673'
ACTION SNIPPET 10000 9587 SEEN_PREVIOUSLY b'1403157'
ACTION QUERY 10000 9597 u s investment africa died
ACTION SERP 10000 9602 EXAMINE_SERP
ACTION SNIPPET 10000 9605 SEEN_PREVIOUSLY b'909406'
ACTION SNIPPET 10000 9608 SNIPPET_RELEVANT b'361452'
ACTION DOC 10000 9628 EXAMINING_DOCUMENT b'361452'
ACTION SNIPPET 10000 9631 SEEN_PREVIOUSLY b'716128'
ACTION SNIPPET 10000 9634 SEEN_PREVIOUSLY b'652497'
ACTION SNIPPET 10000 9637 SNIPPET_NOT_RELEVANT b'193479'
ACTION SNIPPET 10000 9640 SNIPPET_RELEVANT b'317434'
ACTION DOC 10000 9660 EXAMINING_DOCUMENT b'317434'
ACTION QUERY 10000 9670 u s investment africa queens
ACTION SERP 10000 9675 EXAMINE_SERP
ACTION SNIPPET 10000 9678 SNIPPET_RELEVANT b'750558'
ACTION DOC 10000 9698 EXAMINING_DOCUMENT b'750558'
ACTION SNIPPET 10000 9701 SNIPPET_RELEVANT b'1192781'
ACTION DOC 10000 9721 EXAMINING_DOCUMENT b'1192781'
ACTION QUERY 10000 9731 u s investment africa social
ACTION SERP 10000 9736 EXAMINE_SERP
ACTION SNIPPET 10000 9739 SEEN_PREVIOUSLY b'621721'
ACTION SNIPPET 10000 9742 SEEN_PREVIOUSLY b'606047'
ACTION SNIPPET 10000 9745 SEEN_PREVIOUSLY b'1306631'
ACTION SNIPPET 10000 9748 SEEN_PREVIOUSLY b'47557'
ACTION SNIPPET 10000 9751 SEEN_PREVIOUSLY b'745673'
ACTION SNIPPET 10000 9754 SNIPPET_NOT_RELEVANT b'609246'
ACTION SNIPPET 10000 9757 SEEN_PREVIOUSLY b'692050'
ACTION SNIPPET 10000 9760 SEEN_PREVIOUSLY b'202787'
ACTION SNIPPET 10000 9763 SEEN_PREVIOUSLY b'1006949'
ACTION SNIPPET 10000 9766 SNIPPET_NOT_RELEVANT b'24208'
ACTION SNIPPET 10000 9769 SNIPPET_RELEVANT b'59675'
ACTION DOC 10000 9789 EXAMINING_DOCUMENT b'59675'
ACTION QUERY 10000 9799 u s investment africa directly
ACTION SERP 10000 9804 EXAMINE_SERP
ACTION SNIPPET 10000 9807 SEEN_PREVIOUSLY b'173703'
ACTION SNIPPET 10000 9810 SEEN_PREVIOUSLY b'637425'
ACTION SNIPPET 10000 9813 SEEN_PREVIOUSLY b'334606'
ACTION SNIPPET 10000 9816 SEEN_PREVIOUSLY b'715631'
ACTION SNIPPET 10000 9819 SEEN_PREVIOUSLY b'1128638'
ACTION SNIPPET 10000 9822 SEEN_PREVIOUSLY b'151707'
ACTION SNIPPET 10000 9825 SEEN_PREVIOUSLY b'606047'
ACTION SNIPPET 10000 9828 SEEN_PREVIOUSLY b'149601'
ACTION SNIPPET 10000 9831 SNIPPET_NOT_RELEVANT b'78540'
ACTION SNIPPET 10000 9834 SEEN_PREVIOUSLY b'352981'
ACTION SNIPPET 10000 9837 SEEN_PREVIOUSLY b'153137'
ACTION SNIPPET 10000 9840 SEEN_PREVIOUSLY b'452421'
ACTION SNIPPET 10000 9843 SEEN_PREVIOUSLY b'1112303'
ACTION SNIPPET 10000 9846 SEEN_PREVIOUSLY b'1485287'
ACTION SNIPPET 10000 9849 SNIPPET_NOT_RELEVANT b'625922'
ACTION QUERY 10000 9859 u s investment africa injured
ACTION SERP 10000 9864 EXAMINE_SERP
ACTION SNIPPET 10000 9867 SEEN_PREVIOUSLY b'793940'
ACTION SNIPPET 10000 9870 SEEN_PREVIOUSLY b'678215'
ACTION SNIPPET 10000 9873 SEEN_PREVIOUSLY b'159599'
ACTION SNIPPET 10000 9876 SEEN_PREVIOUSLY b'77703'
ACTION SNIPPET 10000 9879 SEEN_PREVIOUSLY b'716704'
ACTION SNIPPET 10000 9882 SEEN_PREVIOUSLY b'621721'
ACTION SNIPPET 10000 9885 SEEN_PREVIOUSLY b'85242'
ACTION SNIPPET 10000 9888 SEEN_PREVIOUSLY b'1532697'
ACTION SNIPPET 10000 9891 SEEN_PREVIOUSLY b'716128'
ACTION SNIPPET 10000 9894 SEEN_PREVIOUSLY b'128684'
ACTION SNIPPET 10000 9897 SEEN_PREVIOUSLY b'636543'
ACTION SNIPPET 10000 9900 SEEN_PREVIOUSLY b'115746'
ACTION SNIPPET 10000 9903 SNIPPET_NOT_RELEVANT b'1576318'
ACTION SNIPPET 10000 9906 SNIPPET_NOT_RELEVANT b'1608120'
ACTION SNIPPET 10000 9909 SNIPPET_NOT_RELEVANT b'1513651'
ACTION QUERY 10000 9919 u s investment africa wounded
ACTION SERP 10000 9924 EXAMINE_SERP
ACTION SNIPPET 10000 9927 SNIPPET_RELEVANT b'82546'
ACTION DOC 10000 9947 EXAMINING_DOCUMENT b'82546'
ACTION SNIPPET 10000 9950 SEEN_PREVIOUSLY b'459667'
ACTION SNIPPET 10000 9953 SNIPPET_NOT_RELEVANT b'69035'
ACTION SNIPPET 10000 9956 SNIPPET_RELEVANT b'169024'
ACTION DOC 10000 9976 EXAMINING_DOCUMENT b'169024'
ACTION QUERY 10000 9986 u s investment africa clarey
ACTION SERP 10000 9991 EXAMINE_SERP
ACTION SNIPPET 10000 9994 SNIPPET_NOT_RELEVANT b'836817'
ACTION SNIPPET 10000 9997 SNIPPET_NOT_RELEVANT b'860064'
ACTION SNIPPET 10000 10000 SNIPPET_NOT_RELEVANT b'1724719'
INFO SUMMARY 
INFO TOTAL_QUERIES_ISSUED 101
INFO TOTAL_SNIPPETS_EXAMINED 996
INFO TOTAL_DOCUMENTS_EXAMINED 263
INFO TOTAL_DOCUMENTS_MARKED_RELEVANT 79
INFO TOTAL_ATTRACTIVE_SERP_IMPRESSIONS 101
INFO TOTAL_UNATTRACTIVE_SERP_IMPRESSIONS 0
