ACTION QUERY 10000 10 human smuggling
ACTION SERP 10000 15 EXAMINE_SERP
ACTION SNIPPET 10000 18 SNIPPET_RELEVANT b'1574025'
ACTION DOC 10000 38 EXAMINING_DOCUMENT b'1574025'
ACTION MARK 10000 41 CONSIDERED_RELEVANT b'1574025'
ACTION SNIPPET 10000 44 SNIPPET_RELEVANT b'247846'
ACTION DOC 10000 64 EXAMINING_DOCUMENT b'247846'
ACTION MARK 10000 67 CONSIDERED_RELEVANT b'247846'
ACTION SNIPPET 10000 70 SNIPPET_RELEVANT b'616288'
ACTION DOC 10000 90 EXAMINING_DOCUMENT b'616288'
ACTION SNIPPET 10000 93 SNIPPET_RELEVANT b'515645'
ACTION DOC 10000 113 EXAMINING_DOCUMENT b'515645'
ACTION MARK 10000 116 CONSIDERED_RELEVANT b'515645'
ACTION SNIPPET 10000 119 SNIPPET_RELEVANT b'631808'
ACTION DOC 10000 139 EXAMINING_DOCUMENT b'631808'
ACTION MARK 10000 142 CONSIDERED_RELEVANT b'631808'
ACTION SNIPPET 10000 145 SNIPPET_RELEVANT b'1840937'
ACTION DOC 10000 165 EXAMINING_DOCUMENT b'1840937'
ACTION MARK 10000 168 CONSIDERED_RELEVANT b'1840937'
ACTION SNIPPET 10000 171 SNIPPET_RELEVANT b'1534492'
ACTION DOC 10000 191 EXAMINING_DOCUMENT b'1534492'
ACTION MARK 10000 194 CONSIDERED_RELEVANT b'1534492'
ACTION SNIPPET 10000 197 SNIPPET_RELEVANT b'289234'
ACTION DOC 10000 217 EXAMINING_DOCUMENT b'289234'
ACTION MARK 10000 220 CONSIDERED_RELEVANT b'289234'
ACTION SNIPPET 10000 223 SNIPPET_RELEVANT b'1765033'
ACTION DOC 10000 243 EXAMINING_DOCUMENT b'1765033'
ACTION SNIPPET 10000 246 SNIPPET_RELEVANT b'279302'
ACTION DOC 10000 266 EXAMINING_DOCUMENT b'279302'
ACTION SNIPPET 10000 269 SNIPPET_RELEVANT b'1758704'
ACTION DOC 10000 289 EXAMINING_DOCUMENT b'1758704'
ACTION MARK 10000 292 CONSIDERED_RELEVANT b'1758704'
ACTION SNIPPET 10000 295 SNIPPET_RELEVANT b'1193567'
ACTION DOC 10000 315 EXAMINING_DOCUMENT b'1193567'
ACTION MARK 10000 318 CONSIDERED_RELEVANT b'1193567'
ACTION SNIPPET 10000 321 SNIPPET_NOT_RELEVANT b'1511702'
ACTION SNIPPET 10000 324 SNIPPET_RELEVANT b'699231'
ACTION DOC 10000 344 EXAMINING_DOCUMENT b'699231'
ACTION MARK 10000 347 CONSIDERED_RELEVANT b'699231'
ACTION SNIPPET 10000 350 SNIPPET_NOT_RELEVANT b'1684351'
ACTION SNIPPET 10000 353 SNIPPET_RELEVANT b'1819859'
ACTION DOC 10000 373 EXAMINING_DOCUMENT b'1819859'
ACTION MARK 10000 376 CONSIDERED_RELEVANT b'1819859'
ACTION SNIPPET 10000 379 SNIPPET_RELEVANT b'1168056'
ACTION DOC 10000 399 EXAMINING_DOCUMENT b'1168056'
ACTION MARK 10000 402 CONSIDERED_RELEVANT b'1168056'
ACTION SNIPPET 10000 405 SNIPPET_NOT_RELEVANT b'1002865'
ACTION SNIPPET 10000 408 SNIPPET_RELEVANT b'1680238'
ACTION DOC 10000 428 EXAMINING_DOCUMENT b'1680238'
ACTION MARK 10000 431 CONSIDERED_RELEVANT b'1680238'
ACTION SNIPPET 10000 434 SNIPPET_RELEVANT b'687522'
ACTION DOC 10000 454 EXAMINING_DOCUMENT b'687522'
ACTION MARK 10000 457 CONSIDERED_RELEVANT b'687522'
ACTION SNIPPET 10000 460 SNIPPET_RELEVANT b'1081949'
ACTION DOC 10000 480 EXAMINING_DOCUMENT b'1081949'
ACTION MARK 10000 483 CONSIDERED_RELEVANT b'1081949'
ACTION SNIPPET 10000 486 SNIPPET_RELEVANT b'809795'
ACTION DOC 10000 506 EXAMINING_DOCUMENT b'809795'
ACTION MARK 10000 509 CONSIDERED_RELEVANT b'809795'
ACTION SNIPPET 10000 512 SNIPPET_RELEVANT b'857510'
ACTION DOC 10000 532 EXAMINING_DOCUMENT b'857510'
ACTION SNIPPET 10000 535 SNIPPET_RELEVANT b'567649'
ACTION DOC 10000 555 EXAMINING_DOCUMENT b'567649'
ACTION MARK 10000 558 CONSIDERED_RELEVANT b'567649'
ACTION SNIPPET 10000 561 SNIPPET_RELEVANT b'1853995'
ACTION DOC 10000 581 EXAMINING_DOCUMENT b'1853995'
ACTION MARK 10000 584 CONSIDERED_RELEVANT b'1853995'
ACTION SNIPPET 10000 587 SNIPPET_RELEVANT b'1443307'
ACTION DOC 10000 607 EXAMINING_DOCUMENT b'1443307'
ACTION MARK 10000 610 CONSIDERED_RELEVANT b'1443307'
ACTION SNIPPET 10000 613 SNIPPET_RELEVANT b'616968'
ACTION DOC 10000 633 EXAMINING_DOCUMENT b'616968'
ACTION MARK 10000 636 CONSIDERED_RELEVANT b'616968'
ACTION SNIPPET 10000 639 SNIPPET_RELEVANT b'1673227'
ACTION DOC 10000 659 EXAMINING_DOCUMENT b'1673227'
ACTION MARK 10000 662 CONSIDERED_RELEVANT b'1673227'
ACTION SNIPPET 10000 665 SNIPPET_RELEVANT b'1166902'
ACTION DOC 10000 685 EXAMINING_DOCUMENT b'1166902'
ACTION SNIPPET 10000 688 SNIPPET_NOT_RELEVANT b'1836875'
ACTION SNIPPET 10000 691 SNIPPET_RELEVANT b'1033781'
ACTION DOC 10000 711 EXAMINING_DOCUMENT b'1033781'
ACTION SNIPPET 10000 714 SNIPPET_NOT_RELEVANT b'1068812'
ACTION QUERY 10000 724 human smuggling realize
ACTION SERP 10000 729 EXAMINE_SERP
ACTION SNIPPET 10000 732 SEEN_PREVIOUSLY b'1819859'
ACTION SNIPPET 10000 735 SNIPPET_RELEVANT b'552207'
ACTION DOC 10000 755 EXAMINING_DOCUMENT b'552207'
ACTION MARK 10000 758 CONSIDERED_RELEVANT b'552207'
ACTION SNIPPET 10000 761 SNIPPET_NOT_RELEVANT b'1021621'
ACTION SNIPPET 10000 764 SEEN_PREVIOUSLY b'1574025'
ACTION SNIPPET 10000 767 SEEN_PREVIOUSLY b'247846'
ACTION SNIPPET 10000 770 SNIPPET_RELEVANT b'1655633'
ACTION DOC 10000 790 EXAMINING_DOCUMENT b'1655633'
ACTION MARK 10000 793 CONSIDERED_RELEVANT b'1655633'
ACTION SNIPPET 10000 796 SNIPPET_RELEVANT b'630790'
ACTION DOC 10000 816 EXAMINING_DOCUMENT b'630790'
ACTION MARK 10000 819 CONSIDERED_RELEVANT b'630790'
ACTION SNIPPET 10000 822 SEEN_PREVIOUSLY b'616288'
ACTION SNIPPET 10000 825 SEEN_PREVIOUSLY b'515645'
ACTION SNIPPET 10000 828 SEEN_PREVIOUSLY b'631808'
ACTION SNIPPET 10000 831 SNIPPET_NOT_RELEVANT b'883400'
ACTION SNIPPET 10000 834 SEEN_PREVIOUSLY b'1840937'
ACTION SNIPPET 10000 837 SNIPPET_RELEVANT b'1317613'
ACTION DOC 10000 857 EXAMINING_DOCUMENT b'1317613'
ACTION MARK 10000 860 CONSIDERED_RELEVANT b'1317613'
ACTION SNIPPET 10000 863 SEEN_PREVIOUSLY b'1534492'
ACTION SNIPPET 10000 866 SNIPPET_NOT_RELEVANT b'758632'
ACTION SNIPPET 10000 869 SEEN_PREVIOUSLY b'289234'
ACTION SNIPPET 10000 872 SNIPPET_RELEVANT b'614393'
ACTION DOC 10000 892 EXAMINING_DOCUMENT b'614393'
ACTION MARK 10000 895 CONSIDERED_RELEVANT b'614393'
ACTION SNIPPET 10000 898 SEEN_PREVIOUSLY b'1765033'
ACTION SNIPPET 10000 901 SEEN_PREVIOUSLY b'279302'
ACTION SNIPPET 10000 904 SNIPPET_NOT_RELEVANT b'630545'
ACTION SNIPPET 10000 907 SEEN_PREVIOUSLY b'1758704'
ACTION SNIPPET 10000 910 SEEN_PREVIOUSLY b'1193567'
ACTION SNIPPET 10000 913 SNIPPET_NOT_RELEVANT b'1511702'
ACTION SNIPPET 10000 916 SNIPPET_NOT_RELEVANT b'183848'
ACTION SNIPPET 10000 919 SEEN_PREVIOUSLY b'699231'
ACTION SNIPPET 10000 922 SNIPPET_RELEVANT b'1224500'
ACTION DOC 10000 942 EXAMINING_DOCUMENT b'1224500'
ACTION SNIPPET 10000 945 SNIPPET_RELEVANT b'1684351'
ACTION DOC 10000 965 EXAMINING_DOCUMENT b'1684351'
ACTION QUERY 10000 975 human smuggling incident
ACTION SERP 10000 980 EXAMINE_SERP
ACTION SNIPPET 10000 983 SEEN_PREVIOUSLY b'1081949'
ACTION SNIPPET 10000 986 SNIPPET_NOT_RELEVANT b'1073229'
ACTION SNIPPET 10000 989 SNIPPET_RELEVANT b'1377751'
ACTION DOC 10000 1009 EXAMINING_DOCUMENT b'1377751'
ACTION SNIPPET 10000 1012 SNIPPET_NOT_RELEVANT b'256746'
ACTION SNIPPET 10000 1015 SNIPPET_RELEVANT b'1168052'
ACTION DOC 10000 1035 EXAMINING_DOCUMENT b'1168052'
ACTION MARK 10000 1038 CONSIDERED_RELEVANT b'1168052'
ACTION SNIPPET 10000 1041 SEEN_PREVIOUSLY b'515645'
ACTION SNIPPET 10000 1044 SEEN_PREVIOUSLY b'1534492'
ACTION SNIPPET 10000 1047 SNIPPET_NOT_RELEVANT b'5305'
ACTION SNIPPET 10000 1050 SNIPPET_NOT_RELEVANT b'5305'
ACTION SNIPPET 10000 1053 SNIPPET_RELEVANT b'1444168'
ACTION DOC 10000 1073 EXAMINING_DOCUMENT b'1444168'
ACTION MARK 10000 1076 CONSIDERED_RELEVANT b'1444168'
ACTION SNIPPET 10000 1079 SNIPPET_RELEVANT b'860723'
ACTION DOC 10000 1099 EXAMINING_DOCUMENT b'860723'
ACTION SNIPPET 10000 1102 SNIPPET_RELEVANT b'1071540'
ACTION DOC 10000 1122 EXAMINING_DOCUMENT b'1071540'
ACTION SNIPPET 10000 1125 SEEN_PREVIOUSLY b'1443307'
ACTION SNIPPET 10000 1128 SNIPPET_NOT_RELEVANT b'114681'
ACTION QUERY 10000 1138 human smuggling gain
ACTION SERP 10000 1143 EXAMINE_SERP
ACTION SNIPPET 10000 1146 SEEN_PREVIOUSLY b'631808'
ACTION SNIPPET 10000 1149 SNIPPET_NOT_RELEVANT b'1169189'
ACTION SNIPPET 10000 1152 SNIPPET_NOT_RELEVANT b'318699'
ACTION SNIPPET 10000 1155 SEEN_PREVIOUSLY b'1574025'
ACTION SNIPPET 10000 1158 SNIPPET_NOT_RELEVANT b'1068812'
ACTION SNIPPET 10000 1161 SEEN_PREVIOUSLY b'247846'
ACTION SNIPPET 10000 1164 SNIPPET_RELEVANT b'1030954'
ACTION DOC 10000 1184 EXAMINING_DOCUMENT b'1030954'
ACTION MARK 10000 1187 CONSIDERED_RELEVANT b'1030954'
ACTION SNIPPET 10000 1190 SNIPPET_RELEVANT b'802946'
ACTION DOC 10000 1210 EXAMINING_DOCUMENT b'802946'
ACTION MARK 10000 1213 CONSIDERED_RELEVANT b'802946'
ACTION SNIPPET 10000 1216 SNIPPET_RELEVANT b'802637'
ACTION DOC 10000 1236 EXAMINING_DOCUMENT b'802637'
ACTION MARK 10000 1239 CONSIDERED_RELEVANT b'802637'
ACTION SNIPPET 10000 1242 SNIPPET_RELEVANT b'1337224'
ACTION DOC 10000 1262 EXAMINING_DOCUMENT b'1337224'
ACTION MARK 10000 1265 CONSIDERED_RELEVANT b'1337224'
ACTION SNIPPET 10000 1268 SNIPPET_NOT_RELEVANT b'1517790'
ACTION SNIPPET 10000 1271 SEEN_PREVIOUSLY b'616288'
ACTION SNIPPET 10000 1274 SEEN_PREVIOUSLY b'515645'
ACTION SNIPPET 10000 1277 SEEN_PREVIOUSLY b'1840937'
ACTION SNIPPET 10000 1280 SNIPPET_RELEVANT b'1659485'
ACTION DOC 10000 1300 EXAMINING_DOCUMENT b'1659485'
ACTION MARK 10000 1303 CONSIDERED_RELEVANT b'1659485'
ACTION SNIPPET 10000 1306 SEEN_PREVIOUSLY b'1534492'
ACTION SNIPPET 10000 1309 SNIPPET_NOT_RELEVANT b'750128'
ACTION SNIPPET 10000 1312 SEEN_PREVIOUSLY b'289234'
ACTION SNIPPET 10000 1315 SNIPPET_NOT_RELEVANT b'1243512'
ACTION SNIPPET 10000 1318 SEEN_PREVIOUSLY b'1765033'
ACTION SNIPPET 10000 1321 SEEN_PREVIOUSLY b'279302'
ACTION SNIPPET 10000 1324 SEEN_PREVIOUSLY b'1758704'
ACTION SNIPPET 10000 1327 SNIPPET_NOT_RELEVANT b'665252'
ACTION SNIPPET 10000 1330 SEEN_PREVIOUSLY b'1193567'
ACTION SNIPPET 10000 1333 SNIPPET_NOT_RELEVANT b'1511702'
ACTION SNIPPET 10000 1336 SEEN_PREVIOUSLY b'699231'
ACTION SNIPPET 10000 1339 SEEN_PREVIOUSLY b'1684351'
ACTION SNIPPET 10000 1342 SNIPPET_NOT_RELEVANT b'630420'
ACTION SNIPPET 10000 1345 SEEN_PREVIOUSLY b'1819859'
ACTION SNIPPET 10000 1348 SEEN_PREVIOUSLY b'1168056'
ACTION SNIPPET 10000 1351 SNIPPET_NOT_RELEVANT b'1002865'
ACTION SNIPPET 10000 1354 SEEN_PREVIOUSLY b'1680238'
ACTION QUERY 10000 1364 human smuggling willing
ACTION SERP 10000 1369 EXAMINE_SERP
ACTION SNIPPET 10000 1372 SEEN_PREVIOUSLY b'1574025'
ACTION SNIPPET 10000 1375 SEEN_PREVIOUSLY b'247846'
ACTION SNIPPET 10000 1378 SEEN_PREVIOUSLY b'515645'
ACTION SNIPPET 10000 1381 SEEN_PREVIOUSLY b'616288'
ACTION SNIPPET 10000 1384 SEEN_PREVIOUSLY b'1534492'
ACTION SNIPPET 10000 1387 SEEN_PREVIOUSLY b'631808'
ACTION SNIPPET 10000 1390 SEEN_PREVIOUSLY b'1840937'
ACTION SNIPPET 10000 1393 SEEN_PREVIOUSLY b'1765033'
ACTION SNIPPET 10000 1396 SEEN_PREVIOUSLY b'289234'
ACTION SNIPPET 10000 1399 SEEN_PREVIOUSLY b'1758704'
ACTION SNIPPET 10000 1402 SEEN_PREVIOUSLY b'279302'
ACTION SNIPPET 10000 1405 SEEN_PREVIOUSLY b'1193567'
ACTION SNIPPET 10000 1408 SNIPPET_RELEVANT b'1511702'
ACTION DOC 10000 1428 EXAMINING_DOCUMENT b'1511702'
ACTION QUERY 10000 1438 human smuggling monetary
ACTION SERP 10000 1443 EXAMINE_SERP
ACTION SNIPPET 10000 1446 SNIPPET_NOT_RELEVANT b'915846'
ACTION SNIPPET 10000 1449 SEEN_PREVIOUSLY b'1574025'
ACTION SNIPPET 10000 1452 SEEN_PREVIOUSLY b'247846'
ACTION SNIPPET 10000 1455 SEEN_PREVIOUSLY b'616288'
ACTION SNIPPET 10000 1458 SEEN_PREVIOUSLY b'515645'
ACTION SNIPPET 10000 1461 SEEN_PREVIOUSLY b'631808'
ACTION SNIPPET 10000 1464 SEEN_PREVIOUSLY b'1840937'
ACTION SNIPPET 10000 1467 SEEN_PREVIOUSLY b'1534492'
ACTION SNIPPET 10000 1470 SEEN_PREVIOUSLY b'289234'
ACTION SNIPPET 10000 1473 SEEN_PREVIOUSLY b'1765033'
ACTION SNIPPET 10000 1476 SEEN_PREVIOUSLY b'279302'
ACTION SNIPPET 10000 1479 SEEN_PREVIOUSLY b'1758704'
ACTION SNIPPET 10000 1482 SEEN_PREVIOUSLY b'1193567'
ACTION SNIPPET 10000 1485 SEEN_PREVIOUSLY b'1511702'
ACTION SNIPPET 10000 1488 SNIPPET_RELEVANT b'1839926'
ACTION DOC 10000 1508 EXAMINING_DOCUMENT b'1839926'
ACTION QUERY 10000 1518 human smuggling smuggled
ACTION SERP 10000 1523 EXAMINE_SERP
ACTION SNIPPET 10000 1526 SEEN_PREVIOUSLY b'1574025'
ACTION SNIPPET 10000 1529 SEEN_PREVIOUSLY b'247846'
ACTION SNIPPET 10000 1532 SEEN_PREVIOUSLY b'616288'
ACTION SNIPPET 10000 1535 SEEN_PREVIOUSLY b'515645'
ACTION SNIPPET 10000 1538 SEEN_PREVIOUSLY b'1534492'
ACTION SNIPPET 10000 1541 SEEN_PREVIOUSLY b'631808'
ACTION SNIPPET 10000 1544 SEEN_PREVIOUSLY b'1758704'
ACTION SNIPPET 10000 1547 SEEN_PREVIOUSLY b'1840937'
ACTION SNIPPET 10000 1550 SEEN_PREVIOUSLY b'699231'
ACTION SNIPPET 10000 1553 SEEN_PREVIOUSLY b'1193567'
ACTION SNIPPET 10000 1556 SEEN_PREVIOUSLY b'687522'
ACTION SNIPPET 10000 1559 SEEN_PREVIOUSLY b'1765033'
ACTION SNIPPET 10000 1562 SEEN_PREVIOUSLY b'289234'
ACTION SNIPPET 10000 1565 SEEN_PREVIOUSLY b'809795'
ACTION SNIPPET 10000 1568 SEEN_PREVIOUSLY b'1511702'
ACTION QUERY 10000 1578 human smuggling incidents
ACTION SERP 10000 1583 EXAMINE_SERP
ACTION SNIPPET 10000 1586 SEEN_PREVIOUSLY b'1081949'
ACTION SNIPPET 10000 1589 SNIPPET_RELEVANT b'1073229'
ACTION DOC 10000 1609 EXAMINING_DOCUMENT b'1073229'
ACTION MARK 10000 1612 CONSIDERED_RELEVANT b'1073229'
ACTION SNIPPET 10000 1615 SEEN_PREVIOUSLY b'1377751'
ACTION SNIPPET 10000 1618 SNIPPET_RELEVANT b'256746'
ACTION DOC 10000 1638 EXAMINING_DOCUMENT b'256746'
ACTION SNIPPET 10000 1641 SEEN_PREVIOUSLY b'1168052'
ACTION SNIPPET 10000 1644 SEEN_PREVIOUSLY b'515645'
ACTION SNIPPET 10000 1647 SEEN_PREVIOUSLY b'1534492'
ACTION SNIPPET 10000 1650 SNIPPET_RELEVANT b'5305'
ACTION DOC 10000 1670 EXAMINING_DOCUMENT b'5305'
ACTION QUERY 10000 1680 human smuggling humans
ACTION SERP 10000 1685 EXAMINE_SERP
ACTION SNIPPET 10000 1688 SEEN_PREVIOUSLY b'247846'
ACTION SNIPPET 10000 1691 SEEN_PREVIOUSLY b'1574025'
ACTION SNIPPET 10000 1694 SEEN_PREVIOUSLY b'279302'
ACTION SNIPPET 10000 1697 SEEN_PREVIOUSLY b'289234'
ACTION SNIPPET 10000 1700 SEEN_PREVIOUSLY b'1840937'
ACTION SNIPPET 10000 1703 SEEN_PREVIOUSLY b'515645'
ACTION SNIPPET 10000 1706 SEEN_PREVIOUSLY b'631808'
ACTION SNIPPET 10000 1709 SEEN_PREVIOUSLY b'1765033'
ACTION SNIPPET 10000 1712 SNIPPET_RELEVANT b'1002865'
ACTION DOC 10000 1732 EXAMINING_DOCUMENT b'1002865'
ACTION QUERY 10000 1742 human smuggling least
ACTION SERP 10000 1747 EXAMINE_SERP
ACTION SNIPPET 10000 1750 SEEN_PREVIOUSLY b'1840937'
ACTION SNIPPET 10000 1753 SEEN_PREVIOUSLY b'1168056'
ACTION SNIPPET 10000 1756 SEEN_PREVIOUSLY b'1534492'
ACTION SNIPPET 10000 1759 SEEN_PREVIOUSLY b'1002865'
ACTION SNIPPET 10000 1762 SEEN_PREVIOUSLY b'1819859'
ACTION SNIPPET 10000 1765 SEEN_PREVIOUSLY b'1684351'
ACTION SNIPPET 10000 1768 SNIPPET_RELEVANT b'1577621'
ACTION DOC 10000 1788 EXAMINING_DOCUMENT b'1577621'
ACTION MARK 10000 1791 CONSIDERED_RELEVANT b'1577621'
ACTION SNIPPET 10000 1794 SEEN_PREVIOUSLY b'1574025'
ACTION SNIPPET 10000 1797 SEEN_PREVIOUSLY b'247846'
ACTION SNIPPET 10000 1800 SNIPPET_RELEVANT b'1415631'
ACTION DOC 10000 1820 EXAMINING_DOCUMENT b'1415631'
ACTION MARK 10000 1823 CONSIDERED_RELEVANT b'1415631'
ACTION SNIPPET 10000 1826 SNIPPET_RELEVANT b'1517790'
ACTION DOC 10000 1846 EXAMINING_DOCUMENT b'1517790'
ACTION MARK 10000 1849 CONSIDERED_RELEVANT b'1517790'
ACTION SNIPPET 10000 1852 SEEN_PREVIOUSLY b'809795'
ACTION SNIPPET 10000 1855 SNIPPET_RELEVANT b'1527445'
ACTION DOC 10000 1875 EXAMINING_DOCUMENT b'1527445'
ACTION SNIPPET 10000 1878 SEEN_PREVIOUSLY b'1317613'
ACTION SNIPPET 10000 1881 SNIPPET_NOT_RELEVANT b'145910'
ACTION SNIPPET 10000 1884 SEEN_PREVIOUSLY b'1073229'
ACTION SNIPPET 10000 1887 SEEN_PREVIOUSLY b'616288'
ACTION SNIPPET 10000 1890 SNIPPET_NOT_RELEVANT b'1853992'
ACTION SNIPPET 10000 1893 SEEN_PREVIOUSLY b'515645'
ACTION SNIPPET 10000 1896 SEEN_PREVIOUSLY b'631808'
ACTION SNIPPET 10000 1899 SNIPPET_RELEVANT b'1658184'
ACTION DOC 10000 1919 EXAMINING_DOCUMENT b'1658184'
ACTION MARK 10000 1922 CONSIDERED_RELEVANT b'1658184'
ACTION SNIPPET 10000 1925 SEEN_PREVIOUSLY b'1030954'
ACTION SNIPPET 10000 1928 SEEN_PREVIOUSLY b'289234'
ACTION SNIPPET 10000 1931 SEEN_PREVIOUSLY b'1765033'
ACTION SNIPPET 10000 1934 SEEN_PREVIOUSLY b'279302'
ACTION SNIPPET 10000 1937 SEEN_PREVIOUSLY b'1758704'
ACTION SNIPPET 10000 1940 SEEN_PREVIOUSLY b'1193567'
ACTION SNIPPET 10000 1943 SNIPPET_NOT_RELEVANT b'1382432'
ACTION SNIPPET 10000 1946 SEEN_PREVIOUSLY b'1511702'
ACTION SNIPPET 10000 1949 SNIPPET_RELEVANT b'810161'
ACTION DOC 10000 1969 EXAMINING_DOCUMENT b'810161'
ACTION MARK 10000 1972 CONSIDERED_RELEVANT b'810161'
ACTION SNIPPET 10000 1975 SNIPPET_RELEVANT b'1738298'
ACTION DOC 10000 1995 EXAMINING_DOCUMENT b'1738298'
ACTION MARK 10000 1998 CONSIDERED_RELEVANT b'1738298'
ACTION SNIPPET 10000 2001 SNIPPET_NOT_RELEVANT b'1549273'
ACTION SNIPPET 10000 2004 SEEN_PREVIOUSLY b'699231'
ACTION SNIPPET 10000 2007 SNIPPET_RELEVANT b'568099'
ACTION DOC 10000 2027 EXAMINING_DOCUMENT b'568099'
ACTION MARK 10000 2030 CONSIDERED_RELEVANT b'568099'
ACTION SNIPPET 10000 2033 SEEN_PREVIOUSLY b'1659485'
ACTION SNIPPET 10000 2036 SNIPPET_RELEVANT b'616681'
ACTION DOC 10000 2056 EXAMINING_DOCUMENT b'616681'
ACTION SNIPPET 10000 2059 SNIPPET_RELEVANT b'1090875'
ACTION DOC 10000 2079 EXAMINING_DOCUMENT b'1090875'
ACTION MARK 10000 2082 CONSIDERED_RELEVANT b'1090875'
ACTION SNIPPET 10000 2085 SNIPPET_NOT_RELEVANT b'260985'
ACTION SNIPPET 10000 2088 SNIPPET_RELEVANT b'1416047'
ACTION DOC 10000 2108 EXAMINING_DOCUMENT b'1416047'
ACTION MARK 10000 2111 CONSIDERED_RELEVANT b'1416047'
ACTION SNIPPET 10000 2114 SEEN_PREVIOUSLY b'1680238'
ACTION SNIPPET 10000 2117 SEEN_PREVIOUSLY b'687522'
ACTION SNIPPET 10000 2120 SNIPPET_NOT_RELEVANT b'1496177'
ACTION SNIPPET 10000 2123 SNIPPET_RELEVANT b'1780672'
ACTION DOC 10000 2143 EXAMINING_DOCUMENT b'1780672'
ACTION SNIPPET 10000 2146 SEEN_PREVIOUSLY b'1081949'
ACTION SNIPPET 10000 2149 SNIPPET_RELEVANT b'758632'
ACTION DOC 10000 2169 EXAMINING_DOCUMENT b'758632'
ACTION MARK 10000 2172 CONSIDERED_RELEVANT b'758632'
ACTION SNIPPET 10000 2175 SNIPPET_RELEVANT b'888004'
ACTION DOC 10000 2195 EXAMINING_DOCUMENT b'888004'
ACTION SNIPPET 10000 2198 SNIPPET_RELEVANT b'1573014'
ACTION DOC 10000 2218 EXAMINING_DOCUMENT b'1573014'
ACTION MARK 10000 2221 CONSIDERED_RELEVANT b'1573014'
ACTION SNIPPET 10000 2224 SNIPPET_RELEVANT b'1663315'
ACTION DOC 10000 2244 EXAMINING_DOCUMENT b'1663315'
ACTION SNIPPET 10000 2247 SEEN_PREVIOUSLY b'614393'
ACTION SNIPPET 10000 2250 SEEN_PREVIOUSLY b'857510'
ACTION SNIPPET 10000 2253 SEEN_PREVIOUSLY b'567649'
ACTION SNIPPET 10000 2256 SNIPPET_RELEVANT b'1554180'
ACTION DOC 10000 2276 EXAMINING_DOCUMENT b'1554180'
ACTION QUERY 10000 2286 human smuggling shows
ACTION SERP 10000 2291 EXAMINE_SERP
ACTION SNIPPET 10000 2294 SEEN_PREVIOUSLY b'1534492'
ACTION SNIPPET 10000 2297 SEEN_PREVIOUSLY b'1574025'
ACTION SNIPPET 10000 2300 SEEN_PREVIOUSLY b'247846'
ACTION SNIPPET 10000 2303 SEEN_PREVIOUSLY b'1193567'
ACTION SNIPPET 10000 2306 SEEN_PREVIOUSLY b'1081949'
ACTION SNIPPET 10000 2309 SEEN_PREVIOUSLY b'1819859'
ACTION SNIPPET 10000 2312 SEEN_PREVIOUSLY b'1853995'
ACTION SNIPPET 10000 2315 SNIPPET_RELEVANT b'1126111'
ACTION DOC 10000 2335 EXAMINING_DOCUMENT b'1126111'
ACTION MARK 10000 2338 CONSIDERED_RELEVANT b'1126111'
ACTION SNIPPET 10000 2341 SNIPPET_NOT_RELEVANT b'1068812'
ACTION SNIPPET 10000 2344 SEEN_PREVIOUSLY b'809795'
ACTION SNIPPET 10000 2347 SEEN_PREVIOUSLY b'616288'
ACTION SNIPPET 10000 2350 SEEN_PREVIOUSLY b'515645'
ACTION SNIPPET 10000 2353 SEEN_PREVIOUSLY b'631808'
ACTION SNIPPET 10000 2356 SEEN_PREVIOUSLY b'1840937'
ACTION SNIPPET 10000 2359 SEEN_PREVIOUSLY b'1443307'
ACTION SNIPPET 10000 2362 SEEN_PREVIOUSLY b'289234'
ACTION SNIPPET 10000 2365 SEEN_PREVIOUSLY b'1765033'
ACTION SNIPPET 10000 2368 SEEN_PREVIOUSLY b'279302'
ACTION SNIPPET 10000 2371 SEEN_PREVIOUSLY b'1758704'
ACTION SNIPPET 10000 2374 SEEN_PREVIOUSLY b'1738298'
ACTION SNIPPET 10000 2377 SNIPPET_NOT_RELEVANT b'696532'
ACTION SNIPPET 10000 2380 SEEN_PREVIOUSLY b'1511702'
ACTION SNIPPET 10000 2383 SEEN_PREVIOUSLY b'699231'
ACTION SNIPPET 10000 2386 SEEN_PREVIOUSLY b'1337224'
ACTION SNIPPET 10000 2389 SNIPPET_NOT_RELEVANT b'1409554'
ACTION QUERY 10000 2399 human smuggling actions
ACTION SERP 10000 2404 EXAMINE_SERP
ACTION SNIPPET 10000 2407 SEEN_PREVIOUSLY b'1168056'
ACTION SNIPPET 10000 2410 SNIPPET_RELEVANT b'38285'
ACTION DOC 10000 2430 EXAMINING_DOCUMENT b'38285'
ACTION SNIPPET 10000 2433 SEEN_PREVIOUSLY b'1574025'
ACTION SNIPPET 10000 2436 SEEN_PREVIOUSLY b'247846'
ACTION SNIPPET 10000 2439 SNIPPET_NOT_RELEVANT b'1072146'
ACTION SNIPPET 10000 2442 SNIPPET_RELEVANT b'1515694'
ACTION DOC 10000 2462 EXAMINING_DOCUMENT b'1515694'
ACTION QUERY 10000 2472 human smuggling smugglers
ACTION SERP 10000 2477 EXAMINE_SERP
ACTION SNIPPET 10000 2480 SNIPPET_RELEVANT b'1232921'
ACTION DOC 10000 2500 EXAMINING_DOCUMENT b'1232921'
ACTION SNIPPET 10000 2503 SEEN_PREVIOUSLY b'699231'
ACTION SNIPPET 10000 2506 SNIPPET_NOT_RELEVANT b'1836875'
ACTION SNIPPET 10000 2509 SEEN_PREVIOUSLY b'1534492'
ACTION SNIPPET 10000 2512 SEEN_PREVIOUSLY b'1443307'
ACTION SNIPPET 10000 2515 SNIPPET_RELEVANT b'1021428'
ACTION DOC 10000 2535 EXAMINING_DOCUMENT b'1021428'
ACTION MARK 10000 2538 CONSIDERED_RELEVANT b'1021428'
ACTION SNIPPET 10000 2541 SEEN_PREVIOUSLY b'630790'
ACTION SNIPPET 10000 2544 SEEN_PREVIOUSLY b'1765033'
ACTION SNIPPET 10000 2547 SNIPPET_NOT_RELEVANT b'630545'
ACTION SNIPPET 10000 2550 SEEN_PREVIOUSLY b'1416047'
ACTION SNIPPET 10000 2553 SEEN_PREVIOUSLY b'687522'
ACTION SNIPPET 10000 2556 SEEN_PREVIOUSLY b'1073229'
ACTION SNIPPET 10000 2559 SNIPPET_NOT_RELEVANT b'696532'
ACTION SNIPPET 10000 2562 SEEN_PREVIOUSLY b'1574025'
ACTION SNIPPET 10000 2565 SEEN_PREVIOUSLY b'1673227'
ACTION SNIPPET 10000 2568 SEEN_PREVIOUSLY b'1511702'
ACTION SNIPPET 10000 2571 SEEN_PREVIOUSLY b'1840937'
ACTION SNIPPET 10000 2574 SEEN_PREVIOUSLY b'802946'
ACTION SNIPPET 10000 2577 SEEN_PREVIOUSLY b'802637'
ACTION SNIPPET 10000 2580 SNIPPET_RELEVANT b'1781734'
ACTION DOC 10000 2600 EXAMINING_DOCUMENT b'1781734'
ACTION MARK 10000 2603 CONSIDERED_RELEVANT b'1781734'
ACTION SNIPPET 10000 2606 SEEN_PREVIOUSLY b'1415631'
ACTION SNIPPET 10000 2609 SNIPPET_RELEVANT b'1233476'
ACTION DOC 10000 2629 EXAMINING_DOCUMENT b'1233476'
ACTION MARK 10000 2632 CONSIDERED_RELEVANT b'1233476'
ACTION SNIPPET 10000 2635 SEEN_PREVIOUSLY b'567649'
ACTION SNIPPET 10000 2638 SNIPPET_RELEVANT b'451716'
ACTION DOC 10000 2658 EXAMINING_DOCUMENT b'451716'
ACTION SNIPPET 10000 2661 SEEN_PREVIOUSLY b'1081949'
ACTION SNIPPET 10000 2664 SNIPPET_RELEVANT b'1414783'
ACTION DOC 10000 2684 EXAMINING_DOCUMENT b'1414783'
ACTION MARK 10000 2687 CONSIDERED_RELEVANT b'1414783'
ACTION SNIPPET 10000 2690 SNIPPET_RELEVANT b'591727'
ACTION DOC 10000 2710 EXAMINING_DOCUMENT b'591727'
ACTION SNIPPET 10000 2713 SNIPPET_NOT_RELEVANT b'686387'
ACTION SNIPPET 10000 2716 SNIPPET_RELEVANT b'1071356'
ACTION DOC 10000 2736 EXAMINING_DOCUMENT b'1071356'
ACTION MARK 10000 2739 CONSIDERED_RELEVANT b'1071356'
ACTION SNIPPET 10000 2742 SNIPPET_NOT_RELEVANT b'247190'
ACTION SNIPPET 10000 2745 SEEN_PREVIOUSLY b'1193567'
ACTION SNIPPET 10000 2748 SEEN_PREVIOUSLY b'1168056'
ACTION SNIPPET 10000 2751 SNIPPET_RELEVANT b'1352930'
ACTION DOC 10000 2771 EXAMINING_DOCUMENT b'1352930'
ACTION MARK 10000 2774 CONSIDERED_RELEVANT b'1352930'
ACTION SNIPPET 10000 2777 SEEN_PREVIOUSLY b'1168052'
ACTION SNIPPET 10000 2780 SNIPPET_RELEVANT b'883400'
ACTION DOC 10000 2800 EXAMINING_DOCUMENT b'883400'
ACTION SNIPPET 10000 2803 SNIPPET_RELEVANT b'882352'
ACTION DOC 10000 2823 EXAMINING_DOCUMENT b'882352'
ACTION MARK 10000 2826 CONSIDERED_RELEVANT b'882352'
ACTION SNIPPET 10000 2829 SNIPPET_RELEVANT b'227916'
ACTION DOC 10000 2849 EXAMINING_DOCUMENT b'227916'
ACTION MARK 10000 2852 CONSIDERED_RELEVANT b'227916'
ACTION SNIPPET 10000 2855 SNIPPET_RELEVANT b'1760592'
ACTION DOC 10000 2875 EXAMINING_DOCUMENT b'1760592'
ACTION SNIPPET 10000 2878 SNIPPET_NOT_RELEVANT b'1068812'
ACTION SNIPPET 10000 2881 SEEN_PREVIOUSLY b'631808'
ACTION SNIPPET 10000 2884 SNIPPET_NOT_RELEVANT b'889016'
ACTION SNIPPET 10000 2887 SEEN_PREVIOUSLY b'1680238'
ACTION SNIPPET 10000 2890 SNIPPET_RELEVANT b'952987'
ACTION DOC 10000 2910 EXAMINING_DOCUMENT b'952987'
ACTION QUERY 10000 2920 human smuggling custody
ACTION SERP 10000 2925 EXAMINE_SERP
ACTION SNIPPET 10000 2928 SEEN_PREVIOUSLY b'1840937'
ACTION SNIPPET 10000 2931 SEEN_PREVIOUSLY b'857510'
ACTION SNIPPET 10000 2934 SNIPPET_NOT_RELEVANT b'210235'
ACTION SNIPPET 10000 2937 SEEN_PREVIOUSLY b'552207'
ACTION SNIPPET 10000 2940 SEEN_PREVIOUSLY b'1081949'
ACTION SNIPPET 10000 2943 SEEN_PREVIOUSLY b'1758704'
ACTION SNIPPET 10000 2946 SEEN_PREVIOUSLY b'1414783'
ACTION SNIPPET 10000 2949 SNIPPET_RELEVANT b'686387'
ACTION DOC 10000 2969 EXAMINING_DOCUMENT b'686387'
ACTION MARK 10000 2972 CONSIDERED_RELEVANT b'686387'
ACTION SNIPPET 10000 2975 SEEN_PREVIOUSLY b'1030954'
ACTION SNIPPET 10000 2978 SEEN_PREVIOUSLY b'279302'
ACTION SNIPPET 10000 2981 SNIPPET_NOT_RELEVANT b'1351438'
ACTION SNIPPET 10000 2984 SEEN_PREVIOUSLY b'631808'
ACTION SNIPPET 10000 2987 SNIPPET_RELEVANT b'1040178'
ACTION DOC 10000 3007 EXAMINING_DOCUMENT b'1040178'
ACTION MARK 10000 3010 CONSIDERED_RELEVANT b'1040178'
ACTION SNIPPET 10000 3013 SNIPPET_NOT_RELEVANT b'949144'
ACTION SNIPPET 10000 3016 SNIPPET_RELEVANT b'288231'
ACTION DOC 10000 3036 EXAMINING_DOCUMENT b'288231'
ACTION SNIPPET 10000 3039 SNIPPET_RELEVANT b'541853'
ACTION DOC 10000 3059 EXAMINING_DOCUMENT b'541853'
ACTION SNIPPET 10000 3062 SNIPPET_NOT_RELEVANT b'950339'
ACTION QUERY 10000 3072 human smuggling issue
ACTION SERP 10000 3077 EXAMINE_SERP
ACTION SNIPPET 10000 3080 SEEN_PREVIOUSLY b'616288'
ACTION SNIPPET 10000 3083 SEEN_PREVIOUSLY b'699231'
ACTION SNIPPET 10000 3086 SEEN_PREVIOUSLY b'1574025'
ACTION SNIPPET 10000 3089 SEEN_PREVIOUSLY b'247846'
ACTION SNIPPET 10000 3092 SNIPPET_RELEVANT b'24009'
ACTION DOC 10000 3112 EXAMINING_DOCUMENT b'24009'
ACTION SNIPPET 10000 3115 SEEN_PREVIOUSLY b'1232921'
ACTION SNIPPET 10000 3118 SEEN_PREVIOUSLY b'515645'
ACTION SNIPPET 10000 3121 SEEN_PREVIOUSLY b'631808'
ACTION SNIPPET 10000 3124 SEEN_PREVIOUSLY b'1840937'
ACTION QUERY 10000 3134 human smuggling rushing
ACTION SERP 10000 3139 EXAMINE_SERP
ACTION SNIPPET 10000 3142 SEEN_PREVIOUSLY b'1655633'
ACTION SNIPPET 10000 3145 SEEN_PREVIOUSLY b'1574025'
ACTION SNIPPET 10000 3148 SEEN_PREVIOUSLY b'247846'
ACTION SNIPPET 10000 3151 SEEN_PREVIOUSLY b'810161'
ACTION SNIPPET 10000 3154 SEEN_PREVIOUSLY b'616288'
ACTION SNIPPET 10000 3157 SNIPPET_RELEVANT b'1636873'
ACTION DOC 10000 3177 EXAMINING_DOCUMENT b'1636873'
ACTION MARK 10000 3180 CONSIDERED_RELEVANT b'1636873'
ACTION SNIPPET 10000 3183 SEEN_PREVIOUSLY b'515645'
ACTION SNIPPET 10000 3186 SEEN_PREVIOUSLY b'631808'
ACTION SNIPPET 10000 3189 SEEN_PREVIOUSLY b'1840937'
ACTION SNIPPET 10000 3192 SEEN_PREVIOUSLY b'1534492'
ACTION SNIPPET 10000 3195 SEEN_PREVIOUSLY b'289234'
ACTION SNIPPET 10000 3198 SEEN_PREVIOUSLY b'1765033'
ACTION SNIPPET 10000 3201 SEEN_PREVIOUSLY b'279302'
ACTION SNIPPET 10000 3204 SEEN_PREVIOUSLY b'1758704'
ACTION SNIPPET 10000 3207 SEEN_PREVIOUSLY b'1193567'
ACTION SNIPPET 10000 3210 SEEN_PREVIOUSLY b'616681'
ACTION SNIPPET 10000 3213 SEEN_PREVIOUSLY b'1511702'
ACTION SNIPPET 10000 3216 SEEN_PREVIOUSLY b'699231'
ACTION SNIPPET 10000 3219 SNIPPET_RELEVANT b'1272235'
ACTION DOC 10000 3239 EXAMINING_DOCUMENT b'1272235'
ACTION QUERY 10000 3249 human smuggling suv
ACTION SERP 10000 3254 EXAMINE_SERP
ACTION SNIPPET 10000 3257 SNIPPET_NOT_RELEVANT b'1831721'
ACTION SNIPPET 10000 3260 SNIPPET_RELEVANT b'1174290'
ACTION DOC 10000 3280 EXAMINING_DOCUMENT b'1174290'
ACTION SNIPPET 10000 3283 SNIPPET_RELEVANT b'1584768'
ACTION DOC 10000 3303 EXAMINING_DOCUMENT b'1584768'
ACTION QUERY 10000 3313 human smuggling headed
ACTION SERP 10000 3318 EXAMINE_SERP
ACTION SNIPPET 10000 3321 SEEN_PREVIOUSLY b'616288'
ACTION SNIPPET 10000 3324 SEEN_PREVIOUSLY b'515645'
ACTION SNIPPET 10000 3327 SEEN_PREVIOUSLY b'1534492'
ACTION SNIPPET 10000 3330 SEEN_PREVIOUSLY b'857510'
ACTION SNIPPET 10000 3333 SNIPPET_NOT_RELEVANT b'1021621'
ACTION SNIPPET 10000 3336 SEEN_PREVIOUSLY b'1193567'
ACTION SNIPPET 10000 3339 SEEN_PREVIOUSLY b'1680238'
ACTION SNIPPET 10000 3342 SEEN_PREVIOUSLY b'1574025'
ACTION SNIPPET 10000 3345 SEEN_PREVIOUSLY b'616968'
ACTION SNIPPET 10000 3348 SNIPPET_RELEVANT b'1501576'
ACTION DOC 10000 3368 EXAMINING_DOCUMENT b'1501576'
ACTION QUERY 10000 3378 human smuggling street
ACTION SERP 10000 3383 EXAMINE_SERP
ACTION SNIPPET 10000 3386 SEEN_PREVIOUSLY b'631808'
ACTION SNIPPET 10000 3389 SEEN_PREVIOUSLY b'687522'
ACTION SNIPPET 10000 3392 SEEN_PREVIOUSLY b'1002865'
ACTION SNIPPET 10000 3395 SEEN_PREVIOUSLY b'1574025'
ACTION SNIPPET 10000 3398 SEEN_PREVIOUSLY b'247846'
ACTION SNIPPET 10000 3401 SEEN_PREVIOUSLY b'1517790'
ACTION SNIPPET 10000 3404 SEEN_PREVIOUSLY b'616288'
ACTION SNIPPET 10000 3407 SEEN_PREVIOUSLY b'515645'
ACTION SNIPPET 10000 3410 SNIPPET_NOT_RELEVANT b'1553625'
ACTION SNIPPET 10000 3413 SEEN_PREVIOUSLY b'1840937'
ACTION SNIPPET 10000 3416 SEEN_PREVIOUSLY b'1534492'
ACTION SNIPPET 10000 3419 SEEN_PREVIOUSLY b'289234'
ACTION SNIPPET 10000 3422 SNIPPET_RELEVANT b'1021621'
ACTION DOC 10000 3442 EXAMINING_DOCUMENT b'1021621'
ACTION MARK 10000 3445 CONSIDERED_RELEVANT b'1021621'
ACTION SNIPPET 10000 3448 SNIPPET_NOT_RELEVANT b'1298967'
ACTION SNIPPET 10000 3451 SEEN_PREVIOUSLY b'1765033'
ACTION SNIPPET 10000 3454 SEEN_PREVIOUSLY b'279302'
ACTION SNIPPET 10000 3457 SEEN_PREVIOUSLY b'1377751'
ACTION SNIPPET 10000 3460 SEEN_PREVIOUSLY b'1758704'
ACTION SNIPPET 10000 3463 SEEN_PREVIOUSLY b'1193567'
ACTION SNIPPET 10000 3466 SEEN_PREVIOUSLY b'1511702'
ACTION SNIPPET 10000 3469 SEEN_PREVIOUSLY b'699231'
ACTION SNIPPET 10000 3472 SNIPPET_RELEVANT b'945513'
ACTION DOC 10000 3492 EXAMINING_DOCUMENT b'945513'
ACTION MARK 10000 3495 CONSIDERED_RELEVANT b'945513'
ACTION SNIPPET 10000 3498 SEEN_PREVIOUSLY b'1684351'
ACTION SNIPPET 10000 3501 SEEN_PREVIOUSLY b'1819859'
ACTION SNIPPET 10000 3504 SNIPPET_NOT_RELEVANT b'1854171'
ACTION SNIPPET 10000 3507 SEEN_PREVIOUSLY b'1168056'
ACTION SNIPPET 10000 3510 SEEN_PREVIOUSLY b'1680238'
ACTION SNIPPET 10000 3513 SEEN_PREVIOUSLY b'616681'
ACTION SNIPPET 10000 3516 SEEN_PREVIOUSLY b'1081949'
ACTION SNIPPET 10000 3519 SEEN_PREVIOUSLY b'809795'
ACTION SNIPPET 10000 3522 SEEN_PREVIOUSLY b'758632'
ACTION SNIPPET 10000 3525 SEEN_PREVIOUSLY b'857510'
ACTION SNIPPET 10000 3528 SEEN_PREVIOUSLY b'567649'
ACTION SNIPPET 10000 3531 SEEN_PREVIOUSLY b'1853995'
ACTION SNIPPET 10000 3534 SNIPPET_NOT_RELEVANT b'578693'
ACTION SNIPPET 10000 3537 SEEN_PREVIOUSLY b'1443307'
ACTION SNIPPET 10000 3540 SEEN_PREVIOUSLY b'616968'
ACTION SNIPPET 10000 3543 SEEN_PREVIOUSLY b'614393'
ACTION SNIPPET 10000 3546 SEEN_PREVIOUSLY b'1673227'
ACTION QUERY 10000 3556 human smuggling difference
ACTION SERP 10000 3561 EXAMINE_SERP
ACTION SNIPPET 10000 3564 SEEN_PREVIOUSLY b'1574025'
ACTION SNIPPET 10000 3567 SNIPPET_RELEVANT b'1066583'
ACTION DOC 10000 3587 EXAMINING_DOCUMENT b'1066583'
ACTION SNIPPET 10000 3590 SEEN_PREVIOUSLY b'247846'
ACTION SNIPPET 10000 3593 SEEN_PREVIOUSLY b'616288'
ACTION SNIPPET 10000 3596 SEEN_PREVIOUSLY b'515645'
ACTION SNIPPET 10000 3599 SEEN_PREVIOUSLY b'631808'
ACTION SNIPPET 10000 3602 SEEN_PREVIOUSLY b'1840937'
ACTION SNIPPET 10000 3605 SEEN_PREVIOUSLY b'1534492'
ACTION SNIPPET 10000 3608 SNIPPET_RELEVANT b'949156'
ACTION DOC 10000 3628 EXAMINING_DOCUMENT b'949156'
ACTION QUERY 10000 3638 human smuggling executed
ACTION SERP 10000 3643 EXAMINE_SERP
ACTION SNIPPET 10000 3646 SEEN_PREVIOUSLY b'1819859'
ACTION SNIPPET 10000 3649 SEEN_PREVIOUSLY b'1002865'
ACTION SNIPPET 10000 3652 SEEN_PREVIOUSLY b'1658184'
ACTION SNIPPET 10000 3655 SEEN_PREVIOUSLY b'1193567'
ACTION SNIPPET 10000 3658 SEEN_PREVIOUSLY b'24009'
ACTION SNIPPET 10000 3661 SEEN_PREVIOUSLY b'1574025'
ACTION SNIPPET 10000 3664 SEEN_PREVIOUSLY b'616968'
ACTION SNIPPET 10000 3667 SEEN_PREVIOUSLY b'1168056'
ACTION SNIPPET 10000 3670 SEEN_PREVIOUSLY b'1021621'
ACTION SNIPPET 10000 3673 SEEN_PREVIOUSLY b'247846'
ACTION SNIPPET 10000 3676 SNIPPET_NOT_RELEVANT b'273235'
ACTION SNIPPET 10000 3679 SEEN_PREVIOUSLY b'1760592'
ACTION SNIPPET 10000 3682 SEEN_PREVIOUSLY b'1443307'
ACTION SNIPPET 10000 3685 SNIPPET_NOT_RELEVANT b'1553625'
ACTION SNIPPET 10000 3688 SNIPPET_RELEVANT b'1274980'
ACTION DOC 10000 3708 EXAMINING_DOCUMENT b'1274980'
ACTION QUERY 10000 3718 human smuggling family
ACTION SERP 10000 3723 EXAMINE_SERP
ACTION SNIPPET 10000 3726 SEEN_PREVIOUSLY b'289234'
ACTION SNIPPET 10000 3729 SEEN_PREVIOUSLY b'616288'
ACTION SNIPPET 10000 3732 SEEN_PREVIOUSLY b'515645'
ACTION SNIPPET 10000 3735 SEEN_PREVIOUSLY b'687522'
ACTION SNIPPET 10000 3738 SEEN_PREVIOUSLY b'1030954'
ACTION SNIPPET 10000 3741 SNIPPET_RELEVANT b'648295'
ACTION DOC 10000 3761 EXAMINING_DOCUMENT b'648295'
ACTION SNIPPET 10000 3764 SEEN_PREVIOUSLY b'1574025'
ACTION SNIPPET 10000 3767 SEEN_PREVIOUSLY b'1680238'
ACTION SNIPPET 10000 3770 SEEN_PREVIOUSLY b'247846'
ACTION QUERY 10000 3780 human smuggling wrong
ACTION SERP 10000 3785 EXAMINE_SERP
ACTION SNIPPET 10000 3788 SEEN_PREVIOUSLY b'1416047'
ACTION SNIPPET 10000 3791 SNIPPET_RELEVANT b'126058'
ACTION DOC 10000 3811 EXAMINING_DOCUMENT b'126058'
ACTION SNIPPET 10000 3814 SEEN_PREVIOUSLY b'1414783'
ACTION SNIPPET 10000 3817 SEEN_PREVIOUSLY b'1574025'
ACTION SNIPPET 10000 3820 SEEN_PREVIOUSLY b'247846'
ACTION SNIPPET 10000 3823 SNIPPET_RELEVANT b'1659677'
ACTION DOC 10000 3843 EXAMINING_DOCUMENT b'1659677'
ACTION QUERY 10000 3853 human smuggling meats
ACTION SERP 10000 3858 EXAMINE_SERP
ACTION SNIPPET 10000 3861 SEEN_PREVIOUSLY b'1352930'
ACTION SNIPPET 10000 3864 SNIPPET_NOT_RELEVANT b'357902'
ACTION SNIPPET 10000 3867 SNIPPET_RELEVANT b'1787776'
ACTION DOC 10000 3887 EXAMINING_DOCUMENT b'1787776'
ACTION SNIPPET 10000 3890 SNIPPET_RELEVANT b'243366'
ACTION DOC 10000 3910 EXAMINING_DOCUMENT b'243366'
ACTION QUERY 10000 3920 human smuggling vessel
ACTION SERP 10000 3925 EXAMINE_SERP
ACTION SNIPPET 10000 3928 SEEN_PREVIOUSLY b'567649'
ACTION SNIPPET 10000 3931 SEEN_PREVIOUSLY b'552207'
ACTION SNIPPET 10000 3934 SEEN_PREVIOUSLY b'1765033'
ACTION SNIPPET 10000 3937 SNIPPET_RELEVANT b'510341'
ACTION DOC 10000 3957 EXAMINING_DOCUMENT b'510341'
ACTION MARK 10000 3960 CONSIDERED_RELEVANT b'510341'
ACTION SNIPPET 10000 3963 SEEN_PREVIOUSLY b'1680238'
ACTION SNIPPET 10000 3966 SNIPPET_NOT_RELEVANT b'62199'
ACTION SNIPPET 10000 3969 SEEN_PREVIOUSLY b'1090875'
ACTION SNIPPET 10000 3972 SNIPPET_RELEVANT b'1371660'
ACTION DOC 10000 3992 EXAMINING_DOCUMENT b'1371660'
ACTION MARK 10000 3995 CONSIDERED_RELEVANT b'1371660'
ACTION SNIPPET 10000 3998 SEEN_PREVIOUSLY b'1021428'
ACTION SNIPPET 10000 4001 SNIPPET_RELEVANT b'1739188'
ACTION DOC 10000 4021 EXAMINING_DOCUMENT b'1739188'
ACTION SNIPPET 10000 4024 SNIPPET_NOT_RELEVANT b'1785068'
ACTION SNIPPET 10000 4027 SNIPPET_RELEVANT b'1024001'
ACTION DOC 10000 4047 EXAMINING_DOCUMENT b'1024001'
ACTION MARK 10000 4050 CONSIDERED_RELEVANT b'1024001'
ACTION SNIPPET 10000 4053 SNIPPET_RELEVANT b'613881'
ACTION DOC 10000 4073 EXAMINING_DOCUMENT b'613881'
ACTION MARK 10000 4076 CONSIDERED_RELEVANT b'613881'
ACTION SNIPPET 10000 4079 SNIPPET_RELEVANT b'1173779'
ACTION DOC 10000 4099 EXAMINING_DOCUMENT b'1173779'
ACTION SNIPPET 10000 4102 SNIPPET_NOT_RELEVANT b'622016'
ACTION SNIPPET 10000 4105 SEEN_PREVIOUSLY b'1193567'
ACTION SNIPPET 10000 4108 SEEN_PREVIOUSLY b'1073229'
ACTION SNIPPET 10000 4111 SNIPPET_NOT_RELEVANT b'1591733'
ACTION SNIPPET 10000 4114 SEEN_PREVIOUSLY b'614393'
ACTION SNIPPET 10000 4117 SNIPPET_NOT_RELEVANT b'1090896'
ACTION SNIPPET 10000 4120 SNIPPET_RELEVANT b'1044027'
ACTION DOC 10000 4140 EXAMINING_DOCUMENT b'1044027'
ACTION MARK 10000 4143 CONSIDERED_RELEVANT b'1044027'
ACTION SNIPPET 10000 4146 SEEN_PREVIOUSLY b'1066583'
ACTION SNIPPET 10000 4149 SNIPPET_RELEVANT b'845787'
ACTION DOC 10000 4169 EXAMINING_DOCUMENT b'845787'
ACTION SNIPPET 10000 4172 SNIPPET_NOT_RELEVANT b'722235'
ACTION SNIPPET 10000 4175 SEEN_PREVIOUSLY b'809795'
ACTION SNIPPET 10000 4178 SNIPPET_NOT_RELEVANT b'1035904'
ACTION SNIPPET 10000 4181 SNIPPET_NOT_RELEVANT b'706526'
ACTION SNIPPET 10000 4184 SNIPPET_NOT_RELEVANT b'575151'
ACTION SNIPPET 10000 4187 SNIPPET_NOT_RELEVANT b'180772'
ACTION SNIPPET 10000 4190 SNIPPET_NOT_RELEVANT b'312527'
ACTION SNIPPET 10000 4193 SNIPPET_NOT_RELEVANT b'1094799'
ACTION QUERY 10000 4203 human smuggling asylum
ACTION SERP 10000 4208 EXAMINE_SERP
ACTION SNIPPET 10000 4211 SNIPPET_NOT_RELEVANT b'615680'
ACTION SNIPPET 10000 4214 SEEN_PREVIOUSLY b'1232921'
ACTION SNIPPET 10000 4217 SNIPPET_RELEVANT b'614026'
ACTION DOC 10000 4237 EXAMINING_DOCUMENT b'614026'
ACTION MARK 10000 4240 CONSIDERED_RELEVANT b'614026'
ACTION SNIPPET 10000 4243 SNIPPET_RELEVANT b'1212432'
ACTION DOC 10000 4263 EXAMINING_DOCUMENT b'1212432'
ACTION MARK 10000 4266 CONSIDERED_RELEVANT b'1212432'
ACTION SNIPPET 10000 4269 SEEN_PREVIOUSLY b'758632'
ACTION SNIPPET 10000 4272 SEEN_PREVIOUSLY b'1233476'
ACTION SNIPPET 10000 4275 SNIPPET_RELEVANT b'613858'
ACTION DOC 10000 4295 EXAMINING_DOCUMENT b'613858'
ACTION MARK 10000 4298 CONSIDERED_RELEVANT b'613858'
ACTION SNIPPET 10000 4301 SNIPPET_RELEVANT b'630420'
ACTION DOC 10000 4321 EXAMINING_DOCUMENT b'630420'
ACTION MARK 10000 4324 CONSIDERED_RELEVANT b'630420'
ACTION SNIPPET 10000 4327 SEEN_PREVIOUSLY b'614393'
ACTION SNIPPET 10000 4330 SNIPPET_RELEVANT b'663467'
ACTION DOC 10000 4350 EXAMINING_DOCUMENT b'663467'
ACTION SNIPPET 10000 4353 SNIPPET_RELEVANT b'632840'
ACTION DOC 10000 4373 EXAMINING_DOCUMENT b'632840'
ACTION MARK 10000 4376 CONSIDERED_RELEVANT b'632840'
ACTION SNIPPET 10000 4379 SNIPPET_RELEVANT b'27850'
ACTION DOC 10000 4399 EXAMINING_DOCUMENT b'27850'
ACTION SNIPPET 10000 4402 SNIPPET_RELEVANT b'1023984'
ACTION DOC 10000 4422 EXAMINING_DOCUMENT b'1023984'
ACTION MARK 10000 4425 CONSIDERED_RELEVANT b'1023984'
ACTION SNIPPET 10000 4428 SNIPPET_RELEVANT b'907351'
ACTION DOC 10000 4448 EXAMINING_DOCUMENT b'907351'
ACTION MARK 10000 4451 CONSIDERED_RELEVANT b'907351'
ACTION SNIPPET 10000 4454 SNIPPET_NOT_RELEVANT b'1638355'
ACTION SNIPPET 10000 4457 SNIPPET_RELEVANT b'710373'
ACTION DOC 10000 4477 EXAMINING_DOCUMENT b'710373'
ACTION MARK 10000 4480 CONSIDERED_RELEVANT b'710373'
ACTION SNIPPET 10000 4483 SEEN_PREVIOUSLY b'1272235'
ACTION SNIPPET 10000 4486 SNIPPET_NOT_RELEVANT b'1626176'
ACTION SNIPPET 10000 4489 SNIPPET_NOT_RELEVANT b'1068812'
ACTION SNIPPET 10000 4492 SNIPPET_RELEVANT b'690444'
ACTION DOC 10000 4512 EXAMINING_DOCUMENT b'690444'
ACTION MARK 10000 4515 CONSIDERED_RELEVANT b'690444'
ACTION SNIPPET 10000 4518 SNIPPET_NOT_RELEVANT b'1350813'
ACTION SNIPPET 10000 4521 SNIPPET_NOT_RELEVANT b'1164175'
ACTION SNIPPET 10000 4524 SNIPPET_RELEVANT b'614122'
ACTION DOC 10000 4544 EXAMINING_DOCUMENT b'614122'
ACTION MARK 10000 4547 CONSIDERED_RELEVANT b'614122'
ACTION SNIPPET 10000 4550 SNIPPET_RELEVANT b'237050'
ACTION DOC 10000 4570 EXAMINING_DOCUMENT b'237050'
ACTION SNIPPET 10000 4573 SNIPPET_NOT_RELEVANT b'1232469'
ACTION SNIPPET 10000 4576 SNIPPET_NOT_RELEVANT b'1361370'
ACTION SNIPPET 10000 4579 SNIPPET_NOT_RELEVANT b'906333'
ACTION SNIPPET 10000 4582 SNIPPET_RELEVANT b'777151'
ACTION DOC 10000 4602 EXAMINING_DOCUMENT b'777151'
ACTION QUERY 10000 4612 human smuggling yorks
ACTION SERP 10000 4617 EXAMINE_SERP
ACTION SNIPPET 10000 4620 SEEN_PREVIOUSLY b'631808'
ACTION SNIPPET 10000 4623 SEEN_PREVIOUSLY b'515645'
ACTION SNIPPET 10000 4626 SEEN_PREVIOUSLY b'616288'
ACTION SNIPPET 10000 4629 SEEN_PREVIOUSLY b'1758704'
ACTION SNIPPET 10000 4632 SEEN_PREVIOUSLY b'1574025'
ACTION SNIPPET 10000 4635 SEEN_PREVIOUSLY b'247846'
ACTION SNIPPET 10000 4638 SEEN_PREVIOUSLY b'1193567'
ACTION SNIPPET 10000 4641 SEEN_PREVIOUSLY b'1081949'
ACTION SNIPPET 10000 4644 SEEN_PREVIOUSLY b'687522'
ACTION SNIPPET 10000 4647 SEEN_PREVIOUSLY b'567649'
ACTION SNIPPET 10000 4650 SEEN_PREVIOUSLY b'1680238'
ACTION SNIPPET 10000 4653 SEEN_PREVIOUSLY b'809795'
ACTION SNIPPET 10000 4656 SEEN_PREVIOUSLY b'1002865'
ACTION SNIPPET 10000 4659 SEEN_PREVIOUSLY b'1840937'
ACTION SNIPPET 10000 4662 SEEN_PREVIOUSLY b'1534492'
ACTION QUERY 10000 4672 human smuggling fujian
ACTION SERP 10000 4677 EXAMINE_SERP
ACTION SNIPPET 10000 4680 SEEN_PREVIOUSLY b'616681'
ACTION SNIPPET 10000 4683 SNIPPET_RELEVANT b'412661'
ACTION DOC 10000 4703 EXAMINING_DOCUMENT b'412661'
ACTION MARK 10000 4706 CONSIDERED_RELEVANT b'412661'
ACTION SNIPPET 10000 4709 SNIPPET_RELEVANT b'613752'
ACTION DOC 10000 4729 EXAMINING_DOCUMENT b'613752'
ACTION MARK 10000 4732 CONSIDERED_RELEVANT b'613752'
ACTION SNIPPET 10000 4735 SEEN_PREVIOUSLY b'1232921'
ACTION SNIPPET 10000 4738 SEEN_PREVIOUSLY b'1021621'
ACTION SNIPPET 10000 4741 SEEN_PREVIOUSLY b'631808'
ACTION SNIPPET 10000 4744 SNIPPET_RELEVANT b'490451'
ACTION DOC 10000 4764 EXAMINING_DOCUMENT b'490451'
ACTION MARK 10000 4767 CONSIDERED_RELEVANT b'490451'
ACTION SNIPPET 10000 4770 SNIPPET_RELEVANT b'1363255'
ACTION DOC 10000 4790 EXAMINING_DOCUMENT b'1363255'
ACTION SNIPPET 10000 4793 SNIPPET_NOT_RELEVANT b'1170471'
ACTION SNIPPET 10000 4796 SNIPPET_NOT_RELEVANT b'1574081'
ACTION SNIPPET 10000 4799 SEEN_PREVIOUSLY b'552207'
ACTION SNIPPET 10000 4802 SEEN_PREVIOUSLY b'1444168'
ACTION SNIPPET 10000 4805 SNIPPET_NOT_RELEVANT b'1171760'
ACTION SNIPPET 10000 4808 SEEN_PREVIOUSLY b'515645'
ACTION SNIPPET 10000 4811 SEEN_PREVIOUSLY b'1193567'
ACTION SNIPPET 10000 4814 SEEN_PREVIOUSLY b'567649'
ACTION SNIPPET 10000 4817 SNIPPET_NOT_RELEVANT b'836418'
ACTION QUERY 10000 4827 human smuggling witnesses
ACTION SERP 10000 4832 EXAMINE_SERP
ACTION SNIPPET 10000 4835 SEEN_PREVIOUSLY b'1673227'
ACTION SNIPPET 10000 4838 SEEN_PREVIOUSLY b'568099'
ACTION SNIPPET 10000 4841 SEEN_PREVIOUSLY b'802946'
ACTION SNIPPET 10000 4844 SEEN_PREVIOUSLY b'802637'
ACTION SNIPPET 10000 4847 SEEN_PREVIOUSLY b'1658184'
ACTION SNIPPET 10000 4850 SEEN_PREVIOUSLY b'1030954'
ACTION SNIPPET 10000 4853 SNIPPET_NOT_RELEVANT b'122447'
ACTION SNIPPET 10000 4856 SEEN_PREVIOUSLY b'1534492'
ACTION SNIPPET 10000 4859 SNIPPET_NOT_RELEVANT b'49539'
ACTION SNIPPET 10000 4862 SEEN_PREVIOUSLY b'1655633'
ACTION SNIPPET 10000 4865 SNIPPET_NOT_RELEVANT b'184981'
ACTION SNIPPET 10000 4868 SNIPPET_NOT_RELEVANT b'140566'
ACTION SNIPPET 10000 4871 SNIPPET_NOT_RELEVANT b'188965'
ACTION SNIPPET 10000 4874 SNIPPET_NOT_RELEVANT b'141391'
ACTION SNIPPET 10000 4877 SEEN_PREVIOUSLY b'1040178'
ACTION QUERY 10000 4887 human smuggling moved
ACTION SERP 10000 4892 EXAMINE_SERP
ACTION SNIPPET 10000 4895 SEEN_PREVIOUSLY b'1574025'
ACTION SNIPPET 10000 4898 SEEN_PREVIOUSLY b'1765033'
ACTION SNIPPET 10000 4901 SEEN_PREVIOUSLY b'616288'
ACTION SNIPPET 10000 4904 SEEN_PREVIOUSLY b'1684351'
ACTION SNIPPET 10000 4907 SEEN_PREVIOUSLY b'247846'
ACTION SNIPPET 10000 4910 SEEN_PREVIOUSLY b'1443307'
ACTION SNIPPET 10000 4913 SEEN_PREVIOUSLY b'1673227'
ACTION SNIPPET 10000 4916 SEEN_PREVIOUSLY b'552207'
ACTION SNIPPET 10000 4919 SEEN_PREVIOUSLY b'515645'
ACTION SNIPPET 10000 4922 SEEN_PREVIOUSLY b'631808'
ACTION SNIPPET 10000 4925 SEEN_PREVIOUSLY b'1840937'
ACTION SNIPPET 10000 4928 SEEN_PREVIOUSLY b'1760592'
ACTION SNIPPET 10000 4931 SEEN_PREVIOUSLY b'1534492'
ACTION SNIPPET 10000 4934 SEEN_PREVIOUSLY b'289234'
ACTION SNIPPET 10000 4937 SNIPPET_NOT_RELEVANT b'1553625'
ACTION QUERY 10000 4947 human smuggling man
ACTION SERP 10000 4952 EXAMINE_SERP
ACTION SNIPPET 10000 4955 SEEN_PREVIOUSLY b'1840937'
ACTION SNIPPET 10000 4958 SEEN_PREVIOUSLY b'1534492'
ACTION SNIPPET 10000 4961 SEEN_PREVIOUSLY b'809795'
ACTION SNIPPET 10000 4964 SEEN_PREVIOUSLY b'616968'
ACTION SNIPPET 10000 4967 SEEN_PREVIOUSLY b'1684351'
ACTION SNIPPET 10000 4970 SEEN_PREVIOUSLY b'1030954'
ACTION SNIPPET 10000 4973 SNIPPET_NOT_RELEVANT b'184981'
ACTION SNIPPET 10000 4976 SEEN_PREVIOUSLY b'1574025'
ACTION SNIPPET 10000 4979 SEEN_PREVIOUSLY b'247846'
ACTION SNIPPET 10000 4982 SEEN_PREVIOUSLY b'1337224'
ACTION SNIPPET 10000 4985 SNIPPET_RELEVANT b'1836875'
ACTION DOC 10000 5005 EXAMINING_DOCUMENT b'1836875'
ACTION MARK 10000 5008 CONSIDERED_RELEVANT b'1836875'
ACTION SNIPPET 10000 5011 SEEN_PREVIOUSLY b'1517790'
ACTION SNIPPET 10000 5014 SEEN_PREVIOUSLY b'883400'
ACTION SNIPPET 10000 5017 SEEN_PREVIOUSLY b'1363255'
ACTION SNIPPET 10000 5020 SNIPPET_NOT_RELEVANT b'1354653'
ACTION SNIPPET 10000 5023 SEEN_PREVIOUSLY b'686387'
ACTION SNIPPET 10000 5026 SEEN_PREVIOUSLY b'616288'
ACTION SNIPPET 10000 5029 SEEN_PREVIOUSLY b'515645'
ACTION SNIPPET 10000 5032 SEEN_PREVIOUSLY b'631808'
ACTION SNIPPET 10000 5035 SEEN_PREVIOUSLY b'614393'
ACTION SNIPPET 10000 5038 SNIPPET_NOT_RELEVANT b'248208'
ACTION SNIPPET 10000 5041 SEEN_PREVIOUSLY b'1658184'
ACTION SNIPPET 10000 5044 SNIPPET_RELEVANT b'1409554'
ACTION DOC 10000 5064 EXAMINING_DOCUMENT b'1409554'
ACTION QUERY 10000 5074 human smuggling las
ACTION SERP 10000 5079 EXAMINE_SERP
ACTION SNIPPET 10000 5082 SEEN_PREVIOUSLY b'1836875'
ACTION SNIPPET 10000 5085 SNIPPET_NOT_RELEVANT b'260985'
ACTION SNIPPET 10000 5088 SNIPPET_RELEVANT b'305666'
ACTION DOC 10000 5108 EXAMINING_DOCUMENT b'305666'
ACTION SNIPPET 10000 5111 SNIPPET_NOT_RELEVANT b'321418'
ACTION SNIPPET 10000 5114 SNIPPET_RELEVANT b'1739722'
ACTION DOC 10000 5134 EXAMINING_DOCUMENT b'1739722'
ACTION QUERY 10000 5144 human smuggling offered
ACTION SERP 10000 5149 EXAMINE_SERP
ACTION SNIPPET 10000 5152 SEEN_PREVIOUSLY b'1574025'
ACTION SNIPPET 10000 5155 SEEN_PREVIOUSLY b'247846'
ACTION SNIPPET 10000 5158 SEEN_PREVIOUSLY b'1317613'
ACTION SNIPPET 10000 5161 SEEN_PREVIOUSLY b'1030954'
ACTION SNIPPET 10000 5164 SEEN_PREVIOUSLY b'1836875'
ACTION SNIPPET 10000 5167 SEEN_PREVIOUSLY b'1443307'
ACTION SNIPPET 10000 5170 SEEN_PREVIOUSLY b'1673227'
ACTION SNIPPET 10000 5173 SEEN_PREVIOUSLY b'1033781'
ACTION SNIPPET 10000 5176 SEEN_PREVIOUSLY b'616288'
ACTION SNIPPET 10000 5179 SEEN_PREVIOUSLY b'515645'
ACTION SNIPPET 10000 5182 SEEN_PREVIOUSLY b'631808'
ACTION SNIPPET 10000 5185 SEEN_PREVIOUSLY b'1232921'
ACTION SNIPPET 10000 5188 SEEN_PREVIOUSLY b'1840937'
ACTION SNIPPET 10000 5191 SEEN_PREVIOUSLY b'1534492'
ACTION SNIPPET 10000 5194 SEEN_PREVIOUSLY b'289234'
ACTION QUERY 10000 5204 human smuggling broke
ACTION SERP 10000 5209 EXAMINE_SERP
ACTION SNIPPET 10000 5212 SEEN_PREVIOUSLY b'1758704'
ACTION SNIPPET 10000 5215 SEEN_PREVIOUSLY b'567649'
ACTION SNIPPET 10000 5218 SEEN_PREVIOUSLY b'631808'
ACTION SNIPPET 10000 5221 SNIPPET_RELEVANT b'988720'
ACTION DOC 10000 5241 EXAMINING_DOCUMENT b'988720'
ACTION MARK 10000 5244 CONSIDERED_RELEVANT b'988720'
ACTION SNIPPET 10000 5247 SNIPPET_NOT_RELEVANT b'1068812'
ACTION SNIPPET 10000 5250 SNIPPET_RELEVANT b'351231'
ACTION DOC 10000 5270 EXAMINING_DOCUMENT b'351231'
ACTION SNIPPET 10000 5273 SNIPPET_RELEVANT b'1695585'
ACTION DOC 10000 5293 EXAMINING_DOCUMENT b'1695585'
ACTION SNIPPET 10000 5296 SEEN_PREVIOUSLY b'1574025'
ACTION QUERY 10000 5306 human smuggling hit
ACTION SERP 10000 5311 EXAMINE_SERP
ACTION SNIPPET 10000 5314 SEEN_PREVIOUSLY b'1574025'
ACTION SNIPPET 10000 5317 SEEN_PREVIOUSLY b'247846'
ACTION SNIPPET 10000 5320 SNIPPET_NOT_RELEVANT b'248208'
ACTION SNIPPET 10000 5323 SEEN_PREVIOUSLY b'616288'
ACTION SNIPPET 10000 5326 SEEN_PREVIOUSLY b'515645'
ACTION SNIPPET 10000 5329 SEEN_PREVIOUSLY b'631808'
ACTION SNIPPET 10000 5332 SEEN_PREVIOUSLY b'1840937'
ACTION SNIPPET 10000 5335 SEEN_PREVIOUSLY b'1534492'
ACTION SNIPPET 10000 5338 SEEN_PREVIOUSLY b'289234'
ACTION SNIPPET 10000 5341 SEEN_PREVIOUSLY b'1416047'
ACTION SNIPPET 10000 5344 SEEN_PREVIOUSLY b'1765033'
ACTION SNIPPET 10000 5347 SEEN_PREVIOUSLY b'279302'
ACTION SNIPPET 10000 5350 SEEN_PREVIOUSLY b'1758704'
ACTION SNIPPET 10000 5353 SEEN_PREVIOUSLY b'1193567'
ACTION SNIPPET 10000 5356 SEEN_PREVIOUSLY b'1511702'
ACTION QUERY 10000 5366 human smuggling hard
ACTION SERP 10000 5371 EXAMINE_SERP
ACTION SNIPPET 10000 5374 SEEN_PREVIOUSLY b'1574025'
ACTION SNIPPET 10000 5377 SEEN_PREVIOUSLY b'1534492'
ACTION SNIPPET 10000 5380 SEEN_PREVIOUSLY b'1853995'
ACTION SNIPPET 10000 5383 SEEN_PREVIOUSLY b'515645'
ACTION SNIPPET 10000 5386 SEEN_PREVIOUSLY b'648295'
ACTION SNIPPET 10000 5389 SNIPPET_NOT_RELEVANT b'1237167'
ACTION SNIPPET 10000 5392 SEEN_PREVIOUSLY b'1517790'
ACTION SNIPPET 10000 5395 SEEN_PREVIOUSLY b'1168056'
ACTION SNIPPET 10000 5398 SEEN_PREVIOUSLY b'247846'
ACTION SNIPPET 10000 5401 SEEN_PREVIOUSLY b'616288'
ACTION SNIPPET 10000 5404 SEEN_PREVIOUSLY b'631808'
ACTION SNIPPET 10000 5407 SEEN_PREVIOUSLY b'1840937'
ACTION SNIPPET 10000 5410 SNIPPET_NOT_RELEVANT b'173490'
ACTION SNIPPET 10000 5413 SEEN_PREVIOUSLY b'289234'
ACTION SNIPPET 10000 5416 SEEN_PREVIOUSLY b'1377751'
ACTION QUERY 10000 5426 human smuggling passport
ACTION SERP 10000 5431 EXAMINE_SERP
ACTION SNIPPET 10000 5434 SEEN_PREVIOUSLY b'630790'
ACTION SNIPPET 10000 5437 SNIPPET_RELEVANT b'630545'
ACTION DOC 10000 5457 EXAMINING_DOCUMENT b'630545'
ACTION MARK 10000 5460 CONSIDERED_RELEVANT b'630545'
ACTION SNIPPET 10000 5463 SNIPPET_NOT_RELEVANT b'124204'
ACTION SNIPPET 10000 5466 SEEN_PREVIOUSLY b'810161'
ACTION SNIPPET 10000 5469 SNIPPET_NOT_RELEVANT b'1258113'
ACTION SNIPPET 10000 5472 SNIPPET_NOT_RELEVANT b'1761305'
ACTION SNIPPET 10000 5475 SNIPPET_NOT_RELEVANT b'836418'
ACTION SNIPPET 10000 5478 SNIPPET_RELEVANT b'836415'
ACTION DOC 10000 5498 EXAMINING_DOCUMENT b'836415'
ACTION MARK 10000 5501 CONSIDERED_RELEVANT b'836415'
ACTION SNIPPET 10000 5504 SEEN_PREVIOUSLY b'1663315'
ACTION SNIPPET 10000 5507 SEEN_PREVIOUSLY b'1224500'
ACTION SNIPPET 10000 5510 SNIPPET_NOT_RELEVANT b'895019'
ACTION SNIPPET 10000 5513 SNIPPET_RELEVANT b'1549273'
ACTION DOC 10000 5533 EXAMINING_DOCUMENT b'1549273'
ACTION SNIPPET 10000 5536 SNIPPET_NOT_RELEVANT b'1518609'
ACTION SNIPPET 10000 5539 SNIPPET_NOT_RELEVANT b'55715'
ACTION SNIPPET 10000 5542 SEEN_PREVIOUSLY b'1193567'
ACTION SNIPPET 10000 5545 SNIPPET_RELEVANT b'1750562'
ACTION DOC 10000 5565 EXAMINING_DOCUMENT b'1750562'
ACTION QUERY 10000 5575 human smuggling conspiracy
ACTION SERP 10000 5580 EXAMINE_SERP
ACTION SNIPPET 10000 5583 SEEN_PREVIOUSLY b'616968'
ACTION SNIPPET 10000 5586 SEEN_PREVIOUSLY b'1819859'
ACTION SNIPPET 10000 5589 SEEN_PREVIOUSLY b'699231'
ACTION SNIPPET 10000 5592 SEEN_PREVIOUSLY b'1337224'
ACTION SNIPPET 10000 5595 SNIPPET_RELEVANT b'241383'
ACTION DOC 10000 5615 EXAMINING_DOCUMENT b'241383'
ACTION SNIPPET 10000 5618 SNIPPET_NOT_RELEVANT b'928464'
ACTION SNIPPET 10000 5621 SNIPPET_NOT_RELEVANT b'1500'
ACTION SNIPPET 10000 5624 SNIPPET_RELEVANT b'1500'
ACTION DOC 10000 5644 EXAMINING_DOCUMENT b'1500'
ACTION QUERY 10000 5654 human smuggling today
ACTION SERP 10000 5659 EXAMINE_SERP
ACTION SNIPPET 10000 5662 SEEN_PREVIOUSLY b'616288'
ACTION SNIPPET 10000 5665 SEEN_PREVIOUSLY b'515645'
ACTION SNIPPET 10000 5668 SEEN_PREVIOUSLY b'1168056'
ACTION SNIPPET 10000 5671 SEEN_PREVIOUSLY b'279302'
ACTION SNIPPET 10000 5674 SEEN_PREVIOUSLY b'857510'
ACTION SNIPPET 10000 5677 SEEN_PREVIOUSLY b'1574025'
ACTION SNIPPET 10000 5680 SEEN_PREVIOUSLY b'1030954'
ACTION SNIPPET 10000 5683 SEEN_PREVIOUSLY b'247846'
ACTION SNIPPET 10000 5686 SEEN_PREVIOUSLY b'1081949'
ACTION SNIPPET 10000 5689 SEEN_PREVIOUSLY b'1033781'
ACTION SNIPPET 10000 5692 SNIPPET_NOT_RELEVANT b'1068812'
ACTION SNIPPET 10000 5695 SNIPPET_RELEVANT b'248208'
ACTION DOC 10000 5715 EXAMINING_DOCUMENT b'248208'
ACTION MARK 10000 5718 CONSIDERED_RELEVANT b'248208'
ACTION SNIPPET 10000 5721 SEEN_PREVIOUSLY b'1212432'
ACTION SNIPPET 10000 5724 SNIPPET_NOT_RELEVANT b'273235'
ACTION SNIPPET 10000 5727 SEEN_PREVIOUSLY b'1073229'
ACTION SNIPPET 10000 5730 SEEN_PREVIOUSLY b'1415631'
ACTION SNIPPET 10000 5733 SEEN_PREVIOUSLY b'631808'
ACTION SNIPPET 10000 5736 SEEN_PREVIOUSLY b'1840937'
ACTION SNIPPET 10000 5739 SEEN_PREVIOUSLY b'1534492'
ACTION SNIPPET 10000 5742 SEEN_PREVIOUSLY b'289234'
ACTION SNIPPET 10000 5745 SEEN_PREVIOUSLY b'1765033'
ACTION SNIPPET 10000 5748 SEEN_PREVIOUSLY b'1363255'
ACTION SNIPPET 10000 5751 SEEN_PREVIOUSLY b'1758704'
ACTION SNIPPET 10000 5754 SNIPPET_RELEVANT b'1382432'
ACTION DOC 10000 5774 EXAMINING_DOCUMENT b'1382432'
ACTION MARK 10000 5777 CONSIDERED_RELEVANT b'1382432'
ACTION SNIPPET 10000 5780 SEEN_PREVIOUSLY b'1021428'
ACTION SNIPPET 10000 5783 SNIPPET_NOT_RELEVANT b'1351438'
ACTION SNIPPET 10000 5786 SEEN_PREVIOUSLY b'568099'
ACTION SNIPPET 10000 5789 SEEN_PREVIOUSLY b'1193567'
ACTION SNIPPET 10000 5792 SEEN_PREVIOUSLY b'1511702'
ACTION SNIPPET 10000 5795 SNIPPET_NOT_RELEVANT b'1354653'
ACTION SNIPPET 10000 5798 SNIPPET_NOT_RELEVANT b'239522'
ACTION SNIPPET 10000 5801 SEEN_PREVIOUSLY b'699231'
ACTION SNIPPET 10000 5804 SEEN_PREVIOUSLY b'1168052'
ACTION SNIPPET 10000 5807 SEEN_PREVIOUSLY b'1517790'
ACTION SNIPPET 10000 5810 SNIPPET_NOT_RELEVANT b'1131739'
ACTION SNIPPET 10000 5813 SEEN_PREVIOUSLY b'1684351'
ACTION SNIPPET 10000 5816 SEEN_PREVIOUSLY b'1819859'
ACTION SNIPPET 10000 5819 SEEN_PREVIOUSLY b'1002865'
ACTION SNIPPET 10000 5822 SEEN_PREVIOUSLY b'1680238'
ACTION SNIPPET 10000 5825 SEEN_PREVIOUSLY b'687522'
ACTION SNIPPET 10000 5828 SEEN_PREVIOUSLY b'810161'
ACTION QUERY 10000 5838 human smuggling cults
ACTION SERP 10000 5843 EXAMINE_SERP
ACTION SNIPPET 10000 5846 SEEN_PREVIOUSLY b'247846'
ACTION SNIPPET 10000 5849 SEEN_PREVIOUSLY b'248208'
ACTION SNIPPET 10000 5852 SEEN_PREVIOUSLY b'1363255'
ACTION SNIPPET 10000 5855 SNIPPET_NOT_RELEVANT b'249102'
ACTION SNIPPET 10000 5858 SNIPPET_RELEVANT b'250029'
ACTION DOC 10000 5878 EXAMINING_DOCUMENT b'250029'
ACTION SNIPPET 10000 5881 SNIPPET_RELEVANT b'239886'
ACTION DOC 10000 5901 EXAMINING_DOCUMENT b'239886'
ACTION QUERY 10000 5911 human smuggling iraqi
ACTION SERP 10000 5916 EXAMINE_SERP
ACTION SNIPPET 10000 5919 SNIPPET_RELEVANT b'1025674'
ACTION DOC 10000 5939 EXAMINING_DOCUMENT b'1025674'
ACTION SNIPPET 10000 5942 SEEN_PREVIOUSLY b'1337224'
ACTION SNIPPET 10000 5945 SNIPPET_NOT_RELEVANT b'745961'
ACTION SNIPPET 10000 5948 SNIPPET_NOT_RELEVANT b'1766779'
ACTION SNIPPET 10000 5951 SNIPPET_RELEVANT b'1499213'
ACTION DOC 10000 5971 EXAMINING_DOCUMENT b'1499213'
ACTION QUERY 10000 5981 human smuggling side
ACTION SERP 10000 5986 EXAMINE_SERP
ACTION SNIPPET 10000 5989 SEEN_PREVIOUSLY b'1166902'
ACTION SNIPPET 10000 5992 SEEN_PREVIOUSLY b'1695585'
ACTION SNIPPET 10000 5995 SEEN_PREVIOUSLY b'1534492'
ACTION SNIPPET 10000 5998 SEEN_PREVIOUSLY b'1574025'
ACTION SNIPPET 10000 6001 SEEN_PREVIOUSLY b'1066583'
ACTION SNIPPET 10000 6004 SEEN_PREVIOUSLY b'247846'
ACTION SNIPPET 10000 6007 SNIPPET_RELEVANT b'554227'
ACTION DOC 10000 6027 EXAMINING_DOCUMENT b'554227'
ACTION SNIPPET 10000 6030 SNIPPET_NOT_RELEVANT b'1007601'
ACTION SNIPPET 10000 6033 SEEN_PREVIOUSLY b'1836875'
ACTION QUERY 10000 6043 human smuggling driver
ACTION SERP 10000 6048 EXAMINE_SERP
ACTION SNIPPET 10000 6051 SEEN_PREVIOUSLY b'1840937'
ACTION SNIPPET 10000 6054 SEEN_PREVIOUSLY b'1819859'
ACTION SNIPPET 10000 6057 SEEN_PREVIOUSLY b'1416047'
ACTION SNIPPET 10000 6060 SEEN_PREVIOUSLY b'1655633'
ACTION SNIPPET 10000 6063 SEEN_PREVIOUSLY b'1317613'
ACTION SNIPPET 10000 6066 SEEN_PREVIOUSLY b'1758704'
ACTION SNIPPET 10000 6069 SEEN_PREVIOUSLY b'1081949'
ACTION SNIPPET 10000 6072 SEEN_PREVIOUSLY b'1659485'
ACTION SNIPPET 10000 6075 SEEN_PREVIOUSLY b'1658184'
ACTION SNIPPET 10000 6078 SEEN_PREVIOUSLY b'1500'
ACTION SNIPPET 10000 6081 SEEN_PREVIOUSLY b'1500'
ACTION SNIPPET 10000 6084 SEEN_PREVIOUSLY b'1781734'
ACTION SNIPPET 10000 6087 SEEN_PREVIOUSLY b'515645'
ACTION SNIPPET 10000 6090 SNIPPET_RELEVANT b'1656852'
ACTION DOC 10000 6110 EXAMINING_DOCUMENT b'1656852'
ACTION MARK 10000 6113 CONSIDERED_RELEVANT b'1656852'
ACTION SNIPPET 10000 6116 SNIPPET_RELEVANT b'1573898'
ACTION DOC 10000 6136 EXAMINING_DOCUMENT b'1573898'
ACTION SNIPPET 10000 6139 SEEN_PREVIOUSLY b'1738298'
ACTION SNIPPET 10000 6142 SNIPPET_RELEVANT b'48679'
ACTION DOC 10000 6162 EXAMINING_DOCUMENT b'48679'
ACTION MARK 10000 6165 CONSIDERED_RELEVANT b'48679'
ACTION SNIPPET 10000 6168 SNIPPET_RELEVANT b'2568'
ACTION DOC 10000 6188 EXAMINING_DOCUMENT b'2568'
ACTION SNIPPET 10000 6191 SEEN_PREVIOUSLY b'2568'
ACTION SNIPPET 10000 6194 SNIPPET_RELEVANT b'1525439'
ACTION DOC 10000 6214 EXAMINING_DOCUMENT b'1525439'
ACTION MARK 10000 6217 CONSIDERED_RELEVANT b'1525439'
ACTION SNIPPET 10000 6220 SNIPPET_RELEVANT b'962392'
ACTION DOC 10000 6240 EXAMINING_DOCUMENT b'962392'
ACTION MARK 10000 6243 CONSIDERED_RELEVANT b'962392'
ACTION SNIPPET 10000 6246 SNIPPET_RELEVANT b'1589583'
ACTION DOC 10000 6266 EXAMINING_DOCUMENT b'1589583'
ACTION MARK 10000 6269 CONSIDERED_RELEVANT b'1589583'
ACTION SNIPPET 10000 6272 SNIPPET_NOT_RELEVANT b'80773'
ACTION SNIPPET 10000 6275 SNIPPET_RELEVANT b'1853992'
ACTION DOC 10000 6295 EXAMINING_DOCUMENT b'1853992'
ACTION MARK 10000 6298 CONSIDERED_RELEVANT b'1853992'
ACTION SNIPPET 10000 6301 SNIPPET_RELEVANT b'1496177'
ACTION DOC 10000 6321 EXAMINING_DOCUMENT b'1496177'
ACTION SNIPPET 10000 6324 SEEN_PREVIOUSLY b'1030954'
ACTION SNIPPET 10000 6327 SNIPPET_NOT_RELEVANT b'208715'
ACTION SNIPPET 10000 6330 SNIPPET_RELEVANT b'1758993'
ACTION DOC 10000 6350 EXAMINING_DOCUMENT b'1758993'
ACTION QUERY 10000 6360 human smuggling color
ACTION SERP 10000 6365 EXAMINE_SERP
ACTION SNIPPET 10000 6368 SEEN_PREVIOUSLY b'631808'
ACTION SNIPPET 10000 6371 SNIPPET_RELEVANT b'1090642'
ACTION DOC 10000 6391 EXAMINING_DOCUMENT b'1090642'
ACTION SNIPPET 10000 6394 SNIPPET_NOT_RELEVANT b'1068812'
ACTION SNIPPET 10000 6397 SEEN_PREVIOUSLY b'1574025'
ACTION SNIPPET 10000 6400 SEEN_PREVIOUSLY b'247846'
ACTION SNIPPET 10000 6403 SEEN_PREVIOUSLY b'616288'
ACTION SNIPPET 10000 6406 SEEN_PREVIOUSLY b'515645'
ACTION SNIPPET 10000 6409 SEEN_PREVIOUSLY b'1840937'
ACTION SNIPPET 10000 6412 SEEN_PREVIOUSLY b'1534492'
ACTION QUERY 10000 6422 human smuggling charged
ACTION SERP 10000 6427 EXAMINE_SERP
ACTION SNIPPET 10000 6430 SEEN_PREVIOUSLY b'1758704'
ACTION SNIPPET 10000 6433 SEEN_PREVIOUSLY b'1684351'
ACTION SNIPPET 10000 6436 SEEN_PREVIOUSLY b'616288'
ACTION SNIPPET 10000 6439 SEEN_PREVIOUSLY b'1574025'
ACTION SNIPPET 10000 6442 SEEN_PREVIOUSLY b'289234'
ACTION SNIPPET 10000 6445 SEEN_PREVIOUSLY b'616968'
ACTION SNIPPET 10000 6448 SEEN_PREVIOUSLY b'631808'
ACTION SNIPPET 10000 6451 SEEN_PREVIOUSLY b'1534492'
ACTION SNIPPET 10000 6454 SEEN_PREVIOUSLY b'1836875'
ACTION SNIPPET 10000 6457 SEEN_PREVIOUSLY b'567649'
ACTION SNIPPET 10000 6460 SEEN_PREVIOUSLY b'1853995'
ACTION SNIPPET 10000 6463 SEEN_PREVIOUSLY b'1081949'
ACTION SNIPPET 10000 6466 SEEN_PREVIOUSLY b'687522'
ACTION SNIPPET 10000 6469 SEEN_PREVIOUSLY b'1840937'
ACTION SNIPPET 10000 6472 SEEN_PREVIOUSLY b'699231'
ACTION QUERY 10000 6482 human smuggling survived
ACTION SERP 10000 6487 EXAMINE_SERP
ACTION SNIPPET 10000 6490 SEEN_PREVIOUSLY b'1853995'
ACTION SNIPPET 10000 6493 SEEN_PREVIOUSLY b'515645'
ACTION SNIPPET 10000 6496 SEEN_PREVIOUSLY b'1168056'
ACTION SNIPPET 10000 6499 SNIPPET_RELEVANT b'615680'
ACTION DOC 10000 6519 EXAMINING_DOCUMENT b'615680'
ACTION MARK 10000 6522 CONSIDERED_RELEVANT b'615680'
ACTION SNIPPET 10000 6525 SEEN_PREVIOUSLY b'1090875'
ACTION SNIPPET 10000 6528 SNIPPET_NOT_RELEVANT b'1278927'
ACTION SNIPPET 10000 6531 SEEN_PREVIOUSLY b'1409554'
ACTION SNIPPET 10000 6534 SEEN_PREVIOUSLY b'1574025'
ACTION SNIPPET 10000 6537 SEEN_PREVIOUSLY b'247846'
ACTION SNIPPET 10000 6540 SEEN_PREVIOUSLY b'1168052'
ACTION SNIPPET 10000 6543 SNIPPET_RELEVANT b'696532'
ACTION DOC 10000 6563 EXAMINING_DOCUMENT b'696532'
ACTION MARK 10000 6566 CONSIDERED_RELEVANT b'696532'
ACTION SNIPPET 10000 6569 SEEN_PREVIOUSLY b'616288'
ACTION SNIPPET 10000 6572 SEEN_PREVIOUSLY b'631808'
ACTION SNIPPET 10000 6575 SEEN_PREVIOUSLY b'1659485'
ACTION SNIPPET 10000 6578 SEEN_PREVIOUSLY b'1840937'
ACTION SNIPPET 10000 6581 SEEN_PREVIOUSLY b'1534492'
ACTION SNIPPET 10000 6584 SNIPPET_RELEVANT b'180772'
ACTION DOC 10000 6604 EXAMINING_DOCUMENT b'180772'
ACTION SNIPPET 10000 6607 SEEN_PREVIOUSLY b'289234'
ACTION SNIPPET 10000 6610 SNIPPET_RELEVANT b'1550174'
ACTION DOC 10000 6630 EXAMINING_DOCUMENT b'1550174'
ACTION QUERY 10000 6640 human smuggling jammed
ACTION SERP 10000 6645 EXAMINE_SERP
ACTION SNIPPET 10000 6648 SEEN_PREVIOUSLY b'567649'
ACTION SNIPPET 10000 6651 SNIPPET_NOT_RELEVANT b'1591206'
ACTION SNIPPET 10000 6654 SNIPPET_RELEVANT b'260874'
ACTION DOC 10000 6674 EXAMINING_DOCUMENT b'260874'
ACTION SNIPPET 10000 6677 SEEN_PREVIOUSLY b'1574025'
ACTION SNIPPET 10000 6680 SEEN_PREVIOUSLY b'247846'
ACTION SNIPPET 10000 6683 SEEN_PREVIOUSLY b'1589583'
ACTION SNIPPET 10000 6686 SNIPPET_NOT_RELEVANT b'1469446'
ACTION SNIPPET 10000 6689 SNIPPET_RELEVANT b'1825802'
ACTION DOC 10000 6709 EXAMINING_DOCUMENT b'1825802'
ACTION QUERY 10000 6719 human smuggling ventures
ACTION SERP 10000 6724 EXAMINE_SERP
ACTION SNIPPET 10000 6727 SEEN_PREVIOUSLY b'1193567'
ACTION SNIPPET 10000 6730 SEEN_PREVIOUSLY b'1680238'
ACTION SNIPPET 10000 6733 SEEN_PREVIOUSLY b'699231'
ACTION SNIPPET 10000 6736 SEEN_PREVIOUSLY b'1673227'
ACTION SNIPPET 10000 6739 SEEN_PREVIOUSLY b'810161'
ACTION SNIPPET 10000 6742 SEEN_PREVIOUSLY b'696532'
ACTION SNIPPET 10000 6745 SEEN_PREVIOUSLY b'615680'
ACTION SNIPPET 10000 6748 SEEN_PREVIOUSLY b'1517790'
ACTION SNIPPET 10000 6751 SEEN_PREVIOUSLY b'809795'
ACTION SNIPPET 10000 6754 SEEN_PREVIOUSLY b'631808'
ACTION SNIPPET 10000 6757 SEEN_PREVIOUSLY b'758632'
ACTION SNIPPET 10000 6760 SEEN_PREVIOUSLY b'616968'
ACTION SNIPPET 10000 6763 SEEN_PREVIOUSLY b'1021428'
ACTION SNIPPET 10000 6766 SEEN_PREVIOUSLY b'1066583'
ACTION SNIPPET 10000 6769 SEEN_PREVIOUSLY b'614026'
ACTION QUERY 10000 6779 human smuggling girl
ACTION SERP 10000 6784 EXAMINE_SERP
ACTION SNIPPET 10000 6787 SEEN_PREVIOUSLY b'1534492'
ACTION SNIPPET 10000 6790 SNIPPET_RELEVANT b'1650250'
ACTION DOC 10000 6810 EXAMINING_DOCUMENT b'1650250'
ACTION MARK 10000 6813 CONSIDERED_RELEVANT b'1650250'
ACTION SNIPPET 10000 6816 SEEN_PREVIOUSLY b'1382432'
ACTION SNIPPET 10000 6819 SEEN_PREVIOUSLY b'1414783'
ACTION SNIPPET 10000 6822 SEEN_PREVIOUSLY b'1574025'
ACTION SNIPPET 10000 6825 SEEN_PREVIOUSLY b'247846'
ACTION SNIPPET 10000 6828 SNIPPET_NOT_RELEVANT b'1553625'
ACTION SNIPPET 10000 6831 SNIPPET_RELEVANT b'1558902'
ACTION DOC 10000 6851 EXAMINING_DOCUMENT b'1558902'
ACTION SNIPPET 10000 6854 SEEN_PREVIOUSLY b'1573014'
ACTION SNIPPET 10000 6857 SNIPPET_NOT_RELEVANT b'651276'
ACTION SNIPPET 10000 6860 SNIPPET_RELEVANT b'1689166'
ACTION DOC 10000 6880 EXAMINING_DOCUMENT b'1689166'
ACTION QUERY 10000 6890 human smuggling prostitution
ACTION SERP 10000 6895 EXAMINE_SERP
ACTION SNIPPET 10000 6898 SEEN_PREVIOUSLY b'1758704'
ACTION SNIPPET 10000 6901 SEEN_PREVIOUSLY b'1684351'
ACTION SNIPPET 10000 6904 SEEN_PREVIOUSLY b'1650250'
ACTION SNIPPET 10000 6907 SNIPPET_NOT_RELEVANT b'1237167'
ACTION SNIPPET 10000 6910 SNIPPET_NOT_RELEVANT b'438958'
ACTION SNIPPET 10000 6913 SEEN_PREVIOUSLY b'888004'
ACTION SNIPPET 10000 6916 SNIPPET_NOT_RELEVANT b'764583'
ACTION SNIPPET 10000 6919 SNIPPET_NOT_RELEVANT b'767300'
ACTION SNIPPET 10000 6922 SNIPPET_NOT_RELEVANT b'788029'
ACTION SNIPPET 10000 6925 SNIPPET_RELEVANT b'735181'
ACTION DOC 10000 6945 EXAMINING_DOCUMENT b'735181'
ACTION QUERY 10000 6955 human smuggling services
ACTION SERP 10000 6960 EXAMINE_SERP
ACTION SNIPPET 10000 6963 SEEN_PREVIOUSLY b'515645'
ACTION SNIPPET 10000 6966 SEEN_PREVIOUSLY b'616288'
ACTION SNIPPET 10000 6969 SEEN_PREVIOUSLY b'1168056'
ACTION SNIPPET 10000 6972 SEEN_PREVIOUSLY b'1193567'
ACTION SNIPPET 10000 6975 SEEN_PREVIOUSLY b'1684351'
ACTION SNIPPET 10000 6978 SEEN_PREVIOUSLY b'567649'
ACTION SNIPPET 10000 6981 SEEN_PREVIOUSLY b'1212432'
ACTION SNIPPET 10000 6984 SEEN_PREVIOUSLY b'1534492'
ACTION SNIPPET 10000 6987 SEEN_PREVIOUSLY b'1081949'
ACTION SNIPPET 10000 6990 SEEN_PREVIOUSLY b'552207'
ACTION SNIPPET 10000 6993 SEEN_PREVIOUSLY b'1002865'
ACTION SNIPPET 10000 6996 SEEN_PREVIOUSLY b'809795'
ACTION SNIPPET 10000 6999 SEEN_PREVIOUSLY b'1574025'
ACTION SNIPPET 10000 7002 SEEN_PREVIOUSLY b'247846'
ACTION SNIPPET 10000 7005 SEEN_PREVIOUSLY b'1232921'
ACTION QUERY 10000 7015 human smuggling imprison
ACTION SERP 10000 7020 EXAMINE_SERP
ACTION SNIPPET 10000 7023 SNIPPET_NOT_RELEVANT b'1844520'
ACTION SNIPPET 10000 7026 SNIPPET_RELEVANT b'49539'
ACTION DOC 10000 7046 EXAMINING_DOCUMENT b'49539'
ACTION SNIPPET 10000 7049 SEEN_PREVIOUSLY b'1658184'
ACTION SNIPPET 10000 7052 SEEN_PREVIOUSLY b'1819859'
ACTION SNIPPET 10000 7055 SEEN_PREVIOUSLY b'648295'
ACTION SNIPPET 10000 7058 SEEN_PREVIOUSLY b'1166902'
ACTION SNIPPET 10000 7061 SEEN_PREVIOUSLY b'758632'
ACTION SNIPPET 10000 7064 SNIPPET_NOT_RELEVANT b'1013907'
ACTION SNIPPET 10000 7067 SNIPPET_NOT_RELEVANT b'1752088'
ACTION QUERY 10000 7077 human smuggling leading
ACTION SERP 10000 7082 EXAMINE_SERP
ACTION SNIPPET 10000 7085 SEEN_PREVIOUSLY b'247846'
ACTION SNIPPET 10000 7088 SEEN_PREVIOUSLY b'289234'
ACTION SNIPPET 10000 7091 SEEN_PREVIOUSLY b'1574025'
ACTION SNIPPET 10000 7094 SEEN_PREVIOUSLY b'279302'
ACTION SNIPPET 10000 7097 SEEN_PREVIOUSLY b'1758704'
ACTION SNIPPET 10000 7100 SEEN_PREVIOUSLY b'1819859'
ACTION SNIPPET 10000 7103 SEEN_PREVIOUSLY b'616288'
ACTION SNIPPET 10000 7106 SEEN_PREVIOUSLY b'515645'
ACTION SNIPPET 10000 7109 SEEN_PREVIOUSLY b'631808'
ACTION SNIPPET 10000 7112 SEEN_PREVIOUSLY b'1840937'
ACTION SNIPPET 10000 7115 SEEN_PREVIOUSLY b'1534492'
ACTION SNIPPET 10000 7118 SEEN_PREVIOUSLY b'1765033'
ACTION SNIPPET 10000 7121 SEEN_PREVIOUSLY b'1193567'
ACTION SNIPPET 10000 7124 SEEN_PREVIOUSLY b'1511702'
ACTION SNIPPET 10000 7127 SNIPPET_RELEVANT b'273235'
ACTION DOC 10000 7147 EXAMINING_DOCUMENT b'273235'
ACTION QUERY 10000 7157 human smuggling wealthy
ACTION SERP 10000 7162 EXAMINE_SERP
ACTION SNIPPET 10000 7165 SNIPPET_RELEVANT b'183536'
ACTION DOC 10000 7185 EXAMINING_DOCUMENT b'183536'
ACTION SNIPPET 10000 7188 SNIPPET_RELEVANT b'1320259'
ACTION DOC 10000 7208 EXAMINING_DOCUMENT b'1320259'
ACTION QUERY 10000 7218 human smuggling shores
ACTION SERP 10000 7223 EXAMINE_SERP
ACTION SNIPPET 10000 7226 SEEN_PREVIOUSLY b'1066583'
ACTION SNIPPET 10000 7229 SEEN_PREVIOUSLY b'1126111'
ACTION SNIPPET 10000 7232 SEEN_PREVIOUSLY b'696532'
ACTION SNIPPET 10000 7235 SEEN_PREVIOUSLY b'1673227'
ACTION SNIPPET 10000 7238 SEEN_PREVIOUSLY b'1021428'
ACTION SNIPPET 10000 7241 SEEN_PREVIOUSLY b'1021621'
ACTION SNIPPET 10000 7244 SEEN_PREVIOUSLY b'809795'
ACTION SNIPPET 10000 7247 SEEN_PREVIOUSLY b'687522'
ACTION SNIPPET 10000 7250 SNIPPET_RELEVANT b'613749'
ACTION DOC 10000 7270 EXAMINING_DOCUMENT b'613749'
ACTION MARK 10000 7273 CONSIDERED_RELEVANT b'613749'
ACTION SNIPPET 10000 7276 SEEN_PREVIOUSLY b'810161'
ACTION SNIPPET 10000 7279 SNIPPET_RELEVANT b'962414'
ACTION DOC 10000 7299 EXAMINING_DOCUMENT b'962414'
ACTION MARK 10000 7302 CONSIDERED_RELEVANT b'962414'
ACTION SNIPPET 10000 7305 SEEN_PREVIOUSLY b'616288'
ACTION SNIPPET 10000 7308 SNIPPET_RELEVANT b'1001589'
ACTION DOC 10000 7328 EXAMINING_DOCUMENT b'1001589'
ACTION MARK 10000 7331 CONSIDERED_RELEVANT b'1001589'
ACTION SNIPPET 10000 7334 SEEN_PREVIOUSLY b'1680238'
ACTION SNIPPET 10000 7337 SEEN_PREVIOUSLY b'1024001'
ACTION SNIPPET 10000 7340 SEEN_PREVIOUSLY b'883400'
ACTION SNIPPET 10000 7343 SEEN_PREVIOUSLY b'1193567'
ACTION SNIPPET 10000 7346 SEEN_PREVIOUSLY b'1073229'
ACTION SNIPPET 10000 7349 SEEN_PREVIOUSLY b'758632'
ACTION SNIPPET 10000 7352 SNIPPET_RELEVANT b'1021434'
ACTION DOC 10000 7372 EXAMINING_DOCUMENT b'1021434'
ACTION MARK 10000 7375 CONSIDERED_RELEVANT b'1021434'
ACTION SNIPPET 10000 7378 SEEN_PREVIOUSLY b'1501576'
ACTION SNIPPET 10000 7381 SNIPPET_NOT_RELEVANT b'62199'
ACTION SNIPPET 10000 7384 SNIPPET_NOT_RELEVANT b'1235349'
ACTION SNIPPET 10000 7387 SEEN_PREVIOUSLY b'907351'
ACTION SNIPPET 10000 7390 SNIPPET_NOT_RELEVANT b'1155794'
ACTION SNIPPET 10000 7393 SNIPPET_RELEVANT b'1056483'
ACTION DOC 10000 7413 EXAMINING_DOCUMENT b'1056483'
ACTION MARK 10000 7416 CONSIDERED_RELEVANT b'1056483'
ACTION SNIPPET 10000 7419 SEEN_PREVIOUSLY b'1023984'
ACTION SNIPPET 10000 7422 SEEN_PREVIOUSLY b'1574025'
ACTION SNIPPET 10000 7425 SEEN_PREVIOUSLY b'614026'
ACTION SNIPPET 10000 7428 SNIPPET_NOT_RELEVANT b'631776'
ACTION SNIPPET 10000 7431 SEEN_PREVIOUSLY b'247846'
ACTION SNIPPET 10000 7434 SNIPPET_NOT_RELEVANT b'1216689'
ACTION SNIPPET 10000 7437 SNIPPET_RELEVANT b'1223559'
ACTION DOC 10000 7457 EXAMINING_DOCUMENT b'1223559'
ACTION MARK 10000 7460 CONSIDERED_RELEVANT b'1223559'
ACTION SNIPPET 10000 7463 SEEN_PREVIOUSLY b'614393'
ACTION SNIPPET 10000 7466 SEEN_PREVIOUSLY b'630420'
ACTION SNIPPET 10000 7469 SEEN_PREVIOUSLY b'613752'
ACTION SNIPPET 10000 7472 SNIPPET_NOT_RELEVANT b'763676'
ACTION SNIPPET 10000 7475 SNIPPET_RELEVANT b'1064548'
ACTION DOC 10000 7495 EXAMINING_DOCUMENT b'1064548'
ACTION MARK 10000 7498 CONSIDERED_RELEVANT b'1064548'
ACTION SNIPPET 10000 7501 SNIPPET_RELEVANT b'1024100'
ACTION DOC 10000 7521 EXAMINING_DOCUMENT b'1024100'
ACTION MARK 10000 7524 CONSIDERED_RELEVANT b'1024100'
ACTION SNIPPET 10000 7527 SNIPPET_RELEVANT b'1674832'
ACTION DOC 10000 7547 EXAMINING_DOCUMENT b'1674832'
ACTION MARK 10000 7550 CONSIDERED_RELEVANT b'1674832'
ACTION SNIPPET 10000 7553 SEEN_PREVIOUSLY b'630545'
ACTION SNIPPET 10000 7556 SNIPPET_RELEVANT b'636550'
ACTION DOC 10000 7576 EXAMINING_DOCUMENT b'636550'
ACTION MARK 10000 7579 CONSIDERED_RELEVANT b'636550'
ACTION SNIPPET 10000 7582 SEEN_PREVIOUSLY b'1071540'
ACTION SNIPPET 10000 7585 SNIPPET_NOT_RELEVANT b'1212296'
ACTION SNIPPET 10000 7588 SNIPPET_NOT_RELEVANT b'979927'
ACTION SNIPPET 10000 7591 SEEN_PREVIOUSLY b'515645'
ACTION SNIPPET 10000 7594 SEEN_PREVIOUSLY b'631808'
ACTION SNIPPET 10000 7597 SEEN_PREVIOUSLY b'1840937'
ACTION SNIPPET 10000 7600 SNIPPET_NOT_RELEVANT b'1272122'
ACTION SNIPPET 10000 7603 SEEN_PREVIOUSLY b'1534492'
ACTION SNIPPET 10000 7606 SNIPPET_RELEVANT b'17458'
ACTION DOC 10000 7626 EXAMINING_DOCUMENT b'17458'
ACTION SNIPPET 10000 7629 SNIPPET_RELEVANT b'1119994'
ACTION DOC 10000 7649 EXAMINING_DOCUMENT b'1119994'
ACTION QUERY 10000 7659 human smuggling thailand
ACTION SERP 10000 7664 EXAMINE_SERP
ACTION SNIPPET 10000 7667 SEEN_PREVIOUSLY b'962414'
ACTION SNIPPET 10000 7670 SEEN_PREVIOUSLY b'809795'
ACTION SNIPPET 10000 7673 SNIPPET_RELEVANT b'660718'
ACTION DOC 10000 7693 EXAMINING_DOCUMENT b'660718'
ACTION SNIPPET 10000 7696 SNIPPET_RELEVANT b'22841'
ACTION DOC 10000 7716 EXAMINING_DOCUMENT b'22841'
ACTION QUERY 10000 7726 human smuggling asian
ACTION SERP 10000 7731 EXAMINE_SERP
ACTION SNIPPET 10000 7734 SEEN_PREVIOUSLY b'631808'
ACTION SNIPPET 10000 7737 SEEN_PREVIOUSLY b'1193567'
ACTION SNIPPET 10000 7740 SNIPPET_NOT_RELEVANT b'211969'
ACTION SNIPPET 10000 7743 SEEN_PREVIOUSLY b'1021621'
ACTION SNIPPET 10000 7746 SNIPPET_NOT_RELEVANT b'854118'
ACTION SNIPPET 10000 7749 SEEN_PREVIOUSLY b'687522'
ACTION SNIPPET 10000 7752 SNIPPET_NOT_RELEVANT b'1068812'
ACTION SNIPPET 10000 7755 SNIPPET_RELEVANT b'247190'
ACTION DOC 10000 7775 EXAMINING_DOCUMENT b'247190'
ACTION SNIPPET 10000 7778 SEEN_PREVIOUSLY b'1684351'
ACTION QUERY 10000 7788 human smuggling right
ACTION SERP 10000 7793 EXAMINE_SERP
ACTION SNIPPET 10000 7796 SEEN_PREVIOUSLY b'279302'
ACTION SNIPPET 10000 7799 SEEN_PREVIOUSLY b'1574025'
ACTION SNIPPET 10000 7802 SEEN_PREVIOUSLY b'857510'
ACTION SNIPPET 10000 7805 SEEN_PREVIOUSLY b'1166902'
ACTION SNIPPET 10000 7808 SEEN_PREVIOUSLY b'616288'
ACTION SNIPPET 10000 7811 SEEN_PREVIOUSLY b'273235'
ACTION SNIPPET 10000 7814 SNIPPET_NOT_RELEVANT b'1237167'
ACTION SNIPPET 10000 7817 SEEN_PREVIOUSLY b'247846'
ACTION SNIPPET 10000 7820 SNIPPET_RELEVANT b'1761151'
ACTION DOC 10000 7840 EXAMINING_DOCUMENT b'1761151'
ACTION QUERY 10000 7850 human smuggling haitians
ACTION SERP 10000 7855 EXAMINE_SERP
ACTION SNIPPET 10000 7858 SEEN_PREVIOUSLY b'1090875'
ACTION SNIPPET 10000 7861 SEEN_PREVIOUSLY b'1073229'
ACTION SNIPPET 10000 7864 SNIPPET_RELEVANT b'126633'
ACTION DOC 10000 7884 EXAMINING_DOCUMENT b'126633'
ACTION SNIPPET 10000 7887 SNIPPET_RELEVANT b'29467'
ACTION DOC 10000 7907 EXAMINING_DOCUMENT b'29467'
ACTION QUERY 10000 7917 human smuggling robert
ACTION SERP 10000 7922 EXAMINE_SERP
ACTION SNIPPET 10000 7925 SEEN_PREVIOUSLY b'1073229'
ACTION SNIPPET 10000 7928 SEEN_PREVIOUSLY b'1574025'
ACTION SNIPPET 10000 7931 SEEN_PREVIOUSLY b'1233476'
ACTION SNIPPET 10000 7934 SEEN_PREVIOUSLY b'247846'
ACTION SNIPPET 10000 7937 SEEN_PREVIOUSLY b'1232921'
ACTION SNIPPET 10000 7940 SEEN_PREVIOUSLY b'1030954'
ACTION SNIPPET 10000 7943 SEEN_PREVIOUSLY b'616288'
ACTION SNIPPET 10000 7946 SEEN_PREVIOUSLY b'1414783'
ACTION SNIPPET 10000 7949 SEEN_PREVIOUSLY b'515645'
ACTION SNIPPET 10000 7952 SEEN_PREVIOUSLY b'631808'
ACTION SNIPPET 10000 7955 SEEN_PREVIOUSLY b'1517790'
ACTION SNIPPET 10000 7958 SEEN_PREVIOUSLY b'1840937'
ACTION SNIPPET 10000 7961 SEEN_PREVIOUSLY b'1534492'
ACTION SNIPPET 10000 7964 SEEN_PREVIOUSLY b'289234'
ACTION SNIPPET 10000 7967 SEEN_PREVIOUSLY b'1765033'
ACTION QUERY 10000 7977 human smuggling kidnappers
ACTION SERP 10000 7982 EXAMINE_SERP
ACTION SNIPPET 10000 7985 SNIPPET_RELEVANT b'675913'
ACTION DOC 10000 8005 EXAMINING_DOCUMENT b'675913'
ACTION MARK 10000 8008 CONSIDERED_RELEVANT b'675913'
ACTION SNIPPET 10000 8011 SNIPPET_RELEVANT b'37926'
ACTION DOC 10000 8031 EXAMINING_DOCUMENT b'37926'
ACTION SNIPPET 10000 8034 SNIPPET_NOT_RELEVANT b'1498394'
ACTION SNIPPET 10000 8037 SNIPPET_RELEVANT b'638741'
ACTION DOC 10000 8057 EXAMINING_DOCUMENT b'638741'
ACTION MARK 10000 8060 CONSIDERED_RELEVANT b'638741'
ACTION SNIPPET 10000 8063 SNIPPET_RELEVANT b'744902'
ACTION DOC 10000 8083 EXAMINING_DOCUMENT b'744902'
ACTION MARK 10000 8086 CONSIDERED_RELEVANT b'744902'
ACTION SNIPPET 10000 8089 SNIPPET_NOT_RELEVANT b'1684381'
ACTION SNIPPET 10000 8092 SNIPPET_RELEVANT b'893462'
ACTION DOC 10000 8112 EXAMINING_DOCUMENT b'893462'
ACTION SNIPPET 10000 8115 SEEN_PREVIOUSLY b'1534492'
ACTION SNIPPET 10000 8118 SNIPPET_NOT_RELEVANT b'419409'
ACTION SNIPPET 10000 8121 SNIPPET_RELEVANT b'678914'
ACTION DOC 10000 8141 EXAMINING_DOCUMENT b'678914'
ACTION MARK 10000 8144 CONSIDERED_RELEVANT b'678914'
ACTION SNIPPET 10000 8147 SNIPPET_NOT_RELEVANT b'113157'
ACTION SNIPPET 10000 8150 SNIPPET_RELEVANT b'16442'
ACTION DOC 10000 8170 EXAMINING_DOCUMENT b'16442'
ACTION SNIPPET 10000 8173 SNIPPET_NOT_RELEVANT b'1665761'
ACTION SNIPPET 10000 8176 SNIPPET_RELEVANT b'787909'
ACTION DOC 10000 8196 EXAMINING_DOCUMENT b'787909'
ACTION MARK 10000 8199 CONSIDERED_RELEVANT b'787909'
ACTION SNIPPET 10000 8202 SNIPPET_NOT_RELEVANT b'1578044'
ACTION SNIPPET 10000 8205 SNIPPET_NOT_RELEVANT b'788022'
ACTION SNIPPET 10000 8208 SNIPPET_NOT_RELEVANT b'807429'
ACTION SNIPPET 10000 8211 SEEN_PREVIOUSLY b'1317613'
ACTION SNIPPET 10000 8214 SNIPPET_NOT_RELEVANT b'1364037'
ACTION SNIPPET 10000 8217 SNIPPET_RELEVANT b'681228'
ACTION DOC 10000 8237 EXAMINING_DOCUMENT b'681228'
ACTION SNIPPET 10000 8240 SNIPPET_NOT_RELEVANT b'939998'
ACTION SNIPPET 10000 8243 SNIPPET_NOT_RELEVANT b'44122'
ACTION SNIPPET 10000 8246 SNIPPET_NOT_RELEVANT b'1605422'
ACTION SNIPPET 10000 8249 SEEN_PREVIOUSLY b'412661'
ACTION QUERY 10000 8259 human smuggling fu
ACTION SERP 10000 8264 EXAMINE_SERP
ACTION SNIPPET 10000 8267 SNIPPET_NOT_RELEVANT b'1262120'
ACTION SNIPPET 10000 8270 SEEN_PREVIOUSLY b'1033781'
ACTION SNIPPET 10000 8273 SNIPPET_RELEVANT b'621109'
ACTION DOC 10000 8293 EXAMINING_DOCUMENT b'621109'
ACTION SNIPPET 10000 8296 SNIPPET_NOT_RELEVANT b'997782'
ACTION SNIPPET 10000 8299 SNIPPET_NOT_RELEVANT b'260445'
ACTION SNIPPET 10000 8302 SNIPPET_NOT_RELEVANT b'1186656'
ACTION SNIPPET 10000 8305 SNIPPET_RELEVANT b'655329'
ACTION DOC 10000 8325 EXAMINING_DOCUMENT b'655329'
ACTION QUERY 10000 8335 human smuggling trying
ACTION SERP 10000 8340 EXAMINE_SERP
ACTION SNIPPET 10000 8343 SEEN_PREVIOUSLY b'687522'
ACTION SNIPPET 10000 8346 SEEN_PREVIOUSLY b'699231'
ACTION SNIPPET 10000 8349 SEEN_PREVIOUSLY b'1758704'
ACTION SNIPPET 10000 8352 SEEN_PREVIOUSLY b'1168056'
ACTION SNIPPET 10000 8355 SEEN_PREVIOUSLY b'1534492'
ACTION SNIPPET 10000 8358 SEEN_PREVIOUSLY b'857510'
ACTION SNIPPET 10000 8361 SEEN_PREVIOUSLY b'567649'
ACTION SNIPPET 10000 8364 SEEN_PREVIOUSLY b'648295'
ACTION SNIPPET 10000 8367 SEEN_PREVIOUSLY b'1212432'
ACTION SNIPPET 10000 8370 SNIPPET_RELEVANT b'1237167'
ACTION DOC 10000 8390 EXAMINING_DOCUMENT b'1237167'
ACTION QUERY 10000 8400 human smuggling ranchers
ACTION SERP 10000 8405 EXAMINE_SERP
ACTION SNIPPET 10000 8408 SEEN_PREVIOUSLY b'1534492'
ACTION SNIPPET 10000 8411 SNIPPET_NOT_RELEVANT b'1383807'
ACTION SNIPPET 10000 8414 SNIPPET_NOT_RELEVANT b'466177'
ACTION SNIPPET 10000 8417 SNIPPET_RELEVANT b'739119'
ACTION DOC 10000 8437 EXAMINING_DOCUMENT b'739119'
ACTION SNIPPET 10000 8440 SNIPPET_RELEVANT b'1599315'
ACTION DOC 10000 8460 EXAMINING_DOCUMENT b'1599315'
ACTION QUERY 10000 8470 human smuggling aics
ACTION SERP 10000 8475 EXAMINE_SERP
ACTION SNIPPET 10000 8478 SNIPPET_NOT_RELEVANT b'880226'
ACTION SNIPPET 10000 8481 SNIPPET_RELEVANT b'1257400'
ACTION DOC 10000 8501 EXAMINING_DOCUMENT b'1257400'
ACTION SNIPPET 10000 8504 SNIPPET_RELEVANT b'750212'
ACTION DOC 10000 8524 EXAMINING_DOCUMENT b'750212'
ACTION QUERY 10000 8534 human smuggling hung
ACTION SERP 10000 8539 EXAMINE_SERP
ACTION SNIPPET 10000 8542 SEEN_PREVIOUSLY b'1695585'
ACTION SNIPPET 10000 8545 SNIPPET_NOT_RELEVANT b'663652'
ACTION SNIPPET 10000 8548 SEEN_PREVIOUSLY b'1574025'
ACTION SNIPPET 10000 8551 SEEN_PREVIOUSLY b'247846'
ACTION SNIPPET 10000 8554 SNIPPET_RELEVANT b'656242'
ACTION DOC 10000 8574 EXAMINING_DOCUMENT b'656242'
ACTION MARK 10000 8577 CONSIDERED_RELEVANT b'656242'
ACTION SNIPPET 10000 8580 SNIPPET_NOT_RELEVANT b'1854795'
ACTION SNIPPET 10000 8583 SEEN_PREVIOUSLY b'616288'
ACTION SNIPPET 10000 8586 SEEN_PREVIOUSLY b'515645'
ACTION SNIPPET 10000 8589 SEEN_PREVIOUSLY b'631808'
ACTION SNIPPET 10000 8592 SNIPPET_NOT_RELEVANT b'1359286'
ACTION SNIPPET 10000 8595 SEEN_PREVIOUSLY b'1840937'
ACTION SNIPPET 10000 8598 SEEN_PREVIOUSLY b'1534492'
ACTION SNIPPET 10000 8601 SEEN_PREVIOUSLY b'289234'
ACTION SNIPPET 10000 8604 SEEN_PREVIOUSLY b'1765033'
ACTION SNIPPET 10000 8607 SEEN_PREVIOUSLY b'279302'
ACTION SNIPPET 10000 8610 SEEN_PREVIOUSLY b'1758704'
ACTION SNIPPET 10000 8613 SEEN_PREVIOUSLY b'1193567'
ACTION SNIPPET 10000 8616 SEEN_PREVIOUSLY b'1511702'
ACTION SNIPPET 10000 8619 SNIPPET_RELEVANT b'1497594'
ACTION DOC 10000 8639 EXAMINING_DOCUMENT b'1497594'
ACTION MARK 10000 8642 CONSIDERED_RELEVANT b'1497594'
ACTION SNIPPET 10000 8645 SEEN_PREVIOUSLY b'699231'
ACTION SNIPPET 10000 8648 SEEN_PREVIOUSLY b'1684351'
ACTION SNIPPET 10000 8651 SEEN_PREVIOUSLY b'1819859'
ACTION SNIPPET 10000 8654 SEEN_PREVIOUSLY b'1168056'
ACTION SNIPPET 10000 8657 SEEN_PREVIOUSLY b'1002865'
ACTION SNIPPET 10000 8660 SEEN_PREVIOUSLY b'1680238'
ACTION SNIPPET 10000 8663 SEEN_PREVIOUSLY b'687522'
ACTION SNIPPET 10000 8666 SEEN_PREVIOUSLY b'1081949'
ACTION SNIPPET 10000 8669 SEEN_PREVIOUSLY b'809795'
ACTION SNIPPET 10000 8672 SNIPPET_NOT_RELEVANT b'1647446'
ACTION SNIPPET 10000 8675 SNIPPET_RELEVANT b'1399649'
ACTION DOC 10000 8695 EXAMINING_DOCUMENT b'1399649'
ACTION QUERY 10000 8705 human smuggling flight
ACTION SERP 10000 8710 EXAMINE_SERP
ACTION SNIPPET 10000 8713 SEEN_PREVIOUSLY b'1574025'
ACTION SNIPPET 10000 8716 SEEN_PREVIOUSLY b'1573014'
ACTION SNIPPET 10000 8719 SEEN_PREVIOUSLY b'1836875'
ACTION SNIPPET 10000 8722 SNIPPET_NOT_RELEVANT b'1354653'
ACTION SNIPPET 10000 8725 SEEN_PREVIOUSLY b'227916'
ACTION SNIPPET 10000 8728 SNIPPET_RELEVANT b'1189657'
ACTION DOC 10000 8748 EXAMINING_DOCUMENT b'1189657'
ACTION SNIPPET 10000 8751 SNIPPET_NOT_RELEVANT b'211460'
ACTION SNIPPET 10000 8754 SNIPPET_NOT_RELEVANT b'312192'
ACTION SNIPPET 10000 8757 SNIPPET_RELEVANT b'545093'
ACTION DOC 10000 8777 EXAMINING_DOCUMENT b'545093'
ACTION QUERY 10000 8787 human smuggling sat
ACTION SERP 10000 8792 EXAMINE_SERP
ACTION SNIPPET 10000 8795 SEEN_PREVIOUSLY b'1673227'
ACTION SNIPPET 10000 8798 SEEN_PREVIOUSLY b'631808'
ACTION SNIPPET 10000 8801 SEEN_PREVIOUSLY b'1549273'
ACTION SNIPPET 10000 8804 SNIPPET_RELEVANT b'614577'
ACTION DOC 10000 8824 EXAMINING_DOCUMENT b'614577'
ACTION SNIPPET 10000 8827 SEEN_PREVIOUSLY b'1416047'
ACTION SNIPPET 10000 8830 SEEN_PREVIOUSLY b'1655633'
ACTION SNIPPET 10000 8833 SEEN_PREVIOUSLY b'1659485'
ACTION SNIPPET 10000 8836 SEEN_PREVIOUSLY b'1574025'
ACTION SNIPPET 10000 8839 SEEN_PREVIOUSLY b'247846'
ACTION QUERY 10000 8849 human smuggling seized
ACTION SERP 10000 8854 EXAMINE_SERP
ACTION SNIPPET 10000 8857 SNIPPET_NOT_RELEVANT b'168622'
ACTION SNIPPET 10000 8860 SNIPPET_NOT_RELEVANT b'68165'
ACTION SNIPPET 10000 8863 SNIPPET_NOT_RELEVANT b'55658'
ACTION SNIPPET 10000 8866 SEEN_PREVIOUSLY b'510341'
ACTION SNIPPET 10000 8869 SEEN_PREVIOUSLY b'552207'
ACTION SNIPPET 10000 8872 SNIPPET_RELEVANT b'258386'
ACTION DOC 10000 8892 EXAMINING_DOCUMENT b'258386'
ACTION SNIPPET 10000 8895 SNIPPET_RELEVANT b'745081'
ACTION DOC 10000 8915 EXAMINING_DOCUMENT b'745081'
ACTION QUERY 10000 8925 human smuggling venture
ACTION SERP 10000 8930 EXAMINE_SERP
ACTION SNIPPET 10000 8933 SEEN_PREVIOUSLY b'1193567'
ACTION SNIPPET 10000 8936 SEEN_PREVIOUSLY b'1680238'
ACTION SNIPPET 10000 8939 SEEN_PREVIOUSLY b'699231'
ACTION SNIPPET 10000 8942 SEEN_PREVIOUSLY b'1673227'
ACTION SNIPPET 10000 8945 SEEN_PREVIOUSLY b'810161'
ACTION SNIPPET 10000 8948 SEEN_PREVIOUSLY b'696532'
ACTION SNIPPET 10000 8951 SEEN_PREVIOUSLY b'615680'
ACTION SNIPPET 10000 8954 SEEN_PREVIOUSLY b'1517790'
ACTION SNIPPET 10000 8957 SEEN_PREVIOUSLY b'809795'
ACTION SNIPPET 10000 8960 SEEN_PREVIOUSLY b'631808'
ACTION SNIPPET 10000 8963 SEEN_PREVIOUSLY b'758632'
ACTION SNIPPET 10000 8966 SEEN_PREVIOUSLY b'616968'
ACTION SNIPPET 10000 8969 SEEN_PREVIOUSLY b'1021428'
ACTION SNIPPET 10000 8972 SEEN_PREVIOUSLY b'1066583'
ACTION SNIPPET 10000 8975 SEEN_PREVIOUSLY b'614026'
ACTION QUERY 10000 8985 human smuggling lost
ACTION SERP 10000 8990 EXAMINE_SERP
ACTION SNIPPET 10000 8993 SEEN_PREVIOUSLY b'1840937'
ACTION SNIPPET 10000 8996 SEEN_PREVIOUSLY b'1574025'
ACTION SNIPPET 10000 8999 SEEN_PREVIOUSLY b'696532'
ACTION SNIPPET 10000 9002 SEEN_PREVIOUSLY b'247846'
ACTION SNIPPET 10000 9005 SEEN_PREVIOUSLY b'1443307'
ACTION SNIPPET 10000 9008 SEEN_PREVIOUSLY b'1033781'
ACTION SNIPPET 10000 9011 SEEN_PREVIOUSLY b'1232921'
ACTION SNIPPET 10000 9014 SEEN_PREVIOUSLY b'1090875'
ACTION SNIPPET 10000 9017 SEEN_PREVIOUSLY b'1021621'
ACTION SNIPPET 10000 9020 SEEN_PREVIOUSLY b'248208'
ACTION SNIPPET 10000 9023 SEEN_PREVIOUSLY b'616288'
ACTION SNIPPET 10000 9026 SEEN_PREVIOUSLY b'614393'
ACTION SNIPPET 10000 9029 SEEN_PREVIOUSLY b'1517790'
ACTION SNIPPET 10000 9032 SEEN_PREVIOUSLY b'515645'
ACTION SNIPPET 10000 9035 SEEN_PREVIOUSLY b'631808'
ACTION QUERY 10000 9045 human smuggling times
ACTION SERP 10000 9050 EXAMINE_SERP
ACTION SNIPPET 10000 9053 SEEN_PREVIOUSLY b'1574025'
ACTION SNIPPET 10000 9056 SEEN_PREVIOUSLY b'247846'
ACTION SNIPPET 10000 9059 SEEN_PREVIOUSLY b'616288'
ACTION SNIPPET 10000 9062 SEEN_PREVIOUSLY b'1840937'
ACTION SNIPPET 10000 9065 SEEN_PREVIOUSLY b'515645'
ACTION SNIPPET 10000 9068 SEEN_PREVIOUSLY b'1765033'
ACTION SNIPPET 10000 9071 SEEN_PREVIOUSLY b'1534492'
ACTION SNIPPET 10000 9074 SEEN_PREVIOUSLY b'631808'
ACTION SNIPPET 10000 9077 SEEN_PREVIOUSLY b'1193567'
ACTION SNIPPET 10000 9080 SEEN_PREVIOUSLY b'289234'
ACTION SNIPPET 10000 9083 SEEN_PREVIOUSLY b'279302'
ACTION SNIPPET 10000 9086 SEEN_PREVIOUSLY b'1758704'
ACTION SNIPPET 10000 9089 SEEN_PREVIOUSLY b'1511702'
ACTION SNIPPET 10000 9092 SEEN_PREVIOUSLY b'1819859'
ACTION SNIPPET 10000 9095 SEEN_PREVIOUSLY b'1002865'
ACTION QUERY 10000 9105 human smuggling word
ACTION SERP 10000 9110 EXAMINE_SERP
ACTION SNIPPET 10000 9113 SEEN_PREVIOUSLY b'1534492'
ACTION SNIPPET 10000 9116 SEEN_PREVIOUSLY b'1680238'
ACTION SNIPPET 10000 9119 SEEN_PREVIOUSLY b'279302'
ACTION SNIPPET 10000 9122 SEEN_PREVIOUSLY b'1237167'
ACTION SNIPPET 10000 9125 SEEN_PREVIOUSLY b'1193567'
ACTION SNIPPET 10000 9128 SEEN_PREVIOUSLY b'1168056'
ACTION SNIPPET 10000 9131 SEEN_PREVIOUSLY b'1574025'
ACTION SNIPPET 10000 9134 SEEN_PREVIOUSLY b'247846'
ACTION SNIPPET 10000 9137 SEEN_PREVIOUSLY b'616288'
ACTION SNIPPET 10000 9140 SEEN_PREVIOUSLY b'1760592'
ACTION SNIPPET 10000 9143 SEEN_PREVIOUSLY b'515645'
ACTION SNIPPET 10000 9146 SEEN_PREVIOUSLY b'631808'
ACTION SNIPPET 10000 9149 SEEN_PREVIOUSLY b'1840937'
ACTION SNIPPET 10000 9152 SNIPPET_NOT_RELEVANT b'65250'
ACTION SNIPPET 10000 9155 SEEN_PREVIOUSLY b'289234'
ACTION QUERY 10000 9165 human smuggling boats
ACTION SERP 10000 9170 EXAMINE_SERP
ACTION SNIPPET 10000 9173 SEEN_PREVIOUSLY b'1021621'
ACTION SNIPPET 10000 9176 SEEN_PREVIOUSLY b'1090875'
ACTION SNIPPET 10000 9179 SEEN_PREVIOUSLY b'883400'
ACTION SNIPPET 10000 9182 SEEN_PREVIOUSLY b'1680238'
ACTION SNIPPET 10000 9185 SEEN_PREVIOUSLY b'1073229'
ACTION SNIPPET 10000 9188 SEEN_PREVIOUSLY b'1066583'
ACTION SNIPPET 10000 9191 SNIPPET_RELEVANT b'1608593'
ACTION DOC 10000 9211 EXAMINING_DOCUMENT b'1608593'
ACTION MARK 10000 9214 CONSIDERED_RELEVANT b'1608593'
ACTION SNIPPET 10000 9217 SEEN_PREVIOUSLY b'810161'
ACTION SNIPPET 10000 9220 SEEN_PREVIOUSLY b'616681'
ACTION SNIPPET 10000 9223 SEEN_PREVIOUSLY b'1212432'
ACTION SNIPPET 10000 9226 SEEN_PREVIOUSLY b'613752'
ACTION SNIPPET 10000 9229 SEEN_PREVIOUSLY b'451716'
ACTION SNIPPET 10000 9232 SEEN_PREVIOUSLY b'710373'
ACTION SNIPPET 10000 9235 SNIPPET_NOT_RELEVANT b'1090896'
ACTION SNIPPET 10000 9238 SNIPPET_RELEVANT b'96694'
ACTION DOC 10000 9258 EXAMINING_DOCUMENT b'96694'
ACTION SNIPPET 10000 9261 SEEN_PREVIOUSLY b'696532'
ACTION SNIPPET 10000 9264 SNIPPET_NOT_RELEVANT b'189855'
ACTION QUERY 10000 9274 human smuggling honduran
ACTION SERP 10000 9279 EXAMINE_SERP
ACTION SNIPPET 10000 9282 SNIPPET_NOT_RELEVANT b'166218'
ACTION SNIPPET 10000 9285 SNIPPET_RELEVANT b'20613'
ACTION DOC 10000 9305 EXAMINING_DOCUMENT b'20613'
ACTION SNIPPET 10000 9308 SNIPPET_NOT_RELEVANT b'148314'
ACTION SNIPPET 10000 9311 SNIPPET_RELEVANT b'148368'
ACTION DOC 10000 9331 EXAMINING_DOCUMENT b'148368'
ACTION QUERY 10000 9341 human smuggling utah
ACTION SERP 10000 9346 EXAMINE_SERP
ACTION SNIPPET 10000 9349 SEEN_PREVIOUSLY b'1840937'
ACTION SNIPPET 10000 9352 SNIPPET_NOT_RELEVANT b'38989'
ACTION SNIPPET 10000 9355 SNIPPET_RELEVANT b'1294289'
ACTION DOC 10000 9375 EXAMINING_DOCUMENT b'1294289'
ACTION SNIPPET 10000 9378 SEEN_PREVIOUSLY b'1574025'
ACTION SNIPPET 10000 9381 SEEN_PREVIOUSLY b'247846'
ACTION SNIPPET 10000 9384 SNIPPET_RELEVANT b'1733263'
ACTION DOC 10000 9404 EXAMINING_DOCUMENT b'1733263'
ACTION QUERY 10000 9414 human smuggling formal
ACTION SERP 10000 9419 EXAMINE_SERP
ACTION SNIPPET 10000 9422 SEEN_PREVIOUSLY b'1317613'
ACTION SNIPPET 10000 9425 SEEN_PREVIOUSLY b'630420'
ACTION SNIPPET 10000 9428 SNIPPET_RELEVANT b'274840'
ACTION DOC 10000 9448 EXAMINING_DOCUMENT b'274840'
ACTION SNIPPET 10000 9451 SEEN_PREVIOUSLY b'1040178'
ACTION SNIPPET 10000 9454 SNIPPET_RELEVANT b'249998'
ACTION DOC 10000 9474 EXAMINING_DOCUMENT b'249998'
ACTION QUERY 10000 9484 human smuggling destroyed
ACTION SERP 10000 9489 EXAMINE_SERP
ACTION SNIPPET 10000 9492 SEEN_PREVIOUSLY b'279302'
ACTION SNIPPET 10000 9495 SEEN_PREVIOUSLY b'1527445'
ACTION SNIPPET 10000 9498 SEEN_PREVIOUSLY b'1534492'
ACTION SNIPPET 10000 9501 SEEN_PREVIOUSLY b'126058'
ACTION SNIPPET 10000 9504 SNIPPET_RELEVANT b'789079'
ACTION DOC 10000 9524 EXAMINING_DOCUMENT b'789079'
ACTION SNIPPET 10000 9527 SNIPPET_RELEVANT b'1407629'
ACTION DOC 10000 9547 EXAMINING_DOCUMENT b'1407629'
ACTION QUERY 10000 9557 human smuggling sirens
ACTION SERP 10000 9562 EXAMINE_SERP
ACTION SNIPPET 10000 9565 SEEN_PREVIOUSLY b'289234'
ACTION SNIPPET 10000 9568 SNIPPET_NOT_RELEVANT b'1346126'
ACTION SNIPPET 10000 9571 SEEN_PREVIOUSLY b'810161'
ACTION SNIPPET 10000 9574 SNIPPET_RELEVANT b'22447'
ACTION DOC 10000 9594 EXAMINING_DOCUMENT b'22447'
ACTION SNIPPET 10000 9597 SNIPPET_NOT_RELEVANT b'1429476'
ACTION SNIPPET 10000 9600 SEEN_PREVIOUSLY b'1574025'
ACTION SNIPPET 10000 9603 SEEN_PREVIOUSLY b'247846'
ACTION SNIPPET 10000 9606 SNIPPET_NOT_RELEVANT b'885924'
ACTION SNIPPET 10000 9609 SEEN_PREVIOUSLY b'616288'
ACTION QUERY 10000 9619 human smuggling sister
ACTION SERP 10000 9624 EXAMINE_SERP
ACTION SNIPPET 10000 9627 SEEN_PREVIOUSLY b'1673227'
ACTION SNIPPET 10000 9630 SEEN_PREVIOUSLY b'1680238'
ACTION SNIPPET 10000 9633 SEEN_PREVIOUSLY b'1193567'
ACTION SNIPPET 10000 9636 SEEN_PREVIOUSLY b'1501576'
ACTION SNIPPET 10000 9639 SNIPPET_RELEVANT b'1059865'
ACTION DOC 10000 9659 EXAMINING_DOCUMENT b'1059865'
ACTION SNIPPET 10000 9662 SNIPPET_NOT_RELEVANT b'1242173'
ACTION SNIPPET 10000 9665 SEEN_PREVIOUSLY b'1658184'
ACTION SNIPPET 10000 9668 SEEN_PREVIOUSLY b'1574025'
ACTION SNIPPET 10000 9671 SEEN_PREVIOUSLY b'247846'
ACTION QUERY 10000 9681 human smuggling huong
ACTION SERP 10000 9686 EXAMINE_SERP
ACTION SNIPPET 10000 9689 SNIPPET_NOT_RELEVANT b'1376715'
ACTION SNIPPET 10000 9692 SNIPPET_NOT_RELEVANT b'765805'
ACTION SNIPPET 10000 9695 SNIPPET_RELEVANT b'1472262'
ACTION DOC 10000 9715 EXAMINING_DOCUMENT b'1472262'
ACTION SNIPPET 10000 9718 SNIPPET_RELEVANT b'1175010'
ACTION DOC 10000 9738 EXAMINING_DOCUMENT b'1175010'
ACTION QUERY 10000 9748 human smuggling testimony
ACTION SERP 10000 9753 EXAMINE_SERP
ACTION SNIPPET 10000 9756 SEEN_PREVIOUSLY b'568099'
ACTION SNIPPET 10000 9759 SNIPPET_NOT_RELEVANT b'91795'
ACTION SNIPPET 10000 9762 SEEN_PREVIOUSLY b'810161'
ACTION SNIPPET 10000 9765 SEEN_PREVIOUSLY b'1030954'
ACTION SNIPPET 10000 9768 SEEN_PREVIOUSLY b'1819859'
ACTION SNIPPET 10000 9771 SEEN_PREVIOUSLY b'802946'
ACTION SNIPPET 10000 9774 SEEN_PREVIOUSLY b'802637'
ACTION SNIPPET 10000 9777 SNIPPET_RELEVANT b'140566'
ACTION DOC 10000 9797 EXAMINING_DOCUMENT b'140566'
ACTION SNIPPET 10000 9800 SNIPPET_NOT_RELEVANT b'141391'
ACTION QUERY 10000 9810 human smuggling calling
ACTION SERP 10000 9815 EXAMINE_SERP
ACTION SNIPPET 10000 9818 SEEN_PREVIOUSLY b'515645'
ACTION SNIPPET 10000 9821 SEEN_PREVIOUSLY b'1765033'
ACTION SNIPPET 10000 9824 SEEN_PREVIOUSLY b'1574025'
ACTION SNIPPET 10000 9827 SEEN_PREVIOUSLY b'1819859'
ACTION SNIPPET 10000 9830 SEEN_PREVIOUSLY b'247846'
ACTION SNIPPET 10000 9833 SEEN_PREVIOUSLY b'1193567'
ACTION SNIPPET 10000 9836 SEEN_PREVIOUSLY b'1758704'
ACTION SNIPPET 10000 9839 SEEN_PREVIOUSLY b'699231'
ACTION SNIPPET 10000 9842 SEEN_PREVIOUSLY b'1684351'
ACTION SNIPPET 10000 9845 SEEN_PREVIOUSLY b'1534492'
ACTION SNIPPET 10000 9848 SEEN_PREVIOUSLY b'1680238'
ACTION SNIPPET 10000 9851 SEEN_PREVIOUSLY b'1081949'
ACTION SNIPPET 10000 9854 SEEN_PREVIOUSLY b'616288'
ACTION SNIPPET 10000 9857 SEEN_PREVIOUSLY b'857510'
ACTION SNIPPET 10000 9860 SEEN_PREVIOUSLY b'631808'
ACTION QUERY 10000 9870 human smuggling kong
ACTION SERP 10000 9875 EXAMINE_SERP
ACTION SNIPPET 10000 9878 SEEN_PREVIOUSLY b'1193567'
ACTION SNIPPET 10000 9881 SEEN_PREVIOUSLY b'1168052'
ACTION SNIPPET 10000 9884 SEEN_PREVIOUSLY b'631808'
ACTION SNIPPET 10000 9887 SEEN_PREVIOUSLY b'451716'
ACTION SNIPPET 10000 9890 SEEN_PREVIOUSLY b'1168056'
ACTION SNIPPET 10000 9893 SEEN_PREVIOUSLY b'1363255'
ACTION SNIPPET 10000 9896 SNIPPET_NOT_RELEVANT b'571812'
ACTION SNIPPET 10000 9899 SEEN_PREVIOUSLY b'1501576'
ACTION SNIPPET 10000 9902 SNIPPET_RELEVANT b'312213'
ACTION DOC 10000 9922 EXAMINING_DOCUMENT b'312213'
ACTION QUERY 10000 9932 human smuggling foods
ACTION SERP 10000 9937 EXAMINE_SERP
ACTION SNIPPET 10000 9940 SEEN_PREVIOUSLY b'1168056'
ACTION SNIPPET 10000 9943 SEEN_PREVIOUSLY b'279302'
ACTION SNIPPET 10000 9946 SEEN_PREVIOUSLY b'515645'
ACTION SNIPPET 10000 9949 SEEN_PREVIOUSLY b'1352930'
ACTION SNIPPET 10000 9952 SEEN_PREVIOUSLY b'630420'
ACTION SNIPPET 10000 9955 SEEN_PREVIOUSLY b'1574025'
ACTION SNIPPET 10000 9958 SNIPPET_NOT_RELEVANT b'1353906'
ACTION SNIPPET 10000 9961 SEEN_PREVIOUSLY b'243366'
ACTION SNIPPET 10000 9964 SEEN_PREVIOUSLY b'247846'
ACTION SNIPPET 10000 9967 SEEN_PREVIOUSLY b'1066583'
ACTION SNIPPET 10000 9970 SNIPPET_RELEVANT b'413553'
ACTION DOC 10000 9990 EXAMINING_DOCUMENT b'413553'
ACTION QUERY 10000 10000 human smuggling authorities
INFO SUMMARY 
INFO TOTAL_QUERIES_ISSUED 86
INFO TOTAL_SNIPPETS_EXAMINED 1235
INFO TOTAL_DOCUMENTS_EXAMINED 234
INFO TOTAL_DOCUMENTS_MARKED_RELEVANT 110
INFO TOTAL_ATTRACTIVE_SERP_IMPRESSIONS 85
INFO TOTAL_UNATTRACTIVE_SERP_IMPRESSIONS 0
