ACTION QUERY 10000 10 women in parliaments
ACTION SERP 10000 15 EXAMINE_SERP
ACTION SNIPPET 10000 18 SNIPPET_RELEVANT b'278069'
ACTION DOC 10000 38 EXAMINING_DOCUMENT b'278069'
ACTION MARK 10000 41 CONSIDERED_RELEVANT b'278069'
ACTION SNIPPET 10000 44 SNIPPET_NOT_RELEVANT b'1612526'
ACTION SNIPPET 10000 47 SNIPPET_RELEVANT b'1419003'
ACTION DOC 10000 67 EXAMINING_DOCUMENT b'1419003'
ACTION SNIPPET 10000 70 SNIPPET_RELEVANT b'1669821'
ACTION DOC 10000 90 EXAMINING_DOCUMENT b'1669821'
ACTION MARK 10000 93 CONSIDERED_RELEVANT b'1669821'
ACTION SNIPPET 10000 96 SNIPPET_RELEVANT b'1708799'
ACTION DOC 10000 116 EXAMINING_DOCUMENT b'1708799'
ACTION MARK 10000 119 CONSIDERED_RELEVANT b'1708799'
ACTION SNIPPET 10000 122 SNIPPET_RELEVANT b'885618'
ACTION DOC 10000 142 EXAMINING_DOCUMENT b'885618'
ACTION MARK 10000 145 CONSIDERED_RELEVANT b'885618'
ACTION SNIPPET 10000 148 SNIPPET_RELEVANT b'784875'
ACTION DOC 10000 168 EXAMINING_DOCUMENT b'784875'
ACTION MARK 10000 171 CONSIDERED_RELEVANT b'784875'
ACTION SNIPPET 10000 174 SNIPPET_RELEVANT b'714723'
ACTION DOC 10000 194 EXAMINING_DOCUMENT b'714723'
ACTION MARK 10000 197 CONSIDERED_RELEVANT b'714723'
ACTION SNIPPET 10000 200 SNIPPET_RELEVANT b'1120966'
ACTION DOC 10000 220 EXAMINING_DOCUMENT b'1120966'
ACTION MARK 10000 223 CONSIDERED_RELEVANT b'1120966'
ACTION SNIPPET 10000 226 SNIPPET_RELEVANT b'343331'
ACTION DOC 10000 246 EXAMINING_DOCUMENT b'343331'
ACTION QUERY 10000 256 women in parliaments reforms
ACTION SERP 10000 261 EXAMINE_SERP
ACTION SNIPPET 10000 264 SNIPPET_RELEVANT b'1203173'
ACTION DOC 10000 284 EXAMINING_DOCUMENT b'1203173'
ACTION SNIPPET 10000 287 SNIPPET_RELEVANT b'1612526'
ACTION DOC 10000 307 EXAMINING_DOCUMENT b'1612526'
ACTION SNIPPET 10000 310 SNIPPET_NOT_RELEVANT b'1221423'
ACTION SNIPPET 10000 313 SNIPPET_RELEVANT b'1204875'
ACTION DOC 10000 333 EXAMINING_DOCUMENT b'1204875'
ACTION MARK 10000 336 CONSIDERED_RELEVANT b'1204875'
ACTION SNIPPET 10000 339 SNIPPET_RELEVANT b'1773002'
ACTION DOC 10000 359 EXAMINING_DOCUMENT b'1773002'
ACTION MARK 10000 362 CONSIDERED_RELEVANT b'1773002'
ACTION SNIPPET 10000 365 SNIPPET_RELEVANT b'722210'
ACTION DOC 10000 385 EXAMINING_DOCUMENT b'722210'
ACTION SNIPPET 10000 388 SNIPPET_RELEVANT b'1434566'
ACTION DOC 10000 408 EXAMINING_DOCUMENT b'1434566'
ACTION MARK 10000 411 CONSIDERED_RELEVANT b'1434566'
ACTION SNIPPET 10000 414 SNIPPET_NOT_RELEVANT b'1511880'
ACTION SNIPPET 10000 417 SNIPPET_NOT_RELEVANT b'1313177'
ACTION SNIPPET 10000 420 SNIPPET_NOT_RELEVANT b'1174399'
ACTION QUERY 10000 430 women in parliaments killings
ACTION SERP 10000 435 EXAMINE_SERP
ACTION SNIPPET 10000 438 SNIPPET_NOT_RELEVANT b'1622534'
ACTION SNIPPET 10000 441 SNIPPET_RELEVANT b'1652890'
ACTION DOC 10000 461 EXAMINING_DOCUMENT b'1652890'
ACTION MARK 10000 464 CONSIDERED_RELEVANT b'1652890'
ACTION SNIPPET 10000 467 SNIPPET_RELEVANT b'1518382'
ACTION DOC 10000 487 EXAMINING_DOCUMENT b'1518382'
ACTION SNIPPET 10000 490 SNIPPET_NOT_RELEVANT b'1714274'
ACTION SNIPPET 10000 493 SNIPPET_RELEVANT b'297178'
ACTION DOC 10000 513 EXAMINING_DOCUMENT b'297178'
ACTION SNIPPET 10000 516 SNIPPET_RELEVANT b'1702427'
ACTION DOC 10000 536 EXAMINING_DOCUMENT b'1702427'
ACTION MARK 10000 539 CONSIDERED_RELEVANT b'1702427'
ACTION SNIPPET 10000 542 SNIPPET_RELEVANT b'1688833'
ACTION DOC 10000 562 EXAMINING_DOCUMENT b'1688833'
ACTION SNIPPET 10000 565 SNIPPET_NOT_RELEVANT b'223871'
ACTION SNIPPET 10000 568 SNIPPET_RELEVANT b'1654162'
ACTION DOC 10000 588 EXAMINING_DOCUMENT b'1654162'
ACTION SNIPPET 10000 591 SNIPPET_NOT_RELEVANT b'983087'
ACTION QUERY 10000 601 women in parliaments humiliation
ACTION SERP 10000 606 EXAMINE_SERP
ACTION SNIPPET 10000 609 SEEN_PREVIOUSLY b'343331'
ACTION SNIPPET 10000 612 SNIPPET_RELEVANT b'687620'
ACTION DOC 10000 632 EXAMINING_DOCUMENT b'687620'
ACTION SNIPPET 10000 635 SNIPPET_NOT_RELEVANT b'343255'
ACTION SNIPPET 10000 638 SNIPPET_NOT_RELEVANT b'1192653'
ACTION SNIPPET 10000 641 SNIPPET_NOT_RELEVANT b'1071394'
ACTION SNIPPET 10000 644 SNIPPET_RELEVANT b'811105'
ACTION DOC 10000 664 EXAMINING_DOCUMENT b'811105'
ACTION SNIPPET 10000 667 SNIPPET_RELEVANT b'1251610'
ACTION DOC 10000 687 EXAMINING_DOCUMENT b'1251610'
ACTION SNIPPET 10000 690 SNIPPET_NOT_RELEVANT b'1285558'
ACTION SNIPPET 10000 693 SNIPPET_NOT_RELEVANT b'669587'
ACTION SNIPPET 10000 696 SNIPPET_NOT_RELEVANT b'1070391'
ACTION QUERY 10000 706 women in parliaments bring
ACTION SERP 10000 711 EXAMINE_SERP
ACTION SNIPPET 10000 714 SNIPPET_RELEVANT b'1365609'
ACTION DOC 10000 734 EXAMINING_DOCUMENT b'1365609'
ACTION SNIPPET 10000 737 SNIPPET_NOT_RELEVANT b'339175'
ACTION SNIPPET 10000 740 SNIPPET_RELEVANT b'1121191'
ACTION DOC 10000 760 EXAMINING_DOCUMENT b'1121191'
ACTION MARK 10000 763 CONSIDERED_RELEVANT b'1121191'
ACTION SNIPPET 10000 766 SNIPPET_NOT_RELEVANT b'1611961'
ACTION SNIPPET 10000 769 SNIPPET_RELEVANT b'1116367'
ACTION DOC 10000 789 EXAMINING_DOCUMENT b'1116367'
ACTION MARK 10000 792 CONSIDERED_RELEVANT b'1116367'
ACTION SNIPPET 10000 795 SEEN_PREVIOUSLY b'297178'
ACTION SNIPPET 10000 798 SNIPPET_RELEVANT b'17233'
ACTION DOC 10000 818 EXAMINING_DOCUMENT b'17233'
ACTION SNIPPET 10000 821 SEEN_PREVIOUSLY b'1612526'
ACTION SNIPPET 10000 824 SEEN_PREVIOUSLY b'1419003'
ACTION SNIPPET 10000 827 SNIPPET_NOT_RELEVANT b'1294022'
ACTION QUERY 10000 837 women in parliaments independent
ACTION SERP 10000 842 EXAMINE_SERP
ACTION SNIPPET 10000 845 SNIPPET_RELEVANT b'573572'
ACTION DOC 10000 865 EXAMINING_DOCUMENT b'573572'
ACTION MARK 10000 868 CONSIDERED_RELEVANT b'573572'
ACTION SNIPPET 10000 871 SNIPPET_NOT_RELEVANT b'353827'
ACTION SNIPPET 10000 874 SNIPPET_RELEVANT b'34581'
ACTION DOC 10000 894 EXAMINING_DOCUMENT b'34581'
ACTION MARK 10000 897 CONSIDERED_RELEVANT b'34581'
ACTION SNIPPET 10000 900 SNIPPET_NOT_RELEVANT b'1502773'
ACTION SNIPPET 10000 903 SNIPPET_NOT_RELEVANT b'1772765'
ACTION SNIPPET 10000 906 SNIPPET_RELEVANT b'302716'
ACTION DOC 10000 926 EXAMINING_DOCUMENT b'302716'
ACTION MARK 10000 929 CONSIDERED_RELEVANT b'302716'
ACTION SNIPPET 10000 932 SNIPPET_RELEVANT b'731284'
ACTION DOC 10000 952 EXAMINING_DOCUMENT b'731284'
ACTION SNIPPET 10000 955 SNIPPET_RELEVANT b'1245790'
ACTION DOC 10000 975 EXAMINING_DOCUMENT b'1245790'
ACTION SNIPPET 10000 978 SNIPPET_NOT_RELEVANT b'573133'
ACTION SNIPPET 10000 981 SEEN_PREVIOUSLY b'1203173'
ACTION QUERY 10000 991 women in parliaments families
ACTION SERP 10000 996 EXAMINE_SERP
ACTION SNIPPET 10000 999 SNIPPET_NOT_RELEVANT b'1171985'
ACTION SNIPPET 10000 1002 SEEN_PREVIOUSLY b'731284'
ACTION SNIPPET 10000 1005 SEEN_PREVIOUSLY b'1612526'
ACTION SNIPPET 10000 1008 SNIPPET_NOT_RELEVANT b'1221423'
ACTION SNIPPET 10000 1011 SNIPPET_RELEVANT b'1162537'
ACTION DOC 10000 1031 EXAMINING_DOCUMENT b'1162537'
ACTION MARK 10000 1034 CONSIDERED_RELEVANT b'1162537'
ACTION SNIPPET 10000 1037 SNIPPET_RELEVANT b'1294266'
ACTION DOC 10000 1057 EXAMINING_DOCUMENT b'1294266'
ACTION MARK 10000 1060 CONSIDERED_RELEVANT b'1294266'
ACTION SNIPPET 10000 1063 SNIPPET_RELEVANT b'1673317'
ACTION DOC 10000 1083 EXAMINING_DOCUMENT b'1673317'
ACTION MARK 10000 1086 CONSIDERED_RELEVANT b'1673317'
ACTION SNIPPET 10000 1089 SNIPPET_NOT_RELEVANT b'1611961'
ACTION SNIPPET 10000 1092 SNIPPET_RELEVANT b'1772765'
ACTION DOC 10000 1112 EXAMINING_DOCUMENT b'1772765'
ACTION MARK 10000 1115 CONSIDERED_RELEVANT b'1772765'
ACTION SNIPPET 10000 1118 SNIPPET_NOT_RELEVANT b'1092681'
ACTION QUERY 10000 1128 women in parliaments run
ACTION SERP 10000 1133 EXAMINE_SERP
ACTION SNIPPET 10000 1136 SEEN_PREVIOUSLY b'1419003'
ACTION SNIPPET 10000 1139 SNIPPET_RELEVANT b'931833'
ACTION DOC 10000 1159 EXAMINING_DOCUMENT b'931833'
ACTION MARK 10000 1162 CONSIDERED_RELEVANT b'931833'
ACTION SNIPPET 10000 1165 SNIPPET_RELEVANT b'1771996'
ACTION DOC 10000 1185 EXAMINING_DOCUMENT b'1771996'
ACTION MARK 10000 1188 CONSIDERED_RELEVANT b'1771996'
ACTION SNIPPET 10000 1191 SNIPPET_NOT_RELEVANT b'1398512'
ACTION SNIPPET 10000 1194 SNIPPET_NOT_RELEVANT b'204540'
ACTION SNIPPET 10000 1197 SNIPPET_RELEVANT b'521171'
ACTION DOC 10000 1217 EXAMINING_DOCUMENT b'521171'
ACTION MARK 10000 1220 CONSIDERED_RELEVANT b'521171'
ACTION SNIPPET 10000 1223 SEEN_PREVIOUSLY b'731284'
ACTION SNIPPET 10000 1226 SEEN_PREVIOUSLY b'1612526'
ACTION SNIPPET 10000 1229 SNIPPET_NOT_RELEVANT b'1726138'
ACTION SNIPPET 10000 1232 SNIPPET_NOT_RELEVANT b'1233346'
ACTION QUERY 10000 1242 women in parliaments reformer
ACTION SERP 10000 1247 EXAMINE_SERP
ACTION SNIPPET 10000 1250 SEEN_PREVIOUSLY b'1203173'
ACTION SNIPPET 10000 1253 SEEN_PREVIOUSLY b'1612526'
ACTION SNIPPET 10000 1256 SNIPPET_RELEVANT b'1221423'
ACTION DOC 10000 1276 EXAMINING_DOCUMENT b'1221423'
ACTION SNIPPET 10000 1279 SEEN_PREVIOUSLY b'722210'
ACTION SNIPPET 10000 1282 SNIPPET_NOT_RELEVANT b'1511880'
ACTION SNIPPET 10000 1285 SNIPPET_RELEVANT b'1313177'
ACTION DOC 10000 1305 EXAMINING_DOCUMENT b'1313177'
ACTION SNIPPET 10000 1308 SNIPPET_RELEVANT b'1174399'
ACTION DOC 10000 1328 EXAMINING_DOCUMENT b'1174399'
ACTION SNIPPET 10000 1331 SNIPPET_RELEVANT b'855753'
ACTION DOC 10000 1351 EXAMINING_DOCUMENT b'855753'
ACTION SNIPPET 10000 1354 SNIPPET_RELEVANT b'1178895'
ACTION DOC 10000 1374 EXAMINING_DOCUMENT b'1178895'
ACTION SNIPPET 10000 1377 SNIPPET_RELEVANT b'1220992'
ACTION DOC 10000 1397 EXAMINING_DOCUMENT b'1220992'
ACTION QUERY 10000 1407 women in parliaments iraq
ACTION SERP 10000 1412 EXAMINE_SERP
ACTION SNIPPET 10000 1415 SNIPPET_RELEVANT b'1540084'
ACTION DOC 10000 1435 EXAMINING_DOCUMENT b'1540084'
ACTION MARK 10000 1438 CONSIDERED_RELEVANT b'1540084'
ACTION SNIPPET 10000 1441 SNIPPET_RELEVANT b'456342'
ACTION DOC 10000 1461 EXAMINING_DOCUMENT b'456342'
ACTION MARK 10000 1464 CONSIDERED_RELEVANT b'456342'
ACTION SNIPPET 10000 1467 SNIPPET_NOT_RELEVANT b'1725443'
ACTION SNIPPET 10000 1470 SNIPPET_RELEVANT b'1617718'
ACTION DOC 10000 1490 EXAMINING_DOCUMENT b'1617718'
ACTION MARK 10000 1493 CONSIDERED_RELEVANT b'1617718'
ACTION SNIPPET 10000 1496 SNIPPET_RELEVANT b'561086'
ACTION DOC 10000 1516 EXAMINING_DOCUMENT b'561086'
ACTION MARK 10000 1519 CONSIDERED_RELEVANT b'561086'
ACTION SNIPPET 10000 1522 SNIPPET_NOT_RELEVANT b'1694155'
ACTION SNIPPET 10000 1525 SNIPPET_RELEVANT b'1738717'
ACTION DOC 10000 1545 EXAMINING_DOCUMENT b'1738717'
ACTION SNIPPET 10000 1548 SNIPPET_NOT_RELEVANT b'1849164'
ACTION SNIPPET 10000 1551 SNIPPET_RELEVANT b'1733500'
ACTION DOC 10000 1571 EXAMINING_DOCUMENT b'1733500'
ACTION SNIPPET 10000 1574 SNIPPET_RELEVANT b'1367334'
ACTION DOC 10000 1594 EXAMINING_DOCUMENT b'1367334'
ACTION QUERY 10000 1604 women in parliaments transition
ACTION SERP 10000 1609 EXAMINE_SERP
ACTION SNIPPET 10000 1612 SNIPPET_NOT_RELEVANT b'1346583'
ACTION SNIPPET 10000 1615 SNIPPET_RELEVANT b'505345'
ACTION DOC 10000 1635 EXAMINING_DOCUMENT b'505345'
ACTION SNIPPET 10000 1638 SNIPPET_RELEVANT b'189305'
ACTION DOC 10000 1658 EXAMINING_DOCUMENT b'189305'
ACTION SNIPPET 10000 1661 SNIPPET_NOT_RELEVANT b'1694155'
ACTION SNIPPET 10000 1664 SNIPPET_NOT_RELEVANT b'1755721'
ACTION SNIPPET 10000 1667 SNIPPET_NOT_RELEVANT b'654214'
ACTION SNIPPET 10000 1670 SNIPPET_NOT_RELEVANT b'1703510'
ACTION SNIPPET 10000 1673 SNIPPET_RELEVANT b'636390'
ACTION DOC 10000 1693 EXAMINING_DOCUMENT b'636390'
ACTION SNIPPET 10000 1696 SNIPPET_NOT_RELEVANT b'366228'
ACTION SNIPPET 10000 1699 SNIPPET_RELEVANT b'517844'
ACTION DOC 10000 1719 EXAMINING_DOCUMENT b'517844'
ACTION QUERY 10000 1729 women in parliaments state
ACTION SERP 10000 1734 EXAMINE_SERP
ACTION SNIPPET 10000 1737 SEEN_PREVIOUSLY b'1221423'
ACTION SNIPPET 10000 1740 SNIPPET_RELEVANT b'1158711'
ACTION DOC 10000 1760 EXAMINING_DOCUMENT b'1158711'
ACTION MARK 10000 1763 CONSIDERED_RELEVANT b'1158711'
ACTION SNIPPET 10000 1766 SEEN_PREVIOUSLY b'1612526'
ACTION SNIPPET 10000 1769 SNIPPET_RELEVANT b'659276'
ACTION DOC 10000 1789 EXAMINING_DOCUMENT b'659276'
ACTION MARK 10000 1792 CONSIDERED_RELEVANT b'659276'
ACTION SNIPPET 10000 1795 SEEN_PREVIOUSLY b'731284'
ACTION SNIPPET 10000 1798 SEEN_PREVIOUSLY b'1419003'
ACTION SNIPPET 10000 1801 SNIPPET_RELEVANT b'279632'
ACTION DOC 10000 1821 EXAMINING_DOCUMENT b'279632'
ACTION SNIPPET 10000 1824 SNIPPET_NOT_RELEVANT b'339175'
ACTION SNIPPET 10000 1827 SNIPPET_NOT_RELEVANT b'204540'
ACTION SNIPPET 10000 1830 SNIPPET_NOT_RELEVANT b'1092681'
ACTION QUERY 10000 1840 women in parliaments announced
ACTION SERP 10000 1845 EXAMINE_SERP
ACTION SNIPPET 10000 1848 SNIPPET_NOT_RELEVANT b'1821165'
ACTION SNIPPET 10000 1851 SNIPPET_RELEVANT b'444217'
ACTION DOC 10000 1871 EXAMINING_DOCUMENT b'444217'
ACTION SNIPPET 10000 1874 SNIPPET_RELEVANT b'1179557'
ACTION DOC 10000 1894 EXAMINING_DOCUMENT b'1179557'
ACTION MARK 10000 1897 CONSIDERED_RELEVANT b'1179557'
ACTION SNIPPET 10000 1900 SNIPPET_RELEVANT b'1233346'
ACTION DOC 10000 1920 EXAMINING_DOCUMENT b'1233346'
ACTION SNIPPET 10000 1923 SNIPPET_RELEVANT b'1611961'
ACTION DOC 10000 1943 EXAMINING_DOCUMENT b'1611961'
ACTION SNIPPET 10000 1946 SNIPPET_NOT_RELEVANT b'611878'
ACTION SNIPPET 10000 1949 SEEN_PREVIOUSLY b'1738717'
ACTION SNIPPET 10000 1952 SEEN_PREVIOUSLY b'1612526'
ACTION SNIPPET 10000 1955 SNIPPET_NOT_RELEVANT b'627280'
ACTION SNIPPET 10000 1958 SNIPPET_NOT_RELEVANT b'1108088'
ACTION QUERY 10000 1968 women in parliaments scarf
ACTION SERP 10000 1973 EXAMINE_SERP
ACTION SNIPPET 10000 1976 SNIPPET_NOT_RELEVANT b'1104686'
ACTION SNIPPET 10000 1979 SNIPPET_NOT_RELEVANT b'1108088'
ACTION SNIPPET 10000 1982 SNIPPET_NOT_RELEVANT b'1106960'
ACTION SNIPPET 10000 1985 SNIPPET_RELEVANT b'1104922'
ACTION DOC 10000 2005 EXAMINING_DOCUMENT b'1104922'
ACTION SNIPPET 10000 2008 SNIPPET_NOT_RELEVANT b'1105011'
ACTION SNIPPET 10000 2011 SNIPPET_RELEVANT b'1106452'
ACTION DOC 10000 2031 EXAMINING_DOCUMENT b'1106452'
ACTION SNIPPET 10000 2034 SNIPPET_NOT_RELEVANT b'1346583'
ACTION SNIPPET 10000 2037 SNIPPET_RELEVANT b'1528481'
ACTION DOC 10000 2057 EXAMINING_DOCUMENT b'1528481'
ACTION SNIPPET 10000 2060 SNIPPET_NOT_RELEVANT b'1019928'
ACTION SNIPPET 10000 2063 SNIPPET_NOT_RELEVANT b'1179454'
ACTION QUERY 10000 2073 women in parliaments year
ACTION SERP 10000 2078 EXAMINE_SERP
ACTION SNIPPET 10000 2081 SEEN_PREVIOUSLY b'1419003'
ACTION SNIPPET 10000 2084 SEEN_PREVIOUSLY b'1612526'
ACTION SNIPPET 10000 2087 SEEN_PREVIOUSLY b'343331'
ACTION SNIPPET 10000 2090 SEEN_PREVIOUSLY b'1221423'
ACTION SNIPPET 10000 2093 SNIPPET_RELEVANT b'982355'
ACTION DOC 10000 2113 EXAMINING_DOCUMENT b'982355'
ACTION MARK 10000 2116 CONSIDERED_RELEVANT b'982355'
ACTION SNIPPET 10000 2119 SNIPPET_RELEVANT b'1751025'
ACTION DOC 10000 2139 EXAMINING_DOCUMENT b'1751025'
ACTION MARK 10000 2142 CONSIDERED_RELEVANT b'1751025'
ACTION SNIPPET 10000 2145 SNIPPET_RELEVANT b'1519223'
ACTION DOC 10000 2165 EXAMINING_DOCUMENT b'1519223'
ACTION MARK 10000 2168 CONSIDERED_RELEVANT b'1519223'
ACTION SNIPPET 10000 2171 SEEN_PREVIOUSLY b'279632'
ACTION SNIPPET 10000 2174 SEEN_PREVIOUSLY b'1203173'
ACTION SNIPPET 10000 2177 SEEN_PREVIOUSLY b'722210'
ACTION QUERY 10000 2187 women in parliaments lawmakers
ACTION SERP 10000 2192 EXAMINE_SERP
ACTION SNIPPET 10000 2195 SEEN_PREVIOUSLY b'1221423'
ACTION SNIPPET 10000 2198 SNIPPET_RELEVANT b'404753'
ACTION DOC 10000 2218 EXAMINING_DOCUMENT b'404753'
ACTION SNIPPET 10000 2221 SNIPPET_NOT_RELEVANT b'1438174'
ACTION SNIPPET 10000 2224 SNIPPET_NOT_RELEVANT b'670544'
ACTION SNIPPET 10000 2227 SNIPPET_RELEVANT b'1830941'
ACTION DOC 10000 2247 EXAMINING_DOCUMENT b'1830941'
ACTION SNIPPET 10000 2250 SEEN_PREVIOUSLY b'1654162'
ACTION SNIPPET 10000 2253 SNIPPET_NOT_RELEVANT b'1110802'
ACTION SNIPPET 10000 2256 SNIPPET_RELEVANT b'1359730'
ACTION DOC 10000 2276 EXAMINING_DOCUMENT b'1359730'
ACTION SNIPPET 10000 2279 SNIPPET_NOT_RELEVANT b'638744'
ACTION SNIPPET 10000 2282 SEEN_PREVIOUSLY b'1611961'
ACTION QUERY 10000 2292 women in parliaments told
ACTION SERP 10000 2297 EXAMINE_SERP
ACTION SNIPPET 10000 2300 SEEN_PREVIOUSLY b'404753'
ACTION SNIPPET 10000 2303 SEEN_PREVIOUSLY b'279632'
ACTION SNIPPET 10000 2306 SEEN_PREVIOUSLY b'731284'
ACTION SNIPPET 10000 2309 SEEN_PREVIOUSLY b'1203173'
ACTION SNIPPET 10000 2312 SNIPPET_RELEVANT b'1617745'
ACTION DOC 10000 2332 EXAMINING_DOCUMENT b'1617745'
ACTION SNIPPET 10000 2335 SNIPPET_NOT_RELEVANT b'555756'
ACTION SNIPPET 10000 2338 SEEN_PREVIOUSLY b'1612526'
ACTION SNIPPET 10000 2341 SNIPPET_RELEVANT b'1762502'
ACTION DOC 10000 2361 EXAMINING_DOCUMENT b'1762502'
ACTION SNIPPET 10000 2364 SEEN_PREVIOUSLY b'1419003'
ACTION SNIPPET 10000 2367 SNIPPET_RELEVANT b'1762109'
ACTION DOC 10000 2387 EXAMINING_DOCUMENT b'1762109'
ACTION QUERY 10000 2397 women in parliaments wangari
ACTION SERP 10000 2402 EXAMINE_SERP
ACTION SNIPPET 10000 2405 SEEN_PREVIOUSLY b'1617745'
ACTION SNIPPET 10000 2408 SNIPPET_NOT_RELEVANT b'306945'
ACTION SNIPPET 10000 2411 SNIPPET_RELEVANT b'304309'
ACTION DOC 10000 2431 EXAMINING_DOCUMENT b'304309'
ACTION SNIPPET 10000 2434 SNIPPET_RELEVANT b'461382'
ACTION DOC 10000 2454 EXAMINING_DOCUMENT b'461382'
ACTION SNIPPET 10000 2457 SNIPPET_RELEVANT b'604433'
ACTION DOC 10000 2477 EXAMINING_DOCUMENT b'604433'
ACTION SNIPPET 10000 2480 SNIPPET_NOT_RELEVANT b'1617724'
ACTION SNIPPET 10000 2483 SNIPPET_RELEVANT b'396066'
ACTION DOC 10000 2503 EXAMINING_DOCUMENT b'396066'
ACTION SNIPPET 10000 2506 SNIPPET_RELEVANT b'1638764'
ACTION DOC 10000 2526 EXAMINING_DOCUMENT b'1638764'
ACTION SNIPPET 10000 2529 SNIPPET_NOT_RELEVANT b'513909'
ACTION SNIPPET 10000 2532 SNIPPET_RELEVANT b'466679'
ACTION DOC 10000 2552 EXAMINING_DOCUMENT b'466679'
ACTION QUERY 10000 2562 women in parliaments maasai
ACTION SERP 10000 2567 EXAMINE_SERP
ACTION SNIPPET 10000 2570 SNIPPET_NOT_RELEVANT b'288969'
ACTION SNIPPET 10000 2573 SNIPPET_NOT_RELEVANT b'1581811'
ACTION SNIPPET 10000 2576 SNIPPET_NOT_RELEVANT b'1234971'
ACTION SNIPPET 10000 2579 SNIPPET_NOT_RELEVANT b'1660105'
ACTION SNIPPET 10000 2582 SNIPPET_NOT_RELEVANT b'1535534'
ACTION SNIPPET 10000 2585 SNIPPET_NOT_RELEVANT b'1397592'
ACTION SNIPPET 10000 2588 SNIPPET_RELEVANT b'1714466'
ACTION DOC 10000 2608 EXAMINING_DOCUMENT b'1714466'
ACTION SNIPPET 10000 2611 SEEN_PREVIOUSLY b'1612526'
ACTION SNIPPET 10000 2614 SEEN_PREVIOUSLY b'1419003'
ACTION SNIPPET 10000 2617 SEEN_PREVIOUSLY b'343331'
ACTION QUERY 10000 2627 women in parliaments name
ACTION SERP 10000 2632 EXAMINE_SERP
ACTION SNIPPET 10000 2635 SEEN_PREVIOUSLY b'731284'
ACTION SNIPPET 10000 2638 SNIPPET_RELEVANT b'1078961'
ACTION DOC 10000 2658 EXAMINING_DOCUMENT b'1078961'
ACTION SNIPPET 10000 2661 SNIPPET_NOT_RELEVANT b'274086'
ACTION SNIPPET 10000 2664 SNIPPET_NOT_RELEVANT b'873059'
ACTION SNIPPET 10000 2667 SEEN_PREVIOUSLY b'1612526'
ACTION SNIPPET 10000 2670 SNIPPET_RELEVANT b'1078230'
ACTION DOC 10000 2690 EXAMINING_DOCUMENT b'1078230'
ACTION SNIPPET 10000 2693 SEEN_PREVIOUSLY b'1419003'
ACTION SNIPPET 10000 2696 SNIPPET_RELEVANT b'577070'
ACTION DOC 10000 2716 EXAMINING_DOCUMENT b'577070'
ACTION SNIPPET 10000 2719 SNIPPET_RELEVANT b'566117'
ACTION DOC 10000 2739 EXAMINING_DOCUMENT b'566117'
ACTION SNIPPET 10000 2742 SNIPPET_RELEVANT b'310544'
ACTION DOC 10000 2762 EXAMINING_DOCUMENT b'310544'
ACTION QUERY 10000 2772 women in parliaments fail
ACTION SERP 10000 2777 EXAMINE_SERP
ACTION SNIPPET 10000 2780 SNIPPET_NOT_RELEVANT b'573133'
ACTION SNIPPET 10000 2783 SNIPPET_RELEVANT b'1032547'
ACTION DOC 10000 2803 EXAMINING_DOCUMENT b'1032547'
ACTION SNIPPET 10000 2806 SNIPPET_RELEVANT b'1171985'
ACTION DOC 10000 2826 EXAMINING_DOCUMENT b'1171985'
ACTION SNIPPET 10000 2829 SNIPPET_RELEVANT b'1092681'
ACTION DOC 10000 2849 EXAMINING_DOCUMENT b'1092681'
ACTION SNIPPET 10000 2852 SEEN_PREVIOUSLY b'279632'
ACTION SNIPPET 10000 2855 SNIPPET_NOT_RELEVANT b'339175'
ACTION SNIPPET 10000 2858 SNIPPET_NOT_RELEVANT b'1755904'
ACTION SNIPPET 10000 2861 SEEN_PREVIOUSLY b'566117'
ACTION SNIPPET 10000 2864 SNIPPET_RELEVANT b'1782404'
ACTION DOC 10000 2884 EXAMINING_DOCUMENT b'1782404'
ACTION SNIPPET 10000 2887 SEEN_PREVIOUSLY b'1762109'
ACTION QUERY 10000 2897 women in parliaments replaced
ACTION SERP 10000 2902 EXAMINE_SERP
ACTION SNIPPET 10000 2905 SEEN_PREVIOUSLY b'1419003'
ACTION SNIPPET 10000 2908 SNIPPET_NOT_RELEVANT b'581514'
ACTION SNIPPET 10000 2911 SNIPPET_RELEVANT b'132685'
ACTION DOC 10000 2931 EXAMINING_DOCUMENT b'132685'
ACTION SNIPPET 10000 2934 SEEN_PREVIOUSLY b'731284'
ACTION SNIPPET 10000 2937 SEEN_PREVIOUSLY b'1203173'
ACTION SNIPPET 10000 2940 SNIPPET_NOT_RELEVANT b'1628482'
ACTION SNIPPET 10000 2943 SEEN_PREVIOUSLY b'1313177'
ACTION SNIPPET 10000 2946 SEEN_PREVIOUSLY b'566117'
ACTION SNIPPET 10000 2949 SNIPPET_RELEVANT b'667733'
ACTION DOC 10000 2969 EXAMINING_DOCUMENT b'667733'
ACTION SNIPPET 10000 2972 SNIPPET_NOT_RELEVANT b'1410696'
ACTION QUERY 10000 2982 women in parliaments npl
ACTION SERP 10000 2987 EXAMINE_SERP
ACTION SNIPPET 10000 2990 SEEN_PREVIOUSLY b'1612526'
ACTION SNIPPET 10000 2993 SNIPPET_NOT_RELEVANT b'1815504'
ACTION SNIPPET 10000 2996 SEEN_PREVIOUSLY b'1419003'
ACTION SNIPPET 10000 2999 SEEN_PREVIOUSLY b'343331'
ACTION SNIPPET 10000 3002 SEEN_PREVIOUSLY b'1221423'
ACTION SNIPPET 10000 3005 SEEN_PREVIOUSLY b'722210'
ACTION SNIPPET 10000 3008 SNIPPET_RELEVANT b'431397'
ACTION DOC 10000 3028 EXAMINING_DOCUMENT b'431397'
ACTION MARK 10000 3031 CONSIDERED_RELEVANT b'431397'
ACTION SNIPPET 10000 3034 SEEN_PREVIOUSLY b'731284'
ACTION SNIPPET 10000 3037 SNIPPET_RELEVANT b'1833807'
ACTION DOC 10000 3057 EXAMINING_DOCUMENT b'1833807'
ACTION SNIPPET 10000 3060 SEEN_PREVIOUSLY b'279632'
ACTION QUERY 10000 3070 women in parliaments leave
ACTION SERP 10000 3075 EXAMINE_SERP
ACTION SNIPPET 10000 3078 SNIPPET_RELEVANT b'1197968'
ACTION DOC 10000 3098 EXAMINING_DOCUMENT b'1197968'
ACTION SNIPPET 10000 3101 SNIPPET_NOT_RELEVANT b'573133'
ACTION SNIPPET 10000 3104 SEEN_PREVIOUSLY b'1762502'
ACTION SNIPPET 10000 3107 SEEN_PREVIOUSLY b'667733'
ACTION SNIPPET 10000 3110 SNIPPET_NOT_RELEVANT b'782032'
ACTION SNIPPET 10000 3113 SEEN_PREVIOUSLY b'1612526'
ACTION SNIPPET 10000 3116 SNIPPET_NOT_RELEVANT b'627280'
ACTION SNIPPET 10000 3119 SEEN_PREVIOUSLY b'1762109'
ACTION SNIPPET 10000 3122 SEEN_PREVIOUSLY b'1419003'
ACTION SNIPPET 10000 3125 SEEN_PREVIOUSLY b'17233'
ACTION QUERY 10000 3135 women in parliaments outlawed
ACTION SERP 10000 3140 EXAMINE_SERP
ACTION SNIPPET 10000 3143 SEEN_PREVIOUSLY b'1654162'
ACTION SNIPPET 10000 3146 SNIPPET_NOT_RELEVANT b'1263717'
ACTION SNIPPET 10000 3149 SNIPPET_NOT_RELEVANT b'577340'
ACTION SNIPPET 10000 3152 SNIPPET_NOT_RELEVANT b'229971'
ACTION SNIPPET 10000 3155 SNIPPET_NOT_RELEVANT b'1501299'
ACTION SNIPPET 10000 3158 SNIPPET_NOT_RELEVANT b'149096'
ACTION SNIPPET 10000 3161 SNIPPET_RELEVANT b'1502773'
ACTION DOC 10000 3181 EXAMINING_DOCUMENT b'1502773'
ACTION SNIPPET 10000 3184 SNIPPET_NOT_RELEVANT b'1498125'
ACTION SNIPPET 10000 3187 SNIPPET_NOT_RELEVANT b'1628645'
ACTION SNIPPET 10000 3190 SNIPPET_NOT_RELEVANT b'411544'
ACTION QUERY 10000 3200 women in parliaments netanyahu
ACTION SERP 10000 3205 EXAMINE_SERP
ACTION SNIPPET 10000 3208 SNIPPET_RELEVANT b'1256599'
ACTION DOC 10000 3228 EXAMINING_DOCUMENT b'1256599'
ACTION SNIPPET 10000 3231 SNIPPET_NOT_RELEVANT b'1254907'
ACTION SNIPPET 10000 3234 SNIPPET_RELEVANT b'1110830'
ACTION DOC 10000 3254 EXAMINING_DOCUMENT b'1110830'
ACTION SNIPPET 10000 3257 SNIPPET_NOT_RELEVANT b'839725'
ACTION SNIPPET 10000 3260 SNIPPET_RELEVANT b'1254438'
ACTION DOC 10000 3280 EXAMINING_DOCUMENT b'1254438'
ACTION SNIPPET 10000 3283 SNIPPET_NOT_RELEVANT b'858432'
ACTION SNIPPET 10000 3286 SNIPPET_NOT_RELEVANT b'1071732'
ACTION SNIPPET 10000 3289 SNIPPET_NOT_RELEVANT b'1035393'
ACTION SNIPPET 10000 3292 SNIPPET_NOT_RELEVANT b'1071890'
ACTION SNIPPET 10000 3295 SNIPPET_NOT_RELEVANT b'968635'
ACTION QUERY 10000 3305 women in parliaments taiwan
ACTION SERP 10000 3310 EXAMINE_SERP
ACTION SNIPPET 10000 3313 SNIPPET_NOT_RELEVANT b'853612'
ACTION SNIPPET 10000 3316 SNIPPET_NOT_RELEVANT b'312790'
ACTION SNIPPET 10000 3319 SNIPPET_RELEVANT b'1294328'
ACTION DOC 10000 3339 EXAMINING_DOCUMENT b'1294328'
ACTION SNIPPET 10000 3342 SNIPPET_RELEVANT b'26429'
ACTION DOC 10000 3362 EXAMINING_DOCUMENT b'26429'
ACTION SNIPPET 10000 3365 SNIPPET_NOT_RELEVANT b'266572'
ACTION SNIPPET 10000 3368 SNIPPET_NOT_RELEVANT b'442383'
ACTION SNIPPET 10000 3371 SNIPPET_NOT_RELEVANT b'813167'
ACTION SNIPPET 10000 3374 SNIPPET_RELEVANT b'235278'
ACTION DOC 10000 3394 EXAMINING_DOCUMENT b'235278'
ACTION SNIPPET 10000 3397 SNIPPET_NOT_RELEVANT b'841278'
ACTION SNIPPET 10000 3400 SNIPPET_NOT_RELEVANT b'147195'
ACTION QUERY 10000 3410 women in parliaments declared
ACTION SERP 10000 3415 EXAMINE_SERP
ACTION SNIPPET 10000 3418 SEEN_PREVIOUSLY b'343331'
ACTION SNIPPET 10000 3421 SEEN_PREVIOUSLY b'1419003'
ACTION SNIPPET 10000 3424 SNIPPET_NOT_RELEVANT b'343255'
ACTION SNIPPET 10000 3427 SNIPPET_RELEVANT b'274086'
ACTION DOC 10000 3447 EXAMINING_DOCUMENT b'274086'
ACTION SNIPPET 10000 3450 SEEN_PREVIOUSLY b'1171985'
ACTION SNIPPET 10000 3453 SNIPPET_NOT_RELEVANT b'391405'
ACTION SNIPPET 10000 3456 SNIPPET_RELEVANT b'391406'
ACTION DOC 10000 3476 EXAMINING_DOCUMENT b'391406'
ACTION MARK 10000 3479 CONSIDERED_RELEVANT b'391406'
ACTION SNIPPET 10000 3482 SEEN_PREVIOUSLY b'444217'
ACTION SNIPPET 10000 3485 SNIPPET_NOT_RELEVANT b'1829868'
ACTION SNIPPET 10000 3488 SNIPPET_NOT_RELEVANT b'353827'
ACTION QUERY 10000 3498 women in parliaments location
ACTION SERP 10000 3503 EXAMINE_SERP
ACTION SNIPPET 10000 3506 SEEN_PREVIOUSLY b'279632'
ACTION SNIPPET 10000 3509 SNIPPET_NOT_RELEVANT b'669587'
ACTION SNIPPET 10000 3512 SNIPPET_NOT_RELEVANT b'297516'
ACTION SNIPPET 10000 3515 SEEN_PREVIOUSLY b'1245790'
ACTION SNIPPET 10000 3518 SNIPPET_NOT_RELEVANT b'825924'
ACTION SNIPPET 10000 3521 SEEN_PREVIOUSLY b'1612526'
ACTION SNIPPET 10000 3524 SEEN_PREVIOUSLY b'1419003'
ACTION SNIPPET 10000 3527 SNIPPET_NOT_RELEVANT b'403898'
ACTION SNIPPET 10000 3530 SNIPPET_NOT_RELEVANT b'461843'
ACTION SNIPPET 10000 3533 SEEN_PREVIOUSLY b'343331'
ACTION QUERY 10000 3543 women in parliaments demonstrator
ACTION SERP 10000 3548 EXAMINE_SERP
ACTION SNIPPET 10000 3551 SNIPPET_NOT_RELEVANT b'1691410'
ACTION SNIPPET 10000 3554 SEEN_PREVIOUSLY b'1367334'
ACTION SNIPPET 10000 3557 SEEN_PREVIOUSLY b'279632'
ACTION SNIPPET 10000 3560 SNIPPET_NOT_RELEVANT b'638114'
ACTION SNIPPET 10000 3563 SEEN_PREVIOUSLY b'1203173'
ACTION SNIPPET 10000 3566 SNIPPET_NOT_RELEVANT b'313810'
ACTION SNIPPET 10000 3569 SNIPPET_NOT_RELEVANT b'983087'
ACTION SNIPPET 10000 3572 SEEN_PREVIOUSLY b'1078230'
ACTION SNIPPET 10000 3575 SNIPPET_NOT_RELEVANT b'613109'
ACTION SNIPPET 10000 3578 SNIPPET_NOT_RELEVANT b'294315'
ACTION QUERY 10000 3588 women in parliaments fw
ACTION SERP 10000 3593 EXAMINE_SERP
ACTION SNIPPET 10000 3596 SNIPPET_RELEVANT b'108649'
ACTION DOC 10000 3616 EXAMINING_DOCUMENT b'108649'
ACTION SNIPPET 10000 3619 SNIPPET_NOT_RELEVANT b'135052'
ACTION SNIPPET 10000 3622 SNIPPET_RELEVANT b'290325'
ACTION DOC 10000 3642 EXAMINING_DOCUMENT b'290325'
ACTION SNIPPET 10000 3645 SNIPPET_NOT_RELEVANT b'1149790'
ACTION SNIPPET 10000 3648 SNIPPET_RELEVANT b'1292042'
ACTION DOC 10000 3668 EXAMINING_DOCUMENT b'1292042'
ACTION SNIPPET 10000 3671 SNIPPET_NOT_RELEVANT b'160447'
ACTION SNIPPET 10000 3674 SNIPPET_NOT_RELEVANT b'82212'
ACTION SNIPPET 10000 3677 SEEN_PREVIOUSLY b'1612526'
ACTION SNIPPET 10000 3680 SEEN_PREVIOUSLY b'1419003'
ACTION SNIPPET 10000 3683 SNIPPET_RELEVANT b'1663939'
ACTION DOC 10000 3703 EXAMINING_DOCUMENT b'1663939'
ACTION QUERY 10000 3713 women in parliaments countrys
ACTION SERP 10000 3718 EXAMINE_SERP
ACTION SNIPPET 10000 3721 SEEN_PREVIOUSLY b'1612526'
ACTION SNIPPET 10000 3724 SEEN_PREVIOUSLY b'1419003'
ACTION SNIPPET 10000 3727 SEEN_PREVIOUSLY b'731284'
ACTION SNIPPET 10000 3730 SNIPPET_RELEVANT b'204540'
ACTION DOC 10000 3750 EXAMINING_DOCUMENT b'204540'
ACTION SNIPPET 10000 3753 SEEN_PREVIOUSLY b'1092681'
ACTION SNIPPET 10000 3756 SEEN_PREVIOUSLY b'1221423'
ACTION SNIPPET 10000 3759 SEEN_PREVIOUSLY b'1203173'
ACTION SNIPPET 10000 3762 SNIPPET_NOT_RELEVANT b'573133'
ACTION SNIPPET 10000 3765 SEEN_PREVIOUSLY b'722210'
ACTION SNIPPET 10000 3768 SEEN_PREVIOUSLY b'279632'
ACTION QUERY 10000 3778 women in parliaments shots
ACTION SERP 10000 3783 EXAMINE_SERP
ACTION SNIPPET 10000 3786 SNIPPET_NOT_RELEVANT b'303170'
ACTION SNIPPET 10000 3789 SNIPPET_NOT_RELEVANT b'1714274'
ACTION SNIPPET 10000 3792 SNIPPET_NOT_RELEVANT b'223871'
ACTION SNIPPET 10000 3795 SEEN_PREVIOUSLY b'1612526'
ACTION SNIPPET 10000 3798 SNIPPET_NOT_RELEVANT b'162666'
ACTION SNIPPET 10000 3801 SNIPPET_NOT_RELEVANT b'1434773'
ACTION SNIPPET 10000 3804 SEEN_PREVIOUSLY b'1419003'
ACTION SNIPPET 10000 3807 SNIPPET_NOT_RELEVANT b'1821479'
ACTION SNIPPET 10000 3810 SNIPPET_NOT_RELEVANT b'873059'
ACTION SNIPPET 10000 3813 SNIPPET_NOT_RELEVANT b'149096'
ACTION QUERY 10000 3823 women in parliaments raising
ACTION SERP 10000 3828 EXAMINE_SERP
ACTION SNIPPET 10000 3831 SEEN_PREVIOUSLY b'1419003'
ACTION SNIPPET 10000 3834 SEEN_PREVIOUSLY b'1221423'
ACTION SNIPPET 10000 3837 SEEN_PREVIOUSLY b'1197968'
ACTION SNIPPET 10000 3840 SEEN_PREVIOUSLY b'204540'
ACTION SNIPPET 10000 3843 SEEN_PREVIOUSLY b'1032547'
ACTION SNIPPET 10000 3846 SEEN_PREVIOUSLY b'1313177'
ACTION SNIPPET 10000 3849 SNIPPET_NOT_RELEVANT b'411544'
ACTION SNIPPET 10000 3852 SEEN_PREVIOUSLY b'667733'
ACTION SNIPPET 10000 3855 SEEN_PREVIOUSLY b'1612526'
ACTION SNIPPET 10000 3858 SNIPPET_RELEVANT b'309337'
ACTION DOC 10000 3878 EXAMINING_DOCUMENT b'309337'
ACTION MARK 10000 3881 CONSIDERED_RELEVANT b'309337'
ACTION QUERY 10000 3891 women in parliaments meeting
ACTION SERP 10000 3896 EXAMINE_SERP
ACTION SNIPPET 10000 3899 SEEN_PREVIOUSLY b'1612526'
ACTION SNIPPET 10000 3902 SEEN_PREVIOUSLY b'404753'
ACTION SNIPPET 10000 3905 SEEN_PREVIOUSLY b'1092681'
ACTION SNIPPET 10000 3908 SNIPPET_NOT_RELEVANT b'1470463'
ACTION SNIPPET 10000 3911 SEEN_PREVIOUSLY b'1032547'
ACTION SNIPPET 10000 3914 SNIPPET_NOT_RELEVANT b'1726138'
ACTION SNIPPET 10000 3917 SEEN_PREVIOUSLY b'1611961'
ACTION SNIPPET 10000 3920 SEEN_PREVIOUSLY b'1419003'
ACTION SNIPPET 10000 3923 SEEN_PREVIOUSLY b'1762109'
ACTION SNIPPET 10000 3926 SEEN_PREVIOUSLY b'1367334'
ACTION QUERY 10000 3936 women in parliaments cap
ACTION SERP 10000 3941 EXAMINE_SERP
ACTION SNIPPET 10000 3944 SNIPPET_RELEVANT b'454421'
ACTION DOC 10000 3964 EXAMINING_DOCUMENT b'454421'
ACTION SNIPPET 10000 3967 SNIPPET_RELEVANT b'446205'
ACTION DOC 10000 3987 EXAMINING_DOCUMENT b'446205'
ACTION SNIPPET 10000 3990 SNIPPET_NOT_RELEVANT b'1849646'
ACTION SNIPPET 10000 3993 SNIPPET_NOT_RELEVANT b'818186'
ACTION SNIPPET 10000 3996 SNIPPET_RELEVANT b'476516'
ACTION DOC 10000 4016 EXAMINING_DOCUMENT b'476516'
ACTION SNIPPET 10000 4019 SNIPPET_NOT_RELEVANT b'1120466'
ACTION SNIPPET 10000 4022 SEEN_PREVIOUSLY b'1612526'
ACTION SNIPPET 10000 4025 SNIPPET_RELEVANT b'1263717'
ACTION DOC 10000 4045 EXAMINING_DOCUMENT b'1263717'
ACTION SNIPPET 10000 4048 SEEN_PREVIOUSLY b'1419003'
ACTION SNIPPET 10000 4051 SNIPPET_NOT_RELEVANT b'930804'
ACTION QUERY 10000 4061 women in parliaments treated
ACTION SERP 10000 4066 EXAMINE_SERP
ACTION SNIPPET 10000 4069 SNIPPET_RELEVANT b'1680409'
ACTION DOC 10000 4089 EXAMINING_DOCUMENT b'1680409'
ACTION SNIPPET 10000 4092 SNIPPET_NOT_RELEVANT b'655099'
ACTION SNIPPET 10000 4095 SNIPPET_NOT_RELEVANT b'1148551'
ACTION SNIPPET 10000 4098 SEEN_PREVIOUSLY b'1762502'
ACTION SNIPPET 10000 4101 SNIPPET_NOT_RELEVANT b'557121'
ACTION SNIPPET 10000 4104 SNIPPET_NOT_RELEVANT b'525485'
ACTION SNIPPET 10000 4107 SEEN_PREVIOUSLY b'1612526'
ACTION SNIPPET 10000 4110 SEEN_PREVIOUSLY b'1419003'
ACTION SNIPPET 10000 4113 SNIPPET_NOT_RELEVANT b'1825915'
ACTION SNIPPET 10000 4116 SNIPPET_RELEVANT b'1345499'
ACTION DOC 10000 4136 EXAMINING_DOCUMENT b'1345499'
ACTION MARK 10000 4139 CONSIDERED_RELEVANT b'1345499'
ACTION QUERY 10000 4149 women in parliaments investigations
ACTION SERP 10000 4154 EXAMINE_SERP
ACTION SNIPPET 10000 4157 SNIPPET_RELEVANT b'1192653'
ACTION DOC 10000 4177 EXAMINING_DOCUMENT b'1192653'
ACTION SNIPPET 10000 4180 SNIPPET_RELEVANT b'590202'
ACTION DOC 10000 4200 EXAMINING_DOCUMENT b'590202'
ACTION SNIPPET 10000 4203 SNIPPET_NOT_RELEVANT b'206207'
ACTION SNIPPET 10000 4206 SNIPPET_NOT_RELEVANT b'1825915'
ACTION SNIPPET 10000 4209 SNIPPET_RELEVANT b'1797600'
ACTION DOC 10000 4229 EXAMINING_DOCUMENT b'1797600'
ACTION SNIPPET 10000 4232 SNIPPET_RELEVANT b'1714274'
ACTION DOC 10000 4252 EXAMINING_DOCUMENT b'1714274'
ACTION SNIPPET 10000 4255 SNIPPET_NOT_RELEVANT b'1622534'
ACTION SNIPPET 10000 4258 SNIPPET_RELEVANT b'902859'
ACTION DOC 10000 4278 EXAMINING_DOCUMENT b'902859'
ACTION SNIPPET 10000 4281 SNIPPET_RELEVANT b'1108088'
ACTION DOC 10000 4301 EXAMINING_DOCUMENT b'1108088'
ACTION SNIPPET 10000 4304 SNIPPET_RELEVANT b'1821165'
ACTION DOC 10000 4324 EXAMINING_DOCUMENT b'1821165'
ACTION QUERY 10000 4334 women in parliaments states
ACTION SERP 10000 4339 EXAMINE_SERP
ACTION SNIPPET 10000 4342 SEEN_PREVIOUSLY b'1221423'
ACTION SNIPPET 10000 4345 SEEN_PREVIOUSLY b'1612526'
ACTION SNIPPET 10000 4348 SEEN_PREVIOUSLY b'731284'
ACTION SNIPPET 10000 4351 SEEN_PREVIOUSLY b'1419003'
ACTION SNIPPET 10000 4354 SEEN_PREVIOUSLY b'279632'
ACTION SNIPPET 10000 4357 SNIPPET_RELEVANT b'339175'
ACTION DOC 10000 4377 EXAMINING_DOCUMENT b'339175'
ACTION SNIPPET 10000 4380 SEEN_PREVIOUSLY b'204540'
ACTION SNIPPET 10000 4383 SEEN_PREVIOUSLY b'1092681'
ACTION SNIPPET 10000 4386 SNIPPET_RELEVANT b'571224'
ACTION DOC 10000 4406 EXAMINING_DOCUMENT b'571224'
ACTION SNIPPET 10000 4409 SEEN_PREVIOUSLY b'343331'
ACTION QUERY 10000 4419 women in parliaments propose
ACTION SERP 10000 4424 EXAMINE_SERP
ACTION SNIPPET 10000 4427 SEEN_PREVIOUSLY b'566117'
ACTION SNIPPET 10000 4430 SEEN_PREVIOUSLY b'1419003'
ACTION SNIPPET 10000 4433 SNIPPET_RELEVANT b'573133'
ACTION DOC 10000 4453 EXAMINING_DOCUMENT b'573133'
ACTION SNIPPET 10000 4456 SEEN_PREVIOUSLY b'1365609'
ACTION SNIPPET 10000 4459 SEEN_PREVIOUSLY b'1612526'
ACTION SNIPPET 10000 4462 SEEN_PREVIOUSLY b'1611961'
ACTION SNIPPET 10000 4465 SNIPPET_NOT_RELEVANT b'723532'
ACTION SNIPPET 10000 4468 SNIPPET_NOT_RELEVANT b'571593'
ACTION SNIPPET 10000 4471 SNIPPET_RELEVANT b'1755721'
ACTION DOC 10000 4491 EXAMINING_DOCUMENT b'1755721'
ACTION SNIPPET 10000 4494 SNIPPET_RELEVANT b'568395'
ACTION DOC 10000 4514 EXAMINING_DOCUMENT b'568395'
ACTION QUERY 10000 4524 women in parliaments underrepresented
ACTION SERP 10000 4529 EXAMINE_SERP
ACTION SNIPPET 10000 4532 SNIPPET_NOT_RELEVANT b'1650879'
ACTION SNIPPET 10000 4535 SNIPPET_RELEVANT b'130036'
ACTION DOC 10000 4555 EXAMINING_DOCUMENT b'130036'
ACTION SNIPPET 10000 4558 SNIPPET_RELEVANT b'1068186'
ACTION DOC 10000 4578 EXAMINING_DOCUMENT b'1068186'
ACTION SNIPPET 10000 4581 SNIPPET_NOT_RELEVANT b'1376086'
ACTION SNIPPET 10000 4584 SNIPPET_NOT_RELEVANT b'653196'
ACTION SNIPPET 10000 4587 SNIPPET_NOT_RELEVANT b'713393'
ACTION SNIPPET 10000 4590 SNIPPET_NOT_RELEVANT b'1597607'
ACTION SNIPPET 10000 4593 SNIPPET_RELEVANT b'1651076'
ACTION DOC 10000 4613 EXAMINING_DOCUMENT b'1651076'
ACTION SNIPPET 10000 4616 SNIPPET_RELEVANT b'1631712'
ACTION DOC 10000 4636 EXAMINING_DOCUMENT b'1631712'
ACTION SNIPPET 10000 4639 SNIPPET_RELEVANT b'1533943'
ACTION DOC 10000 4659 EXAMINING_DOCUMENT b'1533943'
ACTION MARK 10000 4662 CONSIDERED_RELEVANT b'1533943'
ACTION QUERY 10000 4672 women in parliaments shortage
ACTION SERP 10000 4677 EXAMINE_SERP
ACTION SNIPPET 10000 4680 SNIPPET_RELEVANT b'543578'
ACTION DOC 10000 4700 EXAMINING_DOCUMENT b'543578'
ACTION SNIPPET 10000 4703 SEEN_PREVIOUSLY b'446205'
ACTION SNIPPET 10000 4706 SNIPPET_NOT_RELEVANT b'380586'
ACTION SNIPPET 10000 4709 SNIPPET_RELEVANT b'330168'
ACTION DOC 10000 4729 EXAMINING_DOCUMENT b'330168'
ACTION SNIPPET 10000 4732 SNIPPET_RELEVANT b'362253'
ACTION DOC 10000 4752 EXAMINING_DOCUMENT b'362253'
ACTION SNIPPET 10000 4755 SNIPPET_NOT_RELEVANT b'1293380'
ACTION SNIPPET 10000 4758 SNIPPET_RELEVANT b'750539'
ACTION DOC 10000 4778 EXAMINING_DOCUMENT b'750539'
ACTION SNIPPET 10000 4781 SNIPPET_NOT_RELEVANT b'1044821'
ACTION SNIPPET 10000 4784 SNIPPET_RELEVANT b'1048316'
ACTION DOC 10000 4804 EXAMINING_DOCUMENT b'1048316'
ACTION SNIPPET 10000 4807 SNIPPET_NOT_RELEVANT b'497269'
ACTION QUERY 10000 4817 women in parliaments suddenly
ACTION SERP 10000 4822 EXAMINE_SERP
ACTION SNIPPET 10000 4825 SEEN_PREVIOUSLY b'687620'
ACTION SNIPPET 10000 4828 SNIPPET_NOT_RELEVANT b'36539'
ACTION SNIPPET 10000 4831 SNIPPET_NOT_RELEVANT b'202995'
ACTION SNIPPET 10000 4834 SNIPPET_NOT_RELEVANT b'26498'
ACTION SNIPPET 10000 4837 SNIPPET_NOT_RELEVANT b'1398512'
ACTION SNIPPET 10000 4840 SNIPPET_RELEVANT b'1105011'
ACTION DOC 10000 4860 EXAMINING_DOCUMENT b'1105011'
ACTION SNIPPET 10000 4863 SNIPPET_NOT_RELEVANT b'656177'
ACTION SNIPPET 10000 4866 SNIPPET_RELEVANT b'1136208'
ACTION DOC 10000 4886 EXAMINING_DOCUMENT b'1136208'
ACTION SNIPPET 10000 4889 SEEN_PREVIOUSLY b'1612526'
ACTION SNIPPET 10000 4892 SEEN_PREVIOUSLY b'476516'
ACTION QUERY 10000 4902 women in parliaments school
ACTION SERP 10000 4907 EXAMINE_SERP
ACTION SNIPPET 10000 4910 SEEN_PREVIOUSLY b'667733'
ACTION SNIPPET 10000 4913 SEEN_PREVIOUSLY b'279632'
ACTION SNIPPET 10000 4916 SEEN_PREVIOUSLY b'1313177'
ACTION SNIPPET 10000 4919 SEEN_PREVIOUSLY b'1612526'
ACTION SNIPPET 10000 4922 SNIPPET_NOT_RELEVANT b'1349973'
ACTION SNIPPET 10000 4925 SNIPPET_NOT_RELEVANT b'1157796'
ACTION SNIPPET 10000 4928 SNIPPET_RELEVANT b'581514'
ACTION DOC 10000 4948 EXAMINING_DOCUMENT b'581514'
ACTION SNIPPET 10000 4951 SEEN_PREVIOUSLY b'1419003'
ACTION SNIPPET 10000 4954 SNIPPET_RELEVANT b'557121'
ACTION DOC 10000 4974 EXAMINING_DOCUMENT b'557121'
ACTION MARK 10000 4977 CONSIDERED_RELEVANT b'557121'
ACTION SNIPPET 10000 4980 SEEN_PREVIOUSLY b'1108088'
ACTION QUERY 10000 4990 women in parliaments resort
ACTION SERP 10000 4995 EXAMINE_SERP
ACTION SNIPPET 10000 4998 SNIPPET_RELEVANT b'36539'
ACTION DOC 10000 5018 EXAMINING_DOCUMENT b'36539'
ACTION SNIPPET 10000 5021 SNIPPET_NOT_RELEVANT b'1703738'
ACTION SNIPPET 10000 5024 SNIPPET_RELEVANT b'596947'
ACTION DOC 10000 5044 EXAMINING_DOCUMENT b'596947'
ACTION SNIPPET 10000 5047 SNIPPET_NOT_RELEVANT b'179778'
ACTION SNIPPET 10000 5050 SNIPPET_RELEVANT b'595589'
ACTION DOC 10000 5070 EXAMINING_DOCUMENT b'595589'
ACTION SNIPPET 10000 5073 SNIPPET_NOT_RELEVANT b'391405'
ACTION SNIPPET 10000 5076 SNIPPET_NOT_RELEVANT b'387155'
ACTION SNIPPET 10000 5079 SNIPPET_NOT_RELEVANT b'372037'
ACTION SNIPPET 10000 5082 SNIPPET_NOT_RELEVANT b'26434'
ACTION SNIPPET 10000 5085 SEEN_PREVIOUSLY b'1612526'
ACTION QUERY 10000 5095 women in parliaments seizure
ACTION SERP 10000 5100 EXAMINE_SERP
ACTION SNIPPET 10000 5103 SNIPPET_NOT_RELEVANT b'1430986'
ACTION SNIPPET 10000 5106 SNIPPET_NOT_RELEVANT b'1533409'
ACTION SNIPPET 10000 5109 SNIPPET_NOT_RELEVANT b'1613581'
ACTION SNIPPET 10000 5112 SNIPPET_NOT_RELEVANT b'412796'
ACTION SNIPPET 10000 5115 SNIPPET_NOT_RELEVANT b'672027'
ACTION SNIPPET 10000 5118 SNIPPET_RELEVANT b'260593'
ACTION DOC 10000 5138 EXAMINING_DOCUMENT b'260593'
ACTION SNIPPET 10000 5141 SNIPPET_RELEVANT b'338400'
ACTION DOC 10000 5161 EXAMINING_DOCUMENT b'338400'
ACTION SNIPPET 10000 5164 SNIPPET_NOT_RELEVANT b'1610527'
ACTION SNIPPET 10000 5167 SNIPPET_NOT_RELEVANT b'468861'
ACTION SNIPPET 10000 5170 SNIPPET_NOT_RELEVANT b'647315'
ACTION QUERY 10000 5180 women in parliaments lithuania
ACTION SERP 10000 5185 EXAMINE_SERP
ACTION SNIPPET 10000 5188 SNIPPET_NOT_RELEVANT b'337708'
ACTION SNIPPET 10000 5191 SNIPPET_RELEVANT b'334112'
ACTION DOC 10000 5211 EXAMINING_DOCUMENT b'334112'
ACTION SNIPPET 10000 5214 SNIPPET_RELEVANT b'344722'
ACTION DOC 10000 5234 EXAMINING_DOCUMENT b'344722'
ACTION SNIPPET 10000 5237 SNIPPET_RELEVANT b'355623'
ACTION DOC 10000 5257 EXAMINING_DOCUMENT b'355623'
ACTION SNIPPET 10000 5260 SNIPPET_RELEVANT b'354760'
ACTION DOC 10000 5280 EXAMINING_DOCUMENT b'354760'
ACTION SNIPPET 10000 5283 SNIPPET_NOT_RELEVANT b'335121'
ACTION SNIPPET 10000 5286 SNIPPET_NOT_RELEVANT b'531444'
ACTION SNIPPET 10000 5289 SNIPPET_NOT_RELEVANT b'345101'
ACTION SNIPPET 10000 5292 SNIPPET_RELEVANT b'362380'
ACTION DOC 10000 5312 EXAMINING_DOCUMENT b'362380'
ACTION SNIPPET 10000 5315 SNIPPET_NOT_RELEVANT b'364090'
ACTION QUERY 10000 5325 women in parliaments yellens
ACTION SERP 10000 5330 EXAMINE_SERP
ACTION SNIPPET 10000 5333 SNIPPET_RELEVANT b'557434'
ACTION DOC 10000 5353 EXAMINING_DOCUMENT b'557434'
ACTION SNIPPET 10000 5356 SNIPPET_RELEVANT b'1737607'
ACTION DOC 10000 5376 EXAMINING_DOCUMENT b'1737607'
ACTION SNIPPET 10000 5379 SNIPPET_RELEVANT b'705956'
ACTION DOC 10000 5399 EXAMINING_DOCUMENT b'705956'
ACTION SNIPPET 10000 5402 SNIPPET_RELEVANT b'1601512'
ACTION DOC 10000 5422 EXAMINING_DOCUMENT b'1601512'
ACTION SNIPPET 10000 5425 SNIPPET_RELEVANT b'1580769'
ACTION DOC 10000 5445 EXAMINING_DOCUMENT b'1580769'
ACTION SNIPPET 10000 5448 SNIPPET_NOT_RELEVANT b'27729'
ACTION SNIPPET 10000 5451 SNIPPET_NOT_RELEVANT b'705684'
ACTION SNIPPET 10000 5454 SNIPPET_RELEVANT b'1022324'
ACTION DOC 10000 5474 EXAMINING_DOCUMENT b'1022324'
ACTION SNIPPET 10000 5477 SNIPPET_NOT_RELEVANT b'936613'
ACTION SNIPPET 10000 5480 SNIPPET_RELEVANT b'1497598'
ACTION DOC 10000 5500 EXAMINING_DOCUMENT b'1497598'
ACTION QUERY 10000 5510 women in parliaments messenger
ACTION SERP 10000 5515 EXAMINE_SERP
ACTION SNIPPET 10000 5518 SNIPPET_NOT_RELEVANT b'1280592'
ACTION SNIPPET 10000 5521 SNIPPET_NOT_RELEVANT b'1175097'
ACTION SNIPPET 10000 5524 SNIPPET_NOT_RELEVANT b'303057'
ACTION SNIPPET 10000 5527 SNIPPET_RELEVANT b'6971'
ACTION DOC 10000 5547 EXAMINING_DOCUMENT b'6971'
ACTION SNIPPET 10000 5550 SEEN_PREVIOUSLY b'6971'
ACTION SNIPPET 10000 5553 SNIPPET_NOT_RELEVANT b'988516'
ACTION SNIPPET 10000 5556 SNIPPET_NOT_RELEVANT b'930340'
ACTION SNIPPET 10000 5559 SNIPPET_NOT_RELEVANT b'65503'
ACTION SNIPPET 10000 5562 SNIPPET_NOT_RELEVANT b'684'
ACTION SNIPPET 10000 5565 SNIPPET_NOT_RELEVANT b'684'
ACTION QUERY 10000 5575 women in parliaments debate
ACTION SERP 10000 5580 EXAMINE_SERP
ACTION SNIPPET 10000 5583 SEEN_PREVIOUSLY b'722210'
ACTION SNIPPET 10000 5586 SEEN_PREVIOUSLY b'1171985'
ACTION SNIPPET 10000 5589 SEEN_PREVIOUSLY b'1092681'
ACTION SNIPPET 10000 5592 SEEN_PREVIOUSLY b'581514'
ACTION SNIPPET 10000 5595 SEEN_PREVIOUSLY b'1221423'
ACTION SNIPPET 10000 5598 SEEN_PREVIOUSLY b'731284'
ACTION SNIPPET 10000 5601 SNIPPET_NOT_RELEVANT b'748890'
ACTION SNIPPET 10000 5604 SNIPPET_RELEVANT b'1806597'
ACTION DOC 10000 5624 EXAMINING_DOCUMENT b'1806597'
ACTION SNIPPET 10000 5627 SNIPPET_NOT_RELEVANT b'1458465'
ACTION SNIPPET 10000 5630 SNIPPET_NOT_RELEVANT b'207643'
ACTION QUERY 10000 5640 women in parliaments infant
ACTION SERP 10000 5645 EXAMINE_SERP
ACTION SNIPPET 10000 5648 SNIPPET_NOT_RELEVANT b'873059'
ACTION SNIPPET 10000 5651 SNIPPET_NOT_RELEVANT b'380061'
ACTION SNIPPET 10000 5654 SNIPPET_RELEVANT b'1138211'
ACTION DOC 10000 5674 EXAMINING_DOCUMENT b'1138211'
ACTION SNIPPET 10000 5677 SNIPPET_NOT_RELEVANT b'816166'
ACTION SNIPPET 10000 5680 SNIPPET_NOT_RELEVANT b'167063'
ACTION SNIPPET 10000 5683 SNIPPET_NOT_RELEVANT b'1607040'
ACTION SNIPPET 10000 5686 SNIPPET_RELEVANT b'378507'
ACTION DOC 10000 5706 EXAMINING_DOCUMENT b'378507'
ACTION SNIPPET 10000 5709 SNIPPET_RELEVANT b'1096135'
ACTION DOC 10000 5729 EXAMINING_DOCUMENT b'1096135'
ACTION SNIPPET 10000 5732 SNIPPET_NOT_RELEVANT b'469964'
ACTION SNIPPET 10000 5735 SNIPPET_NOT_RELEVANT b'375601'
ACTION QUERY 10000 5745 women in parliaments mohawks
ACTION SERP 10000 5750 EXAMINE_SERP
ACTION SNIPPET 10000 5753 SNIPPET_RELEVANT b'387155'
ACTION DOC 10000 5773 EXAMINING_DOCUMENT b'387155'
ACTION SNIPPET 10000 5776 SNIPPET_RELEVANT b'380171'
ACTION DOC 10000 5796 EXAMINING_DOCUMENT b'380171'
ACTION SNIPPET 10000 5799 SNIPPET_NOT_RELEVANT b'636840'
ACTION SNIPPET 10000 5802 SNIPPET_RELEVANT b'381556'
ACTION DOC 10000 5822 EXAMINING_DOCUMENT b'381556'
ACTION SNIPPET 10000 5825 SNIPPET_RELEVANT b'897936'
ACTION DOC 10000 5845 EXAMINING_DOCUMENT b'897936'
ACTION SNIPPET 10000 5848 SNIPPET_NOT_RELEVANT b'405990'
ACTION SNIPPET 10000 5851 SNIPPET_NOT_RELEVANT b'381758'
ACTION SNIPPET 10000 5854 SNIPPET_NOT_RELEVANT b'1698715'
ACTION SNIPPET 10000 5857 SNIPPET_NOT_RELEVANT b'586791'
ACTION SNIPPET 10000 5860 SNIPPET_NOT_RELEVANT b'587153'
ACTION QUERY 10000 5870 women in parliaments sabre
ACTION SERP 10000 5875 EXAMINE_SERP
ACTION SNIPPET 10000 5878 SNIPPET_NOT_RELEVANT b'1496583'
ACTION SNIPPET 10000 5881 SNIPPET_RELEVANT b'1496776'
ACTION DOC 10000 5901 EXAMINING_DOCUMENT b'1496776'
ACTION SNIPPET 10000 5904 SNIPPET_NOT_RELEVANT b'864379'
ACTION SNIPPET 10000 5907 SNIPPET_RELEVANT b'1229871'
ACTION DOC 10000 5927 EXAMINING_DOCUMENT b'1229871'
ACTION SNIPPET 10000 5930 SNIPPET_NOT_RELEVANT b'544024'
ACTION SNIPPET 10000 5933 SNIPPET_NOT_RELEVANT b'1744067'
ACTION SNIPPET 10000 5936 SNIPPET_RELEVANT b'908041'
ACTION DOC 10000 5956 EXAMINING_DOCUMENT b'908041'
ACTION SNIPPET 10000 5959 SNIPPET_RELEVANT b'844328'
ACTION DOC 10000 5979 EXAMINING_DOCUMENT b'844328'
ACTION SNIPPET 10000 5982 SNIPPET_NOT_RELEVANT b'181770'
ACTION SNIPPET 10000 5985 SNIPPET_NOT_RELEVANT b'293178'
ACTION QUERY 10000 5995 women in parliaments jacobsons
ACTION SERP 10000 6000 EXAMINE_SERP
ACTION SNIPPET 10000 6003 SEEN_PREVIOUSLY b'1496776'
ACTION SNIPPET 10000 6006 SNIPPET_NOT_RELEVANT b'1117804'
ACTION SNIPPET 10000 6009 SNIPPET_RELEVANT b'511751'
ACTION DOC 10000 6029 EXAMINING_DOCUMENT b'511751'
ACTION SNIPPET 10000 6032 SNIPPET_RELEVANT b'488345'
ACTION DOC 10000 6052 EXAMINING_DOCUMENT b'488345'
ACTION SNIPPET 10000 6055 SNIPPET_NOT_RELEVANT b'550926'
ACTION SNIPPET 10000 6058 SNIPPET_NOT_RELEVANT b'1574652'
ACTION SNIPPET 10000 6061 SNIPPET_NOT_RELEVANT b'899464'
ACTION SNIPPET 10000 6064 SNIPPET_RELEVANT b'1329792'
ACTION DOC 10000 6084 EXAMINING_DOCUMENT b'1329792'
ACTION SNIPPET 10000 6087 SNIPPET_NOT_RELEVANT b'522639'
ACTION SNIPPET 10000 6090 SNIPPET_NOT_RELEVANT b'876787'
ACTION QUERY 10000 6100 women in parliaments barn
ACTION SERP 10000 6105 EXAMINE_SERP
ACTION SNIPPET 10000 6108 SNIPPET_RELEVANT b'669587'
ACTION DOC 10000 6128 EXAMINING_DOCUMENT b'669587'
ACTION SNIPPET 10000 6131 SNIPPET_NOT_RELEVANT b'827554'
ACTION SNIPPET 10000 6134 SNIPPET_RELEVANT b'668907'
ACTION DOC 10000 6154 EXAMINING_DOCUMENT b'668907'
ACTION SNIPPET 10000 6157 SNIPPET_NOT_RELEVANT b'1593883'
ACTION SNIPPET 10000 6160 SNIPPET_RELEVANT b'1762278'
ACTION DOC 10000 6180 EXAMINING_DOCUMENT b'1762278'
ACTION SNIPPET 10000 6183 SNIPPET_RELEVANT b'1002795'
ACTION DOC 10000 6203 EXAMINING_DOCUMENT b'1002795'
ACTION SNIPPET 10000 6206 SNIPPET_RELEVANT b'1627972'
ACTION DOC 10000 6226 EXAMINING_DOCUMENT b'1627972'
ACTION SNIPPET 10000 6229 SNIPPET_RELEVANT b'913001'
ACTION DOC 10000 6249 EXAMINING_DOCUMENT b'913001'
ACTION SNIPPET 10000 6252 SNIPPET_RELEVANT b'1303314'
ACTION DOC 10000 6272 EXAMINING_DOCUMENT b'1303314'
ACTION SNIPPET 10000 6275 SNIPPET_RELEVANT b'1705127'
ACTION DOC 10000 6295 EXAMINING_DOCUMENT b'1705127'
ACTION QUERY 10000 6305 women in parliaments barricades
ACTION SERP 10000 6310 EXAMINE_SERP
ACTION SNIPPET 10000 6313 SEEN_PREVIOUSLY b'279632'
ACTION SNIPPET 10000 6316 SNIPPET_NOT_RELEVANT b'469243'
ACTION SNIPPET 10000 6319 SNIPPET_RELEVANT b'1773910'
ACTION DOC 10000 6339 EXAMINING_DOCUMENT b'1773910'
ACTION SNIPPET 10000 6342 SNIPPET_NOT_RELEVANT b'1834287'
ACTION SNIPPET 10000 6345 SNIPPET_NOT_RELEVANT b'477256'
ACTION SNIPPET 10000 6348 SNIPPET_RELEVANT b'638744'
ACTION DOC 10000 6368 EXAMINING_DOCUMENT b'638744'
ACTION SNIPPET 10000 6371 SNIPPET_NOT_RELEVANT b'638114'
ACTION SNIPPET 10000 6374 SNIPPET_NOT_RELEVANT b'836910'
ACTION SNIPPET 10000 6377 SEEN_PREVIOUSLY b'380171'
ACTION SNIPPET 10000 6380 SNIPPET_NOT_RELEVANT b'416979'
ACTION QUERY 10000 6390 women in parliaments advantage
ACTION SERP 10000 6395 EXAMINE_SERP
ACTION SNIPPET 10000 6398 SNIPPET_RELEVANT b'655099'
ACTION DOC 10000 6418 EXAMINING_DOCUMENT b'655099'
ACTION SNIPPET 10000 6421 SEEN_PREVIOUSLY b'568395'
ACTION SNIPPET 10000 6424 SNIPPET_RELEVANT b'37541'
ACTION DOC 10000 6444 EXAMINING_DOCUMENT b'37541'
ACTION MARK 10000 6447 CONSIDERED_RELEVANT b'37541'
ACTION SNIPPET 10000 6450 SNIPPET_NOT_RELEVANT b'873059'
ACTION SNIPPET 10000 6453 SNIPPET_RELEVANT b'765074'
ACTION DOC 10000 6473 EXAMINING_DOCUMENT b'765074'
ACTION SNIPPET 10000 6476 SEEN_PREVIOUSLY b'1612526'
ACTION SNIPPET 10000 6479 SNIPPET_NOT_RELEVANT b'1044821'
ACTION SNIPPET 10000 6482 SEEN_PREVIOUSLY b'1419003'
ACTION SNIPPET 10000 6485 SNIPPET_NOT_RELEVANT b'390205'
ACTION SNIPPET 10000 6488 SNIPPET_RELEVANT b'196831'
ACTION DOC 10000 6508 EXAMINING_DOCUMENT b'196831'
ACTION QUERY 10000 6518 women in parliaments albans
ACTION SERP 10000 6523 EXAMINE_SERP
ACTION SNIPPET 10000 6526 SNIPPET_NOT_RELEVANT b'1172745'
ACTION SNIPPET 10000 6529 SNIPPET_RELEVANT b'486595'
ACTION DOC 10000 6549 EXAMINING_DOCUMENT b'486595'
ACTION SNIPPET 10000 6552 SNIPPET_RELEVANT b'982282'
ACTION DOC 10000 6572 EXAMINING_DOCUMENT b'982282'
ACTION SNIPPET 10000 6575 SNIPPET_RELEVANT b'464060'
ACTION DOC 10000 6595 EXAMINING_DOCUMENT b'464060'
ACTION SNIPPET 10000 6598 SNIPPET_RELEVANT b'1557649'
ACTION DOC 10000 6618 EXAMINING_DOCUMENT b'1557649'
ACTION SNIPPET 10000 6621 SNIPPET_RELEVANT b'219339'
ACTION DOC 10000 6641 EXAMINING_DOCUMENT b'219339'
ACTION SNIPPET 10000 6644 SNIPPET_RELEVANT b'547820'
ACTION DOC 10000 6664 EXAMINING_DOCUMENT b'547820'
ACTION SNIPPET 10000 6667 SNIPPET_NOT_RELEVANT b'55874'
ACTION SNIPPET 10000 6670 SNIPPET_NOT_RELEVANT b'644572'
ACTION SNIPPET 10000 6673 SNIPPET_RELEVANT b'56604'
ACTION DOC 10000 6693 EXAMINING_DOCUMENT b'56604'
ACTION QUERY 10000 6703 women in parliaments uterine
ACTION SERP 10000 6708 EXAMINE_SERP
ACTION SNIPPET 10000 6711 SNIPPET_NOT_RELEVANT b'1404118'
ACTION SNIPPET 10000 6714 SNIPPET_RELEVANT b'674698'
ACTION DOC 10000 6734 EXAMINING_DOCUMENT b'674698'
ACTION SNIPPET 10000 6737 SNIPPET_NOT_RELEVANT b'1114682'
ACTION SNIPPET 10000 6740 SNIPPET_RELEVANT b'828253'
ACTION DOC 10000 6760 EXAMINING_DOCUMENT b'828253'
ACTION SNIPPET 10000 6763 SNIPPET_NOT_RELEVANT b'1822502'
ACTION SNIPPET 10000 6766 SNIPPET_NOT_RELEVANT b'167063'
ACTION SNIPPET 10000 6769 SNIPPET_NOT_RELEVANT b'1628448'
ACTION SNIPPET 10000 6772 SNIPPET_NOT_RELEVANT b'626370'
ACTION SNIPPET 10000 6775 SNIPPET_NOT_RELEVANT b'1596688'
ACTION SNIPPET 10000 6778 SNIPPET_RELEVANT b'1207902'
ACTION DOC 10000 6798 EXAMINING_DOCUMENT b'1207902'
ACTION QUERY 10000 6808 women in parliaments amoxicillin
ACTION SERP 10000 6813 EXAMINE_SERP
ACTION SNIPPET 10000 6816 SNIPPET_RELEVANT b'1710504'
ACTION DOC 10000 6836 EXAMINING_DOCUMENT b'1710504'
ACTION SNIPPET 10000 6839 SNIPPET_RELEVANT b'892166'
ACTION DOC 10000 6859 EXAMINING_DOCUMENT b'892166'
ACTION SNIPPET 10000 6862 SNIPPET_RELEVANT b'958003'
ACTION DOC 10000 6882 EXAMINING_DOCUMENT b'958003'
ACTION SNIPPET 10000 6885 SNIPPET_RELEVANT b'585846'
ACTION DOC 10000 6905 EXAMINING_DOCUMENT b'585846'
ACTION SNIPPET 10000 6908 SNIPPET_NOT_RELEVANT b'1770425'
ACTION SNIPPET 10000 6911 SNIPPET_RELEVANT b'225784'
ACTION DOC 10000 6931 EXAMINING_DOCUMENT b'225784'
ACTION SNIPPET 10000 6934 SNIPPET_RELEVANT b'856842'
ACTION DOC 10000 6954 EXAMINING_DOCUMENT b'856842'
ACTION SNIPPET 10000 6957 SNIPPET_NOT_RELEVANT b'1224418'
ACTION SNIPPET 10000 6960 SNIPPET_NOT_RELEVANT b'1142870'
ACTION SNIPPET 10000 6963 SNIPPET_NOT_RELEVANT b'1582521'
ACTION QUERY 10000 6973 women in parliaments frequently
ACTION SERP 10000 6978 EXAMINE_SERP
ACTION SNIPPET 10000 6981 SNIPPET_NOT_RELEVANT b'1758576'
ACTION SNIPPET 10000 6984 SNIPPET_RELEVANT b'523441'
ACTION DOC 10000 7004 EXAMINING_DOCUMENT b'523441'
ACTION MARK 10000 7007 CONSIDERED_RELEVANT b'523441'
ACTION SNIPPET 10000 7010 SNIPPET_RELEVANT b'1398512'
ACTION DOC 10000 7030 EXAMINING_DOCUMENT b'1398512'
ACTION MARK 10000 7033 CONSIDERED_RELEVANT b'1398512'
ACTION SNIPPET 10000 7036 SEEN_PREVIOUSLY b'1797600'
ACTION SNIPPET 10000 7039 SNIPPET_RELEVANT b'303170'
ACTION DOC 10000 7059 EXAMINING_DOCUMENT b'303170'
ACTION SNIPPET 10000 7062 SNIPPET_RELEVANT b'1483853'
ACTION DOC 10000 7082 EXAMINING_DOCUMENT b'1483853'
ACTION SNIPPET 10000 7085 SNIPPET_RELEVANT b'1419286'
ACTION DOC 10000 7105 EXAMINING_DOCUMENT b'1419286'
ACTION SNIPPET 10000 7108 SEEN_PREVIOUSLY b'1612526'
ACTION SNIPPET 10000 7111 SEEN_PREVIOUSLY b'1419003'
ACTION SNIPPET 10000 7114 SNIPPET_RELEVANT b'154506'
ACTION DOC 10000 7134 EXAMINING_DOCUMENT b'154506'
ACTION QUERY 10000 7144 women in parliaments safe
ACTION SERP 10000 7149 EXAMINE_SERP
ACTION SNIPPET 10000 7152 SEEN_PREVIOUSLY b'1197968'
ACTION SNIPPET 10000 7155 SEEN_PREVIOUSLY b'1078230'
ACTION SNIPPET 10000 7158 SEEN_PREVIOUSLY b'1762109'
ACTION SNIPPET 10000 7161 SNIPPET_RELEVANT b'343255'
ACTION DOC 10000 7181 EXAMINING_DOCUMENT b'343255'
ACTION SNIPPET 10000 7184 SEEN_PREVIOUSLY b'1782404'
ACTION SNIPPET 10000 7187 SNIPPET_NOT_RELEVANT b'782032'
ACTION SNIPPET 10000 7190 SEEN_PREVIOUSLY b'902859'
ACTION SNIPPET 10000 7193 SNIPPET_RELEVANT b'275806'
ACTION DOC 10000 7213 EXAMINING_DOCUMENT b'275806'
ACTION SNIPPET 10000 7216 SEEN_PREVIOUSLY b'1612526'
ACTION SNIPPET 10000 7219 SNIPPET_RELEVANT b'453097'
ACTION DOC 10000 7239 EXAMINING_DOCUMENT b'453097'
ACTION QUERY 10000 7249 women in parliaments plant
ACTION SERP 10000 7254 EXAMINE_SERP
ACTION SNIPPET 10000 7257 SNIPPET_NOT_RELEVANT b'306945'
ACTION SNIPPET 10000 7260 SEEN_PREVIOUSLY b'1617745'
ACTION SNIPPET 10000 7263 SNIPPET_NOT_RELEVANT b'66459'
ACTION SNIPPET 10000 7266 SNIPPET_NOT_RELEVANT b'207643'
ACTION SNIPPET 10000 7269 SNIPPET_RELEVANT b'853612'
ACTION DOC 10000 7289 EXAMINING_DOCUMENT b'853612'
ACTION SNIPPET 10000 7292 SNIPPET_NOT_RELEVANT b'91196'
ACTION SNIPPET 10000 7295 SEEN_PREVIOUSLY b'1612526'
ACTION SNIPPET 10000 7298 SEEN_PREVIOUSLY b'1419003'
ACTION SNIPPET 10000 7301 SNIPPET_NOT_RELEVANT b'1709679'
ACTION SNIPPET 10000 7304 SNIPPET_RELEVANT b'1613581'
ACTION DOC 10000 7324 EXAMINING_DOCUMENT b'1613581'
ACTION QUERY 10000 7334 women in parliaments drawings
ACTION SERP 10000 7339 EXAMINE_SERP
ACTION SNIPPET 10000 7342 SNIPPET_RELEVANT b'66459'
ACTION DOC 10000 7362 EXAMINING_DOCUMENT b'66459'
ACTION SNIPPET 10000 7365 SNIPPET_NOT_RELEVANT b'980463'
ACTION SNIPPET 10000 7368 SNIPPET_RELEVANT b'1605230'
ACTION DOC 10000 7388 EXAMINING_DOCUMENT b'1605230'
ACTION SNIPPET 10000 7391 SEEN_PREVIOUSLY b'855753'
ACTION SNIPPET 10000 7394 SNIPPET_NOT_RELEVANT b'306945'
ACTION SNIPPET 10000 7397 SNIPPET_NOT_RELEVANT b'714944'
ACTION SNIPPET 10000 7400 SNIPPET_RELEVANT b'621823'
ACTION DOC 10000 7420 EXAMINING_DOCUMENT b'621823'
ACTION MARK 10000 7423 CONSIDERED_RELEVANT b'621823'
ACTION SNIPPET 10000 7426 SNIPPET_NOT_RELEVANT b'451649'
ACTION SNIPPET 10000 7429 SEEN_PREVIOUSLY b'1612526'
ACTION SNIPPET 10000 7432 SEEN_PREVIOUSLY b'1419003'
ACTION QUERY 10000 7442 women in parliaments singapore
ACTION SERP 10000 7447 EXAMINE_SERP
ACTION SNIPPET 10000 7450 SNIPPET_RELEVANT b'160356'
ACTION DOC 10000 7470 EXAMINING_DOCUMENT b'160356'
ACTION SNIPPET 10000 7473 SNIPPET_RELEVANT b'50623'
ACTION DOC 10000 7493 EXAMINING_DOCUMENT b'50623'
ACTION SNIPPET 10000 7496 SNIPPET_NOT_RELEVANT b'857224'
ACTION SNIPPET 10000 7499 SNIPPET_NOT_RELEVANT b'857127'
ACTION SNIPPET 10000 7502 SNIPPET_NOT_RELEVANT b'1576598'
ACTION SNIPPET 10000 7505 SNIPPET_RELEVANT b'127841'
ACTION DOC 10000 7525 EXAMINING_DOCUMENT b'127841'
ACTION SNIPPET 10000 7528 SNIPPET_NOT_RELEVANT b'936420'
ACTION SNIPPET 10000 7531 SNIPPET_RELEVANT b'147466'
ACTION DOC 10000 7551 EXAMINING_DOCUMENT b'147466'
ACTION SNIPPET 10000 7554 SNIPPET_RELEVANT b'176421'
ACTION DOC 10000 7574 EXAMINING_DOCUMENT b'176421'
ACTION SNIPPET 10000 7577 SNIPPET_NOT_RELEVANT b'1833298'
ACTION QUERY 10000 7587 women in parliaments empress
ACTION SERP 10000 7592 EXAMINE_SERP
ACTION SNIPPET 10000 7595 SNIPPET_RELEVANT b'1576598'
ACTION DOC 10000 7615 EXAMINING_DOCUMENT b'1576598'
ACTION SNIPPET 10000 7618 SNIPPET_RELEVANT b'1350282'
ACTION DOC 10000 7638 EXAMINING_DOCUMENT b'1350282'
ACTION SNIPPET 10000 7641 SNIPPET_NOT_RELEVANT b'1603408'
ACTION SNIPPET 10000 7644 SNIPPET_NOT_RELEVANT b'1347864'
ACTION SNIPPET 10000 7647 SNIPPET_NOT_RELEVANT b'891451'
ACTION SNIPPET 10000 7650 SNIPPET_NOT_RELEVANT b'1738186'
ACTION SNIPPET 10000 7653 SNIPPET_NOT_RELEVANT b'1738834'
ACTION SNIPPET 10000 7656 SNIPPET_NOT_RELEVANT b'1727825'
ACTION SNIPPET 10000 7659 SNIPPET_RELEVANT b'1557048'
ACTION DOC 10000 7679 EXAMINING_DOCUMENT b'1557048'
ACTION SNIPPET 10000 7682 SNIPPET_NOT_RELEVANT b'878466'
ACTION QUERY 10000 7692 women in parliaments story
ACTION SERP 10000 7697 EXAMINE_SERP
ACTION SNIPPET 10000 7700 SNIPPET_RELEVANT b'276009'
ACTION DOC 10000 7720 EXAMINING_DOCUMENT b'276009'
ACTION SNIPPET 10000 7723 SEEN_PREVIOUSLY b'1762109'
ACTION SNIPPET 10000 7726 SNIPPET_NOT_RELEVANT b'805'
ACTION SNIPPET 10000 7729 SNIPPET_NOT_RELEVANT b'805'
ACTION SNIPPET 10000 7732 SEEN_PREVIOUSLY b'1612526'
ACTION SNIPPET 10000 7735 SNIPPET_NOT_RELEVANT b'306945'
ACTION SNIPPET 10000 7738 SEEN_PREVIOUSLY b'1419003'
ACTION SNIPPET 10000 7741 SEEN_PREVIOUSLY b'1617745'
ACTION SNIPPET 10000 7744 SEEN_PREVIOUSLY b'1806597'
ACTION SNIPPET 10000 7747 SEEN_PREVIOUSLY b'303170'
ACTION QUERY 10000 7757 women in parliaments bombed
ACTION SERP 10000 7762 EXAMINE_SERP
ACTION SNIPPET 10000 7765 SNIPPET_NOT_RELEVANT b'149096'
ACTION SNIPPET 10000 7768 SNIPPET_NOT_RELEVANT b'805'
ACTION SNIPPET 10000 7771 SNIPPET_RELEVANT b'805'
ACTION DOC 10000 7791 EXAMINING_DOCUMENT b'805'
ACTION SNIPPET 10000 7794 SNIPPET_RELEVANT b'1541950'
ACTION DOC 10000 7814 EXAMINING_DOCUMENT b'1541950'
ACTION SNIPPET 10000 7817 SNIPPET_NOT_RELEVANT b'1546744'
ACTION SNIPPET 10000 7820 SEEN_PREVIOUSLY b'1738717'
ACTION SNIPPET 10000 7823 SNIPPET_RELEVANT b'1548476'
ACTION DOC 10000 7843 EXAMINING_DOCUMENT b'1548476'
ACTION SNIPPET 10000 7846 SNIPPET_RELEVANT b'734022'
ACTION DOC 10000 7866 EXAMINING_DOCUMENT b'734022'
ACTION SNIPPET 10000 7869 SEEN_PREVIOUSLY b'667733'
ACTION SNIPPET 10000 7872 SNIPPET_RELEVANT b'67205'
ACTION DOC 10000 7892 EXAMINING_DOCUMENT b'67205'
ACTION QUERY 10000 7902 women in parliaments sustainability
ACTION SERP 10000 7907 EXAMINE_SERP
ACTION SNIPPET 10000 7910 SEEN_PREVIOUSLY b'1078230'
ACTION SNIPPET 10000 7913 SNIPPET_RELEVANT b'192589'
ACTION DOC 10000 7933 EXAMINING_DOCUMENT b'192589'
ACTION SNIPPET 10000 7936 SEEN_PREVIOUSLY b'590202'
ACTION SNIPPET 10000 7939 SNIPPET_RELEVANT b'1419631'
ACTION DOC 10000 7959 EXAMINING_DOCUMENT b'1419631'
ACTION MARK 10000 7962 CONSIDERED_RELEVANT b'1419631'
ACTION SNIPPET 10000 7965 SNIPPET_NOT_RELEVANT b'832459'
ACTION SNIPPET 10000 7968 SNIPPET_RELEVANT b'1617787'
ACTION DOC 10000 7988 EXAMINING_DOCUMENT b'1617787'
ACTION SNIPPET 10000 7991 SEEN_PREVIOUSLY b'1612526'
ACTION SNIPPET 10000 7994 SEEN_PREVIOUSLY b'1782404'
ACTION SNIPPET 10000 7997 SNIPPET_NOT_RELEVANT b'1361852'
ACTION SNIPPET 10000 8000 SNIPPET_RELEVANT b'311222'
ACTION DOC 10000 8020 EXAMINING_DOCUMENT b'311222'
ACTION QUERY 10000 8030 women in parliaments apps
ACTION SERP 10000 8035 EXAMINE_SERP
ACTION SNIPPET 10000 8038 SNIPPET_RELEVANT b'1073020'
ACTION DOC 10000 8058 EXAMINING_DOCUMENT b'1073020'
ACTION SNIPPET 10000 8061 SNIPPET_NOT_RELEVANT b'1538378'
ACTION SNIPPET 10000 8064 SNIPPET_NOT_RELEVANT b'1585566'
ACTION SNIPPET 10000 8067 SNIPPET_NOT_RELEVANT b'1817954'
ACTION SNIPPET 10000 8070 SNIPPET_RELEVANT b'1415969'
ACTION DOC 10000 8090 EXAMINING_DOCUMENT b'1415969'
ACTION SNIPPET 10000 8093 SNIPPET_NOT_RELEVANT b'763793'
ACTION SNIPPET 10000 8096 SNIPPET_RELEVANT b'1441352'
ACTION DOC 10000 8116 EXAMINING_DOCUMENT b'1441352'
ACTION SNIPPET 10000 8119 SNIPPET_NOT_RELEVANT b'1441264'
ACTION SNIPPET 10000 8122 SNIPPET_NOT_RELEVANT b'1457307'
ACTION SNIPPET 10000 8125 SNIPPET_RELEVANT b'1032429'
ACTION DOC 10000 8145 EXAMINING_DOCUMENT b'1032429'
ACTION QUERY 10000 8155 women in parliaments roses
ACTION SERP 10000 8160 EXAMINE_SERP
ACTION SNIPPET 10000 8163 SEEN_PREVIOUSLY b'667733'
ACTION SNIPPET 10000 8166 SEEN_PREVIOUSLY b'1612526'
ACTION SNIPPET 10000 8169 SEEN_PREVIOUSLY b'1419003'
ACTION SNIPPET 10000 8172 SNIPPET_RELEVANT b'1772333'
ACTION DOC 10000 8192 EXAMINING_DOCUMENT b'1772333'
ACTION SNIPPET 10000 8195 SNIPPET_NOT_RELEVANT b'1807695'
ACTION SNIPPET 10000 8198 SNIPPET_RELEVANT b'927254'
ACTION DOC 10000 8218 EXAMINING_DOCUMENT b'927254'
ACTION MARK 10000 8221 CONSIDERED_RELEVANT b'927254'
ACTION SNIPPET 10000 8224 SEEN_PREVIOUSLY b'1104922'
ACTION SNIPPET 10000 8227 SNIPPET_NOT_RELEVANT b'200677'
ACTION SNIPPET 10000 8230 SEEN_PREVIOUSLY b'343331'
ACTION SNIPPET 10000 8233 SEEN_PREVIOUSLY b'1221423'
ACTION QUERY 10000 8243 women in parliaments guests
ACTION SERP 10000 8248 EXAMINE_SERP
ACTION SNIPPET 10000 8251 SNIPPET_RELEVANT b'613109'
ACTION DOC 10000 8271 EXAMINING_DOCUMENT b'613109'
ACTION SNIPPET 10000 8274 SNIPPET_RELEVANT b'434361'
ACTION DOC 10000 8294 EXAMINING_DOCUMENT b'434361'
ACTION SNIPPET 10000 8297 SNIPPET_RELEVANT b'1303692'
ACTION DOC 10000 8317 EXAMINING_DOCUMENT b'1303692'
ACTION SNIPPET 10000 8320 SNIPPET_NOT_RELEVANT b'1106960'
ACTION SNIPPET 10000 8323 SNIPPET_NOT_RELEVANT b'1583111'
ACTION SNIPPET 10000 8326 SEEN_PREVIOUSLY b'1612526'
ACTION SNIPPET 10000 8329 SNIPPET_RELEVANT b'1178360'
ACTION DOC 10000 8349 EXAMINING_DOCUMENT b'1178360'
ACTION SNIPPET 10000 8352 SEEN_PREVIOUSLY b'1419003'
ACTION SNIPPET 10000 8355 SNIPPET_NOT_RELEVANT b'388881'
ACTION SNIPPET 10000 8358 SNIPPET_NOT_RELEVANT b'847074'
ACTION QUERY 10000 8368 women in parliaments gypsies
ACTION SERP 10000 8373 EXAMINE_SERP
ACTION SNIPPET 10000 8376 SEEN_PREVIOUSLY b'434361'
ACTION SNIPPET 10000 8379 SNIPPET_NOT_RELEVANT b'489954'
ACTION SNIPPET 10000 8382 SNIPPET_NOT_RELEVANT b'638306'
ACTION SNIPPET 10000 8385 SNIPPET_NOT_RELEVANT b'650616'
ACTION SNIPPET 10000 8388 SNIPPET_RELEVANT b'1146199'
ACTION DOC 10000 8408 EXAMINING_DOCUMENT b'1146199'
ACTION SNIPPET 10000 8411 SNIPPET_NOT_RELEVANT b'1147819'
ACTION SNIPPET 10000 8414 SNIPPET_RELEVANT b'1470045'
ACTION DOC 10000 8434 EXAMINING_DOCUMENT b'1470045'
ACTION SNIPPET 10000 8437 SEEN_PREVIOUSLY b'343255'
ACTION SNIPPET 10000 8440 SNIPPET_NOT_RELEVANT b'1468448'
ACTION SNIPPET 10000 8443 SNIPPET_NOT_RELEVANT b'1198788'
ACTION QUERY 10000 8453 women in parliaments minneapolis
ACTION SERP 10000 8458 EXAMINE_SERP
ACTION SNIPPET 10000 8461 SEEN_PREVIOUSLY b'434361'
ACTION SNIPPET 10000 8464 SNIPPET_NOT_RELEVANT b'683411'
ACTION SNIPPET 10000 8467 SNIPPET_RELEVANT b'102177'
ACTION DOC 10000 8487 EXAMINING_DOCUMENT b'102177'
ACTION SNIPPET 10000 8490 SEEN_PREVIOUSLY b'1612526'
ACTION SNIPPET 10000 8493 SNIPPET_NOT_RELEVANT b'283092'
ACTION SNIPPET 10000 8496 SNIPPET_NOT_RELEVANT b'428095'
ACTION SNIPPET 10000 8499 SEEN_PREVIOUSLY b'1419003'
ACTION SNIPPET 10000 8502 SNIPPET_NOT_RELEVANT b'793507'
ACTION SNIPPET 10000 8505 SNIPPET_NOT_RELEVANT b'793666'
ACTION SNIPPET 10000 8508 SNIPPET_NOT_RELEVANT b'348599'
ACTION QUERY 10000 8518 women in parliaments muammar
ACTION SERP 10000 8523 EXAMINE_SERP
ACTION SNIPPET 10000 8526 SNIPPET_NOT_RELEVANT b'283092'
ACTION SNIPPET 10000 8529 SNIPPET_NOT_RELEVANT b'391343'
ACTION SNIPPET 10000 8532 SNIPPET_NOT_RELEVANT b'391344'
ACTION SNIPPET 10000 8535 SNIPPET_RELEVANT b'16060'
ACTION DOC 10000 8555 EXAMINING_DOCUMENT b'16060'
ACTION SNIPPET 10000 8558 SNIPPET_RELEVANT b'883146'
ACTION DOC 10000 8578 EXAMINING_DOCUMENT b'883146'
ACTION SNIPPET 10000 8581 SNIPPET_NOT_RELEVANT b'30628'
ACTION SNIPPET 10000 8584 SNIPPET_RELEVANT b'279989'
ACTION DOC 10000 8604 EXAMINING_DOCUMENT b'279989'
ACTION SNIPPET 10000 8607 SNIPPET_NOT_RELEVANT b'197944'
ACTION SNIPPET 10000 8610 SNIPPET_NOT_RELEVANT b'232837'
ACTION SNIPPET 10000 8613 SNIPPET_NOT_RELEVANT b'1830045'
ACTION QUERY 10000 8623 women in parliaments swarm
ACTION SERP 10000 8628 EXAMINE_SERP
ACTION SNIPPET 10000 8631 SNIPPET_RELEVANT b'1139717'
ACTION DOC 10000 8651 EXAMINING_DOCUMENT b'1139717'
ACTION SNIPPET 10000 8654 SNIPPET_NOT_RELEVANT b'638069'
ACTION SNIPPET 10000 8657 SNIPPET_NOT_RELEVANT b'301832'
ACTION SNIPPET 10000 8660 SNIPPET_RELEVANT b'323317'
ACTION DOC 10000 8680 EXAMINING_DOCUMENT b'323317'
ACTION SNIPPET 10000 8683 SEEN_PREVIOUSLY b'1612526'
ACTION SNIPPET 10000 8686 SEEN_PREVIOUSLY b'1419003'
ACTION SNIPPET 10000 8689 SNIPPET_NOT_RELEVANT b'19631'
ACTION SNIPPET 10000 8692 SNIPPET_NOT_RELEVANT b'1504143'
ACTION SNIPPET 10000 8695 SNIPPET_RELEVANT b'468151'
ACTION DOC 10000 8715 EXAMINING_DOCUMENT b'468151'
ACTION SNIPPET 10000 8718 SNIPPET_RELEVANT b'1664090'
ACTION DOC 10000 8738 EXAMINING_DOCUMENT b'1664090'
ACTION QUERY 10000 8748 women in parliaments grocery
ACTION SERP 10000 8753 EXAMINE_SERP
ACTION SNIPPET 10000 8756 SNIPPET_RELEVANT b'386042'
ACTION DOC 10000 8776 EXAMINING_DOCUMENT b'386042'
ACTION SNIPPET 10000 8779 SEEN_PREVIOUSLY b'434361'
ACTION SNIPPET 10000 8782 SNIPPET_NOT_RELEVANT b'820525'
ACTION SNIPPET 10000 8785 SNIPPET_RELEVANT b'656421'
ACTION DOC 10000 8805 EXAMINING_DOCUMENT b'656421'
ACTION SNIPPET 10000 8808 SNIPPET_RELEVANT b'9752'
ACTION DOC 10000 8828 EXAMINING_DOCUMENT b'9752'
ACTION SNIPPET 10000 8831 SEEN_PREVIOUSLY b'1612526'
ACTION SNIPPET 10000 8834 SEEN_PREVIOUSLY b'1419003'
ACTION SNIPPET 10000 8837 SNIPPET_NOT_RELEVANT b'380270'
ACTION SNIPPET 10000 8840 SNIPPET_RELEVANT b'712316'
ACTION DOC 10000 8860 EXAMINING_DOCUMENT b'712316'
ACTION SNIPPET 10000 8863 SNIPPET_NOT_RELEVANT b'566131'
ACTION QUERY 10000 8873 women in parliaments medicine
ACTION SERP 10000 8878 EXAMINE_SERP
ACTION SNIPPET 10000 8881 SNIPPET_NOT_RELEVANT b'1654554'
ACTION SNIPPET 10000 8884 SEEN_PREVIOUSLY b'444217'
ACTION SNIPPET 10000 8887 SNIPPET_NOT_RELEVANT b'679843'
ACTION SNIPPET 10000 8890 SNIPPET_NOT_RELEVANT b'1212590'
ACTION SNIPPET 10000 8893 SNIPPET_RELEVANT b'1292'
ACTION DOC 10000 8913 EXAMINING_DOCUMENT b'1292'
ACTION MARK 10000 8916 CONSIDERED_RELEVANT b'1292'
ACTION SNIPPET 10000 8919 SEEN_PREVIOUSLY b'1292'
ACTION SNIPPET 10000 8922 SEEN_PREVIOUSLY b'1612526'
ACTION SNIPPET 10000 8925 SEEN_PREVIOUSLY b'1419003'
ACTION SNIPPET 10000 8928 SNIPPET_NOT_RELEVANT b'403898'
ACTION SNIPPET 10000 8931 SNIPPET_RELEVANT b'1277386'
ACTION DOC 10000 8951 EXAMINING_DOCUMENT b'1277386'
ACTION QUERY 10000 8961 women in parliaments competitor
ACTION SERP 10000 8966 EXAMINE_SERP
ACTION SNIPPET 10000 8969 SNIPPET_RELEVANT b'638069'
ACTION DOC 10000 8989 EXAMINING_DOCUMENT b'638069'
ACTION SNIPPET 10000 8992 SNIPPET_RELEVANT b'1725443'
ACTION DOC 10000 9012 EXAMINING_DOCUMENT b'1725443'
ACTION SNIPPET 10000 9015 SEEN_PREVIOUSLY b'1612526'
ACTION SNIPPET 10000 9018 SEEN_PREVIOUSLY b'1419003'
ACTION SNIPPET 10000 9021 SNIPPET_RELEVANT b'693937'
ACTION DOC 10000 9041 EXAMINING_DOCUMENT b'693937'
ACTION SNIPPET 10000 9044 SEEN_PREVIOUSLY b'343331'
ACTION SNIPPET 10000 9047 SEEN_PREVIOUSLY b'1221423'
ACTION SNIPPET 10000 9050 SNIPPET_RELEVANT b'1176878'
ACTION DOC 10000 9070 EXAMINING_DOCUMENT b'1176878'
ACTION SNIPPET 10000 9073 SEEN_PREVIOUSLY b'722210'
ACTION SNIPPET 10000 9076 SNIPPET_NOT_RELEVANT b'369186'
ACTION QUERY 10000 9086 women in parliaments treats
ACTION SERP 10000 9091 EXAMINE_SERP
ACTION SNIPPET 10000 9094 SEEN_PREVIOUSLY b'1680409'
ACTION SNIPPET 10000 9097 SEEN_PREVIOUSLY b'655099'
ACTION SNIPPET 10000 9100 SNIPPET_RELEVANT b'1148551'
ACTION DOC 10000 9120 EXAMINING_DOCUMENT b'1148551'
ACTION SNIPPET 10000 9123 SEEN_PREVIOUSLY b'1762502'
ACTION SNIPPET 10000 9126 SNIPPET_RELEVANT b'525485'
ACTION DOC 10000 9146 EXAMINING_DOCUMENT b'525485'
ACTION SNIPPET 10000 9149 SEEN_PREVIOUSLY b'1612526'
ACTION SNIPPET 10000 9152 SEEN_PREVIOUSLY b'1419003'
ACTION SNIPPET 10000 9155 SNIPPET_NOT_RELEVANT b'1825915'
ACTION SNIPPET 10000 9158 SNIPPET_NOT_RELEVANT b'1018396'
ACTION SNIPPET 10000 9161 SEEN_PREVIOUSLY b'1178895'
ACTION QUERY 10000 9171 women in parliaments assistant
ACTION SERP 10000 9176 EXAMINE_SERP
ACTION SNIPPET 10000 9179 SEEN_PREVIOUSLY b'573133'
ACTION SNIPPET 10000 9182 SNIPPET_NOT_RELEVANT b'1110802'
ACTION SNIPPET 10000 9185 SNIPPET_NOT_RELEVANT b'1157796'
ACTION SNIPPET 10000 9188 SNIPPET_RELEVANT b'1713042'
ACTION DOC 10000 9208 EXAMINING_DOCUMENT b'1713042'
ACTION MARK 10000 9211 CONSIDERED_RELEVANT b'1713042'
ACTION SNIPPET 10000 9214 SEEN_PREVIOUSLY b'1612526'
ACTION SNIPPET 10000 9217 SEEN_PREVIOUSLY b'1419003'
ACTION SNIPPET 10000 9220 SEEN_PREVIOUSLY b'297178'
ACTION SNIPPET 10000 9223 SNIPPET_RELEVANT b'1346583'
ACTION DOC 10000 9243 EXAMINING_DOCUMENT b'1346583'
ACTION SNIPPET 10000 9246 SEEN_PREVIOUSLY b'343331'
ACTION SNIPPET 10000 9249 SEEN_PREVIOUSLY b'1221423'
ACTION QUERY 10000 9259 women in parliaments break
ACTION SERP 10000 9264 EXAMINE_SERP
ACTION SNIPPET 10000 9267 SEEN_PREVIOUSLY b'722210'
ACTION SNIPPET 10000 9270 SEEN_PREVIOUSLY b'339175'
ACTION SNIPPET 10000 9273 SNIPPET_RELEVANT b'1021525'
ACTION DOC 10000 9293 EXAMINING_DOCUMENT b'1021525'
ACTION SNIPPET 10000 9296 SEEN_PREVIOUSLY b'667733'
ACTION SNIPPET 10000 9299 SNIPPET_NOT_RELEVANT b'1849164'
ACTION SNIPPET 10000 9302 SNIPPET_RELEVANT b'836910'
ACTION DOC 10000 9322 EXAMINING_DOCUMENT b'836910'
ACTION SNIPPET 10000 9325 SNIPPET_NOT_RELEVANT b'75785'
ACTION SNIPPET 10000 9328 SEEN_PREVIOUSLY b'1612526'
ACTION SNIPPET 10000 9331 SEEN_PREVIOUSLY b'1192653'
ACTION SNIPPET 10000 9334 SNIPPET_NOT_RELEVANT b'782032'
ACTION QUERY 10000 9344 women in parliaments day
ACTION SERP 10000 9349 EXAMINE_SERP
ACTION SNIPPET 10000 9352 SEEN_PREVIOUSLY b'343331'
ACTION SNIPPET 10000 9355 SEEN_PREVIOUSLY b'1221423'
ACTION SNIPPET 10000 9358 SEEN_PREVIOUSLY b'1612526'
ACTION SNIPPET 10000 9361 SEEN_PREVIOUSLY b'1419003'
ACTION SNIPPET 10000 9364 SEEN_PREVIOUSLY b'573133'
ACTION SNIPPET 10000 9367 SEEN_PREVIOUSLY b'1092681'
ACTION SNIPPET 10000 9370 SEEN_PREVIOUSLY b'667733'
ACTION SNIPPET 10000 9373 SEEN_PREVIOUSLY b'404753'
ACTION SNIPPET 10000 9376 SEEN_PREVIOUSLY b'1611961'
ACTION SNIPPET 10000 9379 SEEN_PREVIOUSLY b'339175'
ACTION QUERY 10000 9389 women in parliaments found
ACTION SERP 10000 9394 EXAMINE_SERP
ACTION SNIPPET 10000 9397 SNIPPET_NOT_RELEVANT b'1085142'
ACTION SNIPPET 10000 9400 SEEN_PREVIOUSLY b'581514'
ACTION SNIPPET 10000 9403 SNIPPET_RELEVANT b'48725'
ACTION DOC 10000 9423 EXAMINING_DOCUMENT b'48725'
ACTION MARK 10000 9426 CONSIDERED_RELEVANT b'48725'
ACTION SNIPPET 10000 9429 SEEN_PREVIOUSLY b'66459'
ACTION SNIPPET 10000 9432 SEEN_PREVIOUSLY b'1612526'
ACTION SNIPPET 10000 9435 SNIPPET_RELEVANT b'306945'
ACTION DOC 10000 9455 EXAMINING_DOCUMENT b'306945'
ACTION SNIPPET 10000 9458 SEEN_PREVIOUSLY b'1419003'
ACTION SNIPPET 10000 9461 SEEN_PREVIOUSLY b'1346583'
ACTION SNIPPET 10000 9464 SNIPPET_NOT_RELEVANT b'942549'
ACTION SNIPPET 10000 9467 SEEN_PREVIOUSLY b'343331'
ACTION QUERY 10000 9477 women in parliaments scared
ACTION SERP 10000 9482 EXAMINE_SERP
ACTION SNIPPET 10000 9485 SNIPPET_RELEVANT b'1696392'
ACTION DOC 10000 9505 EXAMINING_DOCUMENT b'1696392'
ACTION SNIPPET 10000 9508 SEEN_PREVIOUSLY b'306945'
ACTION SNIPPET 10000 9511 SNIPPET_NOT_RELEVANT b'267696'
ACTION SNIPPET 10000 9514 SNIPPET_NOT_RELEVANT b'1434773'
ACTION SNIPPET 10000 9517 SNIPPET_NOT_RELEVANT b'942583'
ACTION SNIPPET 10000 9520 SEEN_PREVIOUSLY b'1612526'
ACTION SNIPPET 10000 9523 SNIPPET_NOT_RELEVANT b'527040'
ACTION SNIPPET 10000 9526 SEEN_PREVIOUSLY b'1419003'
ACTION SNIPPET 10000 9529 SNIPPET_NOT_RELEVANT b'1539866'
ACTION SNIPPET 10000 9532 SNIPPET_NOT_RELEVANT b'533459'
ACTION QUERY 10000 9542 women in parliaments nomads
ACTION SERP 10000 9547 EXAMINE_SERP
ACTION SNIPPET 10000 9550 SEEN_PREVIOUSLY b'1696392'
ACTION SNIPPET 10000 9553 SEEN_PREVIOUSLY b'667733'
ACTION SNIPPET 10000 9556 SNIPPET_RELEVANT b'911278'
ACTION DOC 10000 9576 EXAMINING_DOCUMENT b'911278'
ACTION SNIPPET 10000 9579 SNIPPET_RELEVANT b'1658837'
ACTION DOC 10000 9599 EXAMINING_DOCUMENT b'1658837'
ACTION SNIPPET 10000 9602 SNIPPET_RELEVANT b'660584'
ACTION DOC 10000 9622 EXAMINING_DOCUMENT b'660584'
ACTION SNIPPET 10000 9625 SNIPPET_RELEVANT b'909089'
ACTION DOC 10000 9645 EXAMINING_DOCUMENT b'909089'
ACTION SNIPPET 10000 9648 SNIPPET_RELEVANT b'1038676'
ACTION DOC 10000 9668 EXAMINING_DOCUMENT b'1038676'
ACTION SNIPPET 10000 9671 SNIPPET_RELEVANT b'1722616'
ACTION DOC 10000 9691 EXAMINING_DOCUMENT b'1722616'
ACTION SNIPPET 10000 9694 SNIPPET_NOT_RELEVANT b'1756570'
ACTION SNIPPET 10000 9697 SNIPPET_RELEVANT b'1783973'
ACTION DOC 10000 9717 EXAMINING_DOCUMENT b'1783973'
ACTION QUERY 10000 9727 women in parliaments practiced
ACTION SERP 10000 9732 EXAMINE_SERP
ACTION SNIPPET 10000 9735 SEEN_PREVIOUSLY b'1078230'
ACTION SNIPPET 10000 9738 SEEN_PREVIOUSLY b'1078961'
ACTION SNIPPET 10000 9741 SEEN_PREVIOUSLY b'1612526'
ACTION SNIPPET 10000 9744 SEEN_PREVIOUSLY b'731284'
ACTION SNIPPET 10000 9747 SEEN_PREVIOUSLY b'577070'
ACTION SNIPPET 10000 9750 SEEN_PREVIOUSLY b'581514'
ACTION SNIPPET 10000 9753 SNIPPET_NOT_RELEVANT b'708534'
ACTION SNIPPET 10000 9756 SNIPPET_NOT_RELEVANT b'577340'
ACTION SNIPPET 10000 9759 SNIPPET_NOT_RELEVANT b'1622534'
ACTION SNIPPET 10000 9762 SEEN_PREVIOUSLY b'17233'
ACTION QUERY 10000 9772 women in parliaments abort
ACTION SERP 10000 9777 EXAMINE_SERP
ACTION SNIPPET 10000 9780 SEEN_PREVIOUSLY b'731284'
ACTION SNIPPET 10000 9783 SEEN_PREVIOUSLY b'1092681'
ACTION SNIPPET 10000 9786 SEEN_PREVIOUSLY b'581514'
ACTION SNIPPET 10000 9789 SEEN_PREVIOUSLY b'573133'
ACTION SNIPPET 10000 9792 SEEN_PREVIOUSLY b'566117'
ACTION SNIPPET 10000 9795 SEEN_PREVIOUSLY b'722210'
ACTION SNIPPET 10000 9798 SNIPPET_RELEVANT b'611878'
ACTION DOC 10000 9818 EXAMINING_DOCUMENT b'611878'
ACTION SNIPPET 10000 9821 SNIPPET_NOT_RELEVANT b'748890'
ACTION SNIPPET 10000 9824 SEEN_PREVIOUSLY b'339175'
ACTION SNIPPET 10000 9827 SNIPPET_RELEVANT b'595316'
ACTION DOC 10000 9847 EXAMINING_DOCUMENT b'595316'
ACTION QUERY 10000 9857 women in parliaments insider
ACTION SERP 10000 9862 EXAMINE_SERP
ACTION SNIPPET 10000 9865 SEEN_PREVIOUSLY b'722210'
ACTION SNIPPET 10000 9868 SEEN_PREVIOUSLY b'573133'
ACTION SNIPPET 10000 9871 SEEN_PREVIOUSLY b'1714274'
ACTION SNIPPET 10000 9874 SNIPPET_RELEVANT b'1726138'
ACTION DOC 10000 9894 EXAMINING_DOCUMENT b'1726138'
ACTION SNIPPET 10000 9897 SEEN_PREVIOUSLY b'1294328'
ACTION SNIPPET 10000 9900 SNIPPET_NOT_RELEVANT b'1005477'
ACTION SNIPPET 10000 9903 SNIPPET_NOT_RELEVANT b'1758576'
ACTION SNIPPET 10000 9906 SNIPPET_RELEVANT b'714944'
ACTION DOC 10000 9926 EXAMINING_DOCUMENT b'714944'
ACTION SNIPPET 10000 9929 SEEN_PREVIOUSLY b'1612526'
ACTION SNIPPET 10000 9932 SEEN_PREVIOUSLY b'1617745'
ACTION QUERY 10000 9942 women in parliaments carried
ACTION SERP 10000 9947 EXAMINE_SERP
ACTION SNIPPET 10000 9950 SEEN_PREVIOUSLY b'1612526'
ACTION SNIPPET 10000 9953 SEEN_PREVIOUSLY b'279632'
ACTION SNIPPET 10000 9956 SEEN_PREVIOUSLY b'1518382'
ACTION SNIPPET 10000 9959 SNIPPET_NOT_RELEVANT b'1352878'
ACTION SNIPPET 10000 9962 SNIPPET_RELEVANT b'577340'
ACTION DOC 10000 9982 EXAMINING_DOCUMENT b'577340'
ACTION SNIPPET 10000 9985 SNIPPET_NOT_RELEVANT b'1721715'
ACTION SNIPPET 10000 9988 SEEN_PREVIOUSLY b'667733'
ACTION SNIPPET 10000 9991 SNIPPET_RELEVANT b'942549'
ACTION DOC 10000 10011 EXAMINING_DOCUMENT b'942549'
INFO SUMMARY 
INFO TOTAL_QUERIES_ISSUED 90
INFO TOTAL_SNIPPETS_EXAMINED 898
INFO TOTAL_DOCUMENTS_EXAMINED 291
INFO TOTAL_DOCUMENTS_MARKED_RELEVANT 49
INFO TOTAL_ATTRACTIVE_SERP_IMPRESSIONS 90
INFO TOTAL_UNATTRACTIVE_SERP_IMPRESSIONS 0
