ACTION QUERY 10000 10 college education advantage
ACTION SERP 10000 15 EXAMINE_SERP
ACTION SNIPPET 10000 18 SNIPPET_NOT_RELEVANT b'77858'
ACTION SNIPPET 10000 21 SNIPPET_NOT_RELEVANT b'845002'
ACTION SNIPPET 10000 24 SNIPPET_RELEVANT b'1642208'
ACTION DOC 10000 44 EXAMINING_DOCUMENT b'1642208'
ACTION SNIPPET 10000 47 SNIPPET_RELEVANT b'1707549'
ACTION DOC 10000 67 EXAMINING_DOCUMENT b'1707549'
ACTION QUERY 10000 77 college education advantage age
ACTION SERP 10000 82 EXAMINE_SERP
ACTION SNIPPET 10000 85 SEEN_PREVIOUSLY b'1707549'
ACTION SNIPPET 10000 88 SNIPPET_NOT_RELEVANT b'1065767'
ACTION SNIPPET 10000 91 SNIPPET_RELEVANT b'1378422'
ACTION DOC 10000 111 EXAMINING_DOCUMENT b'1378422'
ACTION SNIPPET 10000 114 SNIPPET_NOT_RELEVANT b'1732323'
ACTION SNIPPET 10000 117 SNIPPET_RELEVANT b'1170209'
ACTION DOC 10000 137 EXAMINING_DOCUMENT b'1170209'
ACTION QUERY 10000 147 college education advantage ethnic
ACTION SERP 10000 152 EXAMINE_SERP
ACTION SNIPPET 10000 155 SNIPPET_RELEVANT b'1732323'
ACTION DOC 10000 175 EXAMINING_DOCUMENT b'1732323'
ACTION SNIPPET 10000 178 SNIPPET_RELEVANT b'350105'
ACTION DOC 10000 198 EXAMINING_DOCUMENT b'350105'
ACTION QUERY 10000 208 college education advantage wants
ACTION SERP 10000 213 EXAMINE_SERP
ACTION SNIPPET 10000 216 SNIPPET_RELEVANT b'247974'
ACTION DOC 10000 236 EXAMINING_DOCUMENT b'247974'
ACTION SNIPPET 10000 239 SNIPPET_RELEVANT b'1739514'
ACTION DOC 10000 259 EXAMINING_DOCUMENT b'1739514'
ACTION QUERY 10000 269 college education advantage disadvantages
ACTION SERP 10000 274 EXAMINE_SERP
ACTION SNIPPET 10000 277 SNIPPET_NOT_RELEVANT b'585909'
ACTION SNIPPET 10000 280 SNIPPET_NOT_RELEVANT b'723166'
ACTION SNIPPET 10000 283 SNIPPET_NOT_RELEVANT b'1497415'
ACTION SNIPPET 10000 286 SNIPPET_RELEVANT b'1789490'
ACTION DOC 10000 306 EXAMINING_DOCUMENT b'1789490'
ACTION SNIPPET 10000 309 SNIPPET_NOT_RELEVANT b'227317'
ACTION SNIPPET 10000 312 SNIPPET_NOT_RELEVANT b'62263'
ACTION SNIPPET 10000 315 SNIPPET_NOT_RELEVANT b'827016'
ACTION SNIPPET 10000 318 SNIPPET_NOT_RELEVANT b'752679'
ACTION SNIPPET 10000 321 SNIPPET_NOT_RELEVANT b'365179'
ACTION QUERY 10000 331 college education advantage acceptance
ACTION SERP 10000 336 EXAMINE_SERP
ACTION SNIPPET 10000 339 SNIPPET_NOT_RELEVANT b'845002'
ACTION SNIPPET 10000 342 SNIPPET_RELEVANT b'1790828'
ACTION DOC 10000 362 EXAMINING_DOCUMENT b'1790828'
ACTION SNIPPET 10000 365 SNIPPET_NOT_RELEVANT b'1022272'
ACTION SNIPPET 10000 368 SNIPPET_RELEVANT b'168948'
ACTION DOC 10000 388 EXAMINING_DOCUMENT b'168948'
ACTION QUERY 10000 398 college education advantage limits
ACTION SERP 10000 403 EXAMINE_SERP
ACTION SNIPPET 10000 406 SNIPPET_RELEVANT b'1065767'
ACTION DOC 10000 426 EXAMINING_DOCUMENT b'1065767'
ACTION SNIPPET 10000 429 SNIPPET_RELEVANT b'1361566'
ACTION DOC 10000 449 EXAMINING_DOCUMENT b'1361566'
ACTION MARK 10000 452 CONSIDERED_RELEVANT b'1361566'
ACTION SNIPPET 10000 455 SNIPPET_NOT_RELEVANT b'1064'
ACTION SNIPPET 10000 458 SNIPPET_RELEVANT b'1064'
ACTION DOC 10000 478 EXAMINING_DOCUMENT b'1064'
ACTION SNIPPET 10000 481 SNIPPET_NOT_RELEVANT b'430740'
ACTION SNIPPET 10000 484 SNIPPET_RELEVANT b'148455'
ACTION DOC 10000 504 EXAMINING_DOCUMENT b'148455'
ACTION QUERY 10000 514 college education advantage time
ACTION SERP 10000 519 EXAMINE_SERP
ACTION SNIPPET 10000 522 SNIPPET_NOT_RELEVANT b'77858'
ACTION SNIPPET 10000 525 SEEN_PREVIOUSLY b'1642208'
ACTION SNIPPET 10000 528 SNIPPET_NOT_RELEVANT b'845002'
ACTION SNIPPET 10000 531 SEEN_PREVIOUSLY b'247974'
ACTION SNIPPET 10000 534 SEEN_PREVIOUSLY b'1707549'
ACTION SNIPPET 10000 537 SNIPPET_NOT_RELEVANT b'1235262'
ACTION SNIPPET 10000 540 SNIPPET_RELEVANT b'804673'
ACTION DOC 10000 560 EXAMINING_DOCUMENT b'804673'
ACTION SNIPPET 10000 563 SNIPPET_RELEVANT b'804954'
ACTION DOC 10000 583 EXAMINING_DOCUMENT b'804954'
ACTION QUERY 10000 593 college education advantage collect
ACTION SERP 10000 598 EXAMINE_SERP
ACTION SNIPPET 10000 601 SNIPPET_NOT_RELEVANT b'1417174'
ACTION SNIPPET 10000 604 SNIPPET_NOT_RELEVANT b'62263'
ACTION SNIPPET 10000 607 SNIPPET_NOT_RELEVANT b'77858'
ACTION SNIPPET 10000 610 SNIPPET_RELEVANT b'413718'
ACTION DOC 10000 630 EXAMINING_DOCUMENT b'413718'
ACTION SNIPPET 10000 633 SNIPPET_NOT_RELEVANT b'265305'
ACTION SNIPPET 10000 636 SNIPPET_NOT_RELEVANT b'845002'
ACTION SNIPPET 10000 639 SNIPPET_NOT_RELEVANT b'1006283'
ACTION SNIPPET 10000 642 SNIPPET_RELEVANT b'978488'
ACTION DOC 10000 662 EXAMINING_DOCUMENT b'978488'
ACTION QUERY 10000 672 college education advantage focused
ACTION SERP 10000 677 EXAMINE_SERP
ACTION SNIPPET 10000 680 SNIPPET_RELEVANT b'1519827'
ACTION DOC 10000 700 EXAMINING_DOCUMENT b'1519827'
ACTION SNIPPET 10000 703 SNIPPET_NOT_RELEVANT b'365179'
ACTION SNIPPET 10000 706 SNIPPET_RELEVANT b'1710084'
ACTION DOC 10000 726 EXAMINING_DOCUMENT b'1710084'
ACTION QUERY 10000 736 college education advantage job
ACTION SERP 10000 741 EXAMINE_SERP
ACTION SNIPPET 10000 744 SEEN_PREVIOUSLY b'247974'
ACTION SNIPPET 10000 747 SEEN_PREVIOUSLY b'1170209'
ACTION SNIPPET 10000 750 SNIPPET_NOT_RELEVANT b'1375375'
ACTION SNIPPET 10000 753 SNIPPET_RELEVANT b'362112'
ACTION DOC 10000 773 EXAMINING_DOCUMENT b'362112'
ACTION MARK 10000 776 CONSIDERED_RELEVANT b'362112'
ACTION SNIPPET 10000 779 SEEN_PREVIOUSLY b'1707549'
ACTION SNIPPET 10000 782 SEEN_PREVIOUSLY b'1361566'
ACTION SNIPPET 10000 785 SNIPPET_NOT_RELEVANT b'140339'
ACTION SNIPPET 10000 788 SNIPPET_NOT_RELEVANT b'1706607'
ACTION SNIPPET 10000 791 SNIPPET_NOT_RELEVANT b'1148604'
ACTION SNIPPET 10000 794 SNIPPET_RELEVANT b'1576073'
ACTION DOC 10000 814 EXAMINING_DOCUMENT b'1576073'
ACTION SNIPPET 10000 817 SNIPPET_RELEVANT b'722023'
ACTION DOC 10000 837 EXAMINING_DOCUMENT b'722023'
ACTION QUERY 10000 847 college education advantage reform
ACTION SERP 10000 852 EXAMINE_SERP
ACTION SNIPPET 10000 855 SNIPPET_NOT_RELEVANT b'430740'
ACTION SNIPPET 10000 858 SNIPPET_NOT_RELEVANT b'1148604'
ACTION SNIPPET 10000 861 SNIPPET_NOT_RELEVANT b'1022272'
ACTION SNIPPET 10000 864 SNIPPET_NOT_RELEVANT b'954627'
ACTION SNIPPET 10000 867 SEEN_PREVIOUSLY b'1361566'
ACTION SNIPPET 10000 870 SNIPPET_RELEVANT b'1619148'
ACTION DOC 10000 890 EXAMINING_DOCUMENT b'1619148'
ACTION SNIPPET 10000 893 SNIPPET_RELEVANT b'64656'
ACTION DOC 10000 913 EXAMINING_DOCUMENT b'64656'
ACTION QUERY 10000 923 college education advantage years
ACTION SERP 10000 928 EXAMINE_SERP
ACTION SNIPPET 10000 931 SNIPPET_NOT_RELEVANT b'77858'
ACTION SNIPPET 10000 934 SNIPPET_RELEVANT b'845002'
ACTION DOC 10000 954 EXAMINING_DOCUMENT b'845002'
ACTION SNIPPET 10000 957 SEEN_PREVIOUSLY b'1739514'
ACTION SNIPPET 10000 960 SEEN_PREVIOUSLY b'1642208'
ACTION SNIPPET 10000 963 SEEN_PREVIOUSLY b'1707549'
ACTION SNIPPET 10000 966 SNIPPET_NOT_RELEVANT b'1185321'
ACTION SNIPPET 10000 969 SNIPPET_RELEVANT b'954708'
ACTION DOC 10000 989 EXAMINING_DOCUMENT b'954708'
ACTION QUERY 10000 999 college education advantage social
ACTION SERP 10000 1004 EXAMINE_SERP
ACTION SNIPPET 10000 1007 SEEN_PREVIOUSLY b'1707549'
ACTION SNIPPET 10000 1010 SEEN_PREVIOUSLY b'1065767'
ACTION SNIPPET 10000 1013 SNIPPET_NOT_RELEVANT b'140339'
ACTION SNIPPET 10000 1016 SNIPPET_NOT_RELEVANT b'216664'
ACTION SNIPPET 10000 1019 SNIPPET_RELEVANT b'852976'
ACTION DOC 10000 1039 EXAMINING_DOCUMENT b'852976'
ACTION MARK 10000 1042 CONSIDERED_RELEVANT b'852976'
ACTION SNIPPET 10000 1045 SEEN_PREVIOUSLY b'1710084'
ACTION SNIPPET 10000 1048 SNIPPET_NOT_RELEVANT b'365162'
ACTION SNIPPET 10000 1051 SNIPPET_NOT_RELEVANT b'62263'
ACTION SNIPPET 10000 1054 SNIPPET_NOT_RELEVANT b'1375375'
ACTION SNIPPET 10000 1057 SEEN_PREVIOUSLY b'168948'
ACTION SNIPPET 10000 1060 SNIPPET_RELEVANT b'1022272'
ACTION DOC 10000 1080 EXAMINING_DOCUMENT b'1022272'
ACTION SNIPPET 10000 1083 SNIPPET_NOT_RELEVANT b'657976'
ACTION SNIPPET 10000 1086 SNIPPET_RELEVANT b'1205941'
ACTION DOC 10000 1106 EXAMINING_DOCUMENT b'1205941'
ACTION QUERY 10000 1116 college education advantage stanford
ACTION SERP 10000 1121 EXAMINE_SERP
ACTION SNIPPET 10000 1124 SEEN_PREVIOUSLY b'1790828'
ACTION SNIPPET 10000 1127 SNIPPET_RELEVANT b'1842415'
ACTION DOC 10000 1147 EXAMINING_DOCUMENT b'1842415'
ACTION SNIPPET 10000 1150 SEEN_PREVIOUSLY b'852976'
ACTION SNIPPET 10000 1153 SEEN_PREVIOUSLY b'1065767'
ACTION SNIPPET 10000 1156 SNIPPET_RELEVANT b'617103'
ACTION DOC 10000 1176 EXAMINING_DOCUMENT b'617103'
ACTION QUERY 10000 1186 college education advantage ny
ACTION SERP 10000 1191 EXAMINE_SERP
ACTION SNIPPET 10000 1194 SNIPPET_RELEVANT b'1793943'
ACTION DOC 10000 1214 EXAMINING_DOCUMENT b'1793943'
ACTION SNIPPET 10000 1217 SNIPPET_RELEVANT b'1841264'
ACTION DOC 10000 1237 EXAMINING_DOCUMENT b'1841264'
ACTION QUERY 10000 1247 college education advantage study
ACTION SERP 10000 1252 EXAMINE_SERP
ACTION SNIPPET 10000 1255 SEEN_PREVIOUSLY b'1519827'
ACTION SNIPPET 10000 1258 SNIPPET_NOT_RELEVANT b'954627'
ACTION SNIPPET 10000 1261 SNIPPET_RELEVANT b'430740'
ACTION DOC 10000 1281 EXAMINING_DOCUMENT b'430740'
ACTION SNIPPET 10000 1284 SEEN_PREVIOUSLY b'1739514'
ACTION SNIPPET 10000 1287 SNIPPET_NOT_RELEVANT b'62263'
ACTION SNIPPET 10000 1290 SNIPPET_RELEVANT b'911354'
ACTION DOC 10000 1310 EXAMINING_DOCUMENT b'911354'
ACTION QUERY 10000 1320 college education advantage paid
ACTION SERP 10000 1325 EXAMINE_SERP
ACTION SNIPPET 10000 1328 SEEN_PREVIOUSLY b'1642208'
ACTION SNIPPET 10000 1331 SEEN_PREVIOUSLY b'1170209'
ACTION SNIPPET 10000 1334 SNIPPET_NOT_RELEVANT b'33511'
ACTION SNIPPET 10000 1337 SEEN_PREVIOUSLY b'430740'
ACTION SNIPPET 10000 1340 SNIPPET_NOT_RELEVANT b'420138'
ACTION SNIPPET 10000 1343 SNIPPET_RELEVANT b'77858'
ACTION DOC 10000 1363 EXAMINING_DOCUMENT b'77858'
ACTION SNIPPET 10000 1366 SEEN_PREVIOUSLY b'413718'
ACTION SNIPPET 10000 1369 SEEN_PREVIOUSLY b'845002'
ACTION SNIPPET 10000 1372 SNIPPET_NOT_RELEVANT b'807083'
ACTION QUERY 10000 1382 college education advantage best
ACTION SERP 10000 1387 EXAMINE_SERP
ACTION SNIPPET 10000 1390 SEEN_PREVIOUSLY b'845002'
ACTION SNIPPET 10000 1393 SEEN_PREVIOUSLY b'1707549'
ACTION SNIPPET 10000 1396 SEEN_PREVIOUSLY b'1790828'
ACTION SNIPPET 10000 1399 SNIPPET_RELEVANT b'366797'
ACTION DOC 10000 1419 EXAMINING_DOCUMENT b'366797'
ACTION SNIPPET 10000 1422 SNIPPET_RELEVANT b'1137475'
ACTION DOC 10000 1442 EXAMINING_DOCUMENT b'1137475'
ACTION QUERY 10000 1452 college education advantage frame
ACTION SERP 10000 1457 EXAMINE_SERP
ACTION SNIPPET 10000 1460 SNIPPET_NOT_RELEVANT b'1279068'
ACTION SNIPPET 10000 1463 SNIPPET_RELEVANT b'1027237'
ACTION DOC 10000 1483 EXAMINING_DOCUMENT b'1027237'
ACTION SNIPPET 10000 1486 SNIPPET_RELEVANT b'575971'
ACTION DOC 10000 1506 EXAMINING_DOCUMENT b'575971'
ACTION QUERY 10000 1516 college education advantage work
ACTION SERP 10000 1521 EXAMINE_SERP
ACTION SNIPPET 10000 1524 SEEN_PREVIOUSLY b'1707549'
ACTION SNIPPET 10000 1527 SEEN_PREVIOUSLY b'77858'
ACTION SNIPPET 10000 1530 SEEN_PREVIOUSLY b'1642208'
ACTION SNIPPET 10000 1533 SEEN_PREVIOUSLY b'247974'
ACTION SNIPPET 10000 1536 SNIPPET_NOT_RELEVANT b'434854'
ACTION SNIPPET 10000 1539 SEEN_PREVIOUSLY b'845002'
ACTION SNIPPET 10000 1542 SEEN_PREVIOUSLY b'1170209'
ACTION SNIPPET 10000 1545 SNIPPET_NOT_RELEVANT b'1093014'
ACTION SNIPPET 10000 1548 SEEN_PREVIOUSLY b'804673'
ACTION SNIPPET 10000 1551 SEEN_PREVIOUSLY b'804954'
ACTION SNIPPET 10000 1554 SNIPPET_NOT_RELEVANT b'1577987'
ACTION SNIPPET 10000 1557 SEEN_PREVIOUSLY b'430740'
ACTION SNIPPET 10000 1560 SNIPPET_NOT_RELEVANT b'1438356'
ACTION SNIPPET 10000 1563 SEEN_PREVIOUSLY b'1576073'
ACTION SNIPPET 10000 1566 SEEN_PREVIOUSLY b'1739514'
ACTION QUERY 10000 1576 college education advantage welfare
ACTION SERP 10000 1581 EXAMINE_SERP
ACTION SNIPPET 10000 1584 SEEN_PREVIOUSLY b'1361566'
ACTION SNIPPET 10000 1587 SNIPPET_RELEVANT b'657976'
ACTION DOC 10000 1607 EXAMINING_DOCUMENT b'657976'
ACTION SNIPPET 10000 1610 SNIPPET_NOT_RELEVANT b'663495'
ACTION SNIPPET 10000 1613 SNIPPET_RELEVANT b'1479626'
ACTION DOC 10000 1633 EXAMINING_DOCUMENT b'1479626'
ACTION QUERY 10000 1643 college education advantage training
ACTION SERP 10000 1648 EXAMINE_SERP
ACTION SNIPPET 10000 1651 SEEN_PREVIOUSLY b'77858'
ACTION SNIPPET 10000 1654 SEEN_PREVIOUSLY b'1642208'
ACTION SNIPPET 10000 1657 SNIPPET_RELEVANT b'1019664'
ACTION DOC 10000 1677 EXAMINING_DOCUMENT b'1019664'
ACTION SNIPPET 10000 1680 SNIPPET_RELEVANT b'434854'
ACTION DOC 10000 1700 EXAMINING_DOCUMENT b'434854'
ACTION QUERY 10000 1710 college education advantage happen
ACTION SERP 10000 1715 EXAMINE_SERP
ACTION SNIPPET 10000 1718 SEEN_PREVIOUSLY b'247974'
ACTION SNIPPET 10000 1721 SNIPPET_RELEVANT b'1510867'
ACTION DOC 10000 1741 EXAMINING_DOCUMENT b'1510867'
ACTION SNIPPET 10000 1744 SNIPPET_NOT_RELEVANT b'598148'
ACTION SNIPPET 10000 1747 SEEN_PREVIOUSLY b'77858'
ACTION SNIPPET 10000 1750 SEEN_PREVIOUSLY b'911354'
ACTION SNIPPET 10000 1753 SEEN_PREVIOUSLY b'1064'
ACTION SNIPPET 10000 1756 SEEN_PREVIOUSLY b'1064'
ACTION SNIPPET 10000 1759 SEEN_PREVIOUSLY b'1519827'
ACTION SNIPPET 10000 1762 SEEN_PREVIOUSLY b'845002'
ACTION QUERY 10000 1772 college education advantage long
ACTION SERP 10000 1777 EXAMINE_SERP
ACTION SNIPPET 10000 1780 SEEN_PREVIOUSLY b'1642208'
ACTION SNIPPET 10000 1783 SNIPPET_NOT_RELEVANT b'1235262'
ACTION SNIPPET 10000 1786 SEEN_PREVIOUSLY b'77858'
ACTION SNIPPET 10000 1789 SEEN_PREVIOUSLY b'366797'
ACTION SNIPPET 10000 1792 SEEN_PREVIOUSLY b'845002'
ACTION SNIPPET 10000 1795 SEEN_PREVIOUSLY b'1790828'
ACTION SNIPPET 10000 1798 SNIPPET_NOT_RELEVANT b'966469'
ACTION SNIPPET 10000 1801 SEEN_PREVIOUSLY b'1576073'
ACTION SNIPPET 10000 1804 SEEN_PREVIOUSLY b'1707549'
ACTION SNIPPET 10000 1807 SEEN_PREVIOUSLY b'1739514'
ACTION SNIPPET 10000 1810 SEEN_PREVIOUSLY b'247974'
ACTION SNIPPET 10000 1813 SNIPPET_NOT_RELEVANT b'1391069'
ACTION SNIPPET 10000 1816 SNIPPET_RELEVANT b'1467081'
ACTION DOC 10000 1836 EXAMINING_DOCUMENT b'1467081'
ACTION QUERY 10000 1846 college education advantage government
ACTION SERP 10000 1851 EXAMINE_SERP
ACTION SNIPPET 10000 1854 SEEN_PREVIOUSLY b'1642208'
ACTION SNIPPET 10000 1857 SEEN_PREVIOUSLY b'247974'
ACTION SNIPPET 10000 1860 SEEN_PREVIOUSLY b'1842415'
ACTION SNIPPET 10000 1863 SNIPPET_NOT_RELEVANT b'830299'
ACTION SNIPPET 10000 1866 SEEN_PREVIOUSLY b'77858'
ACTION SNIPPET 10000 1869 SNIPPET_RELEVANT b'487210'
ACTION DOC 10000 1889 EXAMINING_DOCUMENT b'487210'
ACTION SNIPPET 10000 1892 SNIPPET_RELEVANT b'1461732'
ACTION DOC 10000 1912 EXAMINING_DOCUMENT b'1461732'
ACTION QUERY 10000 1922 college education advantage collecting
ACTION SERP 10000 1927 EXAMINE_SERP
ACTION SNIPPET 10000 1930 SNIPPET_NOT_RELEVANT b'1417174'
ACTION SNIPPET 10000 1933 SNIPPET_NOT_RELEVANT b'62263'
ACTION SNIPPET 10000 1936 SEEN_PREVIOUSLY b'77858'
ACTION SNIPPET 10000 1939 SEEN_PREVIOUSLY b'413718'
ACTION SNIPPET 10000 1942 SNIPPET_NOT_RELEVANT b'265305'
ACTION SNIPPET 10000 1945 SEEN_PREVIOUSLY b'845002'
ACTION SNIPPET 10000 1948 SNIPPET_NOT_RELEVANT b'1006283'
ACTION SNIPPET 10000 1951 SEEN_PREVIOUSLY b'978488'
ACTION SNIPPET 10000 1954 SEEN_PREVIOUSLY b'1642208'
ACTION SNIPPET 10000 1957 SNIPPET_NOT_RELEVANT b'834114'
ACTION SNIPPET 10000 1960 SNIPPET_NOT_RELEVANT b'1472202'
ACTION SNIPPET 10000 1963 SNIPPET_RELEVANT b'109465'
ACTION DOC 10000 1983 EXAMINING_DOCUMENT b'109465'
ACTION QUERY 10000 1993 college education advantage today
ACTION SERP 10000 1998 EXAMINE_SERP
ACTION SNIPPET 10000 2001 SEEN_PREVIOUSLY b'1642208'
ACTION SNIPPET 10000 2004 SEEN_PREVIOUSLY b'1170209'
ACTION SNIPPET 10000 2007 SEEN_PREVIOUSLY b'954708'
ACTION SNIPPET 10000 2010 SEEN_PREVIOUSLY b'434854'
ACTION SNIPPET 10000 2013 SEEN_PREVIOUSLY b'1707549'
ACTION SNIPPET 10000 2016 SEEN_PREVIOUSLY b'77858'
ACTION SNIPPET 10000 2019 SEEN_PREVIOUSLY b'148455'
ACTION SNIPPET 10000 2022 SEEN_PREVIOUSLY b'1790828'
ACTION SNIPPET 10000 2025 SEEN_PREVIOUSLY b'845002'
ACTION SNIPPET 10000 2028 SEEN_PREVIOUSLY b'1022272'
ACTION SNIPPET 10000 2031 SNIPPET_NOT_RELEVANT b'447862'
ACTION SNIPPET 10000 2034 SEEN_PREVIOUSLY b'911354'
ACTION SNIPPET 10000 2037 SEEN_PREVIOUSLY b'1739514'
ACTION SNIPPET 10000 2040 SNIPPET_RELEVANT b'1389120'
ACTION DOC 10000 2060 EXAMINING_DOCUMENT b'1389120'
ACTION QUERY 10000 2070 college education advantage jobs
ACTION SERP 10000 2075 EXAMINE_SERP
ACTION SNIPPET 10000 2078 SEEN_PREVIOUSLY b'247974'
ACTION SNIPPET 10000 2081 SEEN_PREVIOUSLY b'1170209'
ACTION SNIPPET 10000 2084 SNIPPET_NOT_RELEVANT b'1375375'
ACTION SNIPPET 10000 2087 SEEN_PREVIOUSLY b'362112'
ACTION SNIPPET 10000 2090 SEEN_PREVIOUSLY b'1707549'
ACTION SNIPPET 10000 2093 SEEN_PREVIOUSLY b'1361566'
ACTION SNIPPET 10000 2096 SNIPPET_RELEVANT b'140339'
ACTION DOC 10000 2116 EXAMINING_DOCUMENT b'140339'
ACTION SNIPPET 10000 2119 SNIPPET_RELEVANT b'1706607'
ACTION DOC 10000 2139 EXAMINING_DOCUMENT b'1706607'
ACTION MARK 10000 2142 CONSIDERED_RELEVANT b'1706607'
ACTION SNIPPET 10000 2145 SNIPPET_NOT_RELEVANT b'1148604'
ACTION SNIPPET 10000 2148 SEEN_PREVIOUSLY b'1576073'
ACTION SNIPPET 10000 2151 SEEN_PREVIOUSLY b'722023'
ACTION SNIPPET 10000 2154 SNIPPET_RELEVANT b'1028368'
ACTION DOC 10000 2174 EXAMINING_DOCUMENT b'1028368'
ACTION SNIPPET 10000 2177 SNIPPET_NOT_RELEVANT b'190484'
ACTION SNIPPET 10000 2180 SNIPPET_RELEVANT b'1775428'
ACTION DOC 10000 2200 EXAMINING_DOCUMENT b'1775428'
ACTION QUERY 10000 2210 college education advantage bachelors
ACTION SERP 10000 2215 EXAMINE_SERP
ACTION SNIPPET 10000 2218 SEEN_PREVIOUSLY b'1706607'
ACTION SNIPPET 10000 2221 SNIPPET_RELEVANT b'1641630'
ACTION DOC 10000 2241 EXAMINING_DOCUMENT b'1641630'
ACTION MARK 10000 2244 CONSIDERED_RELEVANT b'1641630'
ACTION SNIPPET 10000 2247 SNIPPET_NOT_RELEVANT b'332828'
ACTION SNIPPET 10000 2250 SEEN_PREVIOUSLY b'1205941'
ACTION SNIPPET 10000 2253 SNIPPET_NOT_RELEVANT b'1566299'
ACTION SNIPPET 10000 2256 SNIPPET_RELEVANT b'329651'
ACTION DOC 10000 2276 EXAMINING_DOCUMENT b'329651'
ACTION SNIPPET 10000 2279 SNIPPET_NOT_RELEVANT b'33511'
ACTION SNIPPET 10000 2282 SNIPPET_RELEVANT b'588368'
ACTION DOC 10000 2302 EXAMINING_DOCUMENT b'588368'
ACTION QUERY 10000 2312 college education advantage teacher
ACTION SERP 10000 2317 EXAMINE_SERP
ACTION SNIPPET 10000 2320 SEEN_PREVIOUSLY b'1064'
ACTION SNIPPET 10000 2323 SEEN_PREVIOUSLY b'1064'
ACTION SNIPPET 10000 2326 SNIPPET_NOT_RELEVANT b'1172524'
ACTION SNIPPET 10000 2329 SNIPPET_RELEVANT b'268640'
ACTION DOC 10000 2349 EXAMINING_DOCUMENT b'268640'
ACTION SNIPPET 10000 2352 SNIPPET_NOT_RELEVANT b'961022'
ACTION SNIPPET 10000 2355 SEEN_PREVIOUSLY b'1739514'
ACTION SNIPPET 10000 2358 SNIPPET_RELEVANT b'965812'
ACTION DOC 10000 2378 EXAMINING_DOCUMENT b'965812'
ACTION QUERY 10000 2388 college education advantage major
ACTION SERP 10000 2393 EXAMINE_SERP
ACTION SNIPPET 10000 2396 SEEN_PREVIOUSLY b'430740'
ACTION SNIPPET 10000 2399 SNIPPET_RELEVANT b'234465'
ACTION DOC 10000 2419 EXAMINING_DOCUMENT b'234465'
ACTION SNIPPET 10000 2422 SNIPPET_NOT_RELEVANT b'62263'
ACTION SNIPPET 10000 2425 SEEN_PREVIOUSLY b'77858'
ACTION SNIPPET 10000 2428 SEEN_PREVIOUSLY b'1022272'
ACTION SNIPPET 10000 2431 SNIPPET_RELEVANT b'300981'
ACTION DOC 10000 2451 EXAMINING_DOCUMENT b'300981'
ACTION QUERY 10000 2461 college education advantage era
ACTION SERP 10000 2466 EXAMINE_SERP
ACTION SNIPPET 10000 2469 SEEN_PREVIOUSLY b'1642208'
ACTION SNIPPET 10000 2472 SNIPPET_RELEVANT b'479411'
ACTION DOC 10000 2492 EXAMINING_DOCUMENT b'479411'
ACTION SNIPPET 10000 2495 SEEN_PREVIOUSLY b'1519827'
ACTION SNIPPET 10000 2498 SNIPPET_RELEVANT b'1577987'
ACTION DOC 10000 2518 EXAMINING_DOCUMENT b'1577987'
ACTION QUERY 10000 2528 college education advantage graduates
ACTION SERP 10000 2533 EXAMINE_SERP
ACTION SNIPPET 10000 2536 SEEN_PREVIOUSLY b'845002'
ACTION SNIPPET 10000 2539 SEEN_PREVIOUSLY b'247974'
ACTION SNIPPET 10000 2542 SEEN_PREVIOUSLY b'434854'
ACTION SNIPPET 10000 2545 SEEN_PREVIOUSLY b'1064'
ACTION SNIPPET 10000 2548 SEEN_PREVIOUSLY b'1064'
ACTION SNIPPET 10000 2551 SEEN_PREVIOUSLY b'1710084'
ACTION SNIPPET 10000 2554 SEEN_PREVIOUSLY b'1739514'
ACTION SNIPPET 10000 2557 SNIPPET_NOT_RELEVANT b'855668'
ACTION SNIPPET 10000 2560 SNIPPET_RELEVANT b'1375375'
ACTION DOC 10000 2580 EXAMINING_DOCUMENT b'1375375'
ACTION QUERY 10000 2590 college education advantage who
ACTION SERP 10000 2595 EXAMINE_SERP
ACTION SNIPPET 10000 2598 SEEN_PREVIOUSLY b'77858'
ACTION SNIPPET 10000 2601 SEEN_PREVIOUSLY b'1642208'
ACTION SNIPPET 10000 2604 SEEN_PREVIOUSLY b'845002'
ACTION SNIPPET 10000 2607 SEEN_PREVIOUSLY b'1739514'
ACTION SNIPPET 10000 2610 SNIPPET_RELEVANT b'1235262'
ACTION DOC 10000 2630 EXAMINING_DOCUMENT b'1235262'
ACTION SNIPPET 10000 2633 SEEN_PREVIOUSLY b'1019664'
ACTION SNIPPET 10000 2636 SNIPPET_NOT_RELEVANT b'1185321'
ACTION SNIPPET 10000 2639 SEEN_PREVIOUSLY b'434854'
ACTION SNIPPET 10000 2642 SEEN_PREVIOUSLY b'1707549'
ACTION QUERY 10000 2652 college education advantage great
ACTION SERP 10000 2657 EXAMINE_SERP
ACTION SNIPPET 10000 2660 SEEN_PREVIOUSLY b'77858'
ACTION SNIPPET 10000 2663 SEEN_PREVIOUSLY b'845002'
ACTION SNIPPET 10000 2666 SEEN_PREVIOUSLY b'1707549'
ACTION SNIPPET 10000 2669 SEEN_PREVIOUSLY b'804673'
ACTION SNIPPET 10000 2672 SEEN_PREVIOUSLY b'804954'
ACTION SNIPPET 10000 2675 SNIPPET_RELEVANT b'1272644'
ACTION DOC 10000 2695 EXAMINING_DOCUMENT b'1272644'
ACTION SNIPPET 10000 2698 SNIPPET_NOT_RELEVANT b'190484'
ACTION SNIPPET 10000 2701 SNIPPET_NOT_RELEVANT b'780128'
ACTION SNIPPET 10000 2704 SNIPPET_NOT_RELEVANT b'830299'
ACTION QUERY 10000 2714 college education advantage phd
ACTION SERP 10000 2719 EXAMINE_SERP
ACTION SNIPPET 10000 2722 SNIPPET_NOT_RELEVANT b'1005342'
ACTION SNIPPET 10000 2725 SNIPPET_NOT_RELEVANT b'1238051'
ACTION SNIPPET 10000 2728 SNIPPET_NOT_RELEVANT b'1526906'
ACTION SNIPPET 10000 2731 SNIPPET_RELEVANT b'1288541'
ACTION DOC 10000 2751 EXAMINING_DOCUMENT b'1288541'
ACTION SNIPPET 10000 2754 SNIPPET_RELEVANT b'1207872'
ACTION DOC 10000 2774 EXAMINING_DOCUMENT b'1207872'
ACTION QUERY 10000 2784 college education advantage people
ACTION SERP 10000 2789 EXAMINE_SERP
ACTION SNIPPET 10000 2792 SEEN_PREVIOUSLY b'247974'
ACTION SNIPPET 10000 2795 SEEN_PREVIOUSLY b'77858'
ACTION SNIPPET 10000 2798 SEEN_PREVIOUSLY b'1642208'
ACTION SNIPPET 10000 2801 SEEN_PREVIOUSLY b'1065767'
ACTION SNIPPET 10000 2804 SEEN_PREVIOUSLY b'1707549'
ACTION SNIPPET 10000 2807 SEEN_PREVIOUSLY b'845002'
ACTION SNIPPET 10000 2810 SEEN_PREVIOUSLY b'1170209'
ACTION SNIPPET 10000 2813 SEEN_PREVIOUSLY b'1576073'
ACTION SNIPPET 10000 2816 SNIPPET_NOT_RELEVANT b'954627'
ACTION SNIPPET 10000 2819 SEEN_PREVIOUSLY b'1790828'
ACTION SNIPPET 10000 2822 SNIPPET_NOT_RELEVANT b'62263'
ACTION SNIPPET 10000 2825 SEEN_PREVIOUSLY b'1739514'
ACTION SNIPPET 10000 2828 SNIPPET_RELEVANT b'1134655'
ACTION DOC 10000 2848 EXAMINING_DOCUMENT b'1134655'
ACTION QUERY 10000 2858 college education advantage pay
ACTION SERP 10000 2863 EXAMINE_SERP
ACTION SNIPPET 10000 2866 SEEN_PREVIOUSLY b'1642208'
ACTION SNIPPET 10000 2869 SEEN_PREVIOUSLY b'965812'
ACTION SNIPPET 10000 2872 SEEN_PREVIOUSLY b'1235262'
ACTION SNIPPET 10000 2875 SEEN_PREVIOUSLY b'1707549'
ACTION SNIPPET 10000 2878 SEEN_PREVIOUSLY b'954708'
ACTION SNIPPET 10000 2881 SEEN_PREVIOUSLY b'1378422'
ACTION SNIPPET 10000 2884 SEEN_PREVIOUSLY b'430740'
ACTION SNIPPET 10000 2887 SNIPPET_RELEVANT b'129802'
ACTION DOC 10000 2907 EXAMINING_DOCUMENT b'129802'
ACTION SNIPPET 10000 2910 SNIPPET_RELEVANT b'1753532'
ACTION DOC 10000 2930 EXAMINING_DOCUMENT b'1753532'
ACTION QUERY 10000 2940 college education advantage place
ACTION SERP 10000 2945 EXAMINE_SERP
ACTION SNIPPET 10000 2948 SEEN_PREVIOUSLY b'845002'
ACTION SNIPPET 10000 2951 SEEN_PREVIOUSLY b'247974'
ACTION SNIPPET 10000 2954 SEEN_PREVIOUSLY b'1707549'
ACTION SNIPPET 10000 2957 SEEN_PREVIOUSLY b'77858'
ACTION SNIPPET 10000 2960 SEEN_PREVIOUSLY b'430740'
ACTION SNIPPET 10000 2963 SEEN_PREVIOUSLY b'1461732'
ACTION SNIPPET 10000 2966 SEEN_PREVIOUSLY b'1842415'
ACTION SNIPPET 10000 2969 SEEN_PREVIOUSLY b'1272644'
ACTION SNIPPET 10000 2972 SNIPPET_RELEVANT b'725103'
ACTION DOC 10000 2992 EXAMINING_DOCUMENT b'725103'
ACTION QUERY 10000 3002 college education advantage american
ACTION SERP 10000 3007 EXAMINE_SERP
ACTION SNIPPET 10000 3010 SEEN_PREVIOUSLY b'77858'
ACTION SNIPPET 10000 3013 SEEN_PREVIOUSLY b'1707549'
ACTION SNIPPET 10000 3016 SEEN_PREVIOUSLY b'1642208'
ACTION SNIPPET 10000 3019 SEEN_PREVIOUSLY b'1170209'
ACTION SNIPPET 10000 3022 SEEN_PREVIOUSLY b'434854'
ACTION SNIPPET 10000 3025 SEEN_PREVIOUSLY b'234465'
ACTION SNIPPET 10000 3028 SNIPPET_NOT_RELEVANT b'585909'
ACTION SNIPPET 10000 3031 SEEN_PREVIOUSLY b'247974'
ACTION SNIPPET 10000 3034 SEEN_PREVIOUSLY b'1576073'
ACTION SNIPPET 10000 3037 SEEN_PREVIOUSLY b'845002'
ACTION SNIPPET 10000 3040 SEEN_PREVIOUSLY b'1378422'
ACTION SNIPPET 10000 3043 SEEN_PREVIOUSLY b'1790828'
ACTION SNIPPET 10000 3046 SNIPPET_RELEVANT b'954627'
ACTION DOC 10000 3066 EXAMINING_DOCUMENT b'954627'
ACTION QUERY 10000 3076 college education advantage boom
ACTION SERP 10000 3081 EXAMINE_SERP
ACTION SNIPPET 10000 3084 SEEN_PREVIOUSLY b'366797'
ACTION SNIPPET 10000 3087 SEEN_PREVIOUSLY b'1375375'
ACTION SNIPPET 10000 3090 SNIPPET_RELEVANT b'694980'
ACTION DOC 10000 3110 EXAMINING_DOCUMENT b'694980'
ACTION SNIPPET 10000 3113 SEEN_PREVIOUSLY b'1361566'
ACTION SNIPPET 10000 3116 SNIPPET_RELEVANT b'341640'
ACTION DOC 10000 3136 EXAMINING_DOCUMENT b'341640'
ACTION QUERY 10000 3146 college education advantage recession
ACTION SERP 10000 3151 EXAMINE_SERP
ACTION SNIPPET 10000 3154 SNIPPET_NOT_RELEVANT b'528638'
ACTION SNIPPET 10000 3157 SNIPPET_NOT_RELEVANT b'496587'
ACTION SNIPPET 10000 3160 SEEN_PREVIOUSLY b'1706607'
ACTION SNIPPET 10000 3163 SNIPPET_RELEVANT b'530898'
ACTION DOC 10000 3183 EXAMINING_DOCUMENT b'530898'
ACTION SNIPPET 10000 3186 SEEN_PREVIOUSLY b'1361566'
ACTION SNIPPET 10000 3189 SNIPPET_NOT_RELEVANT b'1345035'
ACTION SNIPPET 10000 3192 SNIPPET_RELEVANT b'710399'
ACTION DOC 10000 3212 EXAMINING_DOCUMENT b'710399'
ACTION MARK 10000 3215 CONSIDERED_RELEVANT b'710399'
ACTION SNIPPET 10000 3218 SNIPPET_RELEVANT b'1373687'
ACTION DOC 10000 3238 EXAMINING_DOCUMENT b'1373687'
ACTION MARK 10000 3241 CONSIDERED_RELEVANT b'1373687'
ACTION SNIPPET 10000 3244 SNIPPET_RELEVANT b'554666'
ACTION DOC 10000 3264 EXAMINING_DOCUMENT b'554666'
ACTION SNIPPET 10000 3267 SNIPPET_NOT_RELEVANT b'1810800'
ACTION SNIPPET 10000 3270 SNIPPET_NOT_RELEVANT b'1810784'
ACTION SNIPPET 10000 3273 SNIPPET_NOT_RELEVANT b'1810820'
ACTION SNIPPET 10000 3276 SNIPPET_RELEVANT b'1810859'
ACTION DOC 10000 3296 EXAMINING_DOCUMENT b'1810859'
ACTION QUERY 10000 3306 college education advantage economists
ACTION SERP 10000 3311 EXAMINE_SERP
ACTION SNIPPET 10000 3314 SEEN_PREVIOUSLY b'1641630'
ACTION SNIPPET 10000 3317 SEEN_PREVIOUSLY b'1790828'
ACTION SNIPPET 10000 3320 SEEN_PREVIOUSLY b'1706607'
ACTION SNIPPET 10000 3323 SNIPPET_RELEVANT b'1438356'
ACTION DOC 10000 3343 EXAMINING_DOCUMENT b'1438356'
ACTION SNIPPET 10000 3346 SNIPPET_NOT_RELEVANT b'528638'
ACTION SNIPPET 10000 3349 SNIPPET_NOT_RELEVANT b'1724091'
ACTION SNIPPET 10000 3352 SNIPPET_RELEVANT b'548257'
ACTION DOC 10000 3372 EXAMINING_DOCUMENT b'548257'
ACTION MARK 10000 3375 CONSIDERED_RELEVANT b'548257'
ACTION SNIPPET 10000 3378 SNIPPET_NOT_RELEVANT b'950283'
ACTION SNIPPET 10000 3381 SNIPPET_NOT_RELEVANT b'214424'
ACTION SNIPPET 10000 3384 SNIPPET_RELEVANT b'1828580'
ACTION DOC 10000 3404 EXAMINING_DOCUMENT b'1828580'
ACTION MARK 10000 3407 CONSIDERED_RELEVANT b'1828580'
ACTION SNIPPET 10000 3410 SNIPPET_NOT_RELEVANT b'1714546'
ACTION SNIPPET 10000 3413 SNIPPET_NOT_RELEVANT b'1566299'
ACTION SNIPPET 10000 3416 SEEN_PREVIOUSLY b'722023'
ACTION SNIPPET 10000 3419 SNIPPET_RELEVANT b'365162'
ACTION DOC 10000 3439 EXAMINING_DOCUMENT b'365162'
ACTION SNIPPET 10000 3442 SNIPPET_RELEVANT b'1351420'
ACTION DOC 10000 3462 EXAMINING_DOCUMENT b'1351420'
ACTION MARK 10000 3465 CONSIDERED_RELEVANT b'1351420'
ACTION SNIPPET 10000 3468 SNIPPET_RELEVANT b'1351578'
ACTION DOC 10000 3488 EXAMINING_DOCUMENT b'1351578'
ACTION MARK 10000 3491 CONSIDERED_RELEVANT b'1351578'
ACTION SNIPPET 10000 3494 SNIPPET_NOT_RELEVANT b'1262351'
ACTION SNIPPET 10000 3497 SEEN_PREVIOUSLY b'362112'
ACTION SNIPPET 10000 3500 SNIPPET_RELEVANT b'1601776'
ACTION DOC 10000 3520 EXAMINING_DOCUMENT b'1601776'
ACTION SNIPPET 10000 3523 SNIPPET_RELEVANT b'887651'
ACTION DOC 10000 3543 EXAMINING_DOCUMENT b'887651'
ACTION MARK 10000 3546 CONSIDERED_RELEVANT b'887651'
ACTION SNIPPET 10000 3549 SNIPPET_RELEVANT b'1835100'
ACTION DOC 10000 3569 EXAMINING_DOCUMENT b'1835100'
ACTION SNIPPET 10000 3572 SEEN_PREVIOUSLY b'341640'
ACTION SNIPPET 10000 3575 SNIPPET_NOT_RELEVANT b'948962'
ACTION SNIPPET 10000 3578 SNIPPET_RELEVANT b'1256275'
ACTION DOC 10000 3598 EXAMINING_DOCUMENT b'1256275'
ACTION QUERY 10000 3608 college education advantage earn
ACTION SERP 10000 3613 EXAMINE_SERP
ACTION SNIPPET 10000 3616 SEEN_PREVIOUSLY b'1707549'
ACTION SNIPPET 10000 3619 SEEN_PREVIOUSLY b'954708'
ACTION SNIPPET 10000 3622 SEEN_PREVIOUSLY b'722023'
ACTION SNIPPET 10000 3625 SEEN_PREVIOUSLY b'148455'
ACTION SNIPPET 10000 3628 SNIPPET_NOT_RELEVANT b'1758237'
ACTION SNIPPET 10000 3631 SEEN_PREVIOUSLY b'1577987'
ACTION SNIPPET 10000 3634 SEEN_PREVIOUSLY b'1170209'
ACTION SNIPPET 10000 3637 SEEN_PREVIOUSLY b'1576073'
ACTION SNIPPET 10000 3640 SNIPPET_NOT_RELEVANT b'557804'
ACTION SNIPPET 10000 3643 SEEN_PREVIOUSLY b'247974'
ACTION SNIPPET 10000 3646 SEEN_PREVIOUSLY b'1641630'
ACTION SNIPPET 10000 3649 SNIPPET_NOT_RELEVANT b'830299'
ACTION SNIPPET 10000 3652 SEEN_PREVIOUSLY b'77858'
ACTION SNIPPET 10000 3655 SNIPPET_NOT_RELEVANT b'1465314'
ACTION SNIPPET 10000 3658 SEEN_PREVIOUSLY b'1775428'
ACTION QUERY 10000 3668 college education advantage hillarys
ACTION SERP 10000 3673 EXAMINE_SERP
ACTION SNIPPET 10000 3676 SNIPPET_NOT_RELEVANT b'560072'
ACTION SNIPPET 10000 3679 SEEN_PREVIOUSLY b'1170209'
ACTION SNIPPET 10000 3682 SNIPPET_NOT_RELEVANT b'723567'
ACTION SNIPPET 10000 3685 SNIPPET_NOT_RELEVANT b'1779620'
ACTION SNIPPET 10000 3688 SNIPPET_RELEVANT b'856591'
ACTION DOC 10000 3708 EXAMINING_DOCUMENT b'856591'
ACTION SNIPPET 10000 3711 SNIPPET_RELEVANT b'591804'
ACTION DOC 10000 3731 EXAMINING_DOCUMENT b'591804'
ACTION QUERY 10000 3741 college education advantage reserve
ACTION SERP 10000 3746 EXAMINE_SERP
ACTION SNIPPET 10000 3749 SEEN_PREVIOUSLY b'1438356'
ACTION SNIPPET 10000 3752 SNIPPET_NOT_RELEVANT b'312684'
ACTION SNIPPET 10000 3755 SEEN_PREVIOUSLY b'1641630'
ACTION SNIPPET 10000 3758 SNIPPET_NOT_RELEVANT b'417307'
ACTION SNIPPET 10000 3761 SNIPPET_NOT_RELEVANT b'1850530'
ACTION SNIPPET 10000 3764 SEEN_PREVIOUSLY b'77858'
ACTION SNIPPET 10000 3767 SEEN_PREVIOUSLY b'1467081'
ACTION SNIPPET 10000 3770 SNIPPET_RELEVANT b'509915'
ACTION DOC 10000 3790 EXAMINING_DOCUMENT b'509915'
ACTION SNIPPET 10000 3793 SNIPPET_NOT_RELEVANT b'869272'
ACTION QUERY 10000 3803 college education advantage students
ACTION SERP 10000 3808 EXAMINE_SERP
ACTION SNIPPET 10000 3811 SEEN_PREVIOUSLY b'77858'
ACTION SNIPPET 10000 3814 SEEN_PREVIOUSLY b'845002'
ACTION SNIPPET 10000 3817 SEEN_PREVIOUSLY b'1707549'
ACTION SNIPPET 10000 3820 SEEN_PREVIOUSLY b'804673'
ACTION SNIPPET 10000 3823 SEEN_PREVIOUSLY b'804954'
ACTION SNIPPET 10000 3826 SEEN_PREVIOUSLY b'1576073'
ACTION SNIPPET 10000 3829 SEEN_PREVIOUSLY b'1842415'
ACTION SNIPPET 10000 3832 SEEN_PREVIOUSLY b'434854'
ACTION SNIPPET 10000 3835 SEEN_PREVIOUSLY b'247974'
ACTION SNIPPET 10000 3838 SEEN_PREVIOUSLY b'1019664'
ACTION SNIPPET 10000 3841 SNIPPET_NOT_RELEVANT b'1093014'
ACTION SNIPPET 10000 3844 SEEN_PREVIOUSLY b'1739514'
ACTION SNIPPET 10000 3847 SEEN_PREVIOUSLY b'1790828'
ACTION SNIPPET 10000 3850 SEEN_PREVIOUSLY b'1170209'
ACTION SNIPPET 10000 3853 SEEN_PREVIOUSLY b'1137475'
ACTION QUERY 10000 3863 college education advantage doles
ACTION SERP 10000 3868 EXAMINE_SERP
ACTION SNIPPET 10000 3871 SNIPPET_NOT_RELEVANT b'865475'
ACTION SNIPPET 10000 3874 SEEN_PREVIOUSLY b'887651'
ACTION SNIPPET 10000 3877 SNIPPET_RELEVANT b'879333'
ACTION DOC 10000 3897 EXAMINING_DOCUMENT b'879333'
ACTION SNIPPET 10000 3900 SNIPPET_NOT_RELEVANT b'991349'
ACTION SNIPPET 10000 3903 SNIPPET_NOT_RELEVANT b'882435'
ACTION SNIPPET 10000 3906 SNIPPET_NOT_RELEVANT b'830410'
ACTION SNIPPET 10000 3909 SNIPPET_NOT_RELEVANT b'886628'
ACTION SNIPPET 10000 3912 SNIPPET_NOT_RELEVANT b'835179'
ACTION SNIPPET 10000 3915 SNIPPET_NOT_RELEVANT b'876187'
ACTION QUERY 10000 3925 college education advantage issue
ACTION SERP 10000 3930 EXAMINE_SERP
ACTION SNIPPET 10000 3933 SEEN_PREVIOUSLY b'1732323'
ACTION SNIPPET 10000 3936 SNIPPET_NOT_RELEVANT b'943882'
ACTION SNIPPET 10000 3939 SNIPPET_NOT_RELEVANT b'927602'
ACTION SNIPPET 10000 3942 SEEN_PREVIOUSLY b'1576073'
ACTION SNIPPET 10000 3945 SEEN_PREVIOUSLY b'109465'
ACTION SNIPPET 10000 3948 SEEN_PREVIOUSLY b'77858'
ACTION SNIPPET 10000 3951 SEEN_PREVIOUSLY b'247974'
ACTION SNIPPET 10000 3954 SNIPPET_NOT_RELEVANT b'447862'
ACTION SNIPPET 10000 3957 SNIPPET_NOT_RELEVANT b'190484'
ACTION SNIPPET 10000 3960 SEEN_PREVIOUSLY b'725103'
ACTION SNIPPET 10000 3963 SEEN_PREVIOUSLY b'1205941'
ACTION SNIPPET 10000 3966 SEEN_PREVIOUSLY b'140339'
ACTION SNIPPET 10000 3969 SEEN_PREVIOUSLY b'845002'
ACTION SNIPPET 10000 3972 SEEN_PREVIOUSLY b'1710084'
ACTION SNIPPET 10000 3975 SNIPPET_NOT_RELEVANT b'1062'
ACTION QUERY 10000 3985 college education advantage chairman
ACTION SERP 10000 3990 EXAMINE_SERP
ACTION SNIPPET 10000 3993 SEEN_PREVIOUSLY b'1438356'
ACTION SNIPPET 10000 3996 SEEN_PREVIOUSLY b'954627'
ACTION SNIPPET 10000 3999 SNIPPET_NOT_RELEVANT b'1172524'
ACTION SNIPPET 10000 4002 SEEN_PREVIOUSLY b'77858'
ACTION SNIPPET 10000 4005 SNIPPET_NOT_RELEVANT b'780128'
ACTION SNIPPET 10000 4008 SNIPPET_NOT_RELEVANT b'905057'
ACTION SNIPPET 10000 4011 SEEN_PREVIOUSLY b'845002'
ACTION SNIPPET 10000 4014 SNIPPET_NOT_RELEVANT b'14324'
ACTION SNIPPET 10000 4017 SNIPPET_RELEVANT b'1758237'
ACTION DOC 10000 4037 EXAMINING_DOCUMENT b'1758237'
ACTION QUERY 10000 4047 college education advantage hurt
ACTION SERP 10000 4052 EXAMINE_SERP
ACTION SNIPPET 10000 4055 SEEN_PREVIOUSLY b'1510867'
ACTION SNIPPET 10000 4058 SNIPPET_NOT_RELEVANT b'560072'
ACTION SNIPPET 10000 4061 SEEN_PREVIOUSLY b'77858'
ACTION SNIPPET 10000 4064 SNIPPET_RELEVANT b'494947'
ACTION DOC 10000 4084 EXAMINING_DOCUMENT b'494947'
ACTION SNIPPET 10000 4087 SNIPPET_NOT_RELEVANT b'303160'
ACTION SNIPPET 10000 4090 SNIPPET_RELEVANT b'1104849'
ACTION DOC 10000 4110 EXAMINING_DOCUMENT b'1104849'
ACTION QUERY 10000 4120 college education advantage least
ACTION SERP 10000 4125 EXAMINE_SERP
ACTION SNIPPET 10000 4128 SEEN_PREVIOUSLY b'430740'
ACTION SNIPPET 10000 4131 SEEN_PREVIOUSLY b'77858'
ACTION SNIPPET 10000 4134 SEEN_PREVIOUSLY b'1576073'
ACTION SNIPPET 10000 4137 SNIPPET_NOT_RELEVANT b'644905'
ACTION SNIPPET 10000 4140 SEEN_PREVIOUSLY b'845002'
ACTION SNIPPET 10000 4143 SNIPPET_NOT_RELEVANT b'1448987'
ACTION SNIPPET 10000 4146 SEEN_PREVIOUSLY b'1064'
ACTION SNIPPET 10000 4149 SEEN_PREVIOUSLY b'1064'
ACTION SNIPPET 10000 4152 SEEN_PREVIOUSLY b'1577987'
ACTION SNIPPET 10000 4155 SEEN_PREVIOUSLY b'1642208'
ACTION SNIPPET 10000 4158 SEEN_PREVIOUSLY b'1706607'
ACTION SNIPPET 10000 4161 SNIPPET_RELEVANT b'1690340'
ACTION DOC 10000 4181 EXAMINING_DOCUMENT b'1690340'
ACTION QUERY 10000 4191 college education advantage require
ACTION SERP 10000 4196 EXAMINE_SERP
ACTION SNIPPET 10000 4199 SEEN_PREVIOUSLY b'430740'
ACTION SNIPPET 10000 4202 SEEN_PREVIOUSLY b'1642208'
ACTION SNIPPET 10000 4205 SEEN_PREVIOUSLY b'1375375'
ACTION SNIPPET 10000 4208 SNIPPET_RELEVANT b'447862'
ACTION DOC 10000 4228 EXAMINING_DOCUMENT b'447862'
ACTION SNIPPET 10000 4231 SEEN_PREVIOUSLY b'1170209'
ACTION SNIPPET 10000 4234 SEEN_PREVIOUSLY b'804673'
ACTION SNIPPET 10000 4237 SEEN_PREVIOUSLY b'804954'
ACTION SNIPPET 10000 4240 SEEN_PREVIOUSLY b'1706607'
ACTION SNIPPET 10000 4243 SEEN_PREVIOUSLY b'1519827'
ACTION QUERY 10000 4253 college education advantage narrow
ACTION SERP 10000 4258 EXAMINE_SERP
ACTION SNIPPET 10000 4261 SNIPPET_NOT_RELEVANT b'262778'
ACTION SNIPPET 10000 4264 SNIPPET_NOT_RELEVANT b'928242'
ACTION SNIPPET 10000 4267 SNIPPET_NOT_RELEVANT b'408482'
ACTION SNIPPET 10000 4270 SEEN_PREVIOUSLY b'300981'
ACTION SNIPPET 10000 4273 SNIPPET_NOT_RELEVANT b'966469'
ACTION SNIPPET 10000 4276 SNIPPET_NOT_RELEVANT b'708275'
ACTION SNIPPET 10000 4279 SNIPPET_NOT_RELEVANT b'1053992'
ACTION SNIPPET 10000 4282 SEEN_PREVIOUSLY b'129802'
ACTION SNIPPET 10000 4285 SEEN_PREVIOUSLY b'722023'
ACTION SNIPPET 10000 4288 SEEN_PREVIOUSLY b'77858'
ACTION SNIPPET 10000 4291 SEEN_PREVIOUSLY b'1706607'
ACTION SNIPPET 10000 4294 SNIPPET_NOT_RELEVANT b'1742955'
ACTION SNIPPET 10000 4297 SNIPPET_NOT_RELEVANT b'1196512'
ACTION SNIPPET 10000 4300 SNIPPET_NOT_RELEVANT b'1191252'
ACTION SNIPPET 10000 4303 SNIPPET_NOT_RELEVANT b'1148604'
ACTION QUERY 10000 4313 college education advantage warn
ACTION SERP 10000 4318 EXAMINE_SERP
ACTION SNIPPET 10000 4321 SEEN_PREVIOUSLY b'1438356'
ACTION SNIPPET 10000 4324 SEEN_PREVIOUSLY b'1022272'
ACTION SNIPPET 10000 4327 SEEN_PREVIOUSLY b'1510867'
ACTION SNIPPET 10000 4330 SEEN_PREVIOUSLY b'1205941'
ACTION SNIPPET 10000 4333 SEEN_PREVIOUSLY b'77858'
ACTION SNIPPET 10000 4336 SNIPPET_RELEVANT b'303160'
ACTION DOC 10000 4356 EXAMINING_DOCUMENT b'303160'
ACTION SNIPPET 10000 4359 SNIPPET_NOT_RELEVANT b'1709158'
ACTION SNIPPET 10000 4362 SNIPPET_NOT_RELEVANT b'490448'
ACTION SNIPPET 10000 4365 SEEN_PREVIOUSLY b'845002'
ACTION QUERY 10000 4375 college education advantage presidential
ACTION SERP 10000 4380 EXAMINE_SERP
ACTION SNIPPET 10000 4383 SNIPPET_RELEVANT b'560072'
ACTION DOC 10000 4403 EXAMINING_DOCUMENT b'560072'
ACTION SNIPPET 10000 4406 SNIPPET_RELEVANT b'1459149'
ACTION DOC 10000 4426 EXAMINING_DOCUMENT b'1459149'
ACTION QUERY 10000 4436 college education advantage rich
ACTION SERP 10000 4441 EXAMINE_SERP
ACTION SNIPPET 10000 4444 SNIPPET_NOT_RELEVANT b'420138'
ACTION SNIPPET 10000 4447 SNIPPET_NOT_RELEVANT b'265305'
ACTION SNIPPET 10000 4450 SEEN_PREVIOUSLY b'1461732'
ACTION SNIPPET 10000 4453 SNIPPET_RELEVANT b'163031'
ACTION DOC 10000 4473 EXAMINING_DOCUMENT b'163031'
ACTION SNIPPET 10000 4476 SEEN_PREVIOUSLY b'1707549'
ACTION SNIPPET 10000 4479 SEEN_PREVIOUSLY b'1577987'
ACTION SNIPPET 10000 4482 SNIPPET_NOT_RELEVANT b'1676453'
ACTION SNIPPET 10000 4485 SNIPPET_RELEVANT b'1148604'
ACTION DOC 10000 4505 EXAMINING_DOCUMENT b'1148604'
ACTION QUERY 10000 4515 college education advantage states
ACTION SERP 10000 4520 EXAMINE_SERP
ACTION SNIPPET 10000 4523 SEEN_PREVIOUSLY b'247974'
ACTION SNIPPET 10000 4526 SEEN_PREVIOUSLY b'77858'
ACTION SNIPPET 10000 4529 SEEN_PREVIOUSLY b'1235262'
ACTION SNIPPET 10000 4532 SEEN_PREVIOUSLY b'954708'
ACTION SNIPPET 10000 4535 SEEN_PREVIOUSLY b'845002'
ACTION SNIPPET 10000 4538 SEEN_PREVIOUSLY b'1576073'
ACTION SNIPPET 10000 4541 SEEN_PREVIOUSLY b'1170209'
ACTION SNIPPET 10000 4544 SEEN_PREVIOUSLY b'804673'
ACTION SNIPPET 10000 4547 SEEN_PREVIOUSLY b'804954'
ACTION SNIPPET 10000 4550 SEEN_PREVIOUSLY b'1642208'
ACTION SNIPPET 10000 4553 SEEN_PREVIOUSLY b'1842415'
ACTION SNIPPET 10000 4556 SEEN_PREVIOUSLY b'1461732'
ACTION SNIPPET 10000 4559 SNIPPET_NOT_RELEVANT b'33511'
ACTION SNIPPET 10000 4562 SEEN_PREVIOUSLY b'1707549'
ACTION SNIPPET 10000 4565 SEEN_PREVIOUSLY b'1510867'
ACTION QUERY 10000 4575 college education advantage nations
ACTION SERP 10000 4580 EXAMINE_SERP
ACTION SNIPPET 10000 4583 SEEN_PREVIOUSLY b'1642208'
ACTION SNIPPET 10000 4586 SEEN_PREVIOUSLY b'77858'
ACTION SNIPPET 10000 4589 SEEN_PREVIOUSLY b'1707549'
ACTION SNIPPET 10000 4592 SNIPPET_RELEVANT b'1093014'
ACTION DOC 10000 4612 EXAMINING_DOCUMENT b'1093014'
ACTION SNIPPET 10000 4615 SEEN_PREVIOUSLY b'1576073'
ACTION SNIPPET 10000 4618 SEEN_PREVIOUSLY b'1170209'
ACTION SNIPPET 10000 4621 SNIPPET_NOT_RELEVANT b'62263'
ACTION SNIPPET 10000 4624 SEEN_PREVIOUSLY b'954627'
ACTION SNIPPET 10000 4627 SEEN_PREVIOUSLY b'1510867'
ACTION QUERY 10000 4637 college education advantage rising
ACTION SERP 10000 4642 EXAMINE_SERP
ACTION SNIPPET 10000 4645 SEEN_PREVIOUSLY b'845002'
ACTION SNIPPET 10000 4648 SEEN_PREVIOUSLY b'366797'
ACTION SNIPPET 10000 4651 SEEN_PREVIOUSLY b'1641630'
ACTION SNIPPET 10000 4654 SNIPPET_NOT_RELEVANT b'1742955'
ACTION SNIPPET 10000 4657 SNIPPET_NOT_RELEVANT b'14324'
ACTION SNIPPET 10000 4660 SEEN_PREVIOUSLY b'1706607'
ACTION SNIPPET 10000 4663 SEEN_PREVIOUSLY b'1510867'
ACTION SNIPPET 10000 4666 SEEN_PREVIOUSLY b'1389120'
ACTION SNIPPET 10000 4669 SNIPPET_NOT_RELEVANT b'528638'
ACTION SNIPPET 10000 4672 SNIPPET_NOT_RELEVANT b'1704550'
ACTION SNIPPET 10000 4675 SNIPPET_RELEVANT b'1676453'
ACTION DOC 10000 4695 EXAMINING_DOCUMENT b'1676453'
ACTION QUERY 10000 4705 college education advantage developed
ACTION SERP 10000 4710 EXAMINE_SERP
ACTION SNIPPET 10000 4713 SEEN_PREVIOUSLY b'1739514'
ACTION SNIPPET 10000 4716 SEEN_PREVIOUSLY b'1019664'
ACTION SNIPPET 10000 4719 SEEN_PREVIOUSLY b'434854'
ACTION SNIPPET 10000 4722 SEEN_PREVIOUSLY b'247974'
ACTION SNIPPET 10000 4725 SNIPPET_RELEVANT b'943882'
ACTION DOC 10000 4745 EXAMINING_DOCUMENT b'943882'
ACTION SNIPPET 10000 4748 SNIPPET_RELEVANT b'1172524'
ACTION DOC 10000 4768 EXAMINING_DOCUMENT b'1172524'
ACTION QUERY 10000 4778 college education advantage importance
ACTION SERP 10000 4783 EXAMINE_SERP
ACTION SNIPPET 10000 4786 SEEN_PREVIOUSLY b'247974'
ACTION SNIPPET 10000 4789 SEEN_PREVIOUSLY b'366797'
ACTION SNIPPET 10000 4792 SEEN_PREVIOUSLY b'1707549'
ACTION SNIPPET 10000 4795 SEEN_PREVIOUSLY b'1137475'
ACTION SNIPPET 10000 4798 SNIPPET_NOT_RELEVANT b'190484'
ACTION SNIPPET 10000 4801 SNIPPET_NOT_RELEVANT b'1279068'
ACTION SNIPPET 10000 4804 SEEN_PREVIOUSLY b'77858'
ACTION SNIPPET 10000 4807 SEEN_PREVIOUSLY b'1828580'
ACTION SNIPPET 10000 4810 SEEN_PREVIOUSLY b'1790828'
ACTION SNIPPET 10000 4813 SNIPPET_RELEVANT b'1391069'
ACTION DOC 10000 4833 EXAMINING_DOCUMENT b'1391069'
ACTION QUERY 10000 4843 college education advantage offer
ACTION SERP 10000 4848 EXAMINE_SERP
ACTION SNIPPET 10000 4851 SEEN_PREVIOUSLY b'1019664'
ACTION SNIPPET 10000 4854 SEEN_PREVIOUSLY b'247974'
ACTION SNIPPET 10000 4857 SEEN_PREVIOUSLY b'804673'
ACTION SNIPPET 10000 4860 SEEN_PREVIOUSLY b'804954'
ACTION SNIPPET 10000 4863 SEEN_PREVIOUSLY b'434854'
ACTION SNIPPET 10000 4866 SEEN_PREVIOUSLY b'1842415'
ACTION SNIPPET 10000 4869 SEEN_PREVIOUSLY b'1790828'
ACTION SNIPPET 10000 4872 SEEN_PREVIOUSLY b'366797'
ACTION SNIPPET 10000 4875 SNIPPET_RELEVANT b'598148'
ACTION DOC 10000 4895 EXAMINING_DOCUMENT b'598148'
ACTION QUERY 10000 4905 college education advantage help
ACTION SERP 10000 4910 EXAMINE_SERP
ACTION SNIPPET 10000 4913 SEEN_PREVIOUSLY b'1170209'
ACTION SNIPPET 10000 4916 SEEN_PREVIOUSLY b'1642208'
ACTION SNIPPET 10000 4919 SEEN_PREVIOUSLY b'954708'
ACTION SNIPPET 10000 4922 SEEN_PREVIOUSLY b'1065767'
ACTION SNIPPET 10000 4925 SEEN_PREVIOUSLY b'247974'
ACTION SNIPPET 10000 4928 SEEN_PREVIOUSLY b'434854'
ACTION SNIPPET 10000 4931 SEEN_PREVIOUSLY b'1707549'
ACTION SNIPPET 10000 4934 SEEN_PREVIOUSLY b'1790828'
ACTION SNIPPET 10000 4937 SEEN_PREVIOUSLY b'77858'
ACTION SNIPPET 10000 4940 SEEN_PREVIOUSLY b'911354'
ACTION SNIPPET 10000 4943 SNIPPET_NOT_RELEVANT b'1715700'
ACTION SNIPPET 10000 4946 SNIPPET_RELEVANT b'830299'
ACTION DOC 10000 4966 EXAMINING_DOCUMENT b'830299'
ACTION QUERY 10000 4976 college education advantage annual
ACTION SERP 10000 4981 EXAMINE_SERP
ACTION SNIPPET 10000 4984 SEEN_PREVIOUSLY b'1065767'
ACTION SNIPPET 10000 4987 SEEN_PREVIOUSLY b'1170209'
ACTION SNIPPET 10000 4990 SNIPPET_RELEVANT b'1742599'
ACTION DOC 10000 5010 EXAMINING_DOCUMENT b'1742599'
ACTION SNIPPET 10000 5013 SNIPPET_RELEVANT b'528638'
ACTION DOC 10000 5033 EXAMINING_DOCUMENT b'528638'
ACTION QUERY 10000 5043 college education advantage community
ACTION SERP 10000 5048 EXAMINE_SERP
ACTION SNIPPET 10000 5051 SEEN_PREVIOUSLY b'247974'
ACTION SNIPPET 10000 5054 SEEN_PREVIOUSLY b'845002'
ACTION SNIPPET 10000 5057 SEEN_PREVIOUSLY b'1019664'
ACTION SNIPPET 10000 5060 SEEN_PREVIOUSLY b'965812'
ACTION SNIPPET 10000 5063 SNIPPET_RELEVANT b'1448987'
ACTION DOC 10000 5083 EXAMINING_DOCUMENT b'1448987'
ACTION SNIPPET 10000 5086 SEEN_PREVIOUSLY b'1022272'
ACTION SNIPPET 10000 5089 SEEN_PREVIOUSLY b'1577987'
ACTION SNIPPET 10000 5092 SNIPPET_RELEVANT b'153472'
ACTION DOC 10000 5112 EXAMINING_DOCUMENT b'153472'
ACTION QUERY 10000 5122 college education advantage need
ACTION SERP 10000 5127 EXAMINE_SERP
ACTION SNIPPET 10000 5130 SEEN_PREVIOUSLY b'1739514'
ACTION SNIPPET 10000 5133 SEEN_PREVIOUSLY b'247974'
ACTION SNIPPET 10000 5136 SEEN_PREVIOUSLY b'434854'
ACTION SNIPPET 10000 5139 SEEN_PREVIOUSLY b'1093014'
ACTION SNIPPET 10000 5142 SEEN_PREVIOUSLY b'1707549'
ACTION SNIPPET 10000 5145 SEEN_PREVIOUSLY b'1577987'
ACTION SNIPPET 10000 5148 SEEN_PREVIOUSLY b'77858'
ACTION SNIPPET 10000 5151 SEEN_PREVIOUSLY b'1438356'
ACTION SNIPPET 10000 5154 SEEN_PREVIOUSLY b'1732323'
ACTION SNIPPET 10000 5157 SNIPPET_RELEVANT b'33511'
ACTION DOC 10000 5177 EXAMINING_DOCUMENT b'33511'
ACTION QUERY 10000 5187 college education advantage undergraduate
ACTION SERP 10000 5192 EXAMINE_SERP
ACTION SNIPPET 10000 5195 SEEN_PREVIOUSLY b'1093014'
ACTION SNIPPET 10000 5198 SNIPPET_NOT_RELEVANT b'1779311'
ACTION SNIPPET 10000 5201 SEEN_PREVIOUSLY b'1576073'
ACTION SNIPPET 10000 5204 SEEN_PREVIOUSLY b'300981'
ACTION SNIPPET 10000 5207 SNIPPET_NOT_RELEVANT b'297785'
ACTION SNIPPET 10000 5210 SEEN_PREVIOUSLY b'447862'
ACTION SNIPPET 10000 5213 SEEN_PREVIOUSLY b'1391069'
ACTION SNIPPET 10000 5216 SNIPPET_RELEVANT b'396194'
ACTION DOC 10000 5236 EXAMINING_DOCUMENT b'396194'
ACTION SNIPPET 10000 5239 SNIPPET_RELEVANT b'12911'
ACTION DOC 10000 5259 EXAMINING_DOCUMENT b'12911'
ACTION QUERY 10000 5269 college education advantage israel
ACTION SERP 10000 5274 EXAMINE_SERP
ACTION SNIPPET 10000 5277 SEEN_PREVIOUSLY b'954627'
ACTION SNIPPET 10000 5280 SNIPPET_NOT_RELEVANT b'1058154'
ACTION SNIPPET 10000 5283 SNIPPET_RELEVANT b'1689966'
ACTION DOC 10000 5303 EXAMINING_DOCUMENT b'1689966'
ACTION SNIPPET 10000 5306 SNIPPET_RELEVANT b'1064501'
ACTION DOC 10000 5326 EXAMINING_DOCUMENT b'1064501'
ACTION QUERY 10000 5336 college education advantage obtaining
ACTION SERP 10000 5341 EXAMINE_SERP
ACTION SNIPPET 10000 5344 SNIPPET_NOT_RELEVANT b'294235'
ACTION SNIPPET 10000 5347 SEEN_PREVIOUSLY b'77858'
ACTION SNIPPET 10000 5350 SNIPPET_NOT_RELEVANT b'1261104'
ACTION SNIPPET 10000 5353 SNIPPET_NOT_RELEVANT b'30647'
ACTION SNIPPET 10000 5356 SNIPPET_NOT_RELEVANT b'255093'
ACTION SNIPPET 10000 5359 SNIPPET_RELEVANT b'934867'
ACTION DOC 10000 5379 EXAMINING_DOCUMENT b'934867'
ACTION SNIPPET 10000 5382 SNIPPET_RELEVANT b'797313'
ACTION DOC 10000 5402 EXAMINING_DOCUMENT b'797313'
ACTION QUERY 10000 5412 college education advantage poor
ACTION SERP 10000 5417 EXAMINE_SERP
ACTION SNIPPET 10000 5420 SEEN_PREVIOUSLY b'1707549'
ACTION SNIPPET 10000 5423 SEEN_PREVIOUSLY b'1642208'
ACTION SNIPPET 10000 5426 SEEN_PREVIOUSLY b'153472'
ACTION SNIPPET 10000 5429 SEEN_PREVIOUSLY b'247974'
ACTION SNIPPET 10000 5432 SEEN_PREVIOUSLY b'1710084'
ACTION SNIPPET 10000 5435 SEEN_PREVIOUSLY b'1461732'
ACTION SNIPPET 10000 5438 SEEN_PREVIOUSLY b'911354'
ACTION SNIPPET 10000 5441 SEEN_PREVIOUSLY b'1064'
ACTION SNIPPET 10000 5444 SEEN_PREVIOUSLY b'1064'
ACTION SNIPPET 10000 5447 SNIPPET_NOT_RELEVANT b'420138'
ACTION SNIPPET 10000 5450 SEEN_PREVIOUSLY b'1577987'
ACTION SNIPPET 10000 5453 SNIPPET_RELEVANT b'837235'
ACTION DOC 10000 5473 EXAMINING_DOCUMENT b'837235'
ACTION QUERY 10000 5483 college education advantage fallen
ACTION SERP 10000 5488 EXAMINE_SERP
ACTION SNIPPET 10000 5491 SNIPPET_NOT_RELEVANT b'1570495'
ACTION SNIPPET 10000 5494 SEEN_PREVIOUSLY b'1706607'
ACTION SNIPPET 10000 5497 SEEN_PREVIOUSLY b'77858'
ACTION SNIPPET 10000 5500 SNIPPET_RELEVANT b'1566299'
ACTION DOC 10000 5520 EXAMINING_DOCUMENT b'1566299'
ACTION SNIPPET 10000 5523 SEEN_PREVIOUSLY b'845002'
ACTION SNIPPET 10000 5526 SNIPPET_RELEVANT b'1431719'
ACTION DOC 10000 5546 EXAMINING_DOCUMENT b'1431719'
ACTION QUERY 10000 5556 college education advantage career
ACTION SERP 10000 5561 EXAMINE_SERP
ACTION SNIPPET 10000 5564 SEEN_PREVIOUSLY b'247974'
ACTION SNIPPET 10000 5567 SEEN_PREVIOUSLY b'1690340'
ACTION SNIPPET 10000 5570 SNIPPET_NOT_RELEVANT b'961022'
ACTION SNIPPET 10000 5573 SEEN_PREVIOUSLY b'1775428'
ACTION SNIPPET 10000 5576 SEEN_PREVIOUSLY b'1028368'
ACTION SNIPPET 10000 5579 SEEN_PREVIOUSLY b'430740'
ACTION SNIPPET 10000 5582 SNIPPET_RELEVANT b'456189'
ACTION DOC 10000 5602 EXAMINING_DOCUMENT b'456189'
ACTION SNIPPET 10000 5605 SEEN_PREVIOUSLY b'830299'
ACTION SNIPPET 10000 5608 SEEN_PREVIOUSLY b'396194'
ACTION QUERY 10000 5618 college education advantage individual
ACTION SERP 10000 5623 EXAMINE_SERP
ACTION SNIPPET 10000 5626 SEEN_PREVIOUSLY b'1205941'
ACTION SNIPPET 10000 5629 SNIPPET_NOT_RELEVANT b'1409076'
ACTION SNIPPET 10000 5632 SEEN_PREVIOUSLY b'1027237'
ACTION SNIPPET 10000 5635 SEEN_PREVIOUSLY b'247974'
ACTION SNIPPET 10000 5638 SEEN_PREVIOUSLY b'129802'
ACTION SNIPPET 10000 5641 SNIPPET_RELEVANT b'1463514'
ACTION DOC 10000 5661 EXAMINING_DOCUMENT b'1463514'
ACTION SNIPPET 10000 5664 SNIPPET_NOT_RELEVANT b'402086'
ACTION SNIPPET 10000 5667 SNIPPET_NOT_RELEVANT b'1724091'
ACTION SNIPPET 10000 5670 SEEN_PREVIOUSLY b'911354'
ACTION QUERY 10000 5680 college education advantage clinton
ACTION SERP 10000 5685 EXAMINE_SERP
ACTION SNIPPET 10000 5688 SEEN_PREVIOUSLY b'1170209'
ACTION SNIPPET 10000 5691 SEEN_PREVIOUSLY b'560072'
ACTION SNIPPET 10000 5694 SEEN_PREVIOUSLY b'911354'
ACTION SNIPPET 10000 5697 SEEN_PREVIOUSLY b'1027237'
ACTION SNIPPET 10000 5700 SNIPPET_NOT_RELEVANT b'855697'
ACTION SNIPPET 10000 5703 SNIPPET_NOT_RELEVANT b'865475'
ACTION SNIPPET 10000 5706 SNIPPET_NOT_RELEVANT b'788205'
ACTION SNIPPET 10000 5709 SNIPPET_RELEVANT b'1172812'
ACTION DOC 10000 5729 EXAMINING_DOCUMENT b'1172812'
ACTION SNIPPET 10000 5732 SEEN_PREVIOUSLY b'887651'
ACTION QUERY 10000 5742 college education advantage whats
ACTION SERP 10000 5747 EXAMINE_SERP
ACTION SNIPPET 10000 5750 SNIPPET_NOT_RELEVANT b'75700'
ACTION SNIPPET 10000 5753 SNIPPET_RELEVANT b'1769097'
ACTION DOC 10000 5773 EXAMINING_DOCUMENT b'1769097'
ACTION SNIPPET 10000 5776 SNIPPET_NOT_RELEVANT b'1155394'
ACTION SNIPPET 10000 5779 SNIPPET_NOT_RELEVANT b'1132598'
ACTION SNIPPET 10000 5782 SNIPPET_RELEVANT b'1493306'
ACTION DOC 10000 5802 EXAMINING_DOCUMENT b'1493306'
ACTION QUERY 10000 5812 college education advantage greater
ACTION SERP 10000 5817 EXAMINE_SERP
ACTION SNIPPET 10000 5820 SEEN_PREVIOUSLY b'1019664'
ACTION SNIPPET 10000 5823 SEEN_PREVIOUSLY b'1519827'
ACTION SNIPPET 10000 5826 SEEN_PREVIOUSLY b'1707549'
ACTION SNIPPET 10000 5829 SNIPPET_RELEVANT b'190484'
ACTION DOC 10000 5849 EXAMINING_DOCUMENT b'190484'
ACTION SNIPPET 10000 5852 SEEN_PREVIOUSLY b'1272644'
ACTION SNIPPET 10000 5855 SEEN_PREVIOUSLY b'163031'
ACTION SNIPPET 10000 5858 SEEN_PREVIOUSLY b'77858'
ACTION SNIPPET 10000 5861 SEEN_PREVIOUSLY b'129802'
ACTION SNIPPET 10000 5864 SNIPPET_RELEVANT b'1378398'
ACTION DOC 10000 5884 EXAMINING_DOCUMENT b'1378398'
ACTION QUERY 10000 5894 college education advantage example
ACTION SERP 10000 5899 EXAMINE_SERP
ACTION SNIPPET 10000 5902 SEEN_PREVIOUSLY b'1461732'
ACTION SNIPPET 10000 5905 SEEN_PREVIOUSLY b'1022272'
ACTION SNIPPET 10000 5908 SEEN_PREVIOUSLY b'247974'
ACTION SNIPPET 10000 5911 SEEN_PREVIOUSLY b'1601776'
ACTION SNIPPET 10000 5914 SEEN_PREVIOUSLY b'598148'
ACTION SNIPPET 10000 5917 SEEN_PREVIOUSLY b'1361566'
ACTION SNIPPET 10000 5920 SNIPPET_NOT_RELEVANT b'216664'
ACTION SNIPPET 10000 5923 SEEN_PREVIOUSLY b'1172524'
ACTION SNIPPET 10000 5926 SEEN_PREVIOUSLY b'129802'
ACTION SNIPPET 10000 5929 SEEN_PREVIOUSLY b'350105'
ACTION SNIPPET 10000 5932 SNIPPET_RELEVANT b'1041140'
ACTION DOC 10000 5952 EXAMINING_DOCUMENT b'1041140'
ACTION QUERY 10000 5962 college education advantage web
ACTION SERP 10000 5967 EXAMINE_SERP
ACTION SNIPPET 10000 5970 SEEN_PREVIOUSLY b'1137475'
ACTION SNIPPET 10000 5973 SNIPPET_NOT_RELEVANT b'1597483'
ACTION SNIPPET 10000 5976 SNIPPET_RELEVANT b'1536888'
ACTION DOC 10000 5996 EXAMINING_DOCUMENT b'1536888'
ACTION SNIPPET 10000 5999 SNIPPET_NOT_RELEVANT b'1715700'
ACTION SNIPPET 10000 6002 SNIPPET_NOT_RELEVANT b'1077015'
ACTION SNIPPET 10000 6005 SNIPPET_NOT_RELEVANT b'964819'
ACTION SNIPPET 10000 6008 SNIPPET_NOT_RELEVANT b'1374881'
ACTION SNIPPET 10000 6011 SNIPPET_NOT_RELEVANT b'887659'
ACTION SNIPPET 10000 6014 SNIPPET_NOT_RELEVANT b'1140342'
ACTION QUERY 10000 6024 college education advantage allies
ACTION SERP 10000 6029 EXAMINE_SERP
ACTION SNIPPET 10000 6032 SNIPPET_NOT_RELEVANT b'202119'
ACTION SNIPPET 10000 6035 SNIPPET_NOT_RELEVANT b'854736'
ACTION SNIPPET 10000 6038 SEEN_PREVIOUSLY b'77858'
ACTION SNIPPET 10000 6041 SNIPPET_NOT_RELEVANT b'421727'
ACTION SNIPPET 10000 6044 SEEN_PREVIOUSLY b'845002'
ACTION SNIPPET 10000 6047 SNIPPET_RELEVANT b'517968'
ACTION DOC 10000 6067 EXAMINING_DOCUMENT b'517968'
ACTION SNIPPET 10000 6070 SEEN_PREVIOUSLY b'1642208'
ACTION SNIPPET 10000 6073 SEEN_PREVIOUSLY b'1707549'
ACTION SNIPPET 10000 6076 SEEN_PREVIOUSLY b'1739514'
ACTION QUERY 10000 6086 college education advantage concerned
ACTION SERP 10000 6091 EXAMINE_SERP
ACTION SNIPPET 10000 6094 SEEN_PREVIOUSLY b'845002'
ACTION SNIPPET 10000 6097 SEEN_PREVIOUSLY b'1576073'
ACTION SNIPPET 10000 6100 SEEN_PREVIOUSLY b'804673'
ACTION SNIPPET 10000 6103 SEEN_PREVIOUSLY b'804954'
ACTION SNIPPET 10000 6106 SNIPPET_RELEVANT b'62263'
ACTION DOC 10000 6126 EXAMINING_DOCUMENT b'62263'
ACTION SNIPPET 10000 6129 SEEN_PREVIOUSLY b'487210'
ACTION SNIPPET 10000 6132 SEEN_PREVIOUSLY b'247974'
ACTION SNIPPET 10000 6135 SEEN_PREVIOUSLY b'77858'
ACTION SNIPPET 10000 6138 SEEN_PREVIOUSLY b'1172524'
ACTION QUERY 10000 6148 college education advantage kind
ACTION SERP 10000 6153 EXAMINE_SERP
ACTION SNIPPET 10000 6156 SEEN_PREVIOUSLY b'965812'
ACTION SNIPPET 10000 6159 SEEN_PREVIOUSLY b'1828580'
ACTION SNIPPET 10000 6162 SEEN_PREVIOUSLY b'77858'
ACTION SNIPPET 10000 6165 SNIPPET_NOT_RELEVANT b'1615293'
ACTION SNIPPET 10000 6168 SEEN_PREVIOUSLY b'1134655'
ACTION SNIPPET 10000 6171 SEEN_PREVIOUSLY b'1519827'
ACTION SNIPPET 10000 6174 SEEN_PREVIOUSLY b'1459149'
ACTION SNIPPET 10000 6177 SNIPPET_NOT_RELEVANT b'966469'
ACTION SNIPPET 10000 6180 SEEN_PREVIOUSLY b'1510867'
ACTION SNIPPET 10000 6183 SEEN_PREVIOUSLY b'845002'
ACTION SNIPPET 10000 6186 SNIPPET_NOT_RELEVANT b'827016'
ACTION SNIPPET 10000 6189 SNIPPET_NOT_RELEVANT b'585909'
ACTION SNIPPET 10000 6192 SEEN_PREVIOUSLY b'1272644'
ACTION SNIPPET 10000 6195 SEEN_PREVIOUSLY b'1642208'
ACTION SNIPPET 10000 6198 SNIPPET_RELEVANT b'1511938'
ACTION DOC 10000 6218 EXAMINING_DOCUMENT b'1511938'
ACTION QUERY 10000 6228 college education advantage degree
ACTION SERP 10000 6233 EXAMINE_SERP
ACTION SNIPPET 10000 6236 SEEN_PREVIOUSLY b'247974'
ACTION SNIPPET 10000 6239 SEEN_PREVIOUSLY b'1706607'
ACTION SNIPPET 10000 6242 SEEN_PREVIOUSLY b'1019664'
ACTION SNIPPET 10000 6245 SEEN_PREVIOUSLY b'1361566'
ACTION SNIPPET 10000 6248 SEEN_PREVIOUSLY b'954627'
ACTION SNIPPET 10000 6251 SEEN_PREVIOUSLY b'447862'
ACTION SNIPPET 10000 6254 SEEN_PREVIOUSLY b'1641630'
ACTION SNIPPET 10000 6257 SEEN_PREVIOUSLY b'1205941'
ACTION SNIPPET 10000 6260 SEEN_PREVIOUSLY b'1601776'
ACTION SNIPPET 10000 6263 SEEN_PREVIOUSLY b'1375375'
ACTION SNIPPET 10000 6266 SEEN_PREVIOUSLY b'350105'
ACTION SNIPPET 10000 6269 SEEN_PREVIOUSLY b'1828580'
ACTION SNIPPET 10000 6272 SEEN_PREVIOUSLY b'852976'
ACTION SNIPPET 10000 6275 SEEN_PREVIOUSLY b'722023'
ACTION SNIPPET 10000 6278 SEEN_PREVIOUSLY b'1028368'
ACTION QUERY 10000 6288 college education advantage percentage
ACTION SERP 10000 6293 EXAMINE_SERP
ACTION SNIPPET 10000 6296 SEEN_PREVIOUSLY b'1706607'
ACTION SNIPPET 10000 6299 SNIPPET_RELEVANT b'216664'
ACTION DOC 10000 6319 EXAMINING_DOCUMENT b'216664'
ACTION SNIPPET 10000 6322 SNIPPET_RELEVANT b'909804'
ACTION DOC 10000 6342 EXAMINING_DOCUMENT b'909804'
ACTION QUERY 10000 6352 college education advantage creation
ACTION SERP 10000 6357 EXAMINE_SERP
ACTION SNIPPET 10000 6360 SNIPPET_RELEVANT b'815696'
ACTION DOC 10000 6380 EXAMINING_DOCUMENT b'815696'
ACTION SNIPPET 10000 6383 SNIPPET_NOT_RELEVANT b'78435'
ACTION SNIPPET 10000 6386 SNIPPET_NOT_RELEVANT b'910576'
ACTION SNIPPET 10000 6389 SNIPPET_NOT_RELEVANT b'204830'
ACTION SNIPPET 10000 6392 SNIPPET_RELEVANT b'884919'
ACTION DOC 10000 6412 EXAMINING_DOCUMENT b'884919'
ACTION QUERY 10000 6422 college education advantage greenspans
ACTION SERP 10000 6427 EXAMINE_SERP
ACTION SNIPPET 10000 6430 SEEN_PREVIOUSLY b'1438356'
ACTION SNIPPET 10000 6433 SNIPPET_NOT_RELEVANT b'1004037'
ACTION SNIPPET 10000 6436 SNIPPET_RELEVANT b'1470857'
ACTION DOC 10000 6456 EXAMINING_DOCUMENT b'1470857'
ACTION SNIPPET 10000 6459 SNIPPET_RELEVANT b'713238'
ACTION DOC 10000 6479 EXAMINING_DOCUMENT b'713238'
ACTION QUERY 10000 6489 college education advantage richest
ACTION SERP 10000 6494 EXAMINE_SERP
ACTION SNIPPET 10000 6497 SNIPPET_RELEVANT b'1705374'
ACTION DOC 10000 6517 EXAMINING_DOCUMENT b'1705374'
ACTION SNIPPET 10000 6520 SEEN_PREVIOUSLY b'1676453'
ACTION SNIPPET 10000 6523 SNIPPET_RELEVANT b'234189'
ACTION DOC 10000 6543 EXAMINING_DOCUMENT b'234189'
ACTION QUERY 10000 6553 college education advantage recently
ACTION SERP 10000 6558 EXAMINE_SERP
ACTION SNIPPET 10000 6561 SEEN_PREVIOUSLY b'1642208'
ACTION SNIPPET 10000 6564 SEEN_PREVIOUSLY b'1576073'
ACTION SNIPPET 10000 6567 SEEN_PREVIOUSLY b'954708'
ACTION SNIPPET 10000 6570 SEEN_PREVIOUSLY b'77858'
ACTION SNIPPET 10000 6573 SEEN_PREVIOUSLY b'247974'
ACTION SNIPPET 10000 6576 SEEN_PREVIOUSLY b'954627'
ACTION SNIPPET 10000 6579 SEEN_PREVIOUSLY b'1790828'
ACTION SNIPPET 10000 6582 SNIPPET_RELEVANT b'966469'
ACTION DOC 10000 6602 EXAMINING_DOCUMENT b'966469'
ACTION SNIPPET 10000 6605 SEEN_PREVIOUSLY b'722023'
ACTION QUERY 10000 6615 college education advantage world
ACTION SERP 10000 6620 EXAMINE_SERP
ACTION SNIPPET 10000 6623 SEEN_PREVIOUSLY b'1642208'
ACTION SNIPPET 10000 6626 SEEN_PREVIOUSLY b'1790828'
ACTION SNIPPET 10000 6629 SEEN_PREVIOUSLY b'247974'
ACTION SNIPPET 10000 6632 SEEN_PREVIOUSLY b'77858'
ACTION SNIPPET 10000 6635 SEEN_PREVIOUSLY b'1710084'
ACTION SNIPPET 10000 6638 SEEN_PREVIOUSLY b'1170209'
ACTION SNIPPET 10000 6641 SEEN_PREVIOUSLY b'1205941'
ACTION SNIPPET 10000 6644 SEEN_PREVIOUSLY b'845002'
ACTION SNIPPET 10000 6647 SEEN_PREVIOUSLY b'1775428'
ACTION SNIPPET 10000 6650 SNIPPET_NOT_RELEVANT b'365179'
ACTION SNIPPET 10000 6653 SEEN_PREVIOUSLY b'62263'
ACTION SNIPPET 10000 6656 SEEN_PREVIOUSLY b'1707549'
ACTION SNIPPET 10000 6659 SEEN_PREVIOUSLY b'725103'
ACTION SNIPPET 10000 6662 SEEN_PREVIOUSLY b'1739514'
ACTION SNIPPET 10000 6665 SEEN_PREVIOUSLY b'1577987'
ACTION QUERY 10000 6675 college education advantage grade
ACTION SERP 10000 6680 EXAMINE_SERP
ACTION SNIPPET 10000 6683 SEEN_PREVIOUSLY b'845002'
ACTION SNIPPET 10000 6686 SEEN_PREVIOUSLY b'1093014'
ACTION SNIPPET 10000 6689 SNIPPET_NOT_RELEVANT b'185548'
ACTION SNIPPET 10000 6692 SEEN_PREVIOUSLY b'62263'
ACTION SNIPPET 10000 6695 SNIPPET_RELEVANT b'272993'
ACTION DOC 10000 6715 EXAMINING_DOCUMENT b'272993'
ACTION SNIPPET 10000 6718 SEEN_PREVIOUSLY b'1710084'
ACTION SNIPPET 10000 6721 SNIPPET_NOT_RELEVANT b'331859'
ACTION SNIPPET 10000 6724 SEEN_PREVIOUSLY b'168948'
ACTION SNIPPET 10000 6727 SNIPPET_RELEVANT b'723166'
ACTION DOC 10000 6747 EXAMINING_DOCUMENT b'723166'
ACTION QUERY 10000 6757 college education advantage economy
ACTION SERP 10000 6762 EXAMINE_SERP
ACTION SNIPPET 10000 6765 SEEN_PREVIOUSLY b'1438356'
ACTION SNIPPET 10000 6768 SEEN_PREVIOUSLY b'1205941'
ACTION SNIPPET 10000 6771 SEEN_PREVIOUSLY b'1461732'
ACTION SNIPPET 10000 6774 SEEN_PREVIOUSLY b'168948'
ACTION SNIPPET 10000 6777 SEEN_PREVIOUSLY b'528638'
ACTION SNIPPET 10000 6780 SEEN_PREVIOUSLY b'1566299'
ACTION SNIPPET 10000 6783 SEEN_PREVIOUSLY b'190484'
ACTION SNIPPET 10000 6786 SEEN_PREVIOUSLY b'247974'
ACTION SNIPPET 10000 6789 SEEN_PREVIOUSLY b'350105'
ACTION SNIPPET 10000 6792 SNIPPET_NOT_RELEVANT b'668523'
ACTION SNIPPET 10000 6795 SEEN_PREVIOUSLY b'1706607'
ACTION SNIPPET 10000 6798 SEEN_PREVIOUSLY b'1576073'
ACTION SNIPPET 10000 6801 SEEN_PREVIOUSLY b'1510867'
ACTION SNIPPET 10000 6804 SEEN_PREVIOUSLY b'1601776'
ACTION SNIPPET 10000 6807 SEEN_PREVIOUSLY b'1148604'
ACTION QUERY 10000 6817 college education advantage 1970s
ACTION SERP 10000 6822 EXAMINE_SERP
ACTION SNIPPET 10000 6825 SEEN_PREVIOUSLY b'1642208'
ACTION SNIPPET 10000 6828 SEEN_PREVIOUSLY b'954627'
ACTION SNIPPET 10000 6831 SEEN_PREVIOUSLY b'1375375'
ACTION SNIPPET 10000 6834 SNIPPET_NOT_RELEVANT b'1323737'
ACTION SNIPPET 10000 6837 SEEN_PREVIOUSLY b'272993'
ACTION SNIPPET 10000 6840 SEEN_PREVIOUSLY b'1272644'
ACTION SNIPPET 10000 6843 SNIPPET_NOT_RELEVANT b'1470605'
ACTION SNIPPET 10000 6846 SNIPPET_RELEVANT b'396942'
ACTION DOC 10000 6866 EXAMINING_DOCUMENT b'396942'
ACTION SNIPPET 10000 6869 SEEN_PREVIOUSLY b'815696'
ACTION QUERY 10000 6879 college education advantage inequality
ACTION SERP 10000 6884 EXAMINE_SERP
ACTION SNIPPET 10000 6887 SNIPPET_NOT_RELEVANT b'1742955'
ACTION SNIPPET 10000 6890 SEEN_PREVIOUSLY b'1707549'
ACTION SNIPPET 10000 6893 SEEN_PREVIOUSLY b'852976'
ACTION SNIPPET 10000 6896 SEEN_PREVIOUSLY b'1577987'
ACTION SNIPPET 10000 6899 SNIPPET_NOT_RELEVANT b'547158'
ACTION SNIPPET 10000 6902 SEEN_PREVIOUSLY b'1351420'
ACTION SNIPPET 10000 6905 SEEN_PREVIOUSLY b'1351578'
ACTION SNIPPET 10000 6908 SNIPPET_NOT_RELEVANT b'1847978'
ACTION SNIPPET 10000 6911 SEEN_PREVIOUSLY b'1758237'
ACTION SNIPPET 10000 6914 SNIPPET_NOT_RELEVANT b'1458469'
ACTION SNIPPET 10000 6917 SNIPPET_NOT_RELEVANT b'1780715'
ACTION SNIPPET 10000 6920 SNIPPET_NOT_RELEVANT b'1704981'
ACTION SNIPPET 10000 6923 SNIPPET_RELEVANT b'620102'
ACTION DOC 10000 6943 EXAMINING_DOCUMENT b'620102'
ACTION QUERY 10000 6953 college education advantage inequitable
ACTION SERP 10000 6958 EXAMINE_SERP
ACTION SNIPPET 10000 6961 SNIPPET_NOT_RELEVANT b'1278221'
ACTION SNIPPET 10000 6964 SNIPPET_NOT_RELEVANT b'1233494'
ACTION SNIPPET 10000 6967 SNIPPET_NOT_RELEVANT b'596353'
ACTION SNIPPET 10000 6970 SNIPPET_NOT_RELEVANT b'1658881'
ACTION SNIPPET 10000 6973 SNIPPET_RELEVANT b'1533535'
ACTION DOC 10000 6993 EXAMINING_DOCUMENT b'1533535'
ACTION SNIPPET 10000 6996 SNIPPET_NOT_RELEVANT b'1547425'
ACTION SNIPPET 10000 6999 SNIPPET_NOT_RELEVANT b'343217'
ACTION SNIPPET 10000 7002 SNIPPET_NOT_RELEVANT b'1569253'
ACTION SNIPPET 10000 7005 SNIPPET_RELEVANT b'1001639'
ACTION DOC 10000 7025 EXAMINING_DOCUMENT b'1001639'
ACTION QUERY 10000 7035 college education advantage start
ACTION SERP 10000 7040 EXAMINE_SERP
ACTION SNIPPET 10000 7043 SEEN_PREVIOUSLY b'1378422'
ACTION SNIPPET 10000 7046 SEEN_PREVIOUSLY b'1065767'
ACTION SNIPPET 10000 7049 SEEN_PREVIOUSLY b'434854'
ACTION SNIPPET 10000 7052 SEEN_PREVIOUSLY b'366797'
ACTION SNIPPET 10000 7055 SEEN_PREVIOUSLY b'77858'
ACTION SNIPPET 10000 7058 SEEN_PREVIOUSLY b'1576073'
ACTION SNIPPET 10000 7061 SEEN_PREVIOUSLY b'1790828'
ACTION SNIPPET 10000 7064 SEEN_PREVIOUSLY b'845002'
ACTION SNIPPET 10000 7067 SEEN_PREVIOUSLY b'1775428'
ACTION SNIPPET 10000 7070 SNIPPET_RELEVANT b'1715700'
ACTION DOC 10000 7090 EXAMINING_DOCUMENT b'1715700'
ACTION QUERY 10000 7100 college education advantage harvard
ACTION SERP 10000 7105 EXAMINE_SERP
ACTION SNIPPET 10000 7108 SEEN_PREVIOUSLY b'1790828'
ACTION SNIPPET 10000 7111 SEEN_PREVIOUSLY b'1789490'
ACTION SNIPPET 10000 7114 SEEN_PREVIOUSLY b'1576073'
ACTION SNIPPET 10000 7117 SEEN_PREVIOUSLY b'1459149'
ACTION SNIPPET 10000 7120 SEEN_PREVIOUSLY b'852976'
ACTION SNIPPET 10000 7123 SNIPPET_NOT_RELEVANT b'255093'
ACTION SNIPPET 10000 7126 SEEN_PREVIOUSLY b'1022272'
ACTION SNIPPET 10000 7129 SNIPPET_NOT_RELEVANT b'227317'
ACTION SNIPPET 10000 7132 SEEN_PREVIOUSLY b'1577987'
ACTION SNIPPET 10000 7135 SNIPPET_RELEVANT b'964190'
ACTION DOC 10000 7155 EXAMINING_DOCUMENT b'964190'
ACTION QUERY 10000 7165 college education advantage usa
ACTION SERP 10000 7170 EXAMINE_SERP
ACTION SNIPPET 10000 7173 SNIPPET_RELEVANT b'644905'
ACTION DOC 10000 7193 EXAMINING_DOCUMENT b'644905'
ACTION SNIPPET 10000 7196 SNIPPET_NOT_RELEVANT b'340488'
ACTION SNIPPET 10000 7199 SNIPPET_RELEVANT b'651760'
ACTION DOC 10000 7219 EXAMINING_DOCUMENT b'651760'
ACTION QUERY 10000 7229 college education advantage bills
ACTION SERP 10000 7234 EXAMINE_SERP
ACTION SNIPPET 10000 7237 SEEN_PREVIOUSLY b'1642208'
ACTION SNIPPET 10000 7240 SEEN_PREVIOUSLY b'954708'
ACTION SNIPPET 10000 7243 SEEN_PREVIOUSLY b'1027237'
ACTION SNIPPET 10000 7246 SNIPPET_RELEVANT b'1709158'
ACTION DOC 10000 7266 EXAMINING_DOCUMENT b'1709158'
ACTION SNIPPET 10000 7269 SEEN_PREVIOUSLY b'33511'
ACTION SNIPPET 10000 7272 SEEN_PREVIOUSLY b'560072'
ACTION SNIPPET 10000 7275 SEEN_PREVIOUSLY b'413718'
ACTION SNIPPET 10000 7278 SNIPPET_NOT_RELEVANT b'265305'
ACTION SNIPPET 10000 7281 SNIPPET_NOT_RELEVANT b'834114'
ACTION QUERY 10000 7291 college education advantage unemployment
ACTION SERP 10000 7296 EXAMINE_SERP
ACTION SNIPPET 10000 7299 SNIPPET_RELEVANT b'199509'
ACTION DOC 10000 7319 EXAMINING_DOCUMENT b'199509'
ACTION MARK 10000 7322 CONSIDERED_RELEVANT b'199509'
ACTION SNIPPET 10000 7325 SEEN_PREVIOUSLY b'1361566'
ACTION SNIPPET 10000 7328 SNIPPET_NOT_RELEVANT b'1198365'
ACTION SNIPPET 10000 7331 SNIPPET_NOT_RELEVANT b'1369063'
ACTION SNIPPET 10000 7334 SNIPPET_NOT_RELEVANT b'175336'
ACTION SNIPPET 10000 7337 SNIPPET_RELEVANT b'966939'
ACTION DOC 10000 7357 EXAMINING_DOCUMENT b'966939'
ACTION SNIPPET 10000 7360 SNIPPET_NOT_RELEVANT b'837439'
ACTION SNIPPET 10000 7363 SNIPPET_RELEVANT b'1176113'
ACTION DOC 10000 7383 EXAMINING_DOCUMENT b'1176113'
ACTION QUERY 10000 7393 college education advantage dont
ACTION SERP 10000 7398 EXAMINE_SERP
ACTION SNIPPET 10000 7401 SNIPPET_NOT_RELEVANT b'1579587'
ACTION SNIPPET 10000 7404 SNIPPET_NOT_RELEVANT b'1443728'
ACTION SNIPPET 10000 7407 SNIPPET_RELEVANT b'1818387'
ACTION DOC 10000 7427 EXAMINING_DOCUMENT b'1818387'
ACTION SNIPPET 10000 7430 SNIPPET_RELEVANT b'741487'
ACTION DOC 10000 7450 EXAMINING_DOCUMENT b'741487'
ACTION QUERY 10000 7460 college education advantage successful
ACTION SERP 10000 7465 EXAMINE_SERP
ACTION SNIPPET 10000 7468 SEEN_PREVIOUSLY b'1707549'
ACTION SNIPPET 10000 7471 SEEN_PREVIOUSLY b'434854'
ACTION SNIPPET 10000 7474 SEEN_PREVIOUSLY b'1710084'
ACTION SNIPPET 10000 7477 SNIPPET_NOT_RELEVANT b'1279068'
ACTION SNIPPET 10000 7480 SEEN_PREVIOUSLY b'1391069'
ACTION SNIPPET 10000 7483 SNIPPET_NOT_RELEVANT b'557804'
ACTION SNIPPET 10000 7486 SEEN_PREVIOUSLY b'247974'
ACTION SNIPPET 10000 7489 SNIPPET_NOT_RELEVANT b'402086'
ACTION SNIPPET 10000 7492 SEEN_PREVIOUSLY b'1172524'
ACTION SNIPPET 10000 7495 SEEN_PREVIOUSLY b'77858'
ACTION SNIPPET 10000 7498 SNIPPET_RELEVANT b'857177'
ACTION DOC 10000 7518 EXAMINING_DOCUMENT b'857177'
ACTION QUERY 10000 7528 college education advantage person
ACTION SERP 10000 7533 EXAMINE_SERP
ACTION SNIPPET 10000 7536 SEEN_PREVIOUSLY b'1235262'
ACTION SNIPPET 10000 7539 SEEN_PREVIOUSLY b'430740'
ACTION SNIPPET 10000 7542 SEEN_PREVIOUSLY b'77858'
ACTION SNIPPET 10000 7545 SEEN_PREVIOUSLY b'1467081'
ACTION SNIPPET 10000 7548 SEEN_PREVIOUSLY b'362112'
ACTION SNIPPET 10000 7551 SEEN_PREVIOUSLY b'845002'
ACTION SNIPPET 10000 7554 SEEN_PREVIOUSLY b'1463514'
ACTION SNIPPET 10000 7557 SNIPPET_RELEVANT b'1454762'
ACTION DOC 10000 7577 EXAMINING_DOCUMENT b'1454762'
ACTION SNIPPET 10000 7580 SNIPPET_NOT_RELEVANT b'615022'
ACTION QUERY 10000 7590 college education advantage low
ACTION SERP 10000 7595 EXAMINE_SERP
ACTION SNIPPET 10000 7598 SEEN_PREVIOUSLY b'1842415'
ACTION SNIPPET 10000 7601 SNIPPET_NOT_RELEVANT b'1497415'
ACTION SNIPPET 10000 7604 SEEN_PREVIOUSLY b'1375375'
ACTION SNIPPET 10000 7607 SEEN_PREVIOUSLY b'1389120'
ACTION SNIPPET 10000 7610 SEEN_PREVIOUSLY b'1170209'
ACTION SNIPPET 10000 7613 SEEN_PREVIOUSLY b'1461732'
ACTION SNIPPET 10000 7616 SEEN_PREVIOUSLY b'964190'
ACTION SNIPPET 10000 7619 SEEN_PREVIOUSLY b'1272644'
ACTION SNIPPET 10000 7622 SEEN_PREVIOUSLY b'247974'
ACTION SNIPPET 10000 7625 SEEN_PREVIOUSLY b'1758237'
ACTION SNIPPET 10000 7628 SEEN_PREVIOUSLY b'1361566'
ACTION SNIPPET 10000 7631 SNIPPET_NOT_RELEVANT b'294235'
ACTION SNIPPET 10000 7634 SNIPPET_RELEVANT b'1590749'
ACTION DOC 10000 7654 EXAMINING_DOCUMENT b'1590749'
ACTION QUERY 10000 7664 college education advantage happens
ACTION SERP 10000 7669 EXAMINE_SERP
ACTION SNIPPET 10000 7672 SEEN_PREVIOUSLY b'247974'
ACTION SNIPPET 10000 7675 SEEN_PREVIOUSLY b'1510867'
ACTION SNIPPET 10000 7678 SEEN_PREVIOUSLY b'598148'
ACTION SNIPPET 10000 7681 SEEN_PREVIOUSLY b'77858'
ACTION SNIPPET 10000 7684 SEEN_PREVIOUSLY b'911354'
ACTION SNIPPET 10000 7687 SEEN_PREVIOUSLY b'1064'
ACTION SNIPPET 10000 7690 SEEN_PREVIOUSLY b'1064'
ACTION SNIPPET 10000 7693 SEEN_PREVIOUSLY b'1519827'
ACTION SNIPPET 10000 7696 SEEN_PREVIOUSLY b'845002'
ACTION SNIPPET 10000 7699 SEEN_PREVIOUSLY b'190484'
ACTION SNIPPET 10000 7702 SEEN_PREVIOUSLY b'1775428'
ACTION SNIPPET 10000 7705 SEEN_PREVIOUSLY b'1758237'
ACTION SNIPPET 10000 7708 SEEN_PREVIOUSLY b'1642208'
ACTION SNIPPET 10000 7711 SEEN_PREVIOUSLY b'1707549'
ACTION SNIPPET 10000 7714 SEEN_PREVIOUSLY b'1739514'
ACTION QUERY 10000 7724 college education advantage colleges
ACTION SERP 10000 7729 EXAMINE_SERP
ACTION SNIPPET 10000 7732 SEEN_PREVIOUSLY b'77858'
ACTION SNIPPET 10000 7735 SEEN_PREVIOUSLY b'845002'
ACTION SNIPPET 10000 7738 SEEN_PREVIOUSLY b'247974'
ACTION SNIPPET 10000 7741 SEEN_PREVIOUSLY b'1707549'
ACTION SNIPPET 10000 7744 SEEN_PREVIOUSLY b'1739514'
ACTION SNIPPET 10000 7747 SEEN_PREVIOUSLY b'1235262'
ACTION SNIPPET 10000 7750 SEEN_PREVIOUSLY b'1642208'
ACTION SNIPPET 10000 7753 SEEN_PREVIOUSLY b'1170209'
ACTION SNIPPET 10000 7756 SEEN_PREVIOUSLY b'1790828'
ACTION SNIPPET 10000 7759 SEEN_PREVIOUSLY b'1065767'
ACTION SNIPPET 10000 7762 SNIPPET_NOT_RELEVANT b'1185321'
ACTION SNIPPET 10000 7765 SEEN_PREVIOUSLY b'804954'
ACTION SNIPPET 10000 7768 SEEN_PREVIOUSLY b'804673'
ACTION SNIPPET 10000 7771 SEEN_PREVIOUSLY b'434854'
ACTION SNIPPET 10000 7774 SEEN_PREVIOUSLY b'1576073'
ACTION QUERY 10000 7784 college education advantage bob
ACTION SERP 10000 7789 EXAMINE_SERP
ACTION SNIPPET 10000 7792 SEEN_PREVIOUSLY b'966469'
ACTION SNIPPET 10000 7795 SNIPPET_NOT_RELEVANT b'403933'
ACTION SNIPPET 10000 7798 SEEN_PREVIOUSLY b'1459149'
ACTION SNIPPET 10000 7801 SEEN_PREVIOUSLY b'77858'
ACTION SNIPPET 10000 7804 SNIPPET_RELEVANT b'852059'
ACTION DOC 10000 7824 EXAMINING_DOCUMENT b'852059'
ACTION SNIPPET 10000 7827 SEEN_PREVIOUSLY b'845002'
ACTION SNIPPET 10000 7830 SEEN_PREVIOUSLY b'887651'
ACTION SNIPPET 10000 7833 SNIPPET_NOT_RELEVANT b'232897'
ACTION SNIPPET 10000 7836 SEEN_PREVIOUSLY b'1642208'
ACTION QUERY 10000 7846 college education advantage disability
ACTION SERP 10000 7851 EXAMINE_SERP
ACTION SNIPPET 10000 7854 SNIPPET_RELEVANT b'1408435'
ACTION DOC 10000 7874 EXAMINING_DOCUMENT b'1408435'
ACTION SNIPPET 10000 7877 SEEN_PREVIOUSLY b'1533535'
ACTION SNIPPET 10000 7880 SNIPPET_NOT_RELEVANT b'1426784'
ACTION SNIPPET 10000 7883 SNIPPET_RELEVANT b'735688'
ACTION DOC 10000 7903 EXAMINING_DOCUMENT b'735688'
ACTION QUERY 10000 7913 college education advantage market
ACTION SERP 10000 7918 EXAMINE_SERP
ACTION SNIPPET 10000 7921 SEEN_PREVIOUSLY b'1577987'
ACTION SNIPPET 10000 7924 SEEN_PREVIOUSLY b'247974'
ACTION SNIPPET 10000 7927 SNIPPET_RELEVANT b'1615061'
ACTION DOC 10000 7947 EXAMINING_DOCUMENT b'1615061'
ACTION SNIPPET 10000 7950 SEEN_PREVIOUSLY b'77858'
ACTION SNIPPET 10000 7953 SNIPPET_RELEVANT b'1374881'
ACTION DOC 10000 7973 EXAMINING_DOCUMENT b'1374881'
ACTION QUERY 10000 7983 college education advantage receiving
ACTION SERP 10000 7988 EXAMINE_SERP
ACTION SNIPPET 10000 7991 SNIPPET_RELEVANT b'1185321'
ACTION DOC 10000 8011 EXAMINING_DOCUMENT b'1185321'
ACTION SNIPPET 10000 8014 SEEN_PREVIOUSLY b'1170209'
ACTION SNIPPET 10000 8017 SEEN_PREVIOUSLY b'1642208'
ACTION SNIPPET 10000 8020 SEEN_PREVIOUSLY b'1065767'
ACTION SNIPPET 10000 8023 SEEN_PREVIOUSLY b'1064'
ACTION SNIPPET 10000 8026 SEEN_PREVIOUSLY b'1064'
ACTION SNIPPET 10000 8029 SEEN_PREVIOUSLY b'434854'
ACTION SNIPPET 10000 8032 SEEN_PREVIOUSLY b'1842415'
ACTION SNIPPET 10000 8035 SEEN_PREVIOUSLY b'598148'
ACTION QUERY 10000 8045 college education advantage ago
ACTION SERP 10000 8050 EXAMINE_SERP
ACTION SNIPPET 10000 8053 SEEN_PREVIOUSLY b'1707549'
ACTION SNIPPET 10000 8056 SEEN_PREVIOUSLY b'1790828'
ACTION SNIPPET 10000 8059 SEEN_PREVIOUSLY b'77858'
ACTION SNIPPET 10000 8062 SEEN_PREVIOUSLY b'1519827'
ACTION SNIPPET 10000 8065 SEEN_PREVIOUSLY b'845002'
ACTION SNIPPET 10000 8068 SEEN_PREVIOUSLY b'1828580'
ACTION SNIPPET 10000 8071 SEEN_PREVIOUSLY b'33511'
ACTION SNIPPET 10000 8074 SEEN_PREVIOUSLY b'1642208'
ACTION SNIPPET 10000 8077 SEEN_PREVIOUSLY b'1064'
ACTION SNIPPET 10000 8080 SEEN_PREVIOUSLY b'1064'
ACTION SNIPPET 10000 8083 SEEN_PREVIOUSLY b'272993'
ACTION SNIPPET 10000 8086 SEEN_PREVIOUSLY b'1739514'
ACTION SNIPPET 10000 8089 SNIPPET_RELEVANT b'855668'
ACTION DOC 10000 8109 EXAMINING_DOCUMENT b'855668'
ACTION QUERY 10000 8119 college education advantage considered
ACTION SERP 10000 8124 EXAMINE_SERP
ACTION SNIPPET 10000 8127 SEEN_PREVIOUSLY b'1185321'
ACTION SNIPPET 10000 8130 SEEN_PREVIOUSLY b'1642208'
ACTION SNIPPET 10000 8133 SNIPPET_RELEVANT b'227317'
ACTION DOC 10000 8153 EXAMINING_DOCUMENT b'227317'
ACTION SNIPPET 10000 8156 SEEN_PREVIOUSLY b'140339'
ACTION SNIPPET 10000 8159 SEEN_PREVIOUSLY b'148455'
ACTION SNIPPET 10000 8162 SEEN_PREVIOUSLY b'247974'
ACTION SNIPPET 10000 8165 SEEN_PREVIOUSLY b'1790828'
ACTION SNIPPET 10000 8168 SEEN_PREVIOUSLY b'1715700'
ACTION SNIPPET 10000 8171 SEEN_PREVIOUSLY b'77858'
ACTION QUERY 10000 8181 college education advantage slowed
ACTION SERP 10000 8186 EXAMINE_SERP
ACTION SNIPPET 10000 8189 SEEN_PREVIOUSLY b'77858'
ACTION SNIPPET 10000 8192 SEEN_PREVIOUSLY b'62263'
ACTION SNIPPET 10000 8195 SEEN_PREVIOUSLY b'845002'
ACTION SNIPPET 10000 8198 SEEN_PREVIOUSLY b'1642208'
ACTION SNIPPET 10000 8201 SEEN_PREVIOUSLY b'1707549'
ACTION SNIPPET 10000 8204 SEEN_PREVIOUSLY b'1739514'
ACTION SNIPPET 10000 8207 SNIPPET_NOT_RELEVANT b'931085'
ACTION SNIPPET 10000 8210 SEEN_PREVIOUSLY b'247974'
ACTION SNIPPET 10000 8213 SEEN_PREVIOUSLY b'1065767'
ACTION SNIPPET 10000 8216 SNIPPET_RELEVANT b'765380'
ACTION DOC 10000 8236 EXAMINING_DOCUMENT b'765380'
ACTION QUERY 10000 8246 college education advantage soon
ACTION SERP 10000 8251 EXAMINE_SERP
ACTION SNIPPET 10000 8254 SEEN_PREVIOUSLY b'1642208'
ACTION SNIPPET 10000 8257 SEEN_PREVIOUSLY b'77858'
ACTION SNIPPET 10000 8260 SEEN_PREVIOUSLY b'966469'
ACTION SNIPPET 10000 8263 SEEN_PREVIOUSLY b'1272644'
ACTION SNIPPET 10000 8266 SEEN_PREVIOUSLY b'479411'
ACTION SNIPPET 10000 8269 SEEN_PREVIOUSLY b'190484'
ACTION SNIPPET 10000 8272 SEEN_PREVIOUSLY b'845002'
ACTION SNIPPET 10000 8275 SEEN_PREVIOUSLY b'303160'
ACTION SNIPPET 10000 8278 SNIPPET_NOT_RELEVANT b'834114'
ACTION SNIPPET 10000 8281 SNIPPET_NOT_RELEVANT b'520869'
ACTION SNIPPET 10000 8284 SEEN_PREVIOUSLY b'1641630'
ACTION SNIPPET 10000 8287 SEEN_PREVIOUSLY b'1707549'
ACTION SNIPPET 10000 8290 SEEN_PREVIOUSLY b'1739514'
ACTION SNIPPET 10000 8293 SEEN_PREVIOUSLY b'247974'
ACTION SNIPPET 10000 8296 SNIPPET_RELEVANT b'1323737'
ACTION DOC 10000 8316 EXAMINING_DOCUMENT b'1323737'
ACTION QUERY 10000 8326 college education advantage professional
ACTION SERP 10000 8331 EXAMINE_SERP
ACTION SNIPPET 10000 8334 SEEN_PREVIOUSLY b'1185321'
ACTION SNIPPET 10000 8337 SEEN_PREVIOUSLY b'1642208'
ACTION SNIPPET 10000 8340 SEEN_PREVIOUSLY b'350105'
ACTION SNIPPET 10000 8343 SNIPPET_NOT_RELEVANT b'752679'
ACTION SNIPPET 10000 8346 SEEN_PREVIOUSLY b'722023'
ACTION SNIPPET 10000 8349 SEEN_PREVIOUSLY b'430740'
ACTION SNIPPET 10000 8352 SEEN_PREVIOUSLY b'954627'
ACTION SNIPPET 10000 8355 SNIPPET_NOT_RELEVANT b'1178316'
ACTION SNIPPET 10000 8358 SEEN_PREVIOUSLY b'129802'
ACTION SNIPPET 10000 8361 SNIPPET_NOT_RELEVANT b'1062'
ACTION SNIPPET 10000 8364 SNIPPET_RELEVANT b'1062'
ACTION DOC 10000 8384 EXAMINING_DOCUMENT b'1062'
ACTION QUERY 10000 8394 college education advantage point
ACTION SERP 10000 8399 EXAMINE_SERP
ACTION SNIPPET 10000 8402 SEEN_PREVIOUSLY b'845002'
ACTION SNIPPET 10000 8405 SEEN_PREVIOUSLY b'1093014'
ACTION SNIPPET 10000 8408 SEEN_PREVIOUSLY b'1134655'
ACTION SNIPPET 10000 8411 SEEN_PREVIOUSLY b'965812'
ACTION SNIPPET 10000 8414 SEEN_PREVIOUSLY b'62263'
ACTION SNIPPET 10000 8417 SNIPPET_RELEVANT b'1064700'
ACTION DOC 10000 8437 EXAMINING_DOCUMENT b'1064700'
ACTION SNIPPET 10000 8440 SEEN_PREVIOUSLY b'366797'
ACTION SNIPPET 10000 8443 SEEN_PREVIOUSLY b'234465'
ACTION SNIPPET 10000 8446 SEEN_PREVIOUSLY b'77858'
ACTION QUERY 10000 8456 college education advantage big
ACTION SERP 10000 8461 EXAMINE_SERP
ACTION SNIPPET 10000 8464 SEEN_PREVIOUSLY b'1185321'
ACTION SNIPPET 10000 8467 SEEN_PREVIOUSLY b'1461732'
ACTION SNIPPET 10000 8470 SEEN_PREVIOUSLY b'77858'
ACTION SNIPPET 10000 8473 SEEN_PREVIOUSLY b'1375375'
ACTION SNIPPET 10000 8476 SEEN_PREVIOUSLY b'1710084'
ACTION SNIPPET 10000 8479 SEEN_PREVIOUSLY b'350105'
ACTION SNIPPET 10000 8482 SNIPPET_NOT_RELEVANT b'411724'
ACTION SNIPPET 10000 8485 SEEN_PREVIOUSLY b'845002'
ACTION SNIPPET 10000 8488 SEEN_PREVIOUSLY b'1519827'
ACTION SNIPPET 10000 8491 SEEN_PREVIOUSLY b'1642208'
ACTION SNIPPET 10000 8494 SNIPPET_RELEVANT b'1742955'
ACTION DOC 10000 8514 EXAMINING_DOCUMENT b'1742955'
ACTION QUERY 10000 8524 college education advantage primary
ACTION SERP 10000 8529 EXAMINE_SERP
ACTION SNIPPET 10000 8532 SEEN_PREVIOUSLY b'1093014'
ACTION SNIPPET 10000 8535 SNIPPET_NOT_RELEVANT b'357269'
ACTION SNIPPET 10000 8538 SNIPPET_NOT_RELEVANT b'898'
ACTION SNIPPET 10000 8541 SNIPPET_RELEVANT b'898'
ACTION DOC 10000 8561 EXAMINING_DOCUMENT b'898'
ACTION SNIPPET 10000 8564 SEEN_PREVIOUSLY b'396194'
ACTION SNIPPET 10000 8567 SNIPPET_NOT_RELEVANT b'312684'
ACTION SNIPPET 10000 8570 SEEN_PREVIOUSLY b'887651'
ACTION SNIPPET 10000 8573 SNIPPET_RELEVANT b'402086'
ACTION DOC 10000 8593 EXAMINING_DOCUMENT b'402086'
ACTION QUERY 10000 8603 college education advantage school
ACTION SERP 10000 8608 EXAMINE_SERP
ACTION SNIPPET 10000 8611 SEEN_PREVIOUSLY b'1707549'
ACTION SNIPPET 10000 8614 SEEN_PREVIOUSLY b'434854'
ACTION SNIPPET 10000 8617 SEEN_PREVIOUSLY b'845002'
ACTION SNIPPET 10000 8620 SEEN_PREVIOUSLY b'1642208'
ACTION SNIPPET 10000 8623 SEEN_PREVIOUSLY b'247974'
ACTION SNIPPET 10000 8626 SEEN_PREVIOUSLY b'1790828'
ACTION SNIPPET 10000 8629 SEEN_PREVIOUSLY b'1172524'
ACTION SNIPPET 10000 8632 SEEN_PREVIOUSLY b'366797'
ACTION SNIPPET 10000 8635 SEEN_PREVIOUSLY b'1732323'
ACTION SNIPPET 10000 8638 SEEN_PREVIOUSLY b'804673'
ACTION SNIPPET 10000 8641 SEEN_PREVIOUSLY b'804954'
ACTION SNIPPET 10000 8644 SEEN_PREVIOUSLY b'1710084'
ACTION SNIPPET 10000 8647 SEEN_PREVIOUSLY b'1576073'
ACTION SNIPPET 10000 8650 SEEN_PREVIOUSLY b'62263'
ACTION SNIPPET 10000 8653 SEEN_PREVIOUSLY b'140339'
ACTION QUERY 10000 8663 college education advantage excellent
ACTION SERP 10000 8668 EXAMINE_SERP
ACTION SNIPPET 10000 8671 SEEN_PREVIOUSLY b'434854'
ACTION SNIPPET 10000 8674 SEEN_PREVIOUSLY b'1707549'
ACTION SNIPPET 10000 8677 SEEN_PREVIOUSLY b'350105'
ACTION SNIPPET 10000 8680 SEEN_PREVIOUSLY b'456189'
ACTION SNIPPET 10000 8683 SEEN_PREVIOUSLY b'247974'
ACTION SNIPPET 10000 8686 SNIPPET_RELEVANT b'1738934'
ACTION DOC 10000 8706 EXAMINING_DOCUMENT b'1738934'
ACTION SNIPPET 10000 8709 SNIPPET_RELEVANT b'331921'
ACTION DOC 10000 8729 EXAMINING_DOCUMENT b'331921'
ACTION QUERY 10000 8739 college education advantage degrees
ACTION SERP 10000 8744 EXAMINE_SERP
ACTION SNIPPET 10000 8747 SEEN_PREVIOUSLY b'247974'
ACTION SNIPPET 10000 8750 SEEN_PREVIOUSLY b'1706607'
ACTION SNIPPET 10000 8753 SEEN_PREVIOUSLY b'1019664'
ACTION SNIPPET 10000 8756 SEEN_PREVIOUSLY b'1361566'
ACTION SNIPPET 10000 8759 SEEN_PREVIOUSLY b'954627'
ACTION SNIPPET 10000 8762 SEEN_PREVIOUSLY b'447862'
ACTION SNIPPET 10000 8765 SEEN_PREVIOUSLY b'1641630'
ACTION SNIPPET 10000 8768 SEEN_PREVIOUSLY b'1205941'
ACTION SNIPPET 10000 8771 SEEN_PREVIOUSLY b'1601776'
ACTION SNIPPET 10000 8774 SEEN_PREVIOUSLY b'1375375'
ACTION SNIPPET 10000 8777 SEEN_PREVIOUSLY b'350105'
ACTION SNIPPET 10000 8780 SEEN_PREVIOUSLY b'1828580'
ACTION SNIPPET 10000 8783 SEEN_PREVIOUSLY b'852976'
ACTION SNIPPET 10000 8786 SEEN_PREVIOUSLY b'722023'
ACTION SNIPPET 10000 8789 SEEN_PREVIOUSLY b'1028368'
ACTION QUERY 10000 8799 college education advantage seen
ACTION SERP 10000 8804 EXAMINE_SERP
ACTION SNIPPET 10000 8807 SEEN_PREVIOUSLY b'366797'
ACTION SNIPPET 10000 8810 SEEN_PREVIOUSLY b'1172524'
ACTION SNIPPET 10000 8813 SEEN_PREVIOUSLY b'430740'
ACTION SNIPPET 10000 8816 SEEN_PREVIOUSLY b'247974'
ACTION SNIPPET 10000 8819 SEEN_PREVIOUSLY b'77858'
ACTION SNIPPET 10000 8822 SNIPPET_RELEVANT b'927602'
ACTION DOC 10000 8842 EXAMINING_DOCUMENT b'927602'
ACTION SNIPPET 10000 8845 SEEN_PREVIOUSLY b'845002'
ACTION SNIPPET 10000 8848 SEEN_PREVIOUSLY b'1389120'
ACTION SNIPPET 10000 8851 SNIPPET_RELEVANT b'383423'
ACTION DOC 10000 8871 EXAMINING_DOCUMENT b'383423'
ACTION QUERY 10000 8881 college education advantage instituted
ACTION SERP 10000 8886 EXAMINE_SERP
ACTION SNIPPET 10000 8889 SEEN_PREVIOUSLY b'1739514'
ACTION SNIPPET 10000 8892 SEEN_PREVIOUSLY b'247974'
ACTION SNIPPET 10000 8895 SEEN_PREVIOUSLY b'33511'
ACTION SNIPPET 10000 8898 SEEN_PREVIOUSLY b'943882'
ACTION SNIPPET 10000 8901 SEEN_PREVIOUSLY b'1019664'
ACTION SNIPPET 10000 8904 SEEN_PREVIOUSLY b'911354'
ACTION SNIPPET 10000 8907 SEEN_PREVIOUSLY b'1438356'
ACTION SNIPPET 10000 8910 SEEN_PREVIOUSLY b'487210'
ACTION SNIPPET 10000 8913 SEEN_PREVIOUSLY b'1576073'
ACTION SNIPPET 10000 8916 SNIPPET_RELEVANT b'126912'
ACTION DOC 10000 8936 EXAMINING_DOCUMENT b'126912'
ACTION QUERY 10000 8946 college education advantage president
ACTION SERP 10000 8951 EXAMINE_SERP
ACTION SNIPPET 10000 8954 SEEN_PREVIOUSLY b'77858'
ACTION SNIPPET 10000 8957 SEEN_PREVIOUSLY b'1170209'
ACTION SNIPPET 10000 8960 SEEN_PREVIOUSLY b'247974'
ACTION SNIPPET 10000 8963 SEEN_PREVIOUSLY b'1707549'
ACTION SNIPPET 10000 8966 SEEN_PREVIOUSLY b'434854'
ACTION SNIPPET 10000 8969 SEEN_PREVIOUSLY b'1519827'
ACTION SNIPPET 10000 8972 SEEN_PREVIOUSLY b'430740'
ACTION SNIPPET 10000 8975 SEEN_PREVIOUSLY b'140339'
ACTION SNIPPET 10000 8978 SEEN_PREVIOUSLY b'366797'
ACTION SNIPPET 10000 8981 SEEN_PREVIOUSLY b'1576073'
ACTION SNIPPET 10000 8984 SEEN_PREVIOUSLY b'911354'
ACTION SNIPPET 10000 8987 SEEN_PREVIOUSLY b'845002'
ACTION SNIPPET 10000 8990 SEEN_PREVIOUSLY b'1577987'
ACTION SNIPPET 10000 8993 SEEN_PREVIOUSLY b'1790828'
ACTION SNIPPET 10000 8996 SEEN_PREVIOUSLY b'954627'
ACTION QUERY 10000 9006 college education advantage being
ACTION SERP 10000 9011 EXAMINE_SERP
ACTION SNIPPET 10000 9014 SEEN_PREVIOUSLY b'845002'
ACTION SNIPPET 10000 9017 SEEN_PREVIOUSLY b'247974'
ACTION SNIPPET 10000 9020 SEEN_PREVIOUSLY b'77858'
ACTION SNIPPET 10000 9023 SEEN_PREVIOUSLY b'1790828'
ACTION SNIPPET 10000 9026 SEEN_PREVIOUSLY b'366797'
ACTION SNIPPET 10000 9029 SEEN_PREVIOUSLY b'804673'
ACTION SNIPPET 10000 9032 SEEN_PREVIOUSLY b'804954'
ACTION SNIPPET 10000 9035 SEEN_PREVIOUSLY b'1438356'
ACTION SNIPPET 10000 9038 SEEN_PREVIOUSLY b'430740'
ACTION SNIPPET 10000 9041 SEEN_PREVIOUSLY b'954627'
ACTION SNIPPET 10000 9044 SEEN_PREVIOUSLY b'1842415'
ACTION SNIPPET 10000 9047 SEEN_PREVIOUSLY b'852976'
ACTION SNIPPET 10000 9050 SEEN_PREVIOUSLY b'911354'
ACTION SNIPPET 10000 9053 SEEN_PREVIOUSLY b'1064'
ACTION SNIPPET 10000 9056 SEEN_PREVIOUSLY b'1064'
ACTION QUERY 10000 9066 college education advantage may
ACTION SERP 10000 9071 EXAMINE_SERP
ACTION SNIPPET 10000 9074 SEEN_PREVIOUSLY b'1019664'
ACTION SNIPPET 10000 9077 SEEN_PREVIOUSLY b'1642208'
ACTION SNIPPET 10000 9080 SEEN_PREVIOUSLY b'247974'
ACTION SNIPPET 10000 9083 SEEN_PREVIOUSLY b'77858'
ACTION SNIPPET 10000 9086 SEEN_PREVIOUSLY b'1790828'
ACTION SNIPPET 10000 9089 SEEN_PREVIOUSLY b'430740'
ACTION SNIPPET 10000 9092 SEEN_PREVIOUSLY b'845002'
ACTION SNIPPET 10000 9095 SEEN_PREVIOUSLY b'804673'
ACTION SNIPPET 10000 9098 SEEN_PREVIOUSLY b'804954'
ACTION SNIPPET 10000 9101 SEEN_PREVIOUSLY b'852976'
ACTION SNIPPET 10000 9104 SEEN_PREVIOUSLY b'1732323'
ACTION SNIPPET 10000 9107 SEEN_PREVIOUSLY b'1576073'
ACTION SNIPPET 10000 9110 SEEN_PREVIOUSLY b'722023'
ACTION SNIPPET 10000 9113 SEEN_PREVIOUSLY b'33511'
ACTION SNIPPET 10000 9116 SEEN_PREVIOUSLY b'1707549'
ACTION QUERY 10000 9126 college education advantage vote
ACTION SERP 10000 9131 EXAMINE_SERP
ACTION SNIPPET 10000 9134 SEEN_PREVIOUSLY b'148455'
ACTION SNIPPET 10000 9137 SEEN_PREVIOUSLY b'1027237'
ACTION SNIPPET 10000 9140 SEEN_PREVIOUSLY b'855668'
ACTION SNIPPET 10000 9143 SNIPPET_NOT_RELEVANT b'547158'
ACTION SNIPPET 10000 9146 SEEN_PREVIOUSLY b'190484'
ACTION SNIPPET 10000 9149 SNIPPET_NOT_RELEVANT b'1259006'
ACTION SNIPPET 10000 9152 SNIPPET_RELEVANT b'967477'
ACTION DOC 10000 9172 EXAMINING_DOCUMENT b'967477'
ACTION SNIPPET 10000 9175 SNIPPET_NOT_RELEVANT b'1589559'
ACTION SNIPPET 10000 9178 SEEN_PREVIOUSLY b'77858'
ACTION QUERY 10000 9188 college education advantage bill
ACTION SERP 10000 9193 EXAMINE_SERP
ACTION SNIPPET 10000 9196 SEEN_PREVIOUSLY b'1642208'
ACTION SNIPPET 10000 9199 SEEN_PREVIOUSLY b'954708'
ACTION SNIPPET 10000 9202 SEEN_PREVIOUSLY b'1027237'
ACTION SNIPPET 10000 9205 SEEN_PREVIOUSLY b'1709158'
ACTION SNIPPET 10000 9208 SEEN_PREVIOUSLY b'33511'
ACTION SNIPPET 10000 9211 SEEN_PREVIOUSLY b'560072'
ACTION SNIPPET 10000 9214 SEEN_PREVIOUSLY b'413718'
ACTION SNIPPET 10000 9217 SNIPPET_RELEVANT b'265305'
ACTION DOC 10000 9237 EXAMINING_DOCUMENT b'265305'
ACTION SNIPPET 10000 9240 SNIPPET_NOT_RELEVANT b'834114'
ACTION QUERY 10000 9250 college education advantage bid
ACTION SERP 10000 9255 EXAMINE_SERP
ACTION SNIPPET 10000 9258 SEEN_PREVIOUSLY b'1323737'
ACTION SNIPPET 10000 9261 SNIPPET_RELEVANT b'240801'
ACTION DOC 10000 9281 EXAMINING_DOCUMENT b'240801'
ACTION SNIPPET 10000 9284 SEEN_PREVIOUSLY b'77858'
ACTION SNIPPET 10000 9287 SEEN_PREVIOUSLY b'845002'
ACTION SNIPPET 10000 9290 SNIPPET_NOT_RELEVANT b'820797'
ACTION SNIPPET 10000 9293 SNIPPET_NOT_RELEVANT b'831824'
ACTION SNIPPET 10000 9296 SNIPPET_NOT_RELEVANT b'1847978'
ACTION SNIPPET 10000 9299 SEEN_PREVIOUSLY b'1642208'
ACTION SNIPPET 10000 9302 SNIPPET_NOT_RELEVANT b'1556490'
ACTION QUERY 10000 9312 college education advantage workplace
ACTION SERP 10000 9317 EXAMINE_SERP
ACTION SNIPPET 10000 9320 SNIPPET_NOT_RELEVANT b'660880'
ACTION SNIPPET 10000 9323 SNIPPET_RELEVANT b'1251781'
ACTION DOC 10000 9343 EXAMINING_DOCUMENT b'1251781'
ACTION SNIPPET 10000 9346 SNIPPET_RELEVANT b'669965'
ACTION DOC 10000 9366 EXAMINING_DOCUMENT b'669965'
ACTION QUERY 10000 9376 college education advantage avoid
ACTION SERP 10000 9381 EXAMINE_SERP
ACTION SNIPPET 10000 9384 SEEN_PREVIOUSLY b'1739514'
ACTION SNIPPET 10000 9387 SEEN_PREVIOUSLY b'1065767'
ACTION SNIPPET 10000 9390 SEEN_PREVIOUSLY b'168948'
ACTION SNIPPET 10000 9393 SEEN_PREVIOUSLY b'77858'
ACTION SNIPPET 10000 9396 SEEN_PREVIOUSLY b'402086'
ACTION SNIPPET 10000 9399 SEEN_PREVIOUSLY b'845002'
ACTION SNIPPET 10000 9402 SEEN_PREVIOUSLY b'1641630'
ACTION SNIPPET 10000 9405 SEEN_PREVIOUSLY b'1642208'
ACTION SNIPPET 10000 9408 SEEN_PREVIOUSLY b'1753532'
ACTION SNIPPET 10000 9411 SNIPPET_RELEVANT b'1679257'
ACTION DOC 10000 9431 EXAMINING_DOCUMENT b'1679257'
ACTION QUERY 10000 9441 college education advantage receive
ACTION SERP 10000 9446 EXAMINE_SERP
ACTION SNIPPET 10000 9449 SEEN_PREVIOUSLY b'1185321'
ACTION SNIPPET 10000 9452 SEEN_PREVIOUSLY b'1170209'
ACTION SNIPPET 10000 9455 SEEN_PREVIOUSLY b'1642208'
ACTION SNIPPET 10000 9458 SEEN_PREVIOUSLY b'1065767'
ACTION SNIPPET 10000 9461 SEEN_PREVIOUSLY b'1064'
ACTION SNIPPET 10000 9464 SEEN_PREVIOUSLY b'1064'
ACTION SNIPPET 10000 9467 SEEN_PREVIOUSLY b'434854'
ACTION SNIPPET 10000 9470 SEEN_PREVIOUSLY b'1842415'
ACTION SNIPPET 10000 9473 SEEN_PREVIOUSLY b'598148'
ACTION SNIPPET 10000 9476 SEEN_PREVIOUSLY b'1438356'
ACTION SNIPPET 10000 9479 SNIPPET_RELEVANT b'14324'
ACTION DOC 10000 9499 EXAMINING_DOCUMENT b'14324'
ACTION QUERY 10000 9509 college education advantage united
ACTION SERP 10000 9514 EXAMINE_SERP
ACTION SNIPPET 10000 9517 SEEN_PREVIOUSLY b'247974'
ACTION SNIPPET 10000 9520 SEEN_PREVIOUSLY b'77858'
ACTION SNIPPET 10000 9523 SEEN_PREVIOUSLY b'845002'
ACTION SNIPPET 10000 9526 SEEN_PREVIOUSLY b'1842415'
ACTION SNIPPET 10000 9529 SEEN_PREVIOUSLY b'1642208'
ACTION SNIPPET 10000 9532 SEEN_PREVIOUSLY b'1510867'
ACTION SNIPPET 10000 9535 SEEN_PREVIOUSLY b'830299'
ACTION SNIPPET 10000 9538 SEEN_PREVIOUSLY b'140339'
ACTION SNIPPET 10000 9541 SEEN_PREVIOUSLY b'1707549'
ACTION SNIPPET 10000 9544 SEEN_PREVIOUSLY b'1739514'
ACTION SNIPPET 10000 9547 SEEN_PREVIOUSLY b'1065767'
ACTION SNIPPET 10000 9550 SEEN_PREVIOUSLY b'190484'
ACTION SNIPPET 10000 9553 SEEN_PREVIOUSLY b'1235262'
ACTION SNIPPET 10000 9556 SEEN_PREVIOUSLY b'644905'
ACTION SNIPPET 10000 9559 SEEN_PREVIOUSLY b'1019664'
ACTION QUERY 10000 9569 college education advantage common
ACTION SERP 10000 9574 EXAMINE_SERP
ACTION SNIPPET 10000 9577 SEEN_PREVIOUSLY b'227317'
ACTION SNIPPET 10000 9580 SEEN_PREVIOUSLY b'216664'
ACTION SNIPPET 10000 9583 SEEN_PREVIOUSLY b'129802'
ACTION SNIPPET 10000 9586 SEEN_PREVIOUSLY b'247974'
ACTION SNIPPET 10000 9589 SEEN_PREVIOUSLY b'1064'
ACTION SNIPPET 10000 9592 SEEN_PREVIOUSLY b'1064'
ACTION SNIPPET 10000 9595 SEEN_PREVIOUSLY b'153472'
ACTION SNIPPET 10000 9598 SNIPPET_RELEVANT b'1596093'
ACTION DOC 10000 9618 EXAMINING_DOCUMENT b'1596093'
ACTION SNIPPET 10000 9621 SNIPPET_NOT_RELEVANT b'1596087'
ACTION QUERY 10000 9631 college education advantage turning
ACTION SERP 10000 9636 EXAMINE_SERP
ACTION SNIPPET 10000 9639 SEEN_PREVIOUSLY b'1739514'
ACTION SNIPPET 10000 9642 SEEN_PREVIOUSLY b'77858'
ACTION SNIPPET 10000 9645 SEEN_PREVIOUSLY b'430740'
ACTION SNIPPET 10000 9648 SEEN_PREVIOUSLY b'447862'
ACTION SNIPPET 10000 9651 SEEN_PREVIOUSLY b'1790828'
ACTION SNIPPET 10000 9654 SEEN_PREVIOUSLY b'1842415'
ACTION SNIPPET 10000 9657 SEEN_PREVIOUSLY b'1064'
ACTION SNIPPET 10000 9660 SEEN_PREVIOUSLY b'1064'
ACTION SNIPPET 10000 9663 SEEN_PREVIOUSLY b'1510867'
ACTION SNIPPET 10000 9666 SEEN_PREVIOUSLY b'845002'
ACTION SNIPPET 10000 9669 SEEN_PREVIOUSLY b'1576073'
ACTION SNIPPET 10000 9672 SEEN_PREVIOUSLY b'1205941'
ACTION SNIPPET 10000 9675 SEEN_PREVIOUSLY b'140339'
ACTION SNIPPET 10000 9678 SEEN_PREVIOUSLY b'62263'
ACTION SNIPPET 10000 9681 SEEN_PREVIOUSLY b'1710084'
ACTION QUERY 10000 9691 college education advantage kids
ACTION SERP 10000 9696 EXAMINE_SERP
ACTION SNIPPET 10000 9699 SEEN_PREVIOUSLY b'1707549'
ACTION SNIPPET 10000 9702 SEEN_PREVIOUSLY b'1576073'
ACTION SNIPPET 10000 9705 SEEN_PREVIOUSLY b'1738934'
ACTION SNIPPET 10000 9708 SNIPPET_RELEVANT b'1590615'
ACTION DOC 10000 9728 EXAMINING_DOCUMENT b'1590615'
ACTION SNIPPET 10000 9731 SNIPPET_RELEVANT b'420138'
ACTION DOC 10000 9751 EXAMINING_DOCUMENT b'420138'
ACTION QUERY 10000 9761 college education advantage improved
ACTION SERP 10000 9766 EXAMINE_SERP
ACTION SNIPPET 10000 9769 SEEN_PREVIOUSLY b'247974'
ACTION SNIPPET 10000 9772 SEEN_PREVIOUSLY b'1064700'
ACTION SNIPPET 10000 9775 SNIPPET_NOT_RELEVANT b'668523'
ACTION SNIPPET 10000 9778 SEEN_PREVIOUSLY b'1576073'
ACTION SNIPPET 10000 9781 SEEN_PREVIOUSLY b'227317'
ACTION SNIPPET 10000 9784 SEEN_PREVIOUSLY b'1148604'
ACTION SNIPPET 10000 9787 SEEN_PREVIOUSLY b'943882'
ACTION SNIPPET 10000 9790 SEEN_PREVIOUSLY b'723166'
ACTION SNIPPET 10000 9793 SEEN_PREVIOUSLY b'190484'
ACTION SNIPPET 10000 9796 SEEN_PREVIOUSLY b'1104849'
ACTION SNIPPET 10000 9799 SEEN_PREVIOUSLY b'964190'
ACTION SNIPPET 10000 9802 SEEN_PREVIOUSLY b'1062'
ACTION SNIPPET 10000 9805 SEEN_PREVIOUSLY b'1062'
ACTION SNIPPET 10000 9808 SEEN_PREVIOUSLY b'129802'
ACTION SNIPPET 10000 9811 SNIPPET_NOT_RELEVANT b'1076755'
ACTION QUERY 10000 9821 college education advantage population
ACTION SERP 10000 9826 EXAMINE_SERP
ACTION SNIPPET 10000 9829 SNIPPET_NOT_RELEVANT b'557804'
ACTION SNIPPET 10000 9832 SEEN_PREVIOUSLY b'247974'
ACTION SNIPPET 10000 9835 SEEN_PREVIOUSLY b'1459149'
ACTION SNIPPET 10000 9838 SEEN_PREVIOUSLY b'1172524'
ACTION SNIPPET 10000 9841 SEEN_PREVIOUSLY b'1790828'
ACTION SNIPPET 10000 9844 SEEN_PREVIOUSLY b'1576073'
ACTION SNIPPET 10000 9847 SEEN_PREVIOUSLY b'1738934'
ACTION SNIPPET 10000 9850 SNIPPET_NOT_RELEVANT b'547158'
ACTION SNIPPET 10000 9853 SNIPPET_RELEVANT b'433551'
ACTION DOC 10000 9873 EXAMINING_DOCUMENT b'433551'
ACTION QUERY 10000 9883 college education advantage growing
ACTION SERP 10000 9888 EXAMINE_SERP
ACTION SNIPPET 10000 9891 SEEN_PREVIOUSLY b'1707549'
ACTION SNIPPET 10000 9894 SEEN_PREVIOUSLY b'1065767'
ACTION SNIPPET 10000 9897 SEEN_PREVIOUSLY b'1615061'
ACTION SNIPPET 10000 9900 SEEN_PREVIOUSLY b'247974'
ACTION SNIPPET 10000 9903 SEEN_PREVIOUSLY b'1205941'
ACTION SNIPPET 10000 9906 SEEN_PREVIOUSLY b'350105'
ACTION SNIPPET 10000 9909 SEEN_PREVIOUSLY b'1753532'
ACTION SNIPPET 10000 9912 SEEN_PREVIOUSLY b'77858'
ACTION SNIPPET 10000 9915 SNIPPET_NOT_RELEVANT b'961022'
ACTION SNIPPET 10000 9918 SEEN_PREVIOUSLY b'911354'
ACTION SNIPPET 10000 9921 SEEN_PREVIOUSLY b'62263'
ACTION SNIPPET 10000 9924 SEEN_PREVIOUSLY b'1576073'
ACTION SNIPPET 10000 9927 SEEN_PREVIOUSLY b'1148604'
ACTION SNIPPET 10000 9930 SEEN_PREVIOUSLY b'456189'
ACTION SNIPPET 10000 9933 SEEN_PREVIOUSLY b'1041140'
ACTION QUERY 10000 9943 college education advantage way
ACTION SERP 10000 9948 EXAMINE_SERP
ACTION SNIPPET 10000 9951 SEEN_PREVIOUSLY b'845002'
ACTION SNIPPET 10000 9954 SEEN_PREVIOUSLY b'1235262'
ACTION SNIPPET 10000 9957 SEEN_PREVIOUSLY b'77858'
ACTION SNIPPET 10000 9960 SEEN_PREVIOUSLY b'1170209'
ACTION SNIPPET 10000 9963 SEEN_PREVIOUSLY b'1185321'
ACTION SNIPPET 10000 9966 SEEN_PREVIOUSLY b'1065767'
ACTION SNIPPET 10000 9969 SEEN_PREVIOUSLY b'1707549'
ACTION SNIPPET 10000 9972 SEEN_PREVIOUSLY b'1576073'
ACTION SNIPPET 10000 9975 SEEN_PREVIOUSLY b'430740'
ACTION SNIPPET 10000 9978 SEEN_PREVIOUSLY b'1790828'
ACTION SNIPPET 10000 9981 SEEN_PREVIOUSLY b'1642208'
ACTION SNIPPET 10000 9984 SEEN_PREVIOUSLY b'1519827'
ACTION SNIPPET 10000 9987 SEEN_PREVIOUSLY b'1842415'
ACTION SNIPPET 10000 9990 SEEN_PREVIOUSLY b'148455'
ACTION SNIPPET 10000 9993 SEEN_PREVIOUSLY b'1739514'
ACTION QUERY 10000 10003 college education advantage increasing
INFO SUMMARY 
INFO TOTAL_QUERIES_ISSUED 141
INFO TOTAL_SNIPPETS_EXAMINED 1298
INFO TOTAL_DOCUMENTS_EXAMINED 198
INFO TOTAL_DOCUMENTS_MARKED_RELEVANT 13
INFO TOTAL_ATTRACTIVE_SERP_IMPRESSIONS 140
INFO TOTAL_UNATTRACTIVE_SERP_IMPRESSIONS 0
