ACTION QUERY 10000 10 flavr savr tomato
ACTION SERP 10000 15 EXAMINE_SERP
ACTION SNIPPET 10000 18 SNIPPET_RELEVANT b'688224'
ACTION DOC 10000 38 EXAMINING_DOCUMENT b'688224'
ACTION MARK 10000 41 CONSIDERED_RELEVANT b'688224'
ACTION SNIPPET 10000 44 SNIPPET_RELEVANT b'689070'
ACTION DOC 10000 64 EXAMINING_DOCUMENT b'689070'
ACTION MARK 10000 67 CONSIDERED_RELEVANT b'689070'
ACTION SNIPPET 10000 70 SNIPPET_RELEVANT b'542584'
ACTION DOC 10000 90 EXAMINING_DOCUMENT b'542584'
ACTION MARK 10000 93 CONSIDERED_RELEVANT b'542584'
ACTION SNIPPET 10000 96 SNIPPET_RELEVANT b'827299'
ACTION DOC 10000 116 EXAMINING_DOCUMENT b'827299'
ACTION MARK 10000 119 CONSIDERED_RELEVANT b'827299'
ACTION SNIPPET 10000 122 SNIPPET_RELEVANT b'688180'
ACTION DOC 10000 142 EXAMINING_DOCUMENT b'688180'
ACTION MARK 10000 145 CONSIDERED_RELEVANT b'688180'
ACTION SNIPPET 10000 148 SNIPPET_RELEVANT b'688200'
ACTION DOC 10000 168 EXAMINING_DOCUMENT b'688200'
ACTION MARK 10000 171 CONSIDERED_RELEVANT b'688200'
ACTION SNIPPET 10000 174 SNIPPET_RELEVANT b'679258'
ACTION DOC 10000 194 EXAMINING_DOCUMENT b'679258'
ACTION MARK 10000 197 CONSIDERED_RELEVANT b'679258'
ACTION SNIPPET 10000 200 SNIPPET_RELEVANT b'581098'
ACTION DOC 10000 220 EXAMINING_DOCUMENT b'581098'
ACTION MARK 10000 223 CONSIDERED_RELEVANT b'581098'
ACTION SNIPPET 10000 226 SNIPPET_NOT_RELEVANT b'738589'
ACTION SNIPPET 10000 229 SNIPPET_RELEVANT b'582354'
ACTION DOC 10000 249 EXAMINING_DOCUMENT b'582354'
ACTION MARK 10000 252 CONSIDERED_RELEVANT b'582354'
INFO OUT_OF_QUERIES 
INFO SUMMARY 
INFO TOTAL_QUERIES_ISSUED 1
INFO TOTAL_SNIPPETS_EXAMINED 10
INFO TOTAL_DOCUMENTS_EXAMINED 9
INFO TOTAL_DOCUMENTS_MARKED_RELEVANT 9
INFO TOTAL_ATTRACTIVE_SERP_IMPRESSIONS 1
INFO TOTAL_UNATTRACTIVE_SERP_IMPRESSIONS 0
