ACTION QUERY 10000 10 women in parliaments
ACTION SERP 10000 15 EXAMINE_SERP
ACTION SNIPPET 10000 18 SNIPPET_RELEVANT b'278069'
ACTION DOC 10000 38 EXAMINING_DOCUMENT b'278069'
ACTION MARK 10000 41 CONSIDERED_RELEVANT b'278069'
ACTION SNIPPET 10000 44 SNIPPET_NOT_RELEVANT b'1612526'
ACTION SNIPPET 10000 47 SNIPPET_NOT_RELEVANT b'1419003'
ACTION SNIPPET 10000 50 SNIPPET_RELEVANT b'1669821'
ACTION DOC 10000 70 EXAMINING_DOCUMENT b'1669821'
ACTION MARK 10000 73 CONSIDERED_RELEVANT b'1669821'
ACTION SNIPPET 10000 76 SNIPPET_RELEVANT b'1708799'
ACTION DOC 10000 96 EXAMINING_DOCUMENT b'1708799'
ACTION MARK 10000 99 CONSIDERED_RELEVANT b'1708799'
ACTION SNIPPET 10000 102 SNIPPET_RELEVANT b'885618'
ACTION DOC 10000 122 EXAMINING_DOCUMENT b'885618'
ACTION MARK 10000 125 CONSIDERED_RELEVANT b'885618'
ACTION SNIPPET 10000 128 SNIPPET_RELEVANT b'784875'
ACTION DOC 10000 148 EXAMINING_DOCUMENT b'784875'
ACTION MARK 10000 151 CONSIDERED_RELEVANT b'784875'
ACTION SNIPPET 10000 154 SNIPPET_RELEVANT b'714723'
ACTION DOC 10000 174 EXAMINING_DOCUMENT b'714723'
ACTION MARK 10000 177 CONSIDERED_RELEVANT b'714723'
ACTION SNIPPET 10000 180 SNIPPET_RELEVANT b'1120966'
ACTION DOC 10000 200 EXAMINING_DOCUMENT b'1120966'
ACTION MARK 10000 203 CONSIDERED_RELEVANT b'1120966'
ACTION SNIPPET 10000 206 SNIPPET_NOT_RELEVANT b'343331'
INFO OUT_OF_QUERIES 
INFO SUMMARY 
INFO TOTAL_QUERIES_ISSUED 1
INFO TOTAL_SNIPPETS_EXAMINED 10
INFO TOTAL_DOCUMENTS_EXAMINED 7
INFO TOTAL_DOCUMENTS_MARKED_RELEVANT 7
INFO TOTAL_ATTRACTIVE_SERP_IMPRESSIONS 1
INFO TOTAL_UNATTRACTIVE_SERP_IMPRESSIONS 0
