ACTION QUERY 10000 10 women in parliaments
ACTION SERP 10000 15 EXAMINE_SERP
ACTION SNIPPET 10000 18 SNIPPET_RELEVANT b'278069'
ACTION DOC 10000 38 EXAMINING_DOCUMENT b'278069'
ACTION MARK 10000 41 CONSIDERED_RELEVANT b'278069'
ACTION SNIPPET 10000 44 SNIPPET_NOT_RELEVANT b'1612526'
ACTION SNIPPET 10000 47 SNIPPET_RELEVANT b'1419003'
ACTION DOC 10000 67 EXAMINING_DOCUMENT b'1419003'
ACTION SNIPPET 10000 70 SNIPPET_RELEVANT b'1669821'
ACTION DOC 10000 90 EXAMINING_DOCUMENT b'1669821'
ACTION MARK 10000 93 CONSIDERED_RELEVANT b'1669821'
ACTION SNIPPET 10000 96 SNIPPET_RELEVANT b'1708799'
ACTION DOC 10000 116 EXAMINING_DOCUMENT b'1708799'
ACTION MARK 10000 119 CONSIDERED_RELEVANT b'1708799'
ACTION SNIPPET 10000 122 SNIPPET_RELEVANT b'885618'
ACTION DOC 10000 142 EXAMINING_DOCUMENT b'885618'
ACTION MARK 10000 145 CONSIDERED_RELEVANT b'885618'
ACTION SNIPPET 10000 148 SNIPPET_RELEVANT b'784875'
ACTION DOC 10000 168 EXAMINING_DOCUMENT b'784875'
ACTION MARK 10000 171 CONSIDERED_RELEVANT b'784875'
ACTION SNIPPET 10000 174 SNIPPET_RELEVANT b'714723'
ACTION DOC 10000 194 EXAMINING_DOCUMENT b'714723'
ACTION MARK 10000 197 CONSIDERED_RELEVANT b'714723'
ACTION SNIPPET 10000 200 SNIPPET_RELEVANT b'1120966'
ACTION DOC 10000 220 EXAMINING_DOCUMENT b'1120966'
ACTION MARK 10000 223 CONSIDERED_RELEVANT b'1120966'
ACTION SNIPPET 10000 226 SNIPPET_RELEVANT b'343331'
ACTION DOC 10000 246 EXAMINING_DOCUMENT b'343331'
ACTION QUERY 10000 256 women in parliaments relating
ACTION SERP 10000 261 EXAMINE_SERP
ACTION SNIPPET 10000 264 SNIPPET_RELEVANT b'431397'
ACTION DOC 10000 284 EXAMINING_DOCUMENT b'431397'
ACTION MARK 10000 287 CONSIDERED_RELEVANT b'431397'
ACTION SNIPPET 10000 290 SNIPPET_RELEVANT b'573572'
ACTION DOC 10000 310 EXAMINING_DOCUMENT b'573572'
ACTION MARK 10000 313 CONSIDERED_RELEVANT b'573572'
ACTION SNIPPET 10000 316 SNIPPET_RELEVANT b'521171'
ACTION DOC 10000 336 EXAMINING_DOCUMENT b'521171'
ACTION MARK 10000 339 CONSIDERED_RELEVANT b'521171'
ACTION SNIPPET 10000 342 SNIPPET_RELEVANT b'561086'
ACTION DOC 10000 362 EXAMINING_DOCUMENT b'561086'
ACTION MARK 10000 365 CONSIDERED_RELEVANT b'561086'
ACTION SNIPPET 10000 368 SNIPPET_NOT_RELEVANT b'98851'
ACTION SNIPPET 10000 371 SNIPPET_RELEVANT b'1622534'
ACTION DOC 10000 391 EXAMINING_DOCUMENT b'1622534'
ACTION SNIPPET 10000 394 SNIPPET_NOT_RELEVANT b'667733'
ACTION SNIPPET 10000 397 SNIPPET_NOT_RELEVANT b'768904'
ACTION SNIPPET 10000 400 SNIPPET_NOT_RELEVANT b'1611605'
ACTION SNIPPET 10000 403 SNIPPET_NOT_RELEVANT b'1350282'
ACTION QUERY 10000 413 women in parliaments issue
ACTION SERP 10000 418 EXAMINE_SERP
ACTION SNIPPET 10000 421 SEEN_PREVIOUSLY b'1669821'
ACTION SNIPPET 10000 424 SNIPPET_NOT_RELEVANT b'1092681'
ACTION SNIPPET 10000 427 SEEN_PREVIOUSLY b'573572'
ACTION SNIPPET 10000 430 SNIPPET_NOT_RELEVANT b'722210'
ACTION SNIPPET 10000 433 SNIPPET_RELEVANT b'1162537'
ACTION DOC 10000 453 EXAMINING_DOCUMENT b'1162537'
ACTION MARK 10000 456 CONSIDERED_RELEVANT b'1162537'
ACTION SNIPPET 10000 459 SEEN_PREVIOUSLY b'1120966'
ACTION SNIPPET 10000 462 SNIPPET_RELEVANT b'302716'
ACTION DOC 10000 482 EXAMINING_DOCUMENT b'302716'
ACTION MARK 10000 485 CONSIDERED_RELEVANT b'302716'
ACTION SNIPPET 10000 488 SNIPPET_RELEVANT b'667733'
ACTION DOC 10000 508 EXAMINING_DOCUMENT b'667733'
ACTION SNIPPET 10000 511 SNIPPET_RELEVANT b'573133'
ACTION DOC 10000 531 EXAMINING_DOCUMENT b'573133'
ACTION SNIPPET 10000 534 SNIPPET_RELEVANT b'1116367'
ACTION DOC 10000 554 EXAMINING_DOCUMENT b'1116367'
ACTION MARK 10000 557 CONSIDERED_RELEVANT b'1116367'
ACTION QUERY 10000 567 women in parliaments sexes
ACTION SERP 10000 572 EXAMINE_SERP
ACTION SNIPPET 10000 575 SNIPPET_NOT_RELEVANT b'1721715'
ACTION SNIPPET 10000 578 SNIPPET_RELEVANT b'1611605'
ACTION DOC 10000 598 EXAMINING_DOCUMENT b'1611605'
ACTION SNIPPET 10000 601 SNIPPET_NOT_RELEVANT b'708534'
ACTION SNIPPET 10000 604 SNIPPET_RELEVANT b'1835982'
ACTION DOC 10000 624 EXAMINING_DOCUMENT b'1835982'
ACTION SNIPPET 10000 627 SNIPPET_NOT_RELEVANT b'627280'
ACTION SNIPPET 10000 630 SNIPPET_NOT_RELEVANT b'1021525'
ACTION SNIPPET 10000 633 SNIPPET_NOT_RELEVANT b'1680409'
ACTION SNIPPET 10000 636 SNIPPET_RELEVANT b'1518382'
ACTION DOC 10000 656 EXAMINING_DOCUMENT b'1518382'
ACTION SNIPPET 10000 659 SNIPPET_RELEVANT b'525485'
ACTION DOC 10000 679 EXAMINING_DOCUMENT b'525485'
ACTION SNIPPET 10000 682 SNIPPET_NOT_RELEVANT b'1350282'
ACTION QUERY 10000 692 women in parliaments continue
ACTION SERP 10000 697 EXAMINE_SERP
ACTION SNIPPET 10000 700 SNIPPET_NOT_RELEVANT b'1197968'
ACTION SNIPPET 10000 703 SNIPPET_NOT_RELEVANT b'571224'
ACTION SNIPPET 10000 706 SNIPPET_RELEVANT b'204540'
ACTION DOC 10000 726 EXAMINING_DOCUMENT b'204540'
ACTION SNIPPET 10000 729 SNIPPET_NOT_RELEVANT b'1085142'
ACTION SNIPPET 10000 732 SNIPPET_RELEVANT b'1772765'
ACTION DOC 10000 752 EXAMINING_DOCUMENT b'1772765'
ACTION MARK 10000 755 CONSIDERED_RELEVANT b'1772765'
ACTION SNIPPET 10000 758 SNIPPET_RELEVANT b'1652890'
ACTION DOC 10000 778 EXAMINING_DOCUMENT b'1652890'
ACTION MARK 10000 781 CONSIDERED_RELEVANT b'1652890'
ACTION SNIPPET 10000 784 SEEN_PREVIOUSLY b'278069'
ACTION SNIPPET 10000 787 SNIPPET_RELEVANT b'1612526'
ACTION DOC 10000 807 EXAMINING_DOCUMENT b'1612526'
ACTION SNIPPET 10000 810 SEEN_PREVIOUSLY b'521171'
ACTION SNIPPET 10000 813 SEEN_PREVIOUSLY b'1419003'
ACTION QUERY 10000 823 women in parliaments mandate
ACTION SERP 10000 828 EXAMINE_SERP
ACTION SNIPPET 10000 831 SNIPPET_RELEVANT b'731284'
ACTION DOC 10000 851 EXAMINING_DOCUMENT b'731284'
ACTION SNIPPET 10000 854 SNIPPET_NOT_RELEVANT b'1300146'
ACTION SNIPPET 10000 857 SNIPPET_RELEVANT b'1762109'
ACTION DOC 10000 877 EXAMINING_DOCUMENT b'1762109'
ACTION SNIPPET 10000 880 SNIPPET_NOT_RELEVANT b'44308'
ACTION SNIPPET 10000 883 SNIPPET_RELEVANT b'25168'
ACTION DOC 10000 903 EXAMINING_DOCUMENT b'25168'
ACTION SNIPPET 10000 906 SNIPPET_NOT_RELEVANT b'626484'
ACTION SNIPPET 10000 909 SNIPPET_NOT_RELEVANT b'605321'
ACTION SNIPPET 10000 912 SNIPPET_NOT_RELEVANT b'737740'
ACTION SNIPPET 10000 915 SNIPPET_RELEVANT b'719124'
ACTION DOC 10000 935 EXAMINING_DOCUMENT b'719124'
ACTION SNIPPET 10000 938 SNIPPET_RELEVANT b'617131'
ACTION DOC 10000 958 EXAMINING_DOCUMENT b'617131'
ACTION QUERY 10000 968 women in parliaments represented
ACTION SERP 10000 973 EXAMINE_SERP
ACTION SNIPPET 10000 976 SNIPPET_RELEVANT b'659276'
ACTION DOC 10000 996 EXAMINING_DOCUMENT b'659276'
ACTION MARK 10000 999 CONSIDERED_RELEVANT b'659276'
ACTION SNIPPET 10000 1002 SNIPPET_NOT_RELEVANT b'1092681'
ACTION SNIPPET 10000 1005 SNIPPET_RELEVANT b'1617718'
ACTION DOC 10000 1025 EXAMINING_DOCUMENT b'1617718'
ACTION MARK 10000 1028 CONSIDERED_RELEVANT b'1617718'
ACTION SNIPPET 10000 1031 SEEN_PREVIOUSLY b'573572'
ACTION SNIPPET 10000 1034 SEEN_PREVIOUSLY b'784875'
ACTION SNIPPET 10000 1037 SNIPPET_NOT_RELEVANT b'1203173'
ACTION SNIPPET 10000 1040 SEEN_PREVIOUSLY b'1708799'
ACTION SNIPPET 10000 1043 SNIPPET_RELEVANT b'633544'
ACTION DOC 10000 1063 EXAMINING_DOCUMENT b'633544'
ACTION SNIPPET 10000 1066 SNIPPET_RELEVANT b'1434566'
ACTION DOC 10000 1086 EXAMINING_DOCUMENT b'1434566'
ACTION MARK 10000 1089 CONSIDERED_RELEVANT b'1434566'
ACTION SNIPPET 10000 1092 SEEN_PREVIOUSLY b'1652890'
ACTION QUERY 10000 1102 women in parliaments power
ACTION SERP 10000 1107 EXAMINE_SERP
ACTION SNIPPET 10000 1110 SEEN_PREVIOUSLY b'1669821'
ACTION SNIPPET 10000 1113 SEEN_PREVIOUSLY b'784875'
ACTION SNIPPET 10000 1116 SEEN_PREVIOUSLY b'1120966'
ACTION SNIPPET 10000 1119 SNIPPET_NOT_RELEVANT b'1726138'
ACTION SNIPPET 10000 1122 SEEN_PREVIOUSLY b'1708799'
ACTION SNIPPET 10000 1125 SNIPPET_RELEVANT b'1771996'
ACTION DOC 10000 1145 EXAMINING_DOCUMENT b'1771996'
ACTION MARK 10000 1148 CONSIDERED_RELEVANT b'1771996'
ACTION SNIPPET 10000 1151 SEEN_PREVIOUSLY b'1434566'
ACTION SNIPPET 10000 1154 SNIPPET_NOT_RELEVANT b'1673317'
ACTION SNIPPET 10000 1157 SEEN_PREVIOUSLY b'633544'
ACTION SNIPPET 10000 1160 SNIPPET_RELEVANT b'1121191'
ACTION DOC 10000 1180 EXAMINING_DOCUMENT b'1121191'
ACTION MARK 10000 1183 CONSIDERED_RELEVANT b'1121191'
ACTION QUERY 10000 1193 women in parliaments percentage
ACTION SERP 10000 1198 EXAMINE_SERP
ACTION SNIPPET 10000 1201 SEEN_PREVIOUSLY b'278069'
ACTION SNIPPET 10000 1204 SEEN_PREVIOUSLY b'784875'
ACTION SNIPPET 10000 1207 SEEN_PREVIOUSLY b'714723'
ACTION SNIPPET 10000 1210 SNIPPET_RELEVANT b'1540084'
ACTION DOC 10000 1230 EXAMINING_DOCUMENT b'1540084'
ACTION MARK 10000 1233 CONSIDERED_RELEVANT b'1540084'
ACTION SNIPPET 10000 1236 SNIPPET_NOT_RELEVANT b'1652813'
ACTION SNIPPET 10000 1239 SEEN_PREVIOUSLY b'1652890'
ACTION SNIPPET 10000 1242 SNIPPET_NOT_RELEVANT b'933804'
ACTION SNIPPET 10000 1245 SEEN_PREVIOUSLY b'667733'
ACTION SNIPPET 10000 1248 SNIPPET_NOT_RELEVANT b'87064'
ACTION SNIPPET 10000 1251 SNIPPET_NOT_RELEVANT b'611878'
ACTION QUERY 10000 1261 women in parliaments pertinent
ACTION SERP 10000 1266 EXAMINE_SERP
ACTION SNIPPET 10000 1269 SNIPPET_NOT_RELEVANT b'1304838'
ACTION SNIPPET 10000 1272 SNIPPET_RELEVANT b'1427506'
ACTION DOC 10000 1292 EXAMINING_DOCUMENT b'1427506'
ACTION SNIPPET 10000 1295 SNIPPET_NOT_RELEVANT b'224741'
ACTION SNIPPET 10000 1298 SNIPPET_RELEVANT b'335919'
ACTION DOC 10000 1318 EXAMINING_DOCUMENT b'335919'
ACTION SNIPPET 10000 1321 SNIPPET_RELEVANT b'1045313'
ACTION DOC 10000 1341 EXAMINING_DOCUMENT b'1045313'
ACTION SNIPPET 10000 1344 SNIPPET_RELEVANT b'846741'
ACTION DOC 10000 1364 EXAMINING_DOCUMENT b'846741'
ACTION SNIPPET 10000 1367 SNIPPET_RELEVANT b'1191236'
ACTION DOC 10000 1387 EXAMINING_DOCUMENT b'1191236'
ACTION SNIPPET 10000 1390 SNIPPET_RELEVANT b'472961'
ACTION DOC 10000 1410 EXAMINING_DOCUMENT b'472961'
ACTION SNIPPET 10000 1413 SNIPPET_NOT_RELEVANT b'1542829'
ACTION SNIPPET 10000 1416 SNIPPET_RELEVANT b'839017'
ACTION DOC 10000 1436 EXAMINING_DOCUMENT b'839017'
ACTION QUERY 10000 1446 women in parliaments poorly
ACTION SERP 10000 1451 EXAMINE_SERP
ACTION SNIPPET 10000 1454 SNIPPET_NOT_RELEVANT b'1197968'
ACTION SNIPPET 10000 1457 SEEN_PREVIOUSLY b'1708799'
ACTION SNIPPET 10000 1460 SEEN_PREVIOUSLY b'659276'
ACTION SNIPPET 10000 1463 SNIPPET_RELEVANT b'1755721'
ACTION DOC 10000 1483 EXAMINING_DOCUMENT b'1755721'
ACTION SNIPPET 10000 1486 SNIPPET_NOT_RELEVANT b'696910'
ACTION SNIPPET 10000 1489 SNIPPET_NOT_RELEVANT b'523441'
ACTION SNIPPET 10000 1492 SEEN_PREVIOUSLY b'521171'
ACTION SNIPPET 10000 1495 SNIPPET_RELEVANT b'1294022'
ACTION DOC 10000 1515 EXAMINING_DOCUMENT b'1294022'
ACTION SNIPPET 10000 1518 SNIPPET_NOT_RELEVANT b'1018396'
ACTION SNIPPET 10000 1521 SNIPPET_RELEVANT b'202995'
ACTION DOC 10000 1541 EXAMINING_DOCUMENT b'202995'
ACTION MARK 10000 1544 CONSIDERED_RELEVANT b'202995'
ACTION QUERY 10000 1554 women in parliaments gap
ACTION SERP 10000 1559 EXAMINE_SERP
ACTION SNIPPET 10000 1562 SEEN_PREVIOUSLY b'1434566'
ACTION SNIPPET 10000 1565 SEEN_PREVIOUSLY b'525485'
ACTION SNIPPET 10000 1568 SNIPPET_RELEVANT b'300090'
ACTION DOC 10000 1588 EXAMINING_DOCUMENT b'300090'
ACTION SNIPPET 10000 1591 SEEN_PREVIOUSLY b'278069'
ACTION SNIPPET 10000 1594 SEEN_PREVIOUSLY b'1612526'
ACTION SNIPPET 10000 1597 SEEN_PREVIOUSLY b'1419003'
ACTION SNIPPET 10000 1600 SNIPPET_NOT_RELEVANT b'803846'
ACTION SNIPPET 10000 1603 SNIPPET_RELEVANT b'803632'
ACTION DOC 10000 1623 EXAMINING_DOCUMENT b'803632'
ACTION SNIPPET 10000 1626 SEEN_PREVIOUSLY b'1669821'
ACTION SNIPPET 10000 1629 SNIPPET_RELEVANT b'1728394'
ACTION DOC 10000 1649 EXAMINING_DOCUMENT b'1728394'
ACTION QUERY 10000 1659 women in parliaments wide
ACTION SERP 10000 1664 EXAMINE_SERP
ACTION SNIPPET 10000 1667 SNIPPET_RELEVANT b'1673317'
ACTION DOC 10000 1687 EXAMINING_DOCUMENT b'1673317'
ACTION MARK 10000 1690 CONSIDERED_RELEVANT b'1673317'
ACTION SNIPPET 10000 1693 SNIPPET_NOT_RELEVANT b'1171985'
ACTION SNIPPET 10000 1696 SEEN_PREVIOUSLY b'1772765'
ACTION SNIPPET 10000 1699 SNIPPET_NOT_RELEVANT b'1203173'
ACTION SNIPPET 10000 1702 SEEN_PREVIOUSLY b'1771996'
ACTION SNIPPET 10000 1705 SNIPPET_NOT_RELEVANT b'522965'
ACTION SNIPPET 10000 1708 SNIPPET_RELEVANT b'1458465'
ACTION DOC 10000 1728 EXAMINING_DOCUMENT b'1458465'
ACTION SNIPPET 10000 1731 SNIPPET_NOT_RELEVANT b'154506'
ACTION SNIPPET 10000 1734 SNIPPET_RELEVANT b'590202'
ACTION DOC 10000 1754 EXAMINING_DOCUMENT b'590202'
ACTION SNIPPET 10000 1757 SEEN_PREVIOUSLY b'278069'
ACTION QUERY 10000 1767 women in parliaments decreases
ACTION SERP 10000 1772 EXAMINE_SERP
ACTION SNIPPET 10000 1775 SNIPPET_RELEVANT b'577340'
ACTION DOC 10000 1795 EXAMINING_DOCUMENT b'577340'
ACTION SNIPPET 10000 1798 SNIPPET_RELEVANT b'1087110'
ACTION DOC 10000 1818 EXAMINING_DOCUMENT b'1087110'
ACTION SNIPPET 10000 1821 SNIPPET_RELEVANT b'1139909'
ACTION DOC 10000 1841 EXAMINING_DOCUMENT b'1139909'
ACTION MARK 10000 1844 CONSIDERED_RELEVANT b'1139909'
ACTION SNIPPET 10000 1847 SNIPPET_NOT_RELEVANT b'1473128'
ACTION SNIPPET 10000 1850 SNIPPET_NOT_RELEVANT b'192628'
ACTION SNIPPET 10000 1853 SNIPPET_NOT_RELEVANT b'1727700'
ACTION SNIPPET 10000 1856 SNIPPET_NOT_RELEVANT b'286242'
ACTION SNIPPET 10000 1859 SEEN_PREVIOUSLY b'278069'
ACTION SNIPPET 10000 1862 SEEN_PREVIOUSLY b'1612526'
ACTION SNIPPET 10000 1865 SNIPPET_RELEVANT b'1176581'
ACTION DOC 10000 1885 EXAMINING_DOCUMENT b'1176581'
ACTION QUERY 10000 1895 women in parliaments political
ACTION SERP 10000 1900 EXAMINE_SERP
ACTION SNIPPET 10000 1903 SEEN_PREVIOUSLY b'1669821'
ACTION SNIPPET 10000 1906 SEEN_PREVIOUSLY b'1120966'
ACTION SNIPPET 10000 1909 SEEN_PREVIOUSLY b'784875'
ACTION SNIPPET 10000 1912 SEEN_PREVIOUSLY b'573572'
ACTION SNIPPET 10000 1915 SNIPPET_RELEVANT b'1751025'
ACTION DOC 10000 1935 EXAMINING_DOCUMENT b'1751025'
ACTION MARK 10000 1938 CONSIDERED_RELEVANT b'1751025'
ACTION SNIPPET 10000 1941 SEEN_PREVIOUSLY b'1771996'
ACTION SNIPPET 10000 1944 SEEN_PREVIOUSLY b'1612526'
ACTION SNIPPET 10000 1947 SEEN_PREVIOUSLY b'302716'
ACTION SNIPPET 10000 1950 SEEN_PREVIOUSLY b'885618'
ACTION SNIPPET 10000 1953 SNIPPET_RELEVANT b'931833'
ACTION DOC 10000 1973 EXAMINING_DOCUMENT b'931833'
ACTION MARK 10000 1976 CONSIDERED_RELEVANT b'931833'
ACTION QUERY 10000 1986 women in parliaments world
ACTION SERP 10000 1991 EXAMINE_SERP
ACTION SNIPPET 10000 1994 SEEN_PREVIOUSLY b'278069'
ACTION SNIPPET 10000 1997 SEEN_PREVIOUSLY b'343331'
ACTION SNIPPET 10000 2000 SEEN_PREVIOUSLY b'784875'
ACTION SNIPPET 10000 2003 SEEN_PREVIOUSLY b'714723'
ACTION SNIPPET 10000 2006 SNIPPET_RELEVANT b'1519223'
ACTION DOC 10000 2026 EXAMINING_DOCUMENT b'1519223'
ACTION MARK 10000 2029 CONSIDERED_RELEVANT b'1519223'
ACTION SNIPPET 10000 2032 SEEN_PREVIOUSLY b'1751025'
ACTION SNIPPET 10000 2035 SEEN_PREVIOUSLY b'885618'
ACTION SNIPPET 10000 2038 SEEN_PREVIOUSLY b'633544'
ACTION SNIPPET 10000 2041 SEEN_PREVIOUSLY b'1652890'
ACTION SNIPPET 10000 2044 SNIPPET_NOT_RELEVANT b'571224'
ACTION QUERY 10000 2054 women in parliaments representation
ACTION SERP 10000 2059 EXAMINE_SERP
ACTION SNIPPET 10000 2062 SEEN_PREVIOUSLY b'784875'
ACTION SNIPPET 10000 2065 SNIPPET_RELEVANT b'1324090'
ACTION DOC 10000 2085 EXAMINING_DOCUMENT b'1324090'
ACTION MARK 10000 2088 CONSIDERED_RELEVANT b'1324090'
ACTION SNIPPET 10000 2091 SEEN_PREVIOUSLY b'659276'
ACTION SNIPPET 10000 2094 SNIPPET_NOT_RELEVANT b'606623'
ACTION SNIPPET 10000 2097 SEEN_PREVIOUSLY b'302716'
ACTION SNIPPET 10000 2100 SNIPPET_NOT_RELEVANT b'1419631'
ACTION SNIPPET 10000 2103 SEEN_PREVIOUSLY b'885618'
ACTION SNIPPET 10000 2106 SNIPPET_NOT_RELEVANT b'1731373'
ACTION SNIPPET 10000 2109 SEEN_PREVIOUSLY b'931833'
ACTION SNIPPET 10000 2112 SEEN_PREVIOUSLY b'1755721'
ACTION QUERY 10000 2122 women in parliaments inclusion
ACTION SERP 10000 2127 EXAMINE_SERP
ACTION SNIPPET 10000 2130 SEEN_PREVIOUSLY b'1540084'
ACTION SNIPPET 10000 2133 SNIPPET_NOT_RELEVANT b'1410696'
ACTION SNIPPET 10000 2136 SEEN_PREVIOUSLY b'1434566'
ACTION SNIPPET 10000 2139 SNIPPET_RELEVANT b'151608'
ACTION DOC 10000 2159 EXAMINING_DOCUMENT b'151608'
ACTION SNIPPET 10000 2162 SNIPPET_NOT_RELEVANT b'1751587'
ACTION SNIPPET 10000 2165 SNIPPET_RELEVANT b'1733500'
ACTION DOC 10000 2185 EXAMINING_DOCUMENT b'1733500'
ACTION SNIPPET 10000 2188 SNIPPET_NOT_RELEVANT b'413592'
ACTION SNIPPET 10000 2191 SNIPPET_RELEVANT b'1251610'
ACTION DOC 10000 2211 EXAMINING_DOCUMENT b'1251610'
ACTION SNIPPET 10000 2214 SNIPPET_NOT_RELEVANT b'1725443'
ACTION SNIPPET 10000 2217 SNIPPET_NOT_RELEVANT b'1113586'
ACTION QUERY 10000 2227 women in parliaments across
ACTION SERP 10000 2232 EXAMINE_SERP
ACTION SNIPPET 10000 2235 SNIPPET_RELEVANT b'1197968'
ACTION DOC 10000 2255 EXAMINING_DOCUMENT b'1197968'
ACTION SNIPPET 10000 2258 SEEN_PREVIOUSLY b'1162537'
ACTION SNIPPET 10000 2261 SNIPPET_NOT_RELEVANT b'1307364'
ACTION SNIPPET 10000 2264 SEEN_PREVIOUSLY b'1652890'
ACTION SNIPPET 10000 2267 SNIPPET_RELEVANT b'1726138'
ACTION DOC 10000 2287 EXAMINING_DOCUMENT b'1726138'
ACTION SNIPPET 10000 2290 SNIPPET_RELEVANT b'686333'
ACTION DOC 10000 2310 EXAMINING_DOCUMENT b'686333'
ACTION SNIPPET 10000 2313 SNIPPET_NOT_RELEVANT b'1179557'
ACTION SNIPPET 10000 2316 SEEN_PREVIOUSLY b'278069'
ACTION SNIPPET 10000 2319 SEEN_PREVIOUSLY b'1611605'
ACTION SNIPPET 10000 2322 SEEN_PREVIOUSLY b'1612526'
ACTION QUERY 10000 2332 women in parliaments women
ACTION SERP 10000 2337 EXAMINE_SERP
ACTION SNIPPET 10000 2340 SEEN_PREVIOUSLY b'1612526'
ACTION SNIPPET 10000 2343 SEEN_PREVIOUSLY b'278069'
ACTION SNIPPET 10000 2346 SEEN_PREVIOUSLY b'1419003'
ACTION SNIPPET 10000 2349 SEEN_PREVIOUSLY b'1669821'
ACTION SNIPPET 10000 2352 SEEN_PREVIOUSLY b'784875'
ACTION SNIPPET 10000 2355 SEEN_PREVIOUSLY b'885618'
ACTION SNIPPET 10000 2358 SEEN_PREVIOUSLY b'573572'
ACTION SNIPPET 10000 2361 SEEN_PREVIOUSLY b'714723'
ACTION SNIPPET 10000 2364 SEEN_PREVIOUSLY b'1162537'
ACTION SNIPPET 10000 2367 SEEN_PREVIOUSLY b'302716'
ACTION QUERY 10000 2377 women in parliaments reflect
ACTION SERP 10000 2382 EXAMINE_SERP
ACTION SNIPPET 10000 2385 SEEN_PREVIOUSLY b'431397'
ACTION SNIPPET 10000 2388 SEEN_PREVIOUSLY b'1162537'
ACTION SNIPPET 10000 2391 SNIPPET_NOT_RELEVANT b'1221423'
ACTION SNIPPET 10000 2394 SNIPPET_RELEVANT b'274086'
ACTION DOC 10000 2414 EXAMINING_DOCUMENT b'274086'
ACTION SNIPPET 10000 2417 SNIPPET_NOT_RELEVANT b'1171985'
ACTION SNIPPET 10000 2420 SEEN_PREVIOUSLY b'302716'
ACTION SNIPPET 10000 2423 SEEN_PREVIOUSLY b'573133'
ACTION SNIPPET 10000 2426 SNIPPET_RELEVANT b'1203173'
ACTION DOC 10000 2446 EXAMINING_DOCUMENT b'1203173'
ACTION SNIPPET 10000 2449 SNIPPET_NOT_RELEVANT b'860951'
ACTION SNIPPET 10000 2452 SNIPPET_RELEVANT b'1078230'
ACTION DOC 10000 2472 EXAMINING_DOCUMENT b'1078230'
ACTION QUERY 10000 2482 women in parliaments lack
ACTION SERP 10000 2487 EXAMINE_SERP
ACTION SNIPPET 10000 2490 SEEN_PREVIOUSLY b'931833'
ACTION SNIPPET 10000 2493 SNIPPET_RELEVANT b'1179557'
ACTION DOC 10000 2513 EXAMINING_DOCUMENT b'1179557'
ACTION MARK 10000 2516 CONSIDERED_RELEVANT b'1179557'
ACTION SNIPPET 10000 2519 SNIPPET_RELEVANT b'1294266'
ACTION DOC 10000 2539 EXAMINING_DOCUMENT b'1294266'
ACTION MARK 10000 2542 CONSIDERED_RELEVANT b'1294266'
ACTION SNIPPET 10000 2545 SEEN_PREVIOUSLY b'1434566'
ACTION SNIPPET 10000 2548 SNIPPET_RELEVANT b'696910'
ACTION DOC 10000 2568 EXAMINING_DOCUMENT b'696910'
ACTION SNIPPET 10000 2571 SNIPPET_NOT_RELEVANT b'270242'
ACTION SNIPPET 10000 2574 SNIPPET_RELEVANT b'1434773'
ACTION DOC 10000 2594 EXAMINING_DOCUMENT b'1434773'
ACTION SNIPPET 10000 2597 SEEN_PREVIOUSLY b'278069'
ACTION SNIPPET 10000 2600 SEEN_PREVIOUSLY b'1612526'
ACTION SNIPPET 10000 2603 SNIPPET_RELEVANT b'1762388'
ACTION DOC 10000 2623 EXAMINING_DOCUMENT b'1762388'
ACTION QUERY 10000 2633 women in parliaments legislatures
ACTION SERP 10000 2638 EXAMINE_SERP
ACTION SNIPPET 10000 2641 SEEN_PREVIOUSLY b'278069'
ACTION SNIPPET 10000 2644 SEEN_PREVIOUSLY b'784875'
ACTION SNIPPET 10000 2647 SNIPPET_RELEVANT b'1221423'
ACTION DOC 10000 2667 EXAMINING_DOCUMENT b'1221423'
ACTION SNIPPET 10000 2670 SEEN_PREVIOUSLY b'573572'
ACTION SNIPPET 10000 2673 SNIPPET_NOT_RELEVANT b'1032547'
ACTION SNIPPET 10000 2676 SEEN_PREVIOUSLY b'1434566'
ACTION SNIPPET 10000 2679 SEEN_PREVIOUSLY b'1324090'
ACTION SNIPPET 10000 2682 SEEN_PREVIOUSLY b'1726138'
ACTION SNIPPET 10000 2685 SNIPPET_RELEVANT b'299075'
ACTION DOC 10000 2705 EXAMINING_DOCUMENT b'299075'
ACTION MARK 10000 2708 CONSIDERED_RELEVANT b'299075'
ACTION SNIPPET 10000 2711 SNIPPET_RELEVANT b'339175'
ACTION DOC 10000 2731 EXAMINING_DOCUMENT b'339175'
ACTION QUERY 10000 2741 women in parliaments third
ACTION SERP 10000 2746 EXAMINE_SERP
ACTION SNIPPET 10000 2749 SEEN_PREVIOUSLY b'1751025'
ACTION SNIPPET 10000 2752 SEEN_PREVIOUSLY b'1708799'
ACTION SNIPPET 10000 2755 SEEN_PREVIOUSLY b'431397'
ACTION SNIPPET 10000 2758 SEEN_PREVIOUSLY b'1221423'
ACTION SNIPPET 10000 2761 SEEN_PREVIOUSLY b'1612526'
ACTION SNIPPET 10000 2764 SEEN_PREVIOUSLY b'1540084'
ACTION SNIPPET 10000 2767 SEEN_PREVIOUSLY b'1120966'
ACTION SNIPPET 10000 2770 SEEN_PREVIOUSLY b'302716'
ACTION SNIPPET 10000 2773 SEEN_PREVIOUSLY b'573133'
ACTION SNIPPET 10000 2776 SEEN_PREVIOUSLY b'1771996'
ACTION QUERY 10000 2786 women in parliaments female
ACTION SERP 10000 2791 EXAMINE_SERP
ACTION SNIPPET 10000 2794 SEEN_PREVIOUSLY b'714723'
ACTION SNIPPET 10000 2797 SEEN_PREVIOUSLY b'1078230'
ACTION SNIPPET 10000 2800 SEEN_PREVIOUSLY b'1652890'
ACTION SNIPPET 10000 2803 SNIPPET_NOT_RELEVANT b'1085142'
ACTION SNIPPET 10000 2806 SEEN_PREVIOUSLY b'431397'
ACTION SNIPPET 10000 2809 SNIPPET_RELEVANT b'1296147'
ACTION DOC 10000 2829 EXAMINING_DOCUMENT b'1296147'
ACTION MARK 10000 2832 CONSIDERED_RELEVANT b'1296147'
ACTION SNIPPET 10000 2835 SNIPPET_NOT_RELEVANT b'17233'
ACTION SNIPPET 10000 2838 SNIPPET_NOT_RELEVANT b'933804'
ACTION SNIPPET 10000 2841 SEEN_PREVIOUSLY b'1669821'
ACTION SNIPPET 10000 2844 SEEN_PREVIOUSLY b'784875'
ACTION QUERY 10000 2854 women in parliaments fax
ACTION SERP 10000 2859 EXAMINE_SERP
ACTION SNIPPET 10000 2862 SEEN_PREVIOUSLY b'1294266'
ACTION SNIPPET 10000 2865 SNIPPET_NOT_RELEVANT b'1322906'
ACTION SNIPPET 10000 2868 SNIPPET_NOT_RELEVANT b'1576598'
ACTION SNIPPET 10000 2871 SNIPPET_NOT_RELEVANT b'440267'
ACTION SNIPPET 10000 2874 SNIPPET_NOT_RELEVANT b'1724583'
ACTION SNIPPET 10000 2877 SNIPPET_RELEVANT b'669587'
ACTION DOC 10000 2897 EXAMINING_DOCUMENT b'669587'
ACTION SNIPPET 10000 2900 SNIPPET_RELEVANT b'1469850'
ACTION DOC 10000 2920 EXAMINING_DOCUMENT b'1469850'
ACTION SNIPPET 10000 2923 SNIPPET_NOT_RELEVANT b'288320'
ACTION SNIPPET 10000 2926 SNIPPET_NOT_RELEVANT b'223138'
ACTION SNIPPET 10000 2929 SNIPPET_RELEVANT b'986875'
ACTION DOC 10000 2949 EXAMINING_DOCUMENT b'986875'
ACTION QUERY 10000 2959 women in parliaments voted
ACTION SERP 10000 2964 EXAMINE_SERP
ACTION SNIPPET 10000 2967 SEEN_PREVIOUSLY b'1669821'
ACTION SNIPPET 10000 2970 SEEN_PREVIOUSLY b'1708799'
ACTION SNIPPET 10000 2973 SEEN_PREVIOUSLY b'1771996'
ACTION SNIPPET 10000 2976 SEEN_PREVIOUSLY b'1162537'
ACTION SNIPPET 10000 2979 SEEN_PREVIOUSLY b'1120966'
ACTION SNIPPET 10000 2982 SEEN_PREVIOUSLY b'1772765'
ACTION SNIPPET 10000 2985 SEEN_PREVIOUSLY b'1221423'
ACTION SNIPPET 10000 2988 SEEN_PREVIOUSLY b'1434566'
ACTION SNIPPET 10000 2991 SEEN_PREVIOUSLY b'1673317'
ACTION SNIPPET 10000 2994 SEEN_PREVIOUSLY b'1116367'
ACTION QUERY 10000 3004 women in parliaments communism
ACTION SERP 10000 3009 EXAMINE_SERP
ACTION SNIPPET 10000 3012 SEEN_PREVIOUSLY b'573572'
ACTION SNIPPET 10000 3015 SEEN_PREVIOUSLY b'431397'
ACTION SNIPPET 10000 3018 SEEN_PREVIOUSLY b'784875'
ACTION SNIPPET 10000 3021 SEEN_PREVIOUSLY b'1197968'
ACTION SNIPPET 10000 3024 SEEN_PREVIOUSLY b'931833'
ACTION SNIPPET 10000 3027 SNIPPET_RELEVANT b'1367334'
ACTION DOC 10000 3047 EXAMINING_DOCUMENT b'1367334'
ACTION SNIPPET 10000 3050 SNIPPET_RELEVANT b'297178'
ACTION DOC 10000 3070 EXAMINING_DOCUMENT b'297178'
ACTION SNIPPET 10000 3073 SEEN_PREVIOUSLY b'1540084'
ACTION SNIPPET 10000 3076 SEEN_PREVIOUSLY b'1078230'
ACTION SNIPPET 10000 3079 SEEN_PREVIOUSLY b'278069'
ACTION QUERY 10000 3089 women in parliaments whos
ACTION SERP 10000 3094 EXAMINE_SERP
ACTION SNIPPET 10000 3097 SEEN_PREVIOUSLY b'278069'
ACTION SNIPPET 10000 3100 SEEN_PREVIOUSLY b'1419003'
ACTION SNIPPET 10000 3103 SEEN_PREVIOUSLY b'1612526'
ACTION SNIPPET 10000 3106 SEEN_PREVIOUSLY b'784875'
ACTION SNIPPET 10000 3109 SEEN_PREVIOUSLY b'1669821'
ACTION SNIPPET 10000 3112 SEEN_PREVIOUSLY b'343331'
ACTION SNIPPET 10000 3115 SEEN_PREVIOUSLY b'431397'
ACTION SNIPPET 10000 3118 SEEN_PREVIOUSLY b'1673317'
ACTION SNIPPET 10000 3121 SEEN_PREVIOUSLY b'714723'
ACTION SNIPPET 10000 3124 SEEN_PREVIOUSLY b'1708799'
ACTION QUERY 10000 3134 women in parliaments street
ACTION SERP 10000 3139 EXAMINE_SERP
ACTION SNIPPET 10000 3142 SEEN_PREVIOUSLY b'1120966'
ACTION SNIPPET 10000 3145 SEEN_PREVIOUSLY b'1434566'
ACTION SNIPPET 10000 3148 SEEN_PREVIOUSLY b'931833'
ACTION SNIPPET 10000 3151 SNIPPET_RELEVANT b'523441'
ACTION DOC 10000 3171 EXAMINING_DOCUMENT b'523441'
ACTION MARK 10000 3174 CONSIDERED_RELEVANT b'523441'
ACTION SNIPPET 10000 3177 SEEN_PREVIOUSLY b'278069'
ACTION SNIPPET 10000 3180 SEEN_PREVIOUSLY b'1612526'
ACTION SNIPPET 10000 3183 SEEN_PREVIOUSLY b'1419003'
ACTION SNIPPET 10000 3186 SNIPPET_NOT_RELEVANT b'1307364'
ACTION SNIPPET 10000 3189 SEEN_PREVIOUSLY b'1669821'
ACTION SNIPPET 10000 3192 SEEN_PREVIOUSLY b'1708799'
ACTION QUERY 10000 3202 women in parliaments seek
ACTION SERP 10000 3207 EXAMINE_SERP
ACTION SNIPPET 10000 3210 SEEN_PREVIOUSLY b'1419003'
ACTION SNIPPET 10000 3213 SNIPPET_RELEVANT b'1110802'
ACTION DOC 10000 3233 EXAMINING_DOCUMENT b'1110802'
ACTION SNIPPET 10000 3236 SEEN_PREVIOUSLY b'302716'
ACTION SNIPPET 10000 3239 SNIPPET_RELEVANT b'1171985'
ACTION DOC 10000 3259 EXAMINING_DOCUMENT b'1171985'
ACTION SNIPPET 10000 3262 SNIPPET_RELEVANT b'1108088'
ACTION DOC 10000 3282 EXAMINING_DOCUMENT b'1108088'
ACTION SNIPPET 10000 3285 SEEN_PREVIOUSLY b'731284'
ACTION SNIPPET 10000 3288 SEEN_PREVIOUSLY b'573133'
ACTION SNIPPET 10000 3291 SEEN_PREVIOUSLY b'931833'
ACTION SNIPPET 10000 3294 SNIPPET_RELEVANT b'1104686'
ACTION DOC 10000 3314 EXAMINING_DOCUMENT b'1104686'
ACTION MARK 10000 3317 CONSIDERED_RELEVANT b'1104686'
ACTION SNIPPET 10000 3320 SNIPPET_NOT_RELEVANT b'581514'
ACTION QUERY 10000 3330 women in parliaments social
ACTION SERP 10000 3335 EXAMINE_SERP
ACTION SNIPPET 10000 3338 SEEN_PREVIOUSLY b'714723'
ACTION SNIPPET 10000 3341 SEEN_PREVIOUSLY b'885618'
ACTION SNIPPET 10000 3344 SEEN_PREVIOUSLY b'1519223'
ACTION SNIPPET 10000 3347 SEEN_PREVIOUSLY b'1612526'
ACTION SNIPPET 10000 3350 SEEN_PREVIOUSLY b'431397'
ACTION SNIPPET 10000 3353 SNIPPET_RELEVANT b'1470463'
ACTION DOC 10000 3373 EXAMINING_DOCUMENT b'1470463'
ACTION MARK 10000 3376 CONSIDERED_RELEVANT b'1470463'
ACTION SNIPPET 10000 3379 SNIPPET_RELEVANT b'48725'
ACTION DOC 10000 3399 EXAMINING_DOCUMENT b'48725'
ACTION MARK 10000 3402 CONSIDERED_RELEVANT b'48725'
ACTION SNIPPET 10000 3405 SEEN_PREVIOUSLY b'1221423'
ACTION SNIPPET 10000 3408 SNIPPET_RELEVANT b'722210'
ACTION DOC 10000 3428 EXAMINING_DOCUMENT b'722210'
ACTION SNIPPET 10000 3431 SEEN_PREVIOUSLY b'667733'
ACTION QUERY 10000 3441 women in parliaments years
ACTION SERP 10000 3446 EXAMINE_SERP
ACTION SNIPPET 10000 3449 SEEN_PREVIOUSLY b'1419003'
ACTION SNIPPET 10000 3452 SEEN_PREVIOUSLY b'1612526'
ACTION SNIPPET 10000 3455 SEEN_PREVIOUSLY b'1708799'
ACTION SNIPPET 10000 3458 SEEN_PREVIOUSLY b'278069'
ACTION SNIPPET 10000 3461 SEEN_PREVIOUSLY b'1120966'
ACTION SNIPPET 10000 3464 SEEN_PREVIOUSLY b'343331'
ACTION SNIPPET 10000 3467 SEEN_PREVIOUSLY b'1221423'
ACTION SNIPPET 10000 3470 SEEN_PREVIOUSLY b'1669821'
ACTION SNIPPET 10000 3473 SEEN_PREVIOUSLY b'885618'
ACTION SNIPPET 10000 3476 SNIPPET_RELEVANT b'982355'
ACTION DOC 10000 3496 EXAMINING_DOCUMENT b'982355'
ACTION MARK 10000 3499 CONSIDERED_RELEVANT b'982355'
ACTION QUERY 10000 3509 women in parliaments tsujimotos
ACTION SERP 10000 3514 EXAMINE_SERP
ACTION SNIPPET 10000 3517 SEEN_PREVIOUSLY b'885618'
ACTION SNIPPET 10000 3520 SNIPPET_RELEVANT b'1378894'
ACTION DOC 10000 3540 EXAMINING_DOCUMENT b'1378894'
ACTION SNIPPET 10000 3543 SNIPPET_NOT_RELEVANT b'1379238'
ACTION SNIPPET 10000 3546 SNIPPET_NOT_RELEVANT b'1833461'
ACTION SNIPPET 10000 3549 SNIPPET_NOT_RELEVANT b'1222810'
ACTION SNIPPET 10000 3552 SNIPPET_RELEVANT b'1129595'
ACTION DOC 10000 3572 EXAMINING_DOCUMENT b'1129595'
ACTION SNIPPET 10000 3575 SNIPPET_RELEVANT b'1020182'
ACTION DOC 10000 3595 EXAMINING_DOCUMENT b'1020182'
ACTION SNIPPET 10000 3598 SNIPPET_NOT_RELEVANT b'880293'
ACTION SNIPPET 10000 3601 SNIPPET_NOT_RELEVANT b'1270483'
ACTION SNIPPET 10000 3604 SNIPPET_NOT_RELEVANT b'1347864'
ACTION QUERY 10000 3614 women in parliaments hard
ACTION SERP 10000 3619 EXAMINE_SERP
ACTION SNIPPET 10000 3622 SEEN_PREVIOUSLY b'1612526'
ACTION SNIPPET 10000 3625 SEEN_PREVIOUSLY b'1419003'
ACTION SNIPPET 10000 3628 SEEN_PREVIOUSLY b'1221423'
ACTION SNIPPET 10000 3631 SEEN_PREVIOUSLY b'1294266'
ACTION SNIPPET 10000 3634 SEEN_PREVIOUSLY b'1203173'
ACTION SNIPPET 10000 3637 SEEN_PREVIOUSLY b'521171'
ACTION SNIPPET 10000 3640 SNIPPET_NOT_RELEVANT b'1352878'
ACTION SNIPPET 10000 3643 SEEN_PREVIOUSLY b'885618'
ACTION SNIPPET 10000 3646 SNIPPET_NOT_RELEVANT b'516237'
ACTION SNIPPET 10000 3649 SEEN_PREVIOUSLY b'523441'
ACTION QUERY 10000 3659 women in parliaments iran
ACTION SERP 10000 3664 EXAMINE_SERP
ACTION SNIPPET 10000 3667 SEEN_PREVIOUSLY b'1419003'
ACTION SNIPPET 10000 3670 SEEN_PREVIOUSLY b'1221423'
ACTION SNIPPET 10000 3673 SEEN_PREVIOUSLY b'1612526'
ACTION SNIPPET 10000 3676 SEEN_PREVIOUSLY b'1203173'
ACTION SNIPPET 10000 3679 SNIPPET_RELEVANT b'927254'
ACTION DOC 10000 3699 EXAMINING_DOCUMENT b'927254'
ACTION MARK 10000 3702 CONSIDERED_RELEVANT b'927254'
ACTION SNIPPET 10000 3705 SEEN_PREVIOUSLY b'521171'
ACTION SNIPPET 10000 3708 SNIPPET_NOT_RELEVANT b'1511880'
ACTION SNIPPET 10000 3711 SNIPPET_NOT_RELEVANT b'1233346'
ACTION SNIPPET 10000 3714 SNIPPET_RELEVANT b'1695036'
ACTION DOC 10000 3734 EXAMINING_DOCUMENT b'1695036'
ACTION SNIPPET 10000 3737 SEEN_PREVIOUSLY b'523441'
ACTION QUERY 10000 3747 women in parliaments minister
ACTION SERP 10000 3752 EXAMINE_SERP
ACTION SNIPPET 10000 3755 SEEN_PREVIOUSLY b'302716'
ACTION SNIPPET 10000 3758 SEEN_PREVIOUSLY b'1669821'
ACTION SNIPPET 10000 3761 SEEN_PREVIOUSLY b'1755721'
ACTION SNIPPET 10000 3764 SEEN_PREVIOUSLY b'274086'
ACTION SNIPPET 10000 3767 SEEN_PREVIOUSLY b'1162537'
ACTION SNIPPET 10000 3770 SEEN_PREVIOUSLY b'982355'
ACTION SNIPPET 10000 3773 SEEN_PREVIOUSLY b'731284'
ACTION SNIPPET 10000 3776 SEEN_PREVIOUSLY b'931833'
ACTION SNIPPET 10000 3779 SNIPPET_RELEVANT b'34619'
ACTION DOC 10000 3799 EXAMINING_DOCUMENT b'34619'
ACTION MARK 10000 3802 CONSIDERED_RELEVANT b'34619'
ACTION SNIPPET 10000 3805 SNIPPET_NOT_RELEVANT b'1755904'
ACTION QUERY 10000 3815 women in parliaments honor
ACTION SERP 10000 3820 EXAMINE_SERP
ACTION SNIPPET 10000 3823 SEEN_PREVIOUSLY b'1622534'
ACTION SNIPPET 10000 3826 SEEN_PREVIOUSLY b'1518382'
ACTION SNIPPET 10000 3829 SNIPPET_NOT_RELEVANT b'1654162'
ACTION SNIPPET 10000 3832 SEEN_PREVIOUSLY b'982355'
ACTION SNIPPET 10000 3835 SNIPPET_RELEVANT b'1672916'
ACTION DOC 10000 3855 EXAMINING_DOCUMENT b'1672916'
ACTION SNIPPET 10000 3858 SNIPPET_NOT_RELEVANT b'1246698'
ACTION SNIPPET 10000 3861 SNIPPET_RELEVANT b'1610914'
ACTION DOC 10000 3881 EXAMINING_DOCUMENT b'1610914'
ACTION SNIPPET 10000 3884 SNIPPET_NOT_RELEVANT b'1117129'
ACTION SNIPPET 10000 3887 SNIPPET_RELEVANT b'1614644'
ACTION DOC 10000 3907 EXAMINING_DOCUMENT b'1614644'
ACTION SNIPPET 10000 3910 SNIPPET_NOT_RELEVANT b'1504209'
ACTION QUERY 10000 3920 women in parliaments today
ACTION SERP 10000 3925 EXAMINE_SERP
ACTION SNIPPET 10000 3928 SEEN_PREVIOUSLY b'278069'
ACTION SNIPPET 10000 3931 SEEN_PREVIOUSLY b'1120966'
ACTION SNIPPET 10000 3934 SEEN_PREVIOUSLY b'784875'
ACTION SNIPPET 10000 3937 SEEN_PREVIOUSLY b'302716'
ACTION SNIPPET 10000 3940 SNIPPET_NOT_RELEVANT b'279632'
ACTION SNIPPET 10000 3943 SEEN_PREVIOUSLY b'1221423'
ACTION SNIPPET 10000 3946 SEEN_PREVIOUSLY b'204540'
ACTION SNIPPET 10000 3949 SNIPPET_NOT_RELEVANT b'1092681'
ACTION SNIPPET 10000 3952 SEEN_PREVIOUSLY b'1203173'
ACTION SNIPPET 10000 3955 SEEN_PREVIOUSLY b'573572'
ACTION QUERY 10000 3965 women in parliaments iraqi
ACTION SERP 10000 3970 EXAMINE_SERP
ACTION SNIPPET 10000 3973 SEEN_PREVIOUSLY b'1540084'
ACTION SNIPPET 10000 3976 SNIPPET_NOT_RELEVANT b'456342'
ACTION SNIPPET 10000 3979 SNIPPET_NOT_RELEVANT b'1849164'
ACTION SNIPPET 10000 3982 SNIPPET_RELEVANT b'391405'
ACTION DOC 10000 4002 EXAMINING_DOCUMENT b'391405'
ACTION MARK 10000 4005 CONSIDERED_RELEVANT b'391405'
ACTION SNIPPET 10000 4008 SNIPPET_NOT_RELEVANT b'391406'
ACTION SNIPPET 10000 4011 SNIPPET_RELEVANT b'1725443'
ACTION DOC 10000 4031 EXAMINING_DOCUMENT b'1725443'
ACTION SNIPPET 10000 4034 SNIPPET_RELEVANT b'1727700'
ACTION DOC 10000 4054 EXAMINING_DOCUMENT b'1727700'
ACTION SNIPPET 10000 4057 SNIPPET_NOT_RELEVANT b'1694155'
ACTION SNIPPET 10000 4060 SNIPPET_NOT_RELEVANT b'1738717'
ACTION SNIPPET 10000 4063 SEEN_PREVIOUSLY b'1733500'
ACTION QUERY 10000 4073 women in parliaments paris
ACTION SERP 10000 4078 EXAMINE_SERP
ACTION SNIPPET 10000 4081 SEEN_PREVIOUSLY b'931833'
ACTION SNIPPET 10000 4084 SEEN_PREVIOUSLY b'659276'
ACTION SNIPPET 10000 4087 SNIPPET_NOT_RELEVANT b'1528481'
ACTION SNIPPET 10000 4090 SNIPPET_RELEVANT b'1398512'
ACTION DOC 10000 4110 EXAMINING_DOCUMENT b'1398512'
ACTION MARK 10000 4113 CONSIDERED_RELEVANT b'1398512'
ACTION SNIPPET 10000 4116 SNIPPET_NOT_RELEVANT b'454999'
ACTION SNIPPET 10000 4119 SNIPPET_NOT_RELEVANT b'842102'
ACTION SNIPPET 10000 4122 SEEN_PREVIOUSLY b'521171'
ACTION SNIPPET 10000 4125 SNIPPET_NOT_RELEVANT b'1195778'
ACTION SNIPPET 10000 4128 SEEN_PREVIOUSLY b'525485'
ACTION SNIPPET 10000 4131 SNIPPET_RELEVANT b'349908'
ACTION DOC 10000 4151 EXAMINING_DOCUMENT b'349908'
ACTION QUERY 10000 4161 women in parliaments cities
ACTION SERP 10000 4166 EXAMINE_SERP
ACTION SNIPPET 10000 4169 SEEN_PREVIOUSLY b'1669821'
ACTION SNIPPET 10000 4172 SEEN_PREVIOUSLY b'1419003'
ACTION SNIPPET 10000 4175 SEEN_PREVIOUSLY b'1673317'
ACTION SNIPPET 10000 4178 SEEN_PREVIOUSLY b'1612526'
ACTION SNIPPET 10000 4181 SEEN_PREVIOUSLY b'885618'
ACTION SNIPPET 10000 4184 SEEN_PREVIOUSLY b'573572'
ACTION SNIPPET 10000 4187 SEEN_PREVIOUSLY b'302716'
ACTION SNIPPET 10000 4190 SEEN_PREVIOUSLY b'1772765'
ACTION SNIPPET 10000 4193 SEEN_PREVIOUSLY b'1771996'
ACTION SNIPPET 10000 4196 SEEN_PREVIOUSLY b'278069'
ACTION QUERY 10000 4206 women in parliaments assembly
ACTION SERP 10000 4211 EXAMINE_SERP
ACTION SNIPPET 10000 4214 SEEN_PREVIOUSLY b'1221423'
ACTION SNIPPET 10000 4217 SNIPPET_NOT_RELEVANT b'1666333'
ACTION SNIPPET 10000 4220 SEEN_PREVIOUSLY b'659276'
ACTION SNIPPET 10000 4223 SEEN_PREVIOUSLY b'202995'
ACTION SNIPPET 10000 4226 SEEN_PREVIOUSLY b'1669821'
ACTION SNIPPET 10000 4229 SNIPPET_NOT_RELEVANT b'1695579'
ACTION SNIPPET 10000 4232 SEEN_PREVIOUSLY b'274086'
ACTION SNIPPET 10000 4235 SNIPPET_NOT_RELEVANT b'310544'
ACTION SNIPPET 10000 4238 SNIPPET_NOT_RELEVANT b'1444675'
ACTION SNIPPET 10000 4241 SEEN_PREVIOUSLY b'885618'
ACTION QUERY 10000 4251 women in parliaments returned
ACTION SERP 10000 4256 EXAMINE_SERP
ACTION SNIPPET 10000 4259 SEEN_PREVIOUSLY b'302716'
ACTION SNIPPET 10000 4262 SEEN_PREVIOUSLY b'1171985'
ACTION SNIPPET 10000 4265 SEEN_PREVIOUSLY b'1434566'
ACTION SNIPPET 10000 4268 SEEN_PREVIOUSLY b'1772765'
ACTION SNIPPET 10000 4271 SNIPPET_NOT_RELEVANT b'579995'
ACTION SNIPPET 10000 4274 SNIPPET_RELEVANT b'1339576'
ACTION DOC 10000 4294 EXAMINING_DOCUMENT b'1339576'
ACTION MARK 10000 4297 CONSIDERED_RELEVANT b'1339576'
ACTION SNIPPET 10000 4300 SEEN_PREVIOUSLY b'278069'
ACTION SNIPPET 10000 4303 SEEN_PREVIOUSLY b'1612526'
ACTION SNIPPET 10000 4306 SEEN_PREVIOUSLY b'391405'
ACTION SNIPPET 10000 4309 SNIPPET_RELEVANT b'391406'
ACTION DOC 10000 4329 EXAMINING_DOCUMENT b'391406'
ACTION MARK 10000 4332 CONSIDERED_RELEVANT b'391406'
ACTION QUERY 10000 4342 women in parliaments little
ACTION SERP 10000 4347 EXAMINE_SERP
ACTION SNIPPET 10000 4350 SEEN_PREVIOUSLY b'1669821'
ACTION SNIPPET 10000 4353 SEEN_PREVIOUSLY b'1612526'
ACTION SNIPPET 10000 4356 SEEN_PREVIOUSLY b'1120966'
ACTION SNIPPET 10000 4359 SEEN_PREVIOUSLY b'1652890'
ACTION SNIPPET 10000 4362 SEEN_PREVIOUSLY b'885618'
ACTION SNIPPET 10000 4365 SEEN_PREVIOUSLY b'1162537'
ACTION SNIPPET 10000 4368 SEEN_PREVIOUSLY b'1203173'
ACTION SNIPPET 10000 4371 SEEN_PREVIOUSLY b'659276'
ACTION SNIPPET 10000 4374 SEEN_PREVIOUSLY b'931833'
ACTION SNIPPET 10000 4377 SEEN_PREVIOUSLY b'278069'
ACTION QUERY 10000 4387 women in parliaments supported
ACTION SERP 10000 4392 EXAMINE_SERP
ACTION SNIPPET 10000 4395 SEEN_PREVIOUSLY b'1419003'
ACTION SNIPPET 10000 4398 SEEN_PREVIOUSLY b'885618'
ACTION SNIPPET 10000 4401 SEEN_PREVIOUSLY b'1751025'
ACTION SNIPPET 10000 4404 SEEN_PREVIOUSLY b'1162537'
ACTION SNIPPET 10000 4407 SEEN_PREVIOUSLY b'1120966'
ACTION SNIPPET 10000 4410 SEEN_PREVIOUSLY b'1771996'
ACTION SNIPPET 10000 4413 SEEN_PREVIOUSLY b'1612526'
ACTION SNIPPET 10000 4416 SEEN_PREVIOUSLY b'1121191'
ACTION SNIPPET 10000 4419 SEEN_PREVIOUSLY b'521171'
ACTION SNIPPET 10000 4422 SEEN_PREVIOUSLY b'1708799'
ACTION QUERY 10000 4432 women in parliaments low
ACTION SERP 10000 4437 EXAMINE_SERP
ACTION SNIPPET 10000 4440 SEEN_PREVIOUSLY b'1612526'
ACTION SNIPPET 10000 4443 SEEN_PREVIOUSLY b'1162537'
ACTION SNIPPET 10000 4446 SEEN_PREVIOUSLY b'1203173'
ACTION SNIPPET 10000 4449 SEEN_PREVIOUSLY b'1339576'
ACTION SNIPPET 10000 4452 SEEN_PREVIOUSLY b'523441'
ACTION SNIPPET 10000 4455 SEEN_PREVIOUSLY b'659276'
ACTION SNIPPET 10000 4458 SEEN_PREVIOUSLY b'278069'
ACTION SNIPPET 10000 4461 SNIPPET_NOT_RELEVANT b'1541173'
ACTION SNIPPET 10000 4464 SNIPPET_NOT_RELEVANT b'1307364'
ACTION SNIPPET 10000 4467 SEEN_PREVIOUSLY b'1419003'
ACTION QUERY 10000 4477 women in parliaments line
ACTION SERP 10000 4482 EXAMINE_SERP
ACTION SNIPPET 10000 4485 SEEN_PREVIOUSLY b'1419003'
ACTION SNIPPET 10000 4488 SEEN_PREVIOUSLY b'1612526'
ACTION SNIPPET 10000 4491 SEEN_PREVIOUSLY b'1221423'
ACTION SNIPPET 10000 4494 SEEN_PREVIOUSLY b'1120966'
ACTION SNIPPET 10000 4497 SEEN_PREVIOUSLY b'521171'
ACTION SNIPPET 10000 4500 SEEN_PREVIOUSLY b'722210'
ACTION SNIPPET 10000 4503 SEEN_PREVIOUSLY b'1434566'
ACTION SNIPPET 10000 4506 SEEN_PREVIOUSLY b'1203173'
ACTION SNIPPET 10000 4509 SEEN_PREVIOUSLY b'523441'
ACTION SNIPPET 10000 4512 SNIPPET_NOT_RELEVANT b'1611961'
ACTION QUERY 10000 4522 women in parliaments thailand
ACTION SERP 10000 4527 EXAMINE_SERP
ACTION SNIPPET 10000 4530 SNIPPET_NOT_RELEVANT b'522614'
ACTION SNIPPET 10000 4533 SNIPPET_NOT_RELEVANT b'878908'
ACTION SNIPPET 10000 4536 SNIPPET_NOT_RELEVANT b'140479'
ACTION SNIPPET 10000 4539 SNIPPET_NOT_RELEVANT b'531423'
ACTION SNIPPET 10000 4542 SNIPPET_NOT_RELEVANT b'531505'
ACTION SNIPPET 10000 4545 SNIPPET_RELEVANT b'516212'
ACTION DOC 10000 4565 EXAMINING_DOCUMENT b'516212'
ACTION SNIPPET 10000 4568 SNIPPET_NOT_RELEVANT b'539787'
ACTION SNIPPET 10000 4571 SNIPPET_RELEVANT b'425694'
ACTION DOC 10000 4591 EXAMINING_DOCUMENT b'425694'
ACTION SNIPPET 10000 4594 SNIPPET_NOT_RELEVANT b'90937'
ACTION SNIPPET 10000 4597 SNIPPET_RELEVANT b'689658'
ACTION DOC 10000 4617 EXAMINING_DOCUMENT b'689658'
ACTION QUERY 10000 4627 women in parliaments majority
ACTION SERP 10000 4632 EXAMINE_SERP
ACTION SNIPPET 10000 4635 SEEN_PREVIOUSLY b'302716'
ACTION SNIPPET 10000 4638 SEEN_PREVIOUSLY b'714723'
ACTION SNIPPET 10000 4641 SEEN_PREVIOUSLY b'1221423'
ACTION SNIPPET 10000 4644 SEEN_PREVIOUSLY b'784875'
ACTION SNIPPET 10000 4647 SEEN_PREVIOUSLY b'573133'
ACTION SNIPPET 10000 4650 SEEN_PREVIOUSLY b'573572'
ACTION SNIPPET 10000 4653 SEEN_PREVIOUSLY b'274086'
ACTION SNIPPET 10000 4656 SEEN_PREVIOUSLY b'1162537'
ACTION SNIPPET 10000 4659 SNIPPET_NOT_RELEVANT b'279632'
ACTION SNIPPET 10000 4662 SNIPPET_NOT_RELEVANT b'152264'
ACTION QUERY 10000 4672 women in parliaments kabul
ACTION SERP 10000 4677 EXAMINE_SERP
ACTION SNIPPET 10000 4680 SEEN_PREVIOUSLY b'1617718'
ACTION SNIPPET 10000 4683 SEEN_PREVIOUSLY b'1708799'
ACTION SNIPPET 10000 4686 SNIPPET_RELEVANT b'1711918'
ACTION DOC 10000 4706 EXAMINING_DOCUMENT b'1711918'
ACTION SNIPPET 10000 4709 SNIPPET_RELEVANT b'1546744'
ACTION DOC 10000 4729 EXAMINING_DOCUMENT b'1546744'
ACTION SNIPPET 10000 4732 SNIPPET_NOT_RELEVANT b'1755904'
ACTION SNIPPET 10000 4735 SNIPPET_NOT_RELEVANT b'1726696'
ACTION SNIPPET 10000 4738 SNIPPET_NOT_RELEVANT b'1523103'
ACTION SNIPPET 10000 4741 SNIPPET_NOT_RELEVANT b'1703510'
ACTION SNIPPET 10000 4744 SNIPPET_NOT_RELEVANT b'1729147'
ACTION SNIPPET 10000 4747 SEEN_PREVIOUSLY b'1726138'
ACTION QUERY 10000 4757 women in parliaments right
ACTION SERP 10000 4762 EXAMINE_SERP
ACTION SNIPPET 10000 4765 SEEN_PREVIOUSLY b'1612526'
ACTION SNIPPET 10000 4768 SEEN_PREVIOUSLY b'1669821'
ACTION SNIPPET 10000 4771 SEEN_PREVIOUSLY b'1419003'
ACTION SNIPPET 10000 4774 SEEN_PREVIOUSLY b'1221423'
ACTION SNIPPET 10000 4777 SEEN_PREVIOUSLY b'1162537'
ACTION SNIPPET 10000 4780 SEEN_PREVIOUSLY b'1120966'
ACTION SNIPPET 10000 4783 SEEN_PREVIOUSLY b'1673317'
ACTION SNIPPET 10000 4786 SEEN_PREVIOUSLY b'784875'
ACTION SNIPPET 10000 4789 SEEN_PREVIOUSLY b'1772765'
ACTION SNIPPET 10000 4792 SEEN_PREVIOUSLY b'1771996'
ACTION QUERY 10000 4802 women in parliaments crown
ACTION SERP 10000 4807 EXAMINE_SERP
ACTION SNIPPET 10000 4810 SEEN_PREVIOUSLY b'391405'
ACTION SNIPPET 10000 4813 SEEN_PREVIOUSLY b'391406'
ACTION SNIPPET 10000 4816 SNIPPET_NOT_RELEVANT b'1502773'
ACTION SNIPPET 10000 4819 SEEN_PREVIOUSLY b'1116367'
ACTION SNIPPET 10000 4822 SEEN_PREVIOUSLY b'1120966'
ACTION SNIPPET 10000 4825 SEEN_PREVIOUSLY b'1121191'
ACTION SNIPPET 10000 4828 SNIPPET_NOT_RELEVANT b'365913'
ACTION SNIPPET 10000 4831 SNIPPET_NOT_RELEVANT b'687620'
ACTION SNIPPET 10000 4834 SEEN_PREVIOUSLY b'1162537'
ACTION SNIPPET 10000 4837 SEEN_PREVIOUSLY b'1434566'
ACTION QUERY 10000 4847 women in parliaments vowed
ACTION SERP 10000 4852 EXAMINE_SERP
ACTION SNIPPET 10000 4855 SEEN_PREVIOUSLY b'1162537'
ACTION SNIPPET 10000 4858 SNIPPET_NOT_RELEVANT b'1628482'
ACTION SNIPPET 10000 4861 SEEN_PREVIOUSLY b'573133'
ACTION SNIPPET 10000 4864 SEEN_PREVIOUSLY b'1120966'
ACTION SNIPPET 10000 4867 SNIPPET_NOT_RELEVANT b'692360'
ACTION SNIPPET 10000 4870 SNIPPET_RELEVANT b'269062'
ACTION DOC 10000 4890 EXAMINING_DOCUMENT b'269062'
ACTION SNIPPET 10000 4893 SNIPPET_NOT_RELEVANT b'311222'
ACTION SNIPPET 10000 4896 SEEN_PREVIOUSLY b'1110802'
ACTION SNIPPET 10000 4899 SNIPPET_NOT_RELEVANT b'113983'
ACTION SNIPPET 10000 4902 SNIPPET_RELEVANT b'1740161'
ACTION DOC 10000 4922 EXAMINING_DOCUMENT b'1740161'
ACTION QUERY 10000 4932 women in parliaments whisky
ACTION SERP 10000 4937 EXAMINE_SERP
ACTION SNIPPET 10000 4940 SNIPPET_RELEVANT b'935697'
ACTION DOC 10000 4960 EXAMINING_DOCUMENT b'935697'
ACTION SNIPPET 10000 4963 SNIPPET_NOT_RELEVANT b'366494'
ACTION SNIPPET 10000 4966 SEEN_PREVIOUSLY b'1294266'
ACTION SNIPPET 10000 4969 SNIPPET_NOT_RELEVANT b'150739'
ACTION SNIPPET 10000 4972 SNIPPET_RELEVANT b'165014'
ACTION DOC 10000 4992 EXAMINING_DOCUMENT b'165014'
ACTION SNIPPET 10000 4995 SNIPPET_NOT_RELEVANT b'251210'
ACTION SNIPPET 10000 4998 SNIPPET_RELEVANT b'88656'
ACTION DOC 10000 5018 EXAMINING_DOCUMENT b'88656'
ACTION SNIPPET 10000 5021 SNIPPET_NOT_RELEVANT b'231674'
ACTION SNIPPET 10000 5024 SNIPPET_RELEVANT b'1108631'
ACTION DOC 10000 5044 EXAMINING_DOCUMENT b'1108631'
ACTION SNIPPET 10000 5047 SNIPPET_NOT_RELEVANT b'325484'
ACTION QUERY 10000 5057 women in parliaments challenge
ACTION SERP 10000 5062 EXAMINE_SERP
ACTION SNIPPET 10000 5065 SEEN_PREVIOUSLY b'302716'
ACTION SNIPPET 10000 5068 SEEN_PREVIOUSLY b'1772765'
ACTION SNIPPET 10000 5071 SEEN_PREVIOUSLY b'1296147'
ACTION SNIPPET 10000 5074 SEEN_PREVIOUSLY b'1203173'
ACTION SNIPPET 10000 5077 SEEN_PREVIOUSLY b'1434566'
ACTION SNIPPET 10000 5080 SEEN_PREVIOUSLY b'931833'
ACTION SNIPPET 10000 5083 SNIPPET_NOT_RELEVANT b'670544'
ACTION SNIPPET 10000 5086 SEEN_PREVIOUSLY b'523441'
ACTION SNIPPET 10000 5089 SEEN_PREVIOUSLY b'1611605'
ACTION SNIPPET 10000 5092 SNIPPET_NOT_RELEVANT b'646417'
ACTION QUERY 10000 5102 women in parliaments transition
ACTION SERP 10000 5107 EXAMINE_SERP
ACTION SNIPPET 10000 5110 SNIPPET_NOT_RELEVANT b'1346583'
ACTION SNIPPET 10000 5113 SEEN_PREVIOUSLY b'1540084'
ACTION SNIPPET 10000 5116 SNIPPET_NOT_RELEVANT b'505345'
ACTION SNIPPET 10000 5119 SNIPPET_RELEVANT b'189305'
ACTION DOC 10000 5139 EXAMINING_DOCUMENT b'189305'
ACTION SNIPPET 10000 5142 SNIPPET_RELEVANT b'1694155'
ACTION DOC 10000 5162 EXAMINING_DOCUMENT b'1694155'
ACTION SNIPPET 10000 5165 SEEN_PREVIOUSLY b'1755721'
ACTION SNIPPET 10000 5168 SNIPPET_RELEVANT b'654214'
ACTION DOC 10000 5188 EXAMINING_DOCUMENT b'654214'
ACTION SNIPPET 10000 5191 SNIPPET_NOT_RELEVANT b'1703510'
ACTION SNIPPET 10000 5194 SNIPPET_NOT_RELEVANT b'636390'
ACTION SNIPPET 10000 5197 SNIPPET_RELEVANT b'366228'
ACTION DOC 10000 5217 EXAMINING_DOCUMENT b'366228'
ACTION QUERY 10000 5227 women in parliaments major
ACTION SERP 10000 5232 EXAMINE_SERP
ACTION SNIPPET 10000 5235 SEEN_PREVIOUSLY b'302716'
ACTION SNIPPET 10000 5238 SEEN_PREVIOUSLY b'714723'
ACTION SNIPPET 10000 5241 SEEN_PREVIOUSLY b'1221423'
ACTION SNIPPET 10000 5244 SEEN_PREVIOUSLY b'784875'
ACTION SNIPPET 10000 5247 SEEN_PREVIOUSLY b'573133'
ACTION SNIPPET 10000 5250 SEEN_PREVIOUSLY b'573572'
ACTION SNIPPET 10000 5253 SEEN_PREVIOUSLY b'274086'
ACTION SNIPPET 10000 5256 SEEN_PREVIOUSLY b'1162537'
ACTION SNIPPET 10000 5259 SNIPPET_RELEVANT b'279632'
ACTION DOC 10000 5279 EXAMINING_DOCUMENT b'279632'
ACTION SNIPPET 10000 5282 SNIPPET_NOT_RELEVANT b'152264'
ACTION QUERY 10000 5292 women in parliaments republican
ACTION SERP 10000 5297 EXAMINE_SERP
ACTION SNIPPET 10000 5300 SEEN_PREVIOUSLY b'667733'
ACTION SNIPPET 10000 5303 SEEN_PREVIOUSLY b'1324090'
ACTION SNIPPET 10000 5306 SNIPPET_RELEVANT b'800237'
ACTION DOC 10000 5326 EXAMINING_DOCUMENT b'800237'
ACTION SNIPPET 10000 5329 SNIPPET_RELEVANT b'800079'
ACTION DOC 10000 5349 EXAMINING_DOCUMENT b'800079'
ACTION SNIPPET 10000 5352 SNIPPET_RELEVANT b'1437465'
ACTION DOC 10000 5372 EXAMINING_DOCUMENT b'1437465'
ACTION SNIPPET 10000 5375 SEEN_PREVIOUSLY b'278069'
ACTION SNIPPET 10000 5378 SEEN_PREVIOUSLY b'1612526'
ACTION SNIPPET 10000 5381 SNIPPET_RELEVANT b'647771'
ACTION DOC 10000 5401 EXAMINING_DOCUMENT b'647771'
ACTION SNIPPET 10000 5404 SEEN_PREVIOUSLY b'1419003'
ACTION SNIPPET 10000 5407 SEEN_PREVIOUSLY b'1669821'
ACTION QUERY 10000 5417 women in parliaments underrepresented
ACTION SERP 10000 5422 EXAMINE_SERP
ACTION SNIPPET 10000 5425 SEEN_PREVIOUSLY b'714723'
ACTION SNIPPET 10000 5428 SEEN_PREVIOUSLY b'1540084'
ACTION SNIPPET 10000 5431 SEEN_PREVIOUSLY b'573572'
ACTION SNIPPET 10000 5434 SNIPPET_RELEVANT b'1650879'
ACTION DOC 10000 5454 EXAMINING_DOCUMENT b'1650879'
ACTION SNIPPET 10000 5457 SNIPPET_RELEVANT b'130036'
ACTION DOC 10000 5477 EXAMINING_DOCUMENT b'130036'
ACTION SNIPPET 10000 5480 SNIPPET_NOT_RELEVANT b'1068186'
ACTION SNIPPET 10000 5483 SNIPPET_NOT_RELEVANT b'1376086'
ACTION SNIPPET 10000 5486 SNIPPET_RELEVANT b'653196'
ACTION DOC 10000 5506 EXAMINING_DOCUMENT b'653196'
ACTION SNIPPET 10000 5509 SNIPPET_RELEVANT b'713393'
ACTION DOC 10000 5529 EXAMINING_DOCUMENT b'713393'
ACTION SNIPPET 10000 5532 SNIPPET_NOT_RELEVANT b'1597607'
ACTION QUERY 10000 5542 women in parliaments local
ACTION SERP 10000 5547 EXAMINE_SERP
ACTION SNIPPET 10000 5550 SEEN_PREVIOUSLY b'885618'
ACTION SNIPPET 10000 5553 SEEN_PREVIOUSLY b'1751025'
ACTION SNIPPET 10000 5556 SEEN_PREVIOUSLY b'1771996'
ACTION SNIPPET 10000 5559 SEEN_PREVIOUSLY b'1673317'
ACTION SNIPPET 10000 5562 SEEN_PREVIOUSLY b'1540084'
ACTION SNIPPET 10000 5565 SNIPPET_RELEVANT b'1752293'
ACTION DOC 10000 5585 EXAMINING_DOCUMENT b'1752293'
ACTION MARK 10000 5588 CONSIDERED_RELEVANT b'1752293'
ACTION SNIPPET 10000 5591 SNIPPET_RELEVANT b'37541'
ACTION DOC 10000 5611 EXAMINING_DOCUMENT b'37541'
ACTION MARK 10000 5614 CONSIDERED_RELEVANT b'37541'
ACTION SNIPPET 10000 5617 SEEN_PREVIOUSLY b'302716'
ACTION SNIPPET 10000 5620 SNIPPET_NOT_RELEVANT b'1702427'
ACTION SNIPPET 10000 5623 SNIPPET_RELEVANT b'309337'
ACTION DOC 10000 5643 EXAMINING_DOCUMENT b'309337'
ACTION MARK 10000 5646 CONSIDERED_RELEVANT b'309337'
ACTION QUERY 10000 5656 women in parliaments dois
ACTION SERP 10000 5661 EXAMINE_SERP
ACTION SNIPPET 10000 5664 SEEN_PREVIOUSLY b'309337'
ACTION SNIPPET 10000 5667 SNIPPET_NOT_RELEVANT b'248126'
ACTION SNIPPET 10000 5670 SEEN_PREVIOUSLY b'274086'
ACTION SNIPPET 10000 5673 SNIPPET_NOT_RELEVANT b'454493'
ACTION SNIPPET 10000 5676 SNIPPET_RELEVANT b'326579'
ACTION DOC 10000 5696 EXAMINING_DOCUMENT b'326579'
ACTION SNIPPET 10000 5699 SNIPPET_RELEVANT b'390205'
ACTION DOC 10000 5719 EXAMINING_DOCUMENT b'390205'
ACTION SNIPPET 10000 5722 SNIPPET_NOT_RELEVANT b'267696'
ACTION SNIPPET 10000 5725 SNIPPET_RELEVANT b'327663'
ACTION DOC 10000 5745 EXAMINING_DOCUMENT b'327663'
ACTION SNIPPET 10000 5748 SNIPPET_RELEVANT b'454741'
ACTION DOC 10000 5768 EXAMINING_DOCUMENT b'454741'
ACTION MARK 10000 5771 CONSIDERED_RELEVANT b'454741'
ACTION SNIPPET 10000 5774 SNIPPET_RELEVANT b'332186'
ACTION DOC 10000 5794 EXAMINING_DOCUMENT b'332186'
ACTION QUERY 10000 5804 women in parliaments japanese
ACTION SERP 10000 5809 EXAMINE_SERP
ACTION SNIPPET 10000 5812 SEEN_PREVIOUSLY b'885618'
ACTION SNIPPET 10000 5815 SNIPPET_RELEVANT b'1830941'
ACTION DOC 10000 5835 EXAMINING_DOCUMENT b'1830941'
ACTION SNIPPET 10000 5838 SNIPPET_NOT_RELEVANT b'942549'
ACTION SNIPPET 10000 5841 SNIPPET_RELEVANT b'768904'
ACTION DOC 10000 5861 EXAMINING_DOCUMENT b'768904'
ACTION SNIPPET 10000 5864 SEEN_PREVIOUSLY b'327663'
ACTION SNIPPET 10000 5867 SNIPPET_NOT_RELEVANT b'1350282'
ACTION SNIPPET 10000 5870 SNIPPET_RELEVANT b'1603408'
ACTION DOC 10000 5890 EXAMINING_DOCUMENT b'1603408'
ACTION SNIPPET 10000 5893 SNIPPET_NOT_RELEVANT b'1021525'
ACTION SNIPPET 10000 5896 SNIPPET_NOT_RELEVANT b'328150'
ACTION SNIPPET 10000 5899 SEEN_PREVIOUSLY b'274086'
ACTION QUERY 10000 5909 women in parliaments influence
ACTION SERP 10000 5914 EXAMINE_SERP
ACTION SNIPPET 10000 5917 SEEN_PREVIOUSLY b'885618'
ACTION SNIPPET 10000 5920 SEEN_PREVIOUSLY b'1771996'
ACTION SNIPPET 10000 5923 SNIPPET_NOT_RELEVANT b'447171'
ACTION SNIPPET 10000 5926 SEEN_PREVIOUSLY b'1772765'
ACTION SNIPPET 10000 5929 SEEN_PREVIOUSLY b'731284'
ACTION SNIPPET 10000 5932 SEEN_PREVIOUSLY b'722210'
ACTION SNIPPET 10000 5935 SEEN_PREVIOUSLY b'659276'
ACTION SNIPPET 10000 5938 SEEN_PREVIOUSLY b'299075'
ACTION SNIPPET 10000 5941 SNIPPET_NOT_RELEVANT b'1722394'
ACTION SNIPPET 10000 5944 SEEN_PREVIOUSLY b'327663'
ACTION QUERY 10000 5954 women in parliaments gave
ACTION SERP 10000 5959 EXAMINE_SERP
ACTION SNIPPET 10000 5962 SEEN_PREVIOUSLY b'731284'
ACTION SNIPPET 10000 5965 SEEN_PREVIOUSLY b'784875'
ACTION SNIPPET 10000 5968 SNIPPET_NOT_RELEVANT b'1674498'
ACTION SNIPPET 10000 5971 SEEN_PREVIOUSLY b'48725'
ACTION SNIPPET 10000 5974 SEEN_PREVIOUSLY b'1772765'
ACTION SNIPPET 10000 5977 SEEN_PREVIOUSLY b'885618'
ACTION SNIPPET 10000 5980 SEEN_PREVIOUSLY b'1203173'
ACTION SNIPPET 10000 5983 SEEN_PREVIOUSLY b'523441'
ACTION SNIPPET 10000 5986 SNIPPET_RELEVANT b'1313177'
ACTION DOC 10000 6006 EXAMINING_DOCUMENT b'1313177'
ACTION SNIPPET 10000 6009 SEEN_PREVIOUSLY b'1104686'
ACTION QUERY 10000 6019 women in parliaments work
ACTION SERP 10000 6024 EXAMINE_SERP
ACTION SNIPPET 10000 6027 SEEN_PREVIOUSLY b'1294266'
ACTION SNIPPET 10000 6030 SEEN_PREVIOUSLY b'722210'
ACTION SNIPPET 10000 6033 SEEN_PREVIOUSLY b'1162537'
ACTION SNIPPET 10000 6036 SEEN_PREVIOUSLY b'573572'
ACTION SNIPPET 10000 6039 SEEN_PREVIOUSLY b'1708799'
ACTION SNIPPET 10000 6042 SEEN_PREVIOUSLY b'278069'
ACTION SNIPPET 10000 6045 SEEN_PREVIOUSLY b'885618'
ACTION SNIPPET 10000 6048 SEEN_PREVIOUSLY b'1612526'
ACTION SNIPPET 10000 6051 SEEN_PREVIOUSLY b'1673317'
ACTION SNIPPET 10000 6054 SEEN_PREVIOUSLY b'1419003'
ACTION QUERY 10000 6064 women in parliaments princes
ACTION SERP 10000 6069 EXAMINE_SERP
ACTION SNIPPET 10000 6072 SEEN_PREVIOUSLY b'391405'
ACTION SNIPPET 10000 6075 SEEN_PREVIOUSLY b'391406'
ACTION SNIPPET 10000 6078 SEEN_PREVIOUSLY b'1162537'
ACTION SNIPPET 10000 6081 SNIPPET_NOT_RELEVANT b'1472405'
ACTION SNIPPET 10000 6084 SNIPPET_RELEVANT b'336804'
ACTION DOC 10000 6104 EXAMINING_DOCUMENT b'336804'
ACTION SNIPPET 10000 6107 SNIPPET_NOT_RELEVANT b'1502773'
ACTION SNIPPET 10000 6110 SNIPPET_NOT_RELEVANT b'575990'
ACTION SNIPPET 10000 6113 SNIPPET_RELEVANT b'1141590'
ACTION DOC 10000 6133 EXAMINING_DOCUMENT b'1141590'
ACTION SNIPPET 10000 6136 SEEN_PREVIOUSLY b'1116367'
ACTION SNIPPET 10000 6139 SEEN_PREVIOUSLY b'1120966'
ACTION QUERY 10000 6149 women in parliaments coat
ACTION SERP 10000 6154 EXAMINE_SERP
ACTION SNIPPET 10000 6157 SEEN_PREVIOUSLY b'1612526'
ACTION SNIPPET 10000 6160 SNIPPET_RELEVANT b'1204875'
ACTION DOC 10000 6180 EXAMINING_DOCUMENT b'1204875'
ACTION MARK 10000 6183 CONSIDERED_RELEVANT b'1204875'
ACTION SNIPPET 10000 6186 SNIPPET_RELEVANT b'1019928'
ACTION DOC 10000 6206 EXAMINING_DOCUMENT b'1019928'
ACTION SNIPPET 10000 6209 SEEN_PREVIOUSLY b'1203173'
ACTION SNIPPET 10000 6212 SEEN_PREVIOUSLY b'1294266'
ACTION SNIPPET 10000 6215 SNIPPET_NOT_RELEVANT b'365913'
ACTION SNIPPET 10000 6218 SEEN_PREVIOUSLY b'1726138'
ACTION SNIPPET 10000 6221 SNIPPET_RELEVANT b'815312'
ACTION DOC 10000 6241 EXAMINING_DOCUMENT b'815312'
ACTION SNIPPET 10000 6244 SNIPPET_NOT_RELEVANT b'983134'
ACTION SNIPPET 10000 6247 SNIPPET_RELEVANT b'1844804'
ACTION DOC 10000 6267 EXAMINING_DOCUMENT b'1844804'
ACTION QUERY 10000 6277 women in parliaments afghanistan
ACTION SERP 10000 6282 EXAMINE_SERP
ACTION SNIPPET 10000 6285 SEEN_PREVIOUSLY b'1617718'
ACTION SNIPPET 10000 6288 SEEN_PREVIOUSLY b'1339576'
ACTION SNIPPET 10000 6291 SNIPPET_NOT_RELEVANT b'1548513'
ACTION SNIPPET 10000 6294 SNIPPET_NOT_RELEVANT b'1695579'
ACTION SNIPPET 10000 6297 SNIPPET_NOT_RELEVANT b'1371379'
ACTION SNIPPET 10000 6300 SEEN_PREVIOUSLY b'1708799'
ACTION SNIPPET 10000 6303 SNIPPET_RELEVANT b'1345499'
ACTION DOC 10000 6323 EXAMINING_DOCUMENT b'1345499'
ACTION MARK 10000 6326 CONSIDERED_RELEVANT b'1345499'
ACTION SNIPPET 10000 6329 SEEN_PREVIOUSLY b'1755721'
ACTION SNIPPET 10000 6332 SNIPPET_NOT_RELEVANT b'1696392'
ACTION SNIPPET 10000 6335 SNIPPET_NOT_RELEVANT b'1726696'
ACTION QUERY 10000 6345 women in parliaments 2015
ACTION SERP 10000 6350 EXAMINE_SERP
ACTION SNIPPET 10000 6353 SNIPPET_NOT_RELEVANT b'1538559'
ACTION SNIPPET 10000 6356 SNIPPET_NOT_RELEVANT b'678307'
ACTION SNIPPET 10000 6359 SNIPPET_NOT_RELEVANT b'1701732'
ACTION SNIPPET 10000 6362 SNIPPET_RELEVANT b'1696806'
ACTION DOC 10000 6382 EXAMINING_DOCUMENT b'1696806'
ACTION SNIPPET 10000 6385 SNIPPET_RELEVANT b'1606958'
ACTION DOC 10000 6405 EXAMINING_DOCUMENT b'1606958'
ACTION SNIPPET 10000 6408 SNIPPET_NOT_RELEVANT b'1461997'
ACTION SNIPPET 10000 6411 SNIPPET_NOT_RELEVANT b'1099414'
ACTION SNIPPET 10000 6414 SNIPPET_NOT_RELEVANT b'169372'
ACTION SNIPPET 10000 6417 SNIPPET_NOT_RELEVANT b'1678205'
ACTION SNIPPET 10000 6420 SNIPPET_RELEVANT b'260655'
ACTION DOC 10000 6440 EXAMINING_DOCUMENT b'260655'
ACTION QUERY 10000 6450 women in parliaments hook
ACTION SERP 10000 6455 EXAMINE_SERP
ACTION SNIPPET 10000 6458 SEEN_PREVIOUSLY b'1294266'
ACTION SNIPPET 10000 6461 SNIPPET_RELEVANT b'655099'
ACTION DOC 10000 6481 EXAMINING_DOCUMENT b'655099'
ACTION SNIPPET 10000 6484 SNIPPET_RELEVANT b'1527415'
ACTION DOC 10000 6504 EXAMINING_DOCUMENT b'1527415'
ACTION SNIPPET 10000 6507 SEEN_PREVIOUSLY b'278069'
ACTION SNIPPET 10000 6510 SEEN_PREVIOUSLY b'1612526'
ACTION SNIPPET 10000 6513 SEEN_PREVIOUSLY b'1419003'
ACTION SNIPPET 10000 6516 SNIPPET_RELEVANT b'510107'
ACTION DOC 10000 6536 EXAMINING_DOCUMENT b'510107'
ACTION SNIPPET 10000 6539 SNIPPET_NOT_RELEVANT b'996584'
ACTION SNIPPET 10000 6542 SEEN_PREVIOUSLY b'1669821'
ACTION SNIPPET 10000 6545 SEEN_PREVIOUSLY b'1708799'
ACTION QUERY 10000 6555 women in parliaments hashemi
ACTION SERP 10000 6560 EXAMINE_SERP
ACTION SNIPPET 10000 6563 SNIPPET_NOT_RELEVANT b'1233346'
ACTION SNIPPET 10000 6566 SEEN_PREVIOUSLY b'1019928'
ACTION SNIPPET 10000 6569 SNIPPET_NOT_RELEVANT b'8284'
ACTION SNIPPET 10000 6572 SNIPPET_RELEVANT b'8284'
ACTION DOC 10000 6592 EXAMINING_DOCUMENT b'8284'
ACTION SNIPPET 10000 6595 SNIPPET_NOT_RELEVANT b'66927'
ACTION SNIPPET 10000 6598 SNIPPET_RELEVANT b'247314'
ACTION DOC 10000 6618 EXAMINING_DOCUMENT b'247314'
ACTION SNIPPET 10000 6621 SEEN_PREVIOUSLY b'1419003'
ACTION SNIPPET 10000 6624 SNIPPET_RELEVANT b'159973'
ACTION DOC 10000 6644 EXAMINING_DOCUMENT b'159973'
ACTION SNIPPET 10000 6647 SNIPPET_RELEVANT b'260520'
ACTION DOC 10000 6667 EXAMINING_DOCUMENT b'260520'
ACTION SNIPPET 10000 6670 SNIPPET_RELEVANT b'248953'
ACTION DOC 10000 6690 EXAMINING_DOCUMENT b'248953'
ACTION QUERY 10000 6700 women in parliaments famous
ACTION SERP 10000 6705 EXAMINE_SERP
ACTION SNIPPET 10000 6708 SEEN_PREVIOUSLY b'885618'
ACTION SNIPPET 10000 6711 SNIPPET_RELEVANT b'276009'
ACTION DOC 10000 6731 EXAMINING_DOCUMENT b'276009'
ACTION SNIPPET 10000 6734 SNIPPET_NOT_RELEVANT b'980463'
ACTION SNIPPET 10000 6737 SNIPPET_NOT_RELEVANT b'1762502'
ACTION SNIPPET 10000 6740 SEEN_PREVIOUSLY b'669587'
ACTION SNIPPET 10000 6743 SEEN_PREVIOUSLY b'278069'
ACTION SNIPPET 10000 6746 SEEN_PREVIOUSLY b'1711918'
ACTION SNIPPET 10000 6749 SEEN_PREVIOUSLY b'1612526'
ACTION SNIPPET 10000 6752 SEEN_PREVIOUSLY b'1419003'
ACTION SNIPPET 10000 6755 SEEN_PREVIOUSLY b'1669821'
ACTION QUERY 10000 6765 women in parliaments june
ACTION SERP 10000 6770 EXAMINE_SERP
ACTION SNIPPET 10000 6773 SEEN_PREVIOUSLY b'1669821'
ACTION SNIPPET 10000 6776 SEEN_PREVIOUSLY b'48725'
ACTION SNIPPET 10000 6779 SEEN_PREVIOUSLY b'1612526'
ACTION SNIPPET 10000 6782 SEEN_PREVIOUSLY b'1204875'
ACTION SNIPPET 10000 6785 SNIPPET_RELEVANT b'1092681'
ACTION DOC 10000 6805 EXAMINING_DOCUMENT b'1092681'
ACTION SNIPPET 10000 6808 SEEN_PREVIOUSLY b'1294266'
ACTION SNIPPET 10000 6811 SNIPPET_NOT_RELEVANT b'456342'
ACTION SNIPPET 10000 6814 SNIPPET_RELEVANT b'748890'
ACTION DOC 10000 6834 EXAMINING_DOCUMENT b'748890'
ACTION SNIPPET 10000 6837 SEEN_PREVIOUSLY b'659276'
ACTION SNIPPET 10000 6840 SEEN_PREVIOUSLY b'931833'
ACTION QUERY 10000 6850 women in parliaments tess
ACTION SERP 10000 6855 EXAMINE_SERP
ACTION SNIPPET 10000 6858 SNIPPET_NOT_RELEVANT b'1605428'
ACTION SNIPPET 10000 6861 SNIPPET_NOT_RELEVANT b'207536'
ACTION SNIPPET 10000 6864 SEEN_PREVIOUSLY b'1294266'
ACTION SNIPPET 10000 6867 SNIPPET_NOT_RELEVANT b'1045366'
ACTION SNIPPET 10000 6870 SNIPPET_RELEVANT b'262859'
ACTION DOC 10000 6890 EXAMINING_DOCUMENT b'262859'
ACTION SNIPPET 10000 6893 SNIPPET_NOT_RELEVANT b'1617847'
ACTION SNIPPET 10000 6896 SNIPPET_NOT_RELEVANT b'1504869'
ACTION SNIPPET 10000 6899 SNIPPET_NOT_RELEVANT b'826356'
ACTION SNIPPET 10000 6902 SNIPPET_NOT_RELEVANT b'234379'
ACTION SNIPPET 10000 6905 SNIPPET_NOT_RELEVANT b'156255'
ACTION QUERY 10000 6915 women in parliaments doi
ACTION SERP 10000 6920 EXAMINE_SERP
ACTION SNIPPET 10000 6923 SEEN_PREVIOUSLY b'309337'
ACTION SNIPPET 10000 6926 SNIPPET_NOT_RELEVANT b'248126'
ACTION SNIPPET 10000 6929 SEEN_PREVIOUSLY b'274086'
ACTION SNIPPET 10000 6932 SNIPPET_RELEVANT b'454493'
ACTION DOC 10000 6952 EXAMINING_DOCUMENT b'454493'
ACTION SNIPPET 10000 6955 SEEN_PREVIOUSLY b'326579'
ACTION SNIPPET 10000 6958 SEEN_PREVIOUSLY b'390205'
ACTION SNIPPET 10000 6961 SNIPPET_NOT_RELEVANT b'267696'
ACTION SNIPPET 10000 6964 SEEN_PREVIOUSLY b'327663'
ACTION SNIPPET 10000 6967 SEEN_PREVIOUSLY b'454741'
ACTION SNIPPET 10000 6970 SEEN_PREVIOUSLY b'332186'
ACTION QUERY 10000 6980 women in parliaments join
ACTION SERP 10000 6985 EXAMINE_SERP
ACTION SNIPPET 10000 6988 SEEN_PREVIOUSLY b'1419003'
ACTION SNIPPET 10000 6991 SEEN_PREVIOUSLY b'1772765'
ACTION SNIPPET 10000 6994 SEEN_PREVIOUSLY b'1108088'
ACTION SNIPPET 10000 6997 SNIPPET_NOT_RELEVANT b'611878'
ACTION SNIPPET 10000 7000 SEEN_PREVIOUSLY b'1162537'
ACTION SNIPPET 10000 7003 SEEN_PREVIOUSLY b'1294266'
ACTION SNIPPET 10000 7006 SEEN_PREVIOUSLY b'982355'
ACTION SNIPPET 10000 7009 SEEN_PREVIOUSLY b'1614644'
ACTION SNIPPET 10000 7012 SEEN_PREVIOUSLY b'1434566'
ACTION SNIPPET 10000 7015 SNIPPET_NOT_RELEVANT b'566117'
ACTION QUERY 10000 7025 women in parliaments countries
ACTION SERP 10000 7030 EXAMINE_SERP
ACTION SNIPPET 10000 7033 SEEN_PREVIOUSLY b'1669821'
ACTION SNIPPET 10000 7036 SEEN_PREVIOUSLY b'1612526'
ACTION SNIPPET 10000 7039 SEEN_PREVIOUSLY b'1120966'
ACTION SNIPPET 10000 7042 SEEN_PREVIOUSLY b'1434566'
ACTION SNIPPET 10000 7045 SEEN_PREVIOUSLY b'1673317'
ACTION SNIPPET 10000 7048 SEEN_PREVIOUSLY b'784875'
ACTION SNIPPET 10000 7051 SEEN_PREVIOUSLY b'1419003'
ACTION SNIPPET 10000 7054 SEEN_PREVIOUSLY b'1162537'
ACTION SNIPPET 10000 7057 SEEN_PREVIOUSLY b'1771996'
ACTION SNIPPET 10000 7060 SEEN_PREVIOUSLY b'573572'
ACTION QUERY 10000 7070 women in parliaments worlds
ACTION SERP 10000 7075 EXAMINE_SERP
ACTION SNIPPET 10000 7078 SEEN_PREVIOUSLY b'278069'
ACTION SNIPPET 10000 7081 SEEN_PREVIOUSLY b'343331'
ACTION SNIPPET 10000 7084 SEEN_PREVIOUSLY b'784875'
ACTION SNIPPET 10000 7087 SEEN_PREVIOUSLY b'714723'
ACTION SNIPPET 10000 7090 SEEN_PREVIOUSLY b'1519223'
ACTION SNIPPET 10000 7093 SEEN_PREVIOUSLY b'1751025'
ACTION SNIPPET 10000 7096 SEEN_PREVIOUSLY b'885618'
ACTION SNIPPET 10000 7099 SEEN_PREVIOUSLY b'633544'
ACTION SNIPPET 10000 7102 SEEN_PREVIOUSLY b'1652890'
ACTION SNIPPET 10000 7105 SNIPPET_NOT_RELEVANT b'571224'
ACTION QUERY 10000 7115 women in parliaments law
ACTION SERP 10000 7120 EXAMINE_SERP
ACTION SNIPPET 10000 7123 SEEN_PREVIOUSLY b'1419003'
ACTION SNIPPET 10000 7126 SEEN_PREVIOUSLY b'1221423'
ACTION SNIPPET 10000 7129 SEEN_PREVIOUSLY b'1669821'
ACTION SNIPPET 10000 7132 SEEN_PREVIOUSLY b'1673317'
ACTION SNIPPET 10000 7135 SEEN_PREVIOUSLY b'731284'
ACTION SNIPPET 10000 7138 SEEN_PREVIOUSLY b'784875'
ACTION SNIPPET 10000 7141 SEEN_PREVIOUSLY b'1197968'
ACTION SNIPPET 10000 7144 SEEN_PREVIOUSLY b'339175'
ACTION SNIPPET 10000 7147 SEEN_PREVIOUSLY b'1751025'
ACTION SNIPPET 10000 7150 SEEN_PREVIOUSLY b'1772765'
ACTION QUERY 10000 7160 women in parliaments colon
ACTION SERP 10000 7165 EXAMINE_SERP
ACTION SNIPPET 10000 7168 SNIPPET_RELEVANT b'1187442'
ACTION DOC 10000 7188 EXAMINING_DOCUMENT b'1187442'
ACTION SNIPPET 10000 7191 SNIPPET_NOT_RELEVANT b'408245'
ACTION SNIPPET 10000 7194 SNIPPET_NOT_RELEVANT b'155036'
ACTION SNIPPET 10000 7197 SNIPPET_NOT_RELEVANT b'1138605'
ACTION SNIPPET 10000 7200 SNIPPET_RELEVANT b'1426189'
ACTION DOC 10000 7220 EXAMINING_DOCUMENT b'1426189'
ACTION SNIPPET 10000 7223 SNIPPET_RELEVANT b'1141099'
ACTION DOC 10000 7243 EXAMINING_DOCUMENT b'1141099'
ACTION SNIPPET 10000 7246 SNIPPET_NOT_RELEVANT b'1332140'
ACTION SNIPPET 10000 7249 SNIPPET_NOT_RELEVANT b'1355809'
ACTION SNIPPET 10000 7252 SNIPPET_RELEVANT b'491560'
ACTION DOC 10000 7272 EXAMINING_DOCUMENT b'491560'
ACTION SNIPPET 10000 7275 SNIPPET_RELEVANT b'409680'
ACTION DOC 10000 7295 EXAMINING_DOCUMENT b'409680'
ACTION QUERY 10000 7305 women in parliaments society
ACTION SERP 10000 7310 EXAMINE_SERP
ACTION SNIPPET 10000 7313 SEEN_PREVIOUSLY b'1221423'
ACTION SNIPPET 10000 7316 SEEN_PREVIOUSLY b'1612526'
ACTION SNIPPET 10000 7319 SEEN_PREVIOUSLY b'1419003'
ACTION SNIPPET 10000 7322 SEEN_PREVIOUSLY b'1171985'
ACTION SNIPPET 10000 7325 SEEN_PREVIOUSLY b'573572'
ACTION SNIPPET 10000 7328 SEEN_PREVIOUSLY b'885618'
ACTION SNIPPET 10000 7331 SEEN_PREVIOUSLY b'1162537'
ACTION SNIPPET 10000 7334 SEEN_PREVIOUSLY b'784875'
ACTION SNIPPET 10000 7337 SEEN_PREVIOUSLY b'1673317'
ACTION SNIPPET 10000 7340 SEEN_PREVIOUSLY b'1434566'
ACTION QUERY 10000 7350 women in parliaments candidate
ACTION SERP 10000 7355 EXAMINE_SERP
ACTION SNIPPET 10000 7358 SEEN_PREVIOUSLY b'1120966'
ACTION SNIPPET 10000 7361 SEEN_PREVIOUSLY b'1771996'
ACTION SNIPPET 10000 7364 SEEN_PREVIOUSLY b'1772765'
ACTION SNIPPET 10000 7367 SEEN_PREVIOUSLY b'1708799'
ACTION SNIPPET 10000 7370 SEEN_PREVIOUSLY b'1751025'
ACTION SNIPPET 10000 7373 SEEN_PREVIOUSLY b'931833'
ACTION SNIPPET 10000 7376 SEEN_PREVIOUSLY b'1434566'
ACTION SNIPPET 10000 7379 SNIPPET_NOT_RELEVANT b'1702427'
ACTION SNIPPET 10000 7382 SEEN_PREVIOUSLY b'784875'
ACTION SNIPPET 10000 7385 SEEN_PREVIOUSLY b'1116367'
ACTION QUERY 10000 7395 women in parliaments hold
ACTION SERP 10000 7400 EXAMINE_SERP
ACTION SNIPPET 10000 7403 SEEN_PREVIOUSLY b'1669821'
ACTION SNIPPET 10000 7406 SEEN_PREVIOUSLY b'1120966'
ACTION SNIPPET 10000 7409 SEEN_PREVIOUSLY b'1116367'
ACTION SNIPPET 10000 7412 SEEN_PREVIOUSLY b'1771996'
ACTION SNIPPET 10000 7415 SEEN_PREVIOUSLY b'1121191'
ACTION SNIPPET 10000 7418 SEEN_PREVIOUSLY b'1772765'
ACTION SNIPPET 10000 7421 SEEN_PREVIOUSLY b'784875'
ACTION SNIPPET 10000 7424 SEEN_PREVIOUSLY b'34619'
ACTION SNIPPET 10000 7427 SEEN_PREVIOUSLY b'1708799'
ACTION SNIPPET 10000 7430 SEEN_PREVIOUSLY b'659276'
ACTION QUERY 10000 7440 women in parliaments jon
ACTION SERP 10000 7445 EXAMINE_SERP
ACTION SNIPPET 10000 7448 SNIPPET_RELEVANT b'143957'
ACTION DOC 10000 7468 EXAMINING_DOCUMENT b'143957'
ACTION SNIPPET 10000 7471 SNIPPET_RELEVANT b'303207'
ACTION DOC 10000 7491 EXAMINING_DOCUMENT b'303207'
ACTION SNIPPET 10000 7494 SEEN_PREVIOUSLY b'278069'
ACTION SNIPPET 10000 7497 SNIPPET_NOT_RELEVANT b'1163484'
ACTION SNIPPET 10000 7500 SEEN_PREVIOUSLY b'1612526'
ACTION SNIPPET 10000 7503 SNIPPET_NOT_RELEVANT b'303042'
ACTION SNIPPET 10000 7506 SNIPPET_NOT_RELEVANT b'1163482'
ACTION SNIPPET 10000 7509 SNIPPET_NOT_RELEVANT b'1257341'
ACTION SNIPPET 10000 7512 SEEN_PREVIOUSLY b'1419003'
ACTION SNIPPET 10000 7515 SEEN_PREVIOUSLY b'1669821'
ACTION QUERY 10000 7525 women in parliaments suffrage
ACTION SERP 10000 7530 EXAMINE_SERP
ACTION SNIPPET 10000 7533 SNIPPET_RELEVANT b'1674498'
ACTION DOC 10000 7553 EXAMINING_DOCUMENT b'1674498'
ACTION MARK 10000 7556 CONSIDERED_RELEVANT b'1674498'
ACTION SNIPPET 10000 7559 SEEN_PREVIOUSLY b'1673317'
ACTION SNIPPET 10000 7562 SEEN_PREVIOUSLY b'1752293'
ACTION SNIPPET 10000 7565 SEEN_PREVIOUSLY b'1772765'
ACTION SNIPPET 10000 7568 SEEN_PREVIOUSLY b'659276'
ACTION SNIPPET 10000 7571 SEEN_PREVIOUSLY b'1669821'
ACTION SNIPPET 10000 7574 SNIPPET_NOT_RELEVANT b'456342'
ACTION SNIPPET 10000 7577 SNIPPET_RELEVANT b'1411749'
ACTION DOC 10000 7597 EXAMINING_DOCUMENT b'1411749'
ACTION SNIPPET 10000 7600 SEEN_PREVIOUSLY b'336804'
ACTION SNIPPET 10000 7603 SNIPPET_NOT_RELEVANT b'1107029'
ACTION QUERY 10000 7613 women in parliaments office
ACTION SERP 10000 7618 EXAMINE_SERP
ACTION SNIPPET 10000 7621 SEEN_PREVIOUSLY b'1294266'
ACTION SNIPPET 10000 7624 SEEN_PREVIOUSLY b'1612526'
ACTION SNIPPET 10000 7627 SEEN_PREVIOUSLY b'1120966'
ACTION SNIPPET 10000 7630 SEEN_PREVIOUSLY b'1434566'
ACTION SNIPPET 10000 7633 SEEN_PREVIOUSLY b'714723'
ACTION SNIPPET 10000 7636 SEEN_PREVIOUSLY b'1669821'
ACTION SNIPPET 10000 7639 SEEN_PREVIOUSLY b'885618'
ACTION SNIPPET 10000 7642 SEEN_PREVIOUSLY b'784875'
ACTION SNIPPET 10000 7645 SEEN_PREVIOUSLY b'1116367'
ACTION SNIPPET 10000 7648 SEEN_PREVIOUSLY b'1772765'
ACTION QUERY 10000 7658 women in parliaments legislator
ACTION SERP 10000 7663 EXAMINE_SERP
ACTION SNIPPET 10000 7666 SEEN_PREVIOUSLY b'1673317'
ACTION SNIPPET 10000 7669 SEEN_PREVIOUSLY b'1294266'
ACTION SNIPPET 10000 7672 SEEN_PREVIOUSLY b'278069'
ACTION SNIPPET 10000 7675 SEEN_PREVIOUSLY b'1221423'
ACTION SNIPPET 10000 7678 SEEN_PREVIOUSLY b'982355'
ACTION SNIPPET 10000 7681 SEEN_PREVIOUSLY b'1669821'
ACTION SNIPPET 10000 7684 SEEN_PREVIOUSLY b'1652890'
ACTION SNIPPET 10000 7687 SEEN_PREVIOUSLY b'1751025'
ACTION SNIPPET 10000 7690 SNIPPET_RELEVANT b'1666333'
ACTION DOC 10000 7710 EXAMINING_DOCUMENT b'1666333'
ACTION MARK 10000 7713 CONSIDERED_RELEVANT b'1666333'
ACTION SNIPPET 10000 7716 SNIPPET_NOT_RELEVANT b'1085142'
ACTION QUERY 10000 7726 women in parliaments shahs
ACTION SERP 10000 7731 EXAMINE_SERP
ACTION SNIPPET 10000 7734 SEEN_PREVIOUSLY b'336804'
ACTION SNIPPET 10000 7737 SEEN_PREVIOUSLY b'1617718'
ACTION SNIPPET 10000 7740 SNIPPET_NOT_RELEVANT b'366860'
ACTION SNIPPET 10000 7743 SNIPPET_RELEVANT b'1192450'
ACTION DOC 10000 7763 EXAMINING_DOCUMENT b'1192450'
ACTION SNIPPET 10000 7766 SEEN_PREVIOUSLY b'1171985'
ACTION SNIPPET 10000 7769 SNIPPET_RELEVANT b'1222755'
ACTION DOC 10000 7789 EXAMINING_DOCUMENT b'1222755'
ACTION SNIPPET 10000 7792 SNIPPET_NOT_RELEVANT b'1559249'
ACTION SNIPPET 10000 7795 SEEN_PREVIOUSLY b'1203173'
ACTION SNIPPET 10000 7798 SNIPPET_NOT_RELEVANT b'1176878'
ACTION SNIPPET 10000 7801 SEEN_PREVIOUSLY b'927254'
ACTION QUERY 10000 7811 women in parliaments china
ACTION SERP 10000 7816 EXAMINE_SERP
ACTION SNIPPET 10000 7819 SEEN_PREVIOUSLY b'784875'
ACTION SNIPPET 10000 7822 SNIPPET_NOT_RELEVANT b'1839931'
ACTION SNIPPET 10000 7825 SNIPPET_RELEVANT b'818956'
ACTION DOC 10000 7845 EXAMINING_DOCUMENT b'818956'
ACTION SNIPPET 10000 7848 SNIPPET_RELEVANT b'1294328'
ACTION DOC 10000 7868 EXAMINING_DOCUMENT b'1294328'
ACTION SNIPPET 10000 7871 SNIPPET_NOT_RELEVANT b'732404'
ACTION SNIPPET 10000 7874 SNIPPET_NOT_RELEVANT b'313362'
ACTION SNIPPET 10000 7877 SNIPPET_NOT_RELEVANT b'786960'
ACTION SNIPPET 10000 7880 SNIPPET_RELEVANT b'836927'
ACTION DOC 10000 7900 EXAMINING_DOCUMENT b'836927'
ACTION SNIPPET 10000 7903 SNIPPET_NOT_RELEVANT b'1657948'
ACTION SNIPPET 10000 7906 SNIPPET_NOT_RELEVANT b'748059'
ACTION QUERY 10000 7916 women in parliaments ignored
ACTION SERP 10000 7921 EXAMINE_SERP
ACTION SNIPPET 10000 7924 SEEN_PREVIOUSLY b'1221423'
ACTION SNIPPET 10000 7927 SNIPPET_RELEVANT b'1158789'
ACTION DOC 10000 7947 EXAMINING_DOCUMENT b'1158789'
ACTION MARK 10000 7950 CONSIDERED_RELEVANT b'1158789'
ACTION SNIPPET 10000 7953 SNIPPET_NOT_RELEVANT b'1350282'
ACTION SNIPPET 10000 7956 SEEN_PREVIOUSLY b'1830941'
ACTION SNIPPET 10000 7959 SEEN_PREVIOUSLY b'8284'
ACTION SNIPPET 10000 7962 SEEN_PREVIOUSLY b'8284'
ACTION SNIPPET 10000 7965 SNIPPET_RELEVANT b'232071'
ACTION DOC 10000 7985 EXAMINING_DOCUMENT b'232071'
ACTION SNIPPET 10000 7988 SNIPPET_NOT_RELEVANT b'723532'
ACTION SNIPPET 10000 7991 SNIPPET_RELEVANT b'605121'
ACTION DOC 10000 8011 EXAMINING_DOCUMENT b'605121'
ACTION SNIPPET 10000 8014 SEEN_PREVIOUSLY b'686333'
ACTION QUERY 10000 8024 women in parliaments mp
ACTION SERP 10000 8029 EXAMINE_SERP
ACTION SNIPPET 10000 8032 SNIPPET_RELEVANT b'141814'
ACTION DOC 10000 8052 EXAMINING_DOCUMENT b'141814'
ACTION SNIPPET 10000 8055 SNIPPET_RELEVANT b'117655'
ACTION DOC 10000 8075 EXAMINING_DOCUMENT b'117655'
ACTION SNIPPET 10000 8078 SNIPPET_RELEVANT b'231464'
ACTION DOC 10000 8098 EXAMINING_DOCUMENT b'231464'
ACTION SNIPPET 10000 8101 SNIPPET_RELEVANT b'535388'
ACTION DOC 10000 8121 EXAMINING_DOCUMENT b'535388'
ACTION SNIPPET 10000 8124 SNIPPET_RELEVANT b'353474'
ACTION DOC 10000 8144 EXAMINING_DOCUMENT b'353474'
ACTION SNIPPET 10000 8147 SNIPPET_NOT_RELEVANT b'71383'
ACTION SNIPPET 10000 8150 SNIPPET_RELEVANT b'1620798'
ACTION DOC 10000 8170 EXAMINING_DOCUMENT b'1620798'
ACTION SNIPPET 10000 8173 SNIPPET_NOT_RELEVANT b'1641542'
ACTION SNIPPET 10000 8176 SNIPPET_NOT_RELEVANT b'378924'
ACTION SNIPPET 10000 8179 SNIPPET_RELEVANT b'388742'
ACTION DOC 10000 8199 EXAMINING_DOCUMENT b'388742'
ACTION QUERY 10000 8209 women in parliaments doh
ACTION SERP 10000 8214 EXAMINE_SERP
ACTION SNIPPET 10000 8217 SEEN_PREVIOUSLY b'309337'
ACTION SNIPPET 10000 8220 SNIPPET_NOT_RELEVANT b'306505'
ACTION SNIPPET 10000 8223 SNIPPET_NOT_RELEVANT b'1484790'
ACTION SNIPPET 10000 8226 SNIPPET_NOT_RELEVANT b'816112'
ACTION SNIPPET 10000 8229 SNIPPET_RELEVANT b'1479993'
ACTION DOC 10000 8249 EXAMINING_DOCUMENT b'1479993'
ACTION SNIPPET 10000 8252 SNIPPET_RELEVANT b'1089799'
ACTION DOC 10000 8272 EXAMINING_DOCUMENT b'1089799'
ACTION SNIPPET 10000 8275 SNIPPET_NOT_RELEVANT b'1726227'
ACTION SNIPPET 10000 8278 SNIPPET_RELEVANT b'178540'
ACTION DOC 10000 8298 EXAMINING_DOCUMENT b'178540'
ACTION SNIPPET 10000 8301 SNIPPET_NOT_RELEVANT b'1776179'
ACTION SNIPPET 10000 8304 SNIPPET_NOT_RELEVANT b'1391982'
ACTION QUERY 10000 8314 women in parliaments na
ACTION SERP 10000 8319 EXAMINE_SERP
ACTION SNIPPET 10000 8322 SNIPPET_RELEVANT b'828938'
ACTION DOC 10000 8342 EXAMINING_DOCUMENT b'828938'
ACTION SNIPPET 10000 8345 SNIPPET_NOT_RELEVANT b'1374019'
ACTION SNIPPET 10000 8348 SNIPPET_RELEVANT b'788029'
ACTION DOC 10000 8368 EXAMINING_DOCUMENT b'788029'
ACTION SNIPPET 10000 8371 SNIPPET_RELEVANT b'27087'
ACTION DOC 10000 8391 EXAMINING_DOCUMENT b'27087'
ACTION SNIPPET 10000 8394 SNIPPET_RELEVANT b'1782404'
ACTION DOC 10000 8414 EXAMINING_DOCUMENT b'1782404'
ACTION SNIPPET 10000 8417 SNIPPET_RELEVANT b'1797312'
ACTION DOC 10000 8437 EXAMINING_DOCUMENT b'1797312'
ACTION SNIPPET 10000 8440 SNIPPET_RELEVANT b'1196019'
ACTION DOC 10000 8460 EXAMINING_DOCUMENT b'1196019'
ACTION SNIPPET 10000 8463 SNIPPET_RELEVANT b'687676'
ACTION DOC 10000 8483 EXAMINING_DOCUMENT b'687676'
ACTION SNIPPET 10000 8486 SNIPPET_NOT_RELEVANT b'1569675'
ACTION SNIPPET 10000 8489 SNIPPET_NOT_RELEVANT b'227621'
ACTION QUERY 10000 8499 women in parliaments movement
ACTION SERP 10000 8504 EXAMINE_SERP
ACTION SNIPPET 10000 8507 SEEN_PREVIOUSLY b'722210'
ACTION SNIPPET 10000 8510 SNIPPET_RELEVANT b'306945'
ACTION DOC 10000 8530 EXAMINING_DOCUMENT b'306945'
ACTION SNIPPET 10000 8533 SNIPPET_NOT_RELEVANT b'942549'
ACTION SNIPPET 10000 8536 SEEN_PREVIOUSLY b'573572'
ACTION SNIPPET 10000 8539 SEEN_PREVIOUSLY b'1203173'
ACTION SNIPPET 10000 8542 SNIPPET_RELEVANT b'1617745'
ACTION DOC 10000 8562 EXAMINING_DOCUMENT b'1617745'
ACTION SNIPPET 10000 8565 SNIPPET_NOT_RELEVANT b'1502773'
ACTION SNIPPET 10000 8568 SEEN_PREVIOUSLY b'659276'
ACTION SNIPPET 10000 8571 SEEN_PREVIOUSLY b'1708799'
ACTION SNIPPET 10000 8574 SNIPPET_RELEVANT b'1195778'
ACTION DOC 10000 8594 EXAMINING_DOCUMENT b'1195778'
ACTION QUERY 10000 8604 women in parliaments participating
ACTION SERP 10000 8609 EXAMINE_SERP
ACTION SNIPPET 10000 8612 SEEN_PREVIOUSLY b'1669821'
ACTION SNIPPET 10000 8615 SEEN_PREVIOUSLY b'784875'
ACTION SNIPPET 10000 8618 SEEN_PREVIOUSLY b'1751025'
ACTION SNIPPET 10000 8621 SEEN_PREVIOUSLY b'1666333'
ACTION SNIPPET 10000 8624 SNIPPET_NOT_RELEVANT b'98851'
ACTION SNIPPET 10000 8627 SNIPPET_NOT_RELEVANT b'607440'
ACTION SNIPPET 10000 8630 SNIPPET_NOT_RELEVANT b'577070'
ACTION SNIPPET 10000 8633 SEEN_PREVIOUSLY b'1540084'
ACTION SNIPPET 10000 8636 SNIPPET_RELEVANT b'1702427'
ACTION DOC 10000 8656 EXAMINING_DOCUMENT b'1702427'
ACTION MARK 10000 8659 CONSIDERED_RELEVANT b'1702427'
ACTION SNIPPET 10000 8662 SEEN_PREVIOUSLY b'391405'
ACTION QUERY 10000 8672 women in parliaments meeting
ACTION SERP 10000 8677 EXAMINE_SERP
ACTION SNIPPET 10000 8680 SEEN_PREVIOUSLY b'1612526'
ACTION SNIPPET 10000 8683 SNIPPET_NOT_RELEVANT b'404753'
ACTION SNIPPET 10000 8686 SEEN_PREVIOUSLY b'1092681'
ACTION SNIPPET 10000 8689 SEEN_PREVIOUSLY b'1470463'
ACTION SNIPPET 10000 8692 SEEN_PREVIOUSLY b'1294266'
ACTION SNIPPET 10000 8695 SNIPPET_RELEVANT b'1032547'
ACTION DOC 10000 8715 EXAMINING_DOCUMENT b'1032547'
ACTION SNIPPET 10000 8718 SEEN_PREVIOUSLY b'1434566'
ACTION SNIPPET 10000 8721 SEEN_PREVIOUSLY b'1726138'
ACTION SNIPPET 10000 8724 SNIPPET_RELEVANT b'1611961'
ACTION DOC 10000 8744 EXAMINING_DOCUMENT b'1611961'
ACTION SNIPPET 10000 8747 SEEN_PREVIOUSLY b'278069'
ACTION QUERY 10000 8757 women in parliaments walking
ACTION SERP 10000 8762 EXAMINE_SERP
ACTION SNIPPET 10000 8765 SEEN_PREVIOUSLY b'1339576'
ACTION SNIPPET 10000 8768 SEEN_PREVIOUSLY b'1434566'
ACTION SNIPPET 10000 8771 SEEN_PREVIOUSLY b'931833'
ACTION SNIPPET 10000 8774 SNIPPET_RELEVANT b'1140399'
ACTION DOC 10000 8794 EXAMINING_DOCUMENT b'1140399'
ACTION SNIPPET 10000 8797 SNIPPET_RELEVANT b'836910'
ACTION DOC 10000 8817 EXAMINING_DOCUMENT b'836910'
ACTION SNIPPET 10000 8820 SNIPPET_RELEVANT b'1784649'
ACTION DOC 10000 8840 EXAMINING_DOCUMENT b'1784649'
ACTION SNIPPET 10000 8843 SNIPPET_NOT_RELEVANT b'1307364'
ACTION SNIPPET 10000 8846 SEEN_PREVIOUSLY b'278069'
ACTION SNIPPET 10000 8849 SEEN_PREVIOUSLY b'1612526'
ACTION SNIPPET 10000 8852 SEEN_PREVIOUSLY b'1437465'
ACTION QUERY 10000 8862 women in parliaments problem
ACTION SERP 10000 8867 EXAMINE_SERP
ACTION SNIPPET 10000 8870 SEEN_PREVIOUSLY b'1669821'
ACTION SNIPPET 10000 8873 SEEN_PREVIOUSLY b'1221423'
ACTION SNIPPET 10000 8876 SEEN_PREVIOUSLY b'1612526'
ACTION SNIPPET 10000 8879 SEEN_PREVIOUSLY b'1652890'
ACTION SNIPPET 10000 8882 SEEN_PREVIOUSLY b'573572'
ACTION SNIPPET 10000 8885 SEEN_PREVIOUSLY b'302716'
ACTION SNIPPET 10000 8888 SEEN_PREVIOUSLY b'1294266'
ACTION SNIPPET 10000 8891 SEEN_PREVIOUSLY b'731284'
ACTION SNIPPET 10000 8894 SEEN_PREVIOUSLY b'982355'
ACTION SNIPPET 10000 8897 SEEN_PREVIOUSLY b'1771996'
ACTION QUERY 10000 8907 women in parliaments ireland
ACTION SERP 10000 8912 EXAMINE_SERP
ACTION SNIPPET 10000 8915 SEEN_PREVIOUSLY b'573572'
ACTION SNIPPET 10000 8918 SEEN_PREVIOUSLY b'722210'
ACTION SNIPPET 10000 8921 SEEN_PREVIOUSLY b'667733'
ACTION SNIPPET 10000 8924 SNIPPET_RELEVANT b'540126'
ACTION DOC 10000 8944 EXAMINING_DOCUMENT b'540126'
ACTION SNIPPET 10000 8947 SEEN_PREVIOUSLY b'1092681'
ACTION SNIPPET 10000 8950 SNIPPET_RELEVANT b'566117'
ACTION DOC 10000 8970 EXAMINING_DOCUMENT b'566117'
ACTION SNIPPET 10000 8973 SEEN_PREVIOUSLY b'748890'
ACTION SNIPPET 10000 8976 SNIPPET_NOT_RELEVANT b'411356'
ACTION SNIPPET 10000 8979 SNIPPET_NOT_RELEVANT b'723532'
ACTION SNIPPET 10000 8982 SNIPPET_NOT_RELEVANT b'508442'
ACTION QUERY 10000 8992 women in parliaments american
ACTION SERP 10000 8997 EXAMINE_SERP
ACTION SNIPPET 10000 9000 SEEN_PREVIOUSLY b'714723'
ACTION SNIPPET 10000 9003 SEEN_PREVIOUSLY b'784875'
ACTION SNIPPET 10000 9006 SEEN_PREVIOUSLY b'982355'
ACTION SNIPPET 10000 9009 SEEN_PREVIOUSLY b'1434566'
ACTION SNIPPET 10000 9012 SEEN_PREVIOUSLY b'278069'
ACTION SNIPPET 10000 9015 SEEN_PREVIOUSLY b'1612526'
ACTION SNIPPET 10000 9018 SEEN_PREVIOUSLY b'1092681'
ACTION SNIPPET 10000 9021 SEEN_PREVIOUSLY b'1419003'
ACTION SNIPPET 10000 9024 SEEN_PREVIOUSLY b'1755721'
ACTION SNIPPET 10000 9027 SEEN_PREVIOUSLY b'1669821'
ACTION QUERY 10000 9037 women in parliaments deputies
ACTION SERP 10000 9042 EXAMINE_SERP
ACTION SNIPPET 10000 9045 SEEN_PREVIOUSLY b'1104686'
ACTION SNIPPET 10000 9048 SEEN_PREVIOUSLY b'1121191'
ACTION SNIPPET 10000 9051 SEEN_PREVIOUSLY b'669587'
ACTION SNIPPET 10000 9054 SNIPPET_NOT_RELEVANT b'1755904'
ACTION SNIPPET 10000 9057 SEEN_PREVIOUSLY b'521171'
ACTION SNIPPET 10000 9060 SEEN_PREVIOUSLY b'1032547'
ACTION SNIPPET 10000 9063 SNIPPET_RELEVANT b'254500'
ACTION DOC 10000 9083 EXAMINING_DOCUMENT b'254500'
ACTION SNIPPET 10000 9086 SNIPPET_RELEVANT b'860781'
ACTION DOC 10000 9106 EXAMINING_DOCUMENT b'860781'
ACTION MARK 10000 9109 CONSIDERED_RELEVANT b'860781'
ACTION SNIPPET 10000 9112 SNIPPET_RELEVANT b'646417'
ACTION DOC 10000 9132 EXAMINING_DOCUMENT b'646417'
ACTION SNIPPET 10000 9135 SEEN_PREVIOUSLY b'1726138'
ACTION QUERY 10000 9145 women in parliaments uganda
ACTION SERP 10000 9150 EXAMINE_SERP
ACTION SNIPPET 10000 9153 SEEN_PREVIOUSLY b'860781'
ACTION SNIPPET 10000 9156 SNIPPET_RELEVANT b'933804'
ACTION DOC 10000 9176 EXAMINING_DOCUMENT b'933804'
ACTION SNIPPET 10000 9179 SNIPPET_RELEVANT b'359161'
ACTION DOC 10000 9199 EXAMINING_DOCUMENT b'359161'
ACTION SNIPPET 10000 9202 SEEN_PREVIOUSLY b'1141590'
ACTION SNIPPET 10000 9205 SNIPPET_RELEVANT b'1260405'
ACTION DOC 10000 9225 EXAMINING_DOCUMENT b'1260405'
ACTION SNIPPET 10000 9228 SEEN_PREVIOUSLY b'1078230'
ACTION SNIPPET 10000 9231 SNIPPET_RELEVANT b'1535165'
ACTION DOC 10000 9251 EXAMINING_DOCUMENT b'1535165'
ACTION SNIPPET 10000 9254 SEEN_PREVIOUSLY b'1540084'
ACTION SNIPPET 10000 9257 SNIPPET_NOT_RELEVANT b'1686975'
ACTION SNIPPET 10000 9260 SNIPPET_RELEVANT b'1819418'
ACTION DOC 10000 9280 EXAMINING_DOCUMENT b'1819418'
ACTION QUERY 10000 9290 women in parliaments suffragist
ACTION SERP 10000 9295 EXAMINE_SERP
ACTION SNIPPET 10000 9298 SNIPPET_RELEVANT b'744730'
ACTION DOC 10000 9318 EXAMINING_DOCUMENT b'744730'
ACTION SNIPPET 10000 9321 SNIPPET_NOT_RELEVANT b'3138'
ACTION SNIPPET 10000 9324 SNIPPET_NOT_RELEVANT b'3138'
ACTION SNIPPET 10000 9327 SNIPPET_NOT_RELEVANT b'782956'
ACTION SNIPPET 10000 9330 SNIPPET_RELEVANT b'879712'
ACTION DOC 10000 9350 EXAMINING_DOCUMENT b'879712'
ACTION SNIPPET 10000 9353 SNIPPET_NOT_RELEVANT b'322488'
ACTION SNIPPET 10000 9356 SNIPPET_NOT_RELEVANT b'838871'
ACTION SNIPPET 10000 9359 SNIPPET_RELEVANT b'736292'
ACTION DOC 10000 9379 EXAMINING_DOCUMENT b'736292'
ACTION SNIPPET 10000 9382 SNIPPET_RELEVANT b'790715'
ACTION DOC 10000 9402 EXAMINING_DOCUMENT b'790715'
ACTION SNIPPET 10000 9405 SNIPPET_NOT_RELEVANT b'1224716'
ACTION QUERY 10000 9415 women in parliaments exit
ACTION SERP 10000 9420 EXAMINE_SERP
ACTION SNIPPET 10000 9423 SEEN_PREVIOUSLY b'1296147'
ACTION SNIPPET 10000 9426 SEEN_PREVIOUSLY b'1294266'
ACTION SNIPPET 10000 9429 SNIPPET_RELEVANT b'693317'
ACTION DOC 10000 9449 EXAMINING_DOCUMENT b'693317'
ACTION SNIPPET 10000 9452 SNIPPET_NOT_RELEVANT b'534166'
ACTION SNIPPET 10000 9455 SNIPPET_NOT_RELEVANT b'1581114'
ACTION SNIPPET 10000 9458 SNIPPET_NOT_RELEVANT b'558184'
ACTION SNIPPET 10000 9461 SNIPPET_NOT_RELEVANT b'441295'
ACTION SNIPPET 10000 9464 SEEN_PREVIOUSLY b'278069'
ACTION SNIPPET 10000 9467 SEEN_PREVIOUSLY b'1612526'
ACTION SNIPPET 10000 9470 SEEN_PREVIOUSLY b'1419003'
ACTION QUERY 10000 9480 women in parliaments start
ACTION SERP 10000 9485 EXAMINE_SERP
ACTION SNIPPET 10000 9488 SEEN_PREVIOUSLY b'278069'
ACTION SNIPPET 10000 9491 SEEN_PREVIOUSLY b'1612526'
ACTION SNIPPET 10000 9494 SEEN_PREVIOUSLY b'885618'
ACTION SNIPPET 10000 9497 SEEN_PREVIOUSLY b'573572'
ACTION SNIPPET 10000 9500 SEEN_PREVIOUSLY b'1294266'
ACTION SNIPPET 10000 9503 SEEN_PREVIOUSLY b'982355'
ACTION SNIPPET 10000 9506 SEEN_PREVIOUSLY b'1419003'
ACTION SNIPPET 10000 9509 SEEN_PREVIOUSLY b'1078230'
ACTION SNIPPET 10000 9512 SEEN_PREVIOUSLY b'1611961'
ACTION SNIPPET 10000 9515 SEEN_PREVIOUSLY b'1669821'
ACTION QUERY 10000 9525 women in parliaments win
ACTION SERP 10000 9530 EXAMINE_SERP
ACTION SNIPPET 10000 9533 SEEN_PREVIOUSLY b'1708799'
ACTION SNIPPET 10000 9536 SEEN_PREVIOUSLY b'1669821'
ACTION SNIPPET 10000 9539 SNIPPET_RELEVANT b'1773002'
ACTION DOC 10000 9559 EXAMINING_DOCUMENT b'1773002'
ACTION MARK 10000 9562 CONSIDERED_RELEVANT b'1773002'
ACTION SNIPPET 10000 9565 SEEN_PREVIOUSLY b'302716'
ACTION SNIPPET 10000 9568 SEEN_PREVIOUSLY b'1772765'
ACTION SNIPPET 10000 9571 SEEN_PREVIOUSLY b'1771996'
ACTION SNIPPET 10000 9574 SEEN_PREVIOUSLY b'1437465'
ACTION SNIPPET 10000 9577 SEEN_PREVIOUSLY b'327663'
ACTION SNIPPET 10000 9580 SEEN_PREVIOUSLY b'1162537'
ACTION SNIPPET 10000 9583 SEEN_PREVIOUSLY b'1294266'
ACTION QUERY 10000 9593 women in parliaments qatar
ACTION SERP 10000 9598 EXAMINE_SERP
ACTION SNIPPET 10000 9601 SEEN_PREVIOUSLY b'1669821'
ACTION SNIPPET 10000 9604 SNIPPET_RELEVANT b'1120970'
ACTION DOC 10000 9624 EXAMINING_DOCUMENT b'1120970'
ACTION SNIPPET 10000 9627 SNIPPET_NOT_RELEVANT b'1434519'
ACTION SNIPPET 10000 9630 SNIPPET_NOT_RELEVANT b'1653610'
ACTION SNIPPET 10000 9633 SNIPPET_NOT_RELEVANT b'942760'
ACTION SNIPPET 10000 9636 SNIPPET_RELEVANT b'945085'
ACTION DOC 10000 9656 EXAMINING_DOCUMENT b'945085'
ACTION SNIPPET 10000 9659 SNIPPET_NOT_RELEVANT b'528309'
ACTION SNIPPET 10000 9662 SNIPPET_RELEVANT b'1341045'
ACTION DOC 10000 9682 EXAMINING_DOCUMENT b'1341045'
ACTION SNIPPET 10000 9685 SNIPPET_RELEVANT b'1392085'
ACTION DOC 10000 9705 EXAMINING_DOCUMENT b'1392085'
ACTION SNIPPET 10000 9708 SNIPPET_NOT_RELEVANT b'1394326'
ACTION QUERY 10000 9718 women in parliaments ran
ACTION SERP 10000 9723 EXAMINE_SERP
ACTION SNIPPET 10000 9726 SEEN_PREVIOUSLY b'1752293'
ACTION SNIPPET 10000 9729 SEEN_PREVIOUSLY b'885618'
ACTION SNIPPET 10000 9732 SEEN_PREVIOUSLY b'1773002'
ACTION SNIPPET 10000 9735 SEEN_PREVIOUSLY b'860781'
ACTION SNIPPET 10000 9738 SEEN_PREVIOUSLY b'1708799'
ACTION SNIPPET 10000 9741 SNIPPET_RELEVANT b'850409'
ACTION DOC 10000 9761 EXAMINING_DOCUMENT b'850409'
ACTION SNIPPET 10000 9764 SNIPPET_RELEVANT b'1755904'
ACTION DOC 10000 9784 EXAMINING_DOCUMENT b'1755904'
ACTION SNIPPET 10000 9787 SEEN_PREVIOUSLY b'1294266'
ACTION SNIPPET 10000 9790 SEEN_PREVIOUSLY b'521171'
ACTION SNIPPET 10000 9793 SEEN_PREVIOUSLY b'1434566'
ACTION QUERY 10000 9803 women in parliaments husbands
ACTION SERP 10000 9808 EXAMINE_SERP
ACTION SNIPPET 10000 9811 SEEN_PREVIOUSLY b'885618'
ACTION SNIPPET 10000 9814 SEEN_PREVIOUSLY b'1171985'
ACTION SNIPPET 10000 9817 SEEN_PREVIOUSLY b'297178'
ACTION SNIPPET 10000 9820 SEEN_PREVIOUSLY b'523441'
ACTION SNIPPET 10000 9823 SNIPPET_NOT_RELEVANT b'571224'
ACTION SNIPPET 10000 9826 SEEN_PREVIOUSLY b'1612526'
ACTION SNIPPET 10000 9829 SEEN_PREVIOUSLY b'1652890'
ACTION SNIPPET 10000 9832 SEEN_PREVIOUSLY b'667733'
ACTION SNIPPET 10000 9835 SEEN_PREVIOUSLY b'279632'
ACTION SNIPPET 10000 9838 SNIPPET_NOT_RELEVANT b'206207'
ACTION QUERY 10000 9848 women in parliaments blocked
ACTION SERP 10000 9853 EXAMINE_SERP
ACTION SNIPPET 10000 9856 SEEN_PREVIOUSLY b'1419003'
ACTION SNIPPET 10000 9859 SEEN_PREVIOUSLY b'1120966'
ACTION SNIPPET 10000 9862 SEEN_PREVIOUSLY b'1669821'
ACTION SNIPPET 10000 9865 SEEN_PREVIOUSLY b'339175'
ACTION SNIPPET 10000 9868 SEEN_PREVIOUSLY b'722210'
ACTION SNIPPET 10000 9871 SEEN_PREVIOUSLY b'1518382'
ACTION SNIPPET 10000 9874 SEEN_PREVIOUSLY b'1121191'
ACTION SNIPPET 10000 9877 SEEN_PREVIOUSLY b'1110802'
ACTION SNIPPET 10000 9880 SEEN_PREVIOUSLY b'1104686'
ACTION SNIPPET 10000 9883 SEEN_PREVIOUSLY b'309337'
ACTION QUERY 10000 9893 women in parliaments participate
ACTION SERP 10000 9898 EXAMINE_SERP
ACTION SNIPPET 10000 9901 SEEN_PREVIOUSLY b'1669821'
ACTION SNIPPET 10000 9904 SEEN_PREVIOUSLY b'784875'
ACTION SNIPPET 10000 9907 SEEN_PREVIOUSLY b'1751025'
ACTION SNIPPET 10000 9910 SEEN_PREVIOUSLY b'1666333'
ACTION SNIPPET 10000 9913 SNIPPET_NOT_RELEVANT b'98851'
ACTION SNIPPET 10000 9916 SNIPPET_NOT_RELEVANT b'607440'
ACTION SNIPPET 10000 9919 SNIPPET_NOT_RELEVANT b'577070'
ACTION SNIPPET 10000 9922 SEEN_PREVIOUSLY b'1540084'
ACTION SNIPPET 10000 9925 SEEN_PREVIOUSLY b'1702427'
ACTION SNIPPET 10000 9928 SEEN_PREVIOUSLY b'391405'
ACTION QUERY 10000 9938 women in parliaments allowing
ACTION SERP 10000 9943 EXAMINE_SERP
ACTION SNIPPET 10000 9946 SEEN_PREVIOUSLY b'1612526'
ACTION SNIPPET 10000 9949 SEEN_PREVIOUSLY b'1120966'
ACTION SNIPPET 10000 9952 SEEN_PREVIOUSLY b'1162537'
ACTION SNIPPET 10000 9955 SEEN_PREVIOUSLY b'1669821'
ACTION SNIPPET 10000 9958 SEEN_PREVIOUSLY b'1673317'
ACTION SNIPPET 10000 9961 SEEN_PREVIOUSLY b'982355'
ACTION SNIPPET 10000 9964 SEEN_PREVIOUSLY b'1771996'
ACTION SNIPPET 10000 9967 SEEN_PREVIOUSLY b'722210'
ACTION SNIPPET 10000 9970 SEEN_PREVIOUSLY b'1116367'
ACTION SNIPPET 10000 9973 SEEN_PREVIOUSLY b'1434566'
ACTION QUERY 10000 9983 women in parliaments passed
ACTION SERP 10000 9988 EXAMINE_SERP
ACTION SNIPPET 10000 9991 SEEN_PREVIOUSLY b'1669821'
ACTION SNIPPET 10000 9994 SEEN_PREVIOUSLY b'1673317'
ACTION SNIPPET 10000 9997 SEEN_PREVIOUSLY b'1751025'
ACTION SNIPPET 10000 10000 SEEN_PREVIOUSLY b'1197968'
INFO SUMMARY 
INFO TOTAL_QUERIES_ISSUED 114
INFO TOTAL_SNIPPETS_EXAMINED 1134
INFO TOTAL_DOCUMENTS_EXAMINED 236
INFO TOTAL_DOCUMENTS_MARKED_RELEVANT 56
INFO TOTAL_ATTRACTIVE_SERP_IMPRESSIONS 114
INFO TOTAL_UNATTRACTIVE_SERP_IMPRESSIONS 0
