ACTION QUERY 10000 10 mainstreaming
ACTION SERP 10000 15 EXAMINE_SERP
ACTION SNIPPET 10000 18 SNIPPET_NOT_RELEVANT b'959337'
ACTION SNIPPET 10000 21 SNIPPET_NOT_RELEVANT b'973283'
ACTION SNIPPET 10000 24 SNIPPET_RELEVANT b'183910'
ACTION DOC 10000 44 EXAMINING_DOCUMENT b'183910'
ACTION SNIPPET 10000 47 SNIPPET_RELEVANT b'1718294'
ACTION DOC 10000 67 EXAMINING_DOCUMENT b'1718294'
ACTION SNIPPET 10000 70 SNIPPET_NOT_RELEVANT b'1267884'
ACTION SNIPPET 10000 73 SNIPPET_RELEVANT b'1129279'
ACTION DOC 10000 93 EXAMINING_DOCUMENT b'1129279'
ACTION SNIPPET 10000 96 SNIPPET_NOT_RELEVANT b'610900'
ACTION SNIPPET 10000 99 SNIPPET_RELEVANT b'1216237'
ACTION DOC 10000 119 EXAMINING_DOCUMENT b'1216237'
ACTION SNIPPET 10000 122 SNIPPET_RELEVANT b'166353'
ACTION DOC 10000 142 EXAMINING_DOCUMENT b'166353'
ACTION SNIPPET 10000 145 SNIPPET_RELEVANT b'900664'
ACTION DOC 10000 165 EXAMINING_DOCUMENT b'900664'
ACTION QUERY 10000 175 mainstreaming benefits
ACTION SERP 10000 180 EXAMINE_SERP
ACTION SNIPPET 10000 183 SNIPPET_RELEVANT b'707506'
ACTION DOC 10000 203 EXAMINING_DOCUMENT b'707506'
ACTION SNIPPET 10000 206 SNIPPET_RELEVANT b'710306'
ACTION DOC 10000 226 EXAMINING_DOCUMENT b'710306'
ACTION SNIPPET 10000 229 SNIPPET_NOT_RELEVANT b'689233'
ACTION SNIPPET 10000 232 SEEN_PREVIOUSLY b'1216237'
ACTION SNIPPET 10000 235 SNIPPET_NOT_RELEVANT b'830871'
ACTION SNIPPET 10000 238 SNIPPET_NOT_RELEVANT b'610900'
ACTION SNIPPET 10000 241 SEEN_PREVIOUSLY b'183910'
ACTION SNIPPET 10000 244 SNIPPET_RELEVANT b'709570'
ACTION DOC 10000 264 EXAMINING_DOCUMENT b'709570'
ACTION SNIPPET 10000 267 SNIPPET_NOT_RELEVANT b'747516'
ACTION SNIPPET 10000 270 SNIPPET_NOT_RELEVANT b'686752'
ACTION QUERY 10000 280 mainstreaming voted
ACTION SERP 10000 285 EXAMINE_SERP
ACTION SNIPPET 10000 288 SNIPPET_NOT_RELEVANT b'959337'
ACTION SNIPPET 10000 291 SNIPPET_NOT_RELEVANT b'1221414'
ACTION SNIPPET 10000 294 SNIPPET_NOT_RELEVANT b'1267884'
ACTION SNIPPET 10000 297 SNIPPET_NOT_RELEVANT b'568862'
ACTION SNIPPET 10000 300 SNIPPET_RELEVANT b'885652'
ACTION DOC 10000 320 EXAMINING_DOCUMENT b'885652'
ACTION SNIPPET 10000 323 SNIPPET_NOT_RELEVANT b'1599531'
ACTION SNIPPET 10000 326 SNIPPET_RELEVANT b'1748477'
ACTION DOC 10000 346 EXAMINING_DOCUMENT b'1748477'
ACTION SNIPPET 10000 349 SNIPPET_RELEVANT b'708060'
ACTION DOC 10000 369 EXAMINING_DOCUMENT b'708060'
ACTION SNIPPET 10000 372 SNIPPET_RELEVANT b'157316'
ACTION DOC 10000 392 EXAMINING_DOCUMENT b'157316'
ACTION SNIPPET 10000 395 SNIPPET_NOT_RELEVANT b'1213173'
ACTION QUERY 10000 405 mainstreaming whos
ACTION SERP 10000 410 EXAMINE_SERP
ACTION SNIPPET 10000 413 SNIPPET_RELEVANT b'973283'
ACTION DOC 10000 433 EXAMINING_DOCUMENT b'973283'
ACTION SNIPPET 10000 436 SNIPPET_NOT_RELEVANT b'959337'
ACTION SNIPPET 10000 439 SNIPPET_RELEVANT b'1267884'
ACTION DOC 10000 459 EXAMINING_DOCUMENT b'1267884'
ACTION SNIPPET 10000 462 SEEN_PREVIOUSLY b'1129279'
ACTION SNIPPET 10000 465 SEEN_PREVIOUSLY b'166353'
ACTION SNIPPET 10000 468 SEEN_PREVIOUSLY b'183910'
ACTION SNIPPET 10000 471 SNIPPET_NOT_RELEVANT b'610900'
ACTION SNIPPET 10000 474 SNIPPET_NOT_RELEVANT b'1083301'
ACTION SNIPPET 10000 477 SEEN_PREVIOUSLY b'1718294'
ACTION SNIPPET 10000 480 SNIPPET_NOT_RELEVANT b'1038169'
ACTION QUERY 10000 490 mainstreaming endorse
ACTION SERP 10000 495 EXAMINE_SERP
ACTION SNIPPET 10000 498 SNIPPET_RELEVANT b'98752'
ACTION DOC 10000 518 EXAMINING_DOCUMENT b'98752'
ACTION SNIPPET 10000 521 SNIPPET_RELEVANT b'1557360'
ACTION DOC 10000 541 EXAMINING_DOCUMENT b'1557360'
ACTION SNIPPET 10000 544 SNIPPET_NOT_RELEVANT b'1832436'
ACTION SNIPPET 10000 547 SNIPPET_NOT_RELEVANT b'1851756'
ACTION SNIPPET 10000 550 SNIPPET_NOT_RELEVANT b'1836785'
ACTION SNIPPET 10000 553 SNIPPET_RELEVANT b'1565253'
ACTION DOC 10000 573 EXAMINING_DOCUMENT b'1565253'
ACTION SNIPPET 10000 576 SNIPPET_NOT_RELEVANT b'1277440'
ACTION SNIPPET 10000 579 SNIPPET_NOT_RELEVANT b'746294'
ACTION SNIPPET 10000 582 SNIPPET_NOT_RELEVANT b'700182'
ACTION SNIPPET 10000 585 SNIPPET_RELEVANT b'1553866'
ACTION DOC 10000 605 EXAMINING_DOCUMENT b'1553866'
ACTION QUERY 10000 615 mainstreaming difference
ACTION SERP 10000 620 EXAMINE_SERP
ACTION SNIPPET 10000 623 SNIPPET_RELEVANT b'1557431'
ACTION DOC 10000 643 EXAMINING_DOCUMENT b'1557431'
ACTION SNIPPET 10000 646 SNIPPET_NOT_RELEVANT b'689233'
ACTION SNIPPET 10000 649 SNIPPET_RELEVANT b'695440'
ACTION DOC 10000 669 EXAMINING_DOCUMENT b'695440'
ACTION SNIPPET 10000 672 SNIPPET_NOT_RELEVANT b'398058'
ACTION SNIPPET 10000 675 SEEN_PREVIOUSLY b'98752'
ACTION SNIPPET 10000 678 SNIPPET_RELEVANT b'1242293'
ACTION DOC 10000 698 EXAMINING_DOCUMENT b'1242293'
ACTION SNIPPET 10000 701 SNIPPET_NOT_RELEVANT b'1161844'
ACTION SNIPPET 10000 704 SNIPPET_NOT_RELEVANT b'1260186'
ACTION SNIPPET 10000 707 SNIPPET_NOT_RELEVANT b'1291383'
ACTION SNIPPET 10000 710 SNIPPET_RELEVANT b'1717707'
ACTION DOC 10000 730 EXAMINING_DOCUMENT b'1717707'
ACTION QUERY 10000 740 mainstreaming issue
ACTION SERP 10000 745 EXAMINE_SERP
ACTION SNIPPET 10000 748 SEEN_PREVIOUSLY b'1129279'
ACTION SNIPPET 10000 751 SNIPPET_RELEVANT b'959337'
ACTION DOC 10000 771 EXAMINING_DOCUMENT b'959337'
ACTION SNIPPET 10000 774 SNIPPET_NOT_RELEVANT b'610900'
ACTION SNIPPET 10000 777 SEEN_PREVIOUSLY b'1216237'
ACTION SNIPPET 10000 780 SNIPPET_NOT_RELEVANT b'1007186'
ACTION SNIPPET 10000 783 SEEN_PREVIOUSLY b'708060'
ACTION SNIPPET 10000 786 SNIPPET_NOT_RELEVANT b'711634'
ACTION SNIPPET 10000 789 SNIPPET_NOT_RELEVANT b'713215'
ACTION SNIPPET 10000 792 SNIPPET_RELEVANT b'712940'
ACTION DOC 10000 812 EXAMINING_DOCUMENT b'712940'
ACTION SNIPPET 10000 815 SNIPPET_RELEVANT b'1153015'
ACTION DOC 10000 835 EXAMINING_DOCUMENT b'1153015'
ACTION QUERY 10000 845 mainstreaming idea
ACTION SERP 10000 850 EXAMINE_SERP
ACTION SNIPPET 10000 853 SNIPPET_NOT_RELEVANT b'1656964'
ACTION SNIPPET 10000 856 SNIPPET_RELEVANT b'747516'
ACTION DOC 10000 876 EXAMINING_DOCUMENT b'747516'
ACTION SNIPPET 10000 879 SNIPPET_NOT_RELEVANT b'837019'
ACTION SNIPPET 10000 882 SNIPPET_RELEVANT b'302513'
ACTION DOC 10000 902 EXAMINING_DOCUMENT b'302513'
ACTION SNIPPET 10000 905 SNIPPET_NOT_RELEVANT b'180065'
ACTION SNIPPET 10000 908 SNIPPET_NOT_RELEVANT b'492101'
ACTION SNIPPET 10000 911 SNIPPET_NOT_RELEVANT b'707205'
ACTION SNIPPET 10000 914 SNIPPET_NOT_RELEVANT b'316764'
ACTION SNIPPET 10000 917 SNIPPET_NOT_RELEVANT b'888560'
ACTION SNIPPET 10000 920 SNIPPET_NOT_RELEVANT b'515882'
ACTION QUERY 10000 930 mainstreaming organ
ACTION SERP 10000 935 EXAMINE_SERP
ACTION SNIPPET 10000 938 SEEN_PREVIOUSLY b'1129279'
ACTION SNIPPET 10000 941 SNIPPET_RELEVANT b'359604'
ACTION DOC 10000 961 EXAMINING_DOCUMENT b'359604'
ACTION SNIPPET 10000 964 SNIPPET_NOT_RELEVANT b'1656964'
ACTION SNIPPET 10000 967 SNIPPET_RELEVANT b'169944'
ACTION DOC 10000 987 EXAMINING_DOCUMENT b'169944'
ACTION SNIPPET 10000 990 SNIPPET_RELEVANT b'230617'
ACTION DOC 10000 1010 EXAMINING_DOCUMENT b'230617'
ACTION SNIPPET 10000 1013 SNIPPET_RELEVANT b'807589'
ACTION DOC 10000 1033 EXAMINING_DOCUMENT b'807589'
ACTION SNIPPET 10000 1036 SNIPPET_RELEVANT b'708266'
ACTION DOC 10000 1056 EXAMINING_DOCUMENT b'708266'
ACTION SNIPPET 10000 1059 SNIPPET_RELEVANT b'102857'
ACTION DOC 10000 1079 EXAMINING_DOCUMENT b'102857'
ACTION SNIPPET 10000 1082 SNIPPET_NOT_RELEVANT b'1277439'
ACTION SNIPPET 10000 1085 SNIPPET_RELEVANT b'1006037'
ACTION DOC 10000 1105 EXAMINING_DOCUMENT b'1006037'
ACTION QUERY 10000 1115 mainstreaming street
ACTION SERP 10000 1120 EXAMINE_SERP
ACTION SNIPPET 10000 1123 SNIPPET_NOT_RELEVANT b'903274'
ACTION SNIPPET 10000 1126 SNIPPET_RELEVANT b'566652'
ACTION DOC 10000 1146 EXAMINING_DOCUMENT b'566652'
ACTION SNIPPET 10000 1149 SEEN_PREVIOUSLY b'900664'
ACTION SNIPPET 10000 1152 SNIPPET_NOT_RELEVANT b'488721'
ACTION SNIPPET 10000 1155 SNIPPET_NOT_RELEVANT b'27303'
ACTION SNIPPET 10000 1158 SNIPPET_RELEVANT b'1135582'
ACTION DOC 10000 1178 EXAMINING_DOCUMENT b'1135582'
ACTION SNIPPET 10000 1181 SNIPPET_NOT_RELEVANT b'1169054'
ACTION SNIPPET 10000 1184 SNIPPET_RELEVANT b'1456152'
ACTION DOC 10000 1204 EXAMINING_DOCUMENT b'1456152'
ACTION SNIPPET 10000 1207 SNIPPET_RELEVANT b'880253'
ACTION DOC 10000 1227 EXAMINING_DOCUMENT b'880253'
ACTION SNIPPET 10000 1230 SNIPPET_NOT_RELEVANT b'777007'
ACTION QUERY 10000 1240 mainstreaming performers
ACTION SERP 10000 1245 EXAMINE_SERP
ACTION SNIPPET 10000 1248 SNIPPET_RELEVANT b'903274'
ACTION DOC 10000 1268 EXAMINING_DOCUMENT b'903274'
ACTION SNIPPET 10000 1271 SNIPPET_RELEVANT b'488721'
ACTION DOC 10000 1291 EXAMINING_DOCUMENT b'488721'
ACTION SNIPPET 10000 1294 SNIPPET_NOT_RELEVANT b'1474525'
ACTION SNIPPET 10000 1297 SNIPPET_NOT_RELEVANT b'102552'
ACTION SNIPPET 10000 1300 SNIPPET_NOT_RELEVANT b'51989'
ACTION SNIPPET 10000 1303 SNIPPET_NOT_RELEVANT b'935113'
ACTION SNIPPET 10000 1306 SNIPPET_RELEVANT b'23830'
ACTION DOC 10000 1326 EXAMINING_DOCUMENT b'23830'
ACTION SNIPPET 10000 1329 SNIPPET_NOT_RELEVANT b'175170'
ACTION SNIPPET 10000 1332 SNIPPET_RELEVANT b'1277439'
ACTION DOC 10000 1352 EXAMINING_DOCUMENT b'1277439'
ACTION SNIPPET 10000 1355 SNIPPET_RELEVANT b'1214463'
ACTION DOC 10000 1375 EXAMINING_DOCUMENT b'1214463'
ACTION QUERY 10000 1385 mainstreaming systems
ACTION SERP 10000 1390 EXAMINE_SERP
ACTION SNIPPET 10000 1393 SNIPPET_RELEVANT b'390262'
ACTION DOC 10000 1413 EXAMINING_DOCUMENT b'390262'
ACTION SNIPPET 10000 1416 SNIPPET_RELEVANT b'570480'
ACTION DOC 10000 1436 EXAMINING_DOCUMENT b'570480'
ACTION SNIPPET 10000 1439 SNIPPET_RELEVANT b'859968'
ACTION DOC 10000 1459 EXAMINING_DOCUMENT b'859968'
ACTION MARK 10000 1462 CONSIDERED_RELEVANT b'859968'
ACTION SNIPPET 10000 1465 SNIPPET_NOT_RELEVANT b'1291259'
ACTION SNIPPET 10000 1468 SNIPPET_NOT_RELEVANT b'1229966'
ACTION SNIPPET 10000 1471 SEEN_PREVIOUSLY b'302513'
ACTION SNIPPET 10000 1474 SNIPPET_RELEVANT b'892030'
ACTION DOC 10000 1494 EXAMINING_DOCUMENT b'892030'
ACTION MARK 10000 1497 CONSIDERED_RELEVANT b'892030'
ACTION SNIPPET 10000 1500 SEEN_PREVIOUSLY b'183910'
ACTION SNIPPET 10000 1503 SNIPPET_RELEVANT b'489302'
ACTION DOC 10000 1523 EXAMINING_DOCUMENT b'489302'
ACTION SNIPPET 10000 1526 SNIPPET_NOT_RELEVANT b'1737727'
ACTION QUERY 10000 1536 mainstreaming problem
ACTION SERP 10000 1541 EXAMINE_SERP
ACTION SNIPPET 10000 1544 SEEN_PREVIOUSLY b'390262'
ACTION SNIPPET 10000 1547 SEEN_PREVIOUSLY b'747516'
ACTION SNIPPET 10000 1550 SNIPPET_RELEVANT b'458163'
ACTION DOC 10000 1570 EXAMINING_DOCUMENT b'458163'
ACTION SNIPPET 10000 1573 SNIPPET_RELEVANT b'283963'
ACTION DOC 10000 1593 EXAMINING_DOCUMENT b'283963'
ACTION MARK 10000 1596 CONSIDERED_RELEVANT b'283963'
ACTION SNIPPET 10000 1599 SNIPPET_NOT_RELEVANT b'712327'
ACTION SNIPPET 10000 1602 SEEN_PREVIOUSLY b'903274'
ACTION SNIPPET 10000 1605 SNIPPET_NOT_RELEVANT b'399665'
ACTION SNIPPET 10000 1608 SNIPPET_NOT_RELEVANT b'259958'
ACTION SNIPPET 10000 1611 SNIPPET_NOT_RELEVANT b'1782506'
ACTION SNIPPET 10000 1614 SEEN_PREVIOUSLY b'710306'
ACTION QUERY 10000 1624 mainstreaming people
ACTION SERP 10000 1629 EXAMINE_SERP
ACTION SNIPPET 10000 1632 SEEN_PREVIOUSLY b'959337'
ACTION SNIPPET 10000 1635 SEEN_PREVIOUSLY b'183910'
ACTION SNIPPET 10000 1638 SEEN_PREVIOUSLY b'1216237'
ACTION SNIPPET 10000 1641 SEEN_PREVIOUSLY b'710306'
ACTION SNIPPET 10000 1644 SEEN_PREVIOUSLY b'708266'
ACTION SNIPPET 10000 1647 SNIPPET_NOT_RELEVANT b'340231'
ACTION SNIPPET 10000 1650 SNIPPET_NOT_RELEVANT b'1131856'
ACTION SNIPPET 10000 1653 SNIPPET_RELEVANT b'1169054'
ACTION DOC 10000 1673 EXAMINING_DOCUMENT b'1169054'
ACTION SNIPPET 10000 1676 SEEN_PREVIOUSLY b'458163'
ACTION SNIPPET 10000 1679 SNIPPET_NOT_RELEVANT b'712327'
ACTION QUERY 10000 1689 mainstreaming who
ACTION SERP 10000 1694 EXAMINE_SERP
ACTION SNIPPET 10000 1697 SEEN_PREVIOUSLY b'973283'
ACTION SNIPPET 10000 1700 SEEN_PREVIOUSLY b'959337'
ACTION SNIPPET 10000 1703 SEEN_PREVIOUSLY b'1267884'
ACTION SNIPPET 10000 1706 SEEN_PREVIOUSLY b'1129279'
ACTION SNIPPET 10000 1709 SEEN_PREVIOUSLY b'166353'
ACTION SNIPPET 10000 1712 SEEN_PREVIOUSLY b'183910'
ACTION SNIPPET 10000 1715 SNIPPET_RELEVANT b'610900'
ACTION DOC 10000 1735 EXAMINING_DOCUMENT b'610900'
ACTION SNIPPET 10000 1738 SNIPPET_NOT_RELEVANT b'1083301'
ACTION SNIPPET 10000 1741 SEEN_PREVIOUSLY b'1718294'
ACTION SNIPPET 10000 1744 SNIPPET_RELEVANT b'1038169'
ACTION DOC 10000 1764 EXAMINING_DOCUMENT b'1038169'
ACTION QUERY 10000 1774 mainstreaming spending
ACTION SERP 10000 1779 EXAMINE_SERP
ACTION SNIPPET 10000 1782 SNIPPET_NOT_RELEVANT b'1083301'
ACTION SNIPPET 10000 1785 SEEN_PREVIOUSLY b'892030'
ACTION SNIPPET 10000 1788 SEEN_PREVIOUSLY b'1216237'
ACTION SNIPPET 10000 1791 SNIPPET_NOT_RELEVANT b'891247'
ACTION SNIPPET 10000 1794 SNIPPET_RELEVANT b'888560'
ACTION DOC 10000 1814 EXAMINING_DOCUMENT b'888560'
ACTION SNIPPET 10000 1817 SEEN_PREVIOUSLY b'610900'
ACTION SNIPPET 10000 1820 SNIPPET_NOT_RELEVANT b'1423112'
ACTION SNIPPET 10000 1823 SNIPPET_RELEVANT b'889614'
ACTION DOC 10000 1843 EXAMINING_DOCUMENT b'889614'
ACTION SNIPPET 10000 1846 SNIPPET_RELEVANT b'1066582'
ACTION DOC 10000 1866 EXAMINING_DOCUMENT b'1066582'
ACTION SNIPPET 10000 1869 SNIPPET_NOT_RELEVANT b'510640'
ACTION QUERY 10000 1879 mainstreaming cut
ACTION SERP 10000 1884 EXAMINE_SERP
ACTION SNIPPET 10000 1887 SEEN_PREVIOUSLY b'1216237'
ACTION SNIPPET 10000 1890 SNIPPET_NOT_RELEVANT b'904596'
ACTION SNIPPET 10000 1893 SNIPPET_RELEVANT b'1131856'
ACTION DOC 10000 1913 EXAMINING_DOCUMENT b'1131856'
ACTION SNIPPET 10000 1916 SNIPPET_NOT_RELEVANT b'340231'
ACTION SNIPPET 10000 1919 SEEN_PREVIOUSLY b'710306'
ACTION SNIPPET 10000 1922 SNIPPET_RELEVANT b'689233'
ACTION DOC 10000 1942 EXAMINING_DOCUMENT b'689233'
ACTION SNIPPET 10000 1945 SNIPPET_NOT_RELEVANT b'391414'
ACTION SNIPPET 10000 1948 SNIPPET_RELEVANT b'391413'
ACTION DOC 10000 1968 EXAMINING_DOCUMENT b'391413'
ACTION SNIPPET 10000 1971 SNIPPET_NOT_RELEVANT b'712327'
ACTION SNIPPET 10000 1974 SNIPPET_RELEVANT b'152896'
ACTION DOC 10000 1994 EXAMINING_DOCUMENT b'152896'
ACTION QUERY 10000 2004 mainstreaming limiting
ACTION SERP 10000 2009 EXAMINE_SERP
ACTION SNIPPET 10000 2012 SEEN_PREVIOUSLY b'710306'
ACTION SNIPPET 10000 2015 SNIPPET_RELEVANT b'858752'
ACTION DOC 10000 2035 EXAMINING_DOCUMENT b'858752'
ACTION SNIPPET 10000 2038 SEEN_PREVIOUSLY b'689233'
ACTION SNIPPET 10000 2041 SEEN_PREVIOUSLY b'1216237'
ACTION SNIPPET 10000 2044 SNIPPET_NOT_RELEVANT b'1396808'
ACTION SNIPPET 10000 2047 SNIPPET_RELEVANT b'1320549'
ACTION DOC 10000 2067 EXAMINING_DOCUMENT b'1320549'
ACTION SNIPPET 10000 2070 SNIPPET_RELEVANT b'340231'
ACTION DOC 10000 2090 EXAMINING_DOCUMENT b'340231'
ACTION SNIPPET 10000 2093 SEEN_PREVIOUSLY b'183910'
ACTION SNIPPET 10000 2096 SNIPPET_RELEVANT b'1474525'
ACTION DOC 10000 2116 EXAMINING_DOCUMENT b'1474525'
ACTION SNIPPET 10000 2119 SEEN_PREVIOUSLY b'889614'
ACTION QUERY 10000 2129 mainstreaming pataki
ACTION SERP 10000 2134 EXAMINE_SERP
ACTION SNIPPET 10000 2137 SNIPPET_NOT_RELEVANT b'1034191'
ACTION SNIPPET 10000 2140 SNIPPET_RELEVANT b'1438256'
ACTION DOC 10000 2160 EXAMINING_DOCUMENT b'1438256'
ACTION SNIPPET 10000 2163 SNIPPET_RELEVANT b'1668247'
ACTION DOC 10000 2183 EXAMINING_DOCUMENT b'1668247'
ACTION SNIPPET 10000 2186 SEEN_PREVIOUSLY b'1216237'
ACTION SNIPPET 10000 2189 SNIPPET_NOT_RELEVANT b'1415649'
ACTION SNIPPET 10000 2192 SNIPPET_RELEVANT b'1088631'
ACTION DOC 10000 2212 EXAMINING_DOCUMENT b'1088631'
ACTION SNIPPET 10000 2215 SNIPPET_NOT_RELEVANT b'735050'
ACTION SNIPPET 10000 2218 SNIPPET_NOT_RELEVANT b'1751518'
ACTION SNIPPET 10000 2221 SNIPPET_NOT_RELEVANT b'1751436'
ACTION SNIPPET 10000 2224 SNIPPET_NOT_RELEVANT b'717249'
ACTION QUERY 10000 2234 mainstreaming citys
ACTION SERP 10000 2239 EXAMINE_SERP
ACTION SNIPPET 10000 2242 SEEN_PREVIOUSLY b'892030'
ACTION SNIPPET 10000 2245 SEEN_PREVIOUSLY b'973283'
ACTION SNIPPET 10000 2248 SNIPPET_NOT_RELEVANT b'1737727'
ACTION SNIPPET 10000 2251 SNIPPET_NOT_RELEVANT b'1229966'
ACTION SNIPPET 10000 2254 SNIPPET_RELEVANT b'175170'
ACTION DOC 10000 2274 EXAMINING_DOCUMENT b'175170'
ACTION SNIPPET 10000 2277 SEEN_PREVIOUSLY b'1066582'
ACTION SNIPPET 10000 2280 SEEN_PREVIOUSLY b'1320549'
ACTION SNIPPET 10000 2283 SNIPPET_RELEVANT b'1382792'
ACTION DOC 10000 2303 EXAMINING_DOCUMENT b'1382792'
ACTION SNIPPET 10000 2306 SNIPPET_NOT_RELEVANT b'1138765'
ACTION SNIPPET 10000 2309 SNIPPET_NOT_RELEVANT b'659079'
ACTION QUERY 10000 2319 mainstreaming budgets
ACTION SERP 10000 2324 EXAMINE_SERP
ACTION SNIPPET 10000 2327 SNIPPET_RELEVANT b'891247'
ACTION DOC 10000 2347 EXAMINING_DOCUMENT b'891247'
ACTION SNIPPET 10000 2350 SNIPPET_RELEVANT b'712327'
ACTION DOC 10000 2370 EXAMINING_DOCUMENT b'712327'
ACTION SNIPPET 10000 2373 SNIPPET_RELEVANT b'1423112'
ACTION DOC 10000 2393 EXAMINING_DOCUMENT b'1423112'
ACTION SNIPPET 10000 2396 SEEN_PREVIOUSLY b'610900'
ACTION SNIPPET 10000 2399 SNIPPET_RELEVANT b'510640'
ACTION DOC 10000 2419 EXAMINING_DOCUMENT b'510640'
ACTION SNIPPET 10000 2422 SNIPPET_NOT_RELEVANT b'391414'
ACTION SNIPPET 10000 2425 SEEN_PREVIOUSLY b'391413'
ACTION SNIPPET 10000 2428 SNIPPET_RELEVANT b'600965'
ACTION DOC 10000 2448 EXAMINING_DOCUMENT b'600965'
ACTION SNIPPET 10000 2451 SNIPPET_RELEVANT b'702519'
ACTION DOC 10000 2471 EXAMINING_DOCUMENT b'702519'
ACTION SNIPPET 10000 2474 SNIPPET_RELEVANT b'550'
ACTION DOC 10000 2494 EXAMINING_DOCUMENT b'550'
ACTION QUERY 10000 2504 mainstreaming bergen
ACTION SERP 10000 2509 EXAMINE_SERP
ACTION SNIPPET 10000 2512 SEEN_PREVIOUSLY b'283963'
ACTION SNIPPET 10000 2515 SNIPPET_NOT_RELEVANT b'1346593'
ACTION SNIPPET 10000 2518 SNIPPET_NOT_RELEVANT b'283840'
ACTION SNIPPET 10000 2521 SNIPPET_RELEVANT b'1009591'
ACTION DOC 10000 2541 EXAMINING_DOCUMENT b'1009591'
ACTION SNIPPET 10000 2544 SNIPPET_NOT_RELEVANT b'553843'
ACTION SNIPPET 10000 2547 SNIPPET_RELEVANT b'1491547'
ACTION DOC 10000 2567 EXAMINING_DOCUMENT b'1491547'
ACTION SNIPPET 10000 2570 SNIPPET_NOT_RELEVANT b'1757621'
ACTION SNIPPET 10000 2573 SNIPPET_RELEVANT b'1491527'
ACTION DOC 10000 2593 EXAMINING_DOCUMENT b'1491527'
ACTION SNIPPET 10000 2596 SNIPPET_NOT_RELEVANT b'1814806'
ACTION SNIPPET 10000 2599 SNIPPET_NOT_RELEVANT b'190431'
ACTION QUERY 10000 2609 mainstreaming programs
ACTION SERP 10000 2614 EXAMINE_SERP
ACTION SNIPPET 10000 2617 SEEN_PREVIOUSLY b'892030'
ACTION SNIPPET 10000 2620 SNIPPET_NOT_RELEVANT b'1229966'
ACTION SNIPPET 10000 2623 SEEN_PREVIOUSLY b'858752'
ACTION SNIPPET 10000 2626 SNIPPET_RELEVANT b'938061'
ACTION DOC 10000 2646 EXAMINING_DOCUMENT b'938061'
ACTION SNIPPET 10000 2649 SNIPPET_RELEVANT b'958975'
ACTION DOC 10000 2669 EXAMINING_DOCUMENT b'958975'
ACTION SNIPPET 10000 2672 SNIPPET_NOT_RELEVANT b'904596'
ACTION SNIPPET 10000 2675 SNIPPET_NOT_RELEVANT b'1083301'
ACTION SNIPPET 10000 2678 SEEN_PREVIOUSLY b'859968'
ACTION SNIPPET 10000 2681 SEEN_PREVIOUSLY b'610900'
ACTION SNIPPET 10000 2684 SNIPPET_NOT_RELEVANT b'929423'
ACTION QUERY 10000 2694 mainstreaming damaged
ACTION SERP 10000 2699 EXAMINE_SERP
ACTION SNIPPET 10000 2702 SNIPPET_NOT_RELEVANT b'103307'
ACTION SNIPPET 10000 2705 SEEN_PREVIOUSLY b'610900'
ACTION SNIPPET 10000 2708 SEEN_PREVIOUSLY b'709570'
ACTION SNIPPET 10000 2711 SNIPPET_NOT_RELEVANT b'1412064'
ACTION SNIPPET 10000 2714 SNIPPET_NOT_RELEVANT b'1275414'
ACTION SNIPPET 10000 2717 SNIPPET_NOT_RELEVANT b'357445'
ACTION SNIPPET 10000 2720 SNIPPET_NOT_RELEVANT b'1767214'
ACTION SNIPPET 10000 2723 SNIPPET_RELEVANT b'1544411'
ACTION DOC 10000 2743 EXAMINING_DOCUMENT b'1544411'
ACTION SNIPPET 10000 2746 SNIPPET_NOT_RELEVANT b'853204'
ACTION SNIPPET 10000 2749 SNIPPET_NOT_RELEVANT b'907419'
ACTION QUERY 10000 2759 mainstreaming students
ACTION SERP 10000 2764 EXAMINE_SERP
ACTION SNIPPET 10000 2767 SNIPPET_NOT_RELEVANT b'1083301'
ACTION SNIPPET 10000 2770 SEEN_PREVIOUSLY b'892030'
ACTION SNIPPET 10000 2773 SNIPPET_RELEVANT b'1229966'
ACTION DOC 10000 2793 EXAMINING_DOCUMENT b'1229966'
ACTION SNIPPET 10000 2796 SEEN_PREVIOUSLY b'1382792'
ACTION SNIPPET 10000 2799 SEEN_PREVIOUSLY b'858752'
ACTION SNIPPET 10000 2802 SNIPPET_NOT_RELEVANT b'1291260'
ACTION SNIPPET 10000 2805 SNIPPET_RELEVANT b'702081'
ACTION DOC 10000 2825 EXAMINING_DOCUMENT b'702081'
ACTION SNIPPET 10000 2828 SNIPPET_RELEVANT b'478881'
ACTION DOC 10000 2848 EXAMINING_DOCUMENT b'478881'
ACTION MARK 10000 2851 CONSIDERED_RELEVANT b'478881'
ACTION SNIPPET 10000 2854 SEEN_PREVIOUSLY b'283963'
ACTION SNIPPET 10000 2857 SNIPPET_RELEVANT b'999722'
ACTION DOC 10000 2877 EXAMINING_DOCUMENT b'999722'
ACTION QUERY 10000 2887 mainstreaming classroom
ACTION SERP 10000 2892 EXAMINE_SERP
ACTION SNIPPET 10000 2895 SEEN_PREVIOUSLY b'702081'
ACTION SNIPPET 10000 2898 SEEN_PREVIOUSLY b'1557431'
ACTION SNIPPET 10000 2901 SEEN_PREVIOUSLY b'489302'
ACTION SNIPPET 10000 2904 SNIPPET_NOT_RELEVANT b'1209134'
ACTION SNIPPET 10000 2907 SEEN_PREVIOUSLY b'892030'
ACTION SNIPPET 10000 2910 SNIPPET_NOT_RELEVANT b'984686'
ACTION SNIPPET 10000 2913 SNIPPET_NOT_RELEVANT b'283840'
ACTION SNIPPET 10000 2916 SNIPPET_NOT_RELEVANT b'1058563'
ACTION SNIPPET 10000 2919 SNIPPET_RELEVANT b'1128203'
ACTION DOC 10000 2939 EXAMINING_DOCUMENT b'1128203'
ACTION MARK 10000 2942 CONSIDERED_RELEVANT b'1128203'
ACTION SNIPPET 10000 2945 SNIPPET_NOT_RELEVANT b'1519706'
ACTION QUERY 10000 2955 mainstreaming giving
ACTION SERP 10000 2960 EXAMINE_SERP
ACTION SNIPPET 10000 2963 SEEN_PREVIOUSLY b'959337'
ACTION SNIPPET 10000 2966 SNIPPET_NOT_RELEVANT b'103307'
ACTION SNIPPET 10000 2969 SEEN_PREVIOUSLY b'458163'
ACTION SNIPPET 10000 2972 SEEN_PREVIOUSLY b'885652'
ACTION SNIPPET 10000 2975 SEEN_PREVIOUSLY b'708266'
ACTION SNIPPET 10000 2978 SEEN_PREVIOUSLY b'1474525'
ACTION SNIPPET 10000 2981 SNIPPET_RELEVANT b'555563'
ACTION DOC 10000 3001 EXAMINING_DOCUMENT b'555563'
ACTION SNIPPET 10000 3004 SNIPPET_RELEVANT b'837019'
ACTION DOC 10000 3024 EXAMINING_DOCUMENT b'837019'
ACTION SNIPPET 10000 3027 SNIPPET_NOT_RELEVANT b'1642774'
ACTION SNIPPET 10000 3030 SEEN_PREVIOUSLY b'712327'
ACTION QUERY 10000 3040 mainstreaming syosset
ACTION SERP 10000 3045 EXAMINE_SERP
ACTION SNIPPET 10000 3048 SNIPPET_NOT_RELEVANT b'1283899'
ACTION SNIPPET 10000 3051 SNIPPET_NOT_RELEVANT b'1528509'
ACTION SNIPPET 10000 3054 SNIPPET_RELEVANT b'458058'
ACTION DOC 10000 3074 EXAMINING_DOCUMENT b'458058'
ACTION SNIPPET 10000 3077 SNIPPET_NOT_RELEVANT b'234637'
ACTION SNIPPET 10000 3080 SNIPPET_NOT_RELEVANT b'1415942'
ACTION SNIPPET 10000 3083 SNIPPET_NOT_RELEVANT b'1148446'
ACTION SNIPPET 10000 3086 SNIPPET_RELEVANT b'1714418'
ACTION DOC 10000 3106 EXAMINING_DOCUMENT b'1714418'
ACTION SNIPPET 10000 3109 SNIPPET_NOT_RELEVANT b'68378'
ACTION SNIPPET 10000 3112 SNIPPET_NOT_RELEVANT b'879993'
ACTION SNIPPET 10000 3115 SNIPPET_NOT_RELEVANT b'103102'
ACTION QUERY 10000 3125 mainstreaming interpreter
ACTION SERP 10000 3130 EXAMINE_SERP
ACTION SNIPPET 10000 3133 SEEN_PREVIOUSLY b'23830'
ACTION SNIPPET 10000 3136 SEEN_PREVIOUSLY b'1129279'
ACTION SNIPPET 10000 3139 SNIPPET_NOT_RELEVANT b'1120363'
ACTION SNIPPET 10000 3142 SEEN_PREVIOUSLY b'1153015'
ACTION SNIPPET 10000 3145 SEEN_PREVIOUSLY b'478881'
ACTION SNIPPET 10000 3148 SNIPPET_NOT_RELEVANT b'1542404'
ACTION SNIPPET 10000 3151 SNIPPET_NOT_RELEVANT b'740127'
ACTION SNIPPET 10000 3154 SNIPPET_NOT_RELEVANT b'683271'
ACTION SNIPPET 10000 3157 SNIPPET_NOT_RELEVANT b'1320550'
ACTION SNIPPET 10000 3160 SNIPPET_NOT_RELEVANT b'1531566'
ACTION QUERY 10000 3170 mainstreaming expenses
ACTION SERP 10000 3175 EXAMINE_SERP
ACTION SNIPPET 10000 3178 SEEN_PREVIOUSLY b'610900'
ACTION SNIPPET 10000 3181 SNIPPET_NOT_RELEVANT b'1083301'
ACTION SNIPPET 10000 3184 SEEN_PREVIOUSLY b'973283'
ACTION SNIPPET 10000 3187 SNIPPET_NOT_RELEVANT b'964286'
ACTION SNIPPET 10000 3190 SNIPPET_NOT_RELEVANT b'646225'
ACTION SNIPPET 10000 3193 SNIPPET_NOT_RELEVANT b'157001'
ACTION SNIPPET 10000 3196 SNIPPET_NOT_RELEVANT b'1765426'
ACTION SNIPPET 10000 3199 SEEN_PREVIOUSLY b'712940'
ACTION SNIPPET 10000 3202 SNIPPET_NOT_RELEVANT b'1220411'
ACTION SNIPPET 10000 3205 SEEN_PREVIOUSLY b'938061'
ACTION QUERY 10000 3215 mainstreaming cities
ACTION SERP 10000 3220 EXAMINE_SERP
ACTION SNIPPET 10000 3223 SEEN_PREVIOUSLY b'892030'
ACTION SNIPPET 10000 3226 SEEN_PREVIOUSLY b'973283'
ACTION SNIPPET 10000 3229 SNIPPET_RELEVANT b'1737727'
ACTION DOC 10000 3249 EXAMINING_DOCUMENT b'1737727'
ACTION SNIPPET 10000 3252 SEEN_PREVIOUSLY b'1229966'
ACTION SNIPPET 10000 3255 SEEN_PREVIOUSLY b'175170'
ACTION SNIPPET 10000 3258 SEEN_PREVIOUSLY b'1066582'
ACTION SNIPPET 10000 3261 SEEN_PREVIOUSLY b'1320549'
ACTION SNIPPET 10000 3264 SEEN_PREVIOUSLY b'1382792'
ACTION SNIPPET 10000 3267 SNIPPET_NOT_RELEVANT b'1138765'
ACTION SNIPPET 10000 3270 SNIPPET_RELEVANT b'659079'
ACTION DOC 10000 3290 EXAMINING_DOCUMENT b'659079'
ACTION QUERY 10000 3300 mainstreaming nj
ACTION SERP 10000 3305 EXAMINE_SERP
ACTION SNIPPET 10000 3308 SNIPPET_NOT_RELEVANT b'1398156'
ACTION SNIPPET 10000 3311 SNIPPET_RELEVANT b'1397904'
ACTION DOC 10000 3331 EXAMINING_DOCUMENT b'1397904'
ACTION SNIPPET 10000 3334 SNIPPET_NOT_RELEVANT b'1313671'
ACTION SNIPPET 10000 3337 SNIPPET_NOT_RELEVANT b'1422904'
ACTION SNIPPET 10000 3340 SNIPPET_RELEVANT b'1150461'
ACTION DOC 10000 3360 EXAMINING_DOCUMENT b'1150461'
ACTION SNIPPET 10000 3363 SNIPPET_RELEVANT b'1157839'
ACTION DOC 10000 3383 EXAMINING_DOCUMENT b'1157839'
ACTION SNIPPET 10000 3386 SNIPPET_NOT_RELEVANT b'1440344'
ACTION SNIPPET 10000 3389 SNIPPET_NOT_RELEVANT b'1254517'
ACTION SNIPPET 10000 3392 SNIPPET_NOT_RELEVANT b'1216787'
ACTION SNIPPET 10000 3395 SNIPPET_NOT_RELEVANT b'1049021'
ACTION QUERY 10000 3405 mainstreaming high
ACTION SERP 10000 3410 EXAMINE_SERP
ACTION SNIPPET 10000 3413 SEEN_PREVIOUSLY b'959337'
ACTION SNIPPET 10000 3416 SNIPPET_NOT_RELEVANT b'1291259'
ACTION SNIPPET 10000 3419 SNIPPET_NOT_RELEVANT b'820267'
ACTION SNIPPET 10000 3422 SEEN_PREVIOUSLY b'183910'
ACTION SNIPPET 10000 3425 SNIPPET_NOT_RELEVANT b'1537652'
ACTION SNIPPET 10000 3428 SEEN_PREVIOUSLY b'478881'
ACTION SNIPPET 10000 3431 SEEN_PREVIOUSLY b'1382792'
ACTION SNIPPET 10000 3434 SEEN_PREVIOUSLY b'283963'
ACTION SNIPPET 10000 3437 SEEN_PREVIOUSLY b'1229966'
ACTION SNIPPET 10000 3440 SNIPPET_NOT_RELEVANT b'622406'
ACTION QUERY 10000 3450 mainstreaming pilots
ACTION SERP 10000 3455 EXAMINE_SERP
ACTION SNIPPET 10000 3458 SEEN_PREVIOUSLY b'892030'
ACTION SNIPPET 10000 3461 SEEN_PREVIOUSLY b'283963'
ACTION SNIPPET 10000 3464 SNIPPET_NOT_RELEVANT b'1043679'
ACTION SNIPPET 10000 3467 SNIPPET_NOT_RELEVANT b'1318699'
ACTION SNIPPET 10000 3470 SNIPPET_RELEVANT b'283840'
ACTION DOC 10000 3490 EXAMINING_DOCUMENT b'283840'
ACTION SNIPPET 10000 3493 SNIPPET_NOT_RELEVANT b'1822765'
ACTION SNIPPET 10000 3496 SNIPPET_NOT_RELEVANT b'909505'
ACTION SNIPPET 10000 3499 SNIPPET_RELEVANT b'1720211'
ACTION DOC 10000 3519 EXAMINING_DOCUMENT b'1720211'
ACTION SNIPPET 10000 3522 SNIPPET_RELEVANT b'1316803'
ACTION DOC 10000 3542 EXAMINING_DOCUMENT b'1316803'
ACTION SNIPPET 10000 3545 SNIPPET_NOT_RELEVANT b'887026'
ACTION QUERY 10000 3555 mainstreaming commack
ACTION SERP 10000 3560 EXAMINE_SERP
ACTION SNIPPET 10000 3563 SNIPPET_NOT_RELEVANT b'157499'
ACTION SNIPPET 10000 3566 SNIPPET_RELEVANT b'1260891'
ACTION DOC 10000 3586 EXAMINING_DOCUMENT b'1260891'
ACTION SNIPPET 10000 3589 SNIPPET_NOT_RELEVANT b'210805'
ACTION SNIPPET 10000 3592 SNIPPET_RELEVANT b'1410144'
ACTION DOC 10000 3612 EXAMINING_DOCUMENT b'1410144'
ACTION SNIPPET 10000 3615 SNIPPET_NOT_RELEVANT b'1366766'
ACTION SNIPPET 10000 3618 SNIPPET_RELEVANT b'981902'
ACTION DOC 10000 3638 EXAMINING_DOCUMENT b'981902'
ACTION SNIPPET 10000 3641 SNIPPET_NOT_RELEVANT b'1173182'
ACTION SNIPPET 10000 3644 SNIPPET_NOT_RELEVANT b'633010'
ACTION SNIPPET 10000 3647 SNIPPET_NOT_RELEVANT b'640866'
ACTION SNIPPET 10000 3650 SNIPPET_NOT_RELEVANT b'184572'
ACTION QUERY 10000 3660 mainstreaming right
ACTION SERP 10000 3665 EXAMINE_SERP
ACTION SNIPPET 10000 3668 SEEN_PREVIOUSLY b'900664'
ACTION SNIPPET 10000 3671 SEEN_PREVIOUSLY b'183910'
ACTION SNIPPET 10000 3674 SEEN_PREVIOUSLY b'340231'
ACTION SNIPPET 10000 3677 SEEN_PREVIOUSLY b'458163'
ACTION SNIPPET 10000 3680 SNIPPET_NOT_RELEVANT b'1007123'
ACTION SNIPPET 10000 3683 SNIPPET_RELEVANT b'1718292'
ACTION DOC 10000 3703 EXAMINING_DOCUMENT b'1718292'
ACTION SNIPPET 10000 3706 SEEN_PREVIOUSLY b'359604'
ACTION SNIPPET 10000 3709 SNIPPET_RELEVANT b'920833'
ACTION DOC 10000 3729 EXAMINING_DOCUMENT b'920833'
ACTION SNIPPET 10000 3732 SNIPPET_RELEVANT b'1642774'
ACTION DOC 10000 3752 EXAMINING_DOCUMENT b'1642774'
ACTION SNIPPET 10000 3755 SEEN_PREVIOUSLY b'1216237'
ACTION QUERY 10000 3765 mainstreaming kind
ACTION SERP 10000 3770 EXAMINE_SERP
ACTION SNIPPET 10000 3773 SNIPPET_NOT_RELEVANT b'398061'
ACTION SNIPPET 10000 3776 SEEN_PREVIOUSLY b'1557431'
ACTION SNIPPET 10000 3779 SEEN_PREVIOUSLY b'610900'
ACTION SNIPPET 10000 3782 SNIPPET_NOT_RELEVANT b'116756'
ACTION SNIPPET 10000 3785 SNIPPET_RELEVANT b'51989'
ACTION DOC 10000 3805 EXAMINING_DOCUMENT b'51989'
ACTION SNIPPET 10000 3808 SNIPPET_RELEVANT b'1607308'
ACTION DOC 10000 3828 EXAMINING_DOCUMENT b'1607308'
ACTION SNIPPET 10000 3831 SNIPPET_NOT_RELEVANT b'309341'
ACTION SNIPPET 10000 3834 SEEN_PREVIOUSLY b'999722'
ACTION SNIPPET 10000 3837 SEEN_PREVIOUSLY b'1565253'
ACTION SNIPPET 10000 3840 SNIPPET_RELEVANT b'82254'
ACTION DOC 10000 3860 EXAMINING_DOCUMENT b'82254'
ACTION QUERY 10000 3870 mainstreaming reduce
ACTION SERP 10000 3875 EXAMINE_SERP
ACTION SNIPPET 10000 3878 SEEN_PREVIOUSLY b'959337'
ACTION SNIPPET 10000 3881 SNIPPET_RELEVANT b'1388557'
ACTION DOC 10000 3901 EXAMINING_DOCUMENT b'1388557'
ACTION SNIPPET 10000 3904 SEEN_PREVIOUSLY b'283963'
ACTION SNIPPET 10000 3907 SEEN_PREVIOUSLY b'708266'
ACTION SNIPPET 10000 3910 SEEN_PREVIOUSLY b'709570'
ACTION SNIPPET 10000 3913 SNIPPET_RELEVANT b'883731'
ACTION DOC 10000 3933 EXAMINING_DOCUMENT b'883731'
ACTION SNIPPET 10000 3936 SNIPPET_RELEVANT b'356228'
ACTION DOC 10000 3956 EXAMINING_DOCUMENT b'356228'
ACTION SNIPPET 10000 3959 SNIPPET_RELEVANT b'668012'
ACTION DOC 10000 3979 EXAMINING_DOCUMENT b'668012'
ACTION SNIPPET 10000 3982 SNIPPET_RELEVANT b'1819426'
ACTION DOC 10000 4002 EXAMINING_DOCUMENT b'1819426'
ACTION SNIPPET 10000 4005 SEEN_PREVIOUSLY b'710306'
ACTION QUERY 10000 4015 mainstreaming program
ACTION SERP 10000 4020 EXAMINE_SERP
ACTION SNIPPET 10000 4023 SEEN_PREVIOUSLY b'892030'
ACTION SNIPPET 10000 4026 SEEN_PREVIOUSLY b'1229966'
ACTION SNIPPET 10000 4029 SEEN_PREVIOUSLY b'858752'
ACTION SNIPPET 10000 4032 SEEN_PREVIOUSLY b'938061'
ACTION SNIPPET 10000 4035 SEEN_PREVIOUSLY b'958975'
ACTION SNIPPET 10000 4038 SNIPPET_NOT_RELEVANT b'904596'
ACTION SNIPPET 10000 4041 SNIPPET_NOT_RELEVANT b'1083301'
ACTION SNIPPET 10000 4044 SEEN_PREVIOUSLY b'859968'
ACTION SNIPPET 10000 4047 SEEN_PREVIOUSLY b'610900'
ACTION SNIPPET 10000 4050 SNIPPET_RELEVANT b'929423'
ACTION DOC 10000 4070 EXAMINING_DOCUMENT b'929423'
ACTION QUERY 10000 4080 mainstreaming special
ACTION SERP 10000 4085 EXAMINE_SERP
ACTION SNIPPET 10000 4088 SNIPPET_RELEVANT b'1083301'
ACTION DOC 10000 4108 EXAMINING_DOCUMENT b'1083301'
ACTION SNIPPET 10000 4111 SEEN_PREVIOUSLY b'892030'
ACTION SNIPPET 10000 4114 SEEN_PREVIOUSLY b'1557431'
ACTION SNIPPET 10000 4117 SNIPPET_NOT_RELEVANT b'1291260'
ACTION SNIPPET 10000 4120 SEEN_PREVIOUSLY b'1388557'
ACTION SNIPPET 10000 4123 SEEN_PREVIOUSLY b'283963'
ACTION SNIPPET 10000 4126 SEEN_PREVIOUSLY b'1066582'
ACTION SNIPPET 10000 4129 SEEN_PREVIOUSLY b'859968'
ACTION SNIPPET 10000 4132 SEEN_PREVIOUSLY b'478881'
ACTION SNIPPET 10000 4135 SEEN_PREVIOUSLY b'1128203'
ACTION QUERY 10000 4145 mainstreaming department
ACTION SERP 10000 4150 EXAMINE_SERP
ACTION SNIPPET 10000 4153 SEEN_PREVIOUSLY b'1083301'
ACTION SNIPPET 10000 4156 SEEN_PREVIOUSLY b'659079'
ACTION SNIPPET 10000 4159 SEEN_PREVIOUSLY b'999722'
ACTION SNIPPET 10000 4162 SNIPPET_RELEVANT b'339413'
ACTION DOC 10000 4182 EXAMINING_DOCUMENT b'339413'
ACTION SNIPPET 10000 4185 SNIPPET_RELEVANT b'728912'
ACTION DOC 10000 4205 EXAMINING_DOCUMENT b'728912'
ACTION SNIPPET 10000 4208 SEEN_PREVIOUSLY b'1006037'
ACTION SNIPPET 10000 4211 SEEN_PREVIOUSLY b'1066582'
ACTION SNIPPET 10000 4214 SNIPPET_NOT_RELEVANT b'830871'
ACTION SNIPPET 10000 4217 SEEN_PREVIOUSLY b'807589'
ACTION SNIPPET 10000 4220 SEEN_PREVIOUSLY b'1128203'
ACTION QUERY 10000 4230 mainstreaming responsible
ACTION SERP 10000 4235 EXAMINE_SERP
ACTION SNIPPET 10000 4238 SEEN_PREVIOUSLY b'959337'
ACTION SNIPPET 10000 4241 SEEN_PREVIOUSLY b'1216237'
ACTION SNIPPET 10000 4244 SEEN_PREVIOUSLY b'689233'
ACTION SNIPPET 10000 4247 SEEN_PREVIOUSLY b'478881'
ACTION SNIPPET 10000 4250 SNIPPET_NOT_RELEVANT b'1117907'
ACTION SNIPPET 10000 4253 SNIPPET_NOT_RELEVANT b'164147'
ACTION SNIPPET 10000 4256 SNIPPET_NOT_RELEVANT b'139792'
ACTION SNIPPET 10000 4259 SNIPPET_RELEVANT b'633317'
ACTION DOC 10000 4279 EXAMINING_DOCUMENT b'633317'
ACTION SNIPPET 10000 4282 SNIPPET_RELEVANT b'1619369'
ACTION DOC 10000 4302 EXAMINING_DOCUMENT b'1619369'
ACTION SNIPPET 10000 4305 SNIPPET_NOT_RELEVANT b'143089'
ACTION QUERY 10000 4315 mainstreaming help
ACTION SERP 10000 4320 EXAMINE_SERP
ACTION SNIPPET 10000 4323 SEEN_PREVIOUSLY b'973283'
ACTION SNIPPET 10000 4326 SEEN_PREVIOUSLY b'1557431'
ACTION SNIPPET 10000 4329 SEEN_PREVIOUSLY b'900664'
ACTION SNIPPET 10000 4332 SEEN_PREVIOUSLY b'892030'
ACTION SNIPPET 10000 4335 SEEN_PREVIOUSLY b'689233'
ACTION SNIPPET 10000 4338 SEEN_PREVIOUSLY b'570480'
ACTION SNIPPET 10000 4341 SEEN_PREVIOUSLY b'1066582'
ACTION SNIPPET 10000 4344 SEEN_PREVIOUSLY b'166353'
ACTION SNIPPET 10000 4347 SEEN_PREVIOUSLY b'1642774'
ACTION SNIPPET 10000 4350 SEEN_PREVIOUSLY b'712327'
ACTION QUERY 10000 4360 mainstreaming school
ACTION SERP 10000 4365 EXAMINE_SERP
ACTION SNIPPET 10000 4368 SEEN_PREVIOUSLY b'1557431'
ACTION SNIPPET 10000 4371 SEEN_PREVIOUSLY b'478881'
ACTION SNIPPET 10000 4374 SEEN_PREVIOUSLY b'1083301'
ACTION SNIPPET 10000 4377 SEEN_PREVIOUSLY b'858752'
ACTION SNIPPET 10000 4380 SEEN_PREVIOUSLY b'1229966'
ACTION SNIPPET 10000 4383 SNIPPET_RELEVANT b'1326215'
ACTION DOC 10000 4403 EXAMINING_DOCUMENT b'1326215'
ACTION SNIPPET 10000 4406 SEEN_PREVIOUSLY b'1382792'
ACTION SNIPPET 10000 4409 SEEN_PREVIOUSLY b'892030'
ACTION SNIPPET 10000 4412 SNIPPET_NOT_RELEVANT b'1291259'
ACTION SNIPPET 10000 4415 SEEN_PREVIOUSLY b'1737727'
ACTION QUERY 10000 4425 mainstreaming dumping
ACTION SERP 10000 4430 EXAMINE_SERP
ACTION SNIPPET 10000 4433 SEEN_PREVIOUSLY b'1128203'
ACTION SNIPPET 10000 4436 SNIPPET_RELEVANT b'568862'
ACTION DOC 10000 4456 EXAMINING_DOCUMENT b'568862'
ACTION SNIPPET 10000 4459 SEEN_PREVIOUSLY b'892030'
ACTION SNIPPET 10000 4462 SEEN_PREVIOUSLY b'1066582'
ACTION SNIPPET 10000 4465 SNIPPET_RELEVANT b'532678'
ACTION DOC 10000 4485 EXAMINING_DOCUMENT b'532678'
ACTION SNIPPET 10000 4488 SNIPPET_NOT_RELEVANT b'1419445'
ACTION SNIPPET 10000 4491 SNIPPET_RELEVANT b'557020'
ACTION DOC 10000 4511 EXAMINING_DOCUMENT b'557020'
ACTION SNIPPET 10000 4514 SEEN_PREVIOUSLY b'891247'
ACTION SNIPPET 10000 4517 SNIPPET_NOT_RELEVANT b'1677536'
ACTION SNIPPET 10000 4520 SNIPPET_RELEVANT b'29890'
ACTION DOC 10000 4540 EXAMINING_DOCUMENT b'29890'
ACTION QUERY 10000 4550 mainstreaming usde
ACTION SERP 10000 4555 EXAMINE_SERP
ACTION SNIPPET 10000 4558 SNIPPET_NOT_RELEVANT b'1294524'
ACTION SNIPPET 10000 4561 SNIPPET_NOT_RELEVANT b'1273785'
ACTION SNIPPET 10000 4564 SEEN_PREVIOUSLY b'959337'
ACTION SNIPPET 10000 4567 SEEN_PREVIOUSLY b'973283'
ACTION SNIPPET 10000 4570 SEEN_PREVIOUSLY b'183910'
ACTION SNIPPET 10000 4573 SEEN_PREVIOUSLY b'1718294'
ACTION SNIPPET 10000 4576 SEEN_PREVIOUSLY b'1267884'
ACTION SNIPPET 10000 4579 SEEN_PREVIOUSLY b'1129279'
ACTION SNIPPET 10000 4582 SEEN_PREVIOUSLY b'610900'
ACTION SNIPPET 10000 4585 SEEN_PREVIOUSLY b'1216237'
ACTION QUERY 10000 4595 mainstreaming money
ACTION SERP 10000 4600 EXAMINE_SERP
ACTION SNIPPET 10000 4603 SEEN_PREVIOUSLY b'959337'
ACTION SNIPPET 10000 4606 SEEN_PREVIOUSLY b'708266'
ACTION SNIPPET 10000 4609 SEEN_PREVIOUSLY b'1277439'
ACTION SNIPPET 10000 4612 SEEN_PREVIOUSLY b'1083301'
ACTION SNIPPET 10000 4615 SEEN_PREVIOUSLY b'858752'
ACTION SNIPPET 10000 4618 SNIPPET_NOT_RELEVANT b'1291260'
ACTION SNIPPET 10000 4621 SEEN_PREVIOUSLY b'938061'
ACTION SNIPPET 10000 4624 SEEN_PREVIOUSLY b'1320549'
ACTION SNIPPET 10000 4627 SNIPPET_NOT_RELEVANT b'1220242'
ACTION SNIPPET 10000 4630 SNIPPET_NOT_RELEVANT b'1651587'
ACTION QUERY 10000 4640 mainstreaming costs
ACTION SERP 10000 4645 EXAMINE_SERP
ACTION SNIPPET 10000 4648 SEEN_PREVIOUSLY b'959337'
ACTION SNIPPET 10000 4651 SEEN_PREVIOUSLY b'1083301'
ACTION SNIPPET 10000 4654 SEEN_PREVIOUSLY b'859968'
ACTION SNIPPET 10000 4657 SEEN_PREVIOUSLY b'708266'
ACTION SNIPPET 10000 4660 SEEN_PREVIOUSLY b'707506'
ACTION SNIPPET 10000 4663 SEEN_PREVIOUSLY b'709570'
ACTION SNIPPET 10000 4666 SNIPPET_RELEVANT b'1117907'
ACTION DOC 10000 4686 EXAMINING_DOCUMENT b'1117907'
ACTION SNIPPET 10000 4689 SEEN_PREVIOUSLY b'1642774'
ACTION SNIPPET 10000 4692 SNIPPET_NOT_RELEVANT b'676074'
ACTION SNIPPET 10000 4695 SEEN_PREVIOUSLY b'478881'
ACTION QUERY 10000 4705 mainstreaming shape
ACTION SERP 10000 4710 EXAMINE_SERP
ACTION SNIPPET 10000 4713 SNIPPET_RELEVANT b'825950'
ACTION DOC 10000 4733 EXAMINING_DOCUMENT b'825950'
ACTION SNIPPET 10000 4736 SNIPPET_NOT_RELEVANT b'697859'
ACTION SNIPPET 10000 4739 SEEN_PREVIOUSLY b'892030'
ACTION SNIPPET 10000 4742 SNIPPET_NOT_RELEVANT b'410511'
ACTION SNIPPET 10000 4745 SNIPPET_RELEVANT b'1281839'
ACTION DOC 10000 4765 EXAMINING_DOCUMENT b'1281839'
ACTION SNIPPET 10000 4768 SNIPPET_RELEVANT b'1329295'
ACTION DOC 10000 4788 EXAMINING_DOCUMENT b'1329295'
ACTION SNIPPET 10000 4791 SEEN_PREVIOUSLY b'633317'
ACTION SNIPPET 10000 4794 SNIPPET_RELEVANT b'1096381'
ACTION DOC 10000 4814 EXAMINING_DOCUMENT b'1096381'
ACTION SNIPPET 10000 4817 SNIPPET_NOT_RELEVANT b'1306240'
ACTION SNIPPET 10000 4820 SNIPPET_RELEVANT b'194553'
ACTION DOC 10000 4840 EXAMINING_DOCUMENT b'194553'
ACTION QUERY 10000 4850 mainstreaming created
ACTION SERP 10000 4855 EXAMINE_SERP
ACTION SNIPPET 10000 4858 SNIPPET_NOT_RELEVANT b'547286'
ACTION SNIPPET 10000 4861 SNIPPET_RELEVANT b'103307'
ACTION DOC 10000 4881 EXAMINING_DOCUMENT b'103307'
ACTION SNIPPET 10000 4884 SEEN_PREVIOUSLY b'900664'
ACTION SNIPPET 10000 4887 SEEN_PREVIOUSLY b'903274'
ACTION SNIPPET 10000 4890 SEEN_PREVIOUSLY b'707506'
ACTION SNIPPET 10000 4893 SNIPPET_NOT_RELEVANT b'1139581'
ACTION SNIPPET 10000 4896 SEEN_PREVIOUSLY b'1474525'
ACTION SNIPPET 10000 4899 SNIPPET_NOT_RELEVANT b'1317472'
ACTION SNIPPET 10000 4902 SEEN_PREVIOUSLY b'747516'
ACTION SNIPPET 10000 4905 SNIPPET_NOT_RELEVANT b'309341'
ACTION QUERY 10000 4915 mainstreaming cost
ACTION SERP 10000 4920 EXAMINE_SERP
ACTION SNIPPET 10000 4923 SEEN_PREVIOUSLY b'959337'
ACTION SNIPPET 10000 4926 SEEN_PREVIOUSLY b'1083301'
ACTION SNIPPET 10000 4929 SEEN_PREVIOUSLY b'859968'
ACTION SNIPPET 10000 4932 SEEN_PREVIOUSLY b'708266'
ACTION SNIPPET 10000 4935 SEEN_PREVIOUSLY b'707506'
ACTION SNIPPET 10000 4938 SEEN_PREVIOUSLY b'709570'
ACTION SNIPPET 10000 4941 SEEN_PREVIOUSLY b'1117907'
ACTION SNIPPET 10000 4944 SEEN_PREVIOUSLY b'1642774'
ACTION SNIPPET 10000 4947 SNIPPET_NOT_RELEVANT b'676074'
ACTION SNIPPET 10000 4950 SEEN_PREVIOUSLY b'478881'
ACTION QUERY 10000 4960 mainstreaming vocational
ACTION SERP 10000 4965 EXAMINE_SERP
ACTION SNIPPET 10000 4968 SNIPPET_NOT_RELEVANT b'331728'
ACTION SNIPPET 10000 4971 SEEN_PREVIOUSLY b'283963'
ACTION SNIPPET 10000 4974 SNIPPET_NOT_RELEVANT b'321251'
ACTION SNIPPET 10000 4977 SNIPPET_NOT_RELEVANT b'213134'
ACTION SNIPPET 10000 4980 SNIPPET_NOT_RELEVANT b'11671'
ACTION SNIPPET 10000 4983 SNIPPET_NOT_RELEVANT b'984688'
ACTION SNIPPET 10000 4986 SNIPPET_RELEVANT b'826207'
ACTION DOC 10000 5006 EXAMINING_DOCUMENT b'826207'
ACTION SNIPPET 10000 5009 SEEN_PREVIOUSLY b'283840'
ACTION SNIPPET 10000 5012 SNIPPET_RELEVANT b'410321'
ACTION DOC 10000 5032 EXAMINING_DOCUMENT b'410321'
ACTION SNIPPET 10000 5035 SNIPPET_NOT_RELEVANT b'331723'
ACTION QUERY 10000 5045 mainstreaming loss
ACTION SERP 10000 5050 EXAMINE_SERP
ACTION SNIPPET 10000 5053 SEEN_PREVIOUSLY b'610900'
ACTION SNIPPET 10000 5056 SNIPPET_NOT_RELEVANT b'53701'
ACTION SNIPPET 10000 5059 SEEN_PREVIOUSLY b'1642774'
ACTION SNIPPET 10000 5062 SEEN_PREVIOUSLY b'478881'
ACTION SNIPPET 10000 5065 SNIPPET_NOT_RELEVANT b'1740481'
ACTION SNIPPET 10000 5068 SEEN_PREVIOUSLY b'169944'
ACTION SNIPPET 10000 5071 SNIPPET_NOT_RELEVANT b'1681532'
ACTION SNIPPET 10000 5074 SNIPPET_RELEVANT b'1358906'
ACTION DOC 10000 5094 EXAMINING_DOCUMENT b'1358906'
ACTION SNIPPET 10000 5097 SNIPPET_RELEVANT b'1100974'
ACTION DOC 10000 5117 EXAMINING_DOCUMENT b'1100974'
ACTION SNIPPET 10000 5120 SNIPPET_RELEVANT b'586657'
ACTION DOC 10000 5140 EXAMINING_DOCUMENT b'586657'
ACTION QUERY 10000 5150 mainstreaming ca
ACTION SERP 10000 5155 EXAMINE_SERP
ACTION SNIPPET 10000 5158 SNIPPET_RELEVANT b'1836783'
ACTION DOC 10000 5178 EXAMINING_DOCUMENT b'1836783'
ACTION SNIPPET 10000 5181 SNIPPET_NOT_RELEVANT b'1329067'
ACTION SNIPPET 10000 5184 SNIPPET_NOT_RELEVANT b'1306895'
ACTION SNIPPET 10000 5187 SNIPPET_NOT_RELEVANT b'1397606'
ACTION SNIPPET 10000 5190 SNIPPET_RELEVANT b'1474907'
ACTION DOC 10000 5210 EXAMINING_DOCUMENT b'1474907'
ACTION SNIPPET 10000 5213 SNIPPET_NOT_RELEVANT b'1751538'
ACTION SNIPPET 10000 5216 SNIPPET_RELEVANT b'1093200'
ACTION DOC 10000 5236 EXAMINING_DOCUMENT b'1093200'
ACTION SNIPPET 10000 5239 SNIPPET_RELEVANT b'936576'
ACTION DOC 10000 5259 EXAMINING_DOCUMENT b'936576'
ACTION SNIPPET 10000 5262 SNIPPET_RELEVANT b'1840121'
ACTION DOC 10000 5282 EXAMINING_DOCUMENT b'1840121'
ACTION SNIPPET 10000 5285 SNIPPET_RELEVANT b'1236091'
ACTION DOC 10000 5305 EXAMINING_DOCUMENT b'1236091'
ACTION QUERY 10000 5315 mainstreaming tax
ACTION SERP 10000 5320 EXAMINE_SERP
ACTION SNIPPET 10000 5323 SEEN_PREVIOUSLY b'1216237'
ACTION SNIPPET 10000 5326 SEEN_PREVIOUSLY b'959337'
ACTION SNIPPET 10000 5329 SEEN_PREVIOUSLY b'710306'
ACTION SNIPPET 10000 5332 SEEN_PREVIOUSLY b'707506'
ACTION SNIPPET 10000 5335 SNIPPET_RELEVANT b'792264'
ACTION DOC 10000 5355 EXAMINING_DOCUMENT b'792264'
ACTION SNIPPET 10000 5358 SNIPPET_NOT_RELEVANT b'792594'
ACTION SNIPPET 10000 5361 SEEN_PREVIOUSLY b'708266'
ACTION SNIPPET 10000 5364 SNIPPET_NOT_RELEVANT b'391414'
ACTION SNIPPET 10000 5367 SEEN_PREVIOUSLY b'391413'
ACTION SNIPPET 10000 5370 SNIPPET_RELEVANT b'607455'
ACTION DOC 10000 5390 EXAMINING_DOCUMENT b'607455'
ACTION QUERY 10000 5400 mainstreaming current
ACTION SERP 10000 5405 EXAMINE_SERP
ACTION SNIPPET 10000 5408 SEEN_PREVIOUSLY b'183910'
ACTION SNIPPET 10000 5411 SNIPPET_NOT_RELEVANT b'711634'
ACTION SNIPPET 10000 5414 SEEN_PREVIOUSLY b'973283'
ACTION SNIPPET 10000 5417 SEEN_PREVIOUSLY b'710306'
ACTION SNIPPET 10000 5420 SNIPPET_RELEVANT b'1431102'
ACTION DOC 10000 5440 EXAMINING_DOCUMENT b'1431102'
ACTION SNIPPET 10000 5443 SNIPPET_NOT_RELEVANT b'515882'
ACTION SNIPPET 10000 5446 SEEN_PREVIOUSLY b'999722'
ACTION SNIPPET 10000 5449 SNIPPET_NOT_RELEVANT b'556160'
ACTION SNIPPET 10000 5452 SNIPPET_NOT_RELEVANT b'1281840'
ACTION SNIPPET 10000 5455 SEEN_PREVIOUSLY b'712940'
ACTION QUERY 10000 5465 mainstreaming tx
ACTION SERP 10000 5470 EXAMINE_SERP
ACTION SNIPPET 10000 5473 SNIPPET_RELEVANT b'948528'
ACTION DOC 10000 5493 EXAMINING_DOCUMENT b'948528'
ACTION SNIPPET 10000 5496 SNIPPET_NOT_RELEVANT b'1711111'
ACTION SNIPPET 10000 5499 SNIPPET_NOT_RELEVANT b'1439684'
ACTION SNIPPET 10000 5502 SNIPPET_NOT_RELEVANT b'977865'
ACTION SNIPPET 10000 5505 SNIPPET_NOT_RELEVANT b'1109243'
ACTION SNIPPET 10000 5508 SNIPPET_NOT_RELEVANT b'1790185'
ACTION SNIPPET 10000 5511 SNIPPET_NOT_RELEVANT b'1540467'
ACTION SNIPPET 10000 5514 SNIPPET_RELEVANT b'1808802'
ACTION DOC 10000 5534 EXAMINING_DOCUMENT b'1808802'
ACTION SNIPPET 10000 5537 SNIPPET_NOT_RELEVANT b'1283793'
ACTION SNIPPET 10000 5540 SNIPPET_NOT_RELEVANT b'1645152'
ACTION QUERY 10000 5550 mainstreaming gov
ACTION SERP 10000 5555 EXAMINE_SERP
ACTION SNIPPET 10000 5558 SEEN_PREVIOUSLY b'1216237'
ACTION SNIPPET 10000 5561 SEEN_PREVIOUSLY b'169944'
ACTION SNIPPET 10000 5564 SNIPPET_NOT_RELEVANT b'1114977'
ACTION SNIPPET 10000 5567 SNIPPET_NOT_RELEVANT b'1047401'
ACTION SNIPPET 10000 5570 SNIPPET_RELEVANT b'380291'
ACTION DOC 10000 5590 EXAMINING_DOCUMENT b'380291'
ACTION SNIPPET 10000 5593 SNIPPET_NOT_RELEVANT b'599370'
ACTION SNIPPET 10000 5596 SNIPPET_NOT_RELEVANT b'1605919'
ACTION SNIPPET 10000 5599 SNIPPET_NOT_RELEVANT b'1260526'
ACTION SNIPPET 10000 5602 SEEN_PREVIOUSLY b'1668247'
ACTION SNIPPET 10000 5605 SNIPPET_RELEVANT b'183357'
ACTION DOC 10000 5625 EXAMINING_DOCUMENT b'183357'
ACTION QUERY 10000 5635 mainstreaming going
ACTION SERP 10000 5640 EXAMINE_SERP
ACTION SNIPPET 10000 5643 SEEN_PREVIOUSLY b'885652'
ACTION SNIPPET 10000 5646 SEEN_PREVIOUSLY b'973283'
ACTION SNIPPET 10000 5649 SNIPPET_RELEVANT b'822558'
ACTION DOC 10000 5669 EXAMINING_DOCUMENT b'822558'
ACTION SNIPPET 10000 5672 SNIPPET_NOT_RELEVANT b'617561'
ACTION SNIPPET 10000 5675 SNIPPET_NOT_RELEVANT b'711634'
ACTION SNIPPET 10000 5678 SNIPPET_RELEVANT b'1364522'
ACTION DOC 10000 5698 EXAMINING_DOCUMENT b'1364522'
ACTION SNIPPET 10000 5701 SEEN_PREVIOUSLY b'1131856'
ACTION SNIPPET 10000 5704 SNIPPET_RELEVANT b'1058563'
ACTION DOC 10000 5724 EXAMINING_DOCUMENT b'1058563'
ACTION MARK 10000 5727 CONSIDERED_RELEVANT b'1058563'
ACTION SNIPPET 10000 5730 SEEN_PREVIOUSLY b'712940'
ACTION SNIPPET 10000 5733 SNIPPET_NOT_RELEVANT b'1080775'
ACTION QUERY 10000 5743 mainstreaming allen
ACTION SERP 10000 5748 EXAMINE_SERP
ACTION SNIPPET 10000 5751 SNIPPET_RELEVANT b'726397'
ACTION DOC 10000 5771 EXAMINING_DOCUMENT b'726397'
ACTION SNIPPET 10000 5774 SNIPPET_RELEVANT b'1013661'
ACTION DOC 10000 5794 EXAMINING_DOCUMENT b'1013661'
ACTION SNIPPET 10000 5797 SNIPPET_NOT_RELEVANT b'424174'
ACTION SNIPPET 10000 5800 SNIPPET_NOT_RELEVANT b'1359713'
ACTION SNIPPET 10000 5803 SNIPPET_NOT_RELEVANT b'432202'
ACTION SNIPPET 10000 5806 SNIPPET_NOT_RELEVANT b'1366394'
ACTION SNIPPET 10000 5809 SNIPPET_NOT_RELEVANT b'1163314'
ACTION SNIPPET 10000 5812 SNIPPET_NOT_RELEVANT b'462755'
ACTION SNIPPET 10000 5815 SNIPPET_RELEVANT b'1645269'
ACTION DOC 10000 5835 EXAMINING_DOCUMENT b'1645269'
ACTION SNIPPET 10000 5838 SNIPPET_NOT_RELEVANT b'628355'
ACTION QUERY 10000 5848 mainstreaming parents
ACTION SERP 10000 5853 EXAMINE_SERP
ACTION SNIPPET 10000 5856 SEEN_PREVIOUSLY b'1557431'
ACTION SNIPPET 10000 5859 SEEN_PREVIOUSLY b'689233'
ACTION SNIPPET 10000 5862 SEEN_PREVIOUSLY b'555563'
ACTION SNIPPET 10000 5865 SNIPPET_RELEVANT b'1009024'
ACTION DOC 10000 5885 EXAMINING_DOCUMENT b'1009024'
ACTION SNIPPET 10000 5888 SEEN_PREVIOUSLY b'1083301'
ACTION SNIPPET 10000 5891 SEEN_PREVIOUSLY b'489302'
ACTION SNIPPET 10000 5894 SNIPPET_NOT_RELEVANT b'139792'
ACTION SNIPPET 10000 5897 SNIPPET_NOT_RELEVANT b'378955'
ACTION SNIPPET 10000 5900 SEEN_PREVIOUSLY b'1326215'
ACTION SNIPPET 10000 5903 SEEN_PREVIOUSLY b'1058563'
ACTION QUERY 10000 5913 mainstreaming protected
ACTION SERP 10000 5918 EXAMINE_SERP
ACTION SNIPPET 10000 5921 SEEN_PREVIOUSLY b'1216237'
ACTION SNIPPET 10000 5924 SNIPPET_RELEVANT b'1641084'
ACTION DOC 10000 5944 EXAMINING_DOCUMENT b'1641084'
ACTION SNIPPET 10000 5947 SEEN_PREVIOUSLY b'1718292'
ACTION SNIPPET 10000 5950 SEEN_PREVIOUSLY b'610900'
ACTION SNIPPET 10000 5953 SEEN_PREVIOUSLY b'340231'
ACTION SNIPPET 10000 5956 SNIPPET_RELEVANT b'1221414'
ACTION DOC 10000 5976 EXAMINING_DOCUMENT b'1221414'
ACTION SNIPPET 10000 5979 SNIPPET_NOT_RELEVANT b'1274464'
ACTION SNIPPET 10000 5982 SNIPPET_NOT_RELEVANT b'434566'
ACTION SNIPPET 10000 5985 SEEN_PREVIOUSLY b'728912'
ACTION SNIPPET 10000 5988 SNIPPET_NOT_RELEVANT b'1046269'
ACTION QUERY 10000 5998 mainstreaming syracuse
ACTION SERP 10000 6003 EXAMINE_SERP
ACTION SNIPPET 10000 6006 SNIPPET_RELEVANT b'288980'
ACTION DOC 10000 6026 EXAMINING_DOCUMENT b'288980'
ACTION SNIPPET 10000 6029 SNIPPET_RELEVANT b'1672101'
ACTION DOC 10000 6049 EXAMINING_DOCUMENT b'1672101'
ACTION SNIPPET 10000 6052 SNIPPET_NOT_RELEVANT b'413411'
ACTION SNIPPET 10000 6055 SNIPPET_NOT_RELEVANT b'429020'
ACTION SNIPPET 10000 6058 SNIPPET_NOT_RELEVANT b'981047'
ACTION SNIPPET 10000 6061 SNIPPET_RELEVANT b'297678'
ACTION DOC 10000 6081 EXAMINING_DOCUMENT b'297678'
ACTION SNIPPET 10000 6084 SNIPPET_NOT_RELEVANT b'547263'
ACTION SNIPPET 10000 6087 SNIPPET_NOT_RELEVANT b'1203956'
ACTION SNIPPET 10000 6090 SNIPPET_RELEVANT b'207615'
ACTION DOC 10000 6110 EXAMINING_DOCUMENT b'207615'
ACTION SNIPPET 10000 6113 SNIPPET_NOT_RELEVANT b'543982'
ACTION QUERY 10000 6123 mainstreaming syndrome
ACTION SERP 10000 6128 EXAMINE_SERP
ACTION SNIPPET 10000 6131 SNIPPET_RELEVANT b'290304'
ACTION DOC 10000 6151 EXAMINING_DOCUMENT b'290304'
ACTION MARK 10000 6154 CONSIDERED_RELEVANT b'290304'
ACTION SNIPPET 10000 6157 SEEN_PREVIOUSLY b'1058563'
ACTION SNIPPET 10000 6160 SNIPPET_NOT_RELEVANT b'298169'
ACTION SNIPPET 10000 6163 SNIPPET_RELEVANT b'293528'
ACTION DOC 10000 6183 EXAMINING_DOCUMENT b'293528'
ACTION SNIPPET 10000 6186 SNIPPET_RELEVANT b'1402645'
ACTION DOC 10000 6206 EXAMINING_DOCUMENT b'1402645'
ACTION SNIPPET 10000 6209 SNIPPET_RELEVANT b'140496'
ACTION DOC 10000 6229 EXAMINING_DOCUMENT b'140496'
ACTION SNIPPET 10000 6232 SNIPPET_RELEVANT b'1019654'
ACTION DOC 10000 6252 EXAMINING_DOCUMENT b'1019654'
ACTION SNIPPET 10000 6255 SNIPPET_RELEVANT b'1602914'
ACTION DOC 10000 6275 EXAMINING_DOCUMENT b'1602914'
ACTION SNIPPET 10000 6278 SNIPPET_RELEVANT b'1445440'
ACTION DOC 10000 6298 EXAMINING_DOCUMENT b'1445440'
ACTION SNIPPET 10000 6301 SNIPPET_NOT_RELEVANT b'675682'
ACTION QUERY 10000 6311 mainstreaming trend
ACTION SERP 10000 6316 EXAMINE_SERP
ACTION SNIPPET 10000 6319 SEEN_PREVIOUSLY b'1131856'
ACTION SNIPPET 10000 6322 SNIPPET_RELEVANT b'1539700'
ACTION DOC 10000 6342 EXAMINING_DOCUMENT b'1539700'
ACTION SNIPPET 10000 6345 SNIPPET_NOT_RELEVANT b'999745'
ACTION SNIPPET 10000 6348 SNIPPET_NOT_RELEVANT b'1406418'
ACTION SNIPPET 10000 6351 SNIPPET_RELEVANT b'438964'
ACTION DOC 10000 6371 EXAMINING_DOCUMENT b'438964'
ACTION SNIPPET 10000 6374 SEEN_PREVIOUSLY b'23830'
ACTION SNIPPET 10000 6377 SNIPPET_NOT_RELEVANT b'973819'
ACTION SNIPPET 10000 6380 SEEN_PREVIOUSLY b'1565253'
ACTION SNIPPET 10000 6383 SNIPPET_NOT_RELEVANT b'1278795'
ACTION SNIPPET 10000 6386 SNIPPET_NOT_RELEVANT b'1542921'
ACTION QUERY 10000 6396 mainstreaming boys
ACTION SERP 10000 6401 EXAMINE_SERP
ACTION SNIPPET 10000 6404 SNIPPET_RELEVANT b'27303'
ACTION DOC 10000 6424 EXAMINING_DOCUMENT b'27303'
ACTION SNIPPET 10000 6427 SNIPPET_RELEVANT b'66031'
ACTION DOC 10000 6447 EXAMINING_DOCUMENT b'66031'
ACTION SNIPPET 10000 6450 SNIPPET_NOT_RELEVANT b'1720929'
ACTION SNIPPET 10000 6453 SNIPPET_RELEVANT b'1618435'
ACTION DOC 10000 6473 EXAMINING_DOCUMENT b'1618435'
ACTION SNIPPET 10000 6476 SNIPPET_NOT_RELEVANT b'1515042'
ACTION SNIPPET 10000 6479 SNIPPET_NOT_RELEVANT b'401894'
ACTION SNIPPET 10000 6482 SEEN_PREVIOUSLY b'489302'
ACTION SNIPPET 10000 6485 SNIPPET_RELEVANT b'901176'
ACTION DOC 10000 6505 EXAMINING_DOCUMENT b'901176'
ACTION MARK 10000 6508 CONSIDERED_RELEVANT b'901176'
ACTION SNIPPET 10000 6511 SNIPPET_NOT_RELEVANT b'1192181'
ACTION SNIPPET 10000 6514 SNIPPET_RELEVANT b'1661886'
ACTION DOC 10000 6534 EXAMINING_DOCUMENT b'1661886'
ACTION QUERY 10000 6544 mainstreaming music
ACTION SERP 10000 6549 EXAMINE_SERP
ACTION SNIPPET 10000 6552 SNIPPET_RELEVANT b'492101'
ACTION DOC 10000 6572 EXAMINING_DOCUMENT b'492101'
ACTION SNIPPET 10000 6575 SEEN_PREVIOUSLY b'1131856'
ACTION SNIPPET 10000 6578 SNIPPET_RELEVANT b'1784043'
ACTION DOC 10000 6598 EXAMINING_DOCUMENT b'1784043'
ACTION SNIPPET 10000 6601 SNIPPET_RELEVANT b'327953'
ACTION DOC 10000 6621 EXAMINING_DOCUMENT b'327953'
ACTION SNIPPET 10000 6624 SEEN_PREVIOUSLY b'175170'
ACTION SNIPPET 10000 6627 SNIPPET_RELEVANT b'875819'
ACTION DOC 10000 6647 EXAMINING_DOCUMENT b'875819'
ACTION SNIPPET 10000 6650 SNIPPET_RELEVANT b'617561'
ACTION DOC 10000 6670 EXAMINING_DOCUMENT b'617561'
ACTION SNIPPET 10000 6673 SNIPPET_NOT_RELEVANT b'752967'
ACTION SNIPPET 10000 6676 SNIPPET_NOT_RELEVANT b'102552'
ACTION SNIPPET 10000 6679 SNIPPET_RELEVANT b'904596'
ACTION DOC 10000 6699 EXAMINING_DOCUMENT b'904596'
ACTION QUERY 10000 6709 mainstreaming ear
ACTION SERP 10000 6714 EXAMINE_SERP
ACTION SNIPPET 10000 6717 SNIPPET_NOT_RELEVANT b'862734'
ACTION SNIPPET 10000 6720 SNIPPET_RELEVANT b'724895'
ACTION DOC 10000 6740 EXAMINING_DOCUMENT b'724895'
ACTION SNIPPET 10000 6743 SNIPPET_NOT_RELEVANT b'507889'
ACTION SNIPPET 10000 6746 SNIPPET_RELEVANT b'1271217'
ACTION DOC 10000 6766 EXAMINING_DOCUMENT b'1271217'
ACTION SNIPPET 10000 6769 SNIPPET_NOT_RELEVANT b'272334'
ACTION SNIPPET 10000 6772 SNIPPET_NOT_RELEVANT b'168911'
ACTION SNIPPET 10000 6775 SNIPPET_NOT_RELEVANT b'1530156'
ACTION SNIPPET 10000 6778 SNIPPET_NOT_RELEVANT b'1282246'
ACTION SNIPPET 10000 6781 SNIPPET_NOT_RELEVANT b'401713'
ACTION SNIPPET 10000 6784 SNIPPET_RELEVANT b'1615253'
ACTION DOC 10000 6804 EXAMINING_DOCUMENT b'1615253'
ACTION QUERY 10000 6814 mainstreaming holiday
ACTION SERP 10000 6819 EXAMINE_SERP
ACTION SNIPPET 10000 6822 SNIPPET_RELEVANT b'1813740'
ACTION DOC 10000 6842 EXAMINING_DOCUMENT b'1813740'
ACTION SNIPPET 10000 6845 SNIPPET_RELEVANT b'1062509'
ACTION DOC 10000 6865 EXAMINING_DOCUMENT b'1062509'
ACTION SNIPPET 10000 6868 SNIPPET_RELEVANT b'976633'
ACTION DOC 10000 6888 EXAMINING_DOCUMENT b'976633'
ACTION SNIPPET 10000 6891 SNIPPET_RELEVANT b'161970'
ACTION DOC 10000 6911 EXAMINING_DOCUMENT b'161970'
ACTION SNIPPET 10000 6914 SEEN_PREVIOUSLY b'1431102'
ACTION SNIPPET 10000 6917 SNIPPET_NOT_RELEVANT b'893907'
ACTION SNIPPET 10000 6920 SNIPPET_RELEVANT b'1814198'
ACTION DOC 10000 6940 EXAMINING_DOCUMENT b'1814198'
ACTION SNIPPET 10000 6943 SNIPPET_RELEVANT b'1182487'
ACTION DOC 10000 6963 EXAMINING_DOCUMENT b'1182487'
ACTION SNIPPET 10000 6966 SNIPPET_NOT_RELEVANT b'816774'
ACTION SNIPPET 10000 6969 SNIPPET_NOT_RELEVANT b'103579'
ACTION QUERY 10000 6979 mainstreaming call
ACTION SERP 10000 6984 EXAMINE_SERP
ACTION SNIPPET 10000 6987 SEEN_PREVIOUSLY b'1216237'
ACTION SNIPPET 10000 6990 SNIPPET_NOT_RELEVANT b'469109'
ACTION SNIPPET 10000 6993 SEEN_PREVIOUSLY b'708266'
ACTION SNIPPET 10000 6996 SNIPPET_NOT_RELEVANT b'1740481'
ACTION SNIPPET 10000 6999 SNIPPET_RELEVANT b'1656964'
ACTION DOC 10000 7019 EXAMINING_DOCUMENT b'1656964'
ACTION SNIPPET 10000 7022 SNIPPET_NOT_RELEVANT b'919778'
ACTION SNIPPET 10000 7025 SEEN_PREVIOUSLY b'903274'
ACTION SNIPPET 10000 7028 SEEN_PREVIOUSLY b'1718292'
ACTION SNIPPET 10000 7031 SEEN_PREVIOUSLY b'959337'
ACTION SNIPPET 10000 7034 SEEN_PREVIOUSLY b'1131856'
ACTION QUERY 10000 7044 mainstreaming wanting
ACTION SERP 10000 7049 EXAMINE_SERP
ACTION SNIPPET 10000 7052 SEEN_PREVIOUSLY b'183910'
ACTION SNIPPET 10000 7055 SNIPPET_RELEVANT b'1291259'
ACTION DOC 10000 7075 EXAMINING_DOCUMENT b'1291259'
ACTION SNIPPET 10000 7078 SEEN_PREVIOUSLY b'885652'
ACTION SNIPPET 10000 7081 SEEN_PREVIOUSLY b'1557431'
ACTION SNIPPET 10000 7084 SNIPPET_RELEVANT b'935113'
ACTION DOC 10000 7104 EXAMINING_DOCUMENT b'935113'
ACTION SNIPPET 10000 7107 SNIPPET_RELEVANT b'711634'
ACTION DOC 10000 7127 EXAMINING_DOCUMENT b'711634'
ACTION SNIPPET 10000 7130 SEEN_PREVIOUSLY b'903274'
ACTION SNIPPET 10000 7133 SEEN_PREVIOUSLY b'1169054'
ACTION SNIPPET 10000 7136 SNIPPET_RELEVANT b'1473181'
ACTION DOC 10000 7156 EXAMINING_DOCUMENT b'1473181'
ACTION SNIPPET 10000 7159 SNIPPET_RELEVANT b'1370777'
ACTION DOC 10000 7179 EXAMINING_DOCUMENT b'1370777'
ACTION QUERY 10000 7189 mainstreaming leading
ACTION SERP 10000 7194 EXAMINE_SERP
ACTION SNIPPET 10000 7197 SEEN_PREVIOUSLY b'103307'
ACTION SNIPPET 10000 7200 SEEN_PREVIOUSLY b'183910'
ACTION SNIPPET 10000 7203 SEEN_PREVIOUSLY b'708266'
ACTION SNIPPET 10000 7206 SNIPPET_NOT_RELEVANT b'103309'
ACTION SNIPPET 10000 7209 SEEN_PREVIOUSLY b'390262'
ACTION SNIPPET 10000 7212 SEEN_PREVIOUSLY b'959337'
ACTION SNIPPET 10000 7215 SNIPPET_RELEVANT b'103456'
ACTION DOC 10000 7235 EXAMINING_DOCUMENT b'103456'
ACTION SNIPPET 10000 7238 SEEN_PREVIOUSLY b'302513'
ACTION SNIPPET 10000 7241 SEEN_PREVIOUSLY b'973283'
ACTION SNIPPET 10000 7244 SEEN_PREVIOUSLY b'492101'
ACTION QUERY 10000 7254 mainstreaming bland
ACTION SERP 10000 7259 EXAMINE_SERP
ACTION SNIPPET 10000 7262 SEEN_PREVIOUSLY b'901176'
ACTION SNIPPET 10000 7265 SEEN_PREVIOUSLY b'23830'
ACTION SNIPPET 10000 7268 SEEN_PREVIOUSLY b'1431102'
ACTION SNIPPET 10000 7271 SNIPPET_RELEVANT b'1633536'
ACTION DOC 10000 7291 EXAMINING_DOCUMENT b'1633536'
ACTION SNIPPET 10000 7294 SNIPPET_NOT_RELEVANT b'1320550'
ACTION SNIPPET 10000 7297 SNIPPET_NOT_RELEVANT b'184943'
ACTION SNIPPET 10000 7300 SNIPPET_NOT_RELEVANT b'418436'
ACTION SNIPPET 10000 7303 SEEN_PREVIOUSLY b'152896'
ACTION SNIPPET 10000 7306 SNIPPET_RELEVANT b'1531934'
ACTION DOC 10000 7326 EXAMINING_DOCUMENT b'1531934'
ACTION SNIPPET 10000 7329 SNIPPET_NOT_RELEVANT b'1269904'
ACTION QUERY 10000 7339 mainstreaming max
ACTION SERP 10000 7344 EXAMINE_SERP
ACTION SNIPPET 10000 7347 SNIPPET_NOT_RELEVANT b'1220242'
ACTION SNIPPET 10000 7350 SNIPPET_RELEVANT b'164147'
ACTION DOC 10000 7370 EXAMINING_DOCUMENT b'164147'
ACTION SNIPPET 10000 7373 SNIPPET_RELEVANT b'942125'
ACTION DOC 10000 7393 EXAMINING_DOCUMENT b'942125'
ACTION SNIPPET 10000 7396 SNIPPET_NOT_RELEVANT b'517012'
ACTION SNIPPET 10000 7399 SNIPPET_RELEVANT b'1188786'
ACTION DOC 10000 7419 EXAMINING_DOCUMENT b'1188786'
ACTION SNIPPET 10000 7422 SNIPPET_NOT_RELEVANT b'1491663'
ACTION SNIPPET 10000 7425 SNIPPET_NOT_RELEVANT b'1056088'
ACTION SNIPPET 10000 7428 SNIPPET_NOT_RELEVANT b'1754705'
ACTION SNIPPET 10000 7431 SNIPPET_NOT_RELEVANT b'595952'
ACTION SNIPPET 10000 7434 SNIPPET_RELEVANT b'895583'
ACTION DOC 10000 7454 EXAMINING_DOCUMENT b'895583'
ACTION QUERY 10000 7464 mainstreaming teenagers
ACTION SERP 10000 7469 EXAMINE_SERP
ACTION SNIPPET 10000 7472 SNIPPET_RELEVANT b'1738948'
ACTION DOC 10000 7492 EXAMINING_DOCUMENT b'1738948'
ACTION SNIPPET 10000 7495 SNIPPET_NOT_RELEVANT b'1594034'
ACTION SNIPPET 10000 7498 SNIPPET_NOT_RELEVANT b'1815641'
ACTION SNIPPET 10000 7501 SNIPPET_NOT_RELEVANT b'1766191'
ACTION SNIPPET 10000 7504 SEEN_PREVIOUSLY b'1281839'
ACTION SNIPPET 10000 7507 SNIPPET_RELEVANT b'1537652'
ACTION DOC 10000 7527 EXAMINING_DOCUMENT b'1537652'
ACTION SNIPPET 10000 7530 SEEN_PREVIOUSLY b'555563'
ACTION SNIPPET 10000 7533 SNIPPET_NOT_RELEVANT b'1509998'
ACTION SNIPPET 10000 7536 SNIPPET_RELEVANT b'1779155'
ACTION DOC 10000 7556 EXAMINING_DOCUMENT b'1779155'
ACTION SNIPPET 10000 7559 SNIPPET_RELEVANT b'1785841'
ACTION DOC 10000 7579 EXAMINING_DOCUMENT b'1785841'
ACTION QUERY 10000 7589 mainstreaming preschool
ACTION SERP 10000 7594 EXAMINE_SERP
ACTION SNIPPET 10000 7597 SEEN_PREVIOUSLY b'859968'
ACTION SNIPPET 10000 7600 SNIPPET_NOT_RELEVANT b'1533742'
ACTION SNIPPET 10000 7603 SNIPPET_RELEVANT b'826033'
ACTION DOC 10000 7623 EXAMINING_DOCUMENT b'826033'
ACTION SNIPPET 10000 7626 SNIPPET_RELEVANT b'925696'
ACTION DOC 10000 7646 EXAMINING_DOCUMENT b'925696'
ACTION MARK 10000 7649 CONSIDERED_RELEVANT b'925696'
ACTION SNIPPET 10000 7652 SNIPPET_NOT_RELEVANT b'91005'
ACTION SNIPPET 10000 7655 SNIPPET_NOT_RELEVANT b'1056789'
ACTION SNIPPET 10000 7658 SNIPPET_NOT_RELEVANT b'862589'
ACTION SNIPPET 10000 7661 SNIPPET_NOT_RELEVANT b'795045'
ACTION SNIPPET 10000 7664 SNIPPET_RELEVANT b'794900'
ACTION DOC 10000 7684 EXAMINING_DOCUMENT b'794900'
ACTION MARK 10000 7687 CONSIDERED_RELEVANT b'794900'
ACTION SNIPPET 10000 7690 SNIPPET_NOT_RELEVANT b'1179896'
ACTION QUERY 10000 7700 mainstreaming montessori
ACTION SERP 10000 7705 EXAMINE_SERP
ACTION SNIPPET 10000 7708 SNIPPET_RELEVANT b'1648295'
ACTION DOC 10000 7728 EXAMINING_DOCUMENT b'1648295'
ACTION SNIPPET 10000 7731 SNIPPET_NOT_RELEVANT b'721852'
ACTION SNIPPET 10000 7734 SNIPPET_RELEVANT b'275105'
ACTION DOC 10000 7754 EXAMINING_DOCUMENT b'275105'
ACTION SNIPPET 10000 7757 SNIPPET_NOT_RELEVANT b'1179896'
ACTION SNIPPET 10000 7760 SNIPPET_NOT_RELEVANT b'1688329'
ACTION SNIPPET 10000 7763 SNIPPET_NOT_RELEVANT b'891672'
ACTION SNIPPET 10000 7766 SNIPPET_NOT_RELEVANT b'49186'
ACTION SNIPPET 10000 7769 SNIPPET_NOT_RELEVANT b'1691615'
ACTION SNIPPET 10000 7772 SNIPPET_RELEVANT b'1646730'
ACTION DOC 10000 7792 EXAMINING_DOCUMENT b'1646730'
ACTION SNIPPET 10000 7795 SNIPPET_RELEVANT b'1323127'
ACTION DOC 10000 7815 EXAMINING_DOCUMENT b'1323127'
ACTION QUERY 10000 7825 mainstreaming heubel
ACTION SERP 10000 7830 EXAMINE_SERP
ACTION SNIPPET 10000 7833 SEEN_PREVIOUSLY b'925696'
ACTION SNIPPET 10000 7836 SEEN_PREVIOUSLY b'959337'
ACTION SNIPPET 10000 7839 SEEN_PREVIOUSLY b'973283'
ACTION SNIPPET 10000 7842 SEEN_PREVIOUSLY b'183910'
ACTION SNIPPET 10000 7845 SEEN_PREVIOUSLY b'1718294'
ACTION SNIPPET 10000 7848 SEEN_PREVIOUSLY b'1267884'
ACTION SNIPPET 10000 7851 SEEN_PREVIOUSLY b'1129279'
ACTION SNIPPET 10000 7854 SEEN_PREVIOUSLY b'610900'
ACTION SNIPPET 10000 7857 SEEN_PREVIOUSLY b'1216237'
ACTION SNIPPET 10000 7860 SEEN_PREVIOUSLY b'166353'
ACTION QUERY 10000 7870 mainstreaming stand
ACTION SERP 10000 7875 EXAMINE_SERP
ACTION SNIPPET 10000 7878 SEEN_PREVIOUSLY b'903274'
ACTION SNIPPET 10000 7881 SEEN_PREVIOUSLY b'959337'
ACTION SNIPPET 10000 7884 SNIPPET_NOT_RELEVANT b'187887'
ACTION SNIPPET 10000 7887 SEEN_PREVIOUSLY b'183910'
ACTION SNIPPET 10000 7890 SNIPPET_RELEVANT b'697859'
ACTION DOC 10000 7910 EXAMINING_DOCUMENT b'697859'
ACTION SNIPPET 10000 7913 SNIPPET_RELEVANT b'1722104'
ACTION DOC 10000 7933 EXAMINING_DOCUMENT b'1722104'
ACTION SNIPPET 10000 7936 SNIPPET_RELEVANT b'603629'
ACTION DOC 10000 7956 EXAMINING_DOCUMENT b'603629'
ACTION SNIPPET 10000 7959 SNIPPET_RELEVANT b'1484299'
ACTION DOC 10000 7979 EXAMINING_DOCUMENT b'1484299'
ACTION SNIPPET 10000 7982 SNIPPET_RELEVANT b'933762'
ACTION DOC 10000 8002 EXAMINING_DOCUMENT b'933762'
ACTION SNIPPET 10000 8005 SNIPPET_NOT_RELEVANT b'1531650'
ACTION QUERY 10000 8015 mainstreaming alarm
ACTION SERP 10000 8020 EXAMINE_SERP
ACTION SNIPPET 10000 8023 SNIPPET_RELEVANT b'1636465'
ACTION DOC 10000 8043 EXAMINING_DOCUMENT b'1636465'
ACTION SNIPPET 10000 8046 SNIPPET_NOT_RELEVANT b'410511'
ACTION SNIPPET 10000 8049 SNIPPET_RELEVANT b'1390934'
ACTION DOC 10000 8069 EXAMINING_DOCUMENT b'1390934'
ACTION SNIPPET 10000 8072 SNIPPET_RELEVANT b'1659038'
ACTION DOC 10000 8092 EXAMINING_DOCUMENT b'1659038'
ACTION SNIPPET 10000 8095 SNIPPET_NOT_RELEVANT b'1209059'
ACTION SNIPPET 10000 8098 SNIPPET_NOT_RELEVANT b'689519'
ACTION SNIPPET 10000 8101 SNIPPET_NOT_RELEVANT b'92049'
ACTION SNIPPET 10000 8104 SNIPPET_RELEVANT b'1529906'
ACTION DOC 10000 8124 EXAMINING_DOCUMENT b'1529906'
ACTION SNIPPET 10000 8127 SNIPPET_NOT_RELEVANT b'768667'
ACTION SNIPPET 10000 8130 SNIPPET_RELEVANT b'1390079'
ACTION DOC 10000 8150 EXAMINING_DOCUMENT b'1390079'
ACTION QUERY 10000 8160 mainstreaming engel
ACTION SERP 10000 8165 EXAMINE_SERP
ACTION SNIPPET 10000 8168 SNIPPET_NOT_RELEVANT b'1291383'
ACTION SNIPPET 10000 8171 SNIPPET_NOT_RELEVANT b'1849668'
ACTION SNIPPET 10000 8174 SNIPPET_RELEVANT b'1227364'
ACTION DOC 10000 8194 EXAMINING_DOCUMENT b'1227364'
ACTION SNIPPET 10000 8197 SNIPPET_RELEVANT b'1228220'
ACTION DOC 10000 8217 EXAMINING_DOCUMENT b'1228220'
ACTION SNIPPET 10000 8220 SNIPPET_NOT_RELEVANT b'1198222'
ACTION SNIPPET 10000 8223 SNIPPET_RELEVANT b'116630'
ACTION DOC 10000 8243 EXAMINING_DOCUMENT b'116630'
ACTION SNIPPET 10000 8246 SNIPPET_NOT_RELEVANT b'1224521'
ACTION SNIPPET 10000 8249 SNIPPET_RELEVANT b'853348'
ACTION DOC 10000 8269 EXAMINING_DOCUMENT b'853348'
ACTION SNIPPET 10000 8272 SNIPPET_RELEVANT b'152720'
ACTION DOC 10000 8292 EXAMINING_DOCUMENT b'152720'
ACTION SNIPPET 10000 8295 SNIPPET_RELEVANT b'1319461'
ACTION DOC 10000 8315 EXAMINING_DOCUMENT b'1319461'
ACTION QUERY 10000 8325 mainstreaming wilmington
ACTION SERP 10000 8330 EXAMINE_SERP
ACTION SNIPPET 10000 8333 SNIPPET_NOT_RELEVANT b'1649784'
ACTION SNIPPET 10000 8336 SNIPPET_NOT_RELEVANT b'1018076'
ACTION SNIPPET 10000 8339 SNIPPET_RELEVANT b'1204373'
ACTION DOC 10000 8359 EXAMINING_DOCUMENT b'1204373'
ACTION SNIPPET 10000 8362 SNIPPET_NOT_RELEVANT b'62000'
ACTION SNIPPET 10000 8365 SNIPPET_NOT_RELEVANT b'1713632'
ACTION SNIPPET 10000 8368 SNIPPET_NOT_RELEVANT b'657535'
ACTION SNIPPET 10000 8371 SNIPPET_NOT_RELEVANT b'47395'
ACTION SNIPPET 10000 8374 SNIPPET_NOT_RELEVANT b'281786'
ACTION SNIPPET 10000 8377 SNIPPET_RELEVANT b'27530'
ACTION DOC 10000 8397 EXAMINING_DOCUMENT b'27530'
ACTION SNIPPET 10000 8400 SNIPPET_NOT_RELEVANT b'1706577'
ACTION QUERY 10000 8410 mainstreaming class
ACTION SERP 10000 8415 EXAMINE_SERP
ACTION SNIPPET 10000 8418 SEEN_PREVIOUSLY b'1291259'
ACTION SNIPPET 10000 8421 SEEN_PREVIOUSLY b'892030'
ACTION SNIPPET 10000 8424 SEEN_PREVIOUSLY b'858752'
ACTION SNIPPET 10000 8427 SEEN_PREVIOUSLY b'1128203'
ACTION SNIPPET 10000 8430 SEEN_PREVIOUSLY b'1382792'
ACTION SNIPPET 10000 8433 SEEN_PREVIOUSLY b'489302'
ACTION SNIPPET 10000 8436 SEEN_PREVIOUSLY b'1229966'
ACTION SNIPPET 10000 8439 SEEN_PREVIOUSLY b'1066582'
ACTION SNIPPET 10000 8442 SNIPPET_RELEVANT b'1254871'
ACTION DOC 10000 8462 EXAMINING_DOCUMENT b'1254871'
ACTION SNIPPET 10000 8465 SEEN_PREVIOUSLY b'697859'
ACTION QUERY 10000 8475 mainstreaming suburbs
ACTION SERP 10000 8480 EXAMINE_SERP
ACTION SNIPPET 10000 8483 SNIPPET_NOT_RELEVANT b'541905'
ACTION SNIPPET 10000 8486 SNIPPET_NOT_RELEVANT b'183151'
ACTION SNIPPET 10000 8489 SNIPPET_NOT_RELEVANT b'388077'
ACTION SNIPPET 10000 8492 SNIPPET_RELEVANT b'1092241'
ACTION DOC 10000 8512 EXAMINING_DOCUMENT b'1092241'
ACTION SNIPPET 10000 8515 SNIPPET_NOT_RELEVANT b'1509998'
ACTION SNIPPET 10000 8518 SEEN_PREVIOUSLY b'1128203'
ACTION SNIPPET 10000 8521 SNIPPET_NOT_RELEVANT b'201886'
ACTION SNIPPET 10000 8524 SNIPPET_NOT_RELEVANT b'846526'
ACTION SNIPPET 10000 8527 SNIPPET_NOT_RELEVANT b'149111'
ACTION SNIPPET 10000 8530 SNIPPET_NOT_RELEVANT b'396844'
ACTION QUERY 10000 8540 mainstreaming word
ACTION SERP 10000 8545 EXAMINE_SERP
ACTION SNIPPET 10000 8548 SEEN_PREVIOUSLY b'166353'
ACTION SNIPPET 10000 8551 SEEN_PREVIOUSLY b'837019'
ACTION SNIPPET 10000 8554 SEEN_PREVIOUSLY b'175170'
ACTION SNIPPET 10000 8557 SEEN_PREVIOUSLY b'1557431'
ACTION SNIPPET 10000 8560 SEEN_PREVIOUSLY b'1364522'
ACTION SNIPPET 10000 8563 SEEN_PREVIOUSLY b'885652'
ACTION SNIPPET 10000 8566 SEEN_PREVIOUSLY b'339413'
ACTION SNIPPET 10000 8569 SNIPPET_NOT_RELEVANT b'532576'
ACTION SNIPPET 10000 8572 SEEN_PREVIOUSLY b'610900'
ACTION SNIPPET 10000 8575 SNIPPET_NOT_RELEVANT b'1223801'
ACTION QUERY 10000 8585 mainstreaming nc
ACTION SERP 10000 8590 EXAMINE_SERP
ACTION SNIPPET 10000 8593 SNIPPET_NOT_RELEVANT b'1127811'
ACTION SNIPPET 10000 8596 SNIPPET_RELEVANT b'398058'
ACTION DOC 10000 8616 EXAMINING_DOCUMENT b'398058'
ACTION SNIPPET 10000 8619 SNIPPET_RELEVANT b'390859'
ACTION DOC 10000 8639 EXAMINING_DOCUMENT b'390859'
ACTION SNIPPET 10000 8642 SNIPPET_NOT_RELEVANT b'390858'
ACTION SNIPPET 10000 8645 SNIPPET_RELEVANT b'776643'
ACTION DOC 10000 8665 EXAMINING_DOCUMENT b'776643'
ACTION SNIPPET 10000 8668 SNIPPET_NOT_RELEVANT b'1528883'
ACTION SNIPPET 10000 8671 SNIPPET_NOT_RELEVANT b'1509931'
ACTION SNIPPET 10000 8674 SNIPPET_NOT_RELEVANT b'504463'
ACTION SNIPPET 10000 8677 SNIPPET_RELEVANT b'907741'
ACTION DOC 10000 8697 EXAMINING_DOCUMENT b'907741'
ACTION SNIPPET 10000 8700 SNIPPET_NOT_RELEVANT b'1609716'
ACTION QUERY 10000 8710 mainstreaming kindergarten
ACTION SERP 10000 8715 EXAMINE_SERP
ACTION SNIPPET 10000 8718 SEEN_PREVIOUSLY b'1229966'
ACTION SNIPPET 10000 8721 SNIPPET_NOT_RELEVANT b'1530443'
ACTION SNIPPET 10000 8724 SNIPPET_RELEVANT b'297798'
ACTION DOC 10000 8744 EXAMINING_DOCUMENT b'297798'
ACTION SNIPPET 10000 8747 SNIPPET_NOT_RELEVANT b'91005'
ACTION SNIPPET 10000 8750 SEEN_PREVIOUSLY b'859968'
ACTION SNIPPET 10000 8753 SNIPPET_NOT_RELEVANT b'1256522'
ACTION SNIPPET 10000 8756 SEEN_PREVIOUSLY b'888560'
ACTION SNIPPET 10000 8759 SNIPPET_RELEVANT b'580709'
ACTION DOC 10000 8779 EXAMINING_DOCUMENT b'580709'
ACTION SNIPPET 10000 8782 SEEN_PREVIOUSLY b'858752'
ACTION SNIPPET 10000 8785 SNIPPET_RELEVANT b'729984'
ACTION DOC 10000 8805 EXAMINING_DOCUMENT b'729984'
ACTION QUERY 10000 8815 mainstreaming shake
ACTION SERP 10000 8820 EXAMINE_SERP
ACTION SNIPPET 10000 8823 SNIPPET_RELEVANT b'1339273'
ACTION DOC 10000 8843 EXAMINING_DOCUMENT b'1339273'
ACTION SNIPPET 10000 8846 SNIPPET_NOT_RELEVANT b'861836'
ACTION SNIPPET 10000 8849 SNIPPET_RELEVANT b'451799'
ACTION DOC 10000 8869 EXAMINING_DOCUMENT b'451799'
ACTION SNIPPET 10000 8872 SNIPPET_RELEVANT b'146408'
ACTION DOC 10000 8892 EXAMINING_DOCUMENT b'146408'
ACTION SNIPPET 10000 8895 SNIPPET_NOT_RELEVANT b'1740481'
ACTION SNIPPET 10000 8898 SNIPPET_RELEVANT b'1289495'
ACTION DOC 10000 8918 EXAMINING_DOCUMENT b'1289495'
ACTION SNIPPET 10000 8921 SNIPPET_NOT_RELEVANT b'866453'
ACTION SNIPPET 10000 8924 SNIPPET_NOT_RELEVANT b'1663716'
ACTION SNIPPET 10000 8927 SNIPPET_NOT_RELEVANT b'639441'
ACTION SNIPPET 10000 8930 SNIPPET_NOT_RELEVANT b'887928'
ACTION QUERY 10000 8940 mainstreaming stereo
ACTION SERP 10000 8945 EXAMINE_SERP
ACTION SNIPPET 10000 8948 SNIPPET_NOT_RELEVANT b'1633307'
ACTION SNIPPET 10000 8951 SNIPPET_NOT_RELEVANT b'906927'
ACTION SNIPPET 10000 8954 SNIPPET_RELEVANT b'1161647'
ACTION DOC 10000 8974 EXAMINING_DOCUMENT b'1161647'
ACTION SNIPPET 10000 8977 SNIPPET_RELEVANT b'1354670'
ACTION DOC 10000 8997 EXAMINING_DOCUMENT b'1354670'
ACTION SNIPPET 10000 9000 SNIPPET_RELEVANT b'1739027'
ACTION DOC 10000 9020 EXAMINING_DOCUMENT b'1739027'
ACTION SNIPPET 10000 9023 SEEN_PREVIOUSLY b'290304'
ACTION SNIPPET 10000 9026 SNIPPET_RELEVANT b'430746'
ACTION DOC 10000 9046 EXAMINING_DOCUMENT b'430746'
ACTION SNIPPET 10000 9049 SNIPPET_RELEVANT b'363171'
ACTION DOC 10000 9069 EXAMINING_DOCUMENT b'363171'
ACTION SNIPPET 10000 9072 SNIPPET_NOT_RELEVANT b'1801309'
ACTION SNIPPET 10000 9075 SNIPPET_RELEVANT b'1091580'
ACTION DOC 10000 9095 EXAMINING_DOCUMENT b'1091580'
ACTION QUERY 10000 9105 mainstreaming heard
ACTION SERP 10000 9110 EXAMINE_SERP
ACTION SNIPPET 10000 9113 SEEN_PREVIOUSLY b'600965'
ACTION SNIPPET 10000 9116 SNIPPET_RELEVANT b'1118839'
ACTION DOC 10000 9136 EXAMINING_DOCUMENT b'1118839'
ACTION SNIPPET 10000 9139 SNIPPET_NOT_RELEVANT b'1651587'
ACTION SNIPPET 10000 9142 SNIPPET_NOT_RELEVANT b'110064'
ACTION SNIPPET 10000 9145 SNIPPET_NOT_RELEVANT b'1832120'
ACTION SNIPPET 10000 9148 SEEN_PREVIOUSLY b'555563'
ACTION SNIPPET 10000 9151 SEEN_PREVIOUSLY b'1013661'
ACTION SNIPPET 10000 9154 SNIPPET_NOT_RELEVANT b'1211781'
ACTION SNIPPET 10000 9157 SNIPPET_NOT_RELEVANT b'356619'
ACTION SNIPPET 10000 9160 SNIPPET_RELEVANT b'466444'
ACTION DOC 10000 9180 EXAMINING_DOCUMENT b'466444'
ACTION QUERY 10000 9190 mainstreaming night
ACTION SERP 10000 9195 EXAMINE_SERP
ACTION SNIPPET 10000 9198 SEEN_PREVIOUSLY b'903274'
ACTION SNIPPET 10000 9201 SEEN_PREVIOUSLY b'973283'
ACTION SNIPPET 10000 9204 SEEN_PREVIOUSLY b'617561'
ACTION SNIPPET 10000 9207 SEEN_PREVIOUSLY b'1431102'
ACTION SNIPPET 10000 9210 SEEN_PREVIOUSLY b'492101'
ACTION SNIPPET 10000 9213 SNIPPET_RELEVANT b'183151'
ACTION DOC 10000 9233 EXAMINING_DOCUMENT b'183151'
ACTION SNIPPET 10000 9236 SEEN_PREVIOUSLY b'1214463'
ACTION SNIPPET 10000 9239 SNIPPET_NOT_RELEVANT b'381268'
ACTION SNIPPET 10000 9242 SNIPPET_RELEVANT b'180065'
ACTION DOC 10000 9262 EXAMINING_DOCUMENT b'180065'
ACTION SNIPPET 10000 9265 SEEN_PREVIOUSLY b'600965'
ACTION QUERY 10000 9275 mainstreaming piercing
ACTION SERP 10000 9280 EXAMINE_SERP
ACTION SNIPPET 10000 9283 SEEN_PREVIOUSLY b'724895'
ACTION SNIPPET 10000 9286 SNIPPET_NOT_RELEVANT b'862734'
ACTION SNIPPET 10000 9289 SNIPPET_NOT_RELEVANT b'1165312'
ACTION SNIPPET 10000 9292 SNIPPET_NOT_RELEVANT b'979010'
ACTION SNIPPET 10000 9295 SNIPPET_NOT_RELEVANT b'906664'
ACTION SNIPPET 10000 9298 SNIPPET_RELEVANT b'852033'
ACTION DOC 10000 9318 EXAMINING_DOCUMENT b'852033'
ACTION SNIPPET 10000 9321 SNIPPET_NOT_RELEVANT b'1410628'
ACTION SNIPPET 10000 9324 SNIPPET_RELEVANT b'761884'
ACTION DOC 10000 9344 EXAMINING_DOCUMENT b'761884'
ACTION SNIPPET 10000 9347 SNIPPET_NOT_RELEVANT b'628398'
ACTION SNIPPET 10000 9350 SNIPPET_NOT_RELEVANT b'1790600'
ACTION QUERY 10000 9360 mainstreaming mary
ACTION SERP 10000 9365 EXAMINE_SERP
ACTION SNIPPET 10000 9368 SEEN_PREVIOUSLY b'825950'
ACTION SNIPPET 10000 9371 SNIPPET_NOT_RELEVANT b'560536'
ACTION SNIPPET 10000 9374 SNIPPET_NOT_RELEVANT b'1409790'
ACTION SNIPPET 10000 9377 SNIPPET_NOT_RELEVANT b'1007123'
ACTION SNIPPET 10000 9380 SNIPPET_NOT_RELEVANT b'1546243'
ACTION SNIPPET 10000 9383 SNIPPET_RELEVANT b'1221224'
ACTION DOC 10000 9403 EXAMINING_DOCUMENT b'1221224'
ACTION SNIPPET 10000 9406 SNIPPET_RELEVANT b'414780'
ACTION DOC 10000 9426 EXAMINING_DOCUMENT b'414780'
ACTION SNIPPET 10000 9429 SNIPPET_RELEVANT b'1389881'
ACTION DOC 10000 9449 EXAMINING_DOCUMENT b'1389881'
ACTION SNIPPET 10000 9452 SNIPPET_RELEVANT b'1587388'
ACTION DOC 10000 9472 EXAMINING_DOCUMENT b'1587388'
ACTION SNIPPET 10000 9475 SNIPPET_RELEVANT b'145715'
ACTION DOC 10000 9495 EXAMINING_DOCUMENT b'145715'
ACTION QUERY 10000 9505 mainstreaming called
ACTION SERP 10000 9510 EXAMINE_SERP
ACTION SNIPPET 10000 9513 SEEN_PREVIOUSLY b'1216237'
ACTION SNIPPET 10000 9516 SNIPPET_RELEVANT b'469109'
ACTION DOC 10000 9536 EXAMINING_DOCUMENT b'469109'
ACTION SNIPPET 10000 9539 SEEN_PREVIOUSLY b'708266'
ACTION SNIPPET 10000 9542 SNIPPET_NOT_RELEVANT b'1740481'
ACTION SNIPPET 10000 9545 SEEN_PREVIOUSLY b'1656964'
ACTION SNIPPET 10000 9548 SNIPPET_RELEVANT b'919778'
ACTION DOC 10000 9568 EXAMINING_DOCUMENT b'919778'
ACTION SNIPPET 10000 9571 SEEN_PREVIOUSLY b'903274'
ACTION SNIPPET 10000 9574 SEEN_PREVIOUSLY b'1718292'
ACTION SNIPPET 10000 9577 SEEN_PREVIOUSLY b'959337'
ACTION SNIPPET 10000 9580 SEEN_PREVIOUSLY b'1131856'
ACTION QUERY 10000 9590 mainstreaming name
ACTION SERP 10000 9595 EXAMINE_SERP
ACTION SNIPPET 10000 9598 SEEN_PREVIOUSLY b'1129279'
ACTION SNIPPET 10000 9601 SEEN_PREVIOUSLY b'183910'
ACTION SNIPPET 10000 9604 SNIPPET_NOT_RELEVANT b'622406'
ACTION SNIPPET 10000 9607 SEEN_PREVIOUSLY b'166353'
ACTION SNIPPET 10000 9610 SEEN_PREVIOUSLY b'1784043'
ACTION SNIPPET 10000 9613 SNIPPET_NOT_RELEVANT b'999745'
ACTION SNIPPET 10000 9616 SEEN_PREVIOUSLY b'837019'
ACTION SNIPPET 10000 9619 SNIPPET_NOT_RELEVANT b'366488'
ACTION SNIPPET 10000 9622 SNIPPET_RELEVANT b'116756'
ACTION DOC 10000 9642 EXAMINING_DOCUMENT b'116756'
ACTION SNIPPET 10000 9645 SNIPPET_NOT_RELEVANT b'1835381'
ACTION QUERY 10000 9655 mainstreaming down
ACTION SERP 10000 9660 EXAMINE_SERP
ACTION SNIPPET 10000 9663 SEEN_PREVIOUSLY b'708266'
ACTION SNIPPET 10000 9666 SEEN_PREVIOUSLY b'1473181'
ACTION SNIPPET 10000 9669 SEEN_PREVIOUSLY b'175170'
ACTION SNIPPET 10000 9672 SEEN_PREVIOUSLY b'1058563'
ACTION SNIPPET 10000 9675 SEEN_PREVIOUSLY b'166353'
ACTION SNIPPET 10000 9678 SEEN_PREVIOUSLY b'1169054'
ACTION SNIPPET 10000 9681 SEEN_PREVIOUSLY b'340231'
ACTION SNIPPET 10000 9684 SEEN_PREVIOUSLY b'710306'
ACTION SNIPPET 10000 9687 SNIPPET_RELEVANT b'463413'
ACTION DOC 10000 9707 EXAMINING_DOCUMENT b'463413'
ACTION SNIPPET 10000 9710 SEEN_PREVIOUSLY b'892030'
ACTION QUERY 10000 9720 mainstreaming say
ACTION SERP 10000 9725 EXAMINE_SERP
ACTION SNIPPET 10000 9728 SEEN_PREVIOUSLY b'1718294'
ACTION SNIPPET 10000 9731 SEEN_PREVIOUSLY b'166353'
ACTION SNIPPET 10000 9734 SEEN_PREVIOUSLY b'183910'
ACTION SNIPPET 10000 9737 SEEN_PREVIOUSLY b'103456'
ACTION SNIPPET 10000 9740 SEEN_PREVIOUSLY b'1291259'
ACTION SNIPPET 10000 9743 SEEN_PREVIOUSLY b'1083301'
ACTION SNIPPET 10000 9746 SEEN_PREVIOUSLY b'469109'
ACTION SNIPPET 10000 9749 SEEN_PREVIOUSLY b'708266'
ACTION SNIPPET 10000 9752 SEEN_PREVIOUSLY b'103307'
ACTION SNIPPET 10000 9755 SEEN_PREVIOUSLY b'712940'
ACTION QUERY 10000 9765 mainstreaming saw
ACTION SERP 10000 9770 EXAMINE_SERP
ACTION SNIPPET 10000 9773 SNIPPET_RELEVANT b'1359713'
ACTION DOC 10000 9793 EXAMINING_DOCUMENT b'1359713'
ACTION SNIPPET 10000 9796 SNIPPET_NOT_RELEVANT b'556160'
ACTION SNIPPET 10000 9799 SNIPPET_NOT_RELEVANT b'1622974'
ACTION SNIPPET 10000 9802 SEEN_PREVIOUSLY b'489302'
ACTION SNIPPET 10000 9805 SEEN_PREVIOUSLY b'98752'
ACTION SNIPPET 10000 9808 SNIPPET_RELEVANT b'1638095'
ACTION DOC 10000 9828 EXAMINING_DOCUMENT b'1638095'
ACTION SNIPPET 10000 9831 SNIPPET_NOT_RELEVANT b'300957'
ACTION SNIPPET 10000 9834 SEEN_PREVIOUSLY b'711634'
ACTION SNIPPET 10000 9837 SNIPPET_RELEVANT b'752967'
ACTION DOC 10000 9857 EXAMINING_DOCUMENT b'752967'
ACTION SNIPPET 10000 9860 SNIPPET_NOT_RELEVANT b'540942'
ACTION QUERY 10000 9870 mainstreaming teach
ACTION SERP 10000 9875 EXAMINE_SERP
ACTION SNIPPET 10000 9878 SEEN_PREVIOUSLY b'339413'
ACTION SNIPPET 10000 9881 SEEN_PREVIOUSLY b'1129279'
ACTION SNIPPET 10000 9884 SEEN_PREVIOUSLY b'283963'
ACTION SNIPPET 10000 9887 SEEN_PREVIOUSLY b'1557431'
ACTION SNIPPET 10000 9890 SNIPPET_RELEVANT b'1672218'
ACTION DOC 10000 9910 EXAMINING_DOCUMENT b'1672218'
ACTION SNIPPET 10000 9913 SEEN_PREVIOUSLY b'1382792'
ACTION SNIPPET 10000 9916 SNIPPET_NOT_RELEVANT b'763977'
ACTION SNIPPET 10000 9919 SNIPPET_NOT_RELEVANT b'1672720'
ACTION SNIPPET 10000 9922 SNIPPET_NOT_RELEVANT b'1257197'
ACTION SNIPPET 10000 9925 SEEN_PREVIOUSLY b'1229966'
ACTION QUERY 10000 9935 mainstreaming attend
ACTION SERP 10000 9940 EXAMINE_SERP
ACTION SNIPPET 10000 9943 SEEN_PREVIOUSLY b'1083301'
ACTION SNIPPET 10000 9946 SEEN_PREVIOUSLY b'1557431'
ACTION SNIPPET 10000 9949 SEEN_PREVIOUSLY b'478881'
ACTION SNIPPET 10000 9952 SEEN_PREVIOUSLY b'1326215'
ACTION SNIPPET 10000 9955 SNIPPET_RELEVANT b'711352'
ACTION DOC 10000 9975 EXAMINING_DOCUMENT b'711352'
ACTION SNIPPET 10000 9978 SNIPPET_NOT_RELEVANT b'1509998'
ACTION SNIPPET 10000 9981 SNIPPET_NOT_RELEVANT b'399742'
ACTION SNIPPET 10000 9984 SEEN_PREVIOUSLY b'826033'
ACTION SNIPPET 10000 9987 SNIPPET_RELEVANT b'849400'
ACTION DOC 10000 10007 EXAMINING_DOCUMENT b'849400'
INFO SUMMARY 
INFO TOTAL_QUERIES_ISSUED 100
INFO TOTAL_SNIPPETS_EXAMINED 999
INFO TOTAL_DOCUMENTS_EXAMINED 274
INFO TOTAL_DOCUMENTS_MARKED_RELEVANT 10
INFO TOTAL_ATTRACTIVE_SERP_IMPRESSIONS 100
INFO TOTAL_UNATTRACTIVE_SERP_IMPRESSIONS 0
