ACTION QUERY 10000 10 law enforcement dogs
ACTION SERP 10000 15 EXAMINE_SERP
ACTION SNIPPET 10000 18 SNIPPET_NOT_RELEVANT b'1126803'
ACTION SNIPPET 10000 21 SNIPPET_NOT_RELEVANT b'768273'
ACTION SNIPPET 10000 24 SNIPPET_RELEVANT b'923876'
ACTION DOC 10000 44 EXAMINING_DOCUMENT b'923876'
ACTION SNIPPET 10000 47 SNIPPET_RELEVANT b'848079'
ACTION DOC 10000 67 EXAMINING_DOCUMENT b'848079'
ACTION QUERY 10000 77 law enforcement dogs officers
ACTION SERP 10000 82 EXAMINE_SERP
ACTION SNIPPET 10000 85 SNIPPET_NOT_RELEVANT b'1126803'
ACTION SNIPPET 10000 88 SEEN_PREVIOUSLY b'923876'
ACTION SNIPPET 10000 91 SEEN_PREVIOUSLY b'848079'
ACTION SNIPPET 10000 94 SNIPPET_RELEVANT b'516411'
ACTION DOC 10000 114 EXAMINING_DOCUMENT b'516411'
ACTION SNIPPET 10000 117 SNIPPET_NOT_RELEVANT b'846505'
ACTION SNIPPET 10000 120 SNIPPET_RELEVANT b'27375'
ACTION DOC 10000 140 EXAMINING_DOCUMENT b'27375'
ACTION QUERY 10000 150 law enforcement dogs amount
ACTION SERP 10000 155 EXAMINE_SERP
ACTION SNIPPET 10000 158 SNIPPET_RELEVANT b'1812698'
ACTION DOC 10000 178 EXAMINING_DOCUMENT b'1812698'
ACTION SNIPPET 10000 181 SNIPPET_RELEVANT b'1820463'
ACTION DOC 10000 201 EXAMINING_DOCUMENT b'1820463'
ACTION QUERY 10000 211 law enforcement dogs worst
ACTION SERP 10000 216 EXAMINE_SERP
ACTION SNIPPET 10000 219 SNIPPET_RELEVANT b'1603986'
ACTION DOC 10000 239 EXAMINING_DOCUMENT b'1603986'
ACTION SNIPPET 10000 242 SNIPPET_RELEVANT b'848932'
ACTION DOC 10000 262 EXAMINING_DOCUMENT b'848932'
ACTION QUERY 10000 272 law enforcement dogs banned
ACTION SERP 10000 277 EXAMINE_SERP
ACTION SNIPPET 10000 280 SNIPPET_NOT_RELEVANT b'62193'
ACTION SNIPPET 10000 283 SNIPPET_NOT_RELEVANT b'67242'
ACTION SNIPPET 10000 286 SNIPPET_NOT_RELEVANT b'67130'
ACTION SNIPPET 10000 289 SNIPPET_RELEVANT b'1788789'
ACTION DOC 10000 309 EXAMINING_DOCUMENT b'1788789'
ACTION SNIPPET 10000 312 SNIPPET_NOT_RELEVANT b'1788886'
ACTION SNIPPET 10000 315 SNIPPET_NOT_RELEVANT b'1788875'
ACTION SNIPPET 10000 318 SNIPPET_NOT_RELEVANT b'1788879'
ACTION SNIPPET 10000 321 SNIPPET_NOT_RELEVANT b'1126803'
ACTION SNIPPET 10000 324 SNIPPET_NOT_RELEVANT b'1501299'
ACTION QUERY 10000 334 law enforcement dogs owner
ACTION SERP 10000 339 EXAMINE_SERP
ACTION SNIPPET 10000 342 SNIPPET_NOT_RELEVANT b'1126803'
ACTION SNIPPET 10000 345 SNIPPET_RELEVANT b'768273'
ACTION DOC 10000 365 EXAMINING_DOCUMENT b'768273'
ACTION SNIPPET 10000 368 SEEN_PREVIOUSLY b'923876'
ACTION SNIPPET 10000 371 SEEN_PREVIOUSLY b'848932'
ACTION SNIPPET 10000 374 SEEN_PREVIOUSLY b'848079'
ACTION SNIPPET 10000 377 SNIPPET_NOT_RELEVANT b'62193'
ACTION SNIPPET 10000 380 SNIPPET_RELEVANT b'924205'
ACTION DOC 10000 400 EXAMINING_DOCUMENT b'924205'
ACTION QUERY 10000 410 law enforcement dogs age
ACTION SERP 10000 415 EXAMINE_SERP
ACTION SNIPPET 10000 418 SNIPPET_RELEVANT b'160593'
ACTION DOC 10000 438 EXAMINING_DOCUMENT b'160593'
ACTION SNIPPET 10000 441 SNIPPET_RELEVANT b'945417'
ACTION DOC 10000 461 EXAMINING_DOCUMENT b'945417'
ACTION QUERY 10000 471 law enforcement dogs decision
ACTION SERP 10000 476 EXAMINE_SERP
ACTION SNIPPET 10000 479 SNIPPET_NOT_RELEVANT b'1309546'
ACTION SNIPPET 10000 482 SNIPPET_RELEVANT b'1545793'
ACTION DOC 10000 502 EXAMINING_DOCUMENT b'1545793'
ACTION SNIPPET 10000 505 SEEN_PREVIOUSLY b'1812698'
ACTION SNIPPET 10000 508 SNIPPET_NOT_RELEVANT b'1177234'
ACTION SNIPPET 10000 511 SNIPPET_RELEVANT b'1088957'
ACTION DOC 10000 531 EXAMINING_DOCUMENT b'1088957'
ACTION QUERY 10000 541 law enforcement dogs brought
ACTION SERP 10000 546 EXAMINE_SERP
ACTION SNIPPET 10000 549 SEEN_PREVIOUSLY b'848932'
ACTION SNIPPET 10000 552 SEEN_PREVIOUSLY b'1545793'
ACTION SNIPPET 10000 555 SNIPPET_NOT_RELEVANT b'1097356'
ACTION SNIPPET 10000 558 SNIPPET_NOT_RELEVANT b'1126803'
ACTION SNIPPET 10000 561 SNIPPET_NOT_RELEVANT b'735766'
ACTION SNIPPET 10000 564 SNIPPET_RELEVANT b'254611'
ACTION DOC 10000 584 EXAMINING_DOCUMENT b'254611'
ACTION SNIPPET 10000 587 SNIPPET_RELEVANT b'1156796'
ACTION DOC 10000 607 EXAMINING_DOCUMENT b'1156796'
ACTION QUERY 10000 617 law enforcement dogs wells
ACTION SERP 10000 622 EXAMINE_SERP
ACTION SNIPPET 10000 625 SNIPPET_NOT_RELEVANT b'1126803'
ACTION SNIPPET 10000 628 SEEN_PREVIOUSLY b'848079'
ACTION SNIPPET 10000 631 SNIPPET_NOT_RELEVANT b'772507'
ACTION SNIPPET 10000 634 SEEN_PREVIOUSLY b'923876'
ACTION SNIPPET 10000 637 SNIPPET_NOT_RELEVANT b'67242'
ACTION SNIPPET 10000 640 SNIPPET_RELEVANT b'1119137'
ACTION DOC 10000 660 EXAMINING_DOCUMENT b'1119137'
ACTION SNIPPET 10000 663 SNIPPET_NOT_RELEVANT b'1087960'
ACTION SNIPPET 10000 666 SNIPPET_NOT_RELEVANT b'1736507'
ACTION SNIPPET 10000 669 SNIPPET_NOT_RELEVANT b'1177234'
ACTION QUERY 10000 679 law enforcement dogs injected
ACTION SERP 10000 684 EXAMINE_SERP
ACTION SNIPPET 10000 687 SNIPPET_RELEVANT b'397061'
ACTION DOC 10000 707 EXAMINING_DOCUMENT b'397061'
ACTION SNIPPET 10000 710 SNIPPET_RELEVANT b'1231023'
ACTION DOC 10000 730 EXAMINING_DOCUMENT b'1231023'
ACTION QUERY 10000 740 law enforcement dogs council
ACTION SERP 10000 745 EXAMINE_SERP
ACTION SNIPPET 10000 748 SEEN_PREVIOUSLY b'1812698'
ACTION SNIPPET 10000 751 SEEN_PREVIOUSLY b'160593'
ACTION SNIPPET 10000 754 SEEN_PREVIOUSLY b'1119137'
ACTION SNIPPET 10000 757 SEEN_PREVIOUSLY b'1788789'
ACTION SNIPPET 10000 760 SNIPPET_NOT_RELEVANT b'1788886'
ACTION SNIPPET 10000 763 SNIPPET_RELEVANT b'1788875'
ACTION DOC 10000 783 EXAMINING_DOCUMENT b'1788875'
ACTION SNIPPET 10000 786 SNIPPET_NOT_RELEVANT b'1788879'
ACTION SNIPPET 10000 789 SNIPPET_RELEVANT b'1126029'
ACTION DOC 10000 809 EXAMINING_DOCUMENT b'1126029'
ACTION QUERY 10000 819 law enforcement dogs hurt
ACTION SERP 10000 824 EXAMINE_SERP
ACTION SNIPPET 10000 827 SEEN_PREVIOUSLY b'924205'
ACTION SNIPPET 10000 830 SNIPPET_NOT_RELEVANT b'465859'
ACTION SNIPPET 10000 833 SNIPPET_NOT_RELEVANT b'1126803'
ACTION SNIPPET 10000 836 SNIPPET_NOT_RELEVANT b'187301'
ACTION SNIPPET 10000 839 SEEN_PREVIOUSLY b'768273'
ACTION SNIPPET 10000 842 SEEN_PREVIOUSLY b'923876'
ACTION SNIPPET 10000 845 SNIPPET_RELEVANT b'1087788'
ACTION DOC 10000 865 EXAMINING_DOCUMENT b'1087788'
ACTION SNIPPET 10000 868 SEEN_PREVIOUSLY b'848079'
ACTION SNIPPET 10000 871 SNIPPET_RELEVANT b'772507'
ACTION DOC 10000 891 EXAMINING_DOCUMENT b'772507'
ACTION QUERY 10000 901 law enforcement dogs politics
ACTION SERP 10000 906 EXAMINE_SERP
ACTION SNIPPET 10000 909 SEEN_PREVIOUSLY b'772507'
ACTION SNIPPET 10000 912 SNIPPET_RELEVANT b'349505'
ACTION DOC 10000 932 EXAMINING_DOCUMENT b'349505'
ACTION MARK 10000 935 CONSIDERED_RELEVANT b'349505'
ACTION SNIPPET 10000 938 SEEN_PREVIOUSLY b'1119137'
ACTION SNIPPET 10000 941 SNIPPET_NOT_RELEVANT b'1126803'
ACTION SNIPPET 10000 944 SNIPPET_NOT_RELEVANT b'233057'
ACTION SNIPPET 10000 947 SNIPPET_NOT_RELEVANT b'1092376'
ACTION SNIPPET 10000 950 SEEN_PREVIOUSLY b'768273'
ACTION SNIPPET 10000 953 SEEN_PREVIOUSLY b'923876'
ACTION SNIPPET 10000 956 SNIPPET_RELEVANT b'1279133'
ACTION DOC 10000 976 EXAMINING_DOCUMENT b'1279133'
ACTION SNIPPET 10000 979 SNIPPET_RELEVANT b'187301'
ACTION DOC 10000 999 EXAMINING_DOCUMENT b'187301'
ACTION QUERY 10000 1009 law enforcement dogs theyre
ACTION SERP 10000 1014 EXAMINE_SERP
ACTION SNIPPET 10000 1017 SNIPPET_NOT_RELEVANT b'1126803'
ACTION SNIPPET 10000 1020 SNIPPET_RELEVANT b'1599537'
ACTION DOC 10000 1040 EXAMINING_DOCUMENT b'1599537'
ACTION SNIPPET 10000 1043 SEEN_PREVIOUSLY b'768273'
ACTION SNIPPET 10000 1046 SEEN_PREVIOUSLY b'923876'
ACTION SNIPPET 10000 1049 SEEN_PREVIOUSLY b'848079'
ACTION SNIPPET 10000 1052 SEEN_PREVIOUSLY b'772507'
ACTION SNIPPET 10000 1055 SNIPPET_NOT_RELEVANT b'766842'
ACTION SNIPPET 10000 1058 SEEN_PREVIOUSLY b'848932'
ACTION SNIPPET 10000 1061 SNIPPET_RELEVANT b'67242'
ACTION DOC 10000 1081 EXAMINING_DOCUMENT b'67242'
ACTION QUERY 10000 1091 law enforcement dogs democrat
ACTION SERP 10000 1096 EXAMINE_SERP
ACTION SNIPPET 10000 1099 SNIPPET_RELEVANT b'146052'
ACTION DOC 10000 1119 EXAMINING_DOCUMENT b'146052'
ACTION MARK 10000 1122 CONSIDERED_RELEVANT b'146052'
ACTION SNIPPET 10000 1125 SNIPPET_NOT_RELEVANT b'1575183'
ACTION SNIPPET 10000 1128 SNIPPET_NOT_RELEVANT b'827961'
ACTION SNIPPET 10000 1131 SEEN_PREVIOUSLY b'187301'
ACTION SNIPPET 10000 1134 SNIPPET_NOT_RELEVANT b'1126803'
ACTION SNIPPET 10000 1137 SNIPPET_NOT_RELEVANT b'567231'
ACTION SNIPPET 10000 1140 SNIPPET_NOT_RELEVANT b'735766'
ACTION SNIPPET 10000 1143 SNIPPET_RELEVANT b'67130'
ACTION DOC 10000 1163 EXAMINING_DOCUMENT b'67130'
ACTION SNIPPET 10000 1166 SEEN_PREVIOUSLY b'768273'
ACTION SNIPPET 10000 1169 SEEN_PREVIOUSLY b'923876'
ACTION SNIPPET 10000 1172 SEEN_PREVIOUSLY b'848079'
ACTION QUERY 10000 1182 law enforcement dogs system
ACTION SERP 10000 1187 EXAMINE_SERP
ACTION SNIPPET 10000 1190 SNIPPET_NOT_RELEVANT b'1177234'
ACTION SNIPPET 10000 1193 SNIPPET_RELEVANT b'879061'
ACTION DOC 10000 1213 EXAMINING_DOCUMENT b'879061'
ACTION MARK 10000 1216 CONSIDERED_RELEVANT b'879061'
ACTION SNIPPET 10000 1219 SNIPPET_RELEVANT b'827961'
ACTION DOC 10000 1239 EXAMINING_DOCUMENT b'827961'
ACTION SNIPPET 10000 1242 SNIPPET_RELEVANT b'1126803'
ACTION DOC 10000 1262 EXAMINING_DOCUMENT b'1126803'
ACTION SNIPPET 10000 1265 SEEN_PREVIOUSLY b'768273'
ACTION SNIPPET 10000 1268 SEEN_PREVIOUSLY b'923876'
ACTION QUERY 10000 1278 law enforcement dogs nycs
ACTION SERP 10000 1283 EXAMINE_SERP
ACTION SNIPPET 10000 1286 SEEN_PREVIOUSLY b'1126803'
ACTION SNIPPET 10000 1289 SEEN_PREVIOUSLY b'768273'
ACTION SNIPPET 10000 1292 SEEN_PREVIOUSLY b'923876'
ACTION SNIPPET 10000 1295 SEEN_PREVIOUSLY b'848079'
ACTION SNIPPET 10000 1298 SEEN_PREVIOUSLY b'772507'
ACTION SNIPPET 10000 1301 SNIPPET_RELEVANT b'766842'
ACTION DOC 10000 1321 EXAMINING_DOCUMENT b'766842'
ACTION SNIPPET 10000 1324 SEEN_PREVIOUSLY b'848932'
ACTION SNIPPET 10000 1327 SEEN_PREVIOUSLY b'67242'
ACTION SNIPPET 10000 1330 SNIPPET_RELEVANT b'63909'
ACTION DOC 10000 1350 EXAMINING_DOCUMENT b'63909'
ACTION QUERY 10000 1360 law enforcement dogs sell
ACTION SERP 10000 1365 EXAMINE_SERP
ACTION SNIPPET 10000 1368 SEEN_PREVIOUSLY b'827961'
ACTION SNIPPET 10000 1371 SNIPPET_NOT_RELEVANT b'465859'
ACTION SNIPPET 10000 1374 SEEN_PREVIOUSLY b'1126803'
ACTION SNIPPET 10000 1377 SNIPPET_RELEVANT b'1342353'
ACTION DOC 10000 1397 EXAMINING_DOCUMENT b'1342353'
ACTION MARK 10000 1400 CONSIDERED_RELEVANT b'1342353'
ACTION SNIPPET 10000 1403 SEEN_PREVIOUSLY b'768273'
ACTION SNIPPET 10000 1406 SEEN_PREVIOUSLY b'923876'
ACTION SNIPPET 10000 1409 SEEN_PREVIOUSLY b'848079'
ACTION SNIPPET 10000 1412 SEEN_PREVIOUSLY b'772507'
ACTION SNIPPET 10000 1415 SEEN_PREVIOUSLY b'766842'
ACTION SNIPPET 10000 1418 SEEN_PREVIOUSLY b'848932'
ACTION SNIPPET 10000 1421 SNIPPET_NOT_RELEVANT b'1475791'
ACTION SNIPPET 10000 1424 SEEN_PREVIOUSLY b'67242'
ACTION SNIPPET 10000 1427 SEEN_PREVIOUSLY b'63909'
ACTION SNIPPET 10000 1430 SNIPPET_RELEVANT b'62193'
ACTION DOC 10000 1450 EXAMINING_DOCUMENT b'62193'
ACTION QUERY 10000 1460 law enforcement dogs hunting
ACTION SERP 10000 1465 EXAMINE_SERP
ACTION SNIPPET 10000 1468 SNIPPET_NOT_RELEVANT b'1501299'
ACTION SNIPPET 10000 1471 SEEN_PREVIOUSLY b'848932'
ACTION SNIPPET 10000 1474 SNIPPET_NOT_RELEVANT b'1432110'
ACTION SNIPPET 10000 1477 SNIPPET_RELEVANT b'1089743'
ACTION DOC 10000 1497 EXAMINING_DOCUMENT b'1089743'
ACTION SNIPPET 10000 1500 SNIPPET_NOT_RELEVANT b'106012'
ACTION SNIPPET 10000 1503 SNIPPET_RELEVANT b'1651632'
ACTION DOC 10000 1523 EXAMINING_DOCUMENT b'1651632'
ACTION QUERY 10000 1533 law enforcement dogs who
ACTION SERP 10000 1538 EXAMINE_SERP
ACTION SNIPPET 10000 1541 SEEN_PREVIOUSLY b'1126803'
ACTION SNIPPET 10000 1544 SEEN_PREVIOUSLY b'768273'
ACTION SNIPPET 10000 1547 SEEN_PREVIOUSLY b'848079'
ACTION SNIPPET 10000 1550 SEEN_PREVIOUSLY b'923876'
ACTION SNIPPET 10000 1553 SEEN_PREVIOUSLY b'772507'
ACTION SNIPPET 10000 1556 SEEN_PREVIOUSLY b'848932'
ACTION SNIPPET 10000 1559 SEEN_PREVIOUSLY b'62193'
ACTION SNIPPET 10000 1562 SEEN_PREVIOUSLY b'766842'
ACTION SNIPPET 10000 1565 SEEN_PREVIOUSLY b'63909'
ACTION SNIPPET 10000 1568 SEEN_PREVIOUSLY b'67242'
ACTION SNIPPET 10000 1571 SEEN_PREVIOUSLY b'827961'
ACTION SNIPPET 10000 1574 SNIPPET_RELEVANT b'846505'
ACTION DOC 10000 1594 EXAMINING_DOCUMENT b'846505'
ACTION QUERY 10000 1604 law enforcement dogs faas
ACTION SERP 10000 1609 EXAMINE_SERP
ACTION SNIPPET 10000 1612 SNIPPET_NOT_RELEVANT b'970189'
ACTION SNIPPET 10000 1615 SNIPPET_RELEVANT b'195121'
ACTION DOC 10000 1635 EXAMINING_DOCUMENT b'195121'
ACTION SNIPPET 10000 1638 SNIPPET_RELEVANT b'1302206'
ACTION DOC 10000 1658 EXAMINING_DOCUMENT b'1302206'
ACTION QUERY 10000 1668 law enforcement dogs quality
ACTION SERP 10000 1673 EXAMINE_SERP
ACTION SNIPPET 10000 1676 SEEN_PREVIOUSLY b'772507'
ACTION SNIPPET 10000 1679 SEEN_PREVIOUSLY b'766842'
ACTION SNIPPET 10000 1682 SNIPPET_NOT_RELEVANT b'805028'
ACTION SNIPPET 10000 1685 SNIPPET_NOT_RELEVANT b'804840'
ACTION SNIPPET 10000 1688 SNIPPET_NOT_RELEVANT b'1016068'
ACTION SNIPPET 10000 1691 SNIPPET_NOT_RELEVANT b'1321517'
ACTION SNIPPET 10000 1694 SEEN_PREVIOUSLY b'923876'
ACTION SNIPPET 10000 1697 SNIPPET_RELEVANT b'1498907'
ACTION DOC 10000 1717 EXAMINING_DOCUMENT b'1498907'
ACTION SNIPPET 10000 1720 SEEN_PREVIOUSLY b'516411'
ACTION QUERY 10000 1730 law enforcement dogs jog
ACTION SERP 10000 1735 EXAMINE_SERP
ACTION SNIPPET 10000 1738 SEEN_PREVIOUSLY b'924205'
ACTION SNIPPET 10000 1741 SNIPPET_NOT_RELEVANT b'769828'
ACTION SNIPPET 10000 1744 SNIPPET_RELEVANT b'1014134'
ACTION DOC 10000 1764 EXAMINING_DOCUMENT b'1014134'
ACTION SNIPPET 10000 1767 SEEN_PREVIOUSLY b'1498907'
ACTION SNIPPET 10000 1770 SNIPPET_RELEVANT b'1150162'
ACTION DOC 10000 1790 EXAMINING_DOCUMENT b'1150162'
ACTION QUERY 10000 1800 law enforcement dogs states
ACTION SERP 10000 1805 EXAMINE_SERP
ACTION SNIPPET 10000 1808 SEEN_PREVIOUSLY b'67242'
ACTION SNIPPET 10000 1811 SEEN_PREVIOUSLY b'923876'
ACTION SNIPPET 10000 1814 SEEN_PREVIOUSLY b'1126803'
ACTION SNIPPET 10000 1817 SNIPPET_RELEVANT b'1575183'
ACTION DOC 10000 1837 EXAMINING_DOCUMENT b'1575183'
ACTION SNIPPET 10000 1840 SEEN_PREVIOUSLY b'62193'
ACTION SNIPPET 10000 1843 SEEN_PREVIOUSLY b'827961'
ACTION SNIPPET 10000 1846 SEEN_PREVIOUSLY b'1545793'
ACTION SNIPPET 10000 1849 SNIPPET_RELEVANT b'1736507'
ACTION DOC 10000 1869 EXAMINING_DOCUMENT b'1736507'
ACTION QUERY 10000 1879 law enforcement dogs donald
ACTION SERP 10000 1884 EXAMINE_SERP
ACTION SNIPPET 10000 1887 SNIPPET_NOT_RELEVANT b'1309546'
ACTION SNIPPET 10000 1890 SEEN_PREVIOUSLY b'1126803'
ACTION SNIPPET 10000 1893 SEEN_PREVIOUSLY b'768273'
ACTION SNIPPET 10000 1896 SEEN_PREVIOUSLY b'923876'
ACTION SNIPPET 10000 1899 SEEN_PREVIOUSLY b'848079'
ACTION SNIPPET 10000 1902 SEEN_PREVIOUSLY b'772507'
ACTION SNIPPET 10000 1905 SEEN_PREVIOUSLY b'766842'
ACTION SNIPPET 10000 1908 SEEN_PREVIOUSLY b'848932'
ACTION SNIPPET 10000 1911 SEEN_PREVIOUSLY b'67242'
ACTION SNIPPET 10000 1914 SEEN_PREVIOUSLY b'63909'
ACTION SNIPPET 10000 1917 SEEN_PREVIOUSLY b'62193'
ACTION SNIPPET 10000 1920 SEEN_PREVIOUSLY b'846505'
ACTION SNIPPET 10000 1923 SEEN_PREVIOUSLY b'827961'
ACTION SNIPPET 10000 1926 SNIPPET_RELEVANT b'878512'
ACTION DOC 10000 1946 EXAMINING_DOCUMENT b'878512'
ACTION MARK 10000 1949 CONSIDERED_RELEVANT b'878512'
ACTION SNIPPET 10000 1952 SEEN_PREVIOUSLY b'516411'
ACTION SNIPPET 10000 1955 SEEN_PREVIOUSLY b'1545793'
ACTION SNIPPET 10000 1958 SEEN_PREVIOUSLY b'1575183'
ACTION SNIPPET 10000 1961 SEEN_PREVIOUSLY b'27375'
ACTION SNIPPET 10000 1964 SEEN_PREVIOUSLY b'924205'
ACTION SNIPPET 10000 1967 SEEN_PREVIOUSLY b'1736507'
ACTION SNIPPET 10000 1970 SNIPPET_NOT_RELEVANT b'233057'
ACTION SNIPPET 10000 1973 SEEN_PREVIOUSLY b'1119137'
ACTION SNIPPET 10000 1976 SNIPPET_RELEVANT b'625971'
ACTION DOC 10000 1996 EXAMINING_DOCUMENT b'625971'
ACTION MARK 10000 1999 CONSIDERED_RELEVANT b'625971'
ACTION SNIPPET 10000 2002 SEEN_PREVIOUSLY b'1126029'
ACTION SNIPPET 10000 2005 SNIPPET_RELEVANT b'1759960'
ACTION DOC 10000 2025 EXAMINING_DOCUMENT b'1759960'
ACTION SNIPPET 10000 2028 SEEN_PREVIOUSLY b'1089743'
ACTION SNIPPET 10000 2031 SNIPPET_NOT_RELEVANT b'287638'
ACTION SNIPPET 10000 2034 SNIPPET_RELEVANT b'521624'
ACTION DOC 10000 2054 EXAMINING_DOCUMENT b'521624'
ACTION QUERY 10000 2064 law enforcement dogs american
ACTION SERP 10000 2069 EXAMINE_SERP
ACTION SNIPPET 10000 2072 SEEN_PREVIOUSLY b'67242'
ACTION SNIPPET 10000 2075 SEEN_PREVIOUSLY b'1545793'
ACTION SNIPPET 10000 2078 SEEN_PREVIOUSLY b'62193'
ACTION SNIPPET 10000 2081 SEEN_PREVIOUSLY b'923876'
ACTION SNIPPET 10000 2084 SEEN_PREVIOUSLY b'1126803'
ACTION SNIPPET 10000 2087 SEEN_PREVIOUSLY b'768273'
ACTION SNIPPET 10000 2090 SEEN_PREVIOUSLY b'1788789'
ACTION SNIPPET 10000 2093 SNIPPET_RELEVANT b'1788886'
ACTION DOC 10000 2113 EXAMINING_DOCUMENT b'1788886'
ACTION SNIPPET 10000 2116 SEEN_PREVIOUSLY b'1788875'
ACTION QUERY 10000 2126 law enforcement dogs puppys
ACTION SERP 10000 2131 EXAMINE_SERP
ACTION SNIPPET 10000 2134 SEEN_PREVIOUSLY b'1736507'
ACTION SNIPPET 10000 2137 SNIPPET_NOT_RELEVANT b'635771'
ACTION SNIPPET 10000 2140 SNIPPET_NOT_RELEVANT b'1706633'
ACTION SNIPPET 10000 2143 SNIPPET_NOT_RELEVANT b'834163'
ACTION SNIPPET 10000 2146 SNIPPET_NOT_RELEVANT b'406919'
ACTION SNIPPET 10000 2149 SEEN_PREVIOUSLY b'1545793'
ACTION SNIPPET 10000 2152 SNIPPET_NOT_RELEVANT b'554446'
ACTION SNIPPET 10000 2155 SNIPPET_NOT_RELEVANT b'1337098'
ACTION SNIPPET 10000 2158 SNIPPET_RELEVANT b'373131'
ACTION DOC 10000 2178 EXAMINING_DOCUMENT b'373131'
ACTION QUERY 10000 2188 law enforcement dogs killing
ACTION SERP 10000 2193 EXAMINE_SERP
ACTION SNIPPET 10000 2196 SEEN_PREVIOUSLY b'67242'
ACTION SNIPPET 10000 2199 SEEN_PREVIOUSLY b'62193'
ACTION SNIPPET 10000 2202 SNIPPET_RELEVANT b'373576'
ACTION DOC 10000 2222 EXAMINING_DOCUMENT b'373576'
ACTION MARK 10000 2225 CONSIDERED_RELEVANT b'373576'
ACTION SNIPPET 10000 2228 SNIPPET_RELEVANT b'944553'
ACTION DOC 10000 2248 EXAMINING_DOCUMENT b'944553'
ACTION MARK 10000 2251 CONSIDERED_RELEVANT b'944553'
ACTION SNIPPET 10000 2254 SEEN_PREVIOUSLY b'625971'
ACTION SNIPPET 10000 2257 SEEN_PREVIOUSLY b'878512'
ACTION SNIPPET 10000 2260 SNIPPET_NOT_RELEVANT b'1087960'
ACTION SNIPPET 10000 2263 SNIPPET_RELEVANT b'1079609'
ACTION DOC 10000 2283 EXAMINING_DOCUMENT b'1079609'
ACTION MARK 10000 2286 CONSIDERED_RELEVANT b'1079609'
ACTION SNIPPET 10000 2289 SNIPPET_RELEVANT b'1358541'
ACTION DOC 10000 2309 EXAMINING_DOCUMENT b'1358541'
ACTION MARK 10000 2312 CONSIDERED_RELEVANT b'1358541'
ACTION SNIPPET 10000 2315 SNIPPET_NOT_RELEVANT b'288484'
ACTION SNIPPET 10000 2318 SNIPPET_RELEVANT b'635771'
ACTION DOC 10000 2338 EXAMINING_DOCUMENT b'635771'
ACTION SNIPPET 10000 2341 SEEN_PREVIOUSLY b'1126803'
ACTION SNIPPET 10000 2344 SEEN_PREVIOUSLY b'1279133'
ACTION SNIPPET 10000 2347 SEEN_PREVIOUSLY b'397061'
ACTION SNIPPET 10000 2350 SEEN_PREVIOUSLY b'768273'
ACTION SNIPPET 10000 2353 SEEN_PREVIOUSLY b'923876'
ACTION SNIPPET 10000 2356 SEEN_PREVIOUSLY b'848079'
ACTION SNIPPET 10000 2359 SNIPPET_NOT_RELEVANT b'641135'
ACTION SNIPPET 10000 2362 SNIPPET_RELEVANT b'1689424'
ACTION DOC 10000 2382 EXAMINING_DOCUMENT b'1689424'
ACTION QUERY 10000 2392 law enforcement dogs pt
ACTION SERP 10000 2397 EXAMINE_SERP
ACTION SNIPPET 10000 2400 SNIPPET_RELEVANT b'1343976'
ACTION DOC 10000 2420 EXAMINING_DOCUMENT b'1343976'
ACTION SNIPPET 10000 2423 SNIPPET_NOT_RELEVANT b'1443161'
ACTION SNIPPET 10000 2426 SNIPPET_NOT_RELEVANT b'1773258'
ACTION SNIPPET 10000 2429 SEEN_PREVIOUSLY b'1126803'
ACTION SNIPPET 10000 2432 SNIPPET_RELEVANT b'1217103'
ACTION DOC 10000 2452 EXAMINING_DOCUMENT b'1217103'
ACTION QUERY 10000 2462 law enforcement dogs area
ACTION SERP 10000 2467 EXAMINE_SERP
ACTION SNIPPET 10000 2470 SEEN_PREVIOUSLY b'923876'
ACTION SNIPPET 10000 2473 SEEN_PREVIOUSLY b'768273'
ACTION SNIPPET 10000 2476 SEEN_PREVIOUSLY b'848932'
ACTION SNIPPET 10000 2479 SEEN_PREVIOUSLY b'772507'
ACTION SNIPPET 10000 2482 SEEN_PREVIOUSLY b'1126803'
ACTION SNIPPET 10000 2485 SEEN_PREVIOUSLY b'846505'
ACTION SNIPPET 10000 2488 SNIPPET_NOT_RELEVANT b'1097356'
ACTION SNIPPET 10000 2491 SEEN_PREVIOUSLY b'516411'
ACTION SNIPPET 10000 2494 SNIPPET_RELEVANT b'1192153'
ACTION DOC 10000 2514 EXAMINING_DOCUMENT b'1192153'
ACTION QUERY 10000 2524 law enforcement dogs authorities
ACTION SERP 10000 2529 EXAMINE_SERP
ACTION SNIPPET 10000 2532 SEEN_PREVIOUSLY b'772507'
ACTION SNIPPET 10000 2535 SEEN_PREVIOUSLY b'625971'
ACTION SNIPPET 10000 2538 SEEN_PREVIOUSLY b'923876'
ACTION SNIPPET 10000 2541 SEEN_PREVIOUSLY b'848932'
ACTION SNIPPET 10000 2544 SEEN_PREVIOUSLY b'1736507'
ACTION SNIPPET 10000 2547 SEEN_PREVIOUSLY b'846505'
ACTION SNIPPET 10000 2550 SEEN_PREVIOUSLY b'1545793'
ACTION SNIPPET 10000 2553 SEEN_PREVIOUSLY b'924205'
ACTION SNIPPET 10000 2556 SEEN_PREVIOUSLY b'827961'
ACTION SNIPPET 10000 2559 SNIPPET_RELEVANT b'1710752'
ACTION DOC 10000 2579 EXAMINING_DOCUMENT b'1710752'
ACTION MARK 10000 2582 CONSIDERED_RELEVANT b'1710752'
ACTION SNIPPET 10000 2585 SEEN_PREVIOUSLY b'945417'
ACTION SNIPPET 10000 2588 SEEN_PREVIOUSLY b'516411'
ACTION SNIPPET 10000 2591 SEEN_PREVIOUSLY b'1126803'
ACTION SNIPPET 10000 2594 SNIPPET_RELEVANT b'1052854'
ACTION DOC 10000 2614 EXAMINING_DOCUMENT b'1052854'
ACTION SNIPPET 10000 2617 SEEN_PREVIOUSLY b'944553'
ACTION SNIPPET 10000 2620 SNIPPET_NOT_RELEVANT b'271985'
ACTION SNIPPET 10000 2623 SEEN_PREVIOUSLY b'1089743'
ACTION SNIPPET 10000 2626 SEEN_PREVIOUSLY b'1788789'
ACTION SNIPPET 10000 2629 SEEN_PREVIOUSLY b'1788886'
ACTION SNIPPET 10000 2632 SEEN_PREVIOUSLY b'1788875'
ACTION QUERY 10000 2642 law enforcement dogs addicts
ACTION SERP 10000 2647 EXAMINE_SERP
ACTION SNIPPET 10000 2650 SEEN_PREVIOUSLY b'768273'
ACTION SNIPPET 10000 2653 SEEN_PREVIOUSLY b'766842'
ACTION SNIPPET 10000 2656 SNIPPET_RELEVANT b'252388'
ACTION DOC 10000 2676 EXAMINING_DOCUMENT b'252388'
ACTION SNIPPET 10000 2679 SEEN_PREVIOUSLY b'1052854'
ACTION SNIPPET 10000 2682 SNIPPET_RELEVANT b'103413'
ACTION DOC 10000 2702 EXAMINING_DOCUMENT b'103413'
ACTION QUERY 10000 2712 law enforcement dogs terrorist
ACTION SERP 10000 2717 EXAMINE_SERP
ACTION SNIPPET 10000 2720 SEEN_PREVIOUSLY b'1126803'
ACTION SNIPPET 10000 2723 SNIPPET_NOT_RELEVANT b'1432110'
ACTION SNIPPET 10000 2726 SEEN_PREVIOUSLY b'1119137'
ACTION SNIPPET 10000 2729 SEEN_PREVIOUSLY b'1342353'
ACTION SNIPPET 10000 2732 SEEN_PREVIOUSLY b'1710752'
ACTION SNIPPET 10000 2735 SNIPPET_RELEVANT b'1164002'
ACTION DOC 10000 2755 EXAMINING_DOCUMENT b'1164002'
ACTION SNIPPET 10000 2758 SEEN_PREVIOUSLY b'1089743'
ACTION SNIPPET 10000 2761 SNIPPET_RELEVANT b'878973'
ACTION DOC 10000 2781 EXAMINING_DOCUMENT b'878973'
ACTION MARK 10000 2784 CONSIDERED_RELEVANT b'878973'
ACTION SNIPPET 10000 2787 SNIPPET_RELEVANT b'1363318'
ACTION DOC 10000 2807 EXAMINING_DOCUMENT b'1363318'
ACTION MARK 10000 2810 CONSIDERED_RELEVANT b'1363318'
ACTION SNIPPET 10000 2813 SNIPPET_NOT_RELEVANT b'1088017'
ACTION SNIPPET 10000 2816 SNIPPET_RELEVANT b'1337408'
ACTION DOC 10000 2836 EXAMINING_DOCUMENT b'1337408'
ACTION SNIPPET 10000 2839 SNIPPET_RELEVANT b'1221420'
ACTION DOC 10000 2859 EXAMINING_DOCUMENT b'1221420'
ACTION SNIPPET 10000 2862 SNIPPET_NOT_RELEVANT b'1465479'
ACTION QUERY 10000 2872 law enforcement dogs lake
ACTION SERP 10000 2877 EXAMINE_SERP
ACTION SNIPPET 10000 2880 SEEN_PREVIOUSLY b'1363318'
ACTION SNIPPET 10000 2883 SNIPPET_RELEVANT b'1100413'
ACTION DOC 10000 2903 EXAMINING_DOCUMENT b'1100413'
ACTION SNIPPET 10000 2906 SNIPPET_NOT_RELEVANT b'1129088'
ACTION SNIPPET 10000 2909 SNIPPET_NOT_RELEVANT b'1021226'
ACTION SNIPPET 10000 2912 SEEN_PREVIOUSLY b'1126803'
ACTION SNIPPET 10000 2915 SNIPPET_NOT_RELEVANT b'1137844'
ACTION SNIPPET 10000 2918 SEEN_PREVIOUSLY b'768273'
ACTION SNIPPET 10000 2921 SEEN_PREVIOUSLY b'923876'
ACTION SNIPPET 10000 2924 SEEN_PREVIOUSLY b'848079'
ACTION QUERY 10000 2934 law enforcement dogs end
ACTION SERP 10000 2939 EXAMINE_SERP
ACTION SNIPPET 10000 2942 SEEN_PREVIOUSLY b'923876'
ACTION SNIPPET 10000 2945 SEEN_PREVIOUSLY b'1126803'
ACTION SNIPPET 10000 2948 SEEN_PREVIOUSLY b'827961'
ACTION SNIPPET 10000 2951 SEEN_PREVIOUSLY b'1603986'
ACTION SNIPPET 10000 2954 SEEN_PREVIOUSLY b'27375'
ACTION SNIPPET 10000 2957 SEEN_PREVIOUSLY b'768273'
ACTION SNIPPET 10000 2960 SEEN_PREVIOUSLY b'848079'
ACTION SNIPPET 10000 2963 SEEN_PREVIOUSLY b'1820463'
ACTION SNIPPET 10000 2966 SEEN_PREVIOUSLY b'772507'
ACTION SNIPPET 10000 2969 SEEN_PREVIOUSLY b'766842'
ACTION SNIPPET 10000 2972 SEEN_PREVIOUSLY b'848932'
ACTION SNIPPET 10000 2975 SEEN_PREVIOUSLY b'1089743'
ACTION SNIPPET 10000 2978 SEEN_PREVIOUSLY b'67242'
ACTION SNIPPET 10000 2981 SEEN_PREVIOUSLY b'63909'
ACTION SNIPPET 10000 2984 SEEN_PREVIOUSLY b'62193'
ACTION QUERY 10000 2994 law enforcement dogs needles
ACTION SERP 10000 2999 EXAMINE_SERP
ACTION SNIPPET 10000 3002 SEEN_PREVIOUSLY b'103413'
ACTION SNIPPET 10000 3005 SNIPPET_NOT_RELEVANT b'127789'
ACTION SNIPPET 10000 3008 SNIPPET_NOT_RELEVANT b'170455'
ACTION SNIPPET 10000 3011 SNIPPET_NOT_RELEVANT b'912410'
ACTION SNIPPET 10000 3014 SNIPPET_RELEVANT b'814021'
ACTION DOC 10000 3034 EXAMINING_DOCUMENT b'814021'
ACTION SNIPPET 10000 3037 SNIPPET_RELEVANT b'786809'
ACTION DOC 10000 3057 EXAMINING_DOCUMENT b'786809'
ACTION QUERY 10000 3067 law enforcement dogs manager
ACTION SERP 10000 3072 EXAMINE_SERP
ACTION SNIPPET 10000 3075 SNIPPET_NOT_RELEVANT b'1309546'
ACTION SNIPPET 10000 3078 SEEN_PREVIOUSLY b'1126803'
ACTION SNIPPET 10000 3081 SEEN_PREVIOUSLY b'846505'
ACTION SNIPPET 10000 3084 SEEN_PREVIOUSLY b'516411'
ACTION SNIPPET 10000 3087 SEEN_PREVIOUSLY b'768273'
ACTION SNIPPET 10000 3090 SEEN_PREVIOUSLY b'923876'
ACTION SNIPPET 10000 3093 SEEN_PREVIOUSLY b'1087788'
ACTION SNIPPET 10000 3096 SEEN_PREVIOUSLY b'848079'
ACTION SNIPPET 10000 3099 SEEN_PREVIOUSLY b'772507'
ACTION SNIPPET 10000 3102 SNIPPET_NOT_RELEVANT b'657103'
ACTION SNIPPET 10000 3105 SEEN_PREVIOUSLY b'766842'
ACTION SNIPPET 10000 3108 SEEN_PREVIOUSLY b'848932'
ACTION SNIPPET 10000 3111 SEEN_PREVIOUSLY b'67242'
ACTION SNIPPET 10000 3114 SEEN_PREVIOUSLY b'63909'
ACTION SNIPPET 10000 3117 SEEN_PREVIOUSLY b'62193'
ACTION QUERY 10000 3127 law enforcement dogs senator
ACTION SERP 10000 3132 EXAMINE_SERP
ACTION SNIPPET 10000 3135 SEEN_PREVIOUSLY b'923876'
ACTION SNIPPET 10000 3138 SEEN_PREVIOUSLY b'516411'
ACTION SNIPPET 10000 3141 SEEN_PREVIOUSLY b'187301'
ACTION SNIPPET 10000 3144 SEEN_PREVIOUSLY b'146052'
ACTION SNIPPET 10000 3147 SEEN_PREVIOUSLY b'827961'
ACTION SNIPPET 10000 3150 SNIPPET_RELEVANT b'567231'
ACTION DOC 10000 3170 EXAMINING_DOCUMENT b'567231'
ACTION MARK 10000 3173 CONSIDERED_RELEVANT b'567231'
ACTION SNIPPET 10000 3176 SEEN_PREVIOUSLY b'1126803'
ACTION SNIPPET 10000 3179 SEEN_PREVIOUSLY b'768273'
ACTION SNIPPET 10000 3182 SNIPPET_RELEVANT b'1833091'
ACTION DOC 10000 3202 EXAMINING_DOCUMENT b'1833091'
ACTION SNIPPET 10000 3205 SEEN_PREVIOUSLY b'848079'
ACTION SNIPPET 10000 3208 SEEN_PREVIOUSLY b'772507'
ACTION SNIPPET 10000 3211 SNIPPET_RELEVANT b'760964'
ACTION DOC 10000 3231 EXAMINING_DOCUMENT b'760964'
ACTION QUERY 10000 3241 law enforcement dogs generals
ACTION SERP 10000 3246 EXAMINE_SERP
ACTION SNIPPET 10000 3249 SEEN_PREVIOUSLY b'1126803'
ACTION SNIPPET 10000 3252 SEEN_PREVIOUSLY b'772507'
ACTION SNIPPET 10000 3255 SEEN_PREVIOUSLY b'827961'
ACTION SNIPPET 10000 3258 SEEN_PREVIOUSLY b'848932'
ACTION SNIPPET 10000 3261 SEEN_PREVIOUSLY b'62193'
ACTION SNIPPET 10000 3264 SNIPPET_RELEVANT b'233057'
ACTION DOC 10000 3284 EXAMINING_DOCUMENT b'233057'
ACTION SNIPPET 10000 3287 SNIPPET_NOT_RELEVANT b'271985'
ACTION SNIPPET 10000 3290 SEEN_PREVIOUSLY b'768273'
ACTION SNIPPET 10000 3293 SEEN_PREVIOUSLY b'923876'
ACTION QUERY 10000 3303 law enforcement dogs volunteer
ACTION SERP 10000 3308 EXAMINE_SERP
ACTION SNIPPET 10000 3311 SEEN_PREVIOUSLY b'1089743'
ACTION SNIPPET 10000 3314 SEEN_PREVIOUSLY b'1156796'
ACTION SNIPPET 10000 3317 SNIPPET_RELEVANT b'1005741'
ACTION DOC 10000 3337 EXAMINING_DOCUMENT b'1005741'
ACTION SNIPPET 10000 3340 SNIPPET_RELEVANT b'1088017'
ACTION DOC 10000 3360 EXAMINING_DOCUMENT b'1088017'
ACTION QUERY 10000 3370 law enforcement dogs powells
ACTION SERP 10000 3375 EXAMINE_SERP
ACTION SNIPPET 10000 3378 SEEN_PREVIOUSLY b'397061'
ACTION SNIPPET 10000 3381 SNIPPET_RELEVANT b'1593994'
ACTION DOC 10000 3401 EXAMINING_DOCUMENT b'1593994'
ACTION SNIPPET 10000 3404 SNIPPET_NOT_RELEVANT b'1552713'
ACTION SNIPPET 10000 3407 SNIPPET_NOT_RELEVANT b'56112'
ACTION SNIPPET 10000 3410 SNIPPET_RELEVANT b'284767'
ACTION DOC 10000 3430 EXAMINING_DOCUMENT b'284767'
ACTION QUERY 10000 3440 law enforcement dogs communications
ACTION SERP 10000 3445 EXAMINE_SERP
ACTION SNIPPET 10000 3448 SEEN_PREVIOUSLY b'516411'
ACTION SNIPPET 10000 3451 SEEN_PREVIOUSLY b'1119137'
ACTION SNIPPET 10000 3454 SEEN_PREVIOUSLY b'27375'
ACTION SNIPPET 10000 3457 SEEN_PREVIOUSLY b'1126029'
ACTION SNIPPET 10000 3460 SEEN_PREVIOUSLY b'1788789'
ACTION SNIPPET 10000 3463 SEEN_PREVIOUSLY b'1788886'
ACTION SNIPPET 10000 3466 SEEN_PREVIOUSLY b'1788875'
ACTION SNIPPET 10000 3469 SNIPPET_NOT_RELEVANT b'1788879'
ACTION SNIPPET 10000 3472 SEEN_PREVIOUSLY b'945417'
ACTION SNIPPET 10000 3475 SNIPPET_RELEVANT b'1016068'
ACTION DOC 10000 3495 EXAMINING_DOCUMENT b'1016068'
ACTION QUERY 10000 3505 law enforcement dogs now
ACTION SERP 10000 3510 EXAMINE_SERP
ACTION SNIPPET 10000 3513 SEEN_PREVIOUSLY b'1126803'
ACTION SNIPPET 10000 3516 SEEN_PREVIOUSLY b'63909'
ACTION SNIPPET 10000 3519 SEEN_PREVIOUSLY b'67242'
ACTION SNIPPET 10000 3522 SEEN_PREVIOUSLY b'923876'
ACTION SNIPPET 10000 3525 SEEN_PREVIOUSLY b'846505'
ACTION SNIPPET 10000 3528 SEEN_PREVIOUSLY b'516411'
ACTION SNIPPET 10000 3531 SEEN_PREVIOUSLY b'768273'
ACTION SNIPPET 10000 3534 SEEN_PREVIOUSLY b'827961'
ACTION SNIPPET 10000 3537 SEEN_PREVIOUSLY b'1575183'
ACTION SNIPPET 10000 3540 SEEN_PREVIOUSLY b'848079'
ACTION SNIPPET 10000 3543 SEEN_PREVIOUSLY b'27375'
ACTION SNIPPET 10000 3546 SEEN_PREVIOUSLY b'1736507'
ACTION SNIPPET 10000 3549 SEEN_PREVIOUSLY b'772507'
ACTION SNIPPET 10000 3552 SEEN_PREVIOUSLY b'233057'
ACTION SNIPPET 10000 3555 SEEN_PREVIOUSLY b'766842'
ACTION QUERY 10000 3565 law enforcement dogs wounded
ACTION SERP 10000 3570 EXAMINE_SERP
ACTION SNIPPET 10000 3573 SEEN_PREVIOUSLY b'848932'
ACTION SNIPPET 10000 3576 SEEN_PREVIOUSLY b'67242'
ACTION SNIPPET 10000 3579 SEEN_PREVIOUSLY b'1052854'
ACTION SNIPPET 10000 3582 SNIPPET_RELEVANT b'397720'
ACTION DOC 10000 3602 EXAMINING_DOCUMENT b'397720'
ACTION MARK 10000 3605 CONSIDERED_RELEVANT b'397720'
ACTION SNIPPET 10000 3608 SNIPPET_RELEVANT b'1433648'
ACTION DOC 10000 3628 EXAMINING_DOCUMENT b'1433648'
ACTION SNIPPET 10000 3631 SEEN_PREVIOUSLY b'1126803'
ACTION SNIPPET 10000 3634 SNIPPET_NOT_RELEVANT b'1276031'
ACTION SNIPPET 10000 3637 SNIPPET_NOT_RELEVANT b'114062'
ACTION SNIPPET 10000 3640 SEEN_PREVIOUSLY b'768273'
ACTION SNIPPET 10000 3643 SNIPPET_NOT_RELEVANT b'1137844'
ACTION SNIPPET 10000 3646 SEEN_PREVIOUSLY b'923876'
ACTION SNIPPET 10000 3649 SEEN_PREVIOUSLY b'848079'
ACTION SNIPPET 10000 3652 SEEN_PREVIOUSLY b'772507'
ACTION SNIPPET 10000 3655 SNIPPET_RELEVANT b'1778434'
ACTION DOC 10000 3675 EXAMINING_DOCUMENT b'1778434'
ACTION QUERY 10000 3685 law enforcement dogs infant
ACTION SERP 10000 3690 EXAMINE_SERP
ACTION SNIPPET 10000 3693 SNIPPET_RELEVANT b'1276031'
ACTION DOC 10000 3713 EXAMINING_DOCUMENT b'1276031'
ACTION SNIPPET 10000 3716 SNIPPET_NOT_RELEVANT b'1666953'
ACTION SNIPPET 10000 3719 SNIPPET_RELEVANT b'1636415'
ACTION DOC 10000 3739 EXAMINING_DOCUMENT b'1636415'
ACTION MARK 10000 3742 CONSIDERED_RELEVANT b'1636415'
ACTION SNIPPET 10000 3745 SEEN_PREVIOUSLY b'1126803'
ACTION SNIPPET 10000 3748 SEEN_PREVIOUSLY b'768273'
ACTION SNIPPET 10000 3751 SEEN_PREVIOUSLY b'923876'
ACTION SNIPPET 10000 3754 SEEN_PREVIOUSLY b'848079'
ACTION SNIPPET 10000 3757 SNIPPET_NOT_RELEVANT b'799942'
ACTION SNIPPET 10000 3760 SNIPPET_NOT_RELEVANT b'799541'
ACTION SNIPPET 10000 3763 SEEN_PREVIOUSLY b'772507'
ACTION SNIPPET 10000 3766 SNIPPET_RELEVANT b'744232'
ACTION DOC 10000 3786 EXAMINING_DOCUMENT b'744232'
ACTION MARK 10000 3789 CONSIDERED_RELEVANT b'744232'
ACTION SNIPPET 10000 3792 SEEN_PREVIOUSLY b'766842'
ACTION SNIPPET 10000 3795 SEEN_PREVIOUSLY b'848932'
ACTION SNIPPET 10000 3798 SEEN_PREVIOUSLY b'67242'
ACTION SNIPPET 10000 3801 SEEN_PREVIOUSLY b'63909'
ACTION SNIPPET 10000 3804 SNIPPET_NOT_RELEVANT b'983890'
ACTION SNIPPET 10000 3807 SEEN_PREVIOUSLY b'62193'
ACTION SNIPPET 10000 3810 SEEN_PREVIOUSLY b'846505'
ACTION SNIPPET 10000 3813 SEEN_PREVIOUSLY b'827961'
ACTION SNIPPET 10000 3816 SEEN_PREVIOUSLY b'878512'
ACTION SNIPPET 10000 3819 SEEN_PREVIOUSLY b'516411'
ACTION SNIPPET 10000 3822 SNIPPET_NOT_RELEVANT b'1307908'
ACTION SNIPPET 10000 3825 SNIPPET_NOT_RELEVANT b'99604'
ACTION SNIPPET 10000 3828 SEEN_PREVIOUSLY b'1545793'
ACTION SNIPPET 10000 3831 SEEN_PREVIOUSLY b'1575183'
ACTION SNIPPET 10000 3834 SEEN_PREVIOUSLY b'27375'
ACTION SNIPPET 10000 3837 SEEN_PREVIOUSLY b'924205'
ACTION SNIPPET 10000 3840 SEEN_PREVIOUSLY b'1736507'
ACTION QUERY 10000 3850 law enforcement dogs hospital
ACTION SERP 10000 3855 EXAMINE_SERP
ACTION SNIPPET 10000 3858 SEEN_PREVIOUSLY b'625971'
ACTION SNIPPET 10000 3861 SEEN_PREVIOUSLY b'1126803'
ACTION SNIPPET 10000 3864 SEEN_PREVIOUSLY b'768273'
ACTION SNIPPET 10000 3867 SEEN_PREVIOUSLY b'923876'
ACTION SNIPPET 10000 3870 SEEN_PREVIOUSLY b'848079'
ACTION SNIPPET 10000 3873 SEEN_PREVIOUSLY b'772507'
ACTION SNIPPET 10000 3876 SEEN_PREVIOUSLY b'766842'
ACTION SNIPPET 10000 3879 SEEN_PREVIOUSLY b'848932'
ACTION SNIPPET 10000 3882 SEEN_PREVIOUSLY b'67242'
ACTION SNIPPET 10000 3885 SEEN_PREVIOUSLY b'63909'
ACTION SNIPPET 10000 3888 SEEN_PREVIOUSLY b'62193'
ACTION SNIPPET 10000 3891 SEEN_PREVIOUSLY b'846505'
ACTION SNIPPET 10000 3894 SEEN_PREVIOUSLY b'827961'
ACTION SNIPPET 10000 3897 SEEN_PREVIOUSLY b'1276031'
ACTION SNIPPET 10000 3900 SEEN_PREVIOUSLY b'878512'
ACTION QUERY 10000 3910 law enforcement dogs want
ACTION SERP 10000 3915 EXAMINE_SERP
ACTION SNIPPET 10000 3918 SEEN_PREVIOUSLY b'923876'
ACTION SNIPPET 10000 3921 SEEN_PREVIOUSLY b'848932'
ACTION SNIPPET 10000 3924 SEEN_PREVIOUSLY b'62193'
ACTION SNIPPET 10000 3927 SEEN_PREVIOUSLY b'924205'
ACTION SNIPPET 10000 3930 SEEN_PREVIOUSLY b'1126803'
ACTION SNIPPET 10000 3933 SEEN_PREVIOUSLY b'1545793'
ACTION SNIPPET 10000 3936 SEEN_PREVIOUSLY b'878512'
ACTION SNIPPET 10000 3939 SEEN_PREVIOUSLY b'1192153'
ACTION SNIPPET 10000 3942 SEEN_PREVIOUSLY b'846505'
ACTION SNIPPET 10000 3945 SEEN_PREVIOUSLY b'516411'
ACTION SNIPPET 10000 3948 SEEN_PREVIOUSLY b'160593'
ACTION SNIPPET 10000 3951 SNIPPET_RELEVANT b'1097356'
ACTION DOC 10000 3971 EXAMINING_DOCUMENT b'1097356'
ACTION QUERY 10000 3981 law enforcement dogs milk
ACTION SERP 10000 3986 EXAMINE_SERP
ACTION SNIPPET 10000 3989 SNIPPET_NOT_RELEVANT b'1092376'
ACTION SNIPPET 10000 3992 SEEN_PREVIOUSLY b'1126803'
ACTION SNIPPET 10000 3995 SEEN_PREVIOUSLY b'1833091'
ACTION SNIPPET 10000 3998 SNIPPET_NOT_RELEVANT b'1696824'
ACTION SNIPPET 10000 4001 SEEN_PREVIOUSLY b'768273'
ACTION SNIPPET 10000 4004 SEEN_PREVIOUSLY b'923876'
ACTION SNIPPET 10000 4007 SNIPPET_NOT_RELEVANT b'70905'
ACTION SNIPPET 10000 4010 SNIPPET_RELEVANT b'298147'
ACTION DOC 10000 4030 EXAMINING_DOCUMENT b'298147'
ACTION SNIPPET 10000 4033 SNIPPET_NOT_RELEVANT b'1348'
ACTION QUERY 10000 4043 law enforcement dogs addition
ACTION SERP 10000 4048 EXAMINE_SERP
ACTION SNIPPET 10000 4051 SEEN_PREVIOUSLY b'1126803'
ACTION SNIPPET 10000 4054 SEEN_PREVIOUSLY b'1736507'
ACTION SNIPPET 10000 4057 SEEN_PREVIOUSLY b'945417'
ACTION SNIPPET 10000 4060 SEEN_PREVIOUSLY b'146052'
ACTION SNIPPET 10000 4063 SNIPPET_RELEVANT b'1285836'
ACTION DOC 10000 4083 EXAMINING_DOCUMENT b'1285836'
ACTION MARK 10000 4086 CONSIDERED_RELEVANT b'1285836'
ACTION SNIPPET 10000 4089 SEEN_PREVIOUSLY b'768273'
ACTION SNIPPET 10000 4092 SEEN_PREVIOUSLY b'923876'
ACTION SNIPPET 10000 4095 SEEN_PREVIOUSLY b'848079'
ACTION SNIPPET 10000 4098 SEEN_PREVIOUSLY b'772507'
ACTION SNIPPET 10000 4101 SEEN_PREVIOUSLY b'766842'
ACTION SNIPPET 10000 4104 SEEN_PREVIOUSLY b'848932'
ACTION SNIPPET 10000 4107 SEEN_PREVIOUSLY b'67242'
ACTION SNIPPET 10000 4110 SEEN_PREVIOUSLY b'63909'
ACTION SNIPPET 10000 4113 SNIPPET_NOT_RELEVANT b'1785804'
ACTION SNIPPET 10000 4116 SEEN_PREVIOUSLY b'62193'
ACTION SNIPPET 10000 4119 SEEN_PREVIOUSLY b'846505'
ACTION SNIPPET 10000 4122 SEEN_PREVIOUSLY b'827961'
ACTION SNIPPET 10000 4125 SEEN_PREVIOUSLY b'878512'
ACTION SNIPPET 10000 4128 SEEN_PREVIOUSLY b'373576'
ACTION SNIPPET 10000 4131 SNIPPET_RELEVANT b'1602709'
ACTION DOC 10000 4151 EXAMINING_DOCUMENT b'1602709'
ACTION QUERY 10000 4161 law enforcement dogs austin
ACTION SERP 10000 4166 EXAMINE_SERP
ACTION SNIPPET 10000 4169 SEEN_PREVIOUSLY b'1433648'
ACTION SNIPPET 10000 4172 SNIPPET_NOT_RELEVANT b'455066'
ACTION SNIPPET 10000 4175 SEEN_PREVIOUSLY b'1126803'
ACTION SNIPPET 10000 4178 SNIPPET_NOT_RELEVANT b'968138'
ACTION SNIPPET 10000 4181 SNIPPET_NOT_RELEVANT b'1237627'
ACTION SNIPPET 10000 4184 SNIPPET_NOT_RELEVANT b'359852'
ACTION SNIPPET 10000 4187 SNIPPET_NOT_RELEVANT b'358536'
ACTION SNIPPET 10000 4190 SNIPPET_NOT_RELEVANT b'340673'
ACTION SNIPPET 10000 4193 SEEN_PREVIOUSLY b'768273'
ACTION SNIPPET 10000 4196 SEEN_PREVIOUSLY b'923876'
ACTION SNIPPET 10000 4199 SEEN_PREVIOUSLY b'848079'
ACTION SNIPPET 10000 4202 SEEN_PREVIOUSLY b'772507'
ACTION SNIPPET 10000 4205 SNIPPET_NOT_RELEVANT b'102028'
ACTION SNIPPET 10000 4208 SEEN_PREVIOUSLY b'766842'
ACTION SNIPPET 10000 4211 SEEN_PREVIOUSLY b'848932'
ACTION QUERY 10000 4221 law enforcement dogs publish
ACTION SERP 10000 4226 EXAMINE_SERP
ACTION SNIPPET 10000 4229 SEEN_PREVIOUSLY b'1016068'
ACTION SNIPPET 10000 4232 SEEN_PREVIOUSLY b'1126803'
ACTION SNIPPET 10000 4235 SEEN_PREVIOUSLY b'768273'
ACTION SNIPPET 10000 4238 SEEN_PREVIOUSLY b'923876'
ACTION SNIPPET 10000 4241 SEEN_PREVIOUSLY b'848079'
ACTION SNIPPET 10000 4244 SEEN_PREVIOUSLY b'772507'
ACTION SNIPPET 10000 4247 SEEN_PREVIOUSLY b'766842'
ACTION SNIPPET 10000 4250 SEEN_PREVIOUSLY b'848932'
ACTION SNIPPET 10000 4253 SEEN_PREVIOUSLY b'67242'
ACTION SNIPPET 10000 4256 SEEN_PREVIOUSLY b'63909'
ACTION SNIPPET 10000 4259 SEEN_PREVIOUSLY b'62193'
ACTION SNIPPET 10000 4262 SEEN_PREVIOUSLY b'846505'
ACTION SNIPPET 10000 4265 SEEN_PREVIOUSLY b'1087788'
ACTION SNIPPET 10000 4268 SEEN_PREVIOUSLY b'827961'
ACTION SNIPPET 10000 4271 SEEN_PREVIOUSLY b'878512'
ACTION QUERY 10000 4281 law enforcement dogs edward
ACTION SERP 10000 4286 EXAMINE_SERP
ACTION SNIPPET 10000 4289 SEEN_PREVIOUSLY b'516411'
ACTION SNIPPET 10000 4292 SEEN_PREVIOUSLY b'1575183'
ACTION SNIPPET 10000 4295 SEEN_PREVIOUSLY b'923876'
ACTION SNIPPET 10000 4298 SNIPPET_RELEVANT b'403691'
ACTION DOC 10000 4318 EXAMINING_DOCUMENT b'403691'
ACTION SNIPPET 10000 4321 SEEN_PREVIOUSLY b'146052'
ACTION SNIPPET 10000 4324 SNIPPET_RELEVANT b'1413165'
ACTION DOC 10000 4344 EXAMINING_DOCUMENT b'1413165'
ACTION QUERY 10000 4354 law enforcement dogs leaking
ACTION SERP 10000 4359 EXAMINE_SERP
ACTION SNIPPET 10000 4362 SEEN_PREVIOUSLY b'403691'
ACTION SNIPPET 10000 4365 SNIPPET_NOT_RELEVANT b'1484348'
ACTION SNIPPET 10000 4368 SNIPPET_NOT_RELEVANT b'1221035'
ACTION SNIPPET 10000 4371 SNIPPET_NOT_RELEVANT b'896598'
ACTION SNIPPET 10000 4374 SNIPPET_RELEVANT b'625246'
ACTION DOC 10000 4394 EXAMINING_DOCUMENT b'625246'
ACTION SNIPPET 10000 4397 SNIPPET_NOT_RELEVANT b'213237'
ACTION SNIPPET 10000 4400 SNIPPET_NOT_RELEVANT b'1034989'
ACTION SNIPPET 10000 4403 SEEN_PREVIOUSLY b'1126803'
ACTION SNIPPET 10000 4406 SNIPPET_NOT_RELEVANT b'1051588'
ACTION QUERY 10000 4416 law enforcement dogs perform
ACTION SERP 10000 4421 EXAMINE_SERP
ACTION SNIPPET 10000 4424 SEEN_PREVIOUSLY b'63909'
ACTION SNIPPET 10000 4427 SEEN_PREVIOUSLY b'878512'
ACTION SNIPPET 10000 4430 SEEN_PREVIOUSLY b'254611'
ACTION SNIPPET 10000 4433 SEEN_PREVIOUSLY b'516411'
ACTION SNIPPET 10000 4436 SEEN_PREVIOUSLY b'1126803'
ACTION SNIPPET 10000 4439 SEEN_PREVIOUSLY b'768273'
ACTION SNIPPET 10000 4442 SEEN_PREVIOUSLY b'923876'
ACTION SNIPPET 10000 4445 SEEN_PREVIOUSLY b'848079'
ACTION SNIPPET 10000 4448 SEEN_PREVIOUSLY b'772507'
ACTION SNIPPET 10000 4451 SEEN_PREVIOUSLY b'766842'
ACTION SNIPPET 10000 4454 SEEN_PREVIOUSLY b'848932'
ACTION SNIPPET 10000 4457 SEEN_PREVIOUSLY b'67242'
ACTION SNIPPET 10000 4460 SEEN_PREVIOUSLY b'62193'
ACTION SNIPPET 10000 4463 SEEN_PREVIOUSLY b'846505'
ACTION SNIPPET 10000 4466 SEEN_PREVIOUSLY b'827961'
ACTION QUERY 10000 4476 law enforcement dogs opposed
ACTION SERP 10000 4481 EXAMINE_SERP
ACTION SNIPPET 10000 4484 SNIPPET_RELEVANT b'1092376'
ACTION DOC 10000 4504 EXAMINING_DOCUMENT b'1092376'
ACTION SNIPPET 10000 4507 SNIPPET_NOT_RELEVANT b'288484'
ACTION SNIPPET 10000 4510 SEEN_PREVIOUSLY b'1126803'
ACTION SNIPPET 10000 4513 SNIPPET_NOT_RELEVANT b'86925'
ACTION SNIPPET 10000 4516 SEEN_PREVIOUSLY b'768273'
ACTION SNIPPET 10000 4519 SNIPPET_NOT_RELEVANT b'1465479'
ACTION SNIPPET 10000 4522 SEEN_PREVIOUSLY b'923876'
ACTION SNIPPET 10000 4525 SEEN_PREVIOUSLY b'848079'
ACTION SNIPPET 10000 4528 SEEN_PREVIOUSLY b'772507'
ACTION QUERY 10000 4538 law enforcement dogs curb
ACTION SERP 10000 4543 EXAMINE_SERP
ACTION SNIPPET 10000 4546 SEEN_PREVIOUSLY b'1016068'
ACTION SNIPPET 10000 4549 SNIPPET_NOT_RELEVANT b'1461794'
ACTION SNIPPET 10000 4552 SNIPPET_NOT_RELEVANT b'1465479'
ACTION SNIPPET 10000 4555 SEEN_PREVIOUSLY b'160593'
ACTION SNIPPET 10000 4558 SEEN_PREVIOUSLY b'1092376'
ACTION SNIPPET 10000 4561 SEEN_PREVIOUSLY b'516411'
ACTION SNIPPET 10000 4564 SNIPPET_NOT_RELEVANT b'805880'
ACTION SNIPPET 10000 4567 SEEN_PREVIOUSLY b'1279133'
ACTION SNIPPET 10000 4570 SNIPPET_NOT_RELEVANT b'1609199'
ACTION SNIPPET 10000 4573 SNIPPET_NOT_RELEVANT b'1501299'
ACTION SNIPPET 10000 4576 SNIPPET_NOT_RELEVANT b'986708'
ACTION SNIPPET 10000 4579 SNIPPET_RELEVANT b'460038'
ACTION DOC 10000 4599 EXAMINING_DOCUMENT b'460038'
ACTION MARK 10000 4602 CONSIDERED_RELEVANT b'460038'
ACTION SNIPPET 10000 4605 SNIPPET_NOT_RELEVANT b'1582085'
ACTION SNIPPET 10000 4608 SNIPPET_NOT_RELEVANT b'1144495'
ACTION SNIPPET 10000 4611 SEEN_PREVIOUSLY b'1126803'
ACTION SNIPPET 10000 4614 SNIPPET_NOT_RELEVANT b'1401221'
ACTION SNIPPET 10000 4617 SNIPPET_NOT_RELEVANT b'1255969'
ACTION SNIPPET 10000 4620 SNIPPET_NOT_RELEVANT b'206034'
ACTION SNIPPET 10000 4623 SEEN_PREVIOUSLY b'768273'
ACTION SNIPPET 10000 4626 SEEN_PREVIOUSLY b'923876'
ACTION SNIPPET 10000 4629 SNIPPET_RELEVANT b'818905'
ACTION DOC 10000 4649 EXAMINING_DOCUMENT b'818905'
ACTION SNIPPET 10000 4652 SNIPPET_NOT_RELEVANT b'149936'
ACTION QUERY 10000 4662 law enforcement dogs scarlet
ACTION SERP 10000 4667 EXAMINE_SERP
ACTION SNIPPET 10000 4670 SNIPPET_RELEVANT b'1401221'
ACTION DOC 10000 4690 EXAMINING_DOCUMENT b'1401221'
ACTION SNIPPET 10000 4693 SNIPPET_NOT_RELEVANT b'99050'
ACTION SNIPPET 10000 4696 SNIPPET_RELEVANT b'1751438'
ACTION DOC 10000 4716 EXAMINING_DOCUMENT b'1751438'
ACTION QUERY 10000 4726 law enforcement dogs actors
ACTION SERP 10000 4731 EXAMINE_SERP
ACTION SNIPPET 10000 4734 SEEN_PREVIOUSLY b'1759960'
ACTION SNIPPET 10000 4737 SEEN_PREVIOUSLY b'846505'
ACTION SNIPPET 10000 4740 SEEN_PREVIOUSLY b'254611'
ACTION SNIPPET 10000 4743 SNIPPET_NOT_RELEVANT b'961068'
ACTION SNIPPET 10000 4746 SNIPPET_NOT_RELEVANT b'1670977'
ACTION SNIPPET 10000 4749 SEEN_PREVIOUSLY b'1126803'
ACTION SNIPPET 10000 4752 SNIPPET_RELEVANT b'271985'
ACTION DOC 10000 4772 EXAMINING_DOCUMENT b'271985'
ACTION SNIPPET 10000 4775 SNIPPET_RELEVANT b'1345802'
ACTION DOC 10000 4795 EXAMINING_DOCUMENT b'1345802'
ACTION QUERY 10000 4805 law enforcement dogs bamberger
ACTION SERP 10000 4810 EXAMINE_SERP
ACTION SNIPPET 10000 4813 SNIPPET_NOT_RELEVANT b'1255969'
ACTION SNIPPET 10000 4816 SNIPPET_NOT_RELEVANT b'1321928'
ACTION SNIPPET 10000 4819 SNIPPET_NOT_RELEVANT b'974867'
ACTION SNIPPET 10000 4822 SNIPPET_NOT_RELEVANT b'753895'
ACTION SNIPPET 10000 4825 SNIPPET_NOT_RELEVANT b'1080824'
ACTION SNIPPET 10000 4828 SNIPPET_NOT_RELEVANT b'593520'
ACTION SNIPPET 10000 4831 SNIPPET_NOT_RELEVANT b'1759619'
ACTION SNIPPET 10000 4834 SNIPPET_NOT_RELEVANT b'471244'
ACTION SNIPPET 10000 4837 SNIPPET_NOT_RELEVANT b'1538574'
ACTION SNIPPET 10000 4840 SNIPPET_NOT_RELEVANT b'12710'
ACTION SNIPPET 10000 4843 SNIPPET_RELEVANT b'1850611'
ACTION DOC 10000 4863 EXAMINING_DOCUMENT b'1850611'
ACTION QUERY 10000 4873 law enforcement dogs artist
ACTION SERP 10000 4878 EXAMINE_SERP
ACTION SNIPPET 10000 4881 SEEN_PREVIOUSLY b'1126803'
ACTION SNIPPET 10000 4884 SEEN_PREVIOUSLY b'768273'
ACTION SNIPPET 10000 4887 SEEN_PREVIOUSLY b'923876'
ACTION SNIPPET 10000 4890 SNIPPET_NOT_RELEVANT b'1021605'
ACTION SNIPPET 10000 4893 SEEN_PREVIOUSLY b'848079'
ACTION SNIPPET 10000 4896 SEEN_PREVIOUSLY b'772507'
ACTION SNIPPET 10000 4899 SEEN_PREVIOUSLY b'766842'
ACTION SNIPPET 10000 4902 SEEN_PREVIOUSLY b'848932'
ACTION SNIPPET 10000 4905 SEEN_PREVIOUSLY b'67242'
ACTION SNIPPET 10000 4908 SEEN_PREVIOUSLY b'63909'
ACTION SNIPPET 10000 4911 SEEN_PREVIOUSLY b'62193'
ACTION SNIPPET 10000 4914 SEEN_PREVIOUSLY b'846505'
ACTION SNIPPET 10000 4917 SNIPPET_NOT_RELEVANT b'684243'
ACTION SNIPPET 10000 4920 SEEN_PREVIOUSLY b'827961'
ACTION SNIPPET 10000 4923 SEEN_PREVIOUSLY b'878512'
ACTION QUERY 10000 4933 law enforcement dogs grocery
ACTION SERP 10000 4938 EXAMINE_SERP
ACTION SNIPPET 10000 4941 SNIPPET_RELEVANT b'638711'
ACTION DOC 10000 4961 EXAMINING_DOCUMENT b'638711'
ACTION SNIPPET 10000 4964 SEEN_PREVIOUSLY b'1126803'
ACTION SNIPPET 10000 4967 SNIPPET_RELEVANT b'755700'
ACTION DOC 10000 4987 EXAMINING_DOCUMENT b'755700'
ACTION QUERY 10000 4997 law enforcement dogs kay
ACTION SERP 10000 5002 EXAMINE_SERP
ACTION SNIPPET 10000 5005 SEEN_PREVIOUSLY b'755700'
ACTION SNIPPET 10000 5008 SEEN_PREVIOUSLY b'1126803'
ACTION SNIPPET 10000 5011 SNIPPET_NOT_RELEVANT b'411853'
ACTION SNIPPET 10000 5014 SNIPPET_NOT_RELEVANT b'597095'
ACTION SNIPPET 10000 5017 SEEN_PREVIOUSLY b'768273'
ACTION SNIPPET 10000 5020 SEEN_PREVIOUSLY b'923876'
ACTION SNIPPET 10000 5023 SEEN_PREVIOUSLY b'848079'
ACTION SNIPPET 10000 5026 SEEN_PREVIOUSLY b'772507'
ACTION SNIPPET 10000 5029 SEEN_PREVIOUSLY b'766842'
ACTION SNIPPET 10000 5032 SEEN_PREVIOUSLY b'848932'
ACTION SNIPPET 10000 5035 SEEN_PREVIOUSLY b'67242'
ACTION SNIPPET 10000 5038 SEEN_PREVIOUSLY b'63909'
ACTION SNIPPET 10000 5041 SNIPPET_RELEVANT b'679927'
ACTION DOC 10000 5061 EXAMINING_DOCUMENT b'679927'
ACTION QUERY 10000 5071 law enforcement dogs ask
ACTION SERP 10000 5076 EXAMINE_SERP
ACTION SNIPPET 10000 5079 SEEN_PREVIOUSLY b'768273'
ACTION SNIPPET 10000 5082 SEEN_PREVIOUSLY b'62193'
ACTION SNIPPET 10000 5085 SEEN_PREVIOUSLY b'923876'
ACTION SNIPPET 10000 5088 SEEN_PREVIOUSLY b'67242'
ACTION SNIPPET 10000 5091 SEEN_PREVIOUSLY b'924205'
ACTION SNIPPET 10000 5094 SEEN_PREVIOUSLY b'1736507'
ACTION SNIPPET 10000 5097 SEEN_PREVIOUSLY b'827961'
ACTION SNIPPET 10000 5100 SEEN_PREVIOUSLY b'1126803'
ACTION SNIPPET 10000 5103 SNIPPET_NOT_RELEVANT b'1309546'
ACTION SNIPPET 10000 5106 SEEN_PREVIOUSLY b'1119137'
ACTION SNIPPET 10000 5109 SEEN_PREVIOUSLY b'1100413'
ACTION SNIPPET 10000 5112 SEEN_PREVIOUSLY b'879061'
ACTION SNIPPET 10000 5115 SEEN_PREVIOUSLY b'516411'
ACTION SNIPPET 10000 5118 SEEN_PREVIOUSLY b'160593'
ACTION SNIPPET 10000 5121 SEEN_PREVIOUSLY b'848079'
ACTION QUERY 10000 5131 law enforcement dogs cias
ACTION SERP 10000 5136 EXAMINE_SERP
ACTION SNIPPET 10000 5139 SNIPPET_RELEVANT b'589591'
ACTION DOC 10000 5159 EXAMINING_DOCUMENT b'589591'
ACTION SNIPPET 10000 5162 SNIPPET_NOT_RELEVANT b'33047'
ACTION SNIPPET 10000 5165 SNIPPET_RELEVANT b'1012637'
ACTION DOC 10000 5185 EXAMINING_DOCUMENT b'1012637'
ACTION QUERY 10000 5195 law enforcement dogs poison
ACTION SERP 10000 5200 EXAMINE_SERP
ACTION SNIPPET 10000 5203 SNIPPET_NOT_RELEVANT b'1811171'
ACTION SNIPPET 10000 5206 SNIPPET_NOT_RELEVANT b'1785804'
ACTION SNIPPET 10000 5209 SNIPPET_NOT_RELEVANT b'1119768'
ACTION SNIPPET 10000 5212 SNIPPET_NOT_RELEVANT b'1730754'
ACTION SNIPPET 10000 5215 SNIPPET_NOT_RELEVANT b'1130046'
ACTION SNIPPET 10000 5218 SNIPPET_RELEVANT b'186081'
ACTION DOC 10000 5238 EXAMINING_DOCUMENT b'186081'
ACTION SNIPPET 10000 5241 SNIPPET_RELEVANT b'600285'
ACTION DOC 10000 5261 EXAMINING_DOCUMENT b'600285'
ACTION QUERY 10000 5271 law enforcement dogs terrorists
ACTION SERP 10000 5276 EXAMINE_SERP
ACTION SNIPPET 10000 5279 SEEN_PREVIOUSLY b'1126803'
ACTION SNIPPET 10000 5282 SNIPPET_RELEVANT b'1432110'
ACTION DOC 10000 5302 EXAMINING_DOCUMENT b'1432110'
ACTION SNIPPET 10000 5305 SEEN_PREVIOUSLY b'1119137'
ACTION SNIPPET 10000 5308 SEEN_PREVIOUSLY b'1342353'
ACTION SNIPPET 10000 5311 SEEN_PREVIOUSLY b'1710752'
ACTION SNIPPET 10000 5314 SEEN_PREVIOUSLY b'1164002'
ACTION SNIPPET 10000 5317 SEEN_PREVIOUSLY b'1089743'
ACTION SNIPPET 10000 5320 SEEN_PREVIOUSLY b'878973'
ACTION SNIPPET 10000 5323 SEEN_PREVIOUSLY b'1363318'
ACTION QUERY 10000 5333 law enforcement dogs doggie
ACTION SERP 10000 5338 EXAMINE_SERP
ACTION SNIPPET 10000 5341 SEEN_PREVIOUSLY b'848932'
ACTION SNIPPET 10000 5344 SNIPPET_NOT_RELEVANT b'1087960'
ACTION SNIPPET 10000 5347 SEEN_PREVIOUSLY b'1089743'
ACTION SNIPPET 10000 5350 SNIPPET_NOT_RELEVANT b'1248631'
ACTION SNIPPET 10000 5353 SNIPPET_RELEVANT b'1559106'
ACTION DOC 10000 5373 EXAMINING_DOCUMENT b'1559106'
ACTION SNIPPET 10000 5376 SNIPPET_RELEVANT b'1734301'
ACTION DOC 10000 5396 EXAMINING_DOCUMENT b'1734301'
ACTION QUERY 10000 5406 law enforcement dogs school
ACTION SERP 10000 5411 EXAMINE_SERP
ACTION SNIPPET 10000 5414 SEEN_PREVIOUSLY b'1126803'
ACTION SNIPPET 10000 5417 SNIPPET_NOT_RELEVANT b'1321517'
ACTION SNIPPET 10000 5420 SEEN_PREVIOUSLY b'146052'
ACTION SNIPPET 10000 5423 SEEN_PREVIOUSLY b'768273'
ACTION SNIPPET 10000 5426 SEEN_PREVIOUSLY b'923876'
ACTION SNIPPET 10000 5429 SNIPPET_RELEVANT b'1630182'
ACTION DOC 10000 5449 EXAMINING_DOCUMENT b'1630182'
ACTION SNIPPET 10000 5452 SEEN_PREVIOUSLY b'848079'
ACTION SNIPPET 10000 5455 SEEN_PREVIOUSLY b'772507'
ACTION SNIPPET 10000 5458 SEEN_PREVIOUSLY b'1279133'
ACTION QUERY 10000 5468 law enforcement dogs sd
ACTION SERP 10000 5473 EXAMINE_SERP
ACTION SNIPPET 10000 5476 SNIPPET_RELEVANT b'1663526'
ACTION DOC 10000 5496 EXAMINING_DOCUMENT b'1663526'
ACTION SNIPPET 10000 5499 SNIPPET_RELEVANT b'1663994'
ACTION DOC 10000 5519 EXAMINING_DOCUMENT b'1663994'
ACTION QUERY 10000 5529 law enforcement dogs gotte
ACTION SERP 10000 5534 EXAMINE_SERP
ACTION SNIPPET 10000 5537 SNIPPET_RELEVANT b'1174791'
ACTION DOC 10000 5557 EXAMINING_DOCUMENT b'1174791'
ACTION SNIPPET 10000 5560 SNIPPET_RELEVANT b'1711673'
ACTION DOC 10000 5580 EXAMINING_DOCUMENT b'1711673'
ACTION QUERY 10000 5590 law enforcement dogs died
ACTION SERP 10000 5595 EXAMINE_SERP
ACTION SNIPPET 10000 5598 SEEN_PREVIOUSLY b'1736507'
ACTION SNIPPET 10000 5601 SEEN_PREVIOUSLY b'1126803'
ACTION SNIPPET 10000 5604 SNIPPET_RELEVANT b'878700'
ACTION DOC 10000 5624 EXAMINING_DOCUMENT b'878700'
ACTION SNIPPET 10000 5627 SNIPPET_NOT_RELEVANT b'951117'
ACTION SNIPPET 10000 5630 SEEN_PREVIOUSLY b'768273'
ACTION SNIPPET 10000 5633 SEEN_PREVIOUSLY b'923876'
ACTION SNIPPET 10000 5636 SEEN_PREVIOUSLY b'848079'
ACTION SNIPPET 10000 5639 SEEN_PREVIOUSLY b'772507'
ACTION SNIPPET 10000 5642 SNIPPET_NOT_RELEVANT b'1515959'
ACTION QUERY 10000 5652 law enforcement dogs donate
ACTION SERP 10000 5657 EXAMINE_SERP
ACTION SNIPPET 10000 5660 SEEN_PREVIOUSLY b'1820463'
ACTION SNIPPET 10000 5663 SEEN_PREVIOUSLY b'1079609'
ACTION SNIPPET 10000 5666 SEEN_PREVIOUSLY b'625971'
ACTION SNIPPET 10000 5669 SEEN_PREVIOUSLY b'146052'
ACTION SNIPPET 10000 5672 SNIPPET_RELEVANT b'834163'
ACTION DOC 10000 5692 EXAMINING_DOCUMENT b'834163'
ACTION SNIPPET 10000 5695 SEEN_PREVIOUSLY b'1126803'
ACTION SNIPPET 10000 5698 SEEN_PREVIOUSLY b'768273'
ACTION SNIPPET 10000 5701 SEEN_PREVIOUSLY b'923876'
ACTION SNIPPET 10000 5704 SEEN_PREVIOUSLY b'848079'
ACTION QUERY 10000 5714 law enforcement dogs queens
ACTION SERP 10000 5719 EXAMINE_SERP
ACTION SNIPPET 10000 5722 SEEN_PREVIOUSLY b'1126803'
ACTION SNIPPET 10000 5725 SEEN_PREVIOUSLY b'923876'
ACTION SNIPPET 10000 5728 SEEN_PREVIOUSLY b'1689424'
ACTION SNIPPET 10000 5731 SEEN_PREVIOUSLY b'516411'
ACTION SNIPPET 10000 5734 SEEN_PREVIOUSLY b'67242'
ACTION SNIPPET 10000 5737 SNIPPET_RELEVANT b'318912'
ACTION DOC 10000 5757 EXAMINING_DOCUMENT b'318912'
ACTION SNIPPET 10000 5760 SEEN_PREVIOUSLY b'1759960'
ACTION SNIPPET 10000 5763 SNIPPET_NOT_RELEVANT b'657103'
ACTION SNIPPET 10000 5766 SEEN_PREVIOUSLY b'1100413'
ACTION QUERY 10000 5776 law enforcement dogs character
ACTION SERP 10000 5781 EXAMINE_SERP
ACTION SNIPPET 10000 5784 SEEN_PREVIOUSLY b'766842'
ACTION SNIPPET 10000 5787 SEEN_PREVIOUSLY b'254611'
ACTION SNIPPET 10000 5790 SEEN_PREVIOUSLY b'1126803'
ACTION SNIPPET 10000 5793 SEEN_PREVIOUSLY b'768273'
ACTION SNIPPET 10000 5796 SNIPPET_RELEVANT b'465859'
ACTION DOC 10000 5816 EXAMINING_DOCUMENT b'465859'
ACTION SNIPPET 10000 5819 SEEN_PREVIOUSLY b'923876'
ACTION SNIPPET 10000 5822 SEEN_PREVIOUSLY b'848079'
ACTION SNIPPET 10000 5825 SEEN_PREVIOUSLY b'772507'
ACTION SNIPPET 10000 5828 SEEN_PREVIOUSLY b'848932'
ACTION QUERY 10000 5838 law enforcement dogs injured
ACTION SERP 10000 5843 EXAMINE_SERP
ACTION SNIPPET 10000 5846 SEEN_PREVIOUSLY b'924205'
ACTION SNIPPET 10000 5849 SEEN_PREVIOUSLY b'1575183'
ACTION SNIPPET 10000 5852 SNIPPET_RELEVANT b'641135'
ACTION DOC 10000 5872 EXAMINING_DOCUMENT b'641135'
ACTION SNIPPET 10000 5875 SEEN_PREVIOUSLY b'1126803'
ACTION SNIPPET 10000 5878 SNIPPET_NOT_RELEVANT b'1786779'
ACTION SNIPPET 10000 5881 SEEN_PREVIOUSLY b'768273'
ACTION SNIPPET 10000 5884 SNIPPET_NOT_RELEVANT b'772021'
ACTION SNIPPET 10000 5887 SEEN_PREVIOUSLY b'923876'
ACTION SNIPPET 10000 5890 SEEN_PREVIOUSLY b'848079'
ACTION QUERY 10000 5900 law enforcement dogs texas
ACTION SERP 10000 5905 EXAMINE_SERP
ACTION SNIPPET 10000 5908 SNIPPET_NOT_RELEVANT b'1662517'
ACTION SNIPPET 10000 5911 SEEN_PREVIOUSLY b'67130'
ACTION SNIPPET 10000 5914 SEEN_PREVIOUSLY b'1126803'
ACTION SNIPPET 10000 5917 SEEN_PREVIOUSLY b'768273'
ACTION SNIPPET 10000 5920 SNIPPET_RELEVANT b'1255390'
ACTION DOC 10000 5940 EXAMINING_DOCUMENT b'1255390'
ACTION MARK 10000 5943 CONSIDERED_RELEVANT b'1255390'
ACTION SNIPPET 10000 5946 SEEN_PREVIOUSLY b'923876'
ACTION SNIPPET 10000 5949 SNIPPET_RELEVANT b'506109'
ACTION DOC 10000 5969 EXAMINING_DOCUMENT b'506109'
ACTION SNIPPET 10000 5972 SEEN_PREVIOUSLY b'848079'
ACTION SNIPPET 10000 5975 SEEN_PREVIOUSLY b'772507'
ACTION SNIPPET 10000 5978 SEEN_PREVIOUSLY b'766842'
ACTION SNIPPET 10000 5981 SEEN_PREVIOUSLY b'848932'
ACTION SNIPPET 10000 5984 SEEN_PREVIOUSLY b'67242'
ACTION SNIPPET 10000 5987 SEEN_PREVIOUSLY b'63909'
ACTION SNIPPET 10000 5990 SNIPPET_RELEVANT b'927691'
ACTION DOC 10000 6010 EXAMINING_DOCUMENT b'927691'
ACTION QUERY 10000 6020 law enforcement dogs missing
ACTION SERP 10000 6025 EXAMINE_SERP
ACTION SNIPPET 10000 6028 SEEN_PREVIOUSLY b'827961'
ACTION SNIPPET 10000 6031 SEEN_PREVIOUSLY b'146052'
ACTION SNIPPET 10000 6034 SNIPPET_NOT_RELEVANT b'1032982'
ACTION SNIPPET 10000 6037 SEEN_PREVIOUSLY b'625971'
ACTION SNIPPET 10000 6040 SEEN_PREVIOUSLY b'1089743'
ACTION SNIPPET 10000 6043 SEEN_PREVIOUSLY b'1126803'
ACTION SNIPPET 10000 6046 SNIPPET_RELEVANT b'931333'
ACTION DOC 10000 6066 EXAMINING_DOCUMENT b'931333'
ACTION SNIPPET 10000 6069 SEEN_PREVIOUSLY b'1016068'
ACTION SNIPPET 10000 6072 SEEN_PREVIOUSLY b'254611'
ACTION QUERY 10000 6082 law enforcement dogs humane
ACTION SERP 10000 6087 EXAMINE_SERP
ACTION SNIPPET 10000 6090 SEEN_PREVIOUSLY b'848932'
ACTION SNIPPET 10000 6093 SEEN_PREVIOUSLY b'67242'
ACTION SNIPPET 10000 6096 SNIPPET_NOT_RELEVANT b'805028'
ACTION SNIPPET 10000 6099 SNIPPET_RELEVANT b'804840'
ACTION DOC 10000 6119 EXAMINING_DOCUMENT b'804840'
ACTION SNIPPET 10000 6122 SEEN_PREVIOUSLY b'1192153'
ACTION SNIPPET 10000 6125 SEEN_PREVIOUSLY b'834163'
ACTION SNIPPET 10000 6128 SEEN_PREVIOUSLY b'62193'
ACTION SNIPPET 10000 6131 SEEN_PREVIOUSLY b'766842'
ACTION SNIPPET 10000 6134 SEEN_PREVIOUSLY b'827961'
ACTION QUERY 10000 6144 law enforcement dogs reason
ACTION SERP 10000 6149 EXAMINE_SERP
ACTION SNIPPET 10000 6152 SEEN_PREVIOUSLY b'62193'
ACTION SNIPPET 10000 6155 SEEN_PREVIOUSLY b'768273'
ACTION SNIPPET 10000 6158 SEEN_PREVIOUSLY b'878700'
ACTION SNIPPET 10000 6161 SNIPPET_RELEVANT b'1101397'
ACTION DOC 10000 6181 EXAMINING_DOCUMENT b'1101397'
ACTION SNIPPET 10000 6184 SNIPPET_NOT_RELEVANT b'1087960'
ACTION SNIPPET 10000 6187 SEEN_PREVIOUSLY b'945417'
ACTION SNIPPET 10000 6190 SEEN_PREVIOUSLY b'160593'
ACTION SNIPPET 10000 6193 SEEN_PREVIOUSLY b'516411'
ACTION SNIPPET 10000 6196 SNIPPET_RELEVANT b'1482332'
ACTION DOC 10000 6216 EXAMINING_DOCUMENT b'1482332'
ACTION QUERY 10000 6226 law enforcement dogs coyotes
ACTION SERP 10000 6231 EXAMINE_SERP
ACTION SNIPPET 10000 6234 SNIPPET_NOT_RELEVANT b'1748810'
ACTION SNIPPET 10000 6237 SNIPPET_RELEVANT b'86925'
ACTION DOC 10000 6257 EXAMINING_DOCUMENT b'86925'
ACTION SNIPPET 10000 6260 SNIPPET_NOT_RELEVANT b'1097066'
ACTION SNIPPET 10000 6263 SNIPPET_NOT_RELEVANT b'274935'
ACTION SNIPPET 10000 6266 SNIPPET_NOT_RELEVANT b'1053100'
ACTION SNIPPET 10000 6269 SNIPPET_NOT_RELEVANT b'710202'
ACTION SNIPPET 10000 6272 SNIPPET_NOT_RELEVANT b'1601094'
ACTION SNIPPET 10000 6275 SNIPPET_RELEVANT b'1708309'
ACTION DOC 10000 6295 EXAMINING_DOCUMENT b'1708309'
ACTION QUERY 10000 6305 law enforcement dogs brambles
ACTION SERP 10000 6310 EXAMINE_SERP
ACTION SNIPPET 10000 6313 SNIPPET_NOT_RELEVANT b'506972'
ACTION SNIPPET 10000 6316 SEEN_PREVIOUSLY b'1126803'
ACTION SNIPPET 10000 6319 SNIPPET_RELEVANT b'265766'
ACTION DOC 10000 6339 EXAMINING_DOCUMENT b'265766'
ACTION SNIPPET 10000 6342 SNIPPET_NOT_RELEVANT b'1097066'
ACTION SNIPPET 10000 6345 SNIPPET_NOT_RELEVANT b'1286669'
ACTION SNIPPET 10000 6348 SNIPPET_RELEVANT b'1811638'
ACTION DOC 10000 6368 EXAMINING_DOCUMENT b'1811638'
ACTION QUERY 10000 6378 law enforcement dogs panamas
ACTION SERP 10000 6383 EXAMINE_SERP
ACTION SNIPPET 10000 6386 SNIPPET_RELEVANT b'1337131'
ACTION DOC 10000 6406 EXAMINING_DOCUMENT b'1337131'
ACTION SNIPPET 10000 6409 SNIPPET_RELEVANT b'327197'
ACTION DOC 10000 6429 EXAMINING_DOCUMENT b'327197'
ACTION QUERY 10000 6439 law enforcement dogs cage
ACTION SERP 10000 6444 EXAMINE_SERP
ACTION SNIPPET 10000 6447 SEEN_PREVIOUSLY b'635771'
ACTION SNIPPET 10000 6450 SEEN_PREVIOUSLY b'834163'
ACTION SNIPPET 10000 6453 SNIPPET_NOT_RELEVANT b'60110'
ACTION SNIPPET 10000 6456 SEEN_PREVIOUSLY b'67130'
ACTION SNIPPET 10000 6459 SNIPPET_RELEVANT b'1770466'
ACTION DOC 10000 6479 EXAMINING_DOCUMENT b'1770466'
ACTION SNIPPET 10000 6482 SNIPPET_NOT_RELEVANT b'1121214'
ACTION SNIPPET 10000 6485 SNIPPET_RELEVANT b'558987'
ACTION DOC 10000 6505 EXAMINING_DOCUMENT b'558987'
ACTION QUERY 10000 6515 law enforcement dogs sheltered
ACTION SERP 10000 6520 EXAMINE_SERP
ACTION SNIPPET 10000 6523 SNIPPET_NOT_RELEVANT b'979687'
ACTION SNIPPET 10000 6526 SEEN_PREVIOUSLY b'834163'
ACTION SNIPPET 10000 6529 SEEN_PREVIOUSLY b'1575183'
ACTION SNIPPET 10000 6532 SNIPPET_NOT_RELEVANT b'985670'
ACTION SNIPPET 10000 6535 SNIPPET_NOT_RELEVANT b'1177234'
ACTION SNIPPET 10000 6538 SNIPPET_NOT_RELEVANT b'1520307'
ACTION SNIPPET 10000 6541 SEEN_PREVIOUSLY b'1005741'
ACTION SNIPPET 10000 6544 SEEN_PREVIOUSLY b'397061'
ACTION SNIPPET 10000 6547 SEEN_PREVIOUSLY b'1820463'
ACTION SNIPPET 10000 6550 SNIPPET_NOT_RELEVANT b'302462'
ACTION SNIPPET 10000 6553 SNIPPET_NOT_RELEVANT b'1087960'
ACTION SNIPPET 10000 6556 SNIPPET_NOT_RELEVANT b'1526716'
ACTION SNIPPET 10000 6559 SNIPPET_NOT_RELEVANT b'1414741'
ACTION SNIPPET 10000 6562 SEEN_PREVIOUSLY b'827961'
ACTION SNIPPET 10000 6565 SEEN_PREVIOUSLY b'254611'
ACTION QUERY 10000 6575 law enforcement dogs deposed
ACTION SERP 10000 6580 EXAMINE_SERP
ACTION SNIPPET 10000 6583 SEEN_PREVIOUSLY b'1126803'
ACTION SNIPPET 10000 6586 SEEN_PREVIOUSLY b'327197'
ACTION SNIPPET 10000 6589 SEEN_PREVIOUSLY b'768273'
ACTION SNIPPET 10000 6592 SEEN_PREVIOUSLY b'923876'
ACTION SNIPPET 10000 6595 SEEN_PREVIOUSLY b'848079'
ACTION SNIPPET 10000 6598 SEEN_PREVIOUSLY b'772507'
ACTION SNIPPET 10000 6601 SEEN_PREVIOUSLY b'766842'
ACTION SNIPPET 10000 6604 SEEN_PREVIOUSLY b'848932'
ACTION SNIPPET 10000 6607 SNIPPET_NOT_RELEVANT b'337101'
ACTION SNIPPET 10000 6610 SEEN_PREVIOUSLY b'67242'
ACTION SNIPPET 10000 6613 SEEN_PREVIOUSLY b'63909'
ACTION SNIPPET 10000 6616 SEEN_PREVIOUSLY b'62193'
ACTION SNIPPET 10000 6619 SEEN_PREVIOUSLY b'846505'
ACTION SNIPPET 10000 6622 SNIPPET_RELEVANT b'480331'
ACTION DOC 10000 6642 EXAMINING_DOCUMENT b'480331'
ACTION QUERY 10000 6652 law enforcement dogs aristide
ACTION SERP 10000 6657 EXAMINE_SERP
ACTION SNIPPET 10000 6660 SNIPPET_RELEVANT b'716676'
ACTION DOC 10000 6680 EXAMINING_DOCUMENT b'716676'
ACTION SNIPPET 10000 6683 SNIPPET_NOT_RELEVANT b'478736'
ACTION SNIPPET 10000 6686 SNIPPET_NOT_RELEVANT b'1570129'
ACTION SNIPPET 10000 6689 SNIPPET_NOT_RELEVANT b'745713'
ACTION SNIPPET 10000 6692 SNIPPET_NOT_RELEVANT b'752151'
ACTION SNIPPET 10000 6695 SEEN_PREVIOUSLY b'480331'
ACTION SNIPPET 10000 6698 SNIPPET_RELEVANT b'635394'
ACTION DOC 10000 6718 EXAMINING_DOCUMENT b'635394'
ACTION QUERY 10000 6728 law enforcement dogs accord
ACTION SERP 10000 6733 EXAMINE_SERP
ACTION SNIPPET 10000 6736 SEEN_PREVIOUSLY b'1126803'
ACTION SNIPPET 10000 6739 SEEN_PREVIOUSLY b'1575183'
ACTION SNIPPET 10000 6742 SEEN_PREVIOUSLY b'62193'
ACTION SNIPPET 10000 6745 SEEN_PREVIOUSLY b'27375'
ACTION SNIPPET 10000 6748 SEEN_PREVIOUSLY b'846505'
ACTION SNIPPET 10000 6751 SEEN_PREVIOUSLY b'1759960'
ACTION SNIPPET 10000 6754 SEEN_PREVIOUSLY b'924205'
ACTION SNIPPET 10000 6757 SEEN_PREVIOUSLY b'878512'
ACTION SNIPPET 10000 6760 SNIPPET_RELEVANT b'1309546'
ACTION DOC 10000 6780 EXAMINING_DOCUMENT b'1309546'
ACTION QUERY 10000 6790 law enforcement dogs resign
ACTION SERP 10000 6795 EXAMINE_SERP
ACTION SNIPPET 10000 6798 SNIPPET_RELEVANT b'858617'
ACTION DOC 10000 6818 EXAMINING_DOCUMENT b'858617'
ACTION MARK 10000 6821 CONSIDERED_RELEVANT b'858617'
ACTION SNIPPET 10000 6824 SEEN_PREVIOUSLY b'1126803'
ACTION SNIPPET 10000 6827 SEEN_PREVIOUSLY b'768273'
ACTION SNIPPET 10000 6830 SEEN_PREVIOUSLY b'923876'
ACTION SNIPPET 10000 6833 SEEN_PREVIOUSLY b'848079'
ACTION SNIPPET 10000 6836 SEEN_PREVIOUSLY b'772507'
ACTION SNIPPET 10000 6839 SEEN_PREVIOUSLY b'766842'
ACTION SNIPPET 10000 6842 SEEN_PREVIOUSLY b'848932'
ACTION SNIPPET 10000 6845 SEEN_PREVIOUSLY b'67242'
ACTION SNIPPET 10000 6848 SEEN_PREVIOUSLY b'63909'
ACTION SNIPPET 10000 6851 SEEN_PREVIOUSLY b'62193'
ACTION SNIPPET 10000 6854 SEEN_PREVIOUSLY b'846505'
ACTION SNIPPET 10000 6857 SEEN_PREVIOUSLY b'827961'
ACTION SNIPPET 10000 6860 SNIPPET_RELEVANT b'63989'
ACTION DOC 10000 6880 EXAMINING_DOCUMENT b'63989'
ACTION QUERY 10000 6890 law enforcement dogs observation
ACTION SERP 10000 6895 EXAMINE_SERP
ACTION SNIPPET 10000 6898 SEEN_PREVIOUSLY b'1100413'
ACTION SNIPPET 10000 6901 SEEN_PREVIOUSLY b'516411'
ACTION SNIPPET 10000 6904 SEEN_PREVIOUSLY b'827961'
ACTION SNIPPET 10000 6907 SEEN_PREVIOUSLY b'1016068'
ACTION SNIPPET 10000 6910 SEEN_PREVIOUSLY b'233057'
ACTION SNIPPET 10000 6913 SEEN_PREVIOUSLY b'1126803'
ACTION SNIPPET 10000 6916 SNIPPET_NOT_RELEVANT b'976789'
ACTION SNIPPET 10000 6919 SEEN_PREVIOUSLY b'465859'
ACTION SNIPPET 10000 6922 SEEN_PREVIOUSLY b'768273'
ACTION SNIPPET 10000 6925 SEEN_PREVIOUSLY b'923876'
ACTION SNIPPET 10000 6928 SNIPPET_NOT_RELEVANT b'1251190'
ACTION SNIPPET 10000 6931 SNIPPET_NOT_RELEVANT b'1501299'
ACTION SNIPPET 10000 6934 SNIPPET_RELEVANT b'902774'
ACTION DOC 10000 6954 EXAMINING_DOCUMENT b'902774'
ACTION QUERY 10000 6964 law enforcement dogs speed
ACTION SERP 10000 6969 EXAMINE_SERP
ACTION SNIPPET 10000 6972 SEEN_PREVIOUSLY b'772507'
ACTION SNIPPET 10000 6975 SNIPPET_NOT_RELEVANT b'1461794'
ACTION SNIPPET 10000 6978 SNIPPET_RELEVANT b'747989'
ACTION DOC 10000 6998 EXAMINING_DOCUMENT b'747989'
ACTION MARK 10000 7001 CONSIDERED_RELEVANT b'747989'
ACTION SNIPPET 10000 7004 SEEN_PREVIOUSLY b'858617'
ACTION SNIPPET 10000 7007 SEEN_PREVIOUSLY b'1636415'
ACTION SNIPPET 10000 7010 SEEN_PREVIOUSLY b'1126803'
ACTION SNIPPET 10000 7013 SNIPPET_RELEVANT b'1720558'
ACTION DOC 10000 7033 EXAMINING_DOCUMENT b'1720558'
ACTION SNIPPET 10000 7036 SNIPPET_RELEVANT b'1599094'
ACTION DOC 10000 7056 EXAMINING_DOCUMENT b'1599094'
ACTION QUERY 10000 7066 law enforcement dogs yard
ACTION SERP 10000 7071 EXAMINE_SERP
ACTION SNIPPET 10000 7074 SEEN_PREVIOUSLY b'766842'
ACTION SNIPPET 10000 7077 SEEN_PREVIOUSLY b'27375'
ACTION SNIPPET 10000 7080 SNIPPET_RELEVANT b'1779707'
ACTION DOC 10000 7100 EXAMINING_DOCUMENT b'1779707'
ACTION SNIPPET 10000 7103 SEEN_PREVIOUSLY b'1100413'
ACTION SNIPPET 10000 7106 SNIPPET_RELEVANT b'1515959'
ACTION DOC 10000 7126 EXAMINING_DOCUMENT b'1515959'
ACTION QUERY 10000 7136 law enforcement dogs poope
ACTION SERP 10000 7141 EXAMINE_SERP
ACTION SNIPPET 10000 7144 SNIPPET_NOT_RELEVANT b'1706401'
ACTION SNIPPET 10000 7147 SEEN_PREVIOUSLY b'27375'
ACTION SNIPPET 10000 7150 SEEN_PREVIOUSLY b'923876'
ACTION SNIPPET 10000 7153 SNIPPET_NOT_RELEVANT b'1609199'
ACTION SNIPPET 10000 7156 SEEN_PREVIOUSLY b'846505'
ACTION SNIPPET 10000 7159 SEEN_PREVIOUSLY b'1498907'
ACTION SNIPPET 10000 7162 SNIPPET_RELEVANT b'644360'
ACTION DOC 10000 7182 EXAMINING_DOCUMENT b'644360'
ACTION SNIPPET 10000 7185 SNIPPET_NOT_RELEVANT b'1690956'
ACTION SNIPPET 10000 7188 SNIPPET_RELEVANT b'642233'
ACTION DOC 10000 7208 EXAMINING_DOCUMENT b'642233'
ACTION QUERY 10000 7218 law enforcement dogs urinate
ACTION SERP 10000 7223 EXAMINE_SERP
ACTION SNIPPET 10000 7226 SNIPPET_NOT_RELEVANT b'1367638'
ACTION SNIPPET 10000 7229 SEEN_PREVIOUSLY b'254611'
ACTION SNIPPET 10000 7232 SEEN_PREVIOUSLY b'846505'
ACTION SNIPPET 10000 7235 SNIPPET_NOT_RELEVANT b'1706401'
ACTION SNIPPET 10000 7238 SNIPPET_NOT_RELEVANT b'1395488'
ACTION SNIPPET 10000 7241 SEEN_PREVIOUSLY b'1087788'
ACTION SNIPPET 10000 7244 SNIPPET_RELEVANT b'1524869'
ACTION DOC 10000 7264 EXAMINING_DOCUMENT b'1524869'
ACTION SNIPPET 10000 7267 SEEN_PREVIOUSLY b'1088017'
ACTION SNIPPET 10000 7270 SNIPPET_NOT_RELEVANT b'289348'
ACTION QUERY 10000 7280 law enforcement dogs founded
ACTION SERP 10000 7285 EXAMINE_SERP
ACTION SNIPPET 10000 7288 SEEN_PREVIOUSLY b'878512'
ACTION SNIPPET 10000 7291 SEEN_PREVIOUSLY b'63909'
ACTION SNIPPET 10000 7294 SEEN_PREVIOUSLY b'827961'
ACTION SNIPPET 10000 7297 SEEN_PREVIOUSLY b'625971'
ACTION SNIPPET 10000 7300 SEEN_PREVIOUSLY b'766842'
ACTION SNIPPET 10000 7303 SEEN_PREVIOUSLY b'923876'
ACTION SNIPPET 10000 7306 SEEN_PREVIOUSLY b'1736507'
ACTION SNIPPET 10000 7309 SEEN_PREVIOUSLY b'1126803'
ACTION SNIPPET 10000 7312 SEEN_PREVIOUSLY b'1119137'
ACTION SNIPPET 10000 7315 SEEN_PREVIOUSLY b'879061'
ACTION SNIPPET 10000 7318 SNIPPET_NOT_RELEVANT b'979687'
ACTION SNIPPET 10000 7321 SEEN_PREVIOUSLY b'1759960'
ACTION SNIPPET 10000 7324 SEEN_PREVIOUSLY b'146052'
ACTION SNIPPET 10000 7327 SEEN_PREVIOUSLY b'233057'
ACTION SNIPPET 10000 7330 SEEN_PREVIOUSLY b'944553'
ACTION QUERY 10000 7340 law enforcement dogs caused
ACTION SERP 10000 7345 EXAMINE_SERP
ACTION SNIPPET 10000 7348 SEEN_PREVIOUSLY b'848932'
ACTION SNIPPET 10000 7351 SEEN_PREVIOUSLY b'1126803'
ACTION SNIPPET 10000 7354 SEEN_PREVIOUSLY b'27375'
ACTION SNIPPET 10000 7357 SNIPPET_NOT_RELEVANT b'1087960'
ACTION SNIPPET 10000 7360 SEEN_PREVIOUSLY b'846505'
ACTION SNIPPET 10000 7363 SEEN_PREVIOUSLY b'67242'
ACTION SNIPPET 10000 7366 SEEN_PREVIOUSLY b'878512'
ACTION SNIPPET 10000 7369 SEEN_PREVIOUSLY b'879061'
ACTION SNIPPET 10000 7372 SEEN_PREVIOUSLY b'827961'
ACTION SNIPPET 10000 7375 SEEN_PREVIOUSLY b'1089743'
ACTION SNIPPET 10000 7378 SNIPPET_NOT_RELEVANT b'951117'
ACTION SNIPPET 10000 7381 SEEN_PREVIOUSLY b'146052'
ACTION SNIPPET 10000 7384 SEEN_PREVIOUSLY b'768273'
ACTION SNIPPET 10000 7387 SEEN_PREVIOUSLY b'67130'
ACTION SNIPPET 10000 7390 SEEN_PREVIOUSLY b'923876'
ACTION QUERY 10000 7400 law enforcement dogs explosive
ACTION SERP 10000 7405 EXAMINE_SERP
ACTION SNIPPET 10000 7408 SEEN_PREVIOUSLY b'878512'
ACTION SNIPPET 10000 7411 SEEN_PREVIOUSLY b'625971'
ACTION SNIPPET 10000 7414 SEEN_PREVIOUSLY b'879061'
ACTION SNIPPET 10000 7417 SEEN_PREVIOUSLY b'1710752'
ACTION SNIPPET 10000 7420 SEEN_PREVIOUSLY b'1358541'
ACTION SNIPPET 10000 7423 SNIPPET_NOT_RELEVANT b'1603415'
ACTION SNIPPET 10000 7426 SNIPPET_NOT_RELEVANT b'879847'
ACTION SNIPPET 10000 7429 SNIPPET_RELEVANT b'1290992'
ACTION DOC 10000 7449 EXAMINING_DOCUMENT b'1290992'
ACTION MARK 10000 7452 CONSIDERED_RELEVANT b'1290992'
ACTION SNIPPET 10000 7455 SNIPPET_NOT_RELEVANT b'328555'
ACTION SNIPPET 10000 7458 SEEN_PREVIOUSLY b'1636415'
ACTION SNIPPET 10000 7461 SNIPPET_RELEVANT b'1775436'
ACTION DOC 10000 7481 EXAMINING_DOCUMENT b'1775436'
ACTION MARK 10000 7484 CONSIDERED_RELEVANT b'1775436'
ACTION SNIPPET 10000 7487 SNIPPET_NOT_RELEVANT b'1059779'
ACTION SNIPPET 10000 7490 SNIPPET_NOT_RELEVANT b'1540785'
ACTION SNIPPET 10000 7493 SEEN_PREVIOUSLY b'1126803'
ACTION SNIPPET 10000 7496 SNIPPET_RELEVANT b'906533'
ACTION DOC 10000 7516 EXAMINING_DOCUMENT b'906533'
ACTION MARK 10000 7519 CONSIDERED_RELEVANT b'906533'
ACTION SNIPPET 10000 7522 SNIPPET_RELEVANT b'1131189'
ACTION DOC 10000 7542 EXAMINING_DOCUMENT b'1131189'
ACTION MARK 10000 7545 CONSIDERED_RELEVANT b'1131189'
ACTION SNIPPET 10000 7548 SNIPPET_RELEVANT b'1423583'
ACTION DOC 10000 7568 EXAMINING_DOCUMENT b'1423583'
ACTION MARK 10000 7571 CONSIDERED_RELEVANT b'1423583'
ACTION SNIPPET 10000 7574 SNIPPET_RELEVANT b'1488583'
ACTION DOC 10000 7594 EXAMINING_DOCUMENT b'1488583'
ACTION MARK 10000 7597 CONSIDERED_RELEVANT b'1488583'
ACTION SNIPPET 10000 7600 SEEN_PREVIOUSLY b'1221420'
ACTION SNIPPET 10000 7603 SNIPPET_RELEVANT b'1440049'
ACTION DOC 10000 7623 EXAMINING_DOCUMENT b'1440049'
ACTION SNIPPET 10000 7626 SEEN_PREVIOUSLY b'768273'
ACTION SNIPPET 10000 7629 SNIPPET_RELEVANT b'594194'
ACTION DOC 10000 7649 EXAMINING_DOCUMENT b'594194'
ACTION QUERY 10000 7659 law enforcement dogs mahatma
ACTION SERP 10000 7664 EXAMINE_SERP
ACTION SNIPPET 10000 7667 SNIPPET_NOT_RELEVANT b'305460'
ACTION SNIPPET 10000 7670 SNIPPET_NOT_RELEVANT b'985168'
ACTION SNIPPET 10000 7673 SEEN_PREVIOUSLY b'1126803'
ACTION SNIPPET 10000 7676 SNIPPET_RELEVANT b'455467'
ACTION DOC 10000 7696 EXAMINING_DOCUMENT b'455467'
ACTION SNIPPET 10000 7699 SEEN_PREVIOUSLY b'768273'
ACTION SNIPPET 10000 7702 SEEN_PREVIOUSLY b'923876'
ACTION SNIPPET 10000 7705 SEEN_PREVIOUSLY b'848079'
ACTION SNIPPET 10000 7708 SEEN_PREVIOUSLY b'772507'
ACTION SNIPPET 10000 7711 SEEN_PREVIOUSLY b'766842'
ACTION QUERY 10000 7721 law enforcement dogs witness
ACTION SERP 10000 7726 EXAMINE_SERP
ACTION SNIPPET 10000 7729 SNIPPET_RELEVANT b'635770'
ACTION DOC 10000 7749 EXAMINING_DOCUMENT b'635770'
ACTION SNIPPET 10000 7752 SEEN_PREVIOUSLY b'373576'
ACTION SNIPPET 10000 7755 SEEN_PREVIOUSLY b'846505'
ACTION SNIPPET 10000 7758 SNIPPET_NOT_RELEVANT b'981300'
ACTION SNIPPET 10000 7761 SEEN_PREVIOUSLY b'944553'
ACTION SNIPPET 10000 7764 SNIPPET_RELEVANT b'1059779'
ACTION DOC 10000 7784 EXAMINING_DOCUMENT b'1059779'
ACTION QUERY 10000 7794 law enforcement dogs field
ACTION SERP 10000 7799 EXAMINE_SERP
ACTION SNIPPET 10000 7802 SEEN_PREVIOUSLY b'827961'
ACTION SNIPPET 10000 7805 SEEN_PREVIOUSLY b'846505'
ACTION SNIPPET 10000 7808 SEEN_PREVIOUSLY b'1736507'
ACTION SNIPPET 10000 7811 SNIPPET_RELEVANT b'1321517'
ACTION DOC 10000 7831 EXAMINING_DOCUMENT b'1321517'
ACTION SNIPPET 10000 7834 SNIPPET_NOT_RELEVANT b'1132373'
ACTION SNIPPET 10000 7837 SNIPPET_NOT_RELEVANT b'976789'
ACTION SNIPPET 10000 7840 SEEN_PREVIOUSLY b'625971'
ACTION SNIPPET 10000 7843 SEEN_PREVIOUSLY b'1100413'
ACTION SNIPPET 10000 7846 SEEN_PREVIOUSLY b'1097356'
ACTION QUERY 10000 7856 law enforcement dogs utah
ACTION SERP 10000 7861 EXAMINE_SERP
ACTION SNIPPET 10000 7864 SEEN_PREVIOUSLY b'1363318'
ACTION SNIPPET 10000 7867 SNIPPET_NOT_RELEVANT b'263053'
ACTION SNIPPET 10000 7870 SNIPPET_NOT_RELEVANT b'1786397'
ACTION SNIPPET 10000 7873 SNIPPET_NOT_RELEVANT b'1593'
ACTION SNIPPET 10000 7876 SNIPPET_NOT_RELEVANT b'1593'
ACTION SNIPPET 10000 7879 SNIPPET_RELEVANT b'1041147'
ACTION DOC 10000 7899 EXAMINING_DOCUMENT b'1041147'
ACTION MARK 10000 7902 CONSIDERED_RELEVANT b'1041147'
ACTION SNIPPET 10000 7905 SNIPPET_NOT_RELEVANT b'429444'
ACTION SNIPPET 10000 7908 SNIPPET_RELEVANT b'1653871'
ACTION DOC 10000 7928 EXAMINING_DOCUMENT b'1653871'
ACTION SNIPPET 10000 7931 SEEN_PREVIOUSLY b'1126803'
ACTION SNIPPET 10000 7934 SNIPPET_NOT_RELEVANT b'1402303'
ACTION SNIPPET 10000 7937 SNIPPET_NOT_RELEVANT b'1365288'
ACTION SNIPPET 10000 7940 SNIPPET_RELEVANT b'1840937'
ACTION DOC 10000 7960 EXAMINING_DOCUMENT b'1840937'
ACTION QUERY 10000 7970 law enforcement dogs ecu
ACTION SERP 10000 7975 EXAMINE_SERP
ACTION SNIPPET 10000 7978 SNIPPET_RELEVANT b'529043'
ACTION DOC 10000 7998 EXAMINING_DOCUMENT b'529043'
ACTION SNIPPET 10000 8001 SNIPPET_NOT_RELEVANT b'554336'
ACTION SNIPPET 10000 8004 SNIPPET_NOT_RELEVANT b'393428'
ACTION SNIPPET 10000 8007 SNIPPET_NOT_RELEVANT b'493474'
ACTION SNIPPET 10000 8010 SNIPPET_RELEVANT b'550888'
ACTION DOC 10000 8030 EXAMINING_DOCUMENT b'550888'
ACTION QUERY 10000 8040 law enforcement dogs rolled
ACTION SERP 10000 8045 EXAMINE_SERP
ACTION SNIPPET 10000 8048 SEEN_PREVIOUSLY b'160593'
ACTION SNIPPET 10000 8051 SEEN_PREVIOUSLY b'233057'
ACTION SNIPPET 10000 8054 SEEN_PREVIOUSLY b'1126803'
ACTION SNIPPET 10000 8057 SEEN_PREVIOUSLY b'1342353'
ACTION SNIPPET 10000 8060 SEEN_PREVIOUSLY b'1131189'
ACTION SNIPPET 10000 8063 SEEN_PREVIOUSLY b'465859'
ACTION SNIPPET 10000 8066 SNIPPET_RELEVANT b'1706401'
ACTION DOC 10000 8086 EXAMINING_DOCUMENT b'1706401'
ACTION SNIPPET 10000 8089 SEEN_PREVIOUSLY b'768273'
ACTION SNIPPET 10000 8092 SEEN_PREVIOUSLY b'923876'
ACTION QUERY 10000 8102 law enforcement dogs highway
ACTION SERP 10000 8107 EXAMINE_SERP
ACTION SNIPPET 10000 8110 SNIPPET_NOT_RELEVANT b'371647'
ACTION SNIPPET 10000 8113 SEEN_PREVIOUSLY b'1710752'
ACTION SNIPPET 10000 8116 SEEN_PREVIOUSLY b'747989'
ACTION SNIPPET 10000 8119 SNIPPET_NOT_RELEVANT b'1698372'
ACTION SNIPPET 10000 8122 SEEN_PREVIOUSLY b'271985'
ACTION SNIPPET 10000 8125 SEEN_PREVIOUSLY b'944553'
ACTION SNIPPET 10000 8128 SNIPPET_NOT_RELEVANT b'1251190'
ACTION SNIPPET 10000 8131 SNIPPET_RELEVANT b'681924'
ACTION DOC 10000 8151 EXAMINING_DOCUMENT b'681924'
ACTION SNIPPET 10000 8154 SEEN_PREVIOUSLY b'1126803'
ACTION QUERY 10000 8164 law enforcement dogs term
ACTION SERP 10000 8169 EXAMINE_SERP
ACTION SNIPPET 10000 8172 SEEN_PREVIOUSLY b'848932'
ACTION SNIPPET 10000 8175 SEEN_PREVIOUSLY b'233057'
ACTION SNIPPET 10000 8178 SEEN_PREVIOUSLY b'1126803'
ACTION SNIPPET 10000 8181 SEEN_PREVIOUSLY b'1089743'
ACTION SNIPPET 10000 8184 SEEN_PREVIOUSLY b'768273'
ACTION SNIPPET 10000 8187 SEEN_PREVIOUSLY b'923876'
ACTION SNIPPET 10000 8190 SEEN_PREVIOUSLY b'848079'
ACTION SNIPPET 10000 8193 SEEN_PREVIOUSLY b'772507'
ACTION SNIPPET 10000 8196 SNIPPET_NOT_RELEVANT b'1452066'
ACTION SNIPPET 10000 8199 SEEN_PREVIOUSLY b'766842'
ACTION SNIPPET 10000 8202 SEEN_PREVIOUSLY b'67242'
ACTION SNIPPET 10000 8205 SEEN_PREVIOUSLY b'63909'
ACTION SNIPPET 10000 8208 SEEN_PREVIOUSLY b'62193'
ACTION SNIPPET 10000 8211 SEEN_PREVIOUSLY b'846505'
ACTION SNIPPET 10000 8214 SEEN_PREVIOUSLY b'827961'
ACTION QUERY 10000 8224 law enforcement dogs scottish
ACTION SERP 10000 8229 EXAMINE_SERP
ACTION SNIPPET 10000 8232 SNIPPET_NOT_RELEVANT b'487149'
ACTION SNIPPET 10000 8235 SNIPPET_RELEVANT b'966818'
ACTION DOC 10000 8255 EXAMINING_DOCUMENT b'966818'
ACTION SNIPPET 10000 8258 SEEN_PREVIOUSLY b'1087788'
ACTION SNIPPET 10000 8261 SNIPPET_NOT_RELEVANT b'1468445'
ACTION SNIPPET 10000 8264 SNIPPET_RELEVANT b'1793908'
ACTION DOC 10000 8284 EXAMINING_DOCUMENT b'1793908'
ACTION QUERY 10000 8294 law enforcement dogs pana
ACTION SERP 10000 8299 EXAMINE_SERP
ACTION SNIPPET 10000 8302 SNIPPET_RELEVANT b'1268198'
ACTION DOC 10000 8322 EXAMINING_DOCUMENT b'1268198'
ACTION MARK 10000 8325 CONSIDERED_RELEVANT b'1268198'
ACTION SNIPPET 10000 8328 SNIPPET_RELEVANT b'1080319'
ACTION DOC 10000 8348 EXAMINING_DOCUMENT b'1080319'
ACTION SNIPPET 10000 8351 SNIPPET_RELEVANT b'1488904'
ACTION DOC 10000 8371 EXAMINING_DOCUMENT b'1488904'
ACTION SNIPPET 10000 8374 SNIPPET_RELEVANT b'205014'
ACTION DOC 10000 8394 EXAMINING_DOCUMENT b'205014'
ACTION QUERY 10000 8404 law enforcement dogs algerias
ACTION SERP 10000 8409 EXAMINE_SERP
ACTION SNIPPET 10000 8412 SNIPPET_RELEVANT b'1492010'
ACTION DOC 10000 8432 EXAMINING_DOCUMENT b'1492010'
ACTION SNIPPET 10000 8435 SNIPPET_RELEVANT b'1739451'
ACTION DOC 10000 8455 EXAMINING_DOCUMENT b'1739451'
ACTION QUERY 10000 8465 law enforcement dogs toll
ACTION SERP 10000 8470 EXAMINE_SERP
ACTION SNIPPET 10000 8473 SNIPPET_RELEVANT b'805028'
ACTION DOC 10000 8493 EXAMINING_DOCUMENT b'805028'
ACTION SNIPPET 10000 8496 SEEN_PREVIOUSLY b'804840'
ACTION SNIPPET 10000 8499 SNIPPET_NOT_RELEVANT b'1138264'
ACTION SNIPPET 10000 8502 SNIPPET_RELEVANT b'158759'
ACTION DOC 10000 8522 EXAMINING_DOCUMENT b'158759'
ACTION QUERY 10000 8532 law enforcement dogs district
ACTION SERP 10000 8537 EXAMINE_SERP
ACTION SNIPPET 10000 8540 SEEN_PREVIOUSLY b'516411'
ACTION SNIPPET 10000 8543 SEEN_PREVIOUSLY b'1279133'
ACTION SNIPPET 10000 8546 SEEN_PREVIOUSLY b'1575183'
ACTION SNIPPET 10000 8549 SEEN_PREVIOUSLY b'27375'
ACTION SNIPPET 10000 8552 SEEN_PREVIOUSLY b'160593'
ACTION SNIPPET 10000 8555 SEEN_PREVIOUSLY b'1052854'
ACTION SNIPPET 10000 8558 SEEN_PREVIOUSLY b'1126803'
ACTION SNIPPET 10000 8561 SNIPPET_NOT_RELEVANT b'1069475'
ACTION SNIPPET 10000 8564 SEEN_PREVIOUSLY b'768273'
ACTION SNIPPET 10000 8567 SNIPPET_NOT_RELEVANT b'961068'
ACTION SNIPPET 10000 8570 SNIPPET_RELEVANT b'713024'
ACTION DOC 10000 8590 EXAMINING_DOCUMENT b'713024'
ACTION QUERY 10000 8600 law enforcement dogs represent
ACTION SERP 10000 8605 EXAMINE_SERP
ACTION SNIPPET 10000 8608 SEEN_PREVIOUSLY b'67242'
ACTION SNIPPET 10000 8611 SEEN_PREVIOUSLY b'827961'
ACTION SNIPPET 10000 8614 SEEN_PREVIOUSLY b'1126803'
ACTION SNIPPET 10000 8617 SEEN_PREVIOUSLY b'67130'
ACTION SNIPPET 10000 8620 SEEN_PREVIOUSLY b'768273'
ACTION SNIPPET 10000 8623 SEEN_PREVIOUSLY b'923876'
ACTION SNIPPET 10000 8626 SEEN_PREVIOUSLY b'271985'
ACTION SNIPPET 10000 8629 SNIPPET_NOT_RELEVANT b'951117'
ACTION SNIPPET 10000 8632 SEEN_PREVIOUSLY b'848079'
ACTION SNIPPET 10000 8635 SEEN_PREVIOUSLY b'772507'
ACTION SNIPPET 10000 8638 SEEN_PREVIOUSLY b'766842'
ACTION SNIPPET 10000 8641 SEEN_PREVIOUSLY b'848932'
ACTION SNIPPET 10000 8644 SEEN_PREVIOUSLY b'63909'
ACTION SNIPPET 10000 8647 SEEN_PREVIOUSLY b'62193'
ACTION SNIPPET 10000 8650 SEEN_PREVIOUSLY b'846505'
ACTION QUERY 10000 8660 law enforcement dogs lybia
ACTION SERP 10000 8665 EXAMINE_SERP
ACTION SNIPPET 10000 8668 SNIPPET_NOT_RELEVANT b'514454'
ACTION SNIPPET 10000 8671 SEEN_PREVIOUSLY b'1126803'
ACTION SNIPPET 10000 8674 SEEN_PREVIOUSLY b'768273'
ACTION SNIPPET 10000 8677 SEEN_PREVIOUSLY b'923876'
ACTION SNIPPET 10000 8680 SEEN_PREVIOUSLY b'848079'
ACTION SNIPPET 10000 8683 SEEN_PREVIOUSLY b'772507'
ACTION SNIPPET 10000 8686 SEEN_PREVIOUSLY b'766842'
ACTION SNIPPET 10000 8689 SEEN_PREVIOUSLY b'848932'
ACTION SNIPPET 10000 8692 SEEN_PREVIOUSLY b'67242'
ACTION SNIPPET 10000 8695 SEEN_PREVIOUSLY b'63909'
ACTION SNIPPET 10000 8698 SEEN_PREVIOUSLY b'62193'
ACTION SNIPPET 10000 8701 SEEN_PREVIOUSLY b'846505'
ACTION SNIPPET 10000 8704 SEEN_PREVIOUSLY b'827961'
ACTION SNIPPET 10000 8707 SEEN_PREVIOUSLY b'878512'
ACTION SNIPPET 10000 8710 SEEN_PREVIOUSLY b'516411'
ACTION QUERY 10000 8720 law enforcement dogs mcnally
ACTION SERP 10000 8725 EXAMINE_SERP
ACTION SNIPPET 10000 8728 SNIPPET_NOT_RELEVANT b'567001'
ACTION SNIPPET 10000 8731 SNIPPET_RELEVANT b'817479'
ACTION DOC 10000 8751 EXAMINING_DOCUMENT b'817479'
ACTION SNIPPET 10000 8754 SEEN_PREVIOUSLY b'1126803'
ACTION SNIPPET 10000 8757 SNIPPET_RELEVANT b'648318'
ACTION DOC 10000 8777 EXAMINING_DOCUMENT b'648318'
ACTION QUERY 10000 8787 law enforcement dogs sense
ACTION SERP 10000 8792 EXAMINE_SERP
ACTION SNIPPET 10000 8795 SEEN_PREVIOUSLY b'62193'
ACTION SNIPPET 10000 8798 SEEN_PREVIOUSLY b'521624'
ACTION SNIPPET 10000 8801 SEEN_PREVIOUSLY b'1089743'
ACTION SNIPPET 10000 8804 SEEN_PREVIOUSLY b'254611'
ACTION SNIPPET 10000 8807 SEEN_PREVIOUSLY b'846505'
ACTION SNIPPET 10000 8810 SEEN_PREVIOUSLY b'625971'
ACTION SNIPPET 10000 8813 SEEN_PREVIOUSLY b'1126803'
ACTION SNIPPET 10000 8816 SNIPPET_NOT_RELEVANT b'735766'
ACTION SNIPPET 10000 8819 SEEN_PREVIOUSLY b'1279133'
ACTION SNIPPET 10000 8822 SEEN_PREVIOUSLY b'349505'
ACTION SNIPPET 10000 8825 SNIPPET_RELEVANT b'1768871'
ACTION DOC 10000 8845 EXAMINING_DOCUMENT b'1768871'
ACTION QUERY 10000 8855 law enforcement dogs joe
ACTION SERP 10000 8860 EXAMINE_SERP
ACTION SNIPPET 10000 8863 SEEN_PREVIOUSLY b'1126803'
ACTION SNIPPET 10000 8866 SEEN_PREVIOUSLY b'1088017'
ACTION SNIPPET 10000 8869 SEEN_PREVIOUSLY b'768273'
ACTION SNIPPET 10000 8872 SEEN_PREVIOUSLY b'923876'
ACTION SNIPPET 10000 8875 SEEN_PREVIOUSLY b'848079'
ACTION SNIPPET 10000 8878 SEEN_PREVIOUSLY b'772507'
ACTION SNIPPET 10000 8881 SEEN_PREVIOUSLY b'766842'
ACTION SNIPPET 10000 8884 SEEN_PREVIOUSLY b'848932'
ACTION SNIPPET 10000 8887 SEEN_PREVIOUSLY b'67242'
ACTION SNIPPET 10000 8890 SEEN_PREVIOUSLY b'63909'
ACTION SNIPPET 10000 8893 SEEN_PREVIOUSLY b'62193'
ACTION SNIPPET 10000 8896 SEEN_PREVIOUSLY b'846505'
ACTION SNIPPET 10000 8899 SEEN_PREVIOUSLY b'827961'
ACTION SNIPPET 10000 8902 SEEN_PREVIOUSLY b'878512'
ACTION SNIPPET 10000 8905 SEEN_PREVIOUSLY b'516411'
ACTION QUERY 10000 8915 law enforcement dogs myanmar
ACTION SERP 10000 8920 EXAMINE_SERP
ACTION SNIPPET 10000 8923 SNIPPET_NOT_RELEVANT b'721023'
ACTION SNIPPET 10000 8926 SNIPPET_NOT_RELEVANT b'339711'
ACTION SNIPPET 10000 8929 SNIPPET_RELEVANT b'1320511'
ACTION DOC 10000 8949 EXAMINING_DOCUMENT b'1320511'
ACTION SNIPPET 10000 8952 SNIPPET_NOT_RELEVANT b'1552544'
ACTION SNIPPET 10000 8955 SNIPPET_RELEVANT b'1818898'
ACTION DOC 10000 8975 EXAMINING_DOCUMENT b'1818898'
ACTION QUERY 10000 8985 law enforcement dogs sudanese
ACTION SERP 10000 8990 EXAMINE_SERP
ACTION SNIPPET 10000 8993 SNIPPET_RELEVANT b'629571'
ACTION DOC 10000 9013 EXAMINING_DOCUMENT b'629571'
ACTION SNIPPET 10000 9016 SNIPPET_RELEVANT b'308770'
ACTION DOC 10000 9036 EXAMINING_DOCUMENT b'308770'
ACTION QUERY 10000 9046 law enforcement dogs shirts
ACTION SERP 10000 9051 EXAMINE_SERP
ACTION SNIPPET 10000 9054 SEEN_PREVIOUSLY b'465859'
ACTION SNIPPET 10000 9057 SEEN_PREVIOUSLY b'1126803'
ACTION SNIPPET 10000 9060 SNIPPET_RELEVANT b'1319637'
ACTION DOC 10000 9080 EXAMINING_DOCUMENT b'1319637'
ACTION SNIPPET 10000 9083 SEEN_PREVIOUSLY b'768273'
ACTION SNIPPET 10000 9086 SEEN_PREVIOUSLY b'923876'
ACTION SNIPPET 10000 9089 SEEN_PREVIOUSLY b'848079'
ACTION SNIPPET 10000 9092 SEEN_PREVIOUSLY b'772507'
ACTION SNIPPET 10000 9095 SEEN_PREVIOUSLY b'766842'
ACTION SNIPPET 10000 9098 SEEN_PREVIOUSLY b'848932'
ACTION QUERY 10000 9108 law enforcement dogs race
ACTION SERP 10000 9113 EXAMINE_SERP
ACTION SNIPPET 10000 9116 SEEN_PREVIOUSLY b'1279133'
ACTION SNIPPET 10000 9119 SEEN_PREVIOUSLY b'1126803'
ACTION SNIPPET 10000 9122 SNIPPET_RELEVANT b'1394649'
ACTION DOC 10000 9142 EXAMINING_DOCUMENT b'1394649'
ACTION SNIPPET 10000 9145 SEEN_PREVIOUSLY b'768273'
ACTION SNIPPET 10000 9148 SEEN_PREVIOUSLY b'923876'
ACTION SNIPPET 10000 9151 SEEN_PREVIOUSLY b'465859'
ACTION SNIPPET 10000 9154 SEEN_PREVIOUSLY b'848079'
ACTION SNIPPET 10000 9157 SEEN_PREVIOUSLY b'772507'
ACTION SNIPPET 10000 9160 SEEN_PREVIOUSLY b'766842'
ACTION QUERY 10000 9170 law enforcement dogs differ
ACTION SERP 10000 9175 EXAMINE_SERP
ACTION SNIPPET 10000 9178 SEEN_PREVIOUSLY b'27375'
ACTION SNIPPET 10000 9181 SEEN_PREVIOUSLY b'516411'
ACTION SNIPPET 10000 9184 SEEN_PREVIOUSLY b'1126803'
ACTION SNIPPET 10000 9187 SNIPPET_RELEVANT b'1235996'
ACTION DOC 10000 9207 EXAMINING_DOCUMENT b'1235996'
ACTION MARK 10000 9210 CONSIDERED_RELEVANT b'1235996'
ACTION SNIPPET 10000 9213 SEEN_PREVIOUSLY b'768273'
ACTION SNIPPET 10000 9216 SEEN_PREVIOUSLY b'923876'
ACTION SNIPPET 10000 9219 SEEN_PREVIOUSLY b'848079'
ACTION SNIPPET 10000 9222 SEEN_PREVIOUSLY b'772507'
ACTION SNIPPET 10000 9225 SEEN_PREVIOUSLY b'271985'
ACTION SNIPPET 10000 9228 SEEN_PREVIOUSLY b'766842'
ACTION SNIPPET 10000 9231 SEEN_PREVIOUSLY b'848932'
ACTION SNIPPET 10000 9234 SEEN_PREVIOUSLY b'67242'
ACTION SNIPPET 10000 9237 SEEN_PREVIOUSLY b'63909'
ACTION SNIPPET 10000 9240 SEEN_PREVIOUSLY b'62193'
ACTION SNIPPET 10000 9243 SEEN_PREVIOUSLY b'846505'
ACTION SNIPPET 10000 9246 SEEN_PREVIOUSLY b'827961'
ACTION SNIPPET 10000 9249 SEEN_PREVIOUSLY b'1345802'
ACTION SNIPPET 10000 9252 SEEN_PREVIOUSLY b'878512'
ACTION SNIPPET 10000 9255 SNIPPET_NOT_RELEVANT b'1129088'
ACTION SNIPPET 10000 9258 SEEN_PREVIOUSLY b'681924'
ACTION SNIPPET 10000 9261 SEEN_PREVIOUSLY b'1545793'
ACTION QUERY 10000 9271 law enforcement dogs walcott
ACTION SERP 10000 9276 EXAMINE_SERP
ACTION SNIPPET 10000 9279 SEEN_PREVIOUSLY b'1599094'
ACTION SNIPPET 10000 9282 SNIPPET_NOT_RELEVANT b'1263647'
ACTION SNIPPET 10000 9285 SNIPPET_RELEVANT b'762877'
ACTION DOC 10000 9305 EXAMINING_DOCUMENT b'762877'
ACTION SNIPPET 10000 9308 SNIPPET_NOT_RELEVANT b'513026'
ACTION SNIPPET 10000 9311 SNIPPET_RELEVANT b'1720251'
ACTION DOC 10000 9331 EXAMINING_DOCUMENT b'1720251'
ACTION QUERY 10000 9341 law enforcement dogs events
ACTION SERP 10000 9346 EXAMINE_SERP
ACTION SNIPPET 10000 9349 SEEN_PREVIOUSLY b'1119137'
ACTION SNIPPET 10000 9352 SEEN_PREVIOUSLY b'1016068'
ACTION SNIPPET 10000 9355 SEEN_PREVIOUSLY b'1126803'
ACTION SNIPPET 10000 9358 SEEN_PREVIOUSLY b'768273'
ACTION SNIPPET 10000 9361 SEEN_PREVIOUSLY b'923876'
ACTION SNIPPET 10000 9364 SEEN_PREVIOUSLY b'848079'
ACTION SNIPPET 10000 9367 SEEN_PREVIOUSLY b'772507'
ACTION SNIPPET 10000 9370 SNIPPET_NOT_RELEVANT b'684243'
ACTION SNIPPET 10000 9373 SEEN_PREVIOUSLY b'766842'
ACTION SNIPPET 10000 9376 SEEN_PREVIOUSLY b'848932'
ACTION SNIPPET 10000 9379 SEEN_PREVIOUSLY b'67242'
ACTION SNIPPET 10000 9382 SEEN_PREVIOUSLY b'63909'
ACTION SNIPPET 10000 9385 SEEN_PREVIOUSLY b'62193'
ACTION SNIPPET 10000 9388 SEEN_PREVIOUSLY b'846505'
ACTION SNIPPET 10000 9391 SNIPPET_RELEVANT b'1465479'
ACTION DOC 10000 9411 EXAMINING_DOCUMENT b'1465479'
ACTION QUERY 10000 9421 law enforcement dogs diplomats
ACTION SERP 10000 9426 EXAMINE_SERP
ACTION SNIPPET 10000 9429 SNIPPET_NOT_RELEVANT b'735766'
ACTION SNIPPET 10000 9432 SEEN_PREVIOUSLY b'1126803'
ACTION SNIPPET 10000 9435 SNIPPET_NOT_RELEVANT b'309882'
ACTION SNIPPET 10000 9438 SEEN_PREVIOUSLY b'768273'
ACTION SNIPPET 10000 9441 SEEN_PREVIOUSLY b'923876'
ACTION SNIPPET 10000 9444 SEEN_PREVIOUSLY b'848079'
ACTION SNIPPET 10000 9447 SEEN_PREVIOUSLY b'772507'
ACTION SNIPPET 10000 9450 SEEN_PREVIOUSLY b'766842'
ACTION SNIPPET 10000 9453 SEEN_PREVIOUSLY b'848932'
ACTION SNIPPET 10000 9456 SEEN_PREVIOUSLY b'67242'
ACTION SNIPPET 10000 9459 SEEN_PREVIOUSLY b'63909'
ACTION SNIPPET 10000 9462 SEEN_PREVIOUSLY b'62193'
ACTION SNIPPET 10000 9465 SEEN_PREVIOUSLY b'846505'
ACTION SNIPPET 10000 9468 SNIPPET_NOT_RELEVANT b'900509'
ACTION SNIPPET 10000 9471 SEEN_PREVIOUSLY b'827961'
ACTION QUERY 10000 9481 law enforcement dogs espionage
ACTION SERP 10000 9486 EXAMINE_SERP
ACTION SNIPPET 10000 9489 SNIPPET_NOT_RELEVANT b'109648'
ACTION SNIPPET 10000 9492 SNIPPET_NOT_RELEVANT b'4895'
ACTION SNIPPET 10000 9495 SNIPPET_RELEVANT b'4895'
ACTION DOC 10000 9515 EXAMINING_DOCUMENT b'4895'
ACTION SNIPPET 10000 9518 SNIPPET_RELEVANT b'1161957'
ACTION DOC 10000 9538 EXAMINING_DOCUMENT b'1161957'
ACTION QUERY 10000 9548 law enforcement dogs similarities
ACTION SERP 10000 9553 EXAMINE_SERP
ACTION SNIPPET 10000 9556 SEEN_PREVIOUSLY b'67242'
ACTION SNIPPET 10000 9559 SEEN_PREVIOUSLY b'1126803'
ACTION SNIPPET 10000 9562 SEEN_PREVIOUSLY b'848932'
ACTION SNIPPET 10000 9565 SEEN_PREVIOUSLY b'766842'
ACTION SNIPPET 10000 9568 SEEN_PREVIOUSLY b'27375'
ACTION SNIPPET 10000 9571 SEEN_PREVIOUSLY b'67130'
ACTION SNIPPET 10000 9574 SEEN_PREVIOUSLY b'1788789'
ACTION SNIPPET 10000 9577 SEEN_PREVIOUSLY b'1788886'
ACTION SNIPPET 10000 9580 SEEN_PREVIOUSLY b'1788875'
ACTION SNIPPET 10000 9583 SNIPPET_RELEVANT b'1788879'
ACTION DOC 10000 9603 EXAMINING_DOCUMENT b'1788879'
ACTION QUERY 10000 9613 law enforcement dogs nora
ACTION SERP 10000 9618 EXAMINE_SERP
ACTION SNIPPET 10000 9621 SEEN_PREVIOUSLY b'713024'
ACTION SNIPPET 10000 9624 SNIPPET_RELEVANT b'21920'
ACTION DOC 10000 9644 EXAMINING_DOCUMENT b'21920'
ACTION SNIPPET 10000 9647 SNIPPET_RELEVANT b'780362'
ACTION DOC 10000 9667 EXAMINING_DOCUMENT b'780362'
ACTION QUERY 10000 9677 law enforcement dogs wreck
ACTION SERP 10000 9682 EXAMINE_SERP
ACTION SNIPPET 10000 9685 SEEN_PREVIOUSLY b'397720'
ACTION SNIPPET 10000 9688 SNIPPET_NOT_RELEVANT b'1403020'
ACTION SNIPPET 10000 9691 SEEN_PREVIOUSLY b'1126803'
ACTION SNIPPET 10000 9694 SEEN_PREVIOUSLY b'768273'
ACTION SNIPPET 10000 9697 SEEN_PREVIOUSLY b'923876'
ACTION SNIPPET 10000 9700 SEEN_PREVIOUSLY b'848079'
ACTION SNIPPET 10000 9703 SEEN_PREVIOUSLY b'772507'
ACTION SNIPPET 10000 9706 SEEN_PREVIOUSLY b'766842'
ACTION SNIPPET 10000 9709 SEEN_PREVIOUSLY b'848932'
ACTION SNIPPET 10000 9712 SNIPPET_RELEVANT b'29092'
ACTION DOC 10000 9732 EXAMINING_DOCUMENT b'29092'
ACTION QUERY 10000 9742 law enforcement dogs structures
ACTION SERP 10000 9747 EXAMINE_SERP
ACTION SNIPPET 10000 9750 SEEN_PREVIOUSLY b'1126803'
ACTION SNIPPET 10000 9753 SEEN_PREVIOUSLY b'768273'
ACTION SNIPPET 10000 9756 SEEN_PREVIOUSLY b'923876'
ACTION SNIPPET 10000 9759 SEEN_PREVIOUSLY b'848079'
ACTION SNIPPET 10000 9762 SEEN_PREVIOUSLY b'772507'
ACTION SNIPPET 10000 9765 SEEN_PREVIOUSLY b'766842'
ACTION SNIPPET 10000 9768 SEEN_PREVIOUSLY b'848932'
ACTION SNIPPET 10000 9771 SEEN_PREVIOUSLY b'67242'
ACTION SNIPPET 10000 9774 SEEN_PREVIOUSLY b'63909'
ACTION SNIPPET 10000 9777 SEEN_PREVIOUSLY b'62193'
ACTION SNIPPET 10000 9780 SEEN_PREVIOUSLY b'846505'
ACTION SNIPPET 10000 9783 SEEN_PREVIOUSLY b'827961'
ACTION SNIPPET 10000 9786 SEEN_PREVIOUSLY b'878512'
ACTION SNIPPET 10000 9789 SNIPPET_RELEVANT b'1830422'
ACTION DOC 10000 9809 EXAMINING_DOCUMENT b'1830422'
ACTION QUERY 10000 9819 law enforcement dogs harrietts
ACTION SERP 10000 9824 EXAMINE_SERP
ACTION SNIPPET 10000 9827 SEEN_PREVIOUSLY b'1014134'
ACTION SNIPPET 10000 9830 SNIPPET_NOT_RELEVANT b'1220499'
ACTION SNIPPET 10000 9833 SNIPPET_NOT_RELEVANT b'925394'
ACTION SNIPPET 10000 9836 SNIPPET_NOT_RELEVANT b'1820987'
ACTION SNIPPET 10000 9839 SNIPPET_NOT_RELEVANT b'1820769'
ACTION SNIPPET 10000 9842 SNIPPET_RELEVANT b'1548437'
ACTION DOC 10000 9862 EXAMINING_DOCUMENT b'1548437'
ACTION SNIPPET 10000 9865 SNIPPET_NOT_RELEVANT b'1783472'
ACTION SNIPPET 10000 9868 SNIPPET_RELEVANT b'1097266'
ACTION DOC 10000 9888 EXAMINING_DOCUMENT b'1097266'
ACTION QUERY 10000 9898 law enforcement dogs harrison
ACTION SERP 10000 9903 EXAMINE_SERP
ACTION SNIPPET 10000 9906 SNIPPET_RELEVANT b'1314901'
ACTION DOC 10000 9926 EXAMINING_DOCUMENT b'1314901'
ACTION SNIPPET 10000 9929 SNIPPET_RELEVANT b'1165916'
ACTION DOC 10000 9949 EXAMINING_DOCUMENT b'1165916'
ACTION QUERY 10000 9959 law enforcement dogs activities
ACTION SERP 10000 9964 EXAMINE_SERP
ACTION SNIPPET 10000 9967 SEEN_PREVIOUSLY b'1119137'
ACTION SNIPPET 10000 9970 SEEN_PREVIOUSLY b'1285836'
ACTION SNIPPET 10000 9973 SEEN_PREVIOUSLY b'1097356'
ACTION SNIPPET 10000 9976 SEEN_PREVIOUSLY b'567231'
ACTION SNIPPET 10000 9979 SEEN_PREVIOUSLY b'1126803'
ACTION SNIPPET 10000 9982 SEEN_PREVIOUSLY b'349505'
ACTION SNIPPET 10000 9985 SEEN_PREVIOUSLY b'768273'
ACTION SNIPPET 10000 9988 SNIPPET_RELEVANT b'1094128'
ACTION DOC 10000 10008 EXAMINING_DOCUMENT b'1094128'
INFO SUMMARY 
INFO TOTAL_QUERIES_ISSUED 131
INFO TOTAL_SNIPPETS_EXAMINED 1250
INFO TOTAL_DOCUMENTS_EXAMINED 210
INFO TOTAL_DOCUMENTS_MARKED_RELEVANT 31
INFO TOTAL_ATTRACTIVE_SERP_IMPRESSIONS 131
INFO TOTAL_UNATTRACTIVE_SERP_IMPRESSIONS 0
