ACTION QUERY 10000 10 u s investment africa
ACTION SERP 10000 15 EXAMINE_SERP
ACTION SNIPPET 10000 18 SNIPPET_RELEVANT b'793940'
ACTION DOC 10000 38 EXAMINING_DOCUMENT b'793940'
ACTION MARK 10000 41 CONSIDERED_RELEVANT b'793940'
ACTION SNIPPET 10000 44 SNIPPET_RELEVANT b'678215'
ACTION DOC 10000 64 EXAMINING_DOCUMENT b'678215'
ACTION MARK 10000 67 CONSIDERED_RELEVANT b'678215'
ACTION SNIPPET 10000 70 SNIPPET_RELEVANT b'159599'
ACTION DOC 10000 90 EXAMINING_DOCUMENT b'159599'
ACTION MARK 10000 93 CONSIDERED_RELEVANT b'159599'
ACTION SNIPPET 10000 96 SNIPPET_RELEVANT b'77703'
ACTION DOC 10000 116 EXAMINING_DOCUMENT b'77703'
ACTION SNIPPET 10000 119 SNIPPET_RELEVANT b'716704'
ACTION DOC 10000 139 EXAMINING_DOCUMENT b'716704'
ACTION MARK 10000 142 CONSIDERED_RELEVANT b'716704'
ACTION SNIPPET 10000 145 SNIPPET_RELEVANT b'621721'
ACTION DOC 10000 165 EXAMINING_DOCUMENT b'621721'
ACTION MARK 10000 168 CONSIDERED_RELEVANT b'621721'
ACTION SNIPPET 10000 171 SNIPPET_NOT_RELEVANT b'85242'
ACTION SNIPPET 10000 174 SNIPPET_RELEVANT b'1532697'
ACTION DOC 10000 194 EXAMINING_DOCUMENT b'1532697'
ACTION MARK 10000 197 CONSIDERED_RELEVANT b'1532697'
ACTION SNIPPET 10000 200 SNIPPET_RELEVANT b'716128'
ACTION DOC 10000 220 EXAMINING_DOCUMENT b'716128'
ACTION MARK 10000 223 CONSIDERED_RELEVANT b'716128'
ACTION SNIPPET 10000 226 SNIPPET_RELEVANT b'128684'
ACTION DOC 10000 246 EXAMINING_DOCUMENT b'128684'
ACTION QUERY 10000 256 u s investment africa africa
ACTION SERP 10000 261 EXAMINE_SERP
ACTION SNIPPET 10000 264 SEEN_PREVIOUSLY b'793940'
ACTION SNIPPET 10000 267 SEEN_PREVIOUSLY b'678215'
ACTION SNIPPET 10000 270 SEEN_PREVIOUSLY b'159599'
ACTION SNIPPET 10000 273 SNIPPET_RELEVANT b'636543'
ACTION DOC 10000 293 EXAMINING_DOCUMENT b'636543'
ACTION MARK 10000 296 CONSIDERED_RELEVANT b'636543'
ACTION SNIPPET 10000 299 SEEN_PREVIOUSLY b'621721'
ACTION SNIPPET 10000 302 SNIPPET_RELEVANT b'85242'
ACTION DOC 10000 322 EXAMINING_DOCUMENT b'85242'
ACTION SNIPPET 10000 325 SEEN_PREVIOUSLY b'716704'
ACTION SNIPPET 10000 328 SEEN_PREVIOUSLY b'716128'
ACTION SNIPPET 10000 331 SEEN_PREVIOUSLY b'77703'
ACTION SNIPPET 10000 334 SEEN_PREVIOUSLY b'1532697'
ACTION QUERY 10000 344 u s investment africa extent
ACTION SERP 10000 349 EXAMINE_SERP
ACTION SNIPPET 10000 352 SNIPPET_NOT_RELEVANT b'173703'
ACTION SNIPPET 10000 355 SNIPPET_NOT_RELEVANT b'639383'
ACTION SNIPPET 10000 358 SNIPPET_NOT_RELEVANT b'1006264'
ACTION SNIPPET 10000 361 SNIPPET_RELEVANT b'1139247'
ACTION DOC 10000 381 EXAMINING_DOCUMENT b'1139247'
ACTION MARK 10000 384 CONSIDERED_RELEVANT b'1139247'
ACTION SNIPPET 10000 387 SNIPPET_NOT_RELEVANT b'1641825'
ACTION SNIPPET 10000 390 SNIPPET_NOT_RELEVANT b'1538884'
ACTION SNIPPET 10000 393 SNIPPET_NOT_RELEVANT b'101482'
ACTION SNIPPET 10000 396 SNIPPET_NOT_RELEVANT b'539490'
ACTION SNIPPET 10000 399 SNIPPET_NOT_RELEVANT b'49770'
ACTION SNIPPET 10000 402 SNIPPET_NOT_RELEVANT b'633311'
ACTION QUERY 10000 412 u s investment africa organizations
ACTION SERP 10000 417 EXAMINE_SERP
ACTION SNIPPET 10000 420 SEEN_PREVIOUSLY b'159599'
ACTION SNIPPET 10000 423 SNIPPET_RELEVANT b'652497'
ACTION DOC 10000 443 EXAMINING_DOCUMENT b'652497'
ACTION MARK 10000 446 CONSIDERED_RELEVANT b'652497'
ACTION SNIPPET 10000 449 SEEN_PREVIOUSLY b'1532697'
ACTION SNIPPET 10000 452 SNIPPET_NOT_RELEVANT b'78540'
ACTION SNIPPET 10000 455 SNIPPET_RELEVANT b'149601'
ACTION DOC 10000 475 EXAMINING_DOCUMENT b'149601'
ACTION MARK 10000 478 CONSIDERED_RELEVANT b'149601'
ACTION SNIPPET 10000 481 SNIPPET_RELEVANT b'639383'
ACTION DOC 10000 501 EXAMINING_DOCUMENT b'639383'
ACTION SNIPPET 10000 504 SNIPPET_RELEVANT b'1004134'
ACTION DOC 10000 524 EXAMINING_DOCUMENT b'1004134'
ACTION MARK 10000 527 CONSIDERED_RELEVANT b'1004134'
ACTION SNIPPET 10000 530 SNIPPET_RELEVANT b'223334'
ACTION DOC 10000 550 EXAMINING_DOCUMENT b'223334'
ACTION MARK 10000 553 CONSIDERED_RELEVANT b'223334'
ACTION SNIPPET 10000 556 SNIPPET_RELEVANT b'47557'
ACTION DOC 10000 576 EXAMINING_DOCUMENT b'47557'
ACTION SNIPPET 10000 579 SEEN_PREVIOUSLY b'716128'
ACTION QUERY 10000 589 u s investment africa contributions
ACTION SERP 10000 594 EXAMINE_SERP
ACTION SNIPPET 10000 597 SNIPPET_NOT_RELEVANT b'1702626'
ACTION SNIPPET 10000 600 SNIPPET_RELEVANT b'744479'
ACTION DOC 10000 620 EXAMINING_DOCUMENT b'744479'
ACTION MARK 10000 623 CONSIDERED_RELEVANT b'744479'
ACTION SNIPPET 10000 626 SNIPPET_NOT_RELEVANT b'1682783'
ACTION SNIPPET 10000 629 SNIPPET_NOT_RELEVANT b'408840'
ACTION SNIPPET 10000 632 SNIPPET_NOT_RELEVANT b'1005241'
ACTION SNIPPET 10000 635 SNIPPET_RELEVANT b'661430'
ACTION DOC 10000 655 EXAMINING_DOCUMENT b'661430'
ACTION MARK 10000 658 CONSIDERED_RELEVANT b'661430'
ACTION SNIPPET 10000 661 SEEN_PREVIOUSLY b'47557'
ACTION SNIPPET 10000 664 SNIPPET_RELEVANT b'1645481'
ACTION DOC 10000 684 EXAMINING_DOCUMENT b'1645481'
ACTION SNIPPET 10000 687 SNIPPET_RELEVANT b'459667'
ACTION DOC 10000 707 EXAMINING_DOCUMENT b'459667'
ACTION MARK 10000 710 CONSIDERED_RELEVANT b'459667'
ACTION SNIPPET 10000 713 SEEN_PREVIOUSLY b'1532697'
ACTION QUERY 10000 723 u s investment africa assistance
ACTION SERP 10000 728 EXAMINE_SERP
ACTION SNIPPET 10000 731 SNIPPET_RELEVANT b'1006949'
ACTION DOC 10000 751 EXAMINING_DOCUMENT b'1006949'
ACTION MARK 10000 754 CONSIDERED_RELEVANT b'1006949'
ACTION SNIPPET 10000 757 SNIPPET_NOT_RELEVANT b'346085'
ACTION SNIPPET 10000 760 SNIPPET_RELEVANT b'141893'
ACTION DOC 10000 780 EXAMINING_DOCUMENT b'141893'
ACTION SNIPPET 10000 783 SNIPPET_NOT_RELEVANT b'202787'
ACTION SNIPPET 10000 786 SNIPPET_NOT_RELEVANT b'173703'
ACTION SNIPPET 10000 789 SEEN_PREVIOUSLY b'159599'
ACTION SNIPPET 10000 792 SNIPPET_NOT_RELEVANT b'1683689'
ACTION SNIPPET 10000 795 SNIPPET_RELEVANT b'619050'
ACTION DOC 10000 815 EXAMINING_DOCUMENT b'619050'
ACTION SNIPPET 10000 818 SNIPPET_RELEVANT b'609246'
ACTION DOC 10000 838 EXAMINING_DOCUMENT b'609246'
ACTION SNIPPET 10000 841 SNIPPET_NOT_RELEVANT b'937917'
ACTION QUERY 10000 851 u s investment africa governmental
ACTION SERP 10000 856 EXAMINE_SERP
ACTION SNIPPET 10000 859 SNIPPET_RELEVANT b'88385'
ACTION DOC 10000 879 EXAMINING_DOCUMENT b'88385'
ACTION SNIPPET 10000 882 SNIPPET_NOT_RELEVANT b'78540'
ACTION SNIPPET 10000 885 SEEN_PREVIOUSLY b'716128'
ACTION SNIPPET 10000 888 SNIPPET_RELEVANT b'310445'
ACTION DOC 10000 908 EXAMINING_DOCUMENT b'310445'
ACTION SNIPPET 10000 911 SNIPPET_NOT_RELEVANT b'473400'
ACTION SNIPPET 10000 914 SNIPPET_NOT_RELEVANT b'555171'
ACTION SNIPPET 10000 917 SNIPPET_NOT_RELEVANT b'1698386'
ACTION SNIPPET 10000 920 SNIPPET_RELEVANT b'346256'
ACTION DOC 10000 940 EXAMINING_DOCUMENT b'346256'
ACTION SNIPPET 10000 943 SNIPPET_RELEVANT b'1684816'
ACTION DOC 10000 963 EXAMINING_DOCUMENT b'1684816'
ACTION SNIPPET 10000 966 SNIPPET_NOT_RELEVANT b'118135'
ACTION QUERY 10000 976 u s investment africa reason
ACTION SERP 10000 981 EXAMINE_SERP
ACTION SNIPPET 10000 984 SEEN_PREVIOUSLY b'159599'
ACTION SNIPPET 10000 987 SNIPPET_RELEVANT b'703848'
ACTION DOC 10000 1007 EXAMINING_DOCUMENT b'703848'
ACTION MARK 10000 1010 CONSIDERED_RELEVANT b'703848'
ACTION SNIPPET 10000 1013 SEEN_PREVIOUSLY b'678215'
ACTION SNIPPET 10000 1016 SNIPPET_NOT_RELEVANT b'515509'
ACTION SNIPPET 10000 1019 SEEN_PREVIOUSLY b'149601'
ACTION SNIPPET 10000 1022 SNIPPET_RELEVANT b'715631'
ACTION DOC 10000 1042 EXAMINING_DOCUMENT b'715631'
ACTION MARK 10000 1045 CONSIDERED_RELEVANT b'715631'
ACTION SNIPPET 10000 1048 SNIPPET_RELEVANT b'745673'
ACTION DOC 10000 1068 EXAMINING_DOCUMENT b'745673'
ACTION MARK 10000 1071 CONSIDERED_RELEVANT b'745673'
ACTION SNIPPET 10000 1074 SNIPPET_RELEVANT b'606047'
ACTION DOC 10000 1094 EXAMINING_DOCUMENT b'606047'
ACTION SNIPPET 10000 1097 SNIPPET_NOT_RELEVANT b'637018'
ACTION SNIPPET 10000 1100 SNIPPET_RELEVANT b'643596'
ACTION DOC 10000 1120 EXAMINING_DOCUMENT b'643596'
ACTION MARK 10000 1123 CONSIDERED_RELEVANT b'643596'
ACTION QUERY 10000 1133 u s investment africa private
ACTION SERP 10000 1138 EXAMINE_SERP
ACTION SNIPPET 10000 1141 SEEN_PREVIOUSLY b'1006949'
ACTION SNIPPET 10000 1144 SNIPPET_NOT_RELEVANT b'937917'
ACTION SNIPPET 10000 1147 SEEN_PREVIOUSLY b'223334'
ACTION SNIPPET 10000 1150 SNIPPET_RELEVANT b'49399'
ACTION DOC 10000 1170 EXAMINING_DOCUMENT b'49399'
ACTION MARK 10000 1173 CONSIDERED_RELEVANT b'49399'
ACTION SNIPPET 10000 1176 SNIPPET_NOT_RELEVANT b'1246291'
ACTION SNIPPET 10000 1179 SNIPPET_NOT_RELEVANT b'170086'
ACTION SNIPPET 10000 1182 SNIPPET_RELEVANT b'925027'
ACTION DOC 10000 1202 EXAMINING_DOCUMENT b'925027'
ACTION MARK 10000 1205 CONSIDERED_RELEVANT b'925027'
ACTION SNIPPET 10000 1208 SNIPPET_RELEVANT b'1002634'
ACTION DOC 10000 1228 EXAMINING_DOCUMENT b'1002634'
ACTION MARK 10000 1231 CONSIDERED_RELEVANT b'1002634'
ACTION SNIPPET 10000 1234 SEEN_PREVIOUSLY b'77703'
ACTION SNIPPET 10000 1237 SNIPPET_NOT_RELEVANT b'215753'
ACTION QUERY 10000 1247 u s investment africa membership
ACTION SERP 10000 1252 EXAMINE_SERP
ACTION SNIPPET 10000 1255 SNIPPET_NOT_RELEVANT b'243329'
ACTION SNIPPET 10000 1258 SNIPPET_RELEVANT b'848783'
ACTION DOC 10000 1278 EXAMINING_DOCUMENT b'848783'
ACTION SNIPPET 10000 1281 SNIPPET_NOT_RELEVANT b'409103'
ACTION SNIPPET 10000 1284 SNIPPET_RELEVANT b'1480936'
ACTION DOC 10000 1304 EXAMINING_DOCUMENT b'1480936'
ACTION SNIPPET 10000 1307 SNIPPET_RELEVANT b'521315'
ACTION DOC 10000 1327 EXAMINING_DOCUMENT b'521315'
ACTION SNIPPET 10000 1330 SNIPPET_RELEVANT b'900668'
ACTION DOC 10000 1350 EXAMINING_DOCUMENT b'900668'
ACTION SNIPPET 10000 1353 SNIPPET_RELEVANT b'574696'
ACTION DOC 10000 1373 EXAMINING_DOCUMENT b'574696'
ACTION SNIPPET 10000 1376 SNIPPET_RELEVANT b'77339'
ACTION DOC 10000 1396 EXAMINING_DOCUMENT b'77339'
ACTION SNIPPET 10000 1399 SNIPPET_NOT_RELEVANT b'1204130'
ACTION SNIPPET 10000 1402 SNIPPET_RELEVANT b'1303593'
ACTION DOC 10000 1422 EXAMINING_DOCUMENT b'1303593'
ACTION QUERY 10000 1432 u s investment africa ltd
ACTION SERP 10000 1437 EXAMINE_SERP
ACTION SNIPPET 10000 1440 SNIPPET_NOT_RELEVANT b'179922'
ACTION SNIPPET 10000 1443 SEEN_PREVIOUSLY b'793940'
ACTION SNIPPET 10000 1446 SNIPPET_RELEVANT b'851427'
ACTION DOC 10000 1466 EXAMINING_DOCUMENT b'851427'
ACTION SNIPPET 10000 1469 SNIPPET_NOT_RELEVANT b'873812'
ACTION SNIPPET 10000 1472 SNIPPET_NOT_RELEVANT b'1128638'
ACTION SNIPPET 10000 1475 SNIPPET_RELEVANT b'168869'
ACTION DOC 10000 1495 EXAMINING_DOCUMENT b'168869'
ACTION SNIPPET 10000 1498 SNIPPET_NOT_RELEVANT b'24208'
ACTION SNIPPET 10000 1501 SNIPPET_RELEVANT b'1610350'
ACTION DOC 10000 1521 EXAMINING_DOCUMENT b'1610350'
ACTION SNIPPET 10000 1524 SNIPPET_RELEVANT b'1240520'
ACTION DOC 10000 1544 EXAMINING_DOCUMENT b'1240520'
ACTION SNIPPET 10000 1547 SNIPPET_NOT_RELEVANT b'50032'
ACTION QUERY 10000 1557 u s investment africa mandelas
ACTION SERP 10000 1562 EXAMINE_SERP
ACTION SNIPPET 10000 1565 SEEN_PREVIOUSLY b'716704'
ACTION SNIPPET 10000 1568 SNIPPET_RELEVANT b'843729'
ACTION DOC 10000 1588 EXAMINING_DOCUMENT b'843729'
ACTION MARK 10000 1591 CONSIDERED_RELEVANT b'843729'
ACTION SNIPPET 10000 1594 SEEN_PREVIOUSLY b'619050'
ACTION SNIPPET 10000 1597 SNIPPET_RELEVANT b'716174'
ACTION DOC 10000 1617 EXAMINING_DOCUMENT b'716174'
ACTION MARK 10000 1620 CONSIDERED_RELEVANT b'716174'
ACTION SNIPPET 10000 1623 SNIPPET_RELEVANT b'636519'
ACTION DOC 10000 1643 EXAMINING_DOCUMENT b'636519'
ACTION MARK 10000 1646 CONSIDERED_RELEVANT b'636519'
ACTION SNIPPET 10000 1649 SNIPPET_RELEVANT b'638168'
ACTION DOC 10000 1669 EXAMINING_DOCUMENT b'638168'
ACTION MARK 10000 1672 CONSIDERED_RELEVANT b'638168'
ACTION SNIPPET 10000 1675 SNIPPET_RELEVANT b'365980'
ACTION DOC 10000 1695 EXAMINING_DOCUMENT b'365980'
ACTION MARK 10000 1698 CONSIDERED_RELEVANT b'365980'
ACTION SNIPPET 10000 1701 SNIPPET_NOT_RELEVANT b'491057'
ACTION SNIPPET 10000 1704 SEEN_PREVIOUSLY b'716128'
ACTION SNIPPET 10000 1707 SNIPPET_RELEVANT b'716372'
ACTION DOC 10000 1727 EXAMINING_DOCUMENT b'716372'
ACTION MARK 10000 1730 CONSIDERED_RELEVANT b'716372'
ACTION QUERY 10000 1740 u s investment africa boycott
ACTION SERP 10000 1745 EXAMINE_SERP
ACTION SNIPPET 10000 1748 SEEN_PREVIOUSLY b'621721'
ACTION SNIPPET 10000 1751 SNIPPET_NOT_RELEVANT b'426218'
ACTION SNIPPET 10000 1754 SNIPPET_RELEVANT b'47252'
ACTION DOC 10000 1774 EXAMINING_DOCUMENT b'47252'
ACTION SNIPPET 10000 1777 SNIPPET_RELEVANT b'691798'
ACTION DOC 10000 1797 EXAMINING_DOCUMENT b'691798'
ACTION SNIPPET 10000 1800 SNIPPET_RELEVANT b'456891'
ACTION DOC 10000 1820 EXAMINING_DOCUMENT b'456891'
ACTION SNIPPET 10000 1823 SNIPPET_RELEVANT b'9763'
ACTION DOC 10000 1843 EXAMINING_DOCUMENT b'9763'
ACTION SNIPPET 10000 1846 SNIPPET_NOT_RELEVANT b'178068'
ACTION SNIPPET 10000 1849 SNIPPET_NOT_RELEVANT b'20750'
ACTION SNIPPET 10000 1852 SNIPPET_NOT_RELEVANT b'715271'
ACTION SNIPPET 10000 1855 SNIPPET_NOT_RELEVANT b'438822'
ACTION QUERY 10000 1865 u s investment africa madame
ACTION SERP 10000 1870 EXAMINE_SERP
ACTION SNIPPET 10000 1873 SNIPPET_RELEVANT b'1839037'
ACTION DOC 10000 1893 EXAMINING_DOCUMENT b'1839037'
ACTION SNIPPET 10000 1896 SNIPPET_NOT_RELEVANT b'64720'
ACTION SNIPPET 10000 1899 SNIPPET_RELEVANT b'600287'
ACTION DOC 10000 1919 EXAMINING_DOCUMENT b'600287'
ACTION SNIPPET 10000 1922 SNIPPET_RELEVANT b'718661'
ACTION DOC 10000 1942 EXAMINING_DOCUMENT b'718661'
ACTION SNIPPET 10000 1945 SNIPPET_NOT_RELEVANT b'1659597'
ACTION SNIPPET 10000 1948 SNIPPET_NOT_RELEVANT b'1260694'
ACTION SNIPPET 10000 1951 SNIPPET_NOT_RELEVANT b'1842002'
ACTION SNIPPET 10000 1954 SNIPPET_NOT_RELEVANT b'773233'
ACTION SNIPPET 10000 1957 SNIPPET_NOT_RELEVANT b'750567'
ACTION SNIPPET 10000 1960 SNIPPET_NOT_RELEVANT b'282136'
ACTION QUERY 10000 1970 u s investment africa system
ACTION SERP 10000 1975 EXAMINE_SERP
ACTION SNIPPET 10000 1978 SEEN_PREVIOUSLY b'716704'
ACTION SNIPPET 10000 1981 SNIPPET_RELEVANT b'334606'
ACTION DOC 10000 2001 EXAMINING_DOCUMENT b'334606'
ACTION SNIPPET 10000 2004 SNIPPET_NOT_RELEVANT b'173703'
ACTION SNIPPET 10000 2007 SNIPPET_RELEVANT b'367432'
ACTION DOC 10000 2027 EXAMINING_DOCUMENT b'367432'
ACTION SNIPPET 10000 2030 SNIPPET_NOT_RELEVANT b'265210'
ACTION SNIPPET 10000 2033 SNIPPET_RELEVANT b'692050'
ACTION DOC 10000 2053 EXAMINING_DOCUMENT b'692050'
ACTION MARK 10000 2056 CONSIDERED_RELEVANT b'692050'
ACTION SNIPPET 10000 2059 SNIPPET_NOT_RELEVANT b'676743'
ACTION SNIPPET 10000 2062 SNIPPET_NOT_RELEVANT b'1453585'
ACTION SNIPPET 10000 2065 SNIPPET_RELEVANT b'665785'
ACTION DOC 10000 2085 EXAMINING_DOCUMENT b'665785'
ACTION MARK 10000 2088 CONSIDERED_RELEVANT b'665785'
ACTION SNIPPET 10000 2091 SNIPPET_NOT_RELEVANT b'454174'
ACTION QUERY 10000 2101 u s investment africa event
ACTION SERP 10000 2106 EXAMINE_SERP
ACTION SNIPPET 10000 2109 SEEN_PREVIOUSLY b'77703'
ACTION SNIPPET 10000 2112 SNIPPET_RELEVANT b'105379'
ACTION DOC 10000 2132 EXAMINING_DOCUMENT b'105379'
ACTION SNIPPET 10000 2135 SNIPPET_RELEVANT b'81713'
ACTION DOC 10000 2155 EXAMINING_DOCUMENT b'81713'
ACTION SNIPPET 10000 2158 SNIPPET_NOT_RELEVANT b'637018'
ACTION SNIPPET 10000 2161 SEEN_PREVIOUSLY b'745673'
ACTION SNIPPET 10000 2164 SEEN_PREVIOUSLY b'1004134'
ACTION SNIPPET 10000 2167 SNIPPET_NOT_RELEVANT b'265210'
ACTION SNIPPET 10000 2170 SNIPPET_RELEVANT b'105744'
ACTION DOC 10000 2190 EXAMINING_DOCUMENT b'105744'
ACTION SNIPPET 10000 2193 SNIPPET_NOT_RELEVANT b'219995'
ACTION SNIPPET 10000 2196 SNIPPET_RELEVANT b'396326'
ACTION DOC 10000 2216 EXAMINING_DOCUMENT b'396326'
ACTION QUERY 10000 2226 u s investment africa sell
ACTION SERP 10000 2231 EXAMINE_SERP
ACTION SNIPPET 10000 2234 SNIPPET_RELEVANT b'115746'
ACTION DOC 10000 2254 EXAMINING_DOCUMENT b'115746'
ACTION MARK 10000 2257 CONSIDERED_RELEVANT b'115746'
ACTION SNIPPET 10000 2260 SNIPPET_RELEVANT b'341694'
ACTION DOC 10000 2280 EXAMINING_DOCUMENT b'341694'
ACTION SNIPPET 10000 2283 SNIPPET_NOT_RELEVANT b'301161'
ACTION SNIPPET 10000 2286 SEEN_PREVIOUSLY b'47557'
ACTION SNIPPET 10000 2289 SNIPPET_RELEVANT b'28935'
ACTION DOC 10000 2309 EXAMINING_DOCUMENT b'28935'
ACTION SNIPPET 10000 2312 SNIPPET_RELEVANT b'202787'
ACTION DOC 10000 2332 EXAMINING_DOCUMENT b'202787'
ACTION SNIPPET 10000 2335 SNIPPET_RELEVANT b'462481'
ACTION DOC 10000 2355 EXAMINING_DOCUMENT b'462481'
ACTION MARK 10000 2358 CONSIDERED_RELEVANT b'462481'
ACTION SNIPPET 10000 2361 SNIPPET_RELEVANT b'215753'
ACTION DOC 10000 2381 EXAMINING_DOCUMENT b'215753'
ACTION SNIPPET 10000 2384 SNIPPET_RELEVANT b'1333177'
ACTION DOC 10000 2404 EXAMINING_DOCUMENT b'1333177'
ACTION MARK 10000 2407 CONSIDERED_RELEVANT b'1333177'
ACTION SNIPPET 10000 2410 SNIPPET_RELEVANT b'78540'
ACTION DOC 10000 2430 EXAMINING_DOCUMENT b'78540'
ACTION QUERY 10000 2440 u s investment africa who
ACTION SERP 10000 2445 EXAMINE_SERP
ACTION SNIPPET 10000 2448 SEEN_PREVIOUSLY b'793940'
ACTION SNIPPET 10000 2451 SEEN_PREVIOUSLY b'85242'
ACTION SNIPPET 10000 2454 SEEN_PREVIOUSLY b'128684'
ACTION SNIPPET 10000 2457 SEEN_PREVIOUSLY b'115746'
ACTION SNIPPET 10000 2460 SEEN_PREVIOUSLY b'77703'
ACTION SNIPPET 10000 2463 SEEN_PREVIOUSLY b'1532697'
ACTION SNIPPET 10000 2466 SEEN_PREVIOUSLY b'678215'
ACTION SNIPPET 10000 2469 SNIPPET_NOT_RELEVANT b'326830'
ACTION SNIPPET 10000 2472 SEEN_PREVIOUSLY b'716128'
ACTION SNIPPET 10000 2475 SEEN_PREVIOUSLY b'159599'
ACTION QUERY 10000 2485 u s investment africa firms
ACTION SERP 10000 2490 EXAMINE_SERP
ACTION SNIPPET 10000 2493 SNIPPET_RELEVANT b'722958'
ACTION DOC 10000 2513 EXAMINING_DOCUMENT b'722958'
ACTION MARK 10000 2516 CONSIDERED_RELEVANT b'722958'
ACTION SNIPPET 10000 2519 SNIPPET_RELEVANT b'354088'
ACTION DOC 10000 2539 EXAMINING_DOCUMENT b'354088'
ACTION SNIPPET 10000 2542 SEEN_PREVIOUSLY b'716128'
ACTION SNIPPET 10000 2545 SEEN_PREVIOUSLY b'215753'
ACTION SNIPPET 10000 2548 SEEN_PREVIOUSLY b'159599'
ACTION SNIPPET 10000 2551 SEEN_PREVIOUSLY b'85242'
ACTION SNIPPET 10000 2554 SNIPPET_NOT_RELEVANT b'211310'
ACTION SNIPPET 10000 2557 SEEN_PREVIOUSLY b'678215'
ACTION SNIPPET 10000 2560 SEEN_PREVIOUSLY b'149601'
ACTION SNIPPET 10000 2563 SEEN_PREVIOUSLY b'716704'
ACTION QUERY 10000 2573 u s investment africa sudanese
ACTION SERP 10000 2578 EXAMINE_SERP
ACTION SNIPPET 10000 2581 SNIPPET_RELEVANT b'247832'
ACTION DOC 10000 2601 EXAMINING_DOCUMENT b'247832'
ACTION MARK 10000 2604 CONSIDERED_RELEVANT b'247832'
ACTION SNIPPET 10000 2607 SNIPPET_NOT_RELEVANT b'1839483'
ACTION SNIPPET 10000 2610 SNIPPET_NOT_RELEVANT b'233711'
ACTION SNIPPET 10000 2613 SNIPPET_NOT_RELEVANT b'1262339'
ACTION SNIPPET 10000 2616 SNIPPET_NOT_RELEVANT b'1582240'
ACTION SNIPPET 10000 2619 SNIPPET_NOT_RELEVANT b'1821312'
ACTION SNIPPET 10000 2622 SNIPPET_NOT_RELEVANT b'1850876'
ACTION SNIPPET 10000 2625 SNIPPET_RELEVANT b'1785358'
ACTION DOC 10000 2645 EXAMINING_DOCUMENT b'1785358'
ACTION SNIPPET 10000 2648 SNIPPET_RELEVANT b'979490'
ACTION DOC 10000 2668 EXAMINING_DOCUMENT b'979490'
ACTION SNIPPET 10000 2671 SNIPPET_NOT_RELEVANT b'219388'
ACTION QUERY 10000 2681 u s investment africa states
ACTION SERP 10000 2686 EXAMINE_SERP
ACTION SNIPPET 10000 2689 SEEN_PREVIOUSLY b'159599'
ACTION SNIPPET 10000 2692 SEEN_PREVIOUSLY b'621721'
ACTION SNIPPET 10000 2695 SEEN_PREVIOUSLY b'115746'
ACTION SNIPPET 10000 2698 SEEN_PREVIOUSLY b'636543'
ACTION SNIPPET 10000 2701 SEEN_PREVIOUSLY b'85242'
ACTION SNIPPET 10000 2704 SNIPPET_NOT_RELEVANT b'211310'
ACTION SNIPPET 10000 2707 SEEN_PREVIOUSLY b'716704'
ACTION SNIPPET 10000 2710 SEEN_PREVIOUSLY b'678215'
ACTION SNIPPET 10000 2713 SEEN_PREVIOUSLY b'1532697'
ACTION SNIPPET 10000 2716 SNIPPET_RELEVANT b'22087'
ACTION DOC 10000 2736 EXAMINING_DOCUMENT b'22087'
ACTION QUERY 10000 2746 u s investment africa stranded
ACTION SERP 10000 2751 EXAMINE_SERP
ACTION SNIPPET 10000 2754 SNIPPET_RELEVANT b'361846'
ACTION DOC 10000 2774 EXAMINING_DOCUMENT b'361846'
ACTION SNIPPET 10000 2777 SNIPPET_RELEVANT b'101930'
ACTION DOC 10000 2797 EXAMINING_DOCUMENT b'101930'
ACTION SNIPPET 10000 2800 SNIPPET_RELEVANT b'1827357'
ACTION DOC 10000 2820 EXAMINING_DOCUMENT b'1827357'
ACTION SNIPPET 10000 2823 SNIPPET_NOT_RELEVANT b'287472'
ACTION SNIPPET 10000 2826 SNIPPET_RELEVANT b'1424160'
ACTION DOC 10000 2846 EXAMINING_DOCUMENT b'1424160'
ACTION SNIPPET 10000 2849 SNIPPET_RELEVANT b'1494186'
ACTION DOC 10000 2869 EXAMINING_DOCUMENT b'1494186'
ACTION SNIPPET 10000 2872 SNIPPET_RELEVANT b'733680'
ACTION DOC 10000 2892 EXAMINING_DOCUMENT b'733680'
ACTION SNIPPET 10000 2895 SNIPPET_NOT_RELEVANT b'1524295'
ACTION SNIPPET 10000 2898 SNIPPET_NOT_RELEVANT b'916221'
ACTION SNIPPET 10000 2901 SNIPPET_RELEVANT b'1401038'
ACTION DOC 10000 2921 EXAMINING_DOCUMENT b'1401038'
ACTION QUERY 10000 2931 u s investment africa american
ACTION SERP 10000 2936 EXAMINE_SERP
ACTION SNIPPET 10000 2939 SEEN_PREVIOUSLY b'159599'
ACTION SNIPPET 10000 2942 SEEN_PREVIOUSLY b'716704'
ACTION SNIPPET 10000 2945 SNIPPET_NOT_RELEVANT b'170086'
ACTION SNIPPET 10000 2948 SEEN_PREVIOUSLY b'85242'
ACTION SNIPPET 10000 2951 SEEN_PREVIOUSLY b'1006949'
ACTION SNIPPET 10000 2954 SEEN_PREVIOUSLY b'636543'
ACTION SNIPPET 10000 2957 SEEN_PREVIOUSLY b'643596'
ACTION SNIPPET 10000 2960 SEEN_PREVIOUSLY b'462481'
ACTION SNIPPET 10000 2963 SEEN_PREVIOUSLY b'47557'
ACTION SNIPPET 10000 2966 SNIPPET_RELEVANT b'937917'
ACTION DOC 10000 2986 EXAMINING_DOCUMENT b'937917'
ACTION MARK 10000 2989 CONSIDERED_RELEVANT b'937917'
ACTION QUERY 10000 2999 u s investment africa rising
ACTION SERP 10000 3004 EXAMINE_SERP
ACTION SNIPPET 10000 3007 SEEN_PREVIOUSLY b'715631'
ACTION SNIPPET 10000 3010 SNIPPET_NOT_RELEVANT b'327974'
ACTION SNIPPET 10000 3013 SNIPPET_RELEVANT b'346085'
ACTION DOC 10000 3033 EXAMINING_DOCUMENT b'346085'
ACTION SNIPPET 10000 3036 SNIPPET_RELEVANT b'1702626'
ACTION DOC 10000 3056 EXAMINING_DOCUMENT b'1702626'
ACTION MARK 10000 3059 CONSIDERED_RELEVANT b'1702626'
ACTION SNIPPET 10000 3062 SEEN_PREVIOUSLY b'937917'
ACTION SNIPPET 10000 3065 SNIPPET_NOT_RELEVANT b'873812'
ACTION SNIPPET 10000 3068 SEEN_PREVIOUSLY b'636519'
ACTION SNIPPET 10000 3071 SNIPPET_NOT_RELEVANT b'1105694'
ACTION SNIPPET 10000 3074 SEEN_PREVIOUSLY b'678215'
ACTION SNIPPET 10000 3077 SNIPPET_RELEVANT b'625922'
ACTION DOC 10000 3097 EXAMINING_DOCUMENT b'625922'
ACTION QUERY 10000 3107 u s investment africa products
ACTION SERP 10000 3112 EXAMINE_SERP
ACTION SNIPPET 10000 3115 SEEN_PREVIOUSLY b'85242'
ACTION SNIPPET 10000 3118 SNIPPET_RELEVANT b'5056'
ACTION DOC 10000 3138 EXAMINING_DOCUMENT b'5056'
ACTION SNIPPET 10000 3141 SEEN_PREVIOUSLY b'5056'
ACTION SNIPPET 10000 3144 SEEN_PREVIOUSLY b'716704'
ACTION SNIPPET 10000 3147 SNIPPET_NOT_RELEVANT b'637425'
ACTION SNIPPET 10000 3150 SNIPPET_NOT_RELEVANT b'1271031'
ACTION SNIPPET 10000 3153 SNIPPET_NOT_RELEVANT b'170086'
ACTION SNIPPET 10000 3156 SEEN_PREVIOUSLY b'937917'
ACTION SNIPPET 10000 3159 SNIPPET_NOT_RELEVANT b'75119'
ACTION SNIPPET 10000 3162 SNIPPET_RELEVANT b'151707'
ACTION DOC 10000 3182 EXAMINING_DOCUMENT b'151707'
ACTION MARK 10000 3185 CONSIDERED_RELEVANT b'151707'
ACTION QUERY 10000 3195 u s investment africa democrat
ACTION SERP 10000 3200 EXAMINE_SERP
ACTION SNIPPET 10000 3203 SNIPPET_NOT_RELEVANT b'170086'
ACTION SNIPPET 10000 3206 SEEN_PREVIOUSLY b'621721'
ACTION SNIPPET 10000 3209 SEEN_PREVIOUSLY b'151707'
ACTION SNIPPET 10000 3212 SNIPPET_NOT_RELEVANT b'458704'
ACTION SNIPPET 10000 3215 SEEN_PREVIOUSLY b'937917'
ACTION SNIPPET 10000 3218 SEEN_PREVIOUSLY b'639383'
ACTION SNIPPET 10000 3221 SEEN_PREVIOUSLY b'636543'
ACTION SNIPPET 10000 3224 SEEN_PREVIOUSLY b'141893'
ACTION SNIPPET 10000 3227 SEEN_PREVIOUSLY b'1004134'
ACTION SNIPPET 10000 3230 SEEN_PREVIOUSLY b'1002634'
ACTION QUERY 10000 3240 u s investment africa end
ACTION SERP 10000 3245 EXAMINE_SERP
ACTION SNIPPET 10000 3248 SNIPPET_NOT_RELEVANT b'909406'
ACTION SNIPPET 10000 3251 SEEN_PREVIOUSLY b'678215'
ACTION SNIPPET 10000 3254 SNIPPET_RELEVANT b'326830'
ACTION DOC 10000 3274 EXAMINING_DOCUMENT b'326830'
ACTION SNIPPET 10000 3277 SEEN_PREVIOUSLY b'621721'
ACTION SNIPPET 10000 3280 SNIPPET_NOT_RELEVANT b'301161'
ACTION SNIPPET 10000 3283 SEEN_PREVIOUSLY b'334606'
ACTION SNIPPET 10000 3286 SEEN_PREVIOUSLY b'47252'
ACTION SNIPPET 10000 3289 SEEN_PREVIOUSLY b'85242'
ACTION SNIPPET 10000 3292 SEEN_PREVIOUSLY b'5056'
ACTION SNIPPET 10000 3295 SEEN_PREVIOUSLY b'5056'
ACTION QUERY 10000 3305 u s investment africa gaining
ACTION SERP 10000 3310 EXAMINE_SERP
ACTION SNIPPET 10000 3313 SNIPPET_NOT_RELEVANT b'170086'
ACTION SNIPPET 10000 3316 SNIPPET_RELEVANT b'619819'
ACTION DOC 10000 3336 EXAMINING_DOCUMENT b'619819'
ACTION MARK 10000 3339 CONSIDERED_RELEVANT b'619819'
ACTION SNIPPET 10000 3342 SNIPPET_RELEVANT b'1271030'
ACTION DOC 10000 3362 EXAMINING_DOCUMENT b'1271030'
ACTION SNIPPET 10000 3365 SNIPPET_NOT_RELEVANT b'118674'
ACTION SNIPPET 10000 3368 SEEN_PREVIOUSLY b'223334'
ACTION SNIPPET 10000 3371 SNIPPET_RELEVANT b'1105694'
ACTION DOC 10000 3391 EXAMINING_DOCUMENT b'1105694'
ACTION SNIPPET 10000 3394 SNIPPET_NOT_RELEVANT b'84729'
ACTION SNIPPET 10000 3397 SNIPPET_RELEVANT b'1188305'
ACTION DOC 10000 3417 EXAMINING_DOCUMENT b'1188305'
ACTION MARK 10000 3420 CONSIDERED_RELEVANT b'1188305'
ACTION SNIPPET 10000 3423 SEEN_PREVIOUSLY b'678215'
ACTION SNIPPET 10000 3426 SNIPPET_NOT_RELEVANT b'1128638'
ACTION QUERY 10000 3436 u s investment africa initiative
ACTION SERP 10000 3441 EXAMINE_SERP
ACTION SNIPPET 10000 3444 SNIPPET_RELEVANT b'1461259'
ACTION DOC 10000 3464 EXAMINING_DOCUMENT b'1461259'
ACTION MARK 10000 3467 CONSIDERED_RELEVANT b'1461259'
ACTION SNIPPET 10000 3470 SEEN_PREVIOUSLY b'346085'
ACTION SNIPPET 10000 3473 SEEN_PREVIOUSLY b'937917'
ACTION SNIPPET 10000 3476 SEEN_PREVIOUSLY b'925027'
ACTION SNIPPET 10000 3479 SEEN_PREVIOUSLY b'716704'
ACTION SNIPPET 10000 3482 SNIPPET_NOT_RELEVANT b'1660280'
ACTION SNIPPET 10000 3485 SEEN_PREVIOUSLY b'334606'
ACTION SNIPPET 10000 3488 SEEN_PREVIOUSLY b'1532697'
ACTION SNIPPET 10000 3491 SNIPPET_NOT_RELEVANT b'1376357'
ACTION SNIPPET 10000 3494 SNIPPET_NOT_RELEVANT b'837323'
ACTION QUERY 10000 3504 u s investment africa striped
ACTION SERP 10000 3509 EXAMINE_SERP
ACTION SNIPPET 10000 3512 SNIPPET_NOT_RELEVANT b'1748889'
ACTION SNIPPET 10000 3515 SNIPPET_NOT_RELEVANT b'291242'
ACTION SNIPPET 10000 3518 SNIPPET_RELEVANT b'1006963'
ACTION DOC 10000 3538 EXAMINING_DOCUMENT b'1006963'
ACTION MARK 10000 3541 CONSIDERED_RELEVANT b'1006963'
ACTION SNIPPET 10000 3544 SNIPPET_RELEVANT b'35214'
ACTION DOC 10000 3564 EXAMINING_DOCUMENT b'35214'
ACTION SNIPPET 10000 3567 SNIPPET_NOT_RELEVANT b'1725337'
ACTION SNIPPET 10000 3570 SNIPPET_NOT_RELEVANT b'742075'
ACTION SNIPPET 10000 3573 SNIPPET_NOT_RELEVANT b'958002'
ACTION SNIPPET 10000 3576 SEEN_PREVIOUSLY b'793940'
ACTION SNIPPET 10000 3579 SNIPPET_RELEVANT b'94381'
ACTION DOC 10000 3599 EXAMINING_DOCUMENT b'94381'
ACTION SNIPPET 10000 3602 SNIPPET_NOT_RELEVANT b'1374691'
ACTION QUERY 10000 3612 u s investment africa planning
ACTION SERP 10000 3617 EXAMINE_SERP
ACTION SNIPPET 10000 3620 SEEN_PREVIOUSLY b'128684'
ACTION SNIPPET 10000 3623 SEEN_PREVIOUSLY b'49399'
ACTION SNIPPET 10000 3626 SEEN_PREVIOUSLY b'5056'
ACTION SNIPPET 10000 3629 SEEN_PREVIOUSLY b'5056'
ACTION SNIPPET 10000 3632 SEEN_PREVIOUSLY b'1105694'
ACTION SNIPPET 10000 3635 SEEN_PREVIOUSLY b'621721'
ACTION SNIPPET 10000 3638 SEEN_PREVIOUSLY b'462481'
ACTION SNIPPET 10000 3641 SEEN_PREVIOUSLY b'47557'
ACTION SNIPPET 10000 3644 SEEN_PREVIOUSLY b'678215'
ACTION SNIPPET 10000 3647 SNIPPET_NOT_RELEVANT b'226826'
ACTION QUERY 10000 3657 u s investment africa clinton
ACTION SERP 10000 3662 EXAMINE_SERP
ACTION SNIPPET 10000 3665 SEEN_PREVIOUSLY b'937917'
ACTION SNIPPET 10000 3668 SEEN_PREVIOUSLY b'1006949'
ACTION SNIPPET 10000 3671 SEEN_PREVIOUSLY b'716174'
ACTION SNIPPET 10000 3674 SEEN_PREVIOUSLY b'1004134'
ACTION SNIPPET 10000 3677 SNIPPET_RELEVANT b'1004974'
ACTION DOC 10000 3697 EXAMINING_DOCUMENT b'1004974'
ACTION MARK 10000 3700 CONSIDERED_RELEVANT b'1004974'
ACTION SNIPPET 10000 3703 SEEN_PREVIOUSLY b'1002634'
ACTION SNIPPET 10000 3706 SEEN_PREVIOUSLY b'1006963'
ACTION SNIPPET 10000 3709 SEEN_PREVIOUSLY b'619050'
ACTION SNIPPET 10000 3712 SEEN_PREVIOUSLY b'716372'
ACTION SNIPPET 10000 3715 SEEN_PREVIOUSLY b'636543'
ACTION QUERY 10000 3725 u s investment africa cash
ACTION SERP 10000 3730 EXAMINE_SERP
ACTION SNIPPET 10000 3733 SNIPPET_RELEVANT b'1544908'
ACTION DOC 10000 3753 EXAMINING_DOCUMENT b'1544908'
ACTION SNIPPET 10000 3756 SNIPPET_NOT_RELEVANT b'618561'
ACTION SNIPPET 10000 3759 SEEN_PREVIOUSLY b'215753'
ACTION SNIPPET 10000 3762 SNIPPET_RELEVANT b'1685264'
ACTION DOC 10000 3782 EXAMINING_DOCUMENT b'1685264'
ACTION MARK 10000 3785 CONSIDERED_RELEVANT b'1685264'
ACTION SNIPPET 10000 3788 SNIPPET_NOT_RELEVANT b'1399149'
ACTION SNIPPET 10000 3791 SNIPPET_NOT_RELEVANT b'1123810'
ACTION SNIPPET 10000 3794 SNIPPET_RELEVANT b'660988'
ACTION DOC 10000 3814 EXAMINING_DOCUMENT b'660988'
ACTION MARK 10000 3817 CONSIDERED_RELEVANT b'660988'
ACTION SNIPPET 10000 3820 SNIPPET_RELEVANT b'1352183'
ACTION DOC 10000 3840 EXAMINING_DOCUMENT b'1352183'
ACTION MARK 10000 3843 CONSIDERED_RELEVANT b'1352183'
ACTION SNIPPET 10000 3846 SNIPPET_RELEVANT b'636547'
ACTION DOC 10000 3866 EXAMINING_DOCUMENT b'636547'
ACTION MARK 10000 3869 CONSIDERED_RELEVANT b'636547'
ACTION SNIPPET 10000 3872 SNIPPET_NOT_RELEVANT b'631123'
ACTION QUERY 10000 3882 u s investment africa lufkin
ACTION SERP 10000 3887 EXAMINE_SERP
ACTION SNIPPET 10000 3890 SEEN_PREVIOUSLY b'793940'
ACTION SNIPPET 10000 3893 SNIPPET_NOT_RELEVANT b'717433'
ACTION SNIPPET 10000 3896 SNIPPET_NOT_RELEVANT b'781037'
ACTION SNIPPET 10000 3899 SNIPPET_NOT_RELEVANT b'459078'
ACTION SNIPPET 10000 3902 SNIPPET_NOT_RELEVANT b'1028292'
ACTION SNIPPET 10000 3905 SNIPPET_NOT_RELEVANT b'253648'
ACTION SNIPPET 10000 3908 SNIPPET_NOT_RELEVANT b'200796'
ACTION SNIPPET 10000 3911 SNIPPET_NOT_RELEVANT b'1093291'
ACTION SNIPPET 10000 3914 SNIPPET_RELEVANT b'905035'
ACTION DOC 10000 3934 EXAMINING_DOCUMENT b'905035'
ACTION SNIPPET 10000 3937 SNIPPET_NOT_RELEVANT b'741959'
ACTION QUERY 10000 3947 u s investment africa type
ACTION SERP 10000 3952 EXAMINE_SERP
ACTION SNIPPET 10000 3955 SEEN_PREVIOUSLY b'609246'
ACTION SNIPPET 10000 3958 SEEN_PREVIOUSLY b'149601'
ACTION SNIPPET 10000 3961 SEEN_PREVIOUSLY b'105744'
ACTION SNIPPET 10000 3964 SEEN_PREVIOUSLY b'625922'
ACTION SNIPPET 10000 3967 SNIPPET_RELEVANT b'1604516'
ACTION DOC 10000 3987 EXAMINING_DOCUMENT b'1604516'
ACTION SNIPPET 10000 3990 SNIPPET_NOT_RELEVANT b'610440'
ACTION SNIPPET 10000 3993 SEEN_PREVIOUSLY b'793940'
ACTION SNIPPET 10000 3996 SNIPPET_RELEVANT b'1789628'
ACTION DOC 10000 4016 EXAMINING_DOCUMENT b'1789628'
ACTION SNIPPET 10000 4019 SEEN_PREVIOUSLY b'678215'
ACTION SNIPPET 10000 4022 SEEN_PREVIOUSLY b'159599'
ACTION QUERY 10000 4032 u s investment africa honeywell
ACTION SERP 10000 4037 EXAMINE_SERP
ACTION SNIPPET 10000 4040 SEEN_PREVIOUSLY b'665785'
ACTION SNIPPET 10000 4043 SNIPPET_NOT_RELEVANT b'378400'
ACTION SNIPPET 10000 4046 SNIPPET_NOT_RELEVANT b'507088'
ACTION SNIPPET 10000 4049 SNIPPET_RELEVANT b'1113623'
ACTION DOC 10000 4069 EXAMINING_DOCUMENT b'1113623'
ACTION SNIPPET 10000 4072 SNIPPET_RELEVANT b'437897'
ACTION DOC 10000 4092 EXAMINING_DOCUMENT b'437897'
ACTION SNIPPET 10000 4095 SNIPPET_NOT_RELEVANT b'323607'
ACTION SNIPPET 10000 4098 SNIPPET_NOT_RELEVANT b'76022'
ACTION SNIPPET 10000 4101 SNIPPET_NOT_RELEVANT b'1241438'
ACTION SNIPPET 10000 4104 SNIPPET_NOT_RELEVANT b'863320'
ACTION SNIPPET 10000 4107 SNIPPET_NOT_RELEVANT b'328084'
ACTION QUERY 10000 4117 u s investment africa university
ACTION SERP 10000 4122 EXAMINE_SERP
ACTION SNIPPET 10000 4125 SEEN_PREVIOUSLY b'77703'
ACTION SNIPPET 10000 4128 SEEN_PREVIOUSLY b'128684'
ACTION SNIPPET 10000 4131 SEEN_PREVIOUSLY b'115746'
ACTION SNIPPET 10000 4134 SNIPPET_NOT_RELEVANT b'226826'
ACTION SNIPPET 10000 4137 SEEN_PREVIOUSLY b'22087'
ACTION SNIPPET 10000 4140 SNIPPET_NOT_RELEVANT b'496300'
ACTION SNIPPET 10000 4143 SEEN_PREVIOUSLY b'341694'
ACTION SNIPPET 10000 4146 SEEN_PREVIOUSLY b'652497'
ACTION SNIPPET 10000 4149 SEEN_PREVIOUSLY b'81713'
ACTION SNIPPET 10000 4152 SEEN_PREVIOUSLY b'1702626'
ACTION QUERY 10000 4162 u s investment africa trip
ACTION SERP 10000 4167 EXAMINE_SERP
ACTION SNIPPET 10000 4170 SEEN_PREVIOUSLY b'1006949'
ACTION SNIPPET 10000 4173 SEEN_PREVIOUSLY b'1004974'
ACTION SNIPPET 10000 4176 SNIPPET_NOT_RELEVANT b'618561'
ACTION SNIPPET 10000 4179 SNIPPET_NOT_RELEVANT b'527996'
ACTION SNIPPET 10000 4182 SNIPPET_NOT_RELEVANT b'1500429'
ACTION SNIPPET 10000 4185 SNIPPET_RELEVANT b'1005241'
ACTION DOC 10000 4205 EXAMINING_DOCUMENT b'1005241'
ACTION MARK 10000 4208 CONSIDERED_RELEVANT b'1005241'
ACTION SNIPPET 10000 4211 SEEN_PREVIOUSLY b'1006963'
ACTION SNIPPET 10000 4214 SNIPPET_NOT_RELEVANT b'345358'
ACTION SNIPPET 10000 4217 SEEN_PREVIOUSLY b'716128'
ACTION SNIPPET 10000 4220 SEEN_PREVIOUSLY b'678215'
ACTION QUERY 10000 4230 u s investment africa multilateral
ACTION SERP 10000 4235 EXAMINE_SERP
ACTION SNIPPET 10000 4238 SEEN_PREVIOUSLY b'744479'
ACTION SNIPPET 10000 4241 SNIPPET_NOT_RELEVANT b'1827365'
ACTION SNIPPET 10000 4244 SNIPPET_RELEVANT b'659755'
ACTION DOC 10000 4264 EXAMINING_DOCUMENT b'659755'
ACTION MARK 10000 4267 CONSIDERED_RELEVANT b'659755'
ACTION SNIPPET 10000 4270 SNIPPET_RELEVANT b'845690'
ACTION DOC 10000 4290 EXAMINING_DOCUMENT b'845690'
ACTION SNIPPET 10000 4293 SNIPPET_NOT_RELEVANT b'1043154'
ACTION SNIPPET 10000 4296 SNIPPET_RELEVANT b'315676'
ACTION DOC 10000 4316 EXAMINING_DOCUMENT b'315676'
ACTION MARK 10000 4319 CONSIDERED_RELEVANT b'315676'
ACTION SNIPPET 10000 4322 SNIPPET_RELEVANT b'799603'
ACTION DOC 10000 4342 EXAMINING_DOCUMENT b'799603'
ACTION SNIPPET 10000 4345 SNIPPET_NOT_RELEVANT b'799764'
ACTION SNIPPET 10000 4348 SNIPPET_RELEVANT b'233711'
ACTION DOC 10000 4368 EXAMINING_DOCUMENT b'233711'
ACTION SNIPPET 10000 4371 SNIPPET_NOT_RELEVANT b'250116'
ACTION QUERY 10000 4381 u s investment africa humanitarian
ACTION SERP 10000 4386 EXAMINE_SERP
ACTION SNIPPET 10000 4389 SEEN_PREVIOUSLY b'1645481'
ACTION SNIPPET 10000 4392 SEEN_PREVIOUSLY b'1461259'
ACTION SNIPPET 10000 4395 SEEN_PREVIOUSLY b'159599'
ACTION SNIPPET 10000 4398 SNIPPET_RELEVANT b'1126760'
ACTION DOC 10000 4418 EXAMINING_DOCUMENT b'1126760'
ACTION SNIPPET 10000 4421 SNIPPET_NOT_RELEVANT b'1726257'
ACTION SNIPPET 10000 4424 SNIPPET_NOT_RELEVANT b'1568619'
ACTION SNIPPET 10000 4427 SNIPPET_NOT_RELEVANT b'1504597'
ACTION SNIPPET 10000 4430 SNIPPET_NOT_RELEVANT b'889728'
ACTION SNIPPET 10000 4433 SNIPPET_NOT_RELEVANT b'891020'
ACTION SNIPPET 10000 4436 SNIPPET_RELEVANT b'1503112'
ACTION DOC 10000 4456 EXAMINING_DOCUMENT b'1503112'
ACTION QUERY 10000 4466 u s investment africa went
ACTION SERP 10000 4471 EXAMINE_SERP
ACTION SNIPPET 10000 4474 SEEN_PREVIOUSLY b'1333177'
ACTION SNIPPET 10000 4477 SNIPPET_RELEVANT b'1128638'
ACTION DOC 10000 4497 EXAMINING_DOCUMENT b'1128638'
ACTION SNIPPET 10000 4500 SNIPPET_RELEVANT b'1246291'
ACTION DOC 10000 4520 EXAMINING_DOCUMENT b'1246291'
ACTION SNIPPET 10000 4523 SEEN_PREVIOUSLY b'665785'
ACTION SNIPPET 10000 4526 SEEN_PREVIOUSLY b'1645481'
ACTION SNIPPET 10000 4529 SEEN_PREVIOUSLY b'1105694'
ACTION SNIPPET 10000 4532 SEEN_PREVIOUSLY b'639383'
ACTION SNIPPET 10000 4535 SEEN_PREVIOUSLY b'1004974'
ACTION SNIPPET 10000 4538 SNIPPET_NOT_RELEVANT b'323607'
ACTION SNIPPET 10000 4541 SNIPPET_NOT_RELEVANT b'7738'
ACTION QUERY 10000 4551 u s investment africa starve
ACTION SERP 10000 4556 EXAMINE_SERP
ACTION SNIPPET 10000 4559 SNIPPET_RELEVANT b'635076'
ACTION DOC 10000 4579 EXAMINING_DOCUMENT b'635076'
ACTION SNIPPET 10000 4582 SNIPPET_RELEVANT b'1852154'
ACTION DOC 10000 4602 EXAMINING_DOCUMENT b'1852154'
ACTION SNIPPET 10000 4605 SEEN_PREVIOUSLY b'745673'
ACTION SNIPPET 10000 4608 SEEN_PREVIOUSLY b'636547'
ACTION SNIPPET 10000 4611 SNIPPET_NOT_RELEVANT b'554233'
ACTION SNIPPET 10000 4614 SNIPPET_RELEVANT b'1639835'
ACTION DOC 10000 4634 EXAMINING_DOCUMENT b'1639835'
ACTION SNIPPET 10000 4637 SEEN_PREVIOUSLY b'659755'
ACTION SNIPPET 10000 4640 SNIPPET_RELEVANT b'1294490'
ACTION DOC 10000 4660 EXAMINING_DOCUMENT b'1294490'
ACTION SNIPPET 10000 4663 SNIPPET_RELEVANT b'1580358'
ACTION DOC 10000 4683 EXAMINING_DOCUMENT b'1580358'
ACTION SNIPPET 10000 4686 SNIPPET_RELEVANT b'1491388'
ACTION DOC 10000 4706 EXAMINING_DOCUMENT b'1491388'
ACTION QUERY 10000 4716 u s investment africa global
ACTION SERP 10000 4721 EXAMINE_SERP
ACTION SNIPPET 10000 4724 SEEN_PREVIOUSLY b'1702626'
ACTION SNIPPET 10000 4727 SNIPPET_RELEVANT b'1377518'
ACTION DOC 10000 4747 EXAMINING_DOCUMENT b'1377518'
ACTION SNIPPET 10000 4750 SNIPPET_RELEVANT b'1271031'
ACTION DOC 10000 4770 EXAMINING_DOCUMENT b'1271031'
ACTION SNIPPET 10000 4773 SNIPPET_NOT_RELEVANT b'1287947'
ACTION SNIPPET 10000 4776 SEEN_PREVIOUSLY b'1006949'
ACTION SNIPPET 10000 4779 SNIPPET_NOT_RELEVANT b'1288469'
ACTION SNIPPET 10000 4782 SNIPPET_RELEVANT b'1782106'
ACTION DOC 10000 4802 EXAMINING_DOCUMENT b'1782106'
ACTION SNIPPET 10000 4805 SNIPPET_RELEVANT b'1808600'
ACTION DOC 10000 4825 EXAMINING_DOCUMENT b'1808600'
ACTION SNIPPET 10000 4828 SEEN_PREVIOUSLY b'1271030'
ACTION SNIPPET 10000 4831 SEEN_PREVIOUSLY b'745673'
ACTION QUERY 10000 4841 u s investment africa creation
ACTION SERP 10000 4846 EXAMINE_SERP
ACTION SNIPPET 10000 4849 SEEN_PREVIOUSLY b'365980'
ACTION SNIPPET 10000 4852 SEEN_PREVIOUSLY b'619050'
ACTION SNIPPET 10000 4855 SNIPPET_NOT_RELEVANT b'1112303'
ACTION SNIPPET 10000 4858 SEEN_PREVIOUSLY b'1246291'
ACTION SNIPPET 10000 4861 SNIPPET_RELEVANT b'458704'
ACTION DOC 10000 4881 EXAMINING_DOCUMENT b'458704'
ACTION MARK 10000 4884 CONSIDERED_RELEVANT b'458704'
ACTION SNIPPET 10000 4887 SEEN_PREVIOUSLY b'1002634'
ACTION SNIPPET 10000 4890 SNIPPET_RELEVANT b'515509'
ACTION DOC 10000 4910 EXAMINING_DOCUMENT b'515509'
ACTION SNIPPET 10000 4913 SNIPPET_NOT_RELEVANT b'245003'
ACTION SNIPPET 10000 4916 SNIPPET_NOT_RELEVANT b'258492'
ACTION SNIPPET 10000 4919 SNIPPET_NOT_RELEVANT b'702293'
ACTION QUERY 10000 4929 u s investment africa receives
ACTION SERP 10000 4934 EXAMINE_SERP
ACTION SNIPPET 10000 4937 SEEN_PREVIOUSLY b'22087'
ACTION SNIPPET 10000 4940 SEEN_PREVIOUSLY b'1532697'
ACTION SNIPPET 10000 4943 SEEN_PREVIOUSLY b'937917'
ACTION SNIPPET 10000 4946 SNIPPET_NOT_RELEVANT b'75119'
ACTION SNIPPET 10000 4949 SNIPPET_RELEVANT b'103726'
ACTION DOC 10000 4969 EXAMINING_DOCUMENT b'103726'
ACTION MARK 10000 4972 CONSIDERED_RELEVANT b'103726'
ACTION SNIPPET 10000 4975 SEEN_PREVIOUSLY b'716128'
ACTION SNIPPET 10000 4978 SNIPPET_RELEVANT b'1144508'
ACTION DOC 10000 4998 EXAMINING_DOCUMENT b'1144508'
ACTION SNIPPET 10000 5001 SEEN_PREVIOUSLY b'636519'
ACTION SNIPPET 10000 5004 SEEN_PREVIOUSLY b'462481'
ACTION SNIPPET 10000 5007 SEEN_PREVIOUSLY b'81713'
ACTION QUERY 10000 5017 u s investment africa decisions
ACTION SERP 10000 5022 EXAMINE_SERP
ACTION SNIPPET 10000 5025 SEEN_PREVIOUSLY b'77703'
ACTION SNIPPET 10000 5028 SEEN_PREVIOUSLY b'115746'
ACTION SNIPPET 10000 5031 SEEN_PREVIOUSLY b'81713'
ACTION SNIPPET 10000 5034 SNIPPET_NOT_RELEVANT b'496300'
ACTION SNIPPET 10000 5037 SNIPPET_RELEVANT b'75119'
ACTION DOC 10000 5057 EXAMINING_DOCUMENT b'75119'
ACTION SNIPPET 10000 5060 SEEN_PREVIOUSLY b'47557'
ACTION SNIPPET 10000 5063 SNIPPET_NOT_RELEVANT b'49676'
ACTION SNIPPET 10000 5066 SEEN_PREVIOUSLY b'462481'
ACTION SNIPPET 10000 5069 SNIPPET_RELEVANT b'245160'
ACTION DOC 10000 5089 EXAMINING_DOCUMENT b'245160'
ACTION SNIPPET 10000 5092 SEEN_PREVIOUSLY b'1271030'
ACTION QUERY 10000 5102 u s investment africa want
ACTION SERP 10000 5107 EXAMINE_SERP
ACTION SNIPPET 10000 5110 SEEN_PREVIOUSLY b'77703'
ACTION SNIPPET 10000 5113 SEEN_PREVIOUSLY b'716128'
ACTION SNIPPET 10000 5116 SEEN_PREVIOUSLY b'716704'
ACTION SNIPPET 10000 5119 SEEN_PREVIOUSLY b'149601'
ACTION SNIPPET 10000 5122 SEEN_PREVIOUSLY b'937917'
ACTION SNIPPET 10000 5125 SEEN_PREVIOUSLY b'619819'
ACTION SNIPPET 10000 5128 SNIPPET_RELEVANT b'637425'
ACTION DOC 10000 5148 EXAMINING_DOCUMENT b'637425'
ACTION MARK 10000 5151 CONSIDERED_RELEVANT b'637425'
ACTION SNIPPET 10000 5154 SEEN_PREVIOUSLY b'678215'
ACTION SNIPPET 10000 5157 SEEN_PREVIOUSLY b'47557'
ACTION SNIPPET 10000 5160 SEEN_PREVIOUSLY b'75119'
ACTION QUERY 10000 5170 u s investment africa donaldson
ACTION SERP 10000 5175 EXAMINE_SERP
ACTION SNIPPET 10000 5178 SEEN_PREVIOUSLY b'793940'
ACTION SNIPPET 10000 5181 SNIPPET_NOT_RELEVANT b'717433'
ACTION SNIPPET 10000 5184 SNIPPET_RELEVANT b'1226403'
ACTION DOC 10000 5204 EXAMINING_DOCUMENT b'1226403'
ACTION SNIPPET 10000 5207 SNIPPET_NOT_RELEVANT b'1824898'
ACTION SNIPPET 10000 5210 SNIPPET_RELEVANT b'372048'
ACTION DOC 10000 5230 EXAMINING_DOCUMENT b'372048'
ACTION SNIPPET 10000 5233 SNIPPET_NOT_RELEVANT b'459078'
ACTION SNIPPET 10000 5236 SNIPPET_NOT_RELEVANT b'781037'
ACTION SNIPPET 10000 5239 SNIPPET_NOT_RELEVANT b'893587'
ACTION SNIPPET 10000 5242 SNIPPET_NOT_RELEVANT b'1237177'
ACTION SNIPPET 10000 5245 SNIPPET_NOT_RELEVANT b'791097'
ACTION QUERY 10000 5255 u s investment africa adventures
ACTION SERP 10000 5260 EXAMINE_SERP
ACTION SNIPPET 10000 5263 SEEN_PREVIOUSLY b'678215'
ACTION SNIPPET 10000 5266 SNIPPET_RELEVANT b'1504121'
ACTION DOC 10000 5286 EXAMINING_DOCUMENT b'1504121'
ACTION SNIPPET 10000 5289 SNIPPET_NOT_RELEVANT b'1812359'
ACTION SNIPPET 10000 5292 SNIPPET_RELEVANT b'737046'
ACTION DOC 10000 5312 EXAMINING_DOCUMENT b'737046'
ACTION SNIPPET 10000 5315 SNIPPET_NOT_RELEVANT b'947769'
ACTION SNIPPET 10000 5318 SNIPPET_NOT_RELEVANT b'816106'
ACTION SNIPPET 10000 5321 SEEN_PREVIOUSLY b'692050'
ACTION SNIPPET 10000 5324 SNIPPET_RELEVANT b'505561'
ACTION DOC 10000 5344 EXAMINING_DOCUMENT b'505561'
ACTION SNIPPET 10000 5347 SNIPPET_RELEVANT b'1632088'
ACTION DOC 10000 5367 EXAMINING_DOCUMENT b'1632088'
ACTION SNIPPET 10000 5370 SNIPPET_RELEVANT b'1196894'
ACTION DOC 10000 5390 EXAMINING_DOCUMENT b'1196894'
ACTION QUERY 10000 5400 u s investment africa fund
ACTION SERP 10000 5405 EXAMINE_SERP
ACTION SNIPPET 10000 5408 SEEN_PREVIOUSLY b'678215'
ACTION SNIPPET 10000 5411 SNIPPET_NOT_RELEVANT b'909406'
ACTION SNIPPET 10000 5414 SEEN_PREVIOUSLY b'334606'
ACTION SNIPPET 10000 5417 SEEN_PREVIOUSLY b'215753'
ACTION SNIPPET 10000 5420 SEEN_PREVIOUSLY b'47557'
ACTION SNIPPET 10000 5423 SNIPPET_RELEVANT b'211310'
ACTION DOC 10000 5443 EXAMINING_DOCUMENT b'211310'
ACTION SNIPPET 10000 5446 SEEN_PREVIOUSLY b'619819'
ACTION SNIPPET 10000 5449 SEEN_PREVIOUSLY b'149601'
ACTION SNIPPET 10000 5452 SEEN_PREVIOUSLY b'77703'
ACTION SNIPPET 10000 5455 SEEN_PREVIOUSLY b'715631'
ACTION QUERY 10000 5465 u s investment africa fords
ACTION SERP 10000 5470 EXAMINE_SERP
ACTION SNIPPET 10000 5473 SEEN_PREVIOUSLY b'49399'
ACTION SNIPPET 10000 5476 SEEN_PREVIOUSLY b'211310'
ACTION SNIPPET 10000 5479 SEEN_PREVIOUSLY b'103726'
ACTION SNIPPET 10000 5482 SNIPPET_NOT_RELEVANT b'49676'
ACTION SNIPPET 10000 5485 SEEN_PREVIOUSLY b'1702626'
ACTION SNIPPET 10000 5488 SEEN_PREVIOUSLY b'462481'
ACTION SNIPPET 10000 5491 SEEN_PREVIOUSLY b'78540'
ACTION SNIPPET 10000 5494 SNIPPET_RELEVANT b'368658'
ACTION DOC 10000 5514 EXAMINING_DOCUMENT b'368658'
ACTION MARK 10000 5517 CONSIDERED_RELEVANT b'368658'
ACTION SNIPPET 10000 5520 SEEN_PREVIOUSLY b'396326'
ACTION SNIPPET 10000 5523 SEEN_PREVIOUSLY b'168869'
ACTION QUERY 10000 5533 u s investment africa poorest
ACTION SERP 10000 5538 EXAMINE_SERP
ACTION SNIPPET 10000 5541 SEEN_PREVIOUSLY b'937917'
ACTION SNIPPET 10000 5544 SNIPPET_NOT_RELEVANT b'1397348'
ACTION SNIPPET 10000 5547 SEEN_PREVIOUSLY b'1461259'
ACTION SNIPPET 10000 5550 SEEN_PREVIOUSLY b'315676'
ACTION SNIPPET 10000 5553 SNIPPET_NOT_RELEVANT b'1683689'
ACTION SNIPPET 10000 5556 SEEN_PREVIOUSLY b'925027'
ACTION SNIPPET 10000 5559 SNIPPET_NOT_RELEVANT b'208985'
ACTION SNIPPET 10000 5562 SNIPPET_NOT_RELEVANT b'1689325'
ACTION SNIPPET 10000 5565 SNIPPET_NOT_RELEVANT b'965715'
ACTION SNIPPET 10000 5568 SNIPPET_NOT_RELEVANT b'1654930'
ACTION QUERY 10000 5578 u s investment africa compassionate
ACTION SERP 10000 5583 EXAMINE_SERP
ACTION SNIPPET 10000 5586 SNIPPET_NOT_RELEVANT b'1786408'
ACTION SNIPPET 10000 5589 SNIPPET_NOT_RELEVANT b'1647315'
ACTION SNIPPET 10000 5592 SNIPPET_NOT_RELEVANT b'984801'
ACTION SNIPPET 10000 5595 SNIPPET_RELEVANT b'1503634'
ACTION DOC 10000 5615 EXAMINING_DOCUMENT b'1503634'
ACTION SNIPPET 10000 5618 SNIPPET_RELEVANT b'1399120'
ACTION DOC 10000 5638 EXAMINING_DOCUMENT b'1399120'
ACTION SNIPPET 10000 5641 SNIPPET_NOT_RELEVANT b'1060619'
ACTION SNIPPET 10000 5644 SNIPPET_NOT_RELEVANT b'1227385'
ACTION SNIPPET 10000 5647 SNIPPET_NOT_RELEVANT b'1228241'
ACTION SNIPPET 10000 5650 SNIPPET_NOT_RELEVANT b'1462165'
ACTION SNIPPET 10000 5653 SNIPPET_RELEVANT b'1811976'
ACTION DOC 10000 5673 EXAMINING_DOCUMENT b'1811976'
ACTION QUERY 10000 5683 u s investment africa olympic
ACTION SERP 10000 5688 EXAMINE_SERP
ACTION SNIPPET 10000 5691 SEEN_PREVIOUSLY b'159599'
ACTION SNIPPET 10000 5694 SEEN_PREVIOUSLY b'149601'
ACTION SNIPPET 10000 5697 SNIPPET_RELEVANT b'645931'
ACTION DOC 10000 5717 EXAMINING_DOCUMENT b'645931'
ACTION SNIPPET 10000 5720 SNIPPET_RELEVANT b'955306'
ACTION DOC 10000 5740 EXAMINING_DOCUMENT b'955306'
ACTION SNIPPET 10000 5743 SNIPPET_RELEVANT b'205389'
ACTION DOC 10000 5763 EXAMINING_DOCUMENT b'205389'
ACTION SNIPPET 10000 5766 SNIPPET_NOT_RELEVANT b'483773'
ACTION SNIPPET 10000 5769 SNIPPET_NOT_RELEVANT b'549399'
ACTION SNIPPET 10000 5772 SNIPPET_NOT_RELEVANT b'453365'
ACTION SNIPPET 10000 5775 SNIPPET_RELEVANT b'279794'
ACTION DOC 10000 5795 EXAMINING_DOCUMENT b'279794'
ACTION SNIPPET 10000 5798 SNIPPET_NOT_RELEVANT b'155840'
ACTION QUERY 10000 5808 u s investment africa grade
ACTION SERP 10000 5813 EXAMINE_SERP
ACTION SNIPPET 10000 5816 SEEN_PREVIOUSLY b'716128'
ACTION SNIPPET 10000 5819 SNIPPET_RELEVANT b'730055'
ACTION DOC 10000 5839 EXAMINING_DOCUMENT b'730055'
ACTION MARK 10000 5842 CONSIDERED_RELEVANT b'730055'
ACTION SNIPPET 10000 5845 SNIPPET_RELEVANT b'1850365'
ACTION DOC 10000 5865 EXAMINING_DOCUMENT b'1850365'
ACTION SNIPPET 10000 5868 SEEN_PREVIOUSLY b'1246291'
ACTION SNIPPET 10000 5871 SNIPPET_RELEVANT b'1304971'
ACTION DOC 10000 5891 EXAMINING_DOCUMENT b'1304971'
ACTION SNIPPET 10000 5894 SNIPPET_RELEVANT b'1543116'
ACTION DOC 10000 5914 EXAMINING_DOCUMENT b'1543116'
ACTION MARK 10000 5917 CONSIDERED_RELEVANT b'1543116'
ACTION SNIPPET 10000 5920 SNIPPET_RELEVANT b'185540'
ACTION DOC 10000 5940 EXAMINING_DOCUMENT b'185540'
ACTION SNIPPET 10000 5943 SNIPPET_NOT_RELEVANT b'623119'
ACTION SNIPPET 10000 5946 SNIPPET_NOT_RELEVANT b'1204306'
ACTION SNIPPET 10000 5949 SNIPPET_RELEVANT b'1172583'
ACTION DOC 10000 5969 EXAMINING_DOCUMENT b'1172583'
ACTION QUERY 10000 5979 u s investment africa supposed
ACTION SERP 10000 5984 EXAMINE_SERP
ACTION SNIPPET 10000 5987 SNIPPET_NOT_RELEVANT b'224822'
ACTION SNIPPET 10000 5990 SNIPPET_RELEVANT b'1682783'
ACTION DOC 10000 6010 EXAMINING_DOCUMENT b'1682783'
ACTION SNIPPET 10000 6013 SEEN_PREVIOUSLY b'1246291'
ACTION SNIPPET 10000 6016 SNIPPET_RELEVANT b'596740'
ACTION DOC 10000 6036 EXAMINING_DOCUMENT b'596740'
ACTION MARK 10000 6039 CONSIDERED_RELEVANT b'596740'
ACTION SNIPPET 10000 6042 SEEN_PREVIOUSLY b'848783'
ACTION SNIPPET 10000 6045 SNIPPET_NOT_RELEVANT b'726317'
ACTION SNIPPET 10000 6048 SNIPPET_NOT_RELEVANT b'1204306'
ACTION SNIPPET 10000 6051 SEEN_PREVIOUSLY b'793940'
ACTION SNIPPET 10000 6054 SNIPPET_RELEVANT b'730169'
ACTION DOC 10000 6074 EXAMINING_DOCUMENT b'730169'
ACTION SNIPPET 10000 6077 SNIPPET_NOT_RELEVANT b'935867'
ACTION QUERY 10000 6087 u s investment africa darfur
ACTION SERP 10000 6092 EXAMINE_SERP
ACTION SNIPPET 10000 6095 SNIPPET_NOT_RELEVANT b'1821312'
ACTION SNIPPET 10000 6098 SNIPPET_NOT_RELEVANT b'1822123'
ACTION SNIPPET 10000 6101 SNIPPET_NOT_RELEVANT b'1653225'
ACTION SNIPPET 10000 6104 SNIPPET_NOT_RELEVANT b'1839483'
ACTION SNIPPET 10000 6107 SNIPPET_NOT_RELEVANT b'1690667'
ACTION SNIPPET 10000 6110 SNIPPET_RELEVANT b'1582240'
ACTION DOC 10000 6130 EXAMINING_DOCUMENT b'1582240'
ACTION SNIPPET 10000 6133 SNIPPET_NOT_RELEVANT b'1825047'
ACTION SNIPPET 10000 6136 SNIPPET_NOT_RELEVANT b'1832673'
ACTION SNIPPET 10000 6139 SNIPPET_NOT_RELEVANT b'1602615'
ACTION SNIPPET 10000 6142 SNIPPET_NOT_RELEVANT b'1734439'
ACTION QUERY 10000 6152 u s investment africa saving
ACTION SERP 10000 6157 EXAMINE_SERP
ACTION SNIPPET 10000 6160 SEEN_PREVIOUSLY b'1645481'
ACTION SNIPPET 10000 6163 SEEN_PREVIOUSLY b'1461259'
ACTION SNIPPET 10000 6166 SEEN_PREVIOUSLY b'368658'
ACTION SNIPPET 10000 6169 SNIPPET_RELEVANT b'932483'
ACTION DOC 10000 6189 EXAMINING_DOCUMENT b'932483'
ACTION SNIPPET 10000 6192 SNIPPET_NOT_RELEVANT b'933496'
ACTION SNIPPET 10000 6195 SEEN_PREVIOUSLY b'744479'
ACTION SNIPPET 10000 6198 SNIPPET_RELEVANT b'1500429'
ACTION DOC 10000 6218 EXAMINING_DOCUMENT b'1500429'
ACTION MARK 10000 6221 CONSIDERED_RELEVANT b'1500429'
ACTION SNIPPET 10000 6224 SNIPPET_RELEVANT b'184729'
ACTION DOC 10000 6244 EXAMINING_DOCUMENT b'184729'
ACTION MARK 10000 6247 CONSIDERED_RELEVANT b'184729'
ACTION SNIPPET 10000 6250 SNIPPET_RELEVANT b'451255'
ACTION DOC 10000 6270 EXAMINING_DOCUMENT b'451255'
ACTION SNIPPET 10000 6273 SNIPPET_RELEVANT b'880352'
ACTION DOC 10000 6293 EXAMINING_DOCUMENT b'880352'
ACTION MARK 10000 6296 CONSIDERED_RELEVANT b'880352'
ACTION QUERY 10000 6306 u s investment africa debts
ACTION SERP 10000 6311 EXAMINE_SERP
ACTION SNIPPET 10000 6314 SEEN_PREVIOUSLY b'223334'
ACTION SNIPPET 10000 6317 SEEN_PREVIOUSLY b'1006949'
ACTION SNIPPET 10000 6320 SEEN_PREVIOUSLY b'315676'
ACTION SNIPPET 10000 6323 SEEN_PREVIOUSLY b'937917'
ACTION SNIPPET 10000 6326 SEEN_PREVIOUSLY b'716128'
ACTION SNIPPET 10000 6329 SEEN_PREVIOUSLY b'730055'
ACTION SNIPPET 10000 6332 SNIPPET_NOT_RELEVANT b'636962'
ACTION SNIPPET 10000 6335 SNIPPET_RELEVANT b'747753'
ACTION DOC 10000 6355 EXAMINING_DOCUMENT b'747753'
ACTION MARK 10000 6358 CONSIDERED_RELEVANT b'747753'
ACTION SNIPPET 10000 6361 SEEN_PREVIOUSLY b'925027'
ACTION SNIPPET 10000 6364 SNIPPET_RELEVANT b'1654930'
ACTION DOC 10000 6384 EXAMINING_DOCUMENT b'1654930'
ACTION QUERY 10000 6394 u s investment africa taken
ACTION SERP 10000 6399 EXAMINE_SERP
ACTION SNIPPET 10000 6402 SEEN_PREVIOUSLY b'159599'
ACTION SNIPPET 10000 6405 SEEN_PREVIOUSLY b'211310'
ACTION SNIPPET 10000 6408 SNIPPET_RELEVANT b'256937'
ACTION DOC 10000 6428 EXAMINING_DOCUMENT b'256937'
ACTION SNIPPET 10000 6431 SNIPPET_NOT_RELEVANT b'328499'
ACTION SNIPPET 10000 6434 SNIPPET_RELEVANT b'909406'
ACTION DOC 10000 6454 EXAMINING_DOCUMENT b'909406'
ACTION SNIPPET 10000 6457 SEEN_PREVIOUSLY b'75119'
ACTION SNIPPET 10000 6460 SEEN_PREVIOUSLY b'105744'
ACTION SNIPPET 10000 6463 SEEN_PREVIOUSLY b'716128'
ACTION SNIPPET 10000 6466 SNIPPET_RELEVANT b'1409169'
ACTION DOC 10000 6486 EXAMINING_DOCUMENT b'1409169'
ACTION SNIPPET 10000 6489 SEEN_PREVIOUSLY b'619819'
ACTION QUERY 10000 6499 u s investment africa starving
ACTION SERP 10000 6504 EXAMINE_SERP
ACTION SNIPPET 10000 6507 SEEN_PREVIOUSLY b'635076'
ACTION SNIPPET 10000 6510 SEEN_PREVIOUSLY b'1852154'
ACTION SNIPPET 10000 6513 SEEN_PREVIOUSLY b'745673'
ACTION SNIPPET 10000 6516 SEEN_PREVIOUSLY b'636547'
ACTION SNIPPET 10000 6519 SNIPPET_NOT_RELEVANT b'554233'
ACTION SNIPPET 10000 6522 SEEN_PREVIOUSLY b'1639835'
ACTION SNIPPET 10000 6525 SEEN_PREVIOUSLY b'659755'
ACTION SNIPPET 10000 6528 SEEN_PREVIOUSLY b'1294490'
ACTION SNIPPET 10000 6531 SEEN_PREVIOUSLY b'1580358'
ACTION SNIPPET 10000 6534 SEEN_PREVIOUSLY b'1491388'
ACTION QUERY 10000 6544 u s investment africa gibraltar
ACTION SERP 10000 6549 EXAMINE_SERP
ACTION SNIPPET 10000 6552 SNIPPET_NOT_RELEVANT b'553038'
ACTION SNIPPET 10000 6555 SNIPPET_NOT_RELEVANT b'125357'
ACTION SNIPPET 10000 6558 SNIPPET_NOT_RELEVANT b'88873'
ACTION SNIPPET 10000 6561 SNIPPET_NOT_RELEVANT b'228425'
ACTION SNIPPET 10000 6564 SNIPPET_NOT_RELEVANT b'333518'
ACTION SNIPPET 10000 6567 SNIPPET_RELEVANT b'1543708'
ACTION DOC 10000 6587 EXAMINING_DOCUMENT b'1543708'
ACTION SNIPPET 10000 6590 SNIPPET_NOT_RELEVANT b'236390'
ACTION SNIPPET 10000 6593 SNIPPET_RELEVANT b'114339'
ACTION DOC 10000 6613 EXAMINING_DOCUMENT b'114339'
ACTION SNIPPET 10000 6616 SEEN_PREVIOUSLY b'745673'
ACTION SNIPPET 10000 6619 SNIPPET_NOT_RELEVANT b'1292171'
ACTION QUERY 10000 6629 u s investment africa michigans
ACTION SERP 10000 6634 EXAMINE_SERP
ACTION SNIPPET 10000 6637 SEEN_PREVIOUSLY b'115746'
ACTION SNIPPET 10000 6640 SEEN_PREVIOUSLY b'211310'
ACTION SNIPPET 10000 6643 SEEN_PREVIOUSLY b'215753'
ACTION SNIPPET 10000 6646 SNIPPET_NOT_RELEVANT b'170086'
ACTION SNIPPET 10000 6649 SEEN_PREVIOUSLY b'141893'
ACTION SNIPPET 10000 6652 SEEN_PREVIOUSLY b'692050'
ACTION SNIPPET 10000 6655 SEEN_PREVIOUSLY b'47557'
ACTION SNIPPET 10000 6658 SEEN_PREVIOUSLY b'458704'
ACTION SNIPPET 10000 6661 SEEN_PREVIOUSLY b'151707'
ACTION SNIPPET 10000 6664 SNIPPET_RELEVANT b'1504037'
ACTION DOC 10000 6684 EXAMINING_DOCUMENT b'1504037'
ACTION QUERY 10000 6694 u s investment africa curb
ACTION SERP 10000 6699 EXAMINE_SERP
ACTION SNIPPET 10000 6702 SNIPPET_RELEVANT b'1633115'
ACTION DOC 10000 6722 EXAMINING_DOCUMENT b'1633115'
ACTION MARK 10000 6725 CONSIDERED_RELEVANT b'1633115'
ACTION SNIPPET 10000 6728 SNIPPET_RELEVANT b'336895'
ACTION DOC 10000 6748 EXAMINING_DOCUMENT b'336895'
ACTION MARK 10000 6751 CONSIDERED_RELEVANT b'336895'
ACTION SNIPPET 10000 6754 SEEN_PREVIOUSLY b'75119'
ACTION SNIPPET 10000 6757 SNIPPET_NOT_RELEVANT b'1403653'
ACTION SNIPPET 10000 6760 SNIPPET_NOT_RELEVANT b'496300'
ACTION SNIPPET 10000 6763 SNIPPET_RELEVANT b'364744'
ACTION DOC 10000 6783 EXAMINING_DOCUMENT b'364744'
ACTION SNIPPET 10000 6786 SEEN_PREVIOUSLY b'462481'
ACTION SNIPPET 10000 6789 SNIPPET_RELEVANT b'528703'
ACTION DOC 10000 6809 EXAMINING_DOCUMENT b'528703'
ACTION SNIPPET 10000 6812 SNIPPET_NOT_RELEVANT b'537933'
ACTION SNIPPET 10000 6815 SNIPPET_NOT_RELEVANT b'187669'
ACTION QUERY 10000 6825 u s investment africa namibia
ACTION SERP 10000 6830 EXAMINE_SERP
ACTION SNIPPET 10000 6833 SEEN_PREVIOUSLY b'336895'
ACTION SNIPPET 10000 6836 SNIPPET_NOT_RELEVANT b'336873'
ACTION SNIPPET 10000 6839 SNIPPET_RELEVANT b'1019415'
ACTION DOC 10000 6859 EXAMINING_DOCUMENT b'1019415'
ACTION SNIPPET 10000 6862 SNIPPET_NOT_RELEVANT b'167613'
ACTION SNIPPET 10000 6865 SNIPPET_NOT_RELEVANT b'171833'
ACTION SNIPPET 10000 6868 SEEN_PREVIOUSLY b'1604516'
ACTION SNIPPET 10000 6871 SNIPPET_RELEVANT b'1030103'
ACTION DOC 10000 6891 EXAMINING_DOCUMENT b'1030103'
ACTION SNIPPET 10000 6894 SNIPPET_NOT_RELEVANT b'302088'
ACTION SNIPPET 10000 6897 SNIPPET_RELEVANT b'430489'
ACTION DOC 10000 6917 EXAMINING_DOCUMENT b'430489'
ACTION SNIPPET 10000 6920 SNIPPET_NOT_RELEVANT b'207660'
ACTION QUERY 10000 6930 u s investment africa house
ACTION SERP 10000 6935 EXAMINE_SERP
ACTION SNIPPET 10000 6938 SNIPPET_RELEVANT b'170086'
ACTION DOC 10000 6958 EXAMINING_DOCUMENT b'170086'
ACTION SNIPPET 10000 6961 SEEN_PREVIOUSLY b'141893'
ACTION SNIPPET 10000 6964 SEEN_PREVIOUSLY b'151707'
ACTION SNIPPET 10000 6967 SEEN_PREVIOUSLY b'115746'
ACTION SNIPPET 10000 6970 SEEN_PREVIOUSLY b'636543'
ACTION SNIPPET 10000 6973 SEEN_PREVIOUSLY b'1002634'
ACTION SNIPPET 10000 6976 SEEN_PREVIOUSLY b'937917'
ACTION SNIPPET 10000 6979 SEEN_PREVIOUSLY b'716174'
ACTION SNIPPET 10000 6982 SEEN_PREVIOUSLY b'458704'
ACTION SNIPPET 10000 6985 SNIPPET_RELEVANT b'153137'
ACTION DOC 10000 7005 EXAMINING_DOCUMENT b'153137'
ACTION QUERY 10000 7015 u s investment africa thank
ACTION SERP 10000 7020 EXAMINE_SERP
ACTION SNIPPET 10000 7023 SEEN_PREVIOUSLY b'1702626'
ACTION SNIPPET 10000 7026 SNIPPET_RELEVANT b'1149088'
ACTION DOC 10000 7046 EXAMINING_DOCUMENT b'1149088'
ACTION MARK 10000 7049 CONSIDERED_RELEVANT b'1149088'
ACTION SNIPPET 10000 7052 SEEN_PREVIOUSLY b'1645481'
ACTION SNIPPET 10000 7055 SEEN_PREVIOUSLY b'716174'
ACTION SNIPPET 10000 7058 SEEN_PREVIOUSLY b'515509'
ACTION SNIPPET 10000 7061 SNIPPET_RELEVANT b'233997'
ACTION DOC 10000 7081 EXAMINING_DOCUMENT b'233997'
ACTION SNIPPET 10000 7084 SEEN_PREVIOUSLY b'645931'
ACTION SNIPPET 10000 7087 SNIPPET_RELEVANT b'155201'
ACTION DOC 10000 7107 EXAMINING_DOCUMENT b'155201'
ACTION SNIPPET 10000 7110 SNIPPET_RELEVANT b'1376357'
ACTION DOC 10000 7130 EXAMINING_DOCUMENT b'1376357'
ACTION MARK 10000 7133 CONSIDERED_RELEVANT b'1376357'
ACTION SNIPPET 10000 7136 SNIPPET_RELEVANT b'1630206'
ACTION DOC 10000 7156 EXAMINING_DOCUMENT b'1630206'
ACTION MARK 10000 7159 CONSIDERED_RELEVANT b'1630206'
ACTION QUERY 10000 7169 u s investment africa start
ACTION SERP 10000 7174 EXAMINE_SERP
ACTION SNIPPET 10000 7177 SEEN_PREVIOUSLY b'47557'
ACTION SNIPPET 10000 7180 SEEN_PREVIOUSLY b'715631'
ACTION SNIPPET 10000 7183 SEEN_PREVIOUSLY b'184729'
ACTION SNIPPET 10000 7186 SNIPPET_RELEVANT b'1319006'
ACTION DOC 10000 7206 EXAMINING_DOCUMENT b'1319006'
ACTION SNIPPET 10000 7209 SEEN_PREVIOUSLY b'937917'
ACTION SNIPPET 10000 7212 SEEN_PREVIOUSLY b'678215'
ACTION SNIPPET 10000 7215 SEEN_PREVIOUSLY b'716128'
ACTION SNIPPET 10000 7218 SEEN_PREVIOUSLY b'1532697'
ACTION SNIPPET 10000 7221 SEEN_PREVIOUSLY b'665785'
ACTION SNIPPET 10000 7224 SEEN_PREVIOUSLY b'1352183'
ACTION QUERY 10000 7234 u s investment africa opening
ACTION SERP 10000 7239 EXAMINE_SERP
ACTION SNIPPET 10000 7242 SEEN_PREVIOUSLY b'716704'
ACTION SNIPPET 10000 7245 SEEN_PREVIOUSLY b'909406'
ACTION SNIPPET 10000 7248 SEEN_PREVIOUSLY b'678215'
ACTION SNIPPET 10000 7251 SEEN_PREVIOUSLY b'621721'
ACTION SNIPPET 10000 7254 SEEN_PREVIOUSLY b'1006949'
ACTION SNIPPET 10000 7257 SEEN_PREVIOUSLY b'716174'
ACTION SNIPPET 10000 7260 SEEN_PREVIOUSLY b'1105694'
ACTION SNIPPET 10000 7263 SEEN_PREVIOUSLY b'606047'
ACTION SNIPPET 10000 7266 SEEN_PREVIOUSLY b'937917'
ACTION SNIPPET 10000 7269 SEEN_PREVIOUSLY b'703848'
ACTION QUERY 10000 7279 u s investment africa founded
ACTION SERP 10000 7284 EXAMINE_SERP
ACTION SNIPPET 10000 7287 SEEN_PREVIOUSLY b'341694'
ACTION SNIPPET 10000 7290 SNIPPET_RELEVANT b'1306631'
ACTION DOC 10000 7310 EXAMINING_DOCUMENT b'1306631'
ACTION MARK 10000 7313 CONSIDERED_RELEVANT b'1306631'
ACTION SNIPPET 10000 7316 SEEN_PREVIOUSLY b'1532697'
ACTION SNIPPET 10000 7319 SEEN_PREVIOUSLY b'1105694'
ACTION SNIPPET 10000 7322 SEEN_PREVIOUSLY b'1128638'
ACTION SNIPPET 10000 7325 SEEN_PREVIOUSLY b'652497'
ACTION SNIPPET 10000 7328 SEEN_PREVIOUSLY b'1352183'
ACTION SNIPPET 10000 7331 SEEN_PREVIOUSLY b'364744'
ACTION SNIPPET 10000 7334 SEEN_PREVIOUSLY b'606047'
ACTION SNIPPET 10000 7337 SEEN_PREVIOUSLY b'354088'
ACTION QUERY 10000 7347 u s investment africa contributed
ACTION SERP 10000 7352 EXAMINE_SERP
ACTION SNIPPET 10000 7355 SEEN_PREVIOUSLY b'1702626'
ACTION SNIPPET 10000 7358 SEEN_PREVIOUSLY b'744479'
ACTION SNIPPET 10000 7361 SEEN_PREVIOUSLY b'1682783'
ACTION SNIPPET 10000 7364 SNIPPET_NOT_RELEVANT b'408840'
ACTION SNIPPET 10000 7367 SEEN_PREVIOUSLY b'1005241'
ACTION SNIPPET 10000 7370 SEEN_PREVIOUSLY b'661430'
ACTION SNIPPET 10000 7373 SEEN_PREVIOUSLY b'47557'
ACTION SNIPPET 10000 7376 SEEN_PREVIOUSLY b'1645481'
ACTION SNIPPET 10000 7379 SEEN_PREVIOUSLY b'459667'
ACTION SNIPPET 10000 7382 SEEN_PREVIOUSLY b'1532697'
ACTION QUERY 10000 7392 u s investment africa directors
ACTION SERP 10000 7397 EXAMINE_SERP
ACTION SNIPPET 10000 7400 SEEN_PREVIOUSLY b'159599'
ACTION SNIPPET 10000 7403 SEEN_PREVIOUSLY b'85242'
ACTION SNIPPET 10000 7406 SEEN_PREVIOUSLY b'223334'
ACTION SNIPPET 10000 7409 SEEN_PREVIOUSLY b'621721'
ACTION SNIPPET 10000 7412 SEEN_PREVIOUSLY b'1128638'
ACTION SNIPPET 10000 7415 SEEN_PREVIOUSLY b'1532697'
ACTION SNIPPET 10000 7418 SEEN_PREVIOUSLY b'692050'
ACTION SNIPPET 10000 7421 SEEN_PREVIOUSLY b'716704'
ACTION SNIPPET 10000 7424 SNIPPET_RELEVANT b'229939'
ACTION DOC 10000 7444 EXAMINING_DOCUMENT b'229939'
ACTION SNIPPET 10000 7447 SEEN_PREVIOUSLY b'606047'
ACTION QUERY 10000 7457 u s investment africa message
ACTION SERP 10000 7462 EXAMINE_SERP
ACTION SNIPPET 10000 7465 SEEN_PREVIOUSLY b'115746'
ACTION SNIPPET 10000 7468 SEEN_PREVIOUSLY b'1006949'
ACTION SNIPPET 10000 7471 SNIPPET_NOT_RELEVANT b'328499'
ACTION SNIPPET 10000 7474 SEEN_PREVIOUSLY b'716174'
ACTION SNIPPET 10000 7477 SNIPPET_NOT_RELEVANT b'496300'
ACTION SNIPPET 10000 7480 SNIPPET_NOT_RELEVANT b'837323'
ACTION SNIPPET 10000 7483 SEEN_PREVIOUSLY b'703848'
ACTION SNIPPET 10000 7486 SEEN_PREVIOUSLY b'1002634'
ACTION SNIPPET 10000 7489 SNIPPET_RELEVANT b'408840'
ACTION DOC 10000 7509 EXAMINING_DOCUMENT b'408840'
ACTION SNIPPET 10000 7512 SNIPPET_RELEVANT b'491057'
ACTION DOC 10000 7532 EXAMINING_DOCUMENT b'491057'
ACTION QUERY 10000 7542 u s investment africa commodities
ACTION SERP 10000 7547 EXAMINE_SERP
ACTION SNIPPET 10000 7550 SEEN_PREVIOUSLY b'715631'
ACTION SNIPPET 10000 7553 SEEN_PREVIOUSLY b'1306631'
ACTION SNIPPET 10000 7556 SNIPPET_NOT_RELEVANT b'1603609'
ACTION SNIPPET 10000 7559 SEEN_PREVIOUSLY b'678215'
ACTION SNIPPET 10000 7562 SNIPPET_RELEVANT b'1817142'
ACTION DOC 10000 7582 EXAMINING_DOCUMENT b'1817142'
ACTION SNIPPET 10000 7585 SNIPPET_NOT_RELEVANT b'328451'
ACTION SNIPPET 10000 7588 SNIPPET_NOT_RELEVANT b'933496'
ACTION SNIPPET 10000 7591 SEEN_PREVIOUSLY b'315676'
ACTION SNIPPET 10000 7594 SNIPPET_RELEVANT b'50734'
ACTION DOC 10000 7614 EXAMINING_DOCUMENT b'50734'
ACTION MARK 10000 7617 CONSIDERED_RELEVANT b'50734'
ACTION SNIPPET 10000 7620 SNIPPET_NOT_RELEVANT b'75307'
ACTION QUERY 10000 7630 u s investment africa 1983
ACTION SERP 10000 7635 EXAMINE_SERP
ACTION SNIPPET 10000 7638 SNIPPET_RELEVANT b'836806'
ACTION DOC 10000 7658 EXAMINING_DOCUMENT b'836806'
ACTION SNIPPET 10000 7661 SEEN_PREVIOUSLY b'458704'
ACTION SNIPPET 10000 7664 SNIPPET_RELEVANT b'832241'
ACTION DOC 10000 7684 EXAMINING_DOCUMENT b'832241'
ACTION MARK 10000 7687 CONSIDERED_RELEVANT b'832241'
ACTION SNIPPET 10000 7690 SEEN_PREVIOUSLY b'50734'
ACTION SNIPPET 10000 7693 SNIPPET_RELEVANT b'211262'
ACTION DOC 10000 7713 EXAMINING_DOCUMENT b'211262'
ACTION MARK 10000 7716 CONSIDERED_RELEVANT b'211262'
ACTION SNIPPET 10000 7719 SEEN_PREVIOUSLY b'153137'
ACTION SNIPPET 10000 7722 SNIPPET_RELEVANT b'1040564'
ACTION DOC 10000 7742 EXAMINING_DOCUMENT b'1040564'
ACTION SNIPPET 10000 7745 SEEN_PREVIOUSLY b'459667'
ACTION SNIPPET 10000 7748 SNIPPET_RELEVANT b'205230'
ACTION DOC 10000 7768 EXAMINING_DOCUMENT b'205230'
ACTION SNIPPET 10000 7771 SNIPPET_RELEVANT b'208606'
ACTION DOC 10000 7791 EXAMINING_DOCUMENT b'208606'
ACTION QUERY 10000 7801 u s investment africa low
ACTION SERP 10000 7806 EXAMINE_SERP
ACTION SNIPPET 10000 7809 SEEN_PREVIOUSLY b'1306631'
ACTION SNIPPET 10000 7812 SEEN_PREVIOUSLY b'77703'
ACTION SNIPPET 10000 7815 SEEN_PREVIOUSLY b'678215'
ACTION SNIPPET 10000 7818 SNIPPET_RELEVANT b'1182063'
ACTION DOC 10000 7838 EXAMINING_DOCUMENT b'1182063'
ACTION MARK 10000 7841 CONSIDERED_RELEVANT b'1182063'
ACTION SNIPPET 10000 7844 SEEN_PREVIOUSLY b'75119'
ACTION SNIPPET 10000 7847 SEEN_PREVIOUSLY b'81713'
ACTION SNIPPET 10000 7850 SEEN_PREVIOUSLY b'1782106'
ACTION SNIPPET 10000 7853 SNIPPET_NOT_RELEVANT b'327974'
ACTION SNIPPET 10000 7856 SEEN_PREVIOUSLY b'184729'
ACTION SNIPPET 10000 7859 SEEN_PREVIOUSLY b'1376357'
ACTION QUERY 10000 7869 u s investment africa movement
ACTION SERP 10000 7874 EXAMINE_SERP
ACTION SNIPPET 10000 7877 SEEN_PREVIOUSLY b'159599'
ACTION SNIPPET 10000 7880 SNIPPET_RELEVANT b'7738'
ACTION DOC 10000 7900 EXAMINING_DOCUMENT b'7738'
ACTION SNIPPET 10000 7903 SEEN_PREVIOUSLY b'7738'
ACTION SNIPPET 10000 7906 SNIPPET_NOT_RELEVANT b'101482'
ACTION SNIPPET 10000 7909 SNIPPET_RELEVANT b'226826'
ACTION DOC 10000 7929 EXAMINING_DOCUMENT b'226826'
ACTION SNIPPET 10000 7932 SNIPPET_RELEVANT b'761536'
ACTION DOC 10000 7952 EXAMINING_DOCUMENT b'761536'
ACTION MARK 10000 7955 CONSIDERED_RELEVANT b'761536'
ACTION SNIPPET 10000 7958 SEEN_PREVIOUSLY b'115746'
ACTION SNIPPET 10000 7961 SEEN_PREVIOUSLY b'606047'
ACTION SNIPPET 10000 7964 SEEN_PREVIOUSLY b'149601'
ACTION SNIPPET 10000 7967 SEEN_PREVIOUSLY b'625922'
ACTION QUERY 10000 7977 u s investment africa ask
ACTION SERP 10000 7982 EXAMINE_SERP
ACTION SNIPPET 10000 7985 SEEN_PREVIOUSLY b'716704'
ACTION SNIPPET 10000 7988 SEEN_PREVIOUSLY b'636543'
ACTION SNIPPET 10000 7991 SEEN_PREVIOUSLY b'1461259'
ACTION SNIPPET 10000 7994 SEEN_PREVIOUSLY b'170086'
ACTION SNIPPET 10000 7997 SEEN_PREVIOUSLY b'47557'
ACTION SNIPPET 10000 8000 SEEN_PREVIOUSLY b'716128'
ACTION SNIPPET 10000 8003 SEEN_PREVIOUSLY b'703848'
ACTION SNIPPET 10000 8006 SEEN_PREVIOUSLY b'28935'
ACTION SNIPPET 10000 8009 SEEN_PREVIOUSLY b'637425'
ACTION SNIPPET 10000 8012 SEEN_PREVIOUSLY b'619819'
ACTION QUERY 10000 8022 u s investment africa market
ACTION SERP 10000 8027 EXAMINE_SERP
ACTION SNIPPET 10000 8030 SEEN_PREVIOUSLY b'678215'
ACTION SNIPPET 10000 8033 SEEN_PREVIOUSLY b'909406'
ACTION SNIPPET 10000 8036 SEEN_PREVIOUSLY b'1532697'
ACTION SNIPPET 10000 8039 SEEN_PREVIOUSLY b'716704'
ACTION SNIPPET 10000 8042 SEEN_PREVIOUSLY b'716128'
ACTION SNIPPET 10000 8045 SEEN_PREVIOUSLY b'462481'
ACTION SNIPPET 10000 8048 SEEN_PREVIOUSLY b'937917'
ACTION SNIPPET 10000 8051 SEEN_PREVIOUSLY b'715631'
ACTION SNIPPET 10000 8054 SEEN_PREVIOUSLY b'692050'
ACTION SNIPPET 10000 8057 SEEN_PREVIOUSLY b'660988'
ACTION QUERY 10000 8067 u s investment africa member
ACTION SERP 10000 8072 EXAMINE_SERP
ACTION SNIPPET 10000 8075 SEEN_PREVIOUSLY b'77703'
ACTION SNIPPET 10000 8078 SEEN_PREVIOUSLY b'1105694'
ACTION SNIPPET 10000 8081 SEEN_PREVIOUSLY b'159599'
ACTION SNIPPET 10000 8084 SEEN_PREVIOUSLY b'149601'
ACTION SNIPPET 10000 8087 SNIPPET_RELEVANT b'301161'
ACTION DOC 10000 8107 EXAMINING_DOCUMENT b'301161'
ACTION SNIPPET 10000 8110 SEEN_PREVIOUSLY b'937917'
ACTION SNIPPET 10000 8113 SNIPPET_NOT_RELEVANT b'26277'
ACTION SNIPPET 10000 8116 SNIPPET_NOT_RELEVANT b'246264'
ACTION SNIPPET 10000 8119 SEEN_PREVIOUSLY b'202787'
ACTION SNIPPET 10000 8122 SEEN_PREVIOUSLY b'28935'
ACTION QUERY 10000 8132 u s investment africa cross
ACTION SERP 10000 8137 EXAMINE_SERP
ACTION SNIPPET 10000 8140 SEEN_PREVIOUSLY b'745673'
ACTION SNIPPET 10000 8143 SEEN_PREVIOUSLY b'491057'
ACTION SNIPPET 10000 8146 SNIPPET_NOT_RELEVANT b'452421'
ACTION SNIPPET 10000 8149 SEEN_PREVIOUSLY b'1827357'
ACTION SNIPPET 10000 8152 SEEN_PREVIOUSLY b'7738'
ACTION SNIPPET 10000 8155 SEEN_PREVIOUSLY b'7738'
ACTION SNIPPET 10000 8158 SNIPPET_RELEVANT b'714239'
ACTION DOC 10000 8178 EXAMINING_DOCUMENT b'714239'
ACTION MARK 10000 8181 CONSIDERED_RELEVANT b'714239'
ACTION SNIPPET 10000 8184 SNIPPET_NOT_RELEVANT b'1198541'
ACTION SNIPPET 10000 8187 SNIPPET_RELEVANT b'995585'
ACTION DOC 10000 8207 EXAMINING_DOCUMENT b'995585'
ACTION SNIPPET 10000 8210 SEEN_PREVIOUSLY b'793940'
ACTION QUERY 10000 8220 u s investment africa rite
ACTION SERP 10000 8225 EXAMINE_SERP
ACTION SNIPPET 10000 8228 SNIPPET_RELEVANT b'316989'
ACTION DOC 10000 8248 EXAMINING_DOCUMENT b'316989'
ACTION SNIPPET 10000 8251 SNIPPET_RELEVANT b'585289'
ACTION DOC 10000 8271 EXAMINING_DOCUMENT b'585289'
ACTION SNIPPET 10000 8274 SNIPPET_RELEVANT b'906104'
ACTION DOC 10000 8294 EXAMINING_DOCUMENT b'906104'
ACTION SNIPPET 10000 8297 SNIPPET_RELEVANT b'187323'
ACTION DOC 10000 8317 EXAMINING_DOCUMENT b'187323'
ACTION SNIPPET 10000 8320 SNIPPET_NOT_RELEVANT b'322429'
ACTION SNIPPET 10000 8323 SNIPPET_RELEVANT b'1198798'
ACTION DOC 10000 8343 EXAMINING_DOCUMENT b'1198798'
ACTION MARK 10000 8346 CONSIDERED_RELEVANT b'1198798'
ACTION SNIPPET 10000 8349 SNIPPET_RELEVANT b'321940'
ACTION DOC 10000 8369 EXAMINING_DOCUMENT b'321940'
ACTION SNIPPET 10000 8372 SNIPPET_NOT_RELEVANT b'1462528'
ACTION SNIPPET 10000 8375 SNIPPET_NOT_RELEVANT b'256826'
ACTION SNIPPET 10000 8378 SNIPPET_NOT_RELEVANT b'812332'
ACTION QUERY 10000 8388 u s investment africa targeted
ACTION SERP 10000 8393 EXAMINE_SERP
ACTION SNIPPET 10000 8396 SNIPPET_NOT_RELEVANT b'367879'
ACTION SNIPPET 10000 8399 SEEN_PREVIOUSLY b'1006949'
ACTION SNIPPET 10000 8402 SEEN_PREVIOUSLY b'1682783'
ACTION SNIPPET 10000 8405 SEEN_PREVIOUSLY b'354088'
ACTION SNIPPET 10000 8408 SEEN_PREVIOUSLY b'223334'
ACTION SNIPPET 10000 8411 SEEN_PREVIOUSLY b'458704'
ACTION SNIPPET 10000 8414 SEEN_PREVIOUSLY b'678215'
ACTION SNIPPET 10000 8417 SNIPPET_RELEVANT b'618561'
ACTION DOC 10000 8437 EXAMINING_DOCUMENT b'618561'
ACTION MARK 10000 8440 CONSIDERED_RELEVANT b'618561'
ACTION SNIPPET 10000 8443 SEEN_PREVIOUSLY b'1005241'
ACTION SNIPPET 10000 8446 SEEN_PREVIOUSLY b'153137'
ACTION QUERY 10000 8456 u s investment africa route
ACTION SERP 10000 8461 EXAMINE_SERP
ACTION SNIPPET 10000 8464 SEEN_PREVIOUSLY b'703848'
ACTION SNIPPET 10000 8467 SEEN_PREVIOUSLY b'715631'
ACTION SNIPPET 10000 8470 SEEN_PREVIOUSLY b'1850365'
ACTION SNIPPET 10000 8473 SEEN_PREVIOUSLY b'1827357'
ACTION SNIPPET 10000 8476 SNIPPET_NOT_RELEVANT b'461561'
ACTION SNIPPET 10000 8479 SEEN_PREVIOUSLY b'643596'
ACTION SNIPPET 10000 8482 SEEN_PREVIOUSLY b'665785'
ACTION SNIPPET 10000 8485 SNIPPET_RELEVANT b'12628'
ACTION DOC 10000 8505 EXAMINING_DOCUMENT b'12628'
ACTION SNIPPET 10000 8508 SNIPPET_RELEVANT b'515220'
ACTION DOC 10000 8528 EXAMINING_DOCUMENT b'515220'
ACTION SNIPPET 10000 8531 SNIPPET_RELEVANT b'452421'
ACTION DOC 10000 8551 EXAMINING_DOCUMENT b'452421'
ACTION QUERY 10000 8561 u s investment africa passed
ACTION SERP 10000 8566 EXAMINE_SERP
ACTION SNIPPET 10000 8569 SEEN_PREVIOUSLY b'115746'
ACTION SNIPPET 10000 8572 SEEN_PREVIOUSLY b'636543'
ACTION SNIPPET 10000 8575 SEEN_PREVIOUSLY b'1128638'
ACTION SNIPPET 10000 8578 SEEN_PREVIOUSLY b'170086'
ACTION SNIPPET 10000 8581 SEEN_PREVIOUSLY b'937917'
ACTION SNIPPET 10000 8584 SEEN_PREVIOUSLY b'334606'
ACTION SNIPPET 10000 8587 SEEN_PREVIOUSLY b'462481'
ACTION SNIPPET 10000 8590 SNIPPET_RELEVANT b'1192940'
ACTION DOC 10000 8610 EXAMINING_DOCUMENT b'1192940'
ACTION SNIPPET 10000 8613 SEEN_PREVIOUSLY b'151707'
ACTION SNIPPET 10000 8616 SEEN_PREVIOUSLY b'1004134'
ACTION QUERY 10000 8626 u s investment africa school
ACTION SERP 10000 8631 EXAMINE_SERP
ACTION SNIPPET 10000 8634 SEEN_PREVIOUSLY b'77703'
ACTION SNIPPET 10000 8637 SEEN_PREVIOUSLY b'301161'
ACTION SNIPPET 10000 8640 SEEN_PREVIOUSLY b'115746'
ACTION SNIPPET 10000 8643 SEEN_PREVIOUSLY b'226826'
ACTION SNIPPET 10000 8646 SEEN_PREVIOUSLY b'81713'
ACTION SNIPPET 10000 8649 SEEN_PREVIOUSLY b'1682783'
ACTION SNIPPET 10000 8652 SNIPPET_RELEVANT b'141442'
ACTION DOC 10000 8672 EXAMINING_DOCUMENT b'141442'
ACTION MARK 10000 8675 CONSIDERED_RELEVANT b'141442'
ACTION SNIPPET 10000 8678 SEEN_PREVIOUSLY b'637425'
ACTION SNIPPET 10000 8681 SNIPPET_NOT_RELEVANT b'246264'
ACTION SNIPPET 10000 8684 SNIPPET_RELEVANT b'494729'
ACTION DOC 10000 8704 EXAMINING_DOCUMENT b'494729'
ACTION QUERY 10000 8714 u s investment africa arrest
ACTION SERP 10000 8719 EXAMINE_SERP
ACTION SNIPPET 10000 8722 SEEN_PREVIOUSLY b'141442'
ACTION SNIPPET 10000 8725 SEEN_PREVIOUSLY b'618561'
ACTION SNIPPET 10000 8728 SNIPPET_RELEVANT b'1641825'
ACTION DOC 10000 8748 EXAMINING_DOCUMENT b'1641825'
ACTION SNIPPET 10000 8751 SNIPPET_NOT_RELEVANT b'179575'
ACTION SNIPPET 10000 8754 SNIPPET_NOT_RELEVANT b'442389'
ACTION SNIPPET 10000 8757 SNIPPET_RELEVANT b'1122'
ACTION DOC 10000 8777 EXAMINING_DOCUMENT b'1122'
ACTION MARK 10000 8780 CONSIDERED_RELEVANT b'1122'
ACTION SNIPPET 10000 8783 SEEN_PREVIOUSLY b'1122'
ACTION SNIPPET 10000 8786 SNIPPET_RELEVANT b'443688'
ACTION DOC 10000 8806 EXAMINING_DOCUMENT b'443688'
ACTION SNIPPET 10000 8809 SEEN_PREVIOUSLY b'396326'
ACTION SNIPPET 10000 8812 SNIPPET_NOT_RELEVANT b'47108'
ACTION QUERY 10000 8822 u s investment africa now
ACTION SERP 10000 8827 EXAMINE_SERP
ACTION SNIPPET 10000 8830 SEEN_PREVIOUSLY b'1532697'
ACTION SNIPPET 10000 8833 SEEN_PREVIOUSLY b'678215'
ACTION SNIPPET 10000 8836 SEEN_PREVIOUSLY b'621721'
ACTION SNIPPET 10000 8839 SEEN_PREVIOUSLY b'77703'
ACTION SNIPPET 10000 8842 SEEN_PREVIOUSLY b'909406'
ACTION SNIPPET 10000 8845 SEEN_PREVIOUSLY b'716128'
ACTION SNIPPET 10000 8848 SEEN_PREVIOUSLY b'1306631'
ACTION SNIPPET 10000 8851 SEEN_PREVIOUSLY b'745673'
ACTION SNIPPET 10000 8854 SEEN_PREVIOUSLY b'636543'
ACTION SNIPPET 10000 8857 SEEN_PREVIOUSLY b'396326'
ACTION QUERY 10000 8867 u s investment africa benefiting
ACTION SERP 10000 8872 EXAMINE_SERP
ACTION SNIPPET 10000 8875 SNIPPET_NOT_RELEVANT b'173703'
ACTION SNIPPET 10000 8878 SEEN_PREVIOUSLY b'49399'
ACTION SNIPPET 10000 8881 SEEN_PREVIOUSLY b'159599'
ACTION SNIPPET 10000 8884 SEEN_PREVIOUSLY b'937917'
ACTION SNIPPET 10000 8887 SNIPPET_RELEVANT b'24208'
ACTION DOC 10000 8907 EXAMINING_DOCUMENT b'24208'
ACTION SNIPPET 10000 8910 SEEN_PREVIOUSLY b'456891'
ACTION SNIPPET 10000 8913 SEEN_PREVIOUSLY b'716128'
ACTION SNIPPET 10000 8916 SEEN_PREVIOUSLY b'462481'
ACTION SNIPPET 10000 8919 SEEN_PREVIOUSLY b'678215'
ACTION SNIPPET 10000 8922 SEEN_PREVIOUSLY b'639383'
ACTION QUERY 10000 8932 u s investment africa object
ACTION SERP 10000 8937 EXAMINE_SERP
ACTION SNIPPET 10000 8940 SEEN_PREVIOUSLY b'722958'
ACTION SNIPPET 10000 8943 SEEN_PREVIOUSLY b'1105694'
ACTION SNIPPET 10000 8946 SNIPPET_RELEVANT b'1141898'
ACTION DOC 10000 8966 EXAMINING_DOCUMENT b'1141898'
ACTION SNIPPET 10000 8969 SEEN_PREVIOUSLY b'408840'
ACTION SNIPPET 10000 8972 SEEN_PREVIOUSLY b'1246291'
ACTION SNIPPET 10000 8975 SEEN_PREVIOUSLY b'1639835'
ACTION SNIPPET 10000 8978 SNIPPET_NOT_RELEVANT b'731977'
ACTION SNIPPET 10000 8981 SEEN_PREVIOUSLY b'24208'
ACTION SNIPPET 10000 8984 SNIPPET_RELEVANT b'1216658'
ACTION DOC 10000 9004 EXAMINING_DOCUMENT b'1216658'
ACTION SNIPPET 10000 9007 SNIPPET_NOT_RELEVANT b'15317'
ACTION QUERY 10000 9017 u s investment africa group
ACTION SERP 10000 9022 EXAMINE_SERP
ACTION SNIPPET 10000 9025 SEEN_PREVIOUSLY b'85242'
ACTION SNIPPET 10000 9028 SEEN_PREVIOUSLY b'5056'
ACTION SNIPPET 10000 9031 SEEN_PREVIOUSLY b'5056'
ACTION SNIPPET 10000 9034 SEEN_PREVIOUSLY b'77703'
ACTION SNIPPET 10000 9037 SEEN_PREVIOUSLY b'716704'
ACTION SNIPPET 10000 9040 SEEN_PREVIOUSLY b'1532697'
ACTION SNIPPET 10000 9043 SEEN_PREVIOUSLY b'636543'
ACTION SNIPPET 10000 9046 SEEN_PREVIOUSLY b'354088'
ACTION SNIPPET 10000 9049 SEEN_PREVIOUSLY b'301161'
ACTION SNIPPET 10000 9052 SEEN_PREVIOUSLY b'462481'
ACTION QUERY 10000 9062 u s investment africa credit
ACTION SERP 10000 9067 EXAMINE_SERP
ACTION SNIPPET 10000 9070 SEEN_PREVIOUSLY b'730055'
ACTION SNIPPET 10000 9073 SEEN_PREVIOUSLY b'354088'
ACTION SNIPPET 10000 9076 SEEN_PREVIOUSLY b'1304971'
ACTION SNIPPET 10000 9079 SEEN_PREVIOUSLY b'636519'
ACTION SNIPPET 10000 9082 SEEN_PREVIOUSLY b'1246291'
ACTION SNIPPET 10000 9085 SEEN_PREVIOUSLY b'716128'
ACTION SNIPPET 10000 9088 SEEN_PREVIOUSLY b'462481'
ACTION SNIPPET 10000 9091 SEEN_PREVIOUSLY b'396326'
ACTION SNIPPET 10000 9094 SEEN_PREVIOUSLY b'639383'
ACTION SNIPPET 10000 9097 SNIPPET_NOT_RELEVANT b'881104'
ACTION QUERY 10000 9107 u s investment africa pushing
ACTION SERP 10000 9112 EXAMINE_SERP
ACTION SNIPPET 10000 9115 SEEN_PREVIOUSLY b'678215'
ACTION SNIPPET 10000 9118 SNIPPET_RELEVANT b'323607'
ACTION DOC 10000 9138 EXAMINING_DOCUMENT b'323607'
ACTION MARK 10000 9141 CONSIDERED_RELEVANT b'323607'
ACTION SNIPPET 10000 9144 SNIPPET_NOT_RELEVANT b'327974'
ACTION SNIPPET 10000 9147 SNIPPET_RELEVANT b'1403653'
ACTION DOC 10000 9167 EXAMINING_DOCUMENT b'1403653'
ACTION MARK 10000 9170 CONSIDERED_RELEVANT b'1403653'
ACTION SNIPPET 10000 9173 SEEN_PREVIOUSLY b'1128638'
ACTION SNIPPET 10000 9176 SEEN_PREVIOUSLY b'151707'
ACTION SNIPPET 10000 9179 SNIPPET_RELEVANT b'1259402'
ACTION DOC 10000 9199 EXAMINING_DOCUMENT b'1259402'
ACTION SNIPPET 10000 9202 SEEN_PREVIOUSLY b'1685264'
ACTION SNIPPET 10000 9205 SNIPPET_NOT_RELEVANT b'1821312'
ACTION SNIPPET 10000 9208 SEEN_PREVIOUSLY b'1002634'
ACTION QUERY 10000 9218 u s investment africa globalizations
ACTION SERP 10000 9223 EXAMINE_SERP
ACTION SNIPPET 10000 9226 SEEN_PREVIOUSLY b'1702626'
ACTION SNIPPET 10000 9229 SEEN_PREVIOUSLY b'1377518'
ACTION SNIPPET 10000 9232 SEEN_PREVIOUSLY b'1271031'
ACTION SNIPPET 10000 9235 SNIPPET_NOT_RELEVANT b'1287947'
ACTION SNIPPET 10000 9238 SEEN_PREVIOUSLY b'1006949'
ACTION SNIPPET 10000 9241 SNIPPET_NOT_RELEVANT b'1288469'
ACTION SNIPPET 10000 9244 SEEN_PREVIOUSLY b'1782106'
ACTION SNIPPET 10000 9247 SEEN_PREVIOUSLY b'1808600'
ACTION SNIPPET 10000 9250 SEEN_PREVIOUSLY b'1271030'
ACTION SNIPPET 10000 9253 SEEN_PREVIOUSLY b'745673'
ACTION QUERY 10000 9263 u s investment africa reopen
ACTION SERP 10000 9268 EXAMINE_SERP
ACTION SNIPPET 10000 9271 SEEN_PREVIOUSLY b'637425'
ACTION SNIPPET 10000 9274 SEEN_PREVIOUSLY b'618561'
ACTION SNIPPET 10000 9277 SNIPPET_RELEVANT b'1499973'
ACTION DOC 10000 9297 EXAMINING_DOCUMENT b'1499973'
ACTION SNIPPET 10000 9300 SNIPPET_NOT_RELEVANT b'25000'
ACTION SNIPPET 10000 9303 SNIPPET_RELEVANT b'633350'
ACTION DOC 10000 9323 EXAMINING_DOCUMENT b'633350'
ACTION MARK 10000 9326 CONSIDERED_RELEVANT b'633350'
ACTION SNIPPET 10000 9329 SNIPPET_RELEVANT b'312449'
ACTION DOC 10000 9349 EXAMINING_DOCUMENT b'312449'
ACTION MARK 10000 9352 CONSIDERED_RELEVANT b'312449'
ACTION SNIPPET 10000 9355 SNIPPET_NOT_RELEVANT b'731977'
ACTION SNIPPET 10000 9358 SNIPPET_RELEVANT b'1172257'
ACTION DOC 10000 9378 EXAMINING_DOCUMENT b'1172257'
ACTION SNIPPET 10000 9381 SNIPPET_RELEVANT b'1173096'
ACTION DOC 10000 9401 EXAMINING_DOCUMENT b'1173096'
ACTION SNIPPET 10000 9404 SNIPPET_NOT_RELEVANT b'300573'
ACTION QUERY 10000 9414 u s investment africa fw
ACTION SERP 10000 9419 EXAMINE_SERP
ACTION SNIPPET 10000 9422 SNIPPET_NOT_RELEVANT b'290325'
ACTION SNIPPET 10000 9425 SNIPPET_NOT_RELEVANT b'108649'
ACTION SNIPPET 10000 9428 SNIPPET_NOT_RELEVANT b'135052'
ACTION SNIPPET 10000 9431 SNIPPET_NOT_RELEVANT b'1149790'
ACTION SNIPPET 10000 9434 SNIPPET_NOT_RELEVANT b'160447'
ACTION SNIPPET 10000 9437 SNIPPET_RELEVANT b'82212'
ACTION DOC 10000 9457 EXAMINING_DOCUMENT b'82212'
ACTION SNIPPET 10000 9460 SEEN_PREVIOUSLY b'793940'
ACTION SNIPPET 10000 9463 SEEN_PREVIOUSLY b'678215'
ACTION SNIPPET 10000 9466 SEEN_PREVIOUSLY b'159599'
ACTION SNIPPET 10000 9469 SNIPPET_NOT_RELEVANT b'1389683'
ACTION QUERY 10000 9479 u s investment africa down
ACTION SERP 10000 9484 EXAMINE_SERP
ACTION SNIPPET 10000 9487 SEEN_PREVIOUSLY b'716704'
ACTION SNIPPET 10000 9490 SEEN_PREVIOUSLY b'909406'
ACTION SNIPPET 10000 9493 SEEN_PREVIOUSLY b'678215'
ACTION SNIPPET 10000 9496 SEEN_PREVIOUSLY b'115746'
ACTION SNIPPET 10000 9499 SEEN_PREVIOUSLY b'141893'
ACTION SNIPPET 10000 9502 SEEN_PREVIOUSLY b'722958'
ACTION SNIPPET 10000 9505 SEEN_PREVIOUSLY b'1019415'
ACTION SNIPPET 10000 9508 SEEN_PREVIOUSLY b'151707'
ACTION SNIPPET 10000 9511 SEEN_PREVIOUSLY b'1532697'
ACTION SNIPPET 10000 9514 SEEN_PREVIOUSLY b'223334'
ACTION QUERY 10000 9524 u s investment africa rating
ACTION SERP 10000 9529 EXAMINE_SERP
ACTION SNIPPET 10000 9532 SEEN_PREVIOUSLY b'716128'
ACTION SNIPPET 10000 9535 SEEN_PREVIOUSLY b'730055'
ACTION SNIPPET 10000 9538 SEEN_PREVIOUSLY b'1246291'
ACTION SNIPPET 10000 9541 SEEN_PREVIOUSLY b'851427'
ACTION SNIPPET 10000 9544 SEEN_PREVIOUSLY b'367432'
ACTION SNIPPET 10000 9547 SEEN_PREVIOUSLY b'937917'
ACTION SNIPPET 10000 9550 SEEN_PREVIOUSLY b'22087'
ACTION SNIPPET 10000 9553 SEEN_PREVIOUSLY b'47557'
ACTION SNIPPET 10000 9556 SEEN_PREVIOUSLY b'660988'
ACTION SNIPPET 10000 9559 SNIPPET_RELEVANT b'367172'
ACTION DOC 10000 9579 EXAMINING_DOCUMENT b'367172'
ACTION QUERY 10000 9589 u s investment africa invests
ACTION SERP 10000 9594 EXAMINE_SERP
ACTION SNIPPET 10000 9597 SEEN_PREVIOUSLY b'793940'
ACTION SNIPPET 10000 9600 SEEN_PREVIOUSLY b'159599'
ACTION SNIPPET 10000 9603 SEEN_PREVIOUSLY b'77703'
ACTION SNIPPET 10000 9606 SEEN_PREVIOUSLY b'716704'
ACTION SNIPPET 10000 9609 SEEN_PREVIOUSLY b'678215'
ACTION SNIPPET 10000 9612 SEEN_PREVIOUSLY b'128684'
ACTION SNIPPET 10000 9615 SEEN_PREVIOUSLY b'621721'
ACTION SNIPPET 10000 9618 SEEN_PREVIOUSLY b'1532697'
ACTION SNIPPET 10000 9621 SEEN_PREVIOUSLY b'301161'
ACTION SNIPPET 10000 9624 SEEN_PREVIOUSLY b'115746'
ACTION QUERY 10000 9634 u s investment africa being
ACTION SERP 10000 9639 EXAMINE_SERP
ACTION SNIPPET 10000 9642 SEEN_PREVIOUSLY b'678215'
ACTION SNIPPET 10000 9645 SEEN_PREVIOUSLY b'77703'
ACTION SNIPPET 10000 9648 SEEN_PREVIOUSLY b'115746'
ACTION SNIPPET 10000 9651 SEEN_PREVIOUSLY b'149601'
ACTION SNIPPET 10000 9654 SEEN_PREVIOUSLY b'1532697'
ACTION SNIPPET 10000 9657 SNIPPET_RELEVANT b'1168083'
ACTION DOC 10000 9677 EXAMINING_DOCUMENT b'1168083'
ACTION MARK 10000 9680 CONSIDERED_RELEVANT b'1168083'
ACTION SNIPPET 10000 9683 SEEN_PREVIOUSLY b'75119'
ACTION SNIPPET 10000 9686 SEEN_PREVIOUSLY b'354088'
ACTION SNIPPET 10000 9689 SEEN_PREVIOUSLY b'652497'
ACTION SNIPPET 10000 9692 SNIPPET_NOT_RELEVANT b'496300'
ACTION QUERY 10000 9702 u s investment africa vote
ACTION SERP 10000 9707 EXAMINE_SERP
ACTION SNIPPET 10000 9710 SEEN_PREVIOUSLY b'159599'
ACTION SNIPPET 10000 9713 SEEN_PREVIOUSLY b'128684'
ACTION SNIPPET 10000 9716 SEEN_PREVIOUSLY b'170086'
ACTION SNIPPET 10000 9719 SEEN_PREVIOUSLY b'22087'
ACTION SNIPPET 10000 9722 SNIPPET_NOT_RELEVANT b'279423'
ACTION SNIPPET 10000 9725 SEEN_PREVIOUSLY b'1002634'
ACTION SNIPPET 10000 9728 SEEN_PREVIOUSLY b'141893'
ACTION SNIPPET 10000 9731 SEEN_PREVIOUSLY b'226826'
ACTION SNIPPET 10000 9734 SEEN_PREVIOUSLY b'151707'
ACTION SNIPPET 10000 9737 SNIPPET_NOT_RELEVANT b'246264'
ACTION QUERY 10000 9747 u s investment africa bill
ACTION SERP 10000 9752 EXAMINE_SERP
ACTION SNIPPET 10000 9755 SEEN_PREVIOUSLY b'170086'
ACTION SNIPPET 10000 9758 SEEN_PREVIOUSLY b'1002634'
ACTION SNIPPET 10000 9761 SEEN_PREVIOUSLY b'636543'
ACTION SNIPPET 10000 9764 SEEN_PREVIOUSLY b'151707'
ACTION SNIPPET 10000 9767 SEEN_PREVIOUSLY b'367432'
ACTION SNIPPET 10000 9770 SEEN_PREVIOUSLY b'141893'
ACTION SNIPPET 10000 9773 SEEN_PREVIOUSLY b'1182063'
ACTION SNIPPET 10000 9776 SEEN_PREVIOUSLY b'1188305'
ACTION SNIPPET 10000 9779 SEEN_PREVIOUSLY b'367172'
ACTION SNIPPET 10000 9782 SNIPPET_NOT_RELEVANT b'1218191'
ACTION QUERY 10000 9792 u s investment africa voted
ACTION SERP 10000 9797 EXAMINE_SERP
ACTION SNIPPET 10000 9800 SEEN_PREVIOUSLY b'159599'
ACTION SNIPPET 10000 9803 SEEN_PREVIOUSLY b'128684'
ACTION SNIPPET 10000 9806 SEEN_PREVIOUSLY b'170086'
ACTION SNIPPET 10000 9809 SEEN_PREVIOUSLY b'22087'
ACTION SNIPPET 10000 9812 SNIPPET_RELEVANT b'279423'
ACTION DOC 10000 9832 EXAMINING_DOCUMENT b'279423'
ACTION SNIPPET 10000 9835 SEEN_PREVIOUSLY b'1002634'
ACTION SNIPPET 10000 9838 SEEN_PREVIOUSLY b'141893'
ACTION SNIPPET 10000 9841 SEEN_PREVIOUSLY b'226826'
ACTION SNIPPET 10000 9844 SEEN_PREVIOUSLY b'151707'
ACTION SNIPPET 10000 9847 SNIPPET_RELEVANT b'246264'
ACTION DOC 10000 9867 EXAMINING_DOCUMENT b'246264'
ACTION QUERY 10000 9877 u s investment africa bargain
ACTION SERP 10000 9882 EXAMINE_SERP
ACTION SNIPPET 10000 9885 SEEN_PREVIOUSLY b'1403653'
ACTION SNIPPET 10000 9888 SNIPPET_NOT_RELEVANT b'698298'
ACTION SNIPPET 10000 9891 SEEN_PREVIOUSLY b'715631'
ACTION SNIPPET 10000 9894 SNIPPET_RELEVANT b'262302'
ACTION DOC 10000 9914 EXAMINING_DOCUMENT b'262302'
ACTION SNIPPET 10000 9917 SEEN_PREVIOUSLY b'396326'
ACTION SNIPPET 10000 9920 SEEN_PREVIOUSLY b'703848'
ACTION SNIPPET 10000 9923 SNIPPET_RELEVANT b'665209'
ACTION DOC 10000 9943 EXAMINING_DOCUMENT b'665209'
ACTION SNIPPET 10000 9946 SNIPPET_RELEVANT b'528593'
ACTION DOC 10000 9966 EXAMINING_DOCUMENT b'528593'
ACTION SNIPPET 10000 9969 SNIPPET_RELEVANT b'1288403'
ACTION DOC 10000 9989 EXAMINING_DOCUMENT b'1288403'
ACTION SNIPPET 10000 9992 SNIPPET_RELEVANT b'1235213'
ACTION DOC 10000 10012 EXAMINING_DOCUMENT b'1235213'
INFO SUMMARY 
INFO TOTAL_QUERIES_ISSUED 104
INFO TOTAL_SNIPPETS_EXAMINED 1040
INFO TOTAL_DOCUMENTS_EXAMINED 254
INFO TOTAL_DOCUMENTS_MARKED_RELEVANT 85
INFO TOTAL_ATTRACTIVE_SERP_IMPRESSIONS 104
INFO TOTAL_UNATTRACTIVE_SERP_IMPRESSIONS 0
