ACTION QUERY 10000 10 black bear attacks
ACTION SERP 10000 15 EXAMINE_SERP
ACTION SNIPPET 10000 18 SNIPPET_RELEVANT b'634674'
ACTION DOC 10000 38 EXAMINING_DOCUMENT b'634674'
ACTION MARK 10000 41 CONSIDERED_RELEVANT b'634674'
ACTION SNIPPET 10000 44 SNIPPET_RELEVANT b'1707062'
ACTION DOC 10000 64 EXAMINING_DOCUMENT b'1707062'
ACTION MARK 10000 67 CONSIDERED_RELEVANT b'1707062'
ACTION SNIPPET 10000 70 SNIPPET_RELEVANT b'1440589'
ACTION DOC 10000 90 EXAMINING_DOCUMENT b'1440589'
ACTION MARK 10000 93 CONSIDERED_RELEVANT b'1440589'
ACTION SNIPPET 10000 96 SNIPPET_RELEVANT b'780876'
ACTION DOC 10000 116 EXAMINING_DOCUMENT b'780876'
ACTION SNIPPET 10000 119 SNIPPET_RELEVANT b'1319228'
ACTION DOC 10000 139 EXAMINING_DOCUMENT b'1319228'
ACTION MARK 10000 142 CONSIDERED_RELEVANT b'1319228'
ACTION SNIPPET 10000 145 SNIPPET_RELEVANT b'1209591'
ACTION DOC 10000 165 EXAMINING_DOCUMENT b'1209591'
ACTION MARK 10000 168 CONSIDERED_RELEVANT b'1209591'
ACTION SNIPPET 10000 171 SNIPPET_RELEVANT b'1754536'
ACTION DOC 10000 191 EXAMINING_DOCUMENT b'1754536'
ACTION MARK 10000 194 CONSIDERED_RELEVANT b'1754536'
ACTION SNIPPET 10000 197 SNIPPET_RELEVANT b'1417508'
ACTION DOC 10000 217 EXAMINING_DOCUMENT b'1417508'
ACTION MARK 10000 220 CONSIDERED_RELEVANT b'1417508'
ACTION SNIPPET 10000 223 SNIPPET_RELEVANT b'1205254'
ACTION DOC 10000 243 EXAMINING_DOCUMENT b'1205254'
ACTION MARK 10000 246 CONSIDERED_RELEVANT b'1205254'
ACTION SNIPPET 10000 249 SNIPPET_RELEVANT b'1319681'
ACTION DOC 10000 269 EXAMINING_DOCUMENT b'1319681'
ACTION MARK 10000 272 CONSIDERED_RELEVANT b'1319681'
ACTION SNIPPET 10000 275 SNIPPET_RELEVANT b'1625519'
ACTION DOC 10000 295 EXAMINING_DOCUMENT b'1625519'
ACTION MARK 10000 298 CONSIDERED_RELEVANT b'1625519'
ACTION SNIPPET 10000 301 SNIPPET_RELEVANT b'869631'
ACTION DOC 10000 321 EXAMINING_DOCUMENT b'869631'
ACTION SNIPPET 10000 324 SNIPPET_RELEVANT b'966180'
ACTION DOC 10000 344 EXAMINING_DOCUMENT b'966180'
ACTION MARK 10000 347 CONSIDERED_RELEVANT b'966180'
ACTION SNIPPET 10000 350 SNIPPET_RELEVANT b'794195'
ACTION DOC 10000 370 EXAMINING_DOCUMENT b'794195'
ACTION MARK 10000 373 CONSIDERED_RELEVANT b'794195'
ACTION SNIPPET 10000 376 SNIPPET_RELEVANT b'794213'
ACTION DOC 10000 396 EXAMINING_DOCUMENT b'794213'
ACTION MARK 10000 399 CONSIDERED_RELEVANT b'794213'
ACTION SNIPPET 10000 402 SNIPPET_RELEVANT b'772939'
ACTION DOC 10000 422 EXAMINING_DOCUMENT b'772939'
ACTION SNIPPET 10000 425 SNIPPET_NOT_RELEVANT b'52133'
ACTION SNIPPET 10000 428 SNIPPET_NOT_RELEVANT b'1230221'
ACTION SNIPPET 10000 431 SNIPPET_RELEVANT b'1541670'
ACTION DOC 10000 451 EXAMINING_DOCUMENT b'1541670'
ACTION MARK 10000 454 CONSIDERED_RELEVANT b'1541670'
ACTION SNIPPET 10000 457 SNIPPET_RELEVANT b'1541943'
ACTION DOC 10000 477 EXAMINING_DOCUMENT b'1541943'
ACTION MARK 10000 480 CONSIDERED_RELEVANT b'1541943'
ACTION SNIPPET 10000 483 SNIPPET_RELEVANT b'1850183'
ACTION DOC 10000 503 EXAMINING_DOCUMENT b'1850183'
ACTION MARK 10000 506 CONSIDERED_RELEVANT b'1850183'
ACTION SNIPPET 10000 509 SNIPPET_NOT_RELEVANT b'1368283'
ACTION SNIPPET 10000 512 SNIPPET_RELEVANT b'1186175'
ACTION DOC 10000 532 EXAMINING_DOCUMENT b'1186175'
ACTION SNIPPET 10000 535 SNIPPET_RELEVANT b'1678327'
ACTION DOC 10000 555 EXAMINING_DOCUMENT b'1678327'
ACTION MARK 10000 558 CONSIDERED_RELEVANT b'1678327'
ACTION SNIPPET 10000 561 SNIPPET_RELEVANT b'1418708'
ACTION DOC 10000 581 EXAMINING_DOCUMENT b'1418708'
ACTION SNIPPET 10000 584 SNIPPET_RELEVANT b'1204309'
ACTION DOC 10000 604 EXAMINING_DOCUMENT b'1204309'
ACTION MARK 10000 607 CONSIDERED_RELEVANT b'1204309'
ACTION SNIPPET 10000 610 SNIPPET_RELEVANT b'1629286'
ACTION DOC 10000 630 EXAMINING_DOCUMENT b'1629286'
ACTION MARK 10000 633 CONSIDERED_RELEVANT b'1629286'
ACTION SNIPPET 10000 636 SNIPPET_RELEVANT b'952801'
ACTION DOC 10000 656 EXAMINING_DOCUMENT b'952801'
ACTION MARK 10000 659 CONSIDERED_RELEVANT b'952801'
ACTION SNIPPET 10000 662 SNIPPET_RELEVANT b'825608'
ACTION DOC 10000 682 EXAMINING_DOCUMENT b'825608'
ACTION SNIPPET 10000 685 SNIPPET_NOT_RELEVANT b'1697947'
ACTION SNIPPET 10000 688 SNIPPET_RELEVANT b'1078863'
ACTION DOC 10000 708 EXAMINING_DOCUMENT b'1078863'
ACTION SNIPPET 10000 711 SNIPPET_NOT_RELEVANT b'666214'
ACTION QUERY 10000 721 black bear attacks hill
ACTION SERP 10000 726 EXAMINE_SERP
ACTION SNIPPET 10000 729 SEEN_PREVIOUSLY b'634674'
ACTION SNIPPET 10000 732 SEEN_PREVIOUSLY b'966180'
ACTION SNIPPET 10000 735 SEEN_PREVIOUSLY b'1707062'
ACTION SNIPPET 10000 738 SEEN_PREVIOUSLY b'794195'
ACTION SNIPPET 10000 741 SEEN_PREVIOUSLY b'794213'
ACTION SNIPPET 10000 744 SNIPPET_NOT_RELEVANT b'592670'
ACTION SNIPPET 10000 747 SEEN_PREVIOUSLY b'1678327'
ACTION SNIPPET 10000 750 SEEN_PREVIOUSLY b'1440589'
ACTION SNIPPET 10000 753 SEEN_PREVIOUSLY b'780876'
ACTION SNIPPET 10000 756 SEEN_PREVIOUSLY b'1319228'
ACTION SNIPPET 10000 759 SEEN_PREVIOUSLY b'1209591'
ACTION SNIPPET 10000 762 SEEN_PREVIOUSLY b'1754536'
ACTION SNIPPET 10000 765 SEEN_PREVIOUSLY b'1417508'
ACTION SNIPPET 10000 768 SEEN_PREVIOUSLY b'1205254'
ACTION SNIPPET 10000 771 SNIPPET_NOT_RELEVANT b'648596'
ACTION QUERY 10000 781 black bear attacks hilltop
ACTION SERP 10000 786 EXAMINE_SERP
ACTION SNIPPET 10000 789 SEEN_PREVIOUSLY b'794195'
ACTION SNIPPET 10000 792 SEEN_PREVIOUSLY b'794213'
ACTION SNIPPET 10000 795 SNIPPET_RELEVANT b'1348119'
ACTION DOC 10000 815 EXAMINING_DOCUMENT b'1348119'
ACTION SNIPPET 10000 818 SNIPPET_RELEVANT b'112537'
ACTION DOC 10000 838 EXAMINING_DOCUMENT b'112537'
ACTION QUERY 10000 848 black bear attacks elected
ACTION SERP 10000 853 EXAMINE_SERP
ACTION SNIPPET 10000 856 SEEN_PREVIOUSLY b'825608'
ACTION SNIPPET 10000 859 SEEN_PREVIOUSLY b'634674'
ACTION SNIPPET 10000 862 SEEN_PREVIOUSLY b'1707062'
ACTION SNIPPET 10000 865 SNIPPET_NOT_RELEVANT b'51450'
ACTION SNIPPET 10000 868 SEEN_PREVIOUSLY b'1440589'
ACTION SNIPPET 10000 871 SEEN_PREVIOUSLY b'780876'
ACTION SNIPPET 10000 874 SEEN_PREVIOUSLY b'1319228'
ACTION SNIPPET 10000 877 SEEN_PREVIOUSLY b'1209591'
ACTION SNIPPET 10000 880 SEEN_PREVIOUSLY b'1754536'
ACTION SNIPPET 10000 883 SNIPPET_NOT_RELEVANT b'225566'
ACTION SNIPPET 10000 886 SEEN_PREVIOUSLY b'1417508'
ACTION SNIPPET 10000 889 SNIPPET_NOT_RELEVANT b'397402'
ACTION SNIPPET 10000 892 SEEN_PREVIOUSLY b'1205254'
ACTION SNIPPET 10000 895 SNIPPET_RELEVANT b'568837'
ACTION DOC 10000 915 EXAMINING_DOCUMENT b'568837'
ACTION QUERY 10000 925 black bear attacks will
ACTION SERP 10000 930 EXAMINE_SERP
ACTION SNIPPET 10000 933 SEEN_PREVIOUSLY b'634674'
ACTION SNIPPET 10000 936 SEEN_PREVIOUSLY b'1707062'
ACTION SNIPPET 10000 939 SEEN_PREVIOUSLY b'1440589'
ACTION SNIPPET 10000 942 SEEN_PREVIOUSLY b'780876'
ACTION SNIPPET 10000 945 SEEN_PREVIOUSLY b'1754536'
ACTION SNIPPET 10000 948 SEEN_PREVIOUSLY b'1319228'
ACTION SNIPPET 10000 951 SEEN_PREVIOUSLY b'1209591'
ACTION SNIPPET 10000 954 SEEN_PREVIOUSLY b'1417508'
ACTION SNIPPET 10000 957 SEEN_PREVIOUSLY b'1205254'
ACTION SNIPPET 10000 960 SEEN_PREVIOUSLY b'869631'
ACTION SNIPPET 10000 963 SEEN_PREVIOUSLY b'1319681'
ACTION SNIPPET 10000 966 SEEN_PREVIOUSLY b'1625519'
ACTION SNIPPET 10000 969 SEEN_PREVIOUSLY b'772939'
ACTION SNIPPET 10000 972 SEEN_PREVIOUSLY b'794195'
ACTION SNIPPET 10000 975 SEEN_PREVIOUSLY b'794213'
ACTION QUERY 10000 985 black bear attacks lago
ACTION SERP 10000 990 EXAMINE_SERP
ACTION SNIPPET 10000 993 SEEN_PREVIOUSLY b'966180'
ACTION SNIPPET 10000 996 SNIPPET_NOT_RELEVANT b'896592'
ACTION SNIPPET 10000 999 SNIPPET_NOT_RELEVANT b'902876'
ACTION SNIPPET 10000 1002 SNIPPET_NOT_RELEVANT b'195296'
ACTION SNIPPET 10000 1005 SNIPPET_RELEVANT b'1170429'
ACTION DOC 10000 1025 EXAMINING_DOCUMENT b'1170429'
ACTION SNIPPET 10000 1028 SNIPPET_RELEVANT b'95701'
ACTION DOC 10000 1048 EXAMINING_DOCUMENT b'95701'
ACTION QUERY 10000 1058 black bear attacks little
ACTION SERP 10000 1063 EXAMINE_SERP
ACTION SNIPPET 10000 1066 SEEN_PREVIOUSLY b'634674'
ACTION SNIPPET 10000 1069 SEEN_PREVIOUSLY b'1209591'
ACTION SNIPPET 10000 1072 SNIPPET_NOT_RELEVANT b'1230221'
ACTION SNIPPET 10000 1075 SEEN_PREVIOUSLY b'1707062'
ACTION SNIPPET 10000 1078 SEEN_PREVIOUSLY b'1440589'
ACTION SNIPPET 10000 1081 SEEN_PREVIOUSLY b'1319681'
ACTION SNIPPET 10000 1084 SEEN_PREVIOUSLY b'780876'
ACTION SNIPPET 10000 1087 SEEN_PREVIOUSLY b'1319228'
ACTION SNIPPET 10000 1090 SEEN_PREVIOUSLY b'1754536'
ACTION SNIPPET 10000 1093 SEEN_PREVIOUSLY b'1417508'
ACTION SNIPPET 10000 1096 SEEN_PREVIOUSLY b'1541670'
ACTION SNIPPET 10000 1099 SNIPPET_RELEVANT b'923828'
ACTION DOC 10000 1119 EXAMINING_DOCUMENT b'923828'
ACTION QUERY 10000 1129 black bear attacks usa
ACTION SERP 10000 1134 EXAMINE_SERP
ACTION SNIPPET 10000 1137 SEEN_PREVIOUSLY b'634674'
ACTION SNIPPET 10000 1140 SEEN_PREVIOUSLY b'1707062'
ACTION SNIPPET 10000 1143 SEEN_PREVIOUSLY b'1440589'
ACTION SNIPPET 10000 1146 SEEN_PREVIOUSLY b'780876'
ACTION SNIPPET 10000 1149 SEEN_PREVIOUSLY b'1319228'
ACTION SNIPPET 10000 1152 SEEN_PREVIOUSLY b'1209591'
ACTION SNIPPET 10000 1155 SEEN_PREVIOUSLY b'1754536'
ACTION SNIPPET 10000 1158 SEEN_PREVIOUSLY b'1417508'
ACTION SNIPPET 10000 1161 SEEN_PREVIOUSLY b'1205254'
ACTION SNIPPET 10000 1164 SNIPPET_NOT_RELEVANT b'578401'
ACTION SNIPPET 10000 1167 SNIPPET_RELEVANT b'1228408'
ACTION DOC 10000 1187 EXAMINING_DOCUMENT b'1228408'
ACTION QUERY 10000 1197 black bear attacks fair
ACTION SERP 10000 1202 EXAMINE_SERP
ACTION SNIPPET 10000 1205 SEEN_PREVIOUSLY b'1541943'
ACTION SNIPPET 10000 1208 SNIPPET_NOT_RELEVANT b'666214'
ACTION SNIPPET 10000 1211 SEEN_PREVIOUSLY b'634674'
ACTION SNIPPET 10000 1214 SEEN_PREVIOUSLY b'1707062'
ACTION SNIPPET 10000 1217 SEEN_PREVIOUSLY b'1440589'
ACTION SNIPPET 10000 1220 SEEN_PREVIOUSLY b'780876'
ACTION SNIPPET 10000 1223 SNIPPET_NOT_RELEVANT b'695261'
ACTION SNIPPET 10000 1226 SNIPPET_NOT_RELEVANT b'46225'
ACTION SNIPPET 10000 1229 SEEN_PREVIOUSLY b'1319228'
ACTION SNIPPET 10000 1232 SEEN_PREVIOUSLY b'1209591'
ACTION SNIPPET 10000 1235 SEEN_PREVIOUSLY b'1754536'
ACTION SNIPPET 10000 1238 SEEN_PREVIOUSLY b'1417508'
ACTION SNIPPET 10000 1241 SEEN_PREVIOUSLY b'1205254'
ACTION SNIPPET 10000 1244 SNIPPET_RELEVANT b'1351136'
ACTION DOC 10000 1264 EXAMINING_DOCUMENT b'1351136'
ACTION QUERY 10000 1274 black bear attacks family
ACTION SERP 10000 1279 EXAMINE_SERP
ACTION SNIPPET 10000 1282 SEEN_PREVIOUSLY b'1754536'
ACTION SNIPPET 10000 1285 SEEN_PREVIOUSLY b'1417508'
ACTION SNIPPET 10000 1288 SEEN_PREVIOUSLY b'634674'
ACTION SNIPPET 10000 1291 SEEN_PREVIOUSLY b'966180'
ACTION SNIPPET 10000 1294 SEEN_PREVIOUSLY b'1707062'
ACTION SNIPPET 10000 1297 SNIPPET_RELEVANT b'1417346'
ACTION DOC 10000 1317 EXAMINING_DOCUMENT b'1417346'
ACTION MARK 10000 1320 CONSIDERED_RELEVANT b'1417346'
ACTION SNIPPET 10000 1323 SEEN_PREVIOUSLY b'1440589'
ACTION SNIPPET 10000 1326 SNIPPET_NOT_RELEVANT b'1368283'
ACTION SNIPPET 10000 1329 SEEN_PREVIOUSLY b'780876'
ACTION SNIPPET 10000 1332 SEEN_PREVIOUSLY b'1319228'
ACTION SNIPPET 10000 1335 SEEN_PREVIOUSLY b'1209591'
ACTION SNIPPET 10000 1338 SEEN_PREVIOUSLY b'1205254'
ACTION SNIPPET 10000 1341 SEEN_PREVIOUSLY b'1078863'
ACTION SNIPPET 10000 1344 SNIPPET_RELEVANT b'1228536'
ACTION DOC 10000 1364 EXAMINING_DOCUMENT b'1228536'
ACTION MARK 10000 1367 CONSIDERED_RELEVANT b'1228536'
ACTION SNIPPET 10000 1370 SEEN_PREVIOUSLY b'1204309'
ACTION SNIPPET 10000 1373 SEEN_PREVIOUSLY b'1319681'
ACTION SNIPPET 10000 1376 SEEN_PREVIOUSLY b'1625519'
ACTION SNIPPET 10000 1379 SNIPPET_NOT_RELEVANT b'92414'
ACTION SNIPPET 10000 1382 SEEN_PREVIOUSLY b'869631'
ACTION SNIPPET 10000 1385 SEEN_PREVIOUSLY b'794195'
ACTION SNIPPET 10000 1388 SEEN_PREVIOUSLY b'794213'
ACTION SNIPPET 10000 1391 SEEN_PREVIOUSLY b'772939'
ACTION SNIPPET 10000 1394 SNIPPET_NOT_RELEVANT b'52133'
ACTION SNIPPET 10000 1397 SNIPPET_RELEVANT b'1230221'
ACTION DOC 10000 1417 EXAMINING_DOCUMENT b'1230221'
ACTION MARK 10000 1420 CONSIDERED_RELEVANT b'1230221'
ACTION SNIPPET 10000 1423 SEEN_PREVIOUSLY b'1541670'
ACTION SNIPPET 10000 1426 SEEN_PREVIOUSLY b'1541943'
ACTION SNIPPET 10000 1429 SEEN_PREVIOUSLY b'1850183'
ACTION SNIPPET 10000 1432 SNIPPET_RELEVANT b'244078'
ACTION DOC 10000 1452 EXAMINING_DOCUMENT b'244078'
ACTION SNIPPET 10000 1455 SNIPPET_NOT_RELEVANT b'1845393'
ACTION SNIPPET 10000 1458 SNIPPET_RELEVANT b'1695797'
ACTION DOC 10000 1478 EXAMINING_DOCUMENT b'1695797'
ACTION QUERY 10000 1488 black bear attacks snatched
ACTION SERP 10000 1493 EXAMINE_SERP
ACTION SNIPPET 10000 1496 SEEN_PREVIOUSLY b'1417346'
ACTION SNIPPET 10000 1499 SEEN_PREVIOUSLY b'1417508'
ACTION SNIPPET 10000 1502 SNIPPET_NOT_RELEVANT b'311451'
ACTION SNIPPET 10000 1505 SNIPPET_RELEVANT b'1673457'
ACTION DOC 10000 1525 EXAMINING_DOCUMENT b'1673457'
ACTION MARK 10000 1528 CONSIDERED_RELEVANT b'1673457'
ACTION SNIPPET 10000 1531 SNIPPET_NOT_RELEVANT b'141343'
ACTION SNIPPET 10000 1534 SNIPPET_NOT_RELEVANT b'188343'
ACTION SNIPPET 10000 1537 SEEN_PREVIOUSLY b'634674'
ACTION SNIPPET 10000 1540 SNIPPET_RELEVANT b'1417304'
ACTION DOC 10000 1560 EXAMINING_DOCUMENT b'1417304'
ACTION MARK 10000 1563 CONSIDERED_RELEVANT b'1417304'
ACTION SNIPPET 10000 1566 SNIPPET_NOT_RELEVANT b'332133'
ACTION SNIPPET 10000 1569 SNIPPET_NOT_RELEVANT b'48636'
ACTION SNIPPET 10000 1572 SEEN_PREVIOUSLY b'1707062'
ACTION SNIPPET 10000 1575 SNIPPET_NOT_RELEVANT b'129147'
ACTION SNIPPET 10000 1578 SNIPPET_RELEVANT b'380727'
ACTION DOC 10000 1598 EXAMINING_DOCUMENT b'380727'
ACTION SNIPPET 10000 1601 SEEN_PREVIOUSLY b'1440589'
ACTION SNIPPET 10000 1604 SNIPPET_NOT_RELEVANT b'88513'
ACTION SNIPPET 10000 1607 SNIPPET_RELEVANT b'1696445'
ACTION DOC 10000 1627 EXAMINING_DOCUMENT b'1696445'
ACTION MARK 10000 1630 CONSIDERED_RELEVANT b'1696445'
ACTION SNIPPET 10000 1633 SEEN_PREVIOUSLY b'780876'
ACTION SNIPPET 10000 1636 SEEN_PREVIOUSLY b'1319228'
ACTION SNIPPET 10000 1639 SEEN_PREVIOUSLY b'1209591'
ACTION SNIPPET 10000 1642 SEEN_PREVIOUSLY b'1754536'
ACTION SNIPPET 10000 1645 SNIPPET_RELEVANT b'326855'
ACTION DOC 10000 1665 EXAMINING_DOCUMENT b'326855'
ACTION SNIPPET 10000 1668 SEEN_PREVIOUSLY b'1205254'
ACTION SNIPPET 10000 1671 SNIPPET_RELEVANT b'1573917'
ACTION DOC 10000 1691 EXAMINING_DOCUMENT b'1573917'
ACTION QUERY 10000 1701 black bear attacks prefectures
ACTION SERP 10000 1706 EXAMINE_SERP
ACTION SNIPPET 10000 1709 SEEN_PREVIOUSLY b'1625519'
ACTION SNIPPET 10000 1712 SNIPPET_RELEVANT b'1621813'
ACTION DOC 10000 1732 EXAMINING_DOCUMENT b'1621813'
ACTION SNIPPET 10000 1735 SNIPPET_RELEVANT b'29729'
ACTION DOC 10000 1755 EXAMINING_DOCUMENT b'29729'
ACTION QUERY 10000 1765 black bear attacks pinyon
ACTION SERP 10000 1770 EXAMINE_SERP
ACTION SNIPPET 10000 1773 SEEN_PREVIOUSLY b'1678327'
ACTION SNIPPET 10000 1776 SNIPPET_NOT_RELEVANT b'1390964'
ACTION SNIPPET 10000 1779 SEEN_PREVIOUSLY b'634674'
ACTION SNIPPET 10000 1782 SNIPPET_RELEVANT b'697573'
ACTION DOC 10000 1802 EXAMINING_DOCUMENT b'697573'
ACTION SNIPPET 10000 1805 SEEN_PREVIOUSLY b'1707062'
ACTION SNIPPET 10000 1808 SEEN_PREVIOUSLY b'1440589'
ACTION SNIPPET 10000 1811 SEEN_PREVIOUSLY b'780876'
ACTION SNIPPET 10000 1814 SEEN_PREVIOUSLY b'1319228'
ACTION SNIPPET 10000 1817 SEEN_PREVIOUSLY b'1209591'
ACTION QUERY 10000 1827 black bear attacks conroys
ACTION SERP 10000 1832 EXAMINE_SERP
ACTION SNIPPET 10000 1835 SEEN_PREVIOUSLY b'1204309'
ACTION SNIPPET 10000 1838 SNIPPET_NOT_RELEVANT b'1135412'
ACTION SNIPPET 10000 1841 SNIPPET_RELEVANT b'1652832'
ACTION DOC 10000 1861 EXAMINING_DOCUMENT b'1652832'
ACTION SNIPPET 10000 1864 SNIPPET_NOT_RELEVANT b'1184849'
ACTION SNIPPET 10000 1867 SNIPPET_NOT_RELEVANT b'1450876'
ACTION SNIPPET 10000 1870 SNIPPET_RELEVANT b'1579068'
ACTION DOC 10000 1890 EXAMINING_DOCUMENT b'1579068'
ACTION QUERY 10000 1900 black bear attacks girl
ACTION SERP 10000 1905 EXAMINE_SERP
ACTION SNIPPET 10000 1908 SEEN_PREVIOUSLY b'1754536'
ACTION SNIPPET 10000 1911 SEEN_PREVIOUSLY b'1417508'
ACTION SNIPPET 10000 1914 SEEN_PREVIOUSLY b'1417346'
ACTION SNIPPET 10000 1917 SNIPPET_NOT_RELEVANT b'37945'
ACTION SNIPPET 10000 1920 SNIPPET_RELEVANT b'666214'
ACTION DOC 10000 1940 EXAMINING_DOCUMENT b'666214'
ACTION SNIPPET 10000 1943 SEEN_PREVIOUSLY b'634674'
ACTION SNIPPET 10000 1946 SNIPPET_RELEVANT b'499520'
ACTION DOC 10000 1966 EXAMINING_DOCUMENT b'499520'
ACTION QUERY 10000 1976 black bear attacks kill
ACTION SERP 10000 1981 EXAMINE_SERP
ACTION SNIPPET 10000 1984 SEEN_PREVIOUSLY b'634674'
ACTION SNIPPET 10000 1987 SEEN_PREVIOUSLY b'1319228'
ACTION SNIPPET 10000 1990 SEEN_PREVIOUSLY b'1209591'
ACTION SNIPPET 10000 1993 SEEN_PREVIOUSLY b'1754536'
ACTION SNIPPET 10000 1996 SEEN_PREVIOUSLY b'869631'
ACTION SNIPPET 10000 1999 SEEN_PREVIOUSLY b'772939'
ACTION SNIPPET 10000 2002 SNIPPET_NOT_RELEVANT b'52133'
ACTION SNIPPET 10000 2005 SEEN_PREVIOUSLY b'1417508'
ACTION SNIPPET 10000 2008 SEEN_PREVIOUSLY b'1230221'
ACTION SNIPPET 10000 2011 SEEN_PREVIOUSLY b'1186175'
ACTION SNIPPET 10000 2014 SNIPPET_RELEVANT b'1697947'
ACTION DOC 10000 2034 EXAMINING_DOCUMENT b'1697947'
ACTION MARK 10000 2037 CONSIDERED_RELEVANT b'1697947'
ACTION SNIPPET 10000 2040 SEEN_PREVIOUSLY b'794213'
ACTION SNIPPET 10000 2043 SEEN_PREVIOUSLY b'794195'
ACTION SNIPPET 10000 2046 SEEN_PREVIOUSLY b'1319681'
ACTION SNIPPET 10000 2049 SEEN_PREVIOUSLY b'1541670'
ACTION SNIPPET 10000 2052 SEEN_PREVIOUSLY b'1417346'
ACTION SNIPPET 10000 2055 SNIPPET_RELEVANT b'955982'
ACTION DOC 10000 2075 EXAMINING_DOCUMENT b'955982'
ACTION SNIPPET 10000 2078 SEEN_PREVIOUSLY b'1204309'
ACTION SNIPPET 10000 2081 SNIPPET_NOT_RELEVANT b'1368283'
ACTION SNIPPET 10000 2084 SEEN_PREVIOUSLY b'1541943'
ACTION SNIPPET 10000 2087 SNIPPET_NOT_RELEVANT b'652450'
ACTION QUERY 10000 2097 black bear attacks treadwell
ACTION SERP 10000 2102 EXAMINE_SERP
ACTION SNIPPET 10000 2105 SEEN_PREVIOUSLY b'1697947'
ACTION SNIPPET 10000 2108 SNIPPET_NOT_RELEVANT b'1694106'
ACTION SNIPPET 10000 2111 SNIPPET_NOT_RELEVANT b'1736702'
ACTION SNIPPET 10000 2114 SNIPPET_RELEVANT b'709129'
ACTION DOC 10000 2134 EXAMINING_DOCUMENT b'709129'
ACTION SNIPPET 10000 2137 SNIPPET_NOT_RELEVANT b'1011595'
ACTION SNIPPET 10000 2140 SNIPPET_RELEVANT b'1670738'
ACTION DOC 10000 2160 EXAMINING_DOCUMENT b'1670738'
ACTION QUERY 10000 2170 black bear attacks man
ACTION SERP 10000 2175 EXAMINE_SERP
ACTION SNIPPET 10000 2178 SEEN_PREVIOUSLY b'1319681'
ACTION SNIPPET 10000 2181 SEEN_PREVIOUSLY b'634674'
ACTION SNIPPET 10000 2184 SEEN_PREVIOUSLY b'794195'
ACTION SNIPPET 10000 2187 SEEN_PREVIOUSLY b'794213'
ACTION SNIPPET 10000 2190 SNIPPET_RELEVANT b'52133'
ACTION DOC 10000 2210 EXAMINING_DOCUMENT b'52133'
ACTION SNIPPET 10000 2213 SNIPPET_RELEVANT b'357292'
ACTION DOC 10000 2233 EXAMINING_DOCUMENT b'357292'
ACTION QUERY 10000 2243 black bear attacks hurts
ACTION SERP 10000 2248 EXAMINE_SERP
ACTION SNIPPET 10000 2251 SEEN_PREVIOUSLY b'966180'
ACTION SNIPPET 10000 2254 SEEN_PREVIOUSLY b'634674'
ACTION SNIPPET 10000 2257 SEEN_PREVIOUSLY b'1319681'
ACTION SNIPPET 10000 2260 SEEN_PREVIOUSLY b'1417346'
ACTION SNIPPET 10000 2263 SNIPPET_RELEVANT b'652450'
ACTION DOC 10000 2283 EXAMINING_DOCUMENT b'652450'
ACTION SNIPPET 10000 2286 SEEN_PREVIOUSLY b'1707062'
ACTION SNIPPET 10000 2289 SNIPPET_NOT_RELEVANT b'505874'
ACTION SNIPPET 10000 2292 SNIPPET_RELEVANT b'1229011'
ACTION DOC 10000 2312 EXAMINING_DOCUMENT b'1229011'
ACTION MARK 10000 2315 CONSIDERED_RELEVANT b'1229011'
ACTION SNIPPET 10000 2318 SEEN_PREVIOUSLY b'1440589'
ACTION SNIPPET 10000 2321 SEEN_PREVIOUSLY b'780876'
ACTION SNIPPET 10000 2324 SNIPPET_NOT_RELEVANT b'1512862'
ACTION SNIPPET 10000 2327 SEEN_PREVIOUSLY b'1319228'
ACTION SNIPPET 10000 2330 SEEN_PREVIOUSLY b'1209591'
ACTION SNIPPET 10000 2333 SEEN_PREVIOUSLY b'1754536'
ACTION SNIPPET 10000 2336 SNIPPET_NOT_RELEVANT b'534157'
ACTION SNIPPET 10000 2339 SEEN_PREVIOUSLY b'1417508'
ACTION SNIPPET 10000 2342 SNIPPET_RELEVANT b'1526823'
ACTION DOC 10000 2362 EXAMINING_DOCUMENT b'1526823'
ACTION SNIPPET 10000 2365 SEEN_PREVIOUSLY b'1205254'
ACTION QUERY 10000 2375 black bear attacks whitman
ACTION SERP 10000 2380 EXAMINE_SERP
ACTION SNIPPET 10000 2383 SEEN_PREVIOUSLY b'1209591'
ACTION SNIPPET 10000 2386 SEEN_PREVIOUSLY b'1230221'
ACTION SNIPPET 10000 2389 SEEN_PREVIOUSLY b'1229011'
ACTION SNIPPET 10000 2392 SEEN_PREVIOUSLY b'1541943'
ACTION SNIPPET 10000 2395 SNIPPET_NOT_RELEVANT b'1225654'
ACTION SNIPPET 10000 2398 SNIPPET_RELEVANT b'1470554'
ACTION DOC 10000 2418 EXAMINING_DOCUMENT b'1470554'
ACTION SNIPPET 10000 2421 SNIPPET_RELEVANT b'731330'
ACTION DOC 10000 2441 EXAMINING_DOCUMENT b'731330'
ACTION QUERY 10000 2451 black bear attacks njs
ACTION SERP 10000 2456 EXAMINE_SERP
ACTION SNIPPET 10000 2459 SNIPPET_NOT_RELEVANT b'1424096'
ACTION SNIPPET 10000 2462 SNIPPET_NOT_RELEVANT b'1088765'
ACTION SNIPPET 10000 2465 SEEN_PREVIOUSLY b'634674'
ACTION SNIPPET 10000 2468 SEEN_PREVIOUSLY b'1707062'
ACTION SNIPPET 10000 2471 SNIPPET_NOT_RELEVANT b'1715660'
ACTION SNIPPET 10000 2474 SNIPPET_NOT_RELEVANT b'1716294'
ACTION SNIPPET 10000 2477 SEEN_PREVIOUSLY b'1440589'
ACTION SNIPPET 10000 2480 SEEN_PREVIOUSLY b'780876'
ACTION SNIPPET 10000 2483 SEEN_PREVIOUSLY b'1319228'
ACTION SNIPPET 10000 2486 SEEN_PREVIOUSLY b'1209591'
ACTION SNIPPET 10000 2489 SEEN_PREVIOUSLY b'1754536'
ACTION SNIPPET 10000 2492 SEEN_PREVIOUSLY b'1417508'
ACTION SNIPPET 10000 2495 SNIPPET_NOT_RELEVANT b'1016574'
ACTION SNIPPET 10000 2498 SNIPPET_NOT_RELEVANT b'1016373'
ACTION SNIPPET 10000 2501 SEEN_PREVIOUSLY b'1205254'
ACTION QUERY 10000 2511 black bear attacks years
ACTION SERP 10000 2516 EXAMINE_SERP
ACTION SNIPPET 10000 2519 SEEN_PREVIOUSLY b'634674'
ACTION SNIPPET 10000 2522 SEEN_PREVIOUSLY b'1707062'
ACTION SNIPPET 10000 2525 SEEN_PREVIOUSLY b'1440589'
ACTION SNIPPET 10000 2528 SEEN_PREVIOUSLY b'780876'
ACTION SNIPPET 10000 2531 SEEN_PREVIOUSLY b'1205254'
ACTION SNIPPET 10000 2534 SEEN_PREVIOUSLY b'1209591'
ACTION SNIPPET 10000 2537 SEEN_PREVIOUSLY b'1754536'
ACTION SNIPPET 10000 2540 SEEN_PREVIOUSLY b'1319228'
ACTION SNIPPET 10000 2543 SEEN_PREVIOUSLY b'1417508'
ACTION SNIPPET 10000 2546 SEEN_PREVIOUSLY b'1319681'
ACTION SNIPPET 10000 2549 SEEN_PREVIOUSLY b'966180'
ACTION SNIPPET 10000 2552 SEEN_PREVIOUSLY b'1625519'
ACTION SNIPPET 10000 2555 SEEN_PREVIOUSLY b'1230221'
ACTION SNIPPET 10000 2558 SEEN_PREVIOUSLY b'869631'
ACTION SNIPPET 10000 2561 SEEN_PREVIOUSLY b'52133'
ACTION QUERY 10000 2571 black bear attacks christina
ACTION SERP 10000 2576 EXAMINE_SERP
ACTION SNIPPET 10000 2579 SNIPPET_RELEVANT b'174217'
ACTION DOC 10000 2599 EXAMINING_DOCUMENT b'174217'
ACTION SNIPPET 10000 2602 SEEN_PREVIOUSLY b'634674'
ACTION SNIPPET 10000 2605 SEEN_PREVIOUSLY b'1707062'
ACTION SNIPPET 10000 2608 SNIPPET_NOT_RELEVANT b'808333'
ACTION SNIPPET 10000 2611 SEEN_PREVIOUSLY b'1440589'
ACTION SNIPPET 10000 2614 SNIPPET_RELEVANT b'1210135'
ACTION DOC 10000 2634 EXAMINING_DOCUMENT b'1210135'
ACTION QUERY 10000 2644 black bear attacks comeback
ACTION SERP 10000 2649 EXAMINE_SERP
ACTION SNIPPET 10000 2652 SEEN_PREVIOUSLY b'780876'
ACTION SNIPPET 10000 2655 SEEN_PREVIOUSLY b'1205254'
ACTION SNIPPET 10000 2658 SNIPPET_NOT_RELEVANT b'1205987'
ACTION SNIPPET 10000 2661 SEEN_PREVIOUSLY b'1541670'
ACTION SNIPPET 10000 2664 SNIPPET_RELEVANT b'116492'
ACTION DOC 10000 2684 EXAMINING_DOCUMENT b'116492'
ACTION SNIPPET 10000 2687 SEEN_PREVIOUSLY b'634674'
ACTION SNIPPET 10000 2690 SEEN_PREVIOUSLY b'1707062'
ACTION SNIPPET 10000 2693 SEEN_PREVIOUSLY b'1440589'
ACTION SNIPPET 10000 2696 SEEN_PREVIOUSLY b'1319228'
ACTION QUERY 10000 2706 black bear attacks kimono
ACTION SERP 10000 2711 EXAMINE_SERP
ACTION SNIPPET 10000 2714 SNIPPET_NOT_RELEVANT b'74856'
ACTION SNIPPET 10000 2717 SNIPPET_NOT_RELEVANT b'866394'
ACTION SNIPPET 10000 2720 SNIPPET_RELEVANT b'854638'
ACTION DOC 10000 2740 EXAMINING_DOCUMENT b'854638'
ACTION SNIPPET 10000 2743 SNIPPET_NOT_RELEVANT b'1382009'
ACTION SNIPPET 10000 2746 SEEN_PREVIOUSLY b'1625519'
ACTION SNIPPET 10000 2749 SNIPPET_RELEVANT b'352745'
ACTION DOC 10000 2769 EXAMINING_DOCUMENT b'352745'
ACTION QUERY 10000 2779 black bear attacks japanese
ACTION SERP 10000 2784 EXAMINE_SERP
ACTION SNIPPET 10000 2787 SEEN_PREVIOUSLY b'1625519'
ACTION SNIPPET 10000 2790 SNIPPET_RELEVANT b'878920'
ACTION DOC 10000 2810 EXAMINING_DOCUMENT b'878920'
ACTION SNIPPET 10000 2813 SEEN_PREVIOUSLY b'634674'
ACTION SNIPPET 10000 2816 SNIPPET_NOT_RELEVANT b'1626391'
ACTION SNIPPET 10000 2819 SEEN_PREVIOUSLY b'1707062'
ACTION SNIPPET 10000 2822 SEEN_PREVIOUSLY b'1440589'
ACTION SNIPPET 10000 2825 SNIPPET_NOT_RELEVANT b'1575161'
ACTION SNIPPET 10000 2828 SNIPPET_RELEVANT b'596573'
ACTION DOC 10000 2848 EXAMINING_DOCUMENT b'596573'
ACTION QUERY 10000 2858 black bear attacks il
ACTION SERP 10000 2863 EXAMINE_SERP
ACTION SNIPPET 10000 2866 SEEN_PREVIOUSLY b'634674'
ACTION SNIPPET 10000 2869 SNIPPET_NOT_RELEVANT b'1093943'
ACTION SNIPPET 10000 2872 SEEN_PREVIOUSLY b'1707062'
ACTION SNIPPET 10000 2875 SNIPPET_RELEVANT b'1134447'
ACTION DOC 10000 2895 EXAMINING_DOCUMENT b'1134447'
ACTION SNIPPET 10000 2898 SNIPPET_NOT_RELEVANT b'1596257'
ACTION SNIPPET 10000 2901 SEEN_PREVIOUSLY b'1440589'
ACTION SNIPPET 10000 2904 SEEN_PREVIOUSLY b'780876'
ACTION SNIPPET 10000 2907 SNIPPET_RELEVANT b'1649689'
ACTION DOC 10000 2927 EXAMINING_DOCUMENT b'1649689'
ACTION QUERY 10000 2937 black bear attacks trying
ACTION SERP 10000 2942 EXAMINE_SERP
ACTION SNIPPET 10000 2945 SEEN_PREVIOUSLY b'1754536'
ACTION SNIPPET 10000 2948 SEEN_PREVIOUSLY b'634674'
ACTION SNIPPET 10000 2951 SEEN_PREVIOUSLY b'52133'
ACTION SNIPPET 10000 2954 SEEN_PREVIOUSLY b'1541943'
ACTION SNIPPET 10000 2957 SEEN_PREVIOUSLY b'1707062'
ACTION SNIPPET 10000 2960 SEEN_PREVIOUSLY b'1418708'
ACTION SNIPPET 10000 2963 SEEN_PREVIOUSLY b'1850183'
ACTION SNIPPET 10000 2966 SNIPPET_NOT_RELEVANT b'1511708'
ACTION SNIPPET 10000 2969 SEEN_PREVIOUSLY b'772939'
ACTION SNIPPET 10000 2972 SEEN_PREVIOUSLY b'955982'
ACTION SNIPPET 10000 2975 SEEN_PREVIOUSLY b'869631'
ACTION SNIPPET 10000 2978 SEEN_PREVIOUSLY b'1440589'
ACTION SNIPPET 10000 2981 SEEN_PREVIOUSLY b'1319681'
ACTION SNIPPET 10000 2984 SEEN_PREVIOUSLY b'966180'
ACTION SNIPPET 10000 2987 SEEN_PREVIOUSLY b'780876'
ACTION QUERY 10000 2997 black bear attacks hunted
ACTION SERP 10000 3002 EXAMINE_SERP
ACTION SNIPPET 10000 3005 SEEN_PREVIOUSLY b'634674'
ACTION SNIPPET 10000 3008 SEEN_PREVIOUSLY b'1209591'
ACTION SNIPPET 10000 3011 SEEN_PREVIOUSLY b'1230221'
ACTION SNIPPET 10000 3014 SEEN_PREVIOUSLY b'1417508'
ACTION SNIPPET 10000 3017 SEEN_PREVIOUSLY b'1205254'
ACTION SNIPPET 10000 3020 SEEN_PREVIOUSLY b'1629286'
ACTION SNIPPET 10000 3023 SEEN_PREVIOUSLY b'1541943'
ACTION SNIPPET 10000 3026 SEEN_PREVIOUSLY b'652450'
ACTION SNIPPET 10000 3029 SEEN_PREVIOUSLY b'1541670'
ACTION SNIPPET 10000 3032 SEEN_PREVIOUSLY b'1186175'
ACTION SNIPPET 10000 3035 SEEN_PREVIOUSLY b'1319681'
ACTION SNIPPET 10000 3038 SEEN_PREVIOUSLY b'1229011'
ACTION SNIPPET 10000 3041 SNIPPET_RELEVANT b'1399077'
ACTION DOC 10000 3061 EXAMINING_DOCUMENT b'1399077'
ACTION MARK 10000 3064 CONSIDERED_RELEVANT b'1399077'
ACTION SNIPPET 10000 3067 SNIPPET_RELEVANT b'1520752'
ACTION DOC 10000 3087 EXAMINING_DOCUMENT b'1520752'
ACTION MARK 10000 3090 CONSIDERED_RELEVANT b'1520752'
ACTION SNIPPET 10000 3093 SEEN_PREVIOUSLY b'1625519'
ACTION SNIPPET 10000 3096 SEEN_PREVIOUSLY b'1204309'
ACTION SNIPPET 10000 3099 SNIPPET_NOT_RELEVANT b'1565302'
ACTION SNIPPET 10000 3102 SEEN_PREVIOUSLY b'1673457'
ACTION SNIPPET 10000 3105 SNIPPET_RELEVANT b'1619655'
ACTION DOC 10000 3125 EXAMINING_DOCUMENT b'1619655'
ACTION SNIPPET 10000 3128 SNIPPET_RELEVANT b'1511708'
ACTION DOC 10000 3148 EXAMINING_DOCUMENT b'1511708'
ACTION QUERY 10000 3158 black bear attacks trash
ACTION SERP 10000 3163 EXAMINE_SERP
ACTION SNIPPET 10000 3166 SEEN_PREVIOUSLY b'1678327'
ACTION SNIPPET 10000 3169 SEEN_PREVIOUSLY b'1541670'
ACTION SNIPPET 10000 3172 SEEN_PREVIOUSLY b'1228536'
ACTION SNIPPET 10000 3175 SNIPPET_RELEVANT b'691856'
ACTION DOC 10000 3195 EXAMINING_DOCUMENT b'691856'
ACTION SNIPPET 10000 3198 SNIPPET_RELEVANT b'1321324'
ACTION DOC 10000 3218 EXAMINING_DOCUMENT b'1321324'
ACTION MARK 10000 3221 CONSIDERED_RELEVANT b'1321324'
ACTION SNIPPET 10000 3224 SNIPPET_RELEVANT b'312131'
ACTION DOC 10000 3244 EXAMINING_DOCUMENT b'312131'
ACTION MARK 10000 3247 CONSIDERED_RELEVANT b'312131'
ACTION SNIPPET 10000 3250 SNIPPET_RELEVANT b'1538108'
ACTION DOC 10000 3270 EXAMINING_DOCUMENT b'1538108'
ACTION MARK 10000 3273 CONSIDERED_RELEVANT b'1538108'
ACTION SNIPPET 10000 3276 SEEN_PREVIOUSLY b'1319681'
ACTION SNIPPET 10000 3279 SNIPPET_NOT_RELEVANT b'1542500'
ACTION SNIPPET 10000 3282 SNIPPET_RELEVANT b'948068'
ACTION DOC 10000 3302 EXAMINING_DOCUMENT b'948068'
ACTION SNIPPET 10000 3305 SNIPPET_NOT_RELEVANT b'397402'
ACTION SNIPPET 10000 3308 SEEN_PREVIOUSLY b'634674'
ACTION SNIPPET 10000 3311 SNIPPET_NOT_RELEVANT b'1658625'
ACTION SNIPPET 10000 3314 SNIPPET_NOT_RELEVANT b'462282'
ACTION SNIPPET 10000 3317 SEEN_PREVIOUSLY b'1520752'
ACTION SNIPPET 10000 3320 SNIPPET_NOT_RELEVANT b'1800314'
ACTION SNIPPET 10000 3323 SNIPPET_NOT_RELEVANT b'920115'
ACTION QUERY 10000 3333 black bear attacks hit
ACTION SERP 10000 3338 EXAMINE_SERP
ACTION SNIPPET 10000 3341 SEEN_PREVIOUSLY b'1754536'
ACTION SNIPPET 10000 3344 SEEN_PREVIOUSLY b'634674'
ACTION SNIPPET 10000 3347 SEEN_PREVIOUSLY b'1850183'
ACTION SNIPPET 10000 3350 SEEN_PREVIOUSLY b'1707062'
ACTION SNIPPET 10000 3353 SEEN_PREVIOUSLY b'794195'
ACTION SNIPPET 10000 3356 SEEN_PREVIOUSLY b'794213'
ACTION SNIPPET 10000 3359 SNIPPET_NOT_RELEVANT b'1214355'
ACTION SNIPPET 10000 3362 SEEN_PREVIOUSLY b'1440589'
ACTION SNIPPET 10000 3365 SEEN_PREVIOUSLY b'780876'
ACTION SNIPPET 10000 3368 SNIPPET_RELEVANT b'92414'
ACTION DOC 10000 3388 EXAMINING_DOCUMENT b'92414'
ACTION QUERY 10000 3398 black bear attacks dangerous
ACTION SERP 10000 3403 EXAMINE_SERP
ACTION SNIPPET 10000 3406 SEEN_PREVIOUSLY b'1205254'
ACTION SNIPPET 10000 3409 SEEN_PREVIOUSLY b'955982'
ACTION SNIPPET 10000 3412 SEEN_PREVIOUSLY b'869631'
ACTION SNIPPET 10000 3415 SEEN_PREVIOUSLY b'52133'
ACTION SNIPPET 10000 3418 SEEN_PREVIOUSLY b'1230221'
ACTION SNIPPET 10000 3421 SEEN_PREVIOUSLY b'634674'
ACTION SNIPPET 10000 3424 SEEN_PREVIOUSLY b'966180'
ACTION SNIPPET 10000 3427 SNIPPET_RELEVANT b'497482'
ACTION DOC 10000 3447 EXAMINING_DOCUMENT b'497482'
ACTION SNIPPET 10000 3450 SEEN_PREVIOUSLY b'1204309'
ACTION QUERY 10000 3460 black bear attacks recorded
ACTION SERP 10000 3465 EXAMINE_SERP
ACTION SNIPPET 10000 3468 SEEN_PREVIOUSLY b'634674'
ACTION SNIPPET 10000 3471 SEEN_PREVIOUSLY b'1417508'
ACTION SNIPPET 10000 3474 SEEN_PREVIOUSLY b'1625519'
ACTION SNIPPET 10000 3477 SEEN_PREVIOUSLY b'1707062'
ACTION SNIPPET 10000 3480 SNIPPET_NOT_RELEVANT b'1368283'
ACTION SNIPPET 10000 3483 SEEN_PREVIOUSLY b'966180'
ACTION SNIPPET 10000 3486 SEEN_PREVIOUSLY b'1319681'
ACTION SNIPPET 10000 3489 SEEN_PREVIOUSLY b'1440589'
ACTION SNIPPET 10000 3492 SEEN_PREVIOUSLY b'780876'
ACTION SNIPPET 10000 3495 SEEN_PREVIOUSLY b'1319228'
ACTION SNIPPET 10000 3498 SEEN_PREVIOUSLY b'1209591'
ACTION SNIPPET 10000 3501 SEEN_PREVIOUSLY b'1754536'
ACTION SNIPPET 10000 3504 SEEN_PREVIOUSLY b'1399077'
ACTION SNIPPET 10000 3507 SEEN_PREVIOUSLY b'1205254'
ACTION SNIPPET 10000 3510 SNIPPET_NOT_RELEVANT b'433923'
ACTION QUERY 10000 3520 black bear attacks rush
ACTION SERP 10000 3525 EXAMINE_SERP
ACTION SNIPPET 10000 3528 SEEN_PREVIOUSLY b'772939'
ACTION SNIPPET 10000 3531 SEEN_PREVIOUSLY b'869631'
ACTION SNIPPET 10000 3534 SEEN_PREVIOUSLY b'634674'
ACTION SNIPPET 10000 3537 SNIPPET_RELEVANT b'47880'
ACTION DOC 10000 3557 EXAMINING_DOCUMENT b'47880'
ACTION SNIPPET 10000 3560 SEEN_PREVIOUSLY b'1707062'
ACTION SNIPPET 10000 3563 SNIPPET_RELEVANT b'505874'
ACTION DOC 10000 3583 EXAMINING_DOCUMENT b'505874'
ACTION QUERY 10000 3593 black bear attacks restocking
ACTION SERP 10000 3598 EXAMINE_SERP
ACTION SNIPPET 10000 3601 SEEN_PREVIOUSLY b'634674'
ACTION SNIPPET 10000 3604 SNIPPET_RELEVANT b'1083502'
ACTION DOC 10000 3624 EXAMINING_DOCUMENT b'1083502'
ACTION SNIPPET 10000 3627 SNIPPET_RELEVANT b'95092'
ACTION DOC 10000 3647 EXAMINING_DOCUMENT b'95092'
ACTION QUERY 10000 3657 black bear attacks israel
ACTION SERP 10000 3662 EXAMINE_SERP
ACTION SNIPPET 10000 3665 SEEN_PREVIOUSLY b'1695797'
ACTION SNIPPET 10000 3668 SEEN_PREVIOUSLY b'634674'
ACTION SNIPPET 10000 3671 SNIPPET_NOT_RELEVANT b'1445100'
ACTION SNIPPET 10000 3674 SNIPPET_RELEVANT b'1761746'
ACTION DOC 10000 3694 EXAMINING_DOCUMENT b'1761746'
ACTION SNIPPET 10000 3697 SEEN_PREVIOUSLY b'1707062'
ACTION SNIPPET 10000 3700 SNIPPET_RELEVANT b'1329342'
ACTION DOC 10000 3720 EXAMINING_DOCUMENT b'1329342'
ACTION QUERY 10000 3730 black bear attacks nc
ACTION SERP 10000 3735 EXAMINE_SERP
ACTION SNIPPET 10000 3738 SNIPPET_RELEVANT b'389199'
ACTION DOC 10000 3758 EXAMINING_DOCUMENT b'389199'
ACTION SNIPPET 10000 3761 SNIPPET_NOT_RELEVANT b'390858'
ACTION SNIPPET 10000 3764 SNIPPET_NOT_RELEVANT b'390859'
ACTION SNIPPET 10000 3767 SNIPPET_RELEVANT b'1266663'
ACTION DOC 10000 3787 EXAMINING_DOCUMENT b'1266663'
ACTION QUERY 10000 3797 black bear attacks remorse
ACTION SERP 10000 3802 EXAMINE_SERP
ACTION SNIPPET 10000 3805 SEEN_PREVIOUSLY b'1673457'
ACTION SNIPPET 10000 3808 SNIPPET_NOT_RELEVANT b'1224691'
ACTION SNIPPET 10000 3811 SNIPPET_RELEVANT b'401135'
ACTION DOC 10000 3831 EXAMINING_DOCUMENT b'401135'
ACTION SNIPPET 10000 3834 SNIPPET_NOT_RELEVANT b'340541'
ACTION SNIPPET 10000 3837 SEEN_PREVIOUSLY b'634674'
ACTION SNIPPET 10000 3840 SNIPPET_RELEVANT b'280940'
ACTION DOC 10000 3860 EXAMINING_DOCUMENT b'280940'
ACTION QUERY 10000 3870 black bear attacks walked
ACTION SERP 10000 3875 EXAMINE_SERP
ACTION SNIPPET 10000 3878 SEEN_PREVIOUSLY b'1625519'
ACTION SNIPPET 10000 3881 SEEN_PREVIOUSLY b'1204309'
ACTION SNIPPET 10000 3884 SEEN_PREVIOUSLY b'634674'
ACTION SNIPPET 10000 3887 SEEN_PREVIOUSLY b'772939'
ACTION SNIPPET 10000 3890 SEEN_PREVIOUSLY b'1319681'
ACTION SNIPPET 10000 3893 SEEN_PREVIOUSLY b'1707062'
ACTION SNIPPET 10000 3896 SNIPPET_NOT_RELEVANT b'1214355'
ACTION SNIPPET 10000 3899 SEEN_PREVIOUSLY b'1078863'
ACTION SNIPPET 10000 3902 SEEN_PREVIOUSLY b'1440589'
ACTION SNIPPET 10000 3905 SEEN_PREVIOUSLY b'780876'
ACTION SNIPPET 10000 3908 SNIPPET_NOT_RELEVANT b'752984'
ACTION SNIPPET 10000 3911 SEEN_PREVIOUSLY b'1697947'
ACTION SNIPPET 10000 3914 SNIPPET_NOT_RELEVANT b'928789'
ACTION SNIPPET 10000 3917 SNIPPET_RELEVANT b'43445'
ACTION DOC 10000 3937 EXAMINING_DOCUMENT b'43445'
ACTION QUERY 10000 3947 black bear attacks prefecture
ACTION SERP 10000 3952 EXAMINE_SERP
ACTION SNIPPET 10000 3955 SEEN_PREVIOUSLY b'1625519'
ACTION SNIPPET 10000 3958 SEEN_PREVIOUSLY b'1621813'
ACTION SNIPPET 10000 3961 SEEN_PREVIOUSLY b'29729'
ACTION SNIPPET 10000 3964 SEEN_PREVIOUSLY b'634674'
ACTION SNIPPET 10000 3967 SNIPPET_RELEVANT b'758112'
ACTION DOC 10000 3987 EXAMINING_DOCUMENT b'758112'
ACTION SNIPPET 10000 3990 SEEN_PREVIOUSLY b'1707062'
ACTION SNIPPET 10000 3993 SNIPPET_NOT_RELEVANT b'51223'
ACTION SNIPPET 10000 3996 SNIPPET_NOT_RELEVANT b'940479'
ACTION SNIPPET 10000 3999 SNIPPET_NOT_RELEVANT b'1287848'
ACTION QUERY 10000 4009 black bear attacks signal
ACTION SERP 10000 4014 EXAMINE_SERP
ACTION SNIPPET 10000 4017 SEEN_PREVIOUSLY b'1319681'
ACTION SNIPPET 10000 4020 SEEN_PREVIOUSLY b'634674'
ACTION SNIPPET 10000 4023 SEEN_PREVIOUSLY b'1707062'
ACTION SNIPPET 10000 4026 SEEN_PREVIOUSLY b'1440589'
ACTION SNIPPET 10000 4029 SNIPPET_NOT_RELEVANT b'704439'
ACTION SNIPPET 10000 4032 SEEN_PREVIOUSLY b'780876'
ACTION SNIPPET 10000 4035 SEEN_PREVIOUSLY b'1399077'
ACTION SNIPPET 10000 4038 SNIPPET_NOT_RELEVANT b'1608731'
ACTION SNIPPET 10000 4041 SEEN_PREVIOUSLY b'1319228'
ACTION SNIPPET 10000 4044 SEEN_PREVIOUSLY b'1209591'
ACTION SNIPPET 10000 4047 SEEN_PREVIOUSLY b'1754536'
ACTION SNIPPET 10000 4050 SEEN_PREVIOUSLY b'1417508'
ACTION SNIPPET 10000 4053 SNIPPET_NOT_RELEVANT b'1329160'
ACTION SNIPPET 10000 4056 SEEN_PREVIOUSLY b'1205254'
ACTION SNIPPET 10000 4059 SNIPPET_NOT_RELEVANT b'752984'
ACTION QUERY 10000 4069 black bear attacks pennsylvania
ACTION SERP 10000 4074 EXAMINE_SERP
ACTION SNIPPET 10000 4077 SNIPPET_NOT_RELEVANT b'51450'
ACTION SNIPPET 10000 4080 SEEN_PREVIOUSLY b'1209591'
ACTION SNIPPET 10000 4083 SNIPPET_RELEVANT b'176757'
ACTION DOC 10000 4103 EXAMINING_DOCUMENT b'176757'
ACTION SNIPPET 10000 4106 SEEN_PREVIOUSLY b'634674'
ACTION SNIPPET 10000 4109 SNIPPET_RELEVANT b'1417483'
ACTION DOC 10000 4129 EXAMINING_DOCUMENT b'1417483'
ACTION MARK 10000 4132 CONSIDERED_RELEVANT b'1417483'
ACTION SNIPPET 10000 4135 SEEN_PREVIOUSLY b'948068'
ACTION SNIPPET 10000 4138 SNIPPET_RELEVANT b'1171663'
ACTION DOC 10000 4158 EXAMINING_DOCUMENT b'1171663'
ACTION MARK 10000 4161 CONSIDERED_RELEVANT b'1171663'
ACTION SNIPPET 10000 4164 SEEN_PREVIOUSLY b'1707062'
ACTION SNIPPET 10000 4167 SNIPPET_NOT_RELEVANT b'592670'
ACTION SNIPPET 10000 4170 SEEN_PREVIOUSLY b'1440589'
ACTION SNIPPET 10000 4173 SEEN_PREVIOUSLY b'1399077'
ACTION SNIPPET 10000 4176 SNIPPET_RELEVANT b'1543403'
ACTION DOC 10000 4196 EXAMINING_DOCUMENT b'1543403'
ACTION SNIPPET 10000 4199 SEEN_PREVIOUSLY b'780876'
ACTION SNIPPET 10000 4202 SEEN_PREVIOUSLY b'1319228'
ACTION SNIPPET 10000 4205 SEEN_PREVIOUSLY b'1754536'
ACTION SNIPPET 10000 4208 SNIPPET_NOT_RELEVANT b'1541452'
ACTION SNIPPET 10000 4211 SNIPPET_RELEVANT b'212539'
ACTION DOC 10000 4231 EXAMINING_DOCUMENT b'212539'
ACTION QUERY 10000 4241 black bear attacks lion
ACTION SERP 10000 4246 EXAMINE_SERP
ACTION SNIPPET 10000 4249 SEEN_PREVIOUSLY b'1171663'
ACTION SNIPPET 10000 4252 SEEN_PREVIOUSLY b'1697947'
ACTION SNIPPET 10000 4255 SNIPPET_NOT_RELEVANT b'652261'
ACTION SNIPPET 10000 4258 SNIPPET_RELEVANT b'271318'
ACTION DOC 10000 4278 EXAMINING_DOCUMENT b'271318'
ACTION SNIPPET 10000 4281 SNIPPET_NOT_RELEVANT b'703662'
ACTION SNIPPET 10000 4284 SNIPPET_NOT_RELEVANT b'1723893'
ACTION SNIPPET 10000 4287 SNIPPET_NOT_RELEVANT b'813644'
ACTION SNIPPET 10000 4290 SNIPPET_NOT_RELEVANT b'1097933'
ACTION SNIPPET 10000 4293 SNIPPET_NOT_RELEVANT b'1369989'
ACTION QUERY 10000 4303 black bear attacks danny
ACTION SERP 10000 4308 EXAMINE_SERP
ACTION SNIPPET 10000 4311 SNIPPET_NOT_RELEVANT b'472306'
ACTION SNIPPET 10000 4314 SEEN_PREVIOUSLY b'634674'
ACTION SNIPPET 10000 4317 SEEN_PREVIOUSLY b'1707062'
ACTION SNIPPET 10000 4320 SNIPPET_NOT_RELEVANT b'1385312'
ACTION SNIPPET 10000 4323 SNIPPET_RELEVANT b'1387197'
ACTION DOC 10000 4343 EXAMINING_DOCUMENT b'1387197'
ACTION SNIPPET 10000 4346 SEEN_PREVIOUSLY b'1440589'
ACTION SNIPPET 10000 4349 SEEN_PREVIOUSLY b'780876'
ACTION SNIPPET 10000 4352 SNIPPET_RELEVANT b'1416241'
ACTION DOC 10000 4372 EXAMINING_DOCUMENT b'1416241'
ACTION QUERY 10000 4382 black bear attacks night
ACTION SERP 10000 4387 EXAMINE_SERP
ACTION SNIPPET 10000 4390 SEEN_PREVIOUSLY b'634674'
ACTION SNIPPET 10000 4393 SEEN_PREVIOUSLY b'1319681'
ACTION SNIPPET 10000 4396 SEEN_PREVIOUSLY b'794195'
ACTION SNIPPET 10000 4399 SEEN_PREVIOUSLY b'794213'
ACTION SNIPPET 10000 4402 SEEN_PREVIOUSLY b'1230221'
ACTION SNIPPET 10000 4405 SEEN_PREVIOUSLY b'1850183'
ACTION SNIPPET 10000 4408 SEEN_PREVIOUSLY b'1707062'
ACTION SNIPPET 10000 4411 SEEN_PREVIOUSLY b'1541670'
ACTION SNIPPET 10000 4414 SEEN_PREVIOUSLY b'966180'
ACTION SNIPPET 10000 4417 SEEN_PREVIOUSLY b'1440589'
ACTION SNIPPET 10000 4420 SEEN_PREVIOUSLY b'1204309'
ACTION SNIPPET 10000 4423 SEEN_PREVIOUSLY b'780876'
ACTION SNIPPET 10000 4426 SEEN_PREVIOUSLY b'923828'
ACTION SNIPPET 10000 4429 SEEN_PREVIOUSLY b'666214'
ACTION SNIPPET 10000 4432 SEEN_PREVIOUSLY b'1319228'
ACTION QUERY 10000 4442 black bear attacks citizens
ACTION SERP 10000 4447 EXAMINE_SERP
ACTION SNIPPET 10000 4450 SNIPPET_NOT_RELEVANT b'259580'
ACTION SNIPPET 10000 4453 SEEN_PREVIOUSLY b'966180'
ACTION SNIPPET 10000 4456 SNIPPET_RELEVANT b'1203456'
ACTION DOC 10000 4476 EXAMINING_DOCUMENT b'1203456'
ACTION MARK 10000 4479 CONSIDERED_RELEVANT b'1203456'
ACTION SNIPPET 10000 4482 SEEN_PREVIOUSLY b'634674'
ACTION SNIPPET 10000 4485 SEEN_PREVIOUSLY b'1541670'
ACTION SNIPPET 10000 4488 SEEN_PREVIOUSLY b'1707062'
ACTION SNIPPET 10000 4491 SNIPPET_NOT_RELEVANT b'873797'
ACTION SNIPPET 10000 4494 SEEN_PREVIOUSLY b'1229011'
ACTION SNIPPET 10000 4497 SEEN_PREVIOUSLY b'1440589'
ACTION SNIPPET 10000 4500 SNIPPET_RELEVANT b'1012549'
ACTION DOC 10000 4520 EXAMINING_DOCUMENT b'1012549'
ACTION MARK 10000 4523 CONSIDERED_RELEVANT b'1012549'
ACTION SNIPPET 10000 4526 SEEN_PREVIOUSLY b'780876'
ACTION SNIPPET 10000 4529 SNIPPET_NOT_RELEVANT b'278569'
ACTION SNIPPET 10000 4532 SNIPPET_NOT_RELEVANT b'318193'
ACTION SNIPPET 10000 4535 SEEN_PREVIOUSLY b'1319228'
ACTION SNIPPET 10000 4538 SEEN_PREVIOUSLY b'1209591'
ACTION SNIPPET 10000 4541 SEEN_PREVIOUSLY b'1754536'
ACTION SNIPPET 10000 4544 SEEN_PREVIOUSLY b'1417508'
ACTION SNIPPET 10000 4547 SNIPPET_NOT_RELEVANT b'1730492'
ACTION SNIPPET 10000 4550 SNIPPET_RELEVANT b'1370062'
ACTION DOC 10000 4570 EXAMINING_DOCUMENT b'1370062'
ACTION SNIPPET 10000 4573 SNIPPET_NOT_RELEVANT b'1399512'
ACTION QUERY 10000 4583 black bear attacks percentage
ACTION SERP 10000 4588 EXAMINE_SERP
ACTION SNIPPET 10000 4591 SEEN_PREVIOUSLY b'634674'
ACTION SNIPPET 10000 4594 SEEN_PREVIOUSLY b'1707062'
ACTION SNIPPET 10000 4597 SEEN_PREVIOUSLY b'1543403'
ACTION SNIPPET 10000 4600 SEEN_PREVIOUSLY b'1440589'
ACTION SNIPPET 10000 4603 SEEN_PREVIOUSLY b'780876'
ACTION SNIPPET 10000 4606 SNIPPET_NOT_RELEVANT b'1034630'
ACTION SNIPPET 10000 4609 SEEN_PREVIOUSLY b'1319228'
ACTION SNIPPET 10000 4612 SEEN_PREVIOUSLY b'1209591'
ACTION SNIPPET 10000 4615 SEEN_PREVIOUSLY b'1754536'
ACTION SNIPPET 10000 4618 SEEN_PREVIOUSLY b'1417508'
ACTION SNIPPET 10000 4621 SEEN_PREVIOUSLY b'1205254'
ACTION SNIPPET 10000 4624 SNIPPET_NOT_RELEVANT b'448808'
ACTION SNIPPET 10000 4627 SNIPPET_NOT_RELEVANT b'1830773'
ACTION SNIPPET 10000 4630 SEEN_PREVIOUSLY b'1319681'
ACTION SNIPPET 10000 4633 SEEN_PREVIOUSLY b'1625519'
ACTION QUERY 10000 4643 black bear attacks best
ACTION SERP 10000 4648 EXAMINE_SERP
ACTION SNIPPET 10000 4651 SEEN_PREVIOUSLY b'1707062'
ACTION SNIPPET 10000 4654 SEEN_PREVIOUSLY b'634674'
ACTION SNIPPET 10000 4657 SEEN_PREVIOUSLY b'1541670'
ACTION SNIPPET 10000 4660 SEEN_PREVIOUSLY b'1440589'
ACTION SNIPPET 10000 4663 SEEN_PREVIOUSLY b'1319681'
ACTION SNIPPET 10000 4666 SEEN_PREVIOUSLY b'780876'
ACTION SNIPPET 10000 4669 SEEN_PREVIOUSLY b'1319228'
ACTION SNIPPET 10000 4672 SEEN_PREVIOUSLY b'1209591'
ACTION SNIPPET 10000 4675 SEEN_PREVIOUSLY b'1754536'
ACTION SNIPPET 10000 4678 SEEN_PREVIOUSLY b'1417508'
ACTION SNIPPET 10000 4681 SEEN_PREVIOUSLY b'1205254'
ACTION SNIPPET 10000 4684 SEEN_PREVIOUSLY b'1625519'
ACTION SNIPPET 10000 4687 SEEN_PREVIOUSLY b'869631'
ACTION SNIPPET 10000 4690 SEEN_PREVIOUSLY b'966180'
ACTION SNIPPET 10000 4693 SEEN_PREVIOUSLY b'794195'
ACTION QUERY 10000 4703 black bear attacks train
ACTION SERP 10000 4708 EXAMINE_SERP
ACTION SNIPPET 10000 4711 SEEN_PREVIOUSLY b'1417508'
ACTION SNIPPET 10000 4714 SEEN_PREVIOUSLY b'634674'
ACTION SNIPPET 10000 4717 SEEN_PREVIOUSLY b'772939'
ACTION SNIPPET 10000 4720 SEEN_PREVIOUSLY b'1707062'
ACTION SNIPPET 10000 4723 SNIPPET_NOT_RELEVANT b'150548'
ACTION SNIPPET 10000 4726 SEEN_PREVIOUSLY b'1440589'
ACTION SNIPPET 10000 4729 SEEN_PREVIOUSLY b'780876'
ACTION SNIPPET 10000 4732 SEEN_PREVIOUSLY b'1697947'
ACTION SNIPPET 10000 4735 SEEN_PREVIOUSLY b'1319228'
ACTION SNIPPET 10000 4738 SEEN_PREVIOUSLY b'1209591'
ACTION SNIPPET 10000 4741 SEEN_PREVIOUSLY b'1754536'
ACTION SNIPPET 10000 4744 SNIPPET_NOT_RELEVANT b'1537695'
ACTION SNIPPET 10000 4747 SEEN_PREVIOUSLY b'1229011'
ACTION SNIPPET 10000 4750 SEEN_PREVIOUSLY b'1205254'
ACTION SNIPPET 10000 4753 SNIPPET_NOT_RELEVANT b'80786'
ACTION QUERY 10000 4763 black bear attacks white
ACTION SERP 10000 4768 EXAMINE_SERP
ACTION SNIPPET 10000 4771 SEEN_PREVIOUSLY b'666214'
ACTION SNIPPET 10000 4774 SEEN_PREVIOUSLY b'923828'
ACTION SNIPPET 10000 4777 SEEN_PREVIOUSLY b'634674'
ACTION SNIPPET 10000 4780 SEEN_PREVIOUSLY b'1707062'
ACTION SNIPPET 10000 4783 SEEN_PREVIOUSLY b'772939'
ACTION SNIPPET 10000 4786 SNIPPET_NOT_RELEVANT b'1662096'
ACTION SNIPPET 10000 4789 SEEN_PREVIOUSLY b'1440589'
ACTION SNIPPET 10000 4792 SNIPPET_NOT_RELEVANT b'1298723'
ACTION SNIPPET 10000 4795 SEEN_PREVIOUSLY b'780876'
ACTION SNIPPET 10000 4798 SEEN_PREVIOUSLY b'271318'
ACTION SNIPPET 10000 4801 SEEN_PREVIOUSLY b'1541670'
ACTION SNIPPET 10000 4804 SNIPPET_NOT_RELEVANT b'1142388'
ACTION SNIPPET 10000 4807 SEEN_PREVIOUSLY b'1761746'
ACTION SNIPPET 10000 4810 SEEN_PREVIOUSLY b'1319228'
ACTION SNIPPET 10000 4813 SEEN_PREVIOUSLY b'1209591'
ACTION QUERY 10000 4823 black bear attacks ideal
ACTION SERP 10000 4828 EXAMINE_SERP
ACTION SNIPPET 10000 4831 SEEN_PREVIOUSLY b'1541670'
ACTION SNIPPET 10000 4834 SEEN_PREVIOUSLY b'1678327'
ACTION SNIPPET 10000 4837 SEEN_PREVIOUSLY b'634674'
ACTION SNIPPET 10000 4840 SEEN_PREVIOUSLY b'1697947'
ACTION SNIPPET 10000 4843 SEEN_PREVIOUSLY b'1707062'
ACTION SNIPPET 10000 4846 SEEN_PREVIOUSLY b'1399077'
ACTION SNIPPET 10000 4849 SEEN_PREVIOUSLY b'1440589'
ACTION SNIPPET 10000 4852 SEEN_PREVIOUSLY b'780876'
ACTION SNIPPET 10000 4855 SNIPPET_NOT_RELEVANT b'276580'
ACTION SNIPPET 10000 4858 SEEN_PREVIOUSLY b'1319228'
ACTION SNIPPET 10000 4861 SEEN_PREVIOUSLY b'1209591'
ACTION SNIPPET 10000 4864 SEEN_PREVIOUSLY b'1754536'
ACTION SNIPPET 10000 4867 SEEN_PREVIOUSLY b'1203456'
ACTION SNIPPET 10000 4870 SEEN_PREVIOUSLY b'1417508'
ACTION SNIPPET 10000 4873 SEEN_PREVIOUSLY b'1205254'
ACTION QUERY 10000 4883 black bear attacks attacking
ACTION SERP 10000 4888 EXAMINE_SERP
ACTION SNIPPET 10000 4891 SEEN_PREVIOUSLY b'634674'
ACTION SNIPPET 10000 4894 SEEN_PREVIOUSLY b'1707062'
ACTION SNIPPET 10000 4897 SEEN_PREVIOUSLY b'1440589'
ACTION SNIPPET 10000 4900 SEEN_PREVIOUSLY b'1754536'
ACTION SNIPPET 10000 4903 SEEN_PREVIOUSLY b'1319228'
ACTION SNIPPET 10000 4906 SEEN_PREVIOUSLY b'1205254'
ACTION SNIPPET 10000 4909 SEEN_PREVIOUSLY b'780876'
ACTION SNIPPET 10000 4912 SEEN_PREVIOUSLY b'772939'
ACTION SNIPPET 10000 4915 SEEN_PREVIOUSLY b'1209591'
ACTION SNIPPET 10000 4918 SEEN_PREVIOUSLY b'1417508'
ACTION SNIPPET 10000 4921 SEEN_PREVIOUSLY b'869631'
ACTION SNIPPET 10000 4924 SEEN_PREVIOUSLY b'1625519'
ACTION SNIPPET 10000 4927 SEEN_PREVIOUSLY b'825608'
ACTION SNIPPET 10000 4930 SEEN_PREVIOUSLY b'1697947'
ACTION SNIPPET 10000 4933 SEEN_PREVIOUSLY b'1230221'
ACTION QUERY 10000 4943 black bear attacks grizzlies
ACTION SERP 10000 4948 EXAMINE_SERP
ACTION SNIPPET 10000 4951 SEEN_PREVIOUSLY b'1205254'
ACTION SNIPPET 10000 4954 SEEN_PREVIOUSLY b'52133'
ACTION SNIPPET 10000 4957 SEEN_PREVIOUSLY b'1707062'
ACTION SNIPPET 10000 4960 SEEN_PREVIOUSLY b'869631'
ACTION SNIPPET 10000 4963 SEEN_PREVIOUSLY b'1078863'
ACTION SNIPPET 10000 4966 SEEN_PREVIOUSLY b'952801'
ACTION SNIPPET 10000 4969 SEEN_PREVIOUSLY b'1203456'
ACTION SNIPPET 10000 4972 SNIPPET_NOT_RELEVANT b'1039895'
ACTION SNIPPET 10000 4975 SNIPPET_NOT_RELEVANT b'1694106'
ACTION SNIPPET 10000 4978 SEEN_PREVIOUSLY b'772939'
ACTION SNIPPET 10000 4981 SNIPPET_NOT_RELEVANT b'80786'
ACTION SNIPPET 10000 4984 SNIPPET_NOT_RELEVANT b'1392201'
ACTION SNIPPET 10000 4987 SNIPPET_RELEVANT b'808365'
ACTION DOC 10000 5007 EXAMINING_DOCUMENT b'808365'
ACTION QUERY 10000 5017 black bear attacks played
ACTION SERP 10000 5022 EXAMINE_SERP
ACTION SNIPPET 10000 5025 SEEN_PREVIOUSLY b'1707062'
ACTION SNIPPET 10000 5028 SEEN_PREVIOUSLY b'1754536'
ACTION SNIPPET 10000 5031 SEEN_PREVIOUSLY b'634674'
ACTION SNIPPET 10000 5034 SEEN_PREVIOUSLY b'869631'
ACTION SNIPPET 10000 5037 SEEN_PREVIOUSLY b'1625519'
ACTION SNIPPET 10000 5040 SEEN_PREVIOUSLY b'1418708'
ACTION SNIPPET 10000 5043 SEEN_PREVIOUSLY b'1440589'
ACTION SNIPPET 10000 5046 SEEN_PREVIOUSLY b'780876'
ACTION SNIPPET 10000 5049 SEEN_PREVIOUSLY b'966180'
ACTION SNIPPET 10000 5052 SEEN_PREVIOUSLY b'1319228'
ACTION SNIPPET 10000 5055 SEEN_PREVIOUSLY b'1209591'
ACTION SNIPPET 10000 5058 SNIPPET_NOT_RELEVANT b'1662096'
ACTION SNIPPET 10000 5061 SEEN_PREVIOUSLY b'1417508'
ACTION SNIPPET 10000 5064 SEEN_PREVIOUSLY b'1205254'
ACTION SNIPPET 10000 5067 SEEN_PREVIOUSLY b'1417346'
ACTION QUERY 10000 5077 black bear attacks law
ACTION SERP 10000 5082 EXAMINE_SERP
ACTION SNIPPET 10000 5085 SEEN_PREVIOUSLY b'1440589'
ACTION SNIPPET 10000 5088 SEEN_PREVIOUSLY b'634674'
ACTION SNIPPET 10000 5091 SEEN_PREVIOUSLY b'1707062'
ACTION SNIPPET 10000 5094 SEEN_PREVIOUSLY b'1541670'
ACTION SNIPPET 10000 5097 SNIPPET_RELEVANT b'1368283'
ACTION DOC 10000 5117 EXAMINING_DOCUMENT b'1368283'
ACTION SNIPPET 10000 5120 SEEN_PREVIOUSLY b'780876'
ACTION SNIPPET 10000 5123 SEEN_PREVIOUSLY b'1319228'
ACTION SNIPPET 10000 5126 SEEN_PREVIOUSLY b'1209591'
ACTION SNIPPET 10000 5129 SEEN_PREVIOUSLY b'1754536'
ACTION QUERY 10000 5139 black bear attacks crime
ACTION SERP 10000 5144 EXAMINE_SERP
ACTION SNIPPET 10000 5147 SEEN_PREVIOUSLY b'1186175'
ACTION SNIPPET 10000 5150 SEEN_PREVIOUSLY b'1417508'
ACTION SNIPPET 10000 5153 SEEN_PREVIOUSLY b'634674'
ACTION SNIPPET 10000 5156 SNIPPET_NOT_RELEVANT b'1214355'
ACTION SNIPPET 10000 5159 SNIPPET_RELEVANT b'244808'
ACTION DOC 10000 5179 EXAMINING_DOCUMENT b'244808'
ACTION SNIPPET 10000 5182 SNIPPET_NOT_RELEVANT b'603822'
ACTION SNIPPET 10000 5185 SEEN_PREVIOUSLY b'1707062'
ACTION SNIPPET 10000 5188 SNIPPET_NOT_RELEVANT b'1686825'
ACTION SNIPPET 10000 5191 SNIPPET_RELEVANT b'942030'
ACTION DOC 10000 5211 EXAMINING_DOCUMENT b'942030'
ACTION QUERY 10000 5221 black bear attacks federal
ACTION SERP 10000 5226 EXAMINE_SERP
ACTION SNIPPET 10000 5229 SEEN_PREVIOUSLY b'1707062'
ACTION SNIPPET 10000 5232 SEEN_PREVIOUSLY b'1368283'
ACTION SNIPPET 10000 5235 SEEN_PREVIOUSLY b'634674'
ACTION SNIPPET 10000 5238 SEEN_PREVIOUSLY b'1440589'
ACTION SNIPPET 10000 5241 SEEN_PREVIOUSLY b'780876'
ACTION SNIPPET 10000 5244 SEEN_PREVIOUSLY b'1319228'
ACTION SNIPPET 10000 5247 SEEN_PREVIOUSLY b'1209591'
ACTION SNIPPET 10000 5250 SEEN_PREVIOUSLY b'952801'
ACTION SNIPPET 10000 5253 SEEN_PREVIOUSLY b'1754536'
ACTION SNIPPET 10000 5256 SEEN_PREVIOUSLY b'1417508'
ACTION SNIPPET 10000 5259 SNIPPET_RELEVANT b'278569'
ACTION DOC 10000 5279 EXAMINING_DOCUMENT b'278569'
ACTION QUERY 10000 5289 black bear attacks random
ACTION SERP 10000 5294 EXAMINE_SERP
ACTION SNIPPET 10000 5297 SEEN_PREVIOUSLY b'1230221'
ACTION SNIPPET 10000 5300 SEEN_PREVIOUSLY b'1012549'
ACTION SNIPPET 10000 5303 SNIPPET_NOT_RELEVANT b'1542500'
ACTION SNIPPET 10000 5306 SEEN_PREVIOUSLY b'634674'
ACTION SNIPPET 10000 5309 SEEN_PREVIOUSLY b'1229011'
ACTION SNIPPET 10000 5312 SNIPPET_NOT_RELEVANT b'125723'
ACTION SNIPPET 10000 5315 SNIPPET_NOT_RELEVANT b'1691507'
ACTION SNIPPET 10000 5318 SNIPPET_NOT_RELEVANT b'126573'
ACTION SNIPPET 10000 5321 SNIPPET_NOT_RELEVANT b'2829'
ACTION SNIPPET 10000 5324 SNIPPET_NOT_RELEVANT b'2829'
ACTION SNIPPET 10000 5327 SEEN_PREVIOUSLY b'1707062'
ACTION SNIPPET 10000 5330 SNIPPET_NOT_RELEVANT b'1612733'
ACTION SNIPPET 10000 5333 SEEN_PREVIOUSLY b'1440589'
ACTION SNIPPET 10000 5336 SNIPPET_NOT_RELEVANT b'291972'
ACTION SNIPPET 10000 5339 SEEN_PREVIOUSLY b'780876'
ACTION QUERY 10000 5349 black bear attacks appointed
ACTION SERP 10000 5354 EXAMINE_SERP
ACTION SNIPPET 10000 5357 SEEN_PREVIOUSLY b'1368283'
ACTION SNIPPET 10000 5360 SEEN_PREVIOUSLY b'634674'
ACTION SNIPPET 10000 5363 SEEN_PREVIOUSLY b'1707062'
ACTION SNIPPET 10000 5366 SNIPPET_NOT_RELEVANT b'1723045'
ACTION SNIPPET 10000 5369 SEEN_PREVIOUSLY b'1440589'
ACTION SNIPPET 10000 5372 SEEN_PREVIOUSLY b'780876'
ACTION SNIPPET 10000 5375 SEEN_PREVIOUSLY b'1319228'
ACTION SNIPPET 10000 5378 SEEN_PREVIOUSLY b'1209591'
ACTION SNIPPET 10000 5381 SEEN_PREVIOUSLY b'1754536'
ACTION SNIPPET 10000 5384 SEEN_PREVIOUSLY b'1399077'
ACTION SNIPPET 10000 5387 SNIPPET_NOT_RELEVANT b'225566'
ACTION SNIPPET 10000 5390 SEEN_PREVIOUSLY b'1417508'
ACTION SNIPPET 10000 5393 SNIPPET_RELEVANT b'3616'
ACTION DOC 10000 5413 EXAMINING_DOCUMENT b'3616'
ACTION QUERY 10000 5423 black bear attacks victim
ACTION SERP 10000 5428 EXAMINE_SERP
ACTION SNIPPET 10000 5431 SEEN_PREVIOUSLY b'634674'
ACTION SNIPPET 10000 5434 SEEN_PREVIOUSLY b'357292'
ACTION SNIPPET 10000 5437 SNIPPET_NOT_RELEVANT b'1214355'
ACTION SNIPPET 10000 5440 SEEN_PREVIOUSLY b'772939'
ACTION SNIPPET 10000 5443 SEEN_PREVIOUSLY b'1541943'
ACTION SNIPPET 10000 5446 SNIPPET_NOT_RELEVANT b'71753'
ACTION SNIPPET 10000 5449 SNIPPET_RELEVANT b'704439'
ACTION DOC 10000 5469 EXAMINING_DOCUMENT b'704439'
ACTION SNIPPET 10000 5472 SNIPPET_RELEVANT b'388262'
ACTION DOC 10000 5492 EXAMINING_DOCUMENT b'388262'
ACTION QUERY 10000 5502 black bear attacks amtrak
ACTION SERP 10000 5507 EXAMINE_SERP
ACTION SNIPPET 10000 5510 SNIPPET_NOT_RELEVANT b'1700678'
ACTION SNIPPET 10000 5513 SNIPPET_NOT_RELEVANT b'1328047'
ACTION SNIPPET 10000 5516 SNIPPET_RELEVANT b'80337'
ACTION DOC 10000 5536 EXAMINING_DOCUMENT b'80337'
ACTION SNIPPET 10000 5539 SEEN_PREVIOUSLY b'1417304'
ACTION SNIPPET 10000 5542 SNIPPET_NOT_RELEVANT b'408534'
ACTION SNIPPET 10000 5545 SNIPPET_RELEVANT b'1358332'
ACTION DOC 10000 5565 EXAMINING_DOCUMENT b'1358332'
ACTION QUERY 10000 5575 black bear attacks nuts
ACTION SERP 10000 5580 EXAMINE_SERP
ACTION SNIPPET 10000 5583 SEEN_PREVIOUSLY b'1625519'
ACTION SNIPPET 10000 5586 SNIPPET_NOT_RELEVANT b'93088'
ACTION SNIPPET 10000 5589 SNIPPET_RELEVANT b'1256718'
ACTION DOC 10000 5609 EXAMINING_DOCUMENT b'1256718'
ACTION SNIPPET 10000 5612 SEEN_PREVIOUSLY b'1678327'
ACTION SNIPPET 10000 5615 SNIPPET_NOT_RELEVANT b'388259'
ACTION SNIPPET 10000 5618 SEEN_PREVIOUSLY b'966180'
ACTION SNIPPET 10000 5621 SNIPPET_NOT_RELEVANT b'416746'
ACTION SNIPPET 10000 5624 SNIPPET_NOT_RELEVANT b'416748'
ACTION SNIPPET 10000 5627 SNIPPET_NOT_RELEVANT b'416751'
ACTION QUERY 10000 5637 black bear attacks hamlet
ACTION SERP 10000 5642 EXAMINE_SERP
ACTION SNIPPET 10000 5645 SEEN_PREVIOUSLY b'1511708'
ACTION SNIPPET 10000 5648 SNIPPET_NOT_RELEVANT b'1288589'
ACTION SNIPPET 10000 5651 SNIPPET_RELEVANT b'1161980'
ACTION DOC 10000 5671 EXAMINING_DOCUMENT b'1161980'
ACTION SNIPPET 10000 5674 SNIPPET_RELEVANT b'928789'
ACTION DOC 10000 5694 EXAMINING_DOCUMENT b'928789'
ACTION QUERY 10000 5704 black bear attacks dann
ACTION SERP 10000 5709 EXAMINE_SERP
ACTION SNIPPET 10000 5712 SNIPPET_RELEVANT b'147696'
ACTION DOC 10000 5732 EXAMINING_DOCUMENT b'147696'
ACTION SNIPPET 10000 5735 SNIPPET_NOT_RELEVANT b'1848125'
ACTION SNIPPET 10000 5738 SNIPPET_NOT_RELEVANT b'299615'
ACTION SNIPPET 10000 5741 SNIPPET_RELEVANT b'147111'
ACTION DOC 10000 5761 EXAMINING_DOCUMENT b'147111'
ACTION QUERY 10000 5771 black bear attacks ct
ACTION SERP 10000 5776 EXAMINE_SERP
ACTION SNIPPET 10000 5779 SEEN_PREVIOUSLY b'1850183'
ACTION SNIPPET 10000 5782 SNIPPET_RELEVANT b'1715660'
ACTION DOC 10000 5802 EXAMINING_DOCUMENT b'1715660'
ACTION SNIPPET 10000 5805 SNIPPET_NOT_RELEVANT b'1716294'
ACTION SNIPPET 10000 5808 SEEN_PREVIOUSLY b'634674'
ACTION SNIPPET 10000 5811 SEEN_PREVIOUSLY b'1707062'
ACTION SNIPPET 10000 5814 SNIPPET_RELEVANT b'1640164'
ACTION DOC 10000 5834 EXAMINING_DOCUMENT b'1640164'
ACTION QUERY 10000 5844 black bear attacks warfare
ACTION SERP 10000 5849 EXAMINE_SERP
ACTION SNIPPET 10000 5852 SEEN_PREVIOUSLY b'1673457'
ACTION SNIPPET 10000 5855 SNIPPET_RELEVANT b'474012'
ACTION DOC 10000 5875 EXAMINING_DOCUMENT b'474012'
ACTION SNIPPET 10000 5878 SEEN_PREVIOUSLY b'634674'
ACTION SNIPPET 10000 5881 SEEN_PREVIOUSLY b'1707062'
ACTION SNIPPET 10000 5884 SNIPPET_RELEVANT b'1415594'
ACTION DOC 10000 5904 EXAMINING_DOCUMENT b'1415594'
ACTION QUERY 10000 5914 black bear attacks died
ACTION SERP 10000 5919 EXAMINE_SERP
ACTION SNIPPET 10000 5922 SEEN_PREVIOUSLY b'1368283'
ACTION SNIPPET 10000 5925 SEEN_PREVIOUSLY b'1417508'
ACTION SNIPPET 10000 5928 SEEN_PREVIOUSLY b'634674'
ACTION SNIPPET 10000 5931 SNIPPET_RELEVANT b'51450'
ACTION DOC 10000 5951 EXAMINING_DOCUMENT b'51450'
ACTION SNIPPET 10000 5954 SEEN_PREVIOUSLY b'1078863'
ACTION SNIPPET 10000 5957 SEEN_PREVIOUSLY b'1707062'
ACTION SNIPPET 10000 5960 SNIPPET_RELEVANT b'150548'
ACTION DOC 10000 5980 EXAMINING_DOCUMENT b'150548'
ACTION QUERY 10000 5990 black bear attacks predator
ACTION SERP 10000 5995 EXAMINE_SERP
ACTION SNIPPET 10000 5998 SEEN_PREVIOUSLY b'1171663'
ACTION SNIPPET 10000 6001 SNIPPET_RELEVANT b'1142388'
ACTION DOC 10000 6021 EXAMINING_DOCUMENT b'1142388'
ACTION SNIPPET 10000 6024 SEEN_PREVIOUSLY b'1319681'
ACTION SNIPPET 10000 6027 SEEN_PREVIOUSLY b'794195'
ACTION SNIPPET 10000 6030 SEEN_PREVIOUSLY b'794213'
ACTION SNIPPET 10000 6033 SNIPPET_NOT_RELEVANT b'451587'
ACTION SNIPPET 10000 6036 SNIPPET_NOT_RELEVANT b'1378469'
ACTION SNIPPET 10000 6039 SNIPPET_RELEVANT b'1408546'
ACTION DOC 10000 6059 EXAMINING_DOCUMENT b'1408546'
ACTION QUERY 10000 6069 black bear attacks deer
ACTION SERP 10000 6074 EXAMINE_SERP
ACTION SNIPPET 10000 6077 SNIPPET_RELEVANT b'1845393'
ACTION DOC 10000 6097 EXAMINING_DOCUMENT b'1845393'
ACTION SNIPPET 10000 6100 SNIPPET_NOT_RELEVANT b'1235031'
ACTION SNIPPET 10000 6103 SEEN_PREVIOUSLY b'966180'
ACTION SNIPPET 10000 6106 SEEN_PREVIOUSLY b'1171663'
ACTION SNIPPET 10000 6109 SEEN_PREVIOUSLY b'1399077'
ACTION SNIPPET 10000 6112 SEEN_PREVIOUSLY b'1204309'
ACTION SNIPPET 10000 6115 SNIPPET_RELEVANT b'97826'
ACTION DOC 10000 6135 EXAMINING_DOCUMENT b'97826'
ACTION QUERY 10000 6145 black bear attacks baby
ACTION SERP 10000 6150 EXAMINE_SERP
ACTION SNIPPET 10000 6153 SEEN_PREVIOUSLY b'1417346'
ACTION SNIPPET 10000 6156 SEEN_PREVIOUSLY b'1417508'
ACTION SNIPPET 10000 6159 SEEN_PREVIOUSLY b'1417483'
ACTION SNIPPET 10000 6162 SEEN_PREVIOUSLY b'634674'
ACTION SNIPPET 10000 6165 SEEN_PREVIOUSLY b'1845393'
ACTION SNIPPET 10000 6168 SEEN_PREVIOUSLY b'1707062'
ACTION SNIPPET 10000 6171 SNIPPET_RELEVANT b'558310'
ACTION DOC 10000 6191 EXAMINING_DOCUMENT b'558310'
ACTION SNIPPET 10000 6194 SEEN_PREVIOUSLY b'1440589'
ACTION SNIPPET 10000 6197 SNIPPET_NOT_RELEVANT b'1343329'
ACTION QUERY 10000 6207 black bear attacks american
ACTION SERP 10000 6212 EXAMINE_SERP
ACTION SNIPPET 10000 6215 SEEN_PREVIOUSLY b'634674'
ACTION SNIPPET 10000 6218 SEEN_PREVIOUSLY b'1707062'
ACTION SNIPPET 10000 6221 SEEN_PREVIOUSLY b'1440589'
ACTION SNIPPET 10000 6224 SEEN_PREVIOUSLY b'780876'
ACTION SNIPPET 10000 6227 SEEN_PREVIOUSLY b'794195'
ACTION SNIPPET 10000 6230 SEEN_PREVIOUSLY b'794213'
ACTION SNIPPET 10000 6233 SEEN_PREVIOUSLY b'1319228'
ACTION SNIPPET 10000 6236 SEEN_PREVIOUSLY b'1209591'
ACTION SNIPPET 10000 6239 SEEN_PREVIOUSLY b'1754536'
ACTION SNIPPET 10000 6242 SEEN_PREVIOUSLY b'869631'
ACTION SNIPPET 10000 6245 SEEN_PREVIOUSLY b'1417508'
ACTION SNIPPET 10000 6248 SEEN_PREVIOUSLY b'1368283'
ACTION SNIPPET 10000 6251 SEEN_PREVIOUSLY b'1205254'
ACTION SNIPPET 10000 6254 SEEN_PREVIOUSLY b'666214'
ACTION SNIPPET 10000 6257 SEEN_PREVIOUSLY b'1319681'
ACTION QUERY 10000 6267 black bear attacks diet
ACTION SERP 10000 6272 EXAMINE_SERP
ACTION SNIPPET 10000 6275 SEEN_PREVIOUSLY b'948068'
ACTION SNIPPET 10000 6278 SNIPPET_NOT_RELEVANT b'1539972'
ACTION SNIPPET 10000 6281 SEEN_PREVIOUSLY b'1625519'
ACTION SNIPPET 10000 6284 SEEN_PREVIOUSLY b'1678327'
ACTION SNIPPET 10000 6287 SEEN_PREVIOUSLY b'794195'
ACTION SNIPPET 10000 6290 SEEN_PREVIOUSLY b'794213'
ACTION SNIPPET 10000 6293 SEEN_PREVIOUSLY b'634674'
ACTION SNIPPET 10000 6296 SEEN_PREVIOUSLY b'1204309'
ACTION SNIPPET 10000 6299 SNIPPET_NOT_RELEVANT b'1031703'
ACTION SNIPPET 10000 6302 SNIPPET_NOT_RELEVANT b'1504574'
ACTION SNIPPET 10000 6305 SEEN_PREVIOUSLY b'1707062'
ACTION SNIPPET 10000 6308 SNIPPET_RELEVANT b'1539973'
ACTION DOC 10000 6328 EXAMINING_DOCUMENT b'1539973'
ACTION QUERY 10000 6338 black bear attacks injure
ACTION SERP 10000 6343 EXAMINE_SERP
ACTION SNIPPET 10000 6346 SEEN_PREVIOUSLY b'1625519'
ACTION SNIPPET 10000 6349 SEEN_PREVIOUSLY b'1186175'
ACTION SNIPPET 10000 6352 SEEN_PREVIOUSLY b'1368283'
ACTION SNIPPET 10000 6355 SEEN_PREVIOUSLY b'772939'
ACTION SNIPPET 10000 6358 SEEN_PREVIOUSLY b'1204309'
ACTION SNIPPET 10000 6361 SEEN_PREVIOUSLY b'634674'
ACTION SNIPPET 10000 6364 SNIPPET_RELEVANT b'1235078'
ACTION DOC 10000 6384 EXAMINING_DOCUMENT b'1235078'
ACTION SNIPPET 10000 6387 SNIPPET_NOT_RELEVANT b'1495680'
ACTION SNIPPET 10000 6390 SEEN_PREVIOUSLY b'1707062'
ACTION QUERY 10000 6400 black bear attacks start
ACTION SERP 10000 6405 EXAMINE_SERP
ACTION SNIPPET 10000 6408 SEEN_PREVIOUSLY b'634674'
ACTION SNIPPET 10000 6411 SEEN_PREVIOUSLY b'1209591'
ACTION SNIPPET 10000 6414 SEEN_PREVIOUSLY b'1707062'
ACTION SNIPPET 10000 6417 SEEN_PREVIOUSLY b'1186175'
ACTION SNIPPET 10000 6420 SEEN_PREVIOUSLY b'1230221'
ACTION SNIPPET 10000 6423 SEEN_PREVIOUSLY b'1440589'
ACTION SNIPPET 10000 6426 SEEN_PREVIOUSLY b'780876'
ACTION SNIPPET 10000 6429 SEEN_PREVIOUSLY b'1319681'
ACTION SNIPPET 10000 6432 SEEN_PREVIOUSLY b'966180'
ACTION SNIPPET 10000 6435 SEEN_PREVIOUSLY b'1319228'
ACTION SNIPPET 10000 6438 SEEN_PREVIOUSLY b'1754536'
ACTION SNIPPET 10000 6441 SEEN_PREVIOUSLY b'1417508'
ACTION SNIPPET 10000 6444 SEEN_PREVIOUSLY b'794213'
ACTION SNIPPET 10000 6447 SEEN_PREVIOUSLY b'794195'
ACTION SNIPPET 10000 6450 SEEN_PREVIOUSLY b'1205254'
ACTION QUERY 10000 6460 black bear attacks incident
ACTION SERP 10000 6465 EXAMINE_SERP
ACTION SNIPPET 10000 6468 SEEN_PREVIOUSLY b'1440589'
ACTION SNIPPET 10000 6471 SEEN_PREVIOUSLY b'52133'
ACTION SNIPPET 10000 6474 SEEN_PREVIOUSLY b'966180'
ACTION SNIPPET 10000 6477 SEEN_PREVIOUSLY b'772939'
ACTION SNIPPET 10000 6480 SEEN_PREVIOUSLY b'1186175'
ACTION SNIPPET 10000 6483 SEEN_PREVIOUSLY b'1511708'
ACTION SNIPPET 10000 6486 SEEN_PREVIOUSLY b'1678327'
ACTION SNIPPET 10000 6489 SEEN_PREVIOUSLY b'278569'
ACTION SNIPPET 10000 6492 SEEN_PREVIOUSLY b'1368283'
ACTION SNIPPET 10000 6495 SEEN_PREVIOUSLY b'1541670'
ACTION SNIPPET 10000 6498 SEEN_PREVIOUSLY b'505874'
ACTION SNIPPET 10000 6501 SNIPPET_RELEVANT b'71753'
ACTION DOC 10000 6521 EXAMINING_DOCUMENT b'71753'
ACTION QUERY 10000 6531 black bear attacks dad
ACTION SERP 10000 6536 EXAMINE_SERP
ACTION SNIPPET 10000 6539 SNIPPET_NOT_RELEVANT b'1129107'
ACTION SNIPPET 10000 6542 SEEN_PREVIOUSLY b'634674'
ACTION SNIPPET 10000 6545 SNIPPET_RELEVANT b'1300431'
ACTION DOC 10000 6565 EXAMINING_DOCUMENT b'1300431'
ACTION SNIPPET 10000 6568 SNIPPET_RELEVANT b'359976'
ACTION DOC 10000 6588 EXAMINING_DOCUMENT b'359976'
ACTION QUERY 10000 6598 black bear attacks canceled
ACTION SERP 10000 6603 EXAMINE_SERP
ACTION SNIPPET 10000 6606 SEEN_PREVIOUSLY b'1230221'
ACTION SNIPPET 10000 6609 SEEN_PREVIOUSLY b'1229011'
ACTION SNIPPET 10000 6612 SNIPPET_NOT_RELEVANT b'1631689'
ACTION SNIPPET 10000 6615 SEEN_PREVIOUSLY b'634674'
ACTION SNIPPET 10000 6618 SNIPPET_RELEVANT b'1830628'
ACTION DOC 10000 6638 EXAMINING_DOCUMENT b'1830628'
ACTION MARK 10000 6641 CONSIDERED_RELEVANT b'1830628'
ACTION SNIPPET 10000 6644 SEEN_PREVIOUSLY b'1470554'
ACTION SNIPPET 10000 6647 SNIPPET_NOT_RELEVANT b'1541452'
ACTION SNIPPET 10000 6650 SEEN_PREVIOUSLY b'1707062'
ACTION SNIPPET 10000 6653 SEEN_PREVIOUSLY b'1399077'
ACTION SNIPPET 10000 6656 SNIPPET_RELEVANT b'318373'
ACTION DOC 10000 6676 EXAMINING_DOCUMENT b'318373'
ACTION SNIPPET 10000 6679 SEEN_PREVIOUSLY b'1440589'
ACTION SNIPPET 10000 6682 SNIPPET_NOT_RELEVANT b'1015837'
ACTION SNIPPET 10000 6685 SEEN_PREVIOUSLY b'780876'
ACTION SNIPPET 10000 6688 SNIPPET_NOT_RELEVANT b'4081'
ACTION SNIPPET 10000 6691 SNIPPET_NOT_RELEVANT b'4081'
ACTION QUERY 10000 6701 black bear attacks regulates
ACTION SERP 10000 6706 EXAMINE_SERP
ACTION SNIPPET 10000 6709 SEEN_PREVIOUSLY b'1230221'
ACTION SNIPPET 10000 6712 SEEN_PREVIOUSLY b'634674'
ACTION SNIPPET 10000 6715 SEEN_PREVIOUSLY b'652450'
ACTION SNIPPET 10000 6718 SEEN_PREVIOUSLY b'1707062'
ACTION SNIPPET 10000 6721 SNIPPET_NOT_RELEVANT b'1375225'
ACTION SNIPPET 10000 6724 SEEN_PREVIOUSLY b'1440589'
ACTION SNIPPET 10000 6727 SEEN_PREVIOUSLY b'780876'
ACTION SNIPPET 10000 6730 SEEN_PREVIOUSLY b'1319228'
ACTION SNIPPET 10000 6733 SEEN_PREVIOUSLY b'1209591'
ACTION SNIPPET 10000 6736 SEEN_PREVIOUSLY b'1754536'
ACTION SNIPPET 10000 6739 SEEN_PREVIOUSLY b'1399077'
ACTION SNIPPET 10000 6742 SEEN_PREVIOUSLY b'1417508'
ACTION SNIPPET 10000 6745 SEEN_PREVIOUSLY b'1205254'
ACTION SNIPPET 10000 6748 SNIPPET_NOT_RELEVANT b'404471'
ACTION SNIPPET 10000 6751 SNIPPET_RELEVANT b'1503113'
ACTION DOC 10000 6771 EXAMINING_DOCUMENT b'1503113'
ACTION QUERY 10000 6781 black bear attacks cost
ACTION SERP 10000 6786 EXAMINE_SERP
ACTION SNIPPET 10000 6789 SEEN_PREVIOUSLY b'634674'
ACTION SNIPPET 10000 6792 SEEN_PREVIOUSLY b'1707062'
ACTION SNIPPET 10000 6795 SEEN_PREVIOUSLY b'1228536'
ACTION SNIPPET 10000 6798 SEEN_PREVIOUSLY b'1440589'
ACTION SNIPPET 10000 6801 SEEN_PREVIOUSLY b'780876'
ACTION SNIPPET 10000 6804 SEEN_PREVIOUSLY b'1319228'
ACTION SNIPPET 10000 6807 SEEN_PREVIOUSLY b'1209591'
ACTION SNIPPET 10000 6810 SEEN_PREVIOUSLY b'1754536'
ACTION SNIPPET 10000 6813 SEEN_PREVIOUSLY b'1417508'
ACTION SNIPPET 10000 6816 SEEN_PREVIOUSLY b'1205254'
ACTION SNIPPET 10000 6819 SNIPPET_NOT_RELEVANT b'359900'
ACTION SNIPPET 10000 6822 SEEN_PREVIOUSLY b'1319681'
ACTION SNIPPET 10000 6825 SEEN_PREVIOUSLY b'1625519'
ACTION SNIPPET 10000 6828 SEEN_PREVIOUSLY b'869631'
ACTION SNIPPET 10000 6831 SEEN_PREVIOUSLY b'966180'
ACTION QUERY 10000 6841 black bear attacks containing
ACTION SERP 10000 6846 EXAMINE_SERP
ACTION SNIPPET 10000 6849 SEEN_PREVIOUSLY b'1678327'
ACTION SNIPPET 10000 6852 SEEN_PREVIOUSLY b'966180'
ACTION SNIPPET 10000 6855 SEEN_PREVIOUSLY b'1417508'
ACTION SNIPPET 10000 6858 SEEN_PREVIOUSLY b'634674'
ACTION SNIPPET 10000 6861 SEEN_PREVIOUSLY b'1629286'
ACTION SNIPPET 10000 6864 SEEN_PREVIOUSLY b'1707062'
ACTION SNIPPET 10000 6867 SEEN_PREVIOUSLY b'1541670'
ACTION SNIPPET 10000 6870 SEEN_PREVIOUSLY b'1440589'
ACTION SNIPPET 10000 6873 SEEN_PREVIOUSLY b'948068'
ACTION SNIPPET 10000 6876 SEEN_PREVIOUSLY b'780876'
ACTION SNIPPET 10000 6879 SNIPPET_RELEVANT b'1205988'
ACTION DOC 10000 6899 EXAMINING_DOCUMENT b'1205988'
ACTION QUERY 10000 6909 black bear attacks passed
ACTION SERP 10000 6914 EXAMINE_SERP
ACTION SNIPPET 10000 6917 SEEN_PREVIOUSLY b'634674'
ACTION SNIPPET 10000 6920 SEEN_PREVIOUSLY b'1707062'
ACTION SNIPPET 10000 6923 SEEN_PREVIOUSLY b'1440589'
ACTION SNIPPET 10000 6926 SEEN_PREVIOUSLY b'780876'
ACTION SNIPPET 10000 6929 SEEN_PREVIOUSLY b'952801'
ACTION SNIPPET 10000 6932 SEEN_PREVIOUSLY b'1229011'
ACTION SNIPPET 10000 6935 SEEN_PREVIOUSLY b'1319228'
ACTION SNIPPET 10000 6938 SEEN_PREVIOUSLY b'1209591'
ACTION SNIPPET 10000 6941 SEEN_PREVIOUSLY b'1754536'
ACTION SNIPPET 10000 6944 SEEN_PREVIOUSLY b'1417508'
ACTION SNIPPET 10000 6947 SNIPPET_NOT_RELEVANT b'1369989'
ACTION SNIPPET 10000 6950 SNIPPET_NOT_RELEVANT b'1225654'
ACTION SNIPPET 10000 6953 SEEN_PREVIOUSLY b'1205254'
ACTION SNIPPET 10000 6956 SEEN_PREVIOUSLY b'948068'
ACTION SNIPPET 10000 6959 SEEN_PREVIOUSLY b'1319681'
ACTION QUERY 10000 6969 black bear attacks 30
ACTION SERP 10000 6974 EXAMINE_SERP
ACTION SNIPPET 10000 6977 SEEN_PREVIOUSLY b'634674'
ACTION SNIPPET 10000 6980 SEEN_PREVIOUSLY b'1209591'
ACTION SNIPPET 10000 6983 SEEN_PREVIOUSLY b'1205254'
ACTION SNIPPET 10000 6986 SEEN_PREVIOUSLY b'1417508'
ACTION SNIPPET 10000 6989 SEEN_PREVIOUSLY b'1707062'
ACTION SNIPPET 10000 6992 SEEN_PREVIOUSLY b'1440589'
ACTION SNIPPET 10000 6995 SEEN_PREVIOUSLY b'772939'
ACTION SNIPPET 10000 6998 SEEN_PREVIOUSLY b'780876'
ACTION SNIPPET 10000 7001 SEEN_PREVIOUSLY b'666214'
ACTION SNIPPET 10000 7004 SEEN_PREVIOUSLY b'966180'
ACTION SNIPPET 10000 7007 SEEN_PREVIOUSLY b'1319228'
ACTION SNIPPET 10000 7010 SEEN_PREVIOUSLY b'1754536'
ACTION SNIPPET 10000 7013 SEEN_PREVIOUSLY b'923828'
ACTION SNIPPET 10000 7016 SEEN_PREVIOUSLY b'1319681'
ACTION SNIPPET 10000 7019 SEEN_PREVIOUSLY b'1204309'
ACTION QUERY 10000 7029 black bear attacks lifestyle
ACTION SERP 10000 7034 EXAMINE_SERP
ACTION SNIPPET 10000 7037 SEEN_PREVIOUSLY b'1538108'
ACTION SNIPPET 10000 7040 SEEN_PREVIOUSLY b'634674'
ACTION SNIPPET 10000 7043 SNIPPET_RELEVANT b'1332474'
ACTION DOC 10000 7063 EXAMINING_DOCUMENT b'1332474'
ACTION SNIPPET 10000 7066 SEEN_PREVIOUSLY b'1707062'
ACTION SNIPPET 10000 7069 SEEN_PREVIOUSLY b'1440589'
ACTION SNIPPET 10000 7072 SEEN_PREVIOUSLY b'780876'
ACTION SNIPPET 10000 7075 SNIPPET_RELEVANT b'1822268'
ACTION DOC 10000 7095 EXAMINING_DOCUMENT b'1822268'
ACTION QUERY 10000 7105 black bear attacks cdc
ACTION SERP 10000 7110 EXAMINE_SERP
ACTION SNIPPET 10000 7113 SNIPPET_RELEVANT b'1348218'
ACTION DOC 10000 7133 EXAMINING_DOCUMENT b'1348218'
ACTION SNIPPET 10000 7136 SNIPPET_NOT_RELEVANT b'822538'
ACTION SNIPPET 10000 7139 SNIPPET_RELEVANT b'1063010'
ACTION DOC 10000 7159 EXAMINING_DOCUMENT b'1063010'
ACTION QUERY 10000 7169 black bear attacks road
ACTION SERP 10000 7174 EXAMINE_SERP
ACTION SNIPPET 10000 7177 SEEN_PREVIOUSLY b'794195'
ACTION SNIPPET 10000 7180 SEEN_PREVIOUSLY b'794213'
ACTION SNIPPET 10000 7183 SEEN_PREVIOUSLY b'1625519'
ACTION SNIPPET 10000 7186 SEEN_PREVIOUSLY b'952801'
ACTION SNIPPET 10000 7189 SEEN_PREVIOUSLY b'634674'
ACTION SNIPPET 10000 7192 SEEN_PREVIOUSLY b'966180'
ACTION SNIPPET 10000 7195 SEEN_PREVIOUSLY b'1707062'
ACTION SNIPPET 10000 7198 SEEN_PREVIOUSLY b'1399077'
ACTION SNIPPET 10000 7201 SEEN_PREVIOUSLY b'1440589'
ACTION SNIPPET 10000 7204 SEEN_PREVIOUSLY b'652450'
ACTION SNIPPET 10000 7207 SEEN_PREVIOUSLY b'780876'
ACTION SNIPPET 10000 7210 SNIPPET_NOT_RELEVANT b'1031832'
ACTION SNIPPET 10000 7213 SEEN_PREVIOUSLY b'1319228'
ACTION SNIPPET 10000 7216 SEEN_PREVIOUSLY b'1209591'
ACTION SNIPPET 10000 7219 SEEN_PREVIOUSLY b'948068'
ACTION QUERY 10000 7229 black bear attacks located
ACTION SERP 10000 7234 EXAMINE_SERP
ACTION SNIPPET 10000 7237 SEEN_PREVIOUSLY b'1629286'
ACTION SNIPPET 10000 7240 SEEN_PREVIOUSLY b'1850183'
ACTION SNIPPET 10000 7243 SEEN_PREVIOUSLY b'634674'
ACTION SNIPPET 10000 7246 SEEN_PREVIOUSLY b'1417346'
ACTION SNIPPET 10000 7249 SEEN_PREVIOUSLY b'1707062'
ACTION SNIPPET 10000 7252 SEEN_PREVIOUSLY b'1440589'
ACTION SNIPPET 10000 7255 SEEN_PREVIOUSLY b'780876'
ACTION SNIPPET 10000 7258 SNIPPET_RELEVANT b'752984'
ACTION DOC 10000 7278 EXAMINING_DOCUMENT b'752984'
ACTION SNIPPET 10000 7281 SEEN_PREVIOUSLY b'1319228'
ACTION QUERY 10000 7291 black bear attacks pa
ACTION SERP 10000 7296 EXAMINE_SERP
ACTION SNIPPET 10000 7299 SNIPPET_NOT_RELEVANT b'1369989'
ACTION SNIPPET 10000 7302 SEEN_PREVIOUSLY b'634674'
ACTION SNIPPET 10000 7305 SEEN_PREVIOUSLY b'1707062'
ACTION SNIPPET 10000 7308 SNIPPET_NOT_RELEVANT b'850458'
ACTION SNIPPET 10000 7311 SEEN_PREVIOUSLY b'1440589'
ACTION SNIPPET 10000 7314 SEEN_PREVIOUSLY b'780876'
ACTION SNIPPET 10000 7317 SNIPPET_NOT_RELEVANT b'56000'
ACTION SNIPPET 10000 7320 SEEN_PREVIOUSLY b'1319228'
ACTION SNIPPET 10000 7323 SEEN_PREVIOUSLY b'1209591'
ACTION SNIPPET 10000 7326 SEEN_PREVIOUSLY b'1754536'
ACTION SNIPPET 10000 7329 SEEN_PREVIOUSLY b'1417508'
ACTION SNIPPET 10000 7332 SEEN_PREVIOUSLY b'1205254'
ACTION SNIPPET 10000 7335 SNIPPET_NOT_RELEVANT b'291972'
ACTION SNIPPET 10000 7338 SNIPPET_NOT_RELEVANT b'436853'
ACTION SNIPPET 10000 7341 SNIPPET_NOT_RELEVANT b'1295103'
ACTION QUERY 10000 7351 black bear attacks randomly
ACTION SERP 10000 7356 EXAMINE_SERP
ACTION SNIPPET 10000 7359 SNIPPET_NOT_RELEVANT b'124783'
ACTION SNIPPET 10000 7362 SNIPPET_NOT_RELEVANT b'124579'
ACTION SNIPPET 10000 7365 SNIPPET_NOT_RELEVANT b'1773883'
ACTION SNIPPET 10000 7368 SEEN_PREVIOUSLY b'634674'
ACTION SNIPPET 10000 7371 SNIPPET_RELEVANT b'340541'
ACTION DOC 10000 7391 EXAMINING_DOCUMENT b'340541'
ACTION SNIPPET 10000 7394 SEEN_PREVIOUSLY b'1707062'
ACTION SNIPPET 10000 7397 SNIPPET_RELEVANT b'1273949'
ACTION DOC 10000 7417 EXAMINING_DOCUMENT b'1273949'
ACTION QUERY 10000 7427 black bear attacks animal
ACTION SERP 10000 7432 EXAMINE_SERP
ACTION SNIPPET 10000 7435 SEEN_PREVIOUSLY b'634674'
ACTION SNIPPET 10000 7438 SEEN_PREVIOUSLY b'1707062'
ACTION SNIPPET 10000 7441 SEEN_PREVIOUSLY b'1205254'
ACTION SNIPPET 10000 7444 SEEN_PREVIOUSLY b'1754536'
ACTION SNIPPET 10000 7447 SEEN_PREVIOUSLY b'1368283'
ACTION SNIPPET 10000 7450 SEEN_PREVIOUSLY b'1697947'
ACTION SNIPPET 10000 7453 SEEN_PREVIOUSLY b'1541943'
ACTION SNIPPET 10000 7456 SEEN_PREVIOUSLY b'1541670'
ACTION SNIPPET 10000 7459 SEEN_PREVIOUSLY b'1511708'
ACTION SNIPPET 10000 7462 SEEN_PREVIOUSLY b'966180'
ACTION SNIPPET 10000 7465 SEEN_PREVIOUSLY b'52133'
ACTION SNIPPET 10000 7468 SEEN_PREVIOUSLY b'952801'
ACTION SNIPPET 10000 7471 SEEN_PREVIOUSLY b'1204309'
ACTION SNIPPET 10000 7474 SEEN_PREVIOUSLY b'652450'
ACTION SNIPPET 10000 7477 SEEN_PREVIOUSLY b'772939'
ACTION QUERY 10000 7487 black bear attacks lethal
ACTION SERP 10000 7492 EXAMINE_SERP
ACTION SNIPPET 10000 7495 SNIPPET_NOT_RELEVANT b'754557'
ACTION SNIPPET 10000 7498 SNIPPET_NOT_RELEVANT b'125254'
ACTION SNIPPET 10000 7501 SNIPPET_NOT_RELEVANT b'662604'
ACTION SNIPPET 10000 7504 SEEN_PREVIOUSLY b'634674'
ACTION SNIPPET 10000 7507 SNIPPET_NOT_RELEVANT b'421645'
ACTION SNIPPET 10000 7510 SEEN_PREVIOUSLY b'1707062'
ACTION SNIPPET 10000 7513 SEEN_PREVIOUSLY b'1440589'
ACTION SNIPPET 10000 7516 SNIPPET_RELEVANT b'75235'
ACTION DOC 10000 7536 EXAMINING_DOCUMENT b'75235'
ACTION SNIPPET 10000 7539 SEEN_PREVIOUSLY b'780876'
ACTION QUERY 10000 7549 black bear attacks tusk
ACTION SERP 10000 7554 EXAMINE_SERP
ACTION SNIPPET 10000 7557 SNIPPET_RELEVANT b'28784'
ACTION DOC 10000 7577 EXAMINING_DOCUMENT b'28784'
ACTION SNIPPET 10000 7580 SNIPPET_RELEVANT b'483462'
ACTION DOC 10000 7600 EXAMINING_DOCUMENT b'483462'
ACTION QUERY 10000 7610 black bear attacks names
ACTION SERP 10000 7615 EXAMINE_SERP
ACTION SNIPPET 10000 7618 SEEN_PREVIOUSLY b'634674'
ACTION SNIPPET 10000 7621 SEEN_PREVIOUSLY b'1707062'
ACTION SNIPPET 10000 7624 SEEN_PREVIOUSLY b'772939'
ACTION SNIPPET 10000 7627 SEEN_PREVIOUSLY b'1440589'
ACTION SNIPPET 10000 7630 SEEN_PREVIOUSLY b'780876'
ACTION SNIPPET 10000 7633 SEEN_PREVIOUSLY b'1625519'
ACTION SNIPPET 10000 7636 SEEN_PREVIOUSLY b'1319228'
ACTION SNIPPET 10000 7639 SEEN_PREVIOUSLY b'1209591'
ACTION SNIPPET 10000 7642 SEEN_PREVIOUSLY b'1754536'
ACTION SNIPPET 10000 7645 SEEN_PREVIOUSLY b'1417508'
ACTION SNIPPET 10000 7648 SEEN_PREVIOUSLY b'1205254'
ACTION SNIPPET 10000 7651 SEEN_PREVIOUSLY b'652450'
ACTION SNIPPET 10000 7654 SEEN_PREVIOUSLY b'51450'
ACTION SNIPPET 10000 7657 SEEN_PREVIOUSLY b'1319681'
ACTION SNIPPET 10000 7660 SEEN_PREVIOUSLY b'869631'
ACTION QUERY 10000 7670 black bear attacks end
ACTION SERP 10000 7675 EXAMINE_SERP
ACTION SNIPPET 10000 7678 SEEN_PREVIOUSLY b'634674'
ACTION SNIPPET 10000 7681 SEEN_PREVIOUSLY b'1707062'
ACTION SNIPPET 10000 7684 SEEN_PREVIOUSLY b'1440589'
ACTION SNIPPET 10000 7687 SEEN_PREVIOUSLY b'1625519'
ACTION SNIPPET 10000 7690 SEEN_PREVIOUSLY b'780876'
ACTION SNIPPET 10000 7693 SEEN_PREVIOUSLY b'1319228'
ACTION SNIPPET 10000 7696 SEEN_PREVIOUSLY b'1209591'
ACTION SNIPPET 10000 7699 SEEN_PREVIOUSLY b'1754536'
ACTION SNIPPET 10000 7702 SEEN_PREVIOUSLY b'966180'
ACTION SNIPPET 10000 7705 SEEN_PREVIOUSLY b'1417508'
ACTION SNIPPET 10000 7708 SEEN_PREVIOUSLY b'794195'
ACTION SNIPPET 10000 7711 SEEN_PREVIOUSLY b'794213'
ACTION SNIPPET 10000 7714 SEEN_PREVIOUSLY b'1205254'
ACTION SNIPPET 10000 7717 SEEN_PREVIOUSLY b'923828'
ACTION SNIPPET 10000 7720 SEEN_PREVIOUSLY b'952801'
ACTION QUERY 10000 7730 black bear attacks infant
ACTION SERP 10000 7735 EXAMINE_SERP
ACTION SNIPPET 10000 7738 SEEN_PREVIOUSLY b'1417346'
ACTION SNIPPET 10000 7741 SNIPPET_RELEVANT b'389527'
ACTION DOC 10000 7761 EXAMINING_DOCUMENT b'389527'
ACTION SNIPPET 10000 7764 SNIPPET_NOT_RELEVANT b'254708'
ACTION SNIPPET 10000 7767 SEEN_PREVIOUSLY b'1417483'
ACTION SNIPPET 10000 7770 SNIPPET_NOT_RELEVANT b'497816'
ACTION SNIPPET 10000 7773 SNIPPET_NOT_RELEVANT b'1343329'
ACTION SNIPPET 10000 7776 SNIPPET_RELEVANT b'313157'
ACTION DOC 10000 7796 EXAMINING_DOCUMENT b'313157'
ACTION QUERY 10000 7806 black bear attacks coming
ACTION SERP 10000 7811 EXAMINE_SERP
ACTION SNIPPET 10000 7814 SEEN_PREVIOUSLY b'634674'
ACTION SNIPPET 10000 7817 SEEN_PREVIOUSLY b'1707062'
ACTION SNIPPET 10000 7820 SEEN_PREVIOUSLY b'1625519'
ACTION SNIPPET 10000 7823 SEEN_PREVIOUSLY b'1417508'
ACTION SNIPPET 10000 7826 SEEN_PREVIOUSLY b'1440589'
ACTION SNIPPET 10000 7829 SEEN_PREVIOUSLY b'1319681'
ACTION SNIPPET 10000 7832 SEEN_PREVIOUSLY b'966180'
ACTION SNIPPET 10000 7835 SEEN_PREVIOUSLY b'780876'
ACTION SNIPPET 10000 7838 SEEN_PREVIOUSLY b'1541943'
ACTION SNIPPET 10000 7841 SEEN_PREVIOUSLY b'1319228'
ACTION SNIPPET 10000 7844 SEEN_PREVIOUSLY b'1230221'
ACTION SNIPPET 10000 7847 SEEN_PREVIOUSLY b'1209591'
ACTION SNIPPET 10000 7850 SEEN_PREVIOUSLY b'1754536'
ACTION SNIPPET 10000 7853 SEEN_PREVIOUSLY b'869631'
ACTION SNIPPET 10000 7856 SEEN_PREVIOUSLY b'1204309'
ACTION QUERY 10000 7866 black bear attacks occur
ACTION SERP 10000 7871 EXAMINE_SERP
ACTION SNIPPET 10000 7874 SEEN_PREVIOUSLY b'634674'
ACTION SNIPPET 10000 7877 SEEN_PREVIOUSLY b'1205254'
ACTION SNIPPET 10000 7880 SEEN_PREVIOUSLY b'1754536'
ACTION SNIPPET 10000 7883 SEEN_PREVIOUSLY b'1417508'
ACTION SNIPPET 10000 7886 SNIPPET_NOT_RELEVANT b'1214355'
ACTION SNIPPET 10000 7889 SEEN_PREVIOUSLY b'966180'
ACTION SNIPPET 10000 7892 SEEN_PREVIOUSLY b'1511708'
ACTION SNIPPET 10000 7895 SEEN_PREVIOUSLY b'1078863'
ACTION SNIPPET 10000 7898 SEEN_PREVIOUSLY b'1541670'
ACTION SNIPPET 10000 7901 SEEN_PREVIOUSLY b'1707062'
ACTION SNIPPET 10000 7904 SEEN_PREVIOUSLY b'1228536'
ACTION SNIPPET 10000 7907 SNIPPET_RELEVANT b'359900'
ACTION DOC 10000 7927 EXAMINING_DOCUMENT b'359900'
ACTION QUERY 10000 7937 black bear attacks vehicle
ACTION SERP 10000 7942 EXAMINE_SERP
ACTION SNIPPET 10000 7945 SNIPPET_RELEVANT b'1101611'
ACTION DOC 10000 7965 EXAMINING_DOCUMENT b'1101611'
ACTION SNIPPET 10000 7968 SEEN_PREVIOUSLY b'948068'
ACTION SNIPPET 10000 7971 SEEN_PREVIOUSLY b'1205988'
ACTION SNIPPET 10000 7974 SEEN_PREVIOUSLY b'634674'
ACTION SNIPPET 10000 7977 SEEN_PREVIOUSLY b'1707062'
ACTION SNIPPET 10000 7980 SNIPPET_RELEVANT b'550342'
ACTION DOC 10000 8000 EXAMINING_DOCUMENT b'550342'
ACTION QUERY 10000 8010 black bear attacks black
ACTION SERP 10000 8015 EXAMINE_SERP
ACTION SNIPPET 10000 8018 SEEN_PREVIOUSLY b'634674'
ACTION SNIPPET 10000 8021 SEEN_PREVIOUSLY b'780876'
ACTION SNIPPET 10000 8024 SEEN_PREVIOUSLY b'1707062'
ACTION SNIPPET 10000 8027 SEEN_PREVIOUSLY b'1440589'
ACTION SNIPPET 10000 8030 SEEN_PREVIOUSLY b'1209591'
ACTION SNIPPET 10000 8033 SEEN_PREVIOUSLY b'1319228'
ACTION SNIPPET 10000 8036 SEEN_PREVIOUSLY b'1417508'
ACTION SNIPPET 10000 8039 SEEN_PREVIOUSLY b'1319681'
ACTION SNIPPET 10000 8042 SEEN_PREVIOUSLY b'1754536'
ACTION SNIPPET 10000 8045 SEEN_PREVIOUSLY b'966180'
ACTION SNIPPET 10000 8048 SEEN_PREVIOUSLY b'1205254'
ACTION SNIPPET 10000 8051 SEEN_PREVIOUSLY b'1850183'
ACTION SNIPPET 10000 8054 SEEN_PREVIOUSLY b'52133'
ACTION SNIPPET 10000 8057 SEEN_PREVIOUSLY b'794195'
ACTION SNIPPET 10000 8060 SEEN_PREVIOUSLY b'794213'
ACTION QUERY 10000 8070 black bear attacks shot
ACTION SERP 10000 8075 EXAMINE_SERP
ACTION SNIPPET 10000 8078 SEEN_PREVIOUSLY b'52133'
ACTION SNIPPET 10000 8081 SEEN_PREVIOUSLY b'1754536'
ACTION SNIPPET 10000 8084 SEEN_PREVIOUSLY b'1319681'
ACTION SNIPPET 10000 8087 SEEN_PREVIOUSLY b'825608'
ACTION SNIPPET 10000 8090 SEEN_PREVIOUSLY b'1417508'
ACTION SNIPPET 10000 8093 SEEN_PREVIOUSLY b'1417346'
ACTION SNIPPET 10000 8096 SEEN_PREVIOUSLY b'634674'
ACTION SNIPPET 10000 8099 SEEN_PREVIOUSLY b'869631'
ACTION SNIPPET 10000 8102 SNIPPET_RELEVANT b'592670'
ACTION DOC 10000 8122 EXAMINING_DOCUMENT b'592670'
ACTION QUERY 10000 8132 black bear attacks protest
ACTION SERP 10000 8137 EXAMINE_SERP
ACTION SNIPPET 10000 8140 SEEN_PREVIOUSLY b'1209591'
ACTION SNIPPET 10000 8143 SEEN_PREVIOUSLY b'1541943'
ACTION SNIPPET 10000 8146 SNIPPET_RELEVANT b'1031832'
ACTION DOC 10000 8166 EXAMINING_DOCUMENT b'1031832'
ACTION SNIPPET 10000 8169 SEEN_PREVIOUSLY b'634674'
ACTION SNIPPET 10000 8172 SNIPPET_NOT_RELEVANT b'1188844'
ACTION SNIPPET 10000 8175 SEEN_PREVIOUSLY b'794195'
ACTION SNIPPET 10000 8178 SEEN_PREVIOUSLY b'794213'
ACTION SNIPPET 10000 8181 SNIPPET_NOT_RELEVANT b'817471'
ACTION SNIPPET 10000 8184 SNIPPET_RELEVANT b'281280'
ACTION DOC 10000 8204 EXAMINING_DOCUMENT b'281280'
ACTION QUERY 10000 8214 black bear attacks people
ACTION SERP 10000 8219 EXAMINE_SERP
ACTION SNIPPET 10000 8222 SEEN_PREVIOUSLY b'634674'
ACTION SNIPPET 10000 8225 SEEN_PREVIOUSLY b'1417508'
ACTION SNIPPET 10000 8228 SEEN_PREVIOUSLY b'1754536'
ACTION SNIPPET 10000 8231 SEEN_PREVIOUSLY b'1209591'
ACTION SNIPPET 10000 8234 SEEN_PREVIOUSLY b'1707062'
ACTION SNIPPET 10000 8237 SEEN_PREVIOUSLY b'1625519'
ACTION SNIPPET 10000 8240 SEEN_PREVIOUSLY b'1440589'
ACTION SNIPPET 10000 8243 SEEN_PREVIOUSLY b'869631'
ACTION SNIPPET 10000 8246 SEEN_PREVIOUSLY b'780876'
ACTION SNIPPET 10000 8249 SEEN_PREVIOUSLY b'1541943'
ACTION SNIPPET 10000 8252 SEEN_PREVIOUSLY b'1319681'
ACTION SNIPPET 10000 8255 SEEN_PREVIOUSLY b'794213'
ACTION SNIPPET 10000 8258 SEEN_PREVIOUSLY b'794195'
ACTION SNIPPET 10000 8261 SEEN_PREVIOUSLY b'772939'
ACTION SNIPPET 10000 8264 SEEN_PREVIOUSLY b'966180'
ACTION QUERY 10000 8274 black bear attacks started
ACTION SERP 10000 8279 EXAMINE_SERP
ACTION SNIPPET 10000 8282 SEEN_PREVIOUSLY b'634674'
ACTION SNIPPET 10000 8285 SEEN_PREVIOUSLY b'1209591'
ACTION SNIPPET 10000 8288 SEEN_PREVIOUSLY b'1707062'
ACTION SNIPPET 10000 8291 SEEN_PREVIOUSLY b'1186175'
ACTION SNIPPET 10000 8294 SEEN_PREVIOUSLY b'1230221'
ACTION SNIPPET 10000 8297 SEEN_PREVIOUSLY b'1440589'
ACTION SNIPPET 10000 8300 SEEN_PREVIOUSLY b'780876'
ACTION SNIPPET 10000 8303 SEEN_PREVIOUSLY b'1319681'
ACTION SNIPPET 10000 8306 SEEN_PREVIOUSLY b'966180'
ACTION SNIPPET 10000 8309 SEEN_PREVIOUSLY b'1319228'
ACTION SNIPPET 10000 8312 SEEN_PREVIOUSLY b'1754536'
ACTION SNIPPET 10000 8315 SEEN_PREVIOUSLY b'1417508'
ACTION SNIPPET 10000 8318 SEEN_PREVIOUSLY b'794213'
ACTION SNIPPET 10000 8321 SEEN_PREVIOUSLY b'794195'
ACTION SNIPPET 10000 8324 SEEN_PREVIOUSLY b'1205254'
ACTION QUERY 10000 8334 black bear attacks territory
ACTION SERP 10000 8339 EXAMINE_SERP
ACTION SNIPPET 10000 8342 SEEN_PREVIOUSLY b'1541670'
ACTION SNIPPET 10000 8345 SEEN_PREVIOUSLY b'1754536'
ACTION SNIPPET 10000 8348 SEEN_PREVIOUSLY b'1697947'
ACTION SNIPPET 10000 8351 SEEN_PREVIOUSLY b'966180'
ACTION SNIPPET 10000 8354 SEEN_PREVIOUSLY b'948068'
ACTION SNIPPET 10000 8357 SNIPPET_NOT_RELEVANT b'93088'
ACTION SNIPPET 10000 8360 SEEN_PREVIOUSLY b'1629286'
ACTION SNIPPET 10000 8363 SEEN_PREVIOUSLY b'634674'
ACTION SNIPPET 10000 8366 SEEN_PREVIOUSLY b'878920'
ACTION SNIPPET 10000 8369 SNIPPET_RELEVANT b'532316'
ACTION DOC 10000 8389 EXAMINING_DOCUMENT b'532316'
ACTION QUERY 10000 8399 black bear attacks begin
ACTION SERP 10000 8404 EXAMINE_SERP
ACTION SNIPPET 10000 8407 SEEN_PREVIOUSLY b'634674'
ACTION SNIPPET 10000 8410 SEEN_PREVIOUSLY b'1707062'
ACTION SNIPPET 10000 8413 SEEN_PREVIOUSLY b'1541670'
ACTION SNIPPET 10000 8416 SEEN_PREVIOUSLY b'966180'
ACTION SNIPPET 10000 8419 SEEN_PREVIOUSLY b'1440589'
ACTION SNIPPET 10000 8422 SEEN_PREVIOUSLY b'1625519'
ACTION SNIPPET 10000 8425 SEEN_PREVIOUSLY b'780876'
ACTION SNIPPET 10000 8428 SEEN_PREVIOUSLY b'1319228'
ACTION SNIPPET 10000 8431 SEEN_PREVIOUSLY b'1209591'
ACTION SNIPPET 10000 8434 SEEN_PREVIOUSLY b'1754536'
ACTION SNIPPET 10000 8437 SEEN_PREVIOUSLY b'952801'
ACTION SNIPPET 10000 8440 SEEN_PREVIOUSLY b'1678327'
ACTION SNIPPET 10000 8443 SEEN_PREVIOUSLY b'1417508'
ACTION SNIPPET 10000 8446 SEEN_PREVIOUSLY b'1205254'
ACTION SNIPPET 10000 8449 SEEN_PREVIOUSLY b'1319681'
ACTION QUERY 10000 8459 black bear attacks starts
ACTION SERP 10000 8464 EXAMINE_SERP
ACTION SNIPPET 10000 8467 SEEN_PREVIOUSLY b'634674'
ACTION SNIPPET 10000 8470 SEEN_PREVIOUSLY b'1209591'
ACTION SNIPPET 10000 8473 SEEN_PREVIOUSLY b'1707062'
ACTION SNIPPET 10000 8476 SEEN_PREVIOUSLY b'1186175'
ACTION SNIPPET 10000 8479 SEEN_PREVIOUSLY b'1230221'
ACTION SNIPPET 10000 8482 SEEN_PREVIOUSLY b'1440589'
ACTION SNIPPET 10000 8485 SEEN_PREVIOUSLY b'780876'
ACTION SNIPPET 10000 8488 SEEN_PREVIOUSLY b'1319681'
ACTION SNIPPET 10000 8491 SEEN_PREVIOUSLY b'966180'
ACTION SNIPPET 10000 8494 SEEN_PREVIOUSLY b'1319228'
ACTION SNIPPET 10000 8497 SEEN_PREVIOUSLY b'1754536'
ACTION SNIPPET 10000 8500 SEEN_PREVIOUSLY b'1417508'
ACTION SNIPPET 10000 8503 SEEN_PREVIOUSLY b'794213'
ACTION SNIPPET 10000 8506 SEEN_PREVIOUSLY b'794195'
ACTION SNIPPET 10000 8509 SEEN_PREVIOUSLY b'1205254'
ACTION QUERY 10000 8519 black bear attacks stroller
ACTION SERP 10000 8524 EXAMINE_SERP
ACTION SNIPPET 10000 8527 SEEN_PREVIOUSLY b'1417346'
ACTION SNIPPET 10000 8530 SEEN_PREVIOUSLY b'1417508'
ACTION SNIPPET 10000 8533 SNIPPET_NOT_RELEVANT b'132672'
ACTION SNIPPET 10000 8536 SNIPPET_NOT_RELEVANT b'1308790'
ACTION SNIPPET 10000 8539 SEEN_PREVIOUSLY b'1417483'
ACTION SNIPPET 10000 8542 SNIPPET_NOT_RELEVANT b'1518305'
ACTION SNIPPET 10000 8545 SEEN_PREVIOUSLY b'1417304'
ACTION SNIPPET 10000 8548 SNIPPET_RELEVANT b'1596187'
ACTION DOC 10000 8568 EXAMINING_DOCUMENT b'1596187'
ACTION SNIPPET 10000 8571 SEEN_PREVIOUSLY b'634674'
ACTION QUERY 10000 8581 black bear attacks human
ACTION SERP 10000 8586 EXAMINE_SERP
ACTION SNIPPET 10000 8589 SEEN_PREVIOUSLY b'634674'
ACTION SNIPPET 10000 8592 SEEN_PREVIOUSLY b'1707062'
ACTION SNIPPET 10000 8595 SEEN_PREVIOUSLY b'1319228'
ACTION SNIPPET 10000 8598 SEEN_PREVIOUSLY b'1205254'
ACTION SNIPPET 10000 8601 SEEN_PREVIOUSLY b'1440589'
ACTION SNIPPET 10000 8604 SEEN_PREVIOUSLY b'780876'
ACTION SNIPPET 10000 8607 SEEN_PREVIOUSLY b'1417508'
ACTION SNIPPET 10000 8610 SEEN_PREVIOUSLY b'966180'
ACTION SNIPPET 10000 8613 SEEN_PREVIOUSLY b'1850183'
ACTION SNIPPET 10000 8616 SEEN_PREVIOUSLY b'952801'
ACTION SNIPPET 10000 8619 SEEN_PREVIOUSLY b'1186175'
ACTION SNIPPET 10000 8622 SEEN_PREVIOUSLY b'1697947'
ACTION SNIPPET 10000 8625 SEEN_PREVIOUSLY b'1417346'
ACTION SNIPPET 10000 8628 SEEN_PREVIOUSLY b'1541670'
ACTION SNIPPET 10000 8631 SEEN_PREVIOUSLY b'955982'
ACTION QUERY 10000 8641 black bear attacks signed
ACTION SERP 10000 8646 EXAMINE_SERP
ACTION SNIPPET 10000 8649 SEEN_PREVIOUSLY b'1440589'
ACTION SNIPPET 10000 8652 SEEN_PREVIOUSLY b'1754536'
ACTION SNIPPET 10000 8655 SEEN_PREVIOUSLY b'634674'
ACTION SNIPPET 10000 8658 SEEN_PREVIOUSLY b'1541943'
ACTION SNIPPET 10000 8661 SEEN_PREVIOUSLY b'952801'
ACTION SNIPPET 10000 8664 SEEN_PREVIOUSLY b'772939'
ACTION SNIPPET 10000 8667 SEEN_PREVIOUSLY b'1707062'
ACTION SNIPPET 10000 8670 SEEN_PREVIOUSLY b'780876'
ACTION SNIPPET 10000 8673 SEEN_PREVIOUSLY b'1541670'
ACTION SNIPPET 10000 8676 SEEN_PREVIOUSLY b'1319228'
ACTION SNIPPET 10000 8679 SEEN_PREVIOUSLY b'1209591'
ACTION SNIPPET 10000 8682 SEEN_PREVIOUSLY b'1417508'
ACTION SNIPPET 10000 8685 SEEN_PREVIOUSLY b'1205254'
ACTION SNIPPET 10000 8688 SEEN_PREVIOUSLY b'1204309'
ACTION SNIPPET 10000 8691 SNIPPET_RELEVANT b'1512862'
ACTION DOC 10000 8711 EXAMINING_DOCUMENT b'1512862'
ACTION MARK 10000 8714 CONSIDERED_RELEVANT b'1512862'
ACTION SNIPPET 10000 8717 SEEN_PREVIOUSLY b'150548'
ACTION SNIPPET 10000 8720 SEEN_PREVIOUSLY b'1229011'
ACTION SNIPPET 10000 8723 SEEN_PREVIOUSLY b'1319681'
ACTION SNIPPET 10000 8726 SEEN_PREVIOUSLY b'1625519'
ACTION SNIPPET 10000 8729 SEEN_PREVIOUSLY b'869631'
ACTION SNIPPET 10000 8732 SEEN_PREVIOUSLY b'966180'
ACTION SNIPPET 10000 8735 SEEN_PREVIOUSLY b'794195'
ACTION SNIPPET 10000 8738 SEEN_PREVIOUSLY b'794213'
ACTION SNIPPET 10000 8741 SEEN_PREVIOUSLY b'52133'
ACTION SNIPPET 10000 8744 SEEN_PREVIOUSLY b'1230221'
ACTION SNIPPET 10000 8747 SEEN_PREVIOUSLY b'1850183'
ACTION SNIPPET 10000 8750 SEEN_PREVIOUSLY b'704439'
ACTION SNIPPET 10000 8753 SEEN_PREVIOUSLY b'1368283'
ACTION SNIPPET 10000 8756 SEEN_PREVIOUSLY b'1186175'
ACTION SNIPPET 10000 8759 SEEN_PREVIOUSLY b'1678327'
ACTION SNIPPET 10000 8762 SEEN_PREVIOUSLY b'1418708'
ACTION SNIPPET 10000 8765 SEEN_PREVIOUSLY b'1845393'
ACTION QUERY 10000 8775 black bear attacks site
ACTION SERP 10000 8780 EXAMINE_SERP
ACTION SNIPPET 10000 8783 SEEN_PREVIOUSLY b'1078863'
ACTION SNIPPET 10000 8786 SEEN_PREVIOUSLY b'1850183'
ACTION SNIPPET 10000 8789 SEEN_PREVIOUSLY b'634674'
ACTION SNIPPET 10000 8792 SEEN_PREVIOUSLY b'1625519'
ACTION SNIPPET 10000 8795 SEEN_PREVIOUSLY b'1707062'
ACTION SNIPPET 10000 8798 SEEN_PREVIOUSLY b'1440589'
ACTION SNIPPET 10000 8801 SEEN_PREVIOUSLY b'780876'
ACTION SNIPPET 10000 8804 SEEN_PREVIOUSLY b'1319228'
ACTION SNIPPET 10000 8807 SEEN_PREVIOUSLY b'1209591'
ACTION SNIPPET 10000 8810 SEEN_PREVIOUSLY b'1754536'
ACTION SNIPPET 10000 8813 SEEN_PREVIOUSLY b'1417508'
ACTION SNIPPET 10000 8816 SNIPPET_NOT_RELEVANT b'80786'
ACTION SNIPPET 10000 8819 SEEN_PREVIOUSLY b'1205254'
ACTION SNIPPET 10000 8822 SNIPPET_NOT_RELEVANT b'143375'
ACTION SNIPPET 10000 8825 SNIPPET_NOT_RELEVANT b'658640'
ACTION QUERY 10000 8835 black bear attacks campground
ACTION SERP 10000 8840 EXAMINE_SERP
ACTION SNIPPET 10000 8843 SEEN_PREVIOUSLY b'1697947'
ACTION SNIPPET 10000 8846 SNIPPET_NOT_RELEVANT b'946619'
ACTION SNIPPET 10000 8849 SNIPPET_NOT_RELEVANT b'1039895'
ACTION SNIPPET 10000 8852 SNIPPET_RELEVANT b'1226176'
ACTION DOC 10000 8872 EXAMINING_DOCUMENT b'1226176'
ACTION SNIPPET 10000 8875 SNIPPET_NOT_RELEVANT b'1780576'
ACTION SNIPPET 10000 8878 SNIPPET_NOT_RELEVANT b'852726'
ACTION SNIPPET 10000 8881 SEEN_PREVIOUSLY b'1229011'
ACTION SNIPPET 10000 8884 SNIPPET_RELEVANT b'976916'
ACTION DOC 10000 8904 EXAMINING_DOCUMENT b'976916'
ACTION MARK 10000 8907 CONSIDERED_RELEVANT b'976916'
ACTION SNIPPET 10000 8910 SNIPPET_NOT_RELEVANT b'535915'
ACTION SNIPPET 10000 8913 SNIPPET_RELEVANT b'1658625'
ACTION DOC 10000 8933 EXAMINING_DOCUMENT b'1658625'
ACTION SNIPPET 10000 8936 SNIPPET_NOT_RELEVANT b'619484'
ACTION SNIPPET 10000 8939 SNIPPET_NOT_RELEVANT b'1222011'
ACTION SNIPPET 10000 8942 SNIPPET_NOT_RELEVANT b'838061'
ACTION SNIPPET 10000 8945 SNIPPET_RELEVANT b'1326692'
ACTION DOC 10000 8965 EXAMINING_DOCUMENT b'1326692'
ACTION QUERY 10000 8975 black bear attacks ca
ACTION SERP 10000 8980 EXAMINE_SERP
ACTION SNIPPET 10000 8983 SEEN_PREVIOUSLY b'634674'
ACTION SNIPPET 10000 8986 SNIPPET_RELEVANT b'700220'
ACTION DOC 10000 9006 EXAMINING_DOCUMENT b'700220'
ACTION SNIPPET 10000 9009 SEEN_PREVIOUSLY b'1707062'
ACTION SNIPPET 10000 9012 SNIPPET_NOT_RELEVANT b'1747434'
ACTION SNIPPET 10000 9015 SNIPPET_NOT_RELEVANT b'1279746'
ACTION SNIPPET 10000 9018 SNIPPET_RELEVANT b'1538945'
ACTION DOC 10000 9038 EXAMINING_DOCUMENT b'1538945'
ACTION QUERY 10000 9048 black bear attacks fatalities
ACTION SERP 10000 9053 EXAMINE_SERP
ACTION SNIPPET 10000 9056 SEEN_PREVIOUSLY b'634674'
ACTION SNIPPET 10000 9059 SEEN_PREVIOUSLY b'772939'
ACTION SNIPPET 10000 9062 SEEN_PREVIOUSLY b'1754536'
ACTION SNIPPET 10000 9065 SEEN_PREVIOUSLY b'869631'
ACTION SNIPPET 10000 9068 SEEN_PREVIOUSLY b'1417508'
ACTION SNIPPET 10000 9071 SEEN_PREVIOUSLY b'1697947'
ACTION SNIPPET 10000 9074 SEEN_PREVIOUSLY b'1368283'
ACTION SNIPPET 10000 9077 SEEN_PREVIOUSLY b'1204309'
ACTION SNIPPET 10000 9080 SNIPPET_RELEVANT b'319520'
ACTION DOC 10000 9100 EXAMINING_DOCUMENT b'319520'
ACTION QUERY 10000 9110 black bear attacks london
ACTION SERP 10000 9115 EXAMINE_SERP
ACTION SNIPPET 10000 9118 SEEN_PREVIOUSLY b'634674'
ACTION SNIPPET 10000 9121 SEEN_PREVIOUSLY b'1707062'
ACTION SNIPPET 10000 9124 SEEN_PREVIOUSLY b'1440589'
ACTION SNIPPET 10000 9127 SEEN_PREVIOUSLY b'780876'
ACTION SNIPPET 10000 9130 SEEN_PREVIOUSLY b'1319228'
ACTION SNIPPET 10000 9133 SEEN_PREVIOUSLY b'1209591'
ACTION SNIPPET 10000 9136 SEEN_PREVIOUSLY b'1754536'
ACTION SNIPPET 10000 9139 SEEN_PREVIOUSLY b'1417508'
ACTION SNIPPET 10000 9142 SEEN_PREVIOUSLY b'174217'
ACTION SNIPPET 10000 9145 SNIPPET_NOT_RELEVANT b'1141122'
ACTION SNIPPET 10000 9148 SEEN_PREVIOUSLY b'1205254'
ACTION SNIPPET 10000 9151 SNIPPET_RELEVANT b'435753'
ACTION DOC 10000 9171 EXAMINING_DOCUMENT b'435753'
ACTION QUERY 10000 9181 black bear attacks gold
ACTION SERP 10000 9186 EXAMINE_SERP
ACTION SNIPPET 10000 9189 SEEN_PREVIOUSLY b'634674'
ACTION SNIPPET 10000 9192 SEEN_PREVIOUSLY b'794195'
ACTION SNIPPET 10000 9195 SEEN_PREVIOUSLY b'794213'
ACTION SNIPPET 10000 9198 SEEN_PREVIOUSLY b'312131'
ACTION SNIPPET 10000 9201 SEEN_PREVIOUSLY b'1707062'
ACTION SNIPPET 10000 9204 SEEN_PREVIOUSLY b'1440589'
ACTION SNIPPET 10000 9207 SEEN_PREVIOUSLY b'780876'
ACTION SNIPPET 10000 9210 SNIPPET_RELEVANT b'48636'
ACTION DOC 10000 9230 EXAMINING_DOCUMENT b'48636'
ACTION SNIPPET 10000 9233 SEEN_PREVIOUSLY b'1319228'
ACTION QUERY 10000 9243 black bear attacks conroy
ACTION SERP 10000 9248 EXAMINE_SERP
ACTION SNIPPET 10000 9251 SEEN_PREVIOUSLY b'1204309'
ACTION SNIPPET 10000 9254 SNIPPET_NOT_RELEVANT b'1135412'
ACTION SNIPPET 10000 9257 SEEN_PREVIOUSLY b'1652832'
ACTION SNIPPET 10000 9260 SNIPPET_NOT_RELEVANT b'1184849'
ACTION SNIPPET 10000 9263 SNIPPET_NOT_RELEVANT b'1450876'
ACTION SNIPPET 10000 9266 SEEN_PREVIOUSLY b'1579068'
ACTION SNIPPET 10000 9269 SNIPPET_NOT_RELEVANT b'106033'
ACTION SNIPPET 10000 9272 SNIPPET_NOT_RELEVANT b'1820951'
ACTION SNIPPET 10000 9275 SNIPPET_NOT_RELEVANT b'1653631'
ACTION SNIPPET 10000 9278 SNIPPET_RELEVANT b'1491846'
ACTION DOC 10000 9298 EXAMINING_DOCUMENT b'1491846'
ACTION QUERY 10000 9308 black bear attacks control
ACTION SERP 10000 9313 EXAMINE_SERP
ACTION SNIPPET 10000 9316 SEEN_PREVIOUSLY b'1209591'
ACTION SNIPPET 10000 9319 SEEN_PREVIOUSLY b'1230221'
ACTION SNIPPET 10000 9322 SEEN_PREVIOUSLY b'634674'
ACTION SNIPPET 10000 9325 SEEN_PREVIOUSLY b'1418708'
ACTION SNIPPET 10000 9328 SEEN_PREVIOUSLY b'1629286'
ACTION SNIPPET 10000 9331 SEEN_PREVIOUSLY b'1707062'
ACTION SNIPPET 10000 9334 SEEN_PREVIOUSLY b'1625519'
ACTION SNIPPET 10000 9337 SEEN_PREVIOUSLY b'1440589'
ACTION SNIPPET 10000 9340 SEEN_PREVIOUSLY b'1399077'
ACTION SNIPPET 10000 9343 SEEN_PREVIOUSLY b'780876'
ACTION SNIPPET 10000 9346 SEEN_PREVIOUSLY b'1541670'
ACTION SNIPPET 10000 9349 SEEN_PREVIOUSLY b'1678327'
ACTION SNIPPET 10000 9352 SEEN_PREVIOUSLY b'1319228'
ACTION SNIPPET 10000 9355 SEEN_PREVIOUSLY b'1754536'
ACTION SNIPPET 10000 9358 SEEN_PREVIOUSLY b'1417508'
ACTION QUERY 10000 9368 black bear attacks bethlehem
ACTION SERP 10000 9373 EXAMINE_SERP
ACTION SNIPPET 10000 9376 SNIPPET_NOT_RELEVANT b'1354276'
ACTION SNIPPET 10000 9379 SNIPPET_RELEVANT b'276764'
ACTION DOC 10000 9399 EXAMINING_DOCUMENT b'276764'
ACTION SNIPPET 10000 9402 SNIPPET_NOT_RELEVANT b'1354413'
ACTION SNIPPET 10000 9405 SNIPPET_NOT_RELEVANT b'436853'
ACTION SNIPPET 10000 9408 SEEN_PREVIOUSLY b'1235078'
ACTION SNIPPET 10000 9411 SNIPPET_RELEVANT b'1335304'
ACTION DOC 10000 9431 EXAMINING_DOCUMENT b'1335304'
ACTION QUERY 10000 9441 black bear attacks considered
ACTION SERP 10000 9446 EXAMINE_SERP
ACTION SNIPPET 10000 9449 SEEN_PREVIOUSLY b'634674'
ACTION SNIPPET 10000 9452 SEEN_PREVIOUSLY b'1850183'
ACTION SNIPPET 10000 9455 SEEN_PREVIOUSLY b'1368283'
ACTION SNIPPET 10000 9458 SEEN_PREVIOUSLY b'1707062'
ACTION SNIPPET 10000 9461 SEEN_PREVIOUSLY b'1319681'
ACTION SNIPPET 10000 9464 SEEN_PREVIOUSLY b'1440589'
ACTION SNIPPET 10000 9467 SEEN_PREVIOUSLY b'780876'
ACTION SNIPPET 10000 9470 SEEN_PREVIOUSLY b'1399077'
ACTION SNIPPET 10000 9473 SEEN_PREVIOUSLY b'1319228'
ACTION SNIPPET 10000 9476 SEEN_PREVIOUSLY b'1209591'
ACTION SNIPPET 10000 9479 SEEN_PREVIOUSLY b'1754536'
ACTION SNIPPET 10000 9482 SEEN_PREVIOUSLY b'1417508'
ACTION SNIPPET 10000 9485 SEEN_PREVIOUSLY b'1205254'
ACTION SNIPPET 10000 9488 SNIPPET_RELEVANT b'1205987'
ACTION DOC 10000 9508 EXAMINING_DOCUMENT b'1205987'
ACTION MARK 10000 9511 CONSIDERED_RELEVANT b'1205987'
ACTION SNIPPET 10000 9514 SEEN_PREVIOUSLY b'1625519'
ACTION SNIPPET 10000 9517 SEEN_PREVIOUSLY b'869631'
ACTION SNIPPET 10000 9520 SNIPPET_NOT_RELEVANT b'360323'
ACTION SNIPPET 10000 9523 SEEN_PREVIOUSLY b'966180'
ACTION SNIPPET 10000 9526 SEEN_PREVIOUSLY b'794195'
ACTION SNIPPET 10000 9529 SEEN_PREVIOUSLY b'794213'
ACTION SNIPPET 10000 9532 SEEN_PREVIOUSLY b'772939'
ACTION SNIPPET 10000 9535 SEEN_PREVIOUSLY b'52133'
ACTION SNIPPET 10000 9538 SEEN_PREVIOUSLY b'1230221'
ACTION SNIPPET 10000 9541 SEEN_PREVIOUSLY b'1541670'
ACTION SNIPPET 10000 9544 SEEN_PREVIOUSLY b'592670'
ACTION SNIPPET 10000 9547 SEEN_PREVIOUSLY b'1541943'
ACTION SNIPPET 10000 9550 SEEN_PREVIOUSLY b'1203456'
ACTION SNIPPET 10000 9553 SNIPPET_NOT_RELEVANT b'217606'
ACTION SNIPPET 10000 9556 SNIPPET_NOT_RELEVANT b'562866'
ACTION SNIPPET 10000 9559 SNIPPET_RELEVANT b'4493'
ACTION DOC 10000 9579 EXAMINING_DOCUMENT b'4493'
ACTION QUERY 10000 9589 black bear attacks sightings
ACTION SERP 10000 9594 EXAMINE_SERP
ACTION SNIPPET 10000 9597 SEEN_PREVIOUSLY b'1850183'
ACTION SNIPPET 10000 9600 SEEN_PREVIOUSLY b'1417508'
ACTION SNIPPET 10000 9603 SEEN_PREVIOUSLY b'1319681'
ACTION SNIPPET 10000 9606 SEEN_PREVIOUSLY b'1625519'
ACTION SNIPPET 10000 9609 SEEN_PREVIOUSLY b'955982'
ACTION SNIPPET 10000 9612 SNIPPET_RELEVANT b'1682008'
ACTION DOC 10000 9632 EXAMINING_DOCUMENT b'1682008'
ACTION SNIPPET 10000 9635 SEEN_PREVIOUSLY b'1512862'
ACTION SNIPPET 10000 9638 SNIPPET_RELEVANT b'1311233'
ACTION DOC 10000 9658 EXAMINING_DOCUMENT b'1311233'
ACTION MARK 10000 9661 CONSIDERED_RELEVANT b'1311233'
ACTION SNIPPET 10000 9664 SNIPPET_NOT_RELEVANT b'366418'
ACTION SNIPPET 10000 9667 SEEN_PREVIOUSLY b'176757'
ACTION SNIPPET 10000 9670 SEEN_PREVIOUSLY b'1417346'
ACTION SNIPPET 10000 9673 SNIPPET_NOT_RELEVANT b'388259'
ACTION SNIPPET 10000 9676 SEEN_PREVIOUSLY b'952801'
ACTION SNIPPET 10000 9679 SEEN_PREVIOUSLY b'634674'
ACTION SNIPPET 10000 9682 SEEN_PREVIOUSLY b'1228536'
ACTION SNIPPET 10000 9685 SEEN_PREVIOUSLY b'1541670'
ACTION SNIPPET 10000 9688 SNIPPET_RELEVANT b'1595778'
ACTION DOC 10000 9708 EXAMINING_DOCUMENT b'1595778'
ACTION SNIPPET 10000 9711 SEEN_PREVIOUSLY b'1673457'
ACTION QUERY 10000 9721 black bear attacks pictures
ACTION SERP 10000 9726 EXAMINE_SERP
ACTION SNIPPET 10000 9729 SEEN_PREVIOUSLY b'357292'
ACTION SNIPPET 10000 9732 SEEN_PREVIOUSLY b'634674'
ACTION SNIPPET 10000 9735 SEEN_PREVIOUSLY b'1707062'
ACTION SNIPPET 10000 9738 SEEN_PREVIOUSLY b'652450'
ACTION SNIPPET 10000 9741 SEEN_PREVIOUSLY b'1440589'
ACTION SNIPPET 10000 9744 SEEN_PREVIOUSLY b'780876'
ACTION SNIPPET 10000 9747 SEEN_PREVIOUSLY b'1682008'
ACTION SNIPPET 10000 9750 SEEN_PREVIOUSLY b'1311233'
ACTION SNIPPET 10000 9753 SNIPPET_NOT_RELEVANT b'263114'
ACTION SNIPPET 10000 9756 SEEN_PREVIOUSLY b'1319228'
ACTION SNIPPET 10000 9759 SEEN_PREVIOUSLY b'1209591'
ACTION SNIPPET 10000 9762 SEEN_PREVIOUSLY b'1754536'
ACTION SNIPPET 10000 9765 SNIPPET_NOT_RELEVANT b'703134'
ACTION SNIPPET 10000 9768 SEEN_PREVIOUSLY b'1417508'
ACTION SNIPPET 10000 9771 SNIPPET_RELEVANT b'569226'
ACTION DOC 10000 9791 EXAMINING_DOCUMENT b'569226'
ACTION QUERY 10000 9801 black bear attacks celine
ACTION SERP 10000 9806 EXAMINE_SERP
ACTION SNIPPET 10000 9809 SNIPPET_NOT_RELEVANT b'9375'
ACTION SNIPPET 10000 9812 SNIPPET_RELEVANT b'837670'
ACTION DOC 10000 9832 EXAMINING_DOCUMENT b'837670'
ACTION SNIPPET 10000 9835 SNIPPET_NOT_RELEVANT b'388816'
ACTION SNIPPET 10000 9838 SEEN_PREVIOUSLY b'1311233'
ACTION SNIPPET 10000 9841 SNIPPET_RELEVANT b'967412'
ACTION DOC 10000 9861 EXAMINING_DOCUMENT b'967412'
ACTION QUERY 10000 9871 black bear attacks important
ACTION SERP 10000 9876 EXAMINE_SERP
ACTION SNIPPET 10000 9879 SEEN_PREVIOUSLY b'634674'
ACTION SNIPPET 10000 9882 SEEN_PREVIOUSLY b'1625519'
ACTION SNIPPET 10000 9885 SEEN_PREVIOUSLY b'1850183'
ACTION SNIPPET 10000 9888 SEEN_PREVIOUSLY b'1707062'
ACTION SNIPPET 10000 9891 SEEN_PREVIOUSLY b'1440589'
ACTION SNIPPET 10000 9894 SEEN_PREVIOUSLY b'780876'
ACTION SNIPPET 10000 9897 SEEN_PREVIOUSLY b'1761746'
ACTION SNIPPET 10000 9900 SEEN_PREVIOUSLY b'1319228'
ACTION SNIPPET 10000 9903 SEEN_PREVIOUSLY b'1209591'
ACTION SNIPPET 10000 9906 SEEN_PREVIOUSLY b'1754536'
ACTION SNIPPET 10000 9909 SEEN_PREVIOUSLY b'1417508'
ACTION SNIPPET 10000 9912 SEEN_PREVIOUSLY b'1205254'
ACTION SNIPPET 10000 9915 SEEN_PREVIOUSLY b'1319681'
ACTION SNIPPET 10000 9918 SEEN_PREVIOUSLY b'869631'
ACTION SNIPPET 10000 9921 SEEN_PREVIOUSLY b'966180'
ACTION QUERY 10000 9931 black bear attacks trials
ACTION SERP 10000 9936 EXAMINE_SERP
ACTION SNIPPET 10000 9939 SEEN_PREVIOUSLY b'634674'
ACTION SNIPPET 10000 9942 SEEN_PREVIOUSLY b'92414'
ACTION SNIPPET 10000 9945 SNIPPET_RELEVANT b'67288'
ACTION DOC 10000 9965 EXAMINING_DOCUMENT b'67288'
ACTION SNIPPET 10000 9968 SEEN_PREVIOUSLY b'1707062'
ACTION SNIPPET 10000 9971 SEEN_PREVIOUSLY b'1440589'
ACTION SNIPPET 10000 9974 SNIPPET_RELEVANT b'1075074'
ACTION DOC 10000 9994 EXAMINING_DOCUMENT b'1075074'
ACTION QUERY 10000 10004 black bear attacks large
INFO SUMMARY 
INFO TOTAL_QUERIES_ISSUED 124
INFO TOTAL_SNIPPETS_EXAMINED 1441
INFO TOTAL_DOCUMENTS_EXAMINED 185
INFO TOTAL_DOCUMENTS_MARKED_RELEVANT 42
INFO TOTAL_ATTRACTIVE_SERP_IMPRESSIONS 123
INFO TOTAL_UNATTRACTIVE_SERP_IMPRESSIONS 0
