ACTION QUERY 10000 10 automobile recalls
ACTION SERP 10000 15 EXAMINE_SERP
ACTION SNIPPET 10000 18 SNIPPET_RELEVANT b'49918'
ACTION DOC 10000 38 EXAMINING_DOCUMENT b'49918'
ACTION MARK 10000 41 CONSIDERED_RELEVANT b'49918'
ACTION SNIPPET 10000 44 SNIPPET_RELEVANT b'102784'
ACTION DOC 10000 64 EXAMINING_DOCUMENT b'102784'
ACTION MARK 10000 67 CONSIDERED_RELEVANT b'102784'
ACTION SNIPPET 10000 70 SNIPPET_RELEVANT b'343414'
ACTION DOC 10000 90 EXAMINING_DOCUMENT b'343414'
ACTION MARK 10000 93 CONSIDERED_RELEVANT b'343414'
ACTION SNIPPET 10000 96 SNIPPET_RELEVANT b'40158'
ACTION DOC 10000 116 EXAMINING_DOCUMENT b'40158'
ACTION MARK 10000 119 CONSIDERED_RELEVANT b'40158'
ACTION SNIPPET 10000 122 SNIPPET_RELEVANT b'96858'
ACTION DOC 10000 142 EXAMINING_DOCUMENT b'96858'
ACTION MARK 10000 145 CONSIDERED_RELEVANT b'96858'
ACTION SNIPPET 10000 148 SNIPPET_RELEVANT b'36602'
ACTION DOC 10000 168 EXAMINING_DOCUMENT b'36602'
ACTION SNIPPET 10000 171 SNIPPET_NOT_RELEVANT b'39916'
ACTION SNIPPET 10000 174 SNIPPET_RELEVANT b'1284634'
ACTION DOC 10000 194 EXAMINING_DOCUMENT b'1284634'
ACTION MARK 10000 197 CONSIDERED_RELEVANT b'1284634'
ACTION SNIPPET 10000 200 SNIPPET_RELEVANT b'1712460'
ACTION DOC 10000 220 EXAMINING_DOCUMENT b'1712460'
ACTION MARK 10000 223 CONSIDERED_RELEVANT b'1712460'
ACTION SNIPPET 10000 226 SNIPPET_RELEVANT b'1227929'
ACTION DOC 10000 246 EXAMINING_DOCUMENT b'1227929'
ACTION QUERY 10000 256 automobile recalls minor
ACTION SERP 10000 261 EXAMINE_SERP
ACTION SNIPPET 10000 264 SEEN_PREVIOUSLY b'1712460'
ACTION SNIPPET 10000 267 SNIPPET_RELEVANT b'403051'
ACTION DOC 10000 287 EXAMINING_DOCUMENT b'403051'
ACTION MARK 10000 290 CONSIDERED_RELEVANT b'403051'
ACTION SNIPPET 10000 293 SNIPPET_RELEVANT b'192529'
ACTION DOC 10000 313 EXAMINING_DOCUMENT b'192529'
ACTION SNIPPET 10000 316 SNIPPET_NOT_RELEVANT b'40715'
ACTION SNIPPET 10000 319 SEEN_PREVIOUSLY b'49918'
ACTION SNIPPET 10000 322 SNIPPET_NOT_RELEVANT b'72897'
ACTION SNIPPET 10000 325 SEEN_PREVIOUSLY b'102784'
ACTION SNIPPET 10000 328 SNIPPET_NOT_RELEVANT b'923182'
ACTION SNIPPET 10000 331 SEEN_PREVIOUSLY b'343414'
ACTION SNIPPET 10000 334 SEEN_PREVIOUSLY b'40158'
ACTION QUERY 10000 344 automobile recalls truck
ACTION SERP 10000 349 EXAMINE_SERP
ACTION SNIPPET 10000 352 SEEN_PREVIOUSLY b'102784'
ACTION SNIPPET 10000 355 SNIPPET_RELEVANT b'1574372'
ACTION DOC 10000 375 EXAMINING_DOCUMENT b'1574372'
ACTION SNIPPET 10000 378 SNIPPET_RELEVANT b'1235752'
ACTION DOC 10000 398 EXAMINING_DOCUMENT b'1235752'
ACTION MARK 10000 401 CONSIDERED_RELEVANT b'1235752'
ACTION SNIPPET 10000 404 SNIPPET_NOT_RELEVANT b'482640'
ACTION SNIPPET 10000 407 SNIPPET_NOT_RELEVANT b'728937'
ACTION SNIPPET 10000 410 SNIPPET_NOT_RELEVANT b'1234798'
ACTION SNIPPET 10000 413 SNIPPET_RELEVANT b'1226017'
ACTION DOC 10000 433 EXAMINING_DOCUMENT b'1226017'
ACTION MARK 10000 436 CONSIDERED_RELEVANT b'1226017'
ACTION SNIPPET 10000 439 SNIPPET_NOT_RELEVANT b'49713'
ACTION SNIPPET 10000 442 SNIPPET_RELEVANT b'1042628'
ACTION DOC 10000 462 EXAMINING_DOCUMENT b'1042628'
ACTION SNIPPET 10000 465 SNIPPET_NOT_RELEVANT b'788207'
ACTION QUERY 10000 475 automobile recalls specify
ACTION SERP 10000 480 EXAMINE_SERP
ACTION SNIPPET 10000 483 SNIPPET_RELEVANT b'207281'
ACTION DOC 10000 503 EXAMINING_DOCUMENT b'207281'
ACTION SNIPPET 10000 506 SNIPPET_RELEVANT b'193676'
ACTION DOC 10000 526 EXAMINING_DOCUMENT b'193676'
ACTION SNIPPET 10000 529 SNIPPET_RELEVANT b'1457469'
ACTION DOC 10000 549 EXAMINING_DOCUMENT b'1457469'
ACTION SNIPPET 10000 552 SEEN_PREVIOUSLY b'49918'
ACTION SNIPPET 10000 555 SNIPPET_NOT_RELEVANT b'936745'
ACTION SNIPPET 10000 558 SNIPPET_RELEVANT b'706040'
ACTION DOC 10000 578 EXAMINING_DOCUMENT b'706040'
ACTION SNIPPET 10000 581 SEEN_PREVIOUSLY b'102784'
ACTION SNIPPET 10000 584 SNIPPET_NOT_RELEVANT b'1029960'
ACTION SNIPPET 10000 587 SNIPPET_RELEVANT b'716726'
ACTION DOC 10000 607 EXAMINING_DOCUMENT b'716726'
ACTION SNIPPET 10000 610 SNIPPET_NOT_RELEVANT b'812277'
ACTION QUERY 10000 620 automobile recalls reasons
ACTION SERP 10000 625 EXAMINE_SERP
ACTION SNIPPET 10000 628 SNIPPET_NOT_RELEVANT b'210111'
ACTION SNIPPET 10000 631 SEEN_PREVIOUSLY b'1712460'
ACTION SNIPPET 10000 634 SEEN_PREVIOUSLY b'1226017'
ACTION SNIPPET 10000 637 SNIPPET_NOT_RELEVANT b'232575'
ACTION SNIPPET 10000 640 SEEN_PREVIOUSLY b'49918'
ACTION SNIPPET 10000 643 SEEN_PREVIOUSLY b'102784'
ACTION SNIPPET 10000 646 SEEN_PREVIOUSLY b'343414'
ACTION SNIPPET 10000 649 SEEN_PREVIOUSLY b'40158'
ACTION SNIPPET 10000 652 SEEN_PREVIOUSLY b'96858'
ACTION SNIPPET 10000 655 SEEN_PREVIOUSLY b'36602'
ACTION QUERY 10000 665 automobile recalls major
ACTION SERP 10000 670 EXAMINE_SERP
ACTION SNIPPET 10000 673 SEEN_PREVIOUSLY b'1712460'
ACTION SNIPPET 10000 676 SEEN_PREVIOUSLY b'49918'
ACTION SNIPPET 10000 679 SEEN_PREVIOUSLY b'1226017'
ACTION SNIPPET 10000 682 SEEN_PREVIOUSLY b'102784'
ACTION SNIPPET 10000 685 SNIPPET_RELEVANT b'72897'
ACTION DOC 10000 705 EXAMINING_DOCUMENT b'72897'
ACTION SNIPPET 10000 708 SNIPPET_RELEVANT b'288226'
ACTION DOC 10000 728 EXAMINING_DOCUMENT b'288226'
ACTION SNIPPET 10000 731 SEEN_PREVIOUSLY b'343414'
ACTION SNIPPET 10000 734 SEEN_PREVIOUSLY b'40158'
ACTION SNIPPET 10000 737 SNIPPET_NOT_RELEVANT b'49713'
ACTION SNIPPET 10000 740 SEEN_PREVIOUSLY b'96858'
ACTION QUERY 10000 750 automobile recalls emissions
ACTION SERP 10000 755 EXAMINE_SERP
ACTION SNIPPET 10000 758 SEEN_PREVIOUSLY b'49918'
ACTION SNIPPET 10000 761 SEEN_PREVIOUSLY b'288226'
ACTION SNIPPET 10000 764 SEEN_PREVIOUSLY b'102784'
ACTION SNIPPET 10000 767 SNIPPET_NOT_RELEVANT b'411673'
ACTION SNIPPET 10000 770 SNIPPET_NOT_RELEVANT b'812515'
ACTION SNIPPET 10000 773 SNIPPET_RELEVANT b'1506902'
ACTION DOC 10000 793 EXAMINING_DOCUMENT b'1506902'
ACTION SNIPPET 10000 796 SNIPPET_NOT_RELEVANT b'1278241'
ACTION SNIPPET 10000 799 SNIPPET_NOT_RELEVANT b'274435'
ACTION SNIPPET 10000 802 SNIPPET_NOT_RELEVANT b'287948'
ACTION SNIPPET 10000 805 SNIPPET_RELEVANT b'3584'
ACTION DOC 10000 825 EXAMINING_DOCUMENT b'3584'
ACTION QUERY 10000 835 automobile recalls date
ACTION SERP 10000 840 EXAMINE_SERP
ACTION SNIPPET 10000 843 SEEN_PREVIOUSLY b'49918'
ACTION SNIPPET 10000 846 SEEN_PREVIOUSLY b'102784'
ACTION SNIPPET 10000 849 SNIPPET_RELEVANT b'1176152'
ACTION DOC 10000 869 EXAMINING_DOCUMENT b'1176152'
ACTION SNIPPET 10000 872 SNIPPET_NOT_RELEVANT b'411673'
ACTION SNIPPET 10000 875 SEEN_PREVIOUSLY b'343414'
ACTION SNIPPET 10000 878 SEEN_PREVIOUSLY b'40158'
ACTION SNIPPET 10000 881 SEEN_PREVIOUSLY b'96858'
ACTION SNIPPET 10000 884 SNIPPET_RELEVANT b'125034'
ACTION DOC 10000 904 EXAMINING_DOCUMENT b'125034'
ACTION SNIPPET 10000 907 SEEN_PREVIOUSLY b'36602'
ACTION SNIPPET 10000 910 SNIPPET_NOT_RELEVANT b'1531991'
ACTION QUERY 10000 920 automobile recalls cut
ACTION SERP 10000 925 EXAMINE_SERP
ACTION SNIPPET 10000 928 SEEN_PREVIOUSLY b'1574372'
ACTION SNIPPET 10000 931 SEEN_PREVIOUSLY b'1227929'
ACTION SNIPPET 10000 934 SNIPPET_RELEVANT b'1232132'
ACTION DOC 10000 954 EXAMINING_DOCUMENT b'1232132'
ACTION MARK 10000 957 CONSIDERED_RELEVANT b'1232132'
ACTION SNIPPET 10000 960 SEEN_PREVIOUSLY b'1226017'
ACTION SNIPPET 10000 963 SEEN_PREVIOUSLY b'72897'
ACTION SNIPPET 10000 966 SNIPPET_NOT_RELEVANT b'263446'
ACTION SNIPPET 10000 969 SEEN_PREVIOUSLY b'49918'
ACTION SNIPPET 10000 972 SEEN_PREVIOUSLY b'102784'
ACTION SNIPPET 10000 975 SEEN_PREVIOUSLY b'343414'
ACTION SNIPPET 10000 978 SEEN_PREVIOUSLY b'40158'
ACTION QUERY 10000 988 automobile recalls will
ACTION SERP 10000 993 EXAMINE_SERP
ACTION SNIPPET 10000 996 SEEN_PREVIOUSLY b'49918'
ACTION SNIPPET 10000 999 SEEN_PREVIOUSLY b'102784'
ACTION SNIPPET 10000 1002 SEEN_PREVIOUSLY b'343414'
ACTION SNIPPET 10000 1005 SEEN_PREVIOUSLY b'40158'
ACTION SNIPPET 10000 1008 SEEN_PREVIOUSLY b'96858'
ACTION SNIPPET 10000 1011 SEEN_PREVIOUSLY b'36602'
ACTION SNIPPET 10000 1014 SNIPPET_NOT_RELEVANT b'39916'
ACTION SNIPPET 10000 1017 SEEN_PREVIOUSLY b'1284634'
ACTION SNIPPET 10000 1020 SEEN_PREVIOUSLY b'1712460'
ACTION SNIPPET 10000 1023 SEEN_PREVIOUSLY b'1227929'
ACTION QUERY 10000 1033 automobile recalls usa
ACTION SERP 10000 1038 EXAMINE_SERP
ACTION SNIPPET 10000 1041 SNIPPET_RELEVANT b'760949'
ACTION DOC 10000 1061 EXAMINING_DOCUMENT b'760949'
ACTION MARK 10000 1064 CONSIDERED_RELEVANT b'760949'
ACTION SNIPPET 10000 1067 SEEN_PREVIOUSLY b'1712460'
ACTION SNIPPET 10000 1070 SNIPPET_RELEVANT b'1105870'
ACTION DOC 10000 1090 EXAMINING_DOCUMENT b'1105870'
ACTION SNIPPET 10000 1093 SNIPPET_RELEVANT b'872327'
ACTION DOC 10000 1113 EXAMINING_DOCUMENT b'872327'
ACTION SNIPPET 10000 1116 SNIPPET_NOT_RELEVANT b'910410'
ACTION SNIPPET 10000 1119 SNIPPET_NOT_RELEVANT b'103430'
ACTION SNIPPET 10000 1122 SNIPPET_NOT_RELEVANT b'1117917'
ACTION SNIPPET 10000 1125 SNIPPET_NOT_RELEVANT b'852074'
ACTION SNIPPET 10000 1128 SNIPPET_RELEVANT b'515601'
ACTION DOC 10000 1148 EXAMINING_DOCUMENT b'515601'
ACTION SNIPPET 10000 1151 SEEN_PREVIOUSLY b'49918'
ACTION QUERY 10000 1161 automobile recalls accident
ACTION SERP 10000 1166 EXAMINE_SERP
ACTION SNIPPET 10000 1169 SEEN_PREVIOUSLY b'102784'
ACTION SNIPPET 10000 1172 SNIPPET_RELEVANT b'232575'
ACTION DOC 10000 1192 EXAMINING_DOCUMENT b'232575'
ACTION SNIPPET 10000 1195 SNIPPET_NOT_RELEVANT b'65456'
ACTION SNIPPET 10000 1198 SNIPPET_RELEVANT b'39916'
ACTION DOC 10000 1218 EXAMINING_DOCUMENT b'39916'
ACTION SNIPPET 10000 1221 SEEN_PREVIOUSLY b'403051'
ACTION SNIPPET 10000 1224 SNIPPET_NOT_RELEVANT b'120022'
ACTION SNIPPET 10000 1227 SNIPPET_RELEVANT b'30337'
ACTION DOC 10000 1247 EXAMINING_DOCUMENT b'30337'
ACTION SNIPPET 10000 1250 SEEN_PREVIOUSLY b'1226017'
ACTION SNIPPET 10000 1253 SNIPPET_NOT_RELEVANT b'177341'
ACTION SNIPPET 10000 1256 SEEN_PREVIOUSLY b'1042628'
ACTION QUERY 10000 1266 automobile recalls 900
ACTION SERP 10000 1271 EXAMINE_SERP
ACTION SNIPPET 10000 1274 SEEN_PREVIOUSLY b'760949'
ACTION SNIPPET 10000 1277 SNIPPET_NOT_RELEVANT b'263446'
ACTION SNIPPET 10000 1280 SNIPPET_NOT_RELEVANT b'281922'
ACTION SNIPPET 10000 1283 SNIPPET_NOT_RELEVANT b'377066'
ACTION SNIPPET 10000 1286 SNIPPET_NOT_RELEVANT b'289879'
ACTION SNIPPET 10000 1289 SEEN_PREVIOUSLY b'49918'
ACTION SNIPPET 10000 1292 SEEN_PREVIOUSLY b'102784'
ACTION SNIPPET 10000 1295 SNIPPET_NOT_RELEVANT b'538778'
ACTION SNIPPET 10000 1298 SNIPPET_RELEVANT b'48959'
ACTION DOC 10000 1318 EXAMINING_DOCUMENT b'48959'
ACTION SNIPPET 10000 1321 SEEN_PREVIOUSLY b'343414'
ACTION QUERY 10000 1331 automobile recalls years
ACTION SERP 10000 1336 EXAMINE_SERP
ACTION SNIPPET 10000 1339 SEEN_PREVIOUSLY b'49918'
ACTION SNIPPET 10000 1342 SEEN_PREVIOUSLY b'102784'
ACTION SNIPPET 10000 1345 SEEN_PREVIOUSLY b'343414'
ACTION SNIPPET 10000 1348 SEEN_PREVIOUSLY b'40158'
ACTION SNIPPET 10000 1351 SEEN_PREVIOUSLY b'96858'
ACTION SNIPPET 10000 1354 SEEN_PREVIOUSLY b'36602'
ACTION SNIPPET 10000 1357 SEEN_PREVIOUSLY b'1284634'
ACTION SNIPPET 10000 1360 SEEN_PREVIOUSLY b'232575'
ACTION SNIPPET 10000 1363 SEEN_PREVIOUSLY b'39916'
ACTION SNIPPET 10000 1366 SEEN_PREVIOUSLY b'1227929'
ACTION QUERY 10000 1376 automobile recalls oxidizer
ACTION SERP 10000 1381 EXAMINE_SERP
ACTION SNIPPET 10000 1384 SEEN_PREVIOUSLY b'49918'
ACTION SNIPPET 10000 1387 SNIPPET_NOT_RELEVANT b'411673'
ACTION SNIPPET 10000 1390 SNIPPET_RELEVANT b'498583'
ACTION DOC 10000 1410 EXAMINING_DOCUMENT b'498583'
ACTION SNIPPET 10000 1413 SNIPPET_RELEVANT b'1056024'
ACTION DOC 10000 1433 EXAMINING_DOCUMENT b'1056024'
ACTION SNIPPET 10000 1436 SNIPPET_RELEVANT b'232537'
ACTION DOC 10000 1456 EXAMINING_DOCUMENT b'232537'
ACTION SNIPPET 10000 1459 SNIPPET_RELEVANT b'164629'
ACTION DOC 10000 1479 EXAMINING_DOCUMENT b'164629'
ACTION SNIPPET 10000 1482 SNIPPET_RELEVANT b'1279772'
ACTION DOC 10000 1502 EXAMINING_DOCUMENT b'1279772'
ACTION SNIPPET 10000 1505 SNIPPET_NOT_RELEVANT b'343697'
ACTION SNIPPET 10000 1508 SNIPPET_RELEVANT b'1021630'
ACTION DOC 10000 1528 EXAMINING_DOCUMENT b'1021630'
ACTION SNIPPET 10000 1531 SNIPPET_NOT_RELEVANT b'1020554'
ACTION QUERY 10000 1541 automobile recalls japan
ACTION SERP 10000 1546 EXAMINE_SERP
ACTION SNIPPET 10000 1549 SEEN_PREVIOUSLY b'1226017'
ACTION SNIPPET 10000 1552 SEEN_PREVIOUSLY b'1232132'
ACTION SNIPPET 10000 1555 SNIPPET_RELEVANT b'1294585'
ACTION DOC 10000 1575 EXAMINING_DOCUMENT b'1294585'
ACTION MARK 10000 1578 CONSIDERED_RELEVANT b'1294585'
ACTION SNIPPET 10000 1581 SNIPPET_NOT_RELEVANT b'320285'
ACTION SNIPPET 10000 1584 SNIPPET_NOT_RELEVANT b'764448'
ACTION SNIPPET 10000 1587 SNIPPET_RELEVANT b'122011'
ACTION DOC 10000 1607 EXAMINING_DOCUMENT b'122011'
ACTION SNIPPET 10000 1610 SNIPPET_NOT_RELEVANT b'1224738'
ACTION SNIPPET 10000 1613 SNIPPET_RELEVANT b'116262'
ACTION DOC 10000 1633 EXAMINING_DOCUMENT b'116262'
ACTION SNIPPET 10000 1636 SNIPPET_RELEVANT b'91312'
ACTION DOC 10000 1656 EXAMINING_DOCUMENT b'91312'
ACTION SNIPPET 10000 1659 SNIPPET_NOT_RELEVANT b'63915'
ACTION QUERY 10000 1669 automobile recalls gen
ACTION SERP 10000 1674 EXAMINE_SERP
ACTION SNIPPET 10000 1677 SNIPPET_RELEVANT b'606'
ACTION DOC 10000 1697 EXAMINING_DOCUMENT b'606'
ACTION SNIPPET 10000 1700 SEEN_PREVIOUSLY b'606'
ACTION SNIPPET 10000 1703 SEEN_PREVIOUSLY b'49918'
ACTION SNIPPET 10000 1706 SEEN_PREVIOUSLY b'102784'
ACTION SNIPPET 10000 1709 SEEN_PREVIOUSLY b'343414'
ACTION SNIPPET 10000 1712 SEEN_PREVIOUSLY b'40158'
ACTION SNIPPET 10000 1715 SEEN_PREVIOUSLY b'96858'
ACTION SNIPPET 10000 1718 SEEN_PREVIOUSLY b'36602'
ACTION SNIPPET 10000 1721 SEEN_PREVIOUSLY b'39916'
ACTION SNIPPET 10000 1724 SEEN_PREVIOUSLY b'1284634'
ACTION QUERY 10000 1734 automobile recalls business
ACTION SERP 10000 1739 EXAMINE_SERP
ACTION SNIPPET 10000 1742 SEEN_PREVIOUSLY b'1284634'
ACTION SNIPPET 10000 1745 SEEN_PREVIOUSLY b'49918'
ACTION SNIPPET 10000 1748 SEEN_PREVIOUSLY b'1235752'
ACTION SNIPPET 10000 1751 SEEN_PREVIOUSLY b'1226017'
ACTION SNIPPET 10000 1754 SEEN_PREVIOUSLY b'102784'
ACTION SNIPPET 10000 1757 SEEN_PREVIOUSLY b'1712460'
ACTION SNIPPET 10000 1760 SEEN_PREVIOUSLY b'1294585'
ACTION SNIPPET 10000 1763 SEEN_PREVIOUSLY b'343414'
ACTION SNIPPET 10000 1766 SEEN_PREVIOUSLY b'40158'
ACTION SNIPPET 10000 1769 SEEN_PREVIOUSLY b'96858'
ACTION QUERY 10000 1779 automobile recalls regulates
ACTION SERP 10000 1784 EXAMINE_SERP
ACTION SNIPPET 10000 1787 SEEN_PREVIOUSLY b'1227929'
ACTION SNIPPET 10000 1790 SEEN_PREVIOUSLY b'1226017'
ACTION SNIPPET 10000 1793 SNIPPET_RELEVANT b'119113'
ACTION DOC 10000 1813 EXAMINING_DOCUMENT b'119113'
ACTION SNIPPET 10000 1816 SNIPPET_NOT_RELEVANT b'1234798'
ACTION SNIPPET 10000 1819 SNIPPET_NOT_RELEVANT b'1222971'
ACTION SNIPPET 10000 1822 SNIPPET_NOT_RELEVANT b'1228774'
ACTION SNIPPET 10000 1825 SNIPPET_NOT_RELEVANT b'1225125'
ACTION SNIPPET 10000 1828 SNIPPET_RELEVANT b'1278241'
ACTION DOC 10000 1848 EXAMINING_DOCUMENT b'1278241'
ACTION SNIPPET 10000 1851 SNIPPET_NOT_RELEVANT b'458814'
ACTION SNIPPET 10000 1854 SNIPPET_RELEVANT b'576662'
ACTION DOC 10000 1874 EXAMINING_DOCUMENT b'576662'
ACTION QUERY 10000 1884 automobile recalls hit
ACTION SERP 10000 1889 EXAMINE_SERP
ACTION SNIPPET 10000 1892 SNIPPET_RELEVANT b'375746'
ACTION DOC 10000 1912 EXAMINING_DOCUMENT b'375746'
ACTION SNIPPET 10000 1915 SEEN_PREVIOUSLY b'49918'
ACTION SNIPPET 10000 1918 SEEN_PREVIOUSLY b'102784'
ACTION SNIPPET 10000 1921 SEEN_PREVIOUSLY b'343414'
ACTION SNIPPET 10000 1924 SEEN_PREVIOUSLY b'40158'
ACTION SNIPPET 10000 1927 SEEN_PREVIOUSLY b'96858'
ACTION SNIPPET 10000 1930 SEEN_PREVIOUSLY b'36602'
ACTION SNIPPET 10000 1933 SNIPPET_RELEVANT b'56380'
ACTION DOC 10000 1953 EXAMINING_DOCUMENT b'56380'
ACTION SNIPPET 10000 1956 SEEN_PREVIOUSLY b'39916'
ACTION SNIPPET 10000 1959 SEEN_PREVIOUSLY b'1284634'
ACTION QUERY 10000 1969 automobile recalls hyundai
ACTION SERP 10000 1974 EXAMINE_SERP
ACTION SNIPPET 10000 1977 SEEN_PREVIOUSLY b'96858'
ACTION SNIPPET 10000 1980 SNIPPET_RELEVANT b'20241'
ACTION DOC 10000 2000 EXAMINING_DOCUMENT b'20241'
ACTION SNIPPET 10000 2003 SNIPPET_NOT_RELEVANT b'201467'
ACTION SNIPPET 10000 2006 SNIPPET_NOT_RELEVANT b'818887'
ACTION SNIPPET 10000 2009 SNIPPET_NOT_RELEVANT b'982919'
ACTION SNIPPET 10000 2012 SNIPPET_NOT_RELEVANT b'42968'
ACTION SNIPPET 10000 2015 SNIPPET_RELEVANT b'67707'
ACTION DOC 10000 2035 EXAMINING_DOCUMENT b'67707'
ACTION SNIPPET 10000 2038 SNIPPET_NOT_RELEVANT b'1371937'
ACTION SNIPPET 10000 2041 SNIPPET_RELEVANT b'1235717'
ACTION DOC 10000 2061 EXAMINING_DOCUMENT b'1235717'
ACTION SNIPPET 10000 2064 SNIPPET_RELEVANT b'1075661'
ACTION DOC 10000 2084 EXAMINING_DOCUMENT b'1075661'
ACTION QUERY 10000 2094 automobile recalls subarus
ACTION SERP 10000 2099 EXAMINE_SERP
ACTION SNIPPET 10000 2102 SEEN_PREVIOUSLY b'1284634'
ACTION SNIPPET 10000 2105 SNIPPET_NOT_RELEVANT b'76662'
ACTION SNIPPET 10000 2108 SNIPPET_NOT_RELEVANT b'317522'
ACTION SNIPPET 10000 2111 SNIPPET_NOT_RELEVANT b'487638'
ACTION SNIPPET 10000 2114 SNIPPET_NOT_RELEVANT b'364190'
ACTION SNIPPET 10000 2117 SNIPPET_NOT_RELEVANT b'453728'
ACTION SNIPPET 10000 2120 SNIPPET_NOT_RELEVANT b'10967'
ACTION SNIPPET 10000 2123 SNIPPET_RELEVANT b'293621'
ACTION DOC 10000 2143 EXAMINING_DOCUMENT b'293621'
ACTION SNIPPET 10000 2146 SNIPPET_NOT_RELEVANT b'1134847'
ACTION SNIPPET 10000 2149 SNIPPET_RELEVANT b'350258'
ACTION DOC 10000 2169 EXAMINING_DOCUMENT b'350258'
ACTION QUERY 10000 2179 automobile recalls number
ACTION SERP 10000 2184 EXAMINE_SERP
ACTION SNIPPET 10000 2187 SEEN_PREVIOUSLY b'1712460'
ACTION SNIPPET 10000 2190 SEEN_PREVIOUSLY b'1574372'
ACTION SNIPPET 10000 2193 SNIPPET_NOT_RELEVANT b'120022'
ACTION SNIPPET 10000 2196 SEEN_PREVIOUSLY b'1226017'
ACTION SNIPPET 10000 2199 SEEN_PREVIOUSLY b'49918'
ACTION SNIPPET 10000 2202 SEEN_PREVIOUSLY b'102784'
ACTION SNIPPET 10000 2205 SEEN_PREVIOUSLY b'343414'
ACTION SNIPPET 10000 2208 SEEN_PREVIOUSLY b'40158'
ACTION SNIPPET 10000 2211 SEEN_PREVIOUSLY b'96858'
ACTION SNIPPET 10000 2214 SEEN_PREVIOUSLY b'36602'
ACTION QUERY 10000 2224 automobile recalls today
ACTION SERP 10000 2229 EXAMINE_SERP
ACTION SNIPPET 10000 2232 SEEN_PREVIOUSLY b'102784'
ACTION SNIPPET 10000 2235 SNIPPET_RELEVANT b'210111'
ACTION DOC 10000 2255 EXAMINING_DOCUMENT b'210111'
ACTION SNIPPET 10000 2258 SEEN_PREVIOUSLY b'49918'
ACTION SNIPPET 10000 2261 SEEN_PREVIOUSLY b'343414'
ACTION SNIPPET 10000 2264 SEEN_PREVIOUSLY b'30337'
ACTION SNIPPET 10000 2267 SEEN_PREVIOUSLY b'40158'
ACTION SNIPPET 10000 2270 SEEN_PREVIOUSLY b'96858'
ACTION SNIPPET 10000 2273 SEEN_PREVIOUSLY b'36602'
ACTION SNIPPET 10000 2276 SNIPPET_RELEVANT b'668906'
ACTION DOC 10000 2296 EXAMINING_DOCUMENT b'668906'
ACTION MARK 10000 2299 CONSIDERED_RELEVANT b'668906'
ACTION SNIPPET 10000 2302 SEEN_PREVIOUSLY b'1232132'
ACTION QUERY 10000 2312 automobile recalls sedans
ACTION SERP 10000 2317 EXAMINE_SERP
ACTION SNIPPET 10000 2320 SEEN_PREVIOUSLY b'668906'
ACTION SNIPPET 10000 2323 SNIPPET_RELEVANT b'718829'
ACTION DOC 10000 2343 EXAMINING_DOCUMENT b'718829'
ACTION MARK 10000 2346 CONSIDERED_RELEVANT b'718829'
ACTION SNIPPET 10000 2349 SNIPPET_RELEVANT b'67387'
ACTION DOC 10000 2369 EXAMINING_DOCUMENT b'67387'
ACTION SNIPPET 10000 2372 SNIPPET_NOT_RELEVANT b'342853'
ACTION SNIPPET 10000 2375 SNIPPET_RELEVANT b'451460'
ACTION DOC 10000 2395 EXAMINING_DOCUMENT b'451460'
ACTION SNIPPET 10000 2398 SNIPPET_RELEVANT b'282277'
ACTION DOC 10000 2418 EXAMINING_DOCUMENT b'282277'
ACTION SNIPPET 10000 2421 SEEN_PREVIOUSLY b'760949'
ACTION SNIPPET 10000 2424 SNIPPET_NOT_RELEVANT b'305411'
ACTION SNIPPET 10000 2427 SNIPPET_NOT_RELEVANT b'355963'
ACTION SNIPPET 10000 2430 SNIPPET_RELEVANT b'129144'
ACTION DOC 10000 2450 EXAMINING_DOCUMENT b'129144'
ACTION QUERY 10000 2460 automobile recalls chevy
ACTION SERP 10000 2465 EXAMINE_SERP
ACTION SNIPPET 10000 2468 SNIPPET_NOT_RELEVANT b'53718'
ACTION SNIPPET 10000 2471 SNIPPET_RELEVANT b'756696'
ACTION DOC 10000 2491 EXAMINING_DOCUMENT b'756696'
ACTION SNIPPET 10000 2494 SNIPPET_NOT_RELEVANT b'686800'
ACTION SNIPPET 10000 2497 SNIPPET_RELEVANT b'321099'
ACTION DOC 10000 2517 EXAMINING_DOCUMENT b'321099'
ACTION SNIPPET 10000 2520 SNIPPET_NOT_RELEVANT b'5079'
ACTION SNIPPET 10000 2523 SNIPPET_RELEVANT b'5079'
ACTION DOC 10000 2543 EXAMINING_DOCUMENT b'5079'
ACTION SNIPPET 10000 2546 SNIPPET_RELEVANT b'1268301'
ACTION DOC 10000 2566 EXAMINING_DOCUMENT b'1268301'
ACTION SNIPPET 10000 2569 SNIPPET_NOT_RELEVANT b'347582'
ACTION SNIPPET 10000 2572 SNIPPET_RELEVANT b'660966'
ACTION DOC 10000 2592 EXAMINING_DOCUMENT b'660966'
ACTION SNIPPET 10000 2595 SNIPPET_RELEVANT b'1160477'
ACTION DOC 10000 2615 EXAMINING_DOCUMENT b'1160477'
ACTION QUERY 10000 2625 automobile recalls causing
ACTION SERP 10000 2630 EXAMINE_SERP
ACTION SNIPPET 10000 2633 SEEN_PREVIOUSLY b'343414'
ACTION SNIPPET 10000 2636 SEEN_PREVIOUSLY b'40158'
ACTION SNIPPET 10000 2639 SEEN_PREVIOUSLY b'1284634'
ACTION SNIPPET 10000 2642 SEEN_PREVIOUSLY b'39916'
ACTION SNIPPET 10000 2645 SEEN_PREVIOUSLY b'1574372'
ACTION SNIPPET 10000 2648 SEEN_PREVIOUSLY b'1232132'
ACTION SNIPPET 10000 2651 SEEN_PREVIOUSLY b'403051'
ACTION SNIPPET 10000 2654 SEEN_PREVIOUSLY b'1712460'
ACTION SNIPPET 10000 2657 SEEN_PREVIOUSLY b'1227929'
ACTION SNIPPET 10000 2660 SNIPPET_RELEVANT b'120022'
ACTION DOC 10000 2680 EXAMINING_DOCUMENT b'120022'
ACTION QUERY 10000 2690 automobile recalls prius
ACTION SERP 10000 2695 EXAMINE_SERP
ACTION SNIPPET 10000 2698 SNIPPET_NOT_RELEVANT b'1301185'
ACTION SNIPPET 10000 2701 SNIPPET_RELEVANT b'1754788'
ACTION DOC 10000 2721 EXAMINING_DOCUMENT b'1754788'
ACTION SNIPPET 10000 2724 SNIPPET_RELEVANT b'1607127'
ACTION DOC 10000 2744 EXAMINING_DOCUMENT b'1607127'
ACTION SNIPPET 10000 2747 SNIPPET_NOT_RELEVANT b'1611714'
ACTION SNIPPET 10000 2750 SNIPPET_RELEVANT b'1449613'
ACTION DOC 10000 2770 EXAMINING_DOCUMENT b'1449613'
ACTION SNIPPET 10000 2773 SNIPPET_NOT_RELEVANT b'1704685'
ACTION SNIPPET 10000 2776 SNIPPET_NOT_RELEVANT b'1248639'
ACTION SNIPPET 10000 2779 SNIPPET_NOT_RELEVANT b'1035604'
ACTION SNIPPET 10000 2782 SNIPPET_NOT_RELEVANT b'1295976'
ACTION SNIPPET 10000 2785 SNIPPET_NOT_RELEVANT b'1614129'
ACTION QUERY 10000 2795 automobile recalls faulty
ACTION SERP 10000 2800 EXAMINE_SERP
ACTION SNIPPET 10000 2803 SEEN_PREVIOUSLY b'343414'
ACTION SNIPPET 10000 2806 SNIPPET_NOT_RELEVANT b'49713'
ACTION SNIPPET 10000 2809 SEEN_PREVIOUSLY b'1226017'
ACTION SNIPPET 10000 2812 SNIPPET_RELEVANT b'417392'
ACTION DOC 10000 2832 EXAMINING_DOCUMENT b'417392'
ACTION SNIPPET 10000 2835 SNIPPET_RELEVANT b'849498'
ACTION DOC 10000 2855 EXAMINING_DOCUMENT b'849498'
ACTION MARK 10000 2858 CONSIDERED_RELEVANT b'849498'
ACTION SNIPPET 10000 2861 SNIPPET_RELEVANT b'370462'
ACTION DOC 10000 2881 EXAMINING_DOCUMENT b'370462'
ACTION MARK 10000 2884 CONSIDERED_RELEVANT b'370462'
ACTION SNIPPET 10000 2887 SEEN_PREVIOUSLY b'1712460'
ACTION SNIPPET 10000 2890 SNIPPET_NOT_RELEVANT b'769968'
ACTION SNIPPET 10000 2893 SNIPPET_RELEVANT b'1780591'
ACTION DOC 10000 2913 EXAMINING_DOCUMENT b'1780591'
ACTION SNIPPET 10000 2916 SNIPPET_RELEVANT b'844191'
ACTION DOC 10000 2936 EXAMINING_DOCUMENT b'844191'
ACTION QUERY 10000 2946 automobile recalls mitsubishi
ACTION SERP 10000 2951 EXAMINE_SERP
ACTION SNIPPET 10000 2954 SEEN_PREVIOUSLY b'1235752'
ACTION SNIPPET 10000 2957 SNIPPET_RELEVANT b'1225109'
ACTION DOC 10000 2977 EXAMINING_DOCUMENT b'1225109'
ACTION MARK 10000 2980 CONSIDERED_RELEVANT b'1225109'
ACTION SNIPPET 10000 2983 SEEN_PREVIOUSLY b'1294585'
ACTION SNIPPET 10000 2986 SEEN_PREVIOUSLY b'1232132'
ACTION SNIPPET 10000 2989 SEEN_PREVIOUSLY b'96858'
ACTION SNIPPET 10000 2992 SNIPPET_RELEVANT b'1224738'
ACTION DOC 10000 3012 EXAMINING_DOCUMENT b'1224738'
ACTION MARK 10000 3015 CONSIDERED_RELEVANT b'1224738'
ACTION SNIPPET 10000 3018 SNIPPET_NOT_RELEVANT b'156121'
ACTION SNIPPET 10000 3021 SNIPPET_RELEVANT b'452700'
ACTION DOC 10000 3041 EXAMINING_DOCUMENT b'452700'
ACTION SNIPPET 10000 3044 SNIPPET_RELEVANT b'385365'
ACTION DOC 10000 3064 EXAMINING_DOCUMENT b'385365'
ACTION SNIPPET 10000 3067 SNIPPET_RELEVANT b'1228980'
ACTION DOC 10000 3087 EXAMINING_DOCUMENT b'1228980'
ACTION QUERY 10000 3097 automobile recalls drop
ACTION SERP 10000 3102 EXAMINE_SERP
ACTION SNIPPET 10000 3105 SEEN_PREVIOUSLY b'1712460'
ACTION SNIPPET 10000 3108 SEEN_PREVIOUSLY b'1227929'
ACTION SNIPPET 10000 3111 SEEN_PREVIOUSLY b'49918'
ACTION SNIPPET 10000 3114 SEEN_PREVIOUSLY b'102784'
ACTION SNIPPET 10000 3117 SEEN_PREVIOUSLY b'343414'
ACTION SNIPPET 10000 3120 SEEN_PREVIOUSLY b'40158'
ACTION SNIPPET 10000 3123 SEEN_PREVIOUSLY b'72897'
ACTION SNIPPET 10000 3126 SEEN_PREVIOUSLY b'96858'
ACTION SNIPPET 10000 3129 SNIPPET_NOT_RELEVANT b'851700'
ACTION SNIPPET 10000 3132 SEEN_PREVIOUSLY b'36602'
ACTION QUERY 10000 3142 automobile recalls stock
ACTION SERP 10000 3147 EXAMINE_SERP
ACTION SNIPPET 10000 3150 SEEN_PREVIOUSLY b'49918'
ACTION SNIPPET 10000 3153 SEEN_PREVIOUSLY b'102784'
ACTION SNIPPET 10000 3156 SEEN_PREVIOUSLY b'1225109'
ACTION SNIPPET 10000 3159 SEEN_PREVIOUSLY b'343414'
ACTION SNIPPET 10000 3162 SEEN_PREVIOUSLY b'40158'
ACTION SNIPPET 10000 3165 SEEN_PREVIOUSLY b'96858'
ACTION SNIPPET 10000 3168 SNIPPET_RELEVANT b'1438222'
ACTION DOC 10000 3188 EXAMINING_DOCUMENT b'1438222'
ACTION MARK 10000 3191 CONSIDERED_RELEVANT b'1438222'
ACTION SNIPPET 10000 3194 SNIPPET_RELEVANT b'119498'
ACTION DOC 10000 3214 EXAMINING_DOCUMENT b'119498'
ACTION SNIPPET 10000 3217 SEEN_PREVIOUSLY b'36602'
ACTION SNIPPET 10000 3220 SNIPPET_NOT_RELEVANT b'53242'
ACTION QUERY 10000 3230 automobile recalls error
ACTION SERP 10000 3235 EXAMINE_SERP
ACTION SNIPPET 10000 3238 SNIPPET_RELEVANT b'370033'
ACTION DOC 10000 3258 EXAMINING_DOCUMENT b'370033'
ACTION SNIPPET 10000 3261 SNIPPET_NOT_RELEVANT b'333568'
ACTION SNIPPET 10000 3264 SNIPPET_RELEVANT b'227032'
ACTION DOC 10000 3284 EXAMINING_DOCUMENT b'227032'
ACTION SNIPPET 10000 3287 SNIPPET_NOT_RELEVANT b'1768858'
ACTION SNIPPET 10000 3290 SNIPPET_NOT_RELEVANT b'812515'
ACTION SNIPPET 10000 3293 SEEN_PREVIOUSLY b'49918'
ACTION SNIPPET 10000 3296 SEEN_PREVIOUSLY b'1438222'
ACTION SNIPPET 10000 3299 SEEN_PREVIOUSLY b'102784'
ACTION SNIPPET 10000 3302 SNIPPET_NOT_RELEVANT b'1686175'
ACTION SNIPPET 10000 3305 SNIPPET_RELEVANT b'1147961'
ACTION DOC 10000 3325 EXAMINING_DOCUMENT b'1147961'
ACTION QUERY 10000 3335 automobile recalls complaints
ACTION SERP 10000 3340 EXAMINE_SERP
ACTION SNIPPET 10000 3343 SEEN_PREVIOUSLY b'1226017'
ACTION SNIPPET 10000 3346 SEEN_PREVIOUSLY b'232575'
ACTION SNIPPET 10000 3349 SEEN_PREVIOUSLY b'120022'
ACTION SNIPPET 10000 3352 SNIPPET_RELEVANT b'65456'
ACTION DOC 10000 3372 EXAMINING_DOCUMENT b'65456'
ACTION SNIPPET 10000 3375 SEEN_PREVIOUSLY b'30337'
ACTION SNIPPET 10000 3378 SEEN_PREVIOUSLY b'417392'
ACTION SNIPPET 10000 3381 SEEN_PREVIOUSLY b'210111'
ACTION SNIPPET 10000 3384 SEEN_PREVIOUSLY b'1232132'
ACTION SNIPPET 10000 3387 SNIPPET_NOT_RELEVANT b'1234798'
ACTION SNIPPET 10000 3390 SNIPPET_NOT_RELEVANT b'946197'
ACTION QUERY 10000 3400 automobile recalls admitted
ACTION SERP 10000 3405 EXAMINE_SERP
ACTION SNIPPET 10000 3408 SEEN_PREVIOUSLY b'1226017'
ACTION SNIPPET 10000 3411 SEEN_PREVIOUSLY b'49918'
ACTION SNIPPET 10000 3414 SEEN_PREVIOUSLY b'102784'
ACTION SNIPPET 10000 3417 SNIPPET_NOT_RELEVANT b'170072'
ACTION SNIPPET 10000 3420 SNIPPET_NOT_RELEVANT b'380262'
ACTION SNIPPET 10000 3423 SEEN_PREVIOUSLY b'343414'
ACTION SNIPPET 10000 3426 SNIPPET_NOT_RELEVANT b'184157'
ACTION SNIPPET 10000 3429 SEEN_PREVIOUSLY b'40158'
ACTION SNIPPET 10000 3432 SEEN_PREVIOUSLY b'96858'
ACTION SNIPPET 10000 3435 SEEN_PREVIOUSLY b'1225109'
ACTION QUERY 10000 3445 automobile recalls systematically
ACTION SERP 10000 3450 EXAMINE_SERP
ACTION SNIPPET 10000 3453 SEEN_PREVIOUSLY b'1226017'
ACTION SNIPPET 10000 3456 SEEN_PREVIOUSLY b'1232132'
ACTION SNIPPET 10000 3459 SNIPPET_NOT_RELEVANT b'1299787'
ACTION SNIPPET 10000 3462 SEEN_PREVIOUSLY b'49918'
ACTION SNIPPET 10000 3465 SEEN_PREVIOUSLY b'102784'
ACTION SNIPPET 10000 3468 SNIPPET_NOT_RELEVANT b'539587'
ACTION SNIPPET 10000 3471 SEEN_PREVIOUSLY b'343414'
ACTION SNIPPET 10000 3474 SEEN_PREVIOUSLY b'40158'
ACTION SNIPPET 10000 3477 SNIPPET_NOT_RELEVANT b'1225000'
ACTION SNIPPET 10000 3480 SEEN_PREVIOUSLY b'96858'
ACTION QUERY 10000 3490 automobile recalls prone
ACTION SERP 10000 3495 EXAMINE_SERP
ACTION SNIPPET 10000 3498 SEEN_PREVIOUSLY b'1780591'
ACTION SNIPPET 10000 3501 SEEN_PREVIOUSLY b'1438222'
ACTION SNIPPET 10000 3504 SNIPPET_RELEVANT b'1484354'
ACTION DOC 10000 3524 EXAMINING_DOCUMENT b'1484354'
ACTION SNIPPET 10000 3527 SNIPPET_NOT_RELEVANT b'174485'
ACTION SNIPPET 10000 3530 SNIPPET_NOT_RELEVANT b'1224309'
ACTION SNIPPET 10000 3533 SNIPPET_NOT_RELEVANT b'1100483'
ACTION SNIPPET 10000 3536 SEEN_PREVIOUSLY b'49918'
ACTION SNIPPET 10000 3539 SNIPPET_RELEVANT b'190173'
ACTION DOC 10000 3559 EXAMINING_DOCUMENT b'190173'
ACTION SNIPPET 10000 3562 SNIPPET_NOT_RELEVANT b'350957'
ACTION SNIPPET 10000 3565 SEEN_PREVIOUSLY b'102784'
ACTION QUERY 10000 3575 automobile recalls fault
ACTION SERP 10000 3580 EXAMINE_SERP
ACTION SNIPPET 10000 3583 SEEN_PREVIOUSLY b'102784'
ACTION SNIPPET 10000 3586 SNIPPET_RELEVANT b'213233'
ACTION DOC 10000 3606 EXAMINING_DOCUMENT b'213233'
ACTION SNIPPET 10000 3609 SNIPPET_NOT_RELEVANT b'213512'
ACTION SNIPPET 10000 3612 SEEN_PREVIOUSLY b'375746'
ACTION SNIPPET 10000 3615 SNIPPET_RELEVANT b'614006'
ACTION DOC 10000 3635 EXAMINING_DOCUMENT b'614006'
ACTION SNIPPET 10000 3638 SNIPPET_NOT_RELEVANT b'231124'
ACTION SNIPPET 10000 3641 SNIPPET_NOT_RELEVANT b'171344'
ACTION SNIPPET 10000 3644 SNIPPET_NOT_RELEVANT b'213225'
ACTION SNIPPET 10000 3647 SNIPPET_NOT_RELEVANT b'857460'
ACTION SNIPPET 10000 3650 SNIPPET_NOT_RELEVANT b'236435'
ACTION QUERY 10000 3660 automobile recalls hose
ACTION SERP 10000 3665 EXAMINE_SERP
ACTION SNIPPET 10000 3668 SEEN_PREVIOUSLY b'343414'
ACTION SNIPPET 10000 3671 SEEN_PREVIOUSLY b'102784'
ACTION SNIPPET 10000 3674 SEEN_PREVIOUSLY b'207281'
ACTION SNIPPET 10000 3677 SNIPPET_RELEVANT b'201230'
ACTION DOC 10000 3697 EXAMINING_DOCUMENT b'201230'
ACTION MARK 10000 3700 CONSIDERED_RELEVANT b'201230'
ACTION SNIPPET 10000 3703 SNIPPET_NOT_RELEVANT b'158347'
ACTION SNIPPET 10000 3706 SNIPPET_RELEVANT b'99001'
ACTION DOC 10000 3726 EXAMINING_DOCUMENT b'99001'
ACTION SNIPPET 10000 3729 SNIPPET_RELEVANT b'387447'
ACTION DOC 10000 3749 EXAMINING_DOCUMENT b'387447'
ACTION SNIPPET 10000 3752 SNIPPET_NOT_RELEVANT b'318469'
ACTION SNIPPET 10000 3755 SNIPPET_NOT_RELEVANT b'562170'
ACTION SNIPPET 10000 3758 SNIPPET_NOT_RELEVANT b'562177'
ACTION QUERY 10000 3768 automobile recalls ford
ACTION SERP 10000 3773 EXAMINE_SERP
ACTION SNIPPET 10000 3776 SEEN_PREVIOUSLY b'1226017'
ACTION SNIPPET 10000 3779 SEEN_PREVIOUSLY b'1227929'
ACTION SNIPPET 10000 3782 SEEN_PREVIOUSLY b'232575'
ACTION SNIPPET 10000 3785 SEEN_PREVIOUSLY b'1438222'
ACTION SNIPPET 10000 3788 SEEN_PREVIOUSLY b'72897'
ACTION SNIPPET 10000 3791 SEEN_PREVIOUSLY b'417392'
ACTION SNIPPET 10000 3794 SNIPPET_RELEVANT b'1225125'
ACTION DOC 10000 3814 EXAMINING_DOCUMENT b'1225125'
ACTION SNIPPET 10000 3817 SNIPPET_NOT_RELEVANT b'482640'
ACTION SNIPPET 10000 3820 SNIPPET_NOT_RELEVANT b'1135065'
ACTION SNIPPET 10000 3823 SEEN_PREVIOUSLY b'1780591'
ACTION QUERY 10000 3833 automobile recalls oxidizers
ACTION SERP 10000 3838 EXAMINE_SERP
ACTION SNIPPET 10000 3841 SEEN_PREVIOUSLY b'49918'
ACTION SNIPPET 10000 3844 SNIPPET_NOT_RELEVANT b'411673'
ACTION SNIPPET 10000 3847 SEEN_PREVIOUSLY b'498583'
ACTION SNIPPET 10000 3850 SEEN_PREVIOUSLY b'1056024'
ACTION SNIPPET 10000 3853 SEEN_PREVIOUSLY b'232537'
ACTION SNIPPET 10000 3856 SEEN_PREVIOUSLY b'164629'
ACTION SNIPPET 10000 3859 SEEN_PREVIOUSLY b'1279772'
ACTION SNIPPET 10000 3862 SNIPPET_RELEVANT b'343697'
ACTION DOC 10000 3882 EXAMINING_DOCUMENT b'343697'
ACTION SNIPPET 10000 3885 SEEN_PREVIOUSLY b'1021630'
ACTION SNIPPET 10000 3888 SNIPPET_NOT_RELEVANT b'1020554'
ACTION QUERY 10000 3898 automobile recalls trap
ACTION SERP 10000 3903 EXAMINE_SERP
ACTION SNIPPET 10000 3906 SEEN_PREVIOUSLY b'49918'
ACTION SNIPPET 10000 3909 SNIPPET_NOT_RELEVANT b'946197'
ACTION SNIPPET 10000 3912 SNIPPET_NOT_RELEVANT b'791825'
ACTION SNIPPET 10000 3915 SNIPPET_NOT_RELEVANT b'636949'
ACTION SNIPPET 10000 3918 SNIPPET_NOT_RELEVANT b'245442'
ACTION SNIPPET 10000 3921 SEEN_PREVIOUSLY b'102784'
ACTION SNIPPET 10000 3924 SNIPPET_NOT_RELEVANT b'1837804'
ACTION SNIPPET 10000 3927 SEEN_PREVIOUSLY b'343414'
ACTION SNIPPET 10000 3930 SEEN_PREVIOUSLY b'40158'
ACTION SNIPPET 10000 3933 SNIPPET_NOT_RELEVANT b'1689131'
ACTION QUERY 10000 3943 automobile recalls devices
ACTION SERP 10000 3948 EXAMINE_SERP
ACTION SNIPPET 10000 3951 SEEN_PREVIOUSLY b'49918'
ACTION SNIPPET 10000 3954 SEEN_PREVIOUSLY b'120022'
ACTION SNIPPET 10000 3957 SNIPPET_NOT_RELEVANT b'380034'
ACTION SNIPPET 10000 3960 SNIPPET_RELEVANT b'812515'
ACTION DOC 10000 3980 EXAMINING_DOCUMENT b'812515'
ACTION MARK 10000 3983 CONSIDERED_RELEVANT b'812515'
ACTION SNIPPET 10000 3986 SNIPPET_NOT_RELEVANT b'1135065'
ACTION SNIPPET 10000 3989 SEEN_PREVIOUSLY b'207281'
ACTION SNIPPET 10000 3992 SNIPPET_NOT_RELEVANT b'1336801'
ACTION SNIPPET 10000 3995 SEEN_PREVIOUSLY b'387447'
ACTION SNIPPET 10000 3998 SNIPPET_NOT_RELEVANT b'1068643'
ACTION SNIPPET 10000 4001 SNIPPET_NOT_RELEVANT b'358216'
ACTION QUERY 10000 4011 automobile recalls losses
ACTION SERP 10000 4016 EXAMINE_SERP
ACTION SNIPPET 10000 4019 SEEN_PREVIOUSLY b'102784'
ACTION SNIPPET 10000 4022 SEEN_PREVIOUSLY b'1294585'
ACTION SNIPPET 10000 4025 SEEN_PREVIOUSLY b'1226017'
ACTION SNIPPET 10000 4028 SEEN_PREVIOUSLY b'1712460'
ACTION SNIPPET 10000 4031 SEEN_PREVIOUSLY b'49918'
ACTION SNIPPET 10000 4034 SEEN_PREVIOUSLY b'30337'
ACTION SNIPPET 10000 4037 SEEN_PREVIOUSLY b'1225109'
ACTION SNIPPET 10000 4040 SEEN_PREVIOUSLY b'343414'
ACTION SNIPPET 10000 4043 SEEN_PREVIOUSLY b'40158'
ACTION SNIPPET 10000 4046 SEEN_PREVIOUSLY b'96858'
ACTION QUERY 10000 4056 automobile recalls made
ACTION SERP 10000 4061 EXAMINE_SERP
ACTION SNIPPET 10000 4064 SEEN_PREVIOUSLY b'49918'
ACTION SNIPPET 10000 4067 SEEN_PREVIOUSLY b'102784'
ACTION SNIPPET 10000 4070 SEEN_PREVIOUSLY b'120022'
ACTION SNIPPET 10000 4073 SEEN_PREVIOUSLY b'343414'
ACTION SNIPPET 10000 4076 SEEN_PREVIOUSLY b'40158'
ACTION SNIPPET 10000 4079 SEEN_PREVIOUSLY b'96858'
ACTION SNIPPET 10000 4082 SEEN_PREVIOUSLY b'1226017'
ACTION SNIPPET 10000 4085 SEEN_PREVIOUSLY b'36602'
ACTION SNIPPET 10000 4088 SEEN_PREVIOUSLY b'39916'
ACTION SNIPPET 10000 4091 SEEN_PREVIOUSLY b'1284634'
ACTION QUERY 10000 4101 automobile recalls can
ACTION SERP 10000 4106 EXAMINE_SERP
ACTION SNIPPET 10000 4109 SEEN_PREVIOUSLY b'102784'
ACTION SNIPPET 10000 4112 SEEN_PREVIOUSLY b'49918'
ACTION SNIPPET 10000 4115 SEEN_PREVIOUSLY b'1712460'
ACTION SNIPPET 10000 4118 SEEN_PREVIOUSLY b'343414'
ACTION SNIPPET 10000 4121 SEEN_PREVIOUSLY b'40158'
ACTION SNIPPET 10000 4124 SEEN_PREVIOUSLY b'1227929'
ACTION SNIPPET 10000 4127 SEEN_PREVIOUSLY b'96858'
ACTION SNIPPET 10000 4130 SEEN_PREVIOUSLY b'232575'
ACTION SNIPPET 10000 4133 SEEN_PREVIOUSLY b'36602'
ACTION SNIPPET 10000 4136 SEEN_PREVIOUSLY b'1574372'
ACTION QUERY 10000 4146 automobile recalls removed
ACTION SERP 10000 4151 EXAMINE_SERP
ACTION SNIPPET 10000 4154 SNIPPET_NOT_RELEVANT b'1299787'
ACTION SNIPPET 10000 4157 SEEN_PREVIOUSLY b'49918'
ACTION SNIPPET 10000 4160 SEEN_PREVIOUSLY b'102784'
ACTION SNIPPET 10000 4163 SNIPPET_NOT_RELEVANT b'41947'
ACTION SNIPPET 10000 4166 SEEN_PREVIOUSLY b'343414'
ACTION SNIPPET 10000 4169 SEEN_PREVIOUSLY b'40158'
ACTION SNIPPET 10000 4172 SEEN_PREVIOUSLY b'96858'
ACTION SNIPPET 10000 4175 SNIPPET_RELEVANT b'1241022'
ACTION DOC 10000 4195 EXAMINING_DOCUMENT b'1241022'
ACTION SNIPPET 10000 4198 SNIPPET_NOT_RELEVANT b'29092'
ACTION SNIPPET 10000 4201 SNIPPET_RELEVANT b'380262'
ACTION DOC 10000 4221 EXAMINING_DOCUMENT b'380262'
ACTION QUERY 10000 4231 automobile recalls max
ACTION SERP 10000 4236 EXAMINE_SERP
ACTION SNIPPET 10000 4239 SNIPPET_NOT_RELEVANT b'119781'
ACTION SNIPPET 10000 4242 SNIPPET_RELEVANT b'1552207'
ACTION DOC 10000 4262 EXAMINING_DOCUMENT b'1552207'
ACTION SNIPPET 10000 4265 SNIPPET_NOT_RELEVANT b'906208'
ACTION SNIPPET 10000 4268 SNIPPET_NOT_RELEVANT b'651092'
ACTION SNIPPET 10000 4271 SNIPPET_RELEVANT b'1510071'
ACTION DOC 10000 4291 EXAMINING_DOCUMENT b'1510071'
ACTION SNIPPET 10000 4294 SNIPPET_RELEVANT b'1487976'
ACTION DOC 10000 4314 EXAMINING_DOCUMENT b'1487976'
ACTION SNIPPET 10000 4317 SEEN_PREVIOUSLY b'49918'
ACTION SNIPPET 10000 4320 SEEN_PREVIOUSLY b'102784'
ACTION SNIPPET 10000 4323 SNIPPET_NOT_RELEVANT b'314099'
ACTION SNIPPET 10000 4326 SEEN_PREVIOUSLY b'343414'
ACTION QUERY 10000 4336 automobile recalls consumer
ACTION SERP 10000 4341 EXAMINE_SERP
ACTION SNIPPET 10000 4344 SEEN_PREVIOUSLY b'1227929'
ACTION SNIPPET 10000 4347 SEEN_PREVIOUSLY b'1712460'
ACTION SNIPPET 10000 4350 SEEN_PREVIOUSLY b'1574372'
ACTION SNIPPET 10000 4353 SEEN_PREVIOUSLY b'417392'
ACTION SNIPPET 10000 4356 SNIPPET_NOT_RELEVANT b'40715'
ACTION SNIPPET 10000 4359 SEEN_PREVIOUSLY b'30337'
ACTION SNIPPET 10000 4362 SEEN_PREVIOUSLY b'120022'
ACTION SNIPPET 10000 4365 SEEN_PREVIOUSLY b'1226017'
ACTION SNIPPET 10000 4368 SEEN_PREVIOUSLY b'668906'
ACTION SNIPPET 10000 4371 SNIPPET_RELEVANT b'1565477'
ACTION DOC 10000 4391 EXAMINING_DOCUMENT b'1565477'
ACTION MARK 10000 4394 CONSIDERED_RELEVANT b'1565477'
ACTION QUERY 10000 4404 automobile recalls suing
ACTION SERP 10000 4409 EXAMINE_SERP
ACTION SNIPPET 10000 4412 SEEN_PREVIOUSLY b'1565477'
ACTION SNIPPET 10000 4415 SNIPPET_NOT_RELEVANT b'314007'
ACTION SNIPPET 10000 4418 SNIPPET_NOT_RELEVANT b'9236'
ACTION SNIPPET 10000 4421 SNIPPET_NOT_RELEVANT b'1762922'
ACTION SNIPPET 10000 4424 SNIPPET_NOT_RELEVANT b'1506030'
ACTION SNIPPET 10000 4427 SNIPPET_NOT_RELEVANT b'342972'
ACTION SNIPPET 10000 4430 SEEN_PREVIOUSLY b'1225125'
ACTION SNIPPET 10000 4433 SNIPPET_NOT_RELEVANT b'152486'
ACTION SNIPPET 10000 4436 SNIPPET_NOT_RELEVANT b'29263'
ACTION SNIPPET 10000 4439 SEEN_PREVIOUSLY b'49918'
ACTION QUERY 10000 4449 automobile recalls auto
ACTION SERP 10000 4454 EXAMINE_SERP
ACTION SNIPPET 10000 4457 SEEN_PREVIOUSLY b'1284634'
ACTION SNIPPET 10000 4460 SEEN_PREVIOUSLY b'1227929'
ACTION SNIPPET 10000 4463 SNIPPET_RELEVANT b'1299787'
ACTION DOC 10000 4483 EXAMINING_DOCUMENT b'1299787'
ACTION SNIPPET 10000 4486 SNIPPET_NOT_RELEVANT b'764242'
ACTION SNIPPET 10000 4489 SEEN_PREVIOUSLY b'72897'
ACTION SNIPPET 10000 4492 SNIPPET_NOT_RELEVANT b'411673'
ACTION SNIPPET 10000 4495 SEEN_PREVIOUSLY b'1712460'
ACTION SNIPPET 10000 4498 SNIPPET_RELEVANT b'713545'
ACTION DOC 10000 4518 EXAMINING_DOCUMENT b'713545'
ACTION SNIPPET 10000 4521 SNIPPET_RELEVANT b'107370'
ACTION DOC 10000 4541 EXAMINING_DOCUMENT b'107370'
ACTION SNIPPET 10000 4544 SNIPPET_NOT_RELEVANT b'1135065'
ACTION QUERY 10000 4554 automobile recalls defective
ACTION SERP 10000 4559 EXAMINE_SERP
ACTION SNIPPET 10000 4562 SEEN_PREVIOUSLY b'102784'
ACTION SNIPPET 10000 4565 SEEN_PREVIOUSLY b'403051'
ACTION SNIPPET 10000 4568 SEEN_PREVIOUSLY b'1284634'
ACTION SNIPPET 10000 4571 SEEN_PREVIOUSLY b'1227929'
ACTION SNIPPET 10000 4574 SEEN_PREVIOUSLY b'30337'
ACTION SNIPPET 10000 4577 SNIPPET_NOT_RELEVANT b'482640'
ACTION SNIPPET 10000 4580 SEEN_PREVIOUSLY b'1235752'
ACTION SNIPPET 10000 4583 SEEN_PREVIOUSLY b'1438222'
ACTION SNIPPET 10000 4586 SEEN_PREVIOUSLY b'1712460'
ACTION SNIPPET 10000 4589 SEEN_PREVIOUSLY b'39916'
ACTION QUERY 10000 4599 automobile recalls kind
ACTION SERP 10000 4604 EXAMINE_SERP
ACTION SNIPPET 10000 4607 SEEN_PREVIOUSLY b'49918'
ACTION SNIPPET 10000 4610 SEEN_PREVIOUSLY b'102784'
ACTION SNIPPET 10000 4613 SEEN_PREVIOUSLY b'343414'
ACTION SNIPPET 10000 4616 SEEN_PREVIOUSLY b'40158'
ACTION SNIPPET 10000 4619 SEEN_PREVIOUSLY b'96858'
ACTION SNIPPET 10000 4622 SEEN_PREVIOUSLY b'65456'
ACTION SNIPPET 10000 4625 SEEN_PREVIOUSLY b'36602'
ACTION SNIPPET 10000 4628 SNIPPET_RELEVANT b'53718'
ACTION DOC 10000 4648 EXAMINING_DOCUMENT b'53718'
ACTION SNIPPET 10000 4651 SEEN_PREVIOUSLY b'39916'
ACTION SNIPPET 10000 4654 SEEN_PREVIOUSLY b'1284634'
ACTION QUERY 10000 4664 automobile recalls involved
ACTION SERP 10000 4669 EXAMINE_SERP
ACTION SNIPPET 10000 4672 SEEN_PREVIOUSLY b'49918'
ACTION SNIPPET 10000 4675 SEEN_PREVIOUSLY b'232575'
ACTION SNIPPET 10000 4678 SEEN_PREVIOUSLY b'1712460'
ACTION SNIPPET 10000 4681 SEEN_PREVIOUSLY b'120022'
ACTION SNIPPET 10000 4684 SEEN_PREVIOUSLY b'417392'
ACTION SNIPPET 10000 4687 SNIPPET_NOT_RELEVANT b'10967'
ACTION SNIPPET 10000 4690 SEEN_PREVIOUSLY b'65456'
ACTION SNIPPET 10000 4693 SEEN_PREVIOUSLY b'102784'
ACTION SNIPPET 10000 4696 SEEN_PREVIOUSLY b'1232132'
ACTION SNIPPET 10000 4699 SEEN_PREVIOUSLY b'812515'
ACTION QUERY 10000 4709 automobile recalls acquire
ACTION SERP 10000 4714 EXAMINE_SERP
ACTION SNIPPET 10000 4717 SNIPPET_RELEVANT b'851700'
ACTION DOC 10000 4737 EXAMINING_DOCUMENT b'851700'
ACTION SNIPPET 10000 4740 SEEN_PREVIOUSLY b'107370'
ACTION SNIPPET 10000 4743 SNIPPET_NOT_RELEVANT b'1074671'
ACTION SNIPPET 10000 4746 SEEN_PREVIOUSLY b'49918'
ACTION SNIPPET 10000 4749 SNIPPET_RELEVANT b'148086'
ACTION DOC 10000 4769 EXAMINING_DOCUMENT b'148086'
ACTION SNIPPET 10000 4772 SNIPPET_NOT_RELEVANT b'265617'
ACTION SNIPPET 10000 4775 SEEN_PREVIOUSLY b'102784'
ACTION SNIPPET 10000 4778 SNIPPET_NOT_RELEVANT b'856125'
ACTION SNIPPET 10000 4781 SNIPPET_NOT_RELEVANT b'1003433'
ACTION SNIPPET 10000 4784 SEEN_PREVIOUSLY b'343414'
ACTION QUERY 10000 4794 automobile recalls am
ACTION SERP 10000 4799 EXAMINE_SERP
ACTION SNIPPET 10000 4802 SEEN_PREVIOUSLY b'343414'
ACTION SNIPPET 10000 4805 SEEN_PREVIOUSLY b'49918'
ACTION SNIPPET 10000 4808 SEEN_PREVIOUSLY b'102784'
ACTION SNIPPET 10000 4811 SEEN_PREVIOUSLY b'40158'
ACTION SNIPPET 10000 4814 SEEN_PREVIOUSLY b'96858'
ACTION SNIPPET 10000 4817 SEEN_PREVIOUSLY b'36602'
ACTION SNIPPET 10000 4820 SNIPPET_NOT_RELEVANT b'628584'
ACTION SNIPPET 10000 4823 SEEN_PREVIOUSLY b'39916'
ACTION SNIPPET 10000 4826 SEEN_PREVIOUSLY b'1284634'
ACTION SNIPPET 10000 4829 SEEN_PREVIOUSLY b'1712460'
ACTION QUERY 10000 4839 automobile recalls hoses
ACTION SERP 10000 4844 EXAMINE_SERP
ACTION SNIPPET 10000 4847 SEEN_PREVIOUSLY b'343414'
ACTION SNIPPET 10000 4850 SEEN_PREVIOUSLY b'102784'
ACTION SNIPPET 10000 4853 SEEN_PREVIOUSLY b'207281'
ACTION SNIPPET 10000 4856 SEEN_PREVIOUSLY b'201230'
ACTION SNIPPET 10000 4859 SNIPPET_NOT_RELEVANT b'158347'
ACTION SNIPPET 10000 4862 SEEN_PREVIOUSLY b'99001'
ACTION SNIPPET 10000 4865 SEEN_PREVIOUSLY b'387447'
ACTION SNIPPET 10000 4868 SNIPPET_RELEVANT b'318469'
ACTION DOC 10000 4888 EXAMINING_DOCUMENT b'318469'
ACTION SNIPPET 10000 4891 SNIPPET_RELEVANT b'562170'
ACTION DOC 10000 4911 EXAMINING_DOCUMENT b'562170'
ACTION SNIPPET 10000 4914 SNIPPET_RELEVANT b'562177'
ACTION DOC 10000 4934 EXAMINING_DOCUMENT b'562177'
ACTION QUERY 10000 4944 automobile recalls restore
ACTION SERP 10000 4949 EXAMINE_SERP
ACTION SNIPPET 10000 4952 SEEN_PREVIOUSLY b'1226017'
ACTION SNIPPET 10000 4955 SEEN_PREVIOUSLY b'49918'
ACTION SNIPPET 10000 4958 SNIPPET_NOT_RELEVANT b'1034714'
ACTION SNIPPET 10000 4961 SEEN_PREVIOUSLY b'102784'
ACTION SNIPPET 10000 4964 SNIPPET_NOT_RELEVANT b'175571'
ACTION SNIPPET 10000 4967 SEEN_PREVIOUSLY b'1225125'
ACTION SNIPPET 10000 4970 SEEN_PREVIOUSLY b'343414'
ACTION SNIPPET 10000 4973 SNIPPET_RELEVANT b'1086427'
ACTION DOC 10000 4993 EXAMINING_DOCUMENT b'1086427'
ACTION SNIPPET 10000 4996 SEEN_PREVIOUSLY b'40158'
ACTION SNIPPET 10000 4999 SEEN_PREVIOUSLY b'96858'
ACTION QUERY 10000 5009 automobile recalls nhtsas
ACTION SERP 10000 5014 EXAMINE_SERP
ACTION SNIPPET 10000 5017 SNIPPET_RELEVANT b'1258756'
ACTION DOC 10000 5037 EXAMINING_DOCUMENT b'1258756'
ACTION SNIPPET 10000 5040 SNIPPET_RELEVANT b'1764925'
ACTION DOC 10000 5060 EXAMINING_DOCUMENT b'1764925'
ACTION MARK 10000 5063 CONSIDERED_RELEVANT b'1764925'
ACTION SNIPPET 10000 5066 SNIPPET_RELEVANT b'1686056'
ACTION DOC 10000 5086 EXAMINING_DOCUMENT b'1686056'
ACTION SNIPPET 10000 5089 SNIPPET_RELEVANT b'1450780'
ACTION DOC 10000 5109 EXAMINING_DOCUMENT b'1450780'
ACTION SNIPPET 10000 5112 SNIPPET_RELEVANT b'891799'
ACTION DOC 10000 5132 EXAMINING_DOCUMENT b'891799'
ACTION SNIPPET 10000 5135 SNIPPET_RELEVANT b'1226407'
ACTION DOC 10000 5155 EXAMINING_DOCUMENT b'1226407'
ACTION MARK 10000 5158 CONSIDERED_RELEVANT b'1226407'
ACTION SNIPPET 10000 5161 SNIPPET_RELEVANT b'1544166'
ACTION DOC 10000 5181 EXAMINING_DOCUMENT b'1544166'
ACTION SNIPPET 10000 5184 SEEN_PREVIOUSLY b'49918'
ACTION SNIPPET 10000 5187 SEEN_PREVIOUSLY b'102784'
ACTION SNIPPET 10000 5190 SEEN_PREVIOUSLY b'343414'
ACTION QUERY 10000 5200 automobile recalls issue
ACTION SERP 10000 5205 EXAMINE_SERP
ACTION SNIPPET 10000 5208 SEEN_PREVIOUSLY b'102784'
ACTION SNIPPET 10000 5211 SEEN_PREVIOUSLY b'1712460'
ACTION SNIPPET 10000 5214 SEEN_PREVIOUSLY b'1227929'
ACTION SNIPPET 10000 5217 SEEN_PREVIOUSLY b'49918'
ACTION SNIPPET 10000 5220 SEEN_PREVIOUSLY b'760949'
ACTION SNIPPET 10000 5223 SEEN_PREVIOUSLY b'343414'
ACTION SNIPPET 10000 5226 SEEN_PREVIOUSLY b'40158'
ACTION SNIPPET 10000 5229 SEEN_PREVIOUSLY b'96858'
ACTION SNIPPET 10000 5232 SEEN_PREVIOUSLY b'1232132'
ACTION SNIPPET 10000 5235 SEEN_PREVIOUSLY b'119113'
ACTION QUERY 10000 5245 automobile recalls failure
ACTION SERP 10000 5250 EXAMINE_SERP
ACTION SNIPPET 10000 5253 SEEN_PREVIOUSLY b'120022'
ACTION SNIPPET 10000 5256 SEEN_PREVIOUSLY b'1225125'
ACTION SNIPPET 10000 5259 SEEN_PREVIOUSLY b'1226017'
ACTION SNIPPET 10000 5262 SNIPPET_RELEVANT b'1222971'
ACTION DOC 10000 5282 EXAMINING_DOCUMENT b'1222971'
ACTION SNIPPET 10000 5285 SNIPPET_NOT_RELEVANT b'174260'
ACTION SNIPPET 10000 5288 SEEN_PREVIOUSLY b'49918'
ACTION SNIPPET 10000 5291 SEEN_PREVIOUSLY b'102784'
ACTION SNIPPET 10000 5294 SNIPPET_NOT_RELEVANT b'526521'
ACTION SNIPPET 10000 5297 SEEN_PREVIOUSLY b'343414'
ACTION SNIPPET 10000 5300 SEEN_PREVIOUSLY b'40158'
ACTION QUERY 10000 5310 automobile recalls malfunctions
ACTION SERP 10000 5315 EXAMINE_SERP
ACTION SNIPPET 10000 5318 SEEN_PREVIOUSLY b'403051'
ACTION SNIPPET 10000 5321 SEEN_PREVIOUSLY b'1780591'
ACTION SNIPPET 10000 5324 SNIPPET_RELEVANT b'946197'
ACTION DOC 10000 5344 EXAMINING_DOCUMENT b'946197'
ACTION SNIPPET 10000 5347 SNIPPET_RELEVANT b'1762515'
ACTION DOC 10000 5367 EXAMINING_DOCUMENT b'1762515'
ACTION SNIPPET 10000 5370 SNIPPET_NOT_RELEVANT b'95428'
ACTION SNIPPET 10000 5373 SNIPPET_RELEVANT b'1796010'
ACTION DOC 10000 5393 EXAMINING_DOCUMENT b'1796010'
ACTION SNIPPET 10000 5396 SNIPPET_RELEVANT b'1757172'
ACTION DOC 10000 5416 EXAMINING_DOCUMENT b'1757172'
ACTION SNIPPET 10000 5419 SNIPPET_NOT_RELEVANT b'1226212'
ACTION SNIPPET 10000 5422 SNIPPET_NOT_RELEVANT b'1751075'
ACTION SNIPPET 10000 5425 SNIPPET_NOT_RELEVANT b'61368'
ACTION QUERY 10000 5435 automobile recalls changed
ACTION SERP 10000 5440 EXAMINE_SERP
ACTION SNIPPET 10000 5443 SEEN_PREVIOUSLY b'343414'
ACTION SNIPPET 10000 5446 SEEN_PREVIOUSLY b'49918'
ACTION SNIPPET 10000 5449 SEEN_PREVIOUSLY b'102784'
ACTION SNIPPET 10000 5452 SEEN_PREVIOUSLY b'40158'
ACTION SNIPPET 10000 5455 SEEN_PREVIOUSLY b'96858'
ACTION SNIPPET 10000 5458 SEEN_PREVIOUSLY b'36602'
ACTION SNIPPET 10000 5461 SEEN_PREVIOUSLY b'39916'
ACTION SNIPPET 10000 5464 SEEN_PREVIOUSLY b'1284634'
ACTION SNIPPET 10000 5467 SEEN_PREVIOUSLY b'1712460'
ACTION SNIPPET 10000 5470 SNIPPET_NOT_RELEVANT b'1042599'
ACTION QUERY 10000 5480 automobile recalls part
ACTION SERP 10000 5485 EXAMINE_SERP
ACTION SNIPPET 10000 5488 SEEN_PREVIOUSLY b'102784'
ACTION SNIPPET 10000 5491 SEEN_PREVIOUSLY b'1712460'
ACTION SNIPPET 10000 5494 SEEN_PREVIOUSLY b'49918'
ACTION SNIPPET 10000 5497 SEEN_PREVIOUSLY b'1227929'
ACTION SNIPPET 10000 5500 SEEN_PREVIOUSLY b'232575'
ACTION SNIPPET 10000 5503 SEEN_PREVIOUSLY b'343414'
ACTION SNIPPET 10000 5506 SEEN_PREVIOUSLY b'40158'
ACTION SNIPPET 10000 5509 SEEN_PREVIOUSLY b'96858'
ACTION SNIPPET 10000 5512 SEEN_PREVIOUSLY b'417392'
ACTION SNIPPET 10000 5515 SEEN_PREVIOUSLY b'36602'
ACTION QUERY 10000 5525 automobile recalls ranger
ACTION SERP 10000 5530 EXAMINE_SERP
ACTION SNIPPET 10000 5533 SEEN_PREVIOUSLY b'1226017'
ACTION SNIPPET 10000 5536 SNIPPET_RELEVANT b'1256408'
ACTION DOC 10000 5556 EXAMINING_DOCUMENT b'1256408'
ACTION SNIPPET 10000 5559 SNIPPET_RELEVANT b'1238711'
ACTION DOC 10000 5579 EXAMINING_DOCUMENT b'1238711'
ACTION SNIPPET 10000 5582 SNIPPET_NOT_RELEVANT b'1193804'
ACTION SNIPPET 10000 5585 SNIPPET_RELEVANT b'1189477'
ACTION DOC 10000 5605 EXAMINING_DOCUMENT b'1189477'
ACTION SNIPPET 10000 5608 SNIPPET_NOT_RELEVANT b'1147278'
ACTION SNIPPET 10000 5611 SNIPPET_RELEVANT b'482640'
ACTION DOC 10000 5631 EXAMINING_DOCUMENT b'482640'
ACTION SNIPPET 10000 5634 SNIPPET_RELEVANT b'312354'
ACTION DOC 10000 5654 EXAMINING_DOCUMENT b'312354'
ACTION SNIPPET 10000 5657 SNIPPET_NOT_RELEVANT b'87997'
ACTION SNIPPET 10000 5660 SNIPPET_RELEVANT b'1242146'
ACTION DOC 10000 5680 EXAMINING_DOCUMENT b'1242146'
ACTION QUERY 10000 5690 automobile recalls installed
ACTION SERP 10000 5695 EXAMINE_SERP
ACTION SNIPPET 10000 5698 SEEN_PREVIOUSLY b'1226017'
ACTION SNIPPET 10000 5701 SNIPPET_NOT_RELEVANT b'40715'
ACTION SNIPPET 10000 5704 SNIPPET_RELEVANT b'1855088'
ACTION DOC 10000 5724 EXAMINING_DOCUMENT b'1855088'
ACTION SNIPPET 10000 5727 SNIPPET_NOT_RELEVANT b'542475'
ACTION SNIPPET 10000 5730 SEEN_PREVIOUSLY b'1299787'
ACTION SNIPPET 10000 5733 SNIPPET_RELEVANT b'764242'
ACTION DOC 10000 5753 EXAMINING_DOCUMENT b'764242'
ACTION MARK 10000 5756 CONSIDERED_RELEVANT b'764242'
ACTION SNIPPET 10000 5759 SEEN_PREVIOUSLY b'812515'
ACTION SNIPPET 10000 5762 SNIPPET_NOT_RELEVANT b'431786'
ACTION SNIPPET 10000 5765 SNIPPET_NOT_RELEVANT b'431718'
ACTION SNIPPET 10000 5768 SNIPPET_NOT_RELEVANT b'1224309'
ACTION QUERY 10000 5778 automobile recalls seat
ACTION SERP 10000 5783 EXAMINE_SERP
ACTION SNIPPET 10000 5786 SEEN_PREVIOUSLY b'120022'
ACTION SNIPPET 10000 5789 SEEN_PREVIOUSLY b'232575'
ACTION SNIPPET 10000 5792 SEEN_PREVIOUSLY b'417392'
ACTION SNIPPET 10000 5795 SNIPPET_RELEVANT b'1108834'
ACTION DOC 10000 5815 EXAMINING_DOCUMENT b'1108834'
ACTION SNIPPET 10000 5818 SEEN_PREVIOUSLY b'53718'
ACTION SNIPPET 10000 5821 SEEN_PREVIOUSLY b'764242'
ACTION SNIPPET 10000 5824 SNIPPET_NOT_RELEVANT b'1224309'
ACTION SNIPPET 10000 5827 SNIPPET_RELEVANT b'1135065'
ACTION DOC 10000 5847 EXAMINING_DOCUMENT b'1135065'
ACTION SNIPPET 10000 5850 SNIPPET_NOT_RELEVANT b'329483'
ACTION SNIPPET 10000 5853 SNIPPET_NOT_RELEVANT b'49713'
ACTION QUERY 10000 5863 automobile recalls seatbelt
ACTION SERP 10000 5868 EXAMINE_SERP
ACTION SNIPPET 10000 5871 SNIPPET_RELEVANT b'656846'
ACTION DOC 10000 5891 EXAMINING_DOCUMENT b'656846'
ACTION SNIPPET 10000 5894 SNIPPET_RELEVANT b'1196957'
ACTION DOC 10000 5914 EXAMINING_DOCUMENT b'1196957'
ACTION SNIPPET 10000 5917 SNIPPET_RELEVANT b'88968'
ACTION DOC 10000 5937 EXAMINING_DOCUMENT b'88968'
ACTION SNIPPET 10000 5940 SNIPPET_NOT_RELEVANT b'1155699'
ACTION SNIPPET 10000 5943 SNIPPET_RELEVANT b'570346'
ACTION DOC 10000 5963 EXAMINING_DOCUMENT b'570346'
ACTION SNIPPET 10000 5966 SNIPPET_NOT_RELEVANT b'444725'
ACTION SNIPPET 10000 5969 SNIPPET_RELEVANT b'466275'
ACTION DOC 10000 5989 EXAMINING_DOCUMENT b'466275'
ACTION SNIPPET 10000 5992 SNIPPET_NOT_RELEVANT b'613467'
ACTION SNIPPET 10000 5995 SNIPPET_NOT_RELEVANT b'465502'
ACTION SNIPPET 10000 5998 SNIPPET_NOT_RELEVANT b'1691056'
ACTION QUERY 10000 6008 automobile recalls key
ACTION SERP 10000 6013 EXAMINE_SERP
ACTION SNIPPET 10000 6016 SEEN_PREVIOUSLY b'49918'
ACTION SNIPPET 10000 6019 SNIPPET_NOT_RELEVANT b'124576'
ACTION SNIPPET 10000 6022 SEEN_PREVIOUSLY b'102784'
ACTION SNIPPET 10000 6025 SNIPPET_NOT_RELEVANT b'1042599'
ACTION SNIPPET 10000 6028 SNIPPET_NOT_RELEVANT b'41947'
ACTION SNIPPET 10000 6031 SEEN_PREVIOUSLY b'343414'
ACTION SNIPPET 10000 6034 SEEN_PREVIOUSLY b'40158'
ACTION SNIPPET 10000 6037 SEEN_PREVIOUSLY b'96858'
ACTION SNIPPET 10000 6040 SEEN_PREVIOUSLY b'36602'
ACTION SNIPPET 10000 6043 SEEN_PREVIOUSLY b'119498'
ACTION QUERY 10000 6053 automobile recalls chryslers
ACTION SERP 10000 6058 EXAMINE_SERP
ACTION SNIPPET 10000 6061 SEEN_PREVIOUSLY b'668906'
ACTION SNIPPET 10000 6064 SEEN_PREVIOUSLY b'417392'
ACTION SNIPPET 10000 6067 SNIPPET_NOT_RELEVANT b'263446'
ACTION SNIPPET 10000 6070 SNIPPET_NOT_RELEVANT b'118029'
ACTION SNIPPET 10000 6073 SEEN_PREVIOUSLY b'946197'
ACTION SNIPPET 10000 6076 SNIPPET_NOT_RELEVANT b'301353'
ACTION SNIPPET 10000 6079 SNIPPET_RELEVANT b'203141'
ACTION DOC 10000 6099 EXAMINING_DOCUMENT b'203141'
ACTION SNIPPET 10000 6102 SNIPPET_RELEVANT b'53303'
ACTION DOC 10000 6122 EXAMINING_DOCUMENT b'53303'
ACTION SNIPPET 10000 6125 SNIPPET_NOT_RELEVANT b'632344'
ACTION SNIPPET 10000 6128 SNIPPET_NOT_RELEVANT b'278317'
ACTION QUERY 10000 6138 automobile recalls hybrid
ACTION SERP 10000 6143 EXAMINE_SERP
ACTION SNIPPET 10000 6146 SEEN_PREVIOUSLY b'1754788'
ACTION SNIPPET 10000 6149 SNIPPET_NOT_RELEVANT b'1516022'
ACTION SNIPPET 10000 6152 SEEN_PREVIOUSLY b'1449613'
ACTION SNIPPET 10000 6155 SNIPPET_NOT_RELEVANT b'1632501'
ACTION SNIPPET 10000 6158 SNIPPET_RELEVANT b'1560881'
ACTION DOC 10000 6178 EXAMINING_DOCUMENT b'1560881'
ACTION SNIPPET 10000 6181 SNIPPET_RELEVANT b'919546'
ACTION DOC 10000 6201 EXAMINING_DOCUMENT b'919546'
ACTION SNIPPET 10000 6204 SNIPPET_RELEVANT b'1189914'
ACTION DOC 10000 6224 EXAMINING_DOCUMENT b'1189914'
ACTION SNIPPET 10000 6227 SNIPPET_RELEVANT b'1616237'
ACTION DOC 10000 6247 EXAMINING_DOCUMENT b'1616237'
ACTION SNIPPET 10000 6250 SNIPPET_NOT_RELEVANT b'1301185'
ACTION SNIPPET 10000 6253 SNIPPET_NOT_RELEVANT b'1673222'
ACTION QUERY 10000 6263 automobile recalls bulb
ACTION SERP 10000 6268 EXAMINE_SERP
ACTION SNIPPET 10000 6271 SNIPPET_NOT_RELEVANT b'1106106'
ACTION SNIPPET 10000 6274 SNIPPET_RELEVANT b'338488'
ACTION DOC 10000 6294 EXAMINING_DOCUMENT b'338488'
ACTION SNIPPET 10000 6297 SNIPPET_NOT_RELEVANT b'478555'
ACTION SNIPPET 10000 6300 SNIPPET_RELEVANT b'996599'
ACTION DOC 10000 6320 EXAMINING_DOCUMENT b'996599'
ACTION SNIPPET 10000 6323 SNIPPET_RELEVANT b'1125153'
ACTION DOC 10000 6343 EXAMINING_DOCUMENT b'1125153'
ACTION SNIPPET 10000 6346 SNIPPET_RELEVANT b'565424'
ACTION DOC 10000 6366 EXAMINING_DOCUMENT b'565424'
ACTION SNIPPET 10000 6369 SNIPPET_RELEVANT b'565425'
ACTION DOC 10000 6389 EXAMINING_DOCUMENT b'565425'
ACTION SNIPPET 10000 6392 SNIPPET_RELEVANT b'565417'
ACTION DOC 10000 6412 EXAMINING_DOCUMENT b'565417'
ACTION SNIPPET 10000 6415 SNIPPET_NOT_RELEVANT b'565421'
ACTION SNIPPET 10000 6418 SNIPPET_NOT_RELEVANT b'1823833'
ACTION QUERY 10000 6428 automobile recalls extensive
ACTION SERP 10000 6433 EXAMINE_SERP
ACTION SNIPPET 10000 6436 SEEN_PREVIOUSLY b'232575'
ACTION SNIPPET 10000 6439 SEEN_PREVIOUSLY b'1232132'
ACTION SNIPPET 10000 6442 SNIPPET_RELEVANT b'77611'
ACTION DOC 10000 6462 EXAMINING_DOCUMENT b'77611'
ACTION SNIPPET 10000 6465 SEEN_PREVIOUSLY b'49918'
ACTION SNIPPET 10000 6468 SEEN_PREVIOUSLY b'102784'
ACTION SNIPPET 10000 6471 SEEN_PREVIOUSLY b'1780591'
ACTION SNIPPET 10000 6474 SEEN_PREVIOUSLY b'1225125'
ACTION SNIPPET 10000 6477 SEEN_PREVIOUSLY b'343414'
ACTION SNIPPET 10000 6480 SEEN_PREVIOUSLY b'40158'
ACTION SNIPPET 10000 6483 SEEN_PREVIOUSLY b'96858'
ACTION QUERY 10000 6493 automobile recalls saab
ACTION SERP 10000 6498 EXAMINE_SERP
ACTION SNIPPET 10000 6501 SEEN_PREVIOUSLY b'760949'
ACTION SNIPPET 10000 6504 SNIPPET_NOT_RELEVANT b'421492'
ACTION SNIPPET 10000 6507 SNIPPET_RELEVANT b'360394'
ACTION DOC 10000 6527 EXAMINING_DOCUMENT b'360394'
ACTION SNIPPET 10000 6530 SNIPPET_NOT_RELEVANT b'376603'
ACTION SNIPPET 10000 6533 SNIPPET_NOT_RELEVANT b'426379'
ACTION SNIPPET 10000 6536 SNIPPET_NOT_RELEVANT b'420787'
ACTION SNIPPET 10000 6539 SNIPPET_RELEVANT b'337102'
ACTION DOC 10000 6559 EXAMINING_DOCUMENT b'337102'
ACTION SNIPPET 10000 6562 SNIPPET_NOT_RELEVANT b'911291'
ACTION SNIPPET 10000 6565 SNIPPET_NOT_RELEVANT b'528034'
ACTION SNIPPET 10000 6568 SNIPPET_NOT_RELEVANT b'443645'
ACTION QUERY 10000 6578 automobile recalls safety
ACTION SERP 10000 6583 EXAMINE_SERP
ACTION SNIPPET 10000 6586 SEEN_PREVIOUSLY b'1712460'
ACTION SNIPPET 10000 6589 SEEN_PREVIOUSLY b'102784'
ACTION SNIPPET 10000 6592 SEEN_PREVIOUSLY b'1227929'
ACTION SNIPPET 10000 6595 SEEN_PREVIOUSLY b'39916'
ACTION SNIPPET 10000 6598 SEEN_PREVIOUSLY b'232575'
ACTION SNIPPET 10000 6601 SEEN_PREVIOUSLY b'120022'
ACTION SNIPPET 10000 6604 SEEN_PREVIOUSLY b'30337'
ACTION SNIPPET 10000 6607 SEEN_PREVIOUSLY b'417392'
ACTION SNIPPET 10000 6610 SEEN_PREVIOUSLY b'1226017'
ACTION SNIPPET 10000 6613 SEEN_PREVIOUSLY b'1565477'
ACTION QUERY 10000 6623 automobile recalls recently
ACTION SERP 10000 6628 EXAMINE_SERP
ACTION SNIPPET 10000 6631 SEEN_PREVIOUSLY b'1712460'
ACTION SNIPPET 10000 6634 SEEN_PREVIOUSLY b'49918'
ACTION SNIPPET 10000 6637 SEEN_PREVIOUSLY b'102784'
ACTION SNIPPET 10000 6640 SEEN_PREVIOUSLY b'343414'
ACTION SNIPPET 10000 6643 SEEN_PREVIOUSLY b'40158'
ACTION SNIPPET 10000 6646 SEEN_PREVIOUSLY b'96858'
ACTION SNIPPET 10000 6649 SEEN_PREVIOUSLY b'36602'
ACTION SNIPPET 10000 6652 SNIPPET_NOT_RELEVANT b'10967'
ACTION SNIPPET 10000 6655 SEEN_PREVIOUSLY b'39916'
ACTION SNIPPET 10000 6658 SEEN_PREVIOUSLY b'1284634'
ACTION QUERY 10000 6668 automobile recalls air
ACTION SERP 10000 6673 EXAMINE_SERP
ACTION SNIPPET 10000 6676 SEEN_PREVIOUSLY b'288226'
ACTION SNIPPET 10000 6679 SNIPPET_NOT_RELEVANT b'40715'
ACTION SNIPPET 10000 6682 SNIPPET_NOT_RELEVANT b'411673'
ACTION SNIPPET 10000 6685 SEEN_PREVIOUSLY b'812515'
ACTION SNIPPET 10000 6688 SEEN_PREVIOUSLY b'49918'
ACTION SNIPPET 10000 6691 SEEN_PREVIOUSLY b'102784'
ACTION SNIPPET 10000 6694 SNIPPET_RELEVANT b'909429'
ACTION DOC 10000 6714 EXAMINING_DOCUMENT b'909429'
ACTION SNIPPET 10000 6717 SNIPPET_NOT_RELEVANT b'278461'
ACTION SNIPPET 10000 6720 SEEN_PREVIOUSLY b'1135065'
ACTION SNIPPET 10000 6723 SEEN_PREVIOUSLY b'380262'
ACTION QUERY 10000 6733 automobile recalls midsize
ACTION SERP 10000 6738 EXAMINE_SERP
ACTION SNIPPET 10000 6741 SEEN_PREVIOUSLY b'403051'
ACTION SNIPPET 10000 6744 SNIPPET_NOT_RELEVANT b'172741'
ACTION SNIPPET 10000 6747 SNIPPET_NOT_RELEVANT b'237324'
ACTION SNIPPET 10000 6750 SNIPPET_NOT_RELEVANT b'1457744'
ACTION SNIPPET 10000 6753 SNIPPET_RELEVANT b'236132'
ACTION DOC 10000 6773 EXAMINING_DOCUMENT b'236132'
ACTION SNIPPET 10000 6776 SNIPPET_NOT_RELEVANT b'1622398'
ACTION SNIPPET 10000 6779 SNIPPET_NOT_RELEVANT b'1242074'
ACTION SNIPPET 10000 6782 SNIPPET_NOT_RELEVANT b'1202687'
ACTION SNIPPET 10000 6785 SNIPPET_RELEVANT b'509999'
ACTION DOC 10000 6805 EXAMINING_DOCUMENT b'509999'
ACTION SNIPPET 10000 6808 SNIPPET_RELEVANT b'1812510'
ACTION DOC 10000 6828 EXAMINING_DOCUMENT b'1812510'
ACTION QUERY 10000 6838 automobile recalls automobiles
ACTION SERP 10000 6843 EXAMINE_SERP
ACTION SNIPPET 10000 6846 SEEN_PREVIOUSLY b'49918'
ACTION SNIPPET 10000 6849 SEEN_PREVIOUSLY b'102784'
ACTION SNIPPET 10000 6852 SEEN_PREVIOUSLY b'40158'
ACTION SNIPPET 10000 6855 SEEN_PREVIOUSLY b'343414'
ACTION SNIPPET 10000 6858 SEEN_PREVIOUSLY b'96858'
ACTION SNIPPET 10000 6861 SEEN_PREVIOUSLY b'36602'
ACTION SNIPPET 10000 6864 SEEN_PREVIOUSLY b'288226'
ACTION SNIPPET 10000 6867 SEEN_PREVIOUSLY b'232575'
ACTION SNIPPET 10000 6870 SEEN_PREVIOUSLY b'1227929'
ACTION SNIPPET 10000 6873 SEEN_PREVIOUSLY b'39916'
ACTION QUERY 10000 6883 automobile recalls who
ACTION SERP 10000 6888 EXAMINE_SERP
ACTION SNIPPET 10000 6891 SEEN_PREVIOUSLY b'49918'
ACTION SNIPPET 10000 6894 SEEN_PREVIOUSLY b'102784'
ACTION SNIPPET 10000 6897 SEEN_PREVIOUSLY b'343414'
ACTION SNIPPET 10000 6900 SEEN_PREVIOUSLY b'40158'
ACTION SNIPPET 10000 6903 SEEN_PREVIOUSLY b'36602'
ACTION SNIPPET 10000 6906 SEEN_PREVIOUSLY b'96858'
ACTION SNIPPET 10000 6909 SEEN_PREVIOUSLY b'39916'
ACTION SNIPPET 10000 6912 SEEN_PREVIOUSLY b'1284634'
ACTION SNIPPET 10000 6915 SEEN_PREVIOUSLY b'1712460'
ACTION SNIPPET 10000 6918 SEEN_PREVIOUSLY b'1227929'
ACTION QUERY 10000 6928 automobile recalls gew
ACTION SERP 10000 6933 EXAMINE_SERP
ACTION SNIPPET 10000 6936 SNIPPET_NOT_RELEVANT b'1792997'
ACTION SNIPPET 10000 6939 SNIPPET_NOT_RELEVANT b'1282193'
ACTION SNIPPET 10000 6942 SNIPPET_RELEVANT b'1382768'
ACTION DOC 10000 6962 EXAMINING_DOCUMENT b'1382768'
ACTION SNIPPET 10000 6965 SNIPPET_RELEVANT b'1524950'
ACTION DOC 10000 6985 EXAMINING_DOCUMENT b'1524950'
ACTION SNIPPET 10000 6988 SNIPPET_NOT_RELEVANT b'1400888'
ACTION SNIPPET 10000 6991 SNIPPET_RELEVANT b'1641423'
ACTION DOC 10000 7011 EXAMINING_DOCUMENT b'1641423'
ACTION SNIPPET 10000 7014 SNIPPET_RELEVANT b'1273341'
ACTION DOC 10000 7034 EXAMINING_DOCUMENT b'1273341'
ACTION SNIPPET 10000 7037 SNIPPET_NOT_RELEVANT b'1368403'
ACTION SNIPPET 10000 7040 SNIPPET_NOT_RELEVANT b'1614335'
ACTION SNIPPET 10000 7043 SNIPPET_NOT_RELEVANT b'1548093'
ACTION QUERY 10000 7053 automobile recalls sued
ACTION SERP 10000 7058 EXAMINE_SERP
ACTION SNIPPET 10000 7061 SEEN_PREVIOUSLY b'1565477'
ACTION SNIPPET 10000 7064 SNIPPET_NOT_RELEVANT b'314007'
ACTION SNIPPET 10000 7067 SNIPPET_NOT_RELEVANT b'9236'
ACTION SNIPPET 10000 7070 SNIPPET_NOT_RELEVANT b'1762922'
ACTION SNIPPET 10000 7073 SNIPPET_RELEVANT b'1506030'
ACTION DOC 10000 7093 EXAMINING_DOCUMENT b'1506030'
ACTION SNIPPET 10000 7096 SNIPPET_NOT_RELEVANT b'342972'
ACTION SNIPPET 10000 7099 SEEN_PREVIOUSLY b'1225125'
ACTION SNIPPET 10000 7102 SNIPPET_RELEVANT b'152486'
ACTION DOC 10000 7122 EXAMINING_DOCUMENT b'152486'
ACTION SNIPPET 10000 7125 SNIPPET_NOT_RELEVANT b'29263'
ACTION SNIPPET 10000 7128 SEEN_PREVIOUSLY b'49918'
ACTION QUERY 10000 7138 automobile recalls industry
ACTION SERP 10000 7143 EXAMINE_SERP
ACTION SNIPPET 10000 7146 SEEN_PREVIOUSLY b'1227929'
ACTION SNIPPET 10000 7149 SEEN_PREVIOUSLY b'1284634'
ACTION SNIPPET 10000 7152 SEEN_PREVIOUSLY b'1712460'
ACTION SNIPPET 10000 7155 SEEN_PREVIOUSLY b'288226'
ACTION SNIPPET 10000 7158 SEEN_PREVIOUSLY b'49918'
ACTION SNIPPET 10000 7161 SEEN_PREVIOUSLY b'668906'
ACTION SNIPPET 10000 7164 SEEN_PREVIOUSLY b'1438222'
ACTION SNIPPET 10000 7167 SEEN_PREVIOUSLY b'72897'
ACTION SNIPPET 10000 7170 SEEN_PREVIOUSLY b'1299787'
ACTION SNIPPET 10000 7173 SEEN_PREVIOUSLY b'102784'
ACTION QUERY 10000 7183 automobile recalls responsible
ACTION SERP 10000 7188 EXAMINE_SERP
ACTION SNIPPET 10000 7191 SEEN_PREVIOUSLY b'49918'
ACTION SNIPPET 10000 7194 SEEN_PREVIOUSLY b'102784'
ACTION SNIPPET 10000 7197 SEEN_PREVIOUSLY b'343414'
ACTION SNIPPET 10000 7200 SEEN_PREVIOUSLY b'40158'
ACTION SNIPPET 10000 7203 SEEN_PREVIOUSLY b'96858'
ACTION SNIPPET 10000 7206 SEEN_PREVIOUSLY b'1299787'
ACTION SNIPPET 10000 7209 SEEN_PREVIOUSLY b'119113'
ACTION SNIPPET 10000 7212 SEEN_PREVIOUSLY b'36602'
ACTION SNIPPET 10000 7215 SNIPPET_NOT_RELEVANT b'503316'
ACTION SNIPPET 10000 7218 SEEN_PREVIOUSLY b'39916'
ACTION QUERY 10000 7228 automobile recalls carbon
ACTION SERP 10000 7233 EXAMINE_SERP
ACTION SNIPPET 10000 7236 SEEN_PREVIOUSLY b'1278241'
ACTION SNIPPET 10000 7239 SEEN_PREVIOUSLY b'812515'
ACTION SNIPPET 10000 7242 SNIPPET_RELEVANT b'286312'
ACTION DOC 10000 7262 EXAMINING_DOCUMENT b'286312'
ACTION SNIPPET 10000 7265 SNIPPET_RELEVANT b'1408887'
ACTION DOC 10000 7285 EXAMINING_DOCUMENT b'1408887'
ACTION SNIPPET 10000 7288 SNIPPET_NOT_RELEVANT b'245442'
ACTION SNIPPET 10000 7291 SNIPPET_NOT_RELEVANT b'1177216'
ACTION SNIPPET 10000 7294 SNIPPET_NOT_RELEVANT b'298564'
ACTION SNIPPET 10000 7297 SEEN_PREVIOUSLY b'164629'
ACTION SNIPPET 10000 7300 SNIPPET_RELEVANT b'367443'
ACTION DOC 10000 7320 EXAMINING_DOCUMENT b'367443'
ACTION SNIPPET 10000 7323 SNIPPET_RELEVANT b'1557643'
ACTION DOC 10000 7343 EXAMINING_DOCUMENT b'1557643'
ACTION QUERY 10000 7353 automobile recalls brakes
ACTION SERP 10000 7358 EXAMINE_SERP
ACTION SNIPPET 10000 7361 SEEN_PREVIOUSLY b'96858'
ACTION SNIPPET 10000 7364 SEEN_PREVIOUSLY b'102784'
ACTION SNIPPET 10000 7367 SEEN_PREVIOUSLY b'39916'
ACTION SNIPPET 10000 7370 SEEN_PREVIOUSLY b'403051'
ACTION SNIPPET 10000 7373 SEEN_PREVIOUSLY b'30337'
ACTION SNIPPET 10000 7376 SEEN_PREVIOUSLY b'120022'
ACTION SNIPPET 10000 7379 SEEN_PREVIOUSLY b'232575'
ACTION SNIPPET 10000 7382 SEEN_PREVIOUSLY b'760949'
ACTION SNIPPET 10000 7385 SEEN_PREVIOUSLY b'1780591'
ACTION SNIPPET 10000 7388 SEEN_PREVIOUSLY b'1299787'
ACTION QUERY 10000 7398 automobile recalls purpose
ACTION SERP 10000 7403 EXAMINE_SERP
ACTION SNIPPET 10000 7406 SNIPPET_NOT_RELEVANT b'1819639'
ACTION SNIPPET 10000 7409 SEEN_PREVIOUSLY b'49918'
ACTION SNIPPET 10000 7412 SEEN_PREVIOUSLY b'102784'
ACTION SNIPPET 10000 7415 SNIPPET_NOT_RELEVANT b'333665'
ACTION SNIPPET 10000 7418 SEEN_PREVIOUSLY b'343414'
ACTION SNIPPET 10000 7421 SEEN_PREVIOUSLY b'40158'
ACTION SNIPPET 10000 7424 SEEN_PREVIOUSLY b'96858'
ACTION SNIPPET 10000 7427 SEEN_PREVIOUSLY b'36602'
ACTION SNIPPET 10000 7430 SNIPPET_NOT_RELEVANT b'1042599'
ACTION SNIPPET 10000 7433 SEEN_PREVIOUSLY b'812515'
ACTION QUERY 10000 7443 automobile recalls producing
ACTION SERP 10000 7448 EXAMINE_SERP
ACTION SNIPPET 10000 7451 SNIPPET_RELEVANT b'49713'
ACTION DOC 10000 7471 EXAMINING_DOCUMENT b'49713'
ACTION SNIPPET 10000 7474 SEEN_PREVIOUSLY b'417392'
ACTION SNIPPET 10000 7477 SEEN_PREVIOUSLY b'1712460'
ACTION SNIPPET 10000 7480 SEEN_PREVIOUSLY b'49918'
ACTION SNIPPET 10000 7483 SEEN_PREVIOUSLY b'102784'
ACTION SNIPPET 10000 7486 SNIPPET_NOT_RELEVANT b'644696'
ACTION SNIPPET 10000 7489 SEEN_PREVIOUSLY b'343414'
ACTION SNIPPET 10000 7492 SEEN_PREVIOUSLY b'40158'
ACTION SNIPPET 10000 7495 SEEN_PREVIOUSLY b'96858'
ACTION SNIPPET 10000 7498 SEEN_PREVIOUSLY b'30337'
ACTION QUERY 10000 7508 automobile recalls corrective
ACTION SERP 10000 7513 EXAMINE_SERP
ACTION SNIPPET 10000 7516 SEEN_PREVIOUSLY b'102784'
ACTION SNIPPET 10000 7519 SEEN_PREVIOUSLY b'96858'
ACTION SNIPPET 10000 7522 SNIPPET_NOT_RELEVANT b'1072617'
ACTION SNIPPET 10000 7525 SEEN_PREVIOUSLY b'403051'
ACTION SNIPPET 10000 7528 SEEN_PREVIOUSLY b'1226017'
ACTION SNIPPET 10000 7531 SEEN_PREVIOUSLY b'1712460'
ACTION SNIPPET 10000 7534 SEEN_PREVIOUSLY b'49918'
ACTION SNIPPET 10000 7537 SEEN_PREVIOUSLY b'760949'
ACTION SNIPPET 10000 7540 SNIPPET_RELEVANT b'57708'
ACTION DOC 10000 7560 EXAMINING_DOCUMENT b'57708'
ACTION SNIPPET 10000 7563 SEEN_PREVIOUSLY b'343414'
ACTION QUERY 10000 7573 automobile recalls diesel
ACTION SERP 10000 7578 EXAMINE_SERP
ACTION SNIPPET 10000 7581 SEEN_PREVIOUSLY b'49918'
ACTION SNIPPET 10000 7584 SNIPPET_NOT_RELEVANT b'93617'
ACTION SNIPPET 10000 7587 SNIPPET_RELEVANT b'1298820'
ACTION DOC 10000 7607 EXAMINING_DOCUMENT b'1298820'
ACTION SNIPPET 10000 7610 SNIPPET_NOT_RELEVANT b'1298821'
ACTION SNIPPET 10000 7613 SEEN_PREVIOUSLY b'1056024'
ACTION SNIPPET 10000 7616 SNIPPET_RELEVANT b'237262'
ACTION DOC 10000 7636 EXAMINING_DOCUMENT b'237262'
ACTION SNIPPET 10000 7639 SNIPPET_RELEVANT b'129659'
ACTION DOC 10000 7659 EXAMINING_DOCUMENT b'129659'
ACTION SNIPPET 10000 7662 SNIPPET_RELEVANT b'1160661'
ACTION DOC 10000 7682 EXAMINING_DOCUMENT b'1160661'
ACTION SNIPPET 10000 7685 SEEN_PREVIOUSLY b'706040'
ACTION SNIPPET 10000 7688 SNIPPET_RELEVANT b'1612677'
ACTION DOC 10000 7708 EXAMINING_DOCUMENT b'1612677'
ACTION QUERY 10000 7718 automobile recalls voluntarily
ACTION SERP 10000 7723 EXAMINE_SERP
ACTION SNIPPET 10000 7726 SEEN_PREVIOUSLY b'96858'
ACTION SNIPPET 10000 7729 SEEN_PREVIOUSLY b'403051'
ACTION SNIPPET 10000 7732 SNIPPET_RELEVANT b'1411710'
ACTION DOC 10000 7752 EXAMINING_DOCUMENT b'1411710'
ACTION SNIPPET 10000 7755 SNIPPET_RELEVANT b'139943'
ACTION DOC 10000 7775 EXAMINING_DOCUMENT b'139943'
ACTION SNIPPET 10000 7778 SNIPPET_NOT_RELEVANT b'269652'
ACTION SNIPPET 10000 7781 SNIPPET_RELEVANT b'40715'
ACTION DOC 10000 7801 EXAMINING_DOCUMENT b'40715'
ACTION SNIPPET 10000 7804 SNIPPET_NOT_RELEVANT b'21571'
ACTION SNIPPET 10000 7807 SNIPPET_NOT_RELEVANT b'58554'
ACTION SNIPPET 10000 7810 SNIPPET_RELEVANT b'208943'
ACTION DOC 10000 7830 EXAMINING_DOCUMENT b'208943'
ACTION SNIPPET 10000 7833 SEEN_PREVIOUSLY b'1299787'
ACTION QUERY 10000 7843 automobile recalls crisis
ACTION SERP 10000 7848 EXAMINE_SERP
ACTION SNIPPET 10000 7851 SEEN_PREVIOUSLY b'1227929'
ACTION SNIPPET 10000 7854 SEEN_PREVIOUSLY b'49918'
ACTION SNIPPET 10000 7857 SEEN_PREVIOUSLY b'102784'
ACTION SNIPPET 10000 7860 SEEN_PREVIOUSLY b'343414'
ACTION SNIPPET 10000 7863 SEEN_PREVIOUSLY b'40158'
ACTION SNIPPET 10000 7866 SEEN_PREVIOUSLY b'96858'
ACTION SNIPPET 10000 7869 SNIPPET_NOT_RELEVANT b'1189983'
ACTION SNIPPET 10000 7872 SEEN_PREVIOUSLY b'36602'
ACTION SNIPPET 10000 7875 SNIPPET_NOT_RELEVANT b'731117'
ACTION SNIPPET 10000 7878 SNIPPET_NOT_RELEVANT b'516412'
ACTION QUERY 10000 7888 automobile recalls paying
ACTION SERP 10000 7893 EXAMINE_SERP
ACTION SNIPPET 10000 7896 SEEN_PREVIOUSLY b'1235752'
ACTION SNIPPET 10000 7899 SEEN_PREVIOUSLY b'1227929'
ACTION SNIPPET 10000 7902 SEEN_PREVIOUSLY b'288226'
ACTION SNIPPET 10000 7905 SEEN_PREVIOUSLY b'1712460'
ACTION SNIPPET 10000 7908 SEEN_PREVIOUSLY b'49918'
ACTION SNIPPET 10000 7911 SEEN_PREVIOUSLY b'49713'
ACTION SNIPPET 10000 7914 SEEN_PREVIOUSLY b'102784'
ACTION SNIPPET 10000 7917 SEEN_PREVIOUSLY b'119113'
ACTION SNIPPET 10000 7920 SEEN_PREVIOUSLY b'343414'
ACTION SNIPPET 10000 7923 SEEN_PREVIOUSLY b'40158'
ACTION QUERY 10000 7933 automobile recalls remove
ACTION SERP 10000 7938 EXAMINE_SERP
ACTION SNIPPET 10000 7941 SEEN_PREVIOUSLY b'1299787'
ACTION SNIPPET 10000 7944 SEEN_PREVIOUSLY b'49918'
ACTION SNIPPET 10000 7947 SEEN_PREVIOUSLY b'102784'
ACTION SNIPPET 10000 7950 SNIPPET_RELEVANT b'41947'
ACTION DOC 10000 7970 EXAMINING_DOCUMENT b'41947'
ACTION SNIPPET 10000 7973 SEEN_PREVIOUSLY b'343414'
ACTION SNIPPET 10000 7976 SEEN_PREVIOUSLY b'40158'
ACTION SNIPPET 10000 7979 SEEN_PREVIOUSLY b'96858'
ACTION SNIPPET 10000 7982 SEEN_PREVIOUSLY b'1241022'
ACTION SNIPPET 10000 7985 SNIPPET_RELEVANT b'29092'
ACTION DOC 10000 8005 EXAMINING_DOCUMENT b'29092'
ACTION SNIPPET 10000 8008 SEEN_PREVIOUSLY b'380262'
ACTION QUERY 10000 8018 automobile recalls gmc
ACTION SERP 10000 8023 EXAMINE_SERP
ACTION SNIPPET 10000 8026 SEEN_PREVIOUSLY b'102784'
ACTION SNIPPET 10000 8029 SNIPPET_NOT_RELEVANT b'787773'
ACTION SNIPPET 10000 8032 SNIPPET_RELEVANT b'1667814'
ACTION DOC 10000 8052 EXAMINING_DOCUMENT b'1667814'
ACTION SNIPPET 10000 8055 SNIPPET_NOT_RELEVANT b'1036887'
ACTION SNIPPET 10000 8058 SNIPPET_NOT_RELEVANT b'1125198'
ACTION SNIPPET 10000 8061 SEEN_PREVIOUSLY b'660966'
ACTION SNIPPET 10000 8064 SNIPPET_RELEVANT b'1756623'
ACTION DOC 10000 8084 EXAMINING_DOCUMENT b'1756623'
ACTION SNIPPET 10000 8087 SNIPPET_NOT_RELEVANT b'543385'
ACTION SNIPPET 10000 8090 SNIPPET_RELEVANT b'596553'
ACTION DOC 10000 8110 EXAMINING_DOCUMENT b'596553'
ACTION MARK 10000 8113 CONSIDERED_RELEVANT b'596553'
ACTION SNIPPET 10000 8116 SNIPPET_RELEVANT b'878094'
ACTION DOC 10000 8136 EXAMINING_DOCUMENT b'878094'
ACTION QUERY 10000 8146 automobile recalls bureau
ACTION SERP 10000 8151 EXAMINE_SERP
ACTION SNIPPET 10000 8154 SEEN_PREVIOUSLY b'125034'
ACTION SNIPPET 10000 8157 SNIPPET_RELEVANT b'120993'
ACTION DOC 10000 8177 EXAMINING_DOCUMENT b'120993'
ACTION SNIPPET 10000 8180 SNIPPET_RELEVANT b'221317'
ACTION DOC 10000 8200 EXAMINING_DOCUMENT b'221317'
ACTION SNIPPET 10000 8203 SNIPPET_RELEVANT b'638300'
ACTION DOC 10000 8223 EXAMINING_DOCUMENT b'638300'
ACTION SNIPPET 10000 8226 SNIPPET_RELEVANT b'436562'
ACTION DOC 10000 8246 EXAMINING_DOCUMENT b'436562'
ACTION SNIPPET 10000 8249 SEEN_PREVIOUSLY b'49918'
ACTION SNIPPET 10000 8252 SNIPPET_NOT_RELEVANT b'631559'
ACTION SNIPPET 10000 8255 SNIPPET_NOT_RELEVANT b'238105'
ACTION SNIPPET 10000 8258 SEEN_PREVIOUSLY b'102784'
ACTION SNIPPET 10000 8261 SEEN_PREVIOUSLY b'129144'
ACTION QUERY 10000 8271 automobile recalls director
ACTION SERP 10000 8276 EXAMINE_SERP
ACTION SNIPPET 10000 8279 SEEN_PREVIOUSLY b'1712460'
ACTION SNIPPET 10000 8282 SEEN_PREVIOUSLY b'49918'
ACTION SNIPPET 10000 8285 SEEN_PREVIOUSLY b'102784'
ACTION SNIPPET 10000 8288 SEEN_PREVIOUSLY b'417392'
ACTION SNIPPET 10000 8291 SEEN_PREVIOUSLY b'343414'
ACTION SNIPPET 10000 8294 SEEN_PREVIOUSLY b'40158'
ACTION SNIPPET 10000 8297 SEEN_PREVIOUSLY b'96858'
ACTION SNIPPET 10000 8300 SEEN_PREVIOUSLY b'36602'
ACTION SNIPPET 10000 8303 SEEN_PREVIOUSLY b'760949'
ACTION SNIPPET 10000 8306 SEEN_PREVIOUSLY b'39916'
ACTION QUERY 10000 8316 automobile recalls put
ACTION SERP 10000 8321 EXAMINE_SERP
ACTION SNIPPET 10000 8324 SEEN_PREVIOUSLY b'1712460'
ACTION SNIPPET 10000 8327 SEEN_PREVIOUSLY b'49918'
ACTION SNIPPET 10000 8330 SEEN_PREVIOUSLY b'102784'
ACTION SNIPPET 10000 8333 SEEN_PREVIOUSLY b'375746'
ACTION SNIPPET 10000 8336 SEEN_PREVIOUSLY b'343414'
ACTION SNIPPET 10000 8339 SEEN_PREVIOUSLY b'40158'
ACTION SNIPPET 10000 8342 SEEN_PREVIOUSLY b'96858'
ACTION SNIPPET 10000 8345 SEEN_PREVIOUSLY b'36602'
ACTION SNIPPET 10000 8348 SEEN_PREVIOUSLY b'39916'
ACTION SNIPPET 10000 8351 SEEN_PREVIOUSLY b'53718'
ACTION QUERY 10000 8361 automobile recalls reported
ACTION SERP 10000 8366 EXAMINE_SERP
ACTION SNIPPET 10000 8369 SEEN_PREVIOUSLY b'343414'
ACTION SNIPPET 10000 8372 SEEN_PREVIOUSLY b'1712460'
ACTION SNIPPET 10000 8375 SEEN_PREVIOUSLY b'120022'
ACTION SNIPPET 10000 8378 SEEN_PREVIOUSLY b'49918'
ACTION SNIPPET 10000 8381 SEEN_PREVIOUSLY b'232575'
ACTION SNIPPET 10000 8384 SEEN_PREVIOUSLY b'102784'
ACTION SNIPPET 10000 8387 SEEN_PREVIOUSLY b'417392'
ACTION SNIPPET 10000 8390 SEEN_PREVIOUSLY b'1235752'
ACTION SNIPPET 10000 8393 SEEN_PREVIOUSLY b'1226017'
ACTION SNIPPET 10000 8396 SEEN_PREVIOUSLY b'40158'
ACTION QUERY 10000 8406 automobile recalls biggest
ACTION SERP 10000 8411 EXAMINE_SERP
ACTION SNIPPET 10000 8414 SEEN_PREVIOUSLY b'403051'
ACTION SNIPPET 10000 8417 SEEN_PREVIOUSLY b'49918'
ACTION SNIPPET 10000 8420 SEEN_PREVIOUSLY b'102784'
ACTION SNIPPET 10000 8423 SEEN_PREVIOUSLY b'343414'
ACTION SNIPPET 10000 8426 SEEN_PREVIOUSLY b'40158'
ACTION SNIPPET 10000 8429 SEEN_PREVIOUSLY b'96858'
ACTION SNIPPET 10000 8432 SNIPPET_RELEVANT b'140124'
ACTION DOC 10000 8452 EXAMINING_DOCUMENT b'140124'
ACTION SNIPPET 10000 8455 SEEN_PREVIOUSLY b'1780591'
ACTION SNIPPET 10000 8458 SEEN_PREVIOUSLY b'337102'
ACTION SNIPPET 10000 8461 SEEN_PREVIOUSLY b'36602'
ACTION QUERY 10000 8471 automobile recalls affected
ACTION SERP 10000 8476 EXAMINE_SERP
ACTION SNIPPET 10000 8479 SEEN_PREVIOUSLY b'343414'
ACTION SNIPPET 10000 8482 SEEN_PREVIOUSLY b'102784'
ACTION SNIPPET 10000 8485 SEEN_PREVIOUSLY b'96858'
ACTION SNIPPET 10000 8488 SEEN_PREVIOUSLY b'232575'
ACTION SNIPPET 10000 8491 SEEN_PREVIOUSLY b'1232132'
ACTION SNIPPET 10000 8494 SEEN_PREVIOUSLY b'1712460'
ACTION SNIPPET 10000 8497 SEEN_PREVIOUSLY b'403051'
ACTION SNIPPET 10000 8500 SEEN_PREVIOUSLY b'120022'
ACTION SNIPPET 10000 8503 SEEN_PREVIOUSLY b'482640'
ACTION SNIPPET 10000 8506 SEEN_PREVIOUSLY b'49918'
ACTION QUERY 10000 8516 automobile recalls dummies
ACTION SERP 10000 8521 EXAMINE_SERP
ACTION SNIPPET 10000 8524 SNIPPET_NOT_RELEVANT b'866378'
ACTION SNIPPET 10000 8527 SNIPPET_RELEVANT b'663978'
ACTION DOC 10000 8547 EXAMINING_DOCUMENT b'663978'
ACTION SNIPPET 10000 8550 SNIPPET_NOT_RELEVANT b'1364002'
ACTION SNIPPET 10000 8553 SEEN_PREVIOUSLY b'1135065'
ACTION SNIPPET 10000 8556 SNIPPET_RELEVANT b'1211374'
ACTION DOC 10000 8576 EXAMINING_DOCUMENT b'1211374'
ACTION SNIPPET 10000 8579 SNIPPET_NOT_RELEVANT b'789316'
ACTION SNIPPET 10000 8582 SNIPPET_NOT_RELEVANT b'447994'
ACTION SNIPPET 10000 8585 SNIPPET_NOT_RELEVANT b'1150319'
ACTION SNIPPET 10000 8588 SNIPPET_NOT_RELEVANT b'1731783'
ACTION SNIPPET 10000 8591 SNIPPET_NOT_RELEVANT b'102515'
ACTION QUERY 10000 8601 automobile recalls automotive
ACTION SERP 10000 8606 EXAMINE_SERP
ACTION SNIPPET 10000 8609 SEEN_PREVIOUSLY b'760949'
ACTION SNIPPET 10000 8612 SNIPPET_RELEVANT b'289568'
ACTION DOC 10000 8632 EXAMINING_DOCUMENT b'289568'
ACTION SNIPPET 10000 8635 SNIPPET_RELEVANT b'503459'
ACTION DOC 10000 8655 EXAMINING_DOCUMENT b'503459'
ACTION SNIPPET 10000 8658 SNIPPET_RELEVANT b'187787'
ACTION DOC 10000 8678 EXAMINING_DOCUMENT b'187787'
ACTION SNIPPET 10000 8681 SEEN_PREVIOUSLY b'1086427'
ACTION SNIPPET 10000 8684 SEEN_PREVIOUSLY b'1712460'
ACTION SNIPPET 10000 8687 SEEN_PREVIOUSLY b'668906'
ACTION SNIPPET 10000 8690 SNIPPET_RELEVANT b'278461'
ACTION DOC 10000 8710 EXAMINING_DOCUMENT b'278461'
ACTION SNIPPET 10000 8713 SNIPPET_RELEVANT b'103738'
ACTION DOC 10000 8733 EXAMINING_DOCUMENT b'103738'
ACTION SNIPPET 10000 8736 SNIPPET_NOT_RELEVANT b'123971'
ACTION QUERY 10000 8746 automobile recalls vandals
ACTION SERP 10000 8751 EXAMINE_SERP
ACTION SNIPPET 10000 8754 SNIPPET_RELEVANT b'338882'
ACTION DOC 10000 8774 EXAMINING_DOCUMENT b'338882'
ACTION SNIPPET 10000 8777 SNIPPET_RELEVANT b'54034'
ACTION DOC 10000 8797 EXAMINING_DOCUMENT b'54034'
ACTION SNIPPET 10000 8800 SNIPPET_NOT_RELEVANT b'872923'
ACTION SNIPPET 10000 8803 SNIPPET_NOT_RELEVANT b'1699606'
ACTION SNIPPET 10000 8806 SNIPPET_NOT_RELEVANT b'723417'
ACTION SNIPPET 10000 8809 SNIPPET_NOT_RELEVANT b'1221049'
ACTION SNIPPET 10000 8812 SNIPPET_RELEVANT b'225759'
ACTION DOC 10000 8832 EXAMINING_DOCUMENT b'225759'
ACTION SNIPPET 10000 8835 SNIPPET_NOT_RELEVANT b'747255'
ACTION SNIPPET 10000 8838 SNIPPET_RELEVANT b'218373'
ACTION DOC 10000 8858 EXAMINING_DOCUMENT b'218373'
ACTION SNIPPET 10000 8861 SNIPPET_RELEVANT b'783991'
ACTION DOC 10000 8881 EXAMINING_DOCUMENT b'783991'
ACTION QUERY 10000 8891 automobile recalls actions
ACTION SERP 10000 8896 EXAMINE_SERP
ACTION SNIPPET 10000 8899 SEEN_PREVIOUSLY b'120022'
ACTION SNIPPET 10000 8902 SEEN_PREVIOUSLY b'1227929'
ACTION SNIPPET 10000 8905 SEEN_PREVIOUSLY b'1226017'
ACTION SNIPPET 10000 8908 SEEN_PREVIOUSLY b'49918'
ACTION SNIPPET 10000 8911 SEEN_PREVIOUSLY b'102784'
ACTION SNIPPET 10000 8914 SEEN_PREVIOUSLY b'30337'
ACTION SNIPPET 10000 8917 SNIPPET_RELEVANT b'209343'
ACTION DOC 10000 8937 EXAMINING_DOCUMENT b'209343'
ACTION SNIPPET 10000 8940 SEEN_PREVIOUSLY b'343414'
ACTION SNIPPET 10000 8943 SEEN_PREVIOUSLY b'40158'
ACTION SNIPPET 10000 8946 SEEN_PREVIOUSLY b'96858'
ACTION QUERY 10000 8956 automobile recalls like
ACTION SERP 10000 8961 EXAMINE_SERP
ACTION SNIPPET 10000 8964 SEEN_PREVIOUSLY b'49918'
ACTION SNIPPET 10000 8967 SEEN_PREVIOUSLY b'102784'
ACTION SNIPPET 10000 8970 SEEN_PREVIOUSLY b'343414'
ACTION SNIPPET 10000 8973 SEEN_PREVIOUSLY b'40158'
ACTION SNIPPET 10000 8976 SEEN_PREVIOUSLY b'96858'
ACTION SNIPPET 10000 8979 SEEN_PREVIOUSLY b'36602'
ACTION SNIPPET 10000 8982 SEEN_PREVIOUSLY b'1227929'
ACTION SNIPPET 10000 8985 SEEN_PREVIOUSLY b'39916'
ACTION SNIPPET 10000 8988 SEEN_PREVIOUSLY b'1284634'
ACTION SNIPPET 10000 8991 SEEN_PREVIOUSLY b'1712460'
ACTION QUERY 10000 9001 automobile recalls 2015
ACTION SERP 10000 9006 EXAMINE_SERP
ACTION SNIPPET 10000 9009 SNIPPET_RELEVANT b'1734879'
ACTION DOC 10000 9029 EXAMINING_DOCUMENT b'1734879'
ACTION SNIPPET 10000 9032 SEEN_PREVIOUSLY b'49918'
ACTION SNIPPET 10000 9035 SEEN_PREVIOUSLY b'102784'
ACTION SNIPPET 10000 9038 SNIPPET_RELEVANT b'169372'
ACTION DOC 10000 9058 EXAMINING_DOCUMENT b'169372'
ACTION SNIPPET 10000 9061 SNIPPET_NOT_RELEVANT b'1825261'
ACTION SNIPPET 10000 9064 SEEN_PREVIOUSLY b'343414'
ACTION SNIPPET 10000 9067 SEEN_PREVIOUSLY b'40158'
ACTION SNIPPET 10000 9070 SEEN_PREVIOUSLY b'96858'
ACTION SNIPPET 10000 9073 SNIPPET_RELEVANT b'260655'
ACTION DOC 10000 9093 EXAMINING_DOCUMENT b'260655'
ACTION SNIPPET 10000 9096 SNIPPET_RELEVANT b'421313'
ACTION DOC 10000 9116 EXAMINING_DOCUMENT b'421313'
ACTION QUERY 10000 9126 automobile recalls defects
ACTION SERP 10000 9131 EXAMINE_SERP
ACTION SNIPPET 10000 9134 SEEN_PREVIOUSLY b'102784'
ACTION SNIPPET 10000 9137 SEEN_PREVIOUSLY b'403051'
ACTION SNIPPET 10000 9140 SEEN_PREVIOUSLY b'1284634'
ACTION SNIPPET 10000 9143 SEEN_PREVIOUSLY b'1227929'
ACTION SNIPPET 10000 9146 SEEN_PREVIOUSLY b'30337'
ACTION SNIPPET 10000 9149 SEEN_PREVIOUSLY b'482640'
ACTION SNIPPET 10000 9152 SEEN_PREVIOUSLY b'1235752'
ACTION SNIPPET 10000 9155 SEEN_PREVIOUSLY b'1438222'
ACTION SNIPPET 10000 9158 SEEN_PREVIOUSLY b'1712460'
ACTION SNIPPET 10000 9161 SEEN_PREVIOUSLY b'39916'
ACTION QUERY 10000 9171 automobile recalls paid
ACTION SERP 10000 9176 EXAMINE_SERP
ACTION SNIPPET 10000 9179 SEEN_PREVIOUSLY b'49918'
ACTION SNIPPET 10000 9182 SEEN_PREVIOUSLY b'119113'
ACTION SNIPPET 10000 9185 SEEN_PREVIOUSLY b'102784'
ACTION SNIPPET 10000 9188 SEEN_PREVIOUSLY b'343414'
ACTION SNIPPET 10000 9191 SEEN_PREVIOUSLY b'40158'
ACTION SNIPPET 10000 9194 SEEN_PREVIOUSLY b'96858'
ACTION SNIPPET 10000 9197 SEEN_PREVIOUSLY b'36602'
ACTION SNIPPET 10000 9200 SEEN_PREVIOUSLY b'39916'
ACTION SNIPPET 10000 9203 SEEN_PREVIOUSLY b'1284634'
ACTION SNIPPET 10000 9206 SEEN_PREVIOUSLY b'1712460'
ACTION QUERY 10000 9216 automobile recalls equipment
ACTION SERP 10000 9221 EXAMINE_SERP
ACTION SNIPPET 10000 9224 SEEN_PREVIOUSLY b'96858'
ACTION SNIPPET 10000 9227 SNIPPET_NOT_RELEVANT b'411673'
ACTION SNIPPET 10000 9230 SEEN_PREVIOUSLY b'120022'
ACTION SNIPPET 10000 9233 SEEN_PREVIOUSLY b'72897'
ACTION SNIPPET 10000 9236 SEEN_PREVIOUSLY b'288226'
ACTION SNIPPET 10000 9239 SEEN_PREVIOUSLY b'1232132'
ACTION SNIPPET 10000 9242 SNIPPET_NOT_RELEVANT b'324697'
ACTION SNIPPET 10000 9245 SNIPPET_NOT_RELEVANT b'176001'
ACTION SNIPPET 10000 9248 SEEN_PREVIOUSLY b'1135065'
ACTION SNIPPET 10000 9251 SEEN_PREVIOUSLY b'3584'
ACTION QUERY 10000 9261 automobile recalls emitted
ACTION SERP 10000 9266 EXAMINE_SERP
ACTION SNIPPET 10000 9269 SNIPPET_RELEVANT b'1722534'
ACTION DOC 10000 9289 EXAMINING_DOCUMENT b'1722534'
ACTION SNIPPET 10000 9292 SNIPPET_NOT_RELEVANT b'636949'
ACTION SNIPPET 10000 9295 SNIPPET_NOT_RELEVANT b'274435'
ACTION SNIPPET 10000 9298 SNIPPET_RELEVANT b'1632501'
ACTION DOC 10000 9318 EXAMINING_DOCUMENT b'1632501'
ACTION SNIPPET 10000 9321 SNIPPET_RELEVANT b'766565'
ACTION DOC 10000 9341 EXAMINING_DOCUMENT b'766565'
ACTION SNIPPET 10000 9344 SNIPPET_NOT_RELEVANT b'1711632'
ACTION SNIPPET 10000 9347 SNIPPET_RELEVANT b'238265'
ACTION DOC 10000 9367 EXAMINING_DOCUMENT b'238265'
ACTION SNIPPET 10000 9370 SNIPPET_NOT_RELEVANT b'1101301'
ACTION SNIPPET 10000 9373 SNIPPET_NOT_RELEVANT b'6458'
ACTION SNIPPET 10000 9376 SNIPPET_NOT_RELEVANT b'6458'
ACTION QUERY 10000 9386 automobile recalls happen
ACTION SERP 10000 9391 EXAMINE_SERP
ACTION SNIPPET 10000 9394 SNIPPET_NOT_RELEVANT b'1331336'
ACTION SNIPPET 10000 9397 SEEN_PREVIOUSLY b'49918'
ACTION SNIPPET 10000 9400 SEEN_PREVIOUSLY b'102784'
ACTION SNIPPET 10000 9403 SEEN_PREVIOUSLY b'343414'
ACTION SNIPPET 10000 9406 SEEN_PREVIOUSLY b'30337'
ACTION SNIPPET 10000 9409 SEEN_PREVIOUSLY b'40158'
ACTION SNIPPET 10000 9412 SEEN_PREVIOUSLY b'96858'
ACTION SNIPPET 10000 9415 SEEN_PREVIOUSLY b'36602'
ACTION SNIPPET 10000 9418 SEEN_PREVIOUSLY b'668906'
ACTION SNIPPET 10000 9421 SEEN_PREVIOUSLY b'39916'
ACTION QUERY 10000 9431 automobile recalls rover
ACTION SERP 10000 9436 EXAMINE_SERP
ACTION SNIPPET 10000 9439 SNIPPET_RELEVANT b'10538'
ACTION DOC 10000 9459 EXAMINING_DOCUMENT b'10538'
ACTION SNIPPET 10000 9462 SNIPPET_RELEVANT b'364666'
ACTION DOC 10000 9482 EXAMINING_DOCUMENT b'364666'
ACTION SNIPPET 10000 9485 SNIPPET_NOT_RELEVANT b'670247'
ACTION SNIPPET 10000 9488 SNIPPET_NOT_RELEVANT b'1184022'
ACTION SNIPPET 10000 9491 SNIPPET_NOT_RELEVANT b'1096744'
ACTION SNIPPET 10000 9494 SNIPPET_RELEVANT b'1202264'
ACTION DOC 10000 9514 EXAMINING_DOCUMENT b'1202264'
ACTION SNIPPET 10000 9517 SEEN_PREVIOUSLY b'122011'
ACTION SNIPPET 10000 9520 SNIPPET_NOT_RELEVANT b'645100'
ACTION SNIPPET 10000 9523 SNIPPET_RELEVANT b'1084521'
ACTION DOC 10000 9543 EXAMINING_DOCUMENT b'1084521'
ACTION SNIPPET 10000 9546 SNIPPET_RELEVANT b'344789'
ACTION DOC 10000 9566 EXAMINING_DOCUMENT b'344789'
ACTION QUERY 10000 9576 automobile recalls mechanisms
ACTION SERP 10000 9581 EXAMINE_SERP
ACTION SNIPPET 10000 9584 SNIPPET_NOT_RELEVANT b'1819639'
ACTION SNIPPET 10000 9587 SEEN_PREVIOUSLY b'403051'
ACTION SNIPPET 10000 9590 SNIPPET_RELEVANT b'175571'
ACTION DOC 10000 9610 EXAMINING_DOCUMENT b'175571'
ACTION SNIPPET 10000 9613 SNIPPET_RELEVANT b'1221526'
ACTION DOC 10000 9633 EXAMINING_DOCUMENT b'1221526'
ACTION SNIPPET 10000 9636 SEEN_PREVIOUSLY b'1712460'
ACTION SNIPPET 10000 9639 SNIPPET_NOT_RELEVANT b'1618620'
ACTION SNIPPET 10000 9642 SNIPPET_NOT_RELEVANT b'711899'
ACTION SNIPPET 10000 9645 SEEN_PREVIOUSLY b'668906'
ACTION SNIPPET 10000 9648 SNIPPET_NOT_RELEVANT b'117706'
ACTION SNIPPET 10000 9651 SNIPPET_NOT_RELEVANT b'629560'
ACTION QUERY 10000 9661 automobile recalls motor
ACTION SERP 10000 9666 EXAMINE_SERP
ACTION SNIPPET 10000 9669 SEEN_PREVIOUSLY b'102784'
ACTION SNIPPET 10000 9672 SEEN_PREVIOUSLY b'343414'
ACTION SNIPPET 10000 9675 SEEN_PREVIOUSLY b'96858'
ACTION SNIPPET 10000 9678 SEEN_PREVIOUSLY b'232575'
ACTION SNIPPET 10000 9681 SEEN_PREVIOUSLY b'39916'
ACTION SNIPPET 10000 9684 SEEN_PREVIOUSLY b'1235752'
ACTION SNIPPET 10000 9687 SEEN_PREVIOUSLY b'120022'
ACTION SNIPPET 10000 9690 SEEN_PREVIOUSLY b'1284634'
ACTION SNIPPET 10000 9693 SEEN_PREVIOUSLY b'1226017'
ACTION SNIPPET 10000 9696 SEEN_PREVIOUSLY b'1712460'
ACTION QUERY 10000 9706 automobile recalls take
ACTION SERP 10000 9711 EXAMINE_SERP
ACTION SNIPPET 10000 9714 SEEN_PREVIOUSLY b'49918'
ACTION SNIPPET 10000 9717 SEEN_PREVIOUSLY b'1712460'
ACTION SNIPPET 10000 9720 SEEN_PREVIOUSLY b'102784'
ACTION SNIPPET 10000 9723 SEEN_PREVIOUSLY b'1227929'
ACTION SNIPPET 10000 9726 SEEN_PREVIOUSLY b'343414'
ACTION SNIPPET 10000 9729 SEEN_PREVIOUSLY b'40158'
ACTION SNIPPET 10000 9732 SEEN_PREVIOUSLY b'96858'
ACTION SNIPPET 10000 9735 SEEN_PREVIOUSLY b'36602'
ACTION SNIPPET 10000 9738 SEEN_PREVIOUSLY b'39916'
ACTION SNIPPET 10000 9741 SEEN_PREVIOUSLY b'1284634'
ACTION QUERY 10000 9751 automobile recalls called
ACTION SERP 10000 9756 EXAMINE_SERP
ACTION SNIPPET 10000 9759 SEEN_PREVIOUSLY b'36602'
ACTION SNIPPET 10000 9762 SEEN_PREVIOUSLY b'49918'
ACTION SNIPPET 10000 9765 SEEN_PREVIOUSLY b'102784'
ACTION SNIPPET 10000 9768 SEEN_PREVIOUSLY b'343414'
ACTION SNIPPET 10000 9771 SEEN_PREVIOUSLY b'40158'
ACTION SNIPPET 10000 9774 SEEN_PREVIOUSLY b'1574372'
ACTION SNIPPET 10000 9777 SEEN_PREVIOUSLY b'96858'
ACTION SNIPPET 10000 9780 SEEN_PREVIOUSLY b'1712460'
ACTION SNIPPET 10000 9783 SEEN_PREVIOUSLY b'232575'
ACTION SNIPPET 10000 9786 SEEN_PREVIOUSLY b'210111'
ACTION QUERY 10000 9796 automobile recalls recalled
ACTION SERP 10000 9801 EXAMINE_SERP
ACTION SNIPPET 10000 9804 SEEN_PREVIOUSLY b'49918'
ACTION SNIPPET 10000 9807 SEEN_PREVIOUSLY b'102784'
ACTION SNIPPET 10000 9810 SEEN_PREVIOUSLY b'343414'
ACTION SNIPPET 10000 9813 SEEN_PREVIOUSLY b'96858'
ACTION SNIPPET 10000 9816 SEEN_PREVIOUSLY b'40158'
ACTION SNIPPET 10000 9819 SEEN_PREVIOUSLY b'1712460'
ACTION SNIPPET 10000 9822 SEEN_PREVIOUSLY b'1284634'
ACTION SNIPPET 10000 9825 SEEN_PREVIOUSLY b'36602'
ACTION SNIPPET 10000 9828 SEEN_PREVIOUSLY b'39916'
ACTION SNIPPET 10000 9831 SEEN_PREVIOUSLY b'1574372'
ACTION QUERY 10000 9841 automobile recalls older
ACTION SERP 10000 9846 EXAMINE_SERP
ACTION SNIPPET 10000 9849 SEEN_PREVIOUSLY b'49918'
ACTION SNIPPET 10000 9852 SNIPPET_NOT_RELEVANT b'525786'
ACTION SNIPPET 10000 9855 SEEN_PREVIOUSLY b'102784'
ACTION SNIPPET 10000 9858 SEEN_PREVIOUSLY b'343414'
ACTION SNIPPET 10000 9861 SEEN_PREVIOUSLY b'40158'
ACTION SNIPPET 10000 9864 SNIPPET_NOT_RELEVANT b'448722'
ACTION SNIPPET 10000 9867 SEEN_PREVIOUSLY b'96858'
ACTION SNIPPET 10000 9870 SNIPPET_RELEVANT b'525705'
ACTION DOC 10000 9890 EXAMINING_DOCUMENT b'525705'
ACTION SNIPPET 10000 9893 SEEN_PREVIOUSLY b'36602'
ACTION SNIPPET 10000 9896 SEEN_PREVIOUSLY b'812515'
ACTION QUERY 10000 9906 automobile recalls crash
ACTION SERP 10000 9911 EXAMINE_SERP
ACTION SNIPPET 10000 9914 SEEN_PREVIOUSLY b'1227929'
ACTION SNIPPET 10000 9917 SEEN_PREVIOUSLY b'1135065'
ACTION SNIPPET 10000 9920 SNIPPET_NOT_RELEVANT b'68293'
ACTION SNIPPET 10000 9923 SNIPPET_RELEVANT b'33604'
ACTION DOC 10000 9943 EXAMINING_DOCUMENT b'33604'
ACTION SNIPPET 10000 9946 SNIPPET_NOT_RELEVANT b'129889'
ACTION SNIPPET 10000 9949 SNIPPET_NOT_RELEVANT b'129947'
ACTION SNIPPET 10000 9952 SNIPPET_NOT_RELEVANT b'753415'
ACTION SNIPPET 10000 9955 SNIPPET_NOT_RELEVANT b'184157'
ACTION SNIPPET 10000 9958 SNIPPET_NOT_RELEVANT b'304331'
ACTION SNIPPET 10000 9961 SNIPPET_RELEVANT b'1228804'
ACTION DOC 10000 9981 EXAMINING_DOCUMENT b'1228804'
ACTION QUERY 10000 9991 automobile recalls down
ACTION SERP 10000 9996 EXAMINE_SERP
ACTION SNIPPET 10000 9999 SEEN_PREVIOUSLY b'49918'
ACTION SNIPPET 10000 10002 SEEN_PREVIOUSLY b'102784'
INFO SUMMARY 
INFO TOTAL_QUERIES_ISSUED 121
INFO TOTAL_SNIPPETS_EXAMINED 1202
INFO TOTAL_DOCUMENTS_EXAMINED 225
INFO TOTAL_DOCUMENTS_MARKED_RELEVANT 27
INFO TOTAL_ATTRACTIVE_SERP_IMPRESSIONS 121
INFO TOTAL_UNATTRACTIVE_SERP_IMPRESSIONS 0
