ACTION QUERY 10000 10 art stolen forged
ACTION SERP 10000 15 EXAMINE_SERP
ACTION SNIPPET 10000 18 SNIPPET_RELEVANT b'1234832'
ACTION DOC 10000 38 EXAMINING_DOCUMENT b'1234832'
ACTION MARK 10000 41 CONSIDERED_RELEVANT b'1234832'
ACTION SNIPPET 10000 44 SNIPPET_RELEVANT b'858730'
ACTION DOC 10000 64 EXAMINING_DOCUMENT b'858730'
ACTION MARK 10000 67 CONSIDERED_RELEVANT b'858730'
ACTION SNIPPET 10000 70 SNIPPET_RELEVANT b'1606614'
ACTION DOC 10000 90 EXAMINING_DOCUMENT b'1606614'
ACTION MARK 10000 93 CONSIDERED_RELEVANT b'1606614'
ACTION SNIPPET 10000 96 SNIPPET_RELEVANT b'875458'
ACTION DOC 10000 116 EXAMINING_DOCUMENT b'875458'
ACTION SNIPPET 10000 119 SNIPPET_RELEVANT b'1470574'
ACTION DOC 10000 139 EXAMINING_DOCUMENT b'1470574'
ACTION MARK 10000 142 CONSIDERED_RELEVANT b'1470574'
ACTION SNIPPET 10000 145 SNIPPET_RELEVANT b'825133'
ACTION DOC 10000 165 EXAMINING_DOCUMENT b'825133'
ACTION SNIPPET 10000 168 SNIPPET_NOT_RELEVANT b'951825'
ACTION SNIPPET 10000 171 SNIPPET_RELEVANT b'154819'
ACTION DOC 10000 191 EXAMINING_DOCUMENT b'154819'
ACTION SNIPPET 10000 194 SNIPPET_RELEVANT b'1799658'
ACTION DOC 10000 214 EXAMINING_DOCUMENT b'1799658'
ACTION MARK 10000 217 CONSIDERED_RELEVANT b'1799658'
ACTION SNIPPET 10000 220 SNIPPET_RELEVANT b'1729989'
ACTION DOC 10000 240 EXAMINING_DOCUMENT b'1729989'
ACTION SNIPPET 10000 243 SNIPPET_RELEVANT b'1786486'
ACTION DOC 10000 263 EXAMINING_DOCUMENT b'1786486'
ACTION SNIPPET 10000 266 SNIPPET_RELEVANT b'1794609'
ACTION DOC 10000 286 EXAMINING_DOCUMENT b'1794609'
ACTION MARK 10000 289 CONSIDERED_RELEVANT b'1794609'
ACTION SNIPPET 10000 292 SNIPPET_NOT_RELEVANT b'1333216'
ACTION SNIPPET 10000 295 SNIPPET_RELEVANT b'1237592'
ACTION DOC 10000 315 EXAMINING_DOCUMENT b'1237592'
ACTION MARK 10000 318 CONSIDERED_RELEVANT b'1237592'
ACTION SNIPPET 10000 321 SNIPPET_NOT_RELEVANT b'1444189'
ACTION SNIPPET 10000 324 SNIPPET_RELEVANT b'945594'
ACTION DOC 10000 344 EXAMINING_DOCUMENT b'945594'
ACTION SNIPPET 10000 347 SNIPPET_RELEVANT b'1486881'
ACTION DOC 10000 367 EXAMINING_DOCUMENT b'1486881'
ACTION MARK 10000 370 CONSIDERED_RELEVANT b'1486881'
ACTION SNIPPET 10000 373 SNIPPET_NOT_RELEVANT b'155008'
ACTION SNIPPET 10000 376 SNIPPET_NOT_RELEVANT b'258400'
ACTION SNIPPET 10000 379 SNIPPET_RELEVANT b'300331'
ACTION DOC 10000 399 EXAMINING_DOCUMENT b'300331'
ACTION MARK 10000 402 CONSIDERED_RELEVANT b'300331'
ACTION SNIPPET 10000 405 SNIPPET_NOT_RELEVANT b'209888'
ACTION SNIPPET 10000 408 SNIPPET_NOT_RELEVANT b'853466'
ACTION SNIPPET 10000 411 SNIPPET_RELEVANT b'1478878'
ACTION DOC 10000 431 EXAMINING_DOCUMENT b'1478878'
ACTION MARK 10000 434 CONSIDERED_RELEVANT b'1478878'
ACTION SNIPPET 10000 437 SNIPPET_NOT_RELEVANT b'320345'
ACTION SNIPPET 10000 440 SNIPPET_RELEVANT b'1812335'
ACTION DOC 10000 460 EXAMINING_DOCUMENT b'1812335'
ACTION SNIPPET 10000 463 SNIPPET_RELEVANT b'810378'
ACTION DOC 10000 483 EXAMINING_DOCUMENT b'810378'
ACTION MARK 10000 486 CONSIDERED_RELEVANT b'810378'
ACTION SNIPPET 10000 489 SNIPPET_RELEVANT b'272433'
ACTION DOC 10000 509 EXAMINING_DOCUMENT b'272433'
ACTION SNIPPET 10000 512 SNIPPET_RELEVANT b'234518'
ACTION DOC 10000 532 EXAMINING_DOCUMENT b'234518'
ACTION MARK 10000 535 CONSIDERED_RELEVANT b'234518'
ACTION SNIPPET 10000 538 SNIPPET_RELEVANT b'1392968'
ACTION DOC 10000 558 EXAMINING_DOCUMENT b'1392968'
ACTION MARK 10000 561 CONSIDERED_RELEVANT b'1392968'
ACTION SNIPPET 10000 564 SNIPPET_NOT_RELEVANT b'865357'
ACTION SNIPPET 10000 567 SNIPPET_RELEVANT b'1070825'
ACTION DOC 10000 587 EXAMINING_DOCUMENT b'1070825'
ACTION MARK 10000 590 CONSIDERED_RELEVANT b'1070825'
ACTION SNIPPET 10000 593 SNIPPET_NOT_RELEVANT b'298549'
ACTION SNIPPET 10000 596 SNIPPET_RELEVANT b'689544'
ACTION DOC 10000 616 EXAMINING_DOCUMENT b'689544'
ACTION MARK 10000 619 CONSIDERED_RELEVANT b'689544'
ACTION SNIPPET 10000 622 SNIPPET_NOT_RELEVANT b'906950'
ACTION SNIPPET 10000 625 SNIPPET_RELEVANT b'1335298'
ACTION DOC 10000 645 EXAMINING_DOCUMENT b'1335298'
ACTION SNIPPET 10000 648 SNIPPET_RELEVANT b'288424'
ACTION DOC 10000 668 EXAMINING_DOCUMENT b'288424'
ACTION MARK 10000 671 CONSIDERED_RELEVANT b'288424'
ACTION SNIPPET 10000 674 SNIPPET_NOT_RELEVANT b'1579997'
ACTION SNIPPET 10000 677 SNIPPET_RELEVANT b'1173487'
ACTION DOC 10000 697 EXAMINING_DOCUMENT b'1173487'
ACTION MARK 10000 700 CONSIDERED_RELEVANT b'1173487'
ACTION SNIPPET 10000 703 SNIPPET_NOT_RELEVANT b'195585'
ACTION SNIPPET 10000 706 SNIPPET_RELEVANT b'881252'
ACTION DOC 10000 726 EXAMINING_DOCUMENT b'881252'
ACTION MARK 10000 729 CONSIDERED_RELEVANT b'881252'
ACTION SNIPPET 10000 732 SNIPPET_NOT_RELEVANT b'336960'
ACTION SNIPPET 10000 735 SNIPPET_NOT_RELEVANT b'1199775'
ACTION SNIPPET 10000 738 SNIPPET_RELEVANT b'1107945'
ACTION DOC 10000 758 EXAMINING_DOCUMENT b'1107945'
ACTION MARK 10000 761 CONSIDERED_RELEVANT b'1107945'
ACTION SNIPPET 10000 764 SNIPPET_RELEVANT b'484486'
ACTION DOC 10000 784 EXAMINING_DOCUMENT b'484486'
ACTION MARK 10000 787 CONSIDERED_RELEVANT b'484486'
ACTION SNIPPET 10000 790 SNIPPET_RELEVANT b'301580'
ACTION DOC 10000 810 EXAMINING_DOCUMENT b'301580'
ACTION MARK 10000 813 CONSIDERED_RELEVANT b'301580'
ACTION SNIPPET 10000 816 SNIPPET_NOT_RELEVANT b'423534'
ACTION SNIPPET 10000 819 SNIPPET_RELEVANT b'1132008'
ACTION DOC 10000 839 EXAMINING_DOCUMENT b'1132008'
ACTION MARK 10000 842 CONSIDERED_RELEVANT b'1132008'
ACTION SNIPPET 10000 845 SNIPPET_RELEVANT b'336413'
ACTION DOC 10000 865 EXAMINING_DOCUMENT b'336413'
ACTION MARK 10000 868 CONSIDERED_RELEVANT b'336413'
ACTION SNIPPET 10000 871 SNIPPET_RELEVANT b'1238584'
ACTION DOC 10000 891 EXAMINING_DOCUMENT b'1238584'
ACTION MARK 10000 894 CONSIDERED_RELEVANT b'1238584'
ACTION SNIPPET 10000 897 SNIPPET_NOT_RELEVANT b'449364'
ACTION SNIPPET 10000 900 SNIPPET_NOT_RELEVANT b'336128'
ACTION SNIPPET 10000 903 SNIPPET_RELEVANT b'398217'
ACTION DOC 10000 923 EXAMINING_DOCUMENT b'398217'
ACTION MARK 10000 926 CONSIDERED_RELEVANT b'398217'
ACTION SNIPPET 10000 929 SNIPPET_RELEVANT b'1209272'
ACTION DOC 10000 949 EXAMINING_DOCUMENT b'1209272'
ACTION MARK 10000 952 CONSIDERED_RELEVANT b'1209272'
ACTION SNIPPET 10000 955 SNIPPET_RELEVANT b'861489'
ACTION DOC 10000 975 EXAMINING_DOCUMENT b'861489'
ACTION SNIPPET 10000 978 SNIPPET_NOT_RELEVANT b'861644'
ACTION SNIPPET 10000 981 SNIPPET_RELEVANT b'336185'
ACTION DOC 10000 1001 EXAMINING_DOCUMENT b'336185'
ACTION MARK 10000 1004 CONSIDERED_RELEVANT b'336185'
ACTION SNIPPET 10000 1007 SNIPPET_NOT_RELEVANT b'950791'
ACTION SNIPPET 10000 1010 SNIPPET_RELEVANT b'1106730'
ACTION DOC 10000 1030 EXAMINING_DOCUMENT b'1106730'
ACTION MARK 10000 1033 CONSIDERED_RELEVANT b'1106730'
ACTION SNIPPET 10000 1036 SNIPPET_RELEVANT b'235021'
ACTION DOC 10000 1056 EXAMINING_DOCUMENT b'235021'
ACTION MARK 10000 1059 CONSIDERED_RELEVANT b'235021'
ACTION SNIPPET 10000 1062 SNIPPET_RELEVANT b'230420'
ACTION DOC 10000 1082 EXAMINING_DOCUMENT b'230420'
ACTION MARK 10000 1085 CONSIDERED_RELEVANT b'230420'
ACTION SNIPPET 10000 1088 SNIPPET_NOT_RELEVANT b'118667'
ACTION SNIPPET 10000 1091 SNIPPET_RELEVANT b'104050'
ACTION DOC 10000 1111 EXAMINING_DOCUMENT b'104050'
ACTION MARK 10000 1114 CONSIDERED_RELEVANT b'104050'
ACTION SNIPPET 10000 1117 SNIPPET_NOT_RELEVANT b'224754'
ACTION SNIPPET 10000 1120 SNIPPET_RELEVANT b'858415'
ACTION DOC 10000 1140 EXAMINING_DOCUMENT b'858415'
ACTION SNIPPET 10000 1143 SNIPPET_RELEVANT b'47206'
ACTION DOC 10000 1163 EXAMINING_DOCUMENT b'47206'
ACTION MARK 10000 1166 CONSIDERED_RELEVANT b'47206'
ACTION SNIPPET 10000 1169 SNIPPET_NOT_RELEVANT b'48285'
ACTION SNIPPET 10000 1172 SNIPPET_RELEVANT b'1631328'
ACTION DOC 10000 1192 EXAMINING_DOCUMENT b'1631328'
ACTION MARK 10000 1195 CONSIDERED_RELEVANT b'1631328'
ACTION SNIPPET 10000 1198 SNIPPET_RELEVANT b'634919'
ACTION DOC 10000 1218 EXAMINING_DOCUMENT b'634919'
ACTION MARK 10000 1221 CONSIDERED_RELEVANT b'634919'
ACTION SNIPPET 10000 1224 SNIPPET_NOT_RELEVANT b'1509295'
ACTION SNIPPET 10000 1227 SNIPPET_NOT_RELEVANT b'1846637'
ACTION SNIPPET 10000 1230 SNIPPET_RELEVANT b'978186'
ACTION DOC 10000 1250 EXAMINING_DOCUMENT b'978186'
ACTION MARK 10000 1253 CONSIDERED_RELEVANT b'978186'
ACTION SNIPPET 10000 1256 SNIPPET_NOT_RELEVANT b'1213111'
ACTION SNIPPET 10000 1259 SNIPPET_RELEVANT b'442875'
ACTION DOC 10000 1279 EXAMINING_DOCUMENT b'442875'
ACTION MARK 10000 1282 CONSIDERED_RELEVANT b'442875'
ACTION SNIPPET 10000 1285 SNIPPET_RELEVANT b'818329'
ACTION DOC 10000 1305 EXAMINING_DOCUMENT b'818329'
ACTION SNIPPET 10000 1308 SNIPPET_RELEVANT b'408612'
ACTION DOC 10000 1328 EXAMINING_DOCUMENT b'408612'
ACTION SNIPPET 10000 1331 SNIPPET_RELEVANT b'1421567'
ACTION DOC 10000 1351 EXAMINING_DOCUMENT b'1421567'
ACTION QUERY 10000 1361 art stolen forged sainte
ACTION SERP 10000 1366 EXAMINE_SERP
ACTION SNIPPET 10000 1369 SNIPPET_RELEVANT b'170799'
ACTION DOC 10000 1389 EXAMINING_DOCUMENT b'170799'
ACTION SNIPPET 10000 1392 SEEN_PREVIOUSLY b'1234832'
ACTION SNIPPET 10000 1395 SEEN_PREVIOUSLY b'858730'
ACTION SNIPPET 10000 1398 SEEN_PREVIOUSLY b'1606614'
ACTION SNIPPET 10000 1401 SNIPPET_RELEVANT b'729009'
ACTION DOC 10000 1421 EXAMINING_DOCUMENT b'729009'
ACTION MARK 10000 1424 CONSIDERED_RELEVANT b'729009'
ACTION SNIPPET 10000 1427 SEEN_PREVIOUSLY b'875458'
ACTION SNIPPET 10000 1430 SNIPPET_RELEVANT b'122444'
ACTION DOC 10000 1450 EXAMINING_DOCUMENT b'122444'
ACTION SNIPPET 10000 1453 SEEN_PREVIOUSLY b'1470574'
ACTION SNIPPET 10000 1456 SNIPPET_NOT_RELEVANT b'1776420'
ACTION SNIPPET 10000 1459 SEEN_PREVIOUSLY b'825133'
ACTION SNIPPET 10000 1462 SNIPPET_RELEVANT b'951825'
ACTION DOC 10000 1482 EXAMINING_DOCUMENT b'951825'
ACTION QUERY 10000 1492 art stolen forged madonna
ACTION SERP 10000 1497 EXAMINE_SERP
ACTION SNIPPET 10000 1500 SEEN_PREVIOUSLY b'1606614'
ACTION SNIPPET 10000 1503 SNIPPET_RELEVANT b'1606107'
ACTION DOC 10000 1523 EXAMINING_DOCUMENT b'1606107'
ACTION MARK 10000 1526 CONSIDERED_RELEVANT b'1606107'
ACTION SNIPPET 10000 1529 SNIPPET_NOT_RELEVANT b'101690'
ACTION SNIPPET 10000 1532 SNIPPET_RELEVANT b'1606210'
ACTION DOC 10000 1552 EXAMINING_DOCUMENT b'1606210'
ACTION SNIPPET 10000 1555 SNIPPET_NOT_RELEVANT b'1606234'
ACTION SNIPPET 10000 1558 SNIPPET_RELEVANT b'1655364'
ACTION DOC 10000 1578 EXAMINING_DOCUMENT b'1655364'
ACTION MARK 10000 1581 CONSIDERED_RELEVANT b'1655364'
ACTION SNIPPET 10000 1584 SNIPPET_RELEVANT b'1681014'
ACTION DOC 10000 1604 EXAMINING_DOCUMENT b'1681014'
ACTION MARK 10000 1607 CONSIDERED_RELEVANT b'1681014'
ACTION SNIPPET 10000 1610 SNIPPET_RELEVANT b'1758861'
ACTION DOC 10000 1630 EXAMINING_DOCUMENT b'1758861'
ACTION MARK 10000 1633 CONSIDERED_RELEVANT b'1758861'
ACTION SNIPPET 10000 1636 SNIPPET_RELEVANT b'1625794'
ACTION DOC 10000 1656 EXAMINING_DOCUMENT b'1625794'
ACTION MARK 10000 1659 CONSIDERED_RELEVANT b'1625794'
ACTION SNIPPET 10000 1662 SEEN_PREVIOUSLY b'1234832'
ACTION SNIPPET 10000 1665 SNIPPET_RELEVANT b'457816'
ACTION DOC 10000 1685 EXAMINING_DOCUMENT b'457816'
ACTION MARK 10000 1688 CONSIDERED_RELEVANT b'457816'
ACTION SNIPPET 10000 1691 SEEN_PREVIOUSLY b'858730'
ACTION SNIPPET 10000 1694 SNIPPET_RELEVANT b'1792799'
ACTION DOC 10000 1714 EXAMINING_DOCUMENT b'1792799'
ACTION MARK 10000 1717 CONSIDERED_RELEVANT b'1792799'
ACTION SNIPPET 10000 1720 SNIPPET_NOT_RELEVANT b'526275'
ACTION SNIPPET 10000 1723 SNIPPET_RELEVANT b'1786734'
ACTION DOC 10000 1743 EXAMINING_DOCUMENT b'1786734'
ACTION MARK 10000 1746 CONSIDERED_RELEVANT b'1786734'
ACTION SNIPPET 10000 1749 SNIPPET_NOT_RELEVANT b'1515190'
ACTION SNIPPET 10000 1752 SEEN_PREVIOUSLY b'875458'
ACTION SNIPPET 10000 1755 SNIPPET_RELEVANT b'1480509'
ACTION DOC 10000 1775 EXAMINING_DOCUMENT b'1480509'
ACTION SNIPPET 10000 1778 SNIPPET_RELEVANT b'1732738'
ACTION DOC 10000 1798 EXAMINING_DOCUMENT b'1732738'
ACTION MARK 10000 1801 CONSIDERED_RELEVANT b'1732738'
ACTION SNIPPET 10000 1804 SEEN_PREVIOUSLY b'1470574'
ACTION SNIPPET 10000 1807 SNIPPET_RELEVANT b'1346536'
ACTION DOC 10000 1827 EXAMINING_DOCUMENT b'1346536'
ACTION MARK 10000 1830 CONSIDERED_RELEVANT b'1346536'
ACTION SNIPPET 10000 1833 SEEN_PREVIOUSLY b'825133'
ACTION SNIPPET 10000 1836 SEEN_PREVIOUSLY b'951825'
ACTION SNIPPET 10000 1839 SNIPPET_RELEVANT b'1738971'
ACTION DOC 10000 1859 EXAMINING_DOCUMENT b'1738971'
ACTION MARK 10000 1862 CONSIDERED_RELEVANT b'1738971'
ACTION SNIPPET 10000 1865 SNIPPET_RELEVANT b'1848106'
ACTION DOC 10000 1885 EXAMINING_DOCUMENT b'1848106'
ACTION MARK 10000 1888 CONSIDERED_RELEVANT b'1848106'
ACTION SNIPPET 10000 1891 SEEN_PREVIOUSLY b'154819'
ACTION SNIPPET 10000 1894 SNIPPET_RELEVANT b'1691857'
ACTION DOC 10000 1914 EXAMINING_DOCUMENT b'1691857'
ACTION MARK 10000 1917 CONSIDERED_RELEVANT b'1691857'
ACTION SNIPPET 10000 1920 SNIPPET_RELEVANT b'1404558'
ACTION DOC 10000 1940 EXAMINING_DOCUMENT b'1404558'
ACTION MARK 10000 1943 CONSIDERED_RELEVANT b'1404558'
ACTION SNIPPET 10000 1946 SEEN_PREVIOUSLY b'1799658'
ACTION SNIPPET 10000 1949 SNIPPET_NOT_RELEVANT b'546422'
ACTION SNIPPET 10000 1952 SEEN_PREVIOUSLY b'1729989'
ACTION SNIPPET 10000 1955 SEEN_PREVIOUSLY b'1786486'
ACTION SNIPPET 10000 1958 SEEN_PREVIOUSLY b'1794609'
ACTION SNIPPET 10000 1961 SNIPPET_NOT_RELEVANT b'1333216'
ACTION SNIPPET 10000 1964 SEEN_PREVIOUSLY b'1237592'
ACTION SNIPPET 10000 1967 SNIPPET_NOT_RELEVANT b'140775'
ACTION SNIPPET 10000 1970 SNIPPET_RELEVANT b'1444189'
ACTION DOC 10000 1990 EXAMINING_DOCUMENT b'1444189'
ACTION SNIPPET 10000 1993 SNIPPET_NOT_RELEVANT b'1738768'
ACTION QUERY 10000 2003 art stolen forged mickels
ACTION SERP 10000 2008 EXAMINE_SERP
ACTION SNIPPET 10000 2011 SNIPPET_RELEVANT b'486105'
ACTION DOC 10000 2031 EXAMINING_DOCUMENT b'486105'
ACTION SNIPPET 10000 2034 SNIPPET_RELEVANT b'476978'
ACTION DOC 10000 2054 EXAMINING_DOCUMENT b'476978'
ACTION QUERY 10000 2064 art stolen forged scare
ACTION SERP 10000 2069 EXAMINE_SERP
ACTION SNIPPET 10000 2072 SEEN_PREVIOUSLY b'1234832'
ACTION SNIPPET 10000 2075 SEEN_PREVIOUSLY b'858730'
ACTION SNIPPET 10000 2078 SEEN_PREVIOUSLY b'1606614'
ACTION SNIPPET 10000 2081 SEEN_PREVIOUSLY b'875458'
ACTION SNIPPET 10000 2084 SEEN_PREVIOUSLY b'1470574'
ACTION SNIPPET 10000 2087 SEEN_PREVIOUSLY b'825133'
ACTION SNIPPET 10000 2090 SEEN_PREVIOUSLY b'951825'
ACTION SNIPPET 10000 2093 SEEN_PREVIOUSLY b'154819'
ACTION SNIPPET 10000 2096 SEEN_PREVIOUSLY b'1799658'
ACTION SNIPPET 10000 2099 SEEN_PREVIOUSLY b'336413'
ACTION SNIPPET 10000 2102 SEEN_PREVIOUSLY b'1729989'
ACTION SNIPPET 10000 2105 SEEN_PREVIOUSLY b'1786486'
ACTION SNIPPET 10000 2108 SEEN_PREVIOUSLY b'1794609'
ACTION SNIPPET 10000 2111 SNIPPET_NOT_RELEVANT b'1333216'
ACTION SNIPPET 10000 2114 SEEN_PREVIOUSLY b'1237592'
ACTION QUERY 10000 2124 art stolen forged writer
ACTION SERP 10000 2129 EXAMINE_SERP
ACTION SNIPPET 10000 2132 SEEN_PREVIOUSLY b'1234832'
ACTION SNIPPET 10000 2135 SEEN_PREVIOUSLY b'858730'
ACTION SNIPPET 10000 2138 SEEN_PREVIOUSLY b'1606614'
ACTION SNIPPET 10000 2141 SEEN_PREVIOUSLY b'875458'
ACTION SNIPPET 10000 2144 SNIPPET_NOT_RELEVANT b'865357'
ACTION SNIPPET 10000 2147 SEEN_PREVIOUSLY b'1470574'
ACTION SNIPPET 10000 2150 SEEN_PREVIOUSLY b'825133'
ACTION SNIPPET 10000 2153 SEEN_PREVIOUSLY b'951825'
ACTION SNIPPET 10000 2156 SNIPPET_NOT_RELEVANT b'1318769'
ACTION SNIPPET 10000 2159 SEEN_PREVIOUSLY b'154819'
ACTION SNIPPET 10000 2162 SNIPPET_NOT_RELEVANT b'1254842'
ACTION SNIPPET 10000 2165 SNIPPET_NOT_RELEVANT b'1228079'
ACTION SNIPPET 10000 2168 SNIPPET_NOT_RELEVANT b'1619680'
ACTION SNIPPET 10000 2171 SNIPPET_RELEVANT b'1429460'
ACTION DOC 10000 2191 EXAMINING_DOCUMENT b'1429460'
ACTION QUERY 10000 2201 art stolen forged objects
ACTION SERP 10000 2206 EXAMINE_SERP
ACTION SNIPPET 10000 2209 SEEN_PREVIOUSLY b'1606614'
ACTION SNIPPET 10000 2212 SEEN_PREVIOUSLY b'1486881'
ACTION SNIPPET 10000 2215 SEEN_PREVIOUSLY b'810378'
ACTION SNIPPET 10000 2218 SEEN_PREVIOUSLY b'1794609'
ACTION SNIPPET 10000 2221 SEEN_PREVIOUSLY b'1392968'
ACTION SNIPPET 10000 2224 SEEN_PREVIOUSLY b'301580'
ACTION SNIPPET 10000 2227 SEEN_PREVIOUSLY b'1234832'
ACTION SNIPPET 10000 2230 SEEN_PREVIOUSLY b'1106730'
ACTION SNIPPET 10000 2233 SEEN_PREVIOUSLY b'234518'
ACTION SNIPPET 10000 2236 SEEN_PREVIOUSLY b'858730'
ACTION SNIPPET 10000 2239 SNIPPET_NOT_RELEVANT b'864980'
ACTION SNIPPET 10000 2242 SNIPPET_RELEVANT b'1660866'
ACTION DOC 10000 2262 EXAMINING_DOCUMENT b'1660866'
ACTION MARK 10000 2265 CONSIDERED_RELEVANT b'1660866'
ACTION SNIPPET 10000 2268 SNIPPET_NOT_RELEVANT b'546803'
ACTION SNIPPET 10000 2271 SEEN_PREVIOUSLY b'235021'
ACTION SNIPPET 10000 2274 SNIPPET_RELEVANT b'1575409'
ACTION DOC 10000 2294 EXAMINING_DOCUMENT b'1575409'
ACTION SNIPPET 10000 2297 SNIPPET_NOT_RELEVANT b'1294519'
ACTION SNIPPET 10000 2300 SNIPPET_NOT_RELEVANT b'1699174'
ACTION SNIPPET 10000 2303 SEEN_PREVIOUSLY b'875458'
ACTION SNIPPET 10000 2306 SNIPPET_RELEVANT b'1363485'
ACTION DOC 10000 2326 EXAMINING_DOCUMENT b'1363485'
ACTION QUERY 10000 2336 art stolen forged oscars
ACTION SERP 10000 2341 EXAMINE_SERP
ACTION SNIPPET 10000 2344 SEEN_PREVIOUSLY b'1234832'
ACTION SNIPPET 10000 2347 SNIPPET_NOT_RELEVANT b'896333'
ACTION SNIPPET 10000 2350 SEEN_PREVIOUSLY b'858730'
ACTION SNIPPET 10000 2353 SEEN_PREVIOUSLY b'1606614'
ACTION SNIPPET 10000 2356 SNIPPET_RELEVANT b'1184723'
ACTION DOC 10000 2376 EXAMINING_DOCUMENT b'1184723'
ACTION SNIPPET 10000 2379 SEEN_PREVIOUSLY b'875458'
ACTION SNIPPET 10000 2382 SNIPPET_RELEVANT b'1644852'
ACTION DOC 10000 2402 EXAMINING_DOCUMENT b'1644852'
ACTION QUERY 10000 2412 art stolen forged who
ACTION SERP 10000 2417 EXAMINE_SERP
ACTION SNIPPET 10000 2420 SEEN_PREVIOUSLY b'1234832'
ACTION SNIPPET 10000 2423 SEEN_PREVIOUSLY b'858730'
ACTION SNIPPET 10000 2426 SEEN_PREVIOUSLY b'1606614'
ACTION SNIPPET 10000 2429 SEEN_PREVIOUSLY b'875458'
ACTION SNIPPET 10000 2432 SEEN_PREVIOUSLY b'825133'
ACTION SNIPPET 10000 2435 SEEN_PREVIOUSLY b'951825'
ACTION SNIPPET 10000 2438 SEEN_PREVIOUSLY b'1470574'
ACTION SNIPPET 10000 2441 SEEN_PREVIOUSLY b'154819'
ACTION SNIPPET 10000 2444 SEEN_PREVIOUSLY b'1729989'
ACTION SNIPPET 10000 2447 SEEN_PREVIOUSLY b'1786486'
ACTION SNIPPET 10000 2450 SNIPPET_NOT_RELEVANT b'1333216'
ACTION SNIPPET 10000 2453 SEEN_PREVIOUSLY b'1444189'
ACTION SNIPPET 10000 2456 SEEN_PREVIOUSLY b'1799658'
ACTION SNIPPET 10000 2459 SEEN_PREVIOUSLY b'1237592'
ACTION SNIPPET 10000 2462 SEEN_PREVIOUSLY b'1794609'
ACTION QUERY 10000 2472 art stolen forged norway
ACTION SERP 10000 2477 EXAMINE_SERP
ACTION SNIPPET 10000 2480 SEEN_PREVIOUSLY b'1478878'
ACTION SNIPPET 10000 2483 SEEN_PREVIOUSLY b'1606210'
ACTION SNIPPET 10000 2486 SNIPPET_NOT_RELEVANT b'1606234'
ACTION SNIPPET 10000 2489 SNIPPET_RELEVANT b'1686029'
ACTION DOC 10000 2509 EXAMINING_DOCUMENT b'1686029'
ACTION SNIPPET 10000 2512 SEEN_PREVIOUSLY b'1234832'
ACTION SNIPPET 10000 2515 SNIPPET_RELEVANT b'1318769'
ACTION DOC 10000 2535 EXAMINING_DOCUMENT b'1318769'
ACTION MARK 10000 2538 CONSIDERED_RELEVANT b'1318769'
ACTION SNIPPET 10000 2541 SEEN_PREVIOUSLY b'858730'
ACTION SNIPPET 10000 2544 SEEN_PREVIOUSLY b'1606614'
ACTION SNIPPET 10000 2547 SEEN_PREVIOUSLY b'1691857'
ACTION SNIPPET 10000 2550 SEEN_PREVIOUSLY b'1758861'
ACTION SNIPPET 10000 2553 SNIPPET_RELEVANT b'1683941'
ACTION DOC 10000 2573 EXAMINING_DOCUMENT b'1683941'
ACTION SNIPPET 10000 2576 SEEN_PREVIOUSLY b'1786734'
ACTION SNIPPET 10000 2579 SEEN_PREVIOUSLY b'810378'
ACTION SNIPPET 10000 2582 SEEN_PREVIOUSLY b'875458'
ACTION SNIPPET 10000 2585 SNIPPET_RELEVANT b'691493'
ACTION DOC 10000 2605 EXAMINING_DOCUMENT b'691493'
ACTION MARK 10000 2608 CONSIDERED_RELEVANT b'691493'
ACTION SNIPPET 10000 2611 SNIPPET_RELEVANT b'669339'
ACTION DOC 10000 2631 EXAMINING_DOCUMENT b'669339'
ACTION SNIPPET 10000 2634 SEEN_PREVIOUSLY b'1470574'
ACTION SNIPPET 10000 2637 SNIPPET_RELEVANT b'1787384'
ACTION DOC 10000 2657 EXAMINING_DOCUMENT b'1787384'
ACTION MARK 10000 2660 CONSIDERED_RELEVANT b'1787384'
ACTION SNIPPET 10000 2663 SEEN_PREVIOUSLY b'825133'
ACTION SNIPPET 10000 2666 SEEN_PREVIOUSLY b'951825'
ACTION SNIPPET 10000 2669 SEEN_PREVIOUSLY b'154819'
ACTION SNIPPET 10000 2672 SNIPPET_RELEVANT b'688696'
ACTION DOC 10000 2692 EXAMINING_DOCUMENT b'688696'
ACTION SNIPPET 10000 2695 SEEN_PREVIOUSLY b'1812335'
ACTION SNIPPET 10000 2698 SNIPPET_RELEVANT b'904987'
ACTION DOC 10000 2718 EXAMINING_DOCUMENT b'904987'
ACTION QUERY 10000 2728 art stolen forged jeffs
ACTION SERP 10000 2733 EXAMINE_SERP
ACTION SNIPPET 10000 2736 SEEN_PREVIOUSLY b'1234832'
ACTION SNIPPET 10000 2739 SEEN_PREVIOUSLY b'858730'
ACTION SNIPPET 10000 2742 SEEN_PREVIOUSLY b'1606614'
ACTION SNIPPET 10000 2745 SEEN_PREVIOUSLY b'875458'
ACTION SNIPPET 10000 2748 SEEN_PREVIOUSLY b'1470574'
ACTION SNIPPET 10000 2751 SEEN_PREVIOUSLY b'825133'
ACTION SNIPPET 10000 2754 SEEN_PREVIOUSLY b'951825'
ACTION SNIPPET 10000 2757 SEEN_PREVIOUSLY b'154819'
ACTION SNIPPET 10000 2760 SEEN_PREVIOUSLY b'1799658'
ACTION SNIPPET 10000 2763 SEEN_PREVIOUSLY b'1729989'
ACTION SNIPPET 10000 2766 SEEN_PREVIOUSLY b'1786486'
ACTION SNIPPET 10000 2769 SEEN_PREVIOUSLY b'1787384'
ACTION SNIPPET 10000 2772 SEEN_PREVIOUSLY b'1794609'
ACTION SNIPPET 10000 2775 SNIPPET_NOT_RELEVANT b'1333216'
ACTION SNIPPET 10000 2778 SEEN_PREVIOUSLY b'1237592'
ACTION QUERY 10000 2788 art stolen forged bobrick
ACTION SERP 10000 2793 EXAMINE_SERP
ACTION SNIPPET 10000 2796 SEEN_PREVIOUSLY b'1209272'
ACTION SNIPPET 10000 2799 SNIPPET_RELEVANT b'195099'
ACTION DOC 10000 2819 EXAMINING_DOCUMENT b'195099'
ACTION SNIPPET 10000 2822 SNIPPET_RELEVANT b'941743'
ACTION DOC 10000 2842 EXAMINING_DOCUMENT b'941743'
ACTION QUERY 10000 2852 art stolen forged donald
ACTION SERP 10000 2857 EXAMINE_SERP
ACTION SNIPPET 10000 2860 SEEN_PREVIOUSLY b'1234832'
ACTION SNIPPET 10000 2863 SEEN_PREVIOUSLY b'858730'
ACTION SNIPPET 10000 2866 SEEN_PREVIOUSLY b'1132008'
ACTION SNIPPET 10000 2869 SEEN_PREVIOUSLY b'1606614'
ACTION SNIPPET 10000 2872 SEEN_PREVIOUSLY b'875458'
ACTION SNIPPET 10000 2875 SEEN_PREVIOUSLY b'1470574'
ACTION SNIPPET 10000 2878 SEEN_PREVIOUSLY b'825133'
ACTION SNIPPET 10000 2881 SEEN_PREVIOUSLY b'951825'
ACTION SNIPPET 10000 2884 SNIPPET_RELEVANT b'174528'
ACTION DOC 10000 2904 EXAMINING_DOCUMENT b'174528'
ACTION QUERY 10000 2914 art stolen forged american
ACTION SERP 10000 2919 EXAMINE_SERP
ACTION SNIPPET 10000 2922 SEEN_PREVIOUSLY b'858730'
ACTION SNIPPET 10000 2925 SEEN_PREVIOUSLY b'1234832'
ACTION SNIPPET 10000 2928 SEEN_PREVIOUSLY b'1606614'
ACTION SNIPPET 10000 2931 SEEN_PREVIOUSLY b'875458'
ACTION SNIPPET 10000 2934 SEEN_PREVIOUSLY b'1470574'
ACTION SNIPPET 10000 2937 SEEN_PREVIOUSLY b'825133'
ACTION SNIPPET 10000 2940 SEEN_PREVIOUSLY b'951825'
ACTION SNIPPET 10000 2943 SEEN_PREVIOUSLY b'154819'
ACTION SNIPPET 10000 2946 SEEN_PREVIOUSLY b'1486881'
ACTION SNIPPET 10000 2949 SEEN_PREVIOUSLY b'945594'
ACTION SNIPPET 10000 2952 SEEN_PREVIOUSLY b'1799658'
ACTION SNIPPET 10000 2955 SEEN_PREVIOUSLY b'1729989'
ACTION SNIPPET 10000 2958 SEEN_PREVIOUSLY b'1786486'
ACTION SNIPPET 10000 2961 SEEN_PREVIOUSLY b'1794609'
ACTION SNIPPET 10000 2964 SEEN_PREVIOUSLY b'300331'
ACTION QUERY 10000 2974 art stolen forged custody
ACTION SERP 10000 2979 EXAMINE_SERP
ACTION SNIPPET 10000 2982 SEEN_PREVIOUSLY b'1234832'
ACTION SNIPPET 10000 2985 SEEN_PREVIOUSLY b'234518'
ACTION SNIPPET 10000 2988 SEEN_PREVIOUSLY b'881252'
ACTION SNIPPET 10000 2991 SNIPPET_NOT_RELEVANT b'371916'
ACTION SNIPPET 10000 2994 SNIPPET_RELEVANT b'656529'
ACTION DOC 10000 3014 EXAMINING_DOCUMENT b'656529'
ACTION MARK 10000 3017 CONSIDERED_RELEVANT b'656529'
ACTION SNIPPET 10000 3020 SEEN_PREVIOUSLY b'858730'
ACTION SNIPPET 10000 3023 SNIPPET_RELEVANT b'1579997'
ACTION DOC 10000 3043 EXAMINING_DOCUMENT b'1579997'
ACTION SNIPPET 10000 3046 SEEN_PREVIOUSLY b'1606614'
ACTION SNIPPET 10000 3049 SNIPPET_NOT_RELEVANT b'1441021'
ACTION SNIPPET 10000 3052 SEEN_PREVIOUSLY b'875458'
ACTION SNIPPET 10000 3055 SNIPPET_RELEVANT b'64274'
ACTION DOC 10000 3075 EXAMINING_DOCUMENT b'64274'
ACTION QUERY 10000 3085 art stolen forged oslo
ACTION SERP 10000 3090 EXAMINE_SERP
ACTION SNIPPET 10000 3093 SEEN_PREVIOUSLY b'1606614'
ACTION SNIPPET 10000 3096 SNIPPET_RELEVANT b'1606234'
ACTION DOC 10000 3116 EXAMINING_DOCUMENT b'1606234'
ACTION MARK 10000 3119 CONSIDERED_RELEVANT b'1606234'
ACTION SNIPPET 10000 3122 SEEN_PREVIOUSLY b'1606107'
ACTION SNIPPET 10000 3125 SNIPPET_RELEVANT b'1631981'
ACTION DOC 10000 3145 EXAMINING_DOCUMENT b'1631981'
ACTION MARK 10000 3148 CONSIDERED_RELEVANT b'1631981'
ACTION SNIPPET 10000 3151 SEEN_PREVIOUSLY b'1478878'
ACTION SNIPPET 10000 3154 SEEN_PREVIOUSLY b'1625794'
ACTION SNIPPET 10000 3157 SEEN_PREVIOUSLY b'1786734'
ACTION SNIPPET 10000 3160 SEEN_PREVIOUSLY b'1686029'
ACTION SNIPPET 10000 3163 SEEN_PREVIOUSLY b'1655364'
ACTION SNIPPET 10000 3166 SNIPPET_RELEVANT b'1607711'
ACTION DOC 10000 3186 EXAMINING_DOCUMENT b'1607711'
ACTION MARK 10000 3189 CONSIDERED_RELEVANT b'1607711'
ACTION SNIPPET 10000 3192 SEEN_PREVIOUSLY b'1681014'
ACTION SNIPPET 10000 3195 SEEN_PREVIOUSLY b'1318769'
ACTION SNIPPET 10000 3198 SNIPPET_RELEVANT b'823793'
ACTION DOC 10000 3218 EXAMINING_DOCUMENT b'823793'
ACTION MARK 10000 3221 CONSIDERED_RELEVANT b'823793'
ACTION SNIPPET 10000 3224 SNIPPET_NOT_RELEVANT b'823627'
ACTION SNIPPET 10000 3227 SEEN_PREVIOUSLY b'1758861'
ACTION SNIPPET 10000 3230 SEEN_PREVIOUSLY b'1234832'
ACTION SNIPPET 10000 3233 SNIPPET_NOT_RELEVANT b'1319497'
ACTION SNIPPET 10000 3236 SEEN_PREVIOUSLY b'1606210'
ACTION SNIPPET 10000 3239 SEEN_PREVIOUSLY b'858730'
ACTION SNIPPET 10000 3242 SEEN_PREVIOUSLY b'689544'
ACTION SNIPPET 10000 3245 SEEN_PREVIOUSLY b'691493'
ACTION SNIPPET 10000 3248 SNIPPET_RELEVANT b'1655850'
ACTION DOC 10000 3268 EXAMINING_DOCUMENT b'1655850'
ACTION MARK 10000 3271 CONSIDERED_RELEVANT b'1655850'
ACTION SNIPPET 10000 3274 SEEN_PREVIOUSLY b'1732738'
ACTION SNIPPET 10000 3277 SEEN_PREVIOUSLY b'1738971'
ACTION SNIPPET 10000 3280 SEEN_PREVIOUSLY b'875458'
ACTION SNIPPET 10000 3283 SNIPPET_RELEVANT b'1808466'
ACTION DOC 10000 3303 EXAMINING_DOCUMENT b'1808466'
ACTION MARK 10000 3306 CONSIDERED_RELEVANT b'1808466'
ACTION SNIPPET 10000 3309 SNIPPET_RELEVANT b'1842618'
ACTION DOC 10000 3329 EXAMINING_DOCUMENT b'1842618'
ACTION MARK 10000 3332 CONSIDERED_RELEVANT b'1842618'
ACTION SNIPPET 10000 3335 SNIPPET_NOT_RELEVANT b'1631978'
ACTION SNIPPET 10000 3338 SNIPPET_RELEVANT b'901818'
ACTION DOC 10000 3358 EXAMINING_DOCUMENT b'901818'
ACTION SNIPPET 10000 3361 SEEN_PREVIOUSLY b'1173487'
ACTION SNIPPET 10000 3364 SEEN_PREVIOUSLY b'1792799'
ACTION SNIPPET 10000 3367 SEEN_PREVIOUSLY b'1470574'
ACTION SNIPPET 10000 3370 SNIPPET_RELEVANT b'1424810'
ACTION DOC 10000 3390 EXAMINING_DOCUMENT b'1424810'
ACTION MARK 10000 3393 CONSIDERED_RELEVANT b'1424810'
ACTION SNIPPET 10000 3396 SEEN_PREVIOUSLY b'825133'
ACTION SNIPPET 10000 3399 SEEN_PREVIOUSLY b'951825'
ACTION SNIPPET 10000 3402 SNIPPET_RELEVANT b'1712833'
ACTION DOC 10000 3422 EXAMINING_DOCUMENT b'1712833'
ACTION SNIPPET 10000 3425 SEEN_PREVIOUSLY b'154819'
ACTION SNIPPET 10000 3428 SEEN_PREVIOUSLY b'1683941'
ACTION SNIPPET 10000 3431 SEEN_PREVIOUSLY b'1812335'
ACTION SNIPPET 10000 3434 SNIPPET_RELEVANT b'1738768'
ACTION DOC 10000 3454 EXAMINING_DOCUMENT b'1738768'
ACTION QUERY 10000 3464 art stolen forged loss
ACTION SERP 10000 3469 EXAMINE_SERP
ACTION SNIPPET 10000 3472 SEEN_PREVIOUSLY b'1470574'
ACTION SNIPPET 10000 3475 SEEN_PREVIOUSLY b'1606614'
ACTION SNIPPET 10000 3478 SEEN_PREVIOUSLY b'1234832'
ACTION SNIPPET 10000 3481 SEEN_PREVIOUSLY b'858730'
ACTION SNIPPET 10000 3484 SEEN_PREVIOUSLY b'1444189'
ACTION SNIPPET 10000 3487 SEEN_PREVIOUSLY b'1486881'
ACTION SNIPPET 10000 3490 SEEN_PREVIOUSLY b'875458'
ACTION SNIPPET 10000 3493 SEEN_PREVIOUSLY b'1237592'
ACTION SNIPPET 10000 3496 SEEN_PREVIOUSLY b'1392968'
ACTION SNIPPET 10000 3499 SEEN_PREVIOUSLY b'1794609'
ACTION SNIPPET 10000 3502 SEEN_PREVIOUSLY b'881252'
ACTION SNIPPET 10000 3505 SEEN_PREVIOUSLY b'1107945'
ACTION SNIPPET 10000 3508 SEEN_PREVIOUSLY b'825133'
ACTION SNIPPET 10000 3511 SEEN_PREVIOUSLY b'951825'
ACTION SNIPPET 10000 3514 SEEN_PREVIOUSLY b'154819'
ACTION QUERY 10000 3524 art stolen forged theft
ACTION SERP 10000 3529 EXAMINE_SERP
ACTION SNIPPET 10000 3532 SEEN_PREVIOUSLY b'1606614'
ACTION SNIPPET 10000 3535 SEEN_PREVIOUSLY b'951825'
ACTION SNIPPET 10000 3538 SEEN_PREVIOUSLY b'875458'
ACTION SNIPPET 10000 3541 SEEN_PREVIOUSLY b'1470574'
ACTION SNIPPET 10000 3544 SNIPPET_NOT_RELEVANT b'865357'
ACTION SNIPPET 10000 3547 SEEN_PREVIOUSLY b'154819'
ACTION SNIPPET 10000 3550 SEEN_PREVIOUSLY b'336413'
ACTION SNIPPET 10000 3553 SNIPPET_RELEVANT b'155008'
ACTION DOC 10000 3573 EXAMINING_DOCUMENT b'155008'
ACTION SNIPPET 10000 3576 SEEN_PREVIOUSLY b'1812335'
ACTION QUERY 10000 3586 art stolen forged artifacts
ACTION SERP 10000 3591 EXAMINE_SERP
ACTION SNIPPET 10000 3594 SEEN_PREVIOUSLY b'1486881'
ACTION SNIPPET 10000 3597 SEEN_PREVIOUSLY b'1799658'
ACTION SNIPPET 10000 3600 SEEN_PREVIOUSLY b'945594'
ACTION SNIPPET 10000 3603 SNIPPET_RELEVANT b'1367360'
ACTION DOC 10000 3623 EXAMINING_DOCUMENT b'1367360'
ACTION MARK 10000 3626 CONSIDERED_RELEVANT b'1367360'
ACTION SNIPPET 10000 3629 SNIPPET_RELEVANT b'1286419'
ACTION DOC 10000 3649 EXAMINING_DOCUMENT b'1286419'
ACTION MARK 10000 3652 CONSIDERED_RELEVANT b'1286419'
ACTION SNIPPET 10000 3655 SNIPPET_RELEVANT b'1082492'
ACTION DOC 10000 3675 EXAMINING_DOCUMENT b'1082492'
ACTION MARK 10000 3678 CONSIDERED_RELEVANT b'1082492'
ACTION SNIPPET 10000 3681 SEEN_PREVIOUSLY b'1660866'
ACTION SNIPPET 10000 3684 SNIPPET_RELEVANT b'863403'
ACTION DOC 10000 3704 EXAMINING_DOCUMENT b'863403'
ACTION MARK 10000 3707 CONSIDERED_RELEVANT b'863403'
ACTION SNIPPET 10000 3710 SNIPPET_RELEVANT b'1485253'
ACTION DOC 10000 3730 EXAMINING_DOCUMENT b'1485253'
ACTION MARK 10000 3733 CONSIDERED_RELEVANT b'1485253'
ACTION SNIPPET 10000 3736 SNIPPET_NOT_RELEVANT b'1699174'
ACTION SNIPPET 10000 3739 SEEN_PREVIOUSLY b'1209272'
ACTION SNIPPET 10000 3742 SNIPPET_RELEVANT b'1481847'
ACTION DOC 10000 3762 EXAMINING_DOCUMENT b'1481847'
ACTION SNIPPET 10000 3765 SNIPPET_NOT_RELEVANT b'1778582'
ACTION SNIPPET 10000 3768 SNIPPET_RELEVANT b'1294519'
ACTION DOC 10000 3788 EXAMINING_DOCUMENT b'1294519'
ACTION QUERY 10000 3798 art stolen forged sell
ACTION SERP 10000 3803 EXAMINE_SERP
ACTION SNIPPET 10000 3806 SEEN_PREVIOUSLY b'1234832'
ACTION SNIPPET 10000 3809 SEEN_PREVIOUSLY b'154819'
ACTION SNIPPET 10000 3812 SEEN_PREVIOUSLY b'858730'
ACTION SNIPPET 10000 3815 SEEN_PREVIOUSLY b'1237592'
ACTION SNIPPET 10000 3818 SEEN_PREVIOUSLY b'945594'
ACTION SNIPPET 10000 3821 SEEN_PREVIOUSLY b'1606614'
ACTION SNIPPET 10000 3824 SEEN_PREVIOUSLY b'155008'
ACTION SNIPPET 10000 3827 SEEN_PREVIOUSLY b'875458'
ACTION SNIPPET 10000 3830 SEEN_PREVIOUSLY b'818329'
ACTION SNIPPET 10000 3833 SNIPPET_RELEVANT b'68054'
ACTION DOC 10000 3853 EXAMINING_DOCUMENT b'68054'
ACTION MARK 10000 3856 CONSIDERED_RELEVANT b'68054'
ACTION SNIPPET 10000 3859 SEEN_PREVIOUSLY b'1470574'
ACTION SNIPPET 10000 3862 SEEN_PREVIOUSLY b'825133'
ACTION SNIPPET 10000 3865 SEEN_PREVIOUSLY b'230420'
ACTION SNIPPET 10000 3868 SEEN_PREVIOUSLY b'951825'
ACTION SNIPPET 10000 3871 SEEN_PREVIOUSLY b'104050'
ACTION SNIPPET 10000 3874 SEEN_PREVIOUSLY b'288424'
ACTION SNIPPET 10000 3877 SNIPPET_NOT_RELEVANT b'148137'
ACTION SNIPPET 10000 3880 SEEN_PREVIOUSLY b'272433'
ACTION SNIPPET 10000 3883 SEEN_PREVIOUSLY b'442875'
ACTION SNIPPET 10000 3886 SEEN_PREVIOUSLY b'1606210'
ACTION SNIPPET 10000 3889 SEEN_PREVIOUSLY b'1209272'
ACTION SNIPPET 10000 3892 SNIPPET_RELEVANT b'135267'
ACTION DOC 10000 3912 EXAMINING_DOCUMENT b'135267'
ACTION MARK 10000 3915 CONSIDERED_RELEVANT b'135267'
ACTION SNIPPET 10000 3918 SNIPPET_RELEVANT b'950791'
ACTION DOC 10000 3938 EXAMINING_DOCUMENT b'950791'
ACTION SNIPPET 10000 3941 SNIPPET_RELEVANT b'1829618'
ACTION DOC 10000 3961 EXAMINING_DOCUMENT b'1829618'
ACTION MARK 10000 3964 CONSIDERED_RELEVANT b'1829618'
ACTION SNIPPET 10000 3967 SEEN_PREVIOUSLY b'300331'
ACTION SNIPPET 10000 3970 SNIPPET_NOT_RELEVANT b'988244'
ACTION SNIPPET 10000 3973 SEEN_PREVIOUSLY b'1799658'
ACTION SNIPPET 10000 3976 SEEN_PREVIOUSLY b'1729989'
ACTION SNIPPET 10000 3979 SNIPPET_NOT_RELEVANT b'1699174'
ACTION SNIPPET 10000 3982 SEEN_PREVIOUSLY b'1786486'
ACTION SNIPPET 10000 3985 SNIPPET_RELEVANT b'1818259'
ACTION DOC 10000 4005 EXAMINING_DOCUMENT b'1818259'
ACTION MARK 10000 4008 CONSIDERED_RELEVANT b'1818259'
ACTION SNIPPET 10000 4011 SNIPPET_NOT_RELEVANT b'680011'
ACTION SNIPPET 10000 4014 SEEN_PREVIOUSLY b'1132008'
ACTION SNIPPET 10000 4017 SEEN_PREVIOUSLY b'1238584'
ACTION SNIPPET 10000 4020 SNIPPET_NOT_RELEVANT b'75790'
ACTION SNIPPET 10000 4023 SNIPPET_NOT_RELEVANT b'129851'
ACTION SNIPPET 10000 4026 SNIPPET_NOT_RELEVANT b'1246161'
ACTION SNIPPET 10000 4029 SNIPPET_NOT_RELEVANT b'617345'
ACTION SNIPPET 10000 4032 SNIPPET_RELEVANT b'386457'
ACTION DOC 10000 4052 EXAMINING_DOCUMENT b'386457'
ACTION MARK 10000 4055 CONSIDERED_RELEVANT b'386457'
ACTION SNIPPET 10000 4058 SNIPPET_NOT_RELEVANT b'516298'
ACTION SNIPPET 10000 4061 SEEN_PREVIOUSLY b'1794609'
ACTION SNIPPET 10000 4064 SNIPPET_NOT_RELEVANT b'1531236'
ACTION SNIPPET 10000 4067 SNIPPET_RELEVANT b'1030090'
ACTION DOC 10000 4087 EXAMINING_DOCUMENT b'1030090'
ACTION MARK 10000 4090 CONSIDERED_RELEVANT b'1030090'
ACTION SNIPPET 10000 4093 SNIPPET_RELEVANT b'1333216'
ACTION DOC 10000 4113 EXAMINING_DOCUMENT b'1333216'
ACTION SNIPPET 10000 4116 SEEN_PREVIOUSLY b'1294519'
ACTION SNIPPET 10000 4119 SEEN_PREVIOUSLY b'235021'
ACTION SNIPPET 10000 4122 SEEN_PREVIOUSLY b'810378'
ACTION SNIPPET 10000 4125 SEEN_PREVIOUSLY b'1444189'
ACTION SNIPPET 10000 4128 SEEN_PREVIOUSLY b'689544'
ACTION SNIPPET 10000 4131 SNIPPET_RELEVANT b'1486986'
ACTION DOC 10000 4151 EXAMINING_DOCUMENT b'1486986'
ACTION MARK 10000 4154 CONSIDERED_RELEVANT b'1486986'
ACTION SNIPPET 10000 4157 SEEN_PREVIOUSLY b'1392968'
ACTION SNIPPET 10000 4160 SNIPPET_RELEVANT b'1804747'
ACTION DOC 10000 4180 EXAMINING_DOCUMENT b'1804747'
ACTION MARK 10000 4183 CONSIDERED_RELEVANT b'1804747'
ACTION SNIPPET 10000 4186 SNIPPET_NOT_RELEVANT b'1108724'
ACTION SNIPPET 10000 4189 SNIPPET_RELEVANT b'134537'
ACTION DOC 10000 4209 EXAMINING_DOCUMENT b'134537'
ACTION SNIPPET 10000 4212 SNIPPET_NOT_RELEVANT b'956485'
ACTION SNIPPET 10000 4215 SEEN_PREVIOUSLY b'1606107'
ACTION SNIPPET 10000 4218 SEEN_PREVIOUSLY b'484486'
ACTION SNIPPET 10000 4221 SNIPPET_RELEVANT b'241224'
ACTION DOC 10000 4241 EXAMINING_DOCUMENT b'241224'
ACTION MARK 10000 4244 CONSIDERED_RELEVANT b'241224'
ACTION SNIPPET 10000 4247 SEEN_PREVIOUSLY b'1367360'
ACTION SNIPPET 10000 4250 SNIPPET_NOT_RELEVANT b'250905'
ACTION SNIPPET 10000 4253 SNIPPET_NOT_RELEVANT b'395384'
ACTION SNIPPET 10000 4256 SNIPPET_RELEVANT b'656260'
ACTION DOC 10000 4276 EXAMINING_DOCUMENT b'656260'
ACTION MARK 10000 4279 CONSIDERED_RELEVANT b'656260'
ACTION SNIPPET 10000 4282 SNIPPET_NOT_RELEVANT b'1440950'
ACTION SNIPPET 10000 4285 SNIPPET_NOT_RELEVANT b'698787'
ACTION SNIPPET 10000 4288 SNIPPET_RELEVANT b'406603'
ACTION DOC 10000 4308 EXAMINING_DOCUMENT b'406603'
ACTION MARK 10000 4311 CONSIDERED_RELEVANT b'406603'
ACTION SNIPPET 10000 4314 SNIPPET_RELEVANT b'150360'
ACTION DOC 10000 4334 EXAMINING_DOCUMENT b'150360'
ACTION MARK 10000 4337 CONSIDERED_RELEVANT b'150360'
ACTION SNIPPET 10000 4340 SEEN_PREVIOUSLY b'1346536'
ACTION SNIPPET 10000 4343 SEEN_PREVIOUSLY b'1486881'
ACTION SNIPPET 10000 4346 SNIPPET_NOT_RELEVANT b'258400'
ACTION SNIPPET 10000 4349 SNIPPET_RELEVANT b'820437'
ACTION DOC 10000 4369 EXAMINING_DOCUMENT b'820437'
ACTION MARK 10000 4372 CONSIDERED_RELEVANT b'820437'
ACTION SNIPPET 10000 4375 SEEN_PREVIOUSLY b'1173487'
ACTION SNIPPET 10000 4378 SNIPPET_NOT_RELEVANT b'239044'
ACTION SNIPPET 10000 4381 SNIPPET_RELEVANT b'265551'
ACTION DOC 10000 4401 EXAMINING_DOCUMENT b'265551'
ACTION SNIPPET 10000 4404 SNIPPET_NOT_RELEVANT b'1354128'
ACTION SNIPPET 10000 4407 SNIPPET_RELEVANT b'1310473'
ACTION DOC 10000 4427 EXAMINING_DOCUMENT b'1310473'
ACTION MARK 10000 4430 CONSIDERED_RELEVANT b'1310473'
ACTION SNIPPET 10000 4433 SNIPPET_NOT_RELEVANT b'1409060'
ACTION SNIPPET 10000 4436 SNIPPET_RELEVANT b'1809594'
ACTION DOC 10000 4456 EXAMINING_DOCUMENT b'1809594'
ACTION SNIPPET 10000 4459 SNIPPET_NOT_RELEVANT b'1538921'
ACTION SNIPPET 10000 4462 SNIPPET_RELEVANT b'363429'
ACTION DOC 10000 4482 EXAMINING_DOCUMENT b'363429'
ACTION MARK 10000 4485 CONSIDERED_RELEVANT b'363429'
ACTION SNIPPET 10000 4488 SEEN_PREVIOUSLY b'1363485'
ACTION SNIPPET 10000 4491 SNIPPET_NOT_RELEVANT b'560858'
ACTION SNIPPET 10000 4494 SNIPPET_NOT_RELEVANT b'1650332'
ACTION SNIPPET 10000 4497 SNIPPET_NOT_RELEVANT b'1227242'
ACTION SNIPPET 10000 4500 SNIPPET_NOT_RELEVANT b'550146'
ACTION SNIPPET 10000 4503 SNIPPET_RELEVANT b'414045'
ACTION DOC 10000 4523 EXAMINING_DOCUMENT b'414045'
ACTION MARK 10000 4526 CONSIDERED_RELEVANT b'414045'
ACTION SNIPPET 10000 4529 SNIPPET_NOT_RELEVANT b'1833911'
ACTION SNIPPET 10000 4532 SNIPPET_NOT_RELEVANT b'1116530'
ACTION SNIPPET 10000 4535 SNIPPET_NOT_RELEVANT b'209888'
ACTION SNIPPET 10000 4538 SEEN_PREVIOUSLY b'1106730'
ACTION SNIPPET 10000 4541 SNIPPET_NOT_RELEVANT b'659762'
ACTION SNIPPET 10000 4544 SNIPPET_NOT_RELEVANT b'361501'
ACTION SNIPPET 10000 4547 SNIPPET_NOT_RELEVANT b'740762'
ACTION SNIPPET 10000 4550 SNIPPET_NOT_RELEVANT b'853466'
ACTION SNIPPET 10000 4553 SEEN_PREVIOUSLY b'1478878'
ACTION SNIPPET 10000 4556 SNIPPET_NOT_RELEVANT b'966904'
ACTION SNIPPET 10000 4559 SNIPPET_RELEVANT b'1798421'
ACTION DOC 10000 4579 EXAMINING_DOCUMENT b'1798421'
ACTION MARK 10000 4582 CONSIDERED_RELEVANT b'1798421'
ACTION SNIPPET 10000 4585 SNIPPET_NOT_RELEVANT b'96773'
ACTION SNIPPET 10000 4588 SEEN_PREVIOUSLY b'1758861'
ACTION SNIPPET 10000 4591 SNIPPET_RELEVANT b'1006513'
ACTION DOC 10000 4611 EXAMINING_DOCUMENT b'1006513'
ACTION MARK 10000 4614 CONSIDERED_RELEVANT b'1006513'
ACTION SNIPPET 10000 4617 SNIPPET_RELEVANT b'1030474'
ACTION DOC 10000 4637 EXAMINING_DOCUMENT b'1030474'
ACTION MARK 10000 4640 CONSIDERED_RELEVANT b'1030474'
INFO SERP_END_REACHED 
ACTION QUERY 10000 4650 art stolen forged lincolns
ACTION SERP 10000 4655 EXAMINE_SERP
ACTION SNIPPET 10000 4658 SEEN_PREVIOUSLY b'135267'
ACTION SNIPPET 10000 4661 SEEN_PREVIOUSLY b'1234832'
ACTION SNIPPET 10000 4664 SEEN_PREVIOUSLY b'858730'
ACTION SNIPPET 10000 4667 SEEN_PREVIOUSLY b'1606614'
ACTION SNIPPET 10000 4670 SNIPPET_RELEVANT b'1844777'
ACTION DOC 10000 4690 EXAMINING_DOCUMENT b'1844777'
ACTION SNIPPET 10000 4693 SNIPPET_RELEVANT b'148137'
ACTION DOC 10000 4713 EXAMINING_DOCUMENT b'148137'
ACTION MARK 10000 4716 CONSIDERED_RELEVANT b'148137'
ACTION SNIPPET 10000 4719 SNIPPET_NOT_RELEVANT b'65962'
ACTION SNIPPET 10000 4722 SNIPPET_RELEVANT b'75790'
ACTION DOC 10000 4742 EXAMINING_DOCUMENT b'75790'
ACTION SNIPPET 10000 4745 SNIPPET_RELEVANT b'129851'
ACTION DOC 10000 4765 EXAMINING_DOCUMENT b'129851'
ACTION SNIPPET 10000 4768 SEEN_PREVIOUSLY b'875458'
ACTION QUERY 10000 4778 art stolen forged brokerage
ACTION SERP 10000 4783 EXAMINE_SERP
ACTION SNIPPET 10000 4786 SEEN_PREVIOUSLY b'1234832'
ACTION SNIPPET 10000 4789 SEEN_PREVIOUSLY b'1335298'
ACTION SNIPPET 10000 4792 SNIPPET_NOT_RELEVANT b'1279622'
ACTION SNIPPET 10000 4795 SEEN_PREVIOUSLY b'858730'
ACTION SNIPPET 10000 4798 SEEN_PREVIOUSLY b'1606614'
ACTION SNIPPET 10000 4801 SNIPPET_NOT_RELEVANT b'935550'
ACTION SNIPPET 10000 4804 SEEN_PREVIOUSLY b'875458'
ACTION SNIPPET 10000 4807 SNIPPET_NOT_RELEVANT b'890894'
ACTION SNIPPET 10000 4810 SEEN_PREVIOUSLY b'1470574'
ACTION SNIPPET 10000 4813 SEEN_PREVIOUSLY b'825133'
ACTION SNIPPET 10000 4816 SEEN_PREVIOUSLY b'951825'
ACTION SNIPPET 10000 4819 SEEN_PREVIOUSLY b'154819'
ACTION SNIPPET 10000 4822 SNIPPET_NOT_RELEVANT b'960252'
ACTION SNIPPET 10000 4825 SNIPPET_NOT_RELEVANT b'1047873'
ACTION SNIPPET 10000 4828 SEEN_PREVIOUSLY b'1799658'
ACTION QUERY 10000 4838 art stolen forged soldiers
ACTION SERP 10000 4843 EXAMINE_SERP
ACTION SNIPPET 10000 4846 SEEN_PREVIOUSLY b'1234832'
ACTION SNIPPET 10000 4849 SEEN_PREVIOUSLY b'858730'
ACTION SNIPPET 10000 4852 SEEN_PREVIOUSLY b'1606614'
ACTION SNIPPET 10000 4855 SNIPPET_NOT_RELEVANT b'369152'
ACTION SNIPPET 10000 4858 SEEN_PREVIOUSLY b'875458'
ACTION SNIPPET 10000 4861 SEEN_PREVIOUSLY b'414045'
ACTION SNIPPET 10000 4864 SEEN_PREVIOUSLY b'1470574'
ACTION SNIPPET 10000 4867 SNIPPET_NOT_RELEVANT b'1264034'
ACTION SNIPPET 10000 4870 SEEN_PREVIOUSLY b'825133'
ACTION SNIPPET 10000 4873 SEEN_PREVIOUSLY b'951825'
ACTION SNIPPET 10000 4876 SNIPPET_NOT_RELEVANT b'510666'
ACTION SNIPPET 10000 4879 SNIPPET_RELEVANT b'717194'
ACTION DOC 10000 4899 EXAMINING_DOCUMENT b'717194'
ACTION MARK 10000 4902 CONSIDERED_RELEVANT b'717194'
ACTION SNIPPET 10000 4905 SEEN_PREVIOUSLY b'154819'
ACTION SNIPPET 10000 4908 SNIPPET_NOT_RELEVANT b'362428'
ACTION SNIPPET 10000 4911 SEEN_PREVIOUSLY b'858415'
ACTION SNIPPET 10000 4914 SNIPPET_RELEVANT b'1592402'
ACTION DOC 10000 4934 EXAMINING_DOCUMENT b'1592402'
ACTION SNIPPET 10000 4937 SEEN_PREVIOUSLY b'1799658'
ACTION SNIPPET 10000 4940 SEEN_PREVIOUSLY b'1729989'
ACTION SNIPPET 10000 4943 SEEN_PREVIOUSLY b'300331'
ACTION SNIPPET 10000 4946 SEEN_PREVIOUSLY b'1786486'
ACTION SNIPPET 10000 4949 SNIPPET_NOT_RELEVANT b'361501'
ACTION SNIPPET 10000 4952 SEEN_PREVIOUSLY b'1794609'
ACTION QUERY 10000 4962 art stolen forged authorities
ACTION SERP 10000 4967 EXAMINE_SERP
ACTION SNIPPET 10000 4970 SEEN_PREVIOUSLY b'858730'
ACTION SNIPPET 10000 4973 SEEN_PREVIOUSLY b'1234832'
ACTION SNIPPET 10000 4976 SEEN_PREVIOUSLY b'1606614'
ACTION SNIPPET 10000 4979 SEEN_PREVIOUSLY b'1237592'
ACTION SNIPPET 10000 4982 SEEN_PREVIOUSLY b'875458'
ACTION SNIPPET 10000 4985 SNIPPET_NOT_RELEVANT b'258400'
ACTION SNIPPET 10000 4988 SEEN_PREVIOUSLY b'1794609'
ACTION SNIPPET 10000 4991 SEEN_PREVIOUSLY b'1470574'
ACTION SNIPPET 10000 4994 SEEN_PREVIOUSLY b'1238584'
ACTION SNIPPET 10000 4997 SEEN_PREVIOUSLY b'825133'
ACTION SNIPPET 10000 5000 SEEN_PREVIOUSLY b'951825'
ACTION SNIPPET 10000 5003 SEEN_PREVIOUSLY b'978186'
ACTION SNIPPET 10000 5006 SEEN_PREVIOUSLY b'47206'
ACTION SNIPPET 10000 5009 SEEN_PREVIOUSLY b'154819'
ACTION SNIPPET 10000 5012 SEEN_PREVIOUSLY b'235021'
ACTION QUERY 10000 5022 art stolen forged searching
ACTION SERP 10000 5027 EXAMINE_SERP
ACTION SNIPPET 10000 5030 SEEN_PREVIOUSLY b'1606614'
ACTION SNIPPET 10000 5033 SEEN_PREVIOUSLY b'825133'
ACTION SNIPPET 10000 5036 SEEN_PREVIOUSLY b'1786486'
ACTION SNIPPET 10000 5039 SEEN_PREVIOUSLY b'1470574'
ACTION SNIPPET 10000 5042 SEEN_PREVIOUSLY b'1234832'
ACTION SNIPPET 10000 5045 SNIPPET_RELEVANT b'865357'
ACTION DOC 10000 5065 EXAMINING_DOCUMENT b'865357'
ACTION SNIPPET 10000 5068 SEEN_PREVIOUSLY b'858730'
ACTION SNIPPET 10000 5071 SEEN_PREVIOUSLY b'875458'
ACTION SNIPPET 10000 5074 SEEN_PREVIOUSLY b'75790'
ACTION QUERY 10000 5084 art stolen forged schultz
ACTION SERP 10000 5089 EXAMINE_SERP
ACTION SNIPPET 10000 5092 SNIPPET_RELEVANT b'1310047'
ACTION DOC 10000 5112 EXAMINING_DOCUMENT b'1310047'
ACTION MARK 10000 5115 CONSIDERED_RELEVANT b'1310047'
ACTION SNIPPET 10000 5118 SEEN_PREVIOUSLY b'1367360'
ACTION SNIPPET 10000 5121 SEEN_PREVIOUSLY b'1363485'
ACTION SNIPPET 10000 5124 SNIPPET_NOT_RELEVANT b'1399857'
ACTION SNIPPET 10000 5127 SNIPPET_NOT_RELEVANT b'1487126'
ACTION SNIPPET 10000 5130 SEEN_PREVIOUSLY b'1234832'
ACTION SNIPPET 10000 5133 SNIPPET_RELEVANT b'1363813'
ACTION DOC 10000 5153 EXAMINING_DOCUMENT b'1363813'
ACTION SNIPPET 10000 5156 SEEN_PREVIOUSLY b'858730'
ACTION SNIPPET 10000 5159 SEEN_PREVIOUSLY b'1606614'
ACTION SNIPPET 10000 5162 SNIPPET_NOT_RELEVANT b'1833911'
ACTION SNIPPET 10000 5165 SEEN_PREVIOUSLY b'875458'
ACTION QUERY 10000 5175 art stolen forged end
ACTION SERP 10000 5180 EXAMINE_SERP
ACTION SNIPPET 10000 5183 SEEN_PREVIOUSLY b'1234832'
ACTION SNIPPET 10000 5186 SEEN_PREVIOUSLY b'858730'
ACTION SNIPPET 10000 5189 SEEN_PREVIOUSLY b'1606614'
ACTION SNIPPET 10000 5192 SEEN_PREVIOUSLY b'875458'
ACTION SNIPPET 10000 5195 SEEN_PREVIOUSLY b'1470574'
ACTION SNIPPET 10000 5198 SEEN_PREVIOUSLY b'825133'
ACTION SNIPPET 10000 5201 SEEN_PREVIOUSLY b'951825'
ACTION SNIPPET 10000 5204 SEEN_PREVIOUSLY b'154819'
ACTION SNIPPET 10000 5207 SEEN_PREVIOUSLY b'1237592'
ACTION SNIPPET 10000 5210 SEEN_PREVIOUSLY b'1794609'
ACTION SNIPPET 10000 5213 SEEN_PREVIOUSLY b'945594'
ACTION SNIPPET 10000 5216 SEEN_PREVIOUSLY b'1799658'
ACTION SNIPPET 10000 5219 SEEN_PREVIOUSLY b'1729989'
ACTION SNIPPET 10000 5222 SEEN_PREVIOUSLY b'1786486'
ACTION SNIPPET 10000 5225 SEEN_PREVIOUSLY b'1333216'
ACTION QUERY 10000 5235 art stolen forged holland
ACTION SERP 10000 5240 EXAMINE_SERP
ACTION SNIPPET 10000 5243 SEEN_PREVIOUSLY b'861489'
ACTION SNIPPET 10000 5246 SNIPPET_RELEVANT b'861644'
ACTION DOC 10000 5266 EXAMINING_DOCUMENT b'861644'
ACTION SNIPPET 10000 5269 SNIPPET_NOT_RELEVANT b'851614'
ACTION SNIPPET 10000 5272 SEEN_PREVIOUSLY b'1234832'
ACTION SNIPPET 10000 5275 SEEN_PREVIOUSLY b'858730'
ACTION SNIPPET 10000 5278 SEEN_PREVIOUSLY b'1606614'
ACTION SNIPPET 10000 5281 SEEN_PREVIOUSLY b'406603'
ACTION SNIPPET 10000 5284 SEEN_PREVIOUSLY b'875458'
ACTION SNIPPET 10000 5287 SEEN_PREVIOUSLY b'858415'
ACTION QUERY 10000 5297 art stolen forged intruder
ACTION SERP 10000 5302 EXAMINE_SERP
ACTION SNIPPET 10000 5305 SNIPPET_RELEVANT b'158906'
ACTION DOC 10000 5325 EXAMINING_DOCUMENT b'158906'
ACTION MARK 10000 5328 CONSIDERED_RELEVANT b'158906'
ACTION SNIPPET 10000 5331 SEEN_PREVIOUSLY b'1173487'
ACTION SNIPPET 10000 5334 SEEN_PREVIOUSLY b'1234832'
ACTION SNIPPET 10000 5337 SEEN_PREVIOUSLY b'858730'
ACTION SNIPPET 10000 5340 SNIPPET_NOT_RELEVANT b'12707'
ACTION SNIPPET 10000 5343 SEEN_PREVIOUSLY b'1606614'
ACTION SNIPPET 10000 5346 SNIPPET_NOT_RELEVANT b'851596'
ACTION SNIPPET 10000 5349 SEEN_PREVIOUSLY b'875458'
ACTION SNIPPET 10000 5352 SEEN_PREVIOUSLY b'1470574'
ACTION SNIPPET 10000 5355 SEEN_PREVIOUSLY b'825133'
ACTION SNIPPET 10000 5358 SEEN_PREVIOUSLY b'951825'
ACTION SNIPPET 10000 5361 SEEN_PREVIOUSLY b'154819'
ACTION SNIPPET 10000 5364 SNIPPET_NOT_RELEVANT b'819966'
ACTION SNIPPET 10000 5367 SNIPPET_NOT_RELEVANT b'1629696'
ACTION SNIPPET 10000 5370 SNIPPET_NOT_RELEVANT b'1549671'
ACTION SNIPPET 10000 5373 SNIPPET_RELEVANT b'203279'
ACTION DOC 10000 5393 EXAMINING_DOCUMENT b'203279'
ACTION QUERY 10000 5403 art stolen forged seized
ACTION SERP 10000 5408 EXAMINE_SERP
ACTION SNIPPET 10000 5411 SEEN_PREVIOUSLY b'858730'
ACTION SNIPPET 10000 5414 SEEN_PREVIOUSLY b'1237592'
ACTION SNIPPET 10000 5417 SNIPPET_RELEVANT b'1216341'
ACTION DOC 10000 5437 EXAMINING_DOCUMENT b'1216341'
ACTION SNIPPET 10000 5440 SNIPPET_RELEVANT b'1440950'
ACTION DOC 10000 5460 EXAMINING_DOCUMENT b'1440950'
ACTION QUERY 10000 5470 art stolen forged ghost
ACTION SERP 10000 5475 EXAMINE_SERP
ACTION SNIPPET 10000 5478 SEEN_PREVIOUSLY b'1234832'
ACTION SNIPPET 10000 5481 SEEN_PREVIOUSLY b'858730'
ACTION SNIPPET 10000 5484 SEEN_PREVIOUSLY b'1606614'
ACTION SNIPPET 10000 5487 SEEN_PREVIOUSLY b'875458'
ACTION SNIPPET 10000 5490 SEEN_PREVIOUSLY b'810378'
ACTION SNIPPET 10000 5493 SEEN_PREVIOUSLY b'1470574'
ACTION SNIPPET 10000 5496 SNIPPET_NOT_RELEVANT b'1198087'
ACTION SNIPPET 10000 5499 SEEN_PREVIOUSLY b'825133'
ACTION SNIPPET 10000 5502 SEEN_PREVIOUSLY b'951825'
ACTION SNIPPET 10000 5505 SEEN_PREVIOUSLY b'154819'
ACTION SNIPPET 10000 5508 SNIPPET_NOT_RELEVANT b'1451535'
ACTION SNIPPET 10000 5511 SEEN_PREVIOUSLY b'1799658'
ACTION SNIPPET 10000 5514 SEEN_PREVIOUSLY b'1729989'
ACTION SNIPPET 10000 5517 SEEN_PREVIOUSLY b'1786486'
ACTION SNIPPET 10000 5520 SEEN_PREVIOUSLY b'1794609'
ACTION QUERY 10000 5530 art stolen forged totem
ACTION SERP 10000 5535 EXAMINE_SERP
ACTION SNIPPET 10000 5538 SEEN_PREVIOUSLY b'1607711'
ACTION SNIPPET 10000 5541 SEEN_PREVIOUSLY b'1234832'
ACTION SNIPPET 10000 5544 SNIPPET_RELEVANT b'1661374'
ACTION DOC 10000 5564 EXAMINING_DOCUMENT b'1661374'
ACTION MARK 10000 5567 CONSIDERED_RELEVANT b'1661374'
ACTION SNIPPET 10000 5570 SEEN_PREVIOUSLY b'858730'
ACTION SNIPPET 10000 5573 SEEN_PREVIOUSLY b'1606614'
ACTION SNIPPET 10000 5576 SNIPPET_RELEVANT b'1248469'
ACTION DOC 10000 5596 EXAMINING_DOCUMENT b'1248469'
ACTION SNIPPET 10000 5599 SEEN_PREVIOUSLY b'875458'
ACTION SNIPPET 10000 5602 SNIPPET_NOT_RELEVANT b'1185978'
ACTION SNIPPET 10000 5605 SNIPPET_RELEVANT b'1243813'
ACTION DOC 10000 5625 EXAMINING_DOCUMENT b'1243813'
ACTION QUERY 10000 5635 art stolen forged transporting
ACTION SERP 10000 5640 EXAMINE_SERP
ACTION SNIPPET 10000 5643 SEEN_PREVIOUSLY b'47206'
ACTION SNIPPET 10000 5646 SEEN_PREVIOUSLY b'1234832'
ACTION SNIPPET 10000 5649 SEEN_PREVIOUSLY b'858730'
ACTION SNIPPET 10000 5652 SEEN_PREVIOUSLY b'148137'
ACTION SNIPPET 10000 5655 SEEN_PREVIOUSLY b'1606614'
ACTION SNIPPET 10000 5658 SEEN_PREVIOUSLY b'135267'
ACTION SNIPPET 10000 5661 SNIPPET_RELEVANT b'195585'
ACTION DOC 10000 5681 EXAMINING_DOCUMENT b'195585'
ACTION SNIPPET 10000 5684 SEEN_PREVIOUSLY b'875458'
ACTION SNIPPET 10000 5687 SEEN_PREVIOUSLY b'818329'
ACTION QUERY 10000 5697 art stolen forged movement
ACTION SERP 10000 5702 EXAMINE_SERP
ACTION SNIPPET 10000 5705 SEEN_PREVIOUSLY b'1234832'
ACTION SNIPPET 10000 5708 SEEN_PREVIOUSLY b'858730'
ACTION SNIPPET 10000 5711 SEEN_PREVIOUSLY b'1606614'
ACTION SNIPPET 10000 5714 SEEN_PREVIOUSLY b'875458'
ACTION SNIPPET 10000 5717 SEEN_PREVIOUSLY b'1470574'
ACTION SNIPPET 10000 5720 SEEN_PREVIOUSLY b'825133'
ACTION SNIPPET 10000 5723 SEEN_PREVIOUSLY b'951825'
ACTION SNIPPET 10000 5726 SEEN_PREVIOUSLY b'154819'
ACTION SNIPPET 10000 5729 SNIPPET_RELEVANT b'1403991'
ACTION DOC 10000 5749 EXAMINING_DOCUMENT b'1403991'
ACTION QUERY 10000 5759 art stolen forged foun
ACTION SERP 10000 5764 EXAMINE_SERP
ACTION SNIPPET 10000 5767 SEEN_PREVIOUSLY b'1234832'
ACTION SNIPPET 10000 5770 SEEN_PREVIOUSLY b'858730'
ACTION SNIPPET 10000 5773 SEEN_PREVIOUSLY b'1606614'
ACTION SNIPPET 10000 5776 SEEN_PREVIOUSLY b'875458'
ACTION SNIPPET 10000 5779 SEEN_PREVIOUSLY b'1470574'
ACTION SNIPPET 10000 5782 SEEN_PREVIOUSLY b'825133'
ACTION SNIPPET 10000 5785 SEEN_PREVIOUSLY b'951825'
ACTION SNIPPET 10000 5788 SEEN_PREVIOUSLY b'154819'
ACTION SNIPPET 10000 5791 SNIPPET_RELEVANT b'434615'
ACTION DOC 10000 5811 EXAMINING_DOCUMENT b'434615'
ACTION QUERY 10000 5821 art stolen forged book
ACTION SERP 10000 5826 EXAMINE_SERP
ACTION SNIPPET 10000 5829 SEEN_PREVIOUSLY b'1234832'
ACTION SNIPPET 10000 5832 SEEN_PREVIOUSLY b'858730'
ACTION SNIPPET 10000 5835 SEEN_PREVIOUSLY b'1606614'
ACTION SNIPPET 10000 5838 SEEN_PREVIOUSLY b'875458'
ACTION SNIPPET 10000 5841 SEEN_PREVIOUSLY b'945594'
ACTION SNIPPET 10000 5844 SEEN_PREVIOUSLY b'1478878'
ACTION SNIPPET 10000 5847 SEEN_PREVIOUSLY b'1470574'
ACTION SNIPPET 10000 5850 SEEN_PREVIOUSLY b'825133'
ACTION SNIPPET 10000 5853 SEEN_PREVIOUSLY b'951825'
ACTION SNIPPET 10000 5856 SEEN_PREVIOUSLY b'68054'
ACTION SNIPPET 10000 5859 SEEN_PREVIOUSLY b'154819'
ACTION SNIPPET 10000 5862 SEEN_PREVIOUSLY b'148137'
ACTION SNIPPET 10000 5865 SNIPPET_RELEVANT b'1409060'
ACTION DOC 10000 5885 EXAMINING_DOCUMENT b'1409060'
ACTION QUERY 10000 5895 art stolen forged type
ACTION SERP 10000 5900 EXAMINE_SERP
ACTION SNIPPET 10000 5903 SEEN_PREVIOUSLY b'858730'
ACTION SNIPPET 10000 5906 SEEN_PREVIOUSLY b'1234832'
ACTION SNIPPET 10000 5909 SEEN_PREVIOUSLY b'1606614'
ACTION SNIPPET 10000 5912 SEEN_PREVIOUSLY b'875458'
ACTION SNIPPET 10000 5915 SEEN_PREVIOUSLY b'1470574'
ACTION SNIPPET 10000 5918 SEEN_PREVIOUSLY b'825133'
ACTION SNIPPET 10000 5921 SEEN_PREVIOUSLY b'951825'
ACTION SNIPPET 10000 5924 SEEN_PREVIOUSLY b'154819'
ACTION SNIPPET 10000 5927 SEEN_PREVIOUSLY b'1812335'
ACTION SNIPPET 10000 5930 SEEN_PREVIOUSLY b'1575409'
ACTION SNIPPET 10000 5933 SEEN_PREVIOUSLY b'1799658'
ACTION SNIPPET 10000 5936 SEEN_PREVIOUSLY b'1729989'
ACTION SNIPPET 10000 5939 SEEN_PREVIOUSLY b'1786486'
ACTION SNIPPET 10000 5942 SNIPPET_RELEVANT b'259374'
ACTION DOC 10000 5962 EXAMINING_DOCUMENT b'259374'
ACTION QUERY 10000 5972 art stolen forged deed
ACTION SERP 10000 5977 EXAMINE_SERP
ACTION SNIPPET 10000 5980 SNIPPET_RELEVANT b'947377'
ACTION DOC 10000 6000 EXAMINING_DOCUMENT b'947377'
ACTION MARK 10000 6003 CONSIDERED_RELEVANT b'947377'
ACTION SNIPPET 10000 6006 SEEN_PREVIOUSLY b'1234832'
ACTION SNIPPET 10000 6009 SEEN_PREVIOUSLY b'858730'
ACTION SNIPPET 10000 6012 SEEN_PREVIOUSLY b'1606614'
ACTION SNIPPET 10000 6015 SNIPPET_RELEVANT b'221813'
ACTION DOC 10000 6035 EXAMINING_DOCUMENT b'221813'
ACTION MARK 10000 6038 CONSIDERED_RELEVANT b'221813'
ACTION SNIPPET 10000 6041 SNIPPET_RELEVANT b'1579793'
ACTION DOC 10000 6061 EXAMINING_DOCUMENT b'1579793'
ACTION SNIPPET 10000 6064 SEEN_PREVIOUSLY b'875458'
ACTION SNIPPET 10000 6067 SNIPPET_RELEVANT b'48792'
ACTION DOC 10000 6087 EXAMINING_DOCUMENT b'48792'
ACTION SNIPPET 10000 6090 SNIPPET_NOT_RELEVANT b'162826'
ACTION QUERY 10000 6100 art stolen forged europes
ACTION SERP 10000 6105 EXAMINE_SERP
ACTION SNIPPET 10000 6108 SEEN_PREVIOUSLY b'1606614'
ACTION SNIPPET 10000 6111 SEEN_PREVIOUSLY b'1234832'
ACTION SNIPPET 10000 6114 SEEN_PREVIOUSLY b'858730'
ACTION SNIPPET 10000 6117 SEEN_PREVIOUSLY b'950791'
ACTION SNIPPET 10000 6120 SEEN_PREVIOUSLY b'1237592'
ACTION SNIPPET 10000 6123 SEEN_PREVIOUSLY b'875458'
ACTION SNIPPET 10000 6126 SEEN_PREVIOUSLY b'1392968'
ACTION SNIPPET 10000 6129 SNIPPET_RELEVANT b'698787'
ACTION DOC 10000 6149 EXAMINING_DOCUMENT b'698787'
ACTION MARK 10000 6152 CONSIDERED_RELEVANT b'698787'
ACTION SNIPPET 10000 6155 SEEN_PREVIOUSLY b'689544'
ACTION SNIPPET 10000 6158 SNIPPET_RELEVANT b'1349415'
ACTION DOC 10000 6178 EXAMINING_DOCUMENT b'1349415'
ACTION SNIPPET 10000 6181 SEEN_PREVIOUSLY b'1470574'
ACTION SNIPPET 10000 6184 SEEN_PREVIOUSLY b'825133'
ACTION SNIPPET 10000 6187 SEEN_PREVIOUSLY b'951825'
ACTION SNIPPET 10000 6190 SNIPPET_NOT_RELEVANT b'680011'
ACTION SNIPPET 10000 6193 SEEN_PREVIOUSLY b'154819'
ACTION SNIPPET 10000 6196 SNIPPET_RELEVANT b'1396087'
ACTION DOC 10000 6216 EXAMINING_DOCUMENT b'1396087'
ACTION MARK 10000 6219 CONSIDERED_RELEVANT b'1396087'
ACTION SNIPPET 10000 6222 SEEN_PREVIOUSLY b'457816'
ACTION SNIPPET 10000 6225 SNIPPET_NOT_RELEVANT b'571600'
ACTION SNIPPET 10000 6228 SNIPPET_NOT_RELEVANT b'864980'
ACTION SNIPPET 10000 6231 SNIPPET_RELEVANT b'995692'
ACTION DOC 10000 6251 EXAMINING_DOCUMENT b'995692'
ACTION MARK 10000 6254 CONSIDERED_RELEVANT b'995692'
ACTION SNIPPET 10000 6257 SEEN_PREVIOUSLY b'1799658'
ACTION SNIPPET 10000 6260 SEEN_PREVIOUSLY b'1729989'
ACTION SNIPPET 10000 6263 SEEN_PREVIOUSLY b'1786486'
ACTION SNIPPET 10000 6266 SNIPPET_RELEVANT b'990343'
ACTION DOC 10000 6286 EXAMINING_DOCUMENT b'990343'
ACTION MARK 10000 6289 CONSIDERED_RELEVANT b'990343'
ACTION SNIPPET 10000 6292 SNIPPET_NOT_RELEVANT b'976398'
ACTION SNIPPET 10000 6295 SEEN_PREVIOUSLY b'1794609'
ACTION SNIPPET 10000 6298 SEEN_PREVIOUSLY b'1107945'
ACTION SNIPPET 10000 6301 SEEN_PREVIOUSLY b'1606210'
ACTION SNIPPET 10000 6304 SEEN_PREVIOUSLY b'1333216'
ACTION SNIPPET 10000 6307 SNIPPET_RELEVANT b'1468135'
ACTION DOC 10000 6327 EXAMINING_DOCUMENT b'1468135'
ACTION SNIPPET 10000 6330 SNIPPET_NOT_RELEVANT b'1354128'
ACTION SNIPPET 10000 6333 SEEN_PREVIOUSLY b'1444189'
ACTION SNIPPET 10000 6336 SNIPPET_RELEVANT b'747278'
ACTION DOC 10000 6356 EXAMINING_DOCUMENT b'747278'
ACTION QUERY 10000 6366 art stolen forged commissioned
ACTION SERP 10000 6371 EXAMINE_SERP
ACTION SNIPPET 10000 6374 SEEN_PREVIOUSLY b'1234832'
ACTION SNIPPET 10000 6377 SEEN_PREVIOUSLY b'858730'
ACTION SNIPPET 10000 6380 SEEN_PREVIOUSLY b'1606614'
ACTION SNIPPET 10000 6383 SNIPPET_RELEVANT b'976398'
ACTION DOC 10000 6403 EXAMINING_DOCUMENT b'976398'
ACTION SNIPPET 10000 6406 SNIPPET_NOT_RELEVANT b'977447'
ACTION SNIPPET 10000 6409 SEEN_PREVIOUSLY b'875458'
ACTION SNIPPET 10000 6412 SEEN_PREVIOUSLY b'1470574'
ACTION SNIPPET 10000 6415 SEEN_PREVIOUSLY b'825133'
ACTION SNIPPET 10000 6418 SEEN_PREVIOUSLY b'951825'
ACTION QUERY 10000 6428 art stolen forged massacre
ACTION SERP 10000 6433 EXAMINE_SERP
ACTION SNIPPET 10000 6436 SEEN_PREVIOUSLY b'1234832'
ACTION SNIPPET 10000 6439 SEEN_PREVIOUSLY b'858730'
ACTION SNIPPET 10000 6442 SEEN_PREVIOUSLY b'1606614'
ACTION SNIPPET 10000 6445 SEEN_PREVIOUSLY b'875458'
ACTION SNIPPET 10000 6448 SEEN_PREVIOUSLY b'1470574'
ACTION SNIPPET 10000 6451 SEEN_PREVIOUSLY b'825133'
ACTION SNIPPET 10000 6454 SEEN_PREVIOUSLY b'951825'
ACTION SNIPPET 10000 6457 SEEN_PREVIOUSLY b'154819'
ACTION SNIPPET 10000 6460 SEEN_PREVIOUSLY b'1799658'
ACTION SNIPPET 10000 6463 SEEN_PREVIOUSLY b'1729989'
ACTION SNIPPET 10000 6466 SEEN_PREVIOUSLY b'1786486'
ACTION SNIPPET 10000 6469 SEEN_PREVIOUSLY b'1794609'
ACTION SNIPPET 10000 6472 SEEN_PREVIOUSLY b'1333216'
ACTION SNIPPET 10000 6475 SEEN_PREVIOUSLY b'1237592'
ACTION SNIPPET 10000 6478 SEEN_PREVIOUSLY b'1444189'
ACTION QUERY 10000 6488 art stolen forged hearing
ACTION SERP 10000 6493 EXAMINE_SERP
ACTION SNIPPET 10000 6496 SEEN_PREVIOUSLY b'875458'
ACTION SNIPPET 10000 6499 SEEN_PREVIOUSLY b'1234832'
ACTION SNIPPET 10000 6502 SEEN_PREVIOUSLY b'858730'
ACTION SNIPPET 10000 6505 SEEN_PREVIOUSLY b'1606614'
ACTION SNIPPET 10000 6508 SEEN_PREVIOUSLY b'1237592'
ACTION SNIPPET 10000 6511 SEEN_PREVIOUSLY b'1470574'
ACTION SNIPPET 10000 6514 SEEN_PREVIOUSLY b'825133'
ACTION SNIPPET 10000 6517 SEEN_PREVIOUSLY b'951825'
ACTION SNIPPET 10000 6520 SNIPPET_RELEVANT b'906950'
ACTION DOC 10000 6540 EXAMINING_DOCUMENT b'906950'
ACTION QUERY 10000 6550 art stolen forged reopen
ACTION SERP 10000 6555 EXAMINE_SERP
ACTION SNIPPET 10000 6558 SEEN_PREVIOUSLY b'1234832'
ACTION SNIPPET 10000 6561 SEEN_PREVIOUSLY b'698787'
ACTION SNIPPET 10000 6564 SEEN_PREVIOUSLY b'858730'
ACTION SNIPPET 10000 6567 SEEN_PREVIOUSLY b'1606614'
ACTION SNIPPET 10000 6570 SEEN_PREVIOUSLY b'875458'
ACTION SNIPPET 10000 6573 SEEN_PREVIOUSLY b'906950'
ACTION SNIPPET 10000 6576 SNIPPET_NOT_RELEVANT b'191270'
ACTION SNIPPET 10000 6579 SEEN_PREVIOUSLY b'1470574'
ACTION SNIPPET 10000 6582 SEEN_PREVIOUSLY b'825133'
ACTION SNIPPET 10000 6585 SEEN_PREVIOUSLY b'951825'
ACTION SNIPPET 10000 6588 SEEN_PREVIOUSLY b'1681014'
ACTION SNIPPET 10000 6591 SEEN_PREVIOUSLY b'154819'
ACTION SNIPPET 10000 6594 SNIPPET_RELEVANT b'336906'
ACTION DOC 10000 6614 EXAMINING_DOCUMENT b'336906'
ACTION MARK 10000 6617 CONSIDERED_RELEVANT b'336906'
ACTION SNIPPET 10000 6620 SNIPPET_NOT_RELEVANT b'1521994'
ACTION SNIPPET 10000 6623 SNIPPET_NOT_RELEVANT b'1137012'
ACTION SNIPPET 10000 6626 SEEN_PREVIOUSLY b'1799658'
ACTION SNIPPET 10000 6629 SEEN_PREVIOUSLY b'1729989'
ACTION SNIPPET 10000 6632 SEEN_PREVIOUSLY b'1786486'
ACTION SNIPPET 10000 6635 SNIPPET_NOT_RELEVANT b'680011'
ACTION SNIPPET 10000 6638 SEEN_PREVIOUSLY b'1794609'
ACTION SNIPPET 10000 6641 SNIPPET_NOT_RELEVANT b'959789'
ACTION SNIPPET 10000 6644 SEEN_PREVIOUSLY b'1333216'
ACTION SNIPPET 10000 6647 SEEN_PREVIOUSLY b'1237592'
ACTION SNIPPET 10000 6650 SNIPPET_NOT_RELEVANT b'1532967'
ACTION SNIPPET 10000 6653 SEEN_PREVIOUSLY b'1444189'
ACTION SNIPPET 10000 6656 SEEN_PREVIOUSLY b'1691857'
ACTION SNIPPET 10000 6659 SEEN_PREVIOUSLY b'945594'
ACTION SNIPPET 10000 6662 SNIPPET_RELEVANT b'1470283'
ACTION DOC 10000 6682 EXAMINING_DOCUMENT b'1470283'
ACTION QUERY 10000 6692 art stolen forged reopening
ACTION SERP 10000 6697 EXAMINE_SERP
ACTION SNIPPET 10000 6700 SEEN_PREVIOUSLY b'1234832'
ACTION SNIPPET 10000 6703 SEEN_PREVIOUSLY b'698787'
ACTION SNIPPET 10000 6706 SEEN_PREVIOUSLY b'858730'
ACTION SNIPPET 10000 6709 SEEN_PREVIOUSLY b'1606614'
ACTION SNIPPET 10000 6712 SEEN_PREVIOUSLY b'875458'
ACTION SNIPPET 10000 6715 SEEN_PREVIOUSLY b'906950'
ACTION SNIPPET 10000 6718 SNIPPET_NOT_RELEVANT b'191270'
ACTION SNIPPET 10000 6721 SEEN_PREVIOUSLY b'1470574'
ACTION SNIPPET 10000 6724 SEEN_PREVIOUSLY b'825133'
ACTION SNIPPET 10000 6727 SEEN_PREVIOUSLY b'951825'
ACTION SNIPPET 10000 6730 SEEN_PREVIOUSLY b'1681014'
ACTION SNIPPET 10000 6733 SEEN_PREVIOUSLY b'154819'
ACTION SNIPPET 10000 6736 SEEN_PREVIOUSLY b'336906'
ACTION SNIPPET 10000 6739 SNIPPET_RELEVANT b'1521994'
ACTION DOC 10000 6759 EXAMINING_DOCUMENT b'1521994'
ACTION QUERY 10000 6769 art stolen forged gettys
ACTION SERP 10000 6774 EXAMINE_SERP
ACTION SNIPPET 10000 6777 SNIPPET_NOT_RELEVANT b'1699174'
ACTION SNIPPET 10000 6780 SNIPPET_NOT_RELEVANT b'864980'
ACTION SNIPPET 10000 6783 SEEN_PREVIOUSLY b'1082492'
ACTION SNIPPET 10000 6786 SNIPPET_RELEVANT b'1719708'
ACTION DOC 10000 6806 EXAMINING_DOCUMENT b'1719708'
ACTION MARK 10000 6809 CONSIDERED_RELEVANT b'1719708'
ACTION SNIPPET 10000 6812 SNIPPET_RELEVANT b'168468'
ACTION DOC 10000 6832 EXAMINING_DOCUMENT b'168468'
ACTION SNIPPET 10000 6835 SNIPPET_RELEVANT b'464725'
ACTION DOC 10000 6855 EXAMINING_DOCUMENT b'464725'
ACTION MARK 10000 6858 CONSIDERED_RELEVANT b'464725'
ACTION SNIPPET 10000 6861 SNIPPET_NOT_RELEVANT b'1695046'
ACTION SNIPPET 10000 6864 SNIPPET_RELEVANT b'1674139'
ACTION DOC 10000 6884 EXAMINING_DOCUMENT b'1674139'
ACTION SNIPPET 10000 6887 SEEN_PREVIOUSLY b'272433'
ACTION SNIPPET 10000 6890 SNIPPET_NOT_RELEVANT b'1798252'
ACTION SNIPPET 10000 6893 SNIPPET_RELEVANT b'550146'
ACTION DOC 10000 6913 EXAMINING_DOCUMENT b'550146'
ACTION QUERY 10000 6923 art stolen forged owen
ACTION SERP 10000 6928 EXAMINE_SERP
ACTION SNIPPET 10000 6931 SEEN_PREVIOUSLY b'1234832'
ACTION SNIPPET 10000 6934 SEEN_PREVIOUSLY b'858730'
ACTION SNIPPET 10000 6937 SEEN_PREVIOUSLY b'1606614'
ACTION SNIPPET 10000 6940 SNIPPET_NOT_RELEVANT b'5667'
ACTION SNIPPET 10000 6943 SNIPPET_NOT_RELEVANT b'5667'
ACTION SNIPPET 10000 6946 SNIPPET_NOT_RELEVANT b'83581'
ACTION SNIPPET 10000 6949 SEEN_PREVIOUSLY b'875458'
ACTION SNIPPET 10000 6952 SEEN_PREVIOUSLY b'1470574'
ACTION SNIPPET 10000 6955 SEEN_PREVIOUSLY b'825133'
ACTION SNIPPET 10000 6958 SEEN_PREVIOUSLY b'951825'
ACTION SNIPPET 10000 6961 SEEN_PREVIOUSLY b'154819'
ACTION SNIPPET 10000 6964 SEEN_PREVIOUSLY b'1184723'
ACTION SNIPPET 10000 6967 SNIPPET_NOT_RELEVANT b'1378360'
ACTION SNIPPET 10000 6970 SEEN_PREVIOUSLY b'1799658'
ACTION SNIPPET 10000 6973 SNIPPET_NOT_RELEVANT b'966730'
ACTION QUERY 10000 6983 art stolen forged europeans
ACTION SERP 10000 6988 EXAMINE_SERP
ACTION SNIPPET 10000 6991 SEEN_PREVIOUSLY b'858730'
ACTION SNIPPET 10000 6994 SEEN_PREVIOUSLY b'945594'
ACTION SNIPPET 10000 6997 SEEN_PREVIOUSLY b'1234832'
ACTION SNIPPET 10000 7000 SEEN_PREVIOUSLY b'1606614'
ACTION SNIPPET 10000 7003 SEEN_PREVIOUSLY b'689544'
ACTION SNIPPET 10000 7006 SEEN_PREVIOUSLY b'875458'
ACTION SNIPPET 10000 7009 SEEN_PREVIOUSLY b'1392968'
ACTION SNIPPET 10000 7012 SEEN_PREVIOUSLY b'950791'
ACTION SNIPPET 10000 7015 SEEN_PREVIOUSLY b'1470574'
ACTION SNIPPET 10000 7018 SEEN_PREVIOUSLY b'825133'
ACTION SNIPPET 10000 7021 SEEN_PREVIOUSLY b'951825'
ACTION SNIPPET 10000 7024 SNIPPET_NOT_RELEVANT b'1584374'
ACTION SNIPPET 10000 7027 SEEN_PREVIOUSLY b'154819'
ACTION SNIPPET 10000 7030 SEEN_PREVIOUSLY b'1349415'
ACTION SNIPPET 10000 7033 SNIPPET_NOT_RELEVANT b'571600'
ACTION QUERY 10000 7043 art stolen forged haifa
ACTION SERP 10000 7048 EXAMINE_SERP
ACTION SNIPPET 10000 7051 SEEN_PREVIOUSLY b'301580'
ACTION SNIPPET 10000 7054 SEEN_PREVIOUSLY b'1234832'
ACTION SNIPPET 10000 7057 SEEN_PREVIOUSLY b'858730'
ACTION SNIPPET 10000 7060 SNIPPET_NOT_RELEVANT b'275340'
ACTION SNIPPET 10000 7063 SEEN_PREVIOUSLY b'1606614'
ACTION SNIPPET 10000 7066 SEEN_PREVIOUSLY b'875458'
ACTION SNIPPET 10000 7069 SNIPPET_NOT_RELEVANT b'193226'
ACTION SNIPPET 10000 7072 SEEN_PREVIOUSLY b'1470574'
ACTION SNIPPET 10000 7075 SEEN_PREVIOUSLY b'825133'
ACTION SNIPPET 10000 7078 SEEN_PREVIOUSLY b'951825'
ACTION SNIPPET 10000 7081 SEEN_PREVIOUSLY b'154819'
ACTION SNIPPET 10000 7084 SEEN_PREVIOUSLY b'1799658'
ACTION SNIPPET 10000 7087 SEEN_PREVIOUSLY b'1729989'
ACTION SNIPPET 10000 7090 SEEN_PREVIOUSLY b'1786486'
ACTION SNIPPET 10000 7093 SEEN_PREVIOUSLY b'1794609'
ACTION QUERY 10000 7103 art stolen forged meet
ACTION SERP 10000 7108 EXAMINE_SERP
ACTION SNIPPET 10000 7111 SEEN_PREVIOUSLY b'1234832'
ACTION SNIPPET 10000 7114 SEEN_PREVIOUSLY b'858730'
ACTION SNIPPET 10000 7117 SEEN_PREVIOUSLY b'1606614'
ACTION SNIPPET 10000 7120 SEEN_PREVIOUSLY b'875458'
ACTION SNIPPET 10000 7123 SEEN_PREVIOUSLY b'1486881'
ACTION SNIPPET 10000 7126 SEEN_PREVIOUSLY b'1470574'
ACTION SNIPPET 10000 7129 SEEN_PREVIOUSLY b'825133'
ACTION SNIPPET 10000 7132 SEEN_PREVIOUSLY b'951825'
ACTION SNIPPET 10000 7135 SEEN_PREVIOUSLY b'154819'
ACTION SNIPPET 10000 7138 SEEN_PREVIOUSLY b'1799658'
ACTION SNIPPET 10000 7141 SEEN_PREVIOUSLY b'1729989'
ACTION SNIPPET 10000 7144 SEEN_PREVIOUSLY b'1786486'
ACTION SNIPPET 10000 7147 SEEN_PREVIOUSLY b'300331'
ACTION SNIPPET 10000 7150 SEEN_PREVIOUSLY b'1794609'
ACTION SNIPPET 10000 7153 SEEN_PREVIOUSLY b'1333216'
ACTION QUERY 10000 7163 art stolen forged totemical
ACTION SERP 10000 7168 EXAMINE_SERP
ACTION SNIPPET 10000 7171 SEEN_PREVIOUSLY b'1607711'
ACTION SNIPPET 10000 7174 SEEN_PREVIOUSLY b'1234832'
ACTION SNIPPET 10000 7177 SEEN_PREVIOUSLY b'1661374'
ACTION SNIPPET 10000 7180 SEEN_PREVIOUSLY b'858730'
ACTION SNIPPET 10000 7183 SEEN_PREVIOUSLY b'1606614'
ACTION SNIPPET 10000 7186 SEEN_PREVIOUSLY b'1248469'
ACTION SNIPPET 10000 7189 SEEN_PREVIOUSLY b'875458'
ACTION SNIPPET 10000 7192 SNIPPET_RELEVANT b'1185978'
ACTION DOC 10000 7212 EXAMINING_DOCUMENT b'1185978'
ACTION SNIPPET 10000 7215 SEEN_PREVIOUSLY b'1243813'
ACTION QUERY 10000 7225 art stolen forged md
ACTION SERP 10000 7230 EXAMINE_SERP
ACTION SNIPPET 10000 7233 SEEN_PREVIOUSLY b'1234832'
ACTION SNIPPET 10000 7236 SEEN_PREVIOUSLY b'858730'
ACTION SNIPPET 10000 7239 SEEN_PREVIOUSLY b'1606614'
ACTION SNIPPET 10000 7242 SEEN_PREVIOUSLY b'875458'
ACTION SNIPPET 10000 7245 SNIPPET_RELEVANT b'935550'
ACTION DOC 10000 7265 EXAMINING_DOCUMENT b'935550'
ACTION SNIPPET 10000 7268 SEEN_PREVIOUSLY b'1470574'
ACTION SNIPPET 10000 7271 SEEN_PREVIOUSLY b'825133'
ACTION SNIPPET 10000 7274 SEEN_PREVIOUSLY b'951825'
ACTION SNIPPET 10000 7277 SEEN_PREVIOUSLY b'154819'
ACTION QUERY 10000 7287 art stolen forged now
ACTION SERP 10000 7292 EXAMINE_SERP
ACTION SNIPPET 10000 7295 SEEN_PREVIOUSLY b'858730'
ACTION SNIPPET 10000 7298 SEEN_PREVIOUSLY b'1606614'
ACTION SNIPPET 10000 7301 SEEN_PREVIOUSLY b'1234832'
ACTION SNIPPET 10000 7304 SEEN_PREVIOUSLY b'1470574'
ACTION SNIPPET 10000 7307 SEEN_PREVIOUSLY b'875458'
ACTION SNIPPET 10000 7310 SEEN_PREVIOUSLY b'825133'
ACTION SNIPPET 10000 7313 SEEN_PREVIOUSLY b'951825'
ACTION SNIPPET 10000 7316 SEEN_PREVIOUSLY b'1799658'
ACTION SNIPPET 10000 7319 SEEN_PREVIOUSLY b'154819'
ACTION SNIPPET 10000 7322 SEEN_PREVIOUSLY b'1444189'
ACTION SNIPPET 10000 7325 SEEN_PREVIOUSLY b'1237592'
ACTION SNIPPET 10000 7328 SEEN_PREVIOUSLY b'1794609'
ACTION SNIPPET 10000 7331 SEEN_PREVIOUSLY b'1729989'
ACTION SNIPPET 10000 7334 SEEN_PREVIOUSLY b'1786486'
ACTION SNIPPET 10000 7337 SEEN_PREVIOUSLY b'1333216'
ACTION QUERY 10000 7347 art stolen forged stowed
ACTION SERP 10000 7352 EXAMINE_SERP
ACTION SNIPPET 10000 7355 SEEN_PREVIOUSLY b'1606614'
ACTION SNIPPET 10000 7358 SEEN_PREVIOUSLY b'1234832'
ACTION SNIPPET 10000 7361 SEEN_PREVIOUSLY b'858730'
ACTION SNIPPET 10000 7364 SNIPPET_NOT_RELEVANT b'1471994'
ACTION SNIPPET 10000 7367 SEEN_PREVIOUSLY b'875458'
ACTION SNIPPET 10000 7370 SEEN_PREVIOUSLY b'1424810'
ACTION SNIPPET 10000 7373 SEEN_PREVIOUSLY b'1470574'
ACTION SNIPPET 10000 7376 SEEN_PREVIOUSLY b'825133'
ACTION SNIPPET 10000 7379 SEEN_PREVIOUSLY b'951825'
ACTION SNIPPET 10000 7382 SEEN_PREVIOUSLY b'154819'
ACTION SNIPPET 10000 7385 SNIPPET_NOT_RELEVANT b'1494706'
ACTION SNIPPET 10000 7388 SEEN_PREVIOUSLY b'1812335'
ACTION SNIPPET 10000 7391 SNIPPET_NOT_RELEVANT b'714054'
ACTION SNIPPET 10000 7394 SNIPPET_NOT_RELEVANT b'1095910'
ACTION SNIPPET 10000 7397 SNIPPET_RELEVANT b'959251'
ACTION DOC 10000 7417 EXAMINING_DOCUMENT b'959251'
ACTION QUERY 10000 7427 art stolen forged cartoon
ACTION SERP 10000 7432 EXAMINE_SERP
ACTION SNIPPET 10000 7435 SEEN_PREVIOUSLY b'288424'
ACTION SNIPPET 10000 7438 SEEN_PREVIOUSLY b'265551'
ACTION SNIPPET 10000 7441 SEEN_PREVIOUSLY b'1234832'
ACTION SNIPPET 10000 7444 SNIPPET_RELEVANT b'234534'
ACTION DOC 10000 7464 EXAMINING_DOCUMENT b'234534'
ACTION SNIPPET 10000 7467 SEEN_PREVIOUSLY b'858730'
ACTION SNIPPET 10000 7470 SEEN_PREVIOUSLY b'1804747'
ACTION SNIPPET 10000 7473 SEEN_PREVIOUSLY b'1606614'
ACTION SNIPPET 10000 7476 SEEN_PREVIOUSLY b'875458'
ACTION SNIPPET 10000 7479 SEEN_PREVIOUSLY b'1470574'
ACTION QUERY 10000 7489 art stolen forged robbed
ACTION SERP 10000 7494 EXAMINE_SERP
ACTION SNIPPET 10000 7497 SEEN_PREVIOUSLY b'1794609'
ACTION SNIPPET 10000 7500 SEEN_PREVIOUSLY b'1234832'
ACTION SNIPPET 10000 7503 SEEN_PREVIOUSLY b'858730'
ACTION SNIPPET 10000 7506 SEEN_PREVIOUSLY b'1606614'
ACTION SNIPPET 10000 7509 SNIPPET_RELEVANT b'810056'
ACTION DOC 10000 7529 EXAMINING_DOCUMENT b'810056'
ACTION SNIPPET 10000 7532 SEEN_PREVIOUSLY b'875458'
ACTION SNIPPET 10000 7535 SEEN_PREVIOUSLY b'235021'
ACTION SNIPPET 10000 7538 SNIPPET_RELEVANT b'1645331'
ACTION DOC 10000 7558 EXAMINING_DOCUMENT b'1645331'
ACTION QUERY 10000 7568 art stolen forged sitting
ACTION SERP 10000 7573 EXAMINE_SERP
ACTION SNIPPET 10000 7576 SEEN_PREVIOUSLY b'1234832'
ACTION SNIPPET 10000 7579 SEEN_PREVIOUSLY b'858730'
ACTION SNIPPET 10000 7582 SEEN_PREVIOUSLY b'1606614'
ACTION SNIPPET 10000 7585 SEEN_PREVIOUSLY b'875458'
ACTION SNIPPET 10000 7588 SEEN_PREVIOUSLY b'1470574'
ACTION SNIPPET 10000 7591 SEEN_PREVIOUSLY b'825133'
ACTION SNIPPET 10000 7594 SEEN_PREVIOUSLY b'951825'
ACTION SNIPPET 10000 7597 SEEN_PREVIOUSLY b'154819'
ACTION SNIPPET 10000 7600 SNIPPET_NOT_RELEVANT b'1584374'
ACTION SNIPPET 10000 7603 SEEN_PREVIOUSLY b'1799658'
ACTION SNIPPET 10000 7606 SEEN_PREVIOUSLY b'1729989'
ACTION SNIPPET 10000 7609 SEEN_PREVIOUSLY b'1786486'
ACTION SNIPPET 10000 7612 SEEN_PREVIOUSLY b'1794609'
ACTION SNIPPET 10000 7615 SEEN_PREVIOUSLY b'1333216'
ACTION SNIPPET 10000 7618 SEEN_PREVIOUSLY b'1237592'
ACTION QUERY 10000 7628 art stolen forged titian
ACTION SERP 10000 7633 EXAMINE_SERP
ACTION SNIPPET 10000 7636 SEEN_PREVIOUSLY b'1606614'
ACTION SNIPPET 10000 7639 SEEN_PREVIOUSLY b'1424810'
ACTION SNIPPET 10000 7642 SNIPPET_NOT_RELEVANT b'401860'
ACTION SNIPPET 10000 7645 SEEN_PREVIOUSLY b'1030474'
ACTION SNIPPET 10000 7648 SNIPPET_NOT_RELEVANT b'765580'
ACTION SNIPPET 10000 7651 SNIPPET_RELEVANT b'336128'
ACTION DOC 10000 7671 EXAMINING_DOCUMENT b'336128'
ACTION MARK 10000 7674 CONSIDERED_RELEVANT b'336128'
ACTION SNIPPET 10000 7677 SNIPPET_NOT_RELEVANT b'988412'
ACTION SNIPPET 10000 7680 SNIPPET_RELEVANT b'396601'
ACTION DOC 10000 7700 EXAMINING_DOCUMENT b'396601'
ACTION SNIPPET 10000 7703 SNIPPET_RELEVANT b'396135'
ACTION DOC 10000 7723 EXAMINING_DOCUMENT b'396135'
ACTION SNIPPET 10000 7726 SNIPPET_RELEVANT b'357466'
ACTION DOC 10000 7746 EXAMINING_DOCUMENT b'357466'
ACTION MARK 10000 7749 CONSIDERED_RELEVANT b'357466'
ACTION SNIPPET 10000 7752 SNIPPET_RELEVANT b'26871'
ACTION DOC 10000 7772 EXAMINING_DOCUMENT b'26871'
ACTION SNIPPET 10000 7775 SNIPPET_RELEVANT b'601515'
ACTION DOC 10000 7795 EXAMINING_DOCUMENT b'601515'
ACTION SNIPPET 10000 7798 SNIPPET_NOT_RELEVANT b'998736'
ACTION SNIPPET 10000 7801 SEEN_PREVIOUSLY b'1234832'
ACTION QUERY 10000 7811 art stolen forged oldest
ACTION SERP 10000 7816 EXAMINE_SERP
ACTION SNIPPET 10000 7819 SEEN_PREVIOUSLY b'1234832'
ACTION SNIPPET 10000 7822 SEEN_PREVIOUSLY b'858730'
ACTION SNIPPET 10000 7825 SEEN_PREVIOUSLY b'1606614'
ACTION SNIPPET 10000 7828 SEEN_PREVIOUSLY b'875458'
ACTION SNIPPET 10000 7831 SEEN_PREVIOUSLY b'698787'
ACTION SNIPPET 10000 7834 SEEN_PREVIOUSLY b'1470574'
ACTION SNIPPET 10000 7837 SEEN_PREVIOUSLY b'825133'
ACTION SNIPPET 10000 7840 SEEN_PREVIOUSLY b'951825'
ACTION SNIPPET 10000 7843 SEEN_PREVIOUSLY b'154819'
ACTION SNIPPET 10000 7846 SNIPPET_RELEVANT b'255890'
ACTION DOC 10000 7866 EXAMINING_DOCUMENT b'255890'
ACTION MARK 10000 7869 CONSIDERED_RELEVANT b'255890'
ACTION SNIPPET 10000 7872 SEEN_PREVIOUSLY b'300331'
ACTION SNIPPET 10000 7875 SEEN_PREVIOUSLY b'170799'
ACTION SNIPPET 10000 7878 SEEN_PREVIOUSLY b'1799658'
ACTION SNIPPET 10000 7881 SEEN_PREVIOUSLY b'1729989'
ACTION SNIPPET 10000 7884 SEEN_PREVIOUSLY b'1786486'
ACTION SNIPPET 10000 7887 SEEN_PREVIOUSLY b'1794609'
ACTION SNIPPET 10000 7890 SNIPPET_RELEVANT b'388465'
ACTION DOC 10000 7910 EXAMINING_DOCUMENT b'388465'
ACTION SNIPPET 10000 7913 SEEN_PREVIOUSLY b'1333216'
ACTION SNIPPET 10000 7916 SEEN_PREVIOUSLY b'1237592'
ACTION SNIPPET 10000 7919 SEEN_PREVIOUSLY b'1444189'
ACTION QUERY 10000 7929 art stolen forged brought
ACTION SERP 10000 7934 EXAMINE_SERP
ACTION SNIPPET 10000 7937 SEEN_PREVIOUSLY b'1234832'
ACTION SNIPPET 10000 7940 SEEN_PREVIOUSLY b'1470574'
ACTION SNIPPET 10000 7943 SEEN_PREVIOUSLY b'858730'
ACTION SNIPPET 10000 7946 SEEN_PREVIOUSLY b'1606614'
ACTION SNIPPET 10000 7949 SEEN_PREVIOUSLY b'875458'
ACTION SNIPPET 10000 7952 SEEN_PREVIOUSLY b'825133'
ACTION SNIPPET 10000 7955 SEEN_PREVIOUSLY b'951825'
ACTION SNIPPET 10000 7958 SEEN_PREVIOUSLY b'1070825'
ACTION SNIPPET 10000 7961 SEEN_PREVIOUSLY b'154819'
ACTION SNIPPET 10000 7964 SEEN_PREVIOUSLY b'950791'
ACTION SNIPPET 10000 7967 SNIPPET_NOT_RELEVANT b'1286477'
ACTION SNIPPET 10000 7970 SNIPPET_RELEVANT b'1553161'
ACTION DOC 10000 7990 EXAMINING_DOCUMENT b'1553161'
ACTION QUERY 10000 8000 art stolen forged states
ACTION SERP 10000 8005 EXAMINE_SERP
ACTION SNIPPET 10000 8008 SEEN_PREVIOUSLY b'1234832'
ACTION SNIPPET 10000 8011 SEEN_PREVIOUSLY b'858730'
ACTION SNIPPET 10000 8014 SEEN_PREVIOUSLY b'1606614'
ACTION SNIPPET 10000 8017 SEEN_PREVIOUSLY b'1470574'
ACTION SNIPPET 10000 8020 SEEN_PREVIOUSLY b'875458'
ACTION SNIPPET 10000 8023 SEEN_PREVIOUSLY b'154819'
ACTION SNIPPET 10000 8026 SEEN_PREVIOUSLY b'825133'
ACTION SNIPPET 10000 8029 SEEN_PREVIOUSLY b'951825'
ACTION SNIPPET 10000 8032 SEEN_PREVIOUSLY b'1786486'
ACTION SNIPPET 10000 8035 SEEN_PREVIOUSLY b'1444189'
ACTION SNIPPET 10000 8038 SEEN_PREVIOUSLY b'1794609'
ACTION SNIPPET 10000 8041 SEEN_PREVIOUSLY b'1799658'
ACTION SNIPPET 10000 8044 SEEN_PREVIOUSLY b'1237592'
ACTION SNIPPET 10000 8047 SEEN_PREVIOUSLY b'155008'
ACTION SNIPPET 10000 8050 SEEN_PREVIOUSLY b'1486881'
ACTION QUERY 10000 8060 art stolen forged representing
ACTION SERP 10000 8065 EXAMINE_SERP
ACTION SNIPPET 10000 8068 SEEN_PREVIOUSLY b'1234832'
ACTION SNIPPET 10000 8071 SEEN_PREVIOUSLY b'858730'
ACTION SNIPPET 10000 8074 SEEN_PREVIOUSLY b'1606614'
ACTION SNIPPET 10000 8077 SEEN_PREVIOUSLY b'875458'
ACTION SNIPPET 10000 8080 SEEN_PREVIOUSLY b'288424'
ACTION SNIPPET 10000 8083 SEEN_PREVIOUSLY b'1470574'
ACTION SNIPPET 10000 8086 SEEN_PREVIOUSLY b'825133'
ACTION SNIPPET 10000 8089 SEEN_PREVIOUSLY b'951825'
ACTION SNIPPET 10000 8092 SEEN_PREVIOUSLY b'154819'
ACTION SNIPPET 10000 8095 SEEN_PREVIOUSLY b'810378'
ACTION SNIPPET 10000 8098 SEEN_PREVIOUSLY b'1799658'
ACTION SNIPPET 10000 8101 SEEN_PREVIOUSLY b'1729989'
ACTION SNIPPET 10000 8104 SEEN_PREVIOUSLY b'1786486'
ACTION SNIPPET 10000 8107 SEEN_PREVIOUSLY b'1794609'
ACTION SNIPPET 10000 8110 SEEN_PREVIOUSLY b'1579997'
ACTION QUERY 10000 8120 art stolen forged bronc
ACTION SERP 10000 8125 EXAMINE_SERP
ACTION SNIPPET 10000 8128 SNIPPET_NOT_RELEVANT b'273596'
ACTION SNIPPET 10000 8131 SNIPPET_NOT_RELEVANT b'259373'
ACTION SNIPPET 10000 8134 SEEN_PREVIOUSLY b'1234832'
ACTION SNIPPET 10000 8137 SEEN_PREVIOUSLY b'858730'
ACTION SNIPPET 10000 8140 SNIPPET_NOT_RELEVANT b'784419'
ACTION SNIPPET 10000 8143 SEEN_PREVIOUSLY b'1606614'
ACTION SNIPPET 10000 8146 SEEN_PREVIOUSLY b'875458'
ACTION SNIPPET 10000 8149 SNIPPET_RELEVANT b'203790'
ACTION DOC 10000 8169 EXAMINING_DOCUMENT b'203790'
ACTION SNIPPET 10000 8172 SNIPPET_NOT_RELEVANT b'950984'
ACTION QUERY 10000 8182 art stolen forged coffee
ACTION SERP 10000 8187 EXAMINE_SERP
ACTION SNIPPET 10000 8190 SEEN_PREVIOUSLY b'1234832'
ACTION SNIPPET 10000 8193 SEEN_PREVIOUSLY b'858730'
ACTION SNIPPET 10000 8196 SEEN_PREVIOUSLY b'1606614'
ACTION SNIPPET 10000 8199 SEEN_PREVIOUSLY b'1478878'
ACTION SNIPPET 10000 8202 SEEN_PREVIOUSLY b'875458'
ACTION SNIPPET 10000 8205 SNIPPET_NOT_RELEVANT b'1773201'
ACTION SNIPPET 10000 8208 SEEN_PREVIOUSLY b'1470574'
ACTION SNIPPET 10000 8211 SEEN_PREVIOUSLY b'825133'
ACTION SNIPPET 10000 8214 SEEN_PREVIOUSLY b'951825'
ACTION SNIPPET 10000 8217 SNIPPET_NOT_RELEVANT b'915525'
ACTION SNIPPET 10000 8220 SEEN_PREVIOUSLY b'154819'
ACTION SNIPPET 10000 8223 SEEN_PREVIOUSLY b'1799658'
ACTION SNIPPET 10000 8226 SEEN_PREVIOUSLY b'1729989'
ACTION SNIPPET 10000 8229 SEEN_PREVIOUSLY b'1786486'
ACTION SNIPPET 10000 8232 SEEN_PREVIOUSLY b'1794609'
ACTION QUERY 10000 8242 art stolen forged find
ACTION SERP 10000 8247 EXAMINE_SERP
ACTION SNIPPET 10000 8250 SEEN_PREVIOUSLY b'858730'
ACTION SNIPPET 10000 8253 SEEN_PREVIOUSLY b'1234832'
ACTION SNIPPET 10000 8256 SEEN_PREVIOUSLY b'951825'
ACTION SNIPPET 10000 8259 SEEN_PREVIOUSLY b'1606614'
ACTION SNIPPET 10000 8262 SEEN_PREVIOUSLY b'875458'
ACTION SNIPPET 10000 8265 SEEN_PREVIOUSLY b'1486881'
ACTION SNIPPET 10000 8268 SEEN_PREVIOUSLY b'1470574'
ACTION SNIPPET 10000 8271 SEEN_PREVIOUSLY b'825133'
ACTION SNIPPET 10000 8274 SEEN_PREVIOUSLY b'154819'
ACTION SNIPPET 10000 8277 SEEN_PREVIOUSLY b'1799658'
ACTION SNIPPET 10000 8280 SEEN_PREVIOUSLY b'1729989'
ACTION SNIPPET 10000 8283 SEEN_PREVIOUSLY b'1786486'
ACTION SNIPPET 10000 8286 SEEN_PREVIOUSLY b'810378'
ACTION SNIPPET 10000 8289 SEEN_PREVIOUSLY b'1794609'
ACTION SNIPPET 10000 8292 SEEN_PREVIOUSLY b'1333216'
ACTION QUERY 10000 8302 art stolen forged lewiston
ACTION SERP 10000 8307 EXAMINE_SERP
ACTION SNIPPET 10000 8310 SEEN_PREVIOUSLY b'1234832'
ACTION SNIPPET 10000 8313 SEEN_PREVIOUSLY b'858730'
ACTION SNIPPET 10000 8316 SEEN_PREVIOUSLY b'1606614'
ACTION SNIPPET 10000 8319 SNIPPET_NOT_RELEVANT b'1773846'
ACTION SNIPPET 10000 8322 SEEN_PREVIOUSLY b'875458'
ACTION SNIPPET 10000 8325 SNIPPET_NOT_RELEVANT b'1540051'
ACTION SNIPPET 10000 8328 SNIPPET_NOT_RELEVANT b'1604670'
ACTION SNIPPET 10000 8331 SNIPPET_RELEVANT b'672047'
ACTION DOC 10000 8351 EXAMINING_DOCUMENT b'672047'
ACTION SNIPPET 10000 8354 SEEN_PREVIOUSLY b'1470574'
ACTION QUERY 10000 8364 art stolen forged jail
ACTION SERP 10000 8369 EXAMINE_SERP
ACTION SNIPPET 10000 8372 SEEN_PREVIOUSLY b'875458'
ACTION SNIPPET 10000 8375 SEEN_PREVIOUSLY b'1799658'
ACTION SNIPPET 10000 8378 SEEN_PREVIOUSLY b'1470574'
ACTION SNIPPET 10000 8381 SEEN_PREVIOUSLY b'1234832'
ACTION SNIPPET 10000 8384 SEEN_PREVIOUSLY b'858730'
ACTION SNIPPET 10000 8387 SEEN_PREVIOUSLY b'1606614'
ACTION SNIPPET 10000 8390 SNIPPET_RELEVANT b'978023'
ACTION DOC 10000 8410 EXAMINING_DOCUMENT b'978023'
ACTION MARK 10000 8413 CONSIDERED_RELEVANT b'978023'
ACTION SNIPPET 10000 8416 SEEN_PREVIOUSLY b'1238584'
ACTION SNIPPET 10000 8419 SEEN_PREVIOUSLY b'1132008'
ACTION SNIPPET 10000 8422 SEEN_PREVIOUSLY b'978186'
ACTION SNIPPET 10000 8425 SNIPPET_NOT_RELEVANT b'961923'
ACTION SNIPPET 10000 8428 SEEN_PREVIOUSLY b'825133'
ACTION SNIPPET 10000 8431 SEEN_PREVIOUSLY b'951825'
ACTION SNIPPET 10000 8434 SNIPPET_NOT_RELEVANT b'1044472'
ACTION SNIPPET 10000 8437 SEEN_PREVIOUSLY b'154819'
ACTION SNIPPET 10000 8440 SNIPPET_NOT_RELEVANT b'863241'
ACTION SNIPPET 10000 8443 SNIPPET_RELEVANT b'1641171'
ACTION DOC 10000 8463 EXAMINING_DOCUMENT b'1641171'
ACTION QUERY 10000 8473 art stolen forged dile
ACTION SERP 10000 8478 EXAMINE_SERP
ACTION SNIPPET 10000 8481 SNIPPET_NOT_RELEVANT b'174671'
ACTION SNIPPET 10000 8484 SNIPPET_NOT_RELEVANT b'1517564'
ACTION SNIPPET 10000 8487 SEEN_PREVIOUSLY b'1234832'
ACTION SNIPPET 10000 8490 SNIPPET_NOT_RELEVANT b'1201365'
ACTION SNIPPET 10000 8493 SEEN_PREVIOUSLY b'858730'
ACTION SNIPPET 10000 8496 SEEN_PREVIOUSLY b'1606614'
ACTION SNIPPET 10000 8499 SEEN_PREVIOUSLY b'875458'
ACTION SNIPPET 10000 8502 SEEN_PREVIOUSLY b'1470574'
ACTION SNIPPET 10000 8505 SEEN_PREVIOUSLY b'825133'
ACTION SNIPPET 10000 8508 SEEN_PREVIOUSLY b'951825'
ACTION SNIPPET 10000 8511 SEEN_PREVIOUSLY b'154819'
ACTION SNIPPET 10000 8514 SEEN_PREVIOUSLY b'1799658'
ACTION SNIPPET 10000 8517 SEEN_PREVIOUSLY b'1729989'
ACTION SNIPPET 10000 8520 SEEN_PREVIOUSLY b'1786486'
ACTION SNIPPET 10000 8523 SEEN_PREVIOUSLY b'1794609'
ACTION QUERY 10000 8533 art stolen forged april
ACTION SERP 10000 8538 EXAMINE_SERP
ACTION SNIPPET 10000 8541 SEEN_PREVIOUSLY b'1234832'
ACTION SNIPPET 10000 8544 SEEN_PREVIOUSLY b'858730'
ACTION SNIPPET 10000 8547 SEEN_PREVIOUSLY b'1606614'
ACTION SNIPPET 10000 8550 SNIPPET_RELEVANT b'258400'
ACTION DOC 10000 8570 EXAMINING_DOCUMENT b'258400'
ACTION SNIPPET 10000 8573 SEEN_PREVIOUSLY b'875458'
ACTION SNIPPET 10000 8576 SEEN_PREVIOUSLY b'1470574'
ACTION SNIPPET 10000 8579 SEEN_PREVIOUSLY b'825133'
ACTION SNIPPET 10000 8582 SEEN_PREVIOUSLY b'951825'
ACTION SNIPPET 10000 8585 SEEN_PREVIOUSLY b'1478878'
ACTION QUERY 10000 8595 art stolen forged raphael
ACTION SERP 10000 8600 EXAMINE_SERP
ACTION SNIPPET 10000 8603 SEEN_PREVIOUSLY b'104050'
ACTION SNIPPET 10000 8606 SEEN_PREVIOUSLY b'1234832'
ACTION SNIPPET 10000 8609 SEEN_PREVIOUSLY b'858730'
ACTION SNIPPET 10000 8612 SEEN_PREVIOUSLY b'1606614'
ACTION SNIPPET 10000 8615 SEEN_PREVIOUSLY b'1404558'
ACTION SNIPPET 10000 8618 SEEN_PREVIOUSLY b'336185'
ACTION SNIPPET 10000 8621 SEEN_PREVIOUSLY b'875458'
ACTION SNIPPET 10000 8624 SNIPPET_RELEVANT b'927126'
ACTION DOC 10000 8644 EXAMINING_DOCUMENT b'927126'
ACTION MARK 10000 8647 CONSIDERED_RELEVANT b'927126'
ACTION SNIPPET 10000 8650 SEEN_PREVIOUSLY b'1470574'
ACTION SNIPPET 10000 8653 SNIPPET_NOT_RELEVANT b'619803'
ACTION SNIPPET 10000 8656 SEEN_PREVIOUSLY b'825133'
ACTION SNIPPET 10000 8659 SEEN_PREVIOUSLY b'951825'
ACTION SNIPPET 10000 8662 SNIPPET_NOT_RELEVANT b'1626552'
ACTION SNIPPET 10000 8665 SNIPPET_RELEVANT b'101690'
ACTION DOC 10000 8685 EXAMINING_DOCUMENT b'101690'
ACTION MARK 10000 8688 CONSIDERED_RELEVANT b'101690'
ACTION SNIPPET 10000 8691 SNIPPET_RELEVANT b'816346'
ACTION DOC 10000 8711 EXAMINING_DOCUMENT b'816346'
ACTION SNIPPET 10000 8714 SNIPPET_NOT_RELEVANT b'1812944'
ACTION SNIPPET 10000 8717 SEEN_PREVIOUSLY b'154819'
ACTION SNIPPET 10000 8720 SNIPPET_RELEVANT b'752168'
ACTION DOC 10000 8740 EXAMINING_DOCUMENT b'752168'
ACTION QUERY 10000 8750 art stolen forged taken
ACTION SERP 10000 8755 EXAMINE_SERP
ACTION SNIPPET 10000 8758 SEEN_PREVIOUSLY b'1234832'
ACTION SNIPPET 10000 8761 SEEN_PREVIOUSLY b'858730'
ACTION SNIPPET 10000 8764 SEEN_PREVIOUSLY b'1606614'
ACTION SNIPPET 10000 8767 SEEN_PREVIOUSLY b'1799658'
ACTION SNIPPET 10000 8770 SEEN_PREVIOUSLY b'1237592'
ACTION SNIPPET 10000 8773 SEEN_PREVIOUSLY b'875458'
ACTION SNIPPET 10000 8776 SEEN_PREVIOUSLY b'234518'
ACTION SNIPPET 10000 8779 SEEN_PREVIOUSLY b'1486881'
ACTION SNIPPET 10000 8782 SEEN_PREVIOUSLY b'1470574'
ACTION SNIPPET 10000 8785 SEEN_PREVIOUSLY b'825133'
ACTION SNIPPET 10000 8788 SEEN_PREVIOUSLY b'951825'
ACTION SNIPPET 10000 8791 SEEN_PREVIOUSLY b'865357'
ACTION SNIPPET 10000 8794 SNIPPET_RELEVANT b'374975'
ACTION DOC 10000 8814 EXAMINING_DOCUMENT b'374975'
ACTION MARK 10000 8817 CONSIDERED_RELEVANT b'374975'
ACTION SNIPPET 10000 8820 SEEN_PREVIOUSLY b'406603'
ACTION SNIPPET 10000 8823 SEEN_PREVIOUSLY b'154819'
ACTION SNIPPET 10000 8826 SEEN_PREVIOUSLY b'398217'
ACTION SNIPPET 10000 8829 SEEN_PREVIOUSLY b'978186'
ACTION SNIPPET 10000 8832 SEEN_PREVIOUSLY b'1812335'
ACTION SNIPPET 10000 8835 SNIPPET_NOT_RELEVANT b'449364'
ACTION SNIPPET 10000 8838 SEEN_PREVIOUSLY b'1829618'
ACTION SNIPPET 10000 8841 SNIPPET_RELEVANT b'336960'
ACTION DOC 10000 8861 EXAMINING_DOCUMENT b'336960'
ACTION MARK 10000 8864 CONSIDERED_RELEVANT b'336960'
ACTION SNIPPET 10000 8867 SEEN_PREVIOUSLY b'1729989'
ACTION SNIPPET 10000 8870 SEEN_PREVIOUSLY b'148137'
ACTION SNIPPET 10000 8873 SEEN_PREVIOUSLY b'1786486'
ACTION SNIPPET 10000 8876 SNIPPET_NOT_RELEVANT b'48285'
ACTION SNIPPET 10000 8879 SEEN_PREVIOUSLY b'1606234'
ACTION SNIPPET 10000 8882 SEEN_PREVIOUSLY b'1794609'
ACTION SNIPPET 10000 8885 SEEN_PREVIOUSLY b'1216341'
ACTION SNIPPET 10000 8888 SNIPPET_NOT_RELEVANT b'1734781'
ACTION SNIPPET 10000 8891 SEEN_PREVIOUSLY b'1333216'
ACTION SNIPPET 10000 8894 SNIPPET_RELEVANT b'452669'
ACTION DOC 10000 8914 EXAMINING_DOCUMENT b'452669'
ACTION MARK 10000 8917 CONSIDERED_RELEVANT b'452669'
ACTION SNIPPET 10000 8920 SNIPPET_NOT_RELEVANT b'961923'
ACTION SNIPPET 10000 8923 SNIPPET_RELEVANT b'117649'
ACTION DOC 10000 8943 EXAMINING_DOCUMENT b'117649'
ACTION SNIPPET 10000 8946 SEEN_PREVIOUSLY b'1444189'
ACTION SNIPPET 10000 8949 SEEN_PREVIOUSLY b'230420'
ACTION SNIPPET 10000 8952 SEEN_PREVIOUSLY b'1173487'
ACTION SNIPPET 10000 8955 SEEN_PREVIOUSLY b'235021'
ACTION SNIPPET 10000 8958 SNIPPET_RELEVANT b'953824'
ACTION DOC 10000 8978 EXAMINING_DOCUMENT b'953824'
ACTION MARK 10000 8981 CONSIDERED_RELEVANT b'953824'
ACTION SNIPPET 10000 8984 SNIPPET_RELEVANT b'1103923'
ACTION DOC 10000 9004 EXAMINING_DOCUMENT b'1103923'
ACTION SNIPPET 10000 9007 SEEN_PREVIOUSLY b'1318769'
ACTION SNIPPET 10000 9010 SEEN_PREVIOUSLY b'336413'
ACTION SNIPPET 10000 9013 SEEN_PREVIOUSLY b'300331'
ACTION SNIPPET 10000 9016 SEEN_PREVIOUSLY b'1392968'
ACTION SNIPPET 10000 9019 SEEN_PREVIOUSLY b'1660866'
ACTION SNIPPET 10000 9022 SEEN_PREVIOUSLY b'336128'
ACTION SNIPPET 10000 9025 SNIPPET_NOT_RELEVANT b'1516521'
ACTION SNIPPET 10000 9028 SEEN_PREVIOUSLY b'1575409'
ACTION SNIPPET 10000 9031 SEEN_PREVIOUSLY b'1209272'
ACTION QUERY 10000 9041 art stolen forged strobling
ACTION SERP 10000 9046 EXAMINE_SERP
ACTION SNIPPET 10000 9049 SNIPPET_NOT_RELEVANT b'162243'
ACTION SNIPPET 10000 9052 SNIPPET_RELEVANT b'184664'
ACTION DOC 10000 9072 EXAMINING_DOCUMENT b'184664'
ACTION SNIPPET 10000 9075 SNIPPET_RELEVANT b'1323662'
ACTION DOC 10000 9095 EXAMINING_DOCUMENT b'1323662'
ACTION QUERY 10000 9105 art stolen forged georges
ACTION SERP 10000 9110 EXAMINE_SERP
ACTION SNIPPET 10000 9113 SEEN_PREVIOUSLY b'825133'
ACTION SNIPPET 10000 9116 SEEN_PREVIOUSLY b'1234832'
ACTION SNIPPET 10000 9119 SEEN_PREVIOUSLY b'858730'
ACTION SNIPPET 10000 9122 SEEN_PREVIOUSLY b'1606614'
ACTION SNIPPET 10000 9125 SEEN_PREVIOUSLY b'875458'
ACTION SNIPPET 10000 9128 SEEN_PREVIOUSLY b'234518'
ACTION SNIPPET 10000 9131 SEEN_PREVIOUSLY b'1470574'
ACTION SNIPPET 10000 9134 SEEN_PREVIOUSLY b'951825'
ACTION SNIPPET 10000 9137 SEEN_PREVIOUSLY b'230420'
ACTION SNIPPET 10000 9140 SEEN_PREVIOUSLY b'235021'
ACTION SNIPPET 10000 9143 SEEN_PREVIOUSLY b'154819'
ACTION SNIPPET 10000 9146 SNIPPET_RELEVANT b'449364'
ACTION DOC 10000 9166 EXAMINING_DOCUMENT b'449364'
ACTION MARK 10000 9169 CONSIDERED_RELEVANT b'449364'
ACTION SNIPPET 10000 9172 SNIPPET_NOT_RELEVANT b'1199775'
ACTION SNIPPET 10000 9175 SEEN_PREVIOUSLY b'1799658'
ACTION SNIPPET 10000 9178 SNIPPET_NOT_RELEVANT b'449200'
ACTION SNIPPET 10000 9181 SEEN_PREVIOUSLY b'1729989'
ACTION SNIPPET 10000 9184 SEEN_PREVIOUSLY b'1786486'
ACTION SNIPPET 10000 9187 SNIPPET_RELEVANT b'1584374'
ACTION DOC 10000 9207 EXAMINING_DOCUMENT b'1584374'
ACTION SNIPPET 10000 9210 SEEN_PREVIOUSLY b'656529'
ACTION SNIPPET 10000 9213 SEEN_PREVIOUSLY b'1794609'
ACTION SNIPPET 10000 9216 SNIPPET_RELEVANT b'184085'
ACTION DOC 10000 9236 EXAMINING_DOCUMENT b'184085'
ACTION QUERY 10000 9246 art stolen forged pa
ACTION SERP 10000 9251 EXAMINE_SERP
ACTION SNIPPET 10000 9254 SEEN_PREVIOUSLY b'1234832'
ACTION SNIPPET 10000 9257 SEEN_PREVIOUSLY b'858730'
ACTION SNIPPET 10000 9260 SEEN_PREVIOUSLY b'1606614'
ACTION SNIPPET 10000 9263 SEEN_PREVIOUSLY b'935550'
ACTION SNIPPET 10000 9266 SEEN_PREVIOUSLY b'875458'
ACTION SNIPPET 10000 9269 SNIPPET_NOT_RELEVANT b'532715'
ACTION SNIPPET 10000 9272 SNIPPET_NOT_RELEVANT b'517256'
ACTION SNIPPET 10000 9275 SEEN_PREVIOUSLY b'1804747'
ACTION SNIPPET 10000 9278 SEEN_PREVIOUSLY b'1470574'
ACTION SNIPPET 10000 9281 SEEN_PREVIOUSLY b'825133'
ACTION SNIPPET 10000 9284 SEEN_PREVIOUSLY b'951825'
ACTION SNIPPET 10000 9287 SNIPPET_NOT_RELEVANT b'520470'
ACTION SNIPPET 10000 9290 SNIPPET_RELEVANT b'1337785'
ACTION DOC 10000 9310 EXAMINING_DOCUMENT b'1337785'
ACTION QUERY 10000 9320 art stolen forged accused
ACTION SERP 10000 9325 EXAMINE_SERP
ACTION SNIPPET 10000 9328 SEEN_PREVIOUSLY b'1234832'
ACTION SNIPPET 10000 9331 SNIPPET_NOT_RELEVANT b'320345'
ACTION SNIPPET 10000 9334 SEEN_PREVIOUSLY b'858730'
ACTION SNIPPET 10000 9337 SEEN_PREVIOUSLY b'945594'
ACTION SNIPPET 10000 9340 SEEN_PREVIOUSLY b'1606614'
ACTION SNIPPET 10000 9343 SNIPPET_NOT_RELEVANT b'209888'
ACTION SNIPPET 10000 9346 SEEN_PREVIOUSLY b'875458'
ACTION SNIPPET 10000 9349 SEEN_PREVIOUSLY b'1470574'
ACTION SNIPPET 10000 9352 SEEN_PREVIOUSLY b'825133'
ACTION SNIPPET 10000 9355 SEEN_PREVIOUSLY b'951825'
ACTION SNIPPET 10000 9358 SNIPPET_RELEVANT b'988244'
ACTION DOC 10000 9378 EXAMINING_DOCUMENT b'988244'
ACTION MARK 10000 9381 CONSIDERED_RELEVANT b'988244'
ACTION SNIPPET 10000 9384 SEEN_PREVIOUSLY b'148137'
ACTION SNIPPET 10000 9387 SEEN_PREVIOUSLY b'154819'
ACTION SNIPPET 10000 9390 SNIPPET_NOT_RELEVANT b'740762'
ACTION SNIPPET 10000 9393 SEEN_PREVIOUSLY b'135267'
ACTION SNIPPET 10000 9396 SEEN_PREVIOUSLY b'357466'
ACTION SNIPPET 10000 9399 SEEN_PREVIOUSLY b'1799658'
ACTION SNIPPET 10000 9402 SEEN_PREVIOUSLY b'1729989'
ACTION SNIPPET 10000 9405 SEEN_PREVIOUSLY b'1786486'
ACTION SNIPPET 10000 9408 SEEN_PREVIOUSLY b'1794609'
ACTION SNIPPET 10000 9411 SNIPPET_RELEVANT b'1489054'
ACTION DOC 10000 9431 EXAMINING_DOCUMENT b'1489054'
ACTION QUERY 10000 9441 art stolen forged vanderbilt
ACTION SERP 10000 9446 EXAMINE_SERP
ACTION SNIPPET 10000 9449 SNIPPET_NOT_RELEVANT b'1531231'
ACTION SNIPPET 10000 9452 SEEN_PREVIOUSLY b'1234832'
ACTION SNIPPET 10000 9455 SEEN_PREVIOUSLY b'858730'
ACTION SNIPPET 10000 9458 SEEN_PREVIOUSLY b'1606614'
ACTION SNIPPET 10000 9461 SEEN_PREVIOUSLY b'1798421'
ACTION SNIPPET 10000 9464 SEEN_PREVIOUSLY b'875458'
ACTION SNIPPET 10000 9467 SNIPPET_RELEVANT b'1799683'
ACTION DOC 10000 9487 EXAMINING_DOCUMENT b'1799683'
ACTION MARK 10000 9490 CONSIDERED_RELEVANT b'1799683'
ACTION SNIPPET 10000 9493 SEEN_PREVIOUSLY b'1470574'
ACTION SNIPPET 10000 9496 SEEN_PREVIOUSLY b'825133'
ACTION SNIPPET 10000 9499 SEEN_PREVIOUSLY b'951825'
ACTION SNIPPET 10000 9502 SEEN_PREVIOUSLY b'154819'
ACTION SNIPPET 10000 9505 SNIPPET_RELEVANT b'1412657'
ACTION DOC 10000 9525 EXAMINING_DOCUMENT b'1412657'
ACTION MARK 10000 9528 CONSIDERED_RELEVANT b'1412657'
ACTION SNIPPET 10000 9531 SNIPPET_RELEVANT b'1064527'
ACTION DOC 10000 9551 EXAMINING_DOCUMENT b'1064527'
ACTION SNIPPET 10000 9554 SEEN_PREVIOUSLY b'1799658'
ACTION SNIPPET 10000 9557 SEEN_PREVIOUSLY b'1729989'
ACTION SNIPPET 10000 9560 SEEN_PREVIOUSLY b'1786486'
ACTION SNIPPET 10000 9563 SEEN_PREVIOUSLY b'1794609'
ACTION SNIPPET 10000 9566 SEEN_PREVIOUSLY b'1333216'
ACTION SNIPPET 10000 9569 SEEN_PREVIOUSLY b'1237592'
ACTION SNIPPET 10000 9572 SEEN_PREVIOUSLY b'1444189'
ACTION SNIPPET 10000 9575 SNIPPET_RELEVANT b'775154'
ACTION DOC 10000 9595 EXAMINING_DOCUMENT b'775154'
ACTION QUERY 10000 9605 art stolen forged genre
ACTION SERP 10000 9610 EXAMINE_SERP
ACTION SNIPPET 10000 9613 SEEN_PREVIOUSLY b'1234832'
ACTION SNIPPET 10000 9616 SEEN_PREVIOUSLY b'858730'
ACTION SNIPPET 10000 9619 SEEN_PREVIOUSLY b'1606614'
ACTION SNIPPET 10000 9622 SEEN_PREVIOUSLY b'875458'
ACTION SNIPPET 10000 9625 SEEN_PREVIOUSLY b'1409060'
ACTION SNIPPET 10000 9628 SEEN_PREVIOUSLY b'1470574'
ACTION SNIPPET 10000 9631 SEEN_PREVIOUSLY b'825133'
ACTION SNIPPET 10000 9634 SEEN_PREVIOUSLY b'951825'
ACTION SNIPPET 10000 9637 SEEN_PREVIOUSLY b'154819'
ACTION SNIPPET 10000 9640 SNIPPET_RELEVANT b'726008'
ACTION DOC 10000 9660 EXAMINING_DOCUMENT b'726008'
ACTION MARK 10000 9663 CONSIDERED_RELEVANT b'726008'
ACTION SNIPPET 10000 9666 SEEN_PREVIOUSLY b'1799658'
ACTION SNIPPET 10000 9669 SEEN_PREVIOUSLY b'1729989'
ACTION SNIPPET 10000 9672 SEEN_PREVIOUSLY b'1786486'
ACTION SNIPPET 10000 9675 SEEN_PREVIOUSLY b'1794609'
ACTION SNIPPET 10000 9678 SNIPPET_RELEVANT b'561677'
ACTION DOC 10000 9698 EXAMINING_DOCUMENT b'561677'
ACTION SNIPPET 10000 9701 SEEN_PREVIOUSLY b'1333216'
ACTION SNIPPET 10000 9704 SEEN_PREVIOUSLY b'1237592'
ACTION SNIPPET 10000 9707 SEEN_PREVIOUSLY b'1444189'
ACTION SNIPPET 10000 9710 SNIPPET_NOT_RELEVANT b'255352'
ACTION SNIPPET 10000 9713 SNIPPET_RELEVANT b'325668'
ACTION DOC 10000 9733 EXAMINING_DOCUMENT b'325668'
ACTION QUERY 10000 9743 art stolen forged frescoes
ACTION SERP 10000 9748 EXAMINE_SERP
ACTION SNIPPET 10000 9751 SEEN_PREVIOUSLY b'1006513'
ACTION SNIPPET 10000 9754 SNIPPET_NOT_RELEVANT b'1479451'
ACTION SNIPPET 10000 9757 SNIPPET_NOT_RELEVANT b'906934'
ACTION SNIPPET 10000 9760 SNIPPET_RELEVANT b'792312'
ACTION DOC 10000 9780 EXAMINING_DOCUMENT b'792312'
ACTION SNIPPET 10000 9783 SNIPPET_NOT_RELEVANT b'792601'
ACTION SNIPPET 10000 9786 SNIPPET_NOT_RELEVANT b'792269'
ACTION SNIPPET 10000 9789 SNIPPET_NOT_RELEVANT b'792676'
ACTION SNIPPET 10000 9792 SEEN_PREVIOUSLY b'1234832'
ACTION SNIPPET 10000 9795 SEEN_PREVIOUSLY b'858730'
ACTION QUERY 10000 9805 art stolen forged edward
ACTION SERP 10000 9810 EXAMINE_SERP
ACTION SNIPPET 10000 9813 SEEN_PREVIOUSLY b'1234832'
ACTION SNIPPET 10000 9816 SEEN_PREVIOUSLY b'858730'
ACTION SNIPPET 10000 9819 SEEN_PREVIOUSLY b'1606614'
ACTION SNIPPET 10000 9822 SEEN_PREVIOUSLY b'875458'
ACTION SNIPPET 10000 9825 SEEN_PREVIOUSLY b'158906'
ACTION SNIPPET 10000 9828 SNIPPET_RELEVANT b'1785031'
ACTION DOC 10000 9848 EXAMINING_DOCUMENT b'1785031'
ACTION MARK 10000 9851 CONSIDERED_RELEVANT b'1785031'
ACTION SNIPPET 10000 9854 SEEN_PREVIOUSLY b'1470574'
ACTION SNIPPET 10000 9857 SEEN_PREVIOUSLY b'825133'
ACTION SNIPPET 10000 9860 SEEN_PREVIOUSLY b'951825'
ACTION SNIPPET 10000 9863 SEEN_PREVIOUSLY b'154819'
ACTION SNIPPET 10000 9866 SEEN_PREVIOUSLY b'300331'
ACTION SNIPPET 10000 9869 SNIPPET_RELEVANT b'1109320'
ACTION DOC 10000 9889 EXAMINING_DOCUMENT b'1109320'
ACTION SNIPPET 10000 9892 SEEN_PREVIOUSLY b'1686029'
ACTION SNIPPET 10000 9895 SEEN_PREVIOUSLY b'1209272'
ACTION SNIPPET 10000 9898 SEEN_PREVIOUSLY b'1799658'
ACTION SNIPPET 10000 9901 SEEN_PREVIOUSLY b'1606210'
ACTION QUERY 10000 9911 art stolen forged churches
ACTION SERP 10000 9916 EXAMINE_SERP
ACTION SNIPPET 10000 9919 SEEN_PREVIOUSLY b'1794609'
ACTION SNIPPET 10000 9922 SEEN_PREVIOUSLY b'1234832'
ACTION SNIPPET 10000 9925 SEEN_PREVIOUSLY b'272433'
ACTION SNIPPET 10000 9928 SEEN_PREVIOUSLY b'858730'
ACTION SNIPPET 10000 9931 SEEN_PREVIOUSLY b'1606614'
ACTION SNIPPET 10000 9934 SEEN_PREVIOUSLY b'363429'
ACTION SNIPPET 10000 9937 SNIPPET_RELEVANT b'546803'
ACTION DOC 10000 9957 EXAMINING_DOCUMENT b'546803'
ACTION MARK 10000 9960 CONSIDERED_RELEVANT b'546803'
ACTION SNIPPET 10000 9963 SEEN_PREVIOUSLY b'875458'
ACTION SNIPPET 10000 9966 SEEN_PREVIOUSLY b'457816'
ACTION SNIPPET 10000 9969 SEEN_PREVIOUSLY b'1785031'
ACTION SNIPPET 10000 9972 SNIPPET_RELEVANT b'369152'
ACTION DOC 10000 9992 EXAMINING_DOCUMENT b'369152'
ACTION SNIPPET 10000 9995 SNIPPET_NOT_RELEVANT b'395384'
ACTION SNIPPET 10000 9998 SEEN_PREVIOUSLY b'729009'
ACTION SNIPPET 10000 10001 SNIPPET_NOT_RELEVANT b'250905'
INFO SUMMARY 
INFO TOTAL_QUERIES_ISSUED 79
INFO TOTAL_SNIPPETS_EXAMINED 1293
INFO TOTAL_DOCUMENTS_EXAMINED 229
INFO TOTAL_DOCUMENTS_MARKED_RELEVANT 119
INFO TOTAL_ATTRACTIVE_SERP_IMPRESSIONS 79
INFO TOTAL_UNATTRACTIVE_SERP_IMPRESSIONS 0
