ACTION QUERY 10000 10 ireland peace talks
ACTION SERP 10000 15 EXAMINE_SERP
ACTION SNIPPET 10000 18 SNIPPET_NOT_RELEVANT b'622835'
ACTION SNIPPET 10000 21 SNIPPET_NOT_RELEVANT b'787370'
ACTION SNIPPET 10000 24 SNIPPET_RELEVANT b'808748'
ACTION DOC 10000 44 EXAMINING_DOCUMENT b'808748'
ACTION SNIPPET 10000 47 SNIPPET_RELEVANT b'959816'
ACTION DOC 10000 67 EXAMINING_DOCUMENT b'959816'
ACTION SNIPPET 10000 70 SNIPPET_RELEVANT b'882470'
ACTION DOC 10000 90 EXAMINING_DOCUMENT b'882470'
ACTION MARK 10000 93 CONSIDERED_RELEVANT b'882470'
ACTION SNIPPET 10000 96 SNIPPET_RELEVANT b'745786'
ACTION DOC 10000 116 EXAMINING_DOCUMENT b'745786'
ACTION SNIPPET 10000 119 SNIPPET_NOT_RELEVANT b'788244'
ACTION SNIPPET 10000 122 SNIPPET_RELEVANT b'445759'
ACTION DOC 10000 142 EXAMINING_DOCUMENT b'445759'
ACTION SNIPPET 10000 145 SNIPPET_RELEVANT b'812461'
ACTION DOC 10000 165 EXAMINING_DOCUMENT b'812461'
ACTION SNIPPET 10000 168 SNIPPET_RELEVANT b'865299'
ACTION DOC 10000 188 EXAMINING_DOCUMENT b'865299'
ACTION MARK 10000 191 CONSIDERED_RELEVANT b'865299'
ACTION QUERY 10000 201 ireland peace talks interruptions
ACTION SERP 10000 206 EXAMINE_SERP
ACTION SNIPPET 10000 209 SNIPPET_RELEVANT b'787911'
ACTION DOC 10000 229 EXAMINING_DOCUMENT b'787911'
ACTION SNIPPET 10000 232 SNIPPET_RELEVANT b'1796158'
ACTION DOC 10000 252 EXAMINING_DOCUMENT b'1796158'
ACTION SNIPPET 10000 255 SNIPPET_NOT_RELEVANT b'1078630'
ACTION SNIPPET 10000 258 SNIPPET_NOT_RELEVANT b'924354'
ACTION SNIPPET 10000 261 SNIPPET_NOT_RELEVANT b'1120064'
ACTION SNIPPET 10000 264 SNIPPET_RELEVANT b'857398'
ACTION DOC 10000 284 EXAMINING_DOCUMENT b'857398'
ACTION SNIPPET 10000 287 SNIPPET_NOT_RELEVANT b'1008901'
ACTION SNIPPET 10000 290 SNIPPET_NOT_RELEVANT b'622835'
ACTION SNIPPET 10000 293 SNIPPET_NOT_RELEVANT b'787370'
ACTION SNIPPET 10000 296 SEEN_PREVIOUSLY b'808748'
ACTION QUERY 10000 306 ireland peace talks attributable
ACTION SERP 10000 311 EXAMINE_SERP
ACTION SNIPPET 10000 314 SNIPPET_NOT_RELEVANT b'817689'
ACTION SNIPPET 10000 317 SNIPPET_NOT_RELEVANT b'994877'
ACTION SNIPPET 10000 320 SNIPPET_NOT_RELEVANT b'994559'
ACTION SNIPPET 10000 323 SNIPPET_RELEVANT b'821182'
ACTION DOC 10000 343 EXAMINING_DOCUMENT b'821182'
ACTION MARK 10000 346 CONSIDERED_RELEVANT b'821182'
ACTION SNIPPET 10000 349 SNIPPET_RELEVANT b'821316'
ACTION DOC 10000 369 EXAMINING_DOCUMENT b'821316'
ACTION MARK 10000 372 CONSIDERED_RELEVANT b'821316'
ACTION SNIPPET 10000 375 SNIPPET_RELEVANT b'990896'
ACTION DOC 10000 395 EXAMINING_DOCUMENT b'990896'
ACTION SNIPPET 10000 398 SNIPPET_RELEVANT b'1325939'
ACTION DOC 10000 418 EXAMINING_DOCUMENT b'1325939'
ACTION SNIPPET 10000 421 SNIPPET_RELEVANT b'664935'
ACTION DOC 10000 441 EXAMINING_DOCUMENT b'664935'
ACTION SNIPPET 10000 444 SNIPPET_NOT_RELEVANT b'1671010'
ACTION SNIPPET 10000 447 SNIPPET_RELEVANT b'665761'
ACTION DOC 10000 467 EXAMINING_DOCUMENT b'665761'
ACTION QUERY 10000 477 ireland peace talks delayed
ACTION SERP 10000 482 EXAMINE_SERP
ACTION SNIPPET 10000 485 SEEN_PREVIOUSLY b'745786'
ACTION SNIPPET 10000 488 SNIPPET_NOT_RELEVANT b'644645'
ACTION SNIPPET 10000 491 SNIPPET_RELEVANT b'443766'
ACTION DOC 10000 511 EXAMINING_DOCUMENT b'443766'
ACTION SNIPPET 10000 514 SNIPPET_NOT_RELEVANT b'1005983'
ACTION SNIPPET 10000 517 SEEN_PREVIOUSLY b'821182'
ACTION SNIPPET 10000 520 SEEN_PREVIOUSLY b'821316'
ACTION SNIPPET 10000 523 SNIPPET_RELEVANT b'833242'
ACTION DOC 10000 543 EXAMINING_DOCUMENT b'833242'
ACTION MARK 10000 546 CONSIDERED_RELEVANT b'833242'
ACTION SNIPPET 10000 549 SNIPPET_NOT_RELEVANT b'786985'
ACTION SNIPPET 10000 552 SNIPPET_RELEVANT b'1055072'
ACTION DOC 10000 572 EXAMINING_DOCUMENT b'1055072'
ACTION SNIPPET 10000 575 SNIPPET_RELEVANT b'838306'
ACTION DOC 10000 595 EXAMINING_DOCUMENT b'838306'
ACTION QUERY 10000 605 ireland peace talks result
ACTION SERP 10000 610 EXAMINE_SERP
ACTION SNIPPET 10000 613 SNIPPET_NOT_RELEVANT b'988016'
ACTION SNIPPET 10000 616 SNIPPET_NOT_RELEVANT b'799936'
ACTION SNIPPET 10000 619 SNIPPET_NOT_RELEVANT b'799535'
ACTION SNIPPET 10000 622 SNIPPET_RELEVANT b'945319'
ACTION DOC 10000 642 EXAMINING_DOCUMENT b'945319'
ACTION SNIPPET 10000 645 SNIPPET_NOT_RELEVANT b'730207'
ACTION SNIPPET 10000 648 SNIPPET_NOT_RELEVANT b'450456'
ACTION SNIPPET 10000 651 SNIPPET_NOT_RELEVANT b'1159005'
ACTION SNIPPET 10000 654 SEEN_PREVIOUSLY b'821182'
ACTION SNIPPET 10000 657 SEEN_PREVIOUSLY b'821316'
ACTION SNIPPET 10000 660 SNIPPET_RELEVANT b'641098'
ACTION DOC 10000 680 EXAMINING_DOCUMENT b'641098'
ACTION QUERY 10000 690 ireland peace talks disrupted
ACTION SERP 10000 695 EXAMINE_SERP
ACTION SNIPPET 10000 698 SNIPPET_RELEVANT b'1316843'
ACTION DOC 10000 718 EXAMINING_DOCUMENT b'1316843'
ACTION SNIPPET 10000 721 SNIPPET_NOT_RELEVANT b'644645'
ACTION SNIPPET 10000 724 SNIPPET_RELEVANT b'1043814'
ACTION DOC 10000 744 EXAMINING_DOCUMENT b'1043814'
ACTION SNIPPET 10000 747 SNIPPET_NOT_RELEVANT b'994559'
ACTION SNIPPET 10000 750 SNIPPET_RELEVANT b'989497'
ACTION DOC 10000 770 EXAMINING_DOCUMENT b'989497'
ACTION SNIPPET 10000 773 SNIPPET_NOT_RELEVANT b'450456'
ACTION SNIPPET 10000 776 SNIPPET_NOT_RELEVANT b'738700'
ACTION SNIPPET 10000 779 SNIPPET_RELEVANT b'996038'
ACTION DOC 10000 799 EXAMINING_DOCUMENT b'996038'
ACTION MARK 10000 802 CONSIDERED_RELEVANT b'996038'
ACTION SNIPPET 10000 805 SNIPPET_RELEVANT b'730207'
ACTION DOC 10000 825 EXAMINING_DOCUMENT b'730207'
ACTION SNIPPET 10000 828 SNIPPET_RELEVANT b'744215'
ACTION DOC 10000 848 EXAMINING_DOCUMENT b'744215'
ACTION QUERY 10000 858 ireland peace talks violence
ACTION SERP 10000 863 EXAMINE_SERP
ACTION SNIPPET 10000 866 SNIPPET_RELEVANT b'937737'
ACTION DOC 10000 886 EXAMINING_DOCUMENT b'937737'
ACTION MARK 10000 889 CONSIDERED_RELEVANT b'937737'
ACTION SNIPPET 10000 892 SNIPPET_RELEVANT b'645753'
ACTION DOC 10000 912 EXAMINING_DOCUMENT b'645753'
ACTION MARK 10000 915 CONSIDERED_RELEVANT b'645753'
ACTION SNIPPET 10000 918 SNIPPET_NOT_RELEVANT b'1005983'
ACTION SNIPPET 10000 921 SNIPPET_NOT_RELEVANT b'1017810'
ACTION SNIPPET 10000 924 SEEN_PREVIOUSLY b'821182'
ACTION SNIPPET 10000 927 SEEN_PREVIOUSLY b'821316'
ACTION SNIPPET 10000 930 SEEN_PREVIOUSLY b'882470'
ACTION SNIPPET 10000 933 SEEN_PREVIOUSLY b'959816'
ACTION SNIPPET 10000 936 SNIPPET_RELEVANT b'788244'
ACTION DOC 10000 956 EXAMINING_DOCUMENT b'788244'
ACTION SNIPPET 10000 959 SNIPPET_RELEVANT b'671335'
ACTION DOC 10000 979 EXAMINING_DOCUMENT b'671335'
ACTION QUERY 10000 989 ireland peace talks ireland
ACTION SERP 10000 994 EXAMINE_SERP
ACTION SNIPPET 10000 997 SNIPPET_NOT_RELEVANT b'787370'
ACTION SNIPPET 10000 1000 SNIPPET_RELEVANT b'622835'
ACTION DOC 10000 1020 EXAMINING_DOCUMENT b'622835'
ACTION SNIPPET 10000 1023 SEEN_PREVIOUSLY b'445759'
ACTION SNIPPET 10000 1026 SEEN_PREVIOUSLY b'808748'
ACTION SNIPPET 10000 1029 SEEN_PREVIOUSLY b'882470'
ACTION SNIPPET 10000 1032 SNIPPET_NOT_RELEVANT b'731647'
ACTION SNIPPET 10000 1035 SNIPPET_RELEVANT b'957604'
ACTION DOC 10000 1055 EXAMINING_DOCUMENT b'957604'
ACTION SNIPPET 10000 1058 SEEN_PREVIOUSLY b'812461'
ACTION SNIPPET 10000 1061 SEEN_PREVIOUSLY b'745786'
ACTION SNIPPET 10000 1064 SEEN_PREVIOUSLY b'788244'
ACTION QUERY 10000 1074 ireland peace talks process
ACTION SERP 10000 1079 EXAMINE_SERP
ACTION SNIPPET 10000 1082 SEEN_PREVIOUSLY b'788244'
ACTION SNIPPET 10000 1085 SNIPPET_NOT_RELEVANT b'787370'
ACTION SNIPPET 10000 1088 SEEN_PREVIOUSLY b'882470'
ACTION SNIPPET 10000 1091 SNIPPET_NOT_RELEVANT b'901647'
ACTION SNIPPET 10000 1094 SNIPPET_NOT_RELEVANT b'946047'
ACTION SNIPPET 10000 1097 SNIPPET_NOT_RELEVANT b'786808'
ACTION SNIPPET 10000 1100 SNIPPET_NOT_RELEVANT b'860820'
ACTION SNIPPET 10000 1103 SEEN_PREVIOUSLY b'745786'
ACTION SNIPPET 10000 1106 SNIPPET_NOT_RELEVANT b'1054620'
ACTION SNIPPET 10000 1109 SNIPPET_RELEVANT b'1397349'
ACTION DOC 10000 1129 EXAMINING_DOCUMENT b'1397349'
ACTION QUERY 10000 1139 ireland peace talks directly
ACTION SERP 10000 1144 EXAMINE_SERP
ACTION SNIPPET 10000 1147 SNIPPET_NOT_RELEVANT b'666299'
ACTION SNIPPET 10000 1150 SEEN_PREVIOUSLY b'1055072'
ACTION SNIPPET 10000 1153 SNIPPET_RELEVANT b'949797'
ACTION DOC 10000 1173 EXAMINING_DOCUMENT b'949797'
ACTION SNIPPET 10000 1176 SNIPPET_RELEVANT b'1002800'
ACTION DOC 10000 1196 EXAMINING_DOCUMENT b'1002800'
ACTION SNIPPET 10000 1199 SEEN_PREVIOUSLY b'1325939'
ACTION SNIPPET 10000 1202 SNIPPET_RELEVANT b'718009'
ACTION DOC 10000 1222 EXAMINING_DOCUMENT b'718009'
ACTION SNIPPET 10000 1225 SNIPPET_RELEVANT b'657523'
ACTION DOC 10000 1245 EXAMINING_DOCUMENT b'657523'
ACTION SNIPPET 10000 1248 SNIPPET_RELEVANT b'1003028'
ACTION DOC 10000 1268 EXAMINING_DOCUMENT b'1003028'
ACTION SNIPPET 10000 1271 SNIPPET_NOT_RELEVANT b'948244'
ACTION SNIPPET 10000 1274 SNIPPET_RELEVANT b'784832'
ACTION DOC 10000 1294 EXAMINING_DOCUMENT b'784832'
ACTION QUERY 10000 1304 ireland peace talks base
ACTION SERP 10000 1309 EXAMINE_SERP
ACTION SNIPPET 10000 1312 SEEN_PREVIOUSLY b'882470'
ACTION SNIPPET 10000 1315 SNIPPET_NOT_RELEVANT b'855823'
ACTION SNIPPET 10000 1318 SNIPPET_RELEVANT b'882024'
ACTION DOC 10000 1338 EXAMINING_DOCUMENT b'882024'
ACTION SNIPPET 10000 1341 SNIPPET_NOT_RELEVANT b'889213'
ACTION SNIPPET 10000 1344 SNIPPET_NOT_RELEVANT b'892027'
ACTION SNIPPET 10000 1347 SNIPPET_RELEVANT b'833426'
ACTION DOC 10000 1367 EXAMINING_DOCUMENT b'833426'
ACTION MARK 10000 1370 CONSIDERED_RELEVANT b'833426'
ACTION SNIPPET 10000 1373 SNIPPET_NOT_RELEVANT b'853735'
ACTION SNIPPET 10000 1376 SNIPPET_RELEVANT b'656225'
ACTION DOC 10000 1396 EXAMINING_DOCUMENT b'656225'
ACTION SNIPPET 10000 1399 SNIPPET_RELEVANT b'893084'
ACTION DOC 10000 1419 EXAMINING_DOCUMENT b'893084'
ACTION SNIPPET 10000 1422 SNIPPET_NOT_RELEVANT b'743725'
ACTION QUERY 10000 1432 ireland peace talks part
ACTION SERP 10000 1437 EXAMINE_SERP
ACTION SNIPPET 10000 1440 SEEN_PREVIOUSLY b'622835'
ACTION SNIPPET 10000 1443 SEEN_PREVIOUSLY b'812461'
ACTION SNIPPET 10000 1446 SNIPPET_RELEVANT b'731647'
ACTION DOC 10000 1466 EXAMINING_DOCUMENT b'731647'
ACTION SNIPPET 10000 1469 SEEN_PREVIOUSLY b'865299'
ACTION SNIPPET 10000 1472 SNIPPET_RELEVANT b'764747'
ACTION DOC 10000 1492 EXAMINING_DOCUMENT b'764747'
ACTION SNIPPET 10000 1495 SEEN_PREVIOUSLY b'808748'
ACTION SNIPPET 10000 1498 SNIPPET_NOT_RELEVANT b'653747'
ACTION SNIPPET 10000 1501 SEEN_PREVIOUSLY b'788244'
ACTION SNIPPET 10000 1504 SNIPPET_NOT_RELEVANT b'701826'
ACTION SNIPPET 10000 1507 SEEN_PREVIOUSLY b'957604'
ACTION QUERY 10000 1517 ireland peace talks date
ACTION SERP 10000 1522 EXAMINE_SERP
ACTION SNIPPET 10000 1525 SEEN_PREVIOUSLY b'833426'
ACTION SNIPPET 10000 1528 SEEN_PREVIOUSLY b'833242'
ACTION SNIPPET 10000 1531 SNIPPET_RELEVANT b'786985'
ACTION DOC 10000 1551 EXAMINING_DOCUMENT b'786985'
ACTION MARK 10000 1554 CONSIDERED_RELEVANT b'786985'
ACTION SNIPPET 10000 1557 SEEN_PREVIOUSLY b'808748'
ACTION SNIPPET 10000 1560 SEEN_PREVIOUSLY b'989497'
ACTION SNIPPET 10000 1563 SNIPPET_NOT_RELEVANT b'928743'
ACTION SNIPPET 10000 1566 SEEN_PREVIOUSLY b'957604'
ACTION SNIPPET 10000 1569 SNIPPET_RELEVANT b'799936'
ACTION DOC 10000 1589 EXAMINING_DOCUMENT b'799936'
ACTION SNIPPET 10000 1592 SNIPPET_NOT_RELEVANT b'799535'
ACTION SNIPPET 10000 1595 SNIPPET_RELEVANT b'930416'
ACTION DOC 10000 1615 EXAMINING_DOCUMENT b'930416'
ACTION QUERY 10000 1625 ireland peace talks scheduled
ACTION SERP 10000 1630 EXAMINE_SERP
ACTION SNIPPET 10000 1633 SNIPPET_RELEVANT b'1005983'
ACTION DOC 10000 1653 EXAMINING_DOCUMENT b'1005983'
ACTION SNIPPET 10000 1656 SEEN_PREVIOUSLY b'445759'
ACTION SNIPPET 10000 1659 SEEN_PREVIOUSLY b'945319'
ACTION SNIPPET 10000 1662 SNIPPET_RELEVANT b'793076'
ACTION DOC 10000 1682 EXAMINING_DOCUMENT b'793076'
ACTION SNIPPET 10000 1685 SNIPPET_RELEVANT b'793348'
ACTION DOC 10000 1705 EXAMINING_DOCUMENT b'793348'
ACTION SNIPPET 10000 1708 SEEN_PREVIOUSLY b'808748'
ACTION SNIPPET 10000 1711 SEEN_PREVIOUSLY b'786985'
ACTION SNIPPET 10000 1714 SNIPPET_NOT_RELEVANT b'450456'
ACTION SNIPPET 10000 1717 SEEN_PREVIOUSLY b'957604'
ACTION SNIPPET 10000 1720 SNIPPET_NOT_RELEVANT b'855823'
ACTION QUERY 10000 1730 ireland peace talks established
ACTION SERP 10000 1735 EXAMINE_SERP
ACTION SNIPPET 10000 1738 SEEN_PREVIOUSLY b'945319'
ACTION SNIPPET 10000 1741 SNIPPET_NOT_RELEVANT b'786808'
ACTION SNIPPET 10000 1744 SEEN_PREVIOUSLY b'882470'
ACTION SNIPPET 10000 1747 SEEN_PREVIOUSLY b'731647'
ACTION SNIPPET 10000 1750 SEEN_PREVIOUSLY b'788244'
ACTION SNIPPET 10000 1753 SNIPPET_NOT_RELEVANT b'996409'
ACTION SNIPPET 10000 1756 SNIPPET_RELEVANT b'1096978'
ACTION DOC 10000 1776 EXAMINING_DOCUMENT b'1096978'
ACTION SNIPPET 10000 1779 SNIPPET_NOT_RELEVANT b'978157'
ACTION SNIPPET 10000 1782 SNIPPET_RELEVANT b'812358'
ACTION DOC 10000 1802 EXAMINING_DOCUMENT b'812358'
ACTION SNIPPET 10000 1805 SEEN_PREVIOUSLY b'799936'
ACTION QUERY 10000 1815 ireland peace talks leaders
ACTION SERP 10000 1820 EXAMINE_SERP
ACTION SNIPPET 10000 1823 SEEN_PREVIOUSLY b'745786'
ACTION SNIPPET 10000 1826 SEEN_PREVIOUSLY b'959816'
ACTION SNIPPET 10000 1829 SEEN_PREVIOUSLY b'731647'
ACTION SNIPPET 10000 1832 SNIPPET_RELEVANT b'745066'
ACTION DOC 10000 1852 EXAMINING_DOCUMENT b'745066'
ACTION SNIPPET 10000 1855 SEEN_PREVIOUSLY b'957604'
ACTION SNIPPET 10000 1858 SEEN_PREVIOUSLY b'882470'
ACTION SNIPPET 10000 1861 SEEN_PREVIOUSLY b'812461'
ACTION SNIPPET 10000 1864 SNIPPET_NOT_RELEVANT b'744843'
ACTION SNIPPET 10000 1867 SNIPPET_NOT_RELEVANT b'965305'
ACTION SNIPPET 10000 1870 SEEN_PREVIOUSLY b'808748'
ACTION QUERY 10000 1880 ireland peace talks deal
ACTION SERP 10000 1885 EXAMINE_SERP
ACTION SNIPPET 10000 1888 SEEN_PREVIOUSLY b'1055072'
ACTION SNIPPET 10000 1891 SNIPPET_NOT_RELEVANT b'853735'
ACTION SNIPPET 10000 1894 SEEN_PREVIOUSLY b'793076'
ACTION SNIPPET 10000 1897 SEEN_PREVIOUSLY b'793348'
ACTION SNIPPET 10000 1900 SNIPPET_NOT_RELEVANT b'812130'
ACTION SNIPPET 10000 1903 SEEN_PREVIOUSLY b'786985'
ACTION SNIPPET 10000 1906 SNIPPET_NOT_RELEVANT b'928743'
ACTION SNIPPET 10000 1909 SNIPPET_NOT_RELEVANT b'855823'
ACTION SNIPPET 10000 1912 SNIPPET_RELEVANT b'1017810'
ACTION DOC 10000 1932 EXAMINING_DOCUMENT b'1017810'
ACTION SNIPPET 10000 1935 SNIPPET_NOT_RELEVANT b'653747'
ACTION QUERY 10000 1945 ireland peace talks will
ACTION SERP 10000 1950 EXAMINE_SERP
ACTION SNIPPET 10000 1953 SEEN_PREVIOUSLY b'622835'
ACTION SNIPPET 10000 1956 SNIPPET_RELEVANT b'787370'
ACTION DOC 10000 1976 EXAMINING_DOCUMENT b'787370'
ACTION SNIPPET 10000 1979 SEEN_PREVIOUSLY b'808748'
ACTION SNIPPET 10000 1982 SEEN_PREVIOUSLY b'882470'
ACTION SNIPPET 10000 1985 SEEN_PREVIOUSLY b'445759'
ACTION SNIPPET 10000 1988 SEEN_PREVIOUSLY b'788244'
ACTION SNIPPET 10000 1991 SEEN_PREVIOUSLY b'812461'
ACTION SNIPPET 10000 1994 SEEN_PREVIOUSLY b'959816'
ACTION SNIPPET 10000 1997 SEEN_PREVIOUSLY b'745786'
ACTION SNIPPET 10000 2000 SEEN_PREVIOUSLY b'957604'
ACTION QUERY 10000 2010 ireland peace talks difference
ACTION SERP 10000 2015 EXAMINE_SERP
ACTION SNIPPET 10000 2018 SEEN_PREVIOUSLY b'959816'
ACTION SNIPPET 10000 2021 SNIPPET_NOT_RELEVANT b'743009'
ACTION SNIPPET 10000 2024 SEEN_PREVIOUSLY b'445759'
ACTION SNIPPET 10000 2027 SEEN_PREVIOUSLY b'786985'
ACTION SNIPPET 10000 2030 SNIPPET_RELEVANT b'1154235'
ACTION DOC 10000 2050 EXAMINING_DOCUMENT b'1154235'
ACTION SNIPPET 10000 2053 SEEN_PREVIOUSLY b'812461'
ACTION SNIPPET 10000 2056 SNIPPET_NOT_RELEVANT b'996409'
ACTION SNIPPET 10000 2059 SEEN_PREVIOUSLY b'1017810'
ACTION SNIPPET 10000 2062 SNIPPET_NOT_RELEVANT b'1612045'
ACTION SNIPPET 10000 2065 SNIPPET_RELEVANT b'629074'
ACTION DOC 10000 2085 EXAMINING_DOCUMENT b'629074'
ACTION QUERY 10000 2095 ireland peace talks stand
ACTION SERP 10000 2100 EXAMINE_SERP
ACTION SNIPPET 10000 2103 SNIPPET_NOT_RELEVANT b'1123728'
ACTION SNIPPET 10000 2106 SNIPPET_RELEVANT b'659838'
ACTION DOC 10000 2126 EXAMINING_DOCUMENT b'659838'
ACTION SNIPPET 10000 2129 SNIPPET_RELEVANT b'656887'
ACTION DOC 10000 2149 EXAMINING_DOCUMENT b'656887'
ACTION SNIPPET 10000 2152 SEEN_PREVIOUSLY b'799936'
ACTION SNIPPET 10000 2155 SNIPPET_NOT_RELEVANT b'799535'
ACTION SNIPPET 10000 2158 SNIPPET_NOT_RELEVANT b'1008730'
ACTION SNIPPET 10000 2161 SNIPPET_RELEVANT b'853704'
ACTION DOC 10000 2181 EXAMINING_DOCUMENT b'853704'
ACTION SNIPPET 10000 2184 SEEN_PREVIOUSLY b'745066'
ACTION SNIPPET 10000 2187 SNIPPET_NOT_RELEVANT b'710290'
ACTION SNIPPET 10000 2190 SNIPPET_RELEVANT b'656402'
ACTION DOC 10000 2210 EXAMINING_DOCUMENT b'656402'
ACTION QUERY 10000 2220 ireland peace talks officer
ACTION SERP 10000 2225 EXAMINE_SERP
ACTION SNIPPET 10000 2228 SEEN_PREVIOUSLY b'937737'
ACTION SNIPPET 10000 2231 SEEN_PREVIOUSLY b'808748'
ACTION SNIPPET 10000 2234 SEEN_PREVIOUSLY b'1005983'
ACTION SNIPPET 10000 2237 SNIPPET_NOT_RELEVANT b'928743'
ACTION SNIPPET 10000 2240 SEEN_PREVIOUSLY b'1017810'
ACTION SNIPPET 10000 2243 SEEN_PREVIOUSLY b'945319'
ACTION SNIPPET 10000 2246 SEEN_PREVIOUSLY b'949797'
ACTION SNIPPET 10000 2249 SNIPPET_RELEVANT b'854268'
ACTION DOC 10000 2269 EXAMINING_DOCUMENT b'854268'
ACTION SNIPPET 10000 2272 SNIPPET_NOT_RELEVANT b'745318'
ACTION SNIPPET 10000 2275 SEEN_PREVIOUSLY b'1003028'
ACTION QUERY 10000 2285 ireland peace talks sens
ACTION SERP 10000 2290 EXAMINE_SERP
ACTION SNIPPET 10000 2293 SNIPPET_RELEVANT b'1094552'
ACTION DOC 10000 2313 EXAMINING_DOCUMENT b'1094552'
ACTION SNIPPET 10000 2316 SNIPPET_RELEVANT b'455020'
ACTION DOC 10000 2336 EXAMINING_DOCUMENT b'455020'
ACTION SNIPPET 10000 2339 SNIPPET_NOT_RELEVANT b'1529170'
ACTION SNIPPET 10000 2342 SNIPPET_RELEVANT b'279651'
ACTION DOC 10000 2362 EXAMINING_DOCUMENT b'279651'
ACTION SNIPPET 10000 2365 SNIPPET_RELEVANT b'410793'
ACTION DOC 10000 2385 EXAMINING_DOCUMENT b'410793'
ACTION SNIPPET 10000 2388 SNIPPET_RELEVANT b'165840'
ACTION DOC 10000 2408 EXAMINING_DOCUMENT b'165840'
ACTION SNIPPET 10000 2411 SNIPPET_NOT_RELEVANT b'1690801'
ACTION SNIPPET 10000 2414 SNIPPET_RELEVANT b'237036'
ACTION DOC 10000 2434 EXAMINING_DOCUMENT b'237036'
ACTION SNIPPET 10000 2437 SNIPPET_RELEVANT b'105730'
ACTION DOC 10000 2457 EXAMINING_DOCUMENT b'105730'
ACTION SNIPPET 10000 2460 SNIPPET_NOT_RELEVANT b'280350'
ACTION QUERY 10000 2470 ireland peace talks dismantled
ACTION SERP 10000 2475 EXAMINE_SERP
ACTION SNIPPET 10000 2478 SNIPPET_RELEVANT b'1464517'
ACTION DOC 10000 2498 EXAMINING_DOCUMENT b'1464517'
ACTION SNIPPET 10000 2501 SNIPPET_NOT_RELEVANT b'1044437'
ACTION SNIPPET 10000 2504 SNIPPET_NOT_RELEVANT b'777553'
ACTION SNIPPET 10000 2507 SNIPPET_NOT_RELEVANT b'1337868'
ACTION SNIPPET 10000 2510 SNIPPET_NOT_RELEVANT b'445566'
ACTION SNIPPET 10000 2513 SNIPPET_NOT_RELEVANT b'1175097'
ACTION SNIPPET 10000 2516 SNIPPET_NOT_RELEVANT b'1336674'
ACTION SNIPPET 10000 2519 SNIPPET_RELEVANT b'1478889'
ACTION DOC 10000 2539 EXAMINING_DOCUMENT b'1478889'
ACTION SNIPPET 10000 2542 SNIPPET_RELEVANT b'1154548'
ACTION DOC 10000 2562 EXAMINING_DOCUMENT b'1154548'
ACTION SNIPPET 10000 2565 SNIPPET_NOT_RELEVANT b'893140'
ACTION QUERY 10000 2575 ireland peace talks return
ACTION SERP 10000 2580 EXAMINE_SERP
ACTION SNIPPET 10000 2583 SEEN_PREVIOUSLY b'865299'
ACTION SNIPPET 10000 2586 SEEN_PREVIOUSLY b'821182'
ACTION SNIPPET 10000 2589 SEEN_PREVIOUSLY b'821316'
ACTION SNIPPET 10000 2592 SNIPPET_NOT_RELEVANT b'599171'
ACTION SNIPPET 10000 2595 SEEN_PREVIOUSLY b'788244'
ACTION SNIPPET 10000 2598 SNIPPET_RELEVANT b'1066315'
ACTION DOC 10000 2618 EXAMINING_DOCUMENT b'1066315'
ACTION SNIPPET 10000 2621 SEEN_PREVIOUSLY b'1002800'
ACTION SNIPPET 10000 2624 SNIPPET_RELEVANT b'831688'
ACTION DOC 10000 2644 EXAMINING_DOCUMENT b'831688'
ACTION SNIPPET 10000 2647 SNIPPET_RELEVANT b'936058'
ACTION DOC 10000 2667 EXAMINING_DOCUMENT b'936058'
ACTION MARK 10000 2670 CONSIDERED_RELEVANT b'936058'
ACTION SNIPPET 10000 2673 SNIPPET_RELEVANT b'892027'
ACTION DOC 10000 2693 EXAMINING_DOCUMENT b'892027'
ACTION MARK 10000 2696 CONSIDERED_RELEVANT b'892027'
ACTION QUERY 10000 2706 ireland peace talks sinn
ACTION SERP 10000 2711 EXAMINE_SERP
ACTION SNIPPET 10000 2714 SNIPPET_NOT_RELEVANT b'701826'
ACTION SNIPPET 10000 2717 SEEN_PREVIOUSLY b'799936'
ACTION SNIPPET 10000 2720 SNIPPET_RELEVANT b'799535'
ACTION DOC 10000 2740 EXAMINING_DOCUMENT b'799535'
ACTION SNIPPET 10000 2743 SEEN_PREVIOUSLY b'629074'
ACTION SNIPPET 10000 2746 SEEN_PREVIOUSLY b'745786'
ACTION SNIPPET 10000 2749 SNIPPET_RELEVANT b'996409'
ACTION DOC 10000 2769 EXAMINING_DOCUMENT b'996409'
ACTION SNIPPET 10000 2772 SEEN_PREVIOUSLY b'937737'
ACTION SNIPPET 10000 2775 SEEN_PREVIOUSLY b'787370'
ACTION SNIPPET 10000 2778 SNIPPET_RELEVANT b'688383'
ACTION DOC 10000 2798 EXAMINING_DOCUMENT b'688383'
ACTION SNIPPET 10000 2801 SNIPPET_NOT_RELEVANT b'996217'
ACTION QUERY 10000 2811 ireland peace talks wing
ACTION SERP 10000 2816 EXAMINE_SERP
ACTION SNIPPET 10000 2819 SEEN_PREVIOUSLY b'745786'
ACTION SNIPPET 10000 2822 SEEN_PREVIOUSLY b'945319'
ACTION SNIPPET 10000 2825 SEEN_PREVIOUSLY b'645753'
ACTION SNIPPET 10000 2828 SNIPPET_NOT_RELEVANT b'994559'
ACTION SNIPPET 10000 2831 SNIPPET_RELEVANT b'1123728'
ACTION DOC 10000 2851 EXAMINING_DOCUMENT b'1123728'
ACTION SNIPPET 10000 2854 SNIPPET_NOT_RELEVANT b'956524'
ACTION SNIPPET 10000 2857 SEEN_PREVIOUSLY b'853704'
ACTION SNIPPET 10000 2860 SEEN_PREVIOUSLY b'808748'
ACTION SNIPPET 10000 2863 SEEN_PREVIOUSLY b'882470'
ACTION SNIPPET 10000 2866 SNIPPET_RELEVANT b'644645'
ACTION DOC 10000 2886 EXAMINING_DOCUMENT b'644645'
ACTION MARK 10000 2889 CONSIDERED_RELEVANT b'644645'
ACTION QUERY 10000 2899 ireland peace talks blast
ACTION SERP 10000 2904 EXAMINE_SERP
ACTION SNIPPET 10000 2907 SEEN_PREVIOUSLY b'882024'
ACTION SNIPPET 10000 2910 SNIPPET_NOT_RELEVANT b'832540'
ACTION SNIPPET 10000 2913 SEEN_PREVIOUSLY b'644645'
ACTION SNIPPET 10000 2916 SEEN_PREVIOUSLY b'1002800'
ACTION SNIPPET 10000 2919 SNIPPET_RELEVANT b'828989'
ACTION DOC 10000 2939 EXAMINING_DOCUMENT b'828989'
ACTION MARK 10000 2942 CONSIDERED_RELEVANT b'828989'
ACTION SNIPPET 10000 2945 SNIPPET_RELEVANT b'858531'
ACTION DOC 10000 2965 EXAMINING_DOCUMENT b'858531'
ACTION MARK 10000 2968 CONSIDERED_RELEVANT b'858531'
ACTION SNIPPET 10000 2971 SNIPPET_NOT_RELEVANT b'844523'
ACTION SNIPPET 10000 2974 SNIPPET_RELEVANT b'958281'
ACTION DOC 10000 2994 EXAMINING_DOCUMENT b'958281'
ACTION MARK 10000 2997 CONSIDERED_RELEVANT b'958281'
ACTION SNIPPET 10000 3000 SNIPPET_RELEVANT b'831509'
ACTION DOC 10000 3020 EXAMINING_DOCUMENT b'831509'
ACTION MARK 10000 3023 CONSIDERED_RELEVANT b'831509'
ACTION SNIPPET 10000 3026 SNIPPET_RELEVANT b'639501'
ACTION DOC 10000 3046 EXAMINING_DOCUMENT b'639501'
ACTION QUERY 10000 3056 ireland peace talks snail
ACTION SERP 10000 3061 EXAMINE_SERP
ACTION SNIPPET 10000 3064 SNIPPET_NOT_RELEVANT b'785978'
ACTION SNIPPET 10000 3067 SNIPPET_NOT_RELEVANT b'1014958'
ACTION SNIPPET 10000 3070 SEEN_PREVIOUSLY b'622835'
ACTION SNIPPET 10000 3073 SEEN_PREVIOUSLY b'787370'
ACTION SNIPPET 10000 3076 SEEN_PREVIOUSLY b'808748'
ACTION SNIPPET 10000 3079 SEEN_PREVIOUSLY b'959816'
ACTION SNIPPET 10000 3082 SEEN_PREVIOUSLY b'882470'
ACTION SNIPPET 10000 3085 SEEN_PREVIOUSLY b'745786'
ACTION SNIPPET 10000 3088 SEEN_PREVIOUSLY b'788244'
ACTION SNIPPET 10000 3091 SEEN_PREVIOUSLY b'445759'
ACTION QUERY 10000 3101 ireland peace talks george
ACTION SERP 10000 3106 EXAMINE_SERP
ACTION SNIPPET 10000 3109 SEEN_PREVIOUSLY b'865299'
ACTION SNIPPET 10000 3112 SEEN_PREVIOUSLY b'812461'
ACTION SNIPPET 10000 3115 SNIPPET_NOT_RELEVANT b'901647'
ACTION SNIPPET 10000 3118 SEEN_PREVIOUSLY b'996409'
ACTION SNIPPET 10000 3121 SNIPPET_NOT_RELEVANT b'928743'
ACTION SNIPPET 10000 3124 SNIPPET_NOT_RELEVANT b'855823'
ACTION SNIPPET 10000 3127 SNIPPET_NOT_RELEVANT b'965305'
ACTION SNIPPET 10000 3130 SNIPPET_NOT_RELEVANT b'832540'
ACTION SNIPPET 10000 3133 SEEN_PREVIOUSLY b'1055072'
ACTION SNIPPET 10000 3136 SNIPPET_NOT_RELEVANT b'824487'
ACTION QUERY 10000 3146 ireland peace talks challenging
ACTION SERP 10000 3151 EXAMINE_SERP
ACTION SNIPPET 10000 3154 SEEN_PREVIOUSLY b'865299'
ACTION SNIPPET 10000 3157 SNIPPET_RELEVANT b'988016'
ACTION DOC 10000 3177 EXAMINING_DOCUMENT b'988016'
ACTION SNIPPET 10000 3180 SNIPPET_RELEVANT b'659236'
ACTION DOC 10000 3200 EXAMINING_DOCUMENT b'659236'
ACTION MARK 10000 3203 CONSIDERED_RELEVANT b'659236'
ACTION SNIPPET 10000 3206 SNIPPET_NOT_RELEVANT b'860820'
ACTION SNIPPET 10000 3209 SEEN_PREVIOUSLY b'831509'
ACTION SNIPPET 10000 3212 SNIPPET_NOT_RELEVANT b'732231'
ACTION SNIPPET 10000 3215 SEEN_PREVIOUSLY b'1096978'
ACTION SNIPPET 10000 3218 SNIPPET_RELEVANT b'814601'
ACTION DOC 10000 3238 EXAMINING_DOCUMENT b'814601'
ACTION SNIPPET 10000 3241 SNIPPET_NOT_RELEVANT b'814444'
ACTION SNIPPET 10000 3244 SNIPPET_RELEVANT b'1008878'
ACTION DOC 10000 3264 EXAMINING_DOCUMENT b'1008878'
ACTION QUERY 10000 3274 ireland peace talks deaths
ACTION SERP 10000 3279 EXAMINE_SERP
ACTION SNIPPET 10000 3282 SNIPPET_NOT_RELEVANT b'901647'
ACTION SNIPPET 10000 3285 SNIPPET_RELEVANT b'908770'
ACTION DOC 10000 3305 EXAMINING_DOCUMENT b'908770'
ACTION MARK 10000 3308 CONSIDERED_RELEVANT b'908770'
ACTION SNIPPET 10000 3311 SNIPPET_NOT_RELEVANT b'1008862'
ACTION SNIPPET 10000 3314 SNIPPET_RELEVANT b'599171'
ACTION DOC 10000 3334 EXAMINING_DOCUMENT b'599171'
ACTION MARK 10000 3337 CONSIDERED_RELEVANT b'599171'
ACTION SNIPPET 10000 3340 SNIPPET_NOT_RELEVANT b'881742'
ACTION SNIPPET 10000 3343 SNIPPET_NOT_RELEVANT b'817689'
ACTION SNIPPET 10000 3346 SNIPPET_NOT_RELEVANT b'450456'
ACTION SNIPPET 10000 3349 SEEN_PREVIOUSLY b'629074'
ACTION SNIPPET 10000 3352 SNIPPET_RELEVANT b'937897'
ACTION DOC 10000 3372 EXAMINING_DOCUMENT b'937897'
ACTION MARK 10000 3375 CONSIDERED_RELEVANT b'937897'
ACTION SNIPPET 10000 3378 SEEN_PREVIOUSLY b'659236'
ACTION QUERY 10000 3388 ireland peace talks independence
ACTION SERP 10000 3393 EXAMINE_SERP
ACTION SNIPPET 10000 3396 SEEN_PREVIOUSLY b'445759'
ACTION SNIPPET 10000 3399 SNIPPET_NOT_RELEVANT b'755896'
ACTION SNIPPET 10000 3402 SNIPPET_RELEVANT b'812130'
ACTION DOC 10000 3422 EXAMINING_DOCUMENT b'812130'
ACTION SNIPPET 10000 3425 SEEN_PREVIOUSLY b'788244'
ACTION SNIPPET 10000 3428 SEEN_PREVIOUSLY b'812461'
ACTION SNIPPET 10000 3431 SNIPPET_RELEVANT b'965305'
ACTION DOC 10000 3451 EXAMINING_DOCUMENT b'965305'
ACTION SNIPPET 10000 3454 SNIPPET_NOT_RELEVANT b'928743'
ACTION SNIPPET 10000 3457 SNIPPET_NOT_RELEVANT b'965049'
ACTION SNIPPET 10000 3460 SNIPPET_NOT_RELEVANT b'653747'
ACTION SNIPPET 10000 3463 SNIPPET_RELEVANT b'881742'
ACTION DOC 10000 3483 EXAMINING_DOCUMENT b'881742'
ACTION QUERY 10000 3493 ireland peace talks feelings
ACTION SERP 10000 3498 EXAMINE_SERP
ACTION SNIPPET 10000 3501 SEEN_PREVIOUSLY b'745066'
ACTION SNIPPET 10000 3504 SNIPPET_NOT_RELEVANT b'653747'
ACTION SNIPPET 10000 3507 SNIPPET_NOT_RELEVANT b'609893'
ACTION SNIPPET 10000 3510 SEEN_PREVIOUSLY b'656887'
ACTION SNIPPET 10000 3513 SNIPPET_NOT_RELEVANT b'968254'
ACTION SNIPPET 10000 3516 SNIPPET_RELEVANT b'817689'
ACTION DOC 10000 3536 EXAMINING_DOCUMENT b'817689'
ACTION SNIPPET 10000 3539 SNIPPET_NOT_RELEVANT b'611029'
ACTION SNIPPET 10000 3542 SNIPPET_NOT_RELEVANT b'825578'
ACTION SNIPPET 10000 3545 SNIPPET_NOT_RELEVANT b'654090'
ACTION SNIPPET 10000 3548 SNIPPET_NOT_RELEVANT b'745318'
ACTION QUERY 10000 3558 ireland peace talks murder
ACTION SERP 10000 3563 EXAMINE_SERP
ACTION SNIPPET 10000 3566 SEEN_PREVIOUSLY b'937897'
ACTION SNIPPET 10000 3569 SNIPPET_NOT_RELEVANT b'939812'
ACTION SNIPPET 10000 3572 SEEN_PREVIOUSLY b'965305'
ACTION SNIPPET 10000 3575 SEEN_PREVIOUSLY b'937737'
ACTION SNIPPET 10000 3578 SNIPPET_NOT_RELEVANT b'1008862'
ACTION SNIPPET 10000 3581 SNIPPET_NOT_RELEVANT b'963518'
ACTION SNIPPET 10000 3584 SEEN_PREVIOUSLY b'821182'
ACTION SNIPPET 10000 3587 SEEN_PREVIOUSLY b'821316'
ACTION SNIPPET 10000 3590 SNIPPET_NOT_RELEVANT b'658901'
ACTION SNIPPET 10000 3593 SEEN_PREVIOUSLY b'989497'
ACTION QUERY 10000 3603 ireland peace talks south
ACTION SERP 10000 3608 EXAMINE_SERP
ACTION SNIPPET 10000 3611 SNIPPET_NOT_RELEVANT b'654617'
ACTION SNIPPET 10000 3614 SNIPPET_NOT_RELEVANT b'948453'
ACTION SNIPPET 10000 3617 SNIPPET_NOT_RELEVANT b'638752'
ACTION SNIPPET 10000 3620 SEEN_PREVIOUSLY b'882470'
ACTION SNIPPET 10000 3623 SNIPPET_NOT_RELEVANT b'611029'
ACTION SNIPPET 10000 3626 SEEN_PREVIOUSLY b'1003028'
ACTION SNIPPET 10000 3629 SEEN_PREVIOUSLY b'988016'
ACTION SNIPPET 10000 3632 SNIPPET_NOT_RELEVANT b'654024'
ACTION SNIPPET 10000 3635 SEEN_PREVIOUSLY b'965305'
ACTION SNIPPET 10000 3638 SEEN_PREVIOUSLY b'656887'
ACTION QUERY 10000 3648 ireland peace talks leader
ACTION SERP 10000 3653 EXAMINE_SERP
ACTION SNIPPET 10000 3656 SEEN_PREVIOUSLY b'745786'
ACTION SNIPPET 10000 3659 SEEN_PREVIOUSLY b'959816'
ACTION SNIPPET 10000 3662 SEEN_PREVIOUSLY b'731647'
ACTION SNIPPET 10000 3665 SEEN_PREVIOUSLY b'745066'
ACTION SNIPPET 10000 3668 SEEN_PREVIOUSLY b'957604'
ACTION SNIPPET 10000 3671 SEEN_PREVIOUSLY b'882470'
ACTION SNIPPET 10000 3674 SEEN_PREVIOUSLY b'812461'
ACTION SNIPPET 10000 3677 SNIPPET_NOT_RELEVANT b'744843'
ACTION SNIPPET 10000 3680 SEEN_PREVIOUSLY b'965305'
ACTION SNIPPET 10000 3683 SEEN_PREVIOUSLY b'808748'
ACTION QUERY 10000 3693 ireland peace talks fighting
ACTION SERP 10000 3698 EXAMINE_SERP
ACTION SNIPPET 10000 3701 SEEN_PREVIOUSLY b'622835'
ACTION SNIPPET 10000 3704 SEEN_PREVIOUSLY b'882470'
ACTION SNIPPET 10000 3707 SEEN_PREVIOUSLY b'656887'
ACTION SNIPPET 10000 3710 SEEN_PREVIOUSLY b'599171'
ACTION SNIPPET 10000 3713 SNIPPET_NOT_RELEVANT b'791326'
ACTION SNIPPET 10000 3716 SNIPPET_RELEVANT b'638752'
ACTION DOC 10000 3736 EXAMINING_DOCUMENT b'638752'
ACTION SNIPPET 10000 3739 SNIPPET_NOT_RELEVANT b'701826'
ACTION SNIPPET 10000 3742 SNIPPET_RELEVANT b'1010977'
ACTION DOC 10000 3762 EXAMINING_DOCUMENT b'1010977'
ACTION SNIPPET 10000 3765 SEEN_PREVIOUSLY b'656402'
ACTION SNIPPET 10000 3768 SEEN_PREVIOUSLY b'787911'
ACTION QUERY 10000 3778 ireland peace talks girl
ACTION SERP 10000 3783 EXAMINE_SERP
ACTION SNIPPET 10000 3786 SNIPPET_NOT_RELEVANT b'701826'
ACTION SNIPPET 10000 3789 SEEN_PREVIOUSLY b'644645'
ACTION SNIPPET 10000 3792 SNIPPET_RELEVANT b'773403'
ACTION DOC 10000 3812 EXAMINING_DOCUMENT b'773403'
ACTION SNIPPET 10000 3815 SNIPPET_NOT_RELEVANT b'953864'
ACTION SNIPPET 10000 3818 SNIPPET_NOT_RELEVANT b'775545'
ACTION SNIPPET 10000 3821 SEEN_PREVIOUSLY b'622835'
ACTION SNIPPET 10000 3824 SNIPPET_RELEVANT b'644250'
ACTION DOC 10000 3844 EXAMINING_DOCUMENT b'644250'
ACTION MARK 10000 3847 CONSIDERED_RELEVANT b'644250'
ACTION SNIPPET 10000 3850 SEEN_PREVIOUSLY b'787370'
ACTION SNIPPET 10000 3853 SNIPPET_RELEVANT b'773242'
ACTION DOC 10000 3873 EXAMINING_DOCUMENT b'773242'
ACTION SNIPPET 10000 3876 SEEN_PREVIOUSLY b'808748'
ACTION QUERY 10000 3886 ireland peace talks blasted
ACTION SERP 10000 3891 EXAMINE_SERP
ACTION SNIPPET 10000 3894 SEEN_PREVIOUSLY b'882024'
ACTION SNIPPET 10000 3897 SNIPPET_NOT_RELEVANT b'832540'
ACTION SNIPPET 10000 3900 SEEN_PREVIOUSLY b'644645'
ACTION SNIPPET 10000 3903 SEEN_PREVIOUSLY b'1002800'
ACTION SNIPPET 10000 3906 SEEN_PREVIOUSLY b'828989'
ACTION SNIPPET 10000 3909 SEEN_PREVIOUSLY b'858531'
ACTION SNIPPET 10000 3912 SNIPPET_NOT_RELEVANT b'844523'
ACTION SNIPPET 10000 3915 SEEN_PREVIOUSLY b'958281'
ACTION SNIPPET 10000 3918 SEEN_PREVIOUSLY b'831509'
ACTION SNIPPET 10000 3921 SEEN_PREVIOUSLY b'639501'
ACTION QUERY 10000 3931 ireland peace talks bombs
ACTION SERP 10000 3936 EXAMINE_SERP
ACTION SNIPPET 10000 3939 SNIPPET_NOT_RELEVANT b'732418'
ACTION SNIPPET 10000 3942 SEEN_PREVIOUSLY b'882470'
ACTION SNIPPET 10000 3945 SEEN_PREVIOUSLY b'828989'
ACTION SNIPPET 10000 3948 SNIPPET_RELEVANT b'997328'
ACTION DOC 10000 3968 EXAMINING_DOCUMENT b'997328'
ACTION MARK 10000 3971 CONSIDERED_RELEVANT b'997328'
ACTION SNIPPET 10000 3974 SEEN_PREVIOUSLY b'831509'
ACTION SNIPPET 10000 3977 SEEN_PREVIOUSLY b'644645'
ACTION SNIPPET 10000 3980 SEEN_PREVIOUSLY b'833242'
ACTION SNIPPET 10000 3983 SEEN_PREVIOUSLY b'831688'
ACTION SNIPPET 10000 3986 SEEN_PREVIOUSLY b'882024'
ACTION SNIPPET 10000 3989 SNIPPET_RELEVANT b'829538'
ACTION DOC 10000 4009 EXAMINING_DOCUMENT b'829538'
ACTION MARK 10000 4012 CONSIDERED_RELEVANT b'829538'
ACTION QUERY 10000 4022 ireland peace talks irishs
ACTION SERP 10000 4027 EXAMINE_SERP
ACTION SNIPPET 10000 4030 SEEN_PREVIOUSLY b'622835'
ACTION SNIPPET 10000 4033 SEEN_PREVIOUSLY b'882470'
ACTION SNIPPET 10000 4036 SEEN_PREVIOUSLY b'996409'
ACTION SNIPPET 10000 4039 SEEN_PREVIOUSLY b'788244'
ACTION SNIPPET 10000 4042 SEEN_PREVIOUSLY b'808748'
ACTION SNIPPET 10000 4045 SEEN_PREVIOUSLY b'1003028'
ACTION SNIPPET 10000 4048 SNIPPET_NOT_RELEVANT b'948453'
ACTION SNIPPET 10000 4051 SEEN_PREVIOUSLY b'1002800'
ACTION SNIPPET 10000 4054 SNIPPET_NOT_RELEVANT b'978157'
ACTION SNIPPET 10000 4057 SNIPPET_NOT_RELEVANT b'855823'
ACTION QUERY 10000 4067 ireland peace talks keep
ACTION SERP 10000 4072 EXAMINE_SERP
ACTION SNIPPET 10000 4075 SEEN_PREVIOUSLY b'445759'
ACTION SNIPPET 10000 4078 SEEN_PREVIOUSLY b'622835'
ACTION SNIPPET 10000 4081 SEEN_PREVIOUSLY b'745066'
ACTION SNIPPET 10000 4084 SEEN_PREVIOUSLY b'812358'
ACTION SNIPPET 10000 4087 SEEN_PREVIOUSLY b'988016'
ACTION SNIPPET 10000 4090 SEEN_PREVIOUSLY b'812461'
ACTION SNIPPET 10000 4093 SEEN_PREVIOUSLY b'957604'
ACTION SNIPPET 10000 4096 SEEN_PREVIOUSLY b'1017810'
ACTION SNIPPET 10000 4099 SEEN_PREVIOUSLY b'688383'
ACTION SNIPPET 10000 4102 SEEN_PREVIOUSLY b'1096978'
ACTION QUERY 10000 4112 ireland peace talks minister
ACTION SERP 10000 4117 EXAMINE_SERP
ACTION SNIPPET 10000 4120 SEEN_PREVIOUSLY b'865299'
ACTION SNIPPET 10000 4123 SEEN_PREVIOUSLY b'731647'
ACTION SNIPPET 10000 4126 SNIPPET_NOT_RELEVANT b'948244'
ACTION SNIPPET 10000 4129 SEEN_PREVIOUSLY b'645753'
ACTION SNIPPET 10000 4132 SEEN_PREVIOUSLY b'936058'
ACTION SNIPPET 10000 4135 SNIPPET_NOT_RELEVANT b'855823'
ACTION SNIPPET 10000 4138 SEEN_PREVIOUSLY b'965305'
ACTION SNIPPET 10000 4141 SEEN_PREVIOUSLY b'1397349'
ACTION SNIPPET 10000 4144 SEEN_PREVIOUSLY b'1055072'
ACTION SNIPPET 10000 4147 SNIPPET_RELEVANT b'965049'
ACTION DOC 10000 4167 EXAMINING_DOCUMENT b'965049'
ACTION QUERY 10000 4177 ireland peace talks postponed
ACTION SERP 10000 4182 EXAMINE_SERP
ACTION SNIPPET 10000 4185 SEEN_PREVIOUSLY b'786985'
ACTION SNIPPET 10000 4188 SEEN_PREVIOUSLY b'788244'
ACTION SNIPPET 10000 4191 SEEN_PREVIOUSLY b'443766'
ACTION SNIPPET 10000 4194 SEEN_PREVIOUSLY b'787911'
ACTION SNIPPET 10000 4197 SEEN_PREVIOUSLY b'644645'
ACTION SNIPPET 10000 4200 SNIPPET_NOT_RELEVANT b'1485496'
ACTION SNIPPET 10000 4203 SEEN_PREVIOUSLY b'645753'
ACTION SNIPPET 10000 4206 SNIPPET_NOT_RELEVANT b'1486882'
ACTION SNIPPET 10000 4209 SNIPPET_RELEVANT b'743009'
ACTION DOC 10000 4229 EXAMINING_DOCUMENT b'743009'
ACTION SNIPPET 10000 4232 SNIPPET_RELEVANT b'1119733'
ACTION DOC 10000 4252 EXAMINING_DOCUMENT b'1119733'
ACTION QUERY 10000 4262 ireland peace talks today
ACTION SERP 10000 4267 EXAMINE_SERP
ACTION SNIPPET 10000 4270 SEEN_PREVIOUSLY b'808748'
ACTION SNIPPET 10000 4273 SEEN_PREVIOUSLY b'745786'
ACTION SNIPPET 10000 4276 SEEN_PREVIOUSLY b'865299'
ACTION SNIPPET 10000 4279 SEEN_PREVIOUSLY b'445759'
ACTION SNIPPET 10000 4282 SEEN_PREVIOUSLY b'812461'
ACTION SNIPPET 10000 4285 SNIPPET_NOT_RELEVANT b'889213'
ACTION SNIPPET 10000 4288 SEEN_PREVIOUSLY b'882470'
ACTION SNIPPET 10000 4291 SEEN_PREVIOUSLY b'937737'
ACTION SNIPPET 10000 4294 SEEN_PREVIOUSLY b'645753'
ACTION SNIPPET 10000 4297 SEEN_PREVIOUSLY b'799936'
ACTION QUERY 10000 4307 ireland peace talks kill
ACTION SERP 10000 4312 EXAMINE_SERP
ACTION SNIPPET 10000 4315 SEEN_PREVIOUSLY b'937737'
ACTION SNIPPET 10000 4318 SNIPPET_NOT_RELEVANT b'450456'
ACTION SNIPPET 10000 4321 SEEN_PREVIOUSLY b'599171'
ACTION SNIPPET 10000 4324 SEEN_PREVIOUSLY b'821182'
ACTION SNIPPET 10000 4327 SEEN_PREVIOUSLY b'821316'
ACTION SNIPPET 10000 4330 SNIPPET_RELEVANT b'994559'
ACTION DOC 10000 4350 EXAMINING_DOCUMENT b'994559'
ACTION SNIPPET 10000 4353 SEEN_PREVIOUSLY b'659236'
ACTION SNIPPET 10000 4356 SEEN_PREVIOUSLY b'645753'
ACTION SNIPPET 10000 4359 SNIPPET_NOT_RELEVANT b'745318'
ACTION SNIPPET 10000 4362 SEEN_PREVIOUSLY b'989497'
ACTION QUERY 10000 4372 ireland peace talks causing
ACTION SERP 10000 4377 EXAMINE_SERP
ACTION SNIPPET 10000 4380 SEEN_PREVIOUSLY b'622835'
ACTION SNIPPET 10000 4383 SEEN_PREVIOUSLY b'787370'
ACTION SNIPPET 10000 4386 SNIPPET_RELEVANT b'653747'
ACTION DOC 10000 4406 EXAMINING_DOCUMENT b'653747'
ACTION SNIPPET 10000 4409 SEEN_PREVIOUSLY b'808748'
ACTION SNIPPET 10000 4412 SEEN_PREVIOUSLY b'882470'
ACTION SNIPPET 10000 4415 SEEN_PREVIOUSLY b'959816'
ACTION SNIPPET 10000 4418 SEEN_PREVIOUSLY b'833242'
ACTION SNIPPET 10000 4421 SNIPPET_NOT_RELEVANT b'666299'
ACTION SNIPPET 10000 4424 SEEN_PREVIOUSLY b'644645'
ACTION SNIPPET 10000 4427 SEEN_PREVIOUSLY b'892027'
ACTION QUERY 10000 4437 ireland peace talks ceasefire
ACTION SERP 10000 4442 EXAMINE_SERP
ACTION SNIPPET 10000 4445 SEEN_PREVIOUSLY b'656887'
ACTION SNIPPET 10000 4448 SNIPPET_RELEVANT b'829408'
ACTION DOC 10000 4468 EXAMINING_DOCUMENT b'829408'
ACTION SNIPPET 10000 4471 SNIPPET_NOT_RELEVANT b'716039'
ACTION SNIPPET 10000 4474 SNIPPET_NOT_RELEVANT b'120373'
ACTION SNIPPET 10000 4477 SNIPPET_NOT_RELEVANT b'1254575'
ACTION SNIPPET 10000 4480 SNIPPET_NOT_RELEVANT b'148234'
ACTION SNIPPET 10000 4483 SNIPPET_NOT_RELEVANT b'452188'
ACTION SNIPPET 10000 4486 SNIPPET_RELEVANT b'710136'
ACTION DOC 10000 4506 EXAMINING_DOCUMENT b'710136'
ACTION SNIPPET 10000 4509 SNIPPET_RELEVANT b'837370'
ACTION DOC 10000 4529 EXAMINING_DOCUMENT b'837370'
ACTION SNIPPET 10000 4532 SEEN_PREVIOUSLY b'622835'
ACTION QUERY 10000 4542 ireland peace talks brunton
ACTION SERP 10000 4547 EXAMINE_SERP
ACTION SNIPPET 10000 4550 SNIPPET_RELEVANT b'1351748'
ACTION DOC 10000 4570 EXAMINING_DOCUMENT b'1351748'
ACTION SNIPPET 10000 4573 SNIPPET_NOT_RELEVANT b'595994'
ACTION SNIPPET 10000 4576 SNIPPET_NOT_RELEVANT b'489687'
ACTION SNIPPET 10000 4579 SNIPPET_RELEVANT b'159839'
ACTION DOC 10000 4599 EXAMINING_DOCUMENT b'159839'
ACTION SNIPPET 10000 4602 SNIPPET_RELEVANT b'1345065'
ACTION DOC 10000 4622 EXAMINING_DOCUMENT b'1345065'
ACTION SNIPPET 10000 4625 SEEN_PREVIOUSLY b'622835'
ACTION SNIPPET 10000 4628 SEEN_PREVIOUSLY b'787370'
ACTION SNIPPET 10000 4631 SEEN_PREVIOUSLY b'808748'
ACTION SNIPPET 10000 4634 SEEN_PREVIOUSLY b'959816'
ACTION SNIPPET 10000 4637 SEEN_PREVIOUSLY b'882470'
ACTION QUERY 10000 4647 ireland peace talks status
ACTION SERP 10000 4652 EXAMINE_SERP
ACTION SNIPPET 10000 4655 SEEN_PREVIOUSLY b'965305'
ACTION SNIPPET 10000 4658 SEEN_PREVIOUSLY b'731647'
ACTION SNIPPET 10000 4661 SNIPPET_NOT_RELEVANT b'709517'
ACTION SNIPPET 10000 4664 SNIPPET_RELEVANT b'946047'
ACTION DOC 10000 4684 EXAMINING_DOCUMENT b'946047'
ACTION SNIPPET 10000 4687 SNIPPET_RELEVANT b'709542'
ACTION DOC 10000 4707 EXAMINING_DOCUMENT b'709542'
ACTION SNIPPET 10000 4710 SNIPPET_RELEVANT b'995848'
ACTION DOC 10000 4730 EXAMINING_DOCUMENT b'995848'
ACTION SNIPPET 10000 4733 SNIPPET_RELEVANT b'948244'
ACTION DOC 10000 4753 EXAMINING_DOCUMENT b'948244'
ACTION SNIPPET 10000 4756 SNIPPET_RELEVANT b'654024'
ACTION DOC 10000 4776 EXAMINING_DOCUMENT b'654024'
ACTION SNIPPET 10000 4779 SNIPPET_RELEVANT b'539460'
ACTION DOC 10000 4799 EXAMINING_DOCUMENT b'539460'
ACTION SNIPPET 10000 4802 SEEN_PREVIOUSLY b'996038'
ACTION QUERY 10000 4812 ireland peace talks side
ACTION SERP 10000 4817 EXAMINE_SERP
ACTION SNIPPET 10000 4820 SEEN_PREVIOUSLY b'1123728'
ACTION SNIPPET 10000 4823 SEEN_PREVIOUSLY b'957604'
ACTION SNIPPET 10000 4826 SEEN_PREVIOUSLY b'865299'
ACTION SNIPPET 10000 4829 SEEN_PREVIOUSLY b'1017810'
ACTION SNIPPET 10000 4832 SEEN_PREVIOUSLY b'831509'
ACTION SNIPPET 10000 4835 SEEN_PREVIOUSLY b'937737'
ACTION SNIPPET 10000 4838 SEEN_PREVIOUSLY b'656887'
ACTION SNIPPET 10000 4841 SNIPPET_NOT_RELEVANT b'1008862'
ACTION SNIPPET 10000 4844 SEEN_PREVIOUSLY b'882470'
ACTION SNIPPET 10000 4847 SNIPPET_NOT_RELEVANT b'655108'
ACTION QUERY 10000 4857 ireland peace talks tried
ACTION SERP 10000 4862 EXAMINE_SERP
ACTION SNIPPET 10000 4865 SEEN_PREVIOUSLY b'656887'
ACTION SNIPPET 10000 4868 SNIPPET_RELEVANT b'978157'
ACTION DOC 10000 4888 EXAMINING_DOCUMENT b'978157'
ACTION SNIPPET 10000 4891 SEEN_PREVIOUSLY b'656402'
ACTION SNIPPET 10000 4894 SEEN_PREVIOUSLY b'812358'
ACTION SNIPPET 10000 4897 SNIPPET_RELEVANT b'834220'
ACTION DOC 10000 4917 EXAMINING_DOCUMENT b'834220'
ACTION SNIPPET 10000 4920 SEEN_PREVIOUSLY b'853704'
ACTION SNIPPET 10000 4923 SNIPPET_NOT_RELEVANT b'1016856'
ACTION SNIPPET 10000 4926 SNIPPET_RELEVANT b'666299'
ACTION DOC 10000 4946 EXAMINING_DOCUMENT b'666299'
ACTION SNIPPET 10000 4949 SEEN_PREVIOUSLY b'1096978'
ACTION SNIPPET 10000 4952 SEEN_PREVIOUSLY b'858531'
ACTION QUERY 10000 4962 ireland peace talks aided
ACTION SERP 10000 4967 EXAMINE_SERP
ACTION SNIPPET 10000 4970 SNIPPET_RELEVANT b'744918'
ACTION DOC 10000 4990 EXAMINING_DOCUMENT b'744918'
ACTION SNIPPET 10000 4993 SEEN_PREVIOUSLY b'948244'
ACTION SNIPPET 10000 4996 SNIPPET_NOT_RELEVANT b'1401123'
ACTION SNIPPET 10000 4999 SNIPPET_NOT_RELEVANT b'653042'
ACTION SNIPPET 10000 5002 SNIPPET_NOT_RELEVANT b'864557'
ACTION SNIPPET 10000 5005 SNIPPET_NOT_RELEVANT b'955039'
ACTION SNIPPET 10000 5008 SEEN_PREVIOUSLY b'833426'
ACTION SNIPPET 10000 5011 SNIPPET_RELEVANT b'722849'
ACTION DOC 10000 5031 EXAMINING_DOCUMENT b'722849'
ACTION SNIPPET 10000 5034 SNIPPET_RELEVANT b'747958'
ACTION DOC 10000 5054 EXAMINING_DOCUMENT b'747958'
ACTION SNIPPET 10000 5057 SNIPPET_NOT_RELEVANT b'833605'
ACTION QUERY 10000 5067 ireland peace talks feel
ACTION SERP 10000 5072 EXAMINE_SERP
ACTION SNIPPET 10000 5075 SEEN_PREVIOUSLY b'745066'
ACTION SNIPPET 10000 5078 SEEN_PREVIOUSLY b'653747'
ACTION SNIPPET 10000 5081 SNIPPET_RELEVANT b'609893'
ACTION DOC 10000 5101 EXAMINING_DOCUMENT b'609893'
ACTION SNIPPET 10000 5104 SEEN_PREVIOUSLY b'656887'
ACTION SNIPPET 10000 5107 SNIPPET_NOT_RELEVANT b'968254'
ACTION SNIPPET 10000 5110 SEEN_PREVIOUSLY b'817689'
ACTION SNIPPET 10000 5113 SNIPPET_RELEVANT b'611029'
ACTION DOC 10000 5133 EXAMINING_DOCUMENT b'611029'
ACTION SNIPPET 10000 5136 SNIPPET_RELEVANT b'825578'
ACTION DOC 10000 5156 EXAMINING_DOCUMENT b'825578'
ACTION SNIPPET 10000 5159 SNIPPET_NOT_RELEVANT b'654090'
ACTION SNIPPET 10000 5162 SNIPPET_RELEVANT b'745318'
ACTION DOC 10000 5182 EXAMINING_DOCUMENT b'745318'
ACTION QUERY 10000 5192 ireland peace talks long
ACTION SERP 10000 5197 EXAMINE_SERP
ACTION SNIPPET 10000 5200 SEEN_PREVIOUSLY b'959816'
ACTION SNIPPET 10000 5203 SEEN_PREVIOUSLY b'731647'
ACTION SNIPPET 10000 5206 SEEN_PREVIOUSLY b'957604'
ACTION SNIPPET 10000 5209 SNIPPET_NOT_RELEVANT b'1008862'
ACTION SNIPPET 10000 5212 SEEN_PREVIOUSLY b'812358'
ACTION SNIPPET 10000 5215 SEEN_PREVIOUSLY b'718009'
ACTION SNIPPET 10000 5218 SEEN_PREVIOUSLY b'653747'
ACTION SNIPPET 10000 5221 SEEN_PREVIOUSLY b'1017810'
ACTION SNIPPET 10000 5224 SEEN_PREVIOUSLY b'948244'
ACTION SNIPPET 10000 5227 SNIPPET_RELEVANT b'889213'
ACTION DOC 10000 5247 EXAMINING_DOCUMENT b'889213'
ACTION QUERY 10000 5257 ireland peace talks attack
ACTION SERP 10000 5262 EXAMINE_SERP
ACTION SNIPPET 10000 5265 SEEN_PREVIOUSLY b'882470'
ACTION SNIPPET 10000 5268 SEEN_PREVIOUSLY b'882024'
ACTION SNIPPET 10000 5271 SEEN_PREVIOUSLY b'997328'
ACTION SNIPPET 10000 5274 SNIPPET_NOT_RELEVANT b'450456'
ACTION SNIPPET 10000 5277 SEEN_PREVIOUSLY b'937737'
ACTION SNIPPET 10000 5280 SEEN_PREVIOUSLY b'892027'
ACTION SNIPPET 10000 5283 SEEN_PREVIOUSLY b'644645'
ACTION SNIPPET 10000 5286 SNIPPET_RELEVANT b'673633'
ACTION DOC 10000 5306 EXAMINING_DOCUMENT b'673633'
ACTION MARK 10000 5309 CONSIDERED_RELEVANT b'673633'
ACTION SNIPPET 10000 5312 SEEN_PREVIOUSLY b'908770'
ACTION SNIPPET 10000 5315 SEEN_PREVIOUSLY b'989497'
ACTION QUERY 10000 5325 ireland peace talks heathrow
ACTION SERP 10000 5330 EXAMINE_SERP
ACTION SNIPPET 10000 5333 SNIPPET_NOT_RELEVANT b'674491'
ACTION SNIPPET 10000 5336 SEEN_PREVIOUSLY b'673633'
ACTION SNIPPET 10000 5339 SNIPPET_NOT_RELEVANT b'1396735'
ACTION SNIPPET 10000 5342 SEEN_PREVIOUSLY b'622835'
ACTION SNIPPET 10000 5345 SEEN_PREVIOUSLY b'787370'
ACTION SNIPPET 10000 5348 SEEN_PREVIOUSLY b'808748'
ACTION SNIPPET 10000 5351 SEEN_PREVIOUSLY b'959816'
ACTION SNIPPET 10000 5354 SEEN_PREVIOUSLY b'882470'
ACTION SNIPPET 10000 5357 SEEN_PREVIOUSLY b'745786'
ACTION SNIPPET 10000 5360 SEEN_PREVIOUSLY b'788244'
ACTION QUERY 10000 5370 ireland peace talks airports
ACTION SERP 10000 5375 EXAMINE_SERP
ACTION SNIPPET 10000 5378 SEEN_PREVIOUSLY b'673633'
ACTION SNIPPET 10000 5381 SNIPPET_NOT_RELEVANT b'674491'
ACTION SNIPPET 10000 5384 SNIPPET_RELEVANT b'693210'
ACTION DOC 10000 5404 EXAMINING_DOCUMENT b'693210'
ACTION SNIPPET 10000 5407 SNIPPET_NOT_RELEVANT b'796006'
ACTION SNIPPET 10000 5410 SNIPPET_RELEVANT b'795953'
ACTION DOC 10000 5430 EXAMINING_DOCUMENT b'795953'
ACTION SNIPPET 10000 5433 SNIPPET_NOT_RELEVANT b'665738'
ACTION SNIPPET 10000 5436 SEEN_PREVIOUSLY b'622835'
ACTION SNIPPET 10000 5439 SEEN_PREVIOUSLY b'787370'
ACTION SNIPPET 10000 5442 SNIPPET_NOT_RELEVANT b'859375'
ACTION SNIPPET 10000 5445 SNIPPET_RELEVANT b'709361'
ACTION DOC 10000 5465 EXAMINING_DOCUMENT b'709361'
ACTION QUERY 10000 5475 ireland peace talks led
ACTION SERP 10000 5480 EXAMINE_SERP
ACTION SNIPPET 10000 5483 SNIPPET_RELEVANT b'901647'
ACTION DOC 10000 5503 EXAMINING_DOCUMENT b'901647'
ACTION SNIPPET 10000 5506 SEEN_PREVIOUSLY b'831509'
ACTION SNIPPET 10000 5509 SEEN_PREVIOUSLY b'959816'
ACTION SNIPPET 10000 5512 SNIPPET_RELEVANT b'1054620'
ACTION DOC 10000 5532 EXAMINING_DOCUMENT b'1054620'
ACTION SNIPPET 10000 5535 SEEN_PREVIOUSLY b'812461'
ACTION SNIPPET 10000 5538 SNIPPET_NOT_RELEVANT b'1159005'
ACTION SNIPPET 10000 5541 SEEN_PREVIOUSLY b'948244'
ACTION SNIPPET 10000 5544 SEEN_PREVIOUSLY b'1055072'
ACTION SNIPPET 10000 5547 SEEN_PREVIOUSLY b'937737'
ACTION SNIPPET 10000 5550 SEEN_PREVIOUSLY b'936058'
ACTION QUERY 10000 5560 ireland peace talks significance
ACTION SERP 10000 5565 EXAMINE_SERP
ACTION SNIPPET 10000 5568 SEEN_PREVIOUSLY b'731647'
ACTION SNIPPET 10000 5571 SNIPPET_RELEVANT b'855823'
ACTION DOC 10000 5591 EXAMINING_DOCUMENT b'855823'
ACTION SNIPPET 10000 5594 SEEN_PREVIOUSLY b'965049'
ACTION SNIPPET 10000 5597 SNIPPET_NOT_RELEVANT b'813480'
ACTION SNIPPET 10000 5600 SNIPPET_RELEVANT b'791326'
ACTION DOC 10000 5620 EXAMINING_DOCUMENT b'791326'
ACTION SNIPPET 10000 5623 SEEN_PREVIOUSLY b'799936'
ACTION SNIPPET 10000 5626 SEEN_PREVIOUSLY b'799535'
ACTION SNIPPET 10000 5629 SNIPPET_NOT_RELEVANT b'709077'
ACTION SNIPPET 10000 5632 SNIPPET_NOT_RELEVANT b'721463'
ACTION SNIPPET 10000 5635 SNIPPET_NOT_RELEVANT b'701826'
ACTION QUERY 10000 5645 ireland peace talks agree
ACTION SERP 10000 5650 EXAMINE_SERP
ACTION SNIPPET 10000 5653 SEEN_PREVIOUSLY b'445759'
ACTION SNIPPET 10000 5656 SEEN_PREVIOUSLY b'808748'
ACTION SNIPPET 10000 5659 SEEN_PREVIOUSLY b'812461'
ACTION SNIPPET 10000 5662 SEEN_PREVIOUSLY b'745066'
ACTION SNIPPET 10000 5665 SEEN_PREVIOUSLY b'833426'
ACTION SNIPPET 10000 5668 SEEN_PREVIOUSLY b'656887'
ACTION SNIPPET 10000 5671 SNIPPET_NOT_RELEVANT b'955039'
ACTION SNIPPET 10000 5674 SEEN_PREVIOUSLY b'786985'
ACTION SNIPPET 10000 5677 SEEN_PREVIOUSLY b'1123728'
ACTION SNIPPET 10000 5680 SNIPPET_RELEVANT b'868466'
ACTION DOC 10000 5700 EXAMINING_DOCUMENT b'868466'
ACTION MARK 10000 5703 CONSIDERED_RELEVANT b'868466'
ACTION QUERY 10000 5713 ireland peace talks brussels
ACTION SERP 10000 5718 EXAMINE_SERP
ACTION SNIPPET 10000 5721 SEEN_PREVIOUSLY b'645753'
ACTION SNIPPET 10000 5724 SEEN_PREVIOUSLY b'653747'
ACTION SNIPPET 10000 5727 SNIPPET_NOT_RELEVANT b'655108'
ACTION SNIPPET 10000 5730 SNIPPET_NOT_RELEVANT b'654617'
ACTION SNIPPET 10000 5733 SEEN_PREVIOUSLY b'644250'
ACTION SNIPPET 10000 5736 SNIPPET_NOT_RELEVANT b'1014427'
ACTION SNIPPET 10000 5739 SNIPPET_NOT_RELEVANT b'1404447'
ACTION SNIPPET 10000 5742 SNIPPET_RELEVANT b'1434528'
ACTION DOC 10000 5762 EXAMINING_DOCUMENT b'1434528'
ACTION SNIPPET 10000 5765 SEEN_PREVIOUSLY b'622835'
ACTION SNIPPET 10000 5768 SEEN_PREVIOUSLY b'787370'
ACTION QUERY 10000 5778 ireland peace talks least
ACTION SERP 10000 5783 EXAMINE_SERP
ACTION SNIPPET 10000 5786 SEEN_PREVIOUSLY b'445759'
ACTION SNIPPET 10000 5789 SNIPPET_RELEVANT b'655108'
ACTION DOC 10000 5809 EXAMINING_DOCUMENT b'655108'
ACTION SNIPPET 10000 5812 SEEN_PREVIOUSLY b'936058'
ACTION SNIPPET 10000 5815 SEEN_PREVIOUSLY b'892027'
ACTION SNIPPET 10000 5818 SEEN_PREVIOUSLY b'817689'
ACTION SNIPPET 10000 5821 SEEN_PREVIOUSLY b'908770'
ACTION SNIPPET 10000 5824 SEEN_PREVIOUSLY b'659838'
ACTION SNIPPET 10000 5827 SNIPPET_RELEVANT b'871163'
ACTION DOC 10000 5847 EXAMINING_DOCUMENT b'871163'
ACTION MARK 10000 5850 CONSIDERED_RELEVANT b'871163'
ACTION SNIPPET 10000 5853 SNIPPET_NOT_RELEVANT b'765133'
ACTION SNIPPET 10000 5856 SNIPPET_NOT_RELEVANT b'789801'
ACTION QUERY 10000 5866 ireland peace talks tomorrow
ACTION SERP 10000 5871 EXAMINE_SERP
ACTION SNIPPET 10000 5874 SEEN_PREVIOUSLY b'957604'
ACTION SNIPPET 10000 5877 SNIPPET_NOT_RELEVANT b'786808'
ACTION SNIPPET 10000 5880 SNIPPET_RELEVANT b'789801'
ACTION DOC 10000 5900 EXAMINING_DOCUMENT b'789801'
ACTION SNIPPET 10000 5903 SNIPPET_RELEVANT b'1008852'
ACTION DOC 10000 5923 EXAMINING_DOCUMENT b'1008852'
ACTION SNIPPET 10000 5926 SEEN_PREVIOUSLY b'1478889'
ACTION SNIPPET 10000 5929 SNIPPET_RELEVANT b'1339528'
ACTION DOC 10000 5949 EXAMINING_DOCUMENT b'1339528'
ACTION SNIPPET 10000 5952 SNIPPET_RELEVANT b'833605'
ACTION DOC 10000 5972 EXAMINING_DOCUMENT b'833605'
ACTION SNIPPET 10000 5975 SNIPPET_NOT_RELEVANT b'958098'
ACTION SNIPPET 10000 5978 SNIPPET_NOT_RELEVANT b'709536'
ACTION SNIPPET 10000 5981 SNIPPET_NOT_RELEVANT b'1300585'
ACTION QUERY 10000 5991 ireland peace talks cancelled
ACTION SERP 10000 5996 EXAMINE_SERP
ACTION SNIPPET 10000 5999 SNIPPET_RELEVANT b'788010'
ACTION DOC 10000 6019 EXAMINING_DOCUMENT b'788010'
ACTION SNIPPET 10000 6022 SNIPPET_NOT_RELEVANT b'777318'
ACTION SNIPPET 10000 6025 SEEN_PREVIOUSLY b'937897'
ACTION SNIPPET 10000 6028 SEEN_PREVIOUSLY b'831509'
ACTION SNIPPET 10000 6031 SEEN_PREVIOUSLY b'871163'
ACTION SNIPPET 10000 6034 SNIPPET_RELEVANT b'712949'
ACTION DOC 10000 6054 EXAMINING_DOCUMENT b'712949'
ACTION SNIPPET 10000 6057 SNIPPET_RELEVANT b'1657137'
ACTION DOC 10000 6077 EXAMINING_DOCUMENT b'1657137'
ACTION SNIPPET 10000 6080 SNIPPET_RELEVANT b'621108'
ACTION DOC 10000 6100 EXAMINING_DOCUMENT b'621108'
ACTION SNIPPET 10000 6103 SNIPPET_RELEVANT b'1479860'
ACTION DOC 10000 6123 EXAMINING_DOCUMENT b'1479860'
ACTION SNIPPET 10000 6126 SNIPPET_RELEVANT b'996886'
ACTION DOC 10000 6146 EXAMINING_DOCUMENT b'996886'
ACTION MARK 10000 6149 CONSIDERED_RELEVANT b'996886'
ACTION QUERY 10000 6159 ireland peace talks republicans
ACTION SERP 10000 6164 EXAMINE_SERP
ACTION SNIPPET 10000 6167 SEEN_PREVIOUSLY b'622835'
ACTION SNIPPET 10000 6170 SEEN_PREVIOUSLY b'901647'
ACTION SNIPPET 10000 6173 SEEN_PREVIOUSLY b'787370'
ACTION SNIPPET 10000 6176 SEEN_PREVIOUSLY b'937737'
ACTION SNIPPET 10000 6179 SEEN_PREVIOUSLY b'882024'
ACTION SNIPPET 10000 6182 SEEN_PREVIOUSLY b'659236'
ACTION SNIPPET 10000 6185 SEEN_PREVIOUSLY b'788244'
ACTION SNIPPET 10000 6188 SNIPPET_NOT_RELEVANT b'1008862'
ACTION SNIPPET 10000 6191 SEEN_PREVIOUSLY b'745786'
ACTION SNIPPET 10000 6194 SEEN_PREVIOUSLY b'791326'
ACTION QUERY 10000 6204 ireland peace talks major
ACTION SERP 10000 6209 EXAMINE_SERP
ACTION SNIPPET 10000 6212 SEEN_PREVIOUSLY b'808748'
ACTION SNIPPET 10000 6215 SEEN_PREVIOUSLY b'988016'
ACTION SNIPPET 10000 6218 SEEN_PREVIOUSLY b'787370'
ACTION SNIPPET 10000 6221 SEEN_PREVIOUSLY b'745066'
ACTION SNIPPET 10000 6224 SEEN_PREVIOUSLY b'653747'
ACTION SNIPPET 10000 6227 SEEN_PREVIOUSLY b'445759'
ACTION SNIPPET 10000 6230 SEEN_PREVIOUSLY b'812461'
ACTION SNIPPET 10000 6233 SEEN_PREVIOUSLY b'731647'
ACTION SNIPPET 10000 6236 SEEN_PREVIOUSLY b'853704'
ACTION SNIPPET 10000 6239 SEEN_PREVIOUSLY b'945319'
ACTION QUERY 10000 6249 ireland peace talks republican
ACTION SERP 10000 6254 EXAMINE_SERP
ACTION SNIPPET 10000 6257 SEEN_PREVIOUSLY b'622835'
ACTION SNIPPET 10000 6260 SEEN_PREVIOUSLY b'901647'
ACTION SNIPPET 10000 6263 SEEN_PREVIOUSLY b'787370'
ACTION SNIPPET 10000 6266 SEEN_PREVIOUSLY b'937737'
ACTION SNIPPET 10000 6269 SEEN_PREVIOUSLY b'882024'
ACTION SNIPPET 10000 6272 SEEN_PREVIOUSLY b'659236'
ACTION SNIPPET 10000 6275 SEEN_PREVIOUSLY b'788244'
ACTION SNIPPET 10000 6278 SNIPPET_NOT_RELEVANT b'1008862'
ACTION SNIPPET 10000 6281 SEEN_PREVIOUSLY b'745786'
ACTION SNIPPET 10000 6284 SEEN_PREVIOUSLY b'791326'
ACTION QUERY 10000 6294 ireland peace talks trenches
ACTION SERP 10000 6299 EXAMINE_SERP
ACTION SNIPPET 10000 6302 SNIPPET_RELEVANT b'710290'
ACTION DOC 10000 6322 EXAMINING_DOCUMENT b'710290'
ACTION SNIPPET 10000 6325 SNIPPET_NOT_RELEVANT b'1119745'
ACTION SNIPPET 10000 6328 SNIPPET_RELEVANT b'1307853'
ACTION DOC 10000 6348 EXAMINING_DOCUMENT b'1307853'
ACTION SNIPPET 10000 6351 SEEN_PREVIOUSLY b'622835'
ACTION SNIPPET 10000 6354 SEEN_PREVIOUSLY b'787370'
ACTION SNIPPET 10000 6357 SNIPPET_NOT_RELEVANT b'1121174'
ACTION SNIPPET 10000 6360 SEEN_PREVIOUSLY b'808748'
ACTION SNIPPET 10000 6363 SEEN_PREVIOUSLY b'959816'
ACTION SNIPPET 10000 6366 SEEN_PREVIOUSLY b'882470'
ACTION SNIPPET 10000 6369 SEEN_PREVIOUSLY b'745786'
ACTION QUERY 10000 6379 ireland peace talks militia
ACTION SERP 10000 6384 EXAMINE_SERP
ACTION SNIPPET 10000 6387 SEEN_PREVIOUSLY b'718009'
ACTION SNIPPET 10000 6390 SEEN_PREVIOUSLY b'831688'
ACTION SNIPPET 10000 6393 SNIPPET_NOT_RELEVANT b'1158575'
ACTION SNIPPET 10000 6396 SNIPPET_NOT_RELEVANT b'1093273'
ACTION SNIPPET 10000 6399 SNIPPET_RELEVANT b'1410850'
ACTION DOC 10000 6419 EXAMINING_DOCUMENT b'1410850'
ACTION SNIPPET 10000 6422 SNIPPET_NOT_RELEVANT b'719704'
ACTION SNIPPET 10000 6425 SNIPPET_NOT_RELEVANT b'1467220'
ACTION SNIPPET 10000 6428 SNIPPET_NOT_RELEVANT b'1089989'
ACTION SNIPPET 10000 6431 SNIPPET_NOT_RELEVANT b'1154707'
ACTION SNIPPET 10000 6434 SEEN_PREVIOUSLY b'622835'
ACTION QUERY 10000 6444 ireland peace talks work
ACTION SERP 10000 6449 EXAMINE_SERP
ACTION SNIPPET 10000 6452 SEEN_PREVIOUSLY b'445759'
ACTION SNIPPET 10000 6455 SEEN_PREVIOUSLY b'988016'
ACTION SNIPPET 10000 6458 SEEN_PREVIOUSLY b'959816'
ACTION SNIPPET 10000 6461 SEEN_PREVIOUSLY b'788244'
ACTION SNIPPET 10000 6464 SEEN_PREVIOUSLY b'853704'
ACTION SNIPPET 10000 6467 SEEN_PREVIOUSLY b'1055072'
ACTION SNIPPET 10000 6470 SEEN_PREVIOUSLY b'1017810'
ACTION SNIPPET 10000 6473 SEEN_PREVIOUSLY b'946047'
ACTION SNIPPET 10000 6476 SEEN_PREVIOUSLY b'745318'
ACTION SNIPPET 10000 6479 SEEN_PREVIOUSLY b'622835'
ACTION QUERY 10000 6489 ireland peace talks temporarily
ACTION SERP 10000 6494 EXAMINE_SERP
ACTION SNIPPET 10000 6497 SEEN_PREVIOUSLY b'996038'
ACTION SNIPPET 10000 6500 SEEN_PREVIOUSLY b'817689'
ACTION SNIPPET 10000 6503 SEEN_PREVIOUSLY b'831688'
ACTION SNIPPET 10000 6506 SNIPPET_NOT_RELEVANT b'1128826'
ACTION SNIPPET 10000 6509 SNIPPET_NOT_RELEVANT b'730184'
ACTION SNIPPET 10000 6512 SNIPPET_RELEVANT b'968254'
ACTION DOC 10000 6532 EXAMINING_DOCUMENT b'968254'
ACTION SNIPPET 10000 6535 SNIPPET_NOT_RELEVANT b'1016856'
ACTION SNIPPET 10000 6538 SNIPPET_NOT_RELEVANT b'1175841'
ACTION SNIPPET 10000 6541 SNIPPET_NOT_RELEVANT b'1431149'
ACTION SNIPPET 10000 6544 SNIPPET_NOT_RELEVANT b'812714'
ACTION QUERY 10000 6554 ireland peace talks help
ACTION SERP 10000 6559 EXAMINE_SERP
ACTION SNIPPET 10000 6562 SEEN_PREVIOUSLY b'959816'
ACTION SNIPPET 10000 6565 SEEN_PREVIOUSLY b'831509'
ACTION SNIPPET 10000 6568 SEEN_PREVIOUSLY b'1123728'
ACTION SNIPPET 10000 6571 SNIPPET_RELEVANT b'1009907'
ACTION DOC 10000 6591 EXAMINING_DOCUMENT b'1009907'
ACTION SNIPPET 10000 6594 SEEN_PREVIOUSLY b'988016'
ACTION SNIPPET 10000 6597 SNIPPET_NOT_RELEVANT b'928743'
ACTION SNIPPET 10000 6600 SEEN_PREVIOUSLY b'855823'
ACTION SNIPPET 10000 6603 SEEN_PREVIOUSLY b'901647'
ACTION SNIPPET 10000 6606 SNIPPET_NOT_RELEVANT b'853735'
ACTION SNIPPET 10000 6609 SEEN_PREVIOUSLY b'1055072'
ACTION QUERY 10000 6619 ireland peace talks night
ACTION SERP 10000 6624 EXAMINE_SERP
ACTION SNIPPET 10000 6627 SEEN_PREVIOUSLY b'1005983'
ACTION SNIPPET 10000 6630 SEEN_PREVIOUSLY b'812461'
ACTION SNIPPET 10000 6633 SEEN_PREVIOUSLY b'657523'
ACTION SNIPPET 10000 6636 SEEN_PREVIOUSLY b'659838'
ACTION SNIPPET 10000 6639 SEEN_PREVIOUSLY b'645753'
ACTION SNIPPET 10000 6642 SNIPPET_NOT_RELEVANT b'1008862'
ACTION SNIPPET 10000 6645 SEEN_PREVIOUSLY b'812358'
ACTION SNIPPET 10000 6648 SEEN_PREVIOUSLY b'1397349'
ACTION SNIPPET 10000 6651 SEEN_PREVIOUSLY b'946047'
ACTION SNIPPET 10000 6654 SNIPPET_RELEVANT b'674491'
ACTION DOC 10000 6674 EXAMINING_DOCUMENT b'674491'
ACTION MARK 10000 6677 CONSIDERED_RELEVANT b'674491'
ACTION QUERY 10000 6687 ireland peace talks hit
ACTION SERP 10000 6692 EXAMINE_SERP
ACTION SNIPPET 10000 6695 SNIPPET_RELEVANT b'450456'
ACTION DOC 10000 6715 EXAMINING_DOCUMENT b'450456'
ACTION SNIPPET 10000 6718 SNIPPET_NOT_RELEVANT b'1405900'
ACTION SNIPPET 10000 6721 SEEN_PREVIOUSLY b'674491'
ACTION SNIPPET 10000 6724 SNIPPET_NOT_RELEVANT b'740941'
ACTION SNIPPET 10000 6727 SNIPPET_RELEVANT b'1006702'
ACTION DOC 10000 6747 EXAMINING_DOCUMENT b'1006702'
ACTION SNIPPET 10000 6750 SEEN_PREVIOUSLY b'622835'
ACTION SNIPPET 10000 6753 SEEN_PREVIOUSLY b'787370'
ACTION SNIPPET 10000 6756 SEEN_PREVIOUSLY b'808748'
ACTION SNIPPET 10000 6759 SNIPPET_RELEVANT b'1695956'
ACTION DOC 10000 6779 EXAMINING_DOCUMENT b'1695956'
ACTION SNIPPET 10000 6782 SEEN_PREVIOUSLY b'654024'
ACTION QUERY 10000 6792 ireland peace talks flight
ACTION SERP 10000 6797 EXAMINE_SERP
ACTION SNIPPET 10000 6800 SEEN_PREVIOUSLY b'674491'
ACTION SNIPPET 10000 6803 SEEN_PREVIOUSLY b'673633'
ACTION SNIPPET 10000 6806 SNIPPET_NOT_RELEVANT b'1002191'
ACTION SNIPPET 10000 6809 SEEN_PREVIOUSLY b'622835'
ACTION SNIPPET 10000 6812 SEEN_PREVIOUSLY b'787370'
ACTION SNIPPET 10000 6815 SEEN_PREVIOUSLY b'808748'
ACTION SNIPPET 10000 6818 SEEN_PREVIOUSLY b'959816'
ACTION SNIPPET 10000 6821 SEEN_PREVIOUSLY b'882470'
ACTION SNIPPET 10000 6824 SEEN_PREVIOUSLY b'745786'
ACTION SNIPPET 10000 6827 SEEN_PREVIOUSLY b'788244'
ACTION QUERY 10000 6837 ireland peace talks paralyzed
ACTION SERP 10000 6842 EXAMINE_SERP
ACTION SNIPPET 10000 6845 SEEN_PREVIOUSLY b'881742'
ACTION SNIPPET 10000 6848 SNIPPET_RELEVANT b'987235'
ACTION DOC 10000 6868 EXAMINING_DOCUMENT b'987235'
ACTION SNIPPET 10000 6871 SEEN_PREVIOUSLY b'674491'
ACTION SNIPPET 10000 6874 SNIPPET_RELEVANT b'1215422'
ACTION DOC 10000 6894 EXAMINING_DOCUMENT b'1215422'
ACTION SNIPPET 10000 6897 SNIPPET_NOT_RELEVANT b'1158575'
ACTION SNIPPET 10000 6900 SNIPPET_NOT_RELEVANT b'1119489'
ACTION SNIPPET 10000 6903 SNIPPET_NOT_RELEVANT b'774447'
ACTION SNIPPET 10000 6906 SNIPPET_NOT_RELEVANT b'1030711'
ACTION SNIPPET 10000 6909 SNIPPET_NOT_RELEVANT b'1611797'
ACTION SNIPPET 10000 6912 SEEN_PREVIOUSLY b'622835'
ACTION QUERY 10000 6922 ireland peace talks conditions
ACTION SERP 10000 6927 EXAMINE_SERP
ACTION SNIPPET 10000 6930 SNIPPET_NOT_RELEVANT b'853735'
ACTION SNIPPET 10000 6933 SNIPPET_RELEVANT b'701826'
ACTION DOC 10000 6953 EXAMINING_DOCUMENT b'701826'
ACTION SNIPPET 10000 6956 SEEN_PREVIOUSLY b'833426'
ACTION SNIPPET 10000 6959 SEEN_PREVIOUSLY b'901647'
ACTION SNIPPET 10000 6962 SEEN_PREVIOUSLY b'965305'
ACTION SNIPPET 10000 6965 SEEN_PREVIOUSLY b'773403'
ACTION SNIPPET 10000 6968 SEEN_PREVIOUSLY b'881742'
ACTION SNIPPET 10000 6971 SNIPPET_NOT_RELEVANT b'786406'
ACTION SNIPPET 10000 6974 SEEN_PREVIOUSLY b'889213'
ACTION SNIPPET 10000 6977 SEEN_PREVIOUSLY b'945319'
ACTION QUERY 10000 6987 ireland peace talks sparked
ACTION SERP 10000 6992 EXAMINE_SERP
ACTION SNIPPET 10000 6995 SNIPPET_RELEVANT b'966447'
ACTION DOC 10000 7015 EXAMINING_DOCUMENT b'966447'
ACTION SNIPPET 10000 7018 SEEN_PREVIOUSLY b'788010'
ACTION SNIPPET 10000 7021 SNIPPET_NOT_RELEVANT b'1019531'
ACTION SNIPPET 10000 7024 SNIPPET_NOT_RELEVANT b'490386'
ACTION SNIPPET 10000 7027 SNIPPET_RELEVANT b'1100250'
ACTION DOC 10000 7047 EXAMINING_DOCUMENT b'1100250'
ACTION SNIPPET 10000 7050 SNIPPET_RELEVANT b'1032533'
ACTION DOC 10000 7070 EXAMINING_DOCUMENT b'1032533'
ACTION SNIPPET 10000 7073 SEEN_PREVIOUSLY b'622835'
ACTION SNIPPET 10000 7076 SEEN_PREVIOUSLY b'787370'
ACTION SNIPPET 10000 7079 SNIPPET_NOT_RELEVANT b'398160'
ACTION SNIPPET 10000 7082 SEEN_PREVIOUSLY b'808748'
ACTION QUERY 10000 7092 ireland peace talks peace
ACTION SERP 10000 7097 EXAMINE_SERP
ACTION SNIPPET 10000 7100 SEEN_PREVIOUSLY b'622835'
ACTION SNIPPET 10000 7103 SEEN_PREVIOUSLY b'787370'
ACTION SNIPPET 10000 7106 SEEN_PREVIOUSLY b'959816'
ACTION SNIPPET 10000 7109 SEEN_PREVIOUSLY b'808748'
ACTION SNIPPET 10000 7112 SEEN_PREVIOUSLY b'882470'
ACTION SNIPPET 10000 7115 SEEN_PREVIOUSLY b'788244'
ACTION SNIPPET 10000 7118 SEEN_PREVIOUSLY b'731647'
ACTION SNIPPET 10000 7121 SEEN_PREVIOUSLY b'745786'
ACTION SNIPPET 10000 7124 SEEN_PREVIOUSLY b'1123728'
ACTION SNIPPET 10000 7127 SEEN_PREVIOUSLY b'812461'
ACTION QUERY 10000 7137 ireland peace talks londons
ACTION SERP 10000 7142 EXAMINE_SERP
ACTION SNIPPET 10000 7145 SEEN_PREVIOUSLY b'808748'
ACTION SNIPPET 10000 7148 SEEN_PREVIOUSLY b'1123728'
ACTION SNIPPET 10000 7151 SEEN_PREVIOUSLY b'655108'
ACTION SNIPPET 10000 7154 SEEN_PREVIOUSLY b'833242'
ACTION SNIPPET 10000 7157 SEEN_PREVIOUSLY b'799936'
ACTION SNIPPET 10000 7160 SEEN_PREVIOUSLY b'799535'
ACTION SNIPPET 10000 7163 SEEN_PREVIOUSLY b'889213'
ACTION SNIPPET 10000 7166 SEEN_PREVIOUSLY b'638752'
ACTION SNIPPET 10000 7169 SEEN_PREVIOUSLY b'855823'
ACTION SNIPPET 10000 7172 SEEN_PREVIOUSLY b'831509'
ACTION QUERY 10000 7182 ireland peace talks disarms
ACTION SERP 10000 7187 EXAMINE_SERP
ACTION SNIPPET 10000 7190 SEEN_PREVIOUSLY b'1123728'
ACTION SNIPPET 10000 7193 SEEN_PREVIOUSLY b'799936'
ACTION SNIPPET 10000 7196 SEEN_PREVIOUSLY b'799535'
ACTION SNIPPET 10000 7199 SNIPPET_NOT_RELEVANT b'1120499'
ACTION SNIPPET 10000 7202 SEEN_PREVIOUSLY b'787370'
ACTION SNIPPET 10000 7205 SEEN_PREVIOUSLY b'745786'
ACTION SNIPPET 10000 7208 SNIPPET_NOT_RELEVANT b'853735'
ACTION SNIPPET 10000 7211 SNIPPET_RELEVANT b'945814'
ACTION DOC 10000 7231 EXAMINING_DOCUMENT b'945814'
ACTION SNIPPET 10000 7234 SNIPPET_RELEVANT b'747386'
ACTION DOC 10000 7254 EXAMINING_DOCUMENT b'747386'
ACTION SNIPPET 10000 7257 SNIPPET_NOT_RELEVANT b'1119292'
ACTION QUERY 10000 7267 ireland peace talks parades
ACTION SERP 10000 7272 EXAMINE_SERP
ACTION SNIPPET 10000 7275 SNIPPET_RELEVANT b'942117'
ACTION DOC 10000 7295 EXAMINING_DOCUMENT b'942117'
ACTION MARK 10000 7298 CONSIDERED_RELEVANT b'942117'
ACTION SNIPPET 10000 7301 SNIPPET_NOT_RELEVANT b'1119489'
ACTION SNIPPET 10000 7304 SNIPPET_RELEVANT b'928743'
ACTION DOC 10000 7324 EXAMINING_DOCUMENT b'928743'
ACTION SNIPPET 10000 7327 SEEN_PREVIOUSLY b'937897'
ACTION SNIPPET 10000 7330 SEEN_PREVIOUSLY b'871163'
ACTION SNIPPET 10000 7333 SNIPPET_NOT_RELEVANT b'932519'
ACTION SNIPPET 10000 7336 SNIPPET_NOT_RELEVANT b'943846'
ACTION SNIPPET 10000 7339 SEEN_PREVIOUSLY b'1123728'
ACTION SNIPPET 10000 7342 SNIPPET_RELEVANT b'921937'
ACTION DOC 10000 7362 EXAMINING_DOCUMENT b'921937'
ACTION SNIPPET 10000 7365 SNIPPET_NOT_RELEVANT b'866290'
ACTION QUERY 10000 7375 ireland peace talks accompanied
ACTION SERP 10000 7380 EXAMINE_SERP
ACTION SNIPPET 10000 7383 SNIPPET_RELEVANT b'1088656'
ACTION DOC 10000 7403 EXAMINING_DOCUMENT b'1088656'
ACTION SNIPPET 10000 7406 SNIPPET_NOT_RELEVANT b'1016633'
ACTION SNIPPET 10000 7409 SNIPPET_RELEVANT b'1058499'
ACTION DOC 10000 7429 EXAMINING_DOCUMENT b'1058499'
ACTION SNIPPET 10000 7432 SEEN_PREVIOUSLY b'654024'
ACTION SNIPPET 10000 7435 SNIPPET_RELEVANT b'1309837'
ACTION DOC 10000 7455 EXAMINING_DOCUMENT b'1309837'
ACTION SNIPPET 10000 7458 SNIPPET_RELEVANT b'1096691'
ACTION DOC 10000 7478 EXAMINING_DOCUMENT b'1096691'
ACTION SNIPPET 10000 7481 SNIPPET_RELEVANT b'1096612'
ACTION DOC 10000 7501 EXAMINING_DOCUMENT b'1096612'
ACTION SNIPPET 10000 7504 SNIPPET_RELEVANT b'1009452'
ACTION DOC 10000 7524 EXAMINING_DOCUMENT b'1009452'
ACTION SNIPPET 10000 7527 SEEN_PREVIOUSLY b'622835'
ACTION SNIPPET 10000 7530 SEEN_PREVIOUSLY b'787370'
ACTION QUERY 10000 7540 ireland peace talks deployed
ACTION SERP 10000 7545 EXAMINE_SERP
ACTION SNIPPET 10000 7548 SEEN_PREVIOUSLY b'942117'
ACTION SNIPPET 10000 7551 SEEN_PREVIOUSLY b'654024'
ACTION SNIPPET 10000 7554 SNIPPET_RELEVANT b'1472960'
ACTION DOC 10000 7574 EXAMINING_DOCUMENT b'1472960'
ACTION SNIPPET 10000 7577 SNIPPET_NOT_RELEVANT b'863351'
ACTION SNIPPET 10000 7580 SNIPPET_RELEVANT b'1538486'
ACTION DOC 10000 7600 EXAMINING_DOCUMENT b'1538486'
ACTION SNIPPET 10000 7603 SEEN_PREVIOUSLY b'622835'
ACTION SNIPPET 10000 7606 SEEN_PREVIOUSLY b'787370'
ACTION SNIPPET 10000 7609 SEEN_PREVIOUSLY b'808748'
ACTION SNIPPET 10000 7612 SEEN_PREVIOUSLY b'959816'
ACTION SNIPPET 10000 7615 SEEN_PREVIOUSLY b'882470'
ACTION QUERY 10000 7625 ireland peace talks afghanistan
ACTION SERP 10000 7630 EXAMINE_SERP
ACTION SNIPPET 10000 7633 SEEN_PREVIOUSLY b'622835'
ACTION SNIPPET 10000 7636 SEEN_PREVIOUSLY b'787370'
ACTION SNIPPET 10000 7639 SEEN_PREVIOUSLY b'808748'
ACTION SNIPPET 10000 7642 SNIPPET_NOT_RELEVANT b'1056471'
ACTION SNIPPET 10000 7645 SEEN_PREVIOUSLY b'959816'
ACTION SNIPPET 10000 7648 SEEN_PREVIOUSLY b'882470'
ACTION SNIPPET 10000 7651 SEEN_PREVIOUSLY b'745786'
ACTION SNIPPET 10000 7654 SEEN_PREVIOUSLY b'788244'
ACTION SNIPPET 10000 7657 SEEN_PREVIOUSLY b'445759'
ACTION SNIPPET 10000 7660 SNIPPET_NOT_RELEVANT b'819687'
ACTION QUERY 10000 7670 ireland peace talks helped
ACTION SERP 10000 7675 EXAMINE_SERP
ACTION SNIPPET 10000 7678 SEEN_PREVIOUSLY b'959816'
ACTION SNIPPET 10000 7681 SEEN_PREVIOUSLY b'831509'
ACTION SNIPPET 10000 7684 SEEN_PREVIOUSLY b'1123728'
ACTION SNIPPET 10000 7687 SEEN_PREVIOUSLY b'1009907'
ACTION SNIPPET 10000 7690 SEEN_PREVIOUSLY b'988016'
ACTION SNIPPET 10000 7693 SEEN_PREVIOUSLY b'928743'
ACTION SNIPPET 10000 7696 SEEN_PREVIOUSLY b'855823'
ACTION SNIPPET 10000 7699 SEEN_PREVIOUSLY b'901647'
ACTION SNIPPET 10000 7702 SNIPPET_RELEVANT b'853735'
ACTION DOC 10000 7722 EXAMINING_DOCUMENT b'853735'
ACTION SNIPPET 10000 7725 SEEN_PREVIOUSLY b'1055072'
ACTION QUERY 10000 7735 ireland peace talks died
ACTION SERP 10000 7740 EXAMINE_SERP
ACTION SNIPPET 10000 7743 SEEN_PREVIOUSLY b'688383'
ACTION SNIPPET 10000 7746 SEEN_PREVIOUSLY b'945319'
ACTION SNIPPET 10000 7749 SEEN_PREVIOUSLY b'629074'
ACTION SNIPPET 10000 7752 SNIPPET_NOT_RELEVANT b'806493'
ACTION SNIPPET 10000 7755 SEEN_PREVIOUSLY b'949797'
ACTION SNIPPET 10000 7758 SEEN_PREVIOUSLY b'1695956'
ACTION SNIPPET 10000 7761 SEEN_PREVIOUSLY b'968254'
ACTION SNIPPET 10000 7764 SEEN_PREVIOUSLY b'1054620'
ACTION SNIPPET 10000 7767 SEEN_PREVIOUSLY b'539460'
ACTION SNIPPET 10000 7770 SEEN_PREVIOUSLY b'622835'
ACTION QUERY 10000 7780 ireland peace talks movement
ACTION SERP 10000 7785 EXAMINE_SERP
ACTION SNIPPET 10000 7788 SNIPPET_NOT_RELEVANT b'860125'
ACTION SNIPPET 10000 7791 SEEN_PREVIOUSLY b'787911'
ACTION SNIPPET 10000 7794 SEEN_PREVIOUSLY b'644645'
ACTION SNIPPET 10000 7797 SEEN_PREVIOUSLY b'831509'
ACTION SNIPPET 10000 7800 SNIPPET_NOT_RELEVANT b'599863'
ACTION SNIPPET 10000 7803 SEEN_PREVIOUSLY b'1002800'
ACTION SNIPPET 10000 7806 SEEN_PREVIOUSLY b'599171'
ACTION SNIPPET 10000 7809 SNIPPET_RELEVANT b'1008862'
ACTION DOC 10000 7829 EXAMINING_DOCUMENT b'1008862'
ACTION SNIPPET 10000 7832 SEEN_PREVIOUSLY b'945319'
ACTION SNIPPET 10000 7835 SEEN_PREVIOUSLY b'833605'
ACTION QUERY 10000 7845 ireland peace talks meeting
ACTION SERP 10000 7850 EXAMINE_SERP
ACTION SNIPPET 10000 7853 SEEN_PREVIOUSLY b'764747'
ACTION SNIPPET 10000 7856 SEEN_PREVIOUSLY b'445759'
ACTION SNIPPET 10000 7859 SEEN_PREVIOUSLY b'645753'
ACTION SNIPPET 10000 7862 SNIPPET_RELEVANT b'732418'
ACTION DOC 10000 7882 EXAMINING_DOCUMENT b'732418'
ACTION SNIPPET 10000 7885 SEEN_PREVIOUSLY b'937737'
ACTION SNIPPET 10000 7888 SEEN_PREVIOUSLY b'788244'
ACTION SNIPPET 10000 7891 SEEN_PREVIOUSLY b'787911'
ACTION SNIPPET 10000 7894 SEEN_PREVIOUSLY b'731647'
ACTION SNIPPET 10000 7897 SEEN_PREVIOUSLY b'793076'
ACTION SNIPPET 10000 7900 SEEN_PREVIOUSLY b'793348'
ACTION QUERY 10000 7910 ireland peace talks band
ACTION SERP 10000 7915 EXAMINE_SERP
ACTION SNIPPET 10000 7918 SNIPPET_NOT_RELEVANT b'285288'
ACTION SNIPPET 10000 7921 SNIPPET_RELEVANT b'528942'
ACTION DOC 10000 7941 EXAMINING_DOCUMENT b'528942'
ACTION SNIPPET 10000 7944 SEEN_PREVIOUSLY b'622835'
ACTION SNIPPET 10000 7947 SEEN_PREVIOUSLY b'787370'
ACTION SNIPPET 10000 7950 SNIPPET_NOT_RELEVANT b'945296'
ACTION SNIPPET 10000 7953 SNIPPET_NOT_RELEVANT b'570878'
ACTION SNIPPET 10000 7956 SEEN_PREVIOUSLY b'808748'
ACTION SNIPPET 10000 7959 SNIPPET_RELEVANT b'1499629'
ACTION DOC 10000 7979 EXAMINING_DOCUMENT b'1499629'
ACTION SNIPPET 10000 7982 SEEN_PREVIOUSLY b'959816'
ACTION SNIPPET 10000 7985 SEEN_PREVIOUSLY b'882470'
ACTION QUERY 10000 7995 ireland peace talks problem
ACTION SERP 10000 8000 EXAMINE_SERP
ACTION SNIPPET 10000 8003 SEEN_PREVIOUSLY b'622835'
ACTION SNIPPET 10000 8006 SNIPPET_NOT_RELEVANT b'165046'
ACTION SNIPPET 10000 8009 SEEN_PREVIOUSLY b'959816'
ACTION SNIPPET 10000 8012 SEEN_PREVIOUSLY b'788244'
ACTION SNIPPET 10000 8015 SEEN_PREVIOUSLY b'611029'
ACTION SNIPPET 10000 8018 SEEN_PREVIOUSLY b'855823'
ACTION SNIPPET 10000 8021 SEEN_PREVIOUSLY b'1017810'
ACTION SNIPPET 10000 8024 SEEN_PREVIOUSLY b'937737'
ACTION SNIPPET 10000 8027 SEEN_PREVIOUSLY b'978157'
ACTION SNIPPET 10000 8030 SNIPPET_RELEVANT b'786808'
ACTION DOC 10000 8050 EXAMINING_DOCUMENT b'786808'
ACTION QUERY 10000 8060 ireland peace talks sinne
ACTION SERP 10000 8065 EXAMINE_SERP
ACTION SNIPPET 10000 8068 SEEN_PREVIOUSLY b'701826'
ACTION SNIPPET 10000 8071 SEEN_PREVIOUSLY b'799936'
ACTION SNIPPET 10000 8074 SEEN_PREVIOUSLY b'799535'
ACTION SNIPPET 10000 8077 SEEN_PREVIOUSLY b'629074'
ACTION SNIPPET 10000 8080 SEEN_PREVIOUSLY b'745786'
ACTION SNIPPET 10000 8083 SEEN_PREVIOUSLY b'996409'
ACTION SNIPPET 10000 8086 SEEN_PREVIOUSLY b'937737'
ACTION SNIPPET 10000 8089 SEEN_PREVIOUSLY b'787370'
ACTION SNIPPET 10000 8092 SEEN_PREVIOUSLY b'688383'
ACTION SNIPPET 10000 8095 SNIPPET_RELEVANT b'996217'
ACTION DOC 10000 8115 EXAMINING_DOCUMENT b'996217'
ACTION QUERY 10000 8125 ireland peace talks far
ACTION SERP 10000 8130 EXAMINE_SERP
ACTION SNIPPET 10000 8133 SEEN_PREVIOUSLY b'1123728'
ACTION SNIPPET 10000 8136 SEEN_PREVIOUSLY b'812461'
ACTION SNIPPET 10000 8139 SEEN_PREVIOUSLY b'928743'
ACTION SNIPPET 10000 8142 SEEN_PREVIOUSLY b'1017810'
ACTION SNIPPET 10000 8145 SEEN_PREVIOUSLY b'1002800'
ACTION SNIPPET 10000 8148 SEEN_PREVIOUSLY b'965305'
ACTION SNIPPET 10000 8151 SEEN_PREVIOUSLY b'659236'
ACTION SNIPPET 10000 8154 SEEN_PREVIOUSLY b'945319'
ACTION SNIPPET 10000 8157 SEEN_PREVIOUSLY b'812358'
ACTION SNIPPET 10000 8160 SEEN_PREVIOUSLY b'853704'
ACTION QUERY 10000 8170 ireland peace talks deadly
ACTION SERP 10000 8175 EXAMINE_SERP
ACTION SNIPPET 10000 8178 SEEN_PREVIOUSLY b'881742'
ACTION SNIPPET 10000 8181 SEEN_PREVIOUSLY b'892027'
ACTION SNIPPET 10000 8184 SNIPPET_RELEVANT b'938862'
ACTION DOC 10000 8204 EXAMINING_DOCUMENT b'938862'
ACTION SNIPPET 10000 8207 SNIPPET_RELEVANT b'1044437'
ACTION DOC 10000 8227 EXAMINING_DOCUMENT b'1044437'
ACTION SNIPPET 10000 8230 SNIPPET_RELEVANT b'865048'
ACTION DOC 10000 8250 EXAMINING_DOCUMENT b'865048'
ACTION MARK 10000 8253 CONSIDERED_RELEVANT b'865048'
ACTION SNIPPET 10000 8256 SEEN_PREVIOUSLY b'937897'
ACTION SNIPPET 10000 8259 SEEN_PREVIOUSLY b'1472960'
ACTION SNIPPET 10000 8262 SNIPPET_RELEVANT b'1753310'
ACTION DOC 10000 8282 EXAMINING_DOCUMENT b'1753310'
ACTION SNIPPET 10000 8285 SNIPPET_NOT_RELEVANT b'1136879'
ACTION SNIPPET 10000 8288 SNIPPET_RELEVANT b'988875'
ACTION DOC 10000 8308 EXAMINING_DOCUMENT b'988875'
ACTION MARK 10000 8311 CONSIDERED_RELEVANT b'988875'
ACTION QUERY 10000 8321 ireland peace talks man
ACTION SERP 10000 8326 EXAMINE_SERP
ACTION SNIPPET 10000 8329 SEEN_PREVIOUSLY b'989497'
ACTION SNIPPET 10000 8332 SEEN_PREVIOUSLY b'812358'
ACTION SNIPPET 10000 8335 SEEN_PREVIOUSLY b'948244'
ACTION SNIPPET 10000 8338 SEEN_PREVIOUSLY b'639501'
ACTION SNIPPET 10000 8341 SNIPPET_RELEVANT b'963518'
ACTION DOC 10000 8361 EXAMINING_DOCUMENT b'963518'
ACTION SNIPPET 10000 8364 SEEN_PREVIOUSLY b'831509'
ACTION SNIPPET 10000 8367 SNIPPET_NOT_RELEVANT b'1008249'
ACTION SNIPPET 10000 8370 SNIPPET_RELEVANT b'939812'
ACTION DOC 10000 8390 EXAMINING_DOCUMENT b'939812'
ACTION SNIPPET 10000 8393 SNIPPET_NOT_RELEVANT b'939580'
ACTION SNIPPET 10000 8396 SNIPPET_RELEVANT b'954311'
ACTION DOC 10000 8416 EXAMINING_DOCUMENT b'954311'
ACTION QUERY 10000 8426 ireland peace talks resign
ACTION SERP 10000 8431 EXAMINE_SERP
ACTION SNIPPET 10000 8434 SEEN_PREVIOUSLY b'1325939'
ACTION SNIPPET 10000 8437 SNIPPET_NOT_RELEVANT b'1305495'
ACTION SNIPPET 10000 8440 SNIPPET_NOT_RELEVANT b'1308507'
ACTION SNIPPET 10000 8443 SNIPPET_NOT_RELEVANT b'1317332'
ACTION SNIPPET 10000 8446 SEEN_PREVIOUSLY b'908770'
ACTION SNIPPET 10000 8449 SNIPPET_NOT_RELEVANT b'599863'
ACTION SNIPPET 10000 8452 SNIPPET_NOT_RELEVANT b'732231'
ACTION SNIPPET 10000 8455 SNIPPET_RELEVANT b'1303867'
ACTION DOC 10000 8475 EXAMINING_DOCUMENT b'1303867'
ACTION SNIPPET 10000 8478 SNIPPET_RELEVANT b'1312721'
ACTION DOC 10000 8498 EXAMINING_DOCUMENT b'1312721'
ACTION SNIPPET 10000 8501 SNIPPET_RELEVANT b'1123758'
ACTION DOC 10000 8521 EXAMINING_DOCUMENT b'1123758'
ACTION QUERY 10000 8531 ireland peace talks returned
ACTION SERP 10000 8536 EXAMINE_SERP
ACTION SNIPPET 10000 8539 SEEN_PREVIOUSLY b'865299'
ACTION SNIPPET 10000 8542 SEEN_PREVIOUSLY b'821182'
ACTION SNIPPET 10000 8545 SEEN_PREVIOUSLY b'821316'
ACTION SNIPPET 10000 8548 SEEN_PREVIOUSLY b'599171'
ACTION SNIPPET 10000 8551 SEEN_PREVIOUSLY b'788244'
ACTION SNIPPET 10000 8554 SEEN_PREVIOUSLY b'1066315'
ACTION SNIPPET 10000 8557 SEEN_PREVIOUSLY b'1002800'
ACTION SNIPPET 10000 8560 SEEN_PREVIOUSLY b'831688'
ACTION SNIPPET 10000 8563 SEEN_PREVIOUSLY b'936058'
ACTION SNIPPET 10000 8566 SEEN_PREVIOUSLY b'892027'
ACTION QUERY 10000 8576 ireland peace talks renegade
ACTION SERP 10000 8581 EXAMINE_SERP
ACTION SNIPPET 10000 8584 SEEN_PREVIOUSLY b'988875'
ACTION SNIPPET 10000 8587 SEEN_PREVIOUSLY b'990896'
ACTION SNIPPET 10000 8590 SNIPPET_RELEVANT b'1343692'
ACTION DOC 10000 8610 EXAMINING_DOCUMENT b'1343692'
ACTION SNIPPET 10000 8613 SNIPPET_RELEVANT b'1338739'
ACTION DOC 10000 8633 EXAMINING_DOCUMENT b'1338739'
ACTION SNIPPET 10000 8636 SNIPPET_NOT_RELEVANT b'1390861'
ACTION SNIPPET 10000 8639 SNIPPET_RELEVANT b'985878'
ACTION DOC 10000 8659 EXAMINING_DOCUMENT b'985878'
ACTION MARK 10000 8662 CONSIDERED_RELEVANT b'985878'
ACTION SNIPPET 10000 8665 SNIPPET_RELEVANT b'987540'
ACTION DOC 10000 8685 EXAMINING_DOCUMENT b'987540'
ACTION MARK 10000 8688 CONSIDERED_RELEVANT b'987540'
ACTION SNIPPET 10000 8691 SEEN_PREVIOUSLY b'1043814'
ACTION SNIPPET 10000 8694 SNIPPET_RELEVANT b'983919'
ACTION DOC 10000 8714 EXAMINING_DOCUMENT b'983919'
ACTION MARK 10000 8717 CONSIDERED_RELEVANT b'983919'
ACTION SNIPPET 10000 8720 SNIPPET_NOT_RELEVANT b'988984'
ACTION QUERY 10000 8730 ireland peace talks latest
ACTION SERP 10000 8735 EXAMINE_SERP
ACTION SNIPPET 10000 8738 SEEN_PREVIOUSLY b'645753'
ACTION SNIPPET 10000 8741 SEEN_PREVIOUSLY b'1123728'
ACTION SNIPPET 10000 8744 SEEN_PREVIOUSLY b'939812'
ACTION SNIPPET 10000 8747 SEEN_PREVIOUSLY b'892027'
ACTION SNIPPET 10000 8750 SEEN_PREVIOUSLY b'937737'
ACTION SNIPPET 10000 8753 SEEN_PREVIOUSLY b'793076'
ACTION SNIPPET 10000 8756 SEEN_PREVIOUSLY b'793348'
ACTION SNIPPET 10000 8759 SEEN_PREVIOUSLY b'946047'
ACTION SNIPPET 10000 8762 SEEN_PREVIOUSLY b'450456'
ACTION SNIPPET 10000 8765 SEEN_PREVIOUSLY b'994559'
ACTION QUERY 10000 8775 ireland peace talks killings
ACTION SERP 10000 8780 EXAMINE_SERP
ACTION SNIPPET 10000 8783 SEEN_PREVIOUSLY b'937737'
ACTION SNIPPET 10000 8786 SEEN_PREVIOUSLY b'450456'
ACTION SNIPPET 10000 8789 SEEN_PREVIOUSLY b'599171'
ACTION SNIPPET 10000 8792 SEEN_PREVIOUSLY b'821182'
ACTION SNIPPET 10000 8795 SEEN_PREVIOUSLY b'821316'
ACTION SNIPPET 10000 8798 SEEN_PREVIOUSLY b'994559'
ACTION SNIPPET 10000 8801 SEEN_PREVIOUSLY b'659236'
ACTION SNIPPET 10000 8804 SEEN_PREVIOUSLY b'645753'
ACTION SNIPPET 10000 8807 SEEN_PREVIOUSLY b'745318'
ACTION SNIPPET 10000 8810 SEEN_PREVIOUSLY b'989497'
ACTION QUERY 10000 8820 ireland peace talks start
ACTION SERP 10000 8825 EXAMINE_SERP
ACTION SNIPPET 10000 8828 SEEN_PREVIOUSLY b'788244'
ACTION SNIPPET 10000 8831 SEEN_PREVIOUSLY b'787370'
ACTION SNIPPET 10000 8834 SEEN_PREVIOUSLY b'855823'
ACTION SNIPPET 10000 8837 SEEN_PREVIOUSLY b'812461'
ACTION SNIPPET 10000 8840 SEEN_PREVIOUSLY b'808748'
ACTION SNIPPET 10000 8843 SEEN_PREVIOUSLY b'959816'
ACTION SNIPPET 10000 8846 SEEN_PREVIOUSLY b'799936'
ACTION SNIPPET 10000 8849 SEEN_PREVIOUSLY b'799535'
ACTION SNIPPET 10000 8852 SEEN_PREVIOUSLY b'1123728'
ACTION SNIPPET 10000 8855 SEEN_PREVIOUSLY b'946047'
ACTION QUERY 10000 8865 ireland peace talks incident
ACTION SERP 10000 8870 EXAMINE_SERP
ACTION SNIPPET 10000 8873 SEEN_PREVIOUSLY b'732418'
ACTION SNIPPET 10000 8876 SNIPPET_NOT_RELEVANT b'934154'
ACTION SNIPPET 10000 8879 SEEN_PREVIOUSLY b'882470'
ACTION SNIPPET 10000 8882 SNIPPET_RELEVANT b'467701'
ACTION DOC 10000 8902 EXAMINING_DOCUMENT b'467701'
ACTION MARK 10000 8905 CONSIDERED_RELEVANT b'467701'
ACTION SNIPPET 10000 8908 SEEN_PREVIOUSLY b'954311'
ACTION SNIPPET 10000 8911 SEEN_PREVIOUSLY b'786985'
ACTION SNIPPET 10000 8914 SNIPPET_RELEVANT b'1005072'
ACTION DOC 10000 8934 EXAMINING_DOCUMENT b'1005072'
ACTION SNIPPET 10000 8937 SNIPPET_NOT_RELEVANT b'831490'
ACTION SNIPPET 10000 8940 SNIPPET_RELEVANT b'1128826'
ACTION DOC 10000 8960 EXAMINING_DOCUMENT b'1128826'
ACTION SNIPPET 10000 8963 SNIPPET_RELEVANT b'638152'
ACTION DOC 10000 8983 EXAMINING_DOCUMENT b'638152'
ACTION QUERY 10000 8993 ireland peace talks massacres
ACTION SERP 10000 8998 EXAMINE_SERP
ACTION SNIPPET 10000 9001 SNIPPET_RELEVANT b'32348'
ACTION DOC 10000 9021 EXAMINING_DOCUMENT b'32348'
ACTION SNIPPET 10000 9024 SNIPPET_RELEVANT b'789350'
ACTION DOC 10000 9044 EXAMINING_DOCUMENT b'789350'
ACTION SNIPPET 10000 9047 SNIPPET_RELEVANT b'1008901'
ACTION DOC 10000 9067 EXAMINING_DOCUMENT b'1008901'
ACTION SNIPPET 10000 9070 SNIPPET_NOT_RELEVANT b'1018890'
ACTION SNIPPET 10000 9073 SNIPPET_RELEVANT b'819687'
ACTION DOC 10000 9093 EXAMINING_DOCUMENT b'819687'
ACTION SNIPPET 10000 9096 SNIPPET_RELEVANT b'1845905'
ACTION DOC 10000 9116 EXAMINING_DOCUMENT b'1845905'
ACTION SNIPPET 10000 9119 SEEN_PREVIOUSLY b'622835'
ACTION SNIPPET 10000 9122 SEEN_PREVIOUSLY b'787370'
ACTION SNIPPET 10000 9125 SEEN_PREVIOUSLY b'808748'
ACTION SNIPPET 10000 9128 SEEN_PREVIOUSLY b'959816'
ACTION QUERY 10000 9138 ireland peace talks terrorists
ACTION SERP 10000 9143 EXAMINE_SERP
ACTION SNIPPET 10000 9146 SEEN_PREVIOUSLY b'787370'
ACTION SNIPPET 10000 9149 SEEN_PREVIOUSLY b'988016'
ACTION SNIPPET 10000 9152 SEEN_PREVIOUSLY b'450456'
ACTION SNIPPET 10000 9155 SNIPPET_NOT_RELEVANT b'905641'
ACTION SNIPPET 10000 9158 SNIPPET_NOT_RELEVANT b'1040550'
ACTION SNIPPET 10000 9161 SNIPPET_NOT_RELEVANT b'956757'
ACTION SNIPPET 10000 9164 SNIPPET_RELEVANT b'1401123'
ACTION DOC 10000 9184 EXAMINING_DOCUMENT b'1401123'
ACTION MARK 10000 9187 CONSIDERED_RELEVANT b'1401123'
ACTION SNIPPET 10000 9190 SNIPPET_NOT_RELEVANT b'719704'
ACTION SNIPPET 10000 9193 SEEN_PREVIOUSLY b'996409'
ACTION SNIPPET 10000 9196 SEEN_PREVIOUSLY b'965049'
ACTION QUERY 10000 9206 ireland peace talks trying
ACTION SERP 10000 9211 EXAMINE_SERP
ACTION SNIPPET 10000 9214 SEEN_PREVIOUSLY b'812461'
ACTION SNIPPET 10000 9217 SEEN_PREVIOUSLY b'808748'
ACTION SNIPPET 10000 9220 SEEN_PREVIOUSLY b'882470'
ACTION SNIPPET 10000 9223 SEEN_PREVIOUSLY b'799936'
ACTION SNIPPET 10000 9226 SEEN_PREVIOUSLY b'799535'
ACTION SNIPPET 10000 9229 SEEN_PREVIOUSLY b'988016'
ACTION SNIPPET 10000 9232 SEEN_PREVIOUSLY b'731647'
ACTION SNIPPET 10000 9235 SEEN_PREVIOUSLY b'653747'
ACTION SNIPPET 10000 9238 SNIPPET_NOT_RELEVANT b'777318'
ACTION SNIPPET 10000 9241 SEEN_PREVIOUSLY b'831509'
ACTION QUERY 10000 9251 ireland peace talks search
ACTION SERP 10000 9256 EXAMINE_SERP
ACTION SNIPPET 10000 9259 SEEN_PREVIOUSLY b'655108'
ACTION SNIPPET 10000 9262 SEEN_PREVIOUSLY b'788244'
ACTION SNIPPET 10000 9265 SEEN_PREVIOUSLY b'666299'
ACTION SNIPPET 10000 9268 SEEN_PREVIOUSLY b'957604'
ACTION SNIPPET 10000 9271 SEEN_PREVIOUSLY b'673633'
ACTION SNIPPET 10000 9274 SEEN_PREVIOUSLY b'812358'
ACTION SNIPPET 10000 9277 SEEN_PREVIOUSLY b'450456'
ACTION SNIPPET 10000 9280 SEEN_PREVIOUSLY b'828989'
ACTION SNIPPET 10000 9283 SNIPPET_RELEVANT b'740941'
ACTION DOC 10000 9303 EXAMINING_DOCUMENT b'740941'
ACTION SNIPPET 10000 9306 SNIPPET_RELEVANT b'788080'
ACTION DOC 10000 9326 EXAMINING_DOCUMENT b'788080'
ACTION QUERY 10000 9336 ireland peace talks evicted
ACTION SERP 10000 9341 EXAMINE_SERP
ACTION SNIPPET 10000 9344 SNIPPET_NOT_RELEVANT b'1430210'
ACTION SNIPPET 10000 9347 SEEN_PREVIOUSLY b'1032533'
ACTION SNIPPET 10000 9350 SNIPPET_RELEVANT b'1430343'
ACTION DOC 10000 9370 EXAMINING_DOCUMENT b'1430343'
ACTION SNIPPET 10000 9373 SNIPPET_NOT_RELEVANT b'1315385'
ACTION SNIPPET 10000 9376 SNIPPET_NOT_RELEVANT b'653061'
ACTION SNIPPET 10000 9379 SNIPPET_NOT_RELEVANT b'1313527'
ACTION SNIPPET 10000 9382 SNIPPET_NOT_RELEVANT b'1336674'
ACTION SNIPPET 10000 9385 SNIPPET_RELEVANT b'1288163'
ACTION DOC 10000 9405 EXAMINING_DOCUMENT b'1288163'
ACTION SNIPPET 10000 9408 SNIPPET_RELEVANT b'803524'
ACTION DOC 10000 9428 EXAMINING_DOCUMENT b'803524'
ACTION SNIPPET 10000 9431 SEEN_PREVIOUSLY b'622835'
ACTION QUERY 10000 9441 ireland peace talks clinton
ACTION SERP 10000 9446 EXAMINE_SERP
ACTION SNIPPET 10000 9449 SEEN_PREVIOUSLY b'812461'
ACTION SNIPPET 10000 9452 SEEN_PREVIOUSLY b'1003028'
ACTION SNIPPET 10000 9455 SEEN_PREVIOUSLY b'808748'
ACTION SNIPPET 10000 9458 SEEN_PREVIOUSLY b'773403'
ACTION SNIPPET 10000 9461 SEEN_PREVIOUSLY b'622835'
ACTION SNIPPET 10000 9464 SNIPPET_NOT_RELEVANT b'813480'
ACTION SNIPPET 10000 9467 SNIPPET_NOT_RELEVANT b'596554'
ACTION SNIPPET 10000 9470 SNIPPET_NOT_RELEVANT b'806493'
ACTION SNIPPET 10000 9473 SEEN_PREVIOUSLY b'786808'
ACTION SNIPPET 10000 9476 SNIPPET_RELEVANT b'1159005'
ACTION DOC 10000 9496 EXAMINING_DOCUMENT b'1159005'
ACTION QUERY 10000 9506 ireland peace talks members
ACTION SERP 10000 9511 EXAMINE_SERP
ACTION SNIPPET 10000 9514 SEEN_PREVIOUSLY b'1054620'
ACTION SNIPPET 10000 9517 SEEN_PREVIOUSLY b'831509'
ACTION SNIPPET 10000 9520 SEEN_PREVIOUSLY b'599171'
ACTION SNIPPET 10000 9523 SEEN_PREVIOUSLY b'1096978'
ACTION SNIPPET 10000 9526 SEEN_PREVIOUSLY b'988016'
ACTION SNIPPET 10000 9529 SEEN_PREVIOUSLY b'1009907'
ACTION SNIPPET 10000 9532 SEEN_PREVIOUSLY b'855823'
ACTION SNIPPET 10000 9535 SEEN_PREVIOUSLY b'638752'
ACTION SNIPPET 10000 9538 SEEN_PREVIOUSLY b'450456'
ACTION SNIPPET 10000 9541 SEEN_PREVIOUSLY b'629074'
ACTION QUERY 10000 9551 ireland peace talks leaving
ACTION SERP 10000 9556 EXAMINE_SERP
ACTION SNIPPET 10000 9559 SEEN_PREVIOUSLY b'996409'
ACTION SNIPPET 10000 9562 SEEN_PREVIOUSLY b'656887'
ACTION SNIPPET 10000 9565 SEEN_PREVIOUSLY b'645753'
ACTION SNIPPET 10000 9568 SEEN_PREVIOUSLY b'812358'
ACTION SNIPPET 10000 9571 SEEN_PREVIOUSLY b'930416'
ACTION SNIPPET 10000 9574 SNIPPET_NOT_RELEVANT b'709536'
ACTION SNIPPET 10000 9577 SEEN_PREVIOUSLY b'654024'
ACTION SNIPPET 10000 9580 SNIPPET_RELEVANT b'860820'
ACTION DOC 10000 9600 EXAMINING_DOCUMENT b'860820'
ACTION SNIPPET 10000 9603 SNIPPET_RELEVANT b'860125'
ACTION DOC 10000 9623 EXAMINING_DOCUMENT b'860125'
ACTION SNIPPET 10000 9626 SEEN_PREVIOUSLY b'939812'
ACTION QUERY 10000 9636 ireland peace talks located
ACTION SERP 10000 9641 EXAMINE_SERP
ACTION SNIPPET 10000 9644 SEEN_PREVIOUSLY b'445759'
ACTION SNIPPET 10000 9647 SEEN_PREVIOUSLY b'996409'
ACTION SNIPPET 10000 9650 SNIPPET_NOT_RELEVANT b'453480'
ACTION SNIPPET 10000 9653 SEEN_PREVIOUSLY b'622835'
ACTION SNIPPET 10000 9656 SEEN_PREVIOUSLY b'787370'
ACTION SNIPPET 10000 9659 SNIPPET_RELEVANT b'1317332'
ACTION DOC 10000 9679 EXAMINING_DOCUMENT b'1317332'
ACTION SNIPPET 10000 9682 SNIPPET_RELEVANT b'665738'
ACTION DOC 10000 9702 EXAMINING_DOCUMENT b'665738'
ACTION SNIPPET 10000 9705 SEEN_PREVIOUSLY b'808748'
ACTION SNIPPET 10000 9708 SNIPPET_NOT_RELEVANT b'1210732'
ACTION SNIPPET 10000 9711 SEEN_PREVIOUSLY b'959816'
ACTION QUERY 10000 9721 ireland peace talks pms
ACTION SERP 10000 9726 EXAMINE_SERP
ACTION SNIPPET 10000 9729 SEEN_PREVIOUSLY b'622835'
ACTION SNIPPET 10000 9732 SEEN_PREVIOUSLY b'787370'
ACTION SNIPPET 10000 9735 SEEN_PREVIOUSLY b'808748'
ACTION SNIPPET 10000 9738 SEEN_PREVIOUSLY b'959816'
ACTION SNIPPET 10000 9741 SEEN_PREVIOUSLY b'882470'
ACTION SNIPPET 10000 9744 SEEN_PREVIOUSLY b'745786'
ACTION SNIPPET 10000 9747 SEEN_PREVIOUSLY b'788244'
ACTION SNIPPET 10000 9750 SEEN_PREVIOUSLY b'445759'
ACTION SNIPPET 10000 9753 SEEN_PREVIOUSLY b'812461'
ACTION SNIPPET 10000 9756 SEEN_PREVIOUSLY b'865299'
ACTION QUERY 10000 9766 ireland peace talks feins
ACTION SERP 10000 9771 EXAMINE_SERP
ACTION SNIPPET 10000 9774 SEEN_PREVIOUSLY b'701826'
ACTION SNIPPET 10000 9777 SEEN_PREVIOUSLY b'799936'
ACTION SNIPPET 10000 9780 SEEN_PREVIOUSLY b'799535'
ACTION SNIPPET 10000 9783 SEEN_PREVIOUSLY b'629074'
ACTION SNIPPET 10000 9786 SEEN_PREVIOUSLY b'745786'
ACTION SNIPPET 10000 9789 SEEN_PREVIOUSLY b'996409'
ACTION SNIPPET 10000 9792 SEEN_PREVIOUSLY b'937737'
ACTION SNIPPET 10000 9795 SEEN_PREVIOUSLY b'787370'
ACTION SNIPPET 10000 9798 SEEN_PREVIOUSLY b'688383'
ACTION SNIPPET 10000 9801 SEEN_PREVIOUSLY b'996217'
ACTION QUERY 10000 9811 ireland peace talks impact
ACTION SERP 10000 9816 EXAMINE_SERP
ACTION SNIPPET 10000 9819 SEEN_PREVIOUSLY b'745318'
ACTION SNIPPET 10000 9822 SEEN_PREVIOUSLY b'1325939'
ACTION SNIPPET 10000 9825 SEEN_PREVIOUSLY b'1008852'
ACTION SNIPPET 10000 9828 SEEN_PREVIOUSLY b'945814'
ACTION SNIPPET 10000 9831 SNIPPET_NOT_RELEVANT b'755569'
ACTION SNIPPET 10000 9834 SNIPPET_NOT_RELEVANT b'1002191'
ACTION SNIPPET 10000 9837 SEEN_PREVIOUSLY b'622835'
ACTION SNIPPET 10000 9840 SEEN_PREVIOUSLY b'787370'
ACTION SNIPPET 10000 9843 SNIPPET_NOT_RELEVANT b'1070143'
ACTION SNIPPET 10000 9846 SEEN_PREVIOUSLY b'808748'
ACTION QUERY 10000 9856 ireland peace talks end
ACTION SERP 10000 9861 EXAMINE_SERP
ACTION SNIPPET 10000 9864 SEEN_PREVIOUSLY b'957604'
ACTION SNIPPET 10000 9867 SEEN_PREVIOUSLY b'959816'
ACTION SNIPPET 10000 9870 SEEN_PREVIOUSLY b'928743'
ACTION SNIPPET 10000 9873 SEEN_PREVIOUSLY b'812461'
ACTION SNIPPET 10000 9876 SEEN_PREVIOUSLY b'865299'
ACTION SNIPPET 10000 9879 SEEN_PREVIOUSLY b'445759'
ACTION SNIPPET 10000 9882 SEEN_PREVIOUSLY b'808748'
ACTION SNIPPET 10000 9885 SEEN_PREVIOUSLY b'855823'
ACTION SNIPPET 10000 9888 SEEN_PREVIOUSLY b'946047'
ACTION SNIPPET 10000 9891 SEEN_PREVIOUSLY b'937737'
ACTION QUERY 10000 9901 ireland peace talks ills
ACTION SERP 10000 9906 EXAMINE_SERP
ACTION SNIPPET 10000 9909 SNIPPET_NOT_RELEVANT b'765133'
ACTION SNIPPET 10000 9912 SEEN_PREVIOUSLY b'622835'
ACTION SNIPPET 10000 9915 SEEN_PREVIOUSLY b'787370'
ACTION SNIPPET 10000 9918 SEEN_PREVIOUSLY b'808748'
ACTION SNIPPET 10000 9921 SEEN_PREVIOUSLY b'959816'
ACTION SNIPPET 10000 9924 SEEN_PREVIOUSLY b'882470'
ACTION SNIPPET 10000 9927 SEEN_PREVIOUSLY b'745786'
ACTION SNIPPET 10000 9930 SEEN_PREVIOUSLY b'788244'
ACTION SNIPPET 10000 9933 SEEN_PREVIOUSLY b'445759'
ACTION SNIPPET 10000 9936 SNIPPET_NOT_RELEVANT b'1691067'
ACTION QUERY 10000 9946 ireland peace talks helping
ACTION SERP 10000 9951 EXAMINE_SERP
ACTION SNIPPET 10000 9954 SEEN_PREVIOUSLY b'959816'
ACTION SNIPPET 10000 9957 SEEN_PREVIOUSLY b'831509'
ACTION SNIPPET 10000 9960 SEEN_PREVIOUSLY b'1123728'
ACTION SNIPPET 10000 9963 SEEN_PREVIOUSLY b'1009907'
ACTION SNIPPET 10000 9966 SEEN_PREVIOUSLY b'988016'
ACTION SNIPPET 10000 9969 SEEN_PREVIOUSLY b'928743'
ACTION SNIPPET 10000 9972 SEEN_PREVIOUSLY b'855823'
ACTION SNIPPET 10000 9975 SEEN_PREVIOUSLY b'901647'
ACTION SNIPPET 10000 9978 SEEN_PREVIOUSLY b'853735'
ACTION SNIPPET 10000 9981 SEEN_PREVIOUSLY b'1055072'
ACTION QUERY 10000 9991 ireland peace talks government
ACTION SERP 10000 9996 EXAMINE_SERP
ACTION SNIPPET 10000 9999 SEEN_PREVIOUSLY b'622835'
ACTION SNIPPET 10000 10002 SEEN_PREVIOUSLY b'787370'
INFO SUMMARY 
INFO TOTAL_QUERIES_ISSUED 119
INFO TOTAL_SNIPPETS_EXAMINED 1182
INFO TOTAL_DOCUMENTS_EXAMINED 228
INFO TOTAL_DOCUMENTS_MARKED_RELEVANT 37
INFO TOTAL_ATTRACTIVE_SERP_IMPRESSIONS 119
INFO TOTAL_UNATTRACTIVE_SERP_IMPRESSIONS 0
