ACTION QUERY 10000 10 mercy killing
ACTION SERP 10000 15 EXAMINE_SERP
ACTION SNIPPET 10000 18 SNIPPET_RELEVANT b'157557'
ACTION DOC 10000 38 EXAMINING_DOCUMENT b'157557'
ACTION MARK 10000 41 CONSIDERED_RELEVANT b'157557'
ACTION SNIPPET 10000 44 SNIPPET_RELEVANT b'1121204'
ACTION DOC 10000 64 EXAMINING_DOCUMENT b'1121204'
ACTION MARK 10000 67 CONSIDERED_RELEVANT b'1121204'
ACTION SNIPPET 10000 70 SNIPPET_RELEVANT b'1005479'
ACTION DOC 10000 90 EXAMINING_DOCUMENT b'1005479'
ACTION MARK 10000 93 CONSIDERED_RELEVANT b'1005479'
ACTION SNIPPET 10000 96 SNIPPET_RELEVANT b'789093'
ACTION DOC 10000 116 EXAMINING_DOCUMENT b'789093'
ACTION SNIPPET 10000 119 SNIPPET_RELEVANT b'35680'
ACTION DOC 10000 139 EXAMINING_DOCUMENT b'35680'
ACTION MARK 10000 142 CONSIDERED_RELEVANT b'35680'
ACTION SNIPPET 10000 145 SNIPPET_RELEVANT b'473943'
ACTION DOC 10000 165 EXAMINING_DOCUMENT b'473943'
ACTION SNIPPET 10000 168 SNIPPET_NOT_RELEVANT b'391873'
ACTION SNIPPET 10000 171 SNIPPET_RELEVANT b'391874'
ACTION DOC 10000 191 EXAMINING_DOCUMENT b'391874'
ACTION SNIPPET 10000 194 SNIPPET_RELEVANT b'723837'
ACTION DOC 10000 214 EXAMINING_DOCUMENT b'723837'
ACTION SNIPPET 10000 217 SNIPPET_RELEVANT b'435343'
ACTION DOC 10000 237 EXAMINING_DOCUMENT b'435343'
ACTION MARK 10000 240 CONSIDERED_RELEVANT b'435343'
ACTION QUERY 10000 250 mercy killing removal
ACTION SERP 10000 255 EXAMINE_SERP
ACTION SNIPPET 10000 258 SNIPPET_RELEVANT b'1689452'
ACTION DOC 10000 278 EXAMINING_DOCUMENT b'1689452'
ACTION SNIPPET 10000 281 SEEN_PREVIOUSLY b'157557'
ACTION SNIPPET 10000 284 SNIPPET_RELEVANT b'592995'
ACTION DOC 10000 304 EXAMINING_DOCUMENT b'592995'
ACTION MARK 10000 307 CONSIDERED_RELEVANT b'592995'
ACTION SNIPPET 10000 310 SNIPPET_NOT_RELEVANT b'249483'
ACTION SNIPPET 10000 313 SNIPPET_NOT_RELEVANT b'472608'
ACTION SNIPPET 10000 316 SEEN_PREVIOUSLY b'1121204'
ACTION SNIPPET 10000 319 SNIPPET_NOT_RELEVANT b'1640983'
ACTION SNIPPET 10000 322 SEEN_PREVIOUSLY b'1005479'
ACTION SNIPPET 10000 325 SNIPPET_RELEVANT b'1777271'
ACTION DOC 10000 345 EXAMINING_DOCUMENT b'1777271'
ACTION MARK 10000 348 CONSIDERED_RELEVANT b'1777271'
ACTION SNIPPET 10000 351 SEEN_PREVIOUSLY b'789093'
ACTION QUERY 10000 361 mercy killing victims
ACTION SERP 10000 366 EXAMINE_SERP
ACTION SNIPPET 10000 369 SEEN_PREVIOUSLY b'435343'
ACTION SNIPPET 10000 372 SNIPPET_NOT_RELEVANT b'1441849'
ACTION SNIPPET 10000 375 SNIPPET_NOT_RELEVANT b'1375481'
ACTION SNIPPET 10000 378 SNIPPET_NOT_RELEVANT b'1633442'
ACTION SNIPPET 10000 381 SNIPPET_RELEVANT b'115272'
ACTION DOC 10000 401 EXAMINING_DOCUMENT b'115272'
ACTION MARK 10000 404 CONSIDERED_RELEVANT b'115272'
ACTION SNIPPET 10000 407 SNIPPET_NOT_RELEVANT b'1091079'
ACTION SNIPPET 10000 410 SNIPPET_NOT_RELEVANT b'1020546'
ACTION SNIPPET 10000 413 SNIPPET_RELEVANT b'1393670'
ACTION DOC 10000 433 EXAMINING_DOCUMENT b'1393670'
ACTION SNIPPET 10000 436 SNIPPET_NOT_RELEVANT b'1293001'
ACTION SNIPPET 10000 439 SNIPPET_RELEVANT b'1405959'
ACTION DOC 10000 459 EXAMINING_DOCUMENT b'1405959'
ACTION QUERY 10000 469 mercy killing systems
ACTION SERP 10000 474 EXAMINE_SERP
ACTION SNIPPET 10000 477 SEEN_PREVIOUSLY b'789093'
ACTION SNIPPET 10000 480 SEEN_PREVIOUSLY b'35680'
ACTION SNIPPET 10000 483 SEEN_PREVIOUSLY b'157557'
ACTION SNIPPET 10000 486 SEEN_PREVIOUSLY b'473943'
ACTION SNIPPET 10000 489 SNIPPET_RELEVANT b'978258'
ACTION DOC 10000 509 EXAMINING_DOCUMENT b'978258'
ACTION SNIPPET 10000 512 SNIPPET_RELEVANT b'245126'
ACTION DOC 10000 532 EXAMINING_DOCUMENT b'245126'
ACTION MARK 10000 535 CONSIDERED_RELEVANT b'245126'
ACTION SNIPPET 10000 538 SNIPPET_NOT_RELEVANT b'912751'
ACTION SNIPPET 10000 541 SNIPPET_RELEVANT b'1060056'
ACTION DOC 10000 561 EXAMINING_DOCUMENT b'1060056'
ACTION SNIPPET 10000 564 SNIPPET_NOT_RELEVANT b'1030217'
ACTION SNIPPET 10000 567 SNIPPET_RELEVANT b'1097654'
ACTION DOC 10000 587 EXAMINING_DOCUMENT b'1097654'
ACTION QUERY 10000 597 mercy killing life
ACTION SERP 10000 602 EXAMINE_SERP
ACTION SNIPPET 10000 605 SEEN_PREVIOUSLY b'157557'
ACTION SNIPPET 10000 608 SEEN_PREVIOUSLY b'723837'
ACTION SNIPPET 10000 611 SNIPPET_NOT_RELEVANT b'1689454'
ACTION SNIPPET 10000 614 SNIPPET_RELEVANT b'1095445'
ACTION DOC 10000 634 EXAMINING_DOCUMENT b'1095445'
ACTION MARK 10000 637 CONSIDERED_RELEVANT b'1095445'
ACTION SNIPPET 10000 640 SNIPPET_NOT_RELEVANT b'1822541'
ACTION SNIPPET 10000 643 SNIPPET_RELEVANT b'144396'
ACTION DOC 10000 663 EXAMINING_DOCUMENT b'144396'
ACTION SNIPPET 10000 666 SNIPPET_RELEVANT b'606616'
ACTION DOC 10000 686 EXAMINING_DOCUMENT b'606616'
ACTION SNIPPET 10000 689 SNIPPET_NOT_RELEVANT b'431779'
ACTION SNIPPET 10000 692 SEEN_PREVIOUSLY b'435343'
ACTION SNIPPET 10000 695 SEEN_PREVIOUSLY b'473943'
ACTION QUERY 10000 705 mercy killing mentioning
ACTION SERP 10000 710 EXAMINE_SERP
ACTION SNIPPET 10000 713 SNIPPET_NOT_RELEVANT b'912625'
ACTION SNIPPET 10000 716 SEEN_PREVIOUSLY b'157557'
ACTION SNIPPET 10000 719 SNIPPET_NOT_RELEVANT b'1060085'
ACTION SNIPPET 10000 722 SEEN_PREVIOUSLY b'1121204'
ACTION SNIPPET 10000 725 SNIPPET_RELEVANT b'1789261'
ACTION DOC 10000 745 EXAMINING_DOCUMENT b'1789261'
ACTION SNIPPET 10000 748 SEEN_PREVIOUSLY b'1005479'
ACTION SNIPPET 10000 751 SNIPPET_NOT_RELEVANT b'1510122'
ACTION SNIPPET 10000 754 SNIPPET_NOT_RELEVANT b'1438204'
ACTION SNIPPET 10000 757 SEEN_PREVIOUSLY b'789093'
ACTION SNIPPET 10000 760 SEEN_PREVIOUSLY b'35680'
ACTION QUERY 10000 770 mercy killing specifics
ACTION SERP 10000 775 EXAMINE_SERP
ACTION SNIPPET 10000 778 SEEN_PREVIOUSLY b'115272'
ACTION SNIPPET 10000 781 SEEN_PREVIOUSLY b'157557'
ACTION SNIPPET 10000 784 SNIPPET_NOT_RELEVANT b'227357'
ACTION SNIPPET 10000 787 SEEN_PREVIOUSLY b'1121204'
ACTION SNIPPET 10000 790 SEEN_PREVIOUSLY b'1005479'
ACTION SNIPPET 10000 793 SEEN_PREVIOUSLY b'789093'
ACTION SNIPPET 10000 796 SEEN_PREVIOUSLY b'35680'
ACTION SNIPPET 10000 799 SEEN_PREVIOUSLY b'473943'
ACTION SNIPPET 10000 802 SNIPPET_RELEVANT b'309246'
ACTION DOC 10000 822 EXAMINING_DOCUMENT b'309246'
ACTION SNIPPET 10000 825 SNIPPET_RELEVANT b'391873'
ACTION DOC 10000 845 EXAMINING_DOCUMENT b'391873'
ACTION QUERY 10000 855 mercy killing cases
ACTION SERP 10000 860 EXAMINE_SERP
ACTION SNIPPET 10000 863 SEEN_PREVIOUSLY b'115272'
ACTION SNIPPET 10000 866 SEEN_PREVIOUSLY b'606616'
ACTION SNIPPET 10000 869 SEEN_PREVIOUSLY b'1095445'
ACTION SNIPPET 10000 872 SNIPPET_NOT_RELEVANT b'1210771'
ACTION SNIPPET 10000 875 SNIPPET_RELEVANT b'188508'
ACTION DOC 10000 895 EXAMINING_DOCUMENT b'188508'
ACTION SNIPPET 10000 898 SNIPPET_NOT_RELEVANT b'618917'
ACTION SNIPPET 10000 901 SNIPPET_RELEVANT b'373185'
ACTION DOC 10000 921 EXAMINING_DOCUMENT b'373185'
ACTION MARK 10000 924 CONSIDERED_RELEVANT b'373185'
ACTION SNIPPET 10000 927 SNIPPET_NOT_RELEVANT b'1399268'
ACTION SNIPPET 10000 930 SNIPPET_NOT_RELEVANT b'1064676'
ACTION SNIPPET 10000 933 SEEN_PREVIOUSLY b'157557'
ACTION QUERY 10000 943 mercy killing determined
ACTION SERP 10000 948 EXAMINE_SERP
ACTION SNIPPET 10000 951 SEEN_PREVIOUSLY b'1095445'
ACTION SNIPPET 10000 954 SNIPPET_NOT_RELEVANT b'618917'
ACTION SNIPPET 10000 957 SEEN_PREVIOUSLY b'606616'
ACTION SNIPPET 10000 960 SNIPPET_RELEVANT b'1822541'
ACTION DOC 10000 980 EXAMINING_DOCUMENT b'1822541'
ACTION SNIPPET 10000 983 SEEN_PREVIOUSLY b'1405959'
ACTION SNIPPET 10000 986 SEEN_PREVIOUSLY b'157557'
ACTION SNIPPET 10000 989 SNIPPET_RELEVANT b'2447'
ACTION DOC 10000 1009 EXAMINING_DOCUMENT b'2447'
ACTION MARK 10000 1012 CONSIDERED_RELEVANT b'2447'
ACTION SNIPPET 10000 1015 SEEN_PREVIOUSLY b'2447'
ACTION SNIPPET 10000 1018 SNIPPET_NOT_RELEVANT b'91491'
ACTION SNIPPET 10000 1021 SNIPPET_NOT_RELEVANT b'612739'
ACTION QUERY 10000 1031 mercy killing case
ACTION SERP 10000 1036 EXAMINE_SERP
ACTION SNIPPET 10000 1039 SEEN_PREVIOUSLY b'115272'
ACTION SNIPPET 10000 1042 SEEN_PREVIOUSLY b'606616'
ACTION SNIPPET 10000 1045 SEEN_PREVIOUSLY b'1095445'
ACTION SNIPPET 10000 1048 SNIPPET_NOT_RELEVANT b'1210771'
ACTION SNIPPET 10000 1051 SEEN_PREVIOUSLY b'188508'
ACTION SNIPPET 10000 1054 SNIPPET_NOT_RELEVANT b'618917'
ACTION SNIPPET 10000 1057 SEEN_PREVIOUSLY b'373185'
ACTION SNIPPET 10000 1060 SNIPPET_RELEVANT b'1399268'
ACTION DOC 10000 1080 EXAMINING_DOCUMENT b'1399268'
ACTION SNIPPET 10000 1083 SNIPPET_RELEVANT b'1064676'
ACTION DOC 10000 1103 EXAMINING_DOCUMENT b'1064676'
ACTION MARK 10000 1106 CONSIDERED_RELEVANT b'1064676'
ACTION SNIPPET 10000 1109 SEEN_PREVIOUSLY b'157557'
ACTION QUERY 10000 1119 mercy killing individual
ACTION SERP 10000 1124 EXAMINE_SERP
ACTION SNIPPET 10000 1127 SNIPPET_NOT_RELEVANT b'144854'
ACTION SNIPPET 10000 1130 SEEN_PREVIOUSLY b'157557'
ACTION SNIPPET 10000 1133 SNIPPET_RELEVANT b'1267822'
ACTION DOC 10000 1153 EXAMINING_DOCUMENT b'1267822'
ACTION SNIPPET 10000 1156 SNIPPET_NOT_RELEVANT b'1060085'
ACTION SNIPPET 10000 1159 SNIPPET_RELEVANT b'637960'
ACTION DOC 10000 1179 EXAMINING_DOCUMENT b'637960'
ACTION SNIPPET 10000 1182 SEEN_PREVIOUSLY b'1399268'
ACTION SNIPPET 10000 1185 SNIPPET_RELEVANT b'1095035'
ACTION DOC 10000 1205 EXAMINING_DOCUMENT b'1095035'
ACTION MARK 10000 1208 CONSIDERED_RELEVANT b'1095035'
ACTION SNIPPET 10000 1211 SEEN_PREVIOUSLY b'1121204'
ACTION SNIPPET 10000 1214 SEEN_PREVIOUSLY b'1005479'
ACTION SNIPPET 10000 1217 SNIPPET_NOT_RELEVANT b'844588'
ACTION QUERY 10000 1227 mercy killing support
ACTION SERP 10000 1232 EXAMINE_SERP
ACTION SNIPPET 10000 1235 SEEN_PREVIOUSLY b'115272'
ACTION SNIPPET 10000 1238 SEEN_PREVIOUSLY b'789093'
ACTION SNIPPET 10000 1241 SEEN_PREVIOUSLY b'435343'
ACTION SNIPPET 10000 1244 SNIPPET_RELEVANT b'1426355'
ACTION DOC 10000 1264 EXAMINING_DOCUMENT b'1426355'
ACTION MARK 10000 1267 CONSIDERED_RELEVANT b'1426355'
ACTION SNIPPET 10000 1270 SEEN_PREVIOUSLY b'157557'
ACTION SNIPPET 10000 1273 SEEN_PREVIOUSLY b'2447'
ACTION SNIPPET 10000 1276 SEEN_PREVIOUSLY b'2447'
ACTION SNIPPET 10000 1279 SNIPPET_NOT_RELEVANT b'713365'
ACTION SNIPPET 10000 1282 SEEN_PREVIOUSLY b'1121204'
ACTION SNIPPET 10000 1285 SEEN_PREVIOUSLY b'1005479'
ACTION QUERY 10000 1295 mercy killing injection
ACTION SERP 10000 1300 EXAMINE_SERP
ACTION SNIPPET 10000 1303 SNIPPET_NOT_RELEVANT b'116927'
ACTION SNIPPET 10000 1306 SEEN_PREVIOUSLY b'1095445'
ACTION SNIPPET 10000 1309 SNIPPET_NOT_RELEVANT b'117169'
ACTION SNIPPET 10000 1312 SEEN_PREVIOUSLY b'1822541'
ACTION SNIPPET 10000 1315 SNIPPET_RELEVANT b'1633442'
ACTION DOC 10000 1335 EXAMINING_DOCUMENT b'1633442'
ACTION SNIPPET 10000 1338 SEEN_PREVIOUSLY b'1095035'
ACTION SNIPPET 10000 1341 SEEN_PREVIOUSLY b'115272'
ACTION SNIPPET 10000 1344 SNIPPET_NOT_RELEVANT b'596672'
ACTION SNIPPET 10000 1347 SNIPPET_RELEVANT b'725271'
ACTION DOC 10000 1367 EXAMINING_DOCUMENT b'725271'
ACTION MARK 10000 1370 CONSIDERED_RELEVANT b'725271'
ACTION SNIPPET 10000 1373 SNIPPET_RELEVANT b'612739'
ACTION DOC 10000 1393 EXAMINING_DOCUMENT b'612739'
ACTION QUERY 10000 1403 mercy killing issue
ACTION SERP 10000 1408 EXAMINE_SERP
ACTION SNIPPET 10000 1411 SEEN_PREVIOUSLY b'157557'
ACTION SNIPPET 10000 1414 SEEN_PREVIOUSLY b'789093'
ACTION SNIPPET 10000 1417 SEEN_PREVIOUSLY b'606616'
ACTION SNIPPET 10000 1420 SNIPPET_RELEVANT b'1689454'
ACTION DOC 10000 1440 EXAMINING_DOCUMENT b'1689454'
ACTION SNIPPET 10000 1443 SEEN_PREVIOUSLY b'1064676'
ACTION SNIPPET 10000 1446 SEEN_PREVIOUSLY b'1399268'
ACTION SNIPPET 10000 1449 SEEN_PREVIOUSLY b'473943'
ACTION SNIPPET 10000 1452 SEEN_PREVIOUSLY b'1822541'
ACTION SNIPPET 10000 1455 SNIPPET_RELEVANT b'116927'
ACTION DOC 10000 1475 EXAMINING_DOCUMENT b'116927'
ACTION MARK 10000 1478 CONSIDERED_RELEVANT b'116927'
ACTION SNIPPET 10000 1481 SNIPPET_RELEVANT b'977063'
ACTION DOC 10000 1501 EXAMINING_DOCUMENT b'977063'
ACTION MARK 10000 1504 CONSIDERED_RELEVANT b'977063'
ACTION QUERY 10000 1514 mercy killing inject
ACTION SERP 10000 1519 EXAMINE_SERP
ACTION SNIPPET 10000 1522 SEEN_PREVIOUSLY b'116927'
ACTION SNIPPET 10000 1525 SEEN_PREVIOUSLY b'1095445'
ACTION SNIPPET 10000 1528 SNIPPET_NOT_RELEVANT b'117169'
ACTION SNIPPET 10000 1531 SEEN_PREVIOUSLY b'1822541'
ACTION SNIPPET 10000 1534 SEEN_PREVIOUSLY b'1633442'
ACTION SNIPPET 10000 1537 SEEN_PREVIOUSLY b'1095035'
ACTION SNIPPET 10000 1540 SEEN_PREVIOUSLY b'115272'
ACTION SNIPPET 10000 1543 SNIPPET_RELEVANT b'596672'
ACTION DOC 10000 1563 EXAMINING_DOCUMENT b'596672'
ACTION SNIPPET 10000 1566 SEEN_PREVIOUSLY b'725271'
ACTION SNIPPET 10000 1569 SEEN_PREVIOUSLY b'612739'
ACTION QUERY 10000 1579 mercy killing charged
ACTION SERP 10000 1584 EXAMINE_SERP
ACTION SNIPPET 10000 1587 SNIPPET_NOT_RELEVANT b'1722895'
ACTION SNIPPET 10000 1590 SNIPPET_RELEVANT b'1816598'
ACTION DOC 10000 1610 EXAMINING_DOCUMENT b'1816598'
ACTION SNIPPET 10000 1613 SEEN_PREVIOUSLY b'115272'
ACTION SNIPPET 10000 1616 SEEN_PREVIOUSLY b'1633442'
ACTION SNIPPET 10000 1619 SNIPPET_NOT_RELEVANT b'431779'
ACTION SNIPPET 10000 1622 SEEN_PREVIOUSLY b'157557'
ACTION SNIPPET 10000 1625 SEEN_PREVIOUSLY b'188508'
ACTION SNIPPET 10000 1628 SNIPPET_NOT_RELEVANT b'373981'
ACTION SNIPPET 10000 1631 SNIPPET_RELEVANT b'1513937'
ACTION DOC 10000 1651 EXAMINING_DOCUMENT b'1513937'
ACTION SNIPPET 10000 1654 SNIPPET_NOT_RELEVANT b'144854'
ACTION QUERY 10000 1664 mercy killing years
ACTION SERP 10000 1669 EXAMINE_SERP
ACTION SNIPPET 10000 1672 SEEN_PREVIOUSLY b'157557'
ACTION SNIPPET 10000 1675 SEEN_PREVIOUSLY b'1005479'
ACTION SNIPPET 10000 1678 SEEN_PREVIOUSLY b'789093'
ACTION SNIPPET 10000 1681 SEEN_PREVIOUSLY b'1121204'
ACTION SNIPPET 10000 1684 SEEN_PREVIOUSLY b'391873'
ACTION SNIPPET 10000 1687 SEEN_PREVIOUSLY b'391874'
ACTION SNIPPET 10000 1690 SEEN_PREVIOUSLY b'35680'
ACTION SNIPPET 10000 1693 SEEN_PREVIOUSLY b'473943'
ACTION SNIPPET 10000 1696 SEEN_PREVIOUSLY b'1095445'
ACTION SNIPPET 10000 1699 SEEN_PREVIOUSLY b'723837'
ACTION QUERY 10000 1709 mercy killing man
ACTION SERP 10000 1714 EXAMINE_SERP
ACTION SNIPPET 10000 1717 SEEN_PREVIOUSLY b'391873'
ACTION SNIPPET 10000 1720 SEEN_PREVIOUSLY b'391874'
ACTION SNIPPET 10000 1723 SEEN_PREVIOUSLY b'1121204'
ACTION SNIPPET 10000 1726 SEEN_PREVIOUSLY b'606616'
ACTION SNIPPET 10000 1729 SEEN_PREVIOUSLY b'373185'
ACTION SNIPPET 10000 1732 SEEN_PREVIOUSLY b'473943'
ACTION SNIPPET 10000 1735 SEEN_PREVIOUSLY b'789093'
ACTION SNIPPET 10000 1738 SNIPPET_RELEVANT b'144854'
ACTION DOC 10000 1758 EXAMINING_DOCUMENT b'144854'
ACTION SNIPPET 10000 1761 SEEN_PREVIOUSLY b'1095445'
ACTION SNIPPET 10000 1764 SEEN_PREVIOUSLY b'157557'
ACTION QUERY 10000 1774 mercy killing advocate
ACTION SERP 10000 1779 EXAMINE_SERP
ACTION SNIPPET 10000 1782 SEEN_PREVIOUSLY b'115272'
ACTION SNIPPET 10000 1785 SEEN_PREVIOUSLY b'723837'
ACTION SNIPPET 10000 1788 SEEN_PREVIOUSLY b'1095445'
ACTION SNIPPET 10000 1791 SEEN_PREVIOUSLY b'473943'
ACTION SNIPPET 10000 1794 SEEN_PREVIOUSLY b'157557'
ACTION SNIPPET 10000 1797 SNIPPET_RELEVANT b'726977'
ACTION DOC 10000 1817 EXAMINING_DOCUMENT b'726977'
ACTION MARK 10000 1820 CONSIDERED_RELEVANT b'726977'
ACTION SNIPPET 10000 1823 SNIPPET_NOT_RELEVANT b'1022498'
ACTION SNIPPET 10000 1826 SNIPPET_RELEVANT b'1443488'
ACTION DOC 10000 1846 EXAMINING_DOCUMENT b'1443488'
ACTION SNIPPET 10000 1849 SNIPPET_RELEVANT b'1600494'
ACTION DOC 10000 1869 EXAMINING_DOCUMENT b'1600494'
ACTION SNIPPET 10000 1872 SNIPPET_RELEVANT b'203216'
ACTION DOC 10000 1892 EXAMINING_DOCUMENT b'203216'
ACTION MARK 10000 1895 CONSIDERED_RELEVANT b'203216'
ACTION QUERY 10000 1905 mercy killing comatose
ACTION SERP 10000 1910 EXAMINE_SERP
ACTION SNIPPET 10000 1913 SEEN_PREVIOUSLY b'245126'
ACTION SNIPPET 10000 1916 SNIPPET_NOT_RELEVANT b'128834'
ACTION SNIPPET 10000 1919 SNIPPET_RELEVANT b'245490'
ACTION DOC 10000 1939 EXAMINING_DOCUMENT b'245490'
ACTION MARK 10000 1942 CONSIDERED_RELEVANT b'245490'
ACTION SNIPPET 10000 1945 SNIPPET_NOT_RELEVANT b'566531'
ACTION SNIPPET 10000 1948 SNIPPET_RELEVANT b'1050857'
ACTION DOC 10000 1968 EXAMINING_DOCUMENT b'1050857'
ACTION MARK 10000 1971 CONSIDERED_RELEVANT b'1050857'
ACTION SNIPPET 10000 1974 SNIPPET_NOT_RELEVANT b'190285'
ACTION SNIPPET 10000 1977 SNIPPET_RELEVANT b'123298'
ACTION DOC 10000 1997 EXAMINING_DOCUMENT b'123298'
ACTION SNIPPET 10000 2000 SNIPPET_RELEVANT b'222827'
ACTION DOC 10000 2020 EXAMINING_DOCUMENT b'222827'
ACTION SNIPPET 10000 2023 SEEN_PREVIOUSLY b'157557'
ACTION SNIPPET 10000 2026 SNIPPET_RELEVANT b'788041'
ACTION DOC 10000 2046 EXAMINING_DOCUMENT b'788041'
ACTION MARK 10000 2049 CONSIDERED_RELEVANT b'788041'
ACTION QUERY 10000 2059 mercy killing hes
ACTION SERP 10000 2064 EXAMINE_SERP
ACTION SNIPPET 10000 2067 SNIPPET_RELEVANT b'1192062'
ACTION DOC 10000 2087 EXAMINING_DOCUMENT b'1192062'
ACTION SNIPPET 10000 2090 SNIPPET_NOT_RELEVANT b'1581318'
ACTION SNIPPET 10000 2093 SNIPPET_NOT_RELEVANT b'1821180'
ACTION SNIPPET 10000 2096 SNIPPET_NOT_RELEVANT b'1277585'
ACTION SNIPPET 10000 2099 SNIPPET_NOT_RELEVANT b'806664'
ACTION SNIPPET 10000 2102 SNIPPET_RELEVANT b'1563146'
ACTION DOC 10000 2122 EXAMINING_DOCUMENT b'1563146'
ACTION SNIPPET 10000 2125 SNIPPET_NOT_RELEVANT b'1062603'
ACTION SNIPPET 10000 2128 SNIPPET_RELEVANT b'575340'
ACTION DOC 10000 2148 EXAMINING_DOCUMENT b'575340'
ACTION SNIPPET 10000 2151 SEEN_PREVIOUSLY b'157557'
ACTION SNIPPET 10000 2154 SNIPPET_RELEVANT b'1204462'
ACTION DOC 10000 2174 EXAMINING_DOCUMENT b'1204462'
ACTION QUERY 10000 2184 mercy killing coma
ACTION SERP 10000 2189 EXAMINE_SERP
ACTION SNIPPET 10000 2192 SNIPPET_NOT_RELEVANT b'173594'
ACTION SNIPPET 10000 2195 SEEN_PREVIOUSLY b'596672'
ACTION SNIPPET 10000 2198 SNIPPET_RELEVANT b'1664749'
ACTION DOC 10000 2218 EXAMINING_DOCUMENT b'1664749'
ACTION MARK 10000 2221 CONSIDERED_RELEVANT b'1664749'
ACTION SNIPPET 10000 2224 SEEN_PREVIOUSLY b'245490'
ACTION SNIPPET 10000 2227 SEEN_PREVIOUSLY b'788041'
ACTION SNIPPET 10000 2230 SNIPPET_NOT_RELEVANT b'472960'
ACTION SNIPPET 10000 2233 SNIPPET_NOT_RELEVANT b'401628'
ACTION SNIPPET 10000 2236 SEEN_PREVIOUSLY b'222827'
ACTION SNIPPET 10000 2239 SEEN_PREVIOUSLY b'157557'
ACTION SNIPPET 10000 2242 SNIPPET_NOT_RELEVANT b'1427020'
ACTION QUERY 10000 2252 mercy killing exposing
ACTION SERP 10000 2257 EXAMINE_SERP
ACTION SNIPPET 10000 2260 SNIPPET_NOT_RELEVANT b'214911'
ACTION SNIPPET 10000 2263 SEEN_PREVIOUSLY b'612739'
ACTION SNIPPET 10000 2266 SEEN_PREVIOUSLY b'157557'
ACTION SNIPPET 10000 2269 SNIPPET_RELEVANT b'1787096'
ACTION DOC 10000 2289 EXAMINING_DOCUMENT b'1787096'
ACTION SNIPPET 10000 2292 SEEN_PREVIOUSLY b'1121204'
ACTION SNIPPET 10000 2295 SEEN_PREVIOUSLY b'1005479'
ACTION SNIPPET 10000 2298 SEEN_PREVIOUSLY b'789093'
ACTION SNIPPET 10000 2301 SEEN_PREVIOUSLY b'35680'
ACTION SNIPPET 10000 2304 SEEN_PREVIOUSLY b'473943'
ACTION SNIPPET 10000 2307 SEEN_PREVIOUSLY b'391873'
ACTION QUERY 10000 2317 mercy killing today
ACTION SERP 10000 2322 EXAMINE_SERP
ACTION SNIPPET 10000 2325 SEEN_PREVIOUSLY b'157557'
ACTION SNIPPET 10000 2328 SEEN_PREVIOUSLY b'35680'
ACTION SNIPPET 10000 2331 SEEN_PREVIOUSLY b'373185'
ACTION SNIPPET 10000 2334 SEEN_PREVIOUSLY b'1064676'
ACTION SNIPPET 10000 2337 SNIPPET_NOT_RELEVANT b'374495'
ACTION SNIPPET 10000 2340 SNIPPET_RELEVANT b'260023'
ACTION DOC 10000 2360 EXAMINING_DOCUMENT b'260023'
ACTION SNIPPET 10000 2363 SEEN_PREVIOUSLY b'144396'
ACTION SNIPPET 10000 2366 SNIPPET_NOT_RELEVANT b'713365'
ACTION SNIPPET 10000 2369 SEEN_PREVIOUSLY b'144854'
ACTION SNIPPET 10000 2372 SEEN_PREVIOUSLY b'1121204'
ACTION QUERY 10000 2382 mercy killing kill
ACTION SERP 10000 2387 EXAMINE_SERP
ACTION SNIPPET 10000 2390 SEEN_PREVIOUSLY b'157557'
ACTION SNIPPET 10000 2393 SEEN_PREVIOUSLY b'1121204'
ACTION SNIPPET 10000 2396 SEEN_PREVIOUSLY b'1005479'
ACTION SNIPPET 10000 2399 SEEN_PREVIOUSLY b'35680'
ACTION SNIPPET 10000 2402 SEEN_PREVIOUSLY b'435343'
ACTION SNIPPET 10000 2405 SEEN_PREVIOUSLY b'789093'
ACTION SNIPPET 10000 2408 SEEN_PREVIOUSLY b'1095445'
ACTION SNIPPET 10000 2411 SEEN_PREVIOUSLY b'115272'
ACTION SNIPPET 10000 2414 SEEN_PREVIOUSLY b'391873'
ACTION SNIPPET 10000 2417 SEEN_PREVIOUSLY b'391874'
ACTION QUERY 10000 2427 mercy killing 16
ACTION SERP 10000 2432 EXAMINE_SERP
ACTION SNIPPET 10000 2435 SEEN_PREVIOUSLY b'144854'
ACTION SNIPPET 10000 2438 SNIPPET_RELEVANT b'615784'
ACTION DOC 10000 2458 EXAMINING_DOCUMENT b'615784'
ACTION SNIPPET 10000 2461 SEEN_PREVIOUSLY b'188508'
ACTION SNIPPET 10000 2464 SEEN_PREVIOUSLY b'157557'
ACTION SNIPPET 10000 2467 SEEN_PREVIOUSLY b'245126'
ACTION SNIPPET 10000 2470 SNIPPET_NOT_RELEVANT b'68305'
ACTION SNIPPET 10000 2473 SEEN_PREVIOUSLY b'1121204'
ACTION SNIPPET 10000 2476 SNIPPET_NOT_RELEVANT b'637959'
ACTION SNIPPET 10000 2479 SEEN_PREVIOUSLY b'1005479'
ACTION SNIPPET 10000 2482 SNIPPET_RELEVANT b'401628'
ACTION DOC 10000 2502 EXAMINING_DOCUMENT b'401628'
ACTION QUERY 10000 2512 mercy killing side
ACTION SERP 10000 2517 EXAMINE_SERP
ACTION SNIPPET 10000 2520 SEEN_PREVIOUSLY b'789093'
ACTION SNIPPET 10000 2523 SNIPPET_NOT_RELEVANT b'851315'
ACTION SNIPPET 10000 2526 SEEN_PREVIOUSLY b'157557'
ACTION SNIPPET 10000 2529 SNIPPET_RELEVANT b'1091079'
ACTION DOC 10000 2549 EXAMINING_DOCUMENT b'1091079'
ACTION SNIPPET 10000 2552 SNIPPET_RELEVANT b'1095072'
ACTION DOC 10000 2572 EXAMINING_DOCUMENT b'1095072'
ACTION SNIPPET 10000 2575 SEEN_PREVIOUSLY b'2447'
ACTION SNIPPET 10000 2578 SEEN_PREVIOUSLY b'2447'
ACTION SNIPPET 10000 2581 SEEN_PREVIOUSLY b'1121204'
ACTION SNIPPET 10000 2584 SEEN_PREVIOUSLY b'1005479'
ACTION SNIPPET 10000 2587 SEEN_PREVIOUSLY b'35680'
ACTION QUERY 10000 2597 mercy killing essay
ACTION SERP 10000 2602 EXAMINE_SERP
ACTION SNIPPET 10000 2605 SEEN_PREVIOUSLY b'157557'
ACTION SNIPPET 10000 2608 SEEN_PREVIOUSLY b'116927'
ACTION SNIPPET 10000 2611 SNIPPET_NOT_RELEVANT b'121481'
ACTION SNIPPET 10000 2614 SNIPPET_NOT_RELEVANT b'117169'
ACTION SNIPPET 10000 2617 SEEN_PREVIOUSLY b'1689452'
ACTION SNIPPET 10000 2620 SNIPPET_RELEVANT b'114968'
ACTION DOC 10000 2640 EXAMINING_DOCUMENT b'114968'
ACTION MARK 10000 2643 CONSIDERED_RELEVANT b'114968'
ACTION SNIPPET 10000 2646 SNIPPET_NOT_RELEVANT b'128834'
ACTION SNIPPET 10000 2649 SNIPPET_RELEVANT b'128790'
ACTION DOC 10000 2669 EXAMINING_DOCUMENT b'128790'
ACTION MARK 10000 2672 CONSIDERED_RELEVANT b'128790'
ACTION SNIPPET 10000 2675 SNIPPET_NOT_RELEVANT b'673377'
ACTION SNIPPET 10000 2678 SNIPPET_RELEVANT b'911553'
ACTION DOC 10000 2698 EXAMINING_DOCUMENT b'911553'
ACTION QUERY 10000 2708 mercy killing right
ACTION SERP 10000 2713 EXAMINE_SERP
ACTION SNIPPET 10000 2716 SEEN_PREVIOUSLY b'789093'
ACTION SNIPPET 10000 2719 SEEN_PREVIOUSLY b'157557'
ACTION SNIPPET 10000 2722 SEEN_PREVIOUSLY b'473943'
ACTION SNIPPET 10000 2725 SEEN_PREVIOUSLY b'1064676'
ACTION SNIPPET 10000 2728 SEEN_PREVIOUSLY b'1121204'
ACTION SNIPPET 10000 2731 SEEN_PREVIOUSLY b'1005479'
ACTION SNIPPET 10000 2734 SEEN_PREVIOUSLY b'35680'
ACTION SNIPPET 10000 2737 SEEN_PREVIOUSLY b'726977'
ACTION SNIPPET 10000 2740 SEEN_PREVIOUSLY b'1399268'
ACTION SNIPPET 10000 2743 SEEN_PREVIOUSLY b'612739'
ACTION QUERY 10000 2753 mercy killing farmer
ACTION SERP 10000 2758 EXAMINE_SERP
ACTION SNIPPET 10000 2761 SEEN_PREVIOUSLY b'435343'
ACTION SNIPPET 10000 2764 SNIPPET_NOT_RELEVANT b'435707'
ACTION SNIPPET 10000 2767 SNIPPET_RELEVANT b'431779'
ACTION DOC 10000 2787 EXAMINING_DOCUMENT b'431779'
ACTION SNIPPET 10000 2790 SNIPPET_RELEVANT b'307171'
ACTION DOC 10000 2810 EXAMINING_DOCUMENT b'307171'
ACTION SNIPPET 10000 2813 SEEN_PREVIOUSLY b'1064676'
ACTION SNIPPET 10000 2816 SNIPPET_RELEVANT b'977264'
ACTION DOC 10000 2836 EXAMINING_DOCUMENT b'977264'
ACTION MARK 10000 2839 CONSIDERED_RELEVANT b'977264'
ACTION SNIPPET 10000 2842 SEEN_PREVIOUSLY b'977063'
ACTION SNIPPET 10000 2845 SNIPPET_RELEVANT b'1640983'
ACTION DOC 10000 2865 EXAMINING_DOCUMENT b'1640983'
ACTION SNIPPET 10000 2868 SNIPPET_RELEVANT b'373981'
ACTION DOC 10000 2888 EXAMINING_DOCUMENT b'373981'
ACTION MARK 10000 2891 CONSIDERED_RELEVANT b'373981'
ACTION SNIPPET 10000 2894 SEEN_PREVIOUSLY b'726977'
ACTION QUERY 10000 2904 mercy killing girl
ACTION SERP 10000 2909 EXAMINE_SERP
ACTION SNIPPET 10000 2912 SEEN_PREVIOUSLY b'1633442'
ACTION SNIPPET 10000 2915 SEEN_PREVIOUSLY b'1095072'
ACTION SNIPPET 10000 2918 SNIPPET_RELEVANT b'776318'
ACTION DOC 10000 2938 EXAMINING_DOCUMENT b'776318'
ACTION SNIPPET 10000 2941 SEEN_PREVIOUSLY b'977063'
ACTION SNIPPET 10000 2944 SNIPPET_NOT_RELEVANT b'99157'
ACTION SNIPPET 10000 2947 SNIPPET_RELEVANT b'1733677'
ACTION DOC 10000 2967 EXAMINING_DOCUMENT b'1733677'
ACTION SNIPPET 10000 2970 SNIPPET_RELEVANT b'868434'
ACTION DOC 10000 2990 EXAMINING_DOCUMENT b'868434'
ACTION SNIPPET 10000 2993 SNIPPET_NOT_RELEVANT b'1032864'
ACTION SNIPPET 10000 2996 SEEN_PREVIOUSLY b'473943'
ACTION SNIPPET 10000 2999 SNIPPET_RELEVANT b'637959'
ACTION DOC 10000 3019 EXAMINING_DOCUMENT b'637959'
ACTION QUERY 10000 3029 mercy killing therapist
ACTION SERP 10000 3034 EXAMINE_SERP
ACTION SNIPPET 10000 3037 SEEN_PREVIOUSLY b'1005479'
ACTION SNIPPET 10000 3040 SNIPPET_NOT_RELEVANT b'1375481'
ACTION SNIPPET 10000 3043 SNIPPET_RELEVANT b'1005917'
ACTION DOC 10000 3063 EXAMINING_DOCUMENT b'1005917'
ACTION MARK 10000 3066 CONSIDERED_RELEVANT b'1005917'
ACTION SNIPPET 10000 3069 SNIPPET_RELEVANT b'1005480'
ACTION DOC 10000 3089 EXAMINING_DOCUMENT b'1005480'
ACTION MARK 10000 3092 CONSIDERED_RELEVANT b'1005480'
ACTION SNIPPET 10000 3095 SNIPPET_NOT_RELEVANT b'1111367'
ACTION SNIPPET 10000 3098 SEEN_PREVIOUSLY b'157557'
ACTION SNIPPET 10000 3101 SNIPPET_NOT_RELEVANT b'644403'
ACTION SNIPPET 10000 3104 SNIPPET_NOT_RELEVANT b'581999'
ACTION SNIPPET 10000 3107 SNIPPET_RELEVANT b'874545'
ACTION DOC 10000 3127 EXAMINING_DOCUMENT b'874545'
ACTION SNIPPET 10000 3130 SNIPPET_RELEVANT b'1676107'
ACTION DOC 10000 3150 EXAMINING_DOCUMENT b'1676107'
ACTION QUERY 10000 3160 mercy killing fred
ACTION SERP 10000 3165 EXAMINE_SERP
ACTION SNIPPET 10000 3168 SNIPPET_NOT_RELEVANT b'1717467'
ACTION SNIPPET 10000 3171 SNIPPET_NOT_RELEVANT b'432968'
ACTION SNIPPET 10000 3174 SEEN_PREVIOUSLY b'157557'
ACTION SNIPPET 10000 3177 SNIPPET_RELEVANT b'907881'
ACTION DOC 10000 3197 EXAMINING_DOCUMENT b'907881'
ACTION SNIPPET 10000 3200 SNIPPET_RELEVANT b'1158733'
ACTION DOC 10000 3220 EXAMINING_DOCUMENT b'1158733'
ACTION SNIPPET 10000 3223 SNIPPET_RELEVANT b'1685224'
ACTION DOC 10000 3243 EXAMINING_DOCUMENT b'1685224'
ACTION SNIPPET 10000 3246 SNIPPET_RELEVANT b'333465'
ACTION DOC 10000 3266 EXAMINING_DOCUMENT b'333465'
ACTION SNIPPET 10000 3269 SEEN_PREVIOUSLY b'1121204'
ACTION SNIPPET 10000 3272 SEEN_PREVIOUSLY b'1005479'
ACTION SNIPPET 10000 3275 SNIPPET_NOT_RELEVANT b'1378495'
ACTION QUERY 10000 3285 mercy killing therapists
ACTION SERP 10000 3290 EXAMINE_SERP
ACTION SNIPPET 10000 3293 SEEN_PREVIOUSLY b'1005479'
ACTION SNIPPET 10000 3296 SNIPPET_RELEVANT b'1375481'
ACTION DOC 10000 3316 EXAMINING_DOCUMENT b'1375481'
ACTION SNIPPET 10000 3319 SEEN_PREVIOUSLY b'1005917'
ACTION SNIPPET 10000 3322 SEEN_PREVIOUSLY b'1005480'
ACTION SNIPPET 10000 3325 SNIPPET_RELEVANT b'1111367'
ACTION DOC 10000 3345 EXAMINING_DOCUMENT b'1111367'
ACTION SNIPPET 10000 3348 SEEN_PREVIOUSLY b'157557'
ACTION SNIPPET 10000 3351 SNIPPET_RELEVANT b'644403'
ACTION DOC 10000 3371 EXAMINING_DOCUMENT b'644403'
ACTION SNIPPET 10000 3374 SNIPPET_NOT_RELEVANT b'581999'
ACTION SNIPPET 10000 3377 SEEN_PREVIOUSLY b'874545'
ACTION SNIPPET 10000 3380 SEEN_PREVIOUSLY b'1676107'
ACTION QUERY 10000 3390 mercy killing robert
ACTION SERP 10000 3395 EXAMINE_SERP
ACTION SNIPPET 10000 3398 SEEN_PREVIOUSLY b'1064676'
ACTION SNIPPET 10000 3401 SEEN_PREVIOUSLY b'157557'
ACTION SNIPPET 10000 3404 SEEN_PREVIOUSLY b'307171'
ACTION SNIPPET 10000 3407 SEEN_PREVIOUSLY b'144854'
ACTION SNIPPET 10000 3410 SNIPPET_NOT_RELEVANT b'934728'
ACTION SNIPPET 10000 3413 SEEN_PREVIOUSLY b'2447'
ACTION SNIPPET 10000 3416 SEEN_PREVIOUSLY b'2447'
ACTION SNIPPET 10000 3419 SNIPPET_RELEVANT b'1289200'
ACTION DOC 10000 3439 EXAMINING_DOCUMENT b'1289200'
ACTION SNIPPET 10000 3442 SNIPPET_NOT_RELEVANT b'1344988'
ACTION SNIPPET 10000 3445 SNIPPET_RELEVANT b'1570364'
ACTION DOC 10000 3465 EXAMINING_DOCUMENT b'1570364'
ACTION QUERY 10000 3475 mercy killing trying
ACTION SERP 10000 3480 EXAMINE_SERP
ACTION SNIPPET 10000 3483 SEEN_PREVIOUSLY b'473943'
ACTION SNIPPET 10000 3486 SEEN_PREVIOUSLY b'1689454'
ACTION SNIPPET 10000 3489 SEEN_PREVIOUSLY b'157557'
ACTION SNIPPET 10000 3492 SEEN_PREVIOUSLY b'2447'
ACTION SNIPPET 10000 3495 SEEN_PREVIOUSLY b'2447'
ACTION SNIPPET 10000 3498 SEEN_PREVIOUSLY b'188508'
ACTION SNIPPET 10000 3501 SEEN_PREVIOUSLY b'1121204'
ACTION SNIPPET 10000 3504 SEEN_PREVIOUSLY b'1005479'
ACTION SNIPPET 10000 3507 SEEN_PREVIOUSLY b'789093'
ACTION SNIPPET 10000 3510 SEEN_PREVIOUSLY b'35680'
ACTION QUERY 10000 3520 mercy killing virginia
ACTION SERP 10000 3525 EXAMINE_SERP
ACTION SNIPPET 10000 3528 SNIPPET_NOT_RELEVANT b'1546637'
ACTION SNIPPET 10000 3531 SEEN_PREVIOUSLY b'1267822'
ACTION SNIPPET 10000 3534 SNIPPET_RELEVANT b'227511'
ACTION DOC 10000 3554 EXAMINING_DOCUMENT b'227511'
ACTION SNIPPET 10000 3557 SNIPPET_NOT_RELEVANT b'581999'
ACTION SNIPPET 10000 3560 SEEN_PREVIOUSLY b'157557'
ACTION SNIPPET 10000 3563 SNIPPET_NOT_RELEVANT b'8823'
ACTION SNIPPET 10000 3566 SNIPPET_NOT_RELEVANT b'8823'
ACTION SNIPPET 10000 3569 SNIPPET_RELEVANT b'989891'
ACTION DOC 10000 3589 EXAMINING_DOCUMENT b'989891'
ACTION SNIPPET 10000 3592 SNIPPET_RELEVANT b'1255377'
ACTION DOC 10000 3612 EXAMINING_DOCUMENT b'1255377'
ACTION SNIPPET 10000 3615 SNIPPET_NOT_RELEVANT b'664955'
ACTION QUERY 10000 3625 mercy killing times
ACTION SERP 10000 3630 EXAMINE_SERP
ACTION SNIPPET 10000 3633 SEEN_PREVIOUSLY b'157557'
ACTION SNIPPET 10000 3636 SEEN_PREVIOUSLY b'1121204'
ACTION SNIPPET 10000 3639 SEEN_PREVIOUSLY b'1005479'
ACTION SNIPPET 10000 3642 SEEN_PREVIOUSLY b'35680'
ACTION SNIPPET 10000 3645 SEEN_PREVIOUSLY b'789093'
ACTION SNIPPET 10000 3648 SEEN_PREVIOUSLY b'473943'
ACTION SNIPPET 10000 3651 SEEN_PREVIOUSLY b'373185'
ACTION SNIPPET 10000 3654 SEEN_PREVIOUSLY b'391873'
ACTION SNIPPET 10000 3657 SEEN_PREVIOUSLY b'391874'
ACTION SNIPPET 10000 3660 SEEN_PREVIOUSLY b'723837'
ACTION QUERY 10000 3670 mercy killing pregnant
ACTION SERP 10000 3675 EXAMINE_SERP
ACTION SNIPPET 10000 3678 SNIPPET_NOT_RELEVANT b'296144'
ACTION SNIPPET 10000 3681 SEEN_PREVIOUSLY b'1443488'
ACTION SNIPPET 10000 3684 SNIPPET_NOT_RELEVANT b'1394868'
ACTION SNIPPET 10000 3687 SNIPPET_NOT_RELEVANT b'570474'
ACTION SNIPPET 10000 3690 SEEN_PREVIOUSLY b'157557'
ACTION SNIPPET 10000 3693 SNIPPET_NOT_RELEVANT b'68992'
ACTION SNIPPET 10000 3696 SEEN_PREVIOUSLY b'1121204'
ACTION SNIPPET 10000 3699 SEEN_PREVIOUSLY b'1005479'
ACTION SNIPPET 10000 3702 SNIPPET_NOT_RELEVANT b'29619'
ACTION SNIPPET 10000 3705 SNIPPET_NOT_RELEVANT b'403003'
ACTION QUERY 10000 3715 mercy killing assisting
ACTION SERP 10000 3720 EXAMINE_SERP
ACTION SNIPPET 10000 3723 SNIPPET_NOT_RELEVANT b'1210771'
ACTION SNIPPET 10000 3726 SEEN_PREVIOUSLY b'1095445'
ACTION SNIPPET 10000 3729 SEEN_PREVIOUSLY b'789093'
ACTION SNIPPET 10000 3732 SNIPPET_RELEVANT b'695579'
ACTION DOC 10000 3752 EXAMINING_DOCUMENT b'695579'
ACTION SNIPPET 10000 3755 SNIPPET_RELEVANT b'472960'
ACTION DOC 10000 3775 EXAMINING_DOCUMENT b'472960'
ACTION MARK 10000 3778 CONSIDERED_RELEVANT b'472960'
ACTION SNIPPET 10000 3781 SNIPPET_NOT_RELEVANT b'1060085'
ACTION SNIPPET 10000 3784 SEEN_PREVIOUSLY b'157557'
ACTION SNIPPET 10000 3787 SNIPPET_NOT_RELEVANT b'245850'
ACTION SNIPPET 10000 3790 SNIPPET_RELEVANT b'912625'
ACTION DOC 10000 3810 EXAMINING_DOCUMENT b'912625'
ACTION SNIPPET 10000 3813 SNIPPET_RELEVANT b'1100378'
ACTION DOC 10000 3833 EXAMINING_DOCUMENT b'1100378'
ACTION MARK 10000 3836 CONSIDERED_RELEVANT b'1100378'
ACTION QUERY 10000 3846 mercy killing practice
ACTION SERP 10000 3851 EXAMINE_SERP
ACTION SNIPPET 10000 3854 SEEN_PREVIOUSLY b'157557'
ACTION SNIPPET 10000 3857 SNIPPET_RELEVANT b'1210771'
ACTION DOC 10000 3877 EXAMINING_DOCUMENT b'1210771'
ACTION SNIPPET 10000 3880 SEEN_PREVIOUSLY b'723837'
ACTION SNIPPET 10000 3883 SEEN_PREVIOUSLY b'1426355'
ACTION SNIPPET 10000 3886 SEEN_PREVIOUSLY b'35680'
ACTION SNIPPET 10000 3889 SEEN_PREVIOUSLY b'116927'
ACTION SNIPPET 10000 3892 SEEN_PREVIOUSLY b'695579'
ACTION SNIPPET 10000 3895 SEEN_PREVIOUSLY b'472960'
ACTION SNIPPET 10000 3898 SEEN_PREVIOUSLY b'473943'
ACTION SNIPPET 10000 3901 SEEN_PREVIOUSLY b'592995'
ACTION QUERY 10000 3911 mercy killing gave
ACTION SERP 10000 3916 EXAMINE_SERP
ACTION SNIPPET 10000 3919 SEEN_PREVIOUSLY b'1689454'
ACTION SNIPPET 10000 3922 SEEN_PREVIOUSLY b'115272'
ACTION SNIPPET 10000 3925 SEEN_PREVIOUSLY b'157557'
ACTION SNIPPET 10000 3928 SNIPPET_NOT_RELEVANT b'618917'
ACTION SNIPPET 10000 3931 SNIPPET_RELEVANT b'128834'
ACTION DOC 10000 3951 EXAMINING_DOCUMENT b'128834'
ACTION SNIPPET 10000 3954 SNIPPET_NOT_RELEVANT b'676213'
ACTION SNIPPET 10000 3957 SEEN_PREVIOUSLY b'1121204'
ACTION SNIPPET 10000 3960 SNIPPET_NOT_RELEVANT b'227357'
ACTION SNIPPET 10000 3963 SNIPPET_NOT_RELEVANT b'1532519'
ACTION SNIPPET 10000 3966 SEEN_PREVIOUSLY b'1005479'
ACTION QUERY 10000 3976 mercy killing sister
ACTION SERP 10000 3981 EXAMINE_SERP
ACTION SNIPPET 10000 3984 SNIPPET_NOT_RELEVANT b'851315'
ACTION SNIPPET 10000 3987 SEEN_PREVIOUSLY b'1121204'
ACTION SNIPPET 10000 3990 SEEN_PREVIOUSLY b'1393670'
ACTION SNIPPET 10000 3993 SEEN_PREVIOUSLY b'309246'
ACTION SNIPPET 10000 3996 SNIPPET_NOT_RELEVANT b'53002'
ACTION SNIPPET 10000 3999 SNIPPET_NOT_RELEVANT b'53116'
ACTION SNIPPET 10000 4002 SNIPPET_NOT_RELEVANT b'1293001'
ACTION SNIPPET 10000 4005 SNIPPET_RELEVANT b'733076'
ACTION DOC 10000 4025 EXAMINING_DOCUMENT b'733076'
ACTION SNIPPET 10000 4028 SNIPPET_RELEVANT b'688595'
ACTION DOC 10000 4048 EXAMINING_DOCUMENT b'688595'
ACTION SNIPPET 10000 4051 SNIPPET_NOT_RELEVANT b'337819'
ACTION QUERY 10000 4061 mercy killing worked
ACTION SERP 10000 4066 EXAMINE_SERP
ACTION SNIPPET 10000 4069 SEEN_PREVIOUSLY b'157557'
ACTION SNIPPET 10000 4072 SEEN_PREVIOUSLY b'473943'
ACTION SNIPPET 10000 4075 SEEN_PREVIOUSLY b'1121204'
ACTION SNIPPET 10000 4078 SEEN_PREVIOUSLY b'1005479'
ACTION SNIPPET 10000 4081 SEEN_PREVIOUSLY b'789093'
ACTION SNIPPET 10000 4084 SEEN_PREVIOUSLY b'35680'
ACTION SNIPPET 10000 4087 SEEN_PREVIOUSLY b'391873'
ACTION SNIPPET 10000 4090 SEEN_PREVIOUSLY b'391874'
ACTION SNIPPET 10000 4093 SEEN_PREVIOUSLY b'723837'
ACTION SNIPPET 10000 4096 SNIPPET_NOT_RELEVANT b'1407631'
ACTION QUERY 10000 4106 mercy killing testimony
ACTION SERP 10000 4111 EXAMINE_SERP
ACTION SNIPPET 10000 4114 SNIPPET_NOT_RELEVANT b'1020546'
ACTION SNIPPET 10000 4117 SNIPPET_RELEVANT b'1094822'
ACTION DOC 10000 4137 EXAMINING_DOCUMENT b'1094822'
ACTION MARK 10000 4140 CONSIDERED_RELEVANT b'1094822'
ACTION SNIPPET 10000 4143 SEEN_PREVIOUSLY b'1091079'
ACTION SNIPPET 10000 4146 SNIPPET_NOT_RELEVANT b'1816286'
ACTION SNIPPET 10000 4149 SEEN_PREVIOUSLY b'1399268'
ACTION SNIPPET 10000 4152 SNIPPET_NOT_RELEVANT b'1633140'
ACTION SNIPPET 10000 4155 SNIPPET_NOT_RELEVANT b'1033784'
ACTION SNIPPET 10000 4158 SEEN_PREVIOUSLY b'157557'
ACTION SNIPPET 10000 4161 SNIPPET_RELEVANT b'984071'
ACTION DOC 10000 4181 EXAMINING_DOCUMENT b'984071'
ACTION SNIPPET 10000 4184 SNIPPET_NOT_RELEVANT b'674904'
ACTION QUERY 10000 4194 mercy killing nc
ACTION SERP 10000 4199 EXAMINE_SERP
ACTION SNIPPET 10000 4202 SNIPPET_NOT_RELEVANT b'999329'
ACTION SNIPPET 10000 4205 SNIPPET_NOT_RELEVANT b'1528883'
ACTION SNIPPET 10000 4208 SNIPPET_NOT_RELEVANT b'504463'
ACTION SNIPPET 10000 4211 SNIPPET_NOT_RELEVANT b'1783907'
ACTION SNIPPET 10000 4214 SNIPPET_NOT_RELEVANT b'1783532'
ACTION SNIPPET 10000 4217 SEEN_PREVIOUSLY b'157557'
ACTION SNIPPET 10000 4220 SNIPPET_NOT_RELEVANT b'1127811'
ACTION SNIPPET 10000 4223 SNIPPET_NOT_RELEVANT b'1295063'
ACTION SNIPPET 10000 4226 SNIPPET_NOT_RELEVANT b'907741'
ACTION SNIPPET 10000 4229 SNIPPET_NOT_RELEVANT b'1609716'
ACTION QUERY 10000 4239 mercy killing blundering
ACTION SERP 10000 4244 EXAMINE_SERP
ACTION SNIPPET 10000 4247 SEEN_PREVIOUSLY b'1095035'
ACTION SNIPPET 10000 4250 SNIPPET_NOT_RELEVANT b'637962'
ACTION SNIPPET 10000 4253 SEEN_PREVIOUSLY b'157557'
ACTION SNIPPET 10000 4256 SNIPPET_NOT_RELEVANT b'1072580'
ACTION SNIPPET 10000 4259 SEEN_PREVIOUSLY b'1121204'
ACTION SNIPPET 10000 4262 SEEN_PREVIOUSLY b'1005479'
ACTION SNIPPET 10000 4265 SNIPPET_NOT_RELEVANT b'430163'
ACTION SNIPPET 10000 4268 SNIPPET_NOT_RELEVANT b'390411'
ACTION SNIPPET 10000 4271 SEEN_PREVIOUSLY b'789093'
ACTION SNIPPET 10000 4274 SEEN_PREVIOUSLY b'35680'
ACTION QUERY 10000 4284 mercy killing wasnt
ACTION SERP 10000 4289 EXAMINE_SERP
ACTION SNIPPET 10000 4292 SNIPPET_NOT_RELEVANT b'1245034'
ACTION SNIPPET 10000 4295 SNIPPET_RELEVANT b'1775938'
ACTION DOC 10000 4315 EXAMINING_DOCUMENT b'1775938'
ACTION SNIPPET 10000 4318 SEEN_PREVIOUSLY b'157557'
ACTION SNIPPET 10000 4321 SEEN_PREVIOUSLY b'1121204'
ACTION SNIPPET 10000 4324 SEEN_PREVIOUSLY b'1005479'
ACTION SNIPPET 10000 4327 SEEN_PREVIOUSLY b'789093'
ACTION SNIPPET 10000 4330 SEEN_PREVIOUSLY b'35680'
ACTION SNIPPET 10000 4333 SEEN_PREVIOUSLY b'473943'
ACTION SNIPPET 10000 4336 SEEN_PREVIOUSLY b'391873'
ACTION SNIPPET 10000 4339 SEEN_PREVIOUSLY b'391874'
ACTION QUERY 10000 4349 mercy killing doctor
ACTION SERP 10000 4354 EXAMINE_SERP
ACTION SNIPPET 10000 4357 SEEN_PREVIOUSLY b'157557'
ACTION SNIPPET 10000 4360 SEEN_PREVIOUSLY b'115272'
ACTION SNIPPET 10000 4363 SNIPPET_NOT_RELEVANT b'618917'
ACTION SNIPPET 10000 4366 SEEN_PREVIOUSLY b'116927'
ACTION SNIPPET 10000 4369 SEEN_PREVIOUSLY b'1426355'
ACTION SNIPPET 10000 4372 SEEN_PREVIOUSLY b'1095445'
ACTION SNIPPET 10000 4375 SEEN_PREVIOUSLY b'1210771'
ACTION SNIPPET 10000 4378 SEEN_PREVIOUSLY b'1689454'
ACTION SNIPPET 10000 4381 SNIPPET_RELEVANT b'121481'
ACTION DOC 10000 4401 EXAMINING_DOCUMENT b'121481'
ACTION MARK 10000 4404 CONSIDERED_RELEVANT b'121481'
ACTION SNIPPET 10000 4407 SEEN_PREVIOUSLY b'1405959'
ACTION QUERY 10000 4417 mercy killing work
ACTION SERP 10000 4422 EXAMINE_SERP
ACTION SNIPPET 10000 4425 SEEN_PREVIOUSLY b'157557'
ACTION SNIPPET 10000 4428 SEEN_PREVIOUSLY b'473943'
ACTION SNIPPET 10000 4431 SEEN_PREVIOUSLY b'1121204'
ACTION SNIPPET 10000 4434 SEEN_PREVIOUSLY b'1005479'
ACTION SNIPPET 10000 4437 SEEN_PREVIOUSLY b'789093'
ACTION SNIPPET 10000 4440 SEEN_PREVIOUSLY b'35680'
ACTION SNIPPET 10000 4443 SEEN_PREVIOUSLY b'391873'
ACTION SNIPPET 10000 4446 SEEN_PREVIOUSLY b'391874'
ACTION SNIPPET 10000 4449 SEEN_PREVIOUSLY b'723837'
ACTION SNIPPET 10000 4452 SNIPPET_NOT_RELEVANT b'1407631'
ACTION QUERY 10000 4462 mercy killing resident
ACTION SERP 10000 4467 EXAMINE_SERP
ACTION SNIPPET 10000 4470 SEEN_PREVIOUSLY b'157557'
ACTION SNIPPET 10000 4473 SEEN_PREVIOUSLY b'435343'
ACTION SNIPPET 10000 4476 SEEN_PREVIOUSLY b'789093'
ACTION SNIPPET 10000 4479 SEEN_PREVIOUSLY b'116927'
ACTION SNIPPET 10000 4482 SEEN_PREVIOUSLY b'121481'
ACTION SNIPPET 10000 4485 SEEN_PREVIOUSLY b'373981'
ACTION SNIPPET 10000 4488 SNIPPET_RELEVANT b'1550712'
ACTION DOC 10000 4508 EXAMINING_DOCUMENT b'1550712'
ACTION SNIPPET 10000 4511 SNIPPET_NOT_RELEVANT b'456148'
ACTION SNIPPET 10000 4514 SNIPPET_NOT_RELEVANT b'369666'
ACTION SNIPPET 10000 4517 SNIPPET_RELEVANT b'435707'
ACTION DOC 10000 4537 EXAMINING_DOCUMENT b'435707'
ACTION QUERY 10000 4547 mercy killing ridy
ACTION SERP 10000 4552 EXAMINE_SERP
ACTION SNIPPET 10000 4555 SNIPPET_RELEVANT b'1397608'
ACTION DOC 10000 4575 EXAMINING_DOCUMENT b'1397608'
ACTION SNIPPET 10000 4578 SNIPPET_NOT_RELEVANT b'1271022'
ACTION SNIPPET 10000 4581 SNIPPET_NOT_RELEVANT b'997282'
ACTION SNIPPET 10000 4584 SNIPPET_NOT_RELEVANT b'1278755'
ACTION SNIPPET 10000 4587 SNIPPET_NOT_RELEVANT b'1397574'
ACTION SNIPPET 10000 4590 SNIPPET_NOT_RELEVANT b'360377'
ACTION SNIPPET 10000 4593 SEEN_PREVIOUSLY b'157557'
ACTION SNIPPET 10000 4596 SNIPPET_NOT_RELEVANT b'1331771'
ACTION SNIPPET 10000 4599 SEEN_PREVIOUSLY b'1121204'
ACTION SNIPPET 10000 4602 SEEN_PREVIOUSLY b'1005479'
ACTION QUERY 10000 4612 mercy killing money
ACTION SERP 10000 4617 EXAMINE_SERP
ACTION SNIPPET 10000 4620 SEEN_PREVIOUSLY b'157557'
ACTION SNIPPET 10000 4623 SEEN_PREVIOUSLY b'1091079'
ACTION SNIPPET 10000 4626 SEEN_PREVIOUSLY b'1121204'
ACTION SNIPPET 10000 4629 SEEN_PREVIOUSLY b'1005479'
ACTION SNIPPET 10000 4632 SNIPPET_NOT_RELEVANT b'1784821'
ACTION SNIPPET 10000 4635 SEEN_PREVIOUSLY b'1640983'
ACTION SNIPPET 10000 4638 SEEN_PREVIOUSLY b'789093'
ACTION SNIPPET 10000 4641 SEEN_PREVIOUSLY b'695579'
ACTION SNIPPET 10000 4644 SEEN_PREVIOUSLY b'35680'
ACTION SNIPPET 10000 4647 SEEN_PREVIOUSLY b'373981'
ACTION QUERY 10000 4657 mercy killing legalized
ACTION SERP 10000 4662 EXAMINE_SERP
ACTION SNIPPET 10000 4665 SEEN_PREVIOUSLY b'1210771'
ACTION SNIPPET 10000 4668 SEEN_PREVIOUSLY b'723837'
ACTION SNIPPET 10000 4671 SEEN_PREVIOUSLY b'115272'
ACTION SNIPPET 10000 4674 SEEN_PREVIOUSLY b'1689454'
ACTION SNIPPET 10000 4677 SEEN_PREVIOUSLY b'592995'
ACTION SNIPPET 10000 4680 SEEN_PREVIOUSLY b'1095445'
ACTION SNIPPET 10000 4683 SEEN_PREVIOUSLY b'35680'
ACTION SNIPPET 10000 4686 SEEN_PREVIOUSLY b'606616'
ACTION SNIPPET 10000 4689 SEEN_PREVIOUSLY b'612739'
ACTION SNIPPET 10000 4692 SEEN_PREVIOUSLY b'977063'
ACTION QUERY 10000 4702 mercy killing robinson
ACTION SERP 10000 4707 EXAMINE_SERP
ACTION SNIPPET 10000 4710 SNIPPET_NOT_RELEVANT b'1577356'
ACTION SNIPPET 10000 4713 SNIPPET_NOT_RELEVANT b'1761072'
ACTION SNIPPET 10000 4716 SEEN_PREVIOUSLY b'157557'
ACTION SNIPPET 10000 4719 SNIPPET_NOT_RELEVANT b'1456173'
ACTION SNIPPET 10000 4722 SNIPPET_RELEVANT b'1116384'
ACTION DOC 10000 4742 EXAMINING_DOCUMENT b'1116384'
ACTION SNIPPET 10000 4745 SEEN_PREVIOUSLY b'1121204'
ACTION SNIPPET 10000 4748 SNIPPET_NOT_RELEVANT b'595653'
ACTION SNIPPET 10000 4751 SEEN_PREVIOUSLY b'1005479'
ACTION SNIPPET 10000 4754 SNIPPET_NOT_RELEVANT b'181612'
ACTION SNIPPET 10000 4757 SNIPPET_RELEVANT b'457732'
ACTION DOC 10000 4777 EXAMINING_DOCUMENT b'457732'
ACTION QUERY 10000 4787 mercy killing countries
ACTION SERP 10000 4792 EXAMINE_SERP
ACTION SNIPPET 10000 4795 SEEN_PREVIOUSLY b'35680'
ACTION SNIPPET 10000 4798 SEEN_PREVIOUSLY b'391873'
ACTION SNIPPET 10000 4801 SEEN_PREVIOUSLY b'391874'
ACTION SNIPPET 10000 4804 SEEN_PREVIOUSLY b'115272'
ACTION SNIPPET 10000 4807 SNIPPET_RELEVANT b'1689450'
ACTION DOC 10000 4827 EXAMINING_DOCUMENT b'1689450'
ACTION SNIPPET 10000 4830 SEEN_PREVIOUSLY b'157557'
ACTION SNIPPET 10000 4833 SEEN_PREVIOUSLY b'1426355'
ACTION SNIPPET 10000 4836 SEEN_PREVIOUSLY b'260023'
ACTION SNIPPET 10000 4839 SEEN_PREVIOUSLY b'592995'
ACTION SNIPPET 10000 4842 SNIPPET_NOT_RELEVANT b'91491'
ACTION QUERY 10000 4852 mercy killing fl
ACTION SERP 10000 4857 EXAMINE_SERP
ACTION SNIPPET 10000 4860 SNIPPET_NOT_RELEVANT b'1717467'
ACTION SNIPPET 10000 4863 SNIPPET_RELEVANT b'1827465'
ACTION DOC 10000 4883 EXAMINING_DOCUMENT b'1827465'
ACTION SNIPPET 10000 4886 SNIPPET_NOT_RELEVANT b'1777699'
ACTION SNIPPET 10000 4889 SNIPPET_RELEVANT b'1170081'
ACTION DOC 10000 4909 EXAMINING_DOCUMENT b'1170081'
ACTION SNIPPET 10000 4912 SNIPPET_NOT_RELEVANT b'1157015'
ACTION SNIPPET 10000 4915 SNIPPET_RELEVANT b'926049'
ACTION DOC 10000 4935 EXAMINING_DOCUMENT b'926049'
ACTION SNIPPET 10000 4938 SNIPPET_NOT_RELEVANT b'914909'
ACTION SNIPPET 10000 4941 SNIPPET_NOT_RELEVANT b'1261344'
ACTION SNIPPET 10000 4944 SNIPPET_NOT_RELEVANT b'999169'
ACTION SNIPPET 10000 4947 SNIPPET_NOT_RELEVANT b'1411419'
ACTION QUERY 10000 4957 mercy killing law
ACTION SERP 10000 4962 EXAMINE_SERP
ACTION SNIPPET 10000 4965 SEEN_PREVIOUSLY b'1121204'
ACTION SNIPPET 10000 4968 SEEN_PREVIOUSLY b'1095445'
ACTION SNIPPET 10000 4971 SNIPPET_NOT_RELEVANT b'618917'
ACTION SNIPPET 10000 4974 SEEN_PREVIOUSLY b'1426355'
ACTION SNIPPET 10000 4977 SEEN_PREVIOUSLY b'1399268'
ACTION SNIPPET 10000 4980 SEEN_PREVIOUSLY b'115272'
ACTION SNIPPET 10000 4983 SNIPPET_RELEVANT b'1240774'
ACTION DOC 10000 5003 EXAMINING_DOCUMENT b'1240774'
ACTION SNIPPET 10000 5006 SEEN_PREVIOUSLY b'612739'
ACTION SNIPPET 10000 5009 SEEN_PREVIOUSLY b'606616'
ACTION SNIPPET 10000 5012 SEEN_PREVIOUSLY b'592995'
ACTION QUERY 10000 5022 mercy killing linares
ACTION SERP 10000 5027 EXAMINE_SERP
ACTION SNIPPET 10000 5030 SEEN_PREVIOUSLY b'245126'
ACTION SNIPPET 10000 5033 SNIPPET_RELEVANT b'764660'
ACTION DOC 10000 5053 EXAMINING_DOCUMENT b'764660'
ACTION SNIPPET 10000 5056 SNIPPET_RELEVANT b'759553'
ACTION DOC 10000 5076 EXAMINING_DOCUMENT b'759553'
ACTION SNIPPET 10000 5079 SNIPPET_NOT_RELEVANT b'1763000'
ACTION SNIPPET 10000 5082 SNIPPET_NOT_RELEVANT b'460192'
ACTION SNIPPET 10000 5085 SNIPPET_RELEVANT b'450498'
ACTION DOC 10000 5105 EXAMINING_DOCUMENT b'450498'
ACTION SNIPPET 10000 5108 SNIPPET_RELEVANT b'758617'
ACTION DOC 10000 5128 EXAMINING_DOCUMENT b'758617'
ACTION SNIPPET 10000 5131 SNIPPET_NOT_RELEVANT b'759366'
ACTION SNIPPET 10000 5134 SNIPPET_RELEVANT b'674219'
ACTION DOC 10000 5154 EXAMINING_DOCUMENT b'674219'
ACTION SNIPPET 10000 5157 SNIPPET_RELEVANT b'940704'
ACTION DOC 10000 5177 EXAMINING_DOCUMENT b'940704'
ACTION QUERY 10000 5187 mercy killing crime
ACTION SERP 10000 5192 EXAMINE_SERP
ACTION SNIPPET 10000 5195 SNIPPET_RELEVANT b'1546637'
ACTION DOC 10000 5215 EXAMINING_DOCUMENT b'1546637'
ACTION SNIPPET 10000 5218 SEEN_PREVIOUSLY b'1095445'
ACTION SNIPPET 10000 5221 SNIPPET_RELEVANT b'300177'
ACTION DOC 10000 5241 EXAMINING_DOCUMENT b'300177'
ACTION SNIPPET 10000 5244 SNIPPET_RELEVANT b'845120'
ACTION DOC 10000 5264 EXAMINING_DOCUMENT b'845120'
ACTION SNIPPET 10000 5267 SEEN_PREVIOUSLY b'606616'
ACTION SNIPPET 10000 5270 SEEN_PREVIOUSLY b'1091079'
ACTION SNIPPET 10000 5273 SNIPPET_RELEVANT b'1581586'
ACTION DOC 10000 5293 EXAMINING_DOCUMENT b'1581586'
ACTION SNIPPET 10000 5296 SNIPPET_NOT_RELEVANT b'1041187'
ACTION SNIPPET 10000 5299 SNIPPET_NOT_RELEVANT b'301840'
ACTION SNIPPET 10000 5302 SEEN_PREVIOUSLY b'1822541'
ACTION QUERY 10000 5312 mercy killing dna
ACTION SERP 10000 5317 EXAMINE_SERP
ACTION SNIPPET 10000 5320 SNIPPET_RELEVANT b'1813591'
ACTION DOC 10000 5340 EXAMINING_DOCUMENT b'1813591'
ACTION SNIPPET 10000 5343 SNIPPET_RELEVANT b'1823680'
ACTION DOC 10000 5363 EXAMINING_DOCUMENT b'1823680'
ACTION SNIPPET 10000 5366 SNIPPET_NOT_RELEVANT b'1557555'
ACTION SNIPPET 10000 5369 SNIPPET_RELEVANT b'732357'
ACTION DOC 10000 5389 EXAMINING_DOCUMENT b'732357'
ACTION SNIPPET 10000 5392 SNIPPET_RELEVANT b'1577356'
ACTION DOC 10000 5412 EXAMINING_DOCUMENT b'1577356'
ACTION SNIPPET 10000 5415 SEEN_PREVIOUSLY b'157557'
ACTION SNIPPET 10000 5418 SNIPPET_NOT_RELEVANT b'1617764'
ACTION SNIPPET 10000 5421 SNIPPET_NOT_RELEVANT b'821445'
ACTION SNIPPET 10000 5424 SNIPPET_NOT_RELEVANT b'821581'
ACTION SNIPPET 10000 5427 SNIPPET_NOT_RELEVANT b'1019872'
ACTION QUERY 10000 5437 mercy killing series
ACTION SERP 10000 5442 EXAMINE_SERP
ACTION SNIPPET 10000 5445 SEEN_PREVIOUSLY b'373185'
ACTION SNIPPET 10000 5448 SEEN_PREVIOUSLY b'307171'
ACTION SNIPPET 10000 5451 SEEN_PREVIOUSLY b'157557'
ACTION SNIPPET 10000 5454 SNIPPET_RELEVANT b'1138011'
ACTION DOC 10000 5474 EXAMINING_DOCUMENT b'1138011'
ACTION SNIPPET 10000 5477 SEEN_PREVIOUSLY b'1121204'
ACTION SNIPPET 10000 5480 SEEN_PREVIOUSLY b'1005479'
ACTION SNIPPET 10000 5483 SEEN_PREVIOUSLY b'789093'
ACTION SNIPPET 10000 5486 SNIPPET_RELEVANT b'1785098'
ACTION DOC 10000 5506 EXAMINING_DOCUMENT b'1785098'
ACTION SNIPPET 10000 5509 SEEN_PREVIOUSLY b'35680'
ACTION SNIPPET 10000 5512 SNIPPET_NOT_RELEVANT b'1007292'
ACTION QUERY 10000 5522 mercy killing society
ACTION SERP 10000 5527 EXAMINE_SERP
ACTION SNIPPET 10000 5530 SEEN_PREVIOUSLY b'723837'
ACTION SNIPPET 10000 5533 SEEN_PREVIOUSLY b'35680'
ACTION SNIPPET 10000 5536 SEEN_PREVIOUSLY b'115272'
ACTION SNIPPET 10000 5539 SEEN_PREVIOUSLY b'592995'
ACTION SNIPPET 10000 5542 SEEN_PREVIOUSLY b'188508'
ACTION SNIPPET 10000 5545 SEEN_PREVIOUSLY b'157557'
ACTION SNIPPET 10000 5548 SEEN_PREVIOUSLY b'695579'
ACTION SNIPPET 10000 5551 SNIPPET_RELEVANT b'14913'
ACTION DOC 10000 5571 EXAMINING_DOCUMENT b'14913'
ACTION SNIPPET 10000 5574 SEEN_PREVIOUSLY b'637960'
ACTION SNIPPET 10000 5577 SEEN_PREVIOUSLY b'1550712'
ACTION QUERY 10000 5587 mercy killing victim
ACTION SERP 10000 5592 EXAMINE_SERP
ACTION SNIPPET 10000 5595 SEEN_PREVIOUSLY b'435343'
ACTION SNIPPET 10000 5598 SNIPPET_NOT_RELEVANT b'1441849'
ACTION SNIPPET 10000 5601 SEEN_PREVIOUSLY b'1375481'
ACTION SNIPPET 10000 5604 SEEN_PREVIOUSLY b'1633442'
ACTION SNIPPET 10000 5607 SEEN_PREVIOUSLY b'115272'
ACTION SNIPPET 10000 5610 SEEN_PREVIOUSLY b'1091079'
ACTION SNIPPET 10000 5613 SNIPPET_RELEVANT b'1020546'
ACTION DOC 10000 5633 EXAMINING_DOCUMENT b'1020546'
ACTION SNIPPET 10000 5636 SEEN_PREVIOUSLY b'1393670'
ACTION SNIPPET 10000 5639 SNIPPET_RELEVANT b'1293001'
ACTION DOC 10000 5659 EXAMINING_DOCUMENT b'1293001'
ACTION SNIPPET 10000 5662 SEEN_PREVIOUSLY b'1405959'
ACTION QUERY 10000 5672 mercy killing counsel
ACTION SERP 10000 5677 EXAMINE_SERP
ACTION SNIPPET 10000 5680 SEEN_PREVIOUSLY b'116927'
ACTION SNIPPET 10000 5683 SNIPPET_NOT_RELEVANT b'117169'
ACTION SNIPPET 10000 5686 SEEN_PREVIOUSLY b'128834'
ACTION SNIPPET 10000 5689 SNIPPET_RELEVANT b'740357'
ACTION DOC 10000 5709 EXAMINING_DOCUMENT b'740357'
ACTION SNIPPET 10000 5712 SEEN_PREVIOUSLY b'2447'
ACTION SNIPPET 10000 5715 SEEN_PREVIOUSLY b'2447'
ACTION SNIPPET 10000 5718 SEEN_PREVIOUSLY b'157557'
ACTION SNIPPET 10000 5721 SEEN_PREVIOUSLY b'121481'
ACTION SNIPPET 10000 5724 SEEN_PREVIOUSLY b'907881'
ACTION SNIPPET 10000 5727 SEEN_PREVIOUSLY b'1094822'
ACTION QUERY 10000 5737 mercy killing physicians
ACTION SERP 10000 5742 EXAMINE_SERP
ACTION SNIPPET 10000 5745 SEEN_PREVIOUSLY b'723837'
ACTION SNIPPET 10000 5748 SEEN_PREVIOUSLY b'1210771'
ACTION SNIPPET 10000 5751 SEEN_PREVIOUSLY b'157557'
ACTION SNIPPET 10000 5754 SEEN_PREVIOUSLY b'592995'
ACTION SNIPPET 10000 5757 SEEN_PREVIOUSLY b'128834'
ACTION SNIPPET 10000 5760 SEEN_PREVIOUSLY b'121481'
ACTION SNIPPET 10000 5763 SEEN_PREVIOUSLY b'116927'
ACTION SNIPPET 10000 5766 SEEN_PREVIOUSLY b'14913'
ACTION SNIPPET 10000 5769 SEEN_PREVIOUSLY b'472960'
ACTION SNIPPET 10000 5772 SEEN_PREVIOUSLY b'1689454'
ACTION QUERY 10000 5782 mercy killing helped
ACTION SERP 10000 5787 EXAMINE_SERP
ACTION SNIPPET 10000 5790 SEEN_PREVIOUSLY b'789093'
ACTION SNIPPET 10000 5793 SEEN_PREVIOUSLY b'391873'
ACTION SNIPPET 10000 5796 SEEN_PREVIOUSLY b'391874'
ACTION SNIPPET 10000 5799 SEEN_PREVIOUSLY b'157557'
ACTION SNIPPET 10000 5802 SEEN_PREVIOUSLY b'373185'
ACTION SNIPPET 10000 5805 SEEN_PREVIOUSLY b'1121204'
ACTION SNIPPET 10000 5808 SEEN_PREVIOUSLY b'1005479'
ACTION SNIPPET 10000 5811 SNIPPET_NOT_RELEVANT b'582628'
ACTION SNIPPET 10000 5814 SEEN_PREVIOUSLY b'1640983'
ACTION SNIPPET 10000 5817 SEEN_PREVIOUSLY b'2447'
ACTION QUERY 10000 5827 mercy killing doctors
ACTION SERP 10000 5832 EXAMINE_SERP
ACTION SNIPPET 10000 5835 SEEN_PREVIOUSLY b'157557'
ACTION SNIPPET 10000 5838 SEEN_PREVIOUSLY b'115272'
ACTION SNIPPET 10000 5841 SNIPPET_RELEVANT b'618917'
ACTION DOC 10000 5861 EXAMINING_DOCUMENT b'618917'
ACTION SNIPPET 10000 5864 SEEN_PREVIOUSLY b'116927'
ACTION SNIPPET 10000 5867 SEEN_PREVIOUSLY b'1426355'
ACTION SNIPPET 10000 5870 SEEN_PREVIOUSLY b'1095445'
ACTION SNIPPET 10000 5873 SEEN_PREVIOUSLY b'1210771'
ACTION SNIPPET 10000 5876 SEEN_PREVIOUSLY b'1689454'
ACTION SNIPPET 10000 5879 SEEN_PREVIOUSLY b'121481'
ACTION SNIPPET 10000 5882 SEEN_PREVIOUSLY b'1405959'
ACTION QUERY 10000 5892 mercy killing china
ACTION SERP 10000 5897 EXAMINE_SERP
ACTION SNIPPET 10000 5900 SEEN_PREVIOUSLY b'115272'
ACTION SNIPPET 10000 5903 SEEN_PREVIOUSLY b'260023'
ACTION SNIPPET 10000 5906 SEEN_PREVIOUSLY b'157557'
ACTION SNIPPET 10000 5909 SNIPPET_NOT_RELEVANT b'209374'
ACTION SNIPPET 10000 5912 SNIPPET_NOT_RELEVANT b'610267'
ACTION SNIPPET 10000 5915 SNIPPET_NOT_RELEVANT b'263198'
ACTION SNIPPET 10000 5918 SEEN_PREVIOUSLY b'1121204'
ACTION SNIPPET 10000 5921 SEEN_PREVIOUSLY b'1005479'
ACTION SNIPPET 10000 5924 SEEN_PREVIOUSLY b'789093'
ACTION SNIPPET 10000 5927 SEEN_PREVIOUSLY b'35680'
ACTION QUERY 10000 5937 mercy killing subpoenaed
ACTION SERP 10000 5942 EXAMINE_SERP
ACTION SNIPPET 10000 5945 SEEN_PREVIOUSLY b'128790'
ACTION SNIPPET 10000 5948 SEEN_PREVIOUSLY b'121481'
ACTION SNIPPET 10000 5951 SEEN_PREVIOUSLY b'128834'
ACTION SNIPPET 10000 5954 SNIPPET_NOT_RELEVANT b'1139199'
ACTION SNIPPET 10000 5957 SNIPPET_NOT_RELEVANT b'1139841'
ACTION SNIPPET 10000 5960 SNIPPET_RELEVANT b'941496'
ACTION DOC 10000 5980 EXAMINING_DOCUMENT b'941496'
ACTION SNIPPET 10000 5983 SEEN_PREVIOUSLY b'157557'
ACTION SNIPPET 10000 5986 SNIPPET_NOT_RELEVANT b'1001477'
ACTION SNIPPET 10000 5989 SNIPPET_RELEVANT b'1536642'
ACTION DOC 10000 6009 EXAMINING_DOCUMENT b'1536642'
ACTION SNIPPET 10000 6012 SNIPPET_NOT_RELEVANT b'739115'
ACTION QUERY 10000 6022 mercy killing pope
ACTION SERP 10000 6027 EXAMINE_SERP
ACTION SNIPPET 10000 6030 SEEN_PREVIOUSLY b'35680'
ACTION SNIPPET 10000 6033 SNIPPET_NOT_RELEVANT b'1662328'
ACTION SNIPPET 10000 6036 SNIPPET_RELEVANT b'74746'
ACTION DOC 10000 6056 EXAMINING_DOCUMENT b'74746'
ACTION SNIPPET 10000 6059 SEEN_PREVIOUSLY b'1267822'
ACTION SNIPPET 10000 6062 SNIPPET_RELEVANT b'37143'
ACTION DOC 10000 6082 EXAMINING_DOCUMENT b'37143'
ACTION SNIPPET 10000 6085 SNIPPET_RELEVANT b'1081129'
ACTION DOC 10000 6105 EXAMINING_DOCUMENT b'1081129'
ACTION SNIPPET 10000 6108 SNIPPET_NOT_RELEVANT b'1499243'
ACTION SNIPPET 10000 6111 SNIPPET_RELEVANT b'1416923'
ACTION DOC 10000 6131 EXAMINING_DOCUMENT b'1416923'
ACTION SNIPPET 10000 6134 SNIPPET_NOT_RELEVANT b'74677'
ACTION SNIPPET 10000 6137 SNIPPET_RELEVANT b'1412428'
ACTION DOC 10000 6157 EXAMINING_DOCUMENT b'1412428'
ACTION QUERY 10000 6167 mercy killing movement
ACTION SERP 10000 6172 EXAMINE_SERP
ACTION SNIPPET 10000 6175 SNIPPET_NOT_RELEVANT b'91491'
ACTION SNIPPET 10000 6178 SEEN_PREVIOUSLY b'157557'
ACTION SNIPPET 10000 6181 SNIPPET_NOT_RELEVANT b'965270'
ACTION SNIPPET 10000 6184 SNIPPET_NOT_RELEVANT b'1481324'
ACTION SNIPPET 10000 6187 SEEN_PREVIOUSLY b'1121204'
ACTION SNIPPET 10000 6190 SEEN_PREVIOUSLY b'1005479'
ACTION SNIPPET 10000 6193 SEEN_PREVIOUSLY b'789093'
ACTION SNIPPET 10000 6196 SEEN_PREVIOUSLY b'1100378'
ACTION SNIPPET 10000 6199 SEEN_PREVIOUSLY b'35680'
ACTION SNIPPET 10000 6202 SEEN_PREVIOUSLY b'473943'
ACTION QUERY 10000 6212 mercy killing died
ACTION SERP 10000 6217 EXAMINE_SERP
ACTION SNIPPET 10000 6220 SEEN_PREVIOUSLY b'307171'
ACTION SNIPPET 10000 6223 SEEN_PREVIOUSLY b'606616'
ACTION SNIPPET 10000 6226 SNIPPET_NOT_RELEVANT b'1441849'
ACTION SNIPPET 10000 6229 SEEN_PREVIOUSLY b'157557'
ACTION SNIPPET 10000 6232 SEEN_PREVIOUSLY b'144396'
ACTION SNIPPET 10000 6235 SNIPPET_NOT_RELEVANT b'1491865'
ACTION SNIPPET 10000 6238 SEEN_PREVIOUSLY b'1550712'
ACTION SNIPPET 10000 6241 SEEN_PREVIOUSLY b'14913'
ACTION SNIPPET 10000 6244 SEEN_PREVIOUSLY b'618917'
ACTION SNIPPET 10000 6247 SNIPPET_NOT_RELEVANT b'1122179'
ACTION QUERY 10000 6257 mercy killing belgian
ACTION SERP 10000 6262 EXAMINE_SERP
ACTION SNIPPET 10000 6265 SNIPPET_NOT_RELEVANT b'245850'
ACTION SNIPPET 10000 6268 SNIPPET_NOT_RELEVANT b'734372'
ACTION SNIPPET 10000 6271 SNIPPET_NOT_RELEVANT b'170494'
ACTION SNIPPET 10000 6274 SNIPPET_RELEVANT b'724855'
ACTION DOC 10000 6294 EXAMINING_DOCUMENT b'724855'
ACTION SNIPPET 10000 6297 SNIPPET_RELEVANT b'1721495'
ACTION DOC 10000 6317 EXAMINING_DOCUMENT b'1721495'
ACTION SNIPPET 10000 6320 SEEN_PREVIOUSLY b'157557'
ACTION SNIPPET 10000 6323 SNIPPET_NOT_RELEVANT b'679980'
ACTION SNIPPET 10000 6326 SNIPPET_NOT_RELEVANT b'1510122'
ACTION SNIPPET 10000 6329 SNIPPET_NOT_RELEVANT b'448074'
ACTION SNIPPET 10000 6332 SNIPPET_NOT_RELEVANT b'1349415'
ACTION QUERY 10000 6342 mercy killing american
ACTION SERP 10000 6347 EXAMINE_SERP
ACTION SNIPPET 10000 6350 SEEN_PREVIOUSLY b'157557'
ACTION SNIPPET 10000 6353 SEEN_PREVIOUSLY b'789093'
ACTION SNIPPET 10000 6356 SNIPPET_RELEVANT b'15687'
ACTION DOC 10000 6376 EXAMINING_DOCUMENT b'15687'
ACTION SNIPPET 10000 6379 SEEN_PREVIOUSLY b'144396'
ACTION SNIPPET 10000 6382 SEEN_PREVIOUSLY b'473943'
ACTION SNIPPET 10000 6385 SEEN_PREVIOUSLY b'116927'
ACTION SNIPPET 10000 6388 SEEN_PREVIOUSLY b'1121204'
ACTION SNIPPET 10000 6391 SEEN_PREVIOUSLY b'1005479'
ACTION SNIPPET 10000 6394 SNIPPET_RELEVANT b'713365'
ACTION DOC 10000 6414 EXAMINING_DOCUMENT b'713365'
ACTION SNIPPET 10000 6417 SEEN_PREVIOUSLY b'35680'
ACTION QUERY 10000 6427 mercy killing truck
ACTION SERP 10000 6432 EXAMINE_SERP
ACTION SNIPPET 10000 6435 SNIPPET_RELEVANT b'851315'
ACTION DOC 10000 6455 EXAMINING_DOCUMENT b'851315'
ACTION SNIPPET 10000 6458 SEEN_PREVIOUSLY b'726977'
ACTION SNIPPET 10000 6461 SEEN_PREVIOUSLY b'977264'
ACTION SNIPPET 10000 6464 SNIPPET_RELEVANT b'1326341'
ACTION DOC 10000 6484 EXAMINING_DOCUMENT b'1326341'
ACTION SNIPPET 10000 6487 SEEN_PREVIOUSLY b'157557'
ACTION SNIPPET 10000 6490 SNIPPET_NOT_RELEVANT b'1044723'
ACTION SNIPPET 10000 6493 SEEN_PREVIOUSLY b'977063'
ACTION SNIPPET 10000 6496 SNIPPET_NOT_RELEVANT b'1481324'
ACTION SNIPPET 10000 6499 SEEN_PREVIOUSLY b'637960'
ACTION SNIPPET 10000 6502 SEEN_PREVIOUSLY b'1121204'
ACTION QUERY 10000 6512 mercy killing killings
ACTION SERP 10000 6517 EXAMINE_SERP
ACTION SNIPPET 10000 6520 SEEN_PREVIOUSLY b'157557'
ACTION SNIPPET 10000 6523 SEEN_PREVIOUSLY b'1121204'
ACTION SNIPPET 10000 6526 SEEN_PREVIOUSLY b'1005479'
ACTION SNIPPET 10000 6529 SEEN_PREVIOUSLY b'35680'
ACTION SNIPPET 10000 6532 SEEN_PREVIOUSLY b'435343'
ACTION SNIPPET 10000 6535 SEEN_PREVIOUSLY b'789093'
ACTION SNIPPET 10000 6538 SEEN_PREVIOUSLY b'1095445'
ACTION SNIPPET 10000 6541 SEEN_PREVIOUSLY b'115272'
ACTION SNIPPET 10000 6544 SEEN_PREVIOUSLY b'391873'
ACTION SNIPPET 10000 6547 SEEN_PREVIOUSLY b'391874'
ACTION QUERY 10000 6557 mercy killing court
ACTION SERP 10000 6562 EXAMINE_SERP
ACTION SNIPPET 10000 6565 SEEN_PREVIOUSLY b'391873'
ACTION SNIPPET 10000 6568 SEEN_PREVIOUSLY b'391874'
ACTION SNIPPET 10000 6571 SEEN_PREVIOUSLY b'606616'
ACTION SNIPPET 10000 6574 SEEN_PREVIOUSLY b'1064676'
ACTION SNIPPET 10000 6577 SEEN_PREVIOUSLY b'115272'
ACTION SNIPPET 10000 6580 SEEN_PREVIOUSLY b'1399268'
ACTION SNIPPET 10000 6583 SEEN_PREVIOUSLY b'435343'
ACTION SNIPPET 10000 6586 SEEN_PREVIOUSLY b'116927'
ACTION SNIPPET 10000 6589 SEEN_PREVIOUSLY b'612739'
ACTION SNIPPET 10000 6592 SEEN_PREVIOUSLY b'188508'
ACTION QUERY 10000 6602 mercy killing author
ACTION SERP 10000 6607 EXAMINE_SERP
ACTION SNIPPET 10000 6610 SEEN_PREVIOUSLY b'157557'
ACTION SNIPPET 10000 6613 SEEN_PREVIOUSLY b'1005479'
ACTION SNIPPET 10000 6616 SEEN_PREVIOUSLY b'789093'
ACTION SNIPPET 10000 6619 SEEN_PREVIOUSLY b'35680'
ACTION SNIPPET 10000 6622 SEEN_PREVIOUSLY b'115272'
ACTION SNIPPET 10000 6625 SEEN_PREVIOUSLY b'618917'
ACTION SNIPPET 10000 6628 SEEN_PREVIOUSLY b'592995'
ACTION SNIPPET 10000 6631 SEEN_PREVIOUSLY b'121481'
ACTION SNIPPET 10000 6634 SNIPPET_NOT_RELEVANT b'1324112'
ACTION SNIPPET 10000 6637 SNIPPET_RELEVANT b'200780'
ACTION DOC 10000 6657 EXAMINING_DOCUMENT b'200780'
ACTION QUERY 10000 6667 mercy killing start
ACTION SERP 10000 6672 EXAMINE_SERP
ACTION SNIPPET 10000 6675 SEEN_PREVIOUSLY b'35680'
ACTION SNIPPET 10000 6678 SEEN_PREVIOUSLY b'789093'
ACTION SNIPPET 10000 6681 SEEN_PREVIOUSLY b'157557'
ACTION SNIPPET 10000 6684 SEEN_PREVIOUSLY b'473943'
ACTION SNIPPET 10000 6687 SEEN_PREVIOUSLY b'1121204'
ACTION SNIPPET 10000 6690 SEEN_PREVIOUSLY b'1005479'
ACTION SNIPPET 10000 6693 SEEN_PREVIOUSLY b'144854'
ACTION SNIPPET 10000 6696 SEEN_PREVIOUSLY b'391873'
ACTION SNIPPET 10000 6699 SEEN_PREVIOUSLY b'391874'
ACTION SNIPPET 10000 6702 SEEN_PREVIOUSLY b'723837'
ACTION QUERY 10000 6712 mercy killing tube
ACTION SERP 10000 6717 EXAMINE_SERP
ACTION SNIPPET 10000 6720 SEEN_PREVIOUSLY b'1689452'
ACTION SNIPPET 10000 6723 SEEN_PREVIOUSLY b'789093'
ACTION SNIPPET 10000 6726 SEEN_PREVIOUSLY b'977063'
ACTION SNIPPET 10000 6729 SEEN_PREVIOUSLY b'245490'
ACTION SNIPPET 10000 6732 SEEN_PREVIOUSLY b'1375481'
ACTION SNIPPET 10000 6735 SEEN_PREVIOUSLY b'1050857'
ACTION SNIPPET 10000 6738 SNIPPET_NOT_RELEVANT b'1659035'
ACTION SNIPPET 10000 6741 SNIPPET_RELEVANT b'89119'
ACTION DOC 10000 6761 EXAMINING_DOCUMENT b'89119'
ACTION SNIPPET 10000 6764 SNIPPET_RELEVANT b'900160'
ACTION DOC 10000 6784 EXAMINING_DOCUMENT b'900160'
ACTION SNIPPET 10000 6787 SEEN_PREVIOUSLY b'157557'
ACTION QUERY 10000 6797 mercy killing dad
ACTION SERP 10000 6802 EXAMINE_SERP
ACTION SNIPPET 10000 6805 SNIPPET_RELEVANT b'54547'
ACTION DOC 10000 6825 EXAMINING_DOCUMENT b'54547'
ACTION SNIPPET 10000 6828 SNIPPET_RELEVANT b'1853287'
ACTION DOC 10000 6848 EXAMINING_DOCUMENT b'1853287'
ACTION SNIPPET 10000 6851 SNIPPET_RELEVANT b'570474'
ACTION DOC 10000 6871 EXAMINING_DOCUMENT b'570474'
ACTION SNIPPET 10000 6874 SEEN_PREVIOUSLY b'157557'
ACTION SNIPPET 10000 6877 SNIPPET_NOT_RELEVANT b'476715'
ACTION SNIPPET 10000 6880 SNIPPET_NOT_RELEVANT b'435659'
ACTION SNIPPET 10000 6883 SNIPPET_RELEVANT b'1287976'
ACTION DOC 10000 6903 EXAMINING_DOCUMENT b'1287976'
ACTION SNIPPET 10000 6906 SNIPPET_NOT_RELEVANT b'1113887'
ACTION SNIPPET 10000 6909 SEEN_PREVIOUSLY b'1121204'
ACTION SNIPPET 10000 6912 SEEN_PREVIOUSLY b'1005479'
ACTION QUERY 10000 6922 mercy killing kevorkian
ACTION SERP 10000 6927 EXAMINE_SERP
ACTION SNIPPET 10000 6930 SEEN_PREVIOUSLY b'1095445'
ACTION SNIPPET 10000 6933 SEEN_PREVIOUSLY b'1100378'
ACTION SNIPPET 10000 6936 SEEN_PREVIOUSLY b'1094822'
ACTION SNIPPET 10000 6939 SEEN_PREVIOUSLY b'1095035'
ACTION SNIPPET 10000 6942 SNIPPET_RELEVANT b'1094624'
ACTION DOC 10000 6962 EXAMINING_DOCUMENT b'1094624'
ACTION MARK 10000 6965 CONSIDERED_RELEVANT b'1094624'
ACTION SNIPPET 10000 6968 SNIPPET_RELEVANT b'813502'
ACTION DOC 10000 6988 EXAMINING_DOCUMENT b'813502'
ACTION MARK 10000 6991 CONSIDERED_RELEVANT b'813502'
ACTION SNIPPET 10000 6994 SNIPPET_RELEVANT b'771474'
ACTION DOC 10000 7014 EXAMINING_DOCUMENT b'771474'
ACTION MARK 10000 7017 CONSIDERED_RELEVANT b'771474'
ACTION SNIPPET 10000 7020 SNIPPET_NOT_RELEVANT b'1093776'
ACTION SNIPPET 10000 7023 SNIPPET_RELEVANT b'1065150'
ACTION DOC 10000 7043 EXAMINING_DOCUMENT b'1065150'
ACTION MARK 10000 7046 CONSIDERED_RELEVANT b'1065150'
ACTION SNIPPET 10000 7049 SNIPPET_RELEVANT b'1064727'
ACTION DOC 10000 7069 EXAMINING_DOCUMENT b'1064727'
ACTION MARK 10000 7072 CONSIDERED_RELEVANT b'1064727'
ACTION QUERY 10000 7082 mercy killing kervick
ACTION SERP 10000 7087 EXAMINE_SERP
ACTION SNIPPET 10000 7090 SNIPPET_NOT_RELEVANT b'1610764'
ACTION SNIPPET 10000 7093 SNIPPET_NOT_RELEVANT b'1607365'
ACTION SNIPPET 10000 7096 SEEN_PREVIOUSLY b'157557'
ACTION SNIPPET 10000 7099 SEEN_PREVIOUSLY b'1121204'
ACTION SNIPPET 10000 7102 SEEN_PREVIOUSLY b'1005479'
ACTION SNIPPET 10000 7105 SEEN_PREVIOUSLY b'789093'
ACTION SNIPPET 10000 7108 SEEN_PREVIOUSLY b'35680'
ACTION SNIPPET 10000 7111 SEEN_PREVIOUSLY b'473943'
ACTION SNIPPET 10000 7114 SEEN_PREVIOUSLY b'391873'
ACTION SNIPPET 10000 7117 SEEN_PREVIOUSLY b'391874'
ACTION QUERY 10000 7127 mercy killing supported
ACTION SERP 10000 7132 EXAMINE_SERP
ACTION SNIPPET 10000 7135 SEEN_PREVIOUSLY b'115272'
ACTION SNIPPET 10000 7138 SEEN_PREVIOUSLY b'789093'
ACTION SNIPPET 10000 7141 SEEN_PREVIOUSLY b'435343'
ACTION SNIPPET 10000 7144 SEEN_PREVIOUSLY b'1426355'
ACTION SNIPPET 10000 7147 SEEN_PREVIOUSLY b'157557'
ACTION SNIPPET 10000 7150 SEEN_PREVIOUSLY b'2447'
ACTION SNIPPET 10000 7153 SEEN_PREVIOUSLY b'2447'
ACTION SNIPPET 10000 7156 SEEN_PREVIOUSLY b'713365'
ACTION SNIPPET 10000 7159 SEEN_PREVIOUSLY b'1121204'
ACTION SNIPPET 10000 7162 SEEN_PREVIOUSLY b'1005479'
ACTION QUERY 10000 7172 mercy killing identity
ACTION SERP 10000 7177 EXAMINE_SERP
ACTION SNIPPET 10000 7180 SEEN_PREVIOUSLY b'157557'
ACTION SNIPPET 10000 7183 SEEN_PREVIOUSLY b'116927'
ACTION SNIPPET 10000 7186 SNIPPET_NOT_RELEVANT b'117169'
ACTION SNIPPET 10000 7189 SEEN_PREVIOUSLY b'618917'
ACTION SNIPPET 10000 7192 SEEN_PREVIOUSLY b'592995'
ACTION SNIPPET 10000 7195 SNIPPET_NOT_RELEVANT b'193190'
ACTION SNIPPET 10000 7198 SNIPPET_NOT_RELEVANT b'757597'
ACTION SNIPPET 10000 7201 SEEN_PREVIOUSLY b'121481'
ACTION SNIPPET 10000 7204 SNIPPET_RELEVANT b'128833'
ACTION DOC 10000 7224 EXAMINING_DOCUMENT b'128833'
ACTION SNIPPET 10000 7227 SNIPPET_NOT_RELEVANT b'426003'
ACTION QUERY 10000 7237 mercy killing allowing
ACTION SERP 10000 7242 EXAMINE_SERP
ACTION SNIPPET 10000 7245 SEEN_PREVIOUSLY b'1095445'
ACTION SNIPPET 10000 7248 SEEN_PREVIOUSLY b'157557'
ACTION SNIPPET 10000 7251 SEEN_PREVIOUSLY b'851315'
ACTION SNIPPET 10000 7254 SEEN_PREVIOUSLY b'1399268'
ACTION SNIPPET 10000 7257 SEEN_PREVIOUSLY b'1121204'
ACTION SNIPPET 10000 7260 SEEN_PREVIOUSLY b'1005479'
ACTION SNIPPET 10000 7263 SEEN_PREVIOUSLY b'128834'
ACTION SNIPPET 10000 7266 SEEN_PREVIOUSLY b'789093'
ACTION SNIPPET 10000 7269 SEEN_PREVIOUSLY b'612739'
ACTION SNIPPET 10000 7272 SEEN_PREVIOUSLY b'35680'
ACTION QUERY 10000 7282 mercy killing passed
ACTION SERP 10000 7287 EXAMINE_SERP
ACTION SNIPPET 10000 7290 SEEN_PREVIOUSLY b'391873'
ACTION SNIPPET 10000 7293 SEEN_PREVIOUSLY b'391874'
ACTION SNIPPET 10000 7296 SEEN_PREVIOUSLY b'157557'
ACTION SNIPPET 10000 7299 SNIPPET_NOT_RELEVANT b'1324112'
ACTION SNIPPET 10000 7302 SEEN_PREVIOUSLY b'1121204'
ACTION SNIPPET 10000 7305 SEEN_PREVIOUSLY b'1005479'
ACTION SNIPPET 10000 7308 SEEN_PREVIOUSLY b'1095072'
ACTION SNIPPET 10000 7311 SEEN_PREVIOUSLY b'789093'
ACTION SNIPPET 10000 7314 SNIPPET_NOT_RELEVANT b'1563274'
ACTION SNIPPET 10000 7317 SNIPPET_NOT_RELEVANT b'1681870'
ACTION QUERY 10000 7327 mercy killing brooklyn
ACTION SERP 10000 7332 EXAMINE_SERP
ACTION SNIPPET 10000 7335 SEEN_PREVIOUSLY b'1121204'
ACTION SNIPPET 10000 7338 SEEN_PREVIOUSLY b'1091079'
ACTION SNIPPET 10000 7341 SEEN_PREVIOUSLY b'615784'
ACTION SNIPPET 10000 7344 SEEN_PREVIOUSLY b'1822541'
ACTION SNIPPET 10000 7347 SNIPPET_RELEVANT b'1633140'
ACTION DOC 10000 7367 EXAMINING_DOCUMENT b'1633140'
ACTION SNIPPET 10000 7370 SNIPPET_NOT_RELEVANT b'689643'
ACTION SNIPPET 10000 7373 SEEN_PREVIOUSLY b'157557'
ACTION SNIPPET 10000 7376 SEEN_PREVIOUSLY b'1020546'
ACTION SNIPPET 10000 7379 SNIPPET_RELEVANT b'1121200'
ACTION DOC 10000 7399 EXAMINING_DOCUMENT b'1121200'
ACTION MARK 10000 7402 CONSIDERED_RELEVANT b'1121200'
ACTION SNIPPET 10000 7405 SNIPPET_NOT_RELEVANT b'202512'
ACTION QUERY 10000 7415 mercy killing dantonio
ACTION SERP 10000 7420 EXAMINE_SERP
ACTION SNIPPET 10000 7423 SNIPPET_RELEVANT b'1807723'
ACTION DOC 10000 7443 EXAMINING_DOCUMENT b'1807723'
ACTION SNIPPET 10000 7446 SNIPPET_RELEVANT b'1807965'
ACTION DOC 10000 7466 EXAMINING_DOCUMENT b'1807965'
ACTION SNIPPET 10000 7469 SEEN_PREVIOUSLY b'157557'
ACTION SNIPPET 10000 7472 SEEN_PREVIOUSLY b'1121204'
ACTION SNIPPET 10000 7475 SEEN_PREVIOUSLY b'1005479'
ACTION SNIPPET 10000 7478 SEEN_PREVIOUSLY b'789093'
ACTION SNIPPET 10000 7481 SEEN_PREVIOUSLY b'35680'
ACTION SNIPPET 10000 7484 SEEN_PREVIOUSLY b'473943'
ACTION SNIPPET 10000 7487 SEEN_PREVIOUSLY b'391873'
ACTION SNIPPET 10000 7490 SEEN_PREVIOUSLY b'391874'
ACTION QUERY 10000 7500 mercy killing krank
ACTION SERP 10000 7505 EXAMINE_SERP
ACTION SNIPPET 10000 7508 SNIPPET_NOT_RELEVANT b'1353531'
ACTION SNIPPET 10000 7511 SNIPPET_NOT_RELEVANT b'1629607'
ACTION SNIPPET 10000 7514 SNIPPET_RELEVANT b'1634724'
ACTION DOC 10000 7534 EXAMINING_DOCUMENT b'1634724'
ACTION SNIPPET 10000 7537 SNIPPET_RELEVANT b'816102'
ACTION DOC 10000 7557 EXAMINING_DOCUMENT b'816102'
ACTION SNIPPET 10000 7560 SNIPPET_NOT_RELEVANT b'1715290'
ACTION SNIPPET 10000 7563 SNIPPET_RELEVANT b'1634993'
ACTION DOC 10000 7583 EXAMINING_DOCUMENT b'1634993'
ACTION SNIPPET 10000 7586 SNIPPET_RELEVANT b'1558404'
ACTION DOC 10000 7606 EXAMINING_DOCUMENT b'1558404'
ACTION SNIPPET 10000 7609 SNIPPET_NOT_RELEVANT b'1672489'
ACTION SNIPPET 10000 7612 SNIPPET_NOT_RELEVANT b'1630771'
ACTION SNIPPET 10000 7615 SNIPPET_NOT_RELEVANT b'188041'
ACTION QUERY 10000 7625 mercy killing dose
ACTION SERP 10000 7630 EXAMINE_SERP
ACTION SNIPPET 10000 7633 SEEN_PREVIOUSLY b'157557'
ACTION SNIPPET 10000 7636 SEEN_PREVIOUSLY b'116927'
ACTION SNIPPET 10000 7639 SEEN_PREVIOUSLY b'618917'
ACTION SNIPPET 10000 7642 SNIPPET_NOT_RELEVANT b'117169'
ACTION SNIPPET 10000 7645 SEEN_PREVIOUSLY b'115272'
ACTION SNIPPET 10000 7648 SEEN_PREVIOUSLY b'1777271'
ACTION SNIPPET 10000 7651 SEEN_PREVIOUSLY b'128834'
ACTION SNIPPET 10000 7654 SNIPPET_NOT_RELEVANT b'209374'
ACTION SNIPPET 10000 7657 SEEN_PREVIOUSLY b'472960'
ACTION SNIPPET 10000 7660 SEEN_PREVIOUSLY b'114968'
ACTION QUERY 10000 7670 mercy killing latimer
ACTION SERP 10000 7675 EXAMINE_SERP
ACTION SNIPPET 10000 7678 SEEN_PREVIOUSLY b'977063'
ACTION SNIPPET 10000 7681 SEEN_PREVIOUSLY b'1064676'
ACTION SNIPPET 10000 7684 SEEN_PREVIOUSLY b'977264'
ACTION SNIPPET 10000 7687 SEEN_PREVIOUSLY b'726977'
ACTION SNIPPET 10000 7690 SEEN_PREVIOUSLY b'618917'
ACTION SNIPPET 10000 7693 SNIPPET_NOT_RELEVANT b'1296427'
ACTION SNIPPET 10000 7696 SNIPPET_RELEVANT b'312865'
ACTION DOC 10000 7716 EXAMINING_DOCUMENT b'312865'
ACTION SNIPPET 10000 7719 SNIPPET_NOT_RELEVANT b'1130695'
ACTION SNIPPET 10000 7722 SNIPPET_RELEVANT b'444319'
ACTION DOC 10000 7742 EXAMINING_DOCUMENT b'444319'
ACTION SNIPPET 10000 7745 SNIPPET_NOT_RELEVANT b'168383'
ACTION QUERY 10000 7755 mercy killing located
ACTION SERP 10000 7760 EXAMINE_SERP
ACTION SNIPPET 10000 7763 SEEN_PREVIOUSLY b'1689454'
ACTION SNIPPET 10000 7766 SNIPPET_NOT_RELEVANT b'1491865'
ACTION SNIPPET 10000 7769 SEEN_PREVIOUSLY b'157557'
ACTION SNIPPET 10000 7772 SEEN_PREVIOUSLY b'1121204'
ACTION SNIPPET 10000 7775 SEEN_PREVIOUSLY b'1005479'
ACTION SNIPPET 10000 7778 SEEN_PREVIOUSLY b'789093'
ACTION SNIPPET 10000 7781 SEEN_PREVIOUSLY b'35680'
ACTION SNIPPET 10000 7784 SEEN_PREVIOUSLY b'1293001'
ACTION SNIPPET 10000 7787 SEEN_PREVIOUSLY b'473943'
ACTION SNIPPET 10000 7790 SEEN_PREVIOUSLY b'391873'
ACTION QUERY 10000 7800 mercy killing system
ACTION SERP 10000 7805 EXAMINE_SERP
ACTION SNIPPET 10000 7808 SEEN_PREVIOUSLY b'789093'
ACTION SNIPPET 10000 7811 SEEN_PREVIOUSLY b'35680'
ACTION SNIPPET 10000 7814 SEEN_PREVIOUSLY b'157557'
ACTION SNIPPET 10000 7817 SEEN_PREVIOUSLY b'473943'
ACTION SNIPPET 10000 7820 SEEN_PREVIOUSLY b'978258'
ACTION SNIPPET 10000 7823 SEEN_PREVIOUSLY b'245126'
ACTION SNIPPET 10000 7826 SNIPPET_RELEVANT b'912751'
ACTION DOC 10000 7846 EXAMINING_DOCUMENT b'912751'
ACTION SNIPPET 10000 7849 SEEN_PREVIOUSLY b'1060056'
ACTION SNIPPET 10000 7852 SNIPPET_RELEVANT b'1030217'
ACTION DOC 10000 7872 EXAMINING_DOCUMENT b'1030217'
ACTION SNIPPET 10000 7875 SEEN_PREVIOUSLY b'1097654'
ACTION QUERY 10000 7885 mercy killing medicine
ACTION SERP 10000 7890 EXAMINE_SERP
ACTION SNIPPET 10000 7893 SEEN_PREVIOUSLY b'1210771'
ACTION SNIPPET 10000 7896 SEEN_PREVIOUSLY b'157557'
ACTION SNIPPET 10000 7899 SEEN_PREVIOUSLY b'121481'
ACTION SNIPPET 10000 7902 SNIPPET_NOT_RELEVANT b'944889'
ACTION SNIPPET 10000 7905 SNIPPET_NOT_RELEVANT b'882850'
ACTION SNIPPET 10000 7908 SEEN_PREVIOUSLY b'1777271'
ACTION SNIPPET 10000 7911 SEEN_PREVIOUSLY b'128834'
ACTION SNIPPET 10000 7914 SEEN_PREVIOUSLY b'14913'
ACTION SNIPPET 10000 7917 SEEN_PREVIOUSLY b'592995'
ACTION SNIPPET 10000 7920 SNIPPET_NOT_RELEVANT b'1812905'
ACTION QUERY 10000 7930 mercy killing coons
ACTION SERP 10000 7935 EXAMINE_SERP
ACTION SNIPPET 10000 7938 SEEN_PREVIOUSLY b'245490'
ACTION SNIPPET 10000 7941 SNIPPET_RELEVANT b'1086281'
ACTION DOC 10000 7961 EXAMINING_DOCUMENT b'1086281'
ACTION SNIPPET 10000 7964 SNIPPET_RELEVANT b'1092420'
ACTION DOC 10000 7984 EXAMINING_DOCUMENT b'1092420'
ACTION SNIPPET 10000 7987 SNIPPET_NOT_RELEVANT b'1162761'
ACTION SNIPPET 10000 7990 SNIPPET_NOT_RELEVANT b'553168'
ACTION SNIPPET 10000 7993 SNIPPET_NOT_RELEVANT b'1624681'
ACTION SNIPPET 10000 7996 SNIPPET_RELEVANT b'1624427'
ACTION DOC 10000 8016 EXAMINING_DOCUMENT b'1624427'
ACTION SNIPPET 10000 8019 SNIPPET_NOT_RELEVANT b'1278536'
ACTION SNIPPET 10000 8022 SNIPPET_NOT_RELEVANT b'1279001'
ACTION SNIPPET 10000 8025 SNIPPET_RELEVANT b'1608472'
ACTION DOC 10000 8045 EXAMINING_DOCUMENT b'1608472'
ACTION QUERY 10000 8055 mercy killing california
ACTION SERP 10000 8060 EXAMINE_SERP
ACTION SNIPPET 10000 8063 SEEN_PREVIOUSLY b'1289200'
ACTION SNIPPET 10000 8066 SEEN_PREVIOUSLY b'300177'
ACTION SNIPPET 10000 8069 SNIPPET_NOT_RELEVANT b'1721729'
ACTION SNIPPET 10000 8072 SNIPPET_RELEVANT b'99157'
ACTION DOC 10000 8092 EXAMINING_DOCUMENT b'99157'
ACTION SNIPPET 10000 8095 SNIPPET_NOT_RELEVANT b'372535'
ACTION SNIPPET 10000 8098 SNIPPET_RELEVANT b'242011'
ACTION DOC 10000 8118 EXAMINING_DOCUMENT b'242011'
ACTION SNIPPET 10000 8121 SEEN_PREVIOUSLY b'157557'
ACTION SNIPPET 10000 8124 SNIPPET_RELEVANT b'1082555'
ACTION DOC 10000 8144 EXAMINING_DOCUMENT b'1082555'
ACTION SNIPPET 10000 8147 SNIPPET_RELEVANT b'298920'
ACTION DOC 10000 8167 EXAMINING_DOCUMENT b'298920'
ACTION SNIPPET 10000 8170 SNIPPET_RELEVANT b'1106349'
ACTION DOC 10000 8190 EXAMINING_DOCUMENT b'1106349'
ACTION QUERY 10000 8200 mercy killing impact
ACTION SERP 10000 8205 EXAMINE_SERP
ACTION SNIPPET 10000 8208 SEEN_PREVIOUSLY b'912625'
ACTION SNIPPET 10000 8211 SEEN_PREVIOUSLY b'592995'
ACTION SNIPPET 10000 8214 SEEN_PREVIOUSLY b'157557'
ACTION SNIPPET 10000 8217 SEEN_PREVIOUSLY b'1121204'
ACTION SNIPPET 10000 8220 SEEN_PREVIOUSLY b'1005479'
ACTION SNIPPET 10000 8223 SEEN_PREVIOUSLY b'789093'
ACTION SNIPPET 10000 8226 SEEN_PREVIOUSLY b'35680'
ACTION SNIPPET 10000 8229 SEEN_PREVIOUSLY b'1095035'
ACTION SNIPPET 10000 8232 SNIPPET_RELEVANT b'276981'
ACTION DOC 10000 8252 EXAMINING_DOCUMENT b'276981'
ACTION SNIPPET 10000 8255 SNIPPET_RELEVANT b'576538'
ACTION DOC 10000 8275 EXAMINING_DOCUMENT b'576538'
ACTION QUERY 10000 8285 mercy killing lethal
ACTION SERP 10000 8290 EXAMINE_SERP
ACTION SNIPPET 10000 8293 SEEN_PREVIOUSLY b'1210771'
ACTION SNIPPET 10000 8296 SEEN_PREVIOUSLY b'157557'
ACTION SNIPPET 10000 8299 SEEN_PREVIOUSLY b'116927'
ACTION SNIPPET 10000 8302 SNIPPET_NOT_RELEVANT b'117169'
ACTION SNIPPET 10000 8305 SEEN_PREVIOUSLY b'1822541'
ACTION SNIPPET 10000 8308 SEEN_PREVIOUSLY b'618917'
ACTION SNIPPET 10000 8311 SEEN_PREVIOUSLY b'1095445'
ACTION SNIPPET 10000 8314 SEEN_PREVIOUSLY b'115272'
ACTION SNIPPET 10000 8317 SNIPPET_RELEVANT b'1543675'
ACTION DOC 10000 8337 EXAMINING_DOCUMENT b'1543675'
ACTION MARK 10000 8340 CONSIDERED_RELEVANT b'1543675'
ACTION SNIPPET 10000 8343 SNIPPET_RELEVANT b'1543763'
ACTION DOC 10000 8363 EXAMINING_DOCUMENT b'1543763'
ACTION MARK 10000 8366 CONSIDERED_RELEVANT b'1543763'
ACTION QUERY 10000 8376 mercy killing dismissed
ACTION SERP 10000 8381 EXAMINE_SERP
ACTION SNIPPET 10000 8384 SNIPPET_NOT_RELEVANT b'1722895'
ACTION SNIPPET 10000 8387 SNIPPET_RELEVANT b'114273'
ACTION DOC 10000 8407 EXAMINING_DOCUMENT b'114273'
ACTION SNIPPET 10000 8410 SEEN_PREVIOUSLY b'260023'
ACTION SNIPPET 10000 8413 SEEN_PREVIOUSLY b'695579'
ACTION SNIPPET 10000 8416 SEEN_PREVIOUSLY b'157557'
ACTION SNIPPET 10000 8419 SEEN_PREVIOUSLY b'1543675'
ACTION SNIPPET 10000 8422 SEEN_PREVIOUSLY b'1543763'
ACTION SNIPPET 10000 8425 SEEN_PREVIOUSLY b'298920'
ACTION SNIPPET 10000 8428 SEEN_PREVIOUSLY b'1005917'
ACTION SNIPPET 10000 8431 SEEN_PREVIOUSLY b'1121204'
ACTION QUERY 10000 8441 mercy killing drugs
ACTION SERP 10000 8446 EXAMINE_SERP
ACTION SNIPPET 10000 8449 SEEN_PREVIOUSLY b'723837'
ACTION SNIPPET 10000 8452 SEEN_PREVIOUSLY b'1095445'
ACTION SNIPPET 10000 8455 SEEN_PREVIOUSLY b'1210771'
ACTION SNIPPET 10000 8458 SEEN_PREVIOUSLY b'1777271'
ACTION SNIPPET 10000 8461 SNIPPET_NOT_RELEVANT b'202512'
ACTION SNIPPET 10000 8464 SEEN_PREVIOUSLY b'144396'
ACTION SNIPPET 10000 8467 SEEN_PREVIOUSLY b'15687'
ACTION SNIPPET 10000 8470 SNIPPET_NOT_RELEVANT b'227357'
ACTION SNIPPET 10000 8473 SEEN_PREVIOUSLY b'1005917'
ACTION SNIPPET 10000 8476 SEEN_PREVIOUSLY b'157557'
ACTION QUERY 10000 8486 mercy killing urging
ACTION SERP 10000 8491 EXAMINE_SERP
ACTION SNIPPET 10000 8494 SEEN_PREVIOUSLY b'431779'
ACTION SNIPPET 10000 8497 SEEN_PREVIOUSLY b'1689454'
ACTION SNIPPET 10000 8500 SEEN_PREVIOUSLY b'260023'
ACTION SNIPPET 10000 8503 SEEN_PREVIOUSLY b'1091079'
ACTION SNIPPET 10000 8506 SEEN_PREVIOUSLY b'114273'
ACTION SNIPPET 10000 8509 SEEN_PREVIOUSLY b'14913'
ACTION SNIPPET 10000 8512 SEEN_PREVIOUSLY b'157557'
ACTION SNIPPET 10000 8515 SEEN_PREVIOUSLY b'1550712'
ACTION SNIPPET 10000 8518 SNIPPET_NOT_RELEVANT b'426049'
ACTION SNIPPET 10000 8521 SNIPPET_RELEVANT b'1599539'
ACTION DOC 10000 8541 EXAMINING_DOCUMENT b'1599539'
ACTION QUERY 10000 8551 mercy killing popes
ACTION SERP 10000 8556 EXAMINE_SERP
ACTION SNIPPET 10000 8559 SEEN_PREVIOUSLY b'35680'
ACTION SNIPPET 10000 8562 SNIPPET_RELEVANT b'1662328'
ACTION DOC 10000 8582 EXAMINING_DOCUMENT b'1662328'
ACTION SNIPPET 10000 8585 SEEN_PREVIOUSLY b'74746'
ACTION SNIPPET 10000 8588 SEEN_PREVIOUSLY b'1267822'
ACTION SNIPPET 10000 8591 SEEN_PREVIOUSLY b'37143'
ACTION SNIPPET 10000 8594 SEEN_PREVIOUSLY b'1081129'
ACTION SNIPPET 10000 8597 SNIPPET_NOT_RELEVANT b'1499243'
ACTION SNIPPET 10000 8600 SEEN_PREVIOUSLY b'1416923'
ACTION SNIPPET 10000 8603 SNIPPET_RELEVANT b'74677'
ACTION DOC 10000 8623 EXAMINING_DOCUMENT b'74677'
ACTION SNIPPET 10000 8626 SEEN_PREVIOUSLY b'1412428'
ACTION QUERY 10000 8636 mercy killing end
ACTION SERP 10000 8641 EXAMINE_SERP
ACTION SNIPPET 10000 8644 SEEN_PREVIOUSLY b'157557'
ACTION SNIPPET 10000 8647 SEEN_PREVIOUSLY b'723837'
ACTION SNIPPET 10000 8650 SEEN_PREVIOUSLY b'473943'
ACTION SNIPPET 10000 8653 SEEN_PREVIOUSLY b'1426355'
ACTION SNIPPET 10000 8656 SEEN_PREVIOUSLY b'115272'
ACTION SNIPPET 10000 8659 SEEN_PREVIOUSLY b'431779'
ACTION SNIPPET 10000 8662 SEEN_PREVIOUSLY b'1546637'
ACTION SNIPPET 10000 8665 SEEN_PREVIOUSLY b'1121204'
ACTION SNIPPET 10000 8668 SEEN_PREVIOUSLY b'1633442'
ACTION SNIPPET 10000 8671 SEEN_PREVIOUSLY b'1005479'
ACTION QUERY 10000 8681 mercy killing facility
ACTION SERP 10000 8686 EXAMINE_SERP
ACTION SNIPPET 10000 8689 SEEN_PREVIOUSLY b'2447'
ACTION SNIPPET 10000 8692 SEEN_PREVIOUSLY b'2447'
ACTION SNIPPET 10000 8695 SNIPPET_NOT_RELEVANT b'68992'
ACTION SNIPPET 10000 8698 SEEN_PREVIOUSLY b'1633140'
ACTION SNIPPET 10000 8701 SEEN_PREVIOUSLY b'157557'
ACTION SNIPPET 10000 8704 SNIPPET_NOT_RELEVANT b'1383926'
ACTION SNIPPET 10000 8707 SEEN_PREVIOUSLY b'1121204'
ACTION SNIPPET 10000 8710 SEEN_PREVIOUSLY b'1005479'
ACTION SNIPPET 10000 8713 SEEN_PREVIOUSLY b'789093'
ACTION SNIPPET 10000 8716 SNIPPET_RELEVANT b'759479'
ACTION DOC 10000 8736 EXAMINING_DOCUMENT b'759479'
ACTION QUERY 10000 8746 mercy killing florida
ACTION SERP 10000 8751 EXAMINE_SERP
ACTION SNIPPET 10000 8754 SEEN_PREVIOUSLY b'373185'
ACTION SNIPPET 10000 8757 SEEN_PREVIOUSLY b'2447'
ACTION SNIPPET 10000 8760 SEEN_PREVIOUSLY b'2447'
ACTION SNIPPET 10000 8763 SEEN_PREVIOUSLY b'1513937'
ACTION SNIPPET 10000 8766 SNIPPET_NOT_RELEVANT b'1032258'
ACTION SNIPPET 10000 8769 SNIPPET_RELEVANT b'1459974'
ACTION DOC 10000 8789 EXAMINING_DOCUMENT b'1459974'
ACTION SNIPPET 10000 8792 SEEN_PREVIOUSLY b'157557'
ACTION SNIPPET 10000 8795 SEEN_PREVIOUSLY b'688595'
ACTION SNIPPET 10000 8798 SEEN_PREVIOUSLY b'1443488'
ACTION SNIPPET 10000 8801 SEEN_PREVIOUSLY b'203216'
ACTION QUERY 10000 8811 mercy killing adam
ACTION SERP 10000 8816 EXAMINE_SERP
ACTION SNIPPET 10000 8819 SEEN_PREVIOUSLY b'1546637'
ACTION SNIPPET 10000 8822 SNIPPET_RELEVANT b'332930'
ACTION DOC 10000 8842 EXAMINING_DOCUMENT b'332930'
ACTION SNIPPET 10000 8845 SNIPPET_RELEVANT b'1368311'
ACTION DOC 10000 8865 EXAMINING_DOCUMENT b'1368311'
ACTION SNIPPET 10000 8868 SNIPPET_RELEVANT b'54391'
ACTION DOC 10000 8888 EXAMINING_DOCUMENT b'54391'
ACTION SNIPPET 10000 8891 SNIPPET_RELEVANT b'992198'
ACTION DOC 10000 8911 EXAMINING_DOCUMENT b'992198'
ACTION SNIPPET 10000 8914 SNIPPET_RELEVANT b'410965'
ACTION DOC 10000 8934 EXAMINING_DOCUMENT b'410965'
ACTION SNIPPET 10000 8937 SEEN_PREVIOUSLY b'157557'
ACTION SNIPPET 10000 8940 SNIPPET_NOT_RELEVANT b'839907'
ACTION SNIPPET 10000 8943 SNIPPET_NOT_RELEVANT b'301840'
ACTION SNIPPET 10000 8946 SNIPPET_RELEVANT b'496801'
ACTION DOC 10000 8966 EXAMINING_DOCUMENT b'496801'
ACTION QUERY 10000 8976 mercy killing term
ACTION SERP 10000 8981 EXAMINE_SERP
ACTION SNIPPET 10000 8984 SEEN_PREVIOUSLY b'157557'
ACTION SNIPPET 10000 8987 SEEN_PREVIOUSLY b'144396'
ACTION SNIPPET 10000 8990 SEEN_PREVIOUSLY b'606616'
ACTION SNIPPET 10000 8993 SEEN_PREVIOUSLY b'473943'
ACTION SNIPPET 10000 8996 SEEN_PREVIOUSLY b'373185'
ACTION SNIPPET 10000 8999 SNIPPET_NOT_RELEVANT b'606698'
ACTION SNIPPET 10000 9002 SEEN_PREVIOUSLY b'1822541'
ACTION SNIPPET 10000 9005 SNIPPET_RELEVANT b'301840'
ACTION DOC 10000 9025 EXAMINING_DOCUMENT b'301840'
ACTION SNIPPET 10000 9028 SEEN_PREVIOUSLY b'1121204'
ACTION SNIPPET 10000 9031 SEEN_PREVIOUSLY b'1005479'
ACTION QUERY 10000 9041 mercy killing helping
ACTION SERP 10000 9046 EXAMINE_SERP
ACTION SNIPPET 10000 9049 SEEN_PREVIOUSLY b'789093'
ACTION SNIPPET 10000 9052 SEEN_PREVIOUSLY b'391873'
ACTION SNIPPET 10000 9055 SEEN_PREVIOUSLY b'391874'
ACTION SNIPPET 10000 9058 SEEN_PREVIOUSLY b'157557'
ACTION SNIPPET 10000 9061 SEEN_PREVIOUSLY b'373185'
ACTION SNIPPET 10000 9064 SEEN_PREVIOUSLY b'1121204'
ACTION SNIPPET 10000 9067 SEEN_PREVIOUSLY b'1005479'
ACTION SNIPPET 10000 9070 SNIPPET_NOT_RELEVANT b'582628'
ACTION SNIPPET 10000 9073 SEEN_PREVIOUSLY b'1640983'
ACTION SNIPPET 10000 9076 SEEN_PREVIOUSLY b'2447'
ACTION QUERY 10000 9086 mercy killing report
ACTION SERP 10000 9091 EXAMINE_SERP
ACTION SNIPPET 10000 9094 SEEN_PREVIOUSLY b'1121204'
ACTION SNIPPET 10000 9097 SEEN_PREVIOUSLY b'157557'
ACTION SNIPPET 10000 9100 SEEN_PREVIOUSLY b'115272'
ACTION SNIPPET 10000 9103 SEEN_PREVIOUSLY b'15687'
ACTION SNIPPET 10000 9106 SEEN_PREVIOUSLY b'373185'
ACTION SNIPPET 10000 9109 SEEN_PREVIOUSLY b'260023'
ACTION SNIPPET 10000 9112 SEEN_PREVIOUSLY b'1005479'
ACTION SNIPPET 10000 9115 SEEN_PREVIOUSLY b'188508'
ACTION SNIPPET 10000 9118 SEEN_PREVIOUSLY b'618917'
ACTION SNIPPET 10000 9121 SEEN_PREVIOUSLY b'789093'
ACTION QUERY 10000 9131 mercy killing 1989
ACTION SERP 10000 9136 EXAMINE_SERP
ACTION SNIPPET 10000 9139 SEEN_PREVIOUSLY b'1005479'
ACTION SNIPPET 10000 9142 SEEN_PREVIOUSLY b'431779'
ACTION SNIPPET 10000 9145 SNIPPET_RELEVANT b'466914'
ACTION DOC 10000 9165 EXAMINING_DOCUMENT b'466914'
ACTION SNIPPET 10000 9168 SEEN_PREVIOUSLY b'157557'
ACTION SNIPPET 10000 9171 SEEN_PREVIOUSLY b'612739'
ACTION SNIPPET 10000 9174 SNIPPET_NOT_RELEVANT b'261612'
ACTION SNIPPET 10000 9177 SNIPPET_NOT_RELEVANT b'245850'
ACTION SNIPPET 10000 9180 SNIPPET_NOT_RELEVANT b'380294'
ACTION SNIPPET 10000 9183 SEEN_PREVIOUSLY b'1121204'
ACTION SNIPPET 10000 9186 SNIPPET_NOT_RELEVANT b'265843'
ACTION QUERY 10000 9196 mercy killing decriminalized
ACTION SERP 10000 9201 EXAMINE_SERP
ACTION SNIPPET 10000 9204 SEEN_PREVIOUSLY b'1426355'
ACTION SNIPPET 10000 9207 SEEN_PREVIOUSLY b'726977'
ACTION SNIPPET 10000 9210 SNIPPET_NOT_RELEVANT b'970085'
ACTION SNIPPET 10000 9213 SNIPPET_RELEVANT b'610970'
ACTION DOC 10000 9233 EXAMINING_DOCUMENT b'610970'
ACTION SNIPPET 10000 9236 SNIPPET_RELEVANT b'513756'
ACTION DOC 10000 9256 EXAMINING_DOCUMENT b'513756'
ACTION SNIPPET 10000 9259 SNIPPET_RELEVANT b'310533'
ACTION DOC 10000 9279 EXAMINING_DOCUMENT b'310533'
ACTION SNIPPET 10000 9282 SNIPPET_RELEVANT b'744249'
ACTION DOC 10000 9302 EXAMINING_DOCUMENT b'744249'
ACTION SNIPPET 10000 9305 SNIPPET_RELEVANT b'310286'
ACTION DOC 10000 9325 EXAMINING_DOCUMENT b'310286'
ACTION SNIPPET 10000 9328 SNIPPET_RELEVANT b'1284987'
ACTION DOC 10000 9348 EXAMINING_DOCUMENT b'1284987'
ACTION MARK 10000 9351 CONSIDERED_RELEVANT b'1284987'
ACTION SNIPPET 10000 9354 SNIPPET_RELEVANT b'425026'
ACTION DOC 10000 9374 EXAMINING_DOCUMENT b'425026'
ACTION QUERY 10000 9384 mercy killing government
ACTION SERP 10000 9389 EXAMINE_SERP
ACTION SNIPPET 10000 9392 SEEN_PREVIOUSLY b'391873'
ACTION SNIPPET 10000 9395 SEEN_PREVIOUSLY b'391874'
ACTION SNIPPET 10000 9398 SNIPPET_RELEVANT b'374495'
ACTION DOC 10000 9418 EXAMINING_DOCUMENT b'374495'
ACTION SNIPPET 10000 9421 SEEN_PREVIOUSLY b'144396'
ACTION SNIPPET 10000 9424 SEEN_PREVIOUSLY b'1689454'
ACTION SNIPPET 10000 9427 SEEN_PREVIOUSLY b'260023'
ACTION SNIPPET 10000 9430 SEEN_PREVIOUSLY b'35680'
ACTION SNIPPET 10000 9433 SEEN_PREVIOUSLY b'157557'
ACTION SNIPPET 10000 9436 SEEN_PREVIOUSLY b'188508'
ACTION SNIPPET 10000 9439 SEEN_PREVIOUSLY b'114273'
ACTION QUERY 10000 9449 mercy killing prescription
ACTION SERP 10000 9454 EXAMINE_SERP
ACTION SNIPPET 10000 9457 SEEN_PREVIOUSLY b'1210771'
ACTION SNIPPET 10000 9460 SNIPPET_NOT_RELEVANT b'1205704'
ACTION SNIPPET 10000 9463 SNIPPET_NOT_RELEVANT b'242175'
ACTION SNIPPET 10000 9466 SEEN_PREVIOUSLY b'157557'
ACTION SNIPPET 10000 9469 SNIPPET_NOT_RELEVANT b'1248387'
ACTION SNIPPET 10000 9472 SEEN_PREVIOUSLY b'725271'
ACTION SNIPPET 10000 9475 SEEN_PREVIOUSLY b'1121204'
ACTION SNIPPET 10000 9478 SEEN_PREVIOUSLY b'1005479'
ACTION SNIPPET 10000 9481 SNIPPET_RELEVANT b'195642'
ACTION DOC 10000 9501 EXAMINING_DOCUMENT b'195642'
ACTION MARK 10000 9504 CONSIDERED_RELEVANT b'195642'
ACTION SNIPPET 10000 9507 SEEN_PREVIOUSLY b'789093'
ACTION QUERY 10000 9517 mercy killing inhale
ACTION SERP 10000 9522 EXAMINE_SERP
ACTION SNIPPET 10000 9525 SEEN_PREVIOUSLY b'200780'
ACTION SNIPPET 10000 9528 SNIPPET_RELEVANT b'25608'
ACTION DOC 10000 9548 EXAMINING_DOCUMENT b'25608'
ACTION SNIPPET 10000 9551 SNIPPET_NOT_RELEVANT b'1044723'
ACTION SNIPPET 10000 9554 SNIPPET_RELEVANT b'728623'
ACTION DOC 10000 9574 EXAMINING_DOCUMENT b'728623'
ACTION SNIPPET 10000 9577 SNIPPET_RELEVANT b'194416'
ACTION DOC 10000 9597 EXAMINING_DOCUMENT b'194416'
ACTION SNIPPET 10000 9600 SNIPPET_RELEVANT b'306442'
ACTION DOC 10000 9620 EXAMINING_DOCUMENT b'306442'
ACTION SNIPPET 10000 9623 SNIPPET_RELEVANT b'604829'
ACTION DOC 10000 9643 EXAMINING_DOCUMENT b'604829'
ACTION SNIPPET 10000 9646 SEEN_PREVIOUSLY b'157557'
ACTION SNIPPET 10000 9649 SNIPPET_RELEVANT b'126069'
ACTION DOC 10000 9669 EXAMINING_DOCUMENT b'126069'
ACTION SNIPPET 10000 9672 SNIPPET_NOT_RELEVANT b'385466'
ACTION QUERY 10000 9682 mercy killing shot
ACTION SERP 10000 9687 EXAMINE_SERP
ACTION SNIPPET 10000 9690 SEEN_PREVIOUSLY b'188508'
ACTION SNIPPET 10000 9693 SEEN_PREVIOUSLY b'1393670'
ACTION SNIPPET 10000 9696 SNIPPET_RELEVANT b'53002'
ACTION DOC 10000 9716 EXAMINING_DOCUMENT b'53002'
ACTION SNIPPET 10000 9719 SNIPPET_RELEVANT b'53116'
ACTION DOC 10000 9739 EXAMINING_DOCUMENT b'53116'
ACTION SNIPPET 10000 9742 SEEN_PREVIOUSLY b'615784'
ACTION SNIPPET 10000 9745 SNIPPET_NOT_RELEVANT b'1324112'
ACTION SNIPPET 10000 9748 SEEN_PREVIOUSLY b'374495'
ACTION SNIPPET 10000 9751 SEEN_PREVIOUSLY b'144854'
ACTION SNIPPET 10000 9754 SNIPPET_NOT_RELEVANT b'1174959'
ACTION SNIPPET 10000 9757 SNIPPET_NOT_RELEVANT b'227357'
ACTION QUERY 10000 9767 mercy killing people
ACTION SERP 10000 9772 EXAMINE_SERP
ACTION SNIPPET 10000 9775 SEEN_PREVIOUSLY b'157557'
ACTION SNIPPET 10000 9778 SEEN_PREVIOUSLY b'789093'
ACTION SNIPPET 10000 9781 SEEN_PREVIOUSLY b'115272'
ACTION SNIPPET 10000 9784 SEEN_PREVIOUSLY b'35680'
ACTION SNIPPET 10000 9787 SEEN_PREVIOUSLY b'1689454'
ACTION SNIPPET 10000 9790 SEEN_PREVIOUSLY b'1121204'
ACTION SNIPPET 10000 9793 SEEN_PREVIOUSLY b'1095445'
ACTION SNIPPET 10000 9796 SEEN_PREVIOUSLY b'1005479'
ACTION SNIPPET 10000 9799 SEEN_PREVIOUSLY b'473943'
ACTION SNIPPET 10000 9802 SEEN_PREVIOUSLY b'1064676'
ACTION QUERY 10000 9812 mercy killing wanted
ACTION SERP 10000 9817 EXAMINE_SERP
ACTION SNIPPET 10000 9820 SEEN_PREVIOUSLY b'1121204'
ACTION SNIPPET 10000 9823 SEEN_PREVIOUSLY b'157557'
ACTION SNIPPET 10000 9826 SEEN_PREVIOUSLY b'473943'
ACTION SNIPPET 10000 9829 SEEN_PREVIOUSLY b'1822541'
ACTION SNIPPET 10000 9832 SEEN_PREVIOUSLY b'2447'
ACTION SNIPPET 10000 9835 SEEN_PREVIOUSLY b'2447'
ACTION SNIPPET 10000 9838 SEEN_PREVIOUSLY b'1426355'
ACTION SNIPPET 10000 9841 SEEN_PREVIOUSLY b'1005479'
ACTION SNIPPET 10000 9844 SEEN_PREVIOUSLY b'144854'
ACTION SNIPPET 10000 9847 SEEN_PREVIOUSLY b'789093'
ACTION QUERY 10000 9857 mercy killing robinsons
ACTION SERP 10000 9862 EXAMINE_SERP
ACTION SNIPPET 10000 9865 SEEN_PREVIOUSLY b'1577356'
ACTION SNIPPET 10000 9868 SNIPPET_RELEVANT b'1761072'
ACTION DOC 10000 9888 EXAMINING_DOCUMENT b'1761072'
ACTION SNIPPET 10000 9891 SEEN_PREVIOUSLY b'157557'
ACTION SNIPPET 10000 9894 SNIPPET_NOT_RELEVANT b'1456173'
ACTION SNIPPET 10000 9897 SEEN_PREVIOUSLY b'1116384'
ACTION SNIPPET 10000 9900 SEEN_PREVIOUSLY b'1121204'
ACTION SNIPPET 10000 9903 SNIPPET_NOT_RELEVANT b'595653'
ACTION SNIPPET 10000 9906 SEEN_PREVIOUSLY b'1005479'
ACTION SNIPPET 10000 9909 SNIPPET_RELEVANT b'181612'
ACTION DOC 10000 9929 EXAMINING_DOCUMENT b'181612'
ACTION SNIPPET 10000 9932 SEEN_PREVIOUSLY b'457732'
ACTION QUERY 10000 9942 mercy killing death
ACTION SERP 10000 9947 EXAMINE_SERP
ACTION SNIPPET 10000 9950 SEEN_PREVIOUSLY b'157557'
ACTION SNIPPET 10000 9953 SEEN_PREVIOUSLY b'1005479'
ACTION SNIPPET 10000 9956 SEEN_PREVIOUSLY b'723837'
ACTION SNIPPET 10000 9959 SEEN_PREVIOUSLY b'789093'
ACTION SNIPPET 10000 9962 SEEN_PREVIOUSLY b'606616'
ACTION SNIPPET 10000 9965 SEEN_PREVIOUSLY b'435343'
ACTION SNIPPET 10000 9968 SEEN_PREVIOUSLY b'618917'
ACTION SNIPPET 10000 9971 SEEN_PREVIOUSLY b'431779'
ACTION SNIPPET 10000 9974 SEEN_PREVIOUSLY b'188508'
ACTION SNIPPET 10000 9977 SEEN_PREVIOUSLY b'115272'
ACTION QUERY 10000 9987 mercy killing shots
ACTION SERP 10000 9992 EXAMINE_SERP
ACTION SNIPPET 10000 9995 SEEN_PREVIOUSLY b'188508'
ACTION SNIPPET 10000 9998 SEEN_PREVIOUSLY b'1393670'
ACTION SNIPPET 10000 10001 SEEN_PREVIOUSLY b'53002'
INFO SUMMARY 
INFO TOTAL_QUERIES_ISSUED 122
INFO TOTAL_SNIPPETS_EXAMINED 1213
INFO TOTAL_DOCUMENTS_EXAMINED 220
INFO TOTAL_DOCUMENTS_MARKED_RELEVANT 44
INFO TOTAL_ATTRACTIVE_SERP_IMPRESSIONS 122
INFO TOTAL_UNATTRACTIVE_SERP_IMPRESSIONS 0
