ACTION QUERY 10000 10 cult lifestyles
ACTION SERP 10000 15 EXAMINE_SERP
ACTION SNIPPET 10000 18 SNIPPET_RELEVANT b'624863'
ACTION DOC 10000 38 EXAMINING_DOCUMENT b'624863'
ACTION MARK 10000 41 CONSIDERED_RELEVANT b'624863'
ACTION SNIPPET 10000 44 SNIPPET_RELEVANT b'1186564'
ACTION DOC 10000 64 EXAMINING_DOCUMENT b'1186564'
ACTION MARK 10000 67 CONSIDERED_RELEVANT b'1186564'
ACTION SNIPPET 10000 70 SNIPPET_RELEVANT b'1757752'
ACTION DOC 10000 90 EXAMINING_DOCUMENT b'1757752'
ACTION SNIPPET 10000 93 SNIPPET_RELEVANT b'1209320'
ACTION DOC 10000 113 EXAMINING_DOCUMENT b'1209320'
ACTION SNIPPET 10000 116 SNIPPET_RELEVANT b'1187217'
ACTION DOC 10000 136 EXAMINING_DOCUMENT b'1187217'
ACTION MARK 10000 139 CONSIDERED_RELEVANT b'1187217'
ACTION SNIPPET 10000 142 SNIPPET_RELEVANT b'1262473'
ACTION DOC 10000 162 EXAMINING_DOCUMENT b'1262473'
ACTION SNIPPET 10000 165 SNIPPET_NOT_RELEVANT b'1634148'
ACTION SNIPPET 10000 168 SNIPPET_RELEVANT b'1176601'
ACTION DOC 10000 188 EXAMINING_DOCUMENT b'1176601'
ACTION MARK 10000 191 CONSIDERED_RELEVANT b'1176601'
ACTION SNIPPET 10000 194 SNIPPET_RELEVANT b'1710222'
ACTION DOC 10000 214 EXAMINING_DOCUMENT b'1710222'
ACTION SNIPPET 10000 217 SNIPPET_RELEVANT b'1216045'
ACTION DOC 10000 237 EXAMINING_DOCUMENT b'1216045'
ACTION SNIPPET 10000 240 SNIPPET_RELEVANT b'1820132'
ACTION DOC 10000 260 EXAMINING_DOCUMENT b'1820132'
ACTION QUERY 10000 270 cult lifestyles existence
ACTION SERP 10000 275 EXAMINE_SERP
ACTION SNIPPET 10000 278 SEEN_PREVIOUSLY b'624863'
ACTION SNIPPET 10000 281 SNIPPET_RELEVANT b'597276'
ACTION DOC 10000 301 EXAMINING_DOCUMENT b'597276'
ACTION SNIPPET 10000 304 SEEN_PREVIOUSLY b'1186564'
ACTION SNIPPET 10000 307 SNIPPET_NOT_RELEVANT b'919778'
ACTION SNIPPET 10000 310 SNIPPET_RELEVANT b'329591'
ACTION DOC 10000 330 EXAMINING_DOCUMENT b'329591'
ACTION MARK 10000 333 CONSIDERED_RELEVANT b'329591'
ACTION SNIPPET 10000 336 SEEN_PREVIOUSLY b'1757752'
ACTION SNIPPET 10000 339 SNIPPET_RELEVANT b'924605'
ACTION DOC 10000 359 EXAMINING_DOCUMENT b'924605'
ACTION MARK 10000 362 CONSIDERED_RELEVANT b'924605'
ACTION SNIPPET 10000 365 SEEN_PREVIOUSLY b'1209320'
ACTION SNIPPET 10000 368 SNIPPET_RELEVANT b'1632226'
ACTION DOC 10000 388 EXAMINING_DOCUMENT b'1632226'
ACTION SNIPPET 10000 391 SNIPPET_RELEVANT b'1801782'
ACTION DOC 10000 411 EXAMINING_DOCUMENT b'1801782'
ACTION MARK 10000 414 CONSIDERED_RELEVANT b'1801782'
ACTION SNIPPET 10000 417 SEEN_PREVIOUSLY b'1187217'
ACTION SNIPPET 10000 420 SNIPPET_NOT_RELEVANT b'1585630'
ACTION SNIPPET 10000 423 SNIPPET_RELEVANT b'637786'
ACTION DOC 10000 443 EXAMINING_DOCUMENT b'637786'
ACTION MARK 10000 446 CONSIDERED_RELEVANT b'637786'
ACTION SNIPPET 10000 449 SNIPPET_RELEVANT b'919717'
ACTION DOC 10000 469 EXAMINING_DOCUMENT b'919717'
ACTION MARK 10000 472 CONSIDERED_RELEVANT b'919717'
ACTION SNIPPET 10000 475 SEEN_PREVIOUSLY b'1262473'
ACTION SNIPPET 10000 478 SNIPPET_NOT_RELEVANT b'767942'
ACTION SNIPPET 10000 481 SNIPPET_NOT_RELEVANT b'1634148'
ACTION SNIPPET 10000 484 SNIPPET_RELEVANT b'4451'
ACTION DOC 10000 504 EXAMINING_DOCUMENT b'4451'
ACTION SNIPPET 10000 507 SEEN_PREVIOUSLY b'4451'
ACTION SNIPPET 10000 510 SEEN_PREVIOUSLY b'1176601'
ACTION SNIPPET 10000 513 SNIPPET_NOT_RELEVANT b'802800'
ACTION SNIPPET 10000 516 SNIPPET_RELEVANT b'802714'
ACTION DOC 10000 536 EXAMINING_DOCUMENT b'802714'
ACTION QUERY 10000 546 cult lifestyles clarifying
ACTION SERP 10000 551 EXAMINE_SERP
ACTION SNIPPET 10000 554 SNIPPET_RELEVANT b'47312'
ACTION DOC 10000 574 EXAMINING_DOCUMENT b'47312'
ACTION SNIPPET 10000 577 SEEN_PREVIOUSLY b'624863'
ACTION SNIPPET 10000 580 SNIPPET_RELEVANT b'16519'
ACTION DOC 10000 600 EXAMINING_DOCUMENT b'16519'
ACTION QUERY 10000 610 cult lifestyles ultimate
ACTION SERP 10000 615 EXAMINE_SERP
ACTION SNIPPET 10000 618 SEEN_PREVIOUSLY b'624863'
ACTION SNIPPET 10000 621 SNIPPET_RELEVANT b'846218'
ACTION DOC 10000 641 EXAMINING_DOCUMENT b'846218'
ACTION MARK 10000 644 CONSIDERED_RELEVANT b'846218'
ACTION SNIPPET 10000 647 SEEN_PREVIOUSLY b'1186564'
ACTION SNIPPET 10000 650 SNIPPET_RELEVANT b'1184225'
ACTION DOC 10000 670 EXAMINING_DOCUMENT b'1184225'
ACTION SNIPPET 10000 673 SEEN_PREVIOUSLY b'1757752'
ACTION SNIPPET 10000 676 SNIPPET_NOT_RELEVANT b'1192449'
ACTION SNIPPET 10000 679 SEEN_PREVIOUSLY b'1209320'
ACTION SNIPPET 10000 682 SNIPPET_RELEVANT b'1773125'
ACTION DOC 10000 702 EXAMINING_DOCUMENT b'1773125'
ACTION QUERY 10000 712 cult lifestyles dress
ACTION SERP 10000 717 EXAMINE_SERP
ACTION SNIPPET 10000 720 SEEN_PREVIOUSLY b'624863'
ACTION SNIPPET 10000 723 SNIPPET_NOT_RELEVANT b'1634148'
ACTION SNIPPET 10000 726 SNIPPET_NOT_RELEVANT b'1313540'
ACTION SNIPPET 10000 729 SEEN_PREVIOUSLY b'1186564'
ACTION SNIPPET 10000 732 SNIPPET_NOT_RELEVANT b'509418'
ACTION SNIPPET 10000 735 SNIPPET_RELEVANT b'647946'
ACTION DOC 10000 755 EXAMINING_DOCUMENT b'647946'
ACTION MARK 10000 758 CONSIDERED_RELEVANT b'647946'
ACTION SNIPPET 10000 761 SNIPPET_RELEVANT b'1620006'
ACTION DOC 10000 781 EXAMINING_DOCUMENT b'1620006'
ACTION SNIPPET 10000 784 SNIPPET_RELEVANT b'1188846'
ACTION DOC 10000 804 EXAMINING_DOCUMENT b'1188846'
ACTION MARK 10000 807 CONSIDERED_RELEVANT b'1188846'
ACTION SNIPPET 10000 810 SNIPPET_RELEVANT b'106559'
ACTION DOC 10000 830 EXAMINING_DOCUMENT b'106559'
ACTION MARK 10000 833 CONSIDERED_RELEVANT b'106559'
ACTION SNIPPET 10000 836 SEEN_PREVIOUSLY b'1757752'
ACTION SNIPPET 10000 839 SNIPPET_NOT_RELEVANT b'1155534'
ACTION SNIPPET 10000 842 SNIPPET_RELEVANT b'1588340'
ACTION DOC 10000 862 EXAMINING_DOCUMENT b'1588340'
ACTION SNIPPET 10000 865 SEEN_PREVIOUSLY b'1209320'
ACTION SNIPPET 10000 868 SEEN_PREVIOUSLY b'1187217'
ACTION SNIPPET 10000 871 SNIPPET_NOT_RELEVANT b'1512505'
ACTION SNIPPET 10000 874 SNIPPET_NOT_RELEVANT b'1719101'
ACTION SNIPPET 10000 877 SNIPPET_RELEVANT b'1189049'
ACTION DOC 10000 897 EXAMINING_DOCUMENT b'1189049'
ACTION MARK 10000 900 CONSIDERED_RELEVANT b'1189049'
ACTION SNIPPET 10000 903 SNIPPET_RELEVANT b'1325435'
ACTION DOC 10000 923 EXAMINING_DOCUMENT b'1325435'
ACTION SNIPPET 10000 926 SEEN_PREVIOUSLY b'1262473'
ACTION SNIPPET 10000 929 SNIPPET_RELEVANT b'1385941'
ACTION DOC 10000 949 EXAMINING_DOCUMENT b'1385941'
ACTION SNIPPET 10000 952 SNIPPET_NOT_RELEVANT b'313289'
ACTION QUERY 10000 962 cult lifestyles goal
ACTION SERP 10000 967 EXAMINE_SERP
ACTION SNIPPET 10000 970 SEEN_PREVIOUSLY b'624863'
ACTION SNIPPET 10000 973 SNIPPET_RELEVANT b'285030'
ACTION DOC 10000 993 EXAMINING_DOCUMENT b'285030'
ACTION SNIPPET 10000 996 SEEN_PREVIOUSLY b'1186564'
ACTION SNIPPET 10000 999 SEEN_PREVIOUSLY b'1757752'
ACTION SNIPPET 10000 1002 SEEN_PREVIOUSLY b'1209320'
ACTION SNIPPET 10000 1005 SNIPPET_NOT_RELEVANT b'1641197'
ACTION SNIPPET 10000 1008 SNIPPET_RELEVANT b'1416098'
ACTION DOC 10000 1028 EXAMINING_DOCUMENT b'1416098'
ACTION QUERY 10000 1038 cult lifestyles offer
ACTION SERP 10000 1043 EXAMINE_SERP
ACTION SNIPPET 10000 1046 SEEN_PREVIOUSLY b'624863'
ACTION SNIPPET 10000 1049 SEEN_PREVIOUSLY b'1186564'
ACTION SNIPPET 10000 1052 SEEN_PREVIOUSLY b'1176601'
ACTION SNIPPET 10000 1055 SNIPPET_NOT_RELEVANT b'1634148'
ACTION SNIPPET 10000 1058 SEEN_PREVIOUSLY b'1757752'
ACTION SNIPPET 10000 1061 SEEN_PREVIOUSLY b'1209320'
ACTION SNIPPET 10000 1064 SEEN_PREVIOUSLY b'1187217'
ACTION SNIPPET 10000 1067 SNIPPET_NOT_RELEVANT b'638539'
ACTION SNIPPET 10000 1070 SNIPPET_NOT_RELEVANT b'1840901'
ACTION SNIPPET 10000 1073 SEEN_PREVIOUSLY b'16519'
ACTION SNIPPET 10000 1076 SEEN_PREVIOUSLY b'1262473'
ACTION SNIPPET 10000 1079 SNIPPET_RELEVANT b'918782'
ACTION DOC 10000 1099 EXAMINING_DOCUMENT b'918782'
ACTION MARK 10000 1102 CONSIDERED_RELEVANT b'918782'
ACTION SNIPPET 10000 1105 SEEN_PREVIOUSLY b'1801782'
ACTION SNIPPET 10000 1108 SEEN_PREVIOUSLY b'1385941'
ACTION SNIPPET 10000 1111 SEEN_PREVIOUSLY b'329591'
ACTION SNIPPET 10000 1114 SNIPPET_RELEVANT b'1667027'
ACTION DOC 10000 1134 EXAMINING_DOCUMENT b'1667027'
ACTION SNIPPET 10000 1137 SNIPPET_NOT_RELEVANT b'1272596'
ACTION SNIPPET 10000 1140 SEEN_PREVIOUSLY b'1710222'
ACTION SNIPPET 10000 1143 SNIPPET_NOT_RELEVANT b'297598'
ACTION SNIPPET 10000 1146 SNIPPET_NOT_RELEVANT b'718152'
ACTION SNIPPET 10000 1149 SNIPPET_NOT_RELEVANT b'919293'
ACTION SNIPPET 10000 1152 SNIPPET_RELEVANT b'1527815'
ACTION DOC 10000 1172 EXAMINING_DOCUMENT b'1527815'
ACTION QUERY 10000 1182 cult lifestyles contribute
ACTION SERP 10000 1187 EXAMINE_SERP
ACTION SNIPPET 10000 1190 SEEN_PREVIOUSLY b'624863'
ACTION SNIPPET 10000 1193 SEEN_PREVIOUSLY b'329591'
ACTION SNIPPET 10000 1196 SEEN_PREVIOUSLY b'1186564'
ACTION SNIPPET 10000 1199 SNIPPET_RELEVANT b'650433'
ACTION DOC 10000 1219 EXAMINING_DOCUMENT b'650433'
ACTION MARK 10000 1222 CONSIDERED_RELEVANT b'650433'
ACTION SNIPPET 10000 1225 SEEN_PREVIOUSLY b'1757752'
ACTION SNIPPET 10000 1228 SNIPPET_NOT_RELEVANT b'1818609'
ACTION SNIPPET 10000 1231 SEEN_PREVIOUSLY b'1209320'
ACTION SNIPPET 10000 1234 SEEN_PREVIOUSLY b'1187217'
ACTION SNIPPET 10000 1237 SNIPPET_RELEVANT b'1840901'
ACTION DOC 10000 1257 EXAMINING_DOCUMENT b'1840901'
ACTION SNIPPET 10000 1260 SNIPPET_NOT_RELEVANT b'47313'
ACTION SNIPPET 10000 1263 SNIPPET_RELEVANT b'1763533'
ACTION DOC 10000 1283 EXAMINING_DOCUMENT b'1763533'
ACTION QUERY 10000 1293 cult lifestyles tell
ACTION SERP 10000 1298 EXAMINE_SERP
ACTION SNIPPET 10000 1301 SEEN_PREVIOUSLY b'624863'
ACTION SNIPPET 10000 1304 SEEN_PREVIOUSLY b'1187217'
ACTION SNIPPET 10000 1307 SEEN_PREVIOUSLY b'1176601'
ACTION SNIPPET 10000 1310 SNIPPET_NOT_RELEVANT b'1634148'
ACTION SNIPPET 10000 1313 SEEN_PREVIOUSLY b'1186564'
ACTION SNIPPET 10000 1316 SEEN_PREVIOUSLY b'1757752'
ACTION SNIPPET 10000 1319 SEEN_PREVIOUSLY b'1209320'
ACTION SNIPPET 10000 1322 SEEN_PREVIOUSLY b'1216045'
ACTION SNIPPET 10000 1325 SNIPPET_NOT_RELEVANT b'793826'
ACTION SNIPPET 10000 1328 SNIPPET_NOT_RELEVANT b'1606633'
ACTION SNIPPET 10000 1331 SEEN_PREVIOUSLY b'1262473'
ACTION SNIPPET 10000 1334 SNIPPET_RELEVANT b'919308'
ACTION DOC 10000 1354 EXAMINING_DOCUMENT b'919308'
ACTION MARK 10000 1357 CONSIDERED_RELEVANT b'919308'
ACTION SNIPPET 10000 1360 SNIPPET_NOT_RELEVANT b'1241509'
ACTION SNIPPET 10000 1363 SNIPPET_NOT_RELEVANT b'228919'
ACTION SNIPPET 10000 1366 SNIPPET_RELEVANT b'917723'
ACTION DOC 10000 1386 EXAMINING_DOCUMENT b'917723'
ACTION MARK 10000 1389 CONSIDERED_RELEVANT b'917723'
ACTION SNIPPET 10000 1392 SNIPPET_NOT_RELEVANT b'669230'
ACTION SNIPPET 10000 1395 SNIPPET_RELEVANT b'594136'
ACTION DOC 10000 1415 EXAMINING_DOCUMENT b'594136'
ACTION MARK 10000 1418 CONSIDERED_RELEVANT b'594136'
ACTION SNIPPET 10000 1421 SNIPPET_RELEVANT b'597493'
ACTION DOC 10000 1441 EXAMINING_DOCUMENT b'597493'
ACTION MARK 10000 1444 CONSIDERED_RELEVANT b'597493'
ACTION SNIPPET 10000 1447 SNIPPET_RELEVANT b'596542'
ACTION DOC 10000 1467 EXAMINING_DOCUMENT b'596542'
ACTION SNIPPET 10000 1470 SNIPPET_RELEVANT b'1569524'
ACTION DOC 10000 1490 EXAMINING_DOCUMENT b'1569524'
ACTION SNIPPET 10000 1493 SNIPPET_RELEVANT b'348331'
ACTION DOC 10000 1513 EXAMINING_DOCUMENT b'348331'
ACTION QUERY 10000 1523 cult lifestyles members
ACTION SERP 10000 1528 EXAMINE_SERP
ACTION SNIPPET 10000 1531 SEEN_PREVIOUSLY b'624863'
ACTION SNIPPET 10000 1534 SEEN_PREVIOUSLY b'1187217'
ACTION SNIPPET 10000 1537 SEEN_PREVIOUSLY b'1186564'
ACTION SNIPPET 10000 1540 SEEN_PREVIOUSLY b'1176601'
ACTION SNIPPET 10000 1543 SEEN_PREVIOUSLY b'1757752'
ACTION SNIPPET 10000 1546 SEEN_PREVIOUSLY b'1209320'
ACTION SNIPPET 10000 1549 SEEN_PREVIOUSLY b'1840901'
ACTION SNIPPET 10000 1552 SNIPPET_RELEVANT b'638539'
ACTION DOC 10000 1572 EXAMINING_DOCUMENT b'638539'
ACTION MARK 10000 1575 CONSIDERED_RELEVANT b'638539'
ACTION SNIPPET 10000 1578 SEEN_PREVIOUSLY b'1188846'
ACTION SNIPPET 10000 1581 SNIPPET_RELEVANT b'787163'
ACTION DOC 10000 1601 EXAMINING_DOCUMENT b'787163'
ACTION MARK 10000 1604 CONSIDERED_RELEVANT b'787163'
ACTION SNIPPET 10000 1607 SEEN_PREVIOUSLY b'1189049'
ACTION SNIPPET 10000 1610 SNIPPET_RELEVANT b'920343'
ACTION DOC 10000 1630 EXAMINING_DOCUMENT b'920343'
ACTION MARK 10000 1633 CONSIDERED_RELEVANT b'920343'
ACTION SNIPPET 10000 1636 SEEN_PREVIOUSLY b'1801782'
ACTION SNIPPET 10000 1639 SNIPPET_RELEVANT b'882763'
ACTION DOC 10000 1659 EXAMINING_DOCUMENT b'882763'
ACTION SNIPPET 10000 1662 SEEN_PREVIOUSLY b'594136'
ACTION SNIPPET 10000 1665 SNIPPET_NOT_RELEVANT b'600569'
ACTION SNIPPET 10000 1668 SEEN_PREVIOUSLY b'1262473'
ACTION SNIPPET 10000 1671 SNIPPET_NOT_RELEVANT b'596397'
ACTION SNIPPET 10000 1674 SEEN_PREVIOUSLY b'1216045'
ACTION SNIPPET 10000 1677 SEEN_PREVIOUSLY b'919717'
ACTION SNIPPET 10000 1680 SNIPPET_RELEVANT b'603804'
ACTION DOC 10000 1700 EXAMINING_DOCUMENT b'603804'
ACTION MARK 10000 1703 CONSIDERED_RELEVANT b'603804'
ACTION SNIPPET 10000 1706 SNIPPET_NOT_RELEVANT b'603527'
ACTION SNIPPET 10000 1709 SNIPPET_RELEVANT b'818750'
ACTION DOC 10000 1729 EXAMINING_DOCUMENT b'818750'
ACTION MARK 10000 1732 CONSIDERED_RELEVANT b'818750'
ACTION SNIPPET 10000 1735 SNIPPET_RELEVANT b'818310'
ACTION DOC 10000 1755 EXAMINING_DOCUMENT b'818310'
ACTION MARK 10000 1758 CONSIDERED_RELEVANT b'818310'
ACTION SNIPPET 10000 1761 SNIPPET_RELEVANT b'918942'
ACTION DOC 10000 1781 EXAMINING_DOCUMENT b'918942'
ACTION MARK 10000 1784 CONSIDERED_RELEVANT b'918942'
ACTION SNIPPET 10000 1787 SNIPPET_RELEVANT b'594522'
ACTION DOC 10000 1807 EXAMINING_DOCUMENT b'594522'
ACTION MARK 10000 1810 CONSIDERED_RELEVANT b'594522'
ACTION SNIPPET 10000 1813 SNIPPET_RELEVANT b'1818609'
ACTION DOC 10000 1833 EXAMINING_DOCUMENT b'1818609'
ACTION SNIPPET 10000 1836 SNIPPET_RELEVANT b'918959'
ACTION DOC 10000 1856 EXAMINING_DOCUMENT b'918959'
ACTION MARK 10000 1859 CONSIDERED_RELEVANT b'918959'
ACTION SNIPPET 10000 1862 SNIPPET_RELEVANT b'603970'
ACTION DOC 10000 1882 EXAMINING_DOCUMENT b'603970'
ACTION MARK 10000 1885 CONSIDERED_RELEVANT b'603970'
ACTION SNIPPET 10000 1888 SNIPPET_NOT_RELEVANT b'1634148'
ACTION SNIPPET 10000 1891 SNIPPET_NOT_RELEVANT b'920564'
ACTION SNIPPET 10000 1894 SNIPPET_RELEVANT b'598688'
ACTION DOC 10000 1914 EXAMINING_DOCUMENT b'598688'
ACTION MARK 10000 1917 CONSIDERED_RELEVANT b'598688'
ACTION SNIPPET 10000 1920 SNIPPET_RELEVANT b'603685'
ACTION DOC 10000 1940 EXAMINING_DOCUMENT b'603685'
ACTION MARK 10000 1943 CONSIDERED_RELEVANT b'603685'
ACTION SNIPPET 10000 1946 SEEN_PREVIOUSLY b'596542'
ACTION SNIPPET 10000 1949 SNIPPET_RELEVANT b'850912'
ACTION DOC 10000 1969 EXAMINING_DOCUMENT b'850912'
ACTION MARK 10000 1972 CONSIDERED_RELEVANT b'850912'
ACTION SNIPPET 10000 1975 SNIPPET_RELEVANT b'919922'
ACTION DOC 10000 1995 EXAMINING_DOCUMENT b'919922'
ACTION MARK 10000 1998 CONSIDERED_RELEVANT b'919922'
ACTION SNIPPET 10000 2001 SNIPPET_RELEVANT b'259481'
ACTION DOC 10000 2021 EXAMINING_DOCUMENT b'259481'
ACTION MARK 10000 2024 CONSIDERED_RELEVANT b'259481'
ACTION SNIPPET 10000 2027 SNIPPET_RELEVANT b'751928'
ACTION DOC 10000 2047 EXAMINING_DOCUMENT b'751928'
ACTION MARK 10000 2050 CONSIDERED_RELEVANT b'751928'
ACTION SNIPPET 10000 2053 SNIPPET_RELEVANT b'594770'
ACTION DOC 10000 2073 EXAMINING_DOCUMENT b'594770'
ACTION MARK 10000 2076 CONSIDERED_RELEVANT b'594770'
ACTION SNIPPET 10000 2079 SNIPPET_RELEVANT b'1188145'
ACTION DOC 10000 2099 EXAMINING_DOCUMENT b'1188145'
ACTION MARK 10000 2102 CONSIDERED_RELEVANT b'1188145'
ACTION SNIPPET 10000 2105 SNIPPET_NOT_RELEVANT b'1134927'
ACTION SNIPPET 10000 2108 SNIPPET_RELEVANT b'919358'
ACTION DOC 10000 2128 EXAMINING_DOCUMENT b'919358'
ACTION MARK 10000 2131 CONSIDERED_RELEVANT b'919358'
ACTION SNIPPET 10000 2134 SNIPPET_RELEVANT b'606105'
ACTION DOC 10000 2154 EXAMINING_DOCUMENT b'606105'
ACTION SNIPPET 10000 2157 SEEN_PREVIOUSLY b'647946'
ACTION SNIPPET 10000 2160 SNIPPET_RELEVANT b'919719'
ACTION DOC 10000 2180 EXAMINING_DOCUMENT b'919719'
ACTION MARK 10000 2183 CONSIDERED_RELEVANT b'919719'
ACTION SNIPPET 10000 2186 SNIPPET_RELEVANT b'966096'
ACTION DOC 10000 2206 EXAMINING_DOCUMENT b'966096'
ACTION MARK 10000 2209 CONSIDERED_RELEVANT b'966096'
ACTION SNIPPET 10000 2212 SNIPPET_RELEVANT b'804157'
ACTION DOC 10000 2232 EXAMINING_DOCUMENT b'804157'
ACTION MARK 10000 2235 CONSIDERED_RELEVANT b'804157'
ACTION SNIPPET 10000 2238 SNIPPET_NOT_RELEVANT b'919493'
ACTION SNIPPET 10000 2241 SNIPPET_RELEVANT b'1155534'
ACTION DOC 10000 2261 EXAMINING_DOCUMENT b'1155534'
ACTION MARK 10000 2264 CONSIDERED_RELEVANT b'1155534'
ACTION SNIPPET 10000 2267 SNIPPET_NOT_RELEVANT b'923384'
ACTION SNIPPET 10000 2270 SNIPPET_NOT_RELEVANT b'818244'
ACTION SNIPPET 10000 2273 SNIPPET_RELEVANT b'918781'
ACTION DOC 10000 2293 EXAMINING_DOCUMENT b'918781'
ACTION MARK 10000 2296 CONSIDERED_RELEVANT b'918781'
ACTION SNIPPET 10000 2299 SNIPPET_RELEVANT b'1403973'
ACTION DOC 10000 2319 EXAMINING_DOCUMENT b'1403973'
ACTION MARK 10000 2322 CONSIDERED_RELEVANT b'1403973'
ACTION SNIPPET 10000 2325 SNIPPET_RELEVANT b'228919'
ACTION DOC 10000 2345 EXAMINING_DOCUMENT b'228919'
ACTION SNIPPET 10000 2348 SNIPPET_RELEVANT b'593854'
ACTION DOC 10000 2368 EXAMINING_DOCUMENT b'593854'
ACTION MARK 10000 2371 CONSIDERED_RELEVANT b'593854'
ACTION SNIPPET 10000 2374 SNIPPET_RELEVANT b'249102'
ACTION DOC 10000 2394 EXAMINING_DOCUMENT b'249102'
ACTION MARK 10000 2397 CONSIDERED_RELEVANT b'249102'
ACTION SNIPPET 10000 2400 SEEN_PREVIOUSLY b'637786'
ACTION SNIPPET 10000 2403 SNIPPET_NOT_RELEVANT b'18610'
ACTION SNIPPET 10000 2406 SNIPPET_RELEVANT b'597055'
ACTION DOC 10000 2426 EXAMINING_DOCUMENT b'597055'
ACTION MARK 10000 2429 CONSIDERED_RELEVANT b'597055'
ACTION SNIPPET 10000 2432 SNIPPET_NOT_RELEVANT b'609387'
ACTION SNIPPET 10000 2435 SEEN_PREVIOUSLY b'329591'
ACTION SNIPPET 10000 2438 SNIPPET_RELEVANT b'603528'
ACTION DOC 10000 2458 EXAMINING_DOCUMENT b'603528'
ACTION MARK 10000 2461 CONSIDERED_RELEVANT b'603528'
ACTION SNIPPET 10000 2464 SNIPPET_RELEVANT b'919527'
ACTION DOC 10000 2484 EXAMINING_DOCUMENT b'919527'
ACTION MARK 10000 2487 CONSIDERED_RELEVANT b'919527'
ACTION SNIPPET 10000 2490 SNIPPET_RELEVANT b'726685'
ACTION DOC 10000 2510 EXAMINING_DOCUMENT b'726685'
ACTION MARK 10000 2513 CONSIDERED_RELEVANT b'726685'
ACTION SNIPPET 10000 2516 SNIPPET_RELEVANT b'1133523'
ACTION DOC 10000 2536 EXAMINING_DOCUMENT b'1133523'
ACTION MARK 10000 2539 CONSIDERED_RELEVANT b'1133523'
ACTION SNIPPET 10000 2542 SNIPPET_RELEVANT b'129971'
ACTION DOC 10000 2562 EXAMINING_DOCUMENT b'129971'
ACTION MARK 10000 2565 CONSIDERED_RELEVANT b'129971'
ACTION SNIPPET 10000 2568 SNIPPET_NOT_RELEVANT b'649211'
ACTION SNIPPET 10000 2571 SNIPPET_NOT_RELEVANT b'637967'
ACTION SNIPPET 10000 2574 SNIPPET_RELEVANT b'614348'
ACTION DOC 10000 2594 EXAMINING_DOCUMENT b'614348'
ACTION MARK 10000 2597 CONSIDERED_RELEVANT b'614348'
ACTION SNIPPET 10000 2600 SNIPPET_RELEVANT b'793826'
ACTION DOC 10000 2620 EXAMINING_DOCUMENT b'793826'
ACTION MARK 10000 2623 CONSIDERED_RELEVANT b'793826'
ACTION SNIPPET 10000 2626 SNIPPET_RELEVANT b'594919'
ACTION DOC 10000 2646 EXAMINING_DOCUMENT b'594919'
ACTION MARK 10000 2649 CONSIDERED_RELEVANT b'594919'
ACTION SNIPPET 10000 2652 SNIPPET_RELEVANT b'1187383'
ACTION DOC 10000 2672 EXAMINING_DOCUMENT b'1187383'
ACTION MARK 10000 2675 CONSIDERED_RELEVANT b'1187383'
ACTION SNIPPET 10000 2678 SNIPPET_RELEVANT b'818584'
ACTION DOC 10000 2698 EXAMINING_DOCUMENT b'818584'
ACTION MARK 10000 2701 CONSIDERED_RELEVANT b'818584'
ACTION SNIPPET 10000 2704 SNIPPET_RELEVANT b'606433'
ACTION DOC 10000 2724 EXAMINING_DOCUMENT b'606433'
ACTION MARK 10000 2727 CONSIDERED_RELEVANT b'606433'
ACTION SNIPPET 10000 2730 SNIPPET_RELEVANT b'19751'
ACTION DOC 10000 2750 EXAMINING_DOCUMENT b'19751'
ACTION MARK 10000 2753 CONSIDERED_RELEVANT b'19751'
ACTION SNIPPET 10000 2756 SNIPPET_RELEVANT b'664960'
ACTION DOC 10000 2776 EXAMINING_DOCUMENT b'664960'
ACTION MARK 10000 2779 CONSIDERED_RELEVANT b'664960'
ACTION SNIPPET 10000 2782 SNIPPET_NOT_RELEVANT b'604579'
ACTION SNIPPET 10000 2785 SEEN_PREVIOUSLY b'1710222'
ACTION SNIPPET 10000 2788 SNIPPET_RELEVANT b'137164'
ACTION DOC 10000 2808 EXAMINING_DOCUMENT b'137164'
ACTION SNIPPET 10000 2811 SNIPPET_RELEVANT b'919524'
ACTION DOC 10000 2831 EXAMINING_DOCUMENT b'919524'
ACTION MARK 10000 2834 CONSIDERED_RELEVANT b'919524'
ACTION SNIPPET 10000 2837 SEEN_PREVIOUSLY b'650433'
ACTION SNIPPET 10000 2840 SNIPPET_RELEVANT b'767123'
ACTION DOC 10000 2860 EXAMINING_DOCUMENT b'767123'
ACTION MARK 10000 2863 CONSIDERED_RELEVANT b'767123'
ACTION SNIPPET 10000 2866 SNIPPET_RELEVANT b'858947'
ACTION DOC 10000 2886 EXAMINING_DOCUMENT b'858947'
ACTION MARK 10000 2889 CONSIDERED_RELEVANT b'858947'
ACTION SNIPPET 10000 2892 SNIPPET_RELEVANT b'1304843'
ACTION DOC 10000 2912 EXAMINING_DOCUMENT b'1304843'
ACTION MARK 10000 2915 CONSIDERED_RELEVANT b'1304843'
ACTION SNIPPET 10000 2918 SNIPPET_RELEVANT b'755275'
ACTION DOC 10000 2938 EXAMINING_DOCUMENT b'755275'
ACTION MARK 10000 2941 CONSIDERED_RELEVANT b'755275'
ACTION SNIPPET 10000 2944 SNIPPET_NOT_RELEVANT b'606749'
ACTION SNIPPET 10000 2947 SNIPPET_RELEVANT b'603982'
ACTION DOC 10000 2967 EXAMINING_DOCUMENT b'603982'
ACTION MARK 10000 2970 CONSIDERED_RELEVANT b'603982'
ACTION SNIPPET 10000 2973 SNIPPET_NOT_RELEVANT b'1187098'
ACTION SNIPPET 10000 2976 SNIPPET_NOT_RELEVANT b'1269480'
ACTION SNIPPET 10000 2979 SNIPPET_NOT_RELEVANT b'285590'
ACTION SNIPPET 10000 2982 SNIPPET_RELEVANT b'1103151'
ACTION DOC 10000 3002 EXAMINING_DOCUMENT b'1103151'
ACTION MARK 10000 3005 CONSIDERED_RELEVANT b'1103151'
ACTION SNIPPET 10000 3008 SNIPPET_NOT_RELEVANT b'604643'
ACTION SNIPPET 10000 3011 SNIPPET_NOT_RELEVANT b'12456'
ACTION SNIPPET 10000 3014 SNIPPET_RELEVANT b'594138'
ACTION DOC 10000 3034 EXAMINING_DOCUMENT b'594138'
ACTION SNIPPET 10000 3037 SNIPPET_RELEVANT b'717250'
ACTION DOC 10000 3057 EXAMINING_DOCUMENT b'717250'
ACTION MARK 10000 3060 CONSIDERED_RELEVANT b'717250'
ACTION SNIPPET 10000 3063 SEEN_PREVIOUSLY b'919308'
ACTION SNIPPET 10000 3066 SNIPPET_RELEVANT b'795964'
ACTION DOC 10000 3086 EXAMINING_DOCUMENT b'795964'
ACTION MARK 10000 3089 CONSIDERED_RELEVANT b'795964'
ACTION SNIPPET 10000 3092 SNIPPET_NOT_RELEVANT b'928235'
ACTION SNIPPET 10000 3095 SNIPPET_RELEVANT b'389453'
ACTION DOC 10000 3115 EXAMINING_DOCUMENT b'389453'
ACTION SNIPPET 10000 3118 SNIPPET_RELEVANT b'25994'
ACTION DOC 10000 3138 EXAMINING_DOCUMENT b'25994'
ACTION MARK 10000 3141 CONSIDERED_RELEVANT b'25994'
INFO SERP_END_REACHED 
ACTION QUERY 10000 3151 cult lifestyles just
ACTION SERP 10000 3156 EXAMINE_SERP
ACTION SNIPPET 10000 3159 SEEN_PREVIOUSLY b'624863'
ACTION SNIPPET 10000 3162 SEEN_PREVIOUSLY b'1186564'
ACTION SNIPPET 10000 3165 SNIPPET_RELEVANT b'1634148'
ACTION DOC 10000 3185 EXAMINING_DOCUMENT b'1634148'
ACTION SNIPPET 10000 3188 SEEN_PREVIOUSLY b'1757752'
ACTION SNIPPET 10000 3191 SEEN_PREVIOUSLY b'1209320'
ACTION SNIPPET 10000 3194 SEEN_PREVIOUSLY b'1187217'
ACTION SNIPPET 10000 3197 SEEN_PREVIOUSLY b'1710222'
ACTION SNIPPET 10000 3200 SEEN_PREVIOUSLY b'1262473'
ACTION SNIPPET 10000 3203 SEEN_PREVIOUSLY b'1216045'
ACTION QUERY 10000 3213 cult lifestyles attain
ACTION SERP 10000 3218 EXAMINE_SERP
ACTION SNIPPET 10000 3221 SEEN_PREVIOUSLY b'624863'
ACTION SNIPPET 10000 3224 SNIPPET_RELEVANT b'1551844'
ACTION DOC 10000 3244 EXAMINING_DOCUMENT b'1551844'
ACTION SNIPPET 10000 3247 SNIPPET_NOT_RELEVANT b'1749545'
ACTION SNIPPET 10000 3250 SNIPPET_RELEVANT b'1405664'
ACTION DOC 10000 3270 EXAMINING_DOCUMENT b'1405664'
ACTION QUERY 10000 3280 cult lifestyles everyday
ACTION SERP 10000 3285 EXAMINE_SERP
ACTION SNIPPET 10000 3288 SEEN_PREVIOUSLY b'1262473'
ACTION SNIPPET 10000 3291 SEEN_PREVIOUSLY b'624863'
ACTION SNIPPET 10000 3294 SNIPPET_RELEVANT b'1706478'
ACTION DOC 10000 3314 EXAMINING_DOCUMENT b'1706478'
ACTION MARK 10000 3317 CONSIDERED_RELEVANT b'1706478'
ACTION SNIPPET 10000 3320 SNIPPET_RELEVANT b'1334339'
ACTION DOC 10000 3340 EXAMINING_DOCUMENT b'1334339'
ACTION SNIPPET 10000 3343 SNIPPET_NOT_RELEVANT b'1208633'
ACTION SNIPPET 10000 3346 SNIPPET_NOT_RELEVANT b'1848459'
ACTION SNIPPET 10000 3349 SNIPPET_RELEVANT b'263141'
ACTION DOC 10000 3369 EXAMINING_DOCUMENT b'263141'
ACTION QUERY 10000 3379 cult lifestyles activities
ACTION SERP 10000 3384 EXAMINE_SERP
ACTION SNIPPET 10000 3387 SEEN_PREVIOUSLY b'624863'
ACTION SNIPPET 10000 3390 SEEN_PREVIOUSLY b'1186564'
ACTION SNIPPET 10000 3393 SEEN_PREVIOUSLY b'1187217'
ACTION SNIPPET 10000 3396 SEEN_PREVIOUSLY b'1634148'
ACTION SNIPPET 10000 3399 SNIPPET_RELEVANT b'718532'
ACTION DOC 10000 3419 EXAMINING_DOCUMENT b'718532'
ACTION MARK 10000 3422 CONSIDERED_RELEVANT b'718532'
ACTION SNIPPET 10000 3425 SNIPPET_RELEVANT b'1455927'
ACTION DOC 10000 3445 EXAMINING_DOCUMENT b'1455927'
ACTION SNIPPET 10000 3448 SNIPPET_NOT_RELEVANT b'1819641'
ACTION SNIPPET 10000 3451 SEEN_PREVIOUSLY b'1757752'
ACTION SNIPPET 10000 3454 SEEN_PREVIOUSLY b'1209320'
ACTION SNIPPET 10000 3457 SEEN_PREVIOUSLY b'1818609'
ACTION SNIPPET 10000 3460 SNIPPET_RELEVANT b'1624134'
ACTION DOC 10000 3480 EXAMINING_DOCUMENT b'1624134'
ACTION QUERY 10000 3490 cult lifestyles identify
ACTION SERP 10000 3495 EXAMINE_SERP
ACTION SNIPPET 10000 3498 SEEN_PREVIOUSLY b'624863'
ACTION SNIPPET 10000 3501 SEEN_PREVIOUSLY b'1186564'
ACTION SNIPPET 10000 3504 SEEN_PREVIOUSLY b'1262473'
ACTION SNIPPET 10000 3507 SNIPPET_NOT_RELEVANT b'151228'
ACTION SNIPPET 10000 3510 SEEN_PREVIOUSLY b'1187217'
ACTION SNIPPET 10000 3513 SEEN_PREVIOUSLY b'787163'
ACTION SNIPPET 10000 3516 SEEN_PREVIOUSLY b'329591'
ACTION SNIPPET 10000 3519 SNIPPET_NOT_RELEVANT b'604643'
ACTION SNIPPET 10000 3522 SNIPPET_RELEVANT b'151210'
ACTION DOC 10000 3542 EXAMINING_DOCUMENT b'151210'
ACTION MARK 10000 3545 CONSIDERED_RELEVANT b'151210'
ACTION SNIPPET 10000 3548 SEEN_PREVIOUSLY b'717250'
ACTION SNIPPET 10000 3551 SEEN_PREVIOUSLY b'918942'
ACTION SNIPPET 10000 3554 SEEN_PREVIOUSLY b'818750'
ACTION SNIPPET 10000 3557 SNIPPET_RELEVANT b'606143'
ACTION DOC 10000 3577 EXAMINING_DOCUMENT b'606143'
ACTION MARK 10000 3580 CONSIDERED_RELEVANT b'606143'
ACTION SNIPPET 10000 3583 SNIPPET_RELEVANT b'918806'
ACTION DOC 10000 3603 EXAMINING_DOCUMENT b'918806'
ACTION MARK 10000 3606 CONSIDERED_RELEVANT b'918806'
ACTION SNIPPET 10000 3609 SEEN_PREVIOUSLY b'718532'
ACTION SNIPPET 10000 3612 SNIPPET_NOT_RELEVANT b'12456'
ACTION SNIPPET 10000 3615 SEEN_PREVIOUSLY b'1757752'
ACTION SNIPPET 10000 3618 SEEN_PREVIOUSLY b'1209320'
ACTION SNIPPET 10000 3621 SNIPPET_NOT_RELEVANT b'10916'
ACTION SNIPPET 10000 3624 SNIPPET_RELEVANT b'604355'
ACTION DOC 10000 3644 EXAMINING_DOCUMENT b'604355'
ACTION MARK 10000 3647 CONSIDERED_RELEVANT b'604355'
ACTION SNIPPET 10000 3650 SEEN_PREVIOUSLY b'919719'
ACTION SNIPPET 10000 3653 SEEN_PREVIOUSLY b'818310'
ACTION SNIPPET 10000 3656 SEEN_PREVIOUSLY b'603982'
ACTION SNIPPET 10000 3659 SEEN_PREVIOUSLY b'596542'
ACTION SNIPPET 10000 3662 SNIPPET_NOT_RELEVANT b'716510'
ACTION SNIPPET 10000 3665 SNIPPET_RELEVANT b'605198'
ACTION DOC 10000 3685 EXAMINING_DOCUMENT b'605198'
ACTION MARK 10000 3688 CONSIDERED_RELEVANT b'605198'
ACTION SNIPPET 10000 3691 SNIPPET_RELEVANT b'1185806'
ACTION DOC 10000 3711 EXAMINING_DOCUMENT b'1185806'
ACTION MARK 10000 3714 CONSIDERED_RELEVANT b'1185806'
ACTION SNIPPET 10000 3717 SNIPPET_NOT_RELEVANT b'598094'
ACTION SNIPPET 10000 3720 SEEN_PREVIOUSLY b'597055'
ACTION SNIPPET 10000 3723 SNIPPET_NOT_RELEVANT b'596961'
ACTION SNIPPET 10000 3726 SEEN_PREVIOUSLY b'1187383'
ACTION SNIPPET 10000 3729 SEEN_PREVIOUSLY b'603685'
ACTION SNIPPET 10000 3732 SNIPPET_RELEVANT b'606749'
ACTION DOC 10000 3752 EXAMINING_DOCUMENT b'606749'
ACTION MARK 10000 3755 CONSIDERED_RELEVANT b'606749'
ACTION SNIPPET 10000 3758 SEEN_PREVIOUSLY b'767123'
ACTION SNIPPET 10000 3761 SNIPPET_NOT_RELEVANT b'1578443'
ACTION SNIPPET 10000 3764 SNIPPET_NOT_RELEVANT b'802800'
ACTION SNIPPET 10000 3767 SEEN_PREVIOUSLY b'802714'
ACTION SNIPPET 10000 3770 SEEN_PREVIOUSLY b'1634148'
ACTION SNIPPET 10000 3773 SEEN_PREVIOUSLY b'594138'
ACTION SNIPPET 10000 3776 SEEN_PREVIOUSLY b'1176601'
ACTION SNIPPET 10000 3779 SNIPPET_RELEVANT b'1149742'
ACTION DOC 10000 3799 EXAMINING_DOCUMENT b'1149742'
ACTION MARK 10000 3802 CONSIDERED_RELEVANT b'1149742'
ACTION SNIPPET 10000 3805 SNIPPET_RELEVANT b'667714'
ACTION DOC 10000 3825 EXAMINING_DOCUMENT b'667714'
ACTION SNIPPET 10000 3828 SNIPPET_NOT_RELEVANT b'360046'
ACTION SNIPPET 10000 3831 SNIPPET_RELEVANT b'753514'
ACTION DOC 10000 3851 EXAMINING_DOCUMENT b'753514'
ACTION MARK 10000 3854 CONSIDERED_RELEVANT b'753514'
ACTION SNIPPET 10000 3857 SNIPPET_NOT_RELEVANT b'193331'
ACTION SNIPPET 10000 3860 SNIPPET_RELEVANT b'918798'
ACTION DOC 10000 3880 EXAMINING_DOCUMENT b'918798'
ACTION MARK 10000 3883 CONSIDERED_RELEVANT b'918798'
ACTION SNIPPET 10000 3886 SNIPPET_NOT_RELEVANT b'1643366'
ACTION SNIPPET 10000 3889 SNIPPET_NOT_RELEVANT b'598650'
ACTION SNIPPET 10000 3892 SEEN_PREVIOUSLY b'597493'
ACTION SNIPPET 10000 3895 SEEN_PREVIOUSLY b'594522'
ACTION SNIPPET 10000 3898 SNIPPET_NOT_RELEVANT b'12103'
ACTION SNIPPET 10000 3901 SNIPPET_NOT_RELEVANT b'757222'
ACTION SNIPPET 10000 3904 SNIPPET_RELEVANT b'717105'
ACTION DOC 10000 3924 EXAMINING_DOCUMENT b'717105'
ACTION MARK 10000 3927 CONSIDERED_RELEVANT b'717105'
ACTION SNIPPET 10000 3930 SNIPPET_NOT_RELEVANT b'1399155'
ACTION SNIPPET 10000 3933 SNIPPET_NOT_RELEVANT b'1591885'
ACTION SNIPPET 10000 3936 SEEN_PREVIOUSLY b'818584'
ACTION SNIPPET 10000 3939 SNIPPET_RELEVANT b'161428'
ACTION DOC 10000 3959 EXAMINING_DOCUMENT b'161428'
ACTION MARK 10000 3962 CONSIDERED_RELEVANT b'161428'
ACTION SNIPPET 10000 3965 SNIPPET_RELEVANT b'605223'
ACTION DOC 10000 3985 EXAMINING_DOCUMENT b'605223'
ACTION SNIPPET 10000 3988 SEEN_PREVIOUSLY b'1710222'
ACTION SNIPPET 10000 3991 SNIPPET_NOT_RELEVANT b'1840912'
ACTION SNIPPET 10000 3994 SNIPPET_RELEVANT b'605000'
ACTION DOC 10000 4014 EXAMINING_DOCUMENT b'605000'
ACTION MARK 10000 4017 CONSIDERED_RELEVANT b'605000'
ACTION SNIPPET 10000 4020 SNIPPET_NOT_RELEVANT b'818244'
ACTION SNIPPET 10000 4023 SNIPPET_RELEVANT b'918941'
ACTION DOC 10000 4043 EXAMINING_DOCUMENT b'918941'
ACTION MARK 10000 4046 CONSIDERED_RELEVANT b'918941'
ACTION SNIPPET 10000 4049 SNIPPET_RELEVANT b'248509'
ACTION DOC 10000 4069 EXAMINING_DOCUMENT b'248509'
ACTION MARK 10000 4072 CONSIDERED_RELEVANT b'248509'
ACTION SNIPPET 10000 4075 SNIPPET_NOT_RELEVANT b'774587'
ACTION SNIPPET 10000 4078 SNIPPET_RELEVANT b'1185625'
ACTION DOC 10000 4098 EXAMINING_DOCUMENT b'1185625'
ACTION MARK 10000 4101 CONSIDERED_RELEVANT b'1185625'
ACTION SNIPPET 10000 4104 SNIPPET_RELEVANT b'1103825'
ACTION DOC 10000 4124 EXAMINING_DOCUMENT b'1103825'
ACTION SNIPPET 10000 4127 SEEN_PREVIOUSLY b'858947'
ACTION SNIPPET 10000 4130 SNIPPET_NOT_RELEVANT b'396076'
ACTION SNIPPET 10000 4133 SNIPPET_NOT_RELEVANT b'1794188'
ACTION SNIPPET 10000 4136 SEEN_PREVIOUSLY b'1216045'
ACTION SNIPPET 10000 4139 SNIPPET_NOT_RELEVANT b'717823'
ACTION SNIPPET 10000 4142 SNIPPET_NOT_RELEVANT b'734110'
ACTION SNIPPET 10000 4145 SEEN_PREVIOUSLY b'603970'
ACTION SNIPPET 10000 4148 SNIPPET_RELEVANT b'11458'
ACTION DOC 10000 4168 EXAMINING_DOCUMENT b'11458'
ACTION MARK 10000 4171 CONSIDERED_RELEVANT b'11458'
ACTION SNIPPET 10000 4174 SNIPPET_RELEVANT b'603527'
ACTION DOC 10000 4194 EXAMINING_DOCUMENT b'603527'
ACTION MARK 10000 4197 CONSIDERED_RELEVANT b'603527'
ACTION SNIPPET 10000 4200 SNIPPET_NOT_RELEVANT b'609808'
ACTION SNIPPET 10000 4203 SEEN_PREVIOUSLY b'1820132'
ACTION SNIPPET 10000 4206 SNIPPET_NOT_RELEVANT b'1470547'
ACTION SNIPPET 10000 4209 SEEN_PREVIOUSLY b'918959'
ACTION SNIPPET 10000 4212 SNIPPET_RELEVANT b'1820632'
ACTION DOC 10000 4232 EXAMINING_DOCUMENT b'1820632'
ACTION MARK 10000 4235 CONSIDERED_RELEVANT b'1820632'
ACTION SNIPPET 10000 4238 SNIPPET_NOT_RELEVANT b'1262809'
ACTION SNIPPET 10000 4241 SEEN_PREVIOUSLY b'1840901'
ACTION SNIPPET 10000 4244 SEEN_PREVIOUSLY b'1818609'
ACTION SNIPPET 10000 4247 SNIPPET_NOT_RELEVANT b'603993'
ACTION SNIPPET 10000 4250 SNIPPET_NOT_RELEVANT b'918804'
ACTION SNIPPET 10000 4253 SNIPPET_NOT_RELEVANT b'1836196'
ACTION SNIPPET 10000 4256 SNIPPET_RELEVANT b'596179'
ACTION DOC 10000 4276 EXAMINING_DOCUMENT b'596179'
ACTION MARK 10000 4279 CONSIDERED_RELEVANT b'596179'
ACTION SNIPPET 10000 4282 SNIPPET_NOT_RELEVANT b'1259225'
ACTION SNIPPET 10000 4285 SNIPPET_RELEVANT b'1456777'
ACTION DOC 10000 4305 EXAMINING_DOCUMENT b'1456777'
ACTION SNIPPET 10000 4308 SNIPPET_NOT_RELEVANT b'928235'
ACTION SNIPPET 10000 4311 SNIPPET_RELEVANT b'1313540'
ACTION DOC 10000 4331 EXAMINING_DOCUMENT b'1313540'
ACTION QUERY 10000 4341 cult lifestyles eat
ACTION SERP 10000 4346 EXAMINE_SERP
ACTION SNIPPET 10000 4349 SEEN_PREVIOUSLY b'624863'
ACTION SNIPPET 10000 4352 SNIPPET_NOT_RELEVANT b'1667030'
ACTION SNIPPET 10000 4355 SEEN_PREVIOUSLY b'1667027'
ACTION SNIPPET 10000 4358 SNIPPET_RELEVANT b'1643032'
ACTION DOC 10000 4378 EXAMINING_DOCUMENT b'1643032'
ACTION SNIPPET 10000 4381 SEEN_PREVIOUSLY b'594136'
ACTION SNIPPET 10000 4384 SNIPPET_NOT_RELEVANT b'1552151'
ACTION SNIPPET 10000 4387 SNIPPET_NOT_RELEVANT b'1667031'
ACTION SNIPPET 10000 4390 SEEN_PREVIOUSLY b'1186564'
ACTION SNIPPET 10000 4393 SNIPPET_RELEVANT b'1491847'
ACTION DOC 10000 4413 EXAMINING_DOCUMENT b'1491847'
ACTION QUERY 10000 4423 cult lifestyles burial
ACTION SERP 10000 4428 EXAMINE_SERP
ACTION SNIPPET 10000 4431 SEEN_PREVIOUSLY b'624863'
ACTION SNIPPET 10000 4434 SNIPPET_RELEVANT b'628493'
ACTION DOC 10000 4454 EXAMINING_DOCUMENT b'628493'
ACTION SNIPPET 10000 4457 SNIPPET_NOT_RELEVANT b'919725'
ACTION SNIPPET 10000 4460 SEEN_PREVIOUSLY b'1186564'
ACTION SNIPPET 10000 4463 SEEN_PREVIOUSLY b'1155534'
ACTION SNIPPET 10000 4466 SEEN_PREVIOUSLY b'1757752'
ACTION SNIPPET 10000 4469 SEEN_PREVIOUSLY b'1209320'
ACTION SNIPPET 10000 4472 SEEN_PREVIOUSLY b'1187217'
ACTION SNIPPET 10000 4475 SNIPPET_NOT_RELEVANT b'201809'
ACTION QUERY 10000 4485 cult lifestyles issue
ACTION SERP 10000 4490 EXAMINE_SERP
ACTION SNIPPET 10000 4493 SEEN_PREVIOUSLY b'624863'
ACTION SNIPPET 10000 4496 SEEN_PREVIOUSLY b'1186564'
ACTION SNIPPET 10000 4499 SEEN_PREVIOUSLY b'1757752'
ACTION SNIPPET 10000 4502 SEEN_PREVIOUSLY b'1209320'
ACTION SNIPPET 10000 4505 SEEN_PREVIOUSLY b'1187217'
ACTION SNIPPET 10000 4508 SEEN_PREVIOUSLY b'1262473'
ACTION SNIPPET 10000 4511 SEEN_PREVIOUSLY b'1634148'
ACTION SNIPPET 10000 4514 SEEN_PREVIOUSLY b'1176601'
ACTION SNIPPET 10000 4517 SNIPPET_NOT_RELEVANT b'1401961'
ACTION SNIPPET 10000 4520 SNIPPET_NOT_RELEVANT b'1756666'
ACTION SNIPPET 10000 4523 SNIPPET_NOT_RELEVANT b'1483733'
ACTION SNIPPET 10000 4526 SEEN_PREVIOUSLY b'793826'
ACTION SNIPPET 10000 4529 SNIPPET_NOT_RELEVANT b'604357'
ACTION SNIPPET 10000 4532 SEEN_PREVIOUSLY b'1710222'
ACTION SNIPPET 10000 4535 SNIPPET_NOT_RELEVANT b'1165836'
ACTION QUERY 10000 4545 cult lifestyles voted
ACTION SERP 10000 4550 EXAMINE_SERP
ACTION SNIPPET 10000 4553 SEEN_PREVIOUSLY b'624863'
ACTION SNIPPET 10000 4556 SEEN_PREVIOUSLY b'1186564'
ACTION SNIPPET 10000 4559 SEEN_PREVIOUSLY b'1757752'
ACTION SNIPPET 10000 4562 SNIPPET_NOT_RELEVANT b'1626639'
ACTION SNIPPET 10000 4565 SEEN_PREVIOUSLY b'1209320'
ACTION SNIPPET 10000 4568 SEEN_PREVIOUSLY b'1187217'
ACTION SNIPPET 10000 4571 SEEN_PREVIOUSLY b'1801782'
ACTION SNIPPET 10000 4574 SNIPPET_NOT_RELEVANT b'1299150'
ACTION SNIPPET 10000 4577 SEEN_PREVIOUSLY b'1262473'
ACTION SNIPPET 10000 4580 SEEN_PREVIOUSLY b'1634148'
ACTION SNIPPET 10000 4583 SEEN_PREVIOUSLY b'1176601'
ACTION SNIPPET 10000 4586 SNIPPET_NOT_RELEVANT b'603530'
ACTION SNIPPET 10000 4589 SNIPPET_RELEVANT b'1384922'
ACTION DOC 10000 4609 EXAMINING_DOCUMENT b'1384922'
ACTION QUERY 10000 4619 cult lifestyles whos
ACTION SERP 10000 4624 EXAMINE_SERP
ACTION SNIPPET 10000 4627 SEEN_PREVIOUSLY b'624863'
ACTION SNIPPET 10000 4630 SEEN_PREVIOUSLY b'1186564'
ACTION SNIPPET 10000 4633 SEEN_PREVIOUSLY b'1757752'
ACTION SNIPPET 10000 4636 SEEN_PREVIOUSLY b'1209320'
ACTION SNIPPET 10000 4639 SEEN_PREVIOUSLY b'1187217'
ACTION SNIPPET 10000 4642 SEEN_PREVIOUSLY b'1262473'
ACTION SNIPPET 10000 4645 SEEN_PREVIOUSLY b'1634148'
ACTION SNIPPET 10000 4648 SEEN_PREVIOUSLY b'1176601'
ACTION SNIPPET 10000 4651 SEEN_PREVIOUSLY b'1710222'
ACTION SNIPPET 10000 4654 SEEN_PREVIOUSLY b'1216045'
ACTION SNIPPET 10000 4657 SEEN_PREVIOUSLY b'1820132'
ACTION SNIPPET 10000 4660 SEEN_PREVIOUSLY b'1818609'
ACTION SNIPPET 10000 4663 SEEN_PREVIOUSLY b'1820632'
ACTION SNIPPET 10000 4666 SEEN_PREVIOUSLY b'1840901'
ACTION SNIPPET 10000 4669 SNIPPET_NOT_RELEVANT b'1237817'
ACTION QUERY 10000 4679 cult lifestyles idea
ACTION SERP 10000 4684 EXAMINE_SERP
ACTION SNIPPET 10000 4687 SEEN_PREVIOUSLY b'624863'
ACTION SNIPPET 10000 4690 SEEN_PREVIOUSLY b'1186564'
ACTION SNIPPET 10000 4693 SNIPPET_NOT_RELEVANT b'1537669'
ACTION SNIPPET 10000 4696 SEEN_PREVIOUSLY b'1757752'
ACTION SNIPPET 10000 4699 SEEN_PREVIOUSLY b'638539'
ACTION SNIPPET 10000 4702 SEEN_PREVIOUSLY b'1209320'
ACTION SNIPPET 10000 4705 SEEN_PREVIOUSLY b'1187217'
ACTION SNIPPET 10000 4708 SNIPPET_RELEVANT b'1431217'
ACTION DOC 10000 4728 EXAMINING_DOCUMENT b'1431217'
ACTION MARK 10000 4731 CONSIDERED_RELEVANT b'1431217'
ACTION SNIPPET 10000 4734 SNIPPET_RELEVANT b'1702788'
ACTION DOC 10000 4754 EXAMINING_DOCUMENT b'1702788'
ACTION SNIPPET 10000 4757 SEEN_PREVIOUSLY b'1262473'
ACTION SNIPPET 10000 4760 SNIPPET_NOT_RELEVANT b'1665751'
ACTION SNIPPET 10000 4763 SNIPPET_NOT_RELEVANT b'1192449'
ACTION SNIPPET 10000 4766 SEEN_PREVIOUSLY b'1634148'
ACTION SNIPPET 10000 4769 SNIPPET_RELEVANT b'1750612'
ACTION DOC 10000 4789 EXAMINING_DOCUMENT b'1750612'
ACTION QUERY 10000 4799 cult lifestyles executed
ACTION SERP 10000 4804 EXAMINE_SERP
ACTION SNIPPET 10000 4807 SEEN_PREVIOUSLY b'624863'
ACTION SNIPPET 10000 4810 SEEN_PREVIOUSLY b'1209320'
ACTION SNIPPET 10000 4813 SEEN_PREVIOUSLY b'1186564'
ACTION SNIPPET 10000 4816 SEEN_PREVIOUSLY b'1757752'
ACTION SNIPPET 10000 4819 SEEN_PREVIOUSLY b'1187217'
ACTION SNIPPET 10000 4822 SEEN_PREVIOUSLY b'1262473'
ACTION SNIPPET 10000 4825 SEEN_PREVIOUSLY b'1385941'
ACTION SNIPPET 10000 4828 SEEN_PREVIOUSLY b'1634148'
ACTION SNIPPET 10000 4831 SEEN_PREVIOUSLY b'1403973'
ACTION SNIPPET 10000 4834 SEEN_PREVIOUSLY b'1176601'
ACTION SNIPPET 10000 4837 SNIPPET_RELEVANT b'1355683'
ACTION DOC 10000 4857 EXAMINING_DOCUMENT b'1355683'
ACTION MARK 10000 4860 CONSIDERED_RELEVANT b'1355683'
ACTION SNIPPET 10000 4863 SEEN_PREVIOUSLY b'1624134'
ACTION SNIPPET 10000 4866 SEEN_PREVIOUSLY b'718532'
ACTION SNIPPET 10000 4869 SEEN_PREVIOUSLY b'1710222'
ACTION SNIPPET 10000 4872 SEEN_PREVIOUSLY b'918782'
ACTION SNIPPET 10000 4875 SEEN_PREVIOUSLY b'1527815'
ACTION SNIPPET 10000 4878 SNIPPET_RELEVANT b'1408897'
ACTION DOC 10000 4898 EXAMINING_DOCUMENT b'1408897'
ACTION SNIPPET 10000 4901 SNIPPET_NOT_RELEVANT b'155310'
ACTION SNIPPET 10000 4904 SNIPPET_RELEVANT b'1533250'
ACTION DOC 10000 4924 EXAMINING_DOCUMENT b'1533250'
ACTION QUERY 10000 4934 cult lifestyles cults
ACTION SERP 10000 4939 EXAMINE_SERP
ACTION SNIPPET 10000 4942 SEEN_PREVIOUSLY b'624863'
ACTION SNIPPET 10000 4945 SEEN_PREVIOUSLY b'1187217'
ACTION SNIPPET 10000 4948 SEEN_PREVIOUSLY b'1186564'
ACTION SNIPPET 10000 4951 SNIPPET_NOT_RELEVANT b'151228'
ACTION SNIPPET 10000 4954 SEEN_PREVIOUSLY b'638539'
ACTION SNIPPET 10000 4957 SEEN_PREVIOUSLY b'787163'
ACTION SNIPPET 10000 4960 SEEN_PREVIOUSLY b'751928'
ACTION SNIPPET 10000 4963 SEEN_PREVIOUSLY b'329591'
ACTION SNIPPET 10000 4966 SEEN_PREVIOUSLY b'1189049'
ACTION SNIPPET 10000 4969 SNIPPET_RELEVANT b'923384'
ACTION DOC 10000 4989 EXAMINING_DOCUMENT b'923384'
ACTION MARK 10000 4992 CONSIDERED_RELEVANT b'923384'
ACTION SNIPPET 10000 4995 SEEN_PREVIOUSLY b'793826'
ACTION SNIPPET 10000 4998 SEEN_PREVIOUSLY b'1188846'
ACTION SNIPPET 10000 5001 SEEN_PREVIOUSLY b'917723'
ACTION SNIPPET 10000 5004 SNIPPET_NOT_RELEVANT b'816137'
ACTION SNIPPET 10000 5007 SEEN_PREVIOUSLY b'804157'
ACTION SNIPPET 10000 5010 SEEN_PREVIOUSLY b'603804'
ACTION SNIPPET 10000 5013 SNIPPET_NOT_RELEVANT b'247846'
ACTION SNIPPET 10000 5016 SEEN_PREVIOUSLY b'1187383'
ACTION SNIPPET 10000 5019 SNIPPET_NOT_RELEVANT b'1307703'
ACTION SNIPPET 10000 5022 SNIPPET_RELEVANT b'604357'
ACTION DOC 10000 5042 EXAMINING_DOCUMENT b'604357'
ACTION MARK 10000 5045 CONSIDERED_RELEVANT b'604357'
ACTION SNIPPET 10000 5048 SEEN_PREVIOUSLY b'1757752'
ACTION SNIPPET 10000 5051 SEEN_PREVIOUSLY b'1634148'
ACTION SNIPPET 10000 5054 SEEN_PREVIOUSLY b'818310'
ACTION SNIPPET 10000 5057 SNIPPET_RELEVANT b'649211'
ACTION DOC 10000 5077 EXAMINING_DOCUMENT b'649211'
ACTION MARK 10000 5080 CONSIDERED_RELEVANT b'649211'
ACTION SNIPPET 10000 5083 SEEN_PREVIOUSLY b'594136'
ACTION SNIPPET 10000 5086 SEEN_PREVIOUSLY b'920343'
ACTION SNIPPET 10000 5089 SNIPPET_RELEVANT b'600569'
ACTION DOC 10000 5109 EXAMINING_DOCUMENT b'600569'
ACTION SNIPPET 10000 5112 SEEN_PREVIOUSLY b'882763'
ACTION SNIPPET 10000 5115 SEEN_PREVIOUSLY b'1403973'
ACTION SNIPPET 10000 5118 SEEN_PREVIOUSLY b'755275'
ACTION SNIPPET 10000 5121 SNIPPET_NOT_RELEVANT b'12456'
ACTION SNIPPET 10000 5124 SEEN_PREVIOUSLY b'597276'
ACTION SNIPPET 10000 5127 SEEN_PREVIOUSLY b'1209320'
ACTION SNIPPET 10000 5130 SNIPPET_RELEVANT b'920564'
ACTION DOC 10000 5150 EXAMINING_DOCUMENT b'920564'
ACTION MARK 10000 5153 CONSIDERED_RELEVANT b'920564'
ACTION SNIPPET 10000 5156 SEEN_PREVIOUSLY b'650433'
ACTION SNIPPET 10000 5159 SNIPPET_RELEVANT b'1334512'
ACTION DOC 10000 5179 EXAMINING_DOCUMENT b'1334512'
ACTION SNIPPET 10000 5182 SEEN_PREVIOUSLY b'924605'
ACTION SNIPPET 10000 5185 SEEN_PREVIOUSLY b'348331'
ACTION SNIPPET 10000 5188 SEEN_PREVIOUSLY b'966096'
ACTION SNIPPET 10000 5191 SEEN_PREVIOUSLY b'647946'
ACTION SNIPPET 10000 5194 SEEN_PREVIOUSLY b'795964'
ACTION SNIPPET 10000 5197 SEEN_PREVIOUSLY b'603527'
ACTION SNIPPET 10000 5200 SEEN_PREVIOUSLY b'919922'
ACTION SNIPPET 10000 5203 SEEN_PREVIOUSLY b'606105'
ACTION QUERY 10000 5213 cult lifestyles letterman
ACTION SERP 10000 5218 EXAMINE_SERP
ACTION SNIPPET 10000 5221 SEEN_PREVIOUSLY b'1820132'
ACTION SNIPPET 10000 5224 SEEN_PREVIOUSLY b'1820632'
ACTION SNIPPET 10000 5227 SNIPPET_RELEVANT b'1834686'
ACTION DOC 10000 5247 EXAMINING_DOCUMENT b'1834686'
ACTION SNIPPET 10000 5250 SEEN_PREVIOUSLY b'624863'
ACTION SNIPPET 10000 5253 SNIPPET_NOT_RELEVANT b'709319'
ACTION SNIPPET 10000 5256 SNIPPET_RELEVANT b'709344'
ACTION DOC 10000 5276 EXAMINING_DOCUMENT b'709344'
ACTION QUERY 10000 5286 cult lifestyles family
ACTION SERP 10000 5291 EXAMINE_SERP
ACTION SNIPPET 10000 5294 SEEN_PREVIOUSLY b'624863'
ACTION SNIPPET 10000 5297 SEEN_PREVIOUSLY b'1187217'
ACTION SNIPPET 10000 5300 SEEN_PREVIOUSLY b'1176601'
ACTION SNIPPET 10000 5303 SEEN_PREVIOUSLY b'1186564'
ACTION SNIPPET 10000 5306 SEEN_PREVIOUSLY b'1757752'
ACTION SNIPPET 10000 5309 SEEN_PREVIOUSLY b'1209320'
ACTION SNIPPET 10000 5312 SEEN_PREVIOUSLY b'1216045'
ACTION SNIPPET 10000 5315 SEEN_PREVIOUSLY b'787163'
ACTION SNIPPET 10000 5318 SEEN_PREVIOUSLY b'329591'
ACTION SNIPPET 10000 5321 SEEN_PREVIOUSLY b'1262473'
ACTION SNIPPET 10000 5324 SEEN_PREVIOUSLY b'1634148'
ACTION SNIPPET 10000 5327 SEEN_PREVIOUSLY b'1533250'
ACTION SNIPPET 10000 5330 SEEN_PREVIOUSLY b'919308'
ACTION SNIPPET 10000 5333 SEEN_PREVIOUSLY b'919358'
ACTION SNIPPET 10000 5336 SEEN_PREVIOUSLY b'1334512'
ACTION QUERY 10000 5346 cult lifestyles locke
ACTION SERP 10000 5351 EXAMINE_SERP
ACTION SNIPPET 10000 5354 SEEN_PREVIOUSLY b'624863'
ACTION SNIPPET 10000 5357 SEEN_PREVIOUSLY b'920343'
ACTION SNIPPET 10000 5360 SEEN_PREVIOUSLY b'919922'
ACTION SNIPPET 10000 5363 SNIPPET_RELEVANT b'1192449'
ACTION DOC 10000 5383 EXAMINING_DOCUMENT b'1192449'
ACTION SNIPPET 10000 5386 SEEN_PREVIOUSLY b'1186564'
ACTION SNIPPET 10000 5389 SEEN_PREVIOUSLY b'767123'
ACTION SNIPPET 10000 5392 SEEN_PREVIOUSLY b'1757752'
ACTION SNIPPET 10000 5395 SNIPPET_RELEVANT b'802800'
ACTION DOC 10000 5415 EXAMINING_DOCUMENT b'802800'
ACTION QUERY 10000 5425 cult lifestyles missing
ACTION SERP 10000 5430 EXAMINE_SERP
ACTION SNIPPET 10000 5433 SEEN_PREVIOUSLY b'624863'
ACTION SNIPPET 10000 5436 SEEN_PREVIOUSLY b'1186564'
ACTION SNIPPET 10000 5439 SNIPPET_RELEVANT b'125479'
ACTION DOC 10000 5459 EXAMINING_DOCUMENT b'125479'
ACTION SNIPPET 10000 5462 SEEN_PREVIOUSLY b'1757752'
ACTION SNIPPET 10000 5465 SEEN_PREVIOUSLY b'1209320'
ACTION SNIPPET 10000 5468 SNIPPET_RELEVANT b'818244'
ACTION DOC 10000 5488 EXAMINING_DOCUMENT b'818244'
ACTION MARK 10000 5491 CONSIDERED_RELEVANT b'818244'
ACTION SNIPPET 10000 5494 SEEN_PREVIOUSLY b'1187217'
ACTION SNIPPET 10000 5497 SEEN_PREVIOUSLY b'818310'
ACTION SNIPPET 10000 5500 SEEN_PREVIOUSLY b'1262473'
ACTION SNIPPET 10000 5503 SEEN_PREVIOUSLY b'1634148'
ACTION SNIPPET 10000 5506 SEEN_PREVIOUSLY b'1533250'
ACTION SNIPPET 10000 5509 SEEN_PREVIOUSLY b'1176601'
ACTION SNIPPET 10000 5512 SEEN_PREVIOUSLY b'818584'
ACTION SNIPPET 10000 5515 SEEN_PREVIOUSLY b'1385941'
ACTION SNIPPET 10000 5518 SEEN_PREVIOUSLY b'1710222'
ACTION SNIPPET 10000 5521 SNIPPET_RELEVANT b'191647'
ACTION DOC 10000 5541 EXAMINING_DOCUMENT b'191647'
ACTION QUERY 10000 5551 cult lifestyles ufos
ACTION SERP 10000 5556 EXAMINE_SERP
ACTION SNIPPET 10000 5559 SEEN_PREVIOUSLY b'624863'
ACTION SNIPPET 10000 5562 SNIPPET_NOT_RELEVANT b'874866'
ACTION SNIPPET 10000 5565 SNIPPET_NOT_RELEVANT b'122977'
ACTION SNIPPET 10000 5568 SNIPPET_RELEVANT b'1487081'
ACTION DOC 10000 5588 EXAMINING_DOCUMENT b'1487081'
ACTION SNIPPET 10000 5591 SNIPPET_RELEVANT b'918758'
ACTION DOC 10000 5611 EXAMINING_DOCUMENT b'918758'
ACTION MARK 10000 5614 CONSIDERED_RELEVANT b'918758'
ACTION SNIPPET 10000 5617 SNIPPET_NOT_RELEVANT b'1539254'
ACTION SNIPPET 10000 5620 SNIPPET_RELEVANT b'907555'
ACTION DOC 10000 5640 EXAMINING_DOCUMENT b'907555'
ACTION SNIPPET 10000 5643 SNIPPET_RELEVANT b'715354'
ACTION DOC 10000 5663 EXAMINING_DOCUMENT b'715354'
ACTION SNIPPET 10000 5666 SEEN_PREVIOUSLY b'1186564'
ACTION QUERY 10000 5676 cult lifestyles color
ACTION SERP 10000 5681 EXAMINE_SERP
ACTION SNIPPET 10000 5684 SEEN_PREVIOUSLY b'624863'
ACTION SNIPPET 10000 5687 SEEN_PREVIOUSLY b'1186564'
ACTION SNIPPET 10000 5690 SEEN_PREVIOUSLY b'1757752'
ACTION SNIPPET 10000 5693 SEEN_PREVIOUSLY b'1209320'
ACTION SNIPPET 10000 5696 SEEN_PREVIOUSLY b'1313540'
ACTION SNIPPET 10000 5699 SEEN_PREVIOUSLY b'1187217'
ACTION SNIPPET 10000 5702 SNIPPET_NOT_RELEVANT b'825898'
ACTION SNIPPET 10000 5705 SNIPPET_NOT_RELEVANT b'1512505'
ACTION SNIPPET 10000 5708 SNIPPET_NOT_RELEVANT b'1389069'
ACTION SNIPPET 10000 5711 SEEN_PREVIOUSLY b'1262473'
ACTION SNIPPET 10000 5714 SEEN_PREVIOUSLY b'1634148'
ACTION SNIPPET 10000 5717 SEEN_PREVIOUSLY b'1176601'
ACTION SNIPPET 10000 5720 SNIPPET_NOT_RELEVANT b'1552011'
ACTION SNIPPET 10000 5723 SNIPPET_RELEVANT b'1272596'
ACTION DOC 10000 5743 EXAMINING_DOCUMENT b'1272596'
ACTION QUERY 10000 5753 cult lifestyles holiday
ACTION SERP 10000 5758 EXAMINE_SERP
ACTION SNIPPET 10000 5761 SEEN_PREVIOUSLY b'624863'
ACTION SNIPPET 10000 5764 SEEN_PREVIOUSLY b'1262473'
ACTION SNIPPET 10000 5767 SEEN_PREVIOUSLY b'1820132'
ACTION SNIPPET 10000 5770 SEEN_PREVIOUSLY b'1820632'
ACTION SNIPPET 10000 5773 SEEN_PREVIOUSLY b'1632226'
ACTION SNIPPET 10000 5776 SNIPPET_RELEVANT b'655059'
ACTION DOC 10000 5796 EXAMINING_DOCUMENT b'655059'
ACTION SNIPPET 10000 5799 SEEN_PREVIOUSLY b'1186564'
ACTION SNIPPET 10000 5802 SNIPPET_NOT_RELEVANT b'1490444'
ACTION SNIPPET 10000 5805 SNIPPET_RELEVANT b'1076518'
ACTION DOC 10000 5825 EXAMINING_DOCUMENT b'1076518'
ACTION MARK 10000 5828 CONSIDERED_RELEVANT b'1076518'
ACTION SNIPPET 10000 5831 SNIPPET_NOT_RELEVANT b'1431427'
ACTION SNIPPET 10000 5834 SNIPPET_RELEVANT b'1490449'
ACTION DOC 10000 5854 EXAMINING_DOCUMENT b'1490449'
ACTION SNIPPET 10000 5857 SNIPPET_RELEVANT b'1296134'
ACTION DOC 10000 5877 EXAMINING_DOCUMENT b'1296134'
ACTION SNIPPET 10000 5880 SEEN_PREVIOUSLY b'1757752'
ACTION QUERY 10000 5890 cult lifestyles charged
ACTION SERP 10000 5895 EXAMINE_SERP
ACTION SNIPPET 10000 5898 SEEN_PREVIOUSLY b'624863'
ACTION SNIPPET 10000 5901 SEEN_PREVIOUSLY b'1186564'
ACTION SNIPPET 10000 5904 SEEN_PREVIOUSLY b'1757752'
ACTION SNIPPET 10000 5907 SEEN_PREVIOUSLY b'793826'
ACTION SNIPPET 10000 5910 SEEN_PREVIOUSLY b'787163'
ACTION SNIPPET 10000 5913 SEEN_PREVIOUSLY b'1209320'
ACTION SNIPPET 10000 5916 SNIPPET_NOT_RELEVANT b'1094902'
ACTION SNIPPET 10000 5919 SEEN_PREVIOUSLY b'249102'
ACTION SNIPPET 10000 5922 SEEN_PREVIOUSLY b'1187217'
ACTION SNIPPET 10000 5925 SEEN_PREVIOUSLY b'795964'
ACTION SNIPPET 10000 5928 SNIPPET_RELEVANT b'12456'
ACTION DOC 10000 5948 EXAMINING_DOCUMENT b'12456'
ACTION MARK 10000 5951 CONSIDERED_RELEVANT b'12456'
ACTION SNIPPET 10000 5954 SEEN_PREVIOUSLY b'804157'
ACTION SNIPPET 10000 5957 SNIPPET_NOT_RELEVANT b'18610'
ACTION SNIPPET 10000 5960 SEEN_PREVIOUSLY b'882763'
ACTION SNIPPET 10000 5963 SEEN_PREVIOUSLY b'1262473'
ACTION SNIPPET 10000 5966 SNIPPET_RELEVANT b'1363255'
ACTION DOC 10000 5986 EXAMINING_DOCUMENT b'1363255'
ACTION SNIPPET 10000 5989 SEEN_PREVIOUSLY b'596542'
ACTION SNIPPET 10000 5992 SEEN_PREVIOUSLY b'1634148'
ACTION SNIPPET 10000 5995 SEEN_PREVIOUSLY b'1304843'
ACTION SNIPPET 10000 5998 SEEN_PREVIOUSLY b'755275'
ACTION SNIPPET 10000 6001 SEEN_PREVIOUSLY b'1176601'
ACTION QUERY 10000 6011 cult lifestyles stuff
ACTION SERP 10000 6016 EXAMINE_SERP
ACTION SNIPPET 10000 6019 SEEN_PREVIOUSLY b'624863'
ACTION SNIPPET 10000 6022 SEEN_PREVIOUSLY b'1710222'
ACTION SNIPPET 10000 6025 SEEN_PREVIOUSLY b'1773125'
ACTION SNIPPET 10000 6028 SNIPPET_NOT_RELEVANT b'1237817'
ACTION SNIPPET 10000 6031 SEEN_PREVIOUSLY b'1186564'
ACTION SNIPPET 10000 6034 SNIPPET_NOT_RELEVANT b'669230'
ACTION SNIPPET 10000 6037 SNIPPET_NOT_RELEVANT b'890614'
ACTION SNIPPET 10000 6040 SEEN_PREVIOUSLY b'1757752'
ACTION SNIPPET 10000 6043 SEEN_PREVIOUSLY b'1209320'
ACTION SNIPPET 10000 6046 SNIPPET_NOT_RELEVANT b'1431102'
ACTION SNIPPET 10000 6049 SEEN_PREVIOUSLY b'1187217'
ACTION SNIPPET 10000 6052 SEEN_PREVIOUSLY b'918782'
ACTION SNIPPET 10000 6055 SNIPPET_NOT_RELEVANT b'259193'
ACTION SNIPPET 10000 6058 SNIPPET_RELEVANT b'1373375'
ACTION DOC 10000 6078 EXAMINING_DOCUMENT b'1373375'
ACTION QUERY 10000 6088 cult lifestyles os
ACTION SERP 10000 6093 EXAMINE_SERP
ACTION SNIPPET 10000 6096 SNIPPET_NOT_RELEVANT b'1059826'
ACTION SNIPPET 10000 6099 SEEN_PREVIOUSLY b'624863'
ACTION SNIPPET 10000 6102 SNIPPET_RELEVANT b'1285617'
ACTION DOC 10000 6122 EXAMINING_DOCUMENT b'1285617'
ACTION SNIPPET 10000 6125 SNIPPET_NOT_RELEVANT b'1261672'
ACTION SNIPPET 10000 6128 SNIPPET_NOT_RELEVANT b'1754183'
ACTION SNIPPET 10000 6131 SNIPPET_RELEVANT b'1668348'
ACTION DOC 10000 6151 EXAMINING_DOCUMENT b'1668348'
ACTION QUERY 10000 6161 cult lifestyles years
ACTION SERP 10000 6166 EXAMINE_SERP
ACTION SNIPPET 10000 6169 SEEN_PREVIOUSLY b'624863'
ACTION SNIPPET 10000 6172 SEEN_PREVIOUSLY b'1186564'
ACTION SNIPPET 10000 6175 SEEN_PREVIOUSLY b'1757752'
ACTION SNIPPET 10000 6178 SEEN_PREVIOUSLY b'1209320'
ACTION SNIPPET 10000 6181 SEEN_PREVIOUSLY b'1187217'
ACTION SNIPPET 10000 6184 SEEN_PREVIOUSLY b'1262473'
ACTION SNIPPET 10000 6187 SEEN_PREVIOUSLY b'1634148'
ACTION SNIPPET 10000 6190 SEEN_PREVIOUSLY b'1710222'
ACTION SNIPPET 10000 6193 SEEN_PREVIOUSLY b'1176601'
ACTION SNIPPET 10000 6196 SEEN_PREVIOUSLY b'1216045'
ACTION SNIPPET 10000 6199 SEEN_PREVIOUSLY b'1820132'
ACTION SNIPPET 10000 6202 SEEN_PREVIOUSLY b'1820632'
ACTION SNIPPET 10000 6205 SEEN_PREVIOUSLY b'1840901'
ACTION SNIPPET 10000 6208 SEEN_PREVIOUSLY b'1818609'
ACTION SNIPPET 10000 6211 SNIPPET_RELEVANT b'1237817'
ACTION DOC 10000 6231 EXAMINING_DOCUMENT b'1237817'
ACTION QUERY 10000 6241 cult lifestyles falun
ACTION SERP 10000 6246 EXAMINE_SERP
ACTION SNIPPET 10000 6249 SNIPPET_RELEVANT b'1269480'
ACTION DOC 10000 6269 EXAMINING_DOCUMENT b'1269480'
ACTION SNIPPET 10000 6272 SNIPPET_RELEVANT b'1266191'
ACTION DOC 10000 6292 EXAMINING_DOCUMENT b'1266191'
ACTION MARK 10000 6295 CONSIDERED_RELEVANT b'1266191'
ACTION SNIPPET 10000 6298 SEEN_PREVIOUSLY b'1149742'
ACTION SNIPPET 10000 6301 SNIPPET_RELEVANT b'1150820'
ACTION DOC 10000 6321 EXAMINING_DOCUMENT b'1150820'
ACTION SNIPPET 10000 6324 SNIPPET_RELEVANT b'1149070'
ACTION DOC 10000 6344 EXAMINING_DOCUMENT b'1149070'
ACTION MARK 10000 6347 CONSIDERED_RELEVANT b'1149070'
ACTION SNIPPET 10000 6350 SNIPPET_RELEVANT b'1154724'
ACTION DOC 10000 6370 EXAMINING_DOCUMENT b'1154724'
ACTION SNIPPET 10000 6373 SNIPPET_NOT_RELEVANT b'1344799'
ACTION SNIPPET 10000 6376 SNIPPET_NOT_RELEVANT b'1157757'
ACTION SNIPPET 10000 6379 SNIPPET_NOT_RELEVANT b'1148864'
ACTION SNIPPET 10000 6382 SNIPPET_NOT_RELEVANT b'1311401'
ACTION SNIPPET 10000 6385 SNIPPET_NOT_RELEVANT b'1670362'
ACTION SNIPPET 10000 6388 SNIPPET_NOT_RELEVANT b'1148558'
ACTION SNIPPET 10000 6391 SNIPPET_NOT_RELEVANT b'1169937'
ACTION SNIPPET 10000 6394 SNIPPET_NOT_RELEVANT b'1401653'
ACTION SNIPPET 10000 6397 SNIPPET_RELEVANT b'1129012'
ACTION DOC 10000 6417 EXAMINING_DOCUMENT b'1129012'
ACTION MARK 10000 6420 CONSIDERED_RELEVANT b'1129012'
ACTION SNIPPET 10000 6423 SNIPPET_RELEVANT b'1194716'
ACTION DOC 10000 6443 EXAMINING_DOCUMENT b'1194716'
ACTION SNIPPET 10000 6446 SNIPPET_RELEVANT b'1406855'
ACTION DOC 10000 6466 EXAMINING_DOCUMENT b'1406855'
ACTION SNIPPET 10000 6469 SNIPPET_NOT_RELEVANT b'1268537'
ACTION SNIPPET 10000 6472 SNIPPET_NOT_RELEVANT b'1471999'
ACTION QUERY 10000 6482 cult lifestyles practice
ACTION SERP 10000 6487 EXAMINE_SERP
ACTION SNIPPET 10000 6490 SEEN_PREVIOUSLY b'624863'
ACTION SNIPPET 10000 6493 SEEN_PREVIOUSLY b'1187217'
ACTION SNIPPET 10000 6496 SEEN_PREVIOUSLY b'1840901'
ACTION SNIPPET 10000 6499 SEEN_PREVIOUSLY b'1634148'
ACTION SNIPPET 10000 6502 SEEN_PREVIOUSLY b'1186564'
ACTION SNIPPET 10000 6505 SEEN_PREVIOUSLY b'923384'
ACTION SNIPPET 10000 6508 SEEN_PREVIOUSLY b'1757752'
ACTION SNIPPET 10000 6511 SEEN_PREVIOUSLY b'1209320'
ACTION SNIPPET 10000 6514 SNIPPET_NOT_RELEVANT b'1747895'
ACTION SNIPPET 10000 6517 SEEN_PREVIOUSLY b'1262473'
ACTION SNIPPET 10000 6520 SNIPPET_NOT_RELEVANT b'250029'
ACTION SNIPPET 10000 6523 SEEN_PREVIOUSLY b'858947'
ACTION SNIPPET 10000 6526 SEEN_PREVIOUSLY b'125479'
ACTION SNIPPET 10000 6529 SEEN_PREVIOUSLY b'1176601'
ACTION SNIPPET 10000 6532 SEEN_PREVIOUSLY b'598688'
ACTION QUERY 10000 6542 cult lifestyles star
ACTION SERP 10000 6547 EXAMINE_SERP
ACTION SNIPPET 10000 6550 SEEN_PREVIOUSLY b'624863'
ACTION SNIPPET 10000 6553 SEEN_PREVIOUSLY b'1710222'
ACTION SNIPPET 10000 6556 SEEN_PREVIOUSLY b'1237817'
ACTION SNIPPET 10000 6559 SEEN_PREVIOUSLY b'1801782'
ACTION SNIPPET 10000 6562 SEEN_PREVIOUSLY b'1186564'
ACTION SNIPPET 10000 6565 SEEN_PREVIOUSLY b'1757752'
ACTION SNIPPET 10000 6568 SEEN_PREVIOUSLY b'818310'
ACTION SNIPPET 10000 6571 SEEN_PREVIOUSLY b'1209320'
ACTION SNIPPET 10000 6574 SEEN_PREVIOUSLY b'923384'
ACTION SNIPPET 10000 6577 SEEN_PREVIOUSLY b'1187217'
ACTION SNIPPET 10000 6580 SNIPPET_RELEVANT b'1848482'
ACTION DOC 10000 6600 EXAMINING_DOCUMENT b'1848482'
ACTION QUERY 10000 6610 cult lifestyles shallow
ACTION SERP 10000 6615 EXAMINE_SERP
ACTION SNIPPET 10000 6618 SEEN_PREVIOUSLY b'1186564'
ACTION SNIPPET 10000 6621 SEEN_PREVIOUSLY b'624863'
ACTION SNIPPET 10000 6624 SNIPPET_RELEVANT b'1777782'
ACTION DOC 10000 6644 EXAMINING_DOCUMENT b'1777782'
ACTION SNIPPET 10000 6647 SNIPPET_RELEVANT b'1401169'
ACTION DOC 10000 6667 EXAMINING_DOCUMENT b'1401169'
ACTION QUERY 10000 6677 cult lifestyles raids
ACTION SERP 10000 6682 EXAMINE_SERP
ACTION SNIPPET 10000 6685 SEEN_PREVIOUSLY b'598688'
ACTION SNIPPET 10000 6688 SNIPPET_RELEVANT b'637967'
ACTION DOC 10000 6708 EXAMINING_DOCUMENT b'637967'
ACTION MARK 10000 6711 CONSIDERED_RELEVANT b'637967'
ACTION SNIPPET 10000 6714 SEEN_PREVIOUSLY b'593854'
ACTION SNIPPET 10000 6717 SEEN_PREVIOUSLY b'664960'
ACTION SNIPPET 10000 6720 SEEN_PREVIOUSLY b'596542'
ACTION SNIPPET 10000 6723 SNIPPET_NOT_RELEVANT b'631772'
ACTION SNIPPET 10000 6726 SEEN_PREVIOUSLY b'600569'
ACTION SNIPPET 10000 6729 SEEN_PREVIOUSLY b'614348'
ACTION SNIPPET 10000 6732 SNIPPET_NOT_RELEVANT b'599682'
ACTION SNIPPET 10000 6735 SEEN_PREVIOUSLY b'624863'
ACTION SNIPPET 10000 6738 SNIPPET_RELEVANT b'598953'
ACTION DOC 10000 6758 EXAMINING_DOCUMENT b'598953'
ACTION MARK 10000 6761 CONSIDERED_RELEVANT b'598953'
ACTION SNIPPET 10000 6764 SNIPPET_RELEVANT b'605333'
ACTION DOC 10000 6784 EXAMINING_DOCUMENT b'605333'
ACTION SNIPPET 10000 6787 SNIPPET_NOT_RELEVANT b'609387'
ACTION SNIPPET 10000 6790 SEEN_PREVIOUSLY b'603970'
ACTION SNIPPET 10000 6793 SEEN_PREVIOUSLY b'755275'
ACTION SNIPPET 10000 6796 SNIPPET_RELEVANT b'669086'
ACTION DOC 10000 6816 EXAMINING_DOCUMENT b'669086'
ACTION MARK 10000 6819 CONSIDERED_RELEVANT b'669086'
ACTION SNIPPET 10000 6822 SNIPPET_RELEVANT b'669410'
ACTION DOC 10000 6842 EXAMINING_DOCUMENT b'669410'
ACTION SNIPPET 10000 6845 SEEN_PREVIOUSLY b'637786'
ACTION SNIPPET 10000 6848 SNIPPET_RELEVANT b'638574'
ACTION DOC 10000 6868 EXAMINING_DOCUMENT b'638574'
ACTION MARK 10000 6871 CONSIDERED_RELEVANT b'638574'
ACTION SNIPPET 10000 6874 SNIPPET_RELEVANT b'774587'
ACTION DOC 10000 6894 EXAMINING_DOCUMENT b'774587'
ACTION SNIPPET 10000 6897 SNIPPET_RELEVANT b'661670'
ACTION DOC 10000 6917 EXAMINING_DOCUMENT b'661670'
ACTION MARK 10000 6920 CONSIDERED_RELEVANT b'661670'
ACTION SNIPPET 10000 6923 SNIPPET_RELEVANT b'600246'
ACTION DOC 10000 6943 EXAMINING_DOCUMENT b'600246'
ACTION MARK 10000 6946 CONSIDERED_RELEVANT b'600246'
ACTION SNIPPET 10000 6949 SNIPPET_RELEVANT b'750307'
ACTION DOC 10000 6969 EXAMINING_DOCUMENT b'750307'
ACTION MARK 10000 6972 CONSIDERED_RELEVANT b'750307'
ACTION SNIPPET 10000 6975 SNIPPET_RELEVANT b'593989'
ACTION DOC 10000 6995 EXAMINING_DOCUMENT b'593989'
ACTION MARK 10000 6998 CONSIDERED_RELEVANT b'593989'
ACTION SNIPPET 10000 7001 SEEN_PREVIOUSLY b'594522'
ACTION SNIPPET 10000 7004 SNIPPET_NOT_RELEVANT b'605545'
ACTION SNIPPET 10000 7007 SEEN_PREVIOUSLY b'603528'
ACTION SNIPPET 10000 7010 SNIPPET_RELEVANT b'664180'
ACTION DOC 10000 7030 EXAMINING_DOCUMENT b'664180'
ACTION SNIPPET 10000 7033 SEEN_PREVIOUSLY b'606105'
ACTION SNIPPET 10000 7036 SNIPPET_NOT_RELEVANT b'637382'
ACTION SNIPPET 10000 7039 SNIPPET_NOT_RELEVANT b'593708'
ACTION SNIPPET 10000 7042 SEEN_PREVIOUSLY b'726685'
ACTION SNIPPET 10000 7045 SNIPPET_NOT_RELEVANT b'639735'
ACTION SNIPPET 10000 7048 SNIPPET_RELEVANT b'889549'
ACTION DOC 10000 7068 EXAMINING_DOCUMENT b'889549'
ACTION MARK 10000 7071 CONSIDERED_RELEVANT b'889549'
ACTION SNIPPET 10000 7074 SEEN_PREVIOUSLY b'594770'
ACTION SNIPPET 10000 7077 SNIPPET_NOT_RELEVANT b'779767'
ACTION SNIPPET 10000 7080 SNIPPET_NOT_RELEVANT b'609808'
ACTION SNIPPET 10000 7083 SNIPPET_RELEVANT b'758795'
ACTION DOC 10000 7103 EXAMINING_DOCUMENT b'758795'
ACTION MARK 10000 7106 CONSIDERED_RELEVANT b'758795'
ACTION SNIPPET 10000 7109 SNIPPET_RELEVANT b'599182'
ACTION DOC 10000 7129 EXAMINING_DOCUMENT b'599182'
ACTION MARK 10000 7132 CONSIDERED_RELEVANT b'599182'
ACTION SNIPPET 10000 7135 SNIPPET_NOT_RELEVANT b'604178'
ACTION SNIPPET 10000 7138 SNIPPET_NOT_RELEVANT b'662033'
ACTION SNIPPET 10000 7141 SNIPPET_RELEVANT b'1134283'
ACTION DOC 10000 7161 EXAMINING_DOCUMENT b'1134283'
ACTION SNIPPET 10000 7164 SNIPPET_NOT_RELEVANT b'647342'
ACTION SNIPPET 10000 7167 SEEN_PREVIOUSLY b'594138'
ACTION SNIPPET 10000 7170 SNIPPET_RELEVANT b'595284'
ACTION DOC 10000 7190 EXAMINING_DOCUMENT b'595284'
ACTION MARK 10000 7193 CONSIDERED_RELEVANT b'595284'
ACTION SNIPPET 10000 7196 SNIPPET_NOT_RELEVANT b'890614'
ACTION SNIPPET 10000 7199 SEEN_PREVIOUSLY b'1801782'
ACTION SNIPPET 10000 7202 SNIPPET_RELEVANT b'670574'
ACTION DOC 10000 7222 EXAMINING_DOCUMENT b'670574'
ACTION MARK 10000 7225 CONSIDERED_RELEVANT b'670574'
ACTION SNIPPET 10000 7228 SNIPPET_RELEVANT b'756677'
ACTION DOC 10000 7248 EXAMINING_DOCUMENT b'756677'
ACTION MARK 10000 7251 CONSIDERED_RELEVANT b'756677'
ACTION SNIPPET 10000 7254 SNIPPET_NOT_RELEVANT b'662956'
ACTION SNIPPET 10000 7257 SNIPPET_RELEVANT b'593770'
ACTION DOC 10000 7277 EXAMINING_DOCUMENT b'593770'
ACTION MARK 10000 7280 CONSIDERED_RELEVANT b'593770'
ACTION SNIPPET 10000 7283 SNIPPET_NOT_RELEVANT b'600228'
ACTION SNIPPET 10000 7286 SNIPPET_RELEVANT b'1775452'
ACTION DOC 10000 7306 EXAMINING_DOCUMENT b'1775452'
ACTION SNIPPET 10000 7309 SEEN_PREVIOUSLY b'650433'
ACTION SNIPPET 10000 7312 SNIPPET_RELEVANT b'637981'
ACTION DOC 10000 7332 EXAMINING_DOCUMENT b'637981'
ACTION QUERY 10000 7342 cult lifestyles failure
ACTION SERP 10000 7347 EXAMINE_SERP
ACTION SNIPPET 10000 7350 SEEN_PREVIOUSLY b'624863'
ACTION SNIPPET 10000 7353 SEEN_PREVIOUSLY b'1186564'
ACTION SNIPPET 10000 7356 SEEN_PREVIOUSLY b'1216045'
ACTION SNIPPET 10000 7359 SNIPPET_NOT_RELEVANT b'1529937'
ACTION SNIPPET 10000 7362 SEEN_PREVIOUSLY b'1757752'
ACTION SNIPPET 10000 7365 SNIPPET_NOT_RELEVANT b'604583'
ACTION SNIPPET 10000 7368 SEEN_PREVIOUSLY b'1209320'
ACTION SNIPPET 10000 7371 SEEN_PREVIOUSLY b'263141'
ACTION SNIPPET 10000 7374 SNIPPET_RELEVANT b'604136'
ACTION DOC 10000 7394 EXAMINING_DOCUMENT b'604136'
ACTION QUERY 10000 7404 cult lifestyles michigan
ACTION SERP 10000 7409 EXAMINE_SERP
ACTION SNIPPET 10000 7412 SEEN_PREVIOUSLY b'624863'
ACTION SNIPPET 10000 7415 SEEN_PREVIOUSLY b'1186564'
ACTION SNIPPET 10000 7418 SEEN_PREVIOUSLY b'1757752'
ACTION SNIPPET 10000 7421 SEEN_PREVIOUSLY b'1209320'
ACTION SNIPPET 10000 7424 SNIPPET_RELEVANT b'894466'
ACTION DOC 10000 7444 EXAMINING_DOCUMENT b'894466'
ACTION SNIPPET 10000 7447 SEEN_PREVIOUSLY b'1187217'
ACTION SNIPPET 10000 7450 SEEN_PREVIOUSLY b'1262473'
ACTION SNIPPET 10000 7453 SNIPPET_NOT_RELEVANT b'722025'
ACTION SNIPPET 10000 7456 SEEN_PREVIOUSLY b'1634148'
ACTION QUERY 10000 7466 cult lifestyles stand
ACTION SERP 10000 7471 EXAMINE_SERP
ACTION SNIPPET 10000 7474 SEEN_PREVIOUSLY b'624863'
ACTION SNIPPET 10000 7477 SEEN_PREVIOUSLY b'1634148'
ACTION SNIPPET 10000 7480 SEEN_PREVIOUSLY b'1186564'
ACTION SNIPPET 10000 7483 SEEN_PREVIOUSLY b'1757752'
ACTION SNIPPET 10000 7486 SEEN_PREVIOUSLY b'1209320'
ACTION SNIPPET 10000 7489 SEEN_PREVIOUSLY b'1187217'
ACTION SNIPPET 10000 7492 SNIPPET_RELEVANT b'1134927'
ACTION DOC 10000 7512 EXAMINING_DOCUMENT b'1134927'
ACTION MARK 10000 7515 CONSIDERED_RELEVANT b'1134927'
ACTION SNIPPET 10000 7518 SEEN_PREVIOUSLY b'597276'
ACTION SNIPPET 10000 7521 SEEN_PREVIOUSLY b'1262473'
ACTION SNIPPET 10000 7524 SEEN_PREVIOUSLY b'1184225'
ACTION SNIPPET 10000 7527 SEEN_PREVIOUSLY b'259481'
ACTION SNIPPET 10000 7530 SEEN_PREVIOUSLY b'1176601'
ACTION SNIPPET 10000 7533 SNIPPET_RELEVANT b'1651814'
ACTION DOC 10000 7553 EXAMINING_DOCUMENT b'1651814'
ACTION SNIPPET 10000 7556 SEEN_PREVIOUSLY b'1385941'
ACTION SNIPPET 10000 7559 SEEN_PREVIOUSLY b'1710222'
ACTION SNIPPET 10000 7562 SNIPPET_NOT_RELEVANT b'767942'
ACTION SNIPPET 10000 7565 SNIPPET_NOT_RELEVANT b'613029'
ACTION QUERY 10000 7575 cult lifestyles witnesses
ACTION SERP 10000 7580 EXAMINE_SERP
ACTION SNIPPET 10000 7583 SEEN_PREVIOUSLY b'624863'
ACTION SNIPPET 10000 7586 SEEN_PREVIOUSLY b'1186564'
ACTION SNIPPET 10000 7589 SEEN_PREVIOUSLY b'669410'
ACTION SNIPPET 10000 7592 SNIPPET_RELEVANT b'1273087'
ACTION DOC 10000 7612 EXAMINING_DOCUMENT b'1273087'
ACTION MARK 10000 7615 CONSIDERED_RELEVANT b'1273087'
ACTION SNIPPET 10000 7618 SEEN_PREVIOUSLY b'1757752'
ACTION SNIPPET 10000 7621 SEEN_PREVIOUSLY b'1209320'
ACTION SNIPPET 10000 7624 SEEN_PREVIOUSLY b'594138'
ACTION SNIPPET 10000 7627 SNIPPET_NOT_RELEVANT b'143520'
ACTION SNIPPET 10000 7630 SEEN_PREVIOUSLY b'1187217'
ACTION SNIPPET 10000 7633 SNIPPET_NOT_RELEVANT b'1299150'
ACTION SNIPPET 10000 7636 SNIPPET_NOT_RELEVANT b'1298059'
ACTION SNIPPET 10000 7639 SEEN_PREVIOUSLY b'191647'
ACTION SNIPPET 10000 7642 SEEN_PREVIOUSLY b'718532'
ACTION SNIPPET 10000 7645 SEEN_PREVIOUSLY b'1262473'
ACTION SNIPPET 10000 7648 SNIPPET_RELEVANT b'1633596'
ACTION DOC 10000 7668 EXAMINING_DOCUMENT b'1633596'
ACTION QUERY 10000 7678 cult lifestyles man
ACTION SERP 10000 7683 EXAMINE_SERP
ACTION SNIPPET 10000 7686 SEEN_PREVIOUSLY b'624863'
ACTION SNIPPET 10000 7689 SEEN_PREVIOUSLY b'1187217'
ACTION SNIPPET 10000 7692 SEEN_PREVIOUSLY b'1186564'
ACTION SNIPPET 10000 7695 SEEN_PREVIOUSLY b'1818609'
ACTION SNIPPET 10000 7698 SEEN_PREVIOUSLY b'1757752'
ACTION SNIPPET 10000 7701 SEEN_PREVIOUSLY b'1209320'
ACTION SNIPPET 10000 7704 SEEN_PREVIOUSLY b'1820132'
ACTION SNIPPET 10000 7707 SEEN_PREVIOUSLY b'1820632'
ACTION SNIPPET 10000 7710 SNIPPET_RELEVANT b'1094902'
ACTION DOC 10000 7730 EXAMINING_DOCUMENT b'1094902'
ACTION MARK 10000 7733 CONSIDERED_RELEVANT b'1094902'
ACTION SNIPPET 10000 7736 SEEN_PREVIOUSLY b'1216045'
ACTION SNIPPET 10000 7739 SNIPPET_RELEVANT b'120240'
ACTION DOC 10000 7759 EXAMINING_DOCUMENT b'120240'
ACTION SNIPPET 10000 7762 SEEN_PREVIOUSLY b'1262473'
ACTION SNIPPET 10000 7765 SEEN_PREVIOUSLY b'923384'
ACTION SNIPPET 10000 7768 SEEN_PREVIOUSLY b'1634148'
ACTION SNIPPET 10000 7771 SEEN_PREVIOUSLY b'1848482'
ACTION SNIPPET 10000 7774 SEEN_PREVIOUSLY b'1624134'
ACTION SNIPPET 10000 7777 SEEN_PREVIOUSLY b'1176601'
ACTION SNIPPET 10000 7780 SEEN_PREVIOUSLY b'1385941'
ACTION SNIPPET 10000 7783 SNIPPET_RELEVANT b'598094'
ACTION DOC 10000 7803 EXAMINING_DOCUMENT b'598094'
ACTION MARK 10000 7806 CONSIDERED_RELEVANT b'598094'
ACTION SNIPPET 10000 7809 SEEN_PREVIOUSLY b'793826'
ACTION SNIPPET 10000 7812 SEEN_PREVIOUSLY b'1304843'
ACTION SNIPPET 10000 7815 SEEN_PREVIOUSLY b'125479'
ACTION SNIPPET 10000 7818 SEEN_PREVIOUSLY b'594138'
ACTION SNIPPET 10000 7821 SNIPPET_RELEVANT b'385266'
ACTION DOC 10000 7841 EXAMINING_DOCUMENT b'385266'
ACTION MARK 10000 7844 CONSIDERED_RELEVANT b'385266'
ACTION SNIPPET 10000 7847 SNIPPET_RELEVANT b'919493'
ACTION DOC 10000 7867 EXAMINING_DOCUMENT b'919493'
ACTION MARK 10000 7870 CONSIDERED_RELEVANT b'919493'
ACTION SNIPPET 10000 7873 SEEN_PREVIOUSLY b'1188846'
ACTION SNIPPET 10000 7876 SEEN_PREVIOUSLY b'1702788'
ACTION SNIPPET 10000 7879 SEEN_PREVIOUSLY b'597493'
ACTION SNIPPET 10000 7882 SNIPPET_RELEVANT b'919905'
ACTION DOC 10000 7902 EXAMINING_DOCUMENT b'919905'
ACTION MARK 10000 7905 CONSIDERED_RELEVANT b'919905'
ACTION SNIPPET 10000 7908 SNIPPET_NOT_RELEVANT b'718152'
ACTION SNIPPET 10000 7911 SEEN_PREVIOUSLY b'1710222'
ACTION SNIPPET 10000 7914 SNIPPET_NOT_RELEVANT b'604643'
ACTION SNIPPET 10000 7917 SEEN_PREVIOUSLY b'1408897'
ACTION SNIPPET 10000 7920 SEEN_PREVIOUSLY b'1103151'
ACTION SNIPPET 10000 7923 SNIPPET_NOT_RELEVANT b'919344'
ACTION SNIPPET 10000 7926 SNIPPET_RELEVANT b'766471'
ACTION DOC 10000 7946 EXAMINING_DOCUMENT b'766471'
ACTION SNIPPET 10000 7949 SEEN_PREVIOUSLY b'603527'
ACTION SNIPPET 10000 7952 SEEN_PREVIOUSLY b'1363255'
ACTION SNIPPET 10000 7955 SEEN_PREVIOUSLY b'753514'
ACTION QUERY 10000 7965 cult lifestyles conspiracy
ACTION SERP 10000 7970 EXAMINE_SERP
ACTION SNIPPET 10000 7973 SEEN_PREVIOUSLY b'624863'
ACTION SNIPPET 10000 7976 SEEN_PREVIOUSLY b'1176601'
ACTION SNIPPET 10000 7979 SEEN_PREVIOUSLY b'25994'
ACTION SNIPPET 10000 7982 SNIPPET_RELEVANT b'204883'
ACTION DOC 10000 8002 EXAMINING_DOCUMENT b'204883'
ACTION MARK 10000 8005 CONSIDERED_RELEVANT b'204883'
ACTION SNIPPET 10000 8008 SEEN_PREVIOUSLY b'1094902'
ACTION SNIPPET 10000 8011 SNIPPET_RELEVANT b'630465'
ACTION DOC 10000 8031 EXAMINING_DOCUMENT b'630465'
ACTION MARK 10000 8034 CONSIDERED_RELEVANT b'630465'
ACTION SNIPPET 10000 8037 SNIPPET_RELEVANT b'18610'
ACTION DOC 10000 8057 EXAMINING_DOCUMENT b'18610'
ACTION MARK 10000 8060 CONSIDERED_RELEVANT b'18610'
ACTION SNIPPET 10000 8063 SNIPPET_RELEVANT b'716328'
ACTION DOC 10000 8083 EXAMINING_DOCUMENT b'716328'
ACTION MARK 10000 8086 CONSIDERED_RELEVANT b'716328'
ACTION SNIPPET 10000 8089 SNIPPET_RELEVANT b'380903'
ACTION DOC 10000 8109 EXAMINING_DOCUMENT b'380903'
ACTION MARK 10000 8112 CONSIDERED_RELEVANT b'380903'
ACTION SNIPPET 10000 8115 SNIPPET_NOT_RELEVANT b'918730'
ACTION SNIPPET 10000 8118 SNIPPET_NOT_RELEVANT b'190315'
ACTION SNIPPET 10000 8121 SNIPPET_RELEVANT b'1818406'
ACTION DOC 10000 8141 EXAMINING_DOCUMENT b'1818406'
ACTION SNIPPET 10000 8144 SEEN_PREVIOUSLY b'599182'
ACTION SNIPPET 10000 8147 SNIPPET_RELEVANT b'605601'
ACTION DOC 10000 8167 EXAMINING_DOCUMENT b'605601'
ACTION MARK 10000 8170 CONSIDERED_RELEVANT b'605601'
ACTION SNIPPET 10000 8173 SEEN_PREVIOUSLY b'664960'
ACTION SNIPPET 10000 8176 SNIPPET_RELEVANT b'259478'
ACTION DOC 10000 8196 EXAMINING_DOCUMENT b'259478'
ACTION SNIPPET 10000 8199 SEEN_PREVIOUSLY b'1186564'
ACTION SNIPPET 10000 8202 SNIPPET_NOT_RELEVANT b'757267'
ACTION SNIPPET 10000 8205 SNIPPET_RELEVANT b'756669'
ACTION DOC 10000 8225 EXAMINING_DOCUMENT b'756669'
ACTION MARK 10000 8228 CONSIDERED_RELEVANT b'756669'
ACTION SNIPPET 10000 8231 SNIPPET_RELEVANT b'669230'
ACTION DOC 10000 8251 EXAMINING_DOCUMENT b'669230'
ACTION SNIPPET 10000 8254 SNIPPET_RELEVANT b'1133518'
ACTION DOC 10000 8274 EXAMINING_DOCUMENT b'1133518'
ACTION SNIPPET 10000 8277 SNIPPET_RELEVANT b'575794'
ACTION DOC 10000 8297 EXAMINING_DOCUMENT b'575794'
ACTION QUERY 10000 8307 cult lifestyles square
ACTION SERP 10000 8312 EXAMINE_SERP
ACTION SNIPPET 10000 8315 SEEN_PREVIOUSLY b'624863'
ACTION SNIPPET 10000 8318 SEEN_PREVIOUSLY b'649211'
ACTION SNIPPET 10000 8321 SNIPPET_RELEVANT b'1819641'
ACTION DOC 10000 8341 EXAMINING_DOCUMENT b'1819641'
ACTION SNIPPET 10000 8344 SEEN_PREVIOUSLY b'1186564'
ACTION SNIPPET 10000 8347 SNIPPET_RELEVANT b'1431427'
ACTION DOC 10000 8367 EXAMINING_DOCUMENT b'1431427'
ACTION QUERY 10000 8377 cult lifestyles honor
ACTION SERP 10000 8382 EXAMINE_SERP
ACTION SNIPPET 10000 8385 SEEN_PREVIOUSLY b'624863'
ACTION SNIPPET 10000 8388 SEEN_PREVIOUSLY b'1710222'
ACTION SNIPPET 10000 8391 SEEN_PREVIOUSLY b'249102'
ACTION SNIPPET 10000 8394 SEEN_PREVIOUSLY b'1237817'
ACTION SNIPPET 10000 8397 SEEN_PREVIOUSLY b'1186564'
ACTION SNIPPET 10000 8400 SEEN_PREVIOUSLY b'1620006'
ACTION SNIPPET 10000 8403 SNIPPET_NOT_RELEVANT b'1450676'
ACTION SNIPPET 10000 8406 SNIPPET_RELEVANT b'1625600'
ACTION DOC 10000 8426 EXAMINING_DOCUMENT b'1625600'
ACTION SNIPPET 10000 8429 SEEN_PREVIOUSLY b'1757752'
ACTION QUERY 10000 8439 cult lifestyles dissecting
ACTION SERP 10000 8444 EXAMINE_SERP
ACTION SNIPPET 10000 8447 SEEN_PREVIOUSLY b'1491847'
ACTION SNIPPET 10000 8450 SEEN_PREVIOUSLY b'624863'
ACTION SNIPPET 10000 8453 SNIPPET_NOT_RELEVANT b'1491663'
ACTION SNIPPET 10000 8456 SNIPPET_NOT_RELEVANT b'609387'
ACTION SNIPPET 10000 8459 SEEN_PREVIOUSLY b'1186564'
ACTION SNIPPET 10000 8462 SEEN_PREVIOUSLY b'1757752'
ACTION SNIPPET 10000 8465 SEEN_PREVIOUSLY b'1209320'
ACTION SNIPPET 10000 8468 SEEN_PREVIOUSLY b'1187217'
ACTION SNIPPET 10000 8471 SNIPPET_RELEVANT b'387683'
ACTION DOC 10000 8491 EXAMINING_DOCUMENT b'387683'
ACTION QUERY 10000 8501 cult lifestyles ceremony
ACTION SERP 10000 8506 EXAMINE_SERP
ACTION SNIPPET 10000 8509 SEEN_PREVIOUSLY b'624863'
ACTION SNIPPET 10000 8512 SEEN_PREVIOUSLY b'1186564'
ACTION SNIPPET 10000 8515 SEEN_PREVIOUSLY b'787163'
ACTION SNIPPET 10000 8518 SEEN_PREVIOUSLY b'1757752'
ACTION SNIPPET 10000 8521 SEEN_PREVIOUSLY b'1209320'
ACTION SNIPPET 10000 8524 SNIPPET_NOT_RELEVANT b'11707'
ACTION SNIPPET 10000 8527 SEEN_PREVIOUSLY b'1187217'
ACTION SNIPPET 10000 8530 SNIPPET_RELEVANT b'337774'
ACTION DOC 10000 8550 EXAMINING_DOCUMENT b'337774'
ACTION MARK 10000 8553 CONSIDERED_RELEVANT b'337774'
ACTION SNIPPET 10000 8556 SEEN_PREVIOUSLY b'1184225'
ACTION SNIPPET 10000 8559 SEEN_PREVIOUSLY b'726685'
ACTION SNIPPET 10000 8562 SEEN_PREVIOUSLY b'1262473'
ACTION SNIPPET 10000 8565 SNIPPET_NOT_RELEVANT b'1830905'
ACTION SNIPPET 10000 8568 SNIPPET_RELEVANT b'1053010'
ACTION DOC 10000 8588 EXAMINING_DOCUMENT b'1053010'
ACTION SNIPPET 10000 8591 SNIPPET_RELEVANT b'1575060'
ACTION DOC 10000 8611 EXAMINING_DOCUMENT b'1575060'
ACTION QUERY 10000 8621 cult lifestyles 16
ACTION SERP 10000 8626 EXAMINE_SERP
ACTION SNIPPET 10000 8629 SEEN_PREVIOUSLY b'624863'
ACTION SNIPPET 10000 8632 SEEN_PREVIOUSLY b'1187217'
ACTION SNIPPET 10000 8635 SEEN_PREVIOUSLY b'1186564'
ACTION SNIPPET 10000 8638 SNIPPET_NOT_RELEVANT b'54013'
ACTION SNIPPET 10000 8641 SEEN_PREVIOUSLY b'1757752'
ACTION SNIPPET 10000 8644 SNIPPET_RELEVANT b'15226'
ACTION DOC 10000 8664 EXAMINING_DOCUMENT b'15226'
ACTION SNIPPET 10000 8667 SEEN_PREVIOUSLY b'1209320'
ACTION SNIPPET 10000 8670 SEEN_PREVIOUSLY b'818310'
ACTION SNIPPET 10000 8673 SEEN_PREVIOUSLY b'795964'
ACTION QUERY 10000 8683 cult lifestyles uganda
ACTION SERP 10000 8688 EXAMINE_SERP
ACTION SNIPPET 10000 8691 SNIPPET_RELEVANT b'1190599'
ACTION DOC 10000 8711 EXAMINING_DOCUMENT b'1190599'
ACTION MARK 10000 8714 CONSIDERED_RELEVANT b'1190599'
ACTION SNIPPET 10000 8717 SEEN_PREVIOUSLY b'1185806'
ACTION SNIPPET 10000 8720 SNIPPET_NOT_RELEVANT b'1188899'
ACTION SNIPPET 10000 8723 SEEN_PREVIOUSLY b'1189049'
ACTION SNIPPET 10000 8726 SEEN_PREVIOUSLY b'1186564'
ACTION SNIPPET 10000 8729 SEEN_PREVIOUSLY b'1188846'
ACTION SNIPPET 10000 8732 SNIPPET_RELEVANT b'1187683'
ACTION DOC 10000 8752 EXAMINING_DOCUMENT b'1187683'
ACTION MARK 10000 8755 CONSIDERED_RELEVANT b'1187683'
ACTION SNIPPET 10000 8758 SNIPPET_NOT_RELEVANT b'1187098'
ACTION SNIPPET 10000 8761 SNIPPET_RELEVANT b'1187009'
ACTION DOC 10000 8781 EXAMINING_DOCUMENT b'1187009'
ACTION MARK 10000 8784 CONSIDERED_RELEVANT b'1187009'
ACTION SNIPPET 10000 8787 SEEN_PREVIOUSLY b'1188145'
ACTION SNIPPET 10000 8790 SNIPPET_RELEVANT b'1187935'
ACTION DOC 10000 8810 EXAMINING_DOCUMENT b'1187935'
ACTION MARK 10000 8813 CONSIDERED_RELEVANT b'1187935'
ACTION SNIPPET 10000 8816 SNIPPET_RELEVANT b'979490'
ACTION DOC 10000 8836 EXAMINING_DOCUMENT b'979490'
ACTION SNIPPET 10000 8839 SEEN_PREVIOUSLY b'624863'
ACTION SNIPPET 10000 8842 SNIPPET_RELEVANT b'1212781'
ACTION DOC 10000 8862 EXAMINING_DOCUMENT b'1212781'
ACTION MARK 10000 8865 CONSIDERED_RELEVANT b'1212781'
ACTION SNIPPET 10000 8868 SEEN_PREVIOUSLY b'1187217'
ACTION SNIPPET 10000 8871 SNIPPET_RELEVANT b'89783'
ACTION DOC 10000 8891 EXAMINING_DOCUMENT b'89783'
ACTION SNIPPET 10000 8894 SNIPPET_RELEVANT b'1185480'
ACTION DOC 10000 8914 EXAMINING_DOCUMENT b'1185480'
ACTION SNIPPET 10000 8917 SNIPPET_NOT_RELEVANT b'770209'
ACTION QUERY 10000 8927 cult lifestyles dogs
ACTION SERP 10000 8932 EXAMINE_SERP
ACTION SNIPPET 10000 8935 SEEN_PREVIOUSLY b'624863'
ACTION SNIPPET 10000 8938 SNIPPET_NOT_RELEVANT b'1466915'
ACTION SNIPPET 10000 8941 SNIPPET_RELEVANT b'1377558'
ACTION DOC 10000 8961 EXAMINING_DOCUMENT b'1377558'
ACTION SNIPPET 10000 8964 SEEN_PREVIOUSLY b'125479'
ACTION SNIPPET 10000 8967 SEEN_PREVIOUSLY b'1186564'
ACTION SNIPPET 10000 8970 SNIPPET_NOT_RELEVANT b'825898'
ACTION SNIPPET 10000 8973 SNIPPET_RELEVANT b'238615'
ACTION DOC 10000 8993 EXAMINING_DOCUMENT b'238615'
ACTION QUERY 10000 9003 cult lifestyles sams
ACTION SERP 10000 9008 EXAMINE_SERP
ACTION SNIPPET 10000 9011 SEEN_PREVIOUSLY b'624863'
ACTION SNIPPET 10000 9014 SNIPPET_NOT_RELEVANT b'1512505'
ACTION SNIPPET 10000 9017 SNIPPET_RELEVANT b'1646173'
ACTION DOC 10000 9037 EXAMINING_DOCUMENT b'1646173'
ACTION SNIPPET 10000 9040 SEEN_PREVIOUSLY b'1186564'
ACTION SNIPPET 10000 9043 SNIPPET_NOT_RELEVANT b'1131119'
ACTION SNIPPET 10000 9046 SNIPPET_NOT_RELEVANT b'1802204'
ACTION SNIPPET 10000 9049 SEEN_PREVIOUSLY b'1757752'
ACTION SNIPPET 10000 9052 SNIPPET_NOT_RELEVANT b'1371207'
ACTION SNIPPET 10000 9055 SNIPPET_NOT_RELEVANT b'1117151'
ACTION QUERY 10000 9065 cult lifestyles robert
ACTION SERP 10000 9070 EXAMINE_SERP
ACTION SNIPPET 10000 9073 SEEN_PREVIOUSLY b'624863'
ACTION SNIPPET 10000 9076 SEEN_PREVIOUSLY b'1186564'
ACTION SNIPPET 10000 9079 SEEN_PREVIOUSLY b'1757752'
ACTION SNIPPET 10000 9082 SEEN_PREVIOUSLY b'1209320'
ACTION SNIPPET 10000 9085 SEEN_PREVIOUSLY b'1187217'
ACTION SNIPPET 10000 9088 SEEN_PREVIOUSLY b'664960'
ACTION SNIPPET 10000 9091 SEEN_PREVIOUSLY b'137164'
ACTION SNIPPET 10000 9094 SEEN_PREVIOUSLY b'1262473'
ACTION SNIPPET 10000 9097 SEEN_PREVIOUSLY b'12456'
ACTION SNIPPET 10000 9100 SEEN_PREVIOUSLY b'1702788'
ACTION SNIPPET 10000 9103 SEEN_PREVIOUSLY b'637967'
ACTION SNIPPET 10000 9106 SEEN_PREVIOUSLY b'1634148'
ACTION SNIPPET 10000 9109 SEEN_PREVIOUSLY b'1184225'
ACTION SNIPPET 10000 9112 SEEN_PREVIOUSLY b'1176601'
ACTION SNIPPET 10000 9115 SEEN_PREVIOUSLY b'1094902'
ACTION QUERY 10000 9125 cult lifestyles trying
ACTION SERP 10000 9130 EXAMINE_SERP
ACTION SNIPPET 10000 9133 SEEN_PREVIOUSLY b'624863'
ACTION SNIPPET 10000 9136 SEEN_PREVIOUSLY b'1186564'
ACTION SNIPPET 10000 9139 SEEN_PREVIOUSLY b'1757752'
ACTION SNIPPET 10000 9142 SEEN_PREVIOUSLY b'1209320'
ACTION SNIPPET 10000 9145 SEEN_PREVIOUSLY b'1187217'
ACTION SNIPPET 10000 9148 SEEN_PREVIOUSLY b'1237817'
ACTION SNIPPET 10000 9151 SEEN_PREVIOUSLY b'1216045'
ACTION SNIPPET 10000 9154 SEEN_PREVIOUSLY b'1262473'
ACTION SNIPPET 10000 9157 SEEN_PREVIOUSLY b'638539'
ACTION SNIPPET 10000 9160 SEEN_PREVIOUSLY b'1634148'
ACTION SNIPPET 10000 9163 SEEN_PREVIOUSLY b'1176601'
ACTION SNIPPET 10000 9166 SEEN_PREVIOUSLY b'16519'
ACTION SNIPPET 10000 9169 SEEN_PREVIOUSLY b'850912'
ACTION SNIPPET 10000 9172 SEEN_PREVIOUSLY b'793826'
ACTION SNIPPET 10000 9175 SEEN_PREVIOUSLY b'1710222'
ACTION QUERY 10000 9185 cult lifestyles directed
ACTION SERP 10000 9190 EXAMINE_SERP
ACTION SNIPPET 10000 9193 SEEN_PREVIOUSLY b'624863'
ACTION SNIPPET 10000 9196 SEEN_PREVIOUSLY b'1176601'
ACTION SNIPPET 10000 9199 SEEN_PREVIOUSLY b'1634148'
ACTION SNIPPET 10000 9202 SEEN_PREVIOUSLY b'1710222'
ACTION SNIPPET 10000 9205 SEEN_PREVIOUSLY b'1186564'
ACTION SNIPPET 10000 9208 SEEN_PREVIOUSLY b'1801782'
ACTION SNIPPET 10000 9211 SEEN_PREVIOUSLY b'1757752'
ACTION SNIPPET 10000 9214 SEEN_PREVIOUSLY b'1209320'
ACTION SNIPPET 10000 9217 SEEN_PREVIOUSLY b'1187217'
ACTION SNIPPET 10000 9220 SNIPPET_NOT_RELEVANT b'247846'
ACTION SNIPPET 10000 9223 SEEN_PREVIOUSLY b'793826'
ACTION SNIPPET 10000 9226 SEEN_PREVIOUSLY b'1262473'
ACTION SNIPPET 10000 9229 SEEN_PREVIOUSLY b'259481'
ACTION SNIPPET 10000 9232 SNIPPET_RELEVANT b'604579'
ACTION DOC 10000 9252 EXAMINING_DOCUMENT b'604579'
ACTION QUERY 10000 9262 cult lifestyles subways
ACTION SERP 10000 9267 EXAMINE_SERP
ACTION SNIPPET 10000 9270 SEEN_PREVIOUSLY b'624863'
ACTION SNIPPET 10000 9273 SEEN_PREVIOUSLY b'793826'
ACTION SNIPPET 10000 9276 SNIPPET_RELEVANT b'905700'
ACTION DOC 10000 9296 EXAMINING_DOCUMENT b'905700'
ACTION MARK 10000 9299 CONSIDERED_RELEVANT b'905700'
ACTION SNIPPET 10000 9302 SNIPPET_RELEVANT b'762885'
ACTION DOC 10000 9322 EXAMINING_DOCUMENT b'762885'
ACTION MARK 10000 9325 CONSIDERED_RELEVANT b'762885'
ACTION SNIPPET 10000 9328 SEEN_PREVIOUSLY b'755275'
ACTION SNIPPET 10000 9331 SEEN_PREVIOUSLY b'850912'
ACTION SNIPPET 10000 9334 SEEN_PREVIOUSLY b'917723'
ACTION SNIPPET 10000 9337 SEEN_PREVIOUSLY b'795964'
ACTION SNIPPET 10000 9340 SNIPPET_RELEVANT b'859551'
ACTION DOC 10000 9360 EXAMINING_DOCUMENT b'859551'
ACTION MARK 10000 9363 CONSIDERED_RELEVANT b'859551'
ACTION SNIPPET 10000 9366 SNIPPET_RELEVANT b'1226793'
ACTION DOC 10000 9386 EXAMINING_DOCUMENT b'1226793'
ACTION MARK 10000 9389 CONSIDERED_RELEVANT b'1226793'
ACTION SNIPPET 10000 9392 SNIPPET_RELEVANT b'751757'
ACTION DOC 10000 9412 EXAMINING_DOCUMENT b'751757'
ACTION MARK 10000 9415 CONSIDERED_RELEVANT b'751757'
ACTION SNIPPET 10000 9418 SEEN_PREVIOUSLY b'1403973'
ACTION SNIPPET 10000 9421 SNIPPET_RELEVANT b'816137'
ACTION DOC 10000 9441 EXAMINING_DOCUMENT b'816137'
ACTION MARK 10000 9444 CONSIDERED_RELEVANT b'816137'
ACTION SNIPPET 10000 9447 SNIPPET_RELEVANT b'767456'
ACTION DOC 10000 9467 EXAMINING_DOCUMENT b'767456'
ACTION MARK 10000 9470 CONSIDERED_RELEVANT b'767456'
ACTION SNIPPET 10000 9473 SEEN_PREVIOUSLY b'804157'
ACTION SNIPPET 10000 9476 SEEN_PREVIOUSLY b'1431217'
ACTION SNIPPET 10000 9479 SNIPPET_RELEVANT b'925234'
ACTION DOC 10000 9499 EXAMINING_DOCUMENT b'925234'
ACTION MARK 10000 9502 CONSIDERED_RELEVANT b'925234'
ACTION SNIPPET 10000 9505 SNIPPET_NOT_RELEVANT b'888393'
ACTION SNIPPET 10000 9508 SNIPPET_RELEVANT b'1459335'
ACTION DOC 10000 9528 EXAMINING_DOCUMENT b'1459335'
ACTION MARK 10000 9531 CONSIDERED_RELEVANT b'1459335'
ACTION SNIPPET 10000 9534 SNIPPET_RELEVANT b'757222'
ACTION DOC 10000 9554 EXAMINING_DOCUMENT b'757222'
ACTION MARK 10000 9557 CONSIDERED_RELEVANT b'757222'
ACTION SNIPPET 10000 9560 SEEN_PREVIOUSLY b'1134927'
ACTION SNIPPET 10000 9563 SEEN_PREVIOUSLY b'1133523'
ACTION SNIPPET 10000 9566 SNIPPET_RELEVANT b'1053360'
ACTION DOC 10000 9586 EXAMINING_DOCUMENT b'1053360'
ACTION MARK 10000 9589 CONSIDERED_RELEVANT b'1053360'
ACTION SNIPPET 10000 9592 SNIPPET_RELEVANT b'775575'
ACTION DOC 10000 9612 EXAMINING_DOCUMENT b'775575'
ACTION MARK 10000 9615 CONSIDERED_RELEVANT b'775575'
ACTION SNIPPET 10000 9618 SEEN_PREVIOUSLY b'756669'
ACTION SNIPPET 10000 9621 SEEN_PREVIOUSLY b'753514'
ACTION SNIPPET 10000 9624 SNIPPET_RELEVANT b'757098'
ACTION DOC 10000 9644 EXAMINING_DOCUMENT b'757098'
ACTION MARK 10000 9647 CONSIDERED_RELEVANT b'757098'
ACTION SNIPPET 10000 9650 SEEN_PREVIOUSLY b'750307'
ACTION SNIPPET 10000 9653 SEEN_PREVIOUSLY b'846218'
ACTION SNIPPET 10000 9656 SNIPPET_RELEVANT b'755171'
ACTION DOC 10000 9676 EXAMINING_DOCUMENT b'755171'
ACTION SNIPPET 10000 9679 SEEN_PREVIOUSLY b'1385941'
ACTION SNIPPET 10000 9682 SEEN_PREVIOUSLY b'751928'
ACTION SNIPPET 10000 9685 SEEN_PREVIOUSLY b'787163'
ACTION SNIPPET 10000 9688 SNIPPET_RELEVANT b'1360738'
ACTION DOC 10000 9708 EXAMINING_DOCUMENT b'1360738'
ACTION QUERY 10000 9718 cult lifestyles blame
ACTION SERP 10000 9723 EXAMINE_SERP
ACTION SNIPPET 10000 9726 SEEN_PREVIOUSLY b'624863'
ACTION SNIPPET 10000 9729 SEEN_PREVIOUSLY b'606105'
ACTION SNIPPET 10000 9732 SEEN_PREVIOUSLY b'1819641'
ACTION SNIPPET 10000 9735 SEEN_PREVIOUSLY b'596542'
ACTION SNIPPET 10000 9738 SNIPPET_RELEVANT b'1557070'
ACTION DOC 10000 9758 EXAMINING_DOCUMENT b'1557070'
ACTION SNIPPET 10000 9761 SEEN_PREVIOUSLY b'1186564'
ACTION SNIPPET 10000 9764 SNIPPET_RELEVANT b'1611370'
ACTION DOC 10000 9784 EXAMINING_DOCUMENT b'1611370'
ACTION QUERY 10000 9794 cult lifestyles girl
ACTION SERP 10000 9799 EXAMINE_SERP
ACTION SNIPPET 10000 9802 SEEN_PREVIOUSLY b'1634148'
ACTION SNIPPET 10000 9805 SEEN_PREVIOUSLY b'624863'
ACTION SNIPPET 10000 9808 SEEN_PREVIOUSLY b'1209320'
ACTION SNIPPET 10000 9811 SEEN_PREVIOUSLY b'1176601'
ACTION SNIPPET 10000 9814 SEEN_PREVIOUSLY b'818750'
ACTION SNIPPET 10000 9817 SEEN_PREVIOUSLY b'606433'
ACTION SNIPPET 10000 9820 SEEN_PREVIOUSLY b'818310'
ACTION SNIPPET 10000 9823 SEEN_PREVIOUSLY b'594770'
ACTION SNIPPET 10000 9826 SNIPPET_NOT_RELEVANT b'1762816'
ACTION SNIPPET 10000 9829 SEEN_PREVIOUSLY b'1186564'
ACTION SNIPPET 10000 9832 SEEN_PREVIOUSLY b'125479'
ACTION SNIPPET 10000 9835 SEEN_PREVIOUSLY b'1557070'
ACTION SNIPPET 10000 9838 SEEN_PREVIOUSLY b'1757752'
ACTION SNIPPET 10000 9841 SEEN_PREVIOUSLY b'1187217'
ACTION SNIPPET 10000 9844 SNIPPET_RELEVANT b'824979'
ACTION DOC 10000 9864 EXAMINING_DOCUMENT b'824979'
ACTION QUERY 10000 9874 cult lifestyles shilling
ACTION SERP 10000 9879 EXAMINE_SERP
ACTION SNIPPET 10000 9882 SEEN_PREVIOUSLY b'624863'
ACTION SNIPPET 10000 9885 SEEN_PREVIOUSLY b'1188145'
ACTION SNIPPET 10000 9888 SNIPPET_RELEVANT b'392512'
ACTION DOC 10000 9908 EXAMINING_DOCUMENT b'392512'
ACTION SNIPPET 10000 9911 SNIPPET_NOT_RELEVANT b'573676'
ACTION SNIPPET 10000 9914 SNIPPET_NOT_RELEVANT b'379487'
ACTION SNIPPET 10000 9917 SNIPPET_NOT_RELEVANT b'139047'
ACTION SNIPPET 10000 9920 SNIPPET_RELEVANT b'962903'
ACTION DOC 10000 9940 EXAMINING_DOCUMENT b'962903'
ACTION QUERY 10000 9950 cult lifestyles lost
ACTION SERP 10000 9955 EXAMINE_SERP
ACTION SNIPPET 10000 9958 SEEN_PREVIOUSLY b'624863'
ACTION SNIPPET 10000 9961 SEEN_PREVIOUSLY b'1186564'
ACTION SNIPPET 10000 9964 SEEN_PREVIOUSLY b'1757752'
ACTION SNIPPET 10000 9967 SEEN_PREVIOUSLY b'1209320'
ACTION SNIPPET 10000 9970 SEEN_PREVIOUSLY b'1237817'
ACTION SNIPPET 10000 9973 SEEN_PREVIOUSLY b'1192449'
ACTION SNIPPET 10000 9976 SEEN_PREVIOUSLY b'1187217'
ACTION SNIPPET 10000 9979 SNIPPET_NOT_RELEVANT b'599682'
ACTION SNIPPET 10000 9982 SNIPPET_NOT_RELEVANT b'1626639'
ACTION SNIPPET 10000 9985 SEEN_PREVIOUSLY b'1262473'
ACTION SNIPPET 10000 9988 SEEN_PREVIOUSLY b'850912'
ACTION SNIPPET 10000 9991 SNIPPET_RELEVANT b'1819024'
ACTION DOC 10000 10011 EXAMINING_DOCUMENT b'1819024'
INFO SUMMARY 
INFO TOTAL_QUERIES_ISSUED 61
INFO TOTAL_SNIPPETS_EXAMINED 1038
INFO TOTAL_DOCUMENTS_EXAMINED 276
INFO TOTAL_DOCUMENTS_MARKED_RELEVANT 155
INFO TOTAL_ATTRACTIVE_SERP_IMPRESSIONS 61
INFO TOTAL_UNATTRACTIVE_SERP_IMPRESSIONS 0
