ACTION QUERY 10000 10 cult lifestyles
ACTION SERP 10000 15 EXAMINE_SERP
ACTION SNIPPET 10000 18 SNIPPET_RELEVANT b'624863'
ACTION DOC 10000 38 EXAMINING_DOCUMENT b'624863'
ACTION MARK 10000 41 CONSIDERED_RELEVANT b'624863'
ACTION SNIPPET 10000 44 SNIPPET_RELEVANT b'1186564'
ACTION DOC 10000 64 EXAMINING_DOCUMENT b'1186564'
ACTION MARK 10000 67 CONSIDERED_RELEVANT b'1186564'
ACTION SNIPPET 10000 70 SNIPPET_RELEVANT b'1757752'
ACTION DOC 10000 90 EXAMINING_DOCUMENT b'1757752'
ACTION SNIPPET 10000 93 SNIPPET_RELEVANT b'1209320'
ACTION DOC 10000 113 EXAMINING_DOCUMENT b'1209320'
ACTION SNIPPET 10000 116 SNIPPET_RELEVANT b'1187217'
ACTION DOC 10000 136 EXAMINING_DOCUMENT b'1187217'
ACTION MARK 10000 139 CONSIDERED_RELEVANT b'1187217'
ACTION SNIPPET 10000 142 SNIPPET_RELEVANT b'1262473'
ACTION DOC 10000 162 EXAMINING_DOCUMENT b'1262473'
ACTION SNIPPET 10000 165 SNIPPET_NOT_RELEVANT b'1634148'
ACTION SNIPPET 10000 168 SNIPPET_RELEVANT b'1176601'
ACTION DOC 10000 188 EXAMINING_DOCUMENT b'1176601'
ACTION MARK 10000 191 CONSIDERED_RELEVANT b'1176601'
ACTION SNIPPET 10000 194 SNIPPET_RELEVANT b'1710222'
ACTION DOC 10000 214 EXAMINING_DOCUMENT b'1710222'
ACTION SNIPPET 10000 217 SNIPPET_RELEVANT b'1216045'
ACTION DOC 10000 237 EXAMINING_DOCUMENT b'1216045'
ACTION QUERY 10000 247 cult lifestyles existence
ACTION SERP 10000 252 EXAMINE_SERP
ACTION SNIPPET 10000 255 SEEN_PREVIOUSLY b'624863'
ACTION SNIPPET 10000 258 SNIPPET_RELEVANT b'597276'
ACTION DOC 10000 278 EXAMINING_DOCUMENT b'597276'
ACTION SNIPPET 10000 281 SEEN_PREVIOUSLY b'1186564'
ACTION SNIPPET 10000 284 SNIPPET_RELEVANT b'919778'
ACTION DOC 10000 304 EXAMINING_DOCUMENT b'919778'
ACTION SNIPPET 10000 307 SNIPPET_RELEVANT b'329591'
ACTION DOC 10000 327 EXAMINING_DOCUMENT b'329591'
ACTION MARK 10000 330 CONSIDERED_RELEVANT b'329591'
ACTION SNIPPET 10000 333 SEEN_PREVIOUSLY b'1757752'
ACTION SNIPPET 10000 336 SNIPPET_RELEVANT b'924605'
ACTION DOC 10000 356 EXAMINING_DOCUMENT b'924605'
ACTION MARK 10000 359 CONSIDERED_RELEVANT b'924605'
ACTION SNIPPET 10000 362 SEEN_PREVIOUSLY b'1209320'
ACTION SNIPPET 10000 365 SNIPPET_NOT_RELEVANT b'1632226'
ACTION SNIPPET 10000 368 SNIPPET_RELEVANT b'1801782'
ACTION DOC 10000 388 EXAMINING_DOCUMENT b'1801782'
ACTION MARK 10000 391 CONSIDERED_RELEVANT b'1801782'
ACTION QUERY 10000 401 cult lifestyles clarifying
ACTION SERP 10000 406 EXAMINE_SERP
ACTION SNIPPET 10000 409 SNIPPET_NOT_RELEVANT b'47312'
ACTION SNIPPET 10000 412 SEEN_PREVIOUSLY b'624863'
ACTION SNIPPET 10000 415 SNIPPET_NOT_RELEVANT b'16519'
ACTION SNIPPET 10000 418 SNIPPET_NOT_RELEVANT b'1301860'
ACTION SNIPPET 10000 421 SEEN_PREVIOUSLY b'1186564'
ACTION SNIPPET 10000 424 SEEN_PREVIOUSLY b'1757752'
ACTION SNIPPET 10000 427 SEEN_PREVIOUSLY b'1209320'
ACTION SNIPPET 10000 430 SEEN_PREVIOUSLY b'1187217'
ACTION SNIPPET 10000 433 SEEN_PREVIOUSLY b'1262473'
ACTION SNIPPET 10000 436 SNIPPET_NOT_RELEVANT b'204642'
ACTION QUERY 10000 446 cult lifestyles ultimate
ACTION SERP 10000 451 EXAMINE_SERP
ACTION SNIPPET 10000 454 SEEN_PREVIOUSLY b'624863'
ACTION SNIPPET 10000 457 SNIPPET_RELEVANT b'846218'
ACTION DOC 10000 477 EXAMINING_DOCUMENT b'846218'
ACTION MARK 10000 480 CONSIDERED_RELEVANT b'846218'
ACTION SNIPPET 10000 483 SEEN_PREVIOUSLY b'1186564'
ACTION SNIPPET 10000 486 SNIPPET_NOT_RELEVANT b'1184225'
ACTION SNIPPET 10000 489 SEEN_PREVIOUSLY b'1757752'
ACTION SNIPPET 10000 492 SNIPPET_RELEVANT b'1192449'
ACTION DOC 10000 512 EXAMINING_DOCUMENT b'1192449'
ACTION SNIPPET 10000 515 SEEN_PREVIOUSLY b'1209320'
ACTION SNIPPET 10000 518 SNIPPET_NOT_RELEVANT b'1773125'
ACTION SNIPPET 10000 521 SEEN_PREVIOUSLY b'1187217'
ACTION SNIPPET 10000 524 SNIPPET_RELEVANT b'1160075'
ACTION DOC 10000 544 EXAMINING_DOCUMENT b'1160075'
ACTION MARK 10000 547 CONSIDERED_RELEVANT b'1160075'
ACTION QUERY 10000 557 cult lifestyles dress
ACTION SERP 10000 562 EXAMINE_SERP
ACTION SNIPPET 10000 565 SEEN_PREVIOUSLY b'624863'
ACTION SNIPPET 10000 568 SNIPPET_RELEVANT b'1634148'
ACTION DOC 10000 588 EXAMINING_DOCUMENT b'1634148'
ACTION SNIPPET 10000 591 SNIPPET_RELEVANT b'1313540'
ACTION DOC 10000 611 EXAMINING_DOCUMENT b'1313540'
ACTION SNIPPET 10000 614 SEEN_PREVIOUSLY b'1186564'
ACTION SNIPPET 10000 617 SNIPPET_NOT_RELEVANT b'509418'
ACTION SNIPPET 10000 620 SNIPPET_RELEVANT b'647946'
ACTION DOC 10000 640 EXAMINING_DOCUMENT b'647946'
ACTION MARK 10000 643 CONSIDERED_RELEVANT b'647946'
ACTION SNIPPET 10000 646 SNIPPET_NOT_RELEVANT b'1620006'
ACTION SNIPPET 10000 649 SNIPPET_RELEVANT b'1188846'
ACTION DOC 10000 669 EXAMINING_DOCUMENT b'1188846'
ACTION MARK 10000 672 CONSIDERED_RELEVANT b'1188846'
ACTION SNIPPET 10000 675 SNIPPET_NOT_RELEVANT b'106559'
ACTION SNIPPET 10000 678 SEEN_PREVIOUSLY b'1757752'
ACTION QUERY 10000 688 cult lifestyles goal
ACTION SERP 10000 693 EXAMINE_SERP
ACTION SNIPPET 10000 696 SEEN_PREVIOUSLY b'624863'
ACTION SNIPPET 10000 699 SNIPPET_NOT_RELEVANT b'285030'
ACTION SNIPPET 10000 702 SEEN_PREVIOUSLY b'1186564'
ACTION SNIPPET 10000 705 SEEN_PREVIOUSLY b'1757752'
ACTION SNIPPET 10000 708 SEEN_PREVIOUSLY b'1209320'
ACTION SNIPPET 10000 711 SNIPPET_NOT_RELEVANT b'1641197'
ACTION SNIPPET 10000 714 SNIPPET_RELEVANT b'1416098'
ACTION DOC 10000 734 EXAMINING_DOCUMENT b'1416098'
ACTION SNIPPET 10000 737 SNIPPET_RELEVANT b'1840901'
ACTION DOC 10000 757 EXAMINING_DOCUMENT b'1840901'
ACTION SNIPPET 10000 760 SEEN_PREVIOUSLY b'1187217'
ACTION SNIPPET 10000 763 SEEN_PREVIOUSLY b'1262473'
ACTION QUERY 10000 773 cult lifestyles offer
ACTION SERP 10000 778 EXAMINE_SERP
ACTION SNIPPET 10000 781 SEEN_PREVIOUSLY b'624863'
ACTION SNIPPET 10000 784 SEEN_PREVIOUSLY b'1186564'
ACTION SNIPPET 10000 787 SEEN_PREVIOUSLY b'1176601'
ACTION SNIPPET 10000 790 SEEN_PREVIOUSLY b'1634148'
ACTION SNIPPET 10000 793 SEEN_PREVIOUSLY b'1757752'
ACTION SNIPPET 10000 796 SEEN_PREVIOUSLY b'1209320'
ACTION SNIPPET 10000 799 SEEN_PREVIOUSLY b'1187217'
ACTION SNIPPET 10000 802 SNIPPET_RELEVANT b'638539'
ACTION DOC 10000 822 EXAMINING_DOCUMENT b'638539'
ACTION MARK 10000 825 CONSIDERED_RELEVANT b'638539'
ACTION SNIPPET 10000 828 SEEN_PREVIOUSLY b'1840901'
ACTION SNIPPET 10000 831 SNIPPET_NOT_RELEVANT b'16519'
ACTION QUERY 10000 841 cult lifestyles contribute
ACTION SERP 10000 846 EXAMINE_SERP
ACTION SNIPPET 10000 849 SEEN_PREVIOUSLY b'624863'
ACTION SNIPPET 10000 852 SEEN_PREVIOUSLY b'329591'
ACTION SNIPPET 10000 855 SEEN_PREVIOUSLY b'1186564'
ACTION SNIPPET 10000 858 SNIPPET_NOT_RELEVANT b'650433'
ACTION SNIPPET 10000 861 SEEN_PREVIOUSLY b'1757752'
ACTION SNIPPET 10000 864 SNIPPET_RELEVANT b'1818609'
ACTION DOC 10000 884 EXAMINING_DOCUMENT b'1818609'
ACTION SNIPPET 10000 887 SEEN_PREVIOUSLY b'1209320'
ACTION SNIPPET 10000 890 SEEN_PREVIOUSLY b'1187217'
ACTION SNIPPET 10000 893 SEEN_PREVIOUSLY b'1840901'
ACTION SNIPPET 10000 896 SNIPPET_NOT_RELEVANT b'47313'
ACTION QUERY 10000 906 cult lifestyles tell
ACTION SERP 10000 911 EXAMINE_SERP
ACTION SNIPPET 10000 914 SEEN_PREVIOUSLY b'624863'
ACTION SNIPPET 10000 917 SEEN_PREVIOUSLY b'1187217'
ACTION SNIPPET 10000 920 SEEN_PREVIOUSLY b'1176601'
ACTION SNIPPET 10000 923 SEEN_PREVIOUSLY b'1634148'
ACTION SNIPPET 10000 926 SEEN_PREVIOUSLY b'1186564'
ACTION SNIPPET 10000 929 SEEN_PREVIOUSLY b'1757752'
ACTION SNIPPET 10000 932 SEEN_PREVIOUSLY b'1209320'
ACTION SNIPPET 10000 935 SEEN_PREVIOUSLY b'1216045'
ACTION SNIPPET 10000 938 SNIPPET_RELEVANT b'793826'
ACTION DOC 10000 958 EXAMINING_DOCUMENT b'793826'
ACTION MARK 10000 961 CONSIDERED_RELEVANT b'793826'
ACTION SNIPPET 10000 964 SNIPPET_NOT_RELEVANT b'1606633'
ACTION QUERY 10000 974 cult lifestyles members
ACTION SERP 10000 979 EXAMINE_SERP
ACTION SNIPPET 10000 982 SEEN_PREVIOUSLY b'624863'
ACTION SNIPPET 10000 985 SEEN_PREVIOUSLY b'1187217'
ACTION SNIPPET 10000 988 SEEN_PREVIOUSLY b'1186564'
ACTION SNIPPET 10000 991 SEEN_PREVIOUSLY b'1176601'
ACTION SNIPPET 10000 994 SEEN_PREVIOUSLY b'1757752'
ACTION SNIPPET 10000 997 SEEN_PREVIOUSLY b'1209320'
ACTION SNIPPET 10000 1000 SEEN_PREVIOUSLY b'1840901'
ACTION SNIPPET 10000 1003 SEEN_PREVIOUSLY b'638539'
ACTION SNIPPET 10000 1006 SEEN_PREVIOUSLY b'1188846'
ACTION SNIPPET 10000 1009 SNIPPET_RELEVANT b'787163'
ACTION DOC 10000 1029 EXAMINING_DOCUMENT b'787163'
ACTION MARK 10000 1032 CONSIDERED_RELEVANT b'787163'
ACTION QUERY 10000 1042 cult lifestyles just
ACTION SERP 10000 1047 EXAMINE_SERP
ACTION SNIPPET 10000 1050 SEEN_PREVIOUSLY b'624863'
ACTION SNIPPET 10000 1053 SEEN_PREVIOUSLY b'1186564'
ACTION SNIPPET 10000 1056 SEEN_PREVIOUSLY b'1634148'
ACTION SNIPPET 10000 1059 SEEN_PREVIOUSLY b'1757752'
ACTION SNIPPET 10000 1062 SEEN_PREVIOUSLY b'1209320'
ACTION SNIPPET 10000 1065 SEEN_PREVIOUSLY b'1187217'
ACTION SNIPPET 10000 1068 SEEN_PREVIOUSLY b'1710222'
ACTION SNIPPET 10000 1071 SEEN_PREVIOUSLY b'1262473'
ACTION SNIPPET 10000 1074 SEEN_PREVIOUSLY b'1216045'
ACTION SNIPPET 10000 1077 SEEN_PREVIOUSLY b'1176601'
ACTION QUERY 10000 1087 cult lifestyles attain
ACTION SERP 10000 1092 EXAMINE_SERP
ACTION SNIPPET 10000 1095 SEEN_PREVIOUSLY b'624863'
ACTION SNIPPET 10000 1098 SNIPPET_RELEVANT b'1551844'
ACTION DOC 10000 1118 EXAMINING_DOCUMENT b'1551844'
ACTION SNIPPET 10000 1121 SNIPPET_NOT_RELEVANT b'1749545'
ACTION SNIPPET 10000 1124 SNIPPET_RELEVANT b'1405664'
ACTION DOC 10000 1144 EXAMINING_DOCUMENT b'1405664'
ACTION SNIPPET 10000 1147 SNIPPET_NOT_RELEVANT b'605134'
ACTION SNIPPET 10000 1150 SNIPPET_RELEVANT b'652604'
ACTION DOC 10000 1170 EXAMINING_DOCUMENT b'652604'
ACTION SNIPPET 10000 1173 SEEN_PREVIOUSLY b'1186564'
ACTION SNIPPET 10000 1176 SEEN_PREVIOUSLY b'1757752'
ACTION SNIPPET 10000 1179 SEEN_PREVIOUSLY b'1209320'
ACTION SNIPPET 10000 1182 SNIPPET_NOT_RELEVANT b'1149742'
ACTION QUERY 10000 1192 cult lifestyles everyday
ACTION SERP 10000 1197 EXAMINE_SERP
ACTION SNIPPET 10000 1200 SEEN_PREVIOUSLY b'1262473'
ACTION SNIPPET 10000 1203 SEEN_PREVIOUSLY b'624863'
ACTION SNIPPET 10000 1206 SNIPPET_NOT_RELEVANT b'1706478'
ACTION SNIPPET 10000 1209 SNIPPET_NOT_RELEVANT b'1334339'
ACTION SNIPPET 10000 1212 SNIPPET_RELEVANT b'1208633'
ACTION DOC 10000 1232 EXAMINING_DOCUMENT b'1208633'
ACTION SNIPPET 10000 1235 SNIPPET_RELEVANT b'1848459'
ACTION DOC 10000 1255 EXAMINING_DOCUMENT b'1848459'
ACTION SNIPPET 10000 1258 SNIPPET_NOT_RELEVANT b'263141'
ACTION SNIPPET 10000 1261 SEEN_PREVIOUSLY b'1186564'
ACTION SNIPPET 10000 1264 SNIPPET_NOT_RELEVANT b'1184225'
ACTION SNIPPET 10000 1267 SEEN_PREVIOUSLY b'1757752'
ACTION QUERY 10000 1277 cult lifestyles activities
ACTION SERP 10000 1282 EXAMINE_SERP
ACTION SNIPPET 10000 1285 SEEN_PREVIOUSLY b'624863'
ACTION SNIPPET 10000 1288 SEEN_PREVIOUSLY b'1186564'
ACTION SNIPPET 10000 1291 SEEN_PREVIOUSLY b'1187217'
ACTION SNIPPET 10000 1294 SEEN_PREVIOUSLY b'1634148'
ACTION SNIPPET 10000 1297 SNIPPET_RELEVANT b'718532'
ACTION DOC 10000 1317 EXAMINING_DOCUMENT b'718532'
ACTION MARK 10000 1320 CONSIDERED_RELEVANT b'718532'
ACTION SNIPPET 10000 1323 SNIPPET_NOT_RELEVANT b'1455927'
ACTION SNIPPET 10000 1326 SNIPPET_RELEVANT b'1819641'
ACTION DOC 10000 1346 EXAMINING_DOCUMENT b'1819641'
ACTION SNIPPET 10000 1349 SEEN_PREVIOUSLY b'1757752'
ACTION SNIPPET 10000 1352 SEEN_PREVIOUSLY b'1209320'
ACTION SNIPPET 10000 1355 SEEN_PREVIOUSLY b'1818609'
ACTION QUERY 10000 1365 cult lifestyles identify
ACTION SERP 10000 1370 EXAMINE_SERP
ACTION SNIPPET 10000 1373 SEEN_PREVIOUSLY b'624863'
ACTION SNIPPET 10000 1376 SEEN_PREVIOUSLY b'1186564'
ACTION SNIPPET 10000 1379 SEEN_PREVIOUSLY b'1262473'
ACTION SNIPPET 10000 1382 SNIPPET_RELEVANT b'151228'
ACTION DOC 10000 1402 EXAMINING_DOCUMENT b'151228'
ACTION SNIPPET 10000 1405 SEEN_PREVIOUSLY b'1187217'
ACTION SNIPPET 10000 1408 SEEN_PREVIOUSLY b'787163'
ACTION SNIPPET 10000 1411 SEEN_PREVIOUSLY b'329591'
ACTION SNIPPET 10000 1414 SNIPPET_RELEVANT b'604643'
ACTION DOC 10000 1434 EXAMINING_DOCUMENT b'604643'
ACTION MARK 10000 1437 CONSIDERED_RELEVANT b'604643'
ACTION SNIPPET 10000 1440 SNIPPET_RELEVANT b'151210'
ACTION DOC 10000 1460 EXAMINING_DOCUMENT b'151210'
ACTION MARK 10000 1463 CONSIDERED_RELEVANT b'151210'
ACTION SNIPPET 10000 1466 SNIPPET_NOT_RELEVANT b'717250'
ACTION QUERY 10000 1476 cult lifestyles eat
ACTION SERP 10000 1481 EXAMINE_SERP
ACTION SNIPPET 10000 1484 SEEN_PREVIOUSLY b'624863'
ACTION SNIPPET 10000 1487 SNIPPET_RELEVANT b'1667030'
ACTION DOC 10000 1507 EXAMINING_DOCUMENT b'1667030'
ACTION SNIPPET 10000 1510 SNIPPET_NOT_RELEVANT b'1667027'
ACTION SNIPPET 10000 1513 SNIPPET_NOT_RELEVANT b'1643032'
ACTION SNIPPET 10000 1516 SNIPPET_RELEVANT b'594136'
ACTION DOC 10000 1536 EXAMINING_DOCUMENT b'594136'
ACTION MARK 10000 1539 CONSIDERED_RELEVANT b'594136'
ACTION SNIPPET 10000 1542 SNIPPET_NOT_RELEVANT b'1552151'
ACTION SNIPPET 10000 1545 SNIPPET_NOT_RELEVANT b'1667031'
ACTION SNIPPET 10000 1548 SEEN_PREVIOUSLY b'1186564'
ACTION SNIPPET 10000 1551 SNIPPET_NOT_RELEVANT b'1491847'
ACTION SNIPPET 10000 1554 SEEN_PREVIOUSLY b'1801782'
ACTION QUERY 10000 1564 cult lifestyles burial
ACTION SERP 10000 1569 EXAMINE_SERP
ACTION SNIPPET 10000 1572 SEEN_PREVIOUSLY b'624863'
ACTION SNIPPET 10000 1575 SNIPPET_RELEVANT b'628493'
ACTION DOC 10000 1595 EXAMINING_DOCUMENT b'628493'
ACTION SNIPPET 10000 1598 SNIPPET_NOT_RELEVANT b'919725'
ACTION SNIPPET 10000 1601 SEEN_PREVIOUSLY b'1186564'
ACTION SNIPPET 10000 1604 SNIPPET_RELEVANT b'1155534'
ACTION DOC 10000 1624 EXAMINING_DOCUMENT b'1155534'
ACTION MARK 10000 1627 CONSIDERED_RELEVANT b'1155534'
ACTION SNIPPET 10000 1630 SEEN_PREVIOUSLY b'1757752'
ACTION SNIPPET 10000 1633 SEEN_PREVIOUSLY b'1209320'
ACTION SNIPPET 10000 1636 SEEN_PREVIOUSLY b'1187217'
ACTION SNIPPET 10000 1639 SNIPPET_RELEVANT b'201809'
ACTION DOC 10000 1659 EXAMINING_DOCUMENT b'201809'
ACTION SNIPPET 10000 1662 SEEN_PREVIOUSLY b'1262473'
ACTION QUERY 10000 1672 cult lifestyles inspired
ACTION SERP 10000 1677 EXAMINE_SERP
ACTION SNIPPET 10000 1680 SEEN_PREVIOUSLY b'624863'
ACTION SNIPPET 10000 1683 SEEN_PREVIOUSLY b'1262473'
ACTION SNIPPET 10000 1686 SNIPPET_RELEVANT b'1237817'
ACTION DOC 10000 1706 EXAMINING_DOCUMENT b'1237817'
ACTION SNIPPET 10000 1709 SEEN_PREVIOUSLY b'1186564'
ACTION SNIPPET 10000 1712 SEEN_PREVIOUSLY b'1818609'
ACTION SNIPPET 10000 1715 SEEN_PREVIOUSLY b'1757752'
ACTION SNIPPET 10000 1718 SEEN_PREVIOUSLY b'1840901'
ACTION SNIPPET 10000 1721 SEEN_PREVIOUSLY b'1209320'
ACTION SNIPPET 10000 1724 SEEN_PREVIOUSLY b'1187217'
ACTION SNIPPET 10000 1727 SNIPPET_RELEVANT b'1598723'
ACTION DOC 10000 1747 EXAMINING_DOCUMENT b'1598723'
ACTION QUERY 10000 1757 cult lifestyles date
ACTION SERP 10000 1762 EXAMINE_SERP
ACTION SNIPPET 10000 1765 SEEN_PREVIOUSLY b'624863'
ACTION SNIPPET 10000 1768 SNIPPET_RELEVANT b'16519'
ACTION DOC 10000 1788 EXAMINING_DOCUMENT b'16519'
ACTION SNIPPET 10000 1791 SNIPPET_NOT_RELEVANT b'1820132'
ACTION SNIPPET 10000 1794 SNIPPET_RELEVANT b'1820632'
ACTION DOC 10000 1814 EXAMINING_DOCUMENT b'1820632'
ACTION MARK 10000 1817 CONSIDERED_RELEVANT b'1820632'
ACTION SNIPPET 10000 1820 SEEN_PREVIOUSLY b'1186564'
ACTION SNIPPET 10000 1823 SNIPPET_NOT_RELEVANT b'1385941'
ACTION SNIPPET 10000 1826 SEEN_PREVIOUSLY b'1188846'
ACTION SNIPPET 10000 1829 SEEN_PREVIOUSLY b'1757752'
ACTION SNIPPET 10000 1832 SEEN_PREVIOUSLY b'1209320'
ACTION SNIPPET 10000 1835 SEEN_PREVIOUSLY b'1840901'
ACTION QUERY 10000 1845 cult lifestyles leaders
ACTION SERP 10000 1850 EXAMINE_SERP
ACTION SNIPPET 10000 1853 SEEN_PREVIOUSLY b'624863'
ACTION SNIPPET 10000 1856 SEEN_PREVIOUSLY b'1186564'
ACTION SNIPPET 10000 1859 SEEN_PREVIOUSLY b'1187217'
ACTION SNIPPET 10000 1862 SEEN_PREVIOUSLY b'1176601'
ACTION SNIPPET 10000 1865 SEEN_PREVIOUSLY b'638539'
ACTION SNIPPET 10000 1868 SNIPPET_RELEVANT b'1189049'
ACTION DOC 10000 1888 EXAMINING_DOCUMENT b'1189049'
ACTION MARK 10000 1891 CONSIDERED_RELEVANT b'1189049'
ACTION SNIPPET 10000 1894 SNIPPET_RELEVANT b'751928'
ACTION DOC 10000 1914 EXAMINING_DOCUMENT b'751928'
ACTION MARK 10000 1917 CONSIDERED_RELEVANT b'751928'
ACTION SNIPPET 10000 1920 SEEN_PREVIOUSLY b'793826'
ACTION SNIPPET 10000 1923 SEEN_PREVIOUSLY b'1757752'
ACTION SNIPPET 10000 1926 SNIPPET_NOT_RELEVANT b'804157'
ACTION QUERY 10000 1936 cult lifestyles idea
ACTION SERP 10000 1941 EXAMINE_SERP
ACTION SNIPPET 10000 1944 SEEN_PREVIOUSLY b'624863'
ACTION SNIPPET 10000 1947 SEEN_PREVIOUSLY b'1186564'
ACTION SNIPPET 10000 1950 SNIPPET_RELEVANT b'1537669'
ACTION DOC 10000 1970 EXAMINING_DOCUMENT b'1537669'
ACTION SNIPPET 10000 1973 SEEN_PREVIOUSLY b'1757752'
ACTION SNIPPET 10000 1976 SEEN_PREVIOUSLY b'638539'
ACTION SNIPPET 10000 1979 SEEN_PREVIOUSLY b'1209320'
ACTION SNIPPET 10000 1982 SEEN_PREVIOUSLY b'1187217'
ACTION SNIPPET 10000 1985 SNIPPET_NOT_RELEVANT b'1431217'
ACTION SNIPPET 10000 1988 SNIPPET_RELEVANT b'1702788'
ACTION DOC 10000 2008 EXAMINING_DOCUMENT b'1702788'
ACTION SNIPPET 10000 2011 SEEN_PREVIOUSLY b'1262473'
ACTION QUERY 10000 2021 cult lifestyles cults
ACTION SERP 10000 2026 EXAMINE_SERP
ACTION SNIPPET 10000 2029 SEEN_PREVIOUSLY b'624863'
ACTION SNIPPET 10000 2032 SEEN_PREVIOUSLY b'1187217'
ACTION SNIPPET 10000 2035 SEEN_PREVIOUSLY b'1186564'
ACTION SNIPPET 10000 2038 SEEN_PREVIOUSLY b'151228'
ACTION SNIPPET 10000 2041 SEEN_PREVIOUSLY b'638539'
ACTION SNIPPET 10000 2044 SEEN_PREVIOUSLY b'787163'
ACTION SNIPPET 10000 2047 SEEN_PREVIOUSLY b'751928'
ACTION SNIPPET 10000 2050 SEEN_PREVIOUSLY b'329591'
ACTION SNIPPET 10000 2053 SEEN_PREVIOUSLY b'1189049'
ACTION SNIPPET 10000 2056 SNIPPET_RELEVANT b'923384'
ACTION DOC 10000 2076 EXAMINING_DOCUMENT b'923384'
ACTION MARK 10000 2079 CONSIDERED_RELEVANT b'923384'
ACTION QUERY 10000 2089 cult lifestyles letterman
ACTION SERP 10000 2094 EXAMINE_SERP
ACTION SNIPPET 10000 2097 SNIPPET_NOT_RELEVANT b'1820132'
ACTION SNIPPET 10000 2100 SEEN_PREVIOUSLY b'1820632'
ACTION SNIPPET 10000 2103 SNIPPET_RELEVANT b'1834686'
ACTION DOC 10000 2123 EXAMINING_DOCUMENT b'1834686'
ACTION SNIPPET 10000 2126 SEEN_PREVIOUSLY b'624863'
ACTION SNIPPET 10000 2129 SNIPPET_RELEVANT b'709319'
ACTION DOC 10000 2149 EXAMINING_DOCUMENT b'709319'
ACTION SNIPPET 10000 2152 SNIPPET_NOT_RELEVANT b'709344'
ACTION SNIPPET 10000 2155 SEEN_PREVIOUSLY b'923384'
ACTION SNIPPET 10000 2158 SNIPPET_NOT_RELEVANT b'1661359'
ACTION SNIPPET 10000 2161 SNIPPET_NOT_RELEVANT b'665658'
ACTION SNIPPET 10000 2164 SEEN_PREVIOUSLY b'1186564'
ACTION QUERY 10000 2174 cult lifestyles missing
ACTION SERP 10000 2179 EXAMINE_SERP
ACTION SNIPPET 10000 2182 SEEN_PREVIOUSLY b'624863'
ACTION SNIPPET 10000 2185 SEEN_PREVIOUSLY b'1186564'
ACTION SNIPPET 10000 2188 SNIPPET_NOT_RELEVANT b'125479'
ACTION SNIPPET 10000 2191 SEEN_PREVIOUSLY b'1757752'
ACTION SNIPPET 10000 2194 SEEN_PREVIOUSLY b'1209320'
ACTION SNIPPET 10000 2197 SNIPPET_RELEVANT b'818244'
ACTION DOC 10000 2217 EXAMINING_DOCUMENT b'818244'
ACTION MARK 10000 2220 CONSIDERED_RELEVANT b'818244'
ACTION SNIPPET 10000 2223 SEEN_PREVIOUSLY b'1187217'
ACTION SNIPPET 10000 2226 SNIPPET_RELEVANT b'818310'
ACTION DOC 10000 2246 EXAMINING_DOCUMENT b'818310'
ACTION MARK 10000 2249 CONSIDERED_RELEVANT b'818310'
ACTION SNIPPET 10000 2252 SEEN_PREVIOUSLY b'1262473'
ACTION SNIPPET 10000 2255 SEEN_PREVIOUSLY b'1634148'
ACTION QUERY 10000 2265 cult lifestyles ufos
ACTION SERP 10000 2270 EXAMINE_SERP
ACTION SNIPPET 10000 2273 SEEN_PREVIOUSLY b'624863'
ACTION SNIPPET 10000 2276 SNIPPET_RELEVANT b'874866'
ACTION DOC 10000 2296 EXAMINING_DOCUMENT b'874866'
ACTION SNIPPET 10000 2299 SNIPPET_RELEVANT b'122977'
ACTION DOC 10000 2319 EXAMINING_DOCUMENT b'122977'
ACTION SNIPPET 10000 2322 SNIPPET_RELEVANT b'1487081'
ACTION DOC 10000 2342 EXAMINING_DOCUMENT b'1487081'
ACTION SNIPPET 10000 2345 SNIPPET_RELEVANT b'918758'
ACTION DOC 10000 2365 EXAMINING_DOCUMENT b'918758'
ACTION MARK 10000 2368 CONSIDERED_RELEVANT b'918758'
ACTION SNIPPET 10000 2371 SNIPPET_NOT_RELEVANT b'1539254'
ACTION SNIPPET 10000 2374 SNIPPET_NOT_RELEVANT b'907555'
ACTION SNIPPET 10000 2377 SNIPPET_NOT_RELEVANT b'715354'
ACTION SNIPPET 10000 2380 SEEN_PREVIOUSLY b'1186564'
ACTION SNIPPET 10000 2383 SNIPPET_NOT_RELEVANT b'321241'
ACTION QUERY 10000 2393 cult lifestyles charged
ACTION SERP 10000 2398 EXAMINE_SERP
ACTION SNIPPET 10000 2401 SEEN_PREVIOUSLY b'624863'
ACTION SNIPPET 10000 2404 SEEN_PREVIOUSLY b'1186564'
ACTION SNIPPET 10000 2407 SEEN_PREVIOUSLY b'1757752'
ACTION SNIPPET 10000 2410 SEEN_PREVIOUSLY b'793826'
ACTION SNIPPET 10000 2413 SEEN_PREVIOUSLY b'787163'
ACTION SNIPPET 10000 2416 SEEN_PREVIOUSLY b'1209320'
ACTION SNIPPET 10000 2419 SNIPPET_RELEVANT b'1094902'
ACTION DOC 10000 2439 EXAMINING_DOCUMENT b'1094902'
ACTION MARK 10000 2442 CONSIDERED_RELEVANT b'1094902'
ACTION SNIPPET 10000 2445 SNIPPET_RELEVANT b'249102'
ACTION DOC 10000 2465 EXAMINING_DOCUMENT b'249102'
ACTION MARK 10000 2468 CONSIDERED_RELEVANT b'249102'
ACTION SNIPPET 10000 2471 SEEN_PREVIOUSLY b'1187217'
ACTION SNIPPET 10000 2474 SNIPPET_RELEVANT b'795964'
ACTION DOC 10000 2494 EXAMINING_DOCUMENT b'795964'
ACTION MARK 10000 2497 CONSIDERED_RELEVANT b'795964'
ACTION QUERY 10000 2507 cult lifestyles stuff
ACTION SERP 10000 2512 EXAMINE_SERP
ACTION SNIPPET 10000 2515 SEEN_PREVIOUSLY b'624863'
ACTION SNIPPET 10000 2518 SEEN_PREVIOUSLY b'1710222'
ACTION SNIPPET 10000 2521 SNIPPET_RELEVANT b'1773125'
ACTION DOC 10000 2541 EXAMINING_DOCUMENT b'1773125'
ACTION SNIPPET 10000 2544 SEEN_PREVIOUSLY b'1237817'
ACTION SNIPPET 10000 2547 SEEN_PREVIOUSLY b'1186564'
ACTION SNIPPET 10000 2550 SNIPPET_NOT_RELEVANT b'669230'
ACTION SNIPPET 10000 2553 SNIPPET_NOT_RELEVANT b'890614'
ACTION SNIPPET 10000 2556 SEEN_PREVIOUSLY b'1757752'
ACTION SNIPPET 10000 2559 SEEN_PREVIOUSLY b'1209320'
ACTION SNIPPET 10000 2562 SNIPPET_NOT_RELEVANT b'1431102'
ACTION QUERY 10000 2572 cult lifestyles os
ACTION SERP 10000 2577 EXAMINE_SERP
ACTION SNIPPET 10000 2580 SNIPPET_NOT_RELEVANT b'1059826'
ACTION SNIPPET 10000 2583 SEEN_PREVIOUSLY b'624863'
ACTION SNIPPET 10000 2586 SNIPPET_NOT_RELEVANT b'1285617'
ACTION SNIPPET 10000 2589 SNIPPET_NOT_RELEVANT b'1261672'
ACTION SNIPPET 10000 2592 SNIPPET_RELEVANT b'1754183'
ACTION DOC 10000 2612 EXAMINING_DOCUMENT b'1754183'
ACTION SNIPPET 10000 2615 SNIPPET_NOT_RELEVANT b'1668348'
ACTION SNIPPET 10000 2618 SEEN_PREVIOUSLY b'1186564'
ACTION SNIPPET 10000 2621 SNIPPET_RELEVANT b'780951'
ACTION DOC 10000 2641 EXAMINING_DOCUMENT b'780951'
ACTION SNIPPET 10000 2644 SNIPPET_NOT_RELEVANT b'523071'
ACTION SNIPPET 10000 2647 SNIPPET_RELEVANT b'524243'
ACTION DOC 10000 2667 EXAMINING_DOCUMENT b'524243'
ACTION QUERY 10000 2677 cult lifestyles years
ACTION SERP 10000 2682 EXAMINE_SERP
ACTION SNIPPET 10000 2685 SEEN_PREVIOUSLY b'624863'
ACTION SNIPPET 10000 2688 SEEN_PREVIOUSLY b'1186564'
ACTION SNIPPET 10000 2691 SEEN_PREVIOUSLY b'1757752'
ACTION SNIPPET 10000 2694 SEEN_PREVIOUSLY b'1209320'
ACTION SNIPPET 10000 2697 SEEN_PREVIOUSLY b'1187217'
ACTION SNIPPET 10000 2700 SEEN_PREVIOUSLY b'1262473'
ACTION SNIPPET 10000 2703 SEEN_PREVIOUSLY b'1634148'
ACTION SNIPPET 10000 2706 SEEN_PREVIOUSLY b'1710222'
ACTION SNIPPET 10000 2709 SEEN_PREVIOUSLY b'1176601'
ACTION SNIPPET 10000 2712 SEEN_PREVIOUSLY b'1216045'
ACTION QUERY 10000 2722 cult lifestyles shallow
ACTION SERP 10000 2727 EXAMINE_SERP
ACTION SNIPPET 10000 2730 SEEN_PREVIOUSLY b'1186564'
ACTION SNIPPET 10000 2733 SEEN_PREVIOUSLY b'624863'
ACTION SNIPPET 10000 2736 SNIPPET_NOT_RELEVANT b'1777782'
ACTION SNIPPET 10000 2739 SNIPPET_NOT_RELEVANT b'1401169'
ACTION SNIPPET 10000 2742 SNIPPET_RELEVANT b'370629'
ACTION DOC 10000 2762 EXAMINING_DOCUMENT b'370629'
ACTION SNIPPET 10000 2765 SEEN_PREVIOUSLY b'1757752'
ACTION SNIPPET 10000 2768 SNIPPET_NOT_RELEVANT b'918769'
ACTION SNIPPET 10000 2771 SEEN_PREVIOUSLY b'1209320'
ACTION SNIPPET 10000 2774 SEEN_PREVIOUSLY b'1187217'
ACTION SNIPPET 10000 2777 SNIPPET_RELEVANT b'372369'
ACTION DOC 10000 2797 EXAMINING_DOCUMENT b'372369'
ACTION QUERY 10000 2807 cult lifestyles man
ACTION SERP 10000 2812 EXAMINE_SERP
ACTION SNIPPET 10000 2815 SEEN_PREVIOUSLY b'624863'
ACTION SNIPPET 10000 2818 SEEN_PREVIOUSLY b'1187217'
ACTION SNIPPET 10000 2821 SEEN_PREVIOUSLY b'1186564'
ACTION SNIPPET 10000 2824 SEEN_PREVIOUSLY b'1818609'
ACTION SNIPPET 10000 2827 SEEN_PREVIOUSLY b'1757752'
ACTION SNIPPET 10000 2830 SEEN_PREVIOUSLY b'1209320'
ACTION SNIPPET 10000 2833 SNIPPET_RELEVANT b'1820132'
ACTION DOC 10000 2853 EXAMINING_DOCUMENT b'1820132'
ACTION SNIPPET 10000 2856 SEEN_PREVIOUSLY b'1820632'
ACTION SNIPPET 10000 2859 SEEN_PREVIOUSLY b'1094902'
ACTION SNIPPET 10000 2862 SEEN_PREVIOUSLY b'1216045'
ACTION QUERY 10000 2872 cult lifestyles conspiracy
ACTION SERP 10000 2877 EXAMINE_SERP
ACTION SNIPPET 10000 2880 SEEN_PREVIOUSLY b'624863'
ACTION SNIPPET 10000 2883 SEEN_PREVIOUSLY b'1176601'
ACTION SNIPPET 10000 2886 SNIPPET_NOT_RELEVANT b'25994'
ACTION SNIPPET 10000 2889 SNIPPET_NOT_RELEVANT b'204883'
ACTION SNIPPET 10000 2892 SEEN_PREVIOUSLY b'1094902'
ACTION SNIPPET 10000 2895 SNIPPET_RELEVANT b'630465'
ACTION DOC 10000 2915 EXAMINING_DOCUMENT b'630465'
ACTION MARK 10000 2918 CONSIDERED_RELEVANT b'630465'
ACTION SNIPPET 10000 2921 SNIPPET_RELEVANT b'18610'
ACTION DOC 10000 2941 EXAMINING_DOCUMENT b'18610'
ACTION MARK 10000 2944 CONSIDERED_RELEVANT b'18610'
ACTION SNIPPET 10000 2947 SNIPPET_RELEVANT b'716328'
ACTION DOC 10000 2967 EXAMINING_DOCUMENT b'716328'
ACTION MARK 10000 2970 CONSIDERED_RELEVANT b'716328'
ACTION SNIPPET 10000 2973 SNIPPET_RELEVANT b'380903'
ACTION DOC 10000 2993 EXAMINING_DOCUMENT b'380903'
ACTION MARK 10000 2996 CONSIDERED_RELEVANT b'380903'
ACTION SNIPPET 10000 2999 SNIPPET_RELEVANT b'918730'
ACTION DOC 10000 3019 EXAMINING_DOCUMENT b'918730'
ACTION QUERY 10000 3029 cult lifestyles stand
ACTION SERP 10000 3034 EXAMINE_SERP
ACTION SNIPPET 10000 3037 SEEN_PREVIOUSLY b'624863'
ACTION SNIPPET 10000 3040 SEEN_PREVIOUSLY b'1634148'
ACTION SNIPPET 10000 3043 SEEN_PREVIOUSLY b'1186564'
ACTION SNIPPET 10000 3046 SEEN_PREVIOUSLY b'1757752'
ACTION SNIPPET 10000 3049 SEEN_PREVIOUSLY b'1209320'
ACTION SNIPPET 10000 3052 SEEN_PREVIOUSLY b'1187217'
ACTION SNIPPET 10000 3055 SNIPPET_RELEVANT b'1134927'
ACTION DOC 10000 3075 EXAMINING_DOCUMENT b'1134927'
ACTION MARK 10000 3078 CONSIDERED_RELEVANT b'1134927'
ACTION SNIPPET 10000 3081 SEEN_PREVIOUSLY b'597276'
ACTION SNIPPET 10000 3084 SEEN_PREVIOUSLY b'1262473'
ACTION SNIPPET 10000 3087 SNIPPET_RELEVANT b'1184225'
ACTION DOC 10000 3107 EXAMINING_DOCUMENT b'1184225'
ACTION QUERY 10000 3117 cult lifestyles dallas
ACTION SERP 10000 3122 EXAMINE_SERP
ACTION SNIPPET 10000 3125 SEEN_PREVIOUSLY b'624863'
ACTION SNIPPET 10000 3128 SNIPPET_RELEVANT b'593708'
ACTION DOC 10000 3148 EXAMINING_DOCUMENT b'593708'
ACTION SNIPPET 10000 3151 SNIPPET_NOT_RELEVANT b'1631765'
ACTION SNIPPET 10000 3154 SNIPPET_RELEVANT b'1849509'
ACTION DOC 10000 3174 EXAMINING_DOCUMENT b'1849509'
ACTION SNIPPET 10000 3177 SEEN_PREVIOUSLY b'1186564'
ACTION SNIPPET 10000 3180 SNIPPET_RELEVANT b'597055'
ACTION DOC 10000 3200 EXAMINING_DOCUMENT b'597055'
ACTION MARK 10000 3203 CONSIDERED_RELEVANT b'597055'
ACTION SNIPPET 10000 3206 SNIPPET_RELEVANT b'598688'
ACTION DOC 10000 3226 EXAMINING_DOCUMENT b'598688'
ACTION MARK 10000 3229 CONSIDERED_RELEVANT b'598688'
ACTION SNIPPET 10000 3232 SEEN_PREVIOUSLY b'1757752'
ACTION SNIPPET 10000 3235 SEEN_PREVIOUSLY b'1209320'
ACTION SNIPPET 10000 3238 SEEN_PREVIOUSLY b'1187217'
ACTION QUERY 10000 3248 cult lifestyles raids
ACTION SERP 10000 3253 EXAMINE_SERP
ACTION SNIPPET 10000 3256 SEEN_PREVIOUSLY b'598688'
ACTION SNIPPET 10000 3259 SNIPPET_RELEVANT b'637967'
ACTION DOC 10000 3279 EXAMINING_DOCUMENT b'637967'
ACTION MARK 10000 3282 CONSIDERED_RELEVANT b'637967'
ACTION SNIPPET 10000 3285 SNIPPET_RELEVANT b'593854'
ACTION DOC 10000 3305 EXAMINING_DOCUMENT b'593854'
ACTION MARK 10000 3308 CONSIDERED_RELEVANT b'593854'
ACTION SNIPPET 10000 3311 SNIPPET_RELEVANT b'664960'
ACTION DOC 10000 3331 EXAMINING_DOCUMENT b'664960'
ACTION MARK 10000 3334 CONSIDERED_RELEVANT b'664960'
ACTION SNIPPET 10000 3337 SNIPPET_NOT_RELEVANT b'596542'
ACTION SNIPPET 10000 3340 SNIPPET_RELEVANT b'631772'
ACTION DOC 10000 3360 EXAMINING_DOCUMENT b'631772'
ACTION MARK 10000 3363 CONSIDERED_RELEVANT b'631772'
ACTION SNIPPET 10000 3366 SNIPPET_NOT_RELEVANT b'600569'
ACTION SNIPPET 10000 3369 SNIPPET_RELEVANT b'614348'
ACTION DOC 10000 3389 EXAMINING_DOCUMENT b'614348'
ACTION MARK 10000 3392 CONSIDERED_RELEVANT b'614348'
ACTION SNIPPET 10000 3395 SNIPPET_RELEVANT b'599682'
ACTION DOC 10000 3415 EXAMINING_DOCUMENT b'599682'
ACTION MARK 10000 3418 CONSIDERED_RELEVANT b'599682'
ACTION SNIPPET 10000 3421 SEEN_PREVIOUSLY b'624863'
ACTION QUERY 10000 3431 cult lifestyles minister
ACTION SERP 10000 3436 EXAMINE_SERP
ACTION SNIPPET 10000 3439 SEEN_PREVIOUSLY b'624863'
ACTION SNIPPET 10000 3442 SNIPPET_RELEVANT b'1403973'
ACTION DOC 10000 3462 EXAMINING_DOCUMENT b'1403973'
ACTION MARK 10000 3465 CONSIDERED_RELEVANT b'1403973'
ACTION SNIPPET 10000 3468 SEEN_PREVIOUSLY b'1186564'
ACTION SNIPPET 10000 3471 SNIPPET_NOT_RELEVANT b'1431217'
ACTION SNIPPET 10000 3474 SNIPPET_NOT_RELEVANT b'919493'
ACTION SNIPPET 10000 3477 SEEN_PREVIOUSLY b'1757752'
ACTION SNIPPET 10000 3480 SEEN_PREVIOUSLY b'1209320'
ACTION SNIPPET 10000 3483 SEEN_PREVIOUSLY b'1187217'
ACTION SNIPPET 10000 3486 SEEN_PREVIOUSLY b'380903'
ACTION SNIPPET 10000 3489 SNIPPET_RELEVANT b'385266'
ACTION DOC 10000 3509 EXAMINING_DOCUMENT b'385266'
ACTION MARK 10000 3512 CONSIDERED_RELEVANT b'385266'
ACTION QUERY 10000 3522 cult lifestyles executed
ACTION SERP 10000 3527 EXAMINE_SERP
ACTION SNIPPET 10000 3530 SEEN_PREVIOUSLY b'624863'
ACTION SNIPPET 10000 3533 SEEN_PREVIOUSLY b'1209320'
ACTION SNIPPET 10000 3536 SEEN_PREVIOUSLY b'1186564'
ACTION SNIPPET 10000 3539 SEEN_PREVIOUSLY b'1757752'
ACTION SNIPPET 10000 3542 SEEN_PREVIOUSLY b'1187217'
ACTION SNIPPET 10000 3545 SEEN_PREVIOUSLY b'1262473'
ACTION SNIPPET 10000 3548 SNIPPET_RELEVANT b'1385941'
ACTION DOC 10000 3568 EXAMINING_DOCUMENT b'1385941'
ACTION SNIPPET 10000 3571 SEEN_PREVIOUSLY b'1634148'
ACTION SNIPPET 10000 3574 SEEN_PREVIOUSLY b'1403973'
ACTION SNIPPET 10000 3577 SEEN_PREVIOUSLY b'1176601'
ACTION QUERY 10000 3587 cult lifestyles growers
ACTION SERP 10000 3592 EXAMINE_SERP
ACTION SNIPPET 10000 3595 SEEN_PREVIOUSLY b'624863'
ACTION SNIPPET 10000 3598 SEEN_PREVIOUSLY b'1186564'
ACTION SNIPPET 10000 3601 SNIPPET_NOT_RELEVANT b'1420271'
ACTION SNIPPET 10000 3604 SNIPPET_NOT_RELEVANT b'1204837'
ACTION SNIPPET 10000 3607 SEEN_PREVIOUSLY b'1757752'
ACTION SNIPPET 10000 3610 SEEN_PREVIOUSLY b'1209320'
ACTION SNIPPET 10000 3613 SNIPPET_RELEVANT b'1451370'
ACTION DOC 10000 3633 EXAMINING_DOCUMENT b'1451370'
ACTION SNIPPET 10000 3636 SEEN_PREVIOUSLY b'1187217'
ACTION SNIPPET 10000 3639 SNIPPET_RELEVANT b'384258'
ACTION DOC 10000 3659 EXAMINING_DOCUMENT b'384258'
ACTION SNIPPET 10000 3662 SEEN_PREVIOUSLY b'1262473'
ACTION QUERY 10000 3672 cult lifestyles honor
ACTION SERP 10000 3677 EXAMINE_SERP
ACTION SNIPPET 10000 3680 SEEN_PREVIOUSLY b'624863'
ACTION SNIPPET 10000 3683 SEEN_PREVIOUSLY b'1710222'
ACTION SNIPPET 10000 3686 SEEN_PREVIOUSLY b'249102'
ACTION SNIPPET 10000 3689 SEEN_PREVIOUSLY b'1237817'
ACTION SNIPPET 10000 3692 SEEN_PREVIOUSLY b'1186564'
ACTION SNIPPET 10000 3695 SNIPPET_RELEVANT b'1620006'
ACTION DOC 10000 3715 EXAMINING_DOCUMENT b'1620006'
ACTION SNIPPET 10000 3718 SNIPPET_RELEVANT b'1450676'
ACTION DOC 10000 3738 EXAMINING_DOCUMENT b'1450676'
ACTION SNIPPET 10000 3741 SNIPPET_NOT_RELEVANT b'1625600'
ACTION SNIPPET 10000 3744 SEEN_PREVIOUSLY b'1757752'
ACTION SNIPPET 10000 3747 SEEN_PREVIOUSLY b'1209320'
ACTION QUERY 10000 3757 cult lifestyles kill
ACTION SERP 10000 3762 EXAMINE_SERP
ACTION SNIPPET 10000 3765 SEEN_PREVIOUSLY b'624863'
ACTION SNIPPET 10000 3768 SEEN_PREVIOUSLY b'1186564'
ACTION SNIPPET 10000 3771 SEEN_PREVIOUSLY b'1187217'
ACTION SNIPPET 10000 3774 SNIPPET_RELEVANT b'247846'
ACTION DOC 10000 3794 EXAMINING_DOCUMENT b'247846'
ACTION SNIPPET 10000 3797 SEEN_PREVIOUSLY b'793826'
ACTION SNIPPET 10000 3800 SEEN_PREVIOUSLY b'787163'
ACTION SNIPPET 10000 3803 SNIPPET_RELEVANT b'917723'
ACTION DOC 10000 3823 EXAMINING_DOCUMENT b'917723'
ACTION MARK 10000 3826 CONSIDERED_RELEVANT b'917723'
ACTION SNIPPET 10000 3829 SNIPPET_RELEVANT b'248208'
ACTION DOC 10000 3849 EXAMINING_DOCUMENT b'248208'
ACTION MARK 10000 3852 CONSIDERED_RELEVANT b'248208'
ACTION SNIPPET 10000 3855 SNIPPET_RELEVANT b'905700'
ACTION DOC 10000 3875 EXAMINING_DOCUMENT b'905700'
ACTION MARK 10000 3878 CONSIDERED_RELEVANT b'905700'
ACTION SNIPPET 10000 3881 SEEN_PREVIOUSLY b'380903'
ACTION QUERY 10000 3891 cult lifestyles nuclear
ACTION SERP 10000 3896 EXAMINE_SERP
ACTION SNIPPET 10000 3899 SEEN_PREVIOUSLY b'624863'
ACTION SNIPPET 10000 3902 SNIPPET_NOT_RELEVANT b'903257'
ACTION SNIPPET 10000 3905 SNIPPET_RELEVANT b'1214058'
ACTION DOC 10000 3925 EXAMINING_DOCUMENT b'1214058'
ACTION SNIPPET 10000 3928 SEEN_PREVIOUSLY b'1186564'
ACTION SNIPPET 10000 3931 SEEN_PREVIOUSLY b'917723'
ACTION SNIPPET 10000 3934 SNIPPET_NOT_RELEVANT b'1427368'
ACTION SNIPPET 10000 3937 SEEN_PREVIOUSLY b'1757752'
ACTION SNIPPET 10000 3940 SEEN_PREVIOUSLY b'1209320'
ACTION SNIPPET 10000 3943 SNIPPET_RELEVANT b'1562390'
ACTION DOC 10000 3963 EXAMINING_DOCUMENT b'1562390'
ACTION MARK 10000 3966 CONSIDERED_RELEVANT b'1562390'
ACTION SNIPPET 10000 3969 SEEN_PREVIOUSLY b'1187217'
ACTION QUERY 10000 3979 cult lifestyles today
ACTION SERP 10000 3984 EXAMINE_SERP
ACTION SNIPPET 10000 3987 SEEN_PREVIOUSLY b'624863'
ACTION SNIPPET 10000 3990 SEEN_PREVIOUSLY b'1186564'
ACTION SNIPPET 10000 3993 SEEN_PREVIOUSLY b'1187217'
ACTION SNIPPET 10000 3996 SEEN_PREVIOUSLY b'1710222'
ACTION SNIPPET 10000 3999 SEEN_PREVIOUSLY b'1757752'
ACTION SNIPPET 10000 4002 SEEN_PREVIOUSLY b'1209320'
ACTION SNIPPET 10000 4005 SEEN_PREVIOUSLY b'1801782'
ACTION SNIPPET 10000 4008 SEEN_PREVIOUSLY b'1262473'
ACTION SNIPPET 10000 4011 SEEN_PREVIOUSLY b'787163'
ACTION SNIPPET 10000 4014 SEEN_PREVIOUSLY b'1634148'
ACTION QUERY 10000 4024 cult lifestyles 16
ACTION SERP 10000 4029 EXAMINE_SERP
ACTION SNIPPET 10000 4032 SEEN_PREVIOUSLY b'624863'
ACTION SNIPPET 10000 4035 SEEN_PREVIOUSLY b'1187217'
ACTION SNIPPET 10000 4038 SEEN_PREVIOUSLY b'1186564'
ACTION SNIPPET 10000 4041 SNIPPET_NOT_RELEVANT b'54013'
ACTION SNIPPET 10000 4044 SEEN_PREVIOUSLY b'1757752'
ACTION SNIPPET 10000 4047 SNIPPET_RELEVANT b'15226'
ACTION DOC 10000 4067 EXAMINING_DOCUMENT b'15226'
ACTION SNIPPET 10000 4070 SEEN_PREVIOUSLY b'1209320'
ACTION SNIPPET 10000 4073 SEEN_PREVIOUSLY b'818310'
ACTION SNIPPET 10000 4076 SEEN_PREVIOUSLY b'795964'
ACTION SNIPPET 10000 4079 SEEN_PREVIOUSLY b'1262473'
ACTION QUERY 10000 4089 cult lifestyles speaker
ACTION SERP 10000 4094 EXAMINE_SERP
ACTION SNIPPET 10000 4097 SEEN_PREVIOUSLY b'624863'
ACTION SNIPPET 10000 4100 SNIPPET_NOT_RELEVANT b'1401961'
ACTION SNIPPET 10000 4103 SNIPPET_NOT_RELEVANT b'363546'
ACTION SNIPPET 10000 4106 SNIPPET_NOT_RELEVANT b'601522'
ACTION SNIPPET 10000 4109 SNIPPET_RELEVANT b'1601732'
ACTION DOC 10000 4129 EXAMINING_DOCUMENT b'1601732'
ACTION SNIPPET 10000 4132 SEEN_PREVIOUSLY b'1186564'
ACTION SNIPPET 10000 4135 SEEN_PREVIOUSLY b'1757752'
ACTION SNIPPET 10000 4138 SEEN_PREVIOUSLY b'1209320'
ACTION SNIPPET 10000 4141 SEEN_PREVIOUSLY b'1187217'
ACTION SNIPPET 10000 4144 SNIPPET_RELEVANT b'594770'
ACTION DOC 10000 4164 EXAMINING_DOCUMENT b'594770'
ACTION MARK 10000 4167 CONSIDERED_RELEVANT b'594770'
ACTION QUERY 10000 4177 cult lifestyles dangerous
ACTION SERP 10000 4182 EXAMINE_SERP
ACTION SNIPPET 10000 4185 SEEN_PREVIOUSLY b'624863'
ACTION SNIPPET 10000 4188 SEEN_PREVIOUSLY b'1134927'
ACTION SNIPPET 10000 4191 SEEN_PREVIOUSLY b'1237817'
ACTION SNIPPET 10000 4194 SEEN_PREVIOUSLY b'1186564'
ACTION SNIPPET 10000 4197 SNIPPET_NOT_RELEVANT b'1459335'
ACTION SNIPPET 10000 4200 SEEN_PREVIOUSLY b'1757752'
ACTION SNIPPET 10000 4203 SEEN_PREVIOUSLY b'1209320'
ACTION SNIPPET 10000 4206 SEEN_PREVIOUSLY b'1214058'
ACTION SNIPPET 10000 4209 SEEN_PREVIOUSLY b'751928'
ACTION SNIPPET 10000 4212 SEEN_PREVIOUSLY b'1187217'
ACTION QUERY 10000 4222 cult lifestyles driver
ACTION SERP 10000 4227 EXAMINE_SERP
ACTION SNIPPET 10000 4230 SEEN_PREVIOUSLY b'624863'
ACTION SNIPPET 10000 4233 SNIPPET_NOT_RELEVANT b'1750612'
ACTION SNIPPET 10000 4236 SEEN_PREVIOUSLY b'1216045'
ACTION SNIPPET 10000 4239 SEEN_PREVIOUSLY b'1186564'
ACTION SNIPPET 10000 4242 SEEN_PREVIOUSLY b'1757752'
ACTION SNIPPET 10000 4245 SEEN_PREVIOUSLY b'1209320'
ACTION SNIPPET 10000 4248 SNIPPET_RELEVANT b'919719'
ACTION DOC 10000 4268 EXAMINING_DOCUMENT b'919719'
ACTION MARK 10000 4271 CONSIDERED_RELEVANT b'919719'
ACTION SNIPPET 10000 4274 SNIPPET_NOT_RELEVANT b'1669052'
ACTION SNIPPET 10000 4277 SNIPPET_NOT_RELEVANT b'1661985'
ACTION SNIPPET 10000 4280 SEEN_PREVIOUSLY b'1187217'
ACTION QUERY 10000 4290 cult lifestyles jouret
ACTION SERP 10000 4295 EXAMINE_SERP
ACTION SNIPPET 10000 4298 SNIPPET_RELEVANT b'717250'
ACTION DOC 10000 4318 EXAMINING_DOCUMENT b'717250'
ACTION MARK 10000 4321 CONSIDERED_RELEVANT b'717250'
ACTION SNIPPET 10000 4324 SNIPPET_NOT_RELEVANT b'716342'
ACTION SNIPPET 10000 4327 SEEN_PREVIOUSLY b'716328'
ACTION SNIPPET 10000 4330 SEEN_PREVIOUSLY b'718532'
ACTION SNIPPET 10000 4333 SNIPPET_NOT_RELEVANT b'717639'
ACTION SNIPPET 10000 4336 SNIPPET_RELEVANT b'716520'
ACTION DOC 10000 4356 EXAMINING_DOCUMENT b'716520'
ACTION MARK 10000 4359 CONSIDERED_RELEVANT b'716520'
ACTION SNIPPET 10000 4362 SNIPPET_NOT_RELEVANT b'719433'
ACTION SNIPPET 10000 4365 SNIPPET_RELEVANT b'716510'
ACTION DOC 10000 4385 EXAMINING_DOCUMENT b'716510'
ACTION MARK 10000 4388 CONSIDERED_RELEVANT b'716510'
ACTION SNIPPET 10000 4391 SNIPPET_NOT_RELEVANT b'718152'
ACTION SNIPPET 10000 4394 SNIPPET_RELEVANT b'716687'
ACTION DOC 10000 4414 EXAMINING_DOCUMENT b'716687'
ACTION MARK 10000 4417 CONSIDERED_RELEVANT b'716687'
ACTION QUERY 10000 4427 cult lifestyles destruction
ACTION SERP 10000 4432 EXAMINE_SERP
ACTION SNIPPET 10000 4435 SEEN_PREVIOUSLY b'624863'
ACTION SNIPPET 10000 4438 SEEN_PREVIOUSLY b'329591'
ACTION SNIPPET 10000 4441 SEEN_PREVIOUSLY b'638539'
ACTION SNIPPET 10000 4444 SNIPPET_NOT_RELEVANT b'604579'
ACTION SNIPPET 10000 4447 SNIPPET_RELEVANT b'1408648'
ACTION DOC 10000 4467 EXAMINING_DOCUMENT b'1408648'
ACTION SNIPPET 10000 4470 SEEN_PREVIOUSLY b'1186564'
ACTION SNIPPET 10000 4473 SNIPPET_NOT_RELEVANT b'1507719'
ACTION SNIPPET 10000 4476 SNIPPET_RELEVANT b'1028230'
ACTION DOC 10000 4496 EXAMINING_DOCUMENT b'1028230'
ACTION SNIPPET 10000 4499 SNIPPET_NOT_RELEVANT b'1529937'
ACTION SNIPPET 10000 4502 SEEN_PREVIOUSLY b'1757752'
ACTION QUERY 10000 4512 cult lifestyles leading
ACTION SERP 10000 4517 EXAMINE_SERP
ACTION SNIPPET 10000 4520 SEEN_PREVIOUSLY b'624863'
ACTION SNIPPET 10000 4523 SEEN_PREVIOUSLY b'1186564'
ACTION SNIPPET 10000 4526 SEEN_PREVIOUSLY b'1187217'
ACTION SNIPPET 10000 4529 SEEN_PREVIOUSLY b'1757752'
ACTION SNIPPET 10000 4532 SEEN_PREVIOUSLY b'1209320'
ACTION SNIPPET 10000 4535 SEEN_PREVIOUSLY b'1262473'
ACTION SNIPPET 10000 4538 SEEN_PREVIOUSLY b'1634148'
ACTION SNIPPET 10000 4541 SEEN_PREVIOUSLY b'1176601'
ACTION SNIPPET 10000 4544 SEEN_PREVIOUSLY b'1710222'
ACTION SNIPPET 10000 4547 SEEN_PREVIOUSLY b'1216045'
ACTION QUERY 10000 4557 cult lifestyles dogs
ACTION SERP 10000 4562 EXAMINE_SERP
ACTION SNIPPET 10000 4565 SEEN_PREVIOUSLY b'624863'
ACTION SNIPPET 10000 4568 SNIPPET_NOT_RELEVANT b'1466915'
ACTION SNIPPET 10000 4571 SNIPPET_NOT_RELEVANT b'1377558'
ACTION SNIPPET 10000 4574 SNIPPET_NOT_RELEVANT b'125479'
ACTION SNIPPET 10000 4577 SEEN_PREVIOUSLY b'1186564'
ACTION SNIPPET 10000 4580 SNIPPET_NOT_RELEVANT b'825898'
ACTION SNIPPET 10000 4583 SNIPPET_NOT_RELEVANT b'238615'
ACTION SNIPPET 10000 4586 SEEN_PREVIOUSLY b'1757752'
ACTION SNIPPET 10000 4589 SEEN_PREVIOUSLY b'1209320'
ACTION SNIPPET 10000 4592 SNIPPET_NOT_RELEVANT b'1604361'
ACTION QUERY 10000 4602 cult lifestyles uganda
ACTION SERP 10000 4607 EXAMINE_SERP
ACTION SNIPPET 10000 4610 SNIPPET_RELEVANT b'1190599'
ACTION DOC 10000 4630 EXAMINING_DOCUMENT b'1190599'
ACTION MARK 10000 4633 CONSIDERED_RELEVANT b'1190599'
ACTION SNIPPET 10000 4636 SNIPPET_RELEVANT b'1185806'
ACTION DOC 10000 4656 EXAMINING_DOCUMENT b'1185806'
ACTION MARK 10000 4659 CONSIDERED_RELEVANT b'1185806'
ACTION SNIPPET 10000 4662 SNIPPET_NOT_RELEVANT b'1188899'
ACTION SNIPPET 10000 4665 SEEN_PREVIOUSLY b'1189049'
ACTION SNIPPET 10000 4668 SEEN_PREVIOUSLY b'1186564'
ACTION SNIPPET 10000 4671 SEEN_PREVIOUSLY b'1188846'
ACTION SNIPPET 10000 4674 SNIPPET_RELEVANT b'1187683'
ACTION DOC 10000 4694 EXAMINING_DOCUMENT b'1187683'
ACTION MARK 10000 4697 CONSIDERED_RELEVANT b'1187683'
ACTION SNIPPET 10000 4700 SNIPPET_NOT_RELEVANT b'1187098'
ACTION SNIPPET 10000 4703 SNIPPET_RELEVANT b'1187009'
ACTION DOC 10000 4723 EXAMINING_DOCUMENT b'1187009'
ACTION MARK 10000 4726 CONSIDERED_RELEVANT b'1187009'
ACTION SNIPPET 10000 4729 SNIPPET_RELEVANT b'1188145'
ACTION DOC 10000 4749 EXAMINING_DOCUMENT b'1188145'
ACTION MARK 10000 4752 CONSIDERED_RELEVANT b'1188145'
ACTION QUERY 10000 4762 cult lifestyles color
ACTION SERP 10000 4767 EXAMINE_SERP
ACTION SNIPPET 10000 4770 SEEN_PREVIOUSLY b'624863'
ACTION SNIPPET 10000 4773 SEEN_PREVIOUSLY b'1186564'
ACTION SNIPPET 10000 4776 SEEN_PREVIOUSLY b'1757752'
ACTION SNIPPET 10000 4779 SEEN_PREVIOUSLY b'1209320'
ACTION SNIPPET 10000 4782 SEEN_PREVIOUSLY b'1313540'
ACTION SNIPPET 10000 4785 SEEN_PREVIOUSLY b'1187217'
ACTION SNIPPET 10000 4788 SNIPPET_NOT_RELEVANT b'825898'
ACTION SNIPPET 10000 4791 SNIPPET_NOT_RELEVANT b'1512505'
ACTION SNIPPET 10000 4794 SNIPPET_RELEVANT b'1389069'
ACTION DOC 10000 4814 EXAMINING_DOCUMENT b'1389069'
ACTION SNIPPET 10000 4817 SEEN_PREVIOUSLY b'1262473'
ACTION QUERY 10000 4827 cult lifestyles posed
ACTION SERP 10000 4832 EXAMINE_SERP
ACTION SNIPPET 10000 4835 SEEN_PREVIOUSLY b'624863'
ACTION SNIPPET 10000 4838 SNIPPET_NOT_RELEVANT b'1309098'
ACTION SNIPPET 10000 4841 SEEN_PREVIOUSLY b'905700'
ACTION SNIPPET 10000 4844 SEEN_PREVIOUSLY b'593854'
ACTION SNIPPET 10000 4847 SEEN_PREVIOUSLY b'1186564'
ACTION SNIPPET 10000 4850 SEEN_PREVIOUSLY b'1757752'
ACTION SNIPPET 10000 4853 SNIPPET_NOT_RELEVANT b'734110'
ACTION SNIPPET 10000 4856 SEEN_PREVIOUSLY b'1209320'
ACTION SNIPPET 10000 4859 SNIPPET_NOT_RELEVANT b'850912'
ACTION SNIPPET 10000 4862 SNIPPET_RELEVANT b'1103151'
ACTION DOC 10000 4882 EXAMINING_DOCUMENT b'1103151'
ACTION MARK 10000 4885 CONSIDERED_RELEVANT b'1103151'
ACTION QUERY 10000 4895 cult lifestyles square
ACTION SERP 10000 4900 EXAMINE_SERP
ACTION SNIPPET 10000 4903 SEEN_PREVIOUSLY b'624863'
ACTION SNIPPET 10000 4906 SNIPPET_RELEVANT b'649211'
ACTION DOC 10000 4926 EXAMINING_DOCUMENT b'649211'
ACTION MARK 10000 4929 CONSIDERED_RELEVANT b'649211'
ACTION SNIPPET 10000 4932 SEEN_PREVIOUSLY b'1819641'
ACTION SNIPPET 10000 4935 SEEN_PREVIOUSLY b'1186564'
ACTION SNIPPET 10000 4938 SNIPPET_NOT_RELEVANT b'1431427'
ACTION SNIPPET 10000 4941 SEEN_PREVIOUSLY b'1757752'
ACTION SNIPPET 10000 4944 SNIPPET_NOT_RELEVANT b'119699'
ACTION SNIPPET 10000 4947 SEEN_PREVIOUSLY b'1209320'
ACTION SNIPPET 10000 4950 SEEN_PREVIOUSLY b'647946'
ACTION SNIPPET 10000 4953 SEEN_PREVIOUSLY b'1187217'
ACTION QUERY 10000 4963 cult lifestyles circles
ACTION SERP 10000 4968 EXAMINE_SERP
ACTION SNIPPET 10000 4971 SEEN_PREVIOUSLY b'624863'
ACTION SNIPPET 10000 4974 SNIPPET_RELEVANT b'204883'
ACTION DOC 10000 4994 EXAMINING_DOCUMENT b'204883'
ACTION MARK 10000 4997 CONSIDERED_RELEVANT b'204883'
ACTION SNIPPET 10000 5000 SNIPPET_NOT_RELEVANT b'190315'
ACTION SNIPPET 10000 5003 SEEN_PREVIOUSLY b'1186564'
ACTION SNIPPET 10000 5006 SNIPPET_NOT_RELEVANT b'1797074'
ACTION SNIPPET 10000 5009 SEEN_PREVIOUSLY b'1757752'
ACTION SNIPPET 10000 5012 SEEN_PREVIOUSLY b'1209320'
ACTION SNIPPET 10000 5015 SNIPPET_NOT_RELEVANT b'471219'
ACTION SNIPPET 10000 5018 SEEN_PREVIOUSLY b'1187217'
ACTION SNIPPET 10000 5021 SNIPPET_NOT_RELEVANT b'718152'
ACTION QUERY 10000 5031 cult lifestyles plans
ACTION SERP 10000 5036 EXAMINE_SERP
ACTION SNIPPET 10000 5039 SEEN_PREVIOUSLY b'624863'
ACTION SNIPPET 10000 5042 SEEN_PREVIOUSLY b'1186564'
ACTION SNIPPET 10000 5045 SEEN_PREVIOUSLY b'1757752'
ACTION SNIPPET 10000 5048 SEEN_PREVIOUSLY b'1209320'
ACTION SNIPPET 10000 5051 SEEN_PREVIOUSLY b'1187217'
ACTION SNIPPET 10000 5054 SEEN_PREVIOUSLY b'917723'
ACTION SNIPPET 10000 5057 SEEN_PREVIOUSLY b'1262473'
ACTION SNIPPET 10000 5060 SEEN_PREVIOUSLY b'1819641'
ACTION SNIPPET 10000 5063 SEEN_PREVIOUSLY b'1634148'
ACTION SNIPPET 10000 5066 SEEN_PREVIOUSLY b'1176601'
ACTION QUERY 10000 5076 cult lifestyles right
ACTION SERP 10000 5081 EXAMINE_SERP
ACTION SNIPPET 10000 5084 SEEN_PREVIOUSLY b'624863'
ACTION SNIPPET 10000 5087 SEEN_PREVIOUSLY b'1186564'
ACTION SNIPPET 10000 5090 SEEN_PREVIOUSLY b'1757752'
ACTION SNIPPET 10000 5093 SEEN_PREVIOUSLY b'1209320'
ACTION SNIPPET 10000 5096 SEEN_PREVIOUSLY b'1187217'
ACTION SNIPPET 10000 5099 SEEN_PREVIOUSLY b'1820632'
ACTION SNIPPET 10000 5102 SEEN_PREVIOUSLY b'1262473'
ACTION SNIPPET 10000 5105 SEEN_PREVIOUSLY b'1634148'
ACTION SNIPPET 10000 5108 SEEN_PREVIOUSLY b'1216045'
ACTION SNIPPET 10000 5111 SEEN_PREVIOUSLY b'1237817'
ACTION QUERY 10000 5121 cult lifestyles sams
ACTION SERP 10000 5126 EXAMINE_SERP
ACTION SNIPPET 10000 5129 SEEN_PREVIOUSLY b'624863'
ACTION SNIPPET 10000 5132 SNIPPET_NOT_RELEVANT b'1512505'
ACTION SNIPPET 10000 5135 SNIPPET_NOT_RELEVANT b'1646173'
ACTION SNIPPET 10000 5138 SEEN_PREVIOUSLY b'1186564'
ACTION SNIPPET 10000 5141 SNIPPET_NOT_RELEVANT b'1131119'
ACTION SNIPPET 10000 5144 SNIPPET_RELEVANT b'1802204'
ACTION DOC 10000 5164 EXAMINING_DOCUMENT b'1802204'
ACTION SNIPPET 10000 5167 SEEN_PREVIOUSLY b'1757752'
ACTION SNIPPET 10000 5170 SNIPPET_NOT_RELEVANT b'1371207'
ACTION SNIPPET 10000 5173 SNIPPET_RELEVANT b'1117151'
ACTION DOC 10000 5193 EXAMINING_DOCUMENT b'1117151'
ACTION SNIPPET 10000 5196 SNIPPET_NOT_RELEVANT b'1117322'
ACTION QUERY 10000 5206 cult lifestyles japanese
ACTION SERP 10000 5211 EXAMINE_SERP
ACTION SNIPPET 10000 5214 SEEN_PREVIOUSLY b'624863'
ACTION SNIPPET 10000 5217 SEEN_PREVIOUSLY b'751928'
ACTION SNIPPET 10000 5220 SNIPPET_RELEVANT b'816137'
ACTION DOC 10000 5240 EXAMINING_DOCUMENT b'816137'
ACTION MARK 10000 5243 CONSIDERED_RELEVANT b'816137'
ACTION SNIPPET 10000 5246 SEEN_PREVIOUSLY b'917723'
ACTION SNIPPET 10000 5249 SEEN_PREVIOUSLY b'905700'
ACTION SNIPPET 10000 5252 SNIPPET_NOT_RELEVANT b'478166'
ACTION SNIPPET 10000 5255 SNIPPET_NOT_RELEVANT b'39202'
ACTION SNIPPET 10000 5258 SNIPPET_RELEVANT b'1019956'
ACTION DOC 10000 5278 EXAMINING_DOCUMENT b'1019956'
ACTION MARK 10000 5281 CONSIDERED_RELEVANT b'1019956'
ACTION SNIPPET 10000 5284 SNIPPET_RELEVANT b'1133523'
ACTION DOC 10000 5304 EXAMINING_DOCUMENT b'1133523'
ACTION MARK 10000 5307 CONSIDERED_RELEVANT b'1133523'
ACTION SNIPPET 10000 5310 SNIPPET_NOT_RELEVANT b'1226793'
ACTION QUERY 10000 5320 cult lifestyles high
ACTION SERP 10000 5325 EXAMINE_SERP
ACTION SNIPPET 10000 5328 SEEN_PREVIOUSLY b'624863'
ACTION SNIPPET 10000 5331 SEEN_PREVIOUSLY b'1186564'
ACTION SNIPPET 10000 5334 SEEN_PREVIOUSLY b'1634148'
ACTION SNIPPET 10000 5337 SEEN_PREVIOUSLY b'1757752'
ACTION SNIPPET 10000 5340 SEEN_PREVIOUSLY b'1209320'
ACTION SNIPPET 10000 5343 SEEN_PREVIOUSLY b'1187217'
ACTION SNIPPET 10000 5346 SEEN_PREVIOUSLY b'1237817'
ACTION SNIPPET 10000 5349 SEEN_PREVIOUSLY b'1262473'
ACTION SNIPPET 10000 5352 SEEN_PREVIOUSLY b'1176601'
ACTION SNIPPET 10000 5355 SEEN_PREVIOUSLY b'1710222'
ACTION QUERY 10000 5365 cult lifestyles biological
ACTION SERP 10000 5370 EXAMINE_SERP
ACTION SNIPPET 10000 5373 SNIPPET_NOT_RELEVANT b'1241509'
ACTION SNIPPET 10000 5376 SEEN_PREVIOUSLY b'624863'
ACTION SNIPPET 10000 5379 SNIPPET_RELEVANT b'1145609'
ACTION DOC 10000 5399 EXAMINING_DOCUMENT b'1145609'
ACTION MARK 10000 5402 CONSIDERED_RELEVANT b'1145609'
ACTION SNIPPET 10000 5405 SNIPPET_NOT_RELEVANT b'718152'
ACTION SNIPPET 10000 5408 SEEN_PREVIOUSLY b'1160075'
ACTION SNIPPET 10000 5411 SEEN_PREVIOUSLY b'905700'
ACTION SNIPPET 10000 5414 SNIPPET_NOT_RELEVANT b'1491847'
ACTION SNIPPET 10000 5417 SEEN_PREVIOUSLY b'1019956'
ACTION SNIPPET 10000 5420 SNIPPET_NOT_RELEVANT b'996900'
ACTION SNIPPET 10000 5423 SEEN_PREVIOUSLY b'917723'
ACTION QUERY 10000 5433 cult lifestyles iraqi
ACTION SERP 10000 5438 EXAMINE_SERP
ACTION SNIPPET 10000 5441 SEEN_PREVIOUSLY b'624863'
ACTION SNIPPET 10000 5444 SNIPPET_NOT_RELEVANT b'379263'
ACTION SNIPPET 10000 5447 SNIPPET_NOT_RELEVANT b'1610289'
ACTION SNIPPET 10000 5450 SEEN_PREVIOUSLY b'1186564'
ACTION SNIPPET 10000 5453 SNIPPET_NOT_RELEVANT b'1490023'
ACTION SNIPPET 10000 5456 SNIPPET_NOT_RELEVANT b'1379679'
ACTION SNIPPET 10000 5459 SEEN_PREVIOUSLY b'1757752'
ACTION SNIPPET 10000 5462 SEEN_PREVIOUSLY b'1209320'
ACTION SNIPPET 10000 5465 SEEN_PREVIOUSLY b'1187217'
ACTION SNIPPET 10000 5468 SNIPPET_RELEVANT b'1457800'
ACTION DOC 10000 5488 EXAMINING_DOCUMENT b'1457800'
ACTION QUERY 10000 5498 cult lifestyles robert
ACTION SERP 10000 5503 EXAMINE_SERP
ACTION SNIPPET 10000 5506 SEEN_PREVIOUSLY b'624863'
ACTION SNIPPET 10000 5509 SEEN_PREVIOUSLY b'1186564'
ACTION SNIPPET 10000 5512 SEEN_PREVIOUSLY b'1757752'
ACTION SNIPPET 10000 5515 SEEN_PREVIOUSLY b'1209320'
ACTION SNIPPET 10000 5518 SEEN_PREVIOUSLY b'1187217'
ACTION SNIPPET 10000 5521 SEEN_PREVIOUSLY b'664960'
ACTION SNIPPET 10000 5524 SNIPPET_NOT_RELEVANT b'137164'
ACTION SNIPPET 10000 5527 SEEN_PREVIOUSLY b'1262473'
ACTION SNIPPET 10000 5530 SNIPPET_RELEVANT b'12456'
ACTION DOC 10000 5550 EXAMINING_DOCUMENT b'12456'
ACTION MARK 10000 5553 CONSIDERED_RELEVANT b'12456'
ACTION SNIPPET 10000 5556 SEEN_PREVIOUSLY b'1702788'
ACTION QUERY 10000 5566 cult lifestyles trying
ACTION SERP 10000 5571 EXAMINE_SERP
ACTION SNIPPET 10000 5574 SEEN_PREVIOUSLY b'624863'
ACTION SNIPPET 10000 5577 SEEN_PREVIOUSLY b'1186564'
ACTION SNIPPET 10000 5580 SEEN_PREVIOUSLY b'1757752'
ACTION SNIPPET 10000 5583 SEEN_PREVIOUSLY b'1209320'
ACTION SNIPPET 10000 5586 SEEN_PREVIOUSLY b'1187217'
ACTION SNIPPET 10000 5589 SEEN_PREVIOUSLY b'1237817'
ACTION SNIPPET 10000 5592 SEEN_PREVIOUSLY b'1216045'
ACTION SNIPPET 10000 5595 SEEN_PREVIOUSLY b'1262473'
ACTION SNIPPET 10000 5598 SEEN_PREVIOUSLY b'638539'
ACTION SNIPPET 10000 5601 SEEN_PREVIOUSLY b'1634148'
ACTION QUERY 10000 5611 cult lifestyles subways
ACTION SERP 10000 5616 EXAMINE_SERP
ACTION SNIPPET 10000 5619 SEEN_PREVIOUSLY b'624863'
ACTION SNIPPET 10000 5622 SEEN_PREVIOUSLY b'793826'
ACTION SNIPPET 10000 5625 SEEN_PREVIOUSLY b'905700'
ACTION SNIPPET 10000 5628 SNIPPET_RELEVANT b'762885'
ACTION DOC 10000 5648 EXAMINING_DOCUMENT b'762885'
ACTION MARK 10000 5651 CONSIDERED_RELEVANT b'762885'
ACTION SNIPPET 10000 5654 SNIPPET_RELEVANT b'755275'
ACTION DOC 10000 5674 EXAMINING_DOCUMENT b'755275'
ACTION MARK 10000 5677 CONSIDERED_RELEVANT b'755275'
ACTION SNIPPET 10000 5680 SNIPPET_RELEVANT b'850912'
ACTION DOC 10000 5700 EXAMINING_DOCUMENT b'850912'
ACTION MARK 10000 5703 CONSIDERED_RELEVANT b'850912'
ACTION SNIPPET 10000 5706 SEEN_PREVIOUSLY b'917723'
ACTION SNIPPET 10000 5709 SEEN_PREVIOUSLY b'795964'
ACTION SNIPPET 10000 5712 SNIPPET_RELEVANT b'859551'
ACTION DOC 10000 5732 EXAMINING_DOCUMENT b'859551'
ACTION MARK 10000 5735 CONSIDERED_RELEVANT b'859551'
ACTION SNIPPET 10000 5738 SNIPPET_RELEVANT b'1226793'
ACTION DOC 10000 5758 EXAMINING_DOCUMENT b'1226793'
ACTION MARK 10000 5761 CONSIDERED_RELEVANT b'1226793'
ACTION QUERY 10000 5771 cult lifestyles girl
ACTION SERP 10000 5776 EXAMINE_SERP
ACTION SNIPPET 10000 5779 SEEN_PREVIOUSLY b'1634148'
ACTION SNIPPET 10000 5782 SEEN_PREVIOUSLY b'624863'
ACTION SNIPPET 10000 5785 SEEN_PREVIOUSLY b'1209320'
ACTION SNIPPET 10000 5788 SEEN_PREVIOUSLY b'1176601'
ACTION SNIPPET 10000 5791 SNIPPET_RELEVANT b'818750'
ACTION DOC 10000 5811 EXAMINING_DOCUMENT b'818750'
ACTION MARK 10000 5814 CONSIDERED_RELEVANT b'818750'
ACTION SNIPPET 10000 5817 SNIPPET_RELEVANT b'606433'
ACTION DOC 10000 5837 EXAMINING_DOCUMENT b'606433'
ACTION MARK 10000 5840 CONSIDERED_RELEVANT b'606433'
ACTION SNIPPET 10000 5843 SEEN_PREVIOUSLY b'818310'
ACTION SNIPPET 10000 5846 SEEN_PREVIOUSLY b'594770'
ACTION SNIPPET 10000 5849 SNIPPET_NOT_RELEVANT b'1762816'
ACTION SNIPPET 10000 5852 SEEN_PREVIOUSLY b'1186564'
ACTION QUERY 10000 5862 cult lifestyles drinking
ACTION SERP 10000 5867 EXAMINE_SERP
ACTION SNIPPET 10000 5870 SEEN_PREVIOUSLY b'624863'
ACTION SNIPPET 10000 5873 SNIPPET_RELEVANT b'1583885'
ACTION DOC 10000 5893 EXAMINING_DOCUMENT b'1583885'
ACTION SNIPPET 10000 5896 SNIPPET_NOT_RELEVANT b'1210908'
ACTION SNIPPET 10000 5899 SNIPPET_NOT_RELEVANT b'1334512'
ACTION SNIPPET 10000 5902 SNIPPET_NOT_RELEVANT b'1761934'
ACTION SNIPPET 10000 5905 SNIPPET_RELEVANT b'1185625'
ACTION DOC 10000 5925 EXAMINING_DOCUMENT b'1185625'
ACTION MARK 10000 5928 CONSIDERED_RELEVANT b'1185625'
ACTION SNIPPET 10000 5931 SEEN_PREVIOUSLY b'1186564'
ACTION SNIPPET 10000 5934 SNIPPET_NOT_RELEVANT b'1763533'
ACTION SNIPPET 10000 5937 SNIPPET_RELEVANT b'19751'
ACTION DOC 10000 5957 EXAMINING_DOCUMENT b'19751'
ACTION MARK 10000 5960 CONSIDERED_RELEVANT b'19751'
ACTION SNIPPET 10000 5963 SEEN_PREVIOUSLY b'1757752'
ACTION QUERY 10000 5973 cult lifestyles petersburg
ACTION SERP 10000 5978 EXAMINE_SERP
ACTION SNIPPET 10000 5981 SEEN_PREVIOUSLY b'624863'
ACTION SNIPPET 10000 5984 SNIPPET_RELEVANT b'1502365'
ACTION DOC 10000 6004 EXAMINING_DOCUMENT b'1502365'
ACTION SNIPPET 10000 6007 SNIPPET_RELEVANT b'1747895'
ACTION DOC 10000 6027 EXAMINING_DOCUMENT b'1747895'
ACTION SNIPPET 10000 6030 SEEN_PREVIOUSLY b'1186564'
ACTION SNIPPET 10000 6033 SNIPPET_NOT_RELEVANT b'916014'
ACTION SNIPPET 10000 6036 SNIPPET_NOT_RELEVANT b'998329'
ACTION SNIPPET 10000 6039 SEEN_PREVIOUSLY b'1757752'
ACTION SNIPPET 10000 6042 SEEN_PREVIOUSLY b'1209320'
ACTION SNIPPET 10000 6045 SNIPPET_RELEVANT b'1095404'
ACTION DOC 10000 6065 EXAMINING_DOCUMENT b'1095404'
ACTION SNIPPET 10000 6068 SEEN_PREVIOUSLY b'1187217'
ACTION QUERY 10000 6078 cult lifestyles sins
ACTION SERP 10000 6083 EXAMINE_SERP
ACTION SNIPPET 10000 6086 SEEN_PREVIOUSLY b'624863'
ACTION SNIPPET 10000 6089 SNIPPET_RELEVANT b'1472941'
ACTION DOC 10000 6109 EXAMINING_DOCUMENT b'1472941'
ACTION SNIPPET 10000 6112 SNIPPET_NOT_RELEVANT b'1252381'
ACTION SNIPPET 10000 6115 SNIPPET_RELEVANT b'596542'
ACTION DOC 10000 6135 EXAMINING_DOCUMENT b'596542'
ACTION SNIPPET 10000 6138 SNIPPET_RELEVANT b'608535'
ACTION DOC 10000 6158 EXAMINING_DOCUMENT b'608535'
ACTION SNIPPET 10000 6161 SNIPPET_RELEVANT b'1154891'
ACTION DOC 10000 6181 EXAMINING_DOCUMENT b'1154891'
ACTION SNIPPET 10000 6184 SNIPPET_RELEVANT b'594888'
ACTION DOC 10000 6204 EXAMINING_DOCUMENT b'594888'
ACTION MARK 10000 6207 CONSIDERED_RELEVANT b'594888'
ACTION SNIPPET 10000 6210 SNIPPET_RELEVANT b'786201'
ACTION DOC 10000 6230 EXAMINING_DOCUMENT b'786201'
ACTION MARK 10000 6233 CONSIDERED_RELEVANT b'786201'
ACTION SNIPPET 10000 6236 SNIPPET_RELEVANT b'153407'
ACTION DOC 10000 6256 EXAMINING_DOCUMENT b'153407'
ACTION SNIPPET 10000 6259 SEEN_PREVIOUSLY b'1186564'
ACTION QUERY 10000 6269 cult lifestyles bryan
ACTION SERP 10000 6274 EXAMINE_SERP
ACTION SNIPPET 10000 6277 SEEN_PREVIOUSLY b'624863'
ACTION SNIPPET 10000 6280 SNIPPET_NOT_RELEVANT b'1519408'
ACTION SNIPPET 10000 6283 SNIPPET_NOT_RELEVANT b'1304468'
ACTION SNIPPET 10000 6286 SNIPPET_RELEVANT b'46377'
ACTION DOC 10000 6306 EXAMINING_DOCUMENT b'46377'
ACTION MARK 10000 6309 CONSIDERED_RELEVANT b'46377'
ACTION SNIPPET 10000 6312 SEEN_PREVIOUSLY b'18610'
ACTION SNIPPET 10000 6315 SEEN_PREVIOUSLY b'1186564'
ACTION SNIPPET 10000 6318 SNIPPET_RELEVANT b'1378384'
ACTION DOC 10000 6338 EXAMINING_DOCUMENT b'1378384'
ACTION SNIPPET 10000 6341 SEEN_PREVIOUSLY b'1757752'
ACTION SNIPPET 10000 6344 SNIPPET_NOT_RELEVANT b'230703'
ACTION SNIPPET 10000 6347 SEEN_PREVIOUSLY b'1209320'
ACTION QUERY 10000 6357 cult lifestyles handed
ACTION SERP 10000 6362 EXAMINE_SERP
ACTION SNIPPET 10000 6365 SEEN_PREVIOUSLY b'624863'
ACTION SNIPPET 10000 6368 SEEN_PREVIOUSLY b'1176601'
ACTION SNIPPET 10000 6371 SEEN_PREVIOUSLY b'1186564'
ACTION SNIPPET 10000 6374 SEEN_PREVIOUSLY b'1634148'
ACTION SNIPPET 10000 6377 SEEN_PREVIOUSLY b'1757752'
ACTION SNIPPET 10000 6380 SEEN_PREVIOUSLY b'1209320'
ACTION SNIPPET 10000 6383 SEEN_PREVIOUSLY b'1187217'
ACTION SNIPPET 10000 6386 SEEN_PREVIOUSLY b'1262473'
ACTION SNIPPET 10000 6389 SEEN_PREVIOUSLY b'1801782'
ACTION SNIPPET 10000 6392 SNIPPET_RELEVANT b'603970'
ACTION DOC 10000 6412 EXAMINING_DOCUMENT b'603970'
ACTION MARK 10000 6415 CONSIDERED_RELEVANT b'603970'
ACTION QUERY 10000 6425 cult lifestyles divorced
ACTION SERP 10000 6430 EXAMINE_SERP
ACTION SNIPPET 10000 6433 SEEN_PREVIOUSLY b'624863'
ACTION SNIPPET 10000 6436 SNIPPET_RELEVANT b'1425130'
ACTION DOC 10000 6456 EXAMINING_DOCUMENT b'1425130'
ACTION SNIPPET 10000 6459 SNIPPET_NOT_RELEVANT b'1426787'
ACTION SNIPPET 10000 6462 SNIPPET_NOT_RELEVANT b'941093'
ACTION SNIPPET 10000 6465 SNIPPET_NOT_RELEVANT b'1674222'
ACTION SNIPPET 10000 6468 SNIPPET_NOT_RELEVANT b'1210286'
ACTION SNIPPET 10000 6471 SNIPPET_RELEVANT b'40955'
ACTION DOC 10000 6491 EXAMINING_DOCUMENT b'40955'
ACTION SNIPPET 10000 6494 SEEN_PREVIOUSLY b'1186564'
ACTION SNIPPET 10000 6497 SNIPPET_RELEVANT b'337774'
ACTION DOC 10000 6517 EXAMINING_DOCUMENT b'337774'
ACTION MARK 10000 6520 CONSIDERED_RELEVANT b'337774'
ACTION SNIPPET 10000 6523 SNIPPET_NOT_RELEVANT b'1733691'
ACTION QUERY 10000 6533 cult lifestyles heaven
ACTION SERP 10000 6538 EXAMINE_SERP
ACTION SNIPPET 10000 6541 SEEN_PREVIOUSLY b'923384'
ACTION SNIPPET 10000 6544 SEEN_PREVIOUSLY b'924605'
ACTION SNIPPET 10000 6547 SNIPPET_RELEVANT b'966096'
ACTION DOC 10000 6567 EXAMINING_DOCUMENT b'966096'
ACTION MARK 10000 6570 CONSIDERED_RELEVANT b'966096'
ACTION SNIPPET 10000 6573 SEEN_PREVIOUSLY b'624863'
ACTION SNIPPET 10000 6576 SNIPPET_RELEVANT b'920564'
ACTION DOC 10000 6596 EXAMINING_DOCUMENT b'920564'
ACTION MARK 10000 6599 CONSIDERED_RELEVANT b'920564'
ACTION SNIPPET 10000 6602 SNIPPET_RELEVANT b'919493'
ACTION DOC 10000 6622 EXAMINING_DOCUMENT b'919493'
ACTION MARK 10000 6625 CONSIDERED_RELEVANT b'919493'
ACTION SNIPPET 10000 6628 SNIPPET_RELEVANT b'920561'
ACTION DOC 10000 6648 EXAMINING_DOCUMENT b'920561'
ACTION SNIPPET 10000 6651 SEEN_PREVIOUSLY b'1187217'
ACTION SNIPPET 10000 6654 SNIPPET_NOT_RELEVANT b'919717'
ACTION SNIPPET 10000 6657 SNIPPET_RELEVANT b'920343'
ACTION DOC 10000 6677 EXAMINING_DOCUMENT b'920343'
ACTION MARK 10000 6680 CONSIDERED_RELEVANT b'920343'
ACTION QUERY 10000 6690 cult lifestyles locke
ACTION SERP 10000 6695 EXAMINE_SERP
ACTION SNIPPET 10000 6698 SEEN_PREVIOUSLY b'624863'
ACTION SNIPPET 10000 6701 SEEN_PREVIOUSLY b'920343'
ACTION SNIPPET 10000 6704 SNIPPET_NOT_RELEVANT b'919922'
ACTION SNIPPET 10000 6707 SEEN_PREVIOUSLY b'1192449'
ACTION SNIPPET 10000 6710 SEEN_PREVIOUSLY b'1186564'
ACTION SNIPPET 10000 6713 SNIPPET_RELEVANT b'767123'
ACTION DOC 10000 6733 EXAMINING_DOCUMENT b'767123'
ACTION MARK 10000 6736 CONSIDERED_RELEVANT b'767123'
ACTION SNIPPET 10000 6739 SEEN_PREVIOUSLY b'1757752'
ACTION SNIPPET 10000 6742 SNIPPET_NOT_RELEVANT b'802800'
ACTION SNIPPET 10000 6745 SNIPPET_NOT_RELEVANT b'802714'
ACTION SNIPPET 10000 6748 SEEN_PREVIOUSLY b'1209320'
ACTION QUERY 10000 6758 cult lifestyles directed
ACTION SERP 10000 6763 EXAMINE_SERP
ACTION SNIPPET 10000 6766 SEEN_PREVIOUSLY b'624863'
ACTION SNIPPET 10000 6769 SEEN_PREVIOUSLY b'1176601'
ACTION SNIPPET 10000 6772 SEEN_PREVIOUSLY b'1634148'
ACTION SNIPPET 10000 6775 SEEN_PREVIOUSLY b'1710222'
ACTION SNIPPET 10000 6778 SEEN_PREVIOUSLY b'1186564'
ACTION SNIPPET 10000 6781 SEEN_PREVIOUSLY b'1801782'
ACTION SNIPPET 10000 6784 SEEN_PREVIOUSLY b'1757752'
ACTION SNIPPET 10000 6787 SEEN_PREVIOUSLY b'1209320'
ACTION SNIPPET 10000 6790 SEEN_PREVIOUSLY b'1187217'
ACTION SNIPPET 10000 6793 SEEN_PREVIOUSLY b'247846'
ACTION QUERY 10000 6803 cult lifestyles nc
ACTION SERP 10000 6808 EXAMINE_SERP
ACTION SNIPPET 10000 6811 SEEN_PREVIOUSLY b'624863'
ACTION SNIPPET 10000 6814 SNIPPET_NOT_RELEVANT b'1617470'
ACTION SNIPPET 10000 6817 SNIPPET_NOT_RELEVANT b'1424374'
ACTION SNIPPET 10000 6820 SNIPPET_NOT_RELEVANT b'1613741'
ACTION SNIPPET 10000 6823 SNIPPET_RELEVANT b'917037'
ACTION DOC 10000 6843 EXAMINING_DOCUMENT b'917037'
ACTION SNIPPET 10000 6846 SNIPPET_NOT_RELEVANT b'1127811'
ACTION SNIPPET 10000 6849 SNIPPET_RELEVANT b'742752'
ACTION DOC 10000 6869 EXAMINING_DOCUMENT b'742752'
ACTION SNIPPET 10000 6872 SEEN_PREVIOUSLY b'1186564'
ACTION SNIPPET 10000 6875 SNIPPET_NOT_RELEVANT b'907741'
ACTION SNIPPET 10000 6878 SNIPPET_NOT_RELEVANT b'1609716'
ACTION QUERY 10000 6888 cult lifestyles assisting
ACTION SERP 10000 6893 EXAMINE_SERP
ACTION SNIPPET 10000 6896 SEEN_PREVIOUSLY b'624863'
ACTION SNIPPET 10000 6899 SEEN_PREVIOUSLY b'1186564'
ACTION SNIPPET 10000 6902 SEEN_PREVIOUSLY b'1757752'
ACTION SNIPPET 10000 6905 SEEN_PREVIOUSLY b'1209320'
ACTION SNIPPET 10000 6908 SEEN_PREVIOUSLY b'1187217'
ACTION SNIPPET 10000 6911 SNIPPET_RELEVANT b'609387'
ACTION DOC 10000 6931 EXAMINING_DOCUMENT b'609387'
ACTION SNIPPET 10000 6934 SNIPPET_RELEVANT b'1560890'
ACTION DOC 10000 6954 EXAMINING_DOCUMENT b'1560890'
ACTION SNIPPET 10000 6957 SEEN_PREVIOUSLY b'751928'
ACTION SNIPPET 10000 6960 SEEN_PREVIOUSLY b'1262473'
ACTION SNIPPET 10000 6963 SNIPPET_RELEVANT b'1322749'
ACTION DOC 10000 6983 EXAMINING_DOCUMENT b'1322749'
ACTION QUERY 10000 6993 cult lifestyles destroyed
ACTION SERP 10000 6998 EXAMINE_SERP
ACTION SNIPPET 10000 7001 SEEN_PREVIOUSLY b'624863'
ACTION SNIPPET 10000 7004 SEEN_PREVIOUSLY b'1187217'
ACTION SNIPPET 10000 7007 SEEN_PREVIOUSLY b'594136'
ACTION SNIPPET 10000 7010 SNIPPET_NOT_RELEVANT b'1323058'
ACTION SNIPPET 10000 7013 SEEN_PREVIOUSLY b'1160075'
ACTION SNIPPET 10000 7016 SEEN_PREVIOUSLY b'1186564'
ACTION SNIPPET 10000 7019 SNIPPET_RELEVANT b'1455927'
ACTION DOC 10000 7039 EXAMINING_DOCUMENT b'1455927'
ACTION SNIPPET 10000 7042 SNIPPET_RELEVANT b'1149889'
ACTION DOC 10000 7062 EXAMINING_DOCUMENT b'1149889'
ACTION MARK 10000 7065 CONSIDERED_RELEVANT b'1149889'
ACTION SNIPPET 10000 7068 SNIPPET_RELEVANT b'1330610'
ACTION DOC 10000 7088 EXAMINING_DOCUMENT b'1330610'
ACTION SNIPPET 10000 7091 SEEN_PREVIOUSLY b'1757752'
ACTION QUERY 10000 7101 cult lifestyles global
ACTION SERP 10000 7106 EXAMINE_SERP
ACTION SNIPPET 10000 7109 SEEN_PREVIOUSLY b'624863'
ACTION SNIPPET 10000 7112 SEEN_PREVIOUSLY b'1214058'
ACTION SNIPPET 10000 7115 SNIPPET_NOT_RELEVANT b'1473114'
ACTION SNIPPET 10000 7118 SNIPPET_NOT_RELEVANT b'1848482'
ACTION SNIPPET 10000 7121 SNIPPET_NOT_RELEVANT b'918782'
ACTION SNIPPET 10000 7124 SEEN_PREVIOUSLY b'1149889'
ACTION SNIPPET 10000 7127 SEEN_PREVIOUSLY b'1186564'
ACTION SNIPPET 10000 7130 SNIPPET_NOT_RELEVANT b'1693960'
ACTION SNIPPET 10000 7133 SEEN_PREVIOUSLY b'1757752'
ACTION SNIPPET 10000 7136 SNIPPET_NOT_RELEVANT b'1380371'
ACTION QUERY 10000 7146 cult lifestyles violence
ACTION SERP 10000 7151 EXAMINE_SERP
ACTION SNIPPET 10000 7154 SEEN_PREVIOUSLY b'624863'
ACTION SNIPPET 10000 7157 SEEN_PREVIOUSLY b'1188846'
ACTION SNIPPET 10000 7160 SEEN_PREVIOUSLY b'1186564'
ACTION SNIPPET 10000 7163 SNIPPET_RELEVANT b'603804'
ACTION DOC 10000 7183 EXAMINING_DOCUMENT b'603804'
ACTION MARK 10000 7186 CONSIDERED_RELEVANT b'603804'
ACTION SNIPPET 10000 7189 SNIPPET_NOT_RELEVANT b'734110'
ACTION SNIPPET 10000 7192 SEEN_PREVIOUSLY b'1757752'
ACTION SNIPPET 10000 7195 SEEN_PREVIOUSLY b'1209320'
ACTION SNIPPET 10000 7198 SNIPPET_NOT_RELEVANT b'1076518'
ACTION SNIPPET 10000 7201 SEEN_PREVIOUSLY b'1187217'
ACTION SNIPPET 10000 7204 SNIPPET_RELEVANT b'650433'
ACTION DOC 10000 7224 EXAMINING_DOCUMENT b'650433'
ACTION MARK 10000 7227 CONSIDERED_RELEVANT b'650433'
ACTION QUERY 10000 7237 cult lifestyles authored
ACTION SERP 10000 7242 EXAMINE_SERP
ACTION SNIPPET 10000 7245 SEEN_PREVIOUSLY b'624863'
ACTION SNIPPET 10000 7248 SEEN_PREVIOUSLY b'1186564'
ACTION SNIPPET 10000 7251 SEEN_PREVIOUSLY b'1757752'
ACTION SNIPPET 10000 7254 SEEN_PREVIOUSLY b'1209320'
ACTION SNIPPET 10000 7257 SEEN_PREVIOUSLY b'12456'
ACTION SNIPPET 10000 7260 SEEN_PREVIOUSLY b'818310'
ACTION SNIPPET 10000 7263 SNIPPET_RELEVANT b'594522'
ACTION DOC 10000 7283 EXAMINING_DOCUMENT b'594522'
ACTION MARK 10000 7286 CONSIDERED_RELEVANT b'594522'
ACTION SNIPPET 10000 7289 SEEN_PREVIOUSLY b'1187217'
ACTION SNIPPET 10000 7292 SEEN_PREVIOUSLY b'649211'
ACTION SNIPPET 10000 7295 SEEN_PREVIOUSLY b'249102'
ACTION QUERY 10000 7305 cult lifestyles whos
ACTION SERP 10000 7310 EXAMINE_SERP
ACTION SNIPPET 10000 7313 SEEN_PREVIOUSLY b'624863'
ACTION SNIPPET 10000 7316 SEEN_PREVIOUSLY b'1186564'
ACTION SNIPPET 10000 7319 SEEN_PREVIOUSLY b'1757752'
ACTION SNIPPET 10000 7322 SEEN_PREVIOUSLY b'1209320'
ACTION SNIPPET 10000 7325 SEEN_PREVIOUSLY b'1187217'
ACTION SNIPPET 10000 7328 SEEN_PREVIOUSLY b'1262473'
ACTION SNIPPET 10000 7331 SEEN_PREVIOUSLY b'1634148'
ACTION SNIPPET 10000 7334 SEEN_PREVIOUSLY b'1176601'
ACTION SNIPPET 10000 7337 SEEN_PREVIOUSLY b'1710222'
ACTION SNIPPET 10000 7340 SEEN_PREVIOUSLY b'1216045'
ACTION QUERY 10000 7350 cult lifestyles gateway
ACTION SERP 10000 7355 EXAMINE_SERP
ACTION SNIPPET 10000 7358 SEEN_PREVIOUSLY b'919778'
ACTION SNIPPET 10000 7361 SEEN_PREVIOUSLY b'920564'
ACTION SNIPPET 10000 7364 SEEN_PREVIOUSLY b'920561'
ACTION SNIPPET 10000 7367 SEEN_PREVIOUSLY b'624863'
ACTION SNIPPET 10000 7370 SNIPPET_RELEVANT b'920560'
ACTION DOC 10000 7390 EXAMINING_DOCUMENT b'920560'
ACTION SNIPPET 10000 7393 SEEN_PREVIOUSLY b'1186564'
ACTION SNIPPET 10000 7396 SNIPPET_RELEVANT b'918882'
ACTION DOC 10000 7416 EXAMINING_DOCUMENT b'918882'
ACTION MARK 10000 7419 CONSIDERED_RELEVANT b'918882'
ACTION SNIPPET 10000 7422 SEEN_PREVIOUSLY b'1757752'
ACTION SNIPPET 10000 7425 SEEN_PREVIOUSLY b'1209320'
ACTION SNIPPET 10000 7428 SEEN_PREVIOUSLY b'1187217'
ACTION QUERY 10000 7438 cult lifestyles sincerity
ACTION SERP 10000 7443 EXAMINE_SERP
ACTION SNIPPET 10000 7446 SEEN_PREVIOUSLY b'624863'
ACTION SNIPPET 10000 7449 SNIPPET_NOT_RELEVANT b'88017'
ACTION SNIPPET 10000 7452 SNIPPET_NOT_RELEVANT b'1533250'
ACTION SNIPPET 10000 7455 SEEN_PREVIOUSLY b'923384'
ACTION SNIPPET 10000 7458 SNIPPET_NOT_RELEVANT b'1810616'
ACTION SNIPPET 10000 7461 SNIPPET_RELEVANT b'618207'
ACTION DOC 10000 7481 EXAMINING_DOCUMENT b'618207'
ACTION SNIPPET 10000 7484 SEEN_PREVIOUSLY b'1186564'
ACTION SNIPPET 10000 7487 SNIPPET_RELEVANT b'1227547'
ACTION DOC 10000 7507 EXAMINING_DOCUMENT b'1227547'
ACTION SNIPPET 10000 7510 SEEN_PREVIOUSLY b'1757752'
ACTION SNIPPET 10000 7513 SEEN_PREVIOUSLY b'1209320'
ACTION QUERY 10000 7523 cult lifestyles videotapes
ACTION SERP 10000 7528 EXAMINE_SERP
ACTION SNIPPET 10000 7531 SNIPPET_RELEVANT b'600569'
ACTION DOC 10000 7551 EXAMINING_DOCUMENT b'600569'
ACTION SNIPPET 10000 7554 SEEN_PREVIOUSLY b'624863'
ACTION SNIPPET 10000 7557 SNIPPET_RELEVANT b'605198'
ACTION DOC 10000 7577 EXAMINING_DOCUMENT b'605198'
ACTION MARK 10000 7580 CONSIDERED_RELEVANT b'605198'
ACTION SNIPPET 10000 7583 SNIPPET_NOT_RELEVANT b'668635'
ACTION SNIPPET 10000 7586 SEEN_PREVIOUSLY b'920343'
ACTION SNIPPET 10000 7589 SNIPPET_NOT_RELEVANT b'918798'
ACTION SNIPPET 10000 7592 SNIPPET_RELEVANT b'919922'
ACTION DOC 10000 7612 EXAMINING_DOCUMENT b'919922'
ACTION MARK 10000 7615 CONSIDERED_RELEVANT b'919922'
ACTION SNIPPET 10000 7618 SNIPPET_RELEVANT b'599485'
ACTION DOC 10000 7638 EXAMINING_DOCUMENT b'599485'
ACTION SNIPPET 10000 7641 SEEN_PREVIOUSLY b'1155534'
ACTION SNIPPET 10000 7644 SNIPPET_RELEVANT b'919929'
ACTION DOC 10000 7664 EXAMINING_DOCUMENT b'919929'
ACTION MARK 10000 7667 CONSIDERED_RELEVANT b'919929'
ACTION QUERY 10000 7677 cult lifestyles weapon
ACTION SERP 10000 7682 EXAMINE_SERP
ACTION SNIPPET 10000 7685 SEEN_PREVIOUSLY b'624863'
ACTION SNIPPET 10000 7688 SEEN_PREVIOUSLY b'598688'
ACTION SNIPPET 10000 7691 SEEN_PREVIOUSLY b'593854'
ACTION SNIPPET 10000 7694 SEEN_PREVIOUSLY b'664960'
ACTION SNIPPET 10000 7697 SEEN_PREVIOUSLY b'1160075'
ACTION SNIPPET 10000 7700 SNIPPET_RELEVANT b'594919'
ACTION DOC 10000 7720 EXAMINING_DOCUMENT b'594919'
ACTION MARK 10000 7723 CONSIDERED_RELEVANT b'594919'
ACTION SNIPPET 10000 7726 SNIPPET_RELEVANT b'603527'
ACTION DOC 10000 7746 EXAMINING_DOCUMENT b'603527'
ACTION MARK 10000 7749 CONSIDERED_RELEVANT b'603527'
ACTION SNIPPET 10000 7752 SEEN_PREVIOUSLY b'919929'
ACTION SNIPPET 10000 7755 SNIPPET_RELEVANT b'662033'
ACTION DOC 10000 7775 EXAMINING_DOCUMENT b'662033'
ACTION MARK 10000 7778 CONSIDERED_RELEVANT b'662033'
ACTION SNIPPET 10000 7781 SNIPPET_RELEVANT b'669086'
ACTION DOC 10000 7801 EXAMINING_DOCUMENT b'669086'
ACTION MARK 10000 7804 CONSIDERED_RELEVANT b'669086'
ACTION QUERY 10000 7814 cult lifestyles unit
ACTION SERP 10000 7819 EXAMINE_SERP
ACTION SNIPPET 10000 7822 SEEN_PREVIOUSLY b'624863'
ACTION SNIPPET 10000 7825 SEEN_PREVIOUSLY b'1186564'
ACTION SNIPPET 10000 7828 SEEN_PREVIOUSLY b'1262473'
ACTION SNIPPET 10000 7831 SEEN_PREVIOUSLY b'1757752'
ACTION SNIPPET 10000 7834 SEEN_PREVIOUSLY b'1209320'
ACTION SNIPPET 10000 7837 SEEN_PREVIOUSLY b'1187217'
ACTION SNIPPET 10000 7840 SEEN_PREVIOUSLY b'1634148'
ACTION SNIPPET 10000 7843 SEEN_PREVIOUSLY b'1176601'
ACTION SNIPPET 10000 7846 SEEN_PREVIOUSLY b'917723'
ACTION SNIPPET 10000 7849 SEEN_PREVIOUSLY b'1840901'
ACTION QUERY 10000 7859 cult lifestyles ford
ACTION SERP 10000 7864 EXAMINE_SERP
ACTION SNIPPET 10000 7867 SEEN_PREVIOUSLY b'920343'
ACTION SNIPPET 10000 7870 SEEN_PREVIOUSLY b'624863'
ACTION SNIPPET 10000 7873 SEEN_PREVIOUSLY b'919922'
ACTION SNIPPET 10000 7876 SNIPPET_RELEVANT b'1108690'
ACTION DOC 10000 7896 EXAMINING_DOCUMENT b'1108690'
ACTION SNIPPET 10000 7899 SNIPPET_NOT_RELEVANT b'34224'
ACTION SNIPPET 10000 7902 SNIPPET_NOT_RELEVANT b'1187260'
ACTION SNIPPET 10000 7905 SNIPPET_RELEVANT b'919717'
ACTION DOC 10000 7925 EXAMINING_DOCUMENT b'919717'
ACTION MARK 10000 7928 CONSIDERED_RELEVANT b'919717'
ACTION SNIPPET 10000 7931 SEEN_PREVIOUSLY b'1186564'
ACTION SNIPPET 10000 7934 SNIPPET_NOT_RELEVANT b'1296134'
ACTION SNIPPET 10000 7937 SNIPPET_RELEVANT b'833327'
ACTION DOC 10000 7957 EXAMINING_DOCUMENT b'833327'
ACTION QUERY 10000 7967 cult lifestyles pictures
ACTION SERP 10000 7972 EXAMINE_SERP
ACTION SNIPPET 10000 7975 SEEN_PREVIOUSLY b'624863'
ACTION SNIPPET 10000 7978 SEEN_PREVIOUSLY b'1186564'
ACTION SNIPPET 10000 7981 SEEN_PREVIOUSLY b'1757752'
ACTION SNIPPET 10000 7984 SEEN_PREVIOUSLY b'1209320'
ACTION SNIPPET 10000 7987 SEEN_PREVIOUSLY b'920343'
ACTION SNIPPET 10000 7990 SEEN_PREVIOUSLY b'1747895'
ACTION SNIPPET 10000 7993 SEEN_PREVIOUSLY b'1801782'
ACTION SNIPPET 10000 7996 SEEN_PREVIOUSLY b'1187217'
ACTION SNIPPET 10000 7999 SNIPPET_NOT_RELEVANT b'1454907'
ACTION SNIPPET 10000 8002 SNIPPET_RELEVANT b'595112'
ACTION DOC 10000 8022 EXAMINING_DOCUMENT b'595112'
ACTION MARK 10000 8025 CONSIDERED_RELEVANT b'595112'
ACTION QUERY 10000 8035 cult lifestyles tiananmen
ACTION SERP 10000 8040 EXAMINE_SERP
ACTION SNIPPET 10000 8043 SNIPPET_NOT_RELEVANT b'1149783'
ACTION SNIPPET 10000 8046 SNIPPET_RELEVANT b'1269480'
ACTION DOC 10000 8066 EXAMINING_DOCUMENT b'1269480'
ACTION SNIPPET 10000 8069 SEEN_PREVIOUSLY b'624863'
ACTION SNIPPET 10000 8072 SNIPPET_NOT_RELEVANT b'533275'
ACTION SNIPPET 10000 8075 SNIPPET_NOT_RELEVANT b'1157757'
ACTION SNIPPET 10000 8078 SNIPPET_NOT_RELEVANT b'1344799'
ACTION SNIPPET 10000 8081 SNIPPET_NOT_RELEVANT b'1367999'
ACTION SNIPPET 10000 8084 SNIPPET_NOT_RELEVANT b'1299134'
ACTION SNIPPET 10000 8087 SNIPPET_NOT_RELEVANT b'1149742'
ACTION SNIPPET 10000 8090 SNIPPET_RELEVANT b'1148864'
ACTION DOC 10000 8110 EXAMINING_DOCUMENT b'1148864'
ACTION MARK 10000 8113 CONSIDERED_RELEVANT b'1148864'
ACTION QUERY 10000 8123 cult lifestyles falun
ACTION SERP 10000 8128 EXAMINE_SERP
ACTION SNIPPET 10000 8131 SEEN_PREVIOUSLY b'1269480'
ACTION SNIPPET 10000 8134 SNIPPET_RELEVANT b'1266191'
ACTION DOC 10000 8154 EXAMINING_DOCUMENT b'1266191'
ACTION MARK 10000 8157 CONSIDERED_RELEVANT b'1266191'
ACTION SNIPPET 10000 8160 SNIPPET_RELEVANT b'1149742'
ACTION DOC 10000 8180 EXAMINING_DOCUMENT b'1149742'
ACTION MARK 10000 8183 CONSIDERED_RELEVANT b'1149742'
ACTION SNIPPET 10000 8186 SNIPPET_NOT_RELEVANT b'1150820'
ACTION SNIPPET 10000 8189 SNIPPET_RELEVANT b'1149070'
ACTION DOC 10000 8209 EXAMINING_DOCUMENT b'1149070'
ACTION MARK 10000 8212 CONSIDERED_RELEVANT b'1149070'
ACTION SNIPPET 10000 8215 SNIPPET_RELEVANT b'1154724'
ACTION DOC 10000 8235 EXAMINING_DOCUMENT b'1154724'
ACTION SNIPPET 10000 8238 SNIPPET_NOT_RELEVANT b'1344799'
ACTION SNIPPET 10000 8241 SNIPPET_NOT_RELEVANT b'1157757'
ACTION SNIPPET 10000 8244 SEEN_PREVIOUSLY b'1148864'
ACTION SNIPPET 10000 8247 SNIPPET_NOT_RELEVANT b'1311401'
ACTION QUERY 10000 8257 cult lifestyles practice
ACTION SERP 10000 8262 EXAMINE_SERP
ACTION SNIPPET 10000 8265 SEEN_PREVIOUSLY b'624863'
ACTION SNIPPET 10000 8268 SEEN_PREVIOUSLY b'1187217'
ACTION SNIPPET 10000 8271 SEEN_PREVIOUSLY b'1840901'
ACTION SNIPPET 10000 8274 SEEN_PREVIOUSLY b'1634148'
ACTION SNIPPET 10000 8277 SEEN_PREVIOUSLY b'1186564'
ACTION SNIPPET 10000 8280 SEEN_PREVIOUSLY b'923384'
ACTION SNIPPET 10000 8283 SEEN_PREVIOUSLY b'1757752'
ACTION SNIPPET 10000 8286 SEEN_PREVIOUSLY b'1209320'
ACTION SNIPPET 10000 8289 SEEN_PREVIOUSLY b'1747895'
ACTION SNIPPET 10000 8292 SEEN_PREVIOUSLY b'1262473'
ACTION QUERY 10000 8302 cult lifestyles challenge
ACTION SERP 10000 8307 EXAMINE_SERP
ACTION SNIPPET 10000 8310 SEEN_PREVIOUSLY b'624863'
ACTION SNIPPET 10000 8313 SEEN_PREVIOUSLY b'1187217'
ACTION SNIPPET 10000 8316 SEEN_PREVIOUSLY b'1186564'
ACTION SNIPPET 10000 8319 SEEN_PREVIOUSLY b'1237817'
ACTION SNIPPET 10000 8322 SEEN_PREVIOUSLY b'1757752'
ACTION SNIPPET 10000 8325 SEEN_PREVIOUSLY b'1209320'
ACTION SNIPPET 10000 8328 SEEN_PREVIOUSLY b'1266191'
ACTION SNIPPET 10000 8331 SEEN_PREVIOUSLY b'1262473'
ACTION SNIPPET 10000 8334 SNIPPET_RELEVANT b'1588340'
ACTION DOC 10000 8354 EXAMINING_DOCUMENT b'1588340'
ACTION SNIPPET 10000 8357 SEEN_PREVIOUSLY b'1634148'
ACTION QUERY 10000 8367 cult lifestyles mark
ACTION SERP 10000 8372 EXAMINE_SERP
ACTION SNIPPET 10000 8375 SEEN_PREVIOUSLY b'624863'
ACTION SNIPPET 10000 8378 SEEN_PREVIOUSLY b'1186564'
ACTION SNIPPET 10000 8381 SEEN_PREVIOUSLY b'1187217'
ACTION SNIPPET 10000 8384 SEEN_PREVIOUSLY b'1757752'
ACTION SNIPPET 10000 8387 SEEN_PREVIOUSLY b'1209320'
ACTION SNIPPET 10000 8390 SEEN_PREVIOUSLY b'966096'
ACTION SNIPPET 10000 8393 SEEN_PREVIOUSLY b'1216045'
ACTION SNIPPET 10000 8396 SNIPPET_RELEVANT b'137164'
ACTION DOC 10000 8416 EXAMINING_DOCUMENT b'137164'
ACTION SNIPPET 10000 8419 SEEN_PREVIOUSLY b'1262473'
ACTION SNIPPET 10000 8422 SEEN_PREVIOUSLY b'1634148'
ACTION QUERY 10000 8432 cult lifestyles followers
ACTION SERP 10000 8437 EXAMINE_SERP
ACTION SNIPPET 10000 8440 SEEN_PREVIOUSLY b'624863'
ACTION SNIPPET 10000 8443 SEEN_PREVIOUSLY b'1186564'
ACTION SNIPPET 10000 8446 SEEN_PREVIOUSLY b'1187217'
ACTION SNIPPET 10000 8449 SEEN_PREVIOUSLY b'1757752'
ACTION SNIPPET 10000 8452 SEEN_PREVIOUSLY b'1262473'
ACTION SNIPPET 10000 8455 SEEN_PREVIOUSLY b'1710222'
ACTION SNIPPET 10000 8458 SEEN_PREVIOUSLY b'1818609'
ACTION SNIPPET 10000 8461 SEEN_PREVIOUSLY b'1209320'
ACTION SNIPPET 10000 8464 SEEN_PREVIOUSLY b'787163'
ACTION SNIPPET 10000 8467 SEEN_PREVIOUSLY b'594136'
ACTION QUERY 10000 8477 cult lifestyles foods
ACTION SERP 10000 8482 EXAMINE_SERP
ACTION SNIPPET 10000 8485 SEEN_PREVIOUSLY b'624863'
ACTION SNIPPET 10000 8488 SEEN_PREVIOUSLY b'1187217'
ACTION SNIPPET 10000 8491 SNIPPET_NOT_RELEVANT b'1751349'
ACTION SNIPPET 10000 8494 SEEN_PREVIOUSLY b'1186564'
ACTION SNIPPET 10000 8497 SNIPPET_NOT_RELEVANT b'1719101'
ACTION SNIPPET 10000 8500 SEEN_PREVIOUSLY b'1819641'
ACTION SNIPPET 10000 8503 SEEN_PREVIOUSLY b'594136'
ACTION SNIPPET 10000 8506 SEEN_PREVIOUSLY b'1757752'
ACTION SNIPPET 10000 8509 SEEN_PREVIOUSLY b'1209320'
ACTION SNIPPET 10000 8512 SNIPPET_RELEVANT b'1584673'
ACTION DOC 10000 8532 EXAMINING_DOCUMENT b'1584673'
ACTION QUERY 10000 8542 cult lifestyles ringleader
ACTION SERP 10000 8547 EXAMINE_SERP
ACTION SNIPPET 10000 8550 SEEN_PREVIOUSLY b'247846'
ACTION SNIPPET 10000 8553 SNIPPET_RELEVANT b'1591885'
ACTION DOC 10000 8573 EXAMINING_DOCUMENT b'1591885'
ACTION SNIPPET 10000 8576 SEEN_PREVIOUSLY b'624863'
ACTION SNIPPET 10000 8579 SEEN_PREVIOUSLY b'717250'
ACTION SNIPPET 10000 8582 SEEN_PREVIOUSLY b'1186564'
ACTION SNIPPET 10000 8585 SNIPPET_NOT_RELEVANT b'1672040'
ACTION SNIPPET 10000 8588 SEEN_PREVIOUSLY b'1757752'
ACTION SNIPPET 10000 8591 SEEN_PREVIOUSLY b'1209320'
ACTION SNIPPET 10000 8594 SEEN_PREVIOUSLY b'1187217'
ACTION SNIPPET 10000 8597 SNIPPET_RELEVANT b'1423554'
ACTION DOC 10000 8617 EXAMINING_DOCUMENT b'1423554'
ACTION QUERY 10000 8627 cult lifestyles work
ACTION SERP 10000 8632 EXAMINE_SERP
ACTION SNIPPET 10000 8635 SEEN_PREVIOUSLY b'624863'
ACTION SNIPPET 10000 8638 SEEN_PREVIOUSLY b'1757752'
ACTION SNIPPET 10000 8641 SEEN_PREVIOUSLY b'1186564'
ACTION SNIPPET 10000 8644 SEEN_PREVIOUSLY b'1187217'
ACTION SNIPPET 10000 8647 SEEN_PREVIOUSLY b'1262473'
ACTION SNIPPET 10000 8650 SEEN_PREVIOUSLY b'1209320'
ACTION SNIPPET 10000 8653 SEEN_PREVIOUSLY b'1176601'
ACTION SNIPPET 10000 8656 SEEN_PREVIOUSLY b'1710222'
ACTION SNIPPET 10000 8659 SEEN_PREVIOUSLY b'1634148'
ACTION SNIPPET 10000 8662 SEEN_PREVIOUSLY b'1216045'
ACTION QUERY 10000 8672 cult lifestyles princes
ACTION SERP 10000 8677 EXAMINE_SERP
ACTION SNIPPET 10000 8680 SEEN_PREVIOUSLY b'624863'
ACTION SNIPPET 10000 8683 SNIPPET_RELEVANT b'1609108'
ACTION DOC 10000 8703 EXAMINING_DOCUMENT b'1609108'
ACTION SNIPPET 10000 8706 SNIPPET_NOT_RELEVANT b'58004'
ACTION SNIPPET 10000 8709 SNIPPET_NOT_RELEVANT b'1450018'
ACTION SNIPPET 10000 8712 SNIPPET_NOT_RELEVANT b'1848482'
ACTION SNIPPET 10000 8715 SNIPPET_NOT_RELEVANT b'1846983'
ACTION SNIPPET 10000 8718 SNIPPET_NOT_RELEVANT b'1746020'
ACTION SNIPPET 10000 8721 SEEN_PREVIOUSLY b'1186564'
ACTION SNIPPET 10000 8724 SNIPPET_NOT_RELEVANT b'1631236'
ACTION SNIPPET 10000 8727 SEEN_PREVIOUSLY b'1757752'
ACTION QUERY 10000 8737 cult lifestyles best
ACTION SERP 10000 8742 EXAMINE_SERP
ACTION SNIPPET 10000 8745 SEEN_PREVIOUSLY b'624863'
ACTION SNIPPET 10000 8748 SEEN_PREVIOUSLY b'1186564'
ACTION SNIPPET 10000 8751 SEEN_PREVIOUSLY b'1757752'
ACTION SNIPPET 10000 8754 SEEN_PREVIOUSLY b'1209320'
ACTION SNIPPET 10000 8757 SEEN_PREVIOUSLY b'1216045'
ACTION SNIPPET 10000 8760 SEEN_PREVIOUSLY b'1187217'
ACTION SNIPPET 10000 8763 SEEN_PREVIOUSLY b'1840901'
ACTION SNIPPET 10000 8766 SEEN_PREVIOUSLY b'1237817'
ACTION SNIPPET 10000 8769 SEEN_PREVIOUSLY b'1262473'
ACTION SNIPPET 10000 8772 SEEN_PREVIOUSLY b'1634148'
ACTION QUERY 10000 8782 cult lifestyles cbs
ACTION SERP 10000 8787 EXAMINE_SERP
ACTION SNIPPET 10000 8790 SEEN_PREVIOUSLY b'624863'
ACTION SNIPPET 10000 8793 SEEN_PREVIOUSLY b'1820132'
ACTION SNIPPET 10000 8796 SEEN_PREVIOUSLY b'1820632'
ACTION SNIPPET 10000 8799 SNIPPET_RELEVANT b'1408897'
ACTION DOC 10000 8819 EXAMINING_DOCUMENT b'1408897'
ACTION SNIPPET 10000 8822 SEEN_PREVIOUSLY b'919922'
ACTION SNIPPET 10000 8825 SNIPPET_NOT_RELEVANT b'1691865'
ACTION SNIPPET 10000 8828 SEEN_PREVIOUSLY b'1186564'
ACTION SNIPPET 10000 8831 SEEN_PREVIOUSLY b'664960'
ACTION SNIPPET 10000 8834 SNIPPET_RELEVANT b'25088'
ACTION DOC 10000 8854 EXAMINING_DOCUMENT b'25088'
ACTION SNIPPET 10000 8857 SNIPPET_NOT_RELEVANT b'1048926'
ACTION QUERY 10000 8867 cult lifestyles standoffs
ACTION SERP 10000 8872 EXAMINE_SERP
ACTION SNIPPET 10000 8875 SEEN_PREVIOUSLY b'650433'
ACTION SNIPPET 10000 8878 SEEN_PREVIOUSLY b'603527'
ACTION SNIPPET 10000 8881 SNIPPET_RELEVANT b'638574'
ACTION DOC 10000 8901 EXAMINING_DOCUMENT b'638574'
ACTION MARK 10000 8904 CONSIDERED_RELEVANT b'638574'
ACTION SNIPPET 10000 8907 SEEN_PREVIOUSLY b'609387'
ACTION SNIPPET 10000 8910 SEEN_PREVIOUSLY b'603804'
ACTION SNIPPET 10000 8913 SNIPPET_RELEVANT b'596397'
ACTION DOC 10000 8933 EXAMINING_DOCUMENT b'596397'
ACTION MARK 10000 8936 CONSIDERED_RELEVANT b'596397'
ACTION SNIPPET 10000 8939 SNIPPET_RELEVANT b'598953'
ACTION DOC 10000 8959 EXAMINING_DOCUMENT b'598953'
ACTION MARK 10000 8962 CONSIDERED_RELEVANT b'598953'
ACTION SNIPPET 10000 8965 SNIPPET_RELEVANT b'593989'
ACTION DOC 10000 8985 EXAMINING_DOCUMENT b'593989'
ACTION MARK 10000 8988 CONSIDERED_RELEVANT b'593989'
ACTION SNIPPET 10000 8991 SEEN_PREVIOUSLY b'624863'
ACTION SNIPPET 10000 8994 SNIPPET_NOT_RELEVANT b'594138'
ACTION QUERY 10000 9004 cult lifestyles failure
ACTION SERP 10000 9009 EXAMINE_SERP
ACTION SNIPPET 10000 9012 SEEN_PREVIOUSLY b'624863'
ACTION SNIPPET 10000 9015 SEEN_PREVIOUSLY b'1186564'
ACTION SNIPPET 10000 9018 SEEN_PREVIOUSLY b'1216045'
ACTION SNIPPET 10000 9021 SNIPPET_NOT_RELEVANT b'1529937'
ACTION SNIPPET 10000 9024 SEEN_PREVIOUSLY b'1757752'
ACTION SNIPPET 10000 9027 SNIPPET_RELEVANT b'604583'
ACTION DOC 10000 9047 EXAMINING_DOCUMENT b'604583'
ACTION SNIPPET 10000 9050 SEEN_PREVIOUSLY b'1209320'
ACTION SNIPPET 10000 9053 SNIPPET_RELEVANT b'263141'
ACTION DOC 10000 9073 EXAMINING_DOCUMENT b'263141'
ACTION SNIPPET 10000 9076 SNIPPET_NOT_RELEVANT b'604136'
ACTION SNIPPET 10000 9079 SNIPPET_NOT_RELEVANT b'1217551'
ACTION QUERY 10000 9089 cult lifestyles awning
ACTION SERP 10000 9094 EXAMINE_SERP
ACTION SNIPPET 10000 9097 SEEN_PREVIOUSLY b'624863'
ACTION SNIPPET 10000 9100 SNIPPET_NOT_RELEVANT b'1835554'
ACTION SNIPPET 10000 9103 SNIPPET_RELEVANT b'450826'
ACTION DOC 10000 9123 EXAMINING_DOCUMENT b'450826'
ACTION SNIPPET 10000 9126 SNIPPET_NOT_RELEVANT b'1195937'
ACTION SNIPPET 10000 9129 SNIPPET_NOT_RELEVANT b'163097'
ACTION SNIPPET 10000 9132 SNIPPET_RELEVANT b'638395'
ACTION DOC 10000 9152 EXAMINING_DOCUMENT b'638395'
ACTION SNIPPET 10000 9155 SNIPPET_NOT_RELEVANT b'696643'
ACTION SNIPPET 10000 9158 SEEN_PREVIOUSLY b'1186564'
ACTION SNIPPET 10000 9161 SNIPPET_RELEVANT b'1261138'
ACTION DOC 10000 9181 EXAMINING_DOCUMENT b'1261138'
ACTION SNIPPET 10000 9184 SNIPPET_NOT_RELEVANT b'1261343'
ACTION QUERY 10000 9194 cult lifestyles night
ACTION SERP 10000 9199 EXAMINE_SERP
ACTION SNIPPET 10000 9202 SEEN_PREVIOUSLY b'624863'
ACTION SNIPPET 10000 9205 SEEN_PREVIOUSLY b'1187217'
ACTION SNIPPET 10000 9208 SEEN_PREVIOUSLY b'1186564'
ACTION SNIPPET 10000 9211 SEEN_PREVIOUSLY b'1237817'
ACTION SNIPPET 10000 9214 SEEN_PREVIOUSLY b'1757752'
ACTION SNIPPET 10000 9217 SEEN_PREVIOUSLY b'1209320'
ACTION SNIPPET 10000 9220 SEEN_PREVIOUSLY b'1820132'
ACTION SNIPPET 10000 9223 SEEN_PREVIOUSLY b'1262473'
ACTION SNIPPET 10000 9226 SEEN_PREVIOUSLY b'1634148'
ACTION SNIPPET 10000 9229 SEEN_PREVIOUSLY b'597055'
ACTION QUERY 10000 9239 cult lifestyles surrender
ACTION SERP 10000 9244 EXAMINE_SERP
ACTION SNIPPET 10000 9247 SEEN_PREVIOUSLY b'624863'
ACTION SNIPPET 10000 9250 SEEN_PREVIOUSLY b'597055'
ACTION SNIPPET 10000 9253 SNIPPET_RELEVANT b'596179'
ACTION DOC 10000 9273 EXAMINING_DOCUMENT b'596179'
ACTION MARK 10000 9276 CONSIDERED_RELEVANT b'596179'
ACTION SNIPPET 10000 9279 SNIPPET_RELEVANT b'600246'
ACTION DOC 10000 9299 EXAMINING_DOCUMENT b'600246'
ACTION MARK 10000 9302 CONSIDERED_RELEVANT b'600246'
ACTION SNIPPET 10000 9305 SEEN_PREVIOUSLY b'795964'
ACTION SNIPPET 10000 9308 SEEN_PREVIOUSLY b'793826'
ACTION SNIPPET 10000 9311 SNIPPET_RELEVANT b'601900'
ACTION DOC 10000 9331 EXAMINING_DOCUMENT b'601900'
ACTION MARK 10000 9334 CONSIDERED_RELEVANT b'601900'
ACTION SNIPPET 10000 9337 SEEN_PREVIOUSLY b'593989'
ACTION SNIPPET 10000 9340 SEEN_PREVIOUSLY b'596397'
ACTION SNIPPET 10000 9343 SNIPPET_RELEVANT b'597493'
ACTION DOC 10000 9363 EXAMINING_DOCUMENT b'597493'
ACTION MARK 10000 9366 CONSIDERED_RELEVANT b'597493'
ACTION QUERY 10000 9376 cult lifestyles authorities
ACTION SERP 10000 9381 EXAMINE_SERP
ACTION SNIPPET 10000 9384 SEEN_PREVIOUSLY b'624863'
ACTION SNIPPET 10000 9387 SEEN_PREVIOUSLY b'1186564'
ACTION SNIPPET 10000 9390 SEEN_PREVIOUSLY b'1757752'
ACTION SNIPPET 10000 9393 SEEN_PREVIOUSLY b'1209320'
ACTION SNIPPET 10000 9396 SEEN_PREVIOUSLY b'12456'
ACTION SNIPPET 10000 9399 SEEN_PREVIOUSLY b'818310'
ACTION SNIPPET 10000 9402 SEEN_PREVIOUSLY b'594522'
ACTION SNIPPET 10000 9405 SEEN_PREVIOUSLY b'1187217'
ACTION SNIPPET 10000 9408 SEEN_PREVIOUSLY b'649211'
ACTION SNIPPET 10000 9411 SEEN_PREVIOUSLY b'249102'
ACTION QUERY 10000 9421 cult lifestyles wendy
ACTION SERP 10000 9426 EXAMINE_SERP
ACTION SNIPPET 10000 9429 SEEN_PREVIOUSLY b'1262473'
ACTION SNIPPET 10000 9432 SEEN_PREVIOUSLY b'624863'
ACTION SNIPPET 10000 9435 SNIPPET_RELEVANT b'810335'
ACTION DOC 10000 9455 EXAMINING_DOCUMENT b'810335'
ACTION SNIPPET 10000 9458 SNIPPET_RELEVANT b'961599'
ACTION DOC 10000 9478 EXAMINING_DOCUMENT b'961599'
ACTION SNIPPET 10000 9481 SEEN_PREVIOUSLY b'1186564'
ACTION SNIPPET 10000 9484 SEEN_PREVIOUSLY b'1757752'
ACTION SNIPPET 10000 9487 SEEN_PREVIOUSLY b'1209320'
ACTION SNIPPET 10000 9490 SEEN_PREVIOUSLY b'1187217'
ACTION SNIPPET 10000 9493 SNIPPET_NOT_RELEVANT b'1466999'
ACTION SNIPPET 10000 9496 SNIPPET_RELEVANT b'1773942'
ACTION DOC 10000 9516 EXAMINING_DOCUMENT b'1773942'
ACTION QUERY 10000 9526 cult lifestyles train
ACTION SERP 10000 9531 EXAMINE_SERP
ACTION SNIPPET 10000 9534 SEEN_PREVIOUSLY b'624863'
ACTION SNIPPET 10000 9537 SEEN_PREVIOUSLY b'1840901'
ACTION SNIPPET 10000 9540 SEEN_PREVIOUSLY b'1186564'
ACTION SNIPPET 10000 9543 SEEN_PREVIOUSLY b'1757752'
ACTION SNIPPET 10000 9546 SEEN_PREVIOUSLY b'1209320'
ACTION SNIPPET 10000 9549 SEEN_PREVIOUSLY b'1187217'
ACTION SNIPPET 10000 9552 SEEN_PREVIOUSLY b'920561'
ACTION SNIPPET 10000 9555 SEEN_PREVIOUSLY b'905700'
ACTION SNIPPET 10000 9558 SEEN_PREVIOUSLY b'1262473'
ACTION SNIPPET 10000 9561 SNIPPET_NOT_RELEVANT b'1550565'
ACTION QUERY 10000 9571 cult lifestyles reporting
ACTION SERP 10000 9576 EXAMINE_SERP
ACTION SNIPPET 10000 9579 SEEN_PREVIOUSLY b'624863'
ACTION SNIPPET 10000 9582 SEEN_PREVIOUSLY b'1186564'
ACTION SNIPPET 10000 9585 SEEN_PREVIOUSLY b'1187217'
ACTION SNIPPET 10000 9588 SEEN_PREVIOUSLY b'1757752'
ACTION SNIPPET 10000 9591 SEEN_PREVIOUSLY b'1209320'
ACTION SNIPPET 10000 9594 SEEN_PREVIOUSLY b'1262473'
ACTION SNIPPET 10000 9597 SEEN_PREVIOUSLY b'1634148'
ACTION SNIPPET 10000 9600 SEEN_PREVIOUSLY b'1176601'
ACTION SNIPPET 10000 9603 SEEN_PREVIOUSLY b'793826'
ACTION SNIPPET 10000 9606 SEEN_PREVIOUSLY b'1840901'
ACTION QUERY 10000 9616 cult lifestyles white
ACTION SERP 10000 9621 EXAMINE_SERP
ACTION SNIPPET 10000 9624 SEEN_PREVIOUSLY b'624863'
ACTION SNIPPET 10000 9627 SEEN_PREVIOUSLY b'1634148'
ACTION SNIPPET 10000 9630 SEEN_PREVIOUSLY b'1186564'
ACTION SNIPPET 10000 9633 SEEN_PREVIOUSLY b'1757752'
ACTION SNIPPET 10000 9636 SEEN_PREVIOUSLY b'1209320'
ACTION SNIPPET 10000 9639 SEEN_PREVIOUSLY b'1187217'
ACTION SNIPPET 10000 9642 SEEN_PREVIOUSLY b'647946'
ACTION SNIPPET 10000 9645 SEEN_PREVIOUSLY b'1262473'
ACTION SNIPPET 10000 9648 SNIPPET_NOT_RELEVANT b'125479'
ACTION SNIPPET 10000 9651 SNIPPET_RELEVANT b'1272596'
ACTION DOC 10000 9671 EXAMINING_DOCUMENT b'1272596'
ACTION QUERY 10000 9681 cult lifestyles jim
ACTION SERP 10000 9686 EXAMINE_SERP
ACTION SNIPPET 10000 9689 SEEN_PREVIOUSLY b'624863'
ACTION SNIPPET 10000 9692 SEEN_PREVIOUSLY b'1710222'
ACTION SNIPPET 10000 9695 SEEN_PREVIOUSLY b'1187217'
ACTION SNIPPET 10000 9698 SEEN_PREVIOUSLY b'151228'
ACTION SNIPPET 10000 9701 SEEN_PREVIOUSLY b'19751'
ACTION SNIPPET 10000 9704 SNIPPET_NOT_RELEVANT b'1819024'
ACTION SNIPPET 10000 9707 SEEN_PREVIOUSLY b'1186564'
ACTION SNIPPET 10000 9710 SNIPPET_NOT_RELEVANT b'1193932'
ACTION SNIPPET 10000 9713 SNIPPET_NOT_RELEVANT b'25330'
ACTION SNIPPET 10000 9716 SEEN_PREVIOUSLY b'1757752'
ACTION QUERY 10000 9726 cult lifestyles sparked
ACTION SERP 10000 9731 EXAMINE_SERP
ACTION SNIPPET 10000 9734 SEEN_PREVIOUSLY b'624863'
ACTION SNIPPET 10000 9737 SNIPPET_RELEVANT b'161428'
ACTION DOC 10000 9757 EXAMINING_DOCUMENT b'161428'
ACTION MARK 10000 9760 CONSIDERED_RELEVANT b'161428'
ACTION SNIPPET 10000 9763 SNIPPET_RELEVANT b'1762816'
ACTION DOC 10000 9783 EXAMINING_DOCUMENT b'1762816'
ACTION SNIPPET 10000 9786 SEEN_PREVIOUSLY b'1598723'
ACTION SNIPPET 10000 9789 SEEN_PREVIOUSLY b'1186564'
ACTION SNIPPET 10000 9792 SEEN_PREVIOUSLY b'603970'
ACTION SNIPPET 10000 9795 SEEN_PREVIOUSLY b'1757752'
ACTION SNIPPET 10000 9798 SEEN_PREVIOUSLY b'1209320'
ACTION SNIPPET 10000 9801 SEEN_PREVIOUSLY b'1187217'
ACTION SNIPPET 10000 9804 SEEN_PREVIOUSLY b'594888'
ACTION QUERY 10000 9814 cult lifestyles shilling
ACTION SERP 10000 9819 EXAMINE_SERP
ACTION SNIPPET 10000 9822 SEEN_PREVIOUSLY b'624863'
ACTION SNIPPET 10000 9825 SEEN_PREVIOUSLY b'1188145'
ACTION SNIPPET 10000 9828 SNIPPET_NOT_RELEVANT b'392512'
ACTION SNIPPET 10000 9831 SNIPPET_RELEVANT b'573676'
ACTION DOC 10000 9851 EXAMINING_DOCUMENT b'573676'
ACTION SNIPPET 10000 9854 SNIPPET_NOT_RELEVANT b'379487'
ACTION SNIPPET 10000 9857 SNIPPET_NOT_RELEVANT b'139047'
ACTION SNIPPET 10000 9860 SNIPPET_RELEVANT b'962903'
ACTION DOC 10000 9880 EXAMINING_DOCUMENT b'962903'
ACTION SNIPPET 10000 9883 SNIPPET_NOT_RELEVANT b'695691'
ACTION SNIPPET 10000 9886 SNIPPET_RELEVANT b'315873'
ACTION DOC 10000 9906 EXAMINING_DOCUMENT b'315873'
ACTION SNIPPET 10000 9909 SNIPPET_RELEVANT b'1332628'
ACTION DOC 10000 9929 EXAMINING_DOCUMENT b'1332628'
ACTION QUERY 10000 9939 cult lifestyles rid
ACTION SERP 10000 9944 EXAMINE_SERP
ACTION SNIPPET 10000 9947 SEEN_PREVIOUSLY b'624863'
ACTION SNIPPET 10000 9950 SEEN_PREVIOUSLY b'1186564'
ACTION SNIPPET 10000 9953 SNIPPET_RELEVANT b'818584'
ACTION DOC 10000 9973 EXAMINING_DOCUMENT b'818584'
ACTION MARK 10000 9976 CONSIDERED_RELEVANT b'818584'
ACTION SNIPPET 10000 9979 SEEN_PREVIOUSLY b'1757752'
ACTION SNIPPET 10000 9982 SEEN_PREVIOUSLY b'1209320'
ACTION SNIPPET 10000 9985 SEEN_PREVIOUSLY b'1187217'
ACTION SNIPPET 10000 9988 SEEN_PREVIOUSLY b'1262473'
ACTION SNIPPET 10000 9991 SEEN_PREVIOUSLY b'1634148'
ACTION SNIPPET 10000 9994 SEEN_PREVIOUSLY b'1176601'
ACTION SNIPPET 10000 9997 SEEN_PREVIOUSLY b'1710222'
ACTION QUERY 10000 10007 cult lifestyles investigators
INFO SUMMARY 
INFO TOTAL_QUERIES_ISSUED 116
INFO TOTAL_SNIPPETS_EXAMINED 1150
INFO TOTAL_DOCUMENTS_EXAMINED 224
INFO TOTAL_DOCUMENTS_MARKED_RELEVANT 114
INFO TOTAL_ATTRACTIVE_SERP_IMPRESSIONS 115
INFO TOTAL_UNATTRACTIVE_SERP_IMPRESSIONS 0
