ACTION QUERY 10000 10 black bear attacks
ACTION SERP 10000 15 EXAMINE_SERP
ACTION SNIPPET 10000 18 SNIPPET_RELEVANT b'634674'
ACTION DOC 10000 38 EXAMINING_DOCUMENT b'634674'
ACTION MARK 10000 41 CONSIDERED_RELEVANT b'634674'
ACTION SNIPPET 10000 44 SNIPPET_RELEVANT b'1707062'
ACTION DOC 10000 64 EXAMINING_DOCUMENT b'1707062'
ACTION MARK 10000 67 CONSIDERED_RELEVANT b'1707062'
ACTION SNIPPET 10000 70 SNIPPET_RELEVANT b'1440589'
ACTION DOC 10000 90 EXAMINING_DOCUMENT b'1440589'
ACTION MARK 10000 93 CONSIDERED_RELEVANT b'1440589'
ACTION SNIPPET 10000 96 SNIPPET_RELEVANT b'780876'
ACTION DOC 10000 116 EXAMINING_DOCUMENT b'780876'
ACTION SNIPPET 10000 119 SNIPPET_RELEVANT b'1319228'
ACTION DOC 10000 139 EXAMINING_DOCUMENT b'1319228'
ACTION MARK 10000 142 CONSIDERED_RELEVANT b'1319228'
ACTION SNIPPET 10000 145 SNIPPET_RELEVANT b'1209591'
ACTION DOC 10000 165 EXAMINING_DOCUMENT b'1209591'
ACTION MARK 10000 168 CONSIDERED_RELEVANT b'1209591'
ACTION SNIPPET 10000 171 SNIPPET_RELEVANT b'1754536'
ACTION DOC 10000 191 EXAMINING_DOCUMENT b'1754536'
ACTION MARK 10000 194 CONSIDERED_RELEVANT b'1754536'
ACTION SNIPPET 10000 197 SNIPPET_RELEVANT b'1417508'
ACTION DOC 10000 217 EXAMINING_DOCUMENT b'1417508'
ACTION MARK 10000 220 CONSIDERED_RELEVANT b'1417508'
ACTION SNIPPET 10000 223 SNIPPET_RELEVANT b'1205254'
ACTION DOC 10000 243 EXAMINING_DOCUMENT b'1205254'
ACTION MARK 10000 246 CONSIDERED_RELEVANT b'1205254'
ACTION SNIPPET 10000 249 SNIPPET_RELEVANT b'1319681'
ACTION DOC 10000 269 EXAMINING_DOCUMENT b'1319681'
ACTION MARK 10000 272 CONSIDERED_RELEVANT b'1319681'
ACTION QUERY 10000 282 black bear attacks elected
ACTION SERP 10000 287 EXAMINE_SERP
ACTION SNIPPET 10000 290 SNIPPET_RELEVANT b'825608'
ACTION DOC 10000 310 EXAMINING_DOCUMENT b'825608'
ACTION SNIPPET 10000 313 SEEN_PREVIOUSLY b'634674'
ACTION SNIPPET 10000 316 SEEN_PREVIOUSLY b'1707062'
ACTION SNIPPET 10000 319 SNIPPET_RELEVANT b'51450'
ACTION DOC 10000 339 EXAMINING_DOCUMENT b'51450'
ACTION SNIPPET 10000 342 SEEN_PREVIOUSLY b'1440589'
ACTION SNIPPET 10000 345 SEEN_PREVIOUSLY b'780876'
ACTION SNIPPET 10000 348 SEEN_PREVIOUSLY b'1319228'
ACTION SNIPPET 10000 351 SEEN_PREVIOUSLY b'1209591'
ACTION SNIPPET 10000 354 SEEN_PREVIOUSLY b'1754536'
ACTION SNIPPET 10000 357 SNIPPET_NOT_RELEVANT b'225566'
ACTION QUERY 10000 367 black bear attacks will
ACTION SERP 10000 372 EXAMINE_SERP
ACTION SNIPPET 10000 375 SEEN_PREVIOUSLY b'634674'
ACTION SNIPPET 10000 378 SEEN_PREVIOUSLY b'1707062'
ACTION SNIPPET 10000 381 SEEN_PREVIOUSLY b'1440589'
ACTION SNIPPET 10000 384 SEEN_PREVIOUSLY b'780876'
ACTION SNIPPET 10000 387 SEEN_PREVIOUSLY b'1754536'
ACTION SNIPPET 10000 390 SEEN_PREVIOUSLY b'1319228'
ACTION SNIPPET 10000 393 SEEN_PREVIOUSLY b'1209591'
ACTION SNIPPET 10000 396 SEEN_PREVIOUSLY b'1417508'
ACTION SNIPPET 10000 399 SEEN_PREVIOUSLY b'1205254'
ACTION SNIPPET 10000 402 SNIPPET_NOT_RELEVANT b'869631'
ACTION QUERY 10000 412 black bear attacks usa
ACTION SERP 10000 417 EXAMINE_SERP
ACTION SNIPPET 10000 420 SEEN_PREVIOUSLY b'634674'
ACTION SNIPPET 10000 423 SEEN_PREVIOUSLY b'1707062'
ACTION SNIPPET 10000 426 SEEN_PREVIOUSLY b'1440589'
ACTION SNIPPET 10000 429 SEEN_PREVIOUSLY b'780876'
ACTION SNIPPET 10000 432 SEEN_PREVIOUSLY b'1319228'
ACTION SNIPPET 10000 435 SEEN_PREVIOUSLY b'1209591'
ACTION SNIPPET 10000 438 SEEN_PREVIOUSLY b'1754536'
ACTION SNIPPET 10000 441 SEEN_PREVIOUSLY b'1417508'
ACTION SNIPPET 10000 444 SEEN_PREVIOUSLY b'1205254'
ACTION SNIPPET 10000 447 SNIPPET_NOT_RELEVANT b'578401'
ACTION QUERY 10000 457 black bear attacks family
ACTION SERP 10000 462 EXAMINE_SERP
ACTION SNIPPET 10000 465 SEEN_PREVIOUSLY b'1754536'
ACTION SNIPPET 10000 468 SEEN_PREVIOUSLY b'1417508'
ACTION SNIPPET 10000 471 SEEN_PREVIOUSLY b'634674'
ACTION SNIPPET 10000 474 SNIPPET_RELEVANT b'966180'
ACTION DOC 10000 494 EXAMINING_DOCUMENT b'966180'
ACTION MARK 10000 497 CONSIDERED_RELEVANT b'966180'
ACTION SNIPPET 10000 500 SEEN_PREVIOUSLY b'1707062'
ACTION SNIPPET 10000 503 SNIPPET_RELEVANT b'1417346'
ACTION DOC 10000 523 EXAMINING_DOCUMENT b'1417346'
ACTION MARK 10000 526 CONSIDERED_RELEVANT b'1417346'
ACTION SNIPPET 10000 529 SEEN_PREVIOUSLY b'1440589'
ACTION SNIPPET 10000 532 SNIPPET_NOT_RELEVANT b'1368283'
ACTION SNIPPET 10000 535 SEEN_PREVIOUSLY b'780876'
ACTION SNIPPET 10000 538 SEEN_PREVIOUSLY b'1319228'
ACTION QUERY 10000 548 black bear attacks lago
ACTION SERP 10000 553 EXAMINE_SERP
ACTION SNIPPET 10000 556 SEEN_PREVIOUSLY b'966180'
ACTION SNIPPET 10000 559 SNIPPET_NOT_RELEVANT b'896592'
ACTION SNIPPET 10000 562 SNIPPET_NOT_RELEVANT b'902876'
ACTION SNIPPET 10000 565 SNIPPET_NOT_RELEVANT b'195296'
ACTION SNIPPET 10000 568 SNIPPET_NOT_RELEVANT b'1170429'
ACTION SNIPPET 10000 571 SNIPPET_RELEVANT b'95701'
ACTION DOC 10000 591 EXAMINING_DOCUMENT b'95701'
ACTION SNIPPET 10000 594 SNIPPET_NOT_RELEVANT b'1510491'
ACTION SNIPPET 10000 597 SNIPPET_RELEVANT b'1170391'
ACTION DOC 10000 617 EXAMINING_DOCUMENT b'1170391'
ACTION SNIPPET 10000 620 SNIPPET_RELEVANT b'275229'
ACTION DOC 10000 640 EXAMINING_DOCUMENT b'275229'
ACTION SNIPPET 10000 643 SNIPPET_RELEVANT b'103448'
ACTION DOC 10000 663 EXAMINING_DOCUMENT b'103448'
ACTION QUERY 10000 673 black bear attacks snatched
ACTION SERP 10000 678 EXAMINE_SERP
ACTION SNIPPET 10000 681 SEEN_PREVIOUSLY b'1417346'
ACTION SNIPPET 10000 684 SEEN_PREVIOUSLY b'1417508'
ACTION SNIPPET 10000 687 SNIPPET_NOT_RELEVANT b'311451'
ACTION SNIPPET 10000 690 SNIPPET_RELEVANT b'1673457'
ACTION DOC 10000 710 EXAMINING_DOCUMENT b'1673457'
ACTION MARK 10000 713 CONSIDERED_RELEVANT b'1673457'
ACTION SNIPPET 10000 716 SNIPPET_NOT_RELEVANT b'141343'
ACTION SNIPPET 10000 719 SNIPPET_RELEVANT b'188343'
ACTION DOC 10000 739 EXAMINING_DOCUMENT b'188343'
ACTION SNIPPET 10000 742 SEEN_PREVIOUSLY b'634674'
ACTION SNIPPET 10000 745 SNIPPET_NOT_RELEVANT b'1417304'
ACTION SNIPPET 10000 748 SNIPPET_NOT_RELEVANT b'332133'
ACTION SNIPPET 10000 751 SNIPPET_NOT_RELEVANT b'48636'
ACTION QUERY 10000 761 black bear attacks assaults
ACTION SERP 10000 766 EXAMINE_SERP
ACTION SNIPPET 10000 769 SNIPPET_RELEVANT b'1214355'
ACTION DOC 10000 789 EXAMINING_DOCUMENT b'1214355'
ACTION SNIPPET 10000 792 SNIPPET_RELEVANT b'666214'
ACTION DOC 10000 812 EXAMINING_DOCUMENT b'666214'
ACTION SNIPPET 10000 815 SNIPPET_NOT_RELEVANT b'244078'
ACTION SNIPPET 10000 818 SNIPPET_NOT_RELEVANT b'869631'
ACTION SNIPPET 10000 821 SNIPPET_NOT_RELEVANT b'357292'
ACTION SNIPPET 10000 824 SNIPPET_RELEVANT b'1205987'
ACTION DOC 10000 844 EXAMINING_DOCUMENT b'1205987'
ACTION MARK 10000 847 CONSIDERED_RELEVANT b'1205987'
ACTION SNIPPET 10000 850 SNIPPET_NOT_RELEVANT b'264629'
ACTION SNIPPET 10000 853 SNIPPET_NOT_RELEVANT b'76957'
ACTION SNIPPET 10000 856 SNIPPET_NOT_RELEVANT b'389784'
ACTION SNIPPET 10000 859 SNIPPET_RELEVANT b'1682762'
ACTION DOC 10000 879 EXAMINING_DOCUMENT b'1682762'
ACTION QUERY 10000 889 black bear attacks cohabitation
ACTION SERP 10000 894 EXAMINE_SERP
ACTION SNIPPET 10000 897 SEEN_PREVIOUSLY b'1205987'
ACTION SNIPPET 10000 900 SNIPPET_RELEVANT b'1541670'
ACTION DOC 10000 920 EXAMINING_DOCUMENT b'1541670'
ACTION MARK 10000 923 CONSIDERED_RELEVANT b'1541670'
ACTION SNIPPET 10000 926 SNIPPET_NOT_RELEVANT b'506663'
ACTION SNIPPET 10000 929 SEEN_PREVIOUSLY b'634674'
ACTION SNIPPET 10000 932 SNIPPET_RELEVANT b'1176588'
ACTION DOC 10000 952 EXAMINING_DOCUMENT b'1176588'
ACTION SNIPPET 10000 955 SNIPPET_NOT_RELEVANT b'1946'
ACTION SNIPPET 10000 958 SNIPPET_RELEVANT b'1946'
ACTION DOC 10000 978 EXAMINING_DOCUMENT b'1946'
ACTION SNIPPET 10000 981 SNIPPET_NOT_RELEVANT b'261608'
ACTION SNIPPET 10000 984 SNIPPET_NOT_RELEVANT b'773140'
ACTION SNIPPET 10000 987 SNIPPET_NOT_RELEVANT b'806812'
ACTION QUERY 10000 997 black bear attacks impossible
ACTION SERP 10000 1002 EXAMINE_SERP
ACTION SNIPPET 10000 1005 SEEN_PREVIOUSLY b'1205987'
ACTION SNIPPET 10000 1008 SEEN_PREVIOUSLY b'634674'
ACTION SNIPPET 10000 1011 SNIPPET_RELEVANT b'209320'
ACTION DOC 10000 1031 EXAMINING_DOCUMENT b'209320'
ACTION SNIPPET 10000 1034 SEEN_PREVIOUSLY b'1707062'
ACTION SNIPPET 10000 1037 SEEN_PREVIOUSLY b'1440589'
ACTION SNIPPET 10000 1040 SEEN_PREVIOUSLY b'780876'
ACTION SNIPPET 10000 1043 SEEN_PREVIOUSLY b'1319228'
ACTION SNIPPET 10000 1046 SEEN_PREVIOUSLY b'1209591'
ACTION SNIPPET 10000 1049 SEEN_PREVIOUSLY b'1754536'
ACTION SNIPPET 10000 1052 SEEN_PREVIOUSLY b'1417508'
ACTION QUERY 10000 1062 black bear attacks banning
ACTION SERP 10000 1067 EXAMINE_SERP
ACTION SNIPPET 10000 1070 SEEN_PREVIOUSLY b'634674'
ACTION SNIPPET 10000 1073 SEEN_PREVIOUSLY b'1440589'
ACTION SNIPPET 10000 1076 SNIPPET_RELEVANT b'1230221'
ACTION DOC 10000 1096 EXAMINING_DOCUMENT b'1230221'
ACTION MARK 10000 1099 CONSIDERED_RELEVANT b'1230221'
ACTION SNIPPET 10000 1102 SEEN_PREVIOUSLY b'1209591'
ACTION SNIPPET 10000 1105 SNIPPET_NOT_RELEVANT b'1619655'
ACTION SNIPPET 10000 1108 SNIPPET_NOT_RELEVANT b'869631'
ACTION SNIPPET 10000 1111 SNIPPET_RELEVANT b'1399077'
ACTION DOC 10000 1131 EXAMINING_DOCUMENT b'1399077'
ACTION MARK 10000 1134 CONSIDERED_RELEVANT b'1399077'
ACTION SNIPPET 10000 1137 SNIPPET_RELEVANT b'1625519'
ACTION DOC 10000 1157 EXAMINING_DOCUMENT b'1625519'
ACTION MARK 10000 1160 CONSIDERED_RELEVANT b'1625519'
ACTION SNIPPET 10000 1163 SNIPPET_RELEVANT b'873797'
ACTION DOC 10000 1183 EXAMINING_DOCUMENT b'873797'
ACTION SNIPPET 10000 1186 SNIPPET_RELEVANT b'794195'
ACTION DOC 10000 1206 EXAMINING_DOCUMENT b'794195'
ACTION MARK 10000 1209 CONSIDERED_RELEVANT b'794195'
ACTION QUERY 10000 1219 black bear attacks hilltop
ACTION SERP 10000 1224 EXAMINE_SERP
ACTION SNIPPET 10000 1227 SEEN_PREVIOUSLY b'794195'
ACTION SNIPPET 10000 1230 SNIPPET_RELEVANT b'794213'
ACTION DOC 10000 1250 EXAMINING_DOCUMENT b'794213'
ACTION MARK 10000 1253 CONSIDERED_RELEVANT b'794213'
ACTION SNIPPET 10000 1256 SNIPPET_RELEVANT b'1348119'
ACTION DOC 10000 1276 EXAMINING_DOCUMENT b'1348119'
ACTION SNIPPET 10000 1279 SNIPPET_NOT_RELEVANT b'112537'
ACTION SNIPPET 10000 1282 SEEN_PREVIOUSLY b'634674'
ACTION SNIPPET 10000 1285 SEEN_PREVIOUSLY b'1707062'
ACTION SNIPPET 10000 1288 SNIPPET_RELEVANT b'1733698'
ACTION DOC 10000 1308 EXAMINING_DOCUMENT b'1733698'
ACTION SNIPPET 10000 1311 SNIPPET_NOT_RELEVANT b'1274537'
ACTION SNIPPET 10000 1314 SNIPPET_NOT_RELEVANT b'661287'
ACTION SNIPPET 10000 1317 SEEN_PREVIOUSLY b'1440589'
ACTION QUERY 10000 1327 black bear attacks hill
ACTION SERP 10000 1332 EXAMINE_SERP
ACTION SNIPPET 10000 1335 SEEN_PREVIOUSLY b'634674'
ACTION SNIPPET 10000 1338 SEEN_PREVIOUSLY b'966180'
ACTION SNIPPET 10000 1341 SEEN_PREVIOUSLY b'1707062'
ACTION SNIPPET 10000 1344 SEEN_PREVIOUSLY b'794195'
ACTION SNIPPET 10000 1347 SEEN_PREVIOUSLY b'794213'
ACTION SNIPPET 10000 1350 SNIPPET_NOT_RELEVANT b'592670'
ACTION SNIPPET 10000 1353 SNIPPET_RELEVANT b'1678327'
ACTION DOC 10000 1373 EXAMINING_DOCUMENT b'1678327'
ACTION MARK 10000 1376 CONSIDERED_RELEVANT b'1678327'
ACTION SNIPPET 10000 1379 SEEN_PREVIOUSLY b'1440589'
ACTION SNIPPET 10000 1382 SEEN_PREVIOUSLY b'780876'
ACTION SNIPPET 10000 1385 SEEN_PREVIOUSLY b'1319228'
ACTION QUERY 10000 1395 black bear attacks little
ACTION SERP 10000 1400 EXAMINE_SERP
ACTION SNIPPET 10000 1403 SEEN_PREVIOUSLY b'634674'
ACTION SNIPPET 10000 1406 SEEN_PREVIOUSLY b'1209591'
ACTION SNIPPET 10000 1409 SEEN_PREVIOUSLY b'1230221'
ACTION SNIPPET 10000 1412 SEEN_PREVIOUSLY b'1707062'
ACTION SNIPPET 10000 1415 SEEN_PREVIOUSLY b'1440589'
ACTION SNIPPET 10000 1418 SEEN_PREVIOUSLY b'1319681'
ACTION SNIPPET 10000 1421 SEEN_PREVIOUSLY b'780876'
ACTION SNIPPET 10000 1424 SEEN_PREVIOUSLY b'1319228'
ACTION SNIPPET 10000 1427 SEEN_PREVIOUSLY b'1754536'
ACTION SNIPPET 10000 1430 SEEN_PREVIOUSLY b'1417508'
ACTION QUERY 10000 1440 black bear attacks accident
ACTION SERP 10000 1445 EXAMINE_SERP
ACTION SNIPPET 10000 1448 SEEN_PREVIOUSLY b'634674'
ACTION SNIPPET 10000 1451 SEEN_PREVIOUSLY b'1417508'
ACTION SNIPPET 10000 1454 SNIPPET_NOT_RELEVANT b'524365'
ACTION SNIPPET 10000 1457 SNIPPET_NOT_RELEVANT b'569226'
ACTION SNIPPET 10000 1460 SNIPPET_RELEVANT b'468342'
ACTION DOC 10000 1480 EXAMINING_DOCUMENT b'468342'
ACTION SNIPPET 10000 1483 SNIPPET_NOT_RELEVANT b'468341'
ACTION SNIPPET 10000 1486 SNIPPET_RELEVANT b'468390'
ACTION DOC 10000 1506 EXAMINING_DOCUMENT b'468390'
ACTION SNIPPET 10000 1509 SNIPPET_RELEVANT b'158995'
ACTION DOC 10000 1529 EXAMINING_DOCUMENT b'158995'
ACTION SNIPPET 10000 1532 SEEN_PREVIOUSLY b'1707062'
ACTION SNIPPET 10000 1535 SNIPPET_RELEVANT b'904016'
ACTION DOC 10000 1555 EXAMINING_DOCUMENT b'904016'
ACTION QUERY 10000 1565 black bear attacks prefectures
ACTION SERP 10000 1570 EXAMINE_SERP
ACTION SNIPPET 10000 1573 SEEN_PREVIOUSLY b'1625519'
ACTION SNIPPET 10000 1576 SNIPPET_RELEVANT b'1621813'
ACTION DOC 10000 1596 EXAMINING_DOCUMENT b'1621813'
ACTION SNIPPET 10000 1599 SNIPPET_RELEVANT b'29729'
ACTION DOC 10000 1619 EXAMINING_DOCUMENT b'29729'
ACTION SNIPPET 10000 1622 SEEN_PREVIOUSLY b'634674'
ACTION SNIPPET 10000 1625 SNIPPET_NOT_RELEVANT b'758112'
ACTION SNIPPET 10000 1628 SEEN_PREVIOUSLY b'1707062'
ACTION SNIPPET 10000 1631 SNIPPET_RELEVANT b'51223'
ACTION DOC 10000 1651 EXAMINING_DOCUMENT b'51223'
ACTION SNIPPET 10000 1654 SNIPPET_NOT_RELEVANT b'940479'
ACTION SNIPPET 10000 1657 SNIPPET_RELEVANT b'1287848'
ACTION DOC 10000 1677 EXAMINING_DOCUMENT b'1287848'
ACTION SNIPPET 10000 1680 SNIPPET_NOT_RELEVANT b'1470821'
ACTION QUERY 10000 1690 black bear attacks raise
ACTION SERP 10000 1695 EXAMINE_SERP
ACTION SNIPPET 10000 1698 SEEN_PREVIOUSLY b'634674'
ACTION SNIPPET 10000 1701 SEEN_PREVIOUSLY b'794195'
ACTION SNIPPET 10000 1704 SEEN_PREVIOUSLY b'794213'
ACTION SNIPPET 10000 1707 SEEN_PREVIOUSLY b'1707062'
ACTION SNIPPET 10000 1710 SNIPPET_NOT_RELEVANT b'869631'
ACTION SNIPPET 10000 1713 SEEN_PREVIOUSLY b'1440589'
ACTION SNIPPET 10000 1716 SEEN_PREVIOUSLY b'780876'
ACTION SNIPPET 10000 1719 SEEN_PREVIOUSLY b'1319228'
ACTION SNIPPET 10000 1722 SEEN_PREVIOUSLY b'1209591'
ACTION SNIPPET 10000 1725 SEEN_PREVIOUSLY b'1754536'
ACTION QUERY 10000 1735 black bear attacks pinyon
ACTION SERP 10000 1740 EXAMINE_SERP
ACTION SNIPPET 10000 1743 SEEN_PREVIOUSLY b'1678327'
ACTION SNIPPET 10000 1746 SNIPPET_RELEVANT b'1390964'
ACTION DOC 10000 1766 EXAMINING_DOCUMENT b'1390964'
ACTION SNIPPET 10000 1769 SEEN_PREVIOUSLY b'634674'
ACTION SNIPPET 10000 1772 SNIPPET_NOT_RELEVANT b'697573'
ACTION SNIPPET 10000 1775 SEEN_PREVIOUSLY b'1707062'
ACTION SNIPPET 10000 1778 SEEN_PREVIOUSLY b'1440589'
ACTION SNIPPET 10000 1781 SEEN_PREVIOUSLY b'780876'
ACTION SNIPPET 10000 1784 SEEN_PREVIOUSLY b'1319228'
ACTION SNIPPET 10000 1787 SEEN_PREVIOUSLY b'1209591'
ACTION SNIPPET 10000 1790 SEEN_PREVIOUSLY b'1754536'
ACTION QUERY 10000 1800 black bear attacks feeding
ACTION SERP 10000 1805 EXAMINE_SERP
ACTION SNIPPET 10000 1808 SEEN_PREVIOUSLY b'1440589'
ACTION SNIPPET 10000 1811 SEEN_PREVIOUSLY b'1417508'
ACTION SNIPPET 10000 1814 SEEN_PREVIOUSLY b'966180'
ACTION SNIPPET 10000 1817 SNIPPET_RELEVANT b'952801'
ACTION DOC 10000 1837 EXAMINING_DOCUMENT b'952801'
ACTION MARK 10000 1840 CONSIDERED_RELEVANT b'952801'
ACTION SNIPPET 10000 1843 SNIPPET_RELEVANT b'1850183'
ACTION DOC 10000 1863 EXAMINING_DOCUMENT b'1850183'
ACTION MARK 10000 1866 CONSIDERED_RELEVANT b'1850183'
ACTION SNIPPET 10000 1869 SEEN_PREVIOUSLY b'1541670'
ACTION SNIPPET 10000 1872 SNIPPET_RELEVANT b'1171663'
ACTION DOC 10000 1892 EXAMINING_DOCUMENT b'1171663'
ACTION MARK 10000 1895 CONSIDERED_RELEVANT b'1171663'
ACTION SNIPPET 10000 1898 SNIPPET_RELEVANT b'920115'
ACTION DOC 10000 1918 EXAMINING_DOCUMENT b'920115'
ACTION SNIPPET 10000 1921 SEEN_PREVIOUSLY b'1625519'
ACTION SNIPPET 10000 1924 SEEN_PREVIOUSLY b'634674'
ACTION QUERY 10000 1934 black bear attacks dan
ACTION SERP 10000 1939 EXAMINE_SERP
ACTION SNIPPET 10000 1942 SEEN_PREVIOUSLY b'1754536'
ACTION SNIPPET 10000 1945 SEEN_PREVIOUSLY b'634674'
ACTION SNIPPET 10000 1948 SEEN_PREVIOUSLY b'1707062'
ACTION SNIPPET 10000 1951 SNIPPET_RELEVANT b'558310'
ACTION DOC 10000 1971 EXAMINING_DOCUMENT b'558310'
ACTION SNIPPET 10000 1974 SEEN_PREVIOUSLY b'1440589'
ACTION SNIPPET 10000 1977 SNIPPET_NOT_RELEVANT b'97826'
ACTION SNIPPET 10000 1980 SEEN_PREVIOUSLY b'780876'
ACTION SNIPPET 10000 1983 SEEN_PREVIOUSLY b'1319228'
ACTION SNIPPET 10000 1986 SEEN_PREVIOUSLY b'1209591'
ACTION SNIPPET 10000 1989 SEEN_PREVIOUSLY b'1417508'
ACTION QUERY 10000 1999 black bear attacks theres
ACTION SERP 10000 2004 EXAMINE_SERP
ACTION SNIPPET 10000 2007 SNIPPET_NOT_RELEVANT b'1760155'
ACTION SNIPPET 10000 2010 SNIPPET_NOT_RELEVANT b'1760536'
ACTION SNIPPET 10000 2013 SNIPPET_NOT_RELEVANT b'1101059'
ACTION SNIPPET 10000 2016 SNIPPET_RELEVANT b'1760313'
ACTION DOC 10000 2036 EXAMINING_DOCUMENT b'1760313'
ACTION SNIPPET 10000 2039 SNIPPET_NOT_RELEVANT b'1760200'
ACTION SNIPPET 10000 2042 SNIPPET_RELEVANT b'1099224'
ACTION DOC 10000 2062 EXAMINING_DOCUMENT b'1099224'
ACTION SNIPPET 10000 2065 SEEN_PREVIOUSLY b'634674'
ACTION SNIPPET 10000 2068 SNIPPET_RELEVANT b'711470'
ACTION DOC 10000 2088 EXAMINING_DOCUMENT b'711470'
ACTION SNIPPET 10000 2091 SNIPPET_RELEVANT b'1101079'
ACTION DOC 10000 2111 EXAMINING_DOCUMENT b'1101079'
ACTION SNIPPET 10000 2114 SNIPPET_RELEVANT b'1606091'
ACTION DOC 10000 2134 EXAMINING_DOCUMENT b'1606091'
ACTION QUERY 10000 2144 black bear attacks trujillo
ACTION SERP 10000 2149 EXAMINE_SERP
ACTION SNIPPET 10000 2152 SEEN_PREVIOUSLY b'1319228'
ACTION SNIPPET 10000 2155 SEEN_PREVIOUSLY b'1319681'
ACTION SNIPPET 10000 2158 SNIPPET_NOT_RELEVANT b'1010300'
ACTION SNIPPET 10000 2161 SNIPPET_NOT_RELEVANT b'1325140'
ACTION SNIPPET 10000 2164 SNIPPET_NOT_RELEVANT b'1167078'
ACTION SNIPPET 10000 2167 SNIPPET_NOT_RELEVANT b'1345620'
ACTION SNIPPET 10000 2170 SNIPPET_RELEVANT b'1109742'
ACTION DOC 10000 2190 EXAMINING_DOCUMENT b'1109742'
ACTION SNIPPET 10000 2193 SNIPPET_NOT_RELEVANT b'435345'
ACTION SNIPPET 10000 2196 SNIPPET_RELEVANT b'273054'
ACTION DOC 10000 2216 EXAMINING_DOCUMENT b'273054'
ACTION SNIPPET 10000 2219 SNIPPET_RELEVANT b'1796618'
ACTION DOC 10000 2239 EXAMINING_DOCUMENT b'1796618'
ACTION QUERY 10000 2249 black bear attacks japan
ACTION SERP 10000 2254 EXAMINE_SERP
ACTION SNIPPET 10000 2257 SEEN_PREVIOUSLY b'1625519'
ACTION SNIPPET 10000 2260 SEEN_PREVIOUSLY b'634674'
ACTION SNIPPET 10000 2263 SNIPPET_NOT_RELEVANT b'1626391'
ACTION SNIPPET 10000 2266 SEEN_PREVIOUSLY b'1707062'
ACTION SNIPPET 10000 2269 SNIPPET_NOT_RELEVANT b'878920'
ACTION SNIPPET 10000 2272 SEEN_PREVIOUSLY b'1440589'
ACTION SNIPPET 10000 2275 SEEN_PREVIOUSLY b'780876'
ACTION SNIPPET 10000 2278 SNIPPET_NOT_RELEVANT b'592670'
ACTION SNIPPET 10000 2281 SNIPPET_NOT_RELEVANT b'489264'
ACTION SNIPPET 10000 2284 SEEN_PREVIOUSLY b'1319228'
ACTION QUERY 10000 2294 black bear attacks wildlife
ACTION SERP 10000 2299 EXAMINE_SERP
ACTION SNIPPET 10000 2302 SEEN_PREVIOUSLY b'1209591'
ACTION SNIPPET 10000 2305 SEEN_PREVIOUSLY b'1205254'
ACTION SNIPPET 10000 2308 SEEN_PREVIOUSLY b'1417508'
ACTION SNIPPET 10000 2311 SEEN_PREVIOUSLY b'1319681'
ACTION SNIPPET 10000 2314 SEEN_PREVIOUSLY b'1171663'
ACTION SNIPPET 10000 2317 SEEN_PREVIOUSLY b'1707062'
ACTION SNIPPET 10000 2320 SEEN_PREVIOUSLY b'634674'
ACTION SNIPPET 10000 2323 SEEN_PREVIOUSLY b'1850183'
ACTION SNIPPET 10000 2326 SEEN_PREVIOUSLY b'1230221'
ACTION SNIPPET 10000 2329 SNIPPET_NOT_RELEVANT b'652450'
ACTION QUERY 10000 2339 black bear attacks living
ACTION SERP 10000 2344 EXAMINE_SERP
ACTION SNIPPET 10000 2347 SEEN_PREVIOUSLY b'634674'
ACTION SNIPPET 10000 2350 SEEN_PREVIOUSLY b'1440589'
ACTION SNIPPET 10000 2353 SEEN_PREVIOUSLY b'1205254'
ACTION SNIPPET 10000 2356 SEEN_PREVIOUSLY b'1209591'
ACTION SNIPPET 10000 2359 SEEN_PREVIOUSLY b'1417508'
ACTION SNIPPET 10000 2362 SEEN_PREVIOUSLY b'966180'
ACTION SNIPPET 10000 2365 SEEN_PREVIOUSLY b'1707062'
ACTION SNIPPET 10000 2368 SEEN_PREVIOUSLY b'1678327'
ACTION SNIPPET 10000 2371 SEEN_PREVIOUSLY b'794195'
ACTION SNIPPET 10000 2374 SEEN_PREVIOUSLY b'794213'
ACTION QUERY 10000 2384 black bear attacks lion
ACTION SERP 10000 2389 EXAMINE_SERP
ACTION SNIPPET 10000 2392 SEEN_PREVIOUSLY b'1171663'
ACTION SNIPPET 10000 2395 SNIPPET_RELEVANT b'1697947'
ACTION DOC 10000 2415 EXAMINING_DOCUMENT b'1697947'
ACTION MARK 10000 2418 CONSIDERED_RELEVANT b'1697947'
ACTION SNIPPET 10000 2421 SNIPPET_RELEVANT b'652261'
ACTION DOC 10000 2441 EXAMINING_DOCUMENT b'652261'
ACTION SNIPPET 10000 2444 SNIPPET_NOT_RELEVANT b'271318'
ACTION SNIPPET 10000 2447 SNIPPET_RELEVANT b'703662'
ACTION DOC 10000 2467 EXAMINING_DOCUMENT b'703662'
ACTION SNIPPET 10000 2470 SNIPPET_NOT_RELEVANT b'1723893'
ACTION SNIPPET 10000 2473 SNIPPET_RELEVANT b'813644'
ACTION DOC 10000 2493 EXAMINING_DOCUMENT b'813644'
ACTION SNIPPET 10000 2496 SNIPPET_NOT_RELEVANT b'1097933'
ACTION SNIPPET 10000 2499 SNIPPET_NOT_RELEVANT b'1369989'
ACTION SNIPPET 10000 2502 SNIPPET_RELEVANT b'402068'
ACTION DOC 10000 2522 EXAMINING_DOCUMENT b'402068'
ACTION QUERY 10000 2532 black bear attacks treadwell
ACTION SERP 10000 2537 EXAMINE_SERP
ACTION SNIPPET 10000 2540 SEEN_PREVIOUSLY b'1697947'
ACTION SNIPPET 10000 2543 SNIPPET_NOT_RELEVANT b'1694106'
ACTION SNIPPET 10000 2546 SNIPPET_RELEVANT b'1736702'
ACTION DOC 10000 2566 EXAMINING_DOCUMENT b'1736702'
ACTION SNIPPET 10000 2569 SNIPPET_RELEVANT b'709129'
ACTION DOC 10000 2589 EXAMINING_DOCUMENT b'709129'
ACTION SNIPPET 10000 2592 SNIPPET_NOT_RELEVANT b'1011595'
ACTION SNIPPET 10000 2595 SNIPPET_NOT_RELEVANT b'1670738'
ACTION SNIPPET 10000 2598 SNIPPET_RELEVANT b'409798'
ACTION DOC 10000 2618 EXAMINING_DOCUMENT b'409798'
ACTION SNIPPET 10000 2621 SNIPPET_NOT_RELEVANT b'1276691'
ACTION SNIPPET 10000 2624 SNIPPET_RELEVANT b'1735747'
ACTION DOC 10000 2644 EXAMINING_DOCUMENT b'1735747'
ACTION SNIPPET 10000 2647 SNIPPET_NOT_RELEVANT b'588666'
ACTION QUERY 10000 2657 black bear attacks man
ACTION SERP 10000 2662 EXAMINE_SERP
ACTION SNIPPET 10000 2665 SEEN_PREVIOUSLY b'1319681'
ACTION SNIPPET 10000 2668 SEEN_PREVIOUSLY b'634674'
ACTION SNIPPET 10000 2671 SEEN_PREVIOUSLY b'794195'
ACTION SNIPPET 10000 2674 SEEN_PREVIOUSLY b'794213'
ACTION SNIPPET 10000 2677 SNIPPET_RELEVANT b'52133'
ACTION DOC 10000 2697 EXAMINING_DOCUMENT b'52133'
ACTION SNIPPET 10000 2700 SNIPPET_NOT_RELEVANT b'357292'
ACTION SNIPPET 10000 2703 SEEN_PREVIOUSLY b'1707062'
ACTION SNIPPET 10000 2706 SEEN_PREVIOUSLY b'666214'
ACTION SNIPPET 10000 2709 SEEN_PREVIOUSLY b'1214355'
ACTION SNIPPET 10000 2712 SEEN_PREVIOUSLY b'1440589'
ACTION QUERY 10000 2722 black bear attacks hit
ACTION SERP 10000 2727 EXAMINE_SERP
ACTION SNIPPET 10000 2730 SEEN_PREVIOUSLY b'1754536'
ACTION SNIPPET 10000 2733 SEEN_PREVIOUSLY b'634674'
ACTION SNIPPET 10000 2736 SEEN_PREVIOUSLY b'1850183'
ACTION SNIPPET 10000 2739 SEEN_PREVIOUSLY b'1707062'
ACTION SNIPPET 10000 2742 SEEN_PREVIOUSLY b'794195'
ACTION SNIPPET 10000 2745 SEEN_PREVIOUSLY b'794213'
ACTION SNIPPET 10000 2748 SEEN_PREVIOUSLY b'1214355'
ACTION SNIPPET 10000 2751 SEEN_PREVIOUSLY b'1440589'
ACTION SNIPPET 10000 2754 SEEN_PREVIOUSLY b'780876'
ACTION SNIPPET 10000 2757 SNIPPET_RELEVANT b'92414'
ACTION DOC 10000 2777 EXAMINING_DOCUMENT b'92414'
ACTION QUERY 10000 2787 black bear attacks girl
ACTION SERP 10000 2792 EXAMINE_SERP
ACTION SNIPPET 10000 2795 SEEN_PREVIOUSLY b'1754536'
ACTION SNIPPET 10000 2798 SEEN_PREVIOUSLY b'1417508'
ACTION SNIPPET 10000 2801 SEEN_PREVIOUSLY b'1417346'
ACTION SNIPPET 10000 2804 SNIPPET_RELEVANT b'37945'
ACTION DOC 10000 2824 EXAMINING_DOCUMENT b'37945'
ACTION SNIPPET 10000 2827 SEEN_PREVIOUSLY b'666214'
ACTION SNIPPET 10000 2830 SEEN_PREVIOUSLY b'634674'
ACTION SNIPPET 10000 2833 SNIPPET_NOT_RELEVANT b'499520'
ACTION SNIPPET 10000 2836 SEEN_PREVIOUSLY b'1707062'
ACTION SNIPPET 10000 2839 SNIPPET_RELEVANT b'499595'
ACTION DOC 10000 2859 EXAMINING_DOCUMENT b'499595'
ACTION SNIPPET 10000 2862 SNIPPET_RELEVANT b'1682008'
ACTION DOC 10000 2882 EXAMINING_DOCUMENT b'1682008'
ACTION QUERY 10000 2892 black bear attacks kill
ACTION SERP 10000 2897 EXAMINE_SERP
ACTION SNIPPET 10000 2900 SEEN_PREVIOUSLY b'634674'
ACTION SNIPPET 10000 2903 SEEN_PREVIOUSLY b'1319228'
ACTION SNIPPET 10000 2906 SEEN_PREVIOUSLY b'1209591'
ACTION SNIPPET 10000 2909 SEEN_PREVIOUSLY b'1754536'
ACTION SNIPPET 10000 2912 SNIPPET_RELEVANT b'869631'
ACTION DOC 10000 2932 EXAMINING_DOCUMENT b'869631'
ACTION SNIPPET 10000 2935 SNIPPET_NOT_RELEVANT b'772939'
ACTION SNIPPET 10000 2938 SEEN_PREVIOUSLY b'52133'
ACTION SNIPPET 10000 2941 SEEN_PREVIOUSLY b'1417508'
ACTION SNIPPET 10000 2944 SEEN_PREVIOUSLY b'1230221'
ACTION SNIPPET 10000 2947 SNIPPET_RELEVANT b'1186175'
ACTION DOC 10000 2967 EXAMINING_DOCUMENT b'1186175'
ACTION QUERY 10000 2977 black bear attacks hurts
ACTION SERP 10000 2982 EXAMINE_SERP
ACTION SNIPPET 10000 2985 SEEN_PREVIOUSLY b'966180'
ACTION SNIPPET 10000 2988 SEEN_PREVIOUSLY b'634674'
ACTION SNIPPET 10000 2991 SEEN_PREVIOUSLY b'1319681'
ACTION SNIPPET 10000 2994 SEEN_PREVIOUSLY b'1417346'
ACTION SNIPPET 10000 2997 SNIPPET_RELEVANT b'652450'
ACTION DOC 10000 3017 EXAMINING_DOCUMENT b'652450'
ACTION SNIPPET 10000 3020 SEEN_PREVIOUSLY b'1707062'
ACTION SNIPPET 10000 3023 SNIPPET_NOT_RELEVANT b'505874'
ACTION SNIPPET 10000 3026 SNIPPET_RELEVANT b'1229011'
ACTION DOC 10000 3046 EXAMINING_DOCUMENT b'1229011'
ACTION MARK 10000 3049 CONSIDERED_RELEVANT b'1229011'
ACTION SNIPPET 10000 3052 SEEN_PREVIOUSLY b'1440589'
ACTION SNIPPET 10000 3055 SEEN_PREVIOUSLY b'780876'
ACTION QUERY 10000 3065 black bear attacks whitman
ACTION SERP 10000 3070 EXAMINE_SERP
ACTION SNIPPET 10000 3073 SEEN_PREVIOUSLY b'1209591'
ACTION SNIPPET 10000 3076 SEEN_PREVIOUSLY b'1230221'
ACTION SNIPPET 10000 3079 SEEN_PREVIOUSLY b'1229011'
ACTION SNIPPET 10000 3082 SNIPPET_RELEVANT b'1541943'
ACTION DOC 10000 3102 EXAMINING_DOCUMENT b'1541943'
ACTION MARK 10000 3105 CONSIDERED_RELEVANT b'1541943'
ACTION SNIPPET 10000 3108 SNIPPET_NOT_RELEVANT b'1225654'
ACTION SNIPPET 10000 3111 SNIPPET_NOT_RELEVANT b'1470554'
ACTION SNIPPET 10000 3114 SNIPPET_NOT_RELEVANT b'731330'
ACTION SNIPPET 10000 3117 SNIPPET_NOT_RELEVANT b'759231'
ACTION SNIPPET 10000 3120 SNIPPET_NOT_RELEVANT b'669613'
ACTION SNIPPET 10000 3123 SNIPPET_RELEVANT b'652464'
ACTION DOC 10000 3143 EXAMINING_DOCUMENT b'652464'
ACTION QUERY 10000 3153 black bear attacks njs
ACTION SERP 10000 3158 EXAMINE_SERP
ACTION SNIPPET 10000 3161 SNIPPET_RELEVANT b'1424096'
ACTION DOC 10000 3181 EXAMINING_DOCUMENT b'1424096'
ACTION MARK 10000 3184 CONSIDERED_RELEVANT b'1424096'
ACTION SNIPPET 10000 3187 SNIPPET_NOT_RELEVANT b'1088765'
ACTION SNIPPET 10000 3190 SEEN_PREVIOUSLY b'634674'
ACTION SNIPPET 10000 3193 SEEN_PREVIOUSLY b'1707062'
ACTION SNIPPET 10000 3196 SNIPPET_NOT_RELEVANT b'1715660'
ACTION SNIPPET 10000 3199 SNIPPET_RELEVANT b'1716294'
ACTION DOC 10000 3219 EXAMINING_DOCUMENT b'1716294'
ACTION SNIPPET 10000 3222 SEEN_PREVIOUSLY b'1440589'
ACTION SNIPPET 10000 3225 SEEN_PREVIOUSLY b'780876'
ACTION SNIPPET 10000 3228 SEEN_PREVIOUSLY b'1319228'
ACTION SNIPPET 10000 3231 SEEN_PREVIOUSLY b'1209591'
ACTION QUERY 10000 3241 black bear attacks fair
ACTION SERP 10000 3246 EXAMINE_SERP
ACTION SNIPPET 10000 3249 SEEN_PREVIOUSLY b'1541943'
ACTION SNIPPET 10000 3252 SEEN_PREVIOUSLY b'666214'
ACTION SNIPPET 10000 3255 SEEN_PREVIOUSLY b'634674'
ACTION SNIPPET 10000 3258 SEEN_PREVIOUSLY b'1707062'
ACTION SNIPPET 10000 3261 SEEN_PREVIOUSLY b'1440589'
ACTION SNIPPET 10000 3264 SEEN_PREVIOUSLY b'780876'
ACTION SNIPPET 10000 3267 SNIPPET_RELEVANT b'695261'
ACTION DOC 10000 3287 EXAMINING_DOCUMENT b'695261'
ACTION SNIPPET 10000 3290 SNIPPET_RELEVANT b'46225'
ACTION DOC 10000 3310 EXAMINING_DOCUMENT b'46225'
ACTION SNIPPET 10000 3313 SEEN_PREVIOUSLY b'1319228'
ACTION SNIPPET 10000 3316 SEEN_PREVIOUSLY b'1209591'
ACTION QUERY 10000 3326 black bear attacks years
ACTION SERP 10000 3331 EXAMINE_SERP
ACTION SNIPPET 10000 3334 SEEN_PREVIOUSLY b'634674'
ACTION SNIPPET 10000 3337 SEEN_PREVIOUSLY b'1707062'
ACTION SNIPPET 10000 3340 SEEN_PREVIOUSLY b'1440589'
ACTION SNIPPET 10000 3343 SEEN_PREVIOUSLY b'780876'
ACTION SNIPPET 10000 3346 SEEN_PREVIOUSLY b'1205254'
ACTION SNIPPET 10000 3349 SEEN_PREVIOUSLY b'1209591'
ACTION SNIPPET 10000 3352 SEEN_PREVIOUSLY b'1754536'
ACTION SNIPPET 10000 3355 SEEN_PREVIOUSLY b'1319228'
ACTION SNIPPET 10000 3358 SEEN_PREVIOUSLY b'1417508'
ACTION SNIPPET 10000 3361 SEEN_PREVIOUSLY b'1319681'
ACTION QUERY 10000 3371 black bear attacks christina
ACTION SERP 10000 3376 EXAMINE_SERP
ACTION SNIPPET 10000 3379 SNIPPET_RELEVANT b'174217'
ACTION DOC 10000 3399 EXAMINING_DOCUMENT b'174217'
ACTION SNIPPET 10000 3402 SEEN_PREVIOUSLY b'634674'
ACTION SNIPPET 10000 3405 SEEN_PREVIOUSLY b'1707062'
ACTION SNIPPET 10000 3408 SNIPPET_NOT_RELEVANT b'808333'
ACTION SNIPPET 10000 3411 SEEN_PREVIOUSLY b'1440589'
ACTION SNIPPET 10000 3414 SNIPPET_RELEVANT b'1210135'
ACTION DOC 10000 3434 EXAMINING_DOCUMENT b'1210135'
ACTION SNIPPET 10000 3437 SNIPPET_RELEVANT b'642018'
ACTION DOC 10000 3457 EXAMINING_DOCUMENT b'642018'
ACTION SNIPPET 10000 3460 SEEN_PREVIOUSLY b'780876'
ACTION SNIPPET 10000 3463 SNIPPET_RELEVANT b'697199'
ACTION DOC 10000 3483 EXAMINING_DOCUMENT b'697199'
ACTION SNIPPET 10000 3486 SNIPPET_NOT_RELEVANT b'1546092'
ACTION QUERY 10000 3496 black bear attacks dangerous
ACTION SERP 10000 3501 EXAMINE_SERP
ACTION SNIPPET 10000 3504 SEEN_PREVIOUSLY b'1205254'
ACTION SNIPPET 10000 3507 SNIPPET_NOT_RELEVANT b'955982'
ACTION SNIPPET 10000 3510 SEEN_PREVIOUSLY b'869631'
ACTION SNIPPET 10000 3513 SEEN_PREVIOUSLY b'52133'
ACTION SNIPPET 10000 3516 SEEN_PREVIOUSLY b'1230221'
ACTION SNIPPET 10000 3519 SEEN_PREVIOUSLY b'634674'
ACTION SNIPPET 10000 3522 SEEN_PREVIOUSLY b'966180'
ACTION SNIPPET 10000 3525 SNIPPET_RELEVANT b'497482'
ACTION DOC 10000 3545 EXAMINING_DOCUMENT b'497482'
ACTION SNIPPET 10000 3548 SNIPPET_RELEVANT b'1204309'
ACTION DOC 10000 3568 EXAMINING_DOCUMENT b'1204309'
ACTION MARK 10000 3571 CONSIDERED_RELEVANT b'1204309'
ACTION SNIPPET 10000 3574 SEEN_PREVIOUSLY b'952801'
ACTION QUERY 10000 3584 black bear attacks conroys
ACTION SERP 10000 3589 EXAMINE_SERP
ACTION SNIPPET 10000 3592 SEEN_PREVIOUSLY b'1204309'
ACTION SNIPPET 10000 3595 SNIPPET_RELEVANT b'1135412'
ACTION DOC 10000 3615 EXAMINING_DOCUMENT b'1135412'
ACTION SNIPPET 10000 3618 SNIPPET_NOT_RELEVANT b'1652832'
ACTION SNIPPET 10000 3621 SNIPPET_RELEVANT b'1184849'
ACTION DOC 10000 3641 EXAMINING_DOCUMENT b'1184849'
ACTION SNIPPET 10000 3644 SNIPPET_NOT_RELEVANT b'1450876'
ACTION SNIPPET 10000 3647 SNIPPET_NOT_RELEVANT b'1579068'
ACTION SNIPPET 10000 3650 SNIPPET_NOT_RELEVANT b'106033'
ACTION SNIPPET 10000 3653 SNIPPET_RELEVANT b'1820951'
ACTION DOC 10000 3673 EXAMINING_DOCUMENT b'1820951'
ACTION SNIPPET 10000 3676 SNIPPET_RELEVANT b'1653631'
ACTION DOC 10000 3696 EXAMINING_DOCUMENT b'1653631'
ACTION SNIPPET 10000 3699 SNIPPET_NOT_RELEVANT b'1491846'
ACTION QUERY 10000 3709 black bear attacks comeback
ACTION SERP 10000 3714 EXAMINE_SERP
ACTION SNIPPET 10000 3717 SEEN_PREVIOUSLY b'780876'
ACTION SNIPPET 10000 3720 SEEN_PREVIOUSLY b'1205254'
ACTION SNIPPET 10000 3723 SEEN_PREVIOUSLY b'1205987'
ACTION SNIPPET 10000 3726 SEEN_PREVIOUSLY b'1541670'
ACTION SNIPPET 10000 3729 SNIPPET_NOT_RELEVANT b'116492'
ACTION SNIPPET 10000 3732 SEEN_PREVIOUSLY b'634674'
ACTION SNIPPET 10000 3735 SEEN_PREVIOUSLY b'1707062'
ACTION SNIPPET 10000 3738 SEEN_PREVIOUSLY b'1440589'
ACTION SNIPPET 10000 3741 SEEN_PREVIOUSLY b'1319228'
ACTION SNIPPET 10000 3744 SEEN_PREVIOUSLY b'1209591'
ACTION QUERY 10000 3754 black bear attacks kimono
ACTION SERP 10000 3759 EXAMINE_SERP
ACTION SNIPPET 10000 3762 SNIPPET_NOT_RELEVANT b'74856'
ACTION SNIPPET 10000 3765 SNIPPET_NOT_RELEVANT b'866394'
ACTION SNIPPET 10000 3768 SNIPPET_NOT_RELEVANT b'854638'
ACTION SNIPPET 10000 3771 SNIPPET_NOT_RELEVANT b'1382009'
ACTION SNIPPET 10000 3774 SEEN_PREVIOUSLY b'1625519'
ACTION SNIPPET 10000 3777 SNIPPET_NOT_RELEVANT b'352745'
ACTION SNIPPET 10000 3780 SNIPPET_NOT_RELEVANT b'903104'
ACTION SNIPPET 10000 3783 SNIPPET_RELEVANT b'911268'
ACTION DOC 10000 3803 EXAMINING_DOCUMENT b'911268'
ACTION SNIPPET 10000 3806 SNIPPET_NOT_RELEVANT b'197534'
ACTION SNIPPET 10000 3809 SNIPPET_NOT_RELEVANT b'1724562'
ACTION QUERY 10000 3819 black bear attacks drought
ACTION SERP 10000 3824 EXAMINE_SERP
ACTION SNIPPET 10000 3827 SNIPPET_NOT_RELEVANT b'1129503'
ACTION SNIPPET 10000 3830 SEEN_PREVIOUSLY b'1424096'
ACTION SNIPPET 10000 3833 SNIPPET_RELEVANT b'788256'
ACTION DOC 10000 3853 EXAMINING_DOCUMENT b'788256'
ACTION SNIPPET 10000 3856 SEEN_PREVIOUSLY b'1417346'
ACTION SNIPPET 10000 3859 SEEN_PREVIOUSLY b'1678327'
ACTION SNIPPET 10000 3862 SEEN_PREVIOUSLY b'634674'
ACTION SNIPPET 10000 3865 SEEN_PREVIOUSLY b'1707062'
ACTION SNIPPET 10000 3868 SNIPPET_NOT_RELEVANT b'1132904'
ACTION SNIPPET 10000 3871 SEEN_PREVIOUSLY b'1171663'
ACTION SNIPPET 10000 3874 SNIPPET_RELEVANT b'1395109'
ACTION DOC 10000 3894 EXAMINING_DOCUMENT b'1395109'
ACTION QUERY 10000 3904 black bear attacks recorded
ACTION SERP 10000 3909 EXAMINE_SERP
ACTION SNIPPET 10000 3912 SEEN_PREVIOUSLY b'634674'
ACTION SNIPPET 10000 3915 SEEN_PREVIOUSLY b'1417508'
ACTION SNIPPET 10000 3918 SEEN_PREVIOUSLY b'1625519'
ACTION SNIPPET 10000 3921 SEEN_PREVIOUSLY b'1707062'
ACTION SNIPPET 10000 3924 SNIPPET_NOT_RELEVANT b'1368283'
ACTION SNIPPET 10000 3927 SEEN_PREVIOUSLY b'966180'
ACTION SNIPPET 10000 3930 SEEN_PREVIOUSLY b'1319681'
ACTION SNIPPET 10000 3933 SEEN_PREVIOUSLY b'1440589'
ACTION SNIPPET 10000 3936 SEEN_PREVIOUSLY b'780876'
ACTION SNIPPET 10000 3939 SEEN_PREVIOUSLY b'1319228'
ACTION QUERY 10000 3949 black bear attacks il
ACTION SERP 10000 3954 EXAMINE_SERP
ACTION SNIPPET 10000 3957 SEEN_PREVIOUSLY b'634674'
ACTION SNIPPET 10000 3960 SNIPPET_RELEVANT b'1093943'
ACTION DOC 10000 3980 EXAMINING_DOCUMENT b'1093943'
ACTION SNIPPET 10000 3983 SEEN_PREVIOUSLY b'1707062'
ACTION SNIPPET 10000 3986 SNIPPET_NOT_RELEVANT b'1134447'
ACTION SNIPPET 10000 3989 SNIPPET_NOT_RELEVANT b'1596257'
ACTION SNIPPET 10000 3992 SEEN_PREVIOUSLY b'1440589'
ACTION SNIPPET 10000 3995 SEEN_PREVIOUSLY b'780876'
ACTION SNIPPET 10000 3998 SNIPPET_NOT_RELEVANT b'1649689'
ACTION SNIPPET 10000 4001 SNIPPET_NOT_RELEVANT b'698720'
ACTION SNIPPET 10000 4004 SNIPPET_NOT_RELEVANT b'698873'
ACTION QUERY 10000 4014 black bear attacks japanese
ACTION SERP 10000 4019 EXAMINE_SERP
ACTION SNIPPET 10000 4022 SEEN_PREVIOUSLY b'1625519'
ACTION SNIPPET 10000 4025 SNIPPET_NOT_RELEVANT b'878920'
ACTION SNIPPET 10000 4028 SEEN_PREVIOUSLY b'634674'
ACTION SNIPPET 10000 4031 SNIPPET_NOT_RELEVANT b'1626391'
ACTION SNIPPET 10000 4034 SEEN_PREVIOUSLY b'1707062'
ACTION SNIPPET 10000 4037 SEEN_PREVIOUSLY b'1440589'
ACTION SNIPPET 10000 4040 SNIPPET_RELEVANT b'1575161'
ACTION DOC 10000 4060 EXAMINING_DOCUMENT b'1575161'
ACTION SNIPPET 10000 4063 SNIPPET_RELEVANT b'596573'
ACTION DOC 10000 4083 EXAMINING_DOCUMENT b'596573'
ACTION SNIPPET 10000 4086 SNIPPET_NOT_RELEVANT b'474012'
ACTION SNIPPET 10000 4089 SNIPPET_NOT_RELEVANT b'592670'
ACTION QUERY 10000 4099 black bear attacks trying
ACTION SERP 10000 4104 EXAMINE_SERP
ACTION SNIPPET 10000 4107 SEEN_PREVIOUSLY b'1754536'
ACTION SNIPPET 10000 4110 SEEN_PREVIOUSLY b'634674'
ACTION SNIPPET 10000 4113 SEEN_PREVIOUSLY b'52133'
ACTION SNIPPET 10000 4116 SEEN_PREVIOUSLY b'1541943'
ACTION SNIPPET 10000 4119 SEEN_PREVIOUSLY b'1707062'
ACTION SNIPPET 10000 4122 SNIPPET_NOT_RELEVANT b'1418708'
ACTION SNIPPET 10000 4125 SEEN_PREVIOUSLY b'1850183'
ACTION SNIPPET 10000 4128 SNIPPET_RELEVANT b'1511708'
ACTION DOC 10000 4148 EXAMINING_DOCUMENT b'1511708'
ACTION SNIPPET 10000 4151 SNIPPET_NOT_RELEVANT b'772939'
ACTION SNIPPET 10000 4154 SNIPPET_NOT_RELEVANT b'955982'
ACTION QUERY 10000 4164 black bear attacks hunted
ACTION SERP 10000 4169 EXAMINE_SERP
ACTION SNIPPET 10000 4172 SEEN_PREVIOUSLY b'634674'
ACTION SNIPPET 10000 4175 SEEN_PREVIOUSLY b'1209591'
ACTION SNIPPET 10000 4178 SEEN_PREVIOUSLY b'1230221'
ACTION SNIPPET 10000 4181 SEEN_PREVIOUSLY b'1417508'
ACTION SNIPPET 10000 4184 SEEN_PREVIOUSLY b'1205254'
ACTION SNIPPET 10000 4187 SNIPPET_RELEVANT b'1629286'
ACTION DOC 10000 4207 EXAMINING_DOCUMENT b'1629286'
ACTION MARK 10000 4210 CONSIDERED_RELEVANT b'1629286'
ACTION SNIPPET 10000 4213 SEEN_PREVIOUSLY b'1541943'
ACTION SNIPPET 10000 4216 SEEN_PREVIOUSLY b'652450'
ACTION SNIPPET 10000 4219 SEEN_PREVIOUSLY b'1541670'
ACTION SNIPPET 10000 4222 SEEN_PREVIOUSLY b'1186175'
ACTION QUERY 10000 4232 black bear attacks restocking
ACTION SERP 10000 4237 EXAMINE_SERP
ACTION SNIPPET 10000 4240 SEEN_PREVIOUSLY b'634674'
ACTION SNIPPET 10000 4243 SNIPPET_RELEVANT b'1083502'
ACTION DOC 10000 4263 EXAMINING_DOCUMENT b'1083502'
ACTION SNIPPET 10000 4266 SNIPPET_NOT_RELEVANT b'95092'
ACTION SNIPPET 10000 4269 SEEN_PREVIOUSLY b'1707062'
ACTION SNIPPET 10000 4272 SNIPPET_NOT_RELEVANT b'1413420'
ACTION SNIPPET 10000 4275 SNIPPET_NOT_RELEVANT b'1679833'
ACTION SNIPPET 10000 4278 SEEN_PREVIOUSLY b'1440589'
ACTION SNIPPET 10000 4281 SEEN_PREVIOUSLY b'780876'
ACTION SNIPPET 10000 4284 SEEN_PREVIOUSLY b'1319228'
ACTION SNIPPET 10000 4287 SEEN_PREVIOUSLY b'1209591'
ACTION QUERY 10000 4297 black bear attacks danny
ACTION SERP 10000 4302 EXAMINE_SERP
ACTION SNIPPET 10000 4305 SNIPPET_NOT_RELEVANT b'472306'
ACTION SNIPPET 10000 4308 SEEN_PREVIOUSLY b'634674'
ACTION SNIPPET 10000 4311 SEEN_PREVIOUSLY b'1707062'
ACTION SNIPPET 10000 4314 SNIPPET_NOT_RELEVANT b'1385312'
ACTION SNIPPET 10000 4317 SNIPPET_NOT_RELEVANT b'1387197'
ACTION SNIPPET 10000 4320 SEEN_PREVIOUSLY b'1440589'
ACTION SNIPPET 10000 4323 SEEN_PREVIOUSLY b'780876'
ACTION SNIPPET 10000 4326 SNIPPET_NOT_RELEVANT b'1416241'
ACTION SNIPPET 10000 4329 SNIPPET_NOT_RELEVANT b'1052558'
ACTION SNIPPET 10000 4332 SEEN_PREVIOUSLY b'1319228'
ACTION QUERY 10000 4342 black bear attacks nc
ACTION SERP 10000 4347 EXAMINE_SERP
ACTION SNIPPET 10000 4350 SNIPPET_NOT_RELEVANT b'389199'
ACTION SNIPPET 10000 4353 SNIPPET_NOT_RELEVANT b'390858'
ACTION SNIPPET 10000 4356 SNIPPET_NOT_RELEVANT b'390859'
ACTION SNIPPET 10000 4359 SNIPPET_NOT_RELEVANT b'1266663'
ACTION SNIPPET 10000 4362 SNIPPET_NOT_RELEVANT b'1369916'
ACTION SNIPPET 10000 4365 SNIPPET_NOT_RELEVANT b'1528883'
ACTION SNIPPET 10000 4368 SNIPPET_NOT_RELEVANT b'1218358'
ACTION SNIPPET 10000 4371 SEEN_PREVIOUSLY b'634674'
ACTION SNIPPET 10000 4374 SNIPPET_RELEVANT b'1126524'
ACTION DOC 10000 4394 EXAMINING_DOCUMENT b'1126524'
ACTION SNIPPET 10000 4397 SNIPPET_NOT_RELEVANT b'710537'
ACTION QUERY 10000 4407 black bear attacks remorse
ACTION SERP 10000 4412 EXAMINE_SERP
ACTION SNIPPET 10000 4415 SEEN_PREVIOUSLY b'1673457'
ACTION SNIPPET 10000 4418 SNIPPET_RELEVANT b'1224691'
ACTION DOC 10000 4438 EXAMINING_DOCUMENT b'1224691'
ACTION SNIPPET 10000 4441 SNIPPET_NOT_RELEVANT b'401135'
ACTION SNIPPET 10000 4444 SNIPPET_RELEVANT b'340541'
ACTION DOC 10000 4464 EXAMINING_DOCUMENT b'340541'
ACTION SNIPPET 10000 4467 SEEN_PREVIOUSLY b'634674'
ACTION SNIPPET 10000 4470 SNIPPET_NOT_RELEVANT b'280940'
ACTION SNIPPET 10000 4473 SNIPPET_NOT_RELEVANT b'400675'
ACTION SNIPPET 10000 4476 SNIPPET_RELEVANT b'1111082'
ACTION DOC 10000 4496 EXAMINING_DOCUMENT b'1111082'
ACTION SNIPPET 10000 4499 SNIPPET_RELEVANT b'625783'
ACTION DOC 10000 4519 EXAMINING_DOCUMENT b'625783'
ACTION SNIPPET 10000 4522 SEEN_PREVIOUSLY b'1707062'
ACTION QUERY 10000 4532 black bear attacks walked
ACTION SERP 10000 4537 EXAMINE_SERP
ACTION SNIPPET 10000 4540 SEEN_PREVIOUSLY b'1625519'
ACTION SNIPPET 10000 4543 SEEN_PREVIOUSLY b'1204309'
ACTION SNIPPET 10000 4546 SEEN_PREVIOUSLY b'634674'
ACTION SNIPPET 10000 4549 SNIPPET_NOT_RELEVANT b'772939'
ACTION SNIPPET 10000 4552 SEEN_PREVIOUSLY b'1319681'
ACTION SNIPPET 10000 4555 SEEN_PREVIOUSLY b'1707062'
ACTION SNIPPET 10000 4558 SEEN_PREVIOUSLY b'1214355'
ACTION SNIPPET 10000 4561 SNIPPET_NOT_RELEVANT b'1078863'
ACTION SNIPPET 10000 4564 SEEN_PREVIOUSLY b'1440589'
ACTION SNIPPET 10000 4567 SEEN_PREVIOUSLY b'780876'
ACTION QUERY 10000 4577 black bear attacks homes
ACTION SERP 10000 4582 EXAMINE_SERP
ACTION SNIPPET 10000 4585 SEEN_PREVIOUSLY b'1440589'
ACTION SNIPPET 10000 4588 SEEN_PREVIOUSLY b'1319228'
ACTION SNIPPET 10000 4591 SEEN_PREVIOUSLY b'1417508'
ACTION SNIPPET 10000 4594 SEEN_PREVIOUSLY b'634674'
ACTION SNIPPET 10000 4597 SEEN_PREVIOUSLY b'1319681'
ACTION SNIPPET 10000 4600 SEEN_PREVIOUSLY b'1707062'
ACTION SNIPPET 10000 4603 SEEN_PREVIOUSLY b'794195'
ACTION SNIPPET 10000 4606 SEEN_PREVIOUSLY b'794213'
ACTION SNIPPET 10000 4609 SEEN_PREVIOUSLY b'1541943'
ACTION SNIPPET 10000 4612 SEEN_PREVIOUSLY b'1625519'
ACTION QUERY 10000 4622 black bear attacks prefecture
ACTION SERP 10000 4627 EXAMINE_SERP
ACTION SNIPPET 10000 4630 SEEN_PREVIOUSLY b'1625519'
ACTION SNIPPET 10000 4633 SEEN_PREVIOUSLY b'1621813'
ACTION SNIPPET 10000 4636 SEEN_PREVIOUSLY b'29729'
ACTION SNIPPET 10000 4639 SEEN_PREVIOUSLY b'634674'
ACTION SNIPPET 10000 4642 SNIPPET_NOT_RELEVANT b'758112'
ACTION SNIPPET 10000 4645 SEEN_PREVIOUSLY b'1707062'
ACTION SNIPPET 10000 4648 SEEN_PREVIOUSLY b'51223'
ACTION SNIPPET 10000 4651 SNIPPET_NOT_RELEVANT b'940479'
ACTION SNIPPET 10000 4654 SEEN_PREVIOUSLY b'1287848'
ACTION SNIPPET 10000 4657 SNIPPET_NOT_RELEVANT b'1470821'
ACTION QUERY 10000 4667 black bear attacks signal
ACTION SERP 10000 4672 EXAMINE_SERP
ACTION SNIPPET 10000 4675 SEEN_PREVIOUSLY b'1319681'
ACTION SNIPPET 10000 4678 SEEN_PREVIOUSLY b'634674'
ACTION SNIPPET 10000 4681 SEEN_PREVIOUSLY b'1707062'
ACTION SNIPPET 10000 4684 SEEN_PREVIOUSLY b'1440589'
ACTION SNIPPET 10000 4687 SNIPPET_NOT_RELEVANT b'704439'
ACTION SNIPPET 10000 4690 SEEN_PREVIOUSLY b'780876'
ACTION SNIPPET 10000 4693 SEEN_PREVIOUSLY b'1399077'
ACTION SNIPPET 10000 4696 SNIPPET_NOT_RELEVANT b'1608731'
ACTION SNIPPET 10000 4699 SEEN_PREVIOUSLY b'1319228'
ACTION SNIPPET 10000 4702 SEEN_PREVIOUSLY b'1209591'
ACTION QUERY 10000 4712 black bear attacks pennsylvania
ACTION SERP 10000 4717 EXAMINE_SERP
ACTION SNIPPET 10000 4720 SEEN_PREVIOUSLY b'51450'
ACTION SNIPPET 10000 4723 SEEN_PREVIOUSLY b'1209591'
ACTION SNIPPET 10000 4726 SNIPPET_NOT_RELEVANT b'176757'
ACTION SNIPPET 10000 4729 SEEN_PREVIOUSLY b'634674'
ACTION SNIPPET 10000 4732 SNIPPET_RELEVANT b'1417483'
ACTION DOC 10000 4752 EXAMINING_DOCUMENT b'1417483'
ACTION MARK 10000 4755 CONSIDERED_RELEVANT b'1417483'
ACTION SNIPPET 10000 4758 SNIPPET_NOT_RELEVANT b'948068'
ACTION SNIPPET 10000 4761 SEEN_PREVIOUSLY b'1171663'
ACTION SNIPPET 10000 4764 SEEN_PREVIOUSLY b'1707062'
ACTION SNIPPET 10000 4767 SNIPPET_RELEVANT b'592670'
ACTION DOC 10000 4787 EXAMINING_DOCUMENT b'592670'
ACTION SNIPPET 10000 4790 SEEN_PREVIOUSLY b'1440589'
ACTION QUERY 10000 4800 black bear attacks white
ACTION SERP 10000 4805 EXAMINE_SERP
ACTION SNIPPET 10000 4808 SEEN_PREVIOUSLY b'666214'
ACTION SNIPPET 10000 4811 SNIPPET_NOT_RELEVANT b'923828'
ACTION SNIPPET 10000 4814 SEEN_PREVIOUSLY b'634674'
ACTION SNIPPET 10000 4817 SEEN_PREVIOUSLY b'1707062'
ACTION SNIPPET 10000 4820 SNIPPET_NOT_RELEVANT b'772939'
ACTION SNIPPET 10000 4823 SNIPPET_RELEVANT b'1662096'
ACTION DOC 10000 4843 EXAMINING_DOCUMENT b'1662096'
ACTION SNIPPET 10000 4846 SEEN_PREVIOUSLY b'1440589'
ACTION SNIPPET 10000 4849 SNIPPET_RELEVANT b'1298723'
ACTION DOC 10000 4869 EXAMINING_DOCUMENT b'1298723'
ACTION SNIPPET 10000 4872 SEEN_PREVIOUSLY b'780876'
ACTION SNIPPET 10000 4875 SNIPPET_NOT_RELEVANT b'271318'
ACTION QUERY 10000 4885 black bear attacks attacking
ACTION SERP 10000 4890 EXAMINE_SERP
ACTION SNIPPET 10000 4893 SEEN_PREVIOUSLY b'634674'
ACTION SNIPPET 10000 4896 SEEN_PREVIOUSLY b'1707062'
ACTION SNIPPET 10000 4899 SEEN_PREVIOUSLY b'1440589'
ACTION SNIPPET 10000 4902 SEEN_PREVIOUSLY b'1754536'
ACTION SNIPPET 10000 4905 SEEN_PREVIOUSLY b'1319228'
ACTION SNIPPET 10000 4908 SEEN_PREVIOUSLY b'1205254'
ACTION SNIPPET 10000 4911 SEEN_PREVIOUSLY b'780876'
ACTION SNIPPET 10000 4914 SNIPPET_NOT_RELEVANT b'772939'
ACTION SNIPPET 10000 4917 SEEN_PREVIOUSLY b'1209591'
ACTION SNIPPET 10000 4920 SEEN_PREVIOUSLY b'1417508'
ACTION QUERY 10000 4930 black bear attacks grizzlies
ACTION SERP 10000 4935 EXAMINE_SERP
ACTION SNIPPET 10000 4938 SEEN_PREVIOUSLY b'1205254'
ACTION SNIPPET 10000 4941 SEEN_PREVIOUSLY b'52133'
ACTION SNIPPET 10000 4944 SEEN_PREVIOUSLY b'1707062'
ACTION SNIPPET 10000 4947 SEEN_PREVIOUSLY b'869631'
ACTION SNIPPET 10000 4950 SNIPPET_RELEVANT b'1078863'
ACTION DOC 10000 4970 EXAMINING_DOCUMENT b'1078863'
ACTION SNIPPET 10000 4973 SEEN_PREVIOUSLY b'952801'
ACTION SNIPPET 10000 4976 SNIPPET_RELEVANT b'1203456'
ACTION DOC 10000 4996 EXAMINING_DOCUMENT b'1203456'
ACTION MARK 10000 4999 CONSIDERED_RELEVANT b'1203456'
ACTION SNIPPET 10000 5002 SNIPPET_RELEVANT b'1039895'
ACTION DOC 10000 5022 EXAMINING_DOCUMENT b'1039895'
ACTION MARK 10000 5025 CONSIDERED_RELEVANT b'1039895'
ACTION SNIPPET 10000 5028 SNIPPET_NOT_RELEVANT b'1694106'
ACTION SNIPPET 10000 5031 SNIPPET_RELEVANT b'772939'
ACTION DOC 10000 5051 EXAMINING_DOCUMENT b'772939'
ACTION QUERY 10000 5061 black bear attacks work
ACTION SERP 10000 5066 EXAMINE_SERP
ACTION SNIPPET 10000 5069 SEEN_PREVIOUSLY b'1707062'
ACTION SNIPPET 10000 5072 SEEN_PREVIOUSLY b'634674'
ACTION SNIPPET 10000 5075 SEEN_PREVIOUSLY b'1440589'
ACTION SNIPPET 10000 5078 SEEN_PREVIOUSLY b'780876'
ACTION SNIPPET 10000 5081 SEEN_PREVIOUSLY b'1319228'
ACTION SNIPPET 10000 5084 SEEN_PREVIOUSLY b'1209591'
ACTION SNIPPET 10000 5087 SEEN_PREVIOUSLY b'1754536'
ACTION SNIPPET 10000 5090 SEEN_PREVIOUSLY b'1417508'
ACTION SNIPPET 10000 5093 SEEN_PREVIOUSLY b'1625519'
ACTION SNIPPET 10000 5096 SEEN_PREVIOUSLY b'869631'
ACTION QUERY 10000 5106 black bear attacks best
ACTION SERP 10000 5111 EXAMINE_SERP
ACTION SNIPPET 10000 5114 SEEN_PREVIOUSLY b'1707062'
ACTION SNIPPET 10000 5117 SEEN_PREVIOUSLY b'634674'
ACTION SNIPPET 10000 5120 SEEN_PREVIOUSLY b'1541670'
ACTION SNIPPET 10000 5123 SEEN_PREVIOUSLY b'1440589'
ACTION SNIPPET 10000 5126 SEEN_PREVIOUSLY b'1319681'
ACTION SNIPPET 10000 5129 SEEN_PREVIOUSLY b'780876'
ACTION SNIPPET 10000 5132 SEEN_PREVIOUSLY b'1319228'
ACTION SNIPPET 10000 5135 SEEN_PREVIOUSLY b'1209591'
ACTION SNIPPET 10000 5138 SEEN_PREVIOUSLY b'1754536'
ACTION SNIPPET 10000 5141 SEEN_PREVIOUSLY b'1417508'
ACTION QUERY 10000 5151 black bear attacks ideal
ACTION SERP 10000 5156 EXAMINE_SERP
ACTION SNIPPET 10000 5159 SEEN_PREVIOUSLY b'1541670'
ACTION SNIPPET 10000 5162 SEEN_PREVIOUSLY b'1678327'
ACTION SNIPPET 10000 5165 SEEN_PREVIOUSLY b'634674'
ACTION SNIPPET 10000 5168 SEEN_PREVIOUSLY b'1697947'
ACTION SNIPPET 10000 5171 SEEN_PREVIOUSLY b'1707062'
ACTION SNIPPET 10000 5174 SEEN_PREVIOUSLY b'1399077'
ACTION SNIPPET 10000 5177 SEEN_PREVIOUSLY b'1440589'
ACTION SNIPPET 10000 5180 SEEN_PREVIOUSLY b'780876'
ACTION SNIPPET 10000 5183 SNIPPET_NOT_RELEVANT b'276580'
ACTION SNIPPET 10000 5186 SEEN_PREVIOUSLY b'1319228'
ACTION QUERY 10000 5196 black bear attacks played
ACTION SERP 10000 5201 EXAMINE_SERP
ACTION SNIPPET 10000 5204 SEEN_PREVIOUSLY b'1707062'
ACTION SNIPPET 10000 5207 SEEN_PREVIOUSLY b'1754536'
ACTION SNIPPET 10000 5210 SEEN_PREVIOUSLY b'634674'
ACTION SNIPPET 10000 5213 SEEN_PREVIOUSLY b'869631'
ACTION SNIPPET 10000 5216 SEEN_PREVIOUSLY b'1625519'
ACTION SNIPPET 10000 5219 SNIPPET_NOT_RELEVANT b'1418708'
ACTION SNIPPET 10000 5222 SEEN_PREVIOUSLY b'1440589'
ACTION SNIPPET 10000 5225 SEEN_PREVIOUSLY b'780876'
ACTION SNIPPET 10000 5228 SEEN_PREVIOUSLY b'966180'
ACTION SNIPPET 10000 5231 SEEN_PREVIOUSLY b'1319228'
ACTION QUERY 10000 5241 black bear attacks law
ACTION SERP 10000 5246 EXAMINE_SERP
ACTION SNIPPET 10000 5249 SEEN_PREVIOUSLY b'1440589'
ACTION SNIPPET 10000 5252 SEEN_PREVIOUSLY b'634674'
ACTION SNIPPET 10000 5255 SEEN_PREVIOUSLY b'1707062'
ACTION SNIPPET 10000 5258 SEEN_PREVIOUSLY b'1541670'
ACTION SNIPPET 10000 5261 SNIPPET_NOT_RELEVANT b'1368283'
ACTION SNIPPET 10000 5264 SEEN_PREVIOUSLY b'780876'
ACTION SNIPPET 10000 5267 SEEN_PREVIOUSLY b'1319228'
ACTION SNIPPET 10000 5270 SEEN_PREVIOUSLY b'1209591'
ACTION SNIPPET 10000 5273 SEEN_PREVIOUSLY b'1754536'
ACTION SNIPPET 10000 5276 SEEN_PREVIOUSLY b'1417508'
ACTION QUERY 10000 5286 black bear attacks federal
ACTION SERP 10000 5291 EXAMINE_SERP
ACTION SNIPPET 10000 5294 SEEN_PREVIOUSLY b'1707062'
ACTION SNIPPET 10000 5297 SNIPPET_NOT_RELEVANT b'1368283'
ACTION SNIPPET 10000 5300 SEEN_PREVIOUSLY b'634674'
ACTION SNIPPET 10000 5303 SEEN_PREVIOUSLY b'1440589'
ACTION SNIPPET 10000 5306 SEEN_PREVIOUSLY b'780876'
ACTION SNIPPET 10000 5309 SEEN_PREVIOUSLY b'1319228'
ACTION SNIPPET 10000 5312 SEEN_PREVIOUSLY b'1209591'
ACTION SNIPPET 10000 5315 SEEN_PREVIOUSLY b'952801'
ACTION SNIPPET 10000 5318 SEEN_PREVIOUSLY b'1754536'
ACTION SNIPPET 10000 5321 SEEN_PREVIOUSLY b'1417508'
ACTION QUERY 10000 5331 black bear attacks appointed
ACTION SERP 10000 5336 EXAMINE_SERP
ACTION SNIPPET 10000 5339 SNIPPET_NOT_RELEVANT b'1368283'
ACTION SNIPPET 10000 5342 SEEN_PREVIOUSLY b'634674'
ACTION SNIPPET 10000 5345 SEEN_PREVIOUSLY b'1707062'
ACTION SNIPPET 10000 5348 SNIPPET_RELEVANT b'1723045'
ACTION DOC 10000 5368 EXAMINING_DOCUMENT b'1723045'
ACTION SNIPPET 10000 5371 SEEN_PREVIOUSLY b'1440589'
ACTION SNIPPET 10000 5374 SEEN_PREVIOUSLY b'780876'
ACTION SNIPPET 10000 5377 SEEN_PREVIOUSLY b'1319228'
ACTION SNIPPET 10000 5380 SEEN_PREVIOUSLY b'1209591'
ACTION SNIPPET 10000 5383 SEEN_PREVIOUSLY b'1754536'
ACTION SNIPPET 10000 5386 SEEN_PREVIOUSLY b'1399077'
ACTION QUERY 10000 5396 black bear attacks nuts
ACTION SERP 10000 5401 EXAMINE_SERP
ACTION SNIPPET 10000 5404 SEEN_PREVIOUSLY b'1625519'
ACTION SNIPPET 10000 5407 SNIPPET_RELEVANT b'93088'
ACTION DOC 10000 5427 EXAMINING_DOCUMENT b'93088'
ACTION SNIPPET 10000 5430 SNIPPET_RELEVANT b'1256718'
ACTION DOC 10000 5450 EXAMINING_DOCUMENT b'1256718'
ACTION SNIPPET 10000 5453 SEEN_PREVIOUSLY b'1678327'
ACTION SNIPPET 10000 5456 SNIPPET_NOT_RELEVANT b'388259'
ACTION SNIPPET 10000 5459 SEEN_PREVIOUSLY b'966180'
ACTION SNIPPET 10000 5462 SNIPPET_NOT_RELEVANT b'416746'
ACTION SNIPPET 10000 5465 SNIPPET_RELEVANT b'416748'
ACTION DOC 10000 5485 EXAMINING_DOCUMENT b'416748'
ACTION SNIPPET 10000 5488 SNIPPET_RELEVANT b'416751'
ACTION DOC 10000 5508 EXAMINING_DOCUMENT b'416751'
ACTION SNIPPET 10000 5511 SNIPPET_NOT_RELEVANT b'416752'
ACTION QUERY 10000 5521 black bear attacks dann
ACTION SERP 10000 5526 EXAMINE_SERP
ACTION SNIPPET 10000 5529 SNIPPET_RELEVANT b'147696'
ACTION DOC 10000 5549 EXAMINING_DOCUMENT b'147696'
ACTION SNIPPET 10000 5552 SNIPPET_RELEVANT b'1848125'
ACTION DOC 10000 5572 EXAMINING_DOCUMENT b'1848125'
ACTION SNIPPET 10000 5575 SNIPPET_RELEVANT b'299615'
ACTION DOC 10000 5595 EXAMINING_DOCUMENT b'299615'
ACTION SNIPPET 10000 5598 SNIPPET_RELEVANT b'147111'
ACTION DOC 10000 5618 EXAMINING_DOCUMENT b'147111'
ACTION SNIPPET 10000 5621 SNIPPET_RELEVANT b'366352'
ACTION DOC 10000 5641 EXAMINING_DOCUMENT b'366352'
ACTION SNIPPET 10000 5644 SNIPPET_RELEVANT b'267631'
ACTION DOC 10000 5664 EXAMINING_DOCUMENT b'267631'
ACTION SNIPPET 10000 5667 SNIPPET_NOT_RELEVANT b'147541'
ACTION SNIPPET 10000 5670 SNIPPET_NOT_RELEVANT b'1453829'
ACTION SNIPPET 10000 5673 SNIPPET_RELEVANT b'361875'
ACTION DOC 10000 5693 EXAMINING_DOCUMENT b'361875'
ACTION SNIPPET 10000 5696 SNIPPET_RELEVANT b'480265'
ACTION DOC 10000 5716 EXAMINING_DOCUMENT b'480265'
ACTION QUERY 10000 5726 black bear attacks ct
ACTION SERP 10000 5731 EXAMINE_SERP
ACTION SNIPPET 10000 5734 SEEN_PREVIOUSLY b'1850183'
ACTION SNIPPET 10000 5737 SNIPPET_NOT_RELEVANT b'1715660'
ACTION SNIPPET 10000 5740 SEEN_PREVIOUSLY b'1716294'
ACTION SNIPPET 10000 5743 SEEN_PREVIOUSLY b'634674'
ACTION SNIPPET 10000 5746 SEEN_PREVIOUSLY b'1707062'
ACTION SNIPPET 10000 5749 SNIPPET_RELEVANT b'1640164'
ACTION DOC 10000 5769 EXAMINING_DOCUMENT b'1640164'
ACTION SNIPPET 10000 5772 SEEN_PREVIOUSLY b'1440589'
ACTION SNIPPET 10000 5775 SNIPPET_RELEVANT b'559041'
ACTION DOC 10000 5795 EXAMINING_DOCUMENT b'559041'
ACTION SNIPPET 10000 5798 SEEN_PREVIOUSLY b'780876'
ACTION SNIPPET 10000 5801 SNIPPET_NOT_RELEVANT b'1831149'
ACTION QUERY 10000 5811 black bear attacks warfare
ACTION SERP 10000 5816 EXAMINE_SERP
ACTION SNIPPET 10000 5819 SEEN_PREVIOUSLY b'1673457'
ACTION SNIPPET 10000 5822 SNIPPET_NOT_RELEVANT b'474012'
ACTION SNIPPET 10000 5825 SEEN_PREVIOUSLY b'634674'
ACTION SNIPPET 10000 5828 SEEN_PREVIOUSLY b'1707062'
ACTION SNIPPET 10000 5831 SNIPPET_NOT_RELEVANT b'1415594'
ACTION SNIPPET 10000 5834 SEEN_PREVIOUSLY b'1440589'
ACTION SNIPPET 10000 5837 SEEN_PREVIOUSLY b'780876'
ACTION SNIPPET 10000 5840 SNIPPET_NOT_RELEVANT b'71437'
ACTION SNIPPET 10000 5843 SNIPPET_RELEVANT b'70562'
ACTION DOC 10000 5863 EXAMINING_DOCUMENT b'70562'
ACTION SNIPPET 10000 5866 SNIPPET_RELEVANT b'162110'
ACTION DOC 10000 5886 EXAMINING_DOCUMENT b'162110'
ACTION QUERY 10000 5896 black bear attacks died
ACTION SERP 10000 5901 EXAMINE_SERP
ACTION SNIPPET 10000 5904 SNIPPET_NOT_RELEVANT b'1368283'
ACTION SNIPPET 10000 5907 SEEN_PREVIOUSLY b'1417508'
ACTION SNIPPET 10000 5910 SEEN_PREVIOUSLY b'634674'
ACTION SNIPPET 10000 5913 SEEN_PREVIOUSLY b'51450'
ACTION SNIPPET 10000 5916 SEEN_PREVIOUSLY b'1078863'
ACTION SNIPPET 10000 5919 SEEN_PREVIOUSLY b'1707062'
ACTION SNIPPET 10000 5922 SNIPPET_RELEVANT b'150548'
ACTION DOC 10000 5942 EXAMINING_DOCUMENT b'150548'
ACTION SNIPPET 10000 5945 SEEN_PREVIOUSLY b'1440589'
ACTION SNIPPET 10000 5948 SEEN_PREVIOUSLY b'780876'
ACTION SNIPPET 10000 5951 SEEN_PREVIOUSLY b'1319228'
ACTION QUERY 10000 5961 black bear attacks predator
ACTION SERP 10000 5966 EXAMINE_SERP
ACTION SNIPPET 10000 5969 SEEN_PREVIOUSLY b'1171663'
ACTION SNIPPET 10000 5972 SNIPPET_NOT_RELEVANT b'1142388'
ACTION SNIPPET 10000 5975 SEEN_PREVIOUSLY b'1319681'
ACTION SNIPPET 10000 5978 SEEN_PREVIOUSLY b'794195'
ACTION SNIPPET 10000 5981 SEEN_PREVIOUSLY b'794213'
ACTION SNIPPET 10000 5984 SNIPPET_RELEVANT b'451587'
ACTION DOC 10000 6004 EXAMINING_DOCUMENT b'451587'
ACTION SNIPPET 10000 6007 SNIPPET_RELEVANT b'1378469'
ACTION DOC 10000 6027 EXAMINING_DOCUMENT b'1378469'
ACTION SNIPPET 10000 6030 SNIPPET_NOT_RELEVANT b'1408546'
ACTION SNIPPET 10000 6033 SNIPPET_RELEVANT b'1849604'
ACTION DOC 10000 6053 EXAMINING_DOCUMENT b'1849604'
ACTION SNIPPET 10000 6056 SEEN_PREVIOUSLY b'952801'
ACTION QUERY 10000 6066 black bear attacks baby
ACTION SERP 10000 6071 EXAMINE_SERP
ACTION SNIPPET 10000 6074 SEEN_PREVIOUSLY b'1417346'
ACTION SNIPPET 10000 6077 SEEN_PREVIOUSLY b'1417508'
ACTION SNIPPET 10000 6080 SEEN_PREVIOUSLY b'1417483'
ACTION SNIPPET 10000 6083 SEEN_PREVIOUSLY b'634674'
ACTION SNIPPET 10000 6086 SNIPPET_NOT_RELEVANT b'1845393'
ACTION SNIPPET 10000 6089 SEEN_PREVIOUSLY b'1707062'
ACTION SNIPPET 10000 6092 SEEN_PREVIOUSLY b'558310'
ACTION SNIPPET 10000 6095 SEEN_PREVIOUSLY b'1440589'
ACTION SNIPPET 10000 6098 SNIPPET_RELEVANT b'1343329'
ACTION DOC 10000 6118 EXAMINING_DOCUMENT b'1343329'
ACTION SNIPPET 10000 6121 SEEN_PREVIOUSLY b'780876'
ACTION QUERY 10000 6131 black bear attacks deer
ACTION SERP 10000 6136 EXAMINE_SERP
ACTION SNIPPET 10000 6139 SNIPPET_NOT_RELEVANT b'1845393'
ACTION SNIPPET 10000 6142 SNIPPET_RELEVANT b'1235031'
ACTION DOC 10000 6162 EXAMINING_DOCUMENT b'1235031'
ACTION MARK 10000 6165 CONSIDERED_RELEVANT b'1235031'
ACTION SNIPPET 10000 6168 SEEN_PREVIOUSLY b'966180'
ACTION SNIPPET 10000 6171 SEEN_PREVIOUSLY b'1171663'
ACTION SNIPPET 10000 6174 SEEN_PREVIOUSLY b'1399077'
ACTION SNIPPET 10000 6177 SEEN_PREVIOUSLY b'1204309'
ACTION SNIPPET 10000 6180 SNIPPET_NOT_RELEVANT b'97826'
ACTION SNIPPET 10000 6183 SEEN_PREVIOUSLY b'1541670'
ACTION SNIPPET 10000 6186 SNIPPET_NOT_RELEVANT b'816465'
ACTION SNIPPET 10000 6189 SNIPPET_NOT_RELEVANT b'1206150'
ACTION QUERY 10000 6199 black bear attacks mansion
ACTION SERP 10000 6204 EXAMINE_SERP
ACTION SNIPPET 10000 6207 SNIPPET_RELEVANT b'569226'
ACTION DOC 10000 6227 EXAMINING_DOCUMENT b'569226'
ACTION SNIPPET 10000 6230 SEEN_PREVIOUSLY b'634674'
ACTION SNIPPET 10000 6233 SNIPPET_NOT_RELEVANT b'1321707'
ACTION SNIPPET 10000 6236 SEEN_PREVIOUSLY b'1707062'
ACTION SNIPPET 10000 6239 SEEN_PREVIOUSLY b'1440589'
ACTION SNIPPET 10000 6242 SEEN_PREVIOUSLY b'780876'
ACTION SNIPPET 10000 6245 SNIPPET_RELEVANT b'644554'
ACTION DOC 10000 6265 EXAMINING_DOCUMENT b'644554'
ACTION SNIPPET 10000 6268 SEEN_PREVIOUSLY b'1319228'
ACTION SNIPPET 10000 6271 SEEN_PREVIOUSLY b'1209591'
ACTION SNIPPET 10000 6274 SEEN_PREVIOUSLY b'1754536'
ACTION QUERY 10000 6284 black bear attacks diet
ACTION SERP 10000 6289 EXAMINE_SERP
ACTION SNIPPET 10000 6292 SNIPPET_NOT_RELEVANT b'948068'
ACTION SNIPPET 10000 6295 SNIPPET_NOT_RELEVANT b'1539972'
ACTION SNIPPET 10000 6298 SEEN_PREVIOUSLY b'1625519'
ACTION SNIPPET 10000 6301 SEEN_PREVIOUSLY b'1678327'
ACTION SNIPPET 10000 6304 SEEN_PREVIOUSLY b'794195'
ACTION SNIPPET 10000 6307 SEEN_PREVIOUSLY b'794213'
ACTION SNIPPET 10000 6310 SEEN_PREVIOUSLY b'634674'
ACTION SNIPPET 10000 6313 SEEN_PREVIOUSLY b'1204309'
ACTION SNIPPET 10000 6316 SNIPPET_RELEVANT b'1031703'
ACTION DOC 10000 6336 EXAMINING_DOCUMENT b'1031703'
ACTION SNIPPET 10000 6339 SNIPPET_RELEVANT b'1504574'
ACTION DOC 10000 6359 EXAMINING_DOCUMENT b'1504574'
ACTION QUERY 10000 6369 black bear attacks injure
ACTION SERP 10000 6374 EXAMINE_SERP
ACTION SNIPPET 10000 6377 SEEN_PREVIOUSLY b'1625519'
ACTION SNIPPET 10000 6380 SEEN_PREVIOUSLY b'1186175'
ACTION SNIPPET 10000 6383 SNIPPET_RELEVANT b'1368283'
ACTION DOC 10000 6403 EXAMINING_DOCUMENT b'1368283'
ACTION SNIPPET 10000 6406 SEEN_PREVIOUSLY b'772939'
ACTION SNIPPET 10000 6409 SEEN_PREVIOUSLY b'1204309'
ACTION SNIPPET 10000 6412 SEEN_PREVIOUSLY b'634674'
ACTION SNIPPET 10000 6415 SNIPPET_NOT_RELEVANT b'1235078'
ACTION SNIPPET 10000 6418 SNIPPET_RELEVANT b'1495680'
ACTION DOC 10000 6438 EXAMINING_DOCUMENT b'1495680'
ACTION SNIPPET 10000 6441 SEEN_PREVIOUSLY b'1707062'
ACTION SNIPPET 10000 6444 SNIPPET_NOT_RELEVANT b'210478'
ACTION QUERY 10000 6454 black bear attacks start
ACTION SERP 10000 6459 EXAMINE_SERP
ACTION SNIPPET 10000 6462 SEEN_PREVIOUSLY b'634674'
ACTION SNIPPET 10000 6465 SEEN_PREVIOUSLY b'1209591'
ACTION SNIPPET 10000 6468 SEEN_PREVIOUSLY b'1707062'
ACTION SNIPPET 10000 6471 SEEN_PREVIOUSLY b'1186175'
ACTION SNIPPET 10000 6474 SEEN_PREVIOUSLY b'1230221'
ACTION SNIPPET 10000 6477 SEEN_PREVIOUSLY b'1440589'
ACTION SNIPPET 10000 6480 SEEN_PREVIOUSLY b'780876'
ACTION SNIPPET 10000 6483 SEEN_PREVIOUSLY b'1319681'
ACTION SNIPPET 10000 6486 SEEN_PREVIOUSLY b'966180'
ACTION SNIPPET 10000 6489 SEEN_PREVIOUSLY b'1319228'
ACTION QUERY 10000 6499 black bear attacks incident
ACTION SERP 10000 6504 EXAMINE_SERP
ACTION SNIPPET 10000 6507 SEEN_PREVIOUSLY b'1440589'
ACTION SNIPPET 10000 6510 SEEN_PREVIOUSLY b'52133'
ACTION SNIPPET 10000 6513 SEEN_PREVIOUSLY b'966180'
ACTION SNIPPET 10000 6516 SEEN_PREVIOUSLY b'772939'
ACTION SNIPPET 10000 6519 SEEN_PREVIOUSLY b'1186175'
ACTION SNIPPET 10000 6522 SEEN_PREVIOUSLY b'1511708'
ACTION SNIPPET 10000 6525 SEEN_PREVIOUSLY b'1678327'
ACTION SNIPPET 10000 6528 SNIPPET_RELEVANT b'278569'
ACTION DOC 10000 6548 EXAMINING_DOCUMENT b'278569'
ACTION SNIPPET 10000 6551 SEEN_PREVIOUSLY b'1368283'
ACTION SNIPPET 10000 6554 SEEN_PREVIOUSLY b'1541670'
ACTION QUERY 10000 6564 black bear attacks dad
ACTION SERP 10000 6569 EXAMINE_SERP
ACTION SNIPPET 10000 6572 SNIPPET_NOT_RELEVANT b'1129107'
ACTION SNIPPET 10000 6575 SEEN_PREVIOUSLY b'634674'
ACTION SNIPPET 10000 6578 SNIPPET_NOT_RELEVANT b'1300431'
ACTION SNIPPET 10000 6581 SNIPPET_NOT_RELEVANT b'359976'
ACTION SNIPPET 10000 6584 SNIPPET_NOT_RELEVANT b'1248325'
ACTION SNIPPET 10000 6587 SEEN_PREVIOUSLY b'1707062'
ACTION SNIPPET 10000 6590 SEEN_PREVIOUSLY b'1440589'
ACTION SNIPPET 10000 6593 SEEN_PREVIOUSLY b'780876'
ACTION SNIPPET 10000 6596 SNIPPET_NOT_RELEVANT b'1773410'
ACTION SNIPPET 10000 6599 SNIPPET_NOT_RELEVANT b'1725886'
ACTION QUERY 10000 6609 black bear attacks canceled
ACTION SERP 10000 6614 EXAMINE_SERP
ACTION SNIPPET 10000 6617 SEEN_PREVIOUSLY b'1230221'
ACTION SNIPPET 10000 6620 SEEN_PREVIOUSLY b'1229011'
ACTION SNIPPET 10000 6623 SNIPPET_RELEVANT b'1631689'
ACTION DOC 10000 6643 EXAMINING_DOCUMENT b'1631689'
ACTION MARK 10000 6646 CONSIDERED_RELEVANT b'1631689'
ACTION SNIPPET 10000 6649 SEEN_PREVIOUSLY b'634674'
ACTION SNIPPET 10000 6652 SNIPPET_NOT_RELEVANT b'1830628'
ACTION SNIPPET 10000 6655 SNIPPET_NOT_RELEVANT b'1470554'
ACTION SNIPPET 10000 6658 SNIPPET_RELEVANT b'1541452'
ACTION DOC 10000 6678 EXAMINING_DOCUMENT b'1541452'
ACTION SNIPPET 10000 6681 SEEN_PREVIOUSLY b'1707062'
ACTION SNIPPET 10000 6684 SEEN_PREVIOUSLY b'1399077'
ACTION SNIPPET 10000 6687 SNIPPET_RELEVANT b'318373'
ACTION DOC 10000 6707 EXAMINING_DOCUMENT b'318373'
ACTION QUERY 10000 6717 black bear attacks passed
ACTION SERP 10000 6722 EXAMINE_SERP
ACTION SNIPPET 10000 6725 SEEN_PREVIOUSLY b'634674'
ACTION SNIPPET 10000 6728 SEEN_PREVIOUSLY b'1707062'
ACTION SNIPPET 10000 6731 SEEN_PREVIOUSLY b'1440589'
ACTION SNIPPET 10000 6734 SEEN_PREVIOUSLY b'780876'
ACTION SNIPPET 10000 6737 SEEN_PREVIOUSLY b'952801'
ACTION SNIPPET 10000 6740 SEEN_PREVIOUSLY b'1229011'
ACTION SNIPPET 10000 6743 SEEN_PREVIOUSLY b'1319228'
ACTION SNIPPET 10000 6746 SEEN_PREVIOUSLY b'1209591'
ACTION SNIPPET 10000 6749 SEEN_PREVIOUSLY b'1754536'
ACTION SNIPPET 10000 6752 SEEN_PREVIOUSLY b'1417508'
ACTION QUERY 10000 6762 black bear attacks 30
ACTION SERP 10000 6767 EXAMINE_SERP
ACTION SNIPPET 10000 6770 SEEN_PREVIOUSLY b'634674'
ACTION SNIPPET 10000 6773 SEEN_PREVIOUSLY b'1209591'
ACTION SNIPPET 10000 6776 SEEN_PREVIOUSLY b'1205254'
ACTION SNIPPET 10000 6779 SEEN_PREVIOUSLY b'1417508'
ACTION SNIPPET 10000 6782 SEEN_PREVIOUSLY b'1707062'
ACTION SNIPPET 10000 6785 SEEN_PREVIOUSLY b'1440589'
ACTION SNIPPET 10000 6788 SEEN_PREVIOUSLY b'772939'
ACTION SNIPPET 10000 6791 SEEN_PREVIOUSLY b'780876'
ACTION SNIPPET 10000 6794 SEEN_PREVIOUSLY b'666214'
ACTION SNIPPET 10000 6797 SEEN_PREVIOUSLY b'966180'
ACTION QUERY 10000 6807 black bear attacks cdc
ACTION SERP 10000 6812 EXAMINE_SERP
ACTION SNIPPET 10000 6815 SNIPPET_NOT_RELEVANT b'1348218'
ACTION SNIPPET 10000 6818 SNIPPET_NOT_RELEVANT b'822538'
ACTION SNIPPET 10000 6821 SNIPPET_NOT_RELEVANT b'1063010'
ACTION SNIPPET 10000 6824 SNIPPET_NOT_RELEVANT b'398603'
ACTION SNIPPET 10000 6827 SNIPPET_RELEVANT b'154960'
ACTION DOC 10000 6847 EXAMINING_DOCUMENT b'154960'
ACTION SNIPPET 10000 6850 SNIPPET_RELEVANT b'1004668'
ACTION DOC 10000 6870 EXAMINING_DOCUMENT b'1004668'
ACTION SNIPPET 10000 6873 SNIPPET_RELEVANT b'38271'
ACTION DOC 10000 6893 EXAMINING_DOCUMENT b'38271'
ACTION SNIPPET 10000 6896 SNIPPET_RELEVANT b'137622'
ACTION DOC 10000 6916 EXAMINING_DOCUMENT b'137622'
ACTION SNIPPET 10000 6919 SNIPPET_NOT_RELEVANT b'1777119'
ACTION SNIPPET 10000 6922 SNIPPET_NOT_RELEVANT b'445007'
ACTION QUERY 10000 6932 black bear attacks road
ACTION SERP 10000 6937 EXAMINE_SERP
ACTION SNIPPET 10000 6940 SEEN_PREVIOUSLY b'794195'
ACTION SNIPPET 10000 6943 SEEN_PREVIOUSLY b'794213'
ACTION SNIPPET 10000 6946 SEEN_PREVIOUSLY b'1625519'
ACTION SNIPPET 10000 6949 SEEN_PREVIOUSLY b'952801'
ACTION SNIPPET 10000 6952 SEEN_PREVIOUSLY b'634674'
ACTION SNIPPET 10000 6955 SEEN_PREVIOUSLY b'966180'
ACTION SNIPPET 10000 6958 SEEN_PREVIOUSLY b'1707062'
ACTION SNIPPET 10000 6961 SEEN_PREVIOUSLY b'1399077'
ACTION SNIPPET 10000 6964 SEEN_PREVIOUSLY b'1440589'
ACTION SNIPPET 10000 6967 SEEN_PREVIOUSLY b'652450'
ACTION QUERY 10000 6977 black bear attacks located
ACTION SERP 10000 6982 EXAMINE_SERP
ACTION SNIPPET 10000 6985 SEEN_PREVIOUSLY b'1629286'
ACTION SNIPPET 10000 6988 SEEN_PREVIOUSLY b'1850183'
ACTION SNIPPET 10000 6991 SEEN_PREVIOUSLY b'634674'
ACTION SNIPPET 10000 6994 SEEN_PREVIOUSLY b'1417346'
ACTION SNIPPET 10000 6997 SEEN_PREVIOUSLY b'1707062'
ACTION SNIPPET 10000 7000 SEEN_PREVIOUSLY b'1440589'
ACTION SNIPPET 10000 7003 SEEN_PREVIOUSLY b'780876'
ACTION SNIPPET 10000 7006 SNIPPET_NOT_RELEVANT b'752984'
ACTION SNIPPET 10000 7009 SEEN_PREVIOUSLY b'1319228'
ACTION SNIPPET 10000 7012 SEEN_PREVIOUSLY b'1209591'
ACTION QUERY 10000 7022 black bear attacks medicine
ACTION SERP 10000 7027 EXAMINE_SERP
ACTION SNIPPET 10000 7030 SNIPPET_RELEVANT b'174026'
ACTION DOC 10000 7050 EXAMINING_DOCUMENT b'174026'
ACTION SNIPPET 10000 7053 SEEN_PREVIOUSLY b'1039895'
ACTION SNIPPET 10000 7056 SEEN_PREVIOUSLY b'634674'
ACTION SNIPPET 10000 7059 SNIPPET_NOT_RELEVANT b'482139'
ACTION SNIPPET 10000 7062 SEEN_PREVIOUSLY b'1707062'
ACTION SNIPPET 10000 7065 SEEN_PREVIOUSLY b'1440589'
ACTION SNIPPET 10000 7068 SEEN_PREVIOUSLY b'780876'
ACTION SNIPPET 10000 7071 SEEN_PREVIOUSLY b'1319228'
ACTION SNIPPET 10000 7074 SEEN_PREVIOUSLY b'1209591'
ACTION SNIPPET 10000 7077 SEEN_PREVIOUSLY b'1754536'
ACTION QUERY 10000 7087 black bear attacks animal
ACTION SERP 10000 7092 EXAMINE_SERP
ACTION SNIPPET 10000 7095 SEEN_PREVIOUSLY b'634674'
ACTION SNIPPET 10000 7098 SEEN_PREVIOUSLY b'1707062'
ACTION SNIPPET 10000 7101 SEEN_PREVIOUSLY b'1205254'
ACTION SNIPPET 10000 7104 SEEN_PREVIOUSLY b'1754536'
ACTION SNIPPET 10000 7107 SEEN_PREVIOUSLY b'1368283'
ACTION SNIPPET 10000 7110 SEEN_PREVIOUSLY b'1697947'
ACTION SNIPPET 10000 7113 SEEN_PREVIOUSLY b'1541943'
ACTION SNIPPET 10000 7116 SEEN_PREVIOUSLY b'1541670'
ACTION SNIPPET 10000 7119 SEEN_PREVIOUSLY b'1511708'
ACTION SNIPPET 10000 7122 SEEN_PREVIOUSLY b'966180'
ACTION QUERY 10000 7132 black bear attacks tusk
ACTION SERP 10000 7137 EXAMINE_SERP
ACTION SNIPPET 10000 7140 SNIPPET_RELEVANT b'28784'
ACTION DOC 10000 7160 EXAMINING_DOCUMENT b'28784'
ACTION SNIPPET 10000 7163 SNIPPET_RELEVANT b'483462'
ACTION DOC 10000 7183 EXAMINING_DOCUMENT b'483462'
ACTION SNIPPET 10000 7186 SNIPPET_RELEVANT b'8776'
ACTION DOC 10000 7206 EXAMINING_DOCUMENT b'8776'
ACTION SNIPPET 10000 7209 SEEN_PREVIOUSLY b'8776'
ACTION SNIPPET 10000 7212 SNIPPET_RELEVANT b'267034'
ACTION DOC 10000 7232 EXAMINING_DOCUMENT b'267034'
ACTION SNIPPET 10000 7235 SNIPPET_RELEVANT b'53335'
ACTION DOC 10000 7255 EXAMINING_DOCUMENT b'53335'
ACTION SNIPPET 10000 7258 SNIPPET_NOT_RELEVANT b'507656'
ACTION SNIPPET 10000 7261 SNIPPET_NOT_RELEVANT b'1097897'
ACTION SNIPPET 10000 7264 SNIPPET_RELEVANT b'275483'
ACTION DOC 10000 7284 EXAMINING_DOCUMENT b'275483'
ACTION SNIPPET 10000 7287 SNIPPET_NOT_RELEVANT b'1832239'
ACTION QUERY 10000 7297 black bear attacks names
ACTION SERP 10000 7302 EXAMINE_SERP
ACTION SNIPPET 10000 7305 SEEN_PREVIOUSLY b'634674'
ACTION SNIPPET 10000 7308 SEEN_PREVIOUSLY b'1707062'
ACTION SNIPPET 10000 7311 SEEN_PREVIOUSLY b'772939'
ACTION SNIPPET 10000 7314 SEEN_PREVIOUSLY b'1440589'
ACTION SNIPPET 10000 7317 SEEN_PREVIOUSLY b'780876'
ACTION SNIPPET 10000 7320 SEEN_PREVIOUSLY b'1625519'
ACTION SNIPPET 10000 7323 SEEN_PREVIOUSLY b'1319228'
ACTION SNIPPET 10000 7326 SEEN_PREVIOUSLY b'1209591'
ACTION SNIPPET 10000 7329 SEEN_PREVIOUSLY b'1754536'
ACTION SNIPPET 10000 7332 SEEN_PREVIOUSLY b'1417508'
ACTION QUERY 10000 7342 black bear attacks end
ACTION SERP 10000 7347 EXAMINE_SERP
ACTION SNIPPET 10000 7350 SEEN_PREVIOUSLY b'634674'
ACTION SNIPPET 10000 7353 SEEN_PREVIOUSLY b'1707062'
ACTION SNIPPET 10000 7356 SEEN_PREVIOUSLY b'1440589'
ACTION SNIPPET 10000 7359 SEEN_PREVIOUSLY b'1625519'
ACTION SNIPPET 10000 7362 SEEN_PREVIOUSLY b'780876'
ACTION SNIPPET 10000 7365 SEEN_PREVIOUSLY b'1319228'
ACTION SNIPPET 10000 7368 SEEN_PREVIOUSLY b'1209591'
ACTION SNIPPET 10000 7371 SEEN_PREVIOUSLY b'1754536'
ACTION SNIPPET 10000 7374 SEEN_PREVIOUSLY b'966180'
ACTION SNIPPET 10000 7377 SEEN_PREVIOUSLY b'1417508'
ACTION QUERY 10000 7387 black bear attacks reason
ACTION SERP 10000 7392 EXAMINE_SERP
ACTION SNIPPET 10000 7395 SEEN_PREVIOUSLY b'1754536'
ACTION SNIPPET 10000 7398 SEEN_PREVIOUSLY b'1209591'
ACTION SNIPPET 10000 7401 SEEN_PREVIOUSLY b'634674'
ACTION SNIPPET 10000 7404 SEEN_PREVIOUSLY b'1707062'
ACTION SNIPPET 10000 7407 SEEN_PREVIOUSLY b'869631'
ACTION SNIPPET 10000 7410 SEEN_PREVIOUSLY b'652450'
ACTION SNIPPET 10000 7413 SEEN_PREVIOUSLY b'1440589'
ACTION SNIPPET 10000 7416 SEEN_PREVIOUSLY b'780876'
ACTION SNIPPET 10000 7419 SEEN_PREVIOUSLY b'1511708'
ACTION SNIPPET 10000 7422 SEEN_PREVIOUSLY b'1678327'
ACTION QUERY 10000 7432 black bear attacks infant
ACTION SERP 10000 7437 EXAMINE_SERP
ACTION SNIPPET 10000 7440 SEEN_PREVIOUSLY b'1417346'
ACTION SNIPPET 10000 7443 SNIPPET_RELEVANT b'389527'
ACTION DOC 10000 7463 EXAMINING_DOCUMENT b'389527'
ACTION SNIPPET 10000 7466 SNIPPET_NOT_RELEVANT b'254708'
ACTION SNIPPET 10000 7469 SEEN_PREVIOUSLY b'1417483'
ACTION SNIPPET 10000 7472 SNIPPET_NOT_RELEVANT b'497816'
ACTION SNIPPET 10000 7475 SEEN_PREVIOUSLY b'1343329'
ACTION SNIPPET 10000 7478 SNIPPET_NOT_RELEVANT b'313157'
ACTION SNIPPET 10000 7481 SEEN_PREVIOUSLY b'634674'
ACTION SNIPPET 10000 7484 SNIPPET_RELEVANT b'254527'
ACTION DOC 10000 7504 EXAMINING_DOCUMENT b'254527'
ACTION SNIPPET 10000 7507 SNIPPET_NOT_RELEVANT b'1235078'
ACTION QUERY 10000 7517 black bear attacks coming
ACTION SERP 10000 7522 EXAMINE_SERP
ACTION SNIPPET 10000 7525 SEEN_PREVIOUSLY b'634674'
ACTION SNIPPET 10000 7528 SEEN_PREVIOUSLY b'1707062'
ACTION SNIPPET 10000 7531 SEEN_PREVIOUSLY b'1625519'
ACTION SNIPPET 10000 7534 SEEN_PREVIOUSLY b'1417508'
ACTION SNIPPET 10000 7537 SEEN_PREVIOUSLY b'1440589'
ACTION SNIPPET 10000 7540 SEEN_PREVIOUSLY b'1319681'
ACTION SNIPPET 10000 7543 SEEN_PREVIOUSLY b'966180'
ACTION SNIPPET 10000 7546 SEEN_PREVIOUSLY b'780876'
ACTION SNIPPET 10000 7549 SEEN_PREVIOUSLY b'1541943'
ACTION SNIPPET 10000 7552 SEEN_PREVIOUSLY b'1319228'
ACTION QUERY 10000 7562 black bear attacks occur
ACTION SERP 10000 7567 EXAMINE_SERP
ACTION SNIPPET 10000 7570 SEEN_PREVIOUSLY b'634674'
ACTION SNIPPET 10000 7573 SEEN_PREVIOUSLY b'1205254'
ACTION SNIPPET 10000 7576 SEEN_PREVIOUSLY b'1754536'
ACTION SNIPPET 10000 7579 SEEN_PREVIOUSLY b'1417508'
ACTION SNIPPET 10000 7582 SEEN_PREVIOUSLY b'1214355'
ACTION SNIPPET 10000 7585 SEEN_PREVIOUSLY b'966180'
ACTION SNIPPET 10000 7588 SEEN_PREVIOUSLY b'1511708'
ACTION SNIPPET 10000 7591 SEEN_PREVIOUSLY b'1078863'
ACTION SNIPPET 10000 7594 SEEN_PREVIOUSLY b'1541670'
ACTION SNIPPET 10000 7597 SEEN_PREVIOUSLY b'1707062'
ACTION QUERY 10000 7607 black bear attacks vehicle
ACTION SERP 10000 7612 EXAMINE_SERP
ACTION SNIPPET 10000 7615 SNIPPET_NOT_RELEVANT b'1101611'
ACTION SNIPPET 10000 7618 SNIPPET_NOT_RELEVANT b'948068'
ACTION SNIPPET 10000 7621 SNIPPET_NOT_RELEVANT b'1205988'
ACTION SNIPPET 10000 7624 SEEN_PREVIOUSLY b'634674'
ACTION SNIPPET 10000 7627 SEEN_PREVIOUSLY b'1707062'
ACTION SNIPPET 10000 7630 SNIPPET_NOT_RELEVANT b'550342'
ACTION SNIPPET 10000 7633 SEEN_PREVIOUSLY b'1440589'
ACTION SNIPPET 10000 7636 SEEN_PREVIOUSLY b'780876'
ACTION SNIPPET 10000 7639 SEEN_PREVIOUSLY b'1319228'
ACTION SNIPPET 10000 7642 SEEN_PREVIOUSLY b'1209591'
ACTION QUERY 10000 7652 black bear attacks black
ACTION SERP 10000 7657 EXAMINE_SERP
ACTION SNIPPET 10000 7660 SEEN_PREVIOUSLY b'634674'
ACTION SNIPPET 10000 7663 SEEN_PREVIOUSLY b'780876'
ACTION SNIPPET 10000 7666 SEEN_PREVIOUSLY b'1707062'
ACTION SNIPPET 10000 7669 SEEN_PREVIOUSLY b'1440589'
ACTION SNIPPET 10000 7672 SEEN_PREVIOUSLY b'1209591'
ACTION SNIPPET 10000 7675 SEEN_PREVIOUSLY b'1319228'
ACTION SNIPPET 10000 7678 SEEN_PREVIOUSLY b'1417508'
ACTION SNIPPET 10000 7681 SEEN_PREVIOUSLY b'1319681'
ACTION SNIPPET 10000 7684 SEEN_PREVIOUSLY b'1754536'
ACTION SNIPPET 10000 7687 SEEN_PREVIOUSLY b'966180'
ACTION QUERY 10000 7697 black bear attacks people
ACTION SERP 10000 7702 EXAMINE_SERP
ACTION SNIPPET 10000 7705 SEEN_PREVIOUSLY b'634674'
ACTION SNIPPET 10000 7708 SEEN_PREVIOUSLY b'1417508'
ACTION SNIPPET 10000 7711 SEEN_PREVIOUSLY b'1754536'
ACTION SNIPPET 10000 7714 SEEN_PREVIOUSLY b'1209591'
ACTION SNIPPET 10000 7717 SEEN_PREVIOUSLY b'1707062'
ACTION SNIPPET 10000 7720 SEEN_PREVIOUSLY b'1625519'
ACTION SNIPPET 10000 7723 SEEN_PREVIOUSLY b'1440589'
ACTION SNIPPET 10000 7726 SEEN_PREVIOUSLY b'869631'
ACTION SNIPPET 10000 7729 SEEN_PREVIOUSLY b'780876'
ACTION SNIPPET 10000 7732 SEEN_PREVIOUSLY b'1541943'
ACTION QUERY 10000 7742 black bear attacks started
ACTION SERP 10000 7747 EXAMINE_SERP
ACTION SNIPPET 10000 7750 SEEN_PREVIOUSLY b'634674'
ACTION SNIPPET 10000 7753 SEEN_PREVIOUSLY b'1209591'
ACTION SNIPPET 10000 7756 SEEN_PREVIOUSLY b'1707062'
ACTION SNIPPET 10000 7759 SEEN_PREVIOUSLY b'1186175'
ACTION SNIPPET 10000 7762 SEEN_PREVIOUSLY b'1230221'
ACTION SNIPPET 10000 7765 SEEN_PREVIOUSLY b'1440589'
ACTION SNIPPET 10000 7768 SEEN_PREVIOUSLY b'780876'
ACTION SNIPPET 10000 7771 SEEN_PREVIOUSLY b'1319681'
ACTION SNIPPET 10000 7774 SEEN_PREVIOUSLY b'966180'
ACTION SNIPPET 10000 7777 SEEN_PREVIOUSLY b'1319228'
ACTION QUERY 10000 7787 black bear attacks break
ACTION SERP 10000 7792 EXAMINE_SERP
ACTION SNIPPET 10000 7795 SEEN_PREVIOUSLY b'1440589'
ACTION SNIPPET 10000 7798 SEEN_PREVIOUSLY b'1417508'
ACTION SNIPPET 10000 7801 SEEN_PREVIOUSLY b'1230221'
ACTION SNIPPET 10000 7804 SEEN_PREVIOUSLY b'634674'
ACTION SNIPPET 10000 7807 SEEN_PREVIOUSLY b'1229011'
ACTION SNIPPET 10000 7810 SEEN_PREVIOUSLY b'1707062'
ACTION SNIPPET 10000 7813 SEEN_PREVIOUSLY b'1541670'
ACTION SNIPPET 10000 7816 SEEN_PREVIOUSLY b'1678327'
ACTION SNIPPET 10000 7819 SEEN_PREVIOUSLY b'780876'
ACTION SNIPPET 10000 7822 SEEN_PREVIOUSLY b'1319228'
ACTION QUERY 10000 7832 black bear attacks territory
ACTION SERP 10000 7837 EXAMINE_SERP
ACTION SNIPPET 10000 7840 SEEN_PREVIOUSLY b'1541670'
ACTION SNIPPET 10000 7843 SEEN_PREVIOUSLY b'1754536'
ACTION SNIPPET 10000 7846 SEEN_PREVIOUSLY b'1697947'
ACTION SNIPPET 10000 7849 SEEN_PREVIOUSLY b'966180'
ACTION SNIPPET 10000 7852 SNIPPET_NOT_RELEVANT b'948068'
ACTION SNIPPET 10000 7855 SEEN_PREVIOUSLY b'93088'
ACTION SNIPPET 10000 7858 SEEN_PREVIOUSLY b'1629286'
ACTION SNIPPET 10000 7861 SEEN_PREVIOUSLY b'634674'
ACTION SNIPPET 10000 7864 SNIPPET_RELEVANT b'878920'
ACTION DOC 10000 7884 EXAMINING_DOCUMENT b'878920'
ACTION SNIPPET 10000 7887 SNIPPET_NOT_RELEVANT b'532316'
ACTION QUERY 10000 7897 black bear attacks begin
ACTION SERP 10000 7902 EXAMINE_SERP
ACTION SNIPPET 10000 7905 SEEN_PREVIOUSLY b'634674'
ACTION SNIPPET 10000 7908 SEEN_PREVIOUSLY b'1707062'
ACTION SNIPPET 10000 7911 SEEN_PREVIOUSLY b'1541670'
ACTION SNIPPET 10000 7914 SEEN_PREVIOUSLY b'966180'
ACTION SNIPPET 10000 7917 SEEN_PREVIOUSLY b'1440589'
ACTION SNIPPET 10000 7920 SEEN_PREVIOUSLY b'1625519'
ACTION SNIPPET 10000 7923 SEEN_PREVIOUSLY b'780876'
ACTION SNIPPET 10000 7926 SEEN_PREVIOUSLY b'1319228'
ACTION SNIPPET 10000 7929 SEEN_PREVIOUSLY b'1209591'
ACTION SNIPPET 10000 7932 SEEN_PREVIOUSLY b'1754536'
ACTION QUERY 10000 7942 black bear attacks built
ACTION SERP 10000 7947 EXAMINE_SERP
ACTION SNIPPET 10000 7950 SEEN_PREVIOUSLY b'634674'
ACTION SNIPPET 10000 7953 SEEN_PREVIOUSLY b'1319681'
ACTION SNIPPET 10000 7956 SEEN_PREVIOUSLY b'1707062'
ACTION SNIPPET 10000 7959 SEEN_PREVIOUSLY b'1541670'
ACTION SNIPPET 10000 7962 SEEN_PREVIOUSLY b'1440589'
ACTION SNIPPET 10000 7965 SEEN_PREVIOUSLY b'780876'
ACTION SNIPPET 10000 7968 SEEN_PREVIOUSLY b'1319228'
ACTION SNIPPET 10000 7971 SEEN_PREVIOUSLY b'1209591'
ACTION SNIPPET 10000 7974 SEEN_PREVIOUSLY b'1754536'
ACTION SNIPPET 10000 7977 SEEN_PREVIOUSLY b'1417508'
ACTION QUERY 10000 7987 black bear attacks starts
ACTION SERP 10000 7992 EXAMINE_SERP
ACTION SNIPPET 10000 7995 SEEN_PREVIOUSLY b'634674'
ACTION SNIPPET 10000 7998 SEEN_PREVIOUSLY b'1209591'
ACTION SNIPPET 10000 8001 SEEN_PREVIOUSLY b'1707062'
ACTION SNIPPET 10000 8004 SEEN_PREVIOUSLY b'1186175'
ACTION SNIPPET 10000 8007 SEEN_PREVIOUSLY b'1230221'
ACTION SNIPPET 10000 8010 SEEN_PREVIOUSLY b'1440589'
ACTION SNIPPET 10000 8013 SEEN_PREVIOUSLY b'780876'
ACTION SNIPPET 10000 8016 SEEN_PREVIOUSLY b'1319681'
ACTION SNIPPET 10000 8019 SEEN_PREVIOUSLY b'966180'
ACTION SNIPPET 10000 8022 SEEN_PREVIOUSLY b'1319228'
ACTION QUERY 10000 8032 black bear attacks stroller
ACTION SERP 10000 8037 EXAMINE_SERP
ACTION SNIPPET 10000 8040 SEEN_PREVIOUSLY b'1417346'
ACTION SNIPPET 10000 8043 SEEN_PREVIOUSLY b'1417508'
ACTION SNIPPET 10000 8046 SNIPPET_NOT_RELEVANT b'132672'
ACTION SNIPPET 10000 8049 SNIPPET_NOT_RELEVANT b'1308790'
ACTION SNIPPET 10000 8052 SEEN_PREVIOUSLY b'1417483'
ACTION SNIPPET 10000 8055 SNIPPET_NOT_RELEVANT b'1518305'
ACTION SNIPPET 10000 8058 SNIPPET_RELEVANT b'1417304'
ACTION DOC 10000 8078 EXAMINING_DOCUMENT b'1417304'
ACTION MARK 10000 8081 CONSIDERED_RELEVANT b'1417304'
ACTION SNIPPET 10000 8084 SNIPPET_NOT_RELEVANT b'1596187'
ACTION SNIPPET 10000 8087 SEEN_PREVIOUSLY b'634674'
ACTION SNIPPET 10000 8090 SNIPPET_NOT_RELEVANT b'1189990'
ACTION QUERY 10000 8100 black bear attacks israel
ACTION SERP 10000 8105 EXAMINE_SERP
ACTION SNIPPET 10000 8108 SNIPPET_NOT_RELEVANT b'1695797'
ACTION SNIPPET 10000 8111 SEEN_PREVIOUSLY b'634674'
ACTION SNIPPET 10000 8114 SNIPPET_RELEVANT b'1445100'
ACTION DOC 10000 8134 EXAMINING_DOCUMENT b'1445100'
ACTION SNIPPET 10000 8137 SNIPPET_RELEVANT b'1761746'
ACTION DOC 10000 8157 EXAMINING_DOCUMENT b'1761746'
ACTION SNIPPET 10000 8160 SEEN_PREVIOUSLY b'1707062'
ACTION SNIPPET 10000 8163 SNIPPET_NOT_RELEVANT b'1329342'
ACTION SNIPPET 10000 8166 SNIPPET_NOT_RELEVANT b'1401889'
ACTION SNIPPET 10000 8169 SNIPPET_RELEVANT b'1566649'
ACTION DOC 10000 8189 EXAMINING_DOCUMENT b'1566649'
ACTION SNIPPET 10000 8192 SEEN_PREVIOUSLY b'1440589'
ACTION SNIPPET 10000 8195 SNIPPET_RELEVANT b'1789873'
ACTION DOC 10000 8215 EXAMINING_DOCUMENT b'1789873'
ACTION QUERY 10000 8225 black bear attacks train
ACTION SERP 10000 8230 EXAMINE_SERP
ACTION SNIPPET 10000 8233 SEEN_PREVIOUSLY b'1417508'
ACTION SNIPPET 10000 8236 SEEN_PREVIOUSLY b'634674'
ACTION SNIPPET 10000 8239 SEEN_PREVIOUSLY b'772939'
ACTION SNIPPET 10000 8242 SEEN_PREVIOUSLY b'1707062'
ACTION SNIPPET 10000 8245 SEEN_PREVIOUSLY b'150548'
ACTION SNIPPET 10000 8248 SEEN_PREVIOUSLY b'1440589'
ACTION SNIPPET 10000 8251 SEEN_PREVIOUSLY b'780876'
ACTION SNIPPET 10000 8254 SEEN_PREVIOUSLY b'1697947'
ACTION SNIPPET 10000 8257 SEEN_PREVIOUSLY b'1319228'
ACTION SNIPPET 10000 8260 SEEN_PREVIOUSLY b'1209591'
ACTION QUERY 10000 8270 black bear attacks amtrak
ACTION SERP 10000 8275 EXAMINE_SERP
ACTION SNIPPET 10000 8278 SNIPPET_NOT_RELEVANT b'1700678'
ACTION SNIPPET 10000 8281 SNIPPET_RELEVANT b'1328047'
ACTION DOC 10000 8301 EXAMINING_DOCUMENT b'1328047'
ACTION SNIPPET 10000 8304 SNIPPET_RELEVANT b'80337'
ACTION DOC 10000 8324 EXAMINING_DOCUMENT b'80337'
ACTION SNIPPET 10000 8327 SEEN_PREVIOUSLY b'1417304'
ACTION SNIPPET 10000 8330 SNIPPET_NOT_RELEVANT b'408534'
ACTION SNIPPET 10000 8333 SNIPPET_NOT_RELEVANT b'1358332'
ACTION SNIPPET 10000 8336 SNIPPET_NOT_RELEVANT b'1585066'
ACTION SNIPPET 10000 8339 SNIPPET_NOT_RELEVANT b'1593475'
ACTION SNIPPET 10000 8342 SNIPPET_NOT_RELEVANT b'697231'
ACTION SNIPPET 10000 8345 SNIPPET_NOT_RELEVANT b'744688'
ACTION QUERY 10000 8355 black bear attacks containing
ACTION SERP 10000 8360 EXAMINE_SERP
ACTION SNIPPET 10000 8363 SEEN_PREVIOUSLY b'1678327'
ACTION SNIPPET 10000 8366 SEEN_PREVIOUSLY b'966180'
ACTION SNIPPET 10000 8369 SEEN_PREVIOUSLY b'1417508'
ACTION SNIPPET 10000 8372 SEEN_PREVIOUSLY b'634674'
ACTION SNIPPET 10000 8375 SEEN_PREVIOUSLY b'1629286'
ACTION SNIPPET 10000 8378 SEEN_PREVIOUSLY b'1707062'
ACTION SNIPPET 10000 8381 SEEN_PREVIOUSLY b'1541670'
ACTION SNIPPET 10000 8384 SEEN_PREVIOUSLY b'1440589'
ACTION SNIPPET 10000 8387 SNIPPET_RELEVANT b'948068'
ACTION DOC 10000 8407 EXAMINING_DOCUMENT b'948068'
ACTION SNIPPET 10000 8410 SEEN_PREVIOUSLY b'780876'
ACTION QUERY 10000 8420 black bear attacks protest
ACTION SERP 10000 8425 EXAMINE_SERP
ACTION SNIPPET 10000 8428 SEEN_PREVIOUSLY b'1209591'
ACTION SNIPPET 10000 8431 SEEN_PREVIOUSLY b'1541943'
ACTION SNIPPET 10000 8434 SNIPPET_NOT_RELEVANT b'1031832'
ACTION SNIPPET 10000 8437 SEEN_PREVIOUSLY b'634674'
ACTION SNIPPET 10000 8440 SNIPPET_RELEVANT b'1188844'
ACTION DOC 10000 8460 EXAMINING_DOCUMENT b'1188844'
ACTION SNIPPET 10000 8463 SEEN_PREVIOUSLY b'794195'
ACTION SNIPPET 10000 8466 SEEN_PREVIOUSLY b'794213'
ACTION SNIPPET 10000 8469 SNIPPET_NOT_RELEVANT b'817471'
ACTION SNIPPET 10000 8472 SNIPPET_NOT_RELEVANT b'281280'
ACTION SNIPPET 10000 8475 SEEN_PREVIOUSLY b'1707062'
ACTION QUERY 10000 8485 black bear attacks human
ACTION SERP 10000 8490 EXAMINE_SERP
ACTION SNIPPET 10000 8493 SEEN_PREVIOUSLY b'634674'
ACTION SNIPPET 10000 8496 SEEN_PREVIOUSLY b'1707062'
ACTION SNIPPET 10000 8499 SEEN_PREVIOUSLY b'1319228'
ACTION SNIPPET 10000 8502 SEEN_PREVIOUSLY b'1205254'
ACTION SNIPPET 10000 8505 SEEN_PREVIOUSLY b'1440589'
ACTION SNIPPET 10000 8508 SEEN_PREVIOUSLY b'780876'
ACTION SNIPPET 10000 8511 SEEN_PREVIOUSLY b'1417508'
ACTION SNIPPET 10000 8514 SEEN_PREVIOUSLY b'966180'
ACTION SNIPPET 10000 8517 SEEN_PREVIOUSLY b'1850183'
ACTION SNIPPET 10000 8520 SEEN_PREVIOUSLY b'952801'
ACTION QUERY 10000 8530 black bear attacks signed
ACTION SERP 10000 8535 EXAMINE_SERP
ACTION SNIPPET 10000 8538 SEEN_PREVIOUSLY b'1440589'
ACTION SNIPPET 10000 8541 SEEN_PREVIOUSLY b'1754536'
ACTION SNIPPET 10000 8544 SEEN_PREVIOUSLY b'634674'
ACTION SNIPPET 10000 8547 SEEN_PREVIOUSLY b'1541943'
ACTION SNIPPET 10000 8550 SEEN_PREVIOUSLY b'952801'
ACTION SNIPPET 10000 8553 SEEN_PREVIOUSLY b'772939'
ACTION SNIPPET 10000 8556 SEEN_PREVIOUSLY b'1707062'
ACTION SNIPPET 10000 8559 SEEN_PREVIOUSLY b'780876'
ACTION SNIPPET 10000 8562 SEEN_PREVIOUSLY b'1541670'
ACTION SNIPPET 10000 8565 SEEN_PREVIOUSLY b'1319228'
ACTION QUERY 10000 8575 black bear attacks london
ACTION SERP 10000 8580 EXAMINE_SERP
ACTION SNIPPET 10000 8583 SEEN_PREVIOUSLY b'634674'
ACTION SNIPPET 10000 8586 SEEN_PREVIOUSLY b'1707062'
ACTION SNIPPET 10000 8589 SEEN_PREVIOUSLY b'1440589'
ACTION SNIPPET 10000 8592 SEEN_PREVIOUSLY b'780876'
ACTION SNIPPET 10000 8595 SEEN_PREVIOUSLY b'1319228'
ACTION SNIPPET 10000 8598 SEEN_PREVIOUSLY b'1209591'
ACTION SNIPPET 10000 8601 SEEN_PREVIOUSLY b'1754536'
ACTION SNIPPET 10000 8604 SEEN_PREVIOUSLY b'1417508'
ACTION SNIPPET 10000 8607 SEEN_PREVIOUSLY b'174217'
ACTION SNIPPET 10000 8610 SNIPPET_RELEVANT b'1141122'
ACTION DOC 10000 8630 EXAMINING_DOCUMENT b'1141122'
ACTION QUERY 10000 8640 black bear attacks conroy
ACTION SERP 10000 8645 EXAMINE_SERP
ACTION SNIPPET 10000 8648 SEEN_PREVIOUSLY b'1204309'
ACTION SNIPPET 10000 8651 SEEN_PREVIOUSLY b'1135412'
ACTION SNIPPET 10000 8654 SNIPPET_RELEVANT b'1652832'
ACTION DOC 10000 8674 EXAMINING_DOCUMENT b'1652832'
ACTION SNIPPET 10000 8677 SEEN_PREVIOUSLY b'1184849'
ACTION SNIPPET 10000 8680 SNIPPET_NOT_RELEVANT b'1450876'
ACTION SNIPPET 10000 8683 SNIPPET_NOT_RELEVANT b'1579068'
ACTION SNIPPET 10000 8686 SNIPPET_NOT_RELEVANT b'106033'
ACTION SNIPPET 10000 8689 SEEN_PREVIOUSLY b'1820951'
ACTION SNIPPET 10000 8692 SEEN_PREVIOUSLY b'1653631'
ACTION SNIPPET 10000 8695 SNIPPET_RELEVANT b'1491846'
ACTION DOC 10000 8715 EXAMINING_DOCUMENT b'1491846'
ACTION QUERY 10000 8725 black bear attacks bethlehem
ACTION SERP 10000 8730 EXAMINE_SERP
ACTION SNIPPET 10000 8733 SNIPPET_RELEVANT b'1354276'
ACTION DOC 10000 8753 EXAMINING_DOCUMENT b'1354276'
ACTION SNIPPET 10000 8756 SNIPPET_NOT_RELEVANT b'276764'
ACTION SNIPPET 10000 8759 SNIPPET_NOT_RELEVANT b'1354413'
ACTION SNIPPET 10000 8762 SNIPPET_NOT_RELEVANT b'436853'
ACTION SNIPPET 10000 8765 SNIPPET_RELEVANT b'1235078'
ACTION DOC 10000 8785 EXAMINING_DOCUMENT b'1235078'
ACTION SNIPPET 10000 8788 SNIPPET_NOT_RELEVANT b'1335304'
ACTION SNIPPET 10000 8791 SNIPPET_NOT_RELEVANT b'1727546'
ACTION SNIPPET 10000 8794 SEEN_PREVIOUSLY b'1417304'
ACTION SNIPPET 10000 8797 SNIPPET_RELEVANT b'264466'
ACTION DOC 10000 8817 EXAMINING_DOCUMENT b'264466'
ACTION SNIPPET 10000 8820 SNIPPET_NOT_RELEVANT b'1338211'
ACTION QUERY 10000 8830 black bear attacks sightings
ACTION SERP 10000 8835 EXAMINE_SERP
ACTION SNIPPET 10000 8838 SEEN_PREVIOUSLY b'1850183'
ACTION SNIPPET 10000 8841 SEEN_PREVIOUSLY b'1417508'
ACTION SNIPPET 10000 8844 SEEN_PREVIOUSLY b'1319681'
ACTION SNIPPET 10000 8847 SEEN_PREVIOUSLY b'1625519'
ACTION SNIPPET 10000 8850 SNIPPET_RELEVANT b'955982'
ACTION DOC 10000 8870 EXAMINING_DOCUMENT b'955982'
ACTION SNIPPET 10000 8873 SEEN_PREVIOUSLY b'1682008'
ACTION SNIPPET 10000 8876 SNIPPET_RELEVANT b'1512862'
ACTION DOC 10000 8896 EXAMINING_DOCUMENT b'1512862'
ACTION MARK 10000 8899 CONSIDERED_RELEVANT b'1512862'
ACTION SNIPPET 10000 8902 SNIPPET_RELEVANT b'1311233'
ACTION DOC 10000 8922 EXAMINING_DOCUMENT b'1311233'
ACTION MARK 10000 8925 CONSIDERED_RELEVANT b'1311233'
ACTION SNIPPET 10000 8928 SNIPPET_RELEVANT b'366418'
ACTION DOC 10000 8948 EXAMINING_DOCUMENT b'366418'
ACTION SNIPPET 10000 8951 SNIPPET_RELEVANT b'176757'
ACTION DOC 10000 8971 EXAMINING_DOCUMENT b'176757'
ACTION QUERY 10000 8981 black bear attacks pictures
ACTION SERP 10000 8986 EXAMINE_SERP
ACTION SNIPPET 10000 8989 SNIPPET_RELEVANT b'357292'
ACTION DOC 10000 9009 EXAMINING_DOCUMENT b'357292'
ACTION SNIPPET 10000 9012 SEEN_PREVIOUSLY b'634674'
ACTION SNIPPET 10000 9015 SEEN_PREVIOUSLY b'1707062'
ACTION SNIPPET 10000 9018 SEEN_PREVIOUSLY b'652450'
ACTION SNIPPET 10000 9021 SEEN_PREVIOUSLY b'1440589'
ACTION SNIPPET 10000 9024 SEEN_PREVIOUSLY b'780876'
ACTION SNIPPET 10000 9027 SEEN_PREVIOUSLY b'1682008'
ACTION SNIPPET 10000 9030 SEEN_PREVIOUSLY b'1311233'
ACTION SNIPPET 10000 9033 SNIPPET_RELEVANT b'263114'
ACTION DOC 10000 9053 EXAMINING_DOCUMENT b'263114'
ACTION SNIPPET 10000 9056 SEEN_PREVIOUSLY b'1319228'
ACTION QUERY 10000 9066 black bear attacks ca
ACTION SERP 10000 9071 EXAMINE_SERP
ACTION SNIPPET 10000 9074 SEEN_PREVIOUSLY b'634674'
ACTION SNIPPET 10000 9077 SNIPPET_RELEVANT b'700220'
ACTION DOC 10000 9097 EXAMINING_DOCUMENT b'700220'
ACTION SNIPPET 10000 9100 SEEN_PREVIOUSLY b'1707062'
ACTION SNIPPET 10000 9103 SNIPPET_NOT_RELEVANT b'1747434'
ACTION SNIPPET 10000 9106 SNIPPET_RELEVANT b'1279746'
ACTION DOC 10000 9126 EXAMINING_DOCUMENT b'1279746'
ACTION SNIPPET 10000 9129 SNIPPET_NOT_RELEVANT b'1538945'
ACTION SNIPPET 10000 9132 SEEN_PREVIOUSLY b'1440589'
ACTION SNIPPET 10000 9135 SEEN_PREVIOUSLY b'780876'
ACTION SNIPPET 10000 9138 SNIPPET_NOT_RELEVANT b'1273236'
ACTION SNIPPET 10000 9141 SNIPPET_RELEVANT b'1273194'
ACTION DOC 10000 9161 EXAMINING_DOCUMENT b'1273194'
ACTION QUERY 10000 9171 black bear attacks site
ACTION SERP 10000 9176 EXAMINE_SERP
ACTION SNIPPET 10000 9179 SEEN_PREVIOUSLY b'1078863'
ACTION SNIPPET 10000 9182 SEEN_PREVIOUSLY b'1850183'
ACTION SNIPPET 10000 9185 SEEN_PREVIOUSLY b'634674'
ACTION SNIPPET 10000 9188 SEEN_PREVIOUSLY b'1625519'
ACTION SNIPPET 10000 9191 SEEN_PREVIOUSLY b'1707062'
ACTION SNIPPET 10000 9194 SEEN_PREVIOUSLY b'1440589'
ACTION SNIPPET 10000 9197 SEEN_PREVIOUSLY b'780876'
ACTION SNIPPET 10000 9200 SEEN_PREVIOUSLY b'1319228'
ACTION SNIPPET 10000 9203 SEEN_PREVIOUSLY b'1209591'
ACTION SNIPPET 10000 9206 SEEN_PREVIOUSLY b'1754536'
ACTION QUERY 10000 9216 black bear attacks celine
ACTION SERP 10000 9221 EXAMINE_SERP
ACTION SNIPPET 10000 9224 SNIPPET_NOT_RELEVANT b'9375'
ACTION SNIPPET 10000 9227 SNIPPET_NOT_RELEVANT b'837670'
ACTION SNIPPET 10000 9230 SNIPPET_NOT_RELEVANT b'388816'
ACTION SNIPPET 10000 9233 SEEN_PREVIOUSLY b'1311233'
ACTION SNIPPET 10000 9236 SNIPPET_RELEVANT b'967412'
ACTION DOC 10000 9256 EXAMINING_DOCUMENT b'967412'
ACTION SNIPPET 10000 9259 SNIPPET_RELEVANT b'1831323'
ACTION DOC 10000 9279 EXAMINING_DOCUMENT b'1831323'
ACTION SNIPPET 10000 9282 SEEN_PREVIOUSLY b'634674'
ACTION SNIPPET 10000 9285 SNIPPET_NOT_RELEVANT b'5821'
ACTION SNIPPET 10000 9288 SNIPPET_RELEVANT b'5821'
ACTION DOC 10000 9308 EXAMINING_DOCUMENT b'5821'
ACTION SNIPPET 10000 9311 SNIPPET_NOT_RELEVANT b'343601'
ACTION QUERY 10000 9321 black bear attacks campground
ACTION SERP 10000 9326 EXAMINE_SERP
ACTION SNIPPET 10000 9329 SEEN_PREVIOUSLY b'1697947'
ACTION SNIPPET 10000 9332 SNIPPET_NOT_RELEVANT b'946619'
ACTION SNIPPET 10000 9335 SEEN_PREVIOUSLY b'1039895'
ACTION SNIPPET 10000 9338 SNIPPET_RELEVANT b'1226176'
ACTION DOC 10000 9358 EXAMINING_DOCUMENT b'1226176'
ACTION SNIPPET 10000 9361 SNIPPET_NOT_RELEVANT b'1780576'
ACTION SNIPPET 10000 9364 SNIPPET_RELEVANT b'852726'
ACTION DOC 10000 9384 EXAMINING_DOCUMENT b'852726'
ACTION SNIPPET 10000 9387 SEEN_PREVIOUSLY b'1229011'
ACTION SNIPPET 10000 9390 SNIPPET_RELEVANT b'976916'
ACTION DOC 10000 9410 EXAMINING_DOCUMENT b'976916'
ACTION MARK 10000 9413 CONSIDERED_RELEVANT b'976916'
ACTION SNIPPET 10000 9416 SNIPPET_RELEVANT b'535915'
ACTION DOC 10000 9436 EXAMINING_DOCUMENT b'535915'
ACTION SNIPPET 10000 9439 SNIPPET_RELEVANT b'1658625'
ACTION DOC 10000 9459 EXAMINING_DOCUMENT b'1658625'
ACTION QUERY 10000 9469 black bear attacks fatalities
ACTION SERP 10000 9474 EXAMINE_SERP
ACTION SNIPPET 10000 9477 SEEN_PREVIOUSLY b'634674'
ACTION SNIPPET 10000 9480 SEEN_PREVIOUSLY b'772939'
ACTION SNIPPET 10000 9483 SEEN_PREVIOUSLY b'1754536'
ACTION SNIPPET 10000 9486 SEEN_PREVIOUSLY b'869631'
ACTION SNIPPET 10000 9489 SEEN_PREVIOUSLY b'1417508'
ACTION SNIPPET 10000 9492 SEEN_PREVIOUSLY b'1697947'
ACTION SNIPPET 10000 9495 SEEN_PREVIOUSLY b'1368283'
ACTION SNIPPET 10000 9498 SEEN_PREVIOUSLY b'1204309'
ACTION SNIPPET 10000 9501 SNIPPET_RELEVANT b'319520'
ACTION DOC 10000 9521 EXAMINING_DOCUMENT b'319520'
ACTION SNIPPET 10000 9524 SEEN_PREVIOUSLY b'1541670'
ACTION QUERY 10000 9534 black bear attacks important
ACTION SERP 10000 9539 EXAMINE_SERP
ACTION SNIPPET 10000 9542 SEEN_PREVIOUSLY b'634674'
ACTION SNIPPET 10000 9545 SEEN_PREVIOUSLY b'1625519'
ACTION SNIPPET 10000 9548 SEEN_PREVIOUSLY b'1850183'
ACTION SNIPPET 10000 9551 SEEN_PREVIOUSLY b'1707062'
ACTION SNIPPET 10000 9554 SEEN_PREVIOUSLY b'1440589'
ACTION SNIPPET 10000 9557 SEEN_PREVIOUSLY b'780876'
ACTION SNIPPET 10000 9560 SEEN_PREVIOUSLY b'1761746'
ACTION SNIPPET 10000 9563 SEEN_PREVIOUSLY b'1319228'
ACTION SNIPPET 10000 9566 SEEN_PREVIOUSLY b'1209591'
ACTION SNIPPET 10000 9569 SEEN_PREVIOUSLY b'1754536'
ACTION QUERY 10000 9579 black bear attacks trials
ACTION SERP 10000 9584 EXAMINE_SERP
ACTION SNIPPET 10000 9587 SEEN_PREVIOUSLY b'634674'
ACTION SNIPPET 10000 9590 SEEN_PREVIOUSLY b'92414'
ACTION SNIPPET 10000 9593 SNIPPET_RELEVANT b'67288'
ACTION DOC 10000 9613 EXAMINING_DOCUMENT b'67288'
ACTION SNIPPET 10000 9616 SEEN_PREVIOUSLY b'1707062'
ACTION SNIPPET 10000 9619 SEEN_PREVIOUSLY b'1440589'
ACTION SNIPPET 10000 9622 SNIPPET_NOT_RELEVANT b'1075074'
ACTION SNIPPET 10000 9625 SNIPPET_NOT_RELEVANT b'1334569'
ACTION SNIPPET 10000 9628 SNIPPET_RELEVANT b'996049'
ACTION DOC 10000 9648 EXAMINING_DOCUMENT b'996049'
ACTION SNIPPET 10000 9651 SEEN_PREVIOUSLY b'780876'
ACTION SNIPPET 10000 9654 SNIPPET_NOT_RELEVANT b'103639'
ACTION QUERY 10000 9664 black bear attacks large
ACTION SERP 10000 9669 EXAMINE_SERP
ACTION SNIPPET 10000 9672 SEEN_PREVIOUSLY b'1417508'
ACTION SNIPPET 10000 9675 SEEN_PREVIOUSLY b'634674'
ACTION SNIPPET 10000 9678 SEEN_PREVIOUSLY b'1707062'
ACTION SNIPPET 10000 9681 SEEN_PREVIOUSLY b'794195'
ACTION SNIPPET 10000 9684 SEEN_PREVIOUSLY b'794213'
ACTION SNIPPET 10000 9687 SEEN_PREVIOUSLY b'1697947'
ACTION SNIPPET 10000 9690 SEEN_PREVIOUSLY b'772939'
ACTION SNIPPET 10000 9693 SEEN_PREVIOUSLY b'1541670'
ACTION SNIPPET 10000 9696 SEEN_PREVIOUSLY b'952801'
ACTION SNIPPET 10000 9699 SEEN_PREVIOUSLY b'966180'
ACTION QUERY 10000 9709 black bear attacks kayleighs
ACTION SERP 10000 9714 EXAMINE_SERP
ACTION SNIPPET 10000 9717 SNIPPET_RELEVANT b'1552907'
ACTION DOC 10000 9737 EXAMINING_DOCUMENT b'1552907'
ACTION SNIPPET 10000 9740 SEEN_PREVIOUSLY b'1204309'
ACTION SNIPPET 10000 9743 SNIPPET_NOT_RELEVANT b'1579686'
ACTION SNIPPET 10000 9746 SNIPPET_RELEVANT b'1723587'
ACTION DOC 10000 9766 EXAMINING_DOCUMENT b'1723587'
ACTION SNIPPET 10000 9769 SNIPPET_NOT_RELEVANT b'1640408'
ACTION SNIPPET 10000 9772 SEEN_PREVIOUSLY b'634674'
ACTION SNIPPET 10000 9775 SNIPPET_NOT_RELEVANT b'902123'
ACTION SNIPPET 10000 9778 SEEN_PREVIOUSLY b'1707062'
ACTION SNIPPET 10000 9781 SEEN_PREVIOUSLY b'1440589'
ACTION SNIPPET 10000 9784 SEEN_PREVIOUSLY b'780876'
ACTION QUERY 10000 9794 black bear attacks dandes
ACTION SERP 10000 9799 EXAMINE_SERP
ACTION SNIPPET 10000 9802 SNIPPET_NOT_RELEVANT b'415678'
ACTION SNIPPET 10000 9805 SEEN_PREVIOUSLY b'634674'
ACTION SNIPPET 10000 9808 SNIPPET_NOT_RELEVANT b'368496'
ACTION SNIPPET 10000 9811 SNIPPET_NOT_RELEVANT b'276299'
ACTION SNIPPET 10000 9814 SEEN_PREVIOUSLY b'1707062'
ACTION SNIPPET 10000 9817 SNIPPET_RELEVANT b'1712231'
ACTION DOC 10000 9837 EXAMINING_DOCUMENT b'1712231'
ACTION SNIPPET 10000 9840 SEEN_PREVIOUSLY b'1440589'
ACTION SNIPPET 10000 9843 SEEN_PREVIOUSLY b'780876'
ACTION SNIPPET 10000 9846 SEEN_PREVIOUSLY b'1319228'
ACTION SNIPPET 10000 9849 SEEN_PREVIOUSLY b'1209591'
ACTION QUERY 10000 9859 black bear attacks york
ACTION SERP 10000 9864 EXAMINE_SERP
ACTION SNIPPET 10000 9867 SEEN_PREVIOUSLY b'634674'
ACTION SNIPPET 10000 9870 SEEN_PREVIOUSLY b'1417508'
ACTION SNIPPET 10000 9873 SEEN_PREVIOUSLY b'1707062'
ACTION SNIPPET 10000 9876 SEEN_PREVIOUSLY b'1209591'
ACTION SNIPPET 10000 9879 SEEN_PREVIOUSLY b'1440589'
ACTION SNIPPET 10000 9882 SEEN_PREVIOUSLY b'780876'
ACTION SNIPPET 10000 9885 SEEN_PREVIOUSLY b'1541670'
ACTION SNIPPET 10000 9888 SEEN_PREVIOUSLY b'1319228'
ACTION SNIPPET 10000 9891 SEEN_PREVIOUSLY b'1754536'
ACTION SNIPPET 10000 9894 SEEN_PREVIOUSLY b'1205254'
ACTION QUERY 10000 9904 black bear attacks known
ACTION SERP 10000 9909 EXAMINE_SERP
ACTION SNIPPET 10000 9912 SEEN_PREVIOUSLY b'1319228'
ACTION SNIPPET 10000 9915 SEEN_PREVIOUSLY b'772939'
ACTION SNIPPET 10000 9918 SEEN_PREVIOUSLY b'634674'
ACTION SNIPPET 10000 9921 SEEN_PREVIOUSLY b'1417508'
ACTION SNIPPET 10000 9924 SEEN_PREVIOUSLY b'1368283'
ACTION SNIPPET 10000 9927 SEEN_PREVIOUSLY b'1541943'
ACTION SNIPPET 10000 9930 SEEN_PREVIOUSLY b'1707062'
ACTION SNIPPET 10000 9933 SEEN_PREVIOUSLY b'1417346'
ACTION SNIPPET 10000 9936 SEEN_PREVIOUSLY b'1319681'
ACTION SNIPPET 10000 9939 SEEN_PREVIOUSLY b'1625519'
ACTION QUERY 10000 9949 black bear attacks only
ACTION SERP 10000 9954 EXAMINE_SERP
ACTION SNIPPET 10000 9957 SEEN_PREVIOUSLY b'634674'
ACTION SNIPPET 10000 9960 SEEN_PREVIOUSLY b'1707062'
ACTION SNIPPET 10000 9963 SEEN_PREVIOUSLY b'1754536'
ACTION SNIPPET 10000 9966 SEEN_PREVIOUSLY b'1417508'
ACTION SNIPPET 10000 9969 SEEN_PREVIOUSLY b'1440589'
ACTION SNIPPET 10000 9972 SEEN_PREVIOUSLY b'780876'
ACTION SNIPPET 10000 9975 SEEN_PREVIOUSLY b'1319228'
ACTION SNIPPET 10000 9978 SEEN_PREVIOUSLY b'1209591'
ACTION SNIPPET 10000 9981 SEEN_PREVIOUSLY b'1541670'
ACTION SNIPPET 10000 9984 SEEN_PREVIOUSLY b'794195'
ACTION QUERY 10000 9994 black bear attacks parks
ACTION SERP 10000 9999 EXAMINE_SERP
ACTION SNIPPET 10000 10002 SEEN_PREVIOUSLY b'1754536'
INFO SUMMARY 
INFO TOTAL_QUERIES_ISSUED 131
INFO TOTAL_SNIPPETS_EXAMINED 1301
INFO TOTAL_DOCUMENTS_EXAMINED 201
INFO TOTAL_DOCUMENTS_MARKED_RELEVANT 38
INFO TOTAL_ATTRACTIVE_SERP_IMPRESSIONS 131
INFO TOTAL_UNATTRACTIVE_SERP_IMPRESSIONS 0
