ACTION QUERY 10000 10 euro opposition
ACTION SERP 10000 15 EXAMINE_SERP
ACTION SNIPPET 10000 18 SNIPPET_RELEVANT b'1087520'
ACTION DOC 10000 38 EXAMINING_DOCUMENT b'1087520'
ACTION MARK 10000 41 CONSIDERED_RELEVANT b'1087520'
ACTION SNIPPET 10000 44 SNIPPET_RELEVANT b'1136043'
ACTION DOC 10000 64 EXAMINING_DOCUMENT b'1136043'
ACTION MARK 10000 67 CONSIDERED_RELEVANT b'1136043'
ACTION SNIPPET 10000 70 SNIPPET_RELEVANT b'1075464'
ACTION DOC 10000 90 EXAMINING_DOCUMENT b'1075464'
ACTION SNIPPET 10000 93 SNIPPET_RELEVANT b'1356046'
ACTION DOC 10000 113 EXAMINING_DOCUMENT b'1356046'
ACTION MARK 10000 116 CONSIDERED_RELEVANT b'1356046'
ACTION SNIPPET 10000 119 SNIPPET_RELEVANT b'1489276'
ACTION DOC 10000 139 EXAMINING_DOCUMENT b'1489276'
ACTION MARK 10000 142 CONSIDERED_RELEVANT b'1489276'
ACTION SNIPPET 10000 145 SNIPPET_RELEVANT b'1466058'
ACTION DOC 10000 165 EXAMINING_DOCUMENT b'1466058'
ACTION MARK 10000 168 CONSIDERED_RELEVANT b'1466058'
ACTION SNIPPET 10000 171 SNIPPET_NOT_RELEVANT b'1644299'
ACTION SNIPPET 10000 174 SNIPPET_RELEVANT b'1230643'
ACTION DOC 10000 194 EXAMINING_DOCUMENT b'1230643'
ACTION SNIPPET 10000 197 SNIPPET_RELEVANT b'994363'
ACTION DOC 10000 217 EXAMINING_DOCUMENT b'994363'
ACTION MARK 10000 220 CONSIDERED_RELEVANT b'994363'
ACTION SNIPPET 10000 223 SNIPPET_RELEVANT b'1466646'
ACTION DOC 10000 243 EXAMINING_DOCUMENT b'1466646'
ACTION SNIPPET 10000 246 SNIPPET_RELEVANT b'1521291'
ACTION DOC 10000 266 EXAMINING_DOCUMENT b'1521291'
ACTION MARK 10000 269 CONSIDERED_RELEVANT b'1521291'
ACTION SNIPPET 10000 272 SNIPPET_RELEVANT b'1489036'
ACTION DOC 10000 292 EXAMINING_DOCUMENT b'1489036'
ACTION MARK 10000 295 CONSIDERED_RELEVANT b'1489036'
ACTION SNIPPET 10000 298 SNIPPET_NOT_RELEVANT b'1503341'
ACTION SNIPPET 10000 301 SNIPPET_RELEVANT b'1006953'
ACTION DOC 10000 321 EXAMINING_DOCUMENT b'1006953'
ACTION MARK 10000 324 CONSIDERED_RELEVANT b'1006953'
ACTION SNIPPET 10000 327 SNIPPET_RELEVANT b'1444668'
ACTION DOC 10000 347 EXAMINING_DOCUMENT b'1444668'
ACTION MARK 10000 350 CONSIDERED_RELEVANT b'1444668'
ACTION SNIPPET 10000 353 SNIPPET_RELEVANT b'1125958'
ACTION DOC 10000 373 EXAMINING_DOCUMENT b'1125958'
ACTION SNIPPET 10000 376 SNIPPET_NOT_RELEVANT b'932027'
ACTION SNIPPET 10000 379 SNIPPET_NOT_RELEVANT b'1756342'
ACTION SNIPPET 10000 382 SNIPPET_NOT_RELEVANT b'1629895'
ACTION SNIPPET 10000 385 SNIPPET_RELEVANT b'985381'
ACTION DOC 10000 405 EXAMINING_DOCUMENT b'985381'
ACTION MARK 10000 408 CONSIDERED_RELEVANT b'985381'
ACTION SNIPPET 10000 411 SNIPPET_RELEVANT b'1212797'
ACTION DOC 10000 431 EXAMINING_DOCUMENT b'1212797'
ACTION MARK 10000 434 CONSIDERED_RELEVANT b'1212797'
ACTION SNIPPET 10000 437 SNIPPET_RELEVANT b'1515073'
ACTION DOC 10000 457 EXAMINING_DOCUMENT b'1515073'
ACTION MARK 10000 460 CONSIDERED_RELEVANT b'1515073'
ACTION SNIPPET 10000 463 SNIPPET_RELEVANT b'1232358'
ACTION DOC 10000 483 EXAMINING_DOCUMENT b'1232358'
ACTION MARK 10000 486 CONSIDERED_RELEVANT b'1232358'
ACTION SNIPPET 10000 489 SNIPPET_RELEVANT b'1445748'
ACTION DOC 10000 509 EXAMINING_DOCUMENT b'1445748'
ACTION MARK 10000 512 CONSIDERED_RELEVANT b'1445748'
ACTION SNIPPET 10000 515 SNIPPET_RELEVANT b'1066322'
ACTION DOC 10000 535 EXAMINING_DOCUMENT b'1066322'
ACTION SNIPPET 10000 538 SNIPPET_RELEVANT b'930818'
ACTION DOC 10000 558 EXAMINING_DOCUMENT b'930818'
ACTION SNIPPET 10000 561 SNIPPET_RELEVANT b'1676650'
ACTION DOC 10000 581 EXAMINING_DOCUMENT b'1676650'
ACTION QUERY 10000 591 euro opposition voted
ACTION SERP 10000 596 EXAMINE_SERP
ACTION SNIPPET 10000 599 SEEN_PREVIOUSLY b'1230643'
ACTION SNIPPET 10000 602 SEEN_PREVIOUSLY b'1521291'
ACTION SNIPPET 10000 605 SEEN_PREVIOUSLY b'1444668'
ACTION SNIPPET 10000 608 SNIPPET_NOT_RELEVANT b'745789'
ACTION SNIPPET 10000 611 SNIPPET_RELEVANT b'1234794'
ACTION DOC 10000 631 EXAMINING_DOCUMENT b'1234794'
ACTION MARK 10000 634 CONSIDERED_RELEVANT b'1234794'
ACTION SNIPPET 10000 637 SEEN_PREVIOUSLY b'1515073'
ACTION SNIPPET 10000 640 SNIPPET_NOT_RELEVANT b'1518756'
ACTION SNIPPET 10000 643 SNIPPET_RELEVANT b'817222'
ACTION DOC 10000 663 EXAMINING_DOCUMENT b'817222'
ACTION MARK 10000 666 CONSIDERED_RELEVANT b'817222'
ACTION SNIPPET 10000 669 SEEN_PREVIOUSLY b'1676650'
ACTION SNIPPET 10000 672 SNIPPET_NOT_RELEVANT b'932027'
ACTION SNIPPET 10000 675 SNIPPET_RELEVANT b'934426'
ACTION DOC 10000 695 EXAMINING_DOCUMENT b'934426'
ACTION MARK 10000 698 CONSIDERED_RELEVANT b'934426'
ACTION SNIPPET 10000 701 SEEN_PREVIOUSLY b'1006953'
ACTION SNIPPET 10000 704 SNIPPET_NOT_RELEVANT b'1496464'
ACTION SNIPPET 10000 707 SNIPPET_RELEVANT b'1495715'
ACTION DOC 10000 727 EXAMINING_DOCUMENT b'1495715'
ACTION MARK 10000 730 CONSIDERED_RELEVANT b'1495715'
ACTION SNIPPET 10000 733 SEEN_PREVIOUSLY b'1489036'
ACTION SNIPPET 10000 736 SNIPPET_RELEVANT b'1664087'
ACTION DOC 10000 756 EXAMINING_DOCUMENT b'1664087'
ACTION MARK 10000 759 CONSIDERED_RELEVANT b'1664087'
ACTION SNIPPET 10000 762 SEEN_PREVIOUSLY b'1232358'
ACTION SNIPPET 10000 765 SNIPPET_RELEVANT b'1486454'
ACTION DOC 10000 785 EXAMINING_DOCUMENT b'1486454'
ACTION MARK 10000 788 CONSIDERED_RELEVANT b'1486454'
ACTION SNIPPET 10000 791 SEEN_PREVIOUSLY b'1212797'
ACTION SNIPPET 10000 794 SNIPPET_NOT_RELEVANT b'1676798'
ACTION SNIPPET 10000 797 SEEN_PREVIOUSLY b'1087520'
ACTION SNIPPET 10000 800 SNIPPET_NOT_RELEVANT b'1234826'
ACTION SNIPPET 10000 803 SNIPPET_RELEVANT b'1519841'
ACTION DOC 10000 823 EXAMINING_DOCUMENT b'1519841'
ACTION MARK 10000 826 CONSIDERED_RELEVANT b'1519841'
ACTION SNIPPET 10000 829 SNIPPET_NOT_RELEVANT b'1668526'
ACTION SNIPPET 10000 832 SNIPPET_RELEVANT b'1321110'
ACTION DOC 10000 852 EXAMINING_DOCUMENT b'1321110'
ACTION MARK 10000 855 CONSIDERED_RELEVANT b'1321110'
ACTION SNIPPET 10000 858 SNIPPET_RELEVANT b'746211'
ACTION DOC 10000 878 EXAMINING_DOCUMENT b'746211'
ACTION MARK 10000 881 CONSIDERED_RELEVANT b'746211'
ACTION SNIPPET 10000 884 SNIPPET_RELEVANT b'924656'
ACTION DOC 10000 904 EXAMINING_DOCUMENT b'924656'
ACTION MARK 10000 907 CONSIDERED_RELEVANT b'924656'
ACTION SNIPPET 10000 910 SNIPPET_RELEVANT b'863997'
ACTION DOC 10000 930 EXAMINING_DOCUMENT b'863997'
ACTION SNIPPET 10000 933 SNIPPET_NOT_RELEVANT b'1234625'
ACTION SNIPPET 10000 936 SEEN_PREVIOUSLY b'1445748'
ACTION SNIPPET 10000 939 SEEN_PREVIOUSLY b'1136043'
ACTION SNIPPET 10000 942 SNIPPET_RELEVANT b'1582820'
ACTION DOC 10000 962 EXAMINING_DOCUMENT b'1582820'
ACTION QUERY 10000 972 euro opposition der
ACTION SERP 10000 977 EXAMINE_SERP
ACTION SNIPPET 10000 980 SNIPPET_NOT_RELEVANT b'1575737'
ACTION SNIPPET 10000 983 SNIPPET_RELEVANT b'1633084'
ACTION DOC 10000 1003 EXAMINING_DOCUMENT b'1633084'
ACTION SNIPPET 10000 1006 SNIPPET_NOT_RELEVANT b'1636332'
ACTION SNIPPET 10000 1009 SNIPPET_NOT_RELEVANT b'1289705'
ACTION SNIPPET 10000 1012 SNIPPET_NOT_RELEVANT b'1501095'
ACTION SNIPPET 10000 1015 SNIPPET_RELEVANT b'1471714'
ACTION DOC 10000 1035 EXAMINING_DOCUMENT b'1471714'
ACTION QUERY 10000 1045 euro opposition issue
ACTION SERP 10000 1050 EXAMINE_SERP
ACTION SNIPPET 10000 1053 SEEN_PREVIOUSLY b'1466058'
ACTION SNIPPET 10000 1056 SEEN_PREVIOUSLY b'1136043'
ACTION SNIPPET 10000 1059 SEEN_PREVIOUSLY b'1489276'
ACTION SNIPPET 10000 1062 SEEN_PREVIOUSLY b'1356046'
ACTION SNIPPET 10000 1065 SEEN_PREVIOUSLY b'994363'
ACTION SNIPPET 10000 1068 SEEN_PREVIOUSLY b'1087520'
ACTION SNIPPET 10000 1071 SEEN_PREVIOUSLY b'1006953'
ACTION SNIPPET 10000 1074 SNIPPET_RELEVANT b'932027'
ACTION DOC 10000 1094 EXAMINING_DOCUMENT b'932027'
ACTION SNIPPET 10000 1097 SNIPPET_RELEVANT b'1269417'
ACTION DOC 10000 1117 EXAMINING_DOCUMENT b'1269417'
ACTION MARK 10000 1120 CONSIDERED_RELEVANT b'1269417'
ACTION SNIPPET 10000 1123 SEEN_PREVIOUSLY b'985381'
ACTION SNIPPET 10000 1126 SEEN_PREVIOUSLY b'1486454'
ACTION SNIPPET 10000 1129 SEEN_PREVIOUSLY b'1075464'
ACTION SNIPPET 10000 1132 SNIPPET_RELEVANT b'1145586'
ACTION DOC 10000 1152 EXAMINING_DOCUMENT b'1145586'
ACTION MARK 10000 1155 CONSIDERED_RELEVANT b'1145586'
ACTION SNIPPET 10000 1158 SEEN_PREVIOUSLY b'1444668'
ACTION SNIPPET 10000 1161 SEEN_PREVIOUSLY b'930818'
ACTION SNIPPET 10000 1164 SEEN_PREVIOUSLY b'934426'
ACTION SNIPPET 10000 1167 SNIPPET_RELEVANT b'1059353'
ACTION DOC 10000 1187 EXAMINING_DOCUMENT b'1059353'
ACTION MARK 10000 1190 CONSIDERED_RELEVANT b'1059353'
ACTION SNIPPET 10000 1193 SEEN_PREVIOUSLY b'1515073'
ACTION SNIPPET 10000 1196 SEEN_PREVIOUSLY b'1234794'
ACTION SNIPPET 10000 1199 SEEN_PREVIOUSLY b'817222'
ACTION SNIPPET 10000 1202 SNIPPET_NOT_RELEVANT b'1644299'
ACTION SNIPPET 10000 1205 SEEN_PREVIOUSLY b'1230643'
ACTION SNIPPET 10000 1208 SNIPPET_RELEVANT b'1816094'
ACTION DOC 10000 1228 EXAMINING_DOCUMENT b'1816094'
ACTION MARK 10000 1231 CONSIDERED_RELEVANT b'1816094'
ACTION SNIPPET 10000 1234 SNIPPET_RELEVANT b'928469'
ACTION DOC 10000 1254 EXAMINING_DOCUMENT b'928469'
ACTION SNIPPET 10000 1257 SNIPPET_RELEVANT b'1312719'
ACTION DOC 10000 1277 EXAMINING_DOCUMENT b'1312719'
ACTION MARK 10000 1280 CONSIDERED_RELEVANT b'1312719'
ACTION SNIPPET 10000 1283 SNIPPET_RELEVANT b'1303583'
ACTION DOC 10000 1303 EXAMINING_DOCUMENT b'1303583'
ACTION MARK 10000 1306 CONSIDERED_RELEVANT b'1303583'
ACTION SNIPPET 10000 1309 SNIPPET_NOT_RELEVANT b'1423273'
ACTION SNIPPET 10000 1312 SNIPPET_RELEVANT b'1178457'
ACTION DOC 10000 1332 EXAMINING_DOCUMENT b'1178457'
ACTION MARK 10000 1335 CONSIDERED_RELEVANT b'1178457'
ACTION SNIPPET 10000 1338 SNIPPET_RELEVANT b'1150133'
ACTION DOC 10000 1358 EXAMINING_DOCUMENT b'1150133'
ACTION MARK 10000 1361 CONSIDERED_RELEVANT b'1150133'
ACTION SNIPPET 10000 1364 SNIPPET_NOT_RELEVANT b'1006740'
ACTION SNIPPET 10000 1367 SNIPPET_RELEVANT b'923862'
ACTION DOC 10000 1387 EXAMINING_DOCUMENT b'923862'
ACTION MARK 10000 1390 CONSIDERED_RELEVANT b'923862'
ACTION SNIPPET 10000 1393 SEEN_PREVIOUSLY b'1466646'
ACTION SNIPPET 10000 1396 SNIPPET_NOT_RELEVANT b'934640'
ACTION SNIPPET 10000 1399 SEEN_PREVIOUSLY b'1633084'
ACTION SNIPPET 10000 1402 SNIPPET_NOT_RELEVANT b'1345311'
ACTION SNIPPET 10000 1405 SNIPPET_NOT_RELEVANT b'1502411'
ACTION SNIPPET 10000 1408 SEEN_PREVIOUSLY b'1664087'
ACTION SNIPPET 10000 1411 SNIPPET_RELEVANT b'936486'
ACTION DOC 10000 1431 EXAMINING_DOCUMENT b'936486'
ACTION MARK 10000 1434 CONSIDERED_RELEVANT b'936486'
ACTION SNIPPET 10000 1437 SEEN_PREVIOUSLY b'1521291'
ACTION SNIPPET 10000 1440 SNIPPET_NOT_RELEVANT b'1232357'
ACTION SNIPPET 10000 1443 SNIPPET_RELEVANT b'1349956'
ACTION DOC 10000 1463 EXAMINING_DOCUMENT b'1349956'
ACTION MARK 10000 1466 CONSIDERED_RELEVANT b'1349956'
ACTION SNIPPET 10000 1469 SNIPPET_RELEVANT b'1145441'
ACTION DOC 10000 1489 EXAMINING_DOCUMENT b'1145441'
ACTION MARK 10000 1492 CONSIDERED_RELEVANT b'1145441'
ACTION SNIPPET 10000 1495 SNIPPET_RELEVANT b'1580809'
ACTION DOC 10000 1515 EXAMINING_DOCUMENT b'1580809'
ACTION SNIPPET 10000 1518 SNIPPET_RELEVANT b'1675661'
ACTION DOC 10000 1538 EXAMINING_DOCUMENT b'1675661'
ACTION SNIPPET 10000 1541 SEEN_PREVIOUSLY b'1495715'
ACTION SNIPPET 10000 1544 SNIPPET_RELEVANT b'1826941'
ACTION DOC 10000 1564 EXAMINING_DOCUMENT b'1826941'
ACTION QUERY 10000 1574 euro opposition cuts
ACTION SERP 10000 1579 EXAMINE_SERP
ACTION SNIPPET 10000 1582 SEEN_PREVIOUSLY b'1075464'
ACTION SNIPPET 10000 1585 SEEN_PREVIOUSLY b'1087520'
ACTION SNIPPET 10000 1588 SEEN_PREVIOUSLY b'1356046'
ACTION SNIPPET 10000 1591 SEEN_PREVIOUSLY b'1230643'
ACTION SNIPPET 10000 1594 SEEN_PREVIOUSLY b'932027'
ACTION SNIPPET 10000 1597 SEEN_PREVIOUSLY b'1269417'
ACTION SNIPPET 10000 1600 SEEN_PREVIOUSLY b'930818'
ACTION SNIPPET 10000 1603 SEEN_PREVIOUSLY b'1059353'
ACTION SNIPPET 10000 1606 SEEN_PREVIOUSLY b'1444668'
ACTION SNIPPET 10000 1609 SEEN_PREVIOUSLY b'1521291'
ACTION SNIPPET 10000 1612 SNIPPET_RELEVANT b'1074569'
ACTION DOC 10000 1632 EXAMINING_DOCUMENT b'1074569'
ACTION MARK 10000 1635 CONSIDERED_RELEVANT b'1074569'
ACTION SNIPPET 10000 1638 SEEN_PREVIOUSLY b'1125958'
ACTION SNIPPET 10000 1641 SNIPPET_RELEVANT b'1562316'
ACTION DOC 10000 1661 EXAMINING_DOCUMENT b'1562316'
ACTION SNIPPET 10000 1664 SNIPPET_NOT_RELEVANT b'934640'
ACTION SNIPPET 10000 1667 SEEN_PREVIOUSLY b'1136043'
ACTION SNIPPET 10000 1670 SNIPPET_RELEVANT b'1498867'
ACTION DOC 10000 1690 EXAMINING_DOCUMENT b'1498867'
ACTION QUERY 10000 1700 euro opposition failure
ACTION SERP 10000 1705 EXAMINE_SERP
ACTION SNIPPET 10000 1708 SEEN_PREVIOUSLY b'1087520'
ACTION SNIPPET 10000 1711 SEEN_PREVIOUSLY b'1150133'
ACTION SNIPPET 10000 1714 SNIPPET_NOT_RELEVANT b'1093694'
ACTION SNIPPET 10000 1717 SEEN_PREVIOUSLY b'1136043'
ACTION SNIPPET 10000 1720 SEEN_PREVIOUSLY b'1075464'
ACTION SNIPPET 10000 1723 SEEN_PREVIOUSLY b'1232358'
ACTION SNIPPET 10000 1726 SNIPPET_NOT_RELEVANT b'1232357'
ACTION SNIPPET 10000 1729 SNIPPET_RELEVANT b'1210269'
ACTION DOC 10000 1749 EXAMINING_DOCUMENT b'1210269'
ACTION MARK 10000 1752 CONSIDERED_RELEVANT b'1210269'
ACTION SNIPPET 10000 1755 SNIPPET_NOT_RELEVANT b'1681909'
ACTION SNIPPET 10000 1758 SEEN_PREVIOUSLY b'1356046'
ACTION SNIPPET 10000 1761 SNIPPET_RELEVANT b'1517397'
ACTION DOC 10000 1781 EXAMINING_DOCUMENT b'1517397'
ACTION SNIPPET 10000 1784 SEEN_PREVIOUSLY b'1489276'
ACTION SNIPPET 10000 1787 SEEN_PREVIOUSLY b'1466058'
ACTION SNIPPET 10000 1790 SNIPPET_RELEVANT b'1644299'
ACTION DOC 10000 1810 EXAMINING_DOCUMENT b'1644299'
ACTION QUERY 10000 1820 euro opposition little
ACTION SERP 10000 1825 EXAMINE_SERP
ACTION SNIPPET 10000 1828 SEEN_PREVIOUSLY b'1136043'
ACTION SNIPPET 10000 1831 SEEN_PREVIOUSLY b'1230643'
ACTION SNIPPET 10000 1834 SEEN_PREVIOUSLY b'1521291'
ACTION SNIPPET 10000 1837 SEEN_PREVIOUSLY b'994363'
ACTION SNIPPET 10000 1840 SEEN_PREVIOUSLY b'1087520'
ACTION SNIPPET 10000 1843 SEEN_PREVIOUSLY b'1075464'
ACTION SNIPPET 10000 1846 SEEN_PREVIOUSLY b'1125958'
ACTION SNIPPET 10000 1849 SEEN_PREVIOUSLY b'1356046'
ACTION SNIPPET 10000 1852 SEEN_PREVIOUSLY b'1489276'
ACTION SNIPPET 10000 1855 SEEN_PREVIOUSLY b'1466058'
ACTION SNIPPET 10000 1858 SEEN_PREVIOUSLY b'1644299'
ACTION SNIPPET 10000 1861 SEEN_PREVIOUSLY b'1303583'
ACTION SNIPPET 10000 1864 SNIPPET_NOT_RELEVANT b'1668526'
ACTION SNIPPET 10000 1867 SEEN_PREVIOUSLY b'1269417'
ACTION SNIPPET 10000 1870 SEEN_PREVIOUSLY b'1466646'
ACTION QUERY 10000 1880 euro opposition whos
ACTION SERP 10000 1885 EXAMINE_SERP
ACTION SNIPPET 10000 1888 SEEN_PREVIOUSLY b'1087520'
ACTION SNIPPET 10000 1891 SEEN_PREVIOUSLY b'1136043'
ACTION SNIPPET 10000 1894 SEEN_PREVIOUSLY b'1075464'
ACTION SNIPPET 10000 1897 SEEN_PREVIOUSLY b'1644299'
ACTION SNIPPET 10000 1900 SEEN_PREVIOUSLY b'1356046'
ACTION SNIPPET 10000 1903 SEEN_PREVIOUSLY b'1230643'
ACTION SNIPPET 10000 1906 SEEN_PREVIOUSLY b'1466058'
ACTION SNIPPET 10000 1909 SEEN_PREVIOUSLY b'1489276'
ACTION SNIPPET 10000 1912 SEEN_PREVIOUSLY b'1466646'
ACTION SNIPPET 10000 1915 SEEN_PREVIOUSLY b'994363'
ACTION SNIPPET 10000 1918 SEEN_PREVIOUSLY b'1489036'
ACTION SNIPPET 10000 1921 SNIPPET_RELEVANT b'1503341'
ACTION DOC 10000 1941 EXAMINING_DOCUMENT b'1503341'
ACTION QUERY 10000 1951 euro opposition eur
ACTION SERP 10000 1956 EXAMINE_SERP
ACTION SNIPPET 10000 1959 SNIPPET_RELEVANT b'1122399'
ACTION DOC 10000 1979 EXAMINING_DOCUMENT b'1122399'
ACTION SNIPPET 10000 1982 SNIPPET_NOT_RELEVANT b'212614'
ACTION SNIPPET 10000 1985 SNIPPET_NOT_RELEVANT b'93799'
ACTION SNIPPET 10000 1988 SNIPPET_NOT_RELEVANT b'1075177'
ACTION SNIPPET 10000 1991 SNIPPET_NOT_RELEVANT b'1127390'
ACTION SNIPPET 10000 1994 SNIPPET_RELEVANT b'1300240'
ACTION DOC 10000 2014 EXAMINING_DOCUMENT b'1300240'
ACTION QUERY 10000 2024 euro opposition idea
ACTION SERP 10000 2029 EXAMINE_SERP
ACTION SNIPPET 10000 2032 SEEN_PREVIOUSLY b'1136043'
ACTION SNIPPET 10000 2035 SEEN_PREVIOUSLY b'1075464'
ACTION SNIPPET 10000 2038 SEEN_PREVIOUSLY b'1230643'
ACTION SNIPPET 10000 2041 SEEN_PREVIOUSLY b'1489276'
ACTION SNIPPET 10000 2044 SEEN_PREVIOUSLY b'1087520'
ACTION SNIPPET 10000 2047 SEEN_PREVIOUSLY b'936486'
ACTION SNIPPET 10000 2050 SEEN_PREVIOUSLY b'985381'
ACTION SNIPPET 10000 2053 SNIPPET_RELEVANT b'1073763'
ACTION DOC 10000 2073 EXAMINING_DOCUMENT b'1073763'
ACTION MARK 10000 2076 CONSIDERED_RELEVANT b'1073763'
ACTION SNIPPET 10000 2079 SEEN_PREVIOUSLY b'932027'
ACTION SNIPPET 10000 2082 SEEN_PREVIOUSLY b'1145586'
ACTION SNIPPET 10000 2085 SEEN_PREVIOUSLY b'1356046'
ACTION SNIPPET 10000 2088 SNIPPET_RELEVANT b'1122300'
ACTION DOC 10000 2108 EXAMINING_DOCUMENT b'1122300'
ACTION MARK 10000 2111 CONSIDERED_RELEVANT b'1122300'
ACTION SNIPPET 10000 2114 SEEN_PREVIOUSLY b'1466058'
ACTION SNIPPET 10000 2117 SEEN_PREVIOUSLY b'1644299'
ACTION SNIPPET 10000 2120 SEEN_PREVIOUSLY b'1580809'
ACTION SNIPPET 10000 2123 SEEN_PREVIOUSLY b'934426'
ACTION SNIPPET 10000 2126 SEEN_PREVIOUSLY b'994363'
ACTION SNIPPET 10000 2129 SNIPPET_RELEVANT b'1014977'
ACTION DOC 10000 2149 EXAMINING_DOCUMENT b'1014977'
ACTION SNIPPET 10000 2152 SNIPPET_RELEVANT b'1232357'
ACTION DOC 10000 2172 EXAMINING_DOCUMENT b'1232357'
ACTION MARK 10000 2175 CONSIDERED_RELEVANT b'1232357'
ACTION SNIPPET 10000 2178 SNIPPET_RELEVANT b'1759326'
ACTION DOC 10000 2198 EXAMINING_DOCUMENT b'1759326'
ACTION SNIPPET 10000 2201 SEEN_PREVIOUSLY b'1466646'
ACTION SNIPPET 10000 2204 SEEN_PREVIOUSLY b'1495715'
ACTION SNIPPET 10000 2207 SNIPPET_NOT_RELEVANT b'1345311'
ACTION SNIPPET 10000 2210 SNIPPET_RELEVANT b'1086425'
ACTION DOC 10000 2230 EXAMINING_DOCUMENT b'1086425'
ACTION MARK 10000 2233 CONSIDERED_RELEVANT b'1086425'
ACTION SNIPPET 10000 2236 SNIPPET_NOT_RELEVANT b'1355882'
ACTION SNIPPET 10000 2239 SEEN_PREVIOUSLY b'1321110'
ACTION SNIPPET 10000 2242 SEEN_PREVIOUSLY b'1521291'
ACTION SNIPPET 10000 2245 SNIPPET_NOT_RELEVANT b'1158825'
ACTION SNIPPET 10000 2248 SNIPPET_RELEVANT b'987319'
ACTION DOC 10000 2268 EXAMINING_DOCUMENT b'987319'
ACTION MARK 10000 2271 CONSIDERED_RELEVANT b'987319'
ACTION SNIPPET 10000 2274 SNIPPET_NOT_RELEVANT b'651198'
ACTION SNIPPET 10000 2277 SEEN_PREVIOUSLY b'746211'
ACTION SNIPPET 10000 2280 SEEN_PREVIOUSLY b'928469'
ACTION SNIPPET 10000 2283 SEEN_PREVIOUSLY b'1489036'
ACTION SNIPPET 10000 2286 SNIPPET_RELEVANT b'1446215'
ACTION DOC 10000 2306 EXAMINING_DOCUMENT b'1446215'
ACTION SNIPPET 10000 2309 SEEN_PREVIOUSLY b'1503341'
ACTION SNIPPET 10000 2312 SEEN_PREVIOUSLY b'1006953'
ACTION SNIPPET 10000 2315 SNIPPET_RELEVANT b'1234826'
ACTION DOC 10000 2335 EXAMINING_DOCUMENT b'1234826'
ACTION MARK 10000 2338 CONSIDERED_RELEVANT b'1234826'
ACTION SNIPPET 10000 2341 SEEN_PREVIOUSLY b'1444668'
ACTION SNIPPET 10000 2344 SEEN_PREVIOUSLY b'1125958'
ACTION SNIPPET 10000 2347 SNIPPET_NOT_RELEVANT b'1756342'
ACTION SNIPPET 10000 2350 SNIPPET_NOT_RELEVANT b'1629895'
ACTION SNIPPET 10000 2353 SEEN_PREVIOUSLY b'1664087'
ACTION SNIPPET 10000 2356 SNIPPET_NOT_RELEVANT b'1368623'
ACTION SNIPPET 10000 2359 SNIPPET_NOT_RELEVANT b'1232897'
ACTION SNIPPET 10000 2362 SNIPPET_NOT_RELEVANT b'1005658'
ACTION SNIPPET 10000 2365 SNIPPET_RELEVANT b'1678787'
ACTION DOC 10000 2385 EXAMINING_DOCUMENT b'1678787'
ACTION MARK 10000 2388 CONSIDERED_RELEVANT b'1678787'
ACTION SNIPPET 10000 2391 SEEN_PREVIOUSLY b'1212797'
ACTION SNIPPET 10000 2394 SEEN_PREVIOUSLY b'1515073'
ACTION SNIPPET 10000 2397 SEEN_PREVIOUSLY b'1232358'
ACTION SNIPPET 10000 2400 SNIPPET_RELEVANT b'1073425'
ACTION DOC 10000 2420 EXAMINING_DOCUMENT b'1073425'
ACTION SNIPPET 10000 2423 SNIPPET_RELEVANT b'1519599'
ACTION DOC 10000 2443 EXAMINING_DOCUMENT b'1519599'
ACTION MARK 10000 2446 CONSIDERED_RELEVANT b'1519599'
ACTION SNIPPET 10000 2449 SNIPPET_RELEVANT b'1289705'
ACTION DOC 10000 2469 EXAMINING_DOCUMENT b'1289705'
ACTION MARK 10000 2472 CONSIDERED_RELEVANT b'1289705'
ACTION SNIPPET 10000 2475 SNIPPET_NOT_RELEVANT b'1554163'
ACTION SNIPPET 10000 2478 SEEN_PREVIOUSLY b'1445748'
ACTION SNIPPET 10000 2481 SNIPPET_RELEVANT b'1408613'
ACTION DOC 10000 2501 EXAMINING_DOCUMENT b'1408613'
ACTION SNIPPET 10000 2504 SEEN_PREVIOUSLY b'1066322'
ACTION SNIPPET 10000 2507 SNIPPET_NOT_RELEVANT b'1484842'
ACTION SNIPPET 10000 2510 SEEN_PREVIOUSLY b'930818'
ACTION SNIPPET 10000 2513 SNIPPET_NOT_RELEVANT b'1379465'
ACTION SNIPPET 10000 2516 SEEN_PREVIOUSLY b'1676650'
ACTION SNIPPET 10000 2519 SNIPPET_RELEVANT b'1809860'
ACTION DOC 10000 2539 EXAMINING_DOCUMENT b'1809860'
ACTION MARK 10000 2542 CONSIDERED_RELEVANT b'1809860'
ACTION SNIPPET 10000 2545 SNIPPET_RELEVANT b'816406'
ACTION DOC 10000 2565 EXAMINING_DOCUMENT b'816406'
ACTION MARK 10000 2568 CONSIDERED_RELEVANT b'816406'
ACTION SNIPPET 10000 2571 SNIPPET_RELEVANT b'1197910'
ACTION DOC 10000 2591 EXAMINING_DOCUMENT b'1197910'
ACTION MARK 10000 2594 CONSIDERED_RELEVANT b'1197910'
ACTION SNIPPET 10000 2597 SNIPPET_RELEVANT b'895293'
ACTION DOC 10000 2617 EXAMINING_DOCUMENT b'895293'
ACTION SNIPPET 10000 2620 SNIPPET_NOT_RELEVANT b'1199200'
ACTION SNIPPET 10000 2623 SEEN_PREVIOUSLY b'1486454'
ACTION SNIPPET 10000 2626 SEEN_PREVIOUSLY b'1269417'
ACTION SNIPPET 10000 2629 SNIPPET_NOT_RELEVANT b'1125406'
ACTION SNIPPET 10000 2632 SNIPPET_RELEVANT b'1407344'
ACTION DOC 10000 2652 EXAMINING_DOCUMENT b'1407344'
ACTION QUERY 10000 2662 euro opposition discount
ACTION SERP 10000 2667 EXAMINE_SERP
ACTION SNIPPET 10000 2670 SNIPPET_NOT_RELEVANT b'1379465'
ACTION SNIPPET 10000 2673 SEEN_PREVIOUSLY b'1087520'
ACTION SNIPPET 10000 2676 SNIPPET_RELEVANT b'1390839'
ACTION DOC 10000 2696 EXAMINING_DOCUMENT b'1390839'
ACTION SNIPPET 10000 2699 SNIPPET_NOT_RELEVANT b'1365633'
ACTION SNIPPET 10000 2702 SNIPPET_RELEVANT b'1336416'
ACTION DOC 10000 2722 EXAMINING_DOCUMENT b'1336416'
ACTION QUERY 10000 2732 euro opposition alsace
ACTION SERP 10000 2737 EXAMINE_SERP
ACTION SNIPPET 10000 2740 SNIPPET_RELEVANT b'1355882'
ACTION DOC 10000 2760 EXAMINING_DOCUMENT b'1355882'
ACTION MARK 10000 2763 CONSIDERED_RELEVANT b'1355882'
ACTION SNIPPET 10000 2766 SNIPPET_RELEVANT b'1585411'
ACTION DOC 10000 2786 EXAMINING_DOCUMENT b'1585411'
ACTION SNIPPET 10000 2789 SEEN_PREVIOUSLY b'1087520'
ACTION SNIPPET 10000 2792 SNIPPET_RELEVANT b'197880'
ACTION DOC 10000 2812 EXAMINING_DOCUMENT b'197880'
ACTION SNIPPET 10000 2815 SNIPPET_NOT_RELEVANT b'1010967'
ACTION QUERY 10000 2825 euro opposition difference
ACTION SERP 10000 2830 EXAMINE_SERP
ACTION SNIPPET 10000 2833 SEEN_PREVIOUSLY b'1136043'
ACTION SNIPPET 10000 2836 SEEN_PREVIOUSLY b'1466058'
ACTION SNIPPET 10000 2839 SEEN_PREVIOUSLY b'1445748'
ACTION SNIPPET 10000 2842 SEEN_PREVIOUSLY b'1066322'
ACTION SNIPPET 10000 2845 SEEN_PREVIOUSLY b'1444668'
ACTION SNIPPET 10000 2848 SEEN_PREVIOUSLY b'1234794'
ACTION SNIPPET 10000 2851 SEEN_PREVIOUSLY b'1087520'
ACTION SNIPPET 10000 2854 SEEN_PREVIOUSLY b'985381'
ACTION SNIPPET 10000 2857 SEEN_PREVIOUSLY b'1075464'
ACTION SNIPPET 10000 2860 SEEN_PREVIOUSLY b'932027'
ACTION SNIPPET 10000 2863 SEEN_PREVIOUSLY b'1122300'
ACTION SNIPPET 10000 2866 SNIPPET_RELEVANT b'1352184'
ACTION DOC 10000 2886 EXAMINING_DOCUMENT b'1352184'
ACTION QUERY 10000 2896 euro opposition percentage
ACTION SERP 10000 2901 EXAMINE_SERP
ACTION SNIPPET 10000 2904 SEEN_PREVIOUSLY b'1087520'
ACTION SNIPPET 10000 2907 SEEN_PREVIOUSLY b'1075464'
ACTION SNIPPET 10000 2910 SEEN_PREVIOUSLY b'1269417'
ACTION SNIPPET 10000 2913 SNIPPET_RELEVANT b'1518756'
ACTION DOC 10000 2933 EXAMINING_DOCUMENT b'1518756'
ACTION MARK 10000 2936 CONSIDERED_RELEVANT b'1518756'
ACTION SNIPPET 10000 2939 SNIPPET_RELEVANT b'1499365'
ACTION DOC 10000 2959 EXAMINING_DOCUMENT b'1499365'
ACTION SNIPPET 10000 2962 SNIPPET_NOT_RELEVANT b'1110579'
ACTION SNIPPET 10000 2965 SNIPPET_RELEVANT b'1500201'
ACTION DOC 10000 2985 EXAMINING_DOCUMENT b'1500201'
ACTION SNIPPET 10000 2988 SNIPPET_RELEVANT b'1272919'
ACTION DOC 10000 3008 EXAMINING_DOCUMENT b'1272919'
ACTION QUERY 10000 3018 euro opposition stock
ACTION SERP 10000 3023 EXAMINE_SERP
ACTION SNIPPET 10000 3026 SEEN_PREVIOUSLY b'1087520'
ACTION SNIPPET 10000 3029 SEEN_PREVIOUSLY b'1644299'
ACTION SNIPPET 10000 3032 SEEN_PREVIOUSLY b'1503341'
ACTION SNIPPET 10000 3035 SNIPPET_NOT_RELEVANT b'1629895'
ACTION SNIPPET 10000 3038 SEEN_PREVIOUSLY b'1230643'
ACTION SNIPPET 10000 3041 SEEN_PREVIOUSLY b'1125958'
ACTION SNIPPET 10000 3044 SNIPPET_RELEVANT b'1720109'
ACTION DOC 10000 3064 EXAMINING_DOCUMENT b'1720109'
ACTION SNIPPET 10000 3067 SEEN_PREVIOUSLY b'1066322'
ACTION SNIPPET 10000 3070 SNIPPET_NOT_RELEVANT b'1770689'
ACTION QUERY 10000 3080 euro opposition clever
ACTION SERP 10000 3085 EXAMINE_SERP
ACTION SNIPPET 10000 3088 SNIPPET_NOT_RELEVANT b'1569321'
ACTION SNIPPET 10000 3091 SNIPPET_RELEVANT b'1423273'
ACTION DOC 10000 3111 EXAMINING_DOCUMENT b'1423273'
ACTION MARK 10000 3114 CONSIDERED_RELEVANT b'1423273'
ACTION SNIPPET 10000 3117 SEEN_PREVIOUSLY b'1087520'
ACTION SNIPPET 10000 3120 SEEN_PREVIOUSLY b'928469'
ACTION SNIPPET 10000 3123 SEEN_PREVIOUSLY b'1136043'
ACTION SNIPPET 10000 3126 SEEN_PREVIOUSLY b'1075464'
ACTION SNIPPET 10000 3129 SNIPPET_NOT_RELEVANT b'1075177'
ACTION SNIPPET 10000 3132 SEEN_PREVIOUSLY b'1356046'
ACTION SNIPPET 10000 3135 SNIPPET_NOT_RELEVANT b'1771451'
ACTION SNIPPET 10000 3138 SEEN_PREVIOUSLY b'1489276'
ACTION SNIPPET 10000 3141 SEEN_PREVIOUSLY b'1466058'
ACTION SNIPPET 10000 3144 SEEN_PREVIOUSLY b'1644299'
ACTION SNIPPET 10000 3147 SEEN_PREVIOUSLY b'1230643'
ACTION SNIPPET 10000 3150 SEEN_PREVIOUSLY b'994363'
ACTION SNIPPET 10000 3153 SEEN_PREVIOUSLY b'1466646'
ACTION SNIPPET 10000 3156 SNIPPET_NOT_RELEVANT b'1777741'
ACTION SNIPPET 10000 3159 SEEN_PREVIOUSLY b'1197910'
ACTION SNIPPET 10000 3162 SEEN_PREVIOUSLY b'1521291'
ACTION SNIPPET 10000 3165 SNIPPET_RELEVANT b'1558449'
ACTION DOC 10000 3185 EXAMINING_DOCUMENT b'1558449'
ACTION QUERY 10000 3195 euro opposition street
ACTION SERP 10000 3200 EXAMINE_SERP
ACTION SNIPPET 10000 3203 SEEN_PREVIOUSLY b'1489276'
ACTION SNIPPET 10000 3206 SNIPPET_RELEVANT b'1756342'
ACTION DOC 10000 3226 EXAMINING_DOCUMENT b'1756342'
ACTION SNIPPET 10000 3229 SEEN_PREVIOUSLY b'1489036'
ACTION SNIPPET 10000 3232 SEEN_PREVIOUSLY b'1087520'
ACTION SNIPPET 10000 3235 SEEN_PREVIOUSLY b'1006953'
ACTION SNIPPET 10000 3238 SEEN_PREVIOUSLY b'1136043'
ACTION SNIPPET 10000 3241 SEEN_PREVIOUSLY b'1075464'
ACTION SNIPPET 10000 3244 SEEN_PREVIOUSLY b'1356046'
ACTION SNIPPET 10000 3247 SEEN_PREVIOUSLY b'1303583'
ACTION QUERY 10000 3257 euro opposition announce
ACTION SERP 10000 3262 EXAMINE_SERP
ACTION SNIPPET 10000 3265 SEEN_PREVIOUSLY b'1087520'
ACTION SNIPPET 10000 3268 SEEN_PREVIOUSLY b'1489276'
ACTION SNIPPET 10000 3271 SEEN_PREVIOUSLY b'1075464'
ACTION SNIPPET 10000 3274 SEEN_PREVIOUSLY b'1230643'
ACTION SNIPPET 10000 3277 SNIPPET_NOT_RELEVANT b'1629895'
ACTION SNIPPET 10000 3280 SEEN_PREVIOUSLY b'1444668'
ACTION SNIPPET 10000 3283 SNIPPET_NOT_RELEVANT b'1116604'
ACTION SNIPPET 10000 3286 SEEN_PREVIOUSLY b'1066322'
ACTION SNIPPET 10000 3289 SEEN_PREVIOUSLY b'1212797'
ACTION SNIPPET 10000 3292 SEEN_PREVIOUSLY b'1136043'
ACTION SNIPPET 10000 3295 SNIPPET_RELEVANT b'1626334'
ACTION DOC 10000 3315 EXAMINING_DOCUMENT b'1626334'
ACTION QUERY 10000 3325 euro opposition yuan
ACTION SERP 10000 3330 EXAMINE_SERP
ACTION SNIPPET 10000 3333 SNIPPET_RELEVANT b'1689132'
ACTION DOC 10000 3353 EXAMINING_DOCUMENT b'1689132'
ACTION SNIPPET 10000 3356 SNIPPET_RELEVANT b'1655140'
ACTION DOC 10000 3376 EXAMINING_DOCUMENT b'1655140'
ACTION QUERY 10000 3386 euro opposition nuclear
ACTION SERP 10000 3391 EXAMINE_SERP
ACTION SNIPPET 10000 3394 SEEN_PREVIOUSLY b'1626334'
ACTION SNIPPET 10000 3397 SEEN_PREVIOUSLY b'1720109'
ACTION SNIPPET 10000 3400 SNIPPET_RELEVANT b'1827550'
ACTION DOC 10000 3420 EXAMINING_DOCUMENT b'1827550'
ACTION SNIPPET 10000 3423 SEEN_PREVIOUSLY b'1087520'
ACTION SNIPPET 10000 3426 SEEN_PREVIOUSLY b'1136043'
ACTION SNIPPET 10000 3429 SEEN_PREVIOUSLY b'1075464'
ACTION SNIPPET 10000 3432 SNIPPET_NOT_RELEVANT b'1269190'
ACTION SNIPPET 10000 3435 SNIPPET_RELEVANT b'1691709'
ACTION DOC 10000 3455 EXAMINING_DOCUMENT b'1691709'
ACTION QUERY 10000 3465 euro opposition trevors
ACTION SERP 10000 3470 EXAMINE_SERP
ACTION SNIPPET 10000 3473 SEEN_PREVIOUSLY b'1234794'
ACTION SNIPPET 10000 3476 SEEN_PREVIOUSLY b'1232358'
ACTION SNIPPET 10000 3479 SNIPPET_RELEVANT b'1630039'
ACTION DOC 10000 3499 EXAMINING_DOCUMENT b'1630039'
ACTION SNIPPET 10000 3502 SEEN_PREVIOUSLY b'1087520'
ACTION SNIPPET 10000 3505 SEEN_PREVIOUSLY b'1136043'
ACTION SNIPPET 10000 3508 SEEN_PREVIOUSLY b'1075464'
ACTION SNIPPET 10000 3511 SEEN_PREVIOUSLY b'1356046'
ACTION SNIPPET 10000 3514 SEEN_PREVIOUSLY b'1489276'
ACTION SNIPPET 10000 3517 SEEN_PREVIOUSLY b'1466058'
ACTION QUERY 10000 3527 euro opposition ernst
ACTION SERP 10000 3532 EXAMINE_SERP
ACTION SNIPPET 10000 3535 SNIPPET_RELEVANT b'1164688'
ACTION DOC 10000 3555 EXAMINING_DOCUMENT b'1164688'
ACTION SNIPPET 10000 3558 SNIPPET_NOT_RELEVANT b'1207711'
ACTION SNIPPET 10000 3561 SNIPPET_NOT_RELEVANT b'1480957'
ACTION SNIPPET 10000 3564 SNIPPET_RELEVANT b'1230724'
ACTION DOC 10000 3584 EXAMINING_DOCUMENT b'1230724'
ACTION QUERY 10000 3594 euro opposition creation
ACTION SERP 10000 3599 EXAMINE_SERP
ACTION SNIPPET 10000 3602 SEEN_PREVIOUSLY b'1006953'
ACTION SNIPPET 10000 3605 SEEN_PREVIOUSLY b'1466058'
ACTION SNIPPET 10000 3608 SEEN_PREVIOUSLY b'985381'
ACTION SNIPPET 10000 3611 SEEN_PREVIOUSLY b'1816094'
ACTION SNIPPET 10000 3614 SNIPPET_NOT_RELEVANT b'937880'
ACTION SNIPPET 10000 3617 SEEN_PREVIOUSLY b'1087520'
ACTION SNIPPET 10000 3620 SNIPPET_RELEVANT b'1338478'
ACTION DOC 10000 3640 EXAMINING_DOCUMENT b'1338478'
ACTION SNIPPET 10000 3643 SNIPPET_NOT_RELEVANT b'1196539'
ACTION SNIPPET 10000 3646 SEEN_PREVIOUSLY b'936486'
ACTION QUERY 10000 3656 euro opposition proposing
ACTION SERP 10000 3661 EXAMINE_SERP
ACTION SNIPPET 10000 3664 SEEN_PREVIOUSLY b'1503341'
ACTION SNIPPET 10000 3667 SEEN_PREVIOUSLY b'1087520'
ACTION SNIPPET 10000 3670 SNIPPET_RELEVANT b'1741553'
ACTION DOC 10000 3690 EXAMINING_DOCUMENT b'1741553'
ACTION SNIPPET 10000 3693 SEEN_PREVIOUSLY b'1407344'
ACTION SNIPPET 10000 3696 SEEN_PREVIOUSLY b'934426'
ACTION SNIPPET 10000 3699 SNIPPET_RELEVANT b'946857'
ACTION DOC 10000 3719 EXAMINING_DOCUMENT b'946857'
ACTION MARK 10000 3722 CONSIDERED_RELEVANT b'946857'
ACTION SNIPPET 10000 3725 SNIPPET_NOT_RELEVANT b'1668526'
ACTION SNIPPET 10000 3728 SEEN_PREVIOUSLY b'1136043'
ACTION SNIPPET 10000 3731 SEEN_PREVIOUSLY b'985381'
ACTION SNIPPET 10000 3734 SEEN_PREVIOUSLY b'1446215'
ACTION SNIPPET 10000 3737 SEEN_PREVIOUSLY b'1075464'
ACTION SNIPPET 10000 3740 SEEN_PREVIOUSLY b'1289705'
ACTION SNIPPET 10000 3743 SEEN_PREVIOUSLY b'1269417'
ACTION SNIPPET 10000 3746 SNIPPET_NOT_RELEVANT b'934640'
ACTION SNIPPET 10000 3749 SEEN_PREVIOUSLY b'1150133'
ACTION SNIPPET 10000 3752 SNIPPET_RELEVANT b'745789'
ACTION DOC 10000 3772 EXAMINING_DOCUMENT b'745789'
ACTION QUERY 10000 3782 euro opposition rejecting
ACTION SERP 10000 3787 EXAMINE_SERP
ACTION SNIPPET 10000 3790 SEEN_PREVIOUSLY b'1676650'
ACTION SNIPPET 10000 3793 SEEN_PREVIOUSLY b'1006953'
ACTION SNIPPET 10000 3796 SEEN_PREVIOUSLY b'1503341'
ACTION SNIPPET 10000 3799 SEEN_PREVIOUSLY b'1521291'
ACTION SNIPPET 10000 3802 SEEN_PREVIOUSLY b'1234794'
ACTION SNIPPET 10000 3805 SEEN_PREVIOUSLY b'1489036'
ACTION SNIPPET 10000 3808 SEEN_PREVIOUSLY b'1444668'
ACTION SNIPPET 10000 3811 SNIPPET_RELEVANT b'1073286'
ACTION DOC 10000 3831 EXAMINING_DOCUMENT b'1073286'
ACTION SNIPPET 10000 3834 SNIPPET_NOT_RELEVANT b'1554163'
ACTION QUERY 10000 3844 euro opposition leading
ACTION SERP 10000 3849 EXAMINE_SERP
ACTION SNIPPET 10000 3852 SEEN_PREVIOUSLY b'1087520'
ACTION SNIPPET 10000 3855 SEEN_PREVIOUSLY b'1356046'
ACTION SNIPPET 10000 3858 SEEN_PREVIOUSLY b'1136043'
ACTION SNIPPET 10000 3861 SEEN_PREVIOUSLY b'1075464'
ACTION SNIPPET 10000 3864 SEEN_PREVIOUSLY b'1489276'
ACTION SNIPPET 10000 3867 SEEN_PREVIOUSLY b'994363'
ACTION SNIPPET 10000 3870 SEEN_PREVIOUSLY b'1466058'
ACTION SNIPPET 10000 3873 SEEN_PREVIOUSLY b'1644299'
ACTION SNIPPET 10000 3876 SEEN_PREVIOUSLY b'1230643'
ACTION SNIPPET 10000 3879 SNIPPET_NOT_RELEVANT b'1629895'
ACTION SNIPPET 10000 3882 SEEN_PREVIOUSLY b'1521291'
ACTION SNIPPET 10000 3885 SEEN_PREVIOUSLY b'1466646'
ACTION SNIPPET 10000 3888 SEEN_PREVIOUSLY b'1515073'
ACTION SNIPPET 10000 3891 SEEN_PREVIOUSLY b'985381'
ACTION SNIPPET 10000 3894 SEEN_PREVIOUSLY b'1232358'
ACTION QUERY 10000 3904 euro opposition brussels
ACTION SERP 10000 3909 EXAMINE_SERP
ACTION SNIPPET 10000 3912 SEEN_PREVIOUSLY b'817222'
ACTION SNIPPET 10000 3915 SEEN_PREVIOUSLY b'1633084'
ACTION SNIPPET 10000 3918 SNIPPET_NOT_RELEVANT b'1842327'
ACTION SNIPPET 10000 3921 SEEN_PREVIOUSLY b'1521291'
ACTION SNIPPET 10000 3924 SNIPPET_NOT_RELEVANT b'1753051'
ACTION SNIPPET 10000 3927 SNIPPET_NOT_RELEVANT b'1827855'
ACTION SNIPPET 10000 3930 SEEN_PREVIOUSLY b'930818'
ACTION SNIPPET 10000 3933 SEEN_PREVIOUSLY b'923862'
ACTION SNIPPET 10000 3936 SEEN_PREVIOUSLY b'1466058'
ACTION SNIPPET 10000 3939 SEEN_PREVIOUSLY b'1676650'
ACTION SNIPPET 10000 3942 SNIPPET_NOT_RELEVANT b'892021'
ACTION SNIPPET 10000 3945 SNIPPET_NOT_RELEVANT b'1624757'
ACTION SNIPPET 10000 3948 SNIPPET_NOT_RELEVANT b'1368623'
ACTION SNIPPET 10000 3951 SNIPPET_RELEVANT b'1536611'
ACTION DOC 10000 3971 EXAMINING_DOCUMENT b'1536611'
ACTION QUERY 10000 3981 euro opposition interim
ACTION SERP 10000 3986 EXAMINE_SERP
ACTION SNIPPET 10000 3989 SEEN_PREVIOUSLY b'1562316'
ACTION SNIPPET 10000 3992 SNIPPET_NOT_RELEVANT b'1576078'
ACTION SNIPPET 10000 3995 SNIPPET_NOT_RELEVANT b'1392125'
ACTION SNIPPET 10000 3998 SEEN_PREVIOUSLY b'1087520'
ACTION SNIPPET 10000 4001 SEEN_PREVIOUSLY b'1136043'
ACTION SNIPPET 10000 4004 SEEN_PREVIOUSLY b'1075464'
ACTION SNIPPET 10000 4007 SNIPPET_NOT_RELEVANT b'1196710'
ACTION SNIPPET 10000 4010 SNIPPET_RELEVANT b'1624757'
ACTION DOC 10000 4030 EXAMINING_DOCUMENT b'1624757'
ACTION SNIPPET 10000 4033 SEEN_PREVIOUSLY b'1356046'
ACTION QUERY 10000 4043 euro opposition trying
ACTION SERP 10000 4048 EXAMINE_SERP
ACTION SNIPPET 10000 4051 SEEN_PREVIOUSLY b'1087520'
ACTION SNIPPET 10000 4054 SEEN_PREVIOUSLY b'1136043'
ACTION SNIPPET 10000 4057 SEEN_PREVIOUSLY b'1075464'
ACTION SNIPPET 10000 4060 SEEN_PREVIOUSLY b'1756342'
ACTION SNIPPET 10000 4063 SEEN_PREVIOUSLY b'1356046'
ACTION SNIPPET 10000 4066 SEEN_PREVIOUSLY b'1676650'
ACTION SNIPPET 10000 4069 SEEN_PREVIOUSLY b'1489276'
ACTION SNIPPET 10000 4072 SEEN_PREVIOUSLY b'1466058'
ACTION SNIPPET 10000 4075 SEEN_PREVIOUSLY b'1644299'
ACTION SNIPPET 10000 4078 SEEN_PREVIOUSLY b'1230643'
ACTION SNIPPET 10000 4081 SEEN_PREVIOUSLY b'994363'
ACTION SNIPPET 10000 4084 SEEN_PREVIOUSLY b'1816094'
ACTION SNIPPET 10000 4087 SEEN_PREVIOUSLY b'930818'
ACTION SNIPPET 10000 4090 SEEN_PREVIOUSLY b'928469'
ACTION SNIPPET 10000 4093 SEEN_PREVIOUSLY b'1269417'
ACTION QUERY 10000 4103 euro opposition response
ACTION SERP 10000 4108 EXAMINE_SERP
ACTION SNIPPET 10000 4111 SEEN_PREVIOUSLY b'1075464'
ACTION SNIPPET 10000 4114 SEEN_PREVIOUSLY b'1230643'
ACTION SNIPPET 10000 4117 SEEN_PREVIOUSLY b'1087520'
ACTION SNIPPET 10000 4120 SEEN_PREVIOUSLY b'1136043'
ACTION SNIPPET 10000 4123 SNIPPET_NOT_RELEVANT b'1226815'
ACTION SNIPPET 10000 4126 SEEN_PREVIOUSLY b'1356046'
ACTION SNIPPET 10000 4129 SEEN_PREVIOUSLY b'1489276'
ACTION SNIPPET 10000 4132 SEEN_PREVIOUSLY b'1466058'
ACTION SNIPPET 10000 4135 SEEN_PREVIOUSLY b'1644299'
ACTION SNIPPET 10000 4138 SEEN_PREVIOUSLY b'994363'
ACTION SNIPPET 10000 4141 SNIPPET_RELEVANT b'1581155'
ACTION DOC 10000 4161 EXAMINING_DOCUMENT b'1581155'
ACTION QUERY 10000 4171 euro opposition farmers
ACTION SERP 10000 4176 EXAMINE_SERP
ACTION SNIPPET 10000 4179 SEEN_PREVIOUSLY b'1580809'
ACTION SNIPPET 10000 4182 SEEN_PREVIOUSLY b'1407344'
ACTION SNIPPET 10000 4185 SNIPPET_NOT_RELEVANT b'20795'
ACTION SNIPPET 10000 4188 SEEN_PREVIOUSLY b'1087520'
ACTION SNIPPET 10000 4191 SEEN_PREVIOUSLY b'946857'
ACTION SNIPPET 10000 4194 SNIPPET_RELEVANT b'538835'
ACTION DOC 10000 4214 EXAMINING_DOCUMENT b'538835'
ACTION SNIPPET 10000 4217 SEEN_PREVIOUSLY b'1232358'
ACTION SNIPPET 10000 4220 SNIPPET_NOT_RELEVANT b'1397957'
ACTION SNIPPET 10000 4223 SEEN_PREVIOUSLY b'1136043'
ACTION QUERY 10000 4233 euro opposition farmer
ACTION SERP 10000 4238 EXAMINE_SERP
ACTION SNIPPET 10000 4241 SEEN_PREVIOUSLY b'1580809'
ACTION SNIPPET 10000 4244 SEEN_PREVIOUSLY b'1407344'
ACTION SNIPPET 10000 4247 SNIPPET_NOT_RELEVANT b'20795'
ACTION SNIPPET 10000 4250 SEEN_PREVIOUSLY b'1087520'
ACTION SNIPPET 10000 4253 SEEN_PREVIOUSLY b'946857'
ACTION SNIPPET 10000 4256 SEEN_PREVIOUSLY b'538835'
ACTION SNIPPET 10000 4259 SEEN_PREVIOUSLY b'1232358'
ACTION SNIPPET 10000 4262 SNIPPET_NOT_RELEVANT b'1397957'
ACTION SNIPPET 10000 4265 SEEN_PREVIOUSLY b'1136043'
ACTION SNIPPET 10000 4268 SEEN_PREVIOUSLY b'1075464'
ACTION SNIPPET 10000 4271 SNIPPET_NOT_RELEVANT b'1545880'
ACTION SNIPPET 10000 4274 SNIPPET_NOT_RELEVANT b'1515051'
ACTION SNIPPET 10000 4277 SEEN_PREVIOUSLY b'928469'
ACTION SNIPPET 10000 4280 SNIPPET_NOT_RELEVANT b'937880'
ACTION SNIPPET 10000 4283 SEEN_PREVIOUSLY b'1356046'
ACTION QUERY 10000 4293 euro opposition hurts
ACTION SERP 10000 4298 EXAMINE_SERP
ACTION SNIPPET 10000 4301 SEEN_PREVIOUSLY b'1466646'
ACTION SNIPPET 10000 4304 SEEN_PREVIOUSLY b'1471714'
ACTION SNIPPET 10000 4307 SNIPPET_NOT_RELEVANT b'1232897'
ACTION SNIPPET 10000 4310 SNIPPET_RELEVANT b'1232860'
ACTION DOC 10000 4330 EXAMINING_DOCUMENT b'1232860'
ACTION SNIPPET 10000 4333 SEEN_PREVIOUSLY b'1087520'
ACTION SNIPPET 10000 4336 SEEN_PREVIOUSLY b'1136043'
ACTION SNIPPET 10000 4339 SNIPPET_RELEVANT b'1231813'
ACTION DOC 10000 4359 EXAMINING_DOCUMENT b'1231813'
ACTION QUERY 10000 4369 euro opposition wares
ACTION SERP 10000 4374 EXAMINE_SERP
ACTION SNIPPET 10000 4377 SNIPPET_NOT_RELEVANT b'584469'
ACTION SNIPPET 10000 4380 SEEN_PREVIOUSLY b'1087520'
ACTION SNIPPET 10000 4383 SEEN_PREVIOUSLY b'1136043'
ACTION SNIPPET 10000 4386 SEEN_PREVIOUSLY b'1075464'
ACTION SNIPPET 10000 4389 SEEN_PREVIOUSLY b'1356046'
ACTION SNIPPET 10000 4392 SNIPPET_NOT_RELEVANT b'1457733'
ACTION SNIPPET 10000 4395 SEEN_PREVIOUSLY b'1489276'
ACTION SNIPPET 10000 4398 SEEN_PREVIOUSLY b'1466058'
ACTION SNIPPET 10000 4401 SNIPPET_NOT_RELEVANT b'1764796'
ACTION SNIPPET 10000 4404 SEEN_PREVIOUSLY b'1644299'
ACTION SNIPPET 10000 4407 SNIPPET_RELEVANT b'1826942'
ACTION DOC 10000 4427 EXAMINING_DOCUMENT b'1826942'
ACTION QUERY 10000 4437 euro opposition morgan
ACTION SERP 10000 4442 EXAMINE_SERP
ACTION SNIPPET 10000 4445 SNIPPET_NOT_RELEVANT b'1136673'
ACTION SNIPPET 10000 4448 SEEN_PREVIOUSLY b'1125958'
ACTION SNIPPET 10000 4451 SNIPPET_NOT_RELEVANT b'1551169'
ACTION SNIPPET 10000 4454 SNIPPET_NOT_RELEVANT b'55141'
ACTION SNIPPET 10000 4457 SNIPPET_RELEVANT b'1074533'
ACTION DOC 10000 4477 EXAMINING_DOCUMENT b'1074533'
ACTION MARK 10000 4480 CONSIDERED_RELEVANT b'1074533'
ACTION SNIPPET 10000 4483 SNIPPET_NOT_RELEVANT b'1772920'
ACTION SNIPPET 10000 4486 SNIPPET_NOT_RELEVANT b'1550410'
ACTION SNIPPET 10000 4489 SNIPPET_NOT_RELEVANT b'1536328'
ACTION SNIPPET 10000 4492 SNIPPET_NOT_RELEVANT b'1089442'
ACTION SNIPPET 10000 4495 SNIPPET_NOT_RELEVANT b'1484842'
ACTION SNIPPET 10000 4498 SEEN_PREVIOUSLY b'1234794'
ACTION SNIPPET 10000 4501 SNIPPET_NOT_RELEVANT b'1509799'
ACTION SNIPPET 10000 4504 SEEN_PREVIOUSLY b'1059353'
ACTION SNIPPET 10000 4507 SNIPPET_NOT_RELEVANT b'1355879'
ACTION SNIPPET 10000 4510 SEEN_PREVIOUSLY b'1087520'
ACTION SNIPPET 10000 4513 SNIPPET_NOT_RELEVANT b'1073922'
ACTION SNIPPET 10000 4516 SNIPPET_NOT_RELEVANT b'1579741'
ACTION SNIPPET 10000 4519 SEEN_PREVIOUSLY b'1272919'
ACTION SNIPPET 10000 4522 SNIPPET_NOT_RELEVANT b'1356034'
ACTION SNIPPET 10000 4525 SNIPPET_NOT_RELEVANT b'1356178'
ACTION SNIPPET 10000 4528 SNIPPET_NOT_RELEVANT b'1444031'
ACTION SNIPPET 10000 4531 SNIPPET_NOT_RELEVANT b'1557952'
ACTION QUERY 10000 4541 euro opposition alstom
ACTION SERP 10000 4546 EXAMINE_SERP
ACTION SNIPPET 10000 4549 SNIPPET_NOT_RELEVANT b'1521852'
ACTION SNIPPET 10000 4552 SNIPPET_NOT_RELEVANT b'1501709'
ACTION SNIPPET 10000 4555 SNIPPET_RELEVANT b'1582768'
ACTION DOC 10000 4575 EXAMINING_DOCUMENT b'1582768'
ACTION SNIPPET 10000 4578 SNIPPET_NOT_RELEVANT b'1584793'
ACTION SNIPPET 10000 4581 SNIPPET_RELEVANT b'1520518'
ACTION DOC 10000 4601 EXAMINING_DOCUMENT b'1520518'
ACTION QUERY 10000 4611 euro opposition monti
ACTION SERP 10000 4616 EXAMINE_SERP
ACTION SNIPPET 10000 4619 SNIPPET_NOT_RELEVANT b'1764796'
ACTION SNIPPET 10000 4622 SNIPPET_RELEVANT b'1521852'
ACTION DOC 10000 4642 EXAMINING_DOCUMENT b'1521852'
ACTION SNIPPET 10000 4645 SNIPPET_NOT_RELEVANT b'1584793'
ACTION SNIPPET 10000 4648 SEEN_PREVIOUSLY b'1520518'
ACTION SNIPPET 10000 4651 SNIPPET_NOT_RELEVANT b'1518292'
ACTION SNIPPET 10000 4654 SEEN_PREVIOUSLY b'1517397'
ACTION SNIPPET 10000 4657 SNIPPET_RELEVANT b'1332419'
ACTION DOC 10000 4677 EXAMINING_DOCUMENT b'1332419'
ACTION QUERY 10000 4687 euro opposition lost
ACTION SERP 10000 4692 EXAMINE_SERP
ACTION SNIPPET 10000 4695 SEEN_PREVIOUSLY b'1087520'
ACTION SNIPPET 10000 4698 SEEN_PREVIOUSLY b'1136043'
ACTION SNIPPET 10000 4701 SEEN_PREVIOUSLY b'817222'
ACTION SNIPPET 10000 4704 SEEN_PREVIOUSLY b'1075464'
ACTION SNIPPET 10000 4707 SNIPPET_RELEVANT b'1668526'
ACTION DOC 10000 4727 EXAMINING_DOCUMENT b'1668526'
ACTION SNIPPET 10000 4730 SEEN_PREVIOUSLY b'1720109'
ACTION SNIPPET 10000 4733 SEEN_PREVIOUSLY b'1356046'
ACTION SNIPPET 10000 4736 SEEN_PREVIOUSLY b'1562316'
ACTION SNIPPET 10000 4739 SNIPPET_NOT_RELEVANT b'1199200'
ACTION QUERY 10000 4749 euro opposition major
ACTION SERP 10000 4754 EXAMINE_SERP
ACTION SNIPPET 10000 4757 SEEN_PREVIOUSLY b'1136043'
ACTION SNIPPET 10000 4760 SEEN_PREVIOUSLY b'1356046'
ACTION SNIPPET 10000 4763 SEEN_PREVIOUSLY b'817222'
ACTION SNIPPET 10000 4766 SEEN_PREVIOUSLY b'1489276'
ACTION SNIPPET 10000 4769 SEEN_PREVIOUSLY b'1087520'
ACTION SNIPPET 10000 4772 SEEN_PREVIOUSLY b'932027'
ACTION SNIPPET 10000 4775 SEEN_PREVIOUSLY b'1756342'
ACTION SNIPPET 10000 4778 SEEN_PREVIOUSLY b'745789'
ACTION SNIPPET 10000 4781 SEEN_PREVIOUSLY b'1150133'
ACTION SNIPPET 10000 4784 SEEN_PREVIOUSLY b'1489036'
ACTION SNIPPET 10000 4787 SEEN_PREVIOUSLY b'1075464'
ACTION SNIPPET 10000 4790 SEEN_PREVIOUSLY b'1444668'
ACTION SNIPPET 10000 4793 SEEN_PREVIOUSLY b'1633084'
ACTION SNIPPET 10000 4796 SEEN_PREVIOUSLY b'1232358'
ACTION SNIPPET 10000 4799 SEEN_PREVIOUSLY b'1466058'
ACTION QUERY 10000 4809 euro opposition republican
ACTION SERP 10000 4814 EXAMINE_SERP
ACTION SNIPPET 10000 4817 SEEN_PREVIOUSLY b'1087520'
ACTION SNIPPET 10000 4820 SEEN_PREVIOUSLY b'1136043'
ACTION SNIPPET 10000 4823 SEEN_PREVIOUSLY b'1075464'
ACTION SNIPPET 10000 4826 SEEN_PREVIOUSLY b'1356046'
ACTION SNIPPET 10000 4829 SEEN_PREVIOUSLY b'1489276'
ACTION SNIPPET 10000 4832 SEEN_PREVIOUSLY b'1466058'
ACTION SNIPPET 10000 4835 SEEN_PREVIOUSLY b'1644299'
ACTION SNIPPET 10000 4838 SEEN_PREVIOUSLY b'1230643'
ACTION SNIPPET 10000 4841 SEEN_PREVIOUSLY b'994363'
ACTION SNIPPET 10000 4844 SEEN_PREVIOUSLY b'1466646'
ACTION SNIPPET 10000 4847 SEEN_PREVIOUSLY b'1521291'
ACTION SNIPPET 10000 4850 SEEN_PREVIOUSLY b'1489036'
ACTION SNIPPET 10000 4853 SEEN_PREVIOUSLY b'1503341'
ACTION SNIPPET 10000 4856 SEEN_PREVIOUSLY b'1006953'
ACTION SNIPPET 10000 4859 SNIPPET_NOT_RELEVANT b'1354812'
ACTION QUERY 10000 4869 euro opposition therapy
ACTION SERP 10000 4874 EXAMINE_SERP
ACTION SNIPPET 10000 4877 SEEN_PREVIOUSLY b'1087520'
ACTION SNIPPET 10000 4880 SEEN_PREVIOUSLY b'1136043'
ACTION SNIPPET 10000 4883 SEEN_PREVIOUSLY b'1075464'
ACTION SNIPPET 10000 4886 SEEN_PREVIOUSLY b'1356046'
ACTION SNIPPET 10000 4889 SEEN_PREVIOUSLY b'1489276'
ACTION SNIPPET 10000 4892 SEEN_PREVIOUSLY b'1466058'
ACTION SNIPPET 10000 4895 SEEN_PREVIOUSLY b'1644299'
ACTION SNIPPET 10000 4898 SEEN_PREVIOUSLY b'1230643'
ACTION SNIPPET 10000 4901 SEEN_PREVIOUSLY b'994363'
ACTION SNIPPET 10000 4904 SEEN_PREVIOUSLY b'1466646'
ACTION SNIPPET 10000 4907 SNIPPET_NOT_RELEVANT b'1492661'
ACTION SNIPPET 10000 4910 SNIPPET_NOT_RELEVANT b'1830293'
ACTION SNIPPET 10000 4913 SEEN_PREVIOUSLY b'1521291'
ACTION SNIPPET 10000 4916 SEEN_PREVIOUSLY b'1489036'
ACTION SNIPPET 10000 4919 SEEN_PREVIOUSLY b'1503341'
ACTION QUERY 10000 4929 euro opposition local
ACTION SERP 10000 4934 EXAMINE_SERP
ACTION SNIPPET 10000 4937 SEEN_PREVIOUSLY b'1087520'
ACTION SNIPPET 10000 4940 SNIPPET_NOT_RELEVANT b'1302841'
ACTION SNIPPET 10000 4943 SEEN_PREVIOUSLY b'1125958'
ACTION SNIPPET 10000 4946 SEEN_PREVIOUSLY b'1349956'
ACTION SNIPPET 10000 4949 SEEN_PREVIOUSLY b'1136043'
ACTION SNIPPET 10000 4952 SEEN_PREVIOUSLY b'1075464'
ACTION SNIPPET 10000 4955 SEEN_PREVIOUSLY b'946857'
ACTION SNIPPET 10000 4958 SEEN_PREVIOUSLY b'1675661'
ACTION SNIPPET 10000 4961 SNIPPET_NOT_RELEVANT b'1321331'
ACTION SNIPPET 10000 4964 SEEN_PREVIOUSLY b'1356046'
ACTION SNIPPET 10000 4967 SNIPPET_RELEVANT b'1199200'
ACTION DOC 10000 4987 EXAMINING_DOCUMENT b'1199200'
ACTION MARK 10000 4990 CONSIDERED_RELEVANT b'1199200'
ACTION SNIPPET 10000 4993 SEEN_PREVIOUSLY b'1489276'
ACTION SNIPPET 10000 4996 SEEN_PREVIOUSLY b'1466058'
ACTION SNIPPET 10000 4999 SEEN_PREVIOUSLY b'1644299'
ACTION SNIPPET 10000 5002 SEEN_PREVIOUSLY b'1230643'
ACTION SNIPPET 10000 5005 SNIPPET_NOT_RELEVANT b'1766461'
ACTION SNIPPET 10000 5008 SEEN_PREVIOUSLY b'994363'
ACTION SNIPPET 10000 5011 SNIPPET_NOT_RELEVANT b'1351664'
ACTION SNIPPET 10000 5014 SNIPPET_NOT_RELEVANT b'1067299'
ACTION SNIPPET 10000 5017 SNIPPET_RELEVANT b'1075177'
ACTION DOC 10000 5037 EXAMINING_DOCUMENT b'1075177'
ACTION SNIPPET 10000 5040 SNIPPET_NOT_RELEVANT b'1659009'
ACTION QUERY 10000 5050 euro opposition bureaucrats
ACTION SERP 10000 5055 EXAMINE_SERP
ACTION SNIPPET 10000 5058 SEEN_PREVIOUSLY b'946857'
ACTION SNIPPET 10000 5061 SEEN_PREVIOUSLY b'1521291'
ACTION SNIPPET 10000 5064 SEEN_PREVIOUSLY b'1075177'
ACTION SNIPPET 10000 5067 SEEN_PREVIOUSLY b'1087520'
ACTION SNIPPET 10000 5070 SNIPPET_RELEVANT b'926152'
ACTION DOC 10000 5090 EXAMINING_DOCUMENT b'926152'
ACTION MARK 10000 5093 CONSIDERED_RELEVANT b'926152'
ACTION SNIPPET 10000 5096 SNIPPET_RELEVANT b'678548'
ACTION DOC 10000 5116 EXAMINING_DOCUMENT b'678548'
ACTION SNIPPET 10000 5119 SEEN_PREVIOUSLY b'1355882'
ACTION SNIPPET 10000 5122 SEEN_PREVIOUSLY b'1136043'
ACTION SNIPPET 10000 5125 SEEN_PREVIOUSLY b'1075464'
ACTION SNIPPET 10000 5128 SNIPPET_RELEVANT b'1368623'
ACTION DOC 10000 5148 EXAMINING_DOCUMENT b'1368623'
ACTION QUERY 10000 5158 euro opposition instrument
ACTION SERP 10000 5163 EXAMINE_SERP
ACTION SNIPPET 10000 5166 SEEN_PREVIOUSLY b'932027'
ACTION SNIPPET 10000 5169 SEEN_PREVIOUSLY b'1087520'
ACTION SNIPPET 10000 5172 SEEN_PREVIOUSLY b'1136043'
ACTION SNIPPET 10000 5175 SEEN_PREVIOUSLY b'1075464'
ACTION SNIPPET 10000 5178 SEEN_PREVIOUSLY b'1356046'
ACTION SNIPPET 10000 5181 SEEN_PREVIOUSLY b'1489276'
ACTION SNIPPET 10000 5184 SEEN_PREVIOUSLY b'1466058'
ACTION SNIPPET 10000 5187 SEEN_PREVIOUSLY b'1644299'
ACTION SNIPPET 10000 5190 SEEN_PREVIOUSLY b'1230643'
ACTION SNIPPET 10000 5193 SEEN_PREVIOUSLY b'994363'
ACTION SNIPPET 10000 5196 SNIPPET_NOT_RELEVANT b'363705'
ACTION SNIPPET 10000 5199 SNIPPET_RELEVANT b'1073781'
ACTION DOC 10000 5219 EXAMINING_DOCUMENT b'1073781'
ACTION MARK 10000 5222 CONSIDERED_RELEVANT b'1073781'
ACTION SNIPPET 10000 5225 SEEN_PREVIOUSLY b'1466646'
ACTION SNIPPET 10000 5228 SEEN_PREVIOUSLY b'1073763'
ACTION SNIPPET 10000 5231 SNIPPET_RELEVANT b'1460918'
ACTION DOC 10000 5251 EXAMINING_DOCUMENT b'1460918'
ACTION SNIPPET 10000 5254 SEEN_PREVIOUSLY b'1521291'
ACTION SNIPPET 10000 5257 SEEN_PREVIOUSLY b'1489036'
ACTION SNIPPET 10000 5260 SEEN_PREVIOUSLY b'1503341'
ACTION SNIPPET 10000 5263 SEEN_PREVIOUSLY b'1006953'
ACTION SNIPPET 10000 5266 SEEN_PREVIOUSLY b'1408613'
ACTION SNIPPET 10000 5269 SEEN_PREVIOUSLY b'1444668'
ACTION SNIPPET 10000 5272 SEEN_PREVIOUSLY b'1125958'
ACTION QUERY 10000 5282 euro opposition best
ACTION SERP 10000 5287 EXAMINE_SERP
ACTION SNIPPET 10000 5290 SEEN_PREVIOUSLY b'1756342'
ACTION SNIPPET 10000 5293 SEEN_PREVIOUSLY b'1087520'
ACTION SNIPPET 10000 5296 SEEN_PREVIOUSLY b'1006953'
ACTION SNIPPET 10000 5299 SEEN_PREVIOUSLY b'1136043'
ACTION SNIPPET 10000 5302 SEEN_PREVIOUSLY b'1075464'
ACTION SNIPPET 10000 5305 SEEN_PREVIOUSLY b'1356046'
ACTION SNIPPET 10000 5308 SEEN_PREVIOUSLY b'1489276'
ACTION SNIPPET 10000 5311 SEEN_PREVIOUSLY b'1466058'
ACTION SNIPPET 10000 5314 SEEN_PREVIOUSLY b'1445748'
ACTION SNIPPET 10000 5317 SEEN_PREVIOUSLY b'1644299'
ACTION SNIPPET 10000 5320 SEEN_PREVIOUSLY b'1230643'
ACTION SNIPPET 10000 5323 SEEN_PREVIOUSLY b'994363'
ACTION SNIPPET 10000 5326 SEEN_PREVIOUSLY b'930818'
ACTION SNIPPET 10000 5329 SEEN_PREVIOUSLY b'1720109'
ACTION SNIPPET 10000 5332 SNIPPET_NOT_RELEVANT b'1676798'
ACTION QUERY 10000 5342 euro opposition dozen
ACTION SERP 10000 5347 EXAMINE_SERP
ACTION SNIPPET 10000 5350 SEEN_PREVIOUSLY b'946857'
ACTION SNIPPET 10000 5353 SEEN_PREVIOUSLY b'1087520'
ACTION SNIPPET 10000 5356 SEEN_PREVIOUSLY b'1136043'
ACTION SNIPPET 10000 5359 SEEN_PREVIOUSLY b'1075464'
ACTION SNIPPET 10000 5362 SEEN_PREVIOUSLY b'1356046'
ACTION SNIPPET 10000 5365 SEEN_PREVIOUSLY b'1826941'
ACTION SNIPPET 10000 5368 SNIPPET_RELEVANT b'1291534'
ACTION DOC 10000 5388 EXAMINING_DOCUMENT b'1291534'
ACTION SNIPPET 10000 5391 SEEN_PREVIOUSLY b'1489276'
ACTION SNIPPET 10000 5394 SEEN_PREVIOUSLY b'1466058'
ACTION QUERY 10000 5404 euro opposition loan
ACTION SERP 10000 5409 EXAMINE_SERP
ACTION SNIPPET 10000 5412 SEEN_PREVIOUSLY b'1446215'
ACTION SNIPPET 10000 5415 SNIPPET_NOT_RELEVANT b'1342670'
ACTION SNIPPET 10000 5418 SNIPPET_RELEVANT b'1607031'
ACTION DOC 10000 5438 EXAMINING_DOCUMENT b'1607031'
ACTION SNIPPET 10000 5441 SNIPPET_NOT_RELEVANT b'1540146'
ACTION SNIPPET 10000 5444 SNIPPET_NOT_RELEVANT b'1424615'
ACTION SNIPPET 10000 5447 SNIPPET_NOT_RELEVANT b'1581593'
ACTION SNIPPET 10000 5450 SEEN_PREVIOUSLY b'1675661'
ACTION SNIPPET 10000 5453 SNIPPET_NOT_RELEVANT b'1529951'
ACTION SNIPPET 10000 5456 SNIPPET_NOT_RELEVANT b'1583256'
ACTION QUERY 10000 5466 euro opposition expected
ACTION SERP 10000 5471 EXAMINE_SERP
ACTION SNIPPET 10000 5474 SEEN_PREVIOUSLY b'1644299'
ACTION SNIPPET 10000 5477 SEEN_PREVIOUSLY b'1075464'
ACTION SNIPPET 10000 5480 SEEN_PREVIOUSLY b'1230643'
ACTION SNIPPET 10000 5483 SEEN_PREVIOUSLY b'1466646'
ACTION SNIPPET 10000 5486 SEEN_PREVIOUSLY b'1503341'
ACTION SNIPPET 10000 5489 SEEN_PREVIOUSLY b'994363'
ACTION SNIPPET 10000 5492 SEEN_PREVIOUSLY b'1489276'
ACTION SNIPPET 10000 5495 SEEN_PREVIOUSLY b'1087520'
ACTION SNIPPET 10000 5498 SEEN_PREVIOUSLY b'1269417'
ACTION SNIPPET 10000 5501 SEEN_PREVIOUSLY b'1006953'
ACTION SNIPPET 10000 5504 SEEN_PREVIOUSLY b'1136043'
ACTION SNIPPET 10000 5507 SEEN_PREVIOUSLY b'985381'
ACTION SNIPPET 10000 5510 SNIPPET_RELEVANT b'1089442'
ACTION DOC 10000 5530 EXAMINING_DOCUMENT b'1089442'
ACTION QUERY 10000 5540 euro opposition carolinas
ACTION SERP 10000 5545 EXAMINE_SERP
ACTION SNIPPET 10000 5548 SEEN_PREVIOUSLY b'1087520'
ACTION SNIPPET 10000 5551 SEEN_PREVIOUSLY b'1136043'
ACTION SNIPPET 10000 5554 SEEN_PREVIOUSLY b'1075464'
ACTION SNIPPET 10000 5557 SEEN_PREVIOUSLY b'1356046'
ACTION SNIPPET 10000 5560 SEEN_PREVIOUSLY b'1489276'
ACTION SNIPPET 10000 5563 SEEN_PREVIOUSLY b'1466058'
ACTION SNIPPET 10000 5566 SEEN_PREVIOUSLY b'1644299'
ACTION SNIPPET 10000 5569 SEEN_PREVIOUSLY b'1230643'
ACTION SNIPPET 10000 5572 SEEN_PREVIOUSLY b'994363'
ACTION SNIPPET 10000 5575 SEEN_PREVIOUSLY b'1466646'
ACTION SNIPPET 10000 5578 SNIPPET_RELEVANT b'1218201'
ACTION DOC 10000 5598 EXAMINING_DOCUMENT b'1218201'
ACTION QUERY 10000 5608 euro opposition kommunic
ACTION SERP 10000 5613 EXAMINE_SERP
ACTION SNIPPET 10000 5616 SNIPPET_RELEVANT b'1454670'
ACTION DOC 10000 5636 EXAMINING_DOCUMENT b'1454670'
ACTION SNIPPET 10000 5639 SEEN_PREVIOUSLY b'1087520'
ACTION SNIPPET 10000 5642 SEEN_PREVIOUSLY b'1136043'
ACTION SNIPPET 10000 5645 SEEN_PREVIOUSLY b'1075464'
ACTION SNIPPET 10000 5648 SEEN_PREVIOUSLY b'1356046'
ACTION SNIPPET 10000 5651 SEEN_PREVIOUSLY b'1489276'
ACTION SNIPPET 10000 5654 SEEN_PREVIOUSLY b'1466058'
ACTION SNIPPET 10000 5657 SEEN_PREVIOUSLY b'1644299'
ACTION SNIPPET 10000 5660 SEEN_PREVIOUSLY b'1230643'
ACTION QUERY 10000 5670 euro opposition citizens
ACTION SERP 10000 5675 EXAMINE_SERP
ACTION SNIPPET 10000 5678 SEEN_PREVIOUSLY b'1515073'
ACTION SNIPPET 10000 5681 SEEN_PREVIOUSLY b'1087520'
ACTION SNIPPET 10000 5684 SEEN_PREVIOUSLY b'1136043'
ACTION SNIPPET 10000 5687 SEEN_PREVIOUSLY b'1075464'
ACTION SNIPPET 10000 5690 SEEN_PREVIOUSLY b'1210269'
ACTION SNIPPET 10000 5693 SEEN_PREVIOUSLY b'1356046'
ACTION SNIPPET 10000 5696 SEEN_PREVIOUSLY b'1489276'
ACTION SNIPPET 10000 5699 SEEN_PREVIOUSLY b'1466058'
ACTION SNIPPET 10000 5702 SNIPPET_NOT_RELEVANT b'1074770'
ACTION SNIPPET 10000 5705 SEEN_PREVIOUSLY b'1644299'
ACTION SNIPPET 10000 5708 SEEN_PREVIOUSLY b'1230643'
ACTION SNIPPET 10000 5711 SEEN_PREVIOUSLY b'994363'
ACTION SNIPPET 10000 5714 SNIPPET_RELEVANT b'1231328'
ACTION DOC 10000 5734 EXAMINING_DOCUMENT b'1231328'
ACTION MARK 10000 5737 CONSIDERED_RELEVANT b'1231328'
ACTION SNIPPET 10000 5740 SEEN_PREVIOUSLY b'1014977'
ACTION SNIPPET 10000 5743 SNIPPET_RELEVANT b'1290709'
ACTION DOC 10000 5763 EXAMINING_DOCUMENT b'1290709'
ACTION SNIPPET 10000 5766 SEEN_PREVIOUSLY b'1466646'
ACTION SNIPPET 10000 5769 SNIPPET_RELEVANT b'1317443'
ACTION DOC 10000 5789 EXAMINING_DOCUMENT b'1317443'
ACTION QUERY 10000 5799 euro opposition haunts
ACTION SERP 10000 5804 EXAMINE_SERP
ACTION SNIPPET 10000 5807 SEEN_PREVIOUSLY b'1489276'
ACTION SNIPPET 10000 5810 SEEN_PREVIOUSLY b'817222'
ACTION SNIPPET 10000 5813 SNIPPET_NOT_RELEVANT b'1074770'
ACTION SNIPPET 10000 5816 SEEN_PREVIOUSLY b'1087520'
ACTION SNIPPET 10000 5819 SNIPPET_RELEVANT b'449881'
ACTION DOC 10000 5839 EXAMINING_DOCUMENT b'449881'
ACTION SNIPPET 10000 5842 SNIPPET_RELEVANT b'1375622'
ACTION DOC 10000 5862 EXAMINING_DOCUMENT b'1375622'
ACTION QUERY 10000 5872 euro opposition companys
ACTION SERP 10000 5877 EXAMINE_SERP
ACTION SNIPPET 10000 5880 SEEN_PREVIOUSLY b'1087520'
ACTION SNIPPET 10000 5883 SEEN_PREVIOUSLY b'1466646'
ACTION SNIPPET 10000 5886 SEEN_PREVIOUSLY b'1356046'
ACTION SNIPPET 10000 5889 SEEN_PREVIOUSLY b'1136043'
ACTION SNIPPET 10000 5892 SEEN_PREVIOUSLY b'1075464'
ACTION SNIPPET 10000 5895 SNIPPET_RELEVANT b'1629895'
ACTION DOC 10000 5915 EXAMINING_DOCUMENT b'1629895'
ACTION SNIPPET 10000 5918 SEEN_PREVIOUSLY b'1212797'
ACTION SNIPPET 10000 5921 SEEN_PREVIOUSLY b'1489276'
ACTION SNIPPET 10000 5924 SEEN_PREVIOUSLY b'1466058'
ACTION QUERY 10000 5934 euro opposition 2015
ACTION SERP 10000 5939 EXAMINE_SERP
ACTION SNIPPET 10000 5942 SNIPPET_RELEVANT b'1603631'
ACTION DOC 10000 5962 EXAMINING_DOCUMENT b'1603631'
ACTION SNIPPET 10000 5965 SNIPPET_RELEVANT b'820755'
ACTION DOC 10000 5985 EXAMINING_DOCUMENT b'820755'
ACTION QUERY 10000 5995 euro opposition dispense
ACTION SERP 10000 6000 EXAMINE_SERP
ACTION SNIPPET 10000 6003 SNIPPET_RELEVANT b'1355148'
ACTION DOC 10000 6023 EXAMINING_DOCUMENT b'1355148'
ACTION SNIPPET 10000 6026 SNIPPET_NOT_RELEVANT b'1356324'
ACTION SNIPPET 10000 6029 SEEN_PREVIOUSLY b'1087520'
ACTION SNIPPET 10000 6032 SNIPPET_NOT_RELEVANT b'1355671'
ACTION SNIPPET 10000 6035 SNIPPET_RELEVANT b'1818841'
ACTION DOC 10000 6055 EXAMINING_DOCUMENT b'1818841'
ACTION QUERY 10000 6065 euro opposition plan
ACTION SERP 10000 6070 EXAMINE_SERP
ACTION SNIPPET 10000 6073 SEEN_PREVIOUSLY b'1087520'
ACTION SNIPPET 10000 6076 SEEN_PREVIOUSLY b'1075464'
ACTION SNIPPET 10000 6079 SEEN_PREVIOUSLY b'994363'
ACTION SNIPPET 10000 6082 SEEN_PREVIOUSLY b'1489276'
ACTION SNIPPET 10000 6085 SEEN_PREVIOUSLY b'1230643'
ACTION SNIPPET 10000 6088 SEEN_PREVIOUSLY b'1629895'
ACTION SNIPPET 10000 6091 SEEN_PREVIOUSLY b'1503341'
ACTION SNIPPET 10000 6094 SEEN_PREVIOUSLY b'1136043'
ACTION SNIPPET 10000 6097 SEEN_PREVIOUSLY b'1521291'
ACTION SNIPPET 10000 6100 SNIPPET_RELEVANT b'934640'
ACTION DOC 10000 6120 EXAMINING_DOCUMENT b'934640'
ACTION QUERY 10000 6130 euro opposition money
ACTION SERP 10000 6135 EXAMINE_SERP
ACTION SNIPPET 10000 6138 SEEN_PREVIOUSLY b'1125958'
ACTION SNIPPET 10000 6141 SEEN_PREVIOUSLY b'1087520'
ACTION SNIPPET 10000 6144 SEEN_PREVIOUSLY b'1756342'
ACTION SNIPPET 10000 6147 SEEN_PREVIOUSLY b'1562316'
ACTION SNIPPET 10000 6150 SEEN_PREVIOUSLY b'1136043'
ACTION SNIPPET 10000 6153 SEEN_PREVIOUSLY b'1521291'
ACTION SNIPPET 10000 6156 SEEN_PREVIOUSLY b'1075464'
ACTION SNIPPET 10000 6159 SEEN_PREVIOUSLY b'985381'
ACTION SNIPPET 10000 6162 SEEN_PREVIOUSLY b'1356046'
ACTION SNIPPET 10000 6165 SEEN_PREVIOUSLY b'1073286'
ACTION SNIPPET 10000 6168 SEEN_PREVIOUSLY b'1489276'
ACTION SNIPPET 10000 6171 SEEN_PREVIOUSLY b'1466058'
ACTION SNIPPET 10000 6174 SEEN_PREVIOUSLY b'1644299'
ACTION SNIPPET 10000 6177 SEEN_PREVIOUSLY b'1230643'
ACTION SNIPPET 10000 6180 SEEN_PREVIOUSLY b'1349956'
ACTION QUERY 10000 6190 euro opposition winemaking
ACTION SERP 10000 6195 EXAMINE_SERP
ACTION SNIPPET 10000 6198 SNIPPET_NOT_RELEVANT b'1539962'
ACTION SNIPPET 10000 6201 SNIPPET_RELEVANT b'1713425'
ACTION DOC 10000 6221 EXAMINING_DOCUMENT b'1713425'
ACTION SNIPPET 10000 6224 SNIPPET_RELEVANT b'1525399'
ACTION DOC 10000 6244 EXAMINING_DOCUMENT b'1525399'
ACTION QUERY 10000 6254 euro opposition burgundy
ACTION SERP 10000 6259 EXAMINE_SERP
ACTION SNIPPET 10000 6262 SEEN_PREVIOUSLY b'1713425'
ACTION SNIPPET 10000 6265 SNIPPET_NOT_RELEVANT b'1561563'
ACTION SNIPPET 10000 6268 SEEN_PREVIOUSLY b'1087520'
ACTION SNIPPET 10000 6271 SEEN_PREVIOUSLY b'1136043'
ACTION SNIPPET 10000 6274 SNIPPET_NOT_RELEVANT b'1787126'
ACTION SNIPPET 10000 6277 SEEN_PREVIOUSLY b'1075464'
ACTION SNIPPET 10000 6280 SNIPPET_NOT_RELEVANT b'1598734'
ACTION SNIPPET 10000 6283 SEEN_PREVIOUSLY b'1356046'
ACTION SNIPPET 10000 6286 SEEN_PREVIOUSLY b'1489276'
ACTION SNIPPET 10000 6289 SEEN_PREVIOUSLY b'1466058'
ACTION SNIPPET 10000 6292 SEEN_PREVIOUSLY b'1644299'
ACTION SNIPPET 10000 6295 SEEN_PREVIOUSLY b'1230643'
ACTION SNIPPET 10000 6298 SEEN_PREVIOUSLY b'1525399'
ACTION SNIPPET 10000 6301 SEEN_PREVIOUSLY b'994363'
ACTION SNIPPET 10000 6304 SEEN_PREVIOUSLY b'1466646'
ACTION QUERY 10000 6314 euro opposition girl
ACTION SERP 10000 6319 EXAMINE_SERP
ACTION SNIPPET 10000 6322 SEEN_PREVIOUSLY b'1087520'
ACTION SNIPPET 10000 6325 SEEN_PREVIOUSLY b'1136043'
ACTION SNIPPET 10000 6328 SEEN_PREVIOUSLY b'1075464'
ACTION SNIPPET 10000 6331 SEEN_PREVIOUSLY b'1356046'
ACTION SNIPPET 10000 6334 SEEN_PREVIOUSLY b'1489276'
ACTION SNIPPET 10000 6337 SEEN_PREVIOUSLY b'1466058'
ACTION SNIPPET 10000 6340 SEEN_PREVIOUSLY b'1644299'
ACTION SNIPPET 10000 6343 SEEN_PREVIOUSLY b'1230643'
ACTION SNIPPET 10000 6346 SEEN_PREVIOUSLY b'994363'
ACTION SNIPPET 10000 6349 SEEN_PREVIOUSLY b'1466646'
ACTION SNIPPET 10000 6352 SEEN_PREVIOUSLY b'1521291'
ACTION SNIPPET 10000 6355 SNIPPET_RELEVANT b'1291809'
ACTION DOC 10000 6375 EXAMINING_DOCUMENT b'1291809'
ACTION MARK 10000 6378 CONSIDERED_RELEVANT b'1291809'
ACTION SNIPPET 10000 6381 SNIPPET_RELEVANT b'1010967'
ACTION DOC 10000 6401 EXAMINING_DOCUMENT b'1010967'
ACTION SNIPPET 10000 6404 SEEN_PREVIOUSLY b'1489036'
ACTION SNIPPET 10000 6407 SEEN_PREVIOUSLY b'1503341'
ACTION SNIPPET 10000 6410 SEEN_PREVIOUSLY b'1006953'
ACTION SNIPPET 10000 6413 SEEN_PREVIOUSLY b'1444668'
ACTION SNIPPET 10000 6416 SEEN_PREVIOUSLY b'1125958'
ACTION SNIPPET 10000 6419 SEEN_PREVIOUSLY b'932027'
ACTION SNIPPET 10000 6422 SEEN_PREVIOUSLY b'1756342'
ACTION SNIPPET 10000 6425 SEEN_PREVIOUSLY b'1629895'
ACTION SNIPPET 10000 6428 SEEN_PREVIOUSLY b'985381'
ACTION QUERY 10000 6438 euro opposition join
ACTION SERP 10000 6443 EXAMINE_SERP
ACTION SNIPPET 10000 6446 SEEN_PREVIOUSLY b'1087520'
ACTION SNIPPET 10000 6449 SEEN_PREVIOUSLY b'1136043'
ACTION SNIPPET 10000 6452 SEEN_PREVIOUSLY b'1075464'
ACTION SNIPPET 10000 6455 SEEN_PREVIOUSLY b'1489276'
ACTION SNIPPET 10000 6458 SEEN_PREVIOUSLY b'1466058'
ACTION SNIPPET 10000 6461 SEEN_PREVIOUSLY b'1356046'
ACTION SNIPPET 10000 6464 SEEN_PREVIOUSLY b'1521291'
ACTION SNIPPET 10000 6467 SEEN_PREVIOUSLY b'1232358'
ACTION SNIPPET 10000 6470 SEEN_PREVIOUSLY b'985381'
ACTION SNIPPET 10000 6473 SEEN_PREVIOUSLY b'1515073'
ACTION SNIPPET 10000 6476 SEEN_PREVIOUSLY b'1059353'
ACTION SNIPPET 10000 6479 SEEN_PREVIOUSLY b'1816094'
ACTION SNIPPET 10000 6482 SEEN_PREVIOUSLY b'1230643'
ACTION SNIPPET 10000 6485 SEEN_PREVIOUSLY b'1495715'
ACTION SNIPPET 10000 6488 SNIPPET_RELEVANT b'1006740'
ACTION DOC 10000 6508 EXAMINING_DOCUMENT b'1006740'
ACTION MARK 10000 6511 CONSIDERED_RELEVANT b'1006740'
ACTION SNIPPET 10000 6514 SEEN_PREVIOUSLY b'1212797'
ACTION SNIPPET 10000 6517 SEEN_PREVIOUSLY b'1234794'
ACTION SNIPPET 10000 6520 SEEN_PREVIOUSLY b'1145586'
ACTION SNIPPET 10000 6523 SEEN_PREVIOUSLY b'1486454'
ACTION SNIPPET 10000 6526 SEEN_PREVIOUSLY b'1489036'
ACTION SNIPPET 10000 6529 SEEN_PREVIOUSLY b'1178457'
ACTION SNIPPET 10000 6532 SEEN_PREVIOUSLY b'1562316'
ACTION SNIPPET 10000 6535 SEEN_PREVIOUSLY b'1150133'
ACTION SNIPPET 10000 6538 SNIPPET_NOT_RELEVANT b'1496464'
ACTION SNIPPET 10000 6541 SEEN_PREVIOUSLY b'1303583'
ACTION SNIPPET 10000 6544 SEEN_PREVIOUSLY b'934426'
ACTION SNIPPET 10000 6547 SEEN_PREVIOUSLY b'817222'
ACTION SNIPPET 10000 6550 SEEN_PREVIOUSLY b'923862'
ACTION SNIPPET 10000 6553 SNIPPET_RELEVANT b'968648'
ACTION DOC 10000 6573 EXAMINING_DOCUMENT b'968648'
ACTION MARK 10000 6576 CONSIDERED_RELEVANT b'968648'
ACTION SNIPPET 10000 6579 SEEN_PREVIOUSLY b'928469'
ACTION SNIPPET 10000 6582 SNIPPET_RELEVANT b'1232926'
ACTION DOC 10000 6602 EXAMINING_DOCUMENT b'1232926'
ACTION MARK 10000 6605 CONSIDERED_RELEVANT b'1232926'
ACTION SNIPPET 10000 6608 SNIPPET_RELEVANT b'1345311'
ACTION DOC 10000 6628 EXAMINING_DOCUMENT b'1345311'
ACTION SNIPPET 10000 6631 SNIPPET_RELEVANT b'966821'
ACTION DOC 10000 6651 EXAMINING_DOCUMENT b'966821'
ACTION MARK 10000 6654 CONSIDERED_RELEVANT b'966821'
ACTION SNIPPET 10000 6657 SEEN_PREVIOUSLY b'930818'
ACTION SNIPPET 10000 6660 SEEN_PREVIOUSLY b'1269417'
ACTION SNIPPET 10000 6663 SEEN_PREVIOUSLY b'932027'
ACTION SNIPPET 10000 6666 SNIPPET_NOT_RELEVANT b'1392650'
ACTION SNIPPET 10000 6669 SEEN_PREVIOUSLY b'1809860'
ACTION SNIPPET 10000 6672 SEEN_PREVIOUSLY b'1145441'
ACTION SNIPPET 10000 6675 SNIPPET_RELEVANT b'923381'
ACTION DOC 10000 6695 EXAMINING_DOCUMENT b'923381'
ACTION MARK 10000 6698 CONSIDERED_RELEVANT b'923381'
ACTION SNIPPET 10000 6701 SNIPPET_NOT_RELEVANT b'1494879'
ACTION SNIPPET 10000 6704 SEEN_PREVIOUSLY b'1234826'
ACTION SNIPPET 10000 6707 SEEN_PREVIOUSLY b'1644299'
ACTION SNIPPET 10000 6710 SEEN_PREVIOUSLY b'994363'
ACTION SNIPPET 10000 6713 SNIPPET_RELEVANT b'1345501'
ACTION DOC 10000 6733 EXAMINING_DOCUMENT b'1345501'
ACTION SNIPPET 10000 6736 SNIPPET_NOT_RELEVANT b'1401440'
ACTION SNIPPET 10000 6739 SEEN_PREVIOUSLY b'1668526'
ACTION SNIPPET 10000 6742 SEEN_PREVIOUSLY b'1074533'
ACTION SNIPPET 10000 6745 SNIPPET_RELEVANT b'1068990'
ACTION DOC 10000 6765 EXAMINING_DOCUMENT b'1068990'
ACTION MARK 10000 6768 CONSIDERED_RELEVANT b'1068990'
ACTION SNIPPET 10000 6771 SEEN_PREVIOUSLY b'1232357'
ACTION SNIPPET 10000 6774 SNIPPET_NOT_RELEVANT b'1496413'
ACTION SNIPPET 10000 6777 SEEN_PREVIOUSLY b'1349956'
ACTION SNIPPET 10000 6780 SNIPPET_NOT_RELEVANT b'1424228'
ACTION SNIPPET 10000 6783 SNIPPET_NOT_RELEVANT b'1196694'
ACTION SNIPPET 10000 6786 SNIPPET_RELEVANT b'810590'
ACTION DOC 10000 6806 EXAMINING_DOCUMENT b'810590'
ACTION SNIPPET 10000 6809 SNIPPET_RELEVANT b'1519966'
ACTION DOC 10000 6829 EXAMINING_DOCUMENT b'1519966'
ACTION MARK 10000 6832 CONSIDERED_RELEVANT b'1519966'
ACTION SNIPPET 10000 6835 SNIPPET_RELEVANT b'812258'
ACTION DOC 10000 6855 EXAMINING_DOCUMENT b'812258'
ACTION SNIPPET 10000 6858 SEEN_PREVIOUSLY b'1466646'
ACTION SNIPPET 10000 6861 SEEN_PREVIOUSLY b'1210269'
ACTION SNIPPET 10000 6864 SNIPPET_NOT_RELEVANT b'1568624'
ACTION SNIPPET 10000 6867 SNIPPET_NOT_RELEVANT b'1221642'
ACTION SNIPPET 10000 6870 SNIPPET_RELEVANT b'1245319'
ACTION DOC 10000 6890 EXAMINING_DOCUMENT b'1245319'
ACTION QUERY 10000 6900 euro opposition mvbms
ACTION SERP 10000 6905 EXAMINE_SERP
ACTION SNIPPET 10000 6908 SNIPPET_RELEVANT b'1497625'
ACTION DOC 10000 6928 EXAMINING_DOCUMENT b'1497625'
ACTION SNIPPET 10000 6931 SNIPPET_RELEVANT b'1401440'
ACTION DOC 10000 6951 EXAMINING_DOCUMENT b'1401440'
ACTION QUERY 10000 6961 euro opposition prospects
ACTION SERP 10000 6966 EXAMINE_SERP
ACTION SNIPPET 10000 6969 SEEN_PREVIOUSLY b'1087520'
ACTION SNIPPET 10000 6972 SEEN_PREVIOUSLY b'1466058'
ACTION SNIPPET 10000 6975 SEEN_PREVIOUSLY b'1515073'
ACTION SNIPPET 10000 6978 SEEN_PREVIOUSLY b'1232357'
ACTION SNIPPET 10000 6981 SEEN_PREVIOUSLY b'1720109'
ACTION SNIPPET 10000 6984 SNIPPET_NOT_RELEVANT b'1484842'
ACTION SNIPPET 10000 6987 SNIPPET_RELEVANT b'1167955'
ACTION DOC 10000 7007 EXAMINING_DOCUMENT b'1167955'
ACTION SNIPPET 10000 7010 SNIPPET_NOT_RELEVANT b'1201334'
ACTION SNIPPET 10000 7013 SNIPPET_RELEVANT b'1230139'
ACTION DOC 10000 7033 EXAMINING_DOCUMENT b'1230139'
ACTION QUERY 10000 7043 euro opposition times
ACTION SERP 10000 7048 EXAMINE_SERP
ACTION SNIPPET 10000 7051 SEEN_PREVIOUSLY b'1087520'
ACTION SNIPPET 10000 7054 SEEN_PREVIOUSLY b'1075464'
ACTION SNIPPET 10000 7057 SEEN_PREVIOUSLY b'1136043'
ACTION SNIPPET 10000 7060 SEEN_PREVIOUSLY b'1356046'
ACTION SNIPPET 10000 7063 SEEN_PREVIOUSLY b'1489276'
ACTION SNIPPET 10000 7066 SEEN_PREVIOUSLY b'1230643'
ACTION SNIPPET 10000 7069 SEEN_PREVIOUSLY b'1466058'
ACTION SNIPPET 10000 7072 SEEN_PREVIOUSLY b'1644299'
ACTION SNIPPET 10000 7075 SEEN_PREVIOUSLY b'1466646'
ACTION SNIPPET 10000 7078 SEEN_PREVIOUSLY b'994363'
ACTION SNIPPET 10000 7081 SEEN_PREVIOUSLY b'1521291'
ACTION SNIPPET 10000 7084 SEEN_PREVIOUSLY b'1756342'
ACTION SNIPPET 10000 7087 SEEN_PREVIOUSLY b'1445748'
ACTION SNIPPET 10000 7090 SEEN_PREVIOUSLY b'1489036'
ACTION SNIPPET 10000 7093 SEEN_PREVIOUSLY b'1503341'
ACTION QUERY 10000 7103 euro opposition londons
ACTION SERP 10000 7108 EXAMINE_SERP
ACTION SNIPPET 10000 7111 SEEN_PREVIOUSLY b'1066322'
ACTION SNIPPET 10000 7114 SEEN_PREVIOUSLY b'1087520'
ACTION SNIPPET 10000 7117 SEEN_PREVIOUSLY b'1489276'
ACTION SNIPPET 10000 7120 SEEN_PREVIOUSLY b'1232358'
ACTION SNIPPET 10000 7123 SEEN_PREVIOUSLY b'1466058'
ACTION SNIPPET 10000 7126 SEEN_PREVIOUSLY b'1356046'
ACTION SNIPPET 10000 7129 SNIPPET_NOT_RELEVANT b'1566109'
ACTION SNIPPET 10000 7132 SEEN_PREVIOUSLY b'1486454'
ACTION SNIPPET 10000 7135 SNIPPET_NOT_RELEVANT b'1632113'
ACTION SNIPPET 10000 7138 SNIPPET_NOT_RELEVANT b'1513059'
ACTION SNIPPET 10000 7141 SNIPPET_NOT_RELEVANT b'1354217'
ACTION SNIPPET 10000 7144 SNIPPET_NOT_RELEVANT b'731394'
ACTION SNIPPET 10000 7147 SNIPPET_NOT_RELEVANT b'936153'
ACTION SNIPPET 10000 7150 SNIPPET_NOT_RELEVANT b'1659470'
ACTION SNIPPET 10000 7153 SNIPPET_NOT_RELEVANT b'707854'
ACTION QUERY 10000 7163 euro opposition countries
ACTION SERP 10000 7168 EXAMINE_SERP
ACTION SNIPPET 10000 7171 SEEN_PREVIOUSLY b'1087520'
ACTION SNIPPET 10000 7174 SEEN_PREVIOUSLY b'994363'
ACTION SNIPPET 10000 7177 SEEN_PREVIOUSLY b'1075464'
ACTION SNIPPET 10000 7180 SEEN_PREVIOUSLY b'1136043'
ACTION SNIPPET 10000 7183 SEEN_PREVIOUSLY b'1521291'
ACTION SNIPPET 10000 7186 SEEN_PREVIOUSLY b'1489276'
ACTION SNIPPET 10000 7189 SEEN_PREVIOUSLY b'1356046'
ACTION SNIPPET 10000 7192 SEEN_PREVIOUSLY b'985381'
ACTION SNIPPET 10000 7195 SEEN_PREVIOUSLY b'1006953'
ACTION SNIPPET 10000 7198 SEEN_PREVIOUSLY b'1230643'
ACTION SNIPPET 10000 7201 SEEN_PREVIOUSLY b'930818'
ACTION SNIPPET 10000 7204 SEEN_PREVIOUSLY b'1489036'
ACTION SNIPPET 10000 7207 SEEN_PREVIOUSLY b'1816094'
ACTION SNIPPET 10000 7210 SEEN_PREVIOUSLY b'1006740'
ACTION SNIPPET 10000 7213 SEEN_PREVIOUSLY b'934640'
ACTION QUERY 10000 7223 euro opposition villages
ACTION SERP 10000 7228 EXAMINE_SERP
ACTION SNIPPET 10000 7231 SNIPPET_NOT_RELEVANT b'1795517'
ACTION SNIPPET 10000 7234 SEEN_PREVIOUSLY b'1087520'
ACTION SNIPPET 10000 7237 SEEN_PREVIOUSLY b'1145586'
ACTION SNIPPET 10000 7240 SEEN_PREVIOUSLY b'928469'
ACTION SNIPPET 10000 7243 SEEN_PREVIOUSLY b'1136043'
ACTION SNIPPET 10000 7246 SEEN_PREVIOUSLY b'1075464'
ACTION SNIPPET 10000 7249 SNIPPET_RELEVANT b'1357782'
ACTION DOC 10000 7269 EXAMINING_DOCUMENT b'1357782'
ACTION SNIPPET 10000 7272 SNIPPET_RELEVANT b'1508449'
ACTION DOC 10000 7292 EXAMINING_DOCUMENT b'1508449'
ACTION QUERY 10000 7302 euro opposition worlds
ACTION SERP 10000 7307 EXAMINE_SERP
ACTION SNIPPET 10000 7310 SEEN_PREVIOUSLY b'1466646'
ACTION SNIPPET 10000 7313 SEEN_PREVIOUSLY b'1087520'
ACTION SNIPPET 10000 7316 SEEN_PREVIOUSLY b'1230643'
ACTION SNIPPET 10000 7319 SEEN_PREVIOUSLY b'1136043'
ACTION SNIPPET 10000 7322 SEEN_PREVIOUSLY b'1075464'
ACTION SNIPPET 10000 7325 SEEN_PREVIOUSLY b'1629895'
ACTION SNIPPET 10000 7328 SEEN_PREVIOUSLY b'1521291'
ACTION SNIPPET 10000 7331 SEEN_PREVIOUSLY b'985381'
ACTION SNIPPET 10000 7334 SEEN_PREVIOUSLY b'1356046'
ACTION SNIPPET 10000 7337 SEEN_PREVIOUSLY b'932027'
ACTION SNIPPET 10000 7340 SEEN_PREVIOUSLY b'1676650'
ACTION SNIPPET 10000 7343 SEEN_PREVIOUSLY b'1232358'
ACTION SNIPPET 10000 7346 SEEN_PREVIOUSLY b'1489276'
ACTION SNIPPET 10000 7349 SEEN_PREVIOUSLY b'1466058'
ACTION SNIPPET 10000 7352 SEEN_PREVIOUSLY b'1644299'
ACTION QUERY 10000 7362 euro opposition appointed
ACTION SERP 10000 7367 EXAMINE_SERP
ACTION SNIPPET 10000 7370 SEEN_PREVIOUSLY b'1087520'
ACTION SNIPPET 10000 7373 SNIPPET_RELEVANT b'1598869'
ACTION DOC 10000 7393 EXAMINING_DOCUMENT b'1598869'
ACTION MARK 10000 7396 CONSIDERED_RELEVANT b'1598869'
ACTION SNIPPET 10000 7399 SEEN_PREVIOUSLY b'1136043'
ACTION SNIPPET 10000 7402 SEEN_PREVIOUSLY b'1075464'
ACTION SNIPPET 10000 7405 SEEN_PREVIOUSLY b'1826941'
ACTION SNIPPET 10000 7408 SNIPPET_NOT_RELEVANT b'1716229'
ACTION SNIPPET 10000 7411 SNIPPET_NOT_RELEVANT b'1575737'
ACTION SNIPPET 10000 7414 SEEN_PREVIOUSLY b'1356046'
ACTION SNIPPET 10000 7417 SNIPPET_NOT_RELEVANT b'1321442'
ACTION SNIPPET 10000 7420 SNIPPET_RELEVANT b'991152'
ACTION DOC 10000 7440 EXAMINING_DOCUMENT b'991152'
ACTION SNIPPET 10000 7443 SNIPPET_RELEVANT b'1471771'
ACTION DOC 10000 7463 EXAMINING_DOCUMENT b'1471771'
ACTION QUERY 10000 7473 euro opposition renamed
ACTION SERP 10000 7478 EXAMINE_SERP
ACTION SNIPPET 10000 7481 SNIPPET_RELEVANT b'1301323'
ACTION DOC 10000 7501 EXAMINING_DOCUMENT b'1301323'
ACTION SNIPPET 10000 7504 SNIPPET_RELEVANT b'1390108'
ACTION DOC 10000 7524 EXAMINING_DOCUMENT b'1390108'
ACTION QUERY 10000 7534 euro opposition chairman
ACTION SERP 10000 7539 EXAMINE_SERP
ACTION SNIPPET 10000 7542 SEEN_PREVIOUSLY b'994363'
ACTION SNIPPET 10000 7545 SEEN_PREVIOUSLY b'1466646'
ACTION SNIPPET 10000 7548 SEEN_PREVIOUSLY b'1562316'
ACTION SNIPPET 10000 7551 SEEN_PREVIOUSLY b'1087520'
ACTION SNIPPET 10000 7554 SEEN_PREVIOUSLY b'1303583'
ACTION SNIPPET 10000 7557 SEEN_PREVIOUSLY b'1136043'
ACTION SNIPPET 10000 7560 SEEN_PREVIOUSLY b'1075464'
ACTION SNIPPET 10000 7563 SNIPPET_NOT_RELEVANT b'1687037'
ACTION SNIPPET 10000 7566 SEEN_PREVIOUSLY b'1356046'
ACTION SNIPPET 10000 7569 SEEN_PREVIOUSLY b'1676650'
ACTION SNIPPET 10000 7572 SEEN_PREVIOUSLY b'1489276'
ACTION SNIPPET 10000 7575 SEEN_PREVIOUSLY b'1466058'
ACTION SNIPPET 10000 7578 SNIPPET_NOT_RELEVANT b'1295736'
ACTION SNIPPET 10000 7581 SEEN_PREVIOUSLY b'1644299'
ACTION SNIPPET 10000 7584 SEEN_PREVIOUSLY b'1230643'
ACTION QUERY 10000 7594 euro opposition office
ACTION SERP 10000 7599 EXAMINE_SERP
ACTION SNIPPET 10000 7602 SEEN_PREVIOUSLY b'1087520'
ACTION SNIPPET 10000 7605 SEEN_PREVIOUSLY b'1136043'
ACTION SNIPPET 10000 7608 SEEN_PREVIOUSLY b'1075464'
ACTION SNIPPET 10000 7611 SEEN_PREVIOUSLY b'1445748'
ACTION SNIPPET 10000 7614 SEEN_PREVIOUSLY b'1489036'
ACTION SNIPPET 10000 7617 SEEN_PREVIOUSLY b'1356046'
ACTION SNIPPET 10000 7620 SEEN_PREVIOUSLY b'1066322'
ACTION SNIPPET 10000 7623 SEEN_PREVIOUSLY b'1489276'
ACTION SNIPPET 10000 7626 SEEN_PREVIOUSLY b'1515073'
ACTION SNIPPET 10000 7629 SEEN_PREVIOUSLY b'1466058'
ACTION SNIPPET 10000 7632 SEEN_PREVIOUSLY b'1644299'
ACTION SNIPPET 10000 7635 SEEN_PREVIOUSLY b'1230643'
ACTION SNIPPET 10000 7638 SEEN_PREVIOUSLY b'994363'
ACTION SNIPPET 10000 7641 SEEN_PREVIOUSLY b'817222'
ACTION SNIPPET 10000 7644 SEEN_PREVIOUSLY b'930818'
ACTION QUERY 10000 7654 euro opposition cycling
ACTION SERP 10000 7659 EXAMINE_SERP
ACTION SNIPPET 10000 7662 SEEN_PREVIOUSLY b'1087520'
ACTION SNIPPET 10000 7665 SEEN_PREVIOUSLY b'1495715'
ACTION SNIPPET 10000 7668 SNIPPET_NOT_RELEVANT b'1676798'
ACTION SNIPPET 10000 7671 SEEN_PREVIOUSLY b'1136043'
ACTION SNIPPET 10000 7674 SEEN_PREVIOUSLY b'1075464'
ACTION SNIPPET 10000 7677 SEEN_PREVIOUSLY b'1122300'
ACTION SNIPPET 10000 7680 SEEN_PREVIOUSLY b'1356046'
ACTION SNIPPET 10000 7683 SNIPPET_RELEVANT b'1637613'
ACTION DOC 10000 7703 EXAMINING_DOCUMENT b'1637613'
ACTION SNIPPET 10000 7706 SEEN_PREVIOUSLY b'1489276'
ACTION QUERY 10000 7716 euro opposition china
ACTION SERP 10000 7721 EXAMINE_SERP
ACTION SNIPPET 10000 7724 SEEN_PREVIOUSLY b'1655140'
ACTION SNIPPET 10000 7727 SNIPPET_NOT_RELEVANT b'1757805'
ACTION SNIPPET 10000 7730 SNIPPET_RELEVANT b'1854744'
ACTION DOC 10000 7750 EXAMINING_DOCUMENT b'1854744'
ACTION SNIPPET 10000 7753 SEEN_PREVIOUSLY b'1689132'
ACTION SNIPPET 10000 7756 SEEN_PREVIOUSLY b'1759326'
ACTION SNIPPET 10000 7759 SNIPPET_RELEVANT b'1716829'
ACTION DOC 10000 7779 EXAMINING_DOCUMENT b'1716829'
ACTION QUERY 10000 7789 euro opposition doctors
ACTION SERP 10000 7794 EXAMINE_SERP
ACTION SNIPPET 10000 7797 SEEN_PREVIOUSLY b'1518756'
ACTION SNIPPET 10000 7800 SEEN_PREVIOUSLY b'1087520'
ACTION SNIPPET 10000 7803 SEEN_PREVIOUSLY b'1136043'
ACTION SNIPPET 10000 7806 SEEN_PREVIOUSLY b'1075464'
ACTION SNIPPET 10000 7809 SEEN_PREVIOUSLY b'1356046'
ACTION SNIPPET 10000 7812 SEEN_PREVIOUSLY b'1423273'
ACTION SNIPPET 10000 7815 SEEN_PREVIOUSLY b'1489276'
ACTION SNIPPET 10000 7818 SEEN_PREVIOUSLY b'1466058'
ACTION SNIPPET 10000 7821 SEEN_PREVIOUSLY b'1644299'
ACTION SNIPPET 10000 7824 SEEN_PREVIOUSLY b'1230643'
ACTION SNIPPET 10000 7827 SEEN_PREVIOUSLY b'994363'
ACTION SNIPPET 10000 7830 SEEN_PREVIOUSLY b'1466646'
ACTION SNIPPET 10000 7833 SNIPPET_RELEVANT b'1842333'
ACTION DOC 10000 7853 EXAMINING_DOCUMENT b'1842333'
ACTION QUERY 10000 7863 euro opposition addicts
ACTION SERP 10000 7868 EXAMINE_SERP
ACTION SNIPPET 10000 7871 SEEN_PREVIOUSLY b'1087520'
ACTION SNIPPET 10000 7874 SEEN_PREVIOUSLY b'1136043'
ACTION SNIPPET 10000 7877 SEEN_PREVIOUSLY b'1075464'
ACTION SNIPPET 10000 7880 SEEN_PREVIOUSLY b'1356046'
ACTION SNIPPET 10000 7883 SEEN_PREVIOUSLY b'1489276'
ACTION SNIPPET 10000 7886 SEEN_PREVIOUSLY b'1466058'
ACTION SNIPPET 10000 7889 SEEN_PREVIOUSLY b'1644299'
ACTION SNIPPET 10000 7892 SEEN_PREVIOUSLY b'1230643'
ACTION SNIPPET 10000 7895 SEEN_PREVIOUSLY b'994363'
ACTION SNIPPET 10000 7898 SNIPPET_RELEVANT b'1484294'
ACTION DOC 10000 7918 EXAMINING_DOCUMENT b'1484294'
ACTION QUERY 10000 7928 euro opposition stylists
ACTION SERP 10000 7933 EXAMINE_SERP
ACTION SNIPPET 10000 7936 SEEN_PREVIOUSLY b'1087520'
ACTION SNIPPET 10000 7939 SNIPPET_RELEVANT b'1853155'
ACTION DOC 10000 7959 EXAMINING_DOCUMENT b'1853155'
ACTION SNIPPET 10000 7962 SEEN_PREVIOUSLY b'1484294'
ACTION SNIPPET 10000 7965 SEEN_PREVIOUSLY b'1136043'
ACTION SNIPPET 10000 7968 SEEN_PREVIOUSLY b'1075464'
ACTION SNIPPET 10000 7971 SNIPPET_NOT_RELEVANT b'1424228'
ACTION SNIPPET 10000 7974 SEEN_PREVIOUSLY b'1356046'
ACTION SNIPPET 10000 7977 SEEN_PREVIOUSLY b'1489276'
ACTION SNIPPET 10000 7980 SEEN_PREVIOUSLY b'1466058'
ACTION QUERY 10000 7990 euro opposition awarded
ACTION SERP 10000 7995 EXAMINE_SERP
ACTION SNIPPET 10000 7998 SEEN_PREVIOUSLY b'1087520'
ACTION SNIPPET 10000 8001 SNIPPET_NOT_RELEVANT b'707854'
ACTION SNIPPET 10000 8004 SNIPPET_RELEVANT b'1097049'
ACTION DOC 10000 8024 EXAMINING_DOCUMENT b'1097049'
ACTION SNIPPET 10000 8027 SNIPPET_NOT_RELEVANT b'1603222'
ACTION SNIPPET 10000 8030 SEEN_PREVIOUSLY b'1136043'
ACTION SNIPPET 10000 8033 SEEN_PREVIOUSLY b'1075464'
ACTION SNIPPET 10000 8036 SNIPPET_RELEVANT b'731394'
ACTION DOC 10000 8056 EXAMINING_DOCUMENT b'731394'
ACTION QUERY 10000 8066 euro opposition fail
ACTION SERP 10000 8071 EXAMINE_SERP
ACTION SNIPPET 10000 8074 SEEN_PREVIOUSLY b'1356046'
ACTION SNIPPET 10000 8077 SEEN_PREVIOUSLY b'1230643'
ACTION SNIPPET 10000 8080 SEEN_PREVIOUSLY b'1006953'
ACTION SNIPPET 10000 8083 SEEN_PREVIOUSLY b'1816094'
ACTION SNIPPET 10000 8086 SEEN_PREVIOUSLY b'1087520'
ACTION SNIPPET 10000 8089 SEEN_PREVIOUSLY b'1515073'
ACTION SNIPPET 10000 8092 SEEN_PREVIOUSLY b'1445748'
ACTION SNIPPET 10000 8095 SEEN_PREVIOUSLY b'1136043'
ACTION SNIPPET 10000 8098 SEEN_PREVIOUSLY b'930818'
ACTION SNIPPET 10000 8101 SEEN_PREVIOUSLY b'1075464'
ACTION SNIPPET 10000 8104 SEEN_PREVIOUSLY b'1580809'
ACTION SNIPPET 10000 8107 SNIPPET_NOT_RELEVANT b'1188122'
ACTION SNIPPET 10000 8110 SEEN_PREVIOUSLY b'1489276'
ACTION SNIPPET 10000 8113 SEEN_PREVIOUSLY b'1466058'
ACTION SNIPPET 10000 8116 SEEN_PREVIOUSLY b'1644299'
ACTION QUERY 10000 8126 euro opposition ran
ACTION SERP 10000 8131 EXAMINE_SERP
ACTION SNIPPET 10000 8134 SEEN_PREVIOUSLY b'1356046'
ACTION SNIPPET 10000 8137 SEEN_PREVIOUSLY b'1521291'
ACTION SNIPPET 10000 8140 SEEN_PREVIOUSLY b'1515073'
ACTION SNIPPET 10000 8143 SEEN_PREVIOUSLY b'1087520'
ACTION SNIPPET 10000 8146 SEEN_PREVIOUSLY b'934640'
ACTION SNIPPET 10000 8149 SEEN_PREVIOUSLY b'1136043'
ACTION SNIPPET 10000 8152 SEEN_PREVIOUSLY b'1075464'
ACTION SNIPPET 10000 8155 SEEN_PREVIOUSLY b'946857'
ACTION SNIPPET 10000 8158 SNIPPET_NOT_RELEVANT b'1349491'
ACTION SNIPPET 10000 8161 SNIPPET_NOT_RELEVANT b'1356509'
ACTION SNIPPET 10000 8164 SEEN_PREVIOUSLY b'1489276'
ACTION SNIPPET 10000 8167 SEEN_PREVIOUSLY b'1466058'
ACTION SNIPPET 10000 8170 SNIPPET_RELEVANT b'1330468'
ACTION DOC 10000 8190 EXAMINING_DOCUMENT b'1330468'
ACTION QUERY 10000 8200 euro opposition thad
ACTION SERP 10000 8205 EXAMINE_SERP
ACTION SNIPPET 10000 8208 SEEN_PREVIOUSLY b'1087520'
ACTION SNIPPET 10000 8211 SEEN_PREVIOUSLY b'1136043'
ACTION SNIPPET 10000 8214 SEEN_PREVIOUSLY b'1075464'
ACTION SNIPPET 10000 8217 SEEN_PREVIOUSLY b'1356046'
ACTION SNIPPET 10000 8220 SNIPPET_NOT_RELEVANT b'604268'
ACTION SNIPPET 10000 8223 SNIPPET_NOT_RELEVANT b'295881'
ACTION SNIPPET 10000 8226 SEEN_PREVIOUSLY b'1489276'
ACTION SNIPPET 10000 8229 SEEN_PREVIOUSLY b'1466058'
ACTION SNIPPET 10000 8232 SEEN_PREVIOUSLY b'1644299'
ACTION SNIPPET 10000 8235 SEEN_PREVIOUSLY b'1230643'
ACTION SNIPPET 10000 8238 SEEN_PREVIOUSLY b'994363'
ACTION SNIPPET 10000 8241 SNIPPET_NOT_RELEVANT b'293820'
ACTION SNIPPET 10000 8244 SNIPPET_NOT_RELEVANT b'1458014'
ACTION SNIPPET 10000 8247 SEEN_PREVIOUSLY b'1466646'
ACTION SNIPPET 10000 8250 SNIPPET_NOT_RELEVANT b'980208'
ACTION QUERY 10000 8260 euro opposition sets
ACTION SERP 10000 8265 EXAMINE_SERP
ACTION SNIPPET 10000 8268 SEEN_PREVIOUSLY b'1075464'
ACTION SNIPPET 10000 8271 SEEN_PREVIOUSLY b'1356046'
ACTION SNIPPET 10000 8274 SEEN_PREVIOUSLY b'1489276'
ACTION SNIPPET 10000 8277 SEEN_PREVIOUSLY b'1230643'
ACTION SNIPPET 10000 8280 SEEN_PREVIOUSLY b'1466058'
ACTION SNIPPET 10000 8283 SEEN_PREVIOUSLY b'1087520'
ACTION SNIPPET 10000 8286 SEEN_PREVIOUSLY b'1444668'
ACTION SNIPPET 10000 8289 SEEN_PREVIOUSLY b'1232358'
ACTION SNIPPET 10000 8292 SEEN_PREVIOUSLY b'1136043'
ACTION SNIPPET 10000 8295 SEEN_PREVIOUSLY b'1486454'
ACTION SNIPPET 10000 8298 SEEN_PREVIOUSLY b'1006953'
ACTION SNIPPET 10000 8301 SEEN_PREVIOUSLY b'1515073'
ACTION SNIPPET 10000 8304 SEEN_PREVIOUSLY b'1489036'
ACTION SNIPPET 10000 8307 SEEN_PREVIOUSLY b'1521291'
ACTION SNIPPET 10000 8310 SEEN_PREVIOUSLY b'1445748'
ACTION QUERY 10000 8320 euro opposition roosevelt
ACTION SERP 10000 8325 EXAMINE_SERP
ACTION SNIPPET 10000 8328 SEEN_PREVIOUSLY b'1087520'
ACTION SNIPPET 10000 8331 SEEN_PREVIOUSLY b'1136043'
ACTION SNIPPET 10000 8334 SEEN_PREVIOUSLY b'1075464'
ACTION SNIPPET 10000 8337 SEEN_PREVIOUSLY b'1356046'
ACTION SNIPPET 10000 8340 SEEN_PREVIOUSLY b'1489276'
ACTION SNIPPET 10000 8343 SEEN_PREVIOUSLY b'1466058'
ACTION SNIPPET 10000 8346 SEEN_PREVIOUSLY b'1644299'
ACTION SNIPPET 10000 8349 SEEN_PREVIOUSLY b'1230643'
ACTION SNIPPET 10000 8352 SEEN_PREVIOUSLY b'994363'
ACTION SNIPPET 10000 8355 SNIPPET_NOT_RELEVANT b'110065'
ACTION SNIPPET 10000 8358 SEEN_PREVIOUSLY b'1466646'
ACTION SNIPPET 10000 8361 SEEN_PREVIOUSLY b'1521291'
ACTION SNIPPET 10000 8364 SNIPPET_RELEVANT b'1771447'
ACTION DOC 10000 8384 EXAMINING_DOCUMENT b'1771447'
ACTION QUERY 10000 8394 euro opposition ambition
ACTION SERP 10000 8399 EXAMINE_SERP
ACTION SNIPPET 10000 8402 SEEN_PREVIOUSLY b'1356046'
ACTION SNIPPET 10000 8405 SNIPPET_NOT_RELEVANT b'1354217'
ACTION SNIPPET 10000 8408 SEEN_PREVIOUSLY b'1741553'
ACTION SNIPPET 10000 8411 SEEN_PREVIOUSLY b'1087520'
ACTION SNIPPET 10000 8414 SNIPPET_NOT_RELEVANT b'948754'
ACTION SNIPPET 10000 8417 SEEN_PREVIOUSLY b'1349956'
ACTION SNIPPET 10000 8420 SEEN_PREVIOUSLY b'1291809'
ACTION SNIPPET 10000 8423 SEEN_PREVIOUSLY b'1136043'
ACTION SNIPPET 10000 8426 SNIPPET_NOT_RELEVANT b'1317799'
ACTION SNIPPET 10000 8429 SEEN_PREVIOUSLY b'968648'
ACTION SNIPPET 10000 8432 SEEN_PREVIOUSLY b'1075464'
ACTION SNIPPET 10000 8435 SNIPPET_NOT_RELEVANT b'1071932'
ACTION SNIPPET 10000 8438 SNIPPET_RELEVANT b'1554607'
ACTION DOC 10000 8458 EXAMINING_DOCUMENT b'1554607'
ACTION QUERY 10000 8468 euro opposition university
ACTION SERP 10000 8473 EXAMINE_SERP
ACTION SNIPPET 10000 8476 SEEN_PREVIOUSLY b'994363'
ACTION SNIPPET 10000 8479 SEEN_PREVIOUSLY b'1087520'
ACTION SNIPPET 10000 8482 SEEN_PREVIOUSLY b'1136043'
ACTION SNIPPET 10000 8485 SEEN_PREVIOUSLY b'1075464'
ACTION SNIPPET 10000 8488 SEEN_PREVIOUSLY b'1521291'
ACTION SNIPPET 10000 8491 SEEN_PREVIOUSLY b'1356046'
ACTION SNIPPET 10000 8494 SEEN_PREVIOUSLY b'1489276'
ACTION SNIPPET 10000 8497 SEEN_PREVIOUSLY b'1466058'
ACTION SNIPPET 10000 8500 SEEN_PREVIOUSLY b'1644299'
ACTION SNIPPET 10000 8503 SEEN_PREVIOUSLY b'1230643'
ACTION SNIPPET 10000 8506 SEEN_PREVIOUSLY b'932027'
ACTION SNIPPET 10000 8509 SEEN_PREVIOUSLY b'1466646'
ACTION SNIPPET 10000 8512 SEEN_PREVIOUSLY b'934426'
ACTION SNIPPET 10000 8515 SEEN_PREVIOUSLY b'946857'
ACTION SNIPPET 10000 8518 SEEN_PREVIOUSLY b'1826941'
ACTION QUERY 10000 8528 euro opposition wdcs
ACTION SERP 10000 8533 EXAMINE_SERP
ACTION SNIPPET 10000 8536 SNIPPET_NOT_RELEVANT b'717863'
ACTION SNIPPET 10000 8539 SNIPPET_NOT_RELEVANT b'776375'
ACTION SNIPPET 10000 8542 SNIPPET_NOT_RELEVANT b'700501'
ACTION SNIPPET 10000 8545 SNIPPET_RELEVANT b'700597'
ACTION DOC 10000 8565 EXAMINING_DOCUMENT b'700597'
ACTION SNIPPET 10000 8568 SNIPPET_RELEVANT b'736471'
ACTION DOC 10000 8588 EXAMINING_DOCUMENT b'736471'
ACTION QUERY 10000 8598 euro opposition aleksei
ACTION SERP 10000 8603 EXAMINE_SERP
ACTION SNIPPET 10000 8606 SNIPPET_NOT_RELEVANT b'1770689'
ACTION SNIPPET 10000 8609 SNIPPET_NOT_RELEVANT b'1762345'
ACTION SNIPPET 10000 8612 SNIPPET_RELEVANT b'1772357'
ACTION DOC 10000 8632 EXAMINING_DOCUMENT b'1772357'
ACTION SNIPPET 10000 8635 SEEN_PREVIOUSLY b'1087520'
ACTION SNIPPET 10000 8638 SNIPPET_RELEVANT b'1770488'
ACTION DOC 10000 8658 EXAMINING_DOCUMENT b'1770488'
ACTION QUERY 10000 8668 euro opposition american
ACTION SERP 10000 8673 EXAMINE_SERP
ACTION SNIPPET 10000 8676 SEEN_PREVIOUSLY b'1230643'
ACTION SNIPPET 10000 8679 SEEN_PREVIOUSLY b'1087520'
ACTION SNIPPET 10000 8682 SEEN_PREVIOUSLY b'1644299'
ACTION SNIPPET 10000 8685 SEEN_PREVIOUSLY b'1489276'
ACTION SNIPPET 10000 8688 SEEN_PREVIOUSLY b'1136043'
ACTION SNIPPET 10000 8691 SEEN_PREVIOUSLY b'1075464'
ACTION SNIPPET 10000 8694 SEEN_PREVIOUSLY b'1199200'
ACTION SNIPPET 10000 8697 SEEN_PREVIOUSLY b'1125958'
ACTION SNIPPET 10000 8700 SEEN_PREVIOUSLY b'1356046'
ACTION SNIPPET 10000 8703 SEEN_PREVIOUSLY b'1521291'
ACTION SNIPPET 10000 8706 SEEN_PREVIOUSLY b'1466058'
ACTION SNIPPET 10000 8709 SEEN_PREVIOUSLY b'994363'
ACTION SNIPPET 10000 8712 SEEN_PREVIOUSLY b'1756342'
ACTION SNIPPET 10000 8715 SEEN_PREVIOUSLY b'985381'
ACTION SNIPPET 10000 8718 SEEN_PREVIOUSLY b'1466646'
ACTION QUERY 10000 8728 euro opposition italys
ACTION SERP 10000 8733 EXAMINE_SERP
ACTION SNIPPET 10000 8736 SEEN_PREVIOUSLY b'930818'
ACTION SNIPPET 10000 8739 SEEN_PREVIOUSLY b'1423273'
ACTION SNIPPET 10000 8742 SNIPPET_NOT_RELEVANT b'963938'
ACTION SNIPPET 10000 8745 SEEN_PREVIOUSLY b'1676650'
ACTION SNIPPET 10000 8748 SEEN_PREVIOUSLY b'985381'
ACTION SNIPPET 10000 8751 SEEN_PREVIOUSLY b'1562316'
ACTION SNIPPET 10000 8754 SNIPPET_RELEVANT b'1737829'
ACTION DOC 10000 8774 EXAMINING_DOCUMENT b'1737829'
ACTION SNIPPET 10000 8777 SEEN_PREVIOUSLY b'1368623'
ACTION SNIPPET 10000 8780 SEEN_PREVIOUSLY b'1230643'
ACTION QUERY 10000 8790 euro opposition bnp
ACTION SERP 10000 8795 EXAMINE_SERP
ACTION SNIPPET 10000 8798 SNIPPET_RELEVANT b'1462619'
ACTION DOC 10000 8818 EXAMINING_DOCUMENT b'1462619'
ACTION SNIPPET 10000 8821 SEEN_PREVIOUSLY b'1737829'
ACTION SNIPPET 10000 8824 SNIPPET_NOT_RELEVANT b'1446480'
ACTION SNIPPET 10000 8827 SNIPPET_NOT_RELEVANT b'1438649'
ACTION SNIPPET 10000 8830 SNIPPET_NOT_RELEVANT b'1397946'
ACTION SNIPPET 10000 8833 SNIPPET_NOT_RELEVANT b'1371970'
ACTION SNIPPET 10000 8836 SNIPPET_NOT_RELEVANT b'1443630'
ACTION SNIPPET 10000 8839 SNIPPET_NOT_RELEVANT b'1487232'
ACTION SNIPPET 10000 8842 SNIPPET_RELEVANT b'1228634'
ACTION DOC 10000 8862 EXAMINING_DOCUMENT b'1228634'
ACTION QUERY 10000 8872 euro opposition court
ACTION SERP 10000 8877 EXAMINE_SERP
ACTION SNIPPET 10000 8880 SEEN_PREVIOUSLY b'994363'
ACTION SNIPPET 10000 8883 SEEN_PREVIOUSLY b'1006953'
ACTION SNIPPET 10000 8886 SEEN_PREVIOUSLY b'1087520'
ACTION SNIPPET 10000 8889 SEEN_PREVIOUSLY b'1136043'
ACTION SNIPPET 10000 8892 SNIPPET_NOT_RELEVANT b'1807146'
ACTION SNIPPET 10000 8895 SEEN_PREVIOUSLY b'1075464'
ACTION SNIPPET 10000 8898 SEEN_PREVIOUSLY b'1356046'
ACTION SNIPPET 10000 8901 SEEN_PREVIOUSLY b'1489276'
ACTION SNIPPET 10000 8904 SEEN_PREVIOUSLY b'1466058'
ACTION SNIPPET 10000 8907 SEEN_PREVIOUSLY b'1644299'
ACTION SNIPPET 10000 8910 SEEN_PREVIOUSLY b'1230643'
ACTION SNIPPET 10000 8913 SEEN_PREVIOUSLY b'987319'
ACTION SNIPPET 10000 8916 SNIPPET_RELEVANT b'1793033'
ACTION DOC 10000 8936 EXAMINING_DOCUMENT b'1793033'
ACTION QUERY 10000 8946 euro opposition suits
ACTION SERP 10000 8951 EXAMINE_SERP
ACTION SNIPPET 10000 8954 SEEN_PREVIOUSLY b'994363'
ACTION SNIPPET 10000 8957 SEEN_PREVIOUSLY b'1826941'
ACTION SNIPPET 10000 8960 SEEN_PREVIOUSLY b'1087520'
ACTION SNIPPET 10000 8963 SNIPPET_NOT_RELEVANT b'1747818'
ACTION SNIPPET 10000 8966 SNIPPET_NOT_RELEVANT b'1572088'
ACTION SNIPPET 10000 8969 SEEN_PREVIOUSLY b'1136043'
ACTION SNIPPET 10000 8972 SEEN_PREVIOUSLY b'1075464'
ACTION SNIPPET 10000 8975 SEEN_PREVIOUSLY b'946857'
ACTION SNIPPET 10000 8978 SEEN_PREVIOUSLY b'1356046'
ACTION SNIPPET 10000 8981 SNIPPET_RELEVANT b'1490431'
ACTION DOC 10000 9001 EXAMINING_DOCUMENT b'1490431'
ACTION MARK 10000 9004 CONSIDERED_RELEVANT b'1490431'
ACTION SNIPPET 10000 9007 SNIPPET_RELEVANT b'1173501'
ACTION DOC 10000 9027 EXAMINING_DOCUMENT b'1173501'
ACTION SNIPPET 10000 9030 SNIPPET_NOT_RELEVANT b'1815357'
ACTION SNIPPET 10000 9033 SEEN_PREVIOUSLY b'1489276'
ACTION SNIPPET 10000 9036 SEEN_PREVIOUSLY b'1466058'
ACTION SNIPPET 10000 9039 SEEN_PREVIOUSLY b'1644299'
ACTION SNIPPET 10000 9042 SEEN_PREVIOUSLY b'1230643'
ACTION SNIPPET 10000 9045 SNIPPET_NOT_RELEVANT b'1602921'
ACTION SNIPPET 10000 9048 SNIPPET_NOT_RELEVANT b'1760932'
ACTION SNIPPET 10000 9051 SEEN_PREVIOUSLY b'1466646'
ACTION SNIPPET 10000 9054 SNIPPET_RELEVANT b'1348411'
ACTION DOC 10000 9074 EXAMINING_DOCUMENT b'1348411'
ACTION QUERY 10000 9084 euro opposition script
ACTION SERP 10000 9089 EXAMINE_SERP
ACTION SNIPPET 10000 9092 SEEN_PREVIOUSLY b'1490431'
ACTION SNIPPET 10000 9095 SEEN_PREVIOUSLY b'1087520'
ACTION SNIPPET 10000 9098 SEEN_PREVIOUSLY b'1136043'
ACTION SNIPPET 10000 9101 SEEN_PREVIOUSLY b'1075464'
ACTION SNIPPET 10000 9104 SEEN_PREVIOUSLY b'1356046'
ACTION SNIPPET 10000 9107 SEEN_PREVIOUSLY b'1489276'
ACTION SNIPPET 10000 9110 SEEN_PREVIOUSLY b'1466058'
ACTION SNIPPET 10000 9113 SEEN_PREVIOUSLY b'1644299'
ACTION SNIPPET 10000 9116 SEEN_PREVIOUSLY b'1230643'
ACTION SNIPPET 10000 9119 SNIPPET_RELEVANT b'1199481'
ACTION DOC 10000 9139 EXAMINING_DOCUMENT b'1199481'
ACTION QUERY 10000 9149 euro opposition fashion
ACTION SERP 10000 9154 EXAMINE_SERP
ACTION SNIPPET 10000 9157 SEEN_PREVIOUSLY b'1087520'
ACTION SNIPPET 10000 9160 SEEN_PREVIOUSLY b'745789'
ACTION SNIPPET 10000 9163 SEEN_PREVIOUSLY b'1199200'
ACTION SNIPPET 10000 9166 SEEN_PREVIOUSLY b'1136043'
ACTION SNIPPET 10000 9169 SEEN_PREVIOUSLY b'1075464'
ACTION SNIPPET 10000 9172 SEEN_PREVIOUSLY b'1356046'
ACTION SNIPPET 10000 9175 SNIPPET_NOT_RELEVANT b'1631181'
ACTION SNIPPET 10000 9178 SNIPPET_NOT_RELEVANT b'1750613'
ACTION SNIPPET 10000 9181 SEEN_PREVIOUSLY b'1489276'
ACTION SNIPPET 10000 9184 SEEN_PREVIOUSLY b'1466058'
ACTION SNIPPET 10000 9187 SEEN_PREVIOUSLY b'1644299'
ACTION SNIPPET 10000 9190 SEEN_PREVIOUSLY b'1230643'
ACTION SNIPPET 10000 9193 SNIPPET_NOT_RELEVANT b'1362451'
ACTION SNIPPET 10000 9196 SEEN_PREVIOUSLY b'994363'
ACTION SNIPPET 10000 9199 SNIPPET_RELEVANT b'1308160'
ACTION DOC 10000 9219 EXAMINING_DOCUMENT b'1308160'
ACTION QUERY 10000 9229 euro opposition ecbs
ACTION SERP 10000 9234 EXAMINE_SERP
ACTION SNIPPET 10000 9237 SEEN_PREVIOUSLY b'1355148'
ACTION SNIPPET 10000 9240 SNIPPET_NOT_RELEVANT b'1356964'
ACTION SNIPPET 10000 9243 SNIPPET_NOT_RELEVANT b'1354409'
ACTION SNIPPET 10000 9246 SNIPPET_RELEVANT b'1333533'
ACTION DOC 10000 9266 EXAMINING_DOCUMENT b'1333533'
ACTION SNIPPET 10000 9269 SEEN_PREVIOUSLY b'1087520'
ACTION SNIPPET 10000 9272 SEEN_PREVIOUSLY b'1136043'
ACTION SNIPPET 10000 9275 SEEN_PREVIOUSLY b'1075464'
ACTION SNIPPET 10000 9278 SEEN_PREVIOUSLY b'1356046'
ACTION SNIPPET 10000 9281 SEEN_PREVIOUSLY b'1489276'
ACTION QUERY 10000 9291 euro opposition organizes
ACTION SERP 10000 9296 EXAMINE_SERP
ACTION SNIPPET 10000 9299 SEEN_PREVIOUSLY b'1087520'
ACTION SNIPPET 10000 9302 SEEN_PREVIOUSLY b'1136043'
ACTION SNIPPET 10000 9305 SEEN_PREVIOUSLY b'1199200'
ACTION SNIPPET 10000 9308 SEEN_PREVIOUSLY b'1075464'
ACTION SNIPPET 10000 9311 SEEN_PREVIOUSLY b'1515073'
ACTION SNIPPET 10000 9314 SEEN_PREVIOUSLY b'1356046'
ACTION SNIPPET 10000 9317 SEEN_PREVIOUSLY b'1489276'
ACTION SNIPPET 10000 9320 SEEN_PREVIOUSLY b'1466058'
ACTION SNIPPET 10000 9323 SEEN_PREVIOUSLY b'1269417'
ACTION SNIPPET 10000 9326 SEEN_PREVIOUSLY b'1644299'
ACTION SNIPPET 10000 9329 SEEN_PREVIOUSLY b'1230643'
ACTION SNIPPET 10000 9332 SEEN_PREVIOUSLY b'994363'
ACTION SNIPPET 10000 9335 SEEN_PREVIOUSLY b'1466646'
ACTION SNIPPET 10000 9338 SEEN_PREVIOUSLY b'946857'
ACTION SNIPPET 10000 9341 SNIPPET_NOT_RELEVANT b'1484842'
ACTION QUERY 10000 9351 euro opposition author
ACTION SERP 10000 9356 EXAMINE_SERP
ACTION SNIPPET 10000 9359 SEEN_PREVIOUSLY b'1087520'
ACTION SNIPPET 10000 9362 SEEN_PREVIOUSLY b'1136043'
ACTION SNIPPET 10000 9365 SEEN_PREVIOUSLY b'1075464'
ACTION SNIPPET 10000 9368 SEEN_PREVIOUSLY b'1356046'
ACTION SNIPPET 10000 9371 SEEN_PREVIOUSLY b'1489276'
ACTION SNIPPET 10000 9374 SEEN_PREVIOUSLY b'1466058'
ACTION SNIPPET 10000 9377 SEEN_PREVIOUSLY b'1644299'
ACTION SNIPPET 10000 9380 SEEN_PREVIOUSLY b'1230643'
ACTION SNIPPET 10000 9383 SEEN_PREVIOUSLY b'1199200'
ACTION SNIPPET 10000 9386 SEEN_PREVIOUSLY b'994363'
ACTION SNIPPET 10000 9389 SEEN_PREVIOUSLY b'1150133'
ACTION SNIPPET 10000 9392 SEEN_PREVIOUSLY b'745789'
ACTION SNIPPET 10000 9395 SEEN_PREVIOUSLY b'1466646'
ACTION SNIPPET 10000 9398 SEEN_PREVIOUSLY b'936486'
ACTION SNIPPET 10000 9401 SEEN_PREVIOUSLY b'1793033'
ACTION QUERY 10000 9411 euro opposition carrier
ACTION SERP 10000 9416 EXAMINE_SERP
ACTION SNIPPET 10000 9419 SNIPPET_RELEVANT b'1044990'
ACTION DOC 10000 9439 EXAMINING_DOCUMENT b'1044990'
ACTION SNIPPET 10000 9442 SNIPPET_NOT_RELEVANT b'1404409'
ACTION SNIPPET 10000 9445 SNIPPET_RELEVANT b'1659222'
ACTION DOC 10000 9465 EXAMINING_DOCUMENT b'1659222'
ACTION QUERY 10000 9475 euro opposition cellular
ACTION SERP 10000 9480 EXAMINE_SERP
ACTION SNIPPET 10000 9483 SNIPPET_RELEVANT b'1251188'
ACTION DOC 10000 9503 EXAMINING_DOCUMENT b'1251188'
ACTION SNIPPET 10000 9506 SNIPPET_RELEVANT b'1170278'
ACTION DOC 10000 9526 EXAMINING_DOCUMENT b'1170278'
ACTION QUERY 10000 9536 euro opposition lisbon
ACTION SERP 10000 9541 EXAMINE_SERP
ACTION SNIPPET 10000 9544 SNIPPET_RELEVANT b'1116604'
ACTION DOC 10000 9564 EXAMINING_DOCUMENT b'1116604'
ACTION SNIPPET 10000 9567 SNIPPET_RELEVANT b'1756345'
ACTION DOC 10000 9587 EXAMINING_DOCUMENT b'1756345'
ACTION QUERY 10000 9597 euro opposition taxes
ACTION SERP 10000 9602 EXAMINE_SERP
ACTION SNIPPET 10000 9605 SEEN_PREVIOUSLY b'1230643'
ACTION SNIPPET 10000 9608 SEEN_PREVIOUSLY b'1150133'
ACTION SNIPPET 10000 9611 SEEN_PREVIOUSLY b'934640'
ACTION SNIPPET 10000 9614 SEEN_PREVIOUSLY b'932027'
ACTION SNIPPET 10000 9617 SEEN_PREVIOUSLY b'1125958'
ACTION SNIPPET 10000 9620 SEEN_PREVIOUSLY b'1521291'
ACTION SNIPPET 10000 9623 SEEN_PREVIOUSLY b'1087520'
ACTION SNIPPET 10000 9626 SEEN_PREVIOUSLY b'1136043'
ACTION SNIPPET 10000 9629 SEEN_PREVIOUSLY b'1068990'
ACTION SNIPPET 10000 9632 SEEN_PREVIOUSLY b'1075464'
ACTION SNIPPET 10000 9635 SNIPPET_RELEVANT b'945440'
ACTION DOC 10000 9655 EXAMINING_DOCUMENT b'945440'
ACTION QUERY 10000 9665 euro opposition western
ACTION SERP 10000 9670 EXAMINE_SERP
ACTION SNIPPET 10000 9673 SEEN_PREVIOUSLY b'1230643'
ACTION SNIPPET 10000 9676 SEEN_PREVIOUSLY b'1521291'
ACTION SNIPPET 10000 9679 SEEN_PREVIOUSLY b'1234826'
ACTION SNIPPET 10000 9682 SEEN_PREVIOUSLY b'1087520'
ACTION SNIPPET 10000 9685 SEEN_PREVIOUSLY b'985381'
ACTION SNIPPET 10000 9688 SEEN_PREVIOUSLY b'1136043'
ACTION SNIPPET 10000 9691 SEEN_PREVIOUSLY b'1075464'
ACTION SNIPPET 10000 9694 SEEN_PREVIOUSLY b'1676650'
ACTION SNIPPET 10000 9697 SNIPPET_NOT_RELEVANT b'1102741'
ACTION SNIPPET 10000 9700 SEEN_PREVIOUSLY b'1668526'
ACTION SNIPPET 10000 9703 SNIPPET_RELEVANT b'1321331'
ACTION DOC 10000 9723 EXAMINING_DOCUMENT b'1321331'
ACTION QUERY 10000 9733 euro opposition powerhouse
ACTION SERP 10000 9738 EXAMINE_SERP
ACTION SNIPPET 10000 9741 SEEN_PREVIOUSLY b'936486'
ACTION SNIPPET 10000 9744 SEEN_PREVIOUSLY b'1675661'
ACTION SNIPPET 10000 9747 SEEN_PREVIOUSLY b'987319'
ACTION SNIPPET 10000 9750 SNIPPET_NOT_RELEVANT b'1403351'
ACTION SNIPPET 10000 9753 SEEN_PREVIOUSLY b'863997'
ACTION SNIPPET 10000 9756 SNIPPET_NOT_RELEVANT b'1102741'
ACTION SNIPPET 10000 9759 SEEN_PREVIOUSLY b'1087520'
ACTION SNIPPET 10000 9762 SNIPPET_RELEVANT b'1384500'
ACTION DOC 10000 9782 EXAMINING_DOCUMENT b'1384500'
ACTION SNIPPET 10000 9785 SEEN_PREVIOUSLY b'1074533'
ACTION QUERY 10000 9795 euro opposition merkels
ACTION SERP 10000 9800 EXAMINE_SERP
ACTION SNIPPET 10000 9803 SNIPPET_NOT_RELEVANT b'1636332'
ACTION SNIPPET 10000 9806 SEEN_PREVIOUSLY b'1676650'
ACTION SNIPPET 10000 9809 SNIPPET_NOT_RELEVANT b'1358067'
ACTION SNIPPET 10000 9812 SNIPPET_NOT_RELEVANT b'1560294'
ACTION SNIPPET 10000 9815 SNIPPET_RELEVANT b'1827768'
ACTION DOC 10000 9835 EXAMINING_DOCUMENT b'1827768'
ACTION SNIPPET 10000 9838 SNIPPET_RELEVANT b'1712541'
ACTION DOC 10000 9858 EXAMINING_DOCUMENT b'1712541'
ACTION QUERY 10000 9868 euro opposition win
ACTION SERP 10000 9873 EXAMINE_SERP
ACTION SNIPPET 10000 9876 SEEN_PREVIOUSLY b'1489276'
ACTION SNIPPET 10000 9879 SEEN_PREVIOUSLY b'932027'
ACTION SNIPPET 10000 9882 SEEN_PREVIOUSLY b'985381'
ACTION SNIPPET 10000 9885 SEEN_PREVIOUSLY b'1087520'
ACTION SNIPPET 10000 9888 SNIPPET_RELEVANT b'1737063'
ACTION DOC 10000 9908 EXAMINING_DOCUMENT b'1737063'
ACTION MARK 10000 9911 CONSIDERED_RELEVANT b'1737063'
ACTION SNIPPET 10000 9914 SEEN_PREVIOUSLY b'1136043'
ACTION SNIPPET 10000 9917 SEEN_PREVIOUSLY b'1075464'
ACTION SNIPPET 10000 9920 SEEN_PREVIOUSLY b'930818'
ACTION SNIPPET 10000 9923 SEEN_PREVIOUSLY b'1269417'
ACTION SNIPPET 10000 9926 SEEN_PREVIOUSLY b'1720109'
ACTION SNIPPET 10000 9929 SEEN_PREVIOUSLY b'1145586'
ACTION SNIPPET 10000 9932 SEEN_PREVIOUSLY b'1356046'
ACTION SNIPPET 10000 9935 SEEN_PREVIOUSLY b'1466058'
ACTION SNIPPET 10000 9938 SEEN_PREVIOUSLY b'1676650'
ACTION SNIPPET 10000 9941 SEEN_PREVIOUSLY b'1644299'
ACTION SNIPPET 10000 9944 SEEN_PREVIOUSLY b'1230643'
ACTION SNIPPET 10000 9947 SEEN_PREVIOUSLY b'745789'
ACTION SNIPPET 10000 9950 SEEN_PREVIOUSLY b'1234794'
ACTION SNIPPET 10000 9953 SEEN_PREVIOUSLY b'924656'
ACTION SNIPPET 10000 9956 SEEN_PREVIOUSLY b'994363'
ACTION SNIPPET 10000 9959 SEEN_PREVIOUSLY b'1232358'
ACTION SNIPPET 10000 9962 SNIPPET_RELEVANT b'932784'
ACTION DOC 10000 9982 EXAMINING_DOCUMENT b'932784'
ACTION QUERY 10000 9992 euro opposition movement
ACTION SERP 10000 9997 EXAMINE_SERP
ACTION SNIPPET 10000 10000 SEEN_PREVIOUSLY b'946857'
INFO SUMMARY 
INFO TOTAL_QUERIES_ISSUED 106
INFO TOTAL_SNIPPETS_EXAMINED 1339
INFO TOTAL_DOCUMENTS_EXAMINED 209
INFO TOTAL_DOCUMENTS_MARKED_RELEVANT 71
INFO TOTAL_ATTRACTIVE_SERP_IMPRESSIONS 106
INFO TOTAL_UNATTRACTIVE_SERP_IMPRESSIONS 0
