ACTION QUERY 10000 10 human stampede
ACTION SERP 10000 15 EXAMINE_SERP
ACTION SNIPPET 10000 18 SNIPPET_RELEVANT b'a79b1b7d8cc5273d4995fec5e122e44b'
ACTION DOC 10000 38 EXAMINING_DOCUMENT b'a79b1b7d8cc5273d4995fec5e122e44b'
ACTION MARK 10000 41 CONSIDERED_RELEVANT b'a79b1b7d8cc5273d4995fec5e122e44b'
ACTION SNIPPET 10000 44 SNIPPET_RELEVANT b'1c3f906e626e01a8d8c9c0f0d31f0f71'
ACTION DOC 10000 64 EXAMINING_DOCUMENT b'1c3f906e626e01a8d8c9c0f0d31f0f71'
ACTION MARK 10000 67 CONSIDERED_RELEVANT b'1c3f906e626e01a8d8c9c0f0d31f0f71'
ACTION SNIPPET 10000 70 SNIPPET_NOT_RELEVANT b'7a81e87ba8ecc0a82da3dd96df00d1fa'
ACTION SNIPPET 10000 73 SNIPPET_NOT_RELEVANT b'231c3fd2-2c3e-11e3-8ade-a1f23cda135e'
ACTION SNIPPET 10000 76 SNIPPET_RELEVANT b'f61b6da2-9ca6-11e4-a7ee-526210d665b4'
ACTION DOC 10000 96 EXAMINING_DOCUMENT b'f61b6da2-9ca6-11e4-a7ee-526210d665b4'
ACTION MARK 10000 99 CONSIDERED_RELEVANT b'f61b6da2-9ca6-11e4-a7ee-526210d665b4'
ACTION SNIPPET 10000 102 SNIPPET_RELEVANT b'54b75712e707ed16c802aa76bfc7cbb1'
ACTION DOC 10000 122 EXAMINING_DOCUMENT b'54b75712e707ed16c802aa76bfc7cbb1'
ACTION MARK 10000 125 CONSIDERED_RELEVANT b'54b75712e707ed16c802aa76bfc7cbb1'
ACTION SNIPPET 10000 128 SNIPPET_NOT_RELEVANT b'd7f41eb1f29ea630857d8cf0a1d783a7'
ACTION SNIPPET 10000 131 SNIPPET_RELEVANT b'73f1338a-6356-11e5-9757-e49273f05f65'
ACTION DOC 10000 151 EXAMINING_DOCUMENT b'73f1338a-6356-11e5-9757-e49273f05f65'
ACTION MARK 10000 154 CONSIDERED_RELEVANT b'73f1338a-6356-11e5-9757-e49273f05f65'
ACTION SNIPPET 10000 157 SNIPPET_RELEVANT b'7301a1e7-5577-4464-8029-e3db99a6b7cb'
ACTION DOC 10000 177 EXAMINING_DOCUMENT b'7301a1e7-5577-4464-8029-e3db99a6b7cb'
ACTION MARK 10000 180 CONSIDERED_RELEVANT b'7301a1e7-5577-4464-8029-e3db99a6b7cb'
ACTION SNIPPET 10000 183 SNIPPET_RELEVANT b'b537ec82-9384-11e4-a900-9960214d4cd7'
ACTION DOC 10000 203 EXAMINING_DOCUMENT b'b537ec82-9384-11e4-a900-9960214d4cd7'
ACTION MARK 10000 206 CONSIDERED_RELEVANT b'b537ec82-9384-11e4-a900-9960214d4cd7'
INFO OUT_OF_QUERIES 
INFO SUMMARY 
INFO TOTAL_QUERIES_ISSUED 1
INFO TOTAL_SNIPPETS_EXAMINED 10
INFO TOTAL_DOCUMENTS_EXAMINED 7
INFO TOTAL_DOCUMENTS_MARKED_RELEVANT 7
INFO TOTAL_ATTRACTIVE_SERP_IMPRESSIONS 1
INFO TOTAL_UNATTRACTIVE_SERP_IMPRESSIONS 0
