ACTION QUERY 10000 10 automobile recalls
ACTION SERP 10000 15 EXAMINE_SERP
ACTION SNIPPET 10000 18 SNIPPET_RELEVANT b'093e9464-bb47-11e3-9c3c-311301e2167d'
ACTION DOC 10000 38 EXAMINING_DOCUMENT b'093e9464-bb47-11e3-9c3c-311301e2167d'
ACTION MARK 10000 41 CONSIDERED_RELEVANT b'093e9464-bb47-11e3-9c3c-311301e2167d'
ACTION SNIPPET 10000 44 SNIPPET_NOT_RELEVANT b'1df95e04-f37a-11e4-bcc4-e8141e5eb0c9'
ACTION SNIPPET 10000 47 SNIPPET_RELEVANT b'17d805ec-7b6f-11e6-ac8e-cf8e0dd91dc7'
ACTION DOC 10000 67 EXAMINING_DOCUMENT b'17d805ec-7b6f-11e6-ac8e-cf8e0dd91dc7'
ACTION MARK 10000 70 CONSIDERED_RELEVANT b'17d805ec-7b6f-11e6-ac8e-cf8e0dd91dc7'
ACTION SNIPPET 10000 73 SNIPPET_RELEVANT b'4c0fa346afb21b9f7bf7afe1dc17292c'
ACTION DOC 10000 93 EXAMINING_DOCUMENT b'4c0fa346afb21b9f7bf7afe1dc17292c'
ACTION MARK 10000 96 CONSIDERED_RELEVANT b'4c0fa346afb21b9f7bf7afe1dc17292c'
ACTION SNIPPET 10000 99 SNIPPET_NOT_RELEVANT b'825e3048-80cf-11e6-8327-f141a7beb626'
ACTION SNIPPET 10000 102 SNIPPET_NOT_RELEVANT b'52b0fdb8-c463-11e5-9693-933a4d31bcc8'
ACTION SNIPPET 10000 105 SNIPPET_RELEVANT b'4167cbfc293495fffb36cb2e764d7ebc'
ACTION DOC 10000 125 EXAMINING_DOCUMENT b'4167cbfc293495fffb36cb2e764d7ebc'
ACTION MARK 10000 128 CONSIDERED_RELEVANT b'4167cbfc293495fffb36cb2e764d7ebc'
ACTION SNIPPET 10000 131 SNIPPET_RELEVANT b'8da5e260ea06521a83251f89afa5b893'
ACTION DOC 10000 151 EXAMINING_DOCUMENT b'8da5e260ea06521a83251f89afa5b893'
ACTION MARK 10000 154 CONSIDERED_RELEVANT b'8da5e260ea06521a83251f89afa5b893'
ACTION SNIPPET 10000 157 SNIPPET_NOT_RELEVANT b'a9b8ff24-aba7-11e3-b8ca-197ef3568958'
ACTION SNIPPET 10000 160 SNIPPET_RELEVANT b'db63cb9e-d359-11e6-945a-76f69a399dd5'
ACTION DOC 10000 180 EXAMINING_DOCUMENT b'db63cb9e-d359-11e6-945a-76f69a399dd5'
ACTION MARK 10000 183 CONSIDERED_RELEVANT b'db63cb9e-d359-11e6-945a-76f69a399dd5'
INFO OUT_OF_QUERIES 
INFO SUMMARY 
INFO TOTAL_QUERIES_ISSUED 1
INFO TOTAL_SNIPPETS_EXAMINED 10
INFO TOTAL_DOCUMENTS_EXAMINED 6
INFO TOTAL_DOCUMENTS_MARKED_RELEVANT 6
INFO TOTAL_ATTRACTIVE_SERP_IMPRESSIONS 1
INFO TOTAL_UNATTRACTIVE_SERP_IMPRESSIONS 0
