ACTION QUERY 10000 10 women on 20s
ACTION SERP 10000 15 EXAMINE_SERP
ACTION SNIPPET 10000 18 SNIPPET_NOT_RELEVANT b'0a714c8b4ec3eb9a78b81a3aa6eb3d79'
ACTION SNIPPET 10000 21 SNIPPET_NOT_RELEVANT b'3f42f2d6717ed80f3603a7cdbe5b1332'
ACTION SNIPPET 10000 24 SNIPPET_RELEVANT b'3128fd11e0e327e93870c4a82c953c7a'
ACTION DOC 10000 44 EXAMINING_DOCUMENT b'3128fd11e0e327e93870c4a82c953c7a'
ACTION MARK 10000 47 CONSIDERED_RELEVANT b'3128fd11e0e327e93870c4a82c953c7a'
ACTION SNIPPET 10000 50 SNIPPET_RELEVANT b'7b60cd36bb1c08750ecf3e09f777f22e'
ACTION DOC 10000 70 EXAMINING_DOCUMENT b'7b60cd36bb1c08750ecf3e09f777f22e'
ACTION MARK 10000 73 CONSIDERED_RELEVANT b'7b60cd36bb1c08750ecf3e09f777f22e'
ACTION SNIPPET 10000 76 SNIPPET_RELEVANT b'bea76a36-fa54-11e4-a13c-193b1241d51a'
ACTION DOC 10000 96 EXAMINING_DOCUMENT b'bea76a36-fa54-11e4-a13c-193b1241d51a'
ACTION MARK 10000 99 CONSIDERED_RELEVANT b'bea76a36-fa54-11e4-a13c-193b1241d51a'
ACTION SNIPPET 10000 102 SNIPPET_RELEVANT b'da6e2282fff6a9ebd5e0de604291264e'
ACTION DOC 10000 122 EXAMINING_DOCUMENT b'da6e2282fff6a9ebd5e0de604291264e'
ACTION MARK 10000 125 CONSIDERED_RELEVANT b'da6e2282fff6a9ebd5e0de604291264e'
ACTION SNIPPET 10000 128 SNIPPET_NOT_RELEVANT b'9122b981565f7a9cdf858d33361c138a'
ACTION SNIPPET 10000 131 SNIPPET_RELEVANT b'b96e3e293e6540ace61ef1a711682399'
ACTION DOC 10000 151 EXAMINING_DOCUMENT b'b96e3e293e6540ace61ef1a711682399'
ACTION MARK 10000 154 CONSIDERED_RELEVANT b'b96e3e293e6540ace61ef1a711682399'
ACTION SNIPPET 10000 157 SNIPPET_RELEVANT b'bc93176416facf05be71cafe2fa96708'
ACTION DOC 10000 177 EXAMINING_DOCUMENT b'bc93176416facf05be71cafe2fa96708'
ACTION SNIPPET 10000 180 SNIPPET_RELEVANT b'9077df4912319f6b2504eed724a05a37'
ACTION DOC 10000 200 EXAMINING_DOCUMENT b'9077df4912319f6b2504eed724a05a37'
ACTION QUERY 10000 210 women on 20s wall
ACTION SERP 10000 215 EXAMINE_SERP
ACTION SNIPPET 10000 218 SNIPPET_RELEVANT b'6dc7ad40-a445-11e2-9c03-6952ff305f35'
ACTION DOC 10000 238 EXAMINING_DOCUMENT b'6dc7ad40-a445-11e2-9c03-6952ff305f35'
ACTION SNIPPET 10000 241 SNIPPET_RELEVANT b'236b0bf227c1c0e12a780611eacab3b1'
ACTION DOC 10000 261 EXAMINING_DOCUMENT b'236b0bf227c1c0e12a780611eacab3b1'
ACTION SNIPPET 10000 264 SNIPPET_NOT_RELEVANT b'36e52a991864b141fd0e00f5e4b1adfa'
ACTION SNIPPET 10000 267 SNIPPET_NOT_RELEVANT b'2d22d664-8e27-11e1-8317-bc55e8fdd4a2'
ACTION SNIPPET 10000 270 SNIPPET_NOT_RELEVANT b'6e604ade-d387-11e2-b05f-3ea3f0e7bb5a'
ACTION SNIPPET 10000 273 SNIPPET_RELEVANT b'88b60911da2cd406e9b7299b6e07ff20'
ACTION DOC 10000 293 EXAMINING_DOCUMENT b'88b60911da2cd406e9b7299b6e07ff20'
ACTION SNIPPET 10000 296 SNIPPET_NOT_RELEVANT b'6a283094-d978-11e1-9745-d9ae6098d493'
ACTION SNIPPET 10000 299 SNIPPET_NOT_RELEVANT b'3dab1cb0bb37ce5cabc11a40e2db5af9'
ACTION SNIPPET 10000 302 SNIPPET_NOT_RELEVANT b'ee176a52-43c0-11e2-8c8f-fbebf7ccab4e'
ACTION SNIPPET 10000 305 SNIPPET_NOT_RELEVANT b'9407ec69c0e58aa3a3733754081a5e1e'
ACTION QUERY 10000 315 women on 20s republican
ACTION SERP 10000 320 EXAMINE_SERP
ACTION SNIPPET 10000 323 SNIPPET_NOT_RELEVANT b'0a714c8b4ec3eb9a78b81a3aa6eb3d79'
ACTION SNIPPET 10000 326 SNIPPET_NOT_RELEVANT b'8c2f7c7b3ef8ed875fd0a7a1c0b0bd00'
ACTION SNIPPET 10000 329 SNIPPET_RELEVANT b'5a84e5ae1a798a6a85bb21877ea48c56'
ACTION DOC 10000 349 EXAMINING_DOCUMENT b'5a84e5ae1a798a6a85bb21877ea48c56'
ACTION SNIPPET 10000 352 SNIPPET_NOT_RELEVANT b'fbe2c79b2830f1a454c44c6ff67c08c2'
ACTION SNIPPET 10000 355 SNIPPET_RELEVANT b'f04d0a36b60341b0f6e6173a3a8aa591'
ACTION DOC 10000 375 EXAMINING_DOCUMENT b'f04d0a36b60341b0f6e6173a3a8aa591'
ACTION SNIPPET 10000 378 SNIPPET_RELEVANT b'f2b95ddfbcbc6282d0f5199e5ea5827f'
ACTION DOC 10000 398 EXAMINING_DOCUMENT b'f2b95ddfbcbc6282d0f5199e5ea5827f'
ACTION SNIPPET 10000 401 SNIPPET_RELEVANT b'64064773b4e37050d374c67f0364f2f0'
ACTION DOC 10000 421 EXAMINING_DOCUMENT b'64064773b4e37050d374c67f0364f2f0'
ACTION SNIPPET 10000 424 SNIPPET_NOT_RELEVANT b'44acab79e0c907d847a11382378a41f1'
ACTION SNIPPET 10000 427 SNIPPET_RELEVANT b'2238831757139420c8cc0184c1159a59'
ACTION DOC 10000 447 EXAMINING_DOCUMENT b'2238831757139420c8cc0184c1159a59'
ACTION SNIPPET 10000 450 SNIPPET_NOT_RELEVANT b'6fb1830402c07c49fcedfbcf38be382a'
ACTION QUERY 10000 460 women on 20s daughter
ACTION SERP 10000 465 EXAMINE_SERP
ACTION SNIPPET 10000 468 SEEN_PREVIOUSLY b'bc93176416facf05be71cafe2fa96708'
ACTION SNIPPET 10000 471 SNIPPET_RELEVANT b'48bb1770-7ff8-11e1-bc36-069277cb6efc'
ACTION DOC 10000 491 EXAMINING_DOCUMENT b'48bb1770-7ff8-11e1-bc36-069277cb6efc'
ACTION SNIPPET 10000 494 SNIPPET_NOT_RELEVANT b'4734f0ce009a3bec9466ee99ce655c0b'
ACTION SNIPPET 10000 497 SNIPPET_NOT_RELEVANT b'b127e15fa819ecc4d08bc32205de142b'
ACTION SNIPPET 10000 500 SNIPPET_NOT_RELEVANT b'5454420c46c113e1ba6b9b9ea3939e6f'
ACTION SNIPPET 10000 503 SNIPPET_RELEVANT b'56825d7197ed509ecc0c39d5074db0ac'
ACTION DOC 10000 523 EXAMINING_DOCUMENT b'56825d7197ed509ecc0c39d5074db0ac'
ACTION SNIPPET 10000 526 SNIPPET_RELEVANT b'5414f6aa-9b2f-11e3-ad71-e03637a299c0'
ACTION DOC 10000 546 EXAMINING_DOCUMENT b'5414f6aa-9b2f-11e3-ad71-e03637a299c0'
ACTION SNIPPET 10000 549 SNIPPET_NOT_RELEVANT b'2dd1b984-5b2e-11e2-88d0-c4cf65c3ad15'
ACTION SNIPPET 10000 552 SNIPPET_NOT_RELEVANT b'deb57060-cf2c-11e3-b812-0c92213941f4'
ACTION SNIPPET 10000 555 SNIPPET_NOT_RELEVANT b'78a5030e-0eaf-11e4-8341-b8072b1e7348'
ACTION QUERY 10000 565 women on 20s dc
ACTION SERP 10000 570 EXAMINE_SERP
ACTION SNIPPET 10000 573 SNIPPET_RELEVANT b'55f8550624fc863ca3824d09058a009b'
ACTION DOC 10000 593 EXAMINING_DOCUMENT b'55f8550624fc863ca3824d09058a009b'
ACTION SNIPPET 10000 596 SNIPPET_NOT_RELEVANT b'd8957c5a-7e7d-11e5-b575-d8dcfedb4ea1'
ACTION SNIPPET 10000 599 SNIPPET_NOT_RELEVANT b'402b634c-f574-11e2-9434-60440856fadf'
ACTION SNIPPET 10000 602 SNIPPET_NOT_RELEVANT b'4e88ae72-c0e9-11e3-bcec-b71ee10e9bc3'
ACTION SNIPPET 10000 605 SNIPPET_RELEVANT b'0e748116778d69d886041e1bc0750ff0'
ACTION DOC 10000 625 EXAMINING_DOCUMENT b'0e748116778d69d886041e1bc0750ff0'
ACTION SNIPPET 10000 628 SNIPPET_RELEVANT b'6490a80c5c2845b1c1b4de361e58a672'
ACTION DOC 10000 648 EXAMINING_DOCUMENT b'6490a80c5c2845b1c1b4de361e58a672'
ACTION SNIPPET 10000 651 SNIPPET_NOT_RELEVANT b'4a673badad5e3c9a3c377a950f353868'
ACTION SNIPPET 10000 654 SNIPPET_RELEVANT b'8ae097aa-eafc-11e1-a80b-9f898562d010'
ACTION DOC 10000 674 EXAMINING_DOCUMENT b'8ae097aa-eafc-11e1-a80b-9f898562d010'
ACTION SNIPPET 10000 677 SNIPPET_NOT_RELEVANT b'a81109fc-e7c0-11e1-a3d2-2a05679928ef'
ACTION SNIPPET 10000 680 SNIPPET_RELEVANT b'3ecdd7f033be367d0e71db629d4fa525'
ACTION DOC 10000 700 EXAMINING_DOCUMENT b'3ecdd7f033be367d0e71db629d4fa525'
ACTION QUERY 10000 710 women on 20s screened
ACTION SERP 10000 715 EXAMINE_SERP
ACTION SNIPPET 10000 718 SNIPPET_NOT_RELEVANT b'abd5561f0973059cab01f1cd0ce84c41'
ACTION SNIPPET 10000 721 SNIPPET_NOT_RELEVANT b'dadf9c2c8cf68bc4df30238637585eec'
ACTION SNIPPET 10000 724 SNIPPET_NOT_RELEVANT b'2c0f4c74-cbf3-11e3-93eb-6c0037dde2ad'
ACTION SNIPPET 10000 727 SNIPPET_RELEVANT b'83a2f0f63bb25293070dfc1b9e089223'
ACTION DOC 10000 747 EXAMINING_DOCUMENT b'83a2f0f63bb25293070dfc1b9e089223'
ACTION SNIPPET 10000 750 SNIPPET_RELEVANT b'7907fd08-0667-11e2-858a-5311df86ab04'
ACTION DOC 10000 770 EXAMINING_DOCUMENT b'7907fd08-0667-11e2-858a-5311df86ab04'
ACTION SNIPPET 10000 773 SNIPPET_NOT_RELEVANT b'9845af0e-6d1e-11e6-8365-b19e428a975e'
ACTION SNIPPET 10000 776 SNIPPET_NOT_RELEVANT b'b8f6efb1c1b5c25beec039316bdfb569'
ACTION SNIPPET 10000 779 SNIPPET_NOT_RELEVANT b'542d5544b94e8af7dee8908ae5c6f138'
ACTION SNIPPET 10000 782 SNIPPET_NOT_RELEVANT b'7896eff8-4d0a-11e1-bbc2-6eb685fc7f67'
ACTION SNIPPET 10000 785 SNIPPET_RELEVANT b'8d87e456bb928d8c20b10250f0e043d9'
ACTION DOC 10000 805 EXAMINING_DOCUMENT b'8d87e456bb928d8c20b10250f0e043d9'
ACTION QUERY 10000 815 women on 20s cancer
ACTION SERP 10000 820 EXAMINE_SERP
ACTION SNIPPET 10000 823 SNIPPET_RELEVANT b'fa2d6a5fc5d9c4ec23bc0b0ac01a5d67'
ACTION DOC 10000 843 EXAMINING_DOCUMENT b'fa2d6a5fc5d9c4ec23bc0b0ac01a5d67'
ACTION SNIPPET 10000 846 SNIPPET_NOT_RELEVANT b'3f30a2b037c5740eccc476769829ec6a'
ACTION SNIPPET 10000 849 SNIPPET_RELEVANT b'eaac834c1ce6d20dc8a1f9cf065209d3'
ACTION DOC 10000 869 EXAMINING_DOCUMENT b'eaac834c1ce6d20dc8a1f9cf065209d3'
ACTION SNIPPET 10000 872 SNIPPET_NOT_RELEVANT b'abd5561f0973059cab01f1cd0ce84c41'
ACTION SNIPPET 10000 875 SNIPPET_RELEVANT b'e120f4f71139e23026177da1a6ee2b8e'
ACTION DOC 10000 895 EXAMINING_DOCUMENT b'e120f4f71139e23026177da1a6ee2b8e'
ACTION SNIPPET 10000 898 SNIPPET_NOT_RELEVANT b'dadf9c2c8cf68bc4df30238637585eec'
ACTION SNIPPET 10000 901 SNIPPET_NOT_RELEVANT b'd3f63748373d6b8053b2c3714a25b836'
ACTION SNIPPET 10000 904 SNIPPET_NOT_RELEVANT b'aec5698e-3665-11e7-b4ee-434b6d506b37'
ACTION SNIPPET 10000 907 SNIPPET_NOT_RELEVANT b'ff9b804ad5d4bb6d54893269572cf3ff'
ACTION SNIPPET 10000 910 SNIPPET_NOT_RELEVANT b'30b2e77e-475b-11e5-8ab4-c73967a143d3'
ACTION QUERY 10000 920 women on 20s protect
ACTION SERP 10000 925 EXAMINE_SERP
ACTION SNIPPET 10000 928 SNIPPET_NOT_RELEVANT b'f8dc6c19482fe9a4375bd36e373c1f8f'
ACTION SNIPPET 10000 931 SEEN_PREVIOUSLY b'fa2d6a5fc5d9c4ec23bc0b0ac01a5d67'
ACTION SNIPPET 10000 934 SNIPPET_RELEVANT b'3f30a2b037c5740eccc476769829ec6a'
ACTION DOC 10000 954 EXAMINING_DOCUMENT b'3f30a2b037c5740eccc476769829ec6a'
ACTION SNIPPET 10000 957 SEEN_PREVIOUSLY b'eaac834c1ce6d20dc8a1f9cf065209d3'
ACTION SNIPPET 10000 960 SNIPPET_NOT_RELEVANT b'c68f57f434c336014b884050d26690dc'
ACTION SNIPPET 10000 963 SNIPPET_RELEVANT b'dca5fd0d79ae9b56cdf2f39b092a8861'
ACTION DOC 10000 983 EXAMINING_DOCUMENT b'dca5fd0d79ae9b56cdf2f39b092a8861'
ACTION SNIPPET 10000 986 SNIPPET_RELEVANT b'101e016db8e4adf9b1fc8f66760554e1'
ACTION DOC 10000 1006 EXAMINING_DOCUMENT b'101e016db8e4adf9b1fc8f66760554e1'
ACTION SNIPPET 10000 1009 SNIPPET_RELEVANT b'7f10df7e662587d2d11196517e4d61fd'
ACTION DOC 10000 1029 EXAMINING_DOCUMENT b'7f10df7e662587d2d11196517e4d61fd'
ACTION SNIPPET 10000 1032 SNIPPET_RELEVANT b'ce07b23a-16b3-11e5-9518-f9e0a8959f32'
ACTION DOC 10000 1052 EXAMINING_DOCUMENT b'ce07b23a-16b3-11e5-9518-f9e0a8959f32'
ACTION MARK 10000 1055 CONSIDERED_RELEVANT b'ce07b23a-16b3-11e5-9518-f9e0a8959f32'
ACTION SNIPPET 10000 1058 SNIPPET_RELEVANT b'132fda502cde8116e332b36cc66d6eb3'
ACTION DOC 10000 1078 EXAMINING_DOCUMENT b'132fda502cde8116e332b36cc66d6eb3'
ACTION QUERY 10000 1088 women on 20s cells
ACTION SERP 10000 1093 EXAMINE_SERP
ACTION SNIPPET 10000 1096 SNIPPET_NOT_RELEVANT b'e5c4be12-60e1-11e1-89ec-c50be597b712'
ACTION SNIPPET 10000 1099 SNIPPET_RELEVANT b'26579586-47b7-11e3-bf0c-cebf37c6f484'
ACTION DOC 10000 1119 EXAMINING_DOCUMENT b'26579586-47b7-11e3-bf0c-cebf37c6f484'
ACTION SNIPPET 10000 1122 SNIPPET_NOT_RELEVANT b'dadf9c2c8cf68bc4df30238637585eec'
ACTION SNIPPET 10000 1125 SNIPPET_RELEVANT b'a6f4c3159cc86468f63f8dc8ebd8083b'
ACTION DOC 10000 1145 EXAMINING_DOCUMENT b'a6f4c3159cc86468f63f8dc8ebd8083b'
ACTION SNIPPET 10000 1148 SNIPPET_NOT_RELEVANT b'0e995efd6b5de6e907952e1cba167109'
ACTION SNIPPET 10000 1151 SNIPPET_NOT_RELEVANT b'83739918138e26357a8400244f2a3de6'
ACTION SNIPPET 10000 1154 SNIPPET_RELEVANT b'b36428946c3e7a75fb89c8ae4e014214'
ACTION DOC 10000 1174 EXAMINING_DOCUMENT b'b36428946c3e7a75fb89c8ae4e014214'
ACTION SNIPPET 10000 1177 SNIPPET_NOT_RELEVANT b'dbefec36-4d26-11e7-a186-60c031eab644'
ACTION SNIPPET 10000 1180 SNIPPET_RELEVANT b'23589654-0481-11e5-8bda-c7b4e9a8f7ac'
ACTION DOC 10000 1200 EXAMINING_DOCUMENT b'23589654-0481-11e5-8bda-c7b4e9a8f7ac'
ACTION SNIPPET 10000 1203 SNIPPET_RELEVANT b'c1178fcc-671b-11e7-a1d7-9a32c91c6f40'
ACTION DOC 10000 1223 EXAMINING_DOCUMENT b'c1178fcc-671b-11e7-a1d7-9a32c91c6f40'
ACTION QUERY 10000 1233 women on 20s pop
ACTION SERP 10000 1238 EXAMINE_SERP
ACTION SNIPPET 10000 1241 SNIPPET_NOT_RELEVANT b'9ccdf6543026b2706ced07ee08415f07'
ACTION SNIPPET 10000 1244 SNIPPET_RELEVANT b'0a714c8b4ec3eb9a78b81a3aa6eb3d79'
ACTION DOC 10000 1264 EXAMINING_DOCUMENT b'0a714c8b4ec3eb9a78b81a3aa6eb3d79'
ACTION SNIPPET 10000 1267 SNIPPET_RELEVANT b'0866c700-07d0-11e6-bdcb-0133da18418d'
ACTION DOC 10000 1287 EXAMINING_DOCUMENT b'0866c700-07d0-11e6-bdcb-0133da18418d'
ACTION MARK 10000 1290 CONSIDERED_RELEVANT b'0866c700-07d0-11e6-bdcb-0133da18418d'
ACTION SNIPPET 10000 1293 SNIPPET_NOT_RELEVANT b'ee176a52-43c0-11e2-8c8f-fbebf7ccab4e'
ACTION SNIPPET 10000 1296 SNIPPET_NOT_RELEVANT b'e850a4d252e3d7153dea8257e408dd8e'
ACTION SNIPPET 10000 1299 SNIPPET_NOT_RELEVANT b'8f141d1442fb32c2ff1382d418217df8'
ACTION SNIPPET 10000 1302 SNIPPET_NOT_RELEVANT b'd7a85e20-def9-11e5-9c36-e1902f6b6571'
ACTION SNIPPET 10000 1305 SNIPPET_RELEVANT b'2a1971a53f99b38ffbbba22dcd2a651c'
ACTION DOC 10000 1325 EXAMINING_DOCUMENT b'2a1971a53f99b38ffbbba22dcd2a651c'
ACTION SNIPPET 10000 1328 SNIPPET_NOT_RELEVANT b'06404314a4f17d45ef2bbc9f4fca7722'
ACTION SNIPPET 10000 1331 SNIPPET_RELEVANT b'c327c7ccb7748177f78dcedfbaf8a7c1'
ACTION DOC 10000 1351 EXAMINING_DOCUMENT b'c327c7ccb7748177f78dcedfbaf8a7c1'
ACTION QUERY 10000 1361 women on 20s tour
ACTION SERP 10000 1366 EXAMINE_SERP
ACTION SNIPPET 10000 1369 SNIPPET_RELEVANT b'5720ef5e-0ff3-11e5-a0dc-2b6f404ff5cf'
ACTION DOC 10000 1389 EXAMINING_DOCUMENT b'5720ef5e-0ff3-11e5-a0dc-2b6f404ff5cf'
ACTION SNIPPET 10000 1392 SNIPPET_RELEVANT b'96eb8da7b9ba24b9b329209787905ca7'
ACTION DOC 10000 1412 EXAMINING_DOCUMENT b'96eb8da7b9ba24b9b329209787905ca7'
ACTION SNIPPET 10000 1415 SNIPPET_RELEVANT b'7d5894f2-4bff-11e7-9669-250d0b15f83b'
ACTION DOC 10000 1435 EXAMINING_DOCUMENT b'7d5894f2-4bff-11e7-9669-250d0b15f83b'
ACTION SNIPPET 10000 1438 SNIPPET_NOT_RELEVANT b'52ae50b6-9fcb-11e5-bce4-708fe33e3288'
ACTION SNIPPET 10000 1441 SNIPPET_NOT_RELEVANT b'1ab363de-9adb-11e1-a572-967bee30fe4f'
ACTION SNIPPET 10000 1444 SNIPPET_NOT_RELEVANT b'5f691588-391b-11e4-a023-1d61f7f31a05'
ACTION SNIPPET 10000 1447 SNIPPET_NOT_RELEVANT b'5788d256-49cd-11e3-bf0c-cebf37c6f484'
ACTION SNIPPET 10000 1450 SNIPPET_RELEVANT b'50bf44f8-dc52-11e1-9974-5c975ae4810f'
ACTION DOC 10000 1470 EXAMINING_DOCUMENT b'50bf44f8-dc52-11e1-9974-5c975ae4810f'
ACTION SNIPPET 10000 1473 SNIPPET_NOT_RELEVANT b'efbf59e2-287c-11e6-a3c4-0724e8e24f3f'
ACTION SNIPPET 10000 1476 SNIPPET_RELEVANT b'f1f17e82-e8df-11e2-818e-aa29e855f3ab'
ACTION DOC 10000 1496 EXAMINING_DOCUMENT b'f1f17e82-e8df-11e2-818e-aa29e855f3ab'
ACTION QUERY 10000 1506 women on 20s control
ACTION SERP 10000 1511 EXAMINE_SERP
ACTION SNIPPET 10000 1514 SNIPPET_RELEVANT b'ce064fb22c58913f046a9acc6d64810e'
ACTION DOC 10000 1534 EXAMINING_DOCUMENT b'ce064fb22c58913f046a9acc6d64810e'
ACTION SNIPPET 10000 1537 SNIPPET_NOT_RELEVANT b'c052272cde0bbb7ccfd7185946f144fb'
ACTION SNIPPET 10000 1540 SNIPPET_NOT_RELEVANT b'f8dc6c19482fe9a4375bd36e373c1f8f'
ACTION SNIPPET 10000 1543 SNIPPET_NOT_RELEVANT b'03b7a3b521d7be1d77b6f25904459383'
ACTION SNIPPET 10000 1546 SNIPPET_NOT_RELEVANT b'0780c409452ff4977d312e5f675d0c03'
ACTION SNIPPET 10000 1549 SNIPPET_NOT_RELEVANT b'c177d415b9f0ec8acdd3e92425b391ce'
ACTION SNIPPET 10000 1552 SNIPPET_NOT_RELEVANT b'0f2604c193d15d41055444e82478a565'
ACTION SNIPPET 10000 1555 SEEN_PREVIOUSLY b'fa2d6a5fc5d9c4ec23bc0b0ac01a5d67'
ACTION SNIPPET 10000 1558 SEEN_PREVIOUSLY b'3f30a2b037c5740eccc476769829ec6a'
ACTION SNIPPET 10000 1561 SEEN_PREVIOUSLY b'eaac834c1ce6d20dc8a1f9cf065209d3'
ACTION QUERY 10000 1571 women on 20s tv
ACTION SERP 10000 1576 EXAMINE_SERP
ACTION SNIPPET 10000 1579 SNIPPET_RELEVANT b'de06d684-af15-11e5-b820-eea4d64be2a1'
ACTION DOC 10000 1599 EXAMINING_DOCUMENT b'de06d684-af15-11e5-b820-eea4d64be2a1'
ACTION SNIPPET 10000 1602 SNIPPET_NOT_RELEVANT b'edb354ec-5b0d-11e5-8e9e-dce8a2a2a679'
ACTION SNIPPET 10000 1605 SNIPPET_RELEVANT b'2e896db084466612b2a308a9da22de47'
ACTION DOC 10000 1625 EXAMINING_DOCUMENT b'2e896db084466612b2a308a9da22de47'
ACTION SNIPPET 10000 1628 SNIPPET_NOT_RELEVANT b'0216cd5a38fef2d0dcfe6863003f437d'
ACTION SNIPPET 10000 1631 SNIPPET_RELEVANT b'70324740b384237adcacef64f906c104'
ACTION DOC 10000 1651 EXAMINING_DOCUMENT b'70324740b384237adcacef64f906c104'
ACTION SNIPPET 10000 1654 SNIPPET_NOT_RELEVANT b'9966af16-3cfb-11e2-bca3-aadc9b7e29c5'
ACTION SNIPPET 10000 1657 SNIPPET_NOT_RELEVANT b'ea8d96aa7b72582269566ae87e41a688'
ACTION SNIPPET 10000 1660 SNIPPET_RELEVANT b'883e6ebe2fd01dcc1f879abcfdadb9f4'
ACTION DOC 10000 1680 EXAMINING_DOCUMENT b'883e6ebe2fd01dcc1f879abcfdadb9f4'
ACTION SNIPPET 10000 1683 SNIPPET_NOT_RELEVANT b'29d63e94-173b-11e3-a2ec-b47e45e6f8ef'
ACTION SNIPPET 10000 1686 SNIPPET_RELEVANT b'5c38caca-5810-11e4-bd61-346aee66ba29'
ACTION DOC 10000 1706 EXAMINING_DOCUMENT b'5c38caca-5810-11e4-bd61-346aee66ba29'
ACTION QUERY 10000 1716 women on 20s didnt
ACTION SERP 10000 1721 EXAMINE_SERP
ACTION SNIPPET 10000 1724 SNIPPET_RELEVANT b'53779b39ce35a93569185c775c8530cf'
ACTION DOC 10000 1744 EXAMINING_DOCUMENT b'53779b39ce35a93569185c775c8530cf'
ACTION SNIPPET 10000 1747 SNIPPET_NOT_RELEVANT b'61f3342953755d0d01fede5d0e7cafca'
ACTION SNIPPET 10000 1750 SNIPPET_NOT_RELEVANT b'ac8060ae4f28215538a564761b76231c'
ACTION SNIPPET 10000 1753 SNIPPET_RELEVANT b'48862bb56e25d8c8a383c2f087e53a1f'
ACTION DOC 10000 1773 EXAMINING_DOCUMENT b'48862bb56e25d8c8a383c2f087e53a1f'
ACTION SNIPPET 10000 1776 SNIPPET_NOT_RELEVANT b'9c42c366f241e30bd15d7c8d934d6715'
ACTION SNIPPET 10000 1779 SNIPPET_RELEVANT b'72c587ec7b99229f8b808e2bc5894a28'
ACTION DOC 10000 1799 EXAMINING_DOCUMENT b'72c587ec7b99229f8b808e2bc5894a28'
ACTION SNIPPET 10000 1802 SNIPPET_NOT_RELEVANT b'9d54a3fce30c747e793c841dceb8e55d'
ACTION SNIPPET 10000 1805 SNIPPET_RELEVANT b'd864eb9e212ce0246a1097773252dbfa'
ACTION DOC 10000 1825 EXAMINING_DOCUMENT b'd864eb9e212ce0246a1097773252dbfa'
ACTION SNIPPET 10000 1828 SNIPPET_NOT_RELEVANT b'e672c3561f370b6b3e6781b1c323a0d9'
ACTION SNIPPET 10000 1831 SNIPPET_RELEVANT b'50cd3b2e146b0735d30aa6ea04c8af5b'
ACTION DOC 10000 1851 EXAMINING_DOCUMENT b'50cd3b2e146b0735d30aa6ea04c8af5b'
ACTION QUERY 10000 1861 women on 20s newest
ACTION SERP 10000 1866 EXAMINE_SERP
ACTION SNIPPET 10000 1869 SEEN_PREVIOUSLY b'7b60cd36bb1c08750ecf3e09f777f22e'
ACTION SNIPPET 10000 1872 SNIPPET_RELEVANT b'a41cd2db272c634c8fdfb458c4810d38'
ACTION DOC 10000 1892 EXAMINING_DOCUMENT b'a41cd2db272c634c8fdfb458c4810d38'
ACTION SNIPPET 10000 1895 SNIPPET_NOT_RELEVANT b'd142716877140677bbf64c2998402b87'
ACTION SNIPPET 10000 1898 SNIPPET_RELEVANT b'8ea07ec8c4a3b3d485f399be093c311a'
ACTION DOC 10000 1918 EXAMINING_DOCUMENT b'8ea07ec8c4a3b3d485f399be093c311a'
ACTION SNIPPET 10000 1921 SNIPPET_RELEVANT b'aa283fcaed50c64ddf5a9146a4d3fd24'
ACTION DOC 10000 1941 EXAMINING_DOCUMENT b'aa283fcaed50c64ddf5a9146a4d3fd24'
ACTION SNIPPET 10000 1944 SNIPPET_RELEVANT b'8de06dd21d1e15a20bf5d455a1dd7126'
ACTION DOC 10000 1964 EXAMINING_DOCUMENT b'8de06dd21d1e15a20bf5d455a1dd7126'
ACTION SNIPPET 10000 1967 SNIPPET_NOT_RELEVANT b'f8b291c33b7713ebd9309d7d058dfdd4'
ACTION SNIPPET 10000 1970 SNIPPET_RELEVANT b'b147da4500d7377bcd72e3f072ee489d'
ACTION DOC 10000 1990 EXAMINING_DOCUMENT b'b147da4500d7377bcd72e3f072ee489d'
ACTION SNIPPET 10000 1993 SNIPPET_RELEVANT b'afc96ced0d76eb555ef4fcef8e256aa6'
ACTION DOC 10000 2013 EXAMINING_DOCUMENT b'afc96ced0d76eb555ef4fcef8e256aa6'
ACTION SNIPPET 10000 2016 SNIPPET_NOT_RELEVANT b'db0cb4786b2d88230f1f288f8801f688'
ACTION QUERY 10000 2026 women on 20s stem
ACTION SERP 10000 2031 EXAMINE_SERP
ACTION SNIPPET 10000 2034 SNIPPET_RELEVANT b'a3b2946a-8fb0-11e1-92ab-05054aebd40d'
ACTION DOC 10000 2054 EXAMINING_DOCUMENT b'a3b2946a-8fb0-11e1-92ab-05054aebd40d'
ACTION SNIPPET 10000 2057 SNIPPET_NOT_RELEVANT b'babd874ff84f7f190508218d23d15135'
ACTION SNIPPET 10000 2060 SNIPPET_NOT_RELEVANT b'b984a17d57c1cb1edee32194b1955a50'
ACTION SNIPPET 10000 2063 SNIPPET_NOT_RELEVANT b'e5c4be12-60e1-11e1-89ec-c50be597b712'
ACTION SNIPPET 10000 2066 SNIPPET_NOT_RELEVANT b'9aede466-084d-11e4-bbf1-cc51275e7f8f'
ACTION SNIPPET 10000 2069 SNIPPET_NOT_RELEVANT b'25c122dc05d57bbc3793180cc5a3a6e8'
ACTION SNIPPET 10000 2072 SNIPPET_NOT_RELEVANT b'616be2c5f2d9f00761ce31824e3dfba1'
ACTION SNIPPET 10000 2075 SNIPPET_RELEVANT b'789822fe1697253d34bf8a1b174043ff'
ACTION DOC 10000 2095 EXAMINING_DOCUMENT b'789822fe1697253d34bf8a1b174043ff'
ACTION SNIPPET 10000 2098 SNIPPET_RELEVANT b'd503f79c-5992-11e1-99b5-51e164267de6'
ACTION DOC 10000 2118 EXAMINING_DOCUMENT b'd503f79c-5992-11e1-99b5-51e164267de6'
ACTION SNIPPET 10000 2121 SNIPPET_NOT_RELEVANT b'acb3a184-c126-11e5-bcda-62a36b394160'
ACTION QUERY 10000 2131 women on 20s group
ACTION SERP 10000 2136 EXAMINE_SERP
ACTION SNIPPET 10000 2139 SEEN_PREVIOUSLY b'3128fd11e0e327e93870c4a82c953c7a'
ACTION SNIPPET 10000 2142 SNIPPET_NOT_RELEVANT b'3f42f2d6717ed80f3603a7cdbe5b1332'
ACTION SNIPPET 10000 2145 SNIPPET_RELEVANT b'c5c527d80bf00b49c997e4ca064cc451'
ACTION DOC 10000 2165 EXAMINING_DOCUMENT b'c5c527d80bf00b49c997e4ca064cc451'
ACTION MARK 10000 2168 CONSIDERED_RELEVANT b'c5c527d80bf00b49c997e4ca064cc451'
ACTION SNIPPET 10000 2171 SEEN_PREVIOUSLY b'5720ef5e-0ff3-11e5-a0dc-2b6f404ff5cf'
ACTION SNIPPET 10000 2174 SNIPPET_RELEVANT b'1c2a1a31c6906a3efbf8bf387537cfd9'
ACTION DOC 10000 2194 EXAMINING_DOCUMENT b'1c2a1a31c6906a3efbf8bf387537cfd9'
ACTION SNIPPET 10000 2197 SNIPPET_RELEVANT b'7b2ac2da27d43b118fc6c0291181488a'
ACTION DOC 10000 2217 EXAMINING_DOCUMENT b'7b2ac2da27d43b118fc6c0291181488a'
ACTION SNIPPET 10000 2220 SNIPPET_RELEVANT b'5fcdf0d328ca092aed57dbea4427b294'
ACTION DOC 10000 2240 EXAMINING_DOCUMENT b'5fcdf0d328ca092aed57dbea4427b294'
ACTION SNIPPET 10000 2243 SNIPPET_NOT_RELEVANT b'41569e14f80ed9504903fc76d6735420'
ACTION SNIPPET 10000 2246 SNIPPET_RELEVANT b'083bd0354dbe2c62f2e39c2ad9d1f875'
ACTION DOC 10000 2266 EXAMINING_DOCUMENT b'083bd0354dbe2c62f2e39c2ad9d1f875'
ACTION SNIPPET 10000 2269 SNIPPET_RELEVANT b'941d06390649a4792fa8777016c92a1f'
ACTION DOC 10000 2289 EXAMINING_DOCUMENT b'941d06390649a4792fa8777016c92a1f'
ACTION QUERY 10000 2299 women on 20s andrea
ACTION SERP 10000 2304 EXAMINE_SERP
ACTION SNIPPET 10000 2307 SNIPPET_RELEVANT b'ef7af49fab6df657bc20aa21f5741e7b'
ACTION DOC 10000 2327 EXAMINING_DOCUMENT b'ef7af49fab6df657bc20aa21f5741e7b'
ACTION SNIPPET 10000 2330 SNIPPET_NOT_RELEVANT b'873ffee6972562fbc1b815eb16d8141b'
ACTION SNIPPET 10000 2333 SNIPPET_NOT_RELEVANT b'1c605eec-4a28-11e7-a186-60c031eab644'
ACTION SNIPPET 10000 2336 SNIPPET_RELEVANT b'dc6c34cc-6937-11e6-99bf-f0cf3a6449a6'
ACTION DOC 10000 2356 EXAMINING_DOCUMENT b'dc6c34cc-6937-11e6-99bf-f0cf3a6449a6'
ACTION SNIPPET 10000 2359 SNIPPET_NOT_RELEVANT b'ad05ff330bac268befe3ca5666879d19'
ACTION SNIPPET 10000 2362 SNIPPET_RELEVANT b'b41eaed2-febf-11e6-8f41-ea6ed597e4ca'
ACTION DOC 10000 2382 EXAMINING_DOCUMENT b'b41eaed2-febf-11e6-8f41-ea6ed597e4ca'
ACTION SNIPPET 10000 2385 SNIPPET_NOT_RELEVANT b'b9a1ba22-039e-11e3-a07f-49ddc7417125'
ACTION SNIPPET 10000 2388 SNIPPET_RELEVANT b'24f2be35f6fe260468e23f9c39db474e'
ACTION DOC 10000 2408 EXAMINING_DOCUMENT b'24f2be35f6fe260468e23f9c39db474e'
ACTION SNIPPET 10000 2411 SNIPPET_NOT_RELEVANT b'ded25aaa-122c-11e6-8967-7ac733c56f12'
ACTION SNIPPET 10000 2414 SNIPPET_NOT_RELEVANT b'ffecda5be38f81b6f0f977120cf9c21e'
ACTION QUERY 10000 2424 women on 20s brazilian
ACTION SERP 10000 2429 EXAMINE_SERP
ACTION SNIPPET 10000 2432 SNIPPET_NOT_RELEVANT b'9aeb600e-e945-11e4-8581-633c536add4b'
ACTION SNIPPET 10000 2435 SNIPPET_RELEVANT b'bcb9e454-e3fc-11e1-a25e-15067bb31849'
ACTION DOC 10000 2455 EXAMINING_DOCUMENT b'bcb9e454-e3fc-11e1-a25e-15067bb31849'
ACTION SNIPPET 10000 2458 SNIPPET_RELEVANT b'baddace2b63722280c2a9cda6dd68f2d'
ACTION DOC 10000 2478 EXAMINING_DOCUMENT b'baddace2b63722280c2a9cda6dd68f2d'
ACTION SNIPPET 10000 2481 SNIPPET_NOT_RELEVANT b'4eee1538-63b1-11e6-96c0-37533479f3f5'
ACTION SNIPPET 10000 2484 SNIPPET_NOT_RELEVANT b'61bbf0251cae45ec48a5040ee47c7ab9'
ACTION SNIPPET 10000 2487 SNIPPET_NOT_RELEVANT b'c68f57f434c336014b884050d26690dc'
ACTION SNIPPET 10000 2490 SNIPPET_NOT_RELEVANT b'afbb7d1a-c68d-11e3-8b9a-8e0977a24aeb'
ACTION SNIPPET 10000 2493 SEEN_PREVIOUSLY b'dca5fd0d79ae9b56cdf2f39b092a8861'
ACTION SNIPPET 10000 2496 SEEN_PREVIOUSLY b'101e016db8e4adf9b1fc8f66760554e1'
ACTION SNIPPET 10000 2499 SEEN_PREVIOUSLY b'7f10df7e662587d2d11196517e4d61fd'
ACTION QUERY 10000 2509 women on 20s parenting
ACTION SERP 10000 2514 EXAMINE_SERP
ACTION SNIPPET 10000 2517 SNIPPET_NOT_RELEVANT b'3a5ea2a8-f837-11e5-a3ce-f06b5ba21f33'
ACTION SNIPPET 10000 2520 SNIPPET_NOT_RELEVANT b'9ad6f564-2117-11e6-9e7f-57890b612299'
ACTION SNIPPET 10000 2523 SNIPPET_NOT_RELEVANT b'87e6a626-ca73-11e4-a199-6cb5e63819d2'
ACTION SNIPPET 10000 2526 SNIPPET_NOT_RELEVANT b'022befa2-2a9b-11e7-a616-d7c8a68c1a66'
ACTION SNIPPET 10000 2529 SNIPPET_RELEVANT b'3122ed5a-a8ca-11e5-8058-480b572b4aae'
ACTION DOC 10000 2549 EXAMINING_DOCUMENT b'3122ed5a-a8ca-11e5-8058-480b572b4aae'
ACTION SNIPPET 10000 2552 SNIPPET_NOT_RELEVANT b'5baf016ff48f077be352b66aadf20a08'
ACTION SNIPPET 10000 2555 SNIPPET_NOT_RELEVANT b'a506e269bd1562ccd9c3c3d151b43a4c'
ACTION SNIPPET 10000 2558 SNIPPET_NOT_RELEVANT b'b1393102-931a-11e2-8ea1-956c94b6b5b9'
ACTION SNIPPET 10000 2561 SNIPPET_RELEVANT b'1dbf6141b6ec8bbb780d967cd8988b09'
ACTION DOC 10000 2581 EXAMINING_DOCUMENT b'1dbf6141b6ec8bbb780d967cd8988b09'
ACTION SNIPPET 10000 2584 SNIPPET_NOT_RELEVANT b'dada46e880a5da95ec6eea099a8ab687'
ACTION QUERY 10000 2594 women on 20s akhter
ACTION SERP 10000 2599 EXAMINE_SERP
ACTION SNIPPET 10000 2602 SNIPPET_RELEVANT b'38eaffb024448dfbcf8096782eb413ee'
ACTION DOC 10000 2622 EXAMINING_DOCUMENT b'38eaffb024448dfbcf8096782eb413ee'
ACTION SNIPPET 10000 2625 SNIPPET_NOT_RELEVANT b'a0570e7250fb87d1070a368d783c017d'
ACTION SNIPPET 10000 2628 SNIPPET_RELEVANT b'51251eee-1405-11e4-9285-4243a40ddc97'
ACTION DOC 10000 2648 EXAMINING_DOCUMENT b'51251eee-1405-11e4-9285-4243a40ddc97'
ACTION SNIPPET 10000 2651 SNIPPET_NOT_RELEVANT b'17a30c7c-d899-11e4-ba28-f2a685dc7f89'
ACTION SNIPPET 10000 2654 SNIPPET_NOT_RELEVANT b'ca9c87d0-1c1a-11e5-bd7f-4611a60dd8e5'
ACTION SNIPPET 10000 2657 SNIPPET_NOT_RELEVANT b'2b4def94-3d79-11e1-84a4-02de40db9b91'
ACTION SNIPPET 10000 2660 SNIPPET_NOT_RELEVANT b'f3f9abc6-6936-11e5-8325-a42b5a459b1e'
ACTION SNIPPET 10000 2663 SNIPPET_NOT_RELEVANT b'dafae91e-79e8-11e1-a01f-52d5c6187537'
ACTION SNIPPET 10000 2666 SNIPPET_NOT_RELEVANT b'e5fb8300-6918-11e5-9ef3-fde182507eac'
ACTION SNIPPET 10000 2669 SNIPPET_NOT_RELEVANT b'c2a9a3ea-0db9-11e2-bd1a-b868e65d57eb'
ACTION QUERY 10000 2679 women on 20s mayor
ACTION SERP 10000 2684 EXAMINE_SERP
ACTION SNIPPET 10000 2687 SNIPPET_RELEVANT b'22c34097a3953e05ec0fff193a5acbf3'
ACTION DOC 10000 2707 EXAMINING_DOCUMENT b'22c34097a3953e05ec0fff193a5acbf3'
ACTION SNIPPET 10000 2710 SNIPPET_RELEVANT b'5044ba76-4ebf-11e4-babe-e91da079cb8a'
ACTION DOC 10000 2730 EXAMINING_DOCUMENT b'5044ba76-4ebf-11e4-babe-e91da079cb8a'
ACTION SNIPPET 10000 2733 SNIPPET_NOT_RELEVANT b'85885352-94e5-11e4-aabd-d0b93ff613d5'
ACTION SNIPPET 10000 2736 SNIPPET_NOT_RELEVANT b'fee72fb0-8394-11e3-bbe5-6a2a3141e3a9'
ACTION SNIPPET 10000 2739 SNIPPET_NOT_RELEVANT b'590179e7b48a0a0104c70be37d78af52'
ACTION SNIPPET 10000 2742 SNIPPET_RELEVANT b'db47c33c-f922-11e2-b018-5b8251f0c56e'
ACTION DOC 10000 2762 EXAMINING_DOCUMENT b'db47c33c-f922-11e2-b018-5b8251f0c56e'
ACTION SNIPPET 10000 2765 SNIPPET_NOT_RELEVANT b'cc56ffa6-1f89-11e6-b6e0-c53b7ef63b45'
ACTION SNIPPET 10000 2768 SNIPPET_NOT_RELEVANT b'24f5220edf77a74182f67e1ee7c14b0f'
ACTION SNIPPET 10000 2771 SNIPPET_NOT_RELEVANT b'ec40f5898dc19a08d6c77657e5481668'
ACTION SNIPPET 10000 2774 SNIPPET_RELEVANT b'fa8266d6d5c8c47455e74c969be99f1f'
ACTION DOC 10000 2794 EXAMINING_DOCUMENT b'fa8266d6d5c8c47455e74c969be99f1f'
ACTION QUERY 10000 2804 women on 20s sacked
ACTION SERP 10000 2809 EXAMINE_SERP
ACTION SNIPPET 10000 2812 SNIPPET_NOT_RELEVANT b'22e5914e2a79183dabac630a82c550af'
ACTION SNIPPET 10000 2815 SNIPPET_NOT_RELEVANT b'89cf60e6196b81ebb088a5c52c1034f5'
ACTION SNIPPET 10000 2818 SNIPPET_NOT_RELEVANT b'fe94abcc69c18c311b4fd5bb7b57bfaa'
ACTION SNIPPET 10000 2821 SNIPPET_NOT_RELEVANT b'e28c3c3136a1e5a346f544215277b3c8'
ACTION SNIPPET 10000 2824 SNIPPET_NOT_RELEVANT b'3194d99968cdc6c5bdceb1b72478d692'
ACTION SNIPPET 10000 2827 SNIPPET_NOT_RELEVANT b'd64d7c1001d870792c5580c1bc7c05bd'
ACTION SNIPPET 10000 2830 SNIPPET_NOT_RELEVANT b'7bf9da87ec8903811cb70b469cb5077d'
ACTION SNIPPET 10000 2833 SNIPPET_NOT_RELEVANT b'65bcf7a0-521d-11e3-a7f0-b790929232e1'
ACTION SNIPPET 10000 2836 SNIPPET_NOT_RELEVANT b'f8abd098-a282-11e4-b146-577832eafcb4'
ACTION SNIPPET 10000 2839 SNIPPET_NOT_RELEVANT b'0fc683c200b86c3ef403be30dafd924f'
ACTION QUERY 10000 2849 women on 20s st
ACTION SERP 10000 2854 EXAMINE_SERP
ACTION SNIPPET 10000 2857 SNIPPET_NOT_RELEVANT b'1d4a966c-a966-11e3-8d62-419db477a0e6'
ACTION SNIPPET 10000 2860 SNIPPET_NOT_RELEVANT b'7d2c0e68cffdef75aeaa83f8d1a421bc'
ACTION SNIPPET 10000 2863 SNIPPET_NOT_RELEVANT b'ac39670e-245d-11e5-b77f-eb13a215f593'
ACTION SNIPPET 10000 2866 SNIPPET_NOT_RELEVANT b'49640c6c-37e2-11e1-8ffc-336017bccf38'
ACTION SNIPPET 10000 2869 SNIPPET_NOT_RELEVANT b'ded25aaa-122c-11e6-8967-7ac733c56f12'
ACTION SNIPPET 10000 2872 SNIPPET_RELEVANT b'97b19b61b25dddaf3dc4ab4f2f8cae3d'
ACTION DOC 10000 2892 EXAMINING_DOCUMENT b'97b19b61b25dddaf3dc4ab4f2f8cae3d'
ACTION SNIPPET 10000 2895 SEEN_PREVIOUSLY b'5720ef5e-0ff3-11e5-a0dc-2b6f404ff5cf'
ACTION SNIPPET 10000 2898 SNIPPET_NOT_RELEVANT b'7933c8d2-f862-11e2-8e84-c56731a202fb'
ACTION SNIPPET 10000 2901 SNIPPET_RELEVANT b'68a766fa-a151-11e5-a3c5-c77f2cc5a43c'
ACTION DOC 10000 2921 EXAMINING_DOCUMENT b'68a766fa-a151-11e5-a3c5-c77f2cc5a43c'
ACTION SNIPPET 10000 2924 SNIPPET_NOT_RELEVANT b'029960b6-22ce-11e2-ac85-e669876c6a24'
ACTION QUERY 10000 2934 women on 20s kids
ACTION SERP 10000 2939 EXAMINE_SERP
ACTION SNIPPET 10000 2942 SEEN_PREVIOUSLY b'9077df4912319f6b2504eed724a05a37'
ACTION SNIPPET 10000 2945 SNIPPET_RELEVANT b'ce0ae54cdf0790a397a760ac362f9151'
ACTION DOC 10000 2965 EXAMINING_DOCUMENT b'ce0ae54cdf0790a397a760ac362f9151'
ACTION SNIPPET 10000 2968 SNIPPET_NOT_RELEVANT b'b6c4b5e9ceaeb1620dbb0e90b67c1a6c'
ACTION SNIPPET 10000 2971 SNIPPET_NOT_RELEVANT b'1cec43474d54ec7fc2f823bfe7c8098e'
ACTION SNIPPET 10000 2974 SNIPPET_RELEVANT b'dd51b2709e05dcb5d73b1cc889882193'
ACTION DOC 10000 2994 EXAMINING_DOCUMENT b'dd51b2709e05dcb5d73b1cc889882193'
ACTION SNIPPET 10000 2997 SNIPPET_RELEVANT b'7b17fba838fbdd7a3956a5e39009c29f'
ACTION DOC 10000 3017 EXAMINING_DOCUMENT b'7b17fba838fbdd7a3956a5e39009c29f'
ACTION SNIPPET 10000 3020 SNIPPET_NOT_RELEVANT b'485f07ec-03e8-11e5-8bda-c7b4e9a8f7ac'
ACTION SNIPPET 10000 3023 SNIPPET_NOT_RELEVANT b'9fe478466c65bc15223a3ab6854ee7ed'
ACTION SNIPPET 10000 3026 SNIPPET_NOT_RELEVANT b'a506e269bd1562ccd9c3c3d151b43a4c'
ACTION SNIPPET 10000 3029 SEEN_PREVIOUSLY b'aa283fcaed50c64ddf5a9146a4d3fd24'
ACTION QUERY 10000 3039 women on 20s cards
ACTION SERP 10000 3044 EXAMINE_SERP
ACTION SNIPPET 10000 3047 SNIPPET_NOT_RELEVANT b'd46783ae-a144-11e1-a5bd-014017398eae'
ACTION SNIPPET 10000 3050 SNIPPET_NOT_RELEVANT b'd43e5cc6a7b8d3d234536c6e6ff2226c'
ACTION SNIPPET 10000 3053 SNIPPET_NOT_RELEVANT b'dd6866116edab4f95bfe5f0d1064c773'
ACTION SNIPPET 10000 3056 SEEN_PREVIOUSLY b'0a714c8b4ec3eb9a78b81a3aa6eb3d79'
ACTION SNIPPET 10000 3059 SNIPPET_NOT_RELEVANT b'a3fb7d4a-0d3a-11e6-a6b6-2e6de3695b0e'
ACTION SNIPPET 10000 3062 SNIPPET_NOT_RELEVANT b'ffa2015c-1d38-11e5-ab92-c75ae6ab94b5'
ACTION SNIPPET 10000 3065 SNIPPET_NOT_RELEVANT b'87ab7392f7bb37d749aba75a61e44978'
ACTION SNIPPET 10000 3068 SNIPPET_NOT_RELEVANT b'0b71eb7c-e91e-11e4-aae1-d642717d8afa'
ACTION SNIPPET 10000 3071 SNIPPET_RELEVANT b'8dd12404-efc8-11e6-9973-c5efb7ccfb0d'
ACTION DOC 10000 3091 EXAMINING_DOCUMENT b'8dd12404-efc8-11e6-9973-c5efb7ccfb0d'
ACTION SNIPPET 10000 3094 SNIPPET_NOT_RELEVANT b'45fa2bc0-d8f8-11e2-9df4-895344c13c30'
ACTION QUERY 10000 3104 women on 20s crew
ACTION SERP 10000 3109 EXAMINE_SERP
ACTION SNIPPET 10000 3112 SNIPPET_NOT_RELEVANT b'cd41da3a-de96-11e2-b2d4-ea6d8f477a01'
ACTION SNIPPET 10000 3115 SNIPPET_RELEVANT b'97e3e6270abd5627bf4f887036246a04'
ACTION DOC 10000 3135 EXAMINING_DOCUMENT b'97e3e6270abd5627bf4f887036246a04'
ACTION SNIPPET 10000 3138 SNIPPET_RELEVANT b'922621346ac179dfd5240b3418dd9a2c'
ACTION DOC 10000 3158 EXAMINING_DOCUMENT b'922621346ac179dfd5240b3418dd9a2c'
ACTION SNIPPET 10000 3161 SNIPPET_NOT_RELEVANT b'032d15e2-a798-11e6-ba59-a7d93165c6d4'
ACTION SNIPPET 10000 3164 SNIPPET_NOT_RELEVANT b'ec4739e6-fa27-11e2-a369-d1954abcb7e3'
ACTION SNIPPET 10000 3167 SNIPPET_RELEVANT b'9f09e866617c4fe175e5ac9c0eda14e6'
ACTION DOC 10000 3187 EXAMINING_DOCUMENT b'9f09e866617c4fe175e5ac9c0eda14e6'
ACTION SNIPPET 10000 3190 SNIPPET_NOT_RELEVANT b'953c481e4e4c49beeb5f80a5ff727435'
ACTION SNIPPET 10000 3193 SNIPPET_RELEVANT b'36127bc8-c3c7-11e1-98b7-0bc7210c6379'
ACTION DOC 10000 3213 EXAMINING_DOCUMENT b'36127bc8-c3c7-11e1-98b7-0bc7210c6379'
ACTION SNIPPET 10000 3216 SNIPPET_NOT_RELEVANT b'8ded0d7dd15ea12734dce426348c980b'
ACTION SNIPPET 10000 3219 SNIPPET_RELEVANT b'26673c3b077cdc9e190cd66a49f7937e'
ACTION DOC 10000 3239 EXAMINING_DOCUMENT b'26673c3b077cdc9e190cd66a49f7937e'
ACTION QUERY 10000 3249 women on 20s airport
ACTION SERP 10000 3254 EXAMINE_SERP
ACTION SNIPPET 10000 3257 SNIPPET_NOT_RELEVANT b'5f0d91e71188acf7c6b8b771cdda207d'
ACTION SNIPPET 10000 3260 SNIPPET_NOT_RELEVANT b'2790fbb065e4e61f50a6f253c766b7e1'
ACTION SNIPPET 10000 3263 SNIPPET_NOT_RELEVANT b'be787310-bfad-11e5-98c8-7fab78677d51'
ACTION SNIPPET 10000 3266 SNIPPET_NOT_RELEVANT b'393140d0-8b43-11e1-a3b5-cc2caea018aa'
ACTION SNIPPET 10000 3269 SNIPPET_NOT_RELEVANT b'a6595e21a02ef53298343a9865cc09c9'
ACTION SNIPPET 10000 3272 SNIPPET_RELEVANT b'bdcba833e9e34fae77b3b123fb554b7c'
ACTION DOC 10000 3292 EXAMINING_DOCUMENT b'bdcba833e9e34fae77b3b123fb554b7c'
ACTION SNIPPET 10000 3295 SNIPPET_RELEVANT b'f33b7006-6e4e-415a-98e6-846b27fdc9e6'
ACTION DOC 10000 3315 EXAMINING_DOCUMENT b'f33b7006-6e4e-415a-98e6-846b27fdc9e6'
ACTION SNIPPET 10000 3318 SNIPPET_RELEVANT b'd09fd508-f3bc-11e6-a9b0-ecee7ce475fc'
ACTION DOC 10000 3338 EXAMINING_DOCUMENT b'd09fd508-f3bc-11e6-a9b0-ecee7ce475fc'
ACTION SNIPPET 10000 3341 SNIPPET_NOT_RELEVANT b'c802303c-9b20-11e3-ad71-e03637a299c0'
ACTION SNIPPET 10000 3344 SNIPPET_NOT_RELEVANT b'8a2d42ec-4b4a-11e6-8dac-0c6e4accc5b1'
ACTION QUERY 10000 3354 women on 20s remain
ACTION SERP 10000 3359 EXAMINE_SERP
ACTION SNIPPET 10000 3362 SEEN_PREVIOUSLY b'9077df4912319f6b2504eed724a05a37'
ACTION SNIPPET 10000 3365 SNIPPET_RELEVANT b'e146fd7a83d7a2f1a3c2ce45d55f7df0'
ACTION DOC 10000 3385 EXAMINING_DOCUMENT b'e146fd7a83d7a2f1a3c2ce45d55f7df0'
ACTION SNIPPET 10000 3388 SNIPPET_RELEVANT b'e096e0ccbd629d3bacfb9ffc3b4ea3f9'
ACTION DOC 10000 3408 EXAMINING_DOCUMENT b'e096e0ccbd629d3bacfb9ffc3b4ea3f9'
ACTION SNIPPET 10000 3411 SNIPPET_NOT_RELEVANT b'325c44f0c040661b0445c4f9e1ebd86f'
ACTION SNIPPET 10000 3414 SNIPPET_RELEVANT b'145a600d4e3f685c53d4327914ec9015'
ACTION DOC 10000 3434 EXAMINING_DOCUMENT b'145a600d4e3f685c53d4327914ec9015'
ACTION SNIPPET 10000 3437 SNIPPET_RELEVANT b'66b0c8daab66e0af3116af563740e663'
ACTION DOC 10000 3457 EXAMINING_DOCUMENT b'66b0c8daab66e0af3116af563740e663'
ACTION SNIPPET 10000 3460 SNIPPET_RELEVANT b'3f35cb63a6042af723bd5218cd02fe3a'
ACTION DOC 10000 3480 EXAMINING_DOCUMENT b'3f35cb63a6042af723bd5218cd02fe3a'
ACTION SNIPPET 10000 3483 SNIPPET_RELEVANT b'a150bdd35d08ddad23086f2fe9bd73ec'
ACTION DOC 10000 3503 EXAMINING_DOCUMENT b'a150bdd35d08ddad23086f2fe9bd73ec'
ACTION SNIPPET 10000 3506 SNIPPET_RELEVANT b'b665cc55a028365b8a9b3eb07a1fce20'
ACTION DOC 10000 3526 EXAMINING_DOCUMENT b'b665cc55a028365b8a9b3eb07a1fce20'
ACTION SNIPPET 10000 3529 SNIPPET_RELEVANT b'9b4800c2-05a8-11e6-a12f-ea5aed7958dc'
ACTION DOC 10000 3549 EXAMINING_DOCUMENT b'9b4800c2-05a8-11e6-a12f-ea5aed7958dc'
ACTION MARK 10000 3552 CONSIDERED_RELEVANT b'9b4800c2-05a8-11e6-a12f-ea5aed7958dc'
ACTION QUERY 10000 3562 women on 20s merrill
ACTION SERP 10000 3567 EXAMINE_SERP
ACTION SNIPPET 10000 3570 SNIPPET_NOT_RELEVANT b'dc3643a8-bbe3-11e2-97d4-a479289a31f9'
ACTION SNIPPET 10000 3573 SNIPPET_NOT_RELEVANT b'0e7affb1ec398bed7d81b29a6f25b8f3'
ACTION SNIPPET 10000 3576 SNIPPET_RELEVANT b'cacf178aa6bfa4fe93a0bab72565ac5c'
ACTION DOC 10000 3596 EXAMINING_DOCUMENT b'cacf178aa6bfa4fe93a0bab72565ac5c'
ACTION SNIPPET 10000 3599 SNIPPET_RELEVANT b'0f1f5a4cdfef631c5854db258f633eeb'
ACTION DOC 10000 3619 EXAMINING_DOCUMENT b'0f1f5a4cdfef631c5854db258f633eeb'
ACTION SNIPPET 10000 3622 SNIPPET_NOT_RELEVANT b'0531c8fb745f111e37c0b01b83e12ebd'
ACTION SNIPPET 10000 3625 SNIPPET_RELEVANT b'312ff1bc-3f5a-11e7-adba-394ee67a7582'
ACTION DOC 10000 3645 EXAMINING_DOCUMENT b'312ff1bc-3f5a-11e7-adba-394ee67a7582'
ACTION SNIPPET 10000 3648 SNIPPET_RELEVANT b'c02a278e-0088-11e4-8fd0-3a663dfa68ac'
ACTION DOC 10000 3668 EXAMINING_DOCUMENT b'c02a278e-0088-11e4-8fd0-3a663dfa68ac'
ACTION SNIPPET 10000 3671 SNIPPET_NOT_RELEVANT b'7d9933fc-6c8c-11e6-8225-fbb8a6fc65bc'
ACTION SNIPPET 10000 3674 SNIPPET_NOT_RELEVANT b'417135d0-28ff-11e6-ae4a-3cdd5fe74204'
ACTION SNIPPET 10000 3677 SNIPPET_NOT_RELEVANT b'41364ff825565ba6e003658b3cbd1dcc'
ACTION QUERY 10000 3687 women on 20s invents
ACTION SERP 10000 3692 EXAMINE_SERP
ACTION SNIPPET 10000 3695 SNIPPET_NOT_RELEVANT b'14c3fb4c-f0ac-11e1-ba17-c7bb037a1d5b'
ACTION SNIPPET 10000 3698 SNIPPET_RELEVANT b'ded25aaa-122c-11e6-8967-7ac733c56f12'
ACTION DOC 10000 3718 EXAMINING_DOCUMENT b'ded25aaa-122c-11e6-8967-7ac733c56f12'
ACTION SNIPPET 10000 3721 SNIPPET_RELEVANT b'e64973b1230be0f3b71e3a38768601af'
ACTION DOC 10000 3741 EXAMINING_DOCUMENT b'e64973b1230be0f3b71e3a38768601af'
ACTION SNIPPET 10000 3744 SNIPPET_NOT_RELEVANT b'0bc8dd3e-a42e-11e1-aef3-06a23666ac1d'
ACTION SNIPPET 10000 3747 SNIPPET_RELEVANT b'6e7591035ba6c5ada5cf64398c503708'
ACTION DOC 10000 3767 EXAMINING_DOCUMENT b'6e7591035ba6c5ada5cf64398c503708'
ACTION SNIPPET 10000 3770 SNIPPET_NOT_RELEVANT b'73b7c8d6-d0e7-11e4-a62f-ee745911a4ff'
ACTION SNIPPET 10000 3773 SNIPPET_RELEVANT b'7c5f392ebd5827a6ba63c3903b0a1f75'
ACTION DOC 10000 3793 EXAMINING_DOCUMENT b'7c5f392ebd5827a6ba63c3903b0a1f75'
ACTION SNIPPET 10000 3796 SNIPPET_RELEVANT b'1d74f1e4001e4e6f38aabb1fbfb0a4e6'
ACTION DOC 10000 3816 EXAMINING_DOCUMENT b'1d74f1e4001e4e6f38aabb1fbfb0a4e6'
ACTION SNIPPET 10000 3819 SNIPPET_NOT_RELEVANT b'eeeb7c0d27ee4b1ca5032615879fb5c7'
ACTION SNIPPET 10000 3822 SNIPPET_RELEVANT b'bdcf387681ad39425950e399579a9ca6'
ACTION DOC 10000 3842 EXAMINING_DOCUMENT b'bdcf387681ad39425950e399579a9ca6'
ACTION QUERY 10000 3852 women on 20s concept
ACTION SERP 10000 3857 EXAMINE_SERP
ACTION SNIPPET 10000 3860 SNIPPET_NOT_RELEVANT b'ea84c64c536be362dd90b1c76dc2f937'
ACTION SNIPPET 10000 3863 SNIPPET_RELEVANT b'38f2646277e49f32cc3e2c47e731880a'
ACTION DOC 10000 3883 EXAMINING_DOCUMENT b'38f2646277e49f32cc3e2c47e731880a'
ACTION SNIPPET 10000 3886 SNIPPET_NOT_RELEVANT b'20d0ab4e-cd9d-11e4-8a46-b1dc9be5a8ff'
ACTION SNIPPET 10000 3889 SNIPPET_NOT_RELEVANT b'67e78d29b8f66c7430f6f30c836128f2'
ACTION SNIPPET 10000 3892 SNIPPET_NOT_RELEVANT b'c5fb6d49be127c3eb1542eaa62e86e38'
ACTION SNIPPET 10000 3895 SNIPPET_NOT_RELEVANT b'20f5d7a636a08ec73541f49c15a4f052'
ACTION SNIPPET 10000 3898 SNIPPET_NOT_RELEVANT b'895cae54331e2b4d346f7f4f241c894e'
ACTION SNIPPET 10000 3901 SNIPPET_RELEVANT b'8d67b83ff1bf57ec5cfddf47348bbdd3'
ACTION DOC 10000 3921 EXAMINING_DOCUMENT b'8d67b83ff1bf57ec5cfddf47348bbdd3'
ACTION SNIPPET 10000 3924 SNIPPET_NOT_RELEVANT b'c33df37a-6a34-11e6-ba32-5a4bf5aad4fa'
ACTION SNIPPET 10000 3927 SNIPPET_RELEVANT b'dbec1550-e008-11e2-8cf3-35c1113cfcc5'
ACTION DOC 10000 3947 EXAMINING_DOCUMENT b'dbec1550-e008-11e2-8cf3-35c1113cfcc5'
ACTION QUERY 10000 3957 women on 20s algeria
ACTION SERP 10000 3962 EXAMINE_SERP
ACTION SNIPPET 10000 3965 SNIPPET_NOT_RELEVANT b'eddbe98e0dd2d2a62d0d04925e28dae6'
ACTION SNIPPET 10000 3968 SNIPPET_NOT_RELEVANT b'd27ceaf8-601f-11e2-9940-6fc488f3fecd'
ACTION SNIPPET 10000 3971 SNIPPET_RELEVANT b'77a3cc063b3548e167ccae2f4e9a6858'
ACTION DOC 10000 3991 EXAMINING_DOCUMENT b'77a3cc063b3548e167ccae2f4e9a6858'
ACTION SNIPPET 10000 3994 SNIPPET_RELEVANT b'e95bb29d380622ce4be44eda2596b875'
ACTION DOC 10000 4014 EXAMINING_DOCUMENT b'e95bb29d380622ce4be44eda2596b875'
ACTION SNIPPET 10000 4017 SNIPPET_RELEVANT b'c33df37a-6a34-11e6-ba32-5a4bf5aad4fa'
ACTION DOC 10000 4037 EXAMINING_DOCUMENT b'c33df37a-6a34-11e6-ba32-5a4bf5aad4fa'
ACTION SNIPPET 10000 4040 SNIPPET_NOT_RELEVANT b'd656fb0adc6e2d224be7e1997da26b47'
ACTION SNIPPET 10000 4043 SNIPPET_RELEVANT b'39ed8124008ded2931ce9a9cca0028ce'
ACTION DOC 10000 4063 EXAMINING_DOCUMENT b'39ed8124008ded2931ce9a9cca0028ce'
ACTION SNIPPET 10000 4066 SNIPPET_NOT_RELEVANT b'e08b2002-6244-11e2-a389-ee565c81c565'
ACTION SNIPPET 10000 4069 SNIPPET_RELEVANT b'c7109d1a-6171-11e2-a389-ee565c81c565'
ACTION DOC 10000 4089 EXAMINING_DOCUMENT b'c7109d1a-6171-11e2-a389-ee565c81c565'
ACTION SNIPPET 10000 4092 SNIPPET_NOT_RELEVANT b'bbc9e4ffe11cea3faf8298607c329590'
ACTION QUERY 10000 4102 women on 20s istanbul
ACTION SERP 10000 4107 EXAMINE_SERP
ACTION SNIPPET 10000 4110 SNIPPET_NOT_RELEVANT b'a0a60f3c2c04b44df379f44d6269a539'
ACTION SNIPPET 10000 4113 SNIPPET_NOT_RELEVANT b'8a2d42ec-4b4a-11e6-8dac-0c6e4accc5b1'
ACTION SNIPPET 10000 4116 SNIPPET_NOT_RELEVANT b'4e07cacc-e131-11e5-8d98-4b3d9215ade1'
ACTION SNIPPET 10000 4119 SNIPPET_NOT_RELEVANT b'f4083fa1e183c6939cb9d04afc5b1ae6'
ACTION SNIPPET 10000 4122 SNIPPET_NOT_RELEVANT b'd014c1bc-92cc-11e1-b3f3-d2fbf8089c7e'
ACTION SNIPPET 10000 4125 SNIPPET_NOT_RELEVANT b'd3019d7a-21d2-11e6-aa84-42391ba52c91'
ACTION SNIPPET 10000 4128 SNIPPET_NOT_RELEVANT b'1cd149a61f65c8fd2c7a612afb24ec71'
ACTION SNIPPET 10000 4131 SNIPPET_NOT_RELEVANT b'f0b71808-c035-4b5a-9178-f04b6ce6cede'
ACTION SNIPPET 10000 4134 SNIPPET_RELEVANT b'ab66f3fd3d444d4a40a7f6b080465dcd'
ACTION DOC 10000 4154 EXAMINING_DOCUMENT b'ab66f3fd3d444d4a40a7f6b080465dcd'
ACTION SNIPPET 10000 4157 SNIPPET_RELEVANT b'0d3abdca-ab87-11e2-a8b9-2a63d75b5459'
ACTION DOC 10000 4177 EXAMINING_DOCUMENT b'0d3abdca-ab87-11e2-a8b9-2a63d75b5459'
ACTION QUERY 10000 4187 women on 20s detection
ACTION SERP 10000 4192 EXAMINE_SERP
ACTION SNIPPET 10000 4195 SEEN_PREVIOUSLY b'083bd0354dbe2c62f2e39c2ad9d1f875'
ACTION SNIPPET 10000 4198 SEEN_PREVIOUSLY b'941d06390649a4792fa8777016c92a1f'
ACTION SNIPPET 10000 4201 SNIPPET_NOT_RELEVANT b'f0802c72-6753-11e3-8b5b-a77187b716a3'
ACTION SNIPPET 10000 4204 SNIPPET_NOT_RELEVANT b'8c24d7ac-df70-11e2-b2d4-ea6d8f477a01'
ACTION SNIPPET 10000 4207 SNIPPET_NOT_RELEVANT b'406e6ebe-8d0d-11e2-b63f-f53fb9f2fcb4'
ACTION SNIPPET 10000 4210 SNIPPET_NOT_RELEVANT b'd4824ae2beeddea3182d4b05072a8b66'
ACTION SNIPPET 10000 4213 SNIPPET_RELEVANT b'1cb32962-4165-11e3-a624-41d661b0bb78'
ACTION DOC 10000 4233 EXAMINING_DOCUMENT b'1cb32962-4165-11e3-a624-41d661b0bb78'
ACTION SNIPPET 10000 4236 SNIPPET_RELEVANT b'd2fa7c80-d8b5-11e1-91e1-eed6436f6d13'
ACTION DOC 10000 4256 EXAMINING_DOCUMENT b'd2fa7c80-d8b5-11e1-91e1-eed6436f6d13'
ACTION SNIPPET 10000 4259 SEEN_PREVIOUSLY b'7907fd08-0667-11e2-858a-5311df86ab04'
ACTION SNIPPET 10000 4262 SNIPPET_RELEVANT b'3368498a-78c7-11e5-a958-d889faf561dc'
ACTION DOC 10000 4282 EXAMINING_DOCUMENT b'3368498a-78c7-11e5-a958-d889faf561dc'
ACTION QUERY 10000 4292 women on 20s mccarter
ACTION SERP 10000 4297 EXAMINE_SERP
ACTION SNIPPET 10000 4300 SEEN_PREVIOUSLY b'1cb32962-4165-11e3-a624-41d661b0bb78'
ACTION SNIPPET 10000 4303 SNIPPET_RELEVANT b'bfa4a9d0b61b52d350a65a65603f99ae'
ACTION DOC 10000 4323 EXAMINING_DOCUMENT b'bfa4a9d0b61b52d350a65a65603f99ae'
ACTION SNIPPET 10000 4326 SNIPPET_NOT_RELEVANT b'6202e4533c90b17946e1559a3ea23a8f'
ACTION SNIPPET 10000 4329 SNIPPET_NOT_RELEVANT b'49da8898-970d-11e2-814b-063623d80a60'
ACTION SNIPPET 10000 4332 SNIPPET_NOT_RELEVANT b'5f9c4df7e0358b703aa3754f6a4b0c22'
ACTION SNIPPET 10000 4335 SNIPPET_RELEVANT b'6e9c6eb6-7686-11e5-b9c1-f03c48c96ac2'
ACTION DOC 10000 4355 EXAMINING_DOCUMENT b'6e9c6eb6-7686-11e5-b9c1-f03c48c96ac2'
ACTION SNIPPET 10000 4358 SNIPPET_NOT_RELEVANT b'4799f446-2ce2-11e2-9ac2-1c61452669c3'
ACTION SNIPPET 10000 4361 SNIPPET_RELEVANT b'61293044-a63d-11e4-a2b2-776095f393b2'
ACTION DOC 10000 4381 EXAMINING_DOCUMENT b'61293044-a63d-11e4-a2b2-776095f393b2'
ACTION SNIPPET 10000 4384 SNIPPET_RELEVANT b'577ceb7f8f91274fc247920702e12209'
ACTION DOC 10000 4404 EXAMINING_DOCUMENT b'577ceb7f8f91274fc247920702e12209'
ACTION SNIPPET 10000 4407 SNIPPET_RELEVANT b'5cf9b3aa-22c3-11e6-b944-52f7b1793dae'
ACTION DOC 10000 4427 EXAMINING_DOCUMENT b'5cf9b3aa-22c3-11e6-b944-52f7b1793dae'
ACTION QUERY 10000 4437 women on 20s begin
ACTION SERP 10000 4442 EXAMINE_SERP
ACTION SNIPPET 10000 4445 SNIPPET_RELEVANT b'e5fd36ba1c80714512dd3c04737363d7'
ACTION DOC 10000 4465 EXAMINING_DOCUMENT b'e5fd36ba1c80714512dd3c04737363d7'
ACTION SNIPPET 10000 4468 SNIPPET_RELEVANT b'80e05a3093fe755a4bc748b8b48786c8'
ACTION DOC 10000 4488 EXAMINING_DOCUMENT b'80e05a3093fe755a4bc748b8b48786c8'
ACTION SNIPPET 10000 4491 SNIPPET_NOT_RELEVANT b'40d09de984dfe53e7a9254d922dadba5'
ACTION SNIPPET 10000 4494 SNIPPET_NOT_RELEVANT b'e03d3f24dc34205484f95cb4f7da1646'
ACTION SNIPPET 10000 4497 SNIPPET_RELEVANT b'd57fa7834e354621bf600205dc502e58'
ACTION DOC 10000 4517 EXAMINING_DOCUMENT b'd57fa7834e354621bf600205dc502e58'
ACTION SNIPPET 10000 4520 SEEN_PREVIOUSLY b'7b2ac2da27d43b118fc6c0291181488a'
ACTION SNIPPET 10000 4523 SEEN_PREVIOUSLY b'5fcdf0d328ca092aed57dbea4427b294'
ACTION SNIPPET 10000 4526 SNIPPET_NOT_RELEVANT b'41569e14f80ed9504903fc76d6735420'
ACTION SNIPPET 10000 4529 SNIPPET_RELEVANT b'398a6f3f85abf6d1f89158d90cb4375c'
ACTION DOC 10000 4549 EXAMINING_DOCUMENT b'398a6f3f85abf6d1f89158d90cb4375c'
ACTION MARK 10000 4552 CONSIDERED_RELEVANT b'398a6f3f85abf6d1f89158d90cb4375c'
ACTION SNIPPET 10000 4555 SNIPPET_RELEVANT b'e1526671d746f4a421374155896d8b7a'
ACTION DOC 10000 4575 EXAMINING_DOCUMENT b'e1526671d746f4a421374155896d8b7a'
ACTION MARK 10000 4578 CONSIDERED_RELEVANT b'e1526671d746f4a421374155896d8b7a'
ACTION QUERY 10000 4588 women on 20s worlds
ACTION SERP 10000 4593 EXAMINE_SERP
ACTION SNIPPET 10000 4596 SEEN_PREVIOUSLY b'5720ef5e-0ff3-11e5-a0dc-2b6f404ff5cf'
ACTION SNIPPET 10000 4599 SEEN_PREVIOUSLY b'a150bdd35d08ddad23086f2fe9bd73ec'
ACTION SNIPPET 10000 4602 SNIPPET_NOT_RELEVANT b'af29ecb8-0e5f-11e5-adec-e82f8395c032'
ACTION SNIPPET 10000 4605 SNIPPET_NOT_RELEVANT b'501262d69dea7a4e0359533ba87e2616'
ACTION SNIPPET 10000 4608 SNIPPET_RELEVANT b'0ecb3456-13e2-11e5-89f3-61410da94eb1'
ACTION DOC 10000 4628 EXAMINING_DOCUMENT b'0ecb3456-13e2-11e5-89f3-61410da94eb1'
ACTION SNIPPET 10000 4631 SNIPPET_NOT_RELEVANT b'9fb858d4-6373-11e3-91b3-f2bb96304e34'
ACTION SNIPPET 10000 4634 SNIPPET_NOT_RELEVANT b'1302ca9d1d0585964f647bf7071c25c6'
ACTION SNIPPET 10000 4637 SNIPPET_NOT_RELEVANT b'34eb33f0-3f6b-11e7-adba-394ee67a7582'
ACTION SNIPPET 10000 4640 SNIPPET_NOT_RELEVANT b'890cebc5a30e55ea4c55cf96f2111d0b'
ACTION SNIPPET 10000 4643 SNIPPET_NOT_RELEVANT b'b4d379bc633991d8f7bfb3d4bf5ae2ea'
ACTION QUERY 10000 4653 women on 20s grace
ACTION SERP 10000 4658 EXAMINE_SERP
ACTION SNIPPET 10000 4661 SNIPPET_NOT_RELEVANT b'5454420c46c113e1ba6b9b9ea3939e6f'
ACTION SNIPPET 10000 4664 SNIPPET_RELEVANT b'b8d855ba99cf1c7506a74eac7931661a'
ACTION DOC 10000 4684 EXAMINING_DOCUMENT b'b8d855ba99cf1c7506a74eac7931661a'
ACTION SNIPPET 10000 4687 SNIPPET_RELEVANT b'd7cdaa834b27940e64dd53bc7cbc69a4'
ACTION DOC 10000 4707 EXAMINING_DOCUMENT b'd7cdaa834b27940e64dd53bc7cbc69a4'
ACTION MARK 10000 4710 CONSIDERED_RELEVANT b'd7cdaa834b27940e64dd53bc7cbc69a4'
ACTION SNIPPET 10000 4713 SNIPPET_NOT_RELEVANT b'95005a49100a508dcbc06511d2d6da25'
ACTION SNIPPET 10000 4716 SNIPPET_NOT_RELEVANT b'61433aa93f8abcff549af7c77f4050a2'
ACTION SNIPPET 10000 4719 SNIPPET_NOT_RELEVANT b'bb41a4ba93d32d57ba8d8591b8f9cbb1'
ACTION SNIPPET 10000 4722 SNIPPET_RELEVANT b'0f0d3864-e5ee-11e4-b510-962fcfabc310'
ACTION DOC 10000 4742 EXAMINING_DOCUMENT b'0f0d3864-e5ee-11e4-b510-962fcfabc310'
ACTION SNIPPET 10000 4745 SNIPPET_NOT_RELEVANT b'54f93c18-a6a6-11e6-8042-f4d111c862d1'
ACTION SNIPPET 10000 4748 SNIPPET_NOT_RELEVANT b'2e3f74be-8285-11e2-b99e-6baf4ebe42df'
ACTION SNIPPET 10000 4751 SNIPPET_NOT_RELEVANT b'33ced87a-be93-11e3-b574-f8748871856a'
ACTION QUERY 10000 4761 women on 20s duo
ACTION SERP 10000 4766 EXAMINE_SERP
ACTION SNIPPET 10000 4769 SNIPPET_RELEVANT b'b2f3eed5f5ab55c1b415ed21cee0a183'
ACTION DOC 10000 4789 EXAMINING_DOCUMENT b'b2f3eed5f5ab55c1b415ed21cee0a183'
ACTION SNIPPET 10000 4792 SEEN_PREVIOUSLY b'55f8550624fc863ca3824d09058a009b'
ACTION SNIPPET 10000 4795 SNIPPET_RELEVANT b'351ab267e7f2611e982ee39fb495611c'
ACTION DOC 10000 4815 EXAMINING_DOCUMENT b'351ab267e7f2611e982ee39fb495611c'
ACTION SNIPPET 10000 4818 SNIPPET_NOT_RELEVANT b'74e87a8fdb34649c0fd5e7c97a91f72b'
ACTION SNIPPET 10000 4821 SNIPPET_NOT_RELEVANT b'967a7dfc-cc4c-11e1-8d21-45ee617a712a'
ACTION SNIPPET 10000 4824 SNIPPET_RELEVANT b'4e7c21e58ae48d05af0a54c08182fe80'
ACTION DOC 10000 4844 EXAMINING_DOCUMENT b'4e7c21e58ae48d05af0a54c08182fe80'
ACTION SNIPPET 10000 4847 SNIPPET_RELEVANT b'94364096-3d97-11e2-a2d9-822f58ac9fd5'
ACTION DOC 10000 4867 EXAMINING_DOCUMENT b'94364096-3d97-11e2-a2d9-822f58ac9fd5'
ACTION SNIPPET 10000 4870 SNIPPET_NOT_RELEVANT b'82ef5d777a6c43bebb9c81e2228f70a0'
ACTION SNIPPET 10000 4873 SNIPPET_RELEVANT b'31597d36-5b29-11e1-bd7a-215c86271450'
ACTION DOC 10000 4893 EXAMINING_DOCUMENT b'31597d36-5b29-11e1-bd7a-215c86271450'
ACTION SNIPPET 10000 4896 SNIPPET_RELEVANT b'11f54cd2-0bca-11e4-8c9a-923ecc0c7d23'
ACTION DOC 10000 4916 EXAMINING_DOCUMENT b'11f54cd2-0bca-11e4-8c9a-923ecc0c7d23'
ACTION QUERY 10000 4926 women on 20s flowers
ACTION SERP 10000 4931 EXAMINE_SERP
ACTION SNIPPET 10000 4934 SNIPPET_NOT_RELEVANT b'44619a80-bb14-11e1-be9d-4c3aa0cd4a63'
ACTION SNIPPET 10000 4937 SNIPPET_NOT_RELEVANT b'6ab1a4cc-9b80-11e6-b3c9-f662adaa0048'
ACTION SNIPPET 10000 4940 SNIPPET_NOT_RELEVANT b'9af81858-6a9c-11e4-bafd-6598192a448d'
ACTION SNIPPET 10000 4943 SNIPPET_NOT_RELEVANT b'f16e896e-8750-11e2-98a3-b3db6b9ac586'
ACTION SNIPPET 10000 4946 SNIPPET_NOT_RELEVANT b'486a2c024cb6c01b9d627329ed13882a'
ACTION SNIPPET 10000 4949 SNIPPET_NOT_RELEVANT b'17694a6c21abb3d2c7896cc15eac0bcd'
ACTION SNIPPET 10000 4952 SNIPPET_RELEVANT b'5d851b2a-33af-11e4-8f02-03c644b2d7d0'
ACTION DOC 10000 4972 EXAMINING_DOCUMENT b'5d851b2a-33af-11e4-8f02-03c644b2d7d0'
ACTION SNIPPET 10000 4975 SNIPPET_NOT_RELEVANT b'e4e62996-f71f-11e3-a3a5-42be35962a52'
ACTION SNIPPET 10000 4978 SNIPPET_RELEVANT b'ebed9746efc8c98c7508fe0dabc593bc'
ACTION DOC 10000 4998 EXAMINING_DOCUMENT b'ebed9746efc8c98c7508fe0dabc593bc'
ACTION SNIPPET 10000 5001 SNIPPET_NOT_RELEVANT b'fd8c0bec-8e9b-11e3-b46a-5a3d0d2130da'
ACTION QUERY 10000 5011 women on 20s doubles
ACTION SERP 10000 5016 EXAMINE_SERP
ACTION SNIPPET 10000 5019 SNIPPET_NOT_RELEVANT b'7d7698b7ee9406dc9c5ce39ca0068b65'
ACTION SNIPPET 10000 5022 SNIPPET_RELEVANT b'dab49f96-7e2c-11e3-95c6-0a7aa80874bc'
ACTION DOC 10000 5042 EXAMINING_DOCUMENT b'dab49f96-7e2c-11e3-95c6-0a7aa80874bc'
ACTION SNIPPET 10000 5045 SNIPPET_RELEVANT b'76d911c5a085664d854a31fef0869bfe'
ACTION DOC 10000 5065 EXAMINING_DOCUMENT b'76d911c5a085664d854a31fef0869bfe'
ACTION SNIPPET 10000 5068 SEEN_PREVIOUSLY b'c5c527d80bf00b49c997e4ca064cc451'
ACTION SNIPPET 10000 5071 SNIPPET_NOT_RELEVANT b'25eaf83c-5ddc-11e3-be07-006c776266ed'
ACTION SNIPPET 10000 5074 SNIPPET_NOT_RELEVANT b'06f4f0c2df325675b911faa7c01399c1'
ACTION SNIPPET 10000 5077 SEEN_PREVIOUSLY b'80e05a3093fe755a4bc748b8b48786c8'
ACTION SNIPPET 10000 5080 SNIPPET_NOT_RELEVANT b'62d16e5c-0abb-11e4-b8e5-d0de80767fc2'
ACTION SNIPPET 10000 5083 SNIPPET_RELEVANT b'9fff02b6145f376cc624add976fa9386'
ACTION DOC 10000 5103 EXAMINING_DOCUMENT b'9fff02b6145f376cc624add976fa9386'
ACTION SNIPPET 10000 5106 SNIPPET_RELEVANT b'b7c58dbfe0842d0763507b79dc569ca3'
ACTION DOC 10000 5126 EXAMINING_DOCUMENT b'b7c58dbfe0842d0763507b79dc569ca3'
ACTION QUERY 10000 5136 women on 20s aforementioned
ACTION SERP 10000 5141 EXAMINE_SERP
ACTION SNIPPET 10000 5144 SNIPPET_NOT_RELEVANT b'931ef40abc579af9284af9d64a99f6e4'
ACTION SNIPPET 10000 5147 SNIPPET_NOT_RELEVANT b'0e8be82cc3d4068be220c22a67b2e9d1'
ACTION SNIPPET 10000 5150 SNIPPET_NOT_RELEVANT b'501cd2613513c298d16bae95ddfdaf81'
ACTION SNIPPET 10000 5153 SNIPPET_RELEVANT b'bbb9592c064e65a2286c94ca242a66d7'
ACTION DOC 10000 5173 EXAMINING_DOCUMENT b'bbb9592c064e65a2286c94ca242a66d7'
ACTION SNIPPET 10000 5176 SNIPPET_NOT_RELEVANT b'd62d15b64f5a8c8c09a7c972aab99226'
ACTION SNIPPET 10000 5179 SNIPPET_NOT_RELEVANT b'e6e52c333ec960efddc8425e3207381b'
ACTION SNIPPET 10000 5182 SNIPPET_RELEVANT b'5961d2ed654d742cd5ff640fbfece581'
ACTION DOC 10000 5202 EXAMINING_DOCUMENT b'5961d2ed654d742cd5ff640fbfece581'
ACTION SNIPPET 10000 5205 SNIPPET_NOT_RELEVANT b'0ba0524787f5db1ad9e60921b8c65a3c'
ACTION SNIPPET 10000 5208 SNIPPET_RELEVANT b'43f104959533c31e3d6ef00ba24de300'
ACTION DOC 10000 5228 EXAMINING_DOCUMENT b'43f104959533c31e3d6ef00ba24de300'
ACTION SNIPPET 10000 5231 SNIPPET_NOT_RELEVANT b'd32cb30b40725dabf249fff2fbf61aaa'
ACTION QUERY 10000 5241 women on 20s olympique
ACTION SERP 10000 5246 EXAMINE_SERP
ACTION SNIPPET 10000 5249 SNIPPET_RELEVANT b'33c8782c-7d4f-11e1-b19e-2a1d7a793e3a'
ACTION DOC 10000 5269 EXAMINING_DOCUMENT b'33c8782c-7d4f-11e1-b19e-2a1d7a793e3a'
ACTION SNIPPET 10000 5272 SNIPPET_RELEVANT b'07e497e6-56d4-11e1-b179-a3550fc9144e'
ACTION DOC 10000 5292 EXAMINING_DOCUMENT b'07e497e6-56d4-11e1-b179-a3550fc9144e'
ACTION SNIPPET 10000 5295 SNIPPET_RELEVANT b'37384126-a5bc-11e3-a5fa-55f0c77bf39c'
ACTION DOC 10000 5315 EXAMINING_DOCUMENT b'37384126-a5bc-11e3-a5fa-55f0c77bf39c'
ACTION SNIPPET 10000 5318 SNIPPET_RELEVANT b'5a6c2eb55464fb50756c8a483778b85a'
ACTION DOC 10000 5338 EXAMINING_DOCUMENT b'5a6c2eb55464fb50756c8a483778b85a'
ACTION SNIPPET 10000 5341 SNIPPET_RELEVANT b'4d3f0cfc299c7fe16554f1684b0546ba'
ACTION DOC 10000 5361 EXAMINING_DOCUMENT b'4d3f0cfc299c7fe16554f1684b0546ba'
ACTION SNIPPET 10000 5364 SNIPPET_RELEVANT b'82a70153b48e98fa142b0d0113094f50'
ACTION DOC 10000 5384 EXAMINING_DOCUMENT b'82a70153b48e98fa142b0d0113094f50'
ACTION SNIPPET 10000 5387 SNIPPET_NOT_RELEVANT b'6fe90962-7876-11e1-8ca7-e7ce935c8941'
ACTION SNIPPET 10000 5390 SNIPPET_RELEVANT b'b7f15255dce7d775af7a117279ea3b83'
ACTION DOC 10000 5410 EXAMINING_DOCUMENT b'b7f15255dce7d775af7a117279ea3b83'
ACTION SNIPPET 10000 5413 SNIPPET_NOT_RELEVANT b'890eb2d9c3073f122d50bdb99d99b2b6'
ACTION SNIPPET 10000 5416 SNIPPET_NOT_RELEVANT b'3ffba256-3e47-11e5-b3ac-8a79bc44e5e2'
ACTION QUERY 10000 5426 women on 20s names
ACTION SERP 10000 5431 EXAMINE_SERP
ACTION SNIPPET 10000 5434 SEEN_PREVIOUSLY b'3128fd11e0e327e93870c4a82c953c7a'
ACTION SNIPPET 10000 5437 SEEN_PREVIOUSLY b'398a6f3f85abf6d1f89158d90cb4375c'
ACTION SNIPPET 10000 5440 SNIPPET_RELEVANT b'bc46d7ab6a5cc687bc07d298a46384a4'
ACTION DOC 10000 5460 EXAMINING_DOCUMENT b'bc46d7ab6a5cc687bc07d298a46384a4'
ACTION MARK 10000 5463 CONSIDERED_RELEVANT b'bc46d7ab6a5cc687bc07d298a46384a4'
ACTION SNIPPET 10000 5466 SNIPPET_NOT_RELEVANT b'84634e7c6e62895a0dcf55f1c939b04b'
ACTION SNIPPET 10000 5469 SEEN_PREVIOUSLY b'bea76a36-fa54-11e4-a13c-193b1241d51a'
ACTION SNIPPET 10000 5472 SNIPPET_NOT_RELEVANT b'20271b77f5dae28a2527af7732049dae'
ACTION SNIPPET 10000 5475 SNIPPET_NOT_RELEVANT b'96121782-4673-11e4-9a15-137aa0153527'
ACTION SNIPPET 10000 5478 SNIPPET_RELEVANT b'409d86b34767e52ca9c01834c51503da'
ACTION DOC 10000 5498 EXAMINING_DOCUMENT b'409d86b34767e52ca9c01834c51503da'
ACTION SNIPPET 10000 5501 SNIPPET_RELEVANT b'f8dc6c19482fe9a4375bd36e373c1f8f'
ACTION DOC 10000 5521 EXAMINING_DOCUMENT b'f8dc6c19482fe9a4375bd36e373c1f8f'
ACTION SNIPPET 10000 5524 SNIPPET_NOT_RELEVANT b'e1ef5f89dcef2b77c4afdbc592d1d093'
ACTION QUERY 10000 5534 women on 20s britain
ACTION SERP 10000 5539 EXAMINE_SERP
ACTION SNIPPET 10000 5542 SNIPPET_RELEVANT b'7a69f372-cf94-11e1-b630-190a983a2e0d'
ACTION DOC 10000 5562 EXAMINING_DOCUMENT b'7a69f372-cf94-11e1-b630-190a983a2e0d'
ACTION SNIPPET 10000 5565 SEEN_PREVIOUSLY b'50bf44f8-dc52-11e1-9974-5c975ae4810f'
ACTION SNIPPET 10000 5568 SNIPPET_NOT_RELEVANT b'7e871c3e0b3b440b1a8986f1f9e854cf'
ACTION SNIPPET 10000 5571 SNIPPET_NOT_RELEVANT b'd51d7fe7f126267e0b5f46836f25064d'
ACTION SNIPPET 10000 5574 SNIPPET_RELEVANT b'37750dc4537c69dc834beaf96a4a52d9'
ACTION DOC 10000 5594 EXAMINING_DOCUMENT b'37750dc4537c69dc834beaf96a4a52d9'
ACTION SNIPPET 10000 5597 SNIPPET_NOT_RELEVANT b'2f89dfaf2e53ab5e933bcb790dec8b77'
ACTION SNIPPET 10000 5600 SNIPPET_RELEVANT b'6acf58a9-3044-4c59-b1a7-db155f059820'
ACTION DOC 10000 5620 EXAMINING_DOCUMENT b'6acf58a9-3044-4c59-b1a7-db155f059820'
ACTION SNIPPET 10000 5623 SNIPPET_RELEVANT b'12109d49412f8089cda0b0e3f461b254'
ACTION DOC 10000 5643 EXAMINING_DOCUMENT b'12109d49412f8089cda0b0e3f461b254'
ACTION SNIPPET 10000 5646 SNIPPET_RELEVANT b'b3ac704d216343f0acbb2366105a34c2'
ACTION DOC 10000 5666 EXAMINING_DOCUMENT b'b3ac704d216343f0acbb2366105a34c2'
ACTION SNIPPET 10000 5669 SNIPPET_RELEVANT b'fbb34389c78539421c5a2e02ee3fdc1e'
ACTION DOC 10000 5689 EXAMINING_DOCUMENT b'fbb34389c78539421c5a2e02ee3fdc1e'
ACTION QUERY 10000 5699 women on 20s christine
ACTION SERP 10000 5704 EXAMINE_SERP
ACTION SNIPPET 10000 5707 SNIPPET_RELEVANT b'f3763588-c6d3-11e1-916d-a4bc61efcad8'
ACTION DOC 10000 5727 EXAMINING_DOCUMENT b'f3763588-c6d3-11e1-916d-a4bc61efcad8'
ACTION SNIPPET 10000 5730 SNIPPET_RELEVANT b'2d006847cfde2d8af6806d7674319900'
ACTION DOC 10000 5750 EXAMINING_DOCUMENT b'2d006847cfde2d8af6806d7674319900'
ACTION SNIPPET 10000 5753 SNIPPET_NOT_RELEVANT b'dd6866116edab4f95bfe5f0d1064c773'
ACTION SNIPPET 10000 5756 SNIPPET_NOT_RELEVANT b'b9c20bdc-dcc2-11e1-af1d-753c613ff6d8'
ACTION SNIPPET 10000 5759 SNIPPET_RELEVANT b'fdfb291e-e56a-11e5-a6f3-21ccdbc5f74e'
ACTION DOC 10000 5779 EXAMINING_DOCUMENT b'fdfb291e-e56a-11e5-a6f3-21ccdbc5f74e'
ACTION SNIPPET 10000 5782 SNIPPET_NOT_RELEVANT b'4aad1894-3fdd-11e2-a2d9-822f58ac9fd5'
ACTION SNIPPET 10000 5785 SNIPPET_RELEVANT b'ccf8b1945f20a2d976cc1d837a4a428b'
ACTION DOC 10000 5805 EXAMINING_DOCUMENT b'ccf8b1945f20a2d976cc1d837a4a428b'
ACTION SNIPPET 10000 5808 SNIPPET_NOT_RELEVANT b'da916932c8d54473f019e6463ffd2ee8'
ACTION SNIPPET 10000 5811 SNIPPET_RELEVANT b'53330576-e617-11e5-bc08-3e03a5b41910'
ACTION DOC 10000 5831 EXAMINING_DOCUMENT b'53330576-e617-11e5-bc08-3e03a5b41910'
ACTION SNIPPET 10000 5834 SNIPPET_NOT_RELEVANT b'206f60c8-3ae3-11e1-af18-7ec0de5907e2'
ACTION QUERY 10000 5844 women on 20s silva
ACTION SERP 10000 5849 EXAMINE_SERP
ACTION SNIPPET 10000 5852 SNIPPET_NOT_RELEVANT b'24c4bd7eaad5e37619311358754453ab'
ACTION SNIPPET 10000 5855 SNIPPET_NOT_RELEVANT b'fee73e98d21aeed6a79d1e1f3716436f'
ACTION SNIPPET 10000 5858 SNIPPET_NOT_RELEVANT b'f3d6c6c36500fbd4dc31e0db15d5495c'
ACTION SNIPPET 10000 5861 SNIPPET_NOT_RELEVANT b'ee7148c676b8ad0b2d2a148a0f30488b'
ACTION SNIPPET 10000 5864 SNIPPET_RELEVANT b'42621118-2524-11e2-9313-3c7f59038d93'
ACTION DOC 10000 5884 EXAMINING_DOCUMENT b'42621118-2524-11e2-9313-3c7f59038d93'
ACTION SNIPPET 10000 5887 SNIPPET_RELEVANT b'97a32f9c-2651-11e4-958c-268a320a60ce'
ACTION DOC 10000 5907 EXAMINING_DOCUMENT b'97a32f9c-2651-11e4-958c-268a320a60ce'
ACTION SNIPPET 10000 5910 SNIPPET_RELEVANT b'd58e488c-fc06-11e5-80e4-c381214de1a3'
ACTION DOC 10000 5930 EXAMINING_DOCUMENT b'd58e488c-fc06-11e5-80e4-c381214de1a3'
ACTION SNIPPET 10000 5933 SNIPPET_RELEVANT b'26237936-11ab-11e4-98ee-daea85133bc9'
ACTION DOC 10000 5953 EXAMINING_DOCUMENT b'26237936-11ab-11e4-98ee-daea85133bc9'
ACTION SNIPPET 10000 5956 SNIPPET_RELEVANT b'3bf192ceab7b231be00624dfe9aa7340'
ACTION DOC 10000 5976 EXAMINING_DOCUMENT b'3bf192ceab7b231be00624dfe9aa7340'
ACTION SNIPPET 10000 5979 SNIPPET_NOT_RELEVANT b'86285214-2e2c-11e4-bb9b-997ae96fad33'
ACTION QUERY 10000 5989 women on 20s il
ACTION SERP 10000 5994 EXAMINE_SERP
ACTION SNIPPET 10000 5997 SNIPPET_RELEVANT b'cbc79ad1860e527f40b7c98c0c050a6a'
ACTION DOC 10000 6017 EXAMINING_DOCUMENT b'cbc79ad1860e527f40b7c98c0c050a6a'
ACTION SNIPPET 10000 6020 SNIPPET_RELEVANT b'81cd1aa4-491b-11e1-ba2c-44b5c309d24f'
ACTION DOC 10000 6040 EXAMINING_DOCUMENT b'81cd1aa4-491b-11e1-ba2c-44b5c309d24f'
ACTION SNIPPET 10000 6043 SNIPPET_NOT_RELEVANT b'f2ef0d36-d666-11e1-829d-8eedd9e3ac96'
ACTION SNIPPET 10000 6046 SNIPPET_NOT_RELEVANT b'0ed01702-86a8-11e1-9f73-394c45c8463a'
ACTION SNIPPET 10000 6049 SNIPPET_NOT_RELEVANT b'39d18422-83ba-11e1-abb4-839961045500'
ACTION SNIPPET 10000 6052 SNIPPET_NOT_RELEVANT b'da7bb55ba9eef736187da80813393db1'
ACTION SNIPPET 10000 6055 SNIPPET_RELEVANT b'bb808a04-bfd3-11e1-8bfc-db1f876ebdcb'
ACTION DOC 10000 6075 EXAMINING_DOCUMENT b'bb808a04-bfd3-11e1-8bfc-db1f876ebdcb'
ACTION SNIPPET 10000 6078 SNIPPET_NOT_RELEVANT b'3db46db49a0ce49d4e0f4241d780752e'
ACTION SNIPPET 10000 6081 SNIPPET_RELEVANT b'2aa1c7153ab2d62508fb81c092452e62'
ACTION DOC 10000 6101 EXAMINING_DOCUMENT b'2aa1c7153ab2d62508fb81c092452e62'
ACTION SNIPPET 10000 6104 SNIPPET_RELEVANT b'56331eac-5ebf-11e1-9b2f-1579ccceec53'
ACTION DOC 10000 6124 EXAMINING_DOCUMENT b'56331eac-5ebf-11e1-9b2f-1579ccceec53'
ACTION QUERY 10000 6134 women on 20s ed
ACTION SERP 10000 6139 EXAMINE_SERP
ACTION SNIPPET 10000 6142 SNIPPET_RELEVANT b'd298912f9be719c567d7286a36158a96'
ACTION DOC 10000 6162 EXAMINING_DOCUMENT b'd298912f9be719c567d7286a36158a96'
ACTION SNIPPET 10000 6165 SNIPPET_RELEVANT b'c3d22cec-6aaa-11e4-bafd-6598192a448d'
ACTION DOC 10000 6185 EXAMINING_DOCUMENT b'c3d22cec-6aaa-11e4-bafd-6598192a448d'
ACTION SNIPPET 10000 6188 SNIPPET_RELEVANT b'8a8daf82-13eb-11e2-ba83-a7a396e6b2a7'
ACTION DOC 10000 6208 EXAMINING_DOCUMENT b'8a8daf82-13eb-11e2-ba83-a7a396e6b2a7'
ACTION SNIPPET 10000 6211 SNIPPET_NOT_RELEVANT b'de5e47c3bd7e9530f9655074e66a4b2b'
ACTION SNIPPET 10000 6214 SNIPPET_RELEVANT b'8f4c67f4293dc97d2d868af9ee309ed6'
ACTION DOC 10000 6234 EXAMINING_DOCUMENT b'8f4c67f4293dc97d2d868af9ee309ed6'
ACTION SNIPPET 10000 6237 SNIPPET_RELEVANT b'253ef8d55d39466625c191e8dd0aa794'
ACTION DOC 10000 6257 EXAMINING_DOCUMENT b'253ef8d55d39466625c191e8dd0aa794'
ACTION SNIPPET 10000 6260 SNIPPET_NOT_RELEVANT b'e455a1f49803489a36074ee0553d8beb'
ACTION SNIPPET 10000 6263 SNIPPET_NOT_RELEVANT b'e8dc86415c1802ea86eb4d882499a181'
ACTION SNIPPET 10000 6266 SNIPPET_NOT_RELEVANT b'd049b3da-b743-11e2-92f3-f291801936b8'
ACTION SNIPPET 10000 6269 SNIPPET_RELEVANT b'8a16a45c-4d28-11e7-bc1b-fddbd8359dee'
ACTION DOC 10000 6289 EXAMINING_DOCUMENT b'8a16a45c-4d28-11e7-bc1b-fddbd8359dee'
ACTION QUERY 10000 6299 women on 20s hyneman
ACTION SERP 10000 6304 EXAMINE_SERP
ACTION SNIPPET 10000 6307 SEEN_PREVIOUSLY b'c3d22cec-6aaa-11e4-bafd-6598192a448d'
ACTION SNIPPET 10000 6310 SNIPPET_NOT_RELEVANT b'7bd01a7a-88cc-11e1-b303-37444233872c'
ACTION SNIPPET 10000 6313 SNIPPET_NOT_RELEVANT b'e95d23a3a9b29b7af9f7a1389cb98a3d'
ACTION SNIPPET 10000 6316 SNIPPET_RELEVANT b'9b8c27188d11864dcc86bb075ac0d041'
ACTION DOC 10000 6336 EXAMINING_DOCUMENT b'9b8c27188d11864dcc86bb075ac0d041'
ACTION SNIPPET 10000 6339 SEEN_PREVIOUSLY b'0a714c8b4ec3eb9a78b81a3aa6eb3d79'
ACTION SNIPPET 10000 6342 SNIPPET_RELEVANT b'312ad6958571e9101c94084416930350'
ACTION DOC 10000 6362 EXAMINING_DOCUMENT b'312ad6958571e9101c94084416930350'
ACTION SNIPPET 10000 6365 SNIPPET_NOT_RELEVANT b'3f42f2d6717ed80f3603a7cdbe5b1332'
ACTION SNIPPET 10000 6368 SEEN_PREVIOUSLY b'3128fd11e0e327e93870c4a82c953c7a'
ACTION SNIPPET 10000 6371 SEEN_PREVIOUSLY b'7b60cd36bb1c08750ecf3e09f777f22e'
ACTION SNIPPET 10000 6374 SEEN_PREVIOUSLY b'bea76a36-fa54-11e4-a13c-193b1241d51a'
ACTION QUERY 10000 6384 women on 20s scarf
ACTION SERP 10000 6389 EXAMINE_SERP
ACTION SNIPPET 10000 6392 SNIPPET_RELEVANT b'197c4d48-7183-11e3-8b3f-b1666705ca3b'
ACTION DOC 10000 6412 EXAMINING_DOCUMENT b'197c4d48-7183-11e3-8b3f-b1666705ca3b'
ACTION SNIPPET 10000 6415 SNIPPET_NOT_RELEVANT b'dc75e8a3c553e54ccee4b61bd70aabcc'
ACTION SNIPPET 10000 6418 SEEN_PREVIOUSLY b'd58e488c-fc06-11e5-80e4-c381214de1a3'
ACTION SNIPPET 10000 6421 SNIPPET_NOT_RELEVANT b'a97572ca1f704a12be8d43409f20e119'
ACTION SNIPPET 10000 6424 SNIPPET_NOT_RELEVANT b'9a8439dabb8c1f7b3d42188d638b671a'
ACTION SNIPPET 10000 6427 SNIPPET_NOT_RELEVANT b'01604172-031d-11e2-9132-f2750cd65f97'
ACTION SNIPPET 10000 6430 SNIPPET_RELEVANT b'd810a766af7f3e1e71d303b98d0962c8'
ACTION DOC 10000 6450 EXAMINING_DOCUMENT b'd810a766af7f3e1e71d303b98d0962c8'
ACTION SNIPPET 10000 6453 SNIPPET_RELEVANT b'16e92e0799a4ba676b6783f1f1cc1824'
ACTION DOC 10000 6473 EXAMINING_DOCUMENT b'16e92e0799a4ba676b6783f1f1cc1824'
ACTION SNIPPET 10000 6476 SNIPPET_NOT_RELEVANT b'9472d636ecbfb11792da1984a8549d32'
ACTION SNIPPET 10000 6479 SNIPPET_NOT_RELEVANT b'f434da62-3025-11e3-9ccc-2252bdb14df5'
ACTION QUERY 10000 6489 women on 20s clinton
ACTION SERP 10000 6494 EXAMINE_SERP
ACTION SNIPPET 10000 6497 SEEN_PREVIOUSLY b'bc93176416facf05be71cafe2fa96708'
ACTION SNIPPET 10000 6500 SNIPPET_NOT_RELEVANT b'9fafc9d08dc4af2ec30f9978e50ff03d'
ACTION SNIPPET 10000 6503 SNIPPET_RELEVANT b'c130a487641aab8b0cee6f8b2d8990f9'
ACTION DOC 10000 6523 EXAMINING_DOCUMENT b'c130a487641aab8b0cee6f8b2d8990f9'
ACTION SNIPPET 10000 6526 SNIPPET_NOT_RELEVANT b'ffaaa93d60a3d67418eb329e9a7a5d22'
ACTION SNIPPET 10000 6529 SNIPPET_RELEVANT b'486a2c024cb6c01b9d627329ed13882a'
ACTION DOC 10000 6549 EXAMINING_DOCUMENT b'486a2c024cb6c01b9d627329ed13882a'
ACTION SNIPPET 10000 6552 SEEN_PREVIOUSLY b'f8dc6c19482fe9a4375bd36e373c1f8f'
ACTION SNIPPET 10000 6555 SNIPPET_RELEVANT b'ff3ba70c-7f6d-11e6-ad0e-ab0d12c779b1'
ACTION DOC 10000 6575 EXAMINING_DOCUMENT b'ff3ba70c-7f6d-11e6-ad0e-ab0d12c779b1'
ACTION SNIPPET 10000 6578 SEEN_PREVIOUSLY b'ebed9746efc8c98c7508fe0dabc593bc'
ACTION SNIPPET 10000 6581 SNIPPET_NOT_RELEVANT b'da430e327728c524dad3605c510ff0ec'
ACTION SNIPPET 10000 6584 SNIPPET_RELEVANT b'2f1c20a8-25f0-11e3-ad0d-b7c8d2a594b9'
ACTION DOC 10000 6604 EXAMINING_DOCUMENT b'2f1c20a8-25f0-11e3-ad0d-b7c8d2a594b9'
ACTION QUERY 10000 6614 women on 20s roll
ACTION SERP 10000 6619 EXAMINE_SERP
ACTION SNIPPET 10000 6622 SNIPPET_RELEVANT b'35882c2ec965c0ea04b5bbf6ea23a34b'
ACTION DOC 10000 6642 EXAMINING_DOCUMENT b'35882c2ec965c0ea04b5bbf6ea23a34b'
ACTION SNIPPET 10000 6645 SNIPPET_NOT_RELEVANT b'd1b96246a222ea1ede901774097e4ec0'
ACTION SNIPPET 10000 6648 SNIPPET_NOT_RELEVANT b'6755c8f716f9a336d383f3064287f8e2'
ACTION SNIPPET 10000 6651 SEEN_PREVIOUSLY b'8de06dd21d1e15a20bf5d455a1dd7126'
ACTION SNIPPET 10000 6654 SNIPPET_NOT_RELEVANT b'f8b291c33b7713ebd9309d7d058dfdd4'
ACTION SNIPPET 10000 6657 SEEN_PREVIOUSLY b'083bd0354dbe2c62f2e39c2ad9d1f875'
ACTION SNIPPET 10000 6660 SEEN_PREVIOUSLY b'941d06390649a4792fa8777016c92a1f'
ACTION SNIPPET 10000 6663 SNIPPET_NOT_RELEVANT b'46d4ae86-76d3-11e6-8149-b8d05321db62'
ACTION SNIPPET 10000 6666 SNIPPET_NOT_RELEVANT b'd78d36ea-f776-11e1-8b93-c4f4ab1c8d13'
ACTION SNIPPET 10000 6669 SNIPPET_NOT_RELEVANT b'2a0a5ce8b5612c211d8727a959b2afac'
ACTION QUERY 10000 6679 women on 20s barack
ACTION SERP 10000 6684 EXAMINE_SERP
ACTION SNIPPET 10000 6687 SNIPPET_RELEVANT b'8f11b288a7da5ebfa7b790ba492c4de2'
ACTION DOC 10000 6707 EXAMINING_DOCUMENT b'8f11b288a7da5ebfa7b790ba492c4de2'
ACTION SNIPPET 10000 6710 SEEN_PREVIOUSLY b'1c2a1a31c6906a3efbf8bf387537cfd9'
ACTION SNIPPET 10000 6713 SNIPPET_NOT_RELEVANT b'98040068-efdf-11e3-914c-1fbd0614e2d4'
ACTION SNIPPET 10000 6716 SNIPPET_RELEVANT b'b4800abe6eede3e007392fb7b94adf0f'
ACTION DOC 10000 6736 EXAMINING_DOCUMENT b'b4800abe6eede3e007392fb7b94adf0f'
ACTION SNIPPET 10000 6739 SNIPPET_NOT_RELEVANT b'fbb0dd654e5ad676b02ef5186cf3ef20'
ACTION SNIPPET 10000 6742 SNIPPET_NOT_RELEVANT b'1d43433b64b42dd398d5d03eb4601257'
ACTION SNIPPET 10000 6745 SNIPPET_NOT_RELEVANT b'38fe6b09cf3f0ccf391b067b1ec16af9'
ACTION SNIPPET 10000 6748 SNIPPET_NOT_RELEVANT b'62e73fe2-df58-11e6-acdf-14da832ae861'
ACTION SNIPPET 10000 6751 SNIPPET_NOT_RELEVANT b'fe83cbecf9501b7bb11456e0d265aa10'
ACTION SNIPPET 10000 6754 SNIPPET_RELEVANT b'9f042808c00fe3c6c1d0aec5108807aa'
ACTION DOC 10000 6774 EXAMINING_DOCUMENT b'9f042808c00fe3c6c1d0aec5108807aa'
ACTION QUERY 10000 6784 women on 20s detected
ACTION SERP 10000 6789 EXAMINE_SERP
ACTION SNIPPET 10000 6792 SEEN_PREVIOUSLY b'083bd0354dbe2c62f2e39c2ad9d1f875'
ACTION SNIPPET 10000 6795 SEEN_PREVIOUSLY b'941d06390649a4792fa8777016c92a1f'
ACTION SNIPPET 10000 6798 SNIPPET_RELEVANT b'f0802c72-6753-11e3-8b5b-a77187b716a3'
ACTION DOC 10000 6818 EXAMINING_DOCUMENT b'f0802c72-6753-11e3-8b5b-a77187b716a3'
ACTION SNIPPET 10000 6821 SNIPPET_NOT_RELEVANT b'8c24d7ac-df70-11e2-b2d4-ea6d8f477a01'
ACTION SNIPPET 10000 6824 SNIPPET_RELEVANT b'406e6ebe-8d0d-11e2-b63f-f53fb9f2fcb4'
ACTION DOC 10000 6844 EXAMINING_DOCUMENT b'406e6ebe-8d0d-11e2-b63f-f53fb9f2fcb4'
ACTION SNIPPET 10000 6847 SNIPPET_RELEVANT b'd4824ae2beeddea3182d4b05072a8b66'
ACTION DOC 10000 6867 EXAMINING_DOCUMENT b'd4824ae2beeddea3182d4b05072a8b66'
ACTION SNIPPET 10000 6870 SEEN_PREVIOUSLY b'1cb32962-4165-11e3-a624-41d661b0bb78'
ACTION SNIPPET 10000 6873 SEEN_PREVIOUSLY b'd2fa7c80-d8b5-11e1-91e1-eed6436f6d13'
ACTION SNIPPET 10000 6876 SEEN_PREVIOUSLY b'7907fd08-0667-11e2-858a-5311df86ab04'
ACTION SNIPPET 10000 6879 SEEN_PREVIOUSLY b'3368498a-78c7-11e5-a958-d889faf561dc'
ACTION QUERY 10000 6889 women on 20s complete
ACTION SERP 10000 6894 EXAMINE_SERP
ACTION SNIPPET 10000 6897 SEEN_PREVIOUSLY b'80e05a3093fe755a4bc748b8b48786c8'
ACTION SNIPPET 10000 6900 SNIPPET_RELEVANT b'9055974f821edfd516c0b6992e70d078'
ACTION DOC 10000 6920 EXAMINING_DOCUMENT b'9055974f821edfd516c0b6992e70d078'
ACTION SNIPPET 10000 6923 SNIPPET_RELEVANT b'325c44f0c040661b0445c4f9e1ebd86f'
ACTION DOC 10000 6943 EXAMINING_DOCUMENT b'325c44f0c040661b0445c4f9e1ebd86f'
ACTION SNIPPET 10000 6946 SEEN_PREVIOUSLY b'e096e0ccbd629d3bacfb9ffc3b4ea3f9'
ACTION SNIPPET 10000 6949 SNIPPET_RELEVANT b'0d06a20c65b15fdfa724f188760ea5c7'
ACTION DOC 10000 6969 EXAMINING_DOCUMENT b'0d06a20c65b15fdfa724f188760ea5c7'
ACTION SNIPPET 10000 6972 SNIPPET_NOT_RELEVANT b'347e12d113e9749d8a2c74a2fe1236fe'
ACTION SNIPPET 10000 6975 SNIPPET_RELEVANT b'6208bb4154a2ffb6f39d862224b32aea'
ACTION DOC 10000 6995 EXAMINING_DOCUMENT b'6208bb4154a2ffb6f39d862224b32aea'
ACTION SNIPPET 10000 6998 SNIPPET_NOT_RELEVANT b'0531c8fb745f111e37c0b01b83e12ebd'
ACTION SNIPPET 10000 7001 SNIPPET_RELEVANT b'ccb7736fcd03c8b64e8f012d0272ab60'
ACTION DOC 10000 7021 EXAMINING_DOCUMENT b'ccb7736fcd03c8b64e8f012d0272ab60'
ACTION SNIPPET 10000 7024 SNIPPET_RELEVANT b'718b20be-06bf-11e4-bbf1-cc51275e7f8f'
ACTION DOC 10000 7044 EXAMINING_DOCUMENT b'718b20be-06bf-11e4-bbf1-cc51275e7f8f'
ACTION QUERY 10000 7054 women on 20s practice
ACTION SERP 10000 7059 EXAMINE_SERP
ACTION SNIPPET 10000 7062 SEEN_PREVIOUSLY b'409d86b34767e52ca9c01834c51503da'
ACTION SNIPPET 10000 7065 SNIPPET_NOT_RELEVANT b'20e90cac-5b3b-11e6-9aee-8075993d73a2'
ACTION SNIPPET 10000 7068 SNIPPET_NOT_RELEVANT b'6546bfe4f5367996c2ffb622e2eeb62a'
ACTION SNIPPET 10000 7071 SNIPPET_NOT_RELEVANT b'b90204dc-87db-11e5-bd91-d385b244482f'
ACTION SNIPPET 10000 7074 SNIPPET_RELEVANT b'e38a6f74-425e-11e3-b028-de922d7a3f47'
ACTION DOC 10000 7094 EXAMINING_DOCUMENT b'e38a6f74-425e-11e3-b028-de922d7a3f47'
ACTION SNIPPET 10000 7097 SNIPPET_NOT_RELEVANT b'd48a6d1c-b8c3-11e4-a200-c008a01a6692'
ACTION SNIPPET 10000 7100 SNIPPET_RELEVANT b'8a4e726a-405a-11e5-b2c4-af4c6183b8b4'
ACTION DOC 10000 7120 EXAMINING_DOCUMENT b'8a4e726a-405a-11e5-b2c4-af4c6183b8b4'
ACTION SNIPPET 10000 7123 SNIPPET_NOT_RELEVANT b'83b5c661b734ae407962eb10c64105a1'
ACTION SNIPPET 10000 7126 SNIPPET_NOT_RELEVANT b'8ca8295d8a07ee280494faf77d3905c8'
ACTION SNIPPET 10000 7129 SNIPPET_RELEVANT b'1b4b9a2088c268f72bdba2bf4fd3b23b'
ACTION DOC 10000 7149 EXAMINING_DOCUMENT b'1b4b9a2088c268f72bdba2bf4fd3b23b'
ACTION QUERY 10000 7159 women on 20s legislator
ACTION SERP 10000 7164 EXAMINE_SERP
ACTION SNIPPET 10000 7167 SNIPPET_RELEVANT b'e2bab47309f9b69abd0927514b1cffca'
ACTION DOC 10000 7187 EXAMINING_DOCUMENT b'e2bab47309f9b69abd0927514b1cffca'
ACTION SNIPPET 10000 7190 SNIPPET_NOT_RELEVANT b'44ed43e9306781252344d95bec659c17'
ACTION SNIPPET 10000 7193 SNIPPET_RELEVANT b'6baf0bd2-561c-11e3-ba82-16ed03681809'
ACTION DOC 10000 7213 EXAMINING_DOCUMENT b'6baf0bd2-561c-11e3-ba82-16ed03681809'
ACTION SNIPPET 10000 7216 SNIPPET_NOT_RELEVANT b'3f42f2d6717ed80f3603a7cdbe5b1332'
ACTION SNIPPET 10000 7219 SNIPPET_RELEVANT b'a900f44ac6405f9f845fcffde99156c7'
ACTION DOC 10000 7239 EXAMINING_DOCUMENT b'a900f44ac6405f9f845fcffde99156c7'
ACTION SNIPPET 10000 7242 SNIPPET_RELEVANT b'd67c756ea17c49fe27463aeb062fb28c'
ACTION DOC 10000 7262 EXAMINING_DOCUMENT b'd67c756ea17c49fe27463aeb062fb28c'
ACTION SNIPPET 10000 7265 SNIPPET_RELEVANT b'ba61f47a-26b9-11e3-b75d-5b7f66349852'
ACTION DOC 10000 7285 EXAMINING_DOCUMENT b'ba61f47a-26b9-11e3-b75d-5b7f66349852'
ACTION SNIPPET 10000 7288 SNIPPET_NOT_RELEVANT b'6e1dcbf64785d4d83a03e236b2febe75'
ACTION SNIPPET 10000 7291 SNIPPET_NOT_RELEVANT b'8da9a5be-d8e6-11e4-b3f2-607bd612aeac'
ACTION SNIPPET 10000 7294 SNIPPET_RELEVANT b'20a15077357713160a7b48c1e25100b9'
ACTION DOC 10000 7314 EXAMINING_DOCUMENT b'20a15077357713160a7b48c1e25100b9'
ACTION QUERY 10000 7324 women on 20s polisario
ACTION SERP 10000 7329 EXAMINE_SERP
ACTION SNIPPET 10000 7332 SEEN_PREVIOUSLY b'77a3cc063b3548e167ccae2f4e9a6858'
ACTION SNIPPET 10000 7335 SNIPPET_NOT_RELEVANT b'f947701e-2bf9-11e6-9b37-42985f6a265c'
ACTION SNIPPET 10000 7338 SNIPPET_NOT_RELEVANT b'83affaa4478e9aa30a81a723b145ebd4'
ACTION SNIPPET 10000 7341 SNIPPET_NOT_RELEVANT b'49d290c8-b8c1-11e6-939c-91749443c5e5'
ACTION SNIPPET 10000 7344 SNIPPET_NOT_RELEVANT b'5ae1f471f397ff982c9ac6686e99d80a'
ACTION SNIPPET 10000 7347 SNIPPET_NOT_RELEVANT b'9cafe3d6259678985e659ea72515e2f0'
ACTION SNIPPET 10000 7350 SNIPPET_RELEVANT b'44a2601072ad10d1987ee9a7bc9de5b3'
ACTION DOC 10000 7370 EXAMINING_DOCUMENT b'44a2601072ad10d1987ee9a7bc9de5b3'
ACTION SNIPPET 10000 7373 SNIPPET_NOT_RELEVANT b'a2e8632c-ff92-11e2-8294-0ee5075b840d'
ACTION SNIPPET 10000 7376 SNIPPET_RELEVANT b'791a7084988a0bc688ab49c8375fc2e5'
ACTION DOC 10000 7396 EXAMINING_DOCUMENT b'791a7084988a0bc688ab49c8375fc2e5'
ACTION SNIPPET 10000 7399 SNIPPET_NOT_RELEVANT b'fc6f5e23559a5ada24367df34aeaa669'
ACTION QUERY 10000 7409 women on 20s drinking
ACTION SERP 10000 7414 EXAMINE_SERP
ACTION SNIPPET 10000 7417 SEEN_PREVIOUSLY b'145a600d4e3f685c53d4327914ec9015'
ACTION SNIPPET 10000 7420 SNIPPET_NOT_RELEVANT b'5204baf981c2c69dc621dfd304efb4fe'
ACTION SNIPPET 10000 7423 SNIPPET_NOT_RELEVANT b'd0cb3242308377cd4c67eab21c9b285a'
ACTION SNIPPET 10000 7426 SNIPPET_RELEVANT b'b3b391ba267643f73ccb394738457b32'
ACTION DOC 10000 7446 EXAMINING_DOCUMENT b'b3b391ba267643f73ccb394738457b32'
ACTION SNIPPET 10000 7449 SNIPPET_NOT_RELEVANT b'e458baac-97e4-11e2-814b-063623d80a60'
ACTION SNIPPET 10000 7452 SNIPPET_NOT_RELEVANT b'cde2917e-34f3-11e3-80c6-7e6dd8d22d8f'
ACTION SNIPPET 10000 7455 SNIPPET_NOT_RELEVANT b'ed1b140c04aa77c558b7333e4c106479'
ACTION SNIPPET 10000 7458 SNIPPET_NOT_RELEVANT b'1dcb1ed776ed8064d304552d0a41e8b8'
ACTION SNIPPET 10000 7461 SNIPPET_NOT_RELEVANT b'22b4fe72-60f9-11e3-8beb-3f9a9942850f'
ACTION SNIPPET 10000 7464 SNIPPET_NOT_RELEVANT b'f6b0845de13ba10214675d7589b1bfa8'
ACTION QUERY 10000 7474 women on 20s levels
ACTION SERP 10000 7479 EXAMINE_SERP
ACTION SNIPPET 10000 7482 SNIPPET_NOT_RELEVANT b'9fb858d4-6373-11e3-91b3-f2bb96304e34'
ACTION SNIPPET 10000 7485 SEEN_PREVIOUSLY b'1c2a1a31c6906a3efbf8bf387537cfd9'
ACTION SNIPPET 10000 7488 SNIPPET_NOT_RELEVANT b'6755c8f716f9a336d383f3064287f8e2'
ACTION SNIPPET 10000 7491 SNIPPET_RELEVANT b'22b4fe72-60f9-11e3-8beb-3f9a9942850f'
ACTION DOC 10000 7511 EXAMINING_DOCUMENT b'22b4fe72-60f9-11e3-8beb-3f9a9942850f'
ACTION SNIPPET 10000 7514 SNIPPET_RELEVANT b'8c2f7c7b3ef8ed875fd0a7a1c0b0bd00'
ACTION DOC 10000 7534 EXAMINING_DOCUMENT b'8c2f7c7b3ef8ed875fd0a7a1c0b0bd00'
ACTION SNIPPET 10000 7537 SEEN_PREVIOUSLY b'5a84e5ae1a798a6a85bb21877ea48c56'
ACTION SNIPPET 10000 7540 SNIPPET_NOT_RELEVANT b'fbe2c79b2830f1a454c44c6ff67c08c2'
ACTION SNIPPET 10000 7543 SEEN_PREVIOUSLY b'f04d0a36b60341b0f6e6173a3a8aa591'
ACTION SNIPPET 10000 7546 SEEN_PREVIOUSLY b'f2b95ddfbcbc6282d0f5199e5ea5827f'
ACTION SNIPPET 10000 7549 SEEN_PREVIOUSLY b'64064773b4e37050d374c67f0364f2f0'
ACTION QUERY 10000 7559 women on 20s russian
ACTION SERP 10000 7564 EXAMINE_SERP
ACTION SNIPPET 10000 7567 SNIPPET_RELEVANT b'9156d3bc9cd9f3b1694d7b5c26b4b70f'
ACTION DOC 10000 7587 EXAMINING_DOCUMENT b'9156d3bc9cd9f3b1694d7b5c26b4b70f'
ACTION SNIPPET 10000 7590 SNIPPET_NOT_RELEVANT b'09c6ffd3dbf5e2ae872de3023de94f3d'
ACTION SNIPPET 10000 7593 SNIPPET_NOT_RELEVANT b'1138744ac50557d0713cc412d3a0a503'
ACTION SNIPPET 10000 7596 SNIPPET_NOT_RELEVANT b'25f48864-abae-11e3-b8ca-197ef3568958'
ACTION SNIPPET 10000 7599 SNIPPET_RELEVANT b'6c61e30977b9e2c35fe024723e3e9b5a'
ACTION DOC 10000 7619 EXAMINING_DOCUMENT b'6c61e30977b9e2c35fe024723e3e9b5a'
ACTION SNIPPET 10000 7622 SNIPPET_NOT_RELEVANT b'5e6374f8d6748b3fe1aa403c487c1c17'
ACTION SNIPPET 10000 7625 SNIPPET_NOT_RELEVANT b'649b80906d65b58d8d6608c9d1d428a5'
ACTION SNIPPET 10000 7628 SNIPPET_RELEVANT b'4bdbffc82f9db1cc86128bde42347aa7'
ACTION DOC 10000 7648 EXAMINING_DOCUMENT b'4bdbffc82f9db1cc86128bde42347aa7'
ACTION SNIPPET 10000 7651 SNIPPET_NOT_RELEVANT b'6ecc9fbd8ef2a48b5f849ea57aaabdf2'
ACTION SNIPPET 10000 7654 SNIPPET_NOT_RELEVANT b'1d7a832fbdec85fb9545100c1f82eda7'
ACTION QUERY 10000 7664 women on 20s jennifer
ACTION SERP 10000 7669 EXAMINE_SERP
ACTION SNIPPET 10000 7672 SNIPPET_RELEVANT b'33feee68-7c60-11e3-95c6-0a7aa80874bc'
ACTION DOC 10000 7692 EXAMINING_DOCUMENT b'33feee68-7c60-11e3-95c6-0a7aa80874bc'
ACTION SNIPPET 10000 7695 SNIPPET_RELEVANT b'45461d1078e95f443831400b878aef3f'
ACTION DOC 10000 7715 EXAMINING_DOCUMENT b'45461d1078e95f443831400b878aef3f'
ACTION SNIPPET 10000 7718 SNIPPET_RELEVANT b'0aa83fe6-1a0b-11e2-94aa-9240e72ee00b'
ACTION DOC 10000 7738 EXAMINING_DOCUMENT b'0aa83fe6-1a0b-11e2-94aa-9240e72ee00b'
ACTION SNIPPET 10000 7741 SNIPPET_NOT_RELEVANT b'951bda5721e49223ce99850466215156'
ACTION SNIPPET 10000 7744 SNIPPET_RELEVANT b'9018ec0be4c4fce05cb97ef22e36a8bb'
ACTION DOC 10000 7764 EXAMINING_DOCUMENT b'9018ec0be4c4fce05cb97ef22e36a8bb'
ACTION SNIPPET 10000 7767 SNIPPET_RELEVANT b'1ba29ed0-7eec-11e3-9556-4a4bf7bcbd84'
ACTION DOC 10000 7787 EXAMINING_DOCUMENT b'1ba29ed0-7eec-11e3-9556-4a4bf7bcbd84'
ACTION SNIPPET 10000 7790 SNIPPET_NOT_RELEVANT b'c064db1dd48f5df9b1c6135f3e603d6a'
ACTION SNIPPET 10000 7793 SNIPPET_RELEVANT b'c53c8bc4-fdc7-11e6-8f41-ea6ed597e4ca'
ACTION DOC 10000 7813 EXAMINING_DOCUMENT b'c53c8bc4-fdc7-11e6-8f41-ea6ed597e4ca'
ACTION SNIPPET 10000 7816 SNIPPET_NOT_RELEVANT b'7508d0ac87927c7a4fe7a8b46746e5f9'
ACTION SNIPPET 10000 7819 SNIPPET_NOT_RELEVANT b'920fd028-5025-11e4-8c24-487e92bc997b'
ACTION QUERY 10000 7829 women on 20s divided
ACTION SERP 10000 7834 EXAMINE_SERP
ACTION SNIPPET 10000 7837 SEEN_PREVIOUSLY b'bc93176416facf05be71cafe2fa96708'
ACTION SNIPPET 10000 7840 SNIPPET_NOT_RELEVANT b'acb5f68f54ffdb77c76808f2388beda4'
ACTION SNIPPET 10000 7843 SNIPPET_NOT_RELEVANT b'6a9fa2072e708c1c0ad245eb6f4952ab'
ACTION SNIPPET 10000 7846 SNIPPET_NOT_RELEVANT b'f731f85a1689a963a481c60c63b62ae2'
ACTION SNIPPET 10000 7849 SNIPPET_NOT_RELEVANT b'972aa01a-5476-11e4-ba4b-f6333e2c0453'
ACTION SNIPPET 10000 7852 SNIPPET_RELEVANT b'e3610e5c66dc687c1ea50ba0911f0fca'
ACTION DOC 10000 7872 EXAMINING_DOCUMENT b'e3610e5c66dc687c1ea50ba0911f0fca'
ACTION SNIPPET 10000 7875 SNIPPET_RELEVANT b'9f91bbf4-5ac4-11e4-bd61-346aee66ba29'
ACTION DOC 10000 7895 EXAMINING_DOCUMENT b'9f91bbf4-5ac4-11e4-bd61-346aee66ba29'
ACTION SNIPPET 10000 7898 SNIPPET_RELEVANT b'20a6f524-4f8c-11e7-be25-3a519335381c'
ACTION DOC 10000 7918 EXAMINING_DOCUMENT b'20a6f524-4f8c-11e7-be25-3a519335381c'
ACTION SNIPPET 10000 7921 SNIPPET_RELEVANT b'a2f134fe-ad1a-11e2-a8b9-2a63d75b5459'
ACTION DOC 10000 7941 EXAMINING_DOCUMENT b'a2f134fe-ad1a-11e2-a8b9-2a63d75b5459'
ACTION SNIPPET 10000 7944 SNIPPET_RELEVANT b'8117bcde-8d9b-11e2-9f54-f3fdd70acad2'
ACTION DOC 10000 7964 EXAMINING_DOCUMENT b'8117bcde-8d9b-11e2-9f54-f3fdd70acad2'
ACTION QUERY 10000 7974 women on 20s fairly
ACTION SERP 10000 7979 EXAMINE_SERP
ACTION SNIPPET 10000 7982 SNIPPET_NOT_RELEVANT b'ccac94f54638b745809f0338330e8de4'
ACTION SNIPPET 10000 7985 SNIPPET_RELEVANT b'59817de0-c0d0-11e3-bcec-b71ee10e9bc3'
ACTION DOC 10000 8005 EXAMINING_DOCUMENT b'59817de0-c0d0-11e3-bcec-b71ee10e9bc3'
ACTION SNIPPET 10000 8008 SNIPPET_RELEVANT b'0dd7c9506122b4aca7bb579eaebc16cc'
ACTION DOC 10000 8028 EXAMINING_DOCUMENT b'0dd7c9506122b4aca7bb579eaebc16cc'
ACTION SNIPPET 10000 8031 SNIPPET_NOT_RELEVANT b'dbe08e18cf17585d281c3d5bb8b8bb0b'
ACTION SNIPPET 10000 8034 SNIPPET_NOT_RELEVANT b'6a9fa2072e708c1c0ad245eb6f4952ab'
ACTION SNIPPET 10000 8037 SNIPPET_NOT_RELEVANT b'00455cd4721d41813b59a2a606348931'
ACTION SNIPPET 10000 8040 SNIPPET_NOT_RELEVANT b'26bc19e4431b05a06a2494e3117642c7'
ACTION SNIPPET 10000 8043 SNIPPET_NOT_RELEVANT b'7933c8d2-f862-11e2-8e84-c56731a202fb'
ACTION SNIPPET 10000 8046 SNIPPET_RELEVANT b'acbfd27a5957f5ce2b729dc16bd09cc3'
ACTION DOC 10000 8066 EXAMINING_DOCUMENT b'acbfd27a5957f5ce2b729dc16bd09cc3'
ACTION SNIPPET 10000 8069 SNIPPET_RELEVANT b'5e6e246379db9bcf35bdb6a91935fa82'
ACTION DOC 10000 8089 EXAMINING_DOCUMENT b'5e6e246379db9bcf35bdb6a91935fa82'
ACTION QUERY 10000 8099 women on 20s heringtons
ACTION SERP 10000 8104 EXAMINE_SERP
ACTION SNIPPET 10000 8107 SNIPPET_NOT_RELEVANT b'00455cd4721d41813b59a2a606348931'
ACTION SNIPPET 10000 8110 SNIPPET_RELEVANT b'7b2d94f253e6bd9c7076ca2d83c7a3d5'
ACTION DOC 10000 8130 EXAMINING_DOCUMENT b'7b2d94f253e6bd9c7076ca2d83c7a3d5'
ACTION SNIPPET 10000 8133 SNIPPET_NOT_RELEVANT b'79c51fc575af8b3fe13802b298943618'
ACTION SNIPPET 10000 8136 SNIPPET_NOT_RELEVANT b'f3903e5ea06fdcd3447bc31c4759f291'
ACTION SNIPPET 10000 8139 SNIPPET_NOT_RELEVANT b'bff0d8958acebda4a31bf22bc865fdab'
ACTION SNIPPET 10000 8142 SNIPPET_NOT_RELEVANT b'9ad99b0c-8f2e-11e3-b46a-5a3d0d2130da'
ACTION SNIPPET 10000 8145 SEEN_PREVIOUSLY b'0a714c8b4ec3eb9a78b81a3aa6eb3d79'
ACTION SNIPPET 10000 8148 SNIPPET_RELEVANT b'3f42f2d6717ed80f3603a7cdbe5b1332'
ACTION DOC 10000 8168 EXAMINING_DOCUMENT b'3f42f2d6717ed80f3603a7cdbe5b1332'
ACTION SNIPPET 10000 8171 SEEN_PREVIOUSLY b'3128fd11e0e327e93870c4a82c953c7a'
ACTION SNIPPET 10000 8174 SEEN_PREVIOUSLY b'7b60cd36bb1c08750ecf3e09f777f22e'
ACTION QUERY 10000 8184 women on 20s msg
ACTION SERP 10000 8189 EXAMINE_SERP
ACTION SNIPPET 10000 8192 SNIPPET_NOT_RELEVANT b'dbf412094791a1a192736b20a65291ce'
ACTION SNIPPET 10000 8195 SNIPPET_RELEVANT b'c7323b038502380eea40841c5685dea7'
ACTION DOC 10000 8215 EXAMINING_DOCUMENT b'c7323b038502380eea40841c5685dea7'
ACTION SNIPPET 10000 8218 SNIPPET_NOT_RELEVANT b'a80a60e914348fa83143c65acc4468d9'
ACTION SNIPPET 10000 8221 SNIPPET_NOT_RELEVANT b'76903248-5686-11e1-ada7-51a8b156d31a'
ACTION SNIPPET 10000 8224 SNIPPET_NOT_RELEVANT b'b37e6441b5fd5e864d796b10307ab022'
ACTION SNIPPET 10000 8227 SNIPPET_NOT_RELEVANT b'78b79536c88112885f32afca5f020ed4'
ACTION SNIPPET 10000 8230 SNIPPET_NOT_RELEVANT b'1d008dd2295ce2983777dfcf1fa19a66'
ACTION SNIPPET 10000 8233 SNIPPET_NOT_RELEVANT b'5448e59048c73ff9ee7d106fab98060b'
ACTION SNIPPET 10000 8236 SNIPPET_RELEVANT b'dd8de9d89d8d9ac55f3f423b0ee0b0e1'
ACTION DOC 10000 8256 EXAMINING_DOCUMENT b'dd8de9d89d8d9ac55f3f423b0ee0b0e1'
ACTION SNIPPET 10000 8259 SNIPPET_RELEVANT b'c025e1b73b7686acdbe223e1c37a7ece'
ACTION DOC 10000 8279 EXAMINING_DOCUMENT b'c025e1b73b7686acdbe223e1c37a7ece'
ACTION QUERY 10000 8289 women on 20s waldorf
ACTION SERP 10000 8294 EXAMINE_SERP
ACTION SNIPPET 10000 8297 SNIPPET_RELEVANT b'7b09f9ec-57e7-11e5-9f54-1ea23f6e02f3'
ACTION DOC 10000 8317 EXAMINING_DOCUMENT b'7b09f9ec-57e7-11e5-9f54-1ea23f6e02f3'
ACTION SNIPPET 10000 8320 SNIPPET_RELEVANT b'24e1a00a-94e4-11e3-9e13-770265cf4962'
ACTION DOC 10000 8340 EXAMINING_DOCUMENT b'24e1a00a-94e4-11e3-9e13-770265cf4962'
ACTION SNIPPET 10000 8343 SNIPPET_RELEVANT b'980af726-c82c-11e4-bea5-b893e7ac3fb3'
ACTION DOC 10000 8363 EXAMINING_DOCUMENT b'980af726-c82c-11e4-bea5-b893e7ac3fb3'
ACTION SNIPPET 10000 8366 SNIPPET_RELEVANT b'4fa7902c-0441-11e7-b9fa-ed727b644a0b'
ACTION DOC 10000 8386 EXAMINING_DOCUMENT b'4fa7902c-0441-11e7-b9fa-ed727b644a0b'
ACTION SNIPPET 10000 8389 SNIPPET_NOT_RELEVANT b'4a90ddf2-3c84-11e7-8854-21f359183e8c'
ACTION SNIPPET 10000 8392 SNIPPET_RELEVANT b'10198435f3dc225bf1a1affe6f0f8824'
ACTION DOC 10000 8412 EXAMINING_DOCUMENT b'10198435f3dc225bf1a1affe6f0f8824'
ACTION SNIPPET 10000 8415 SNIPPET_NOT_RELEVANT b'4f20a23c-8b2e-11e2-b63f-f53fb9f2fcb4'
ACTION SNIPPET 10000 8418 SNIPPET_NOT_RELEVANT b'3d504a00-412d-11e5-9f53-d1e3ddfd0cda'
ACTION SNIPPET 10000 8421 SNIPPET_NOT_RELEVANT b'fe352802-28a1-11e5-a250-42bd812efc09'
ACTION SNIPPET 10000 8424 SNIPPET_RELEVANT b'3d7a1250-266f-11e5-b621-b55e495e9b78'
ACTION DOC 10000 8444 EXAMINING_DOCUMENT b'3d7a1250-266f-11e5-b621-b55e495e9b78'
ACTION QUERY 10000 8454 women on 20s superstar
ACTION SERP 10000 8459 EXAMINE_SERP
ACTION SNIPPET 10000 8462 SNIPPET_NOT_RELEVANT b'309828ae-6964-11e1-acc6-32fefc7ccd67'
ACTION SNIPPET 10000 8465 SNIPPET_RELEVANT b'5980e62c-ddbf-11e2-b197-f248b21f94c4'
ACTION DOC 10000 8485 EXAMINING_DOCUMENT b'5980e62c-ddbf-11e2-b197-f248b21f94c4'
ACTION SNIPPET 10000 8488 SNIPPET_RELEVANT b'e7528be6564d9dcf3876a39293c2e3ef'
ACTION DOC 10000 8508 EXAMINING_DOCUMENT b'e7528be6564d9dcf3876a39293c2e3ef'
ACTION SNIPPET 10000 8511 SNIPPET_NOT_RELEVANT b'79005abc-2534-11e7-bb9d-8cd6118e1409'
ACTION SNIPPET 10000 8514 SNIPPET_NOT_RELEVANT b'c18a585d36552d76170185488dd04620'
ACTION SNIPPET 10000 8517 SNIPPET_RELEVANT b'ccec93682969ca203a78be5590f513ce'
ACTION DOC 10000 8537 EXAMINING_DOCUMENT b'ccec93682969ca203a78be5590f513ce'
ACTION SNIPPET 10000 8540 SNIPPET_NOT_RELEVANT b'0589aaf42e243d9e275fc89dbd4300a1'
ACTION SNIPPET 10000 8543 SNIPPET_RELEVANT b'7528a86dbc1276a1b2ecf435827575ca'
ACTION DOC 10000 8563 EXAMINING_DOCUMENT b'7528a86dbc1276a1b2ecf435827575ca'
ACTION SNIPPET 10000 8566 SNIPPET_NOT_RELEVANT b'c8b126f2-55ec-11e7-a204-ad706461fa4f'
ACTION SNIPPET 10000 8569 SNIPPET_RELEVANT b'aa29644058a7f2625f23939a9b03ffee'
ACTION DOC 10000 8589 EXAMINING_DOCUMENT b'aa29644058a7f2625f23939a9b03ffee'
ACTION QUERY 10000 8599 women on 20s results
ACTION SERP 10000 8604 EXAMINE_SERP
ACTION SNIPPET 10000 8607 SNIPPET_NOT_RELEVANT b'40d09de984dfe53e7a9254d922dadba5'
ACTION SNIPPET 10000 8610 SNIPPET_NOT_RELEVANT b'e03d3f24dc34205484f95cb4f7da1646'
ACTION SNIPPET 10000 8613 SNIPPET_NOT_RELEVANT b'abd5561f0973059cab01f1cd0ce84c41'
ACTION SNIPPET 10000 8616 SNIPPET_RELEVANT b'ec95542768af74a9ebddbc117f440aaa'
ACTION DOC 10000 8636 EXAMINING_DOCUMENT b'ec95542768af74a9ebddbc117f440aaa'
ACTION SNIPPET 10000 8639 SNIPPET_NOT_RELEVANT b'4dda1be7c3a6fc85aa1413331f34d6dc'
ACTION SNIPPET 10000 8642 SNIPPET_NOT_RELEVANT b'6f9e41122d151c48d11dba10e8bf327d'
ACTION SNIPPET 10000 8645 SEEN_PREVIOUSLY b'ce064fb22c58913f046a9acc6d64810e'
ACTION SNIPPET 10000 8648 SNIPPET_RELEVANT b'c052272cde0bbb7ccfd7185946f144fb'
ACTION DOC 10000 8668 EXAMINING_DOCUMENT b'c052272cde0bbb7ccfd7185946f144fb'
ACTION SNIPPET 10000 8671 SNIPPET_RELEVANT b'aec7317501624c058f3bf2ce47f3d44c'
ACTION DOC 10000 8691 EXAMINING_DOCUMENT b'aec7317501624c058f3bf2ce47f3d44c'
ACTION SNIPPET 10000 8694 SNIPPET_RELEVANT b'edad34516adce4118d1331215f59e625'
ACTION DOC 10000 8714 EXAMINING_DOCUMENT b'edad34516adce4118d1331215f59e625'
ACTION QUERY 10000 8724 women on 20s extending
ACTION SERP 10000 8729 EXAMINE_SERP
ACTION SNIPPET 10000 8732 SNIPPET_NOT_RELEVANT b'9122b981565f7a9cdf858d33361c138a'
ACTION SNIPPET 10000 8735 SNIPPET_RELEVANT b'5f0f25de-d68d-11e1-b2d5-2419d227d8b0'
ACTION DOC 10000 8755 EXAMINING_DOCUMENT b'5f0f25de-d68d-11e1-b2d5-2419d227d8b0'
ACTION SNIPPET 10000 8758 SNIPPET_NOT_RELEVANT b'7e5ac710-a7cc-11e3-8d62-419db477a0e6'
ACTION SNIPPET 10000 8761 SNIPPET_NOT_RELEVANT b'19d6954e-e405-11e1-a25e-15067bb31849'
ACTION SNIPPET 10000 8764 SNIPPET_NOT_RELEVANT b'000b4674-4a90-11e5-8ab4-c73967a143d3'
ACTION SNIPPET 10000 8767 SNIPPET_NOT_RELEVANT b'5de76a02c3222586a0950e649abef8fc'
ACTION SNIPPET 10000 8770 SNIPPET_RELEVANT b'a354603e-a5a2-11e3-84d4-e59b1709222c'
ACTION DOC 10000 8790 EXAMINING_DOCUMENT b'a354603e-a5a2-11e3-84d4-e59b1709222c'
ACTION SNIPPET 10000 8793 SNIPPET_RELEVANT b'75ca6400-1977-11e2-aa6f-3b636fecb829'
ACTION DOC 10000 8813 EXAMINING_DOCUMENT b'75ca6400-1977-11e2-aa6f-3b636fecb829'
ACTION SNIPPET 10000 8816 SNIPPET_NOT_RELEVANT b'fcd5e6c4-15af-11e3-be6e-dc6ae8a5b3a8'
ACTION SNIPPET 10000 8819 SNIPPET_NOT_RELEVANT b'761bdc313bcdf2795d071424caef3e90'
ACTION QUERY 10000 8829 women on 20s spurs
ACTION SERP 10000 8834 EXAMINE_SERP
ACTION SNIPPET 10000 8837 SEEN_PREVIOUSLY b'9055974f821edfd516c0b6992e70d078'
ACTION SNIPPET 10000 8840 SNIPPET_RELEVANT b'7fbdca0c-2ff3-11e5-8353-1215475949f4'
ACTION DOC 10000 8860 EXAMINING_DOCUMENT b'7fbdca0c-2ff3-11e5-8353-1215475949f4'
ACTION SNIPPET 10000 8863 SNIPPET_NOT_RELEVANT b'9eab2060b5227de47ad37af5b8cf60f3'
ACTION SNIPPET 10000 8866 SNIPPET_NOT_RELEVANT b'e0daa1c61c9c202f772c5683a9f2695f'
ACTION SNIPPET 10000 8869 SNIPPET_RELEVANT b'9093e50956844f9ffb6792acabe9728a'
ACTION DOC 10000 8889 EXAMINING_DOCUMENT b'9093e50956844f9ffb6792acabe9728a'
ACTION SNIPPET 10000 8892 SNIPPET_RELEVANT b'ee7148c676b8ad0b2d2a148a0f30488b'
ACTION DOC 10000 8912 EXAMINING_DOCUMENT b'ee7148c676b8ad0b2d2a148a0f30488b'
ACTION SNIPPET 10000 8915 SEEN_PREVIOUSLY b'ded25aaa-122c-11e6-8967-7ac733c56f12'
ACTION SNIPPET 10000 8918 SNIPPET_NOT_RELEVANT b'326bc0c79c91ad5868c117fce4322c85'
ACTION SNIPPET 10000 8921 SNIPPET_RELEVANT b'20e444c80c5a80c1faa25533d028e4c5'
ACTION DOC 10000 8941 EXAMINING_DOCUMENT b'20e444c80c5a80c1faa25533d028e4c5'
ACTION SNIPPET 10000 8944 SNIPPET_RELEVANT b'1f0a84cbda3e500bc20cd3bb50ce4564'
ACTION DOC 10000 8964 EXAMINING_DOCUMENT b'1f0a84cbda3e500bc20cd3bb50ce4564'
ACTION QUERY 10000 8974 women on 20s news
ACTION SERP 10000 8979 EXAMINE_SERP
ACTION SNIPPET 10000 8982 SEEN_PREVIOUSLY b'0a714c8b4ec3eb9a78b81a3aa6eb3d79'
ACTION SNIPPET 10000 8985 SEEN_PREVIOUSLY b'3f42f2d6717ed80f3603a7cdbe5b1332'
ACTION SNIPPET 10000 8988 SEEN_PREVIOUSLY b'bea76a36-fa54-11e4-a13c-193b1241d51a'
ACTION SNIPPET 10000 8991 SEEN_PREVIOUSLY b'3128fd11e0e327e93870c4a82c953c7a'
ACTION SNIPPET 10000 8994 SEEN_PREVIOUSLY b'7b60cd36bb1c08750ecf3e09f777f22e'
ACTION SNIPPET 10000 8997 SEEN_PREVIOUSLY b'b96e3e293e6540ace61ef1a711682399'
ACTION SNIPPET 10000 9000 SEEN_PREVIOUSLY b'bc93176416facf05be71cafe2fa96708'
ACTION SNIPPET 10000 9003 SEEN_PREVIOUSLY b'da6e2282fff6a9ebd5e0de604291264e'
ACTION SNIPPET 10000 9006 SNIPPET_NOT_RELEVANT b'9122b981565f7a9cdf858d33361c138a'
ACTION SNIPPET 10000 9009 SEEN_PREVIOUSLY b'9077df4912319f6b2504eed724a05a37'
ACTION QUERY 10000 9019 women on 20s chancellor
ACTION SERP 10000 9024 EXAMINE_SERP
ACTION SNIPPET 10000 9027 SNIPPET_RELEVANT b'3534c6f483ac12cc4b640c42102d5154'
ACTION DOC 10000 9047 EXAMINING_DOCUMENT b'3534c6f483ac12cc4b640c42102d5154'
ACTION SNIPPET 10000 9050 SNIPPET_NOT_RELEVANT b'9edafdb517b871cb5f38e6f29d90d665'
ACTION SNIPPET 10000 9053 SNIPPET_NOT_RELEVANT b'6663b708-128f-11e7-833c-503e1f6394c9'
ACTION SNIPPET 10000 9056 SNIPPET_NOT_RELEVANT b'50fac063ee7697580c1074a736a2ef4d'
ACTION SNIPPET 10000 9059 SNIPPET_RELEVANT b'd9e657e53e3ab9356bff329fa3ed0329'
ACTION DOC 10000 9079 EXAMINING_DOCUMENT b'd9e657e53e3ab9356bff329fa3ed0329'
ACTION SNIPPET 10000 9082 SNIPPET_NOT_RELEVANT b'85885352-94e5-11e4-aabd-d0b93ff613d5'
ACTION SNIPPET 10000 9085 SNIPPET_RELEVANT b'83db8574d152f1d33942cf4b9595262c'
ACTION DOC 10000 9105 EXAMINING_DOCUMENT b'83db8574d152f1d33942cf4b9595262c'
ACTION SNIPPET 10000 9108 SNIPPET_RELEVANT b'aac600499d16a510f654ab41ba1c9d42'
ACTION DOC 10000 9128 EXAMINING_DOCUMENT b'aac600499d16a510f654ab41ba1c9d42'
ACTION SNIPPET 10000 9131 SNIPPET_RELEVANT b'60f90f2b3c5dd9d39274c1070b26f82b'
ACTION DOC 10000 9151 EXAMINING_DOCUMENT b'60f90f2b3c5dd9d39274c1070b26f82b'
ACTION SNIPPET 10000 9154 SNIPPET_RELEVANT b'a2d96e5ae27135263b8cfec8373272d2'
ACTION DOC 10000 9174 EXAMINING_DOCUMENT b'a2d96e5ae27135263b8cfec8373272d2'
ACTION QUERY 10000 9184 women on 20s flying
ACTION SERP 10000 9189 EXAMINE_SERP
ACTION SNIPPET 10000 9192 SNIPPET_NOT_RELEVANT b'4992dbd8cb72e07905ff5532b3b32fa3'
ACTION SNIPPET 10000 9195 SNIPPET_NOT_RELEVANT b'72eb77ca-7534-11e6-8149-b8d05321db62'
ACTION SNIPPET 10000 9198 SNIPPET_RELEVANT b'a462be04-d2a2-11e2-9f1a-1a7cdee20287'
ACTION DOC 10000 9218 EXAMINING_DOCUMENT b'a462be04-d2a2-11e2-9f1a-1a7cdee20287'
ACTION SNIPPET 10000 9221 SEEN_PREVIOUSLY b'9f09e866617c4fe175e5ac9c0eda14e6'
ACTION SNIPPET 10000 9224 SNIPPET_RELEVANT b'2b33543a-4984-11e4-a046-120a8a855cca'
ACTION DOC 10000 9244 EXAMINING_DOCUMENT b'2b33543a-4984-11e4-a046-120a8a855cca'
ACTION SNIPPET 10000 9247 SNIPPET_NOT_RELEVANT b'23fb65f8-29ce-11e3-b139-029811dbb57f'
ACTION SNIPPET 10000 9250 SEEN_PREVIOUSLY b'26673c3b077cdc9e190cd66a49f7937e'
ACTION SNIPPET 10000 9253 SNIPPET_RELEVANT b'bc36cfee7b9909e5678ab827f306402b'
ACTION DOC 10000 9273 EXAMINING_DOCUMENT b'bc36cfee7b9909e5678ab827f306402b'
ACTION SNIPPET 10000 9276 SNIPPET_RELEVANT b'bbb9313bf14e5b5979ea50051d45f3d4'
ACTION DOC 10000 9296 EXAMINING_DOCUMENT b'bbb9313bf14e5b5979ea50051d45f3d4'
ACTION SNIPPET 10000 9299 SNIPPET_RELEVANT b'c802303c-9b20-11e3-ad71-e03637a299c0'
ACTION DOC 10000 9319 EXAMINING_DOCUMENT b'c802303c-9b20-11e3-ad71-e03637a299c0'
ACTION QUERY 10000 9329 women on 20s rouseys
ACTION SERP 10000 9334 EXAMINE_SERP
ACTION SNIPPET 10000 9337 SEEN_PREVIOUSLY b'aa29644058a7f2625f23939a9b03ffee'
ACTION SNIPPET 10000 9340 SNIPPET_NOT_RELEVANT b'cefd180f311039dbf0d014afe8d0ecf6'
ACTION SNIPPET 10000 9343 SNIPPET_RELEVANT b'e406fd87adaa344fa3830b257e3570b9'
ACTION DOC 10000 9363 EXAMINING_DOCUMENT b'e406fd87adaa344fa3830b257e3570b9'
ACTION SNIPPET 10000 9366 SNIPPET_NOT_RELEVANT b'815c5e20887b576f3439e708e3357146'
ACTION SNIPPET 10000 9369 SNIPPET_RELEVANT b'a1f68f9160578a042d62cb10b0db9c6c'
ACTION DOC 10000 9389 EXAMINING_DOCUMENT b'a1f68f9160578a042d62cb10b0db9c6c'
ACTION SNIPPET 10000 9392 SNIPPET_RELEVANT b'0c264b7dc6e03d83acff8b8b557c050d'
ACTION DOC 10000 9412 EXAMINING_DOCUMENT b'0c264b7dc6e03d83acff8b8b557c050d'
ACTION SNIPPET 10000 9415 SNIPPET_NOT_RELEVANT b'59c0f110-424c-11e5-8e7d-9c033e6745d8'
ACTION SNIPPET 10000 9418 SNIPPET_NOT_RELEVANT b'6cc9fdd029963f29738d058067dd3a02'
ACTION SNIPPET 10000 9421 SNIPPET_NOT_RELEVANT b'64a69a32-bcf8-11e4-9dfb-03366e719af8'
ACTION SNIPPET 10000 9424 SNIPPET_NOT_RELEVANT b'efe0f71977fc6ad43b7384b18e69cfde'
ACTION QUERY 10000 9434 women on 20s threw
ACTION SERP 10000 9439 EXAMINE_SERP
ACTION SNIPPET 10000 9442 SNIPPET_RELEVANT b'2ee3ae60-42f1-11e5-846d-02792f854297'
ACTION DOC 10000 9462 EXAMINING_DOCUMENT b'2ee3ae60-42f1-11e5-846d-02792f854297'
ACTION SNIPPET 10000 9465 SNIPPET_NOT_RELEVANT b'd7fcc2c98a3f89c52cf3c41acc5ae91b'
ACTION SNIPPET 10000 9468 SNIPPET_NOT_RELEVANT b'8bb2d7a2-33af-11e5-8e66-07b4603ec92a'
ACTION SNIPPET 10000 9471 SNIPPET_RELEVANT b'35a2265930a38074a7f24799f9f6cfc9'
ACTION DOC 10000 9491 EXAMINING_DOCUMENT b'35a2265930a38074a7f24799f9f6cfc9'
ACTION SNIPPET 10000 9494 SNIPPET_NOT_RELEVANT b'4cc3b047082bddc5531af3c48ea417bd'
ACTION SNIPPET 10000 9497 SNIPPET_NOT_RELEVANT b'81a2a43e-1b09-11e7-bcc2-7d1a0973e7b2'
ACTION SNIPPET 10000 9500 SNIPPET_RELEVANT b'46d4ae86-76d3-11e6-8149-b8d05321db62'
ACTION DOC 10000 9520 EXAMINING_DOCUMENT b'46d4ae86-76d3-11e6-8149-b8d05321db62'
ACTION SNIPPET 10000 9523 SNIPPET_RELEVANT b'e099e6ca-42a5-11e5-846d-02792f854297'
ACTION DOC 10000 9543 EXAMINING_DOCUMENT b'e099e6ca-42a5-11e5-846d-02792f854297'
ACTION SNIPPET 10000 9546 SNIPPET_RELEVANT b'10ed345adc496f13c741a902b6d1680e'
ACTION DOC 10000 9566 EXAMINING_DOCUMENT b'10ed345adc496f13c741a902b6d1680e'
ACTION SNIPPET 10000 9569 SNIPPET_RELEVANT b'8a6e122c-4528-11e6-88d0-6adee48be8bc'
ACTION DOC 10000 9589 EXAMINING_DOCUMENT b'8a6e122c-4528-11e6-88d0-6adee48be8bc'
ACTION QUERY 10000 9599 women on 20s suspects
ACTION SERP 10000 9604 EXAMINE_SERP
ACTION SNIPPET 10000 9607 SNIPPET_NOT_RELEVANT b'298adcaa-3acb-11e5-b3ac-8a79bc44e5e2'
ACTION SNIPPET 10000 9610 SNIPPET_NOT_RELEVANT b'343665ba-ca34-11e3-95f7-7ecdde72d2ea'
ACTION SNIPPET 10000 9613 SNIPPET_RELEVANT b'b070e582-9ba2-11e1-8a88-f12c82e705fd'
ACTION DOC 10000 9633 EXAMINING_DOCUMENT b'b070e582-9ba2-11e1-8a88-f12c82e705fd'
ACTION SNIPPET 10000 9636 SNIPPET_NOT_RELEVANT b'3d4caad6-d983-11e6-b8b2-cb5164beba6b'
ACTION SNIPPET 10000 9639 SNIPPET_NOT_RELEVANT b'a5c0b6c0-ca2c-11e3-a75e-463587891b57'
ACTION SNIPPET 10000 9642 SNIPPET_NOT_RELEVANT b'd2d72b7e-efe0-11e3-914c-1fbd0614e2d4'
ACTION SNIPPET 10000 9645 SNIPPET_NOT_RELEVANT b'f4a28f22-3e80-11e7-9869-bac8b446820a'
ACTION SNIPPET 10000 9648 SNIPPET_NOT_RELEVANT b'2d49a4851a1a45176c666fb618ea13d7'
ACTION SNIPPET 10000 9651 SEEN_PREVIOUSLY b'197c4d48-7183-11e3-8b3f-b1666705ca3b'
ACTION SNIPPET 10000 9654 SNIPPET_NOT_RELEVANT b'daa298ce-8ae5-11e5-be39-0034bb576eee'
ACTION QUERY 10000 9664 women on 20s stuck
ACTION SERP 10000 9669 EXAMINE_SERP
ACTION SNIPPET 10000 9672 SNIPPET_NOT_RELEVANT b'11ca4c85f1d5b0860c1fd2eae582036c'
ACTION SNIPPET 10000 9675 SNIPPET_NOT_RELEVANT b'5aaef7fc-341c-11e7-b4ee-434b6d506b37'
ACTION SNIPPET 10000 9678 SNIPPET_NOT_RELEVANT b'ce14df3bf0f2351b54e3d67406ce917a'
ACTION SNIPPET 10000 9681 SNIPPET_NOT_RELEVANT b'88f41b4215550e47862e2506fbd517ac'
ACTION SNIPPET 10000 9684 SNIPPET_NOT_RELEVANT b'7b2870d6adbbe65826858d5a1e0f6c21'
ACTION SNIPPET 10000 9687 SNIPPET_NOT_RELEVANT b'3e86630861dc5db4c09dd82a0d5dbea9'
ACTION SNIPPET 10000 9690 SNIPPET_NOT_RELEVANT b'bb1010bb8fe23f80d2d7c0dccc46533d'
ACTION SNIPPET 10000 9693 SNIPPET_RELEVANT b'b4ed5270e928e3b42bcd833d0a1665e0'
ACTION DOC 10000 9713 EXAMINING_DOCUMENT b'b4ed5270e928e3b42bcd833d0a1665e0'
ACTION SNIPPET 10000 9716 SNIPPET_NOT_RELEVANT b'69445ce34cb7b7604a7c03f5e5c0fc5d'
ACTION SNIPPET 10000 9719 SNIPPET_RELEVANT b'07f1c15a21cebaa6f2024acf25d35c7f'
ACTION DOC 10000 9739 EXAMINING_DOCUMENT b'07f1c15a21cebaa6f2024acf25d35c7f'
ACTION QUERY 10000 9749 women on 20s copper
ACTION SERP 10000 9754 EXAMINE_SERP
ACTION SNIPPET 10000 9757 SNIPPET_RELEVANT b'2d279c40-cd9d-11e4-a2a7-9517a3a70506'
ACTION DOC 10000 9777 EXAMINING_DOCUMENT b'2d279c40-cd9d-11e4-a2a7-9517a3a70506'
ACTION SNIPPET 10000 9780 SNIPPET_RELEVANT b'063f8d8c-409b-11e1-a19a-cfb2335d5efa'
ACTION DOC 10000 9800 EXAMINING_DOCUMENT b'063f8d8c-409b-11e1-a19a-cfb2335d5efa'
ACTION SNIPPET 10000 9803 SNIPPET_RELEVANT b'19251704-5beb-11e5-8e9e-dce8a2a2a679'
ACTION DOC 10000 9823 EXAMINING_DOCUMENT b'19251704-5beb-11e5-8e9e-dce8a2a2a679'
ACTION SNIPPET 10000 9826 SNIPPET_RELEVANT b'4c5d8710-a1fc-11e2-bd52-614156372695'
ACTION DOC 10000 9846 EXAMINING_DOCUMENT b'4c5d8710-a1fc-11e2-bd52-614156372695'
ACTION SNIPPET 10000 9849 SNIPPET_NOT_RELEVANT b'70185a14-c070-11e5-83d4-42e3bceea902'
ACTION SNIPPET 10000 9852 SNIPPET_NOT_RELEVANT b'ef230cb51a0f19dd4d9f7afcbc68afb1'
ACTION SNIPPET 10000 9855 SNIPPET_NOT_RELEVANT b'd9bd91fc2bbc2f618ab676bb20503761'
ACTION SNIPPET 10000 9858 SNIPPET_RELEVANT b'd0cdc17aaec865729ab395e55af24aed'
ACTION DOC 10000 9878 EXAMINING_DOCUMENT b'd0cdc17aaec865729ab395e55af24aed'
ACTION SNIPPET 10000 9881 SNIPPET_NOT_RELEVANT b'b01c6ceace87122fef5f5d5565b64b40'
ACTION SNIPPET 10000 9884 SNIPPET_RELEVANT b'10cda6a56f2513c3ef09ef263d98cd70'
ACTION DOC 10000 9904 EXAMINING_DOCUMENT b'10cda6a56f2513c3ef09ef263d98cd70'
ACTION QUERY 10000 9914 women on 20s southeastern
ACTION SERP 10000 9919 EXAMINE_SERP
ACTION SNIPPET 10000 9922 SNIPPET_NOT_RELEVANT b'0007b078-6997-11e1-8909-30a60fb501ed'
ACTION SNIPPET 10000 9925 SNIPPET_RELEVANT b'a80bee7c-7d0d-11e1-b953-d75e34ce3b94'
ACTION DOC 10000 9945 EXAMINING_DOCUMENT b'a80bee7c-7d0d-11e1-b953-d75e34ce3b94'
ACTION SNIPPET 10000 9948 SNIPPET_RELEVANT b'205f63d9b0ba6b98ec1b4c9b66012894'
ACTION DOC 10000 9968 EXAMINING_DOCUMENT b'205f63d9b0ba6b98ec1b4c9b66012894'
ACTION SNIPPET 10000 9971 SNIPPET_RELEVANT b'7896eff8-4d0a-11e1-bbc2-6eb685fc7f67'
ACTION DOC 10000 9991 EXAMINING_DOCUMENT b'7896eff8-4d0a-11e1-bbc2-6eb685fc7f67'
ACTION SNIPPET 10000 9994 SNIPPET_NOT_RELEVANT b'062ad49b3934bdbb6601f1fb34f30196'
ACTION SNIPPET 10000 9997 SNIPPET_RELEVANT b'95905ee490b8e2f27cd251811069c3bd'
ACTION DOC 10000 10017 EXAMINING_DOCUMENT b'95905ee490b8e2f27cd251811069c3bd'
INFO SUMMARY 
INFO TOTAL_QUERIES_ISSUED 82
INFO TOTAL_SNIPPETS_EXAMINED 816
INFO TOTAL_DOCUMENTS_EXAMINED 315
INFO TOTAL_DOCUMENTS_MARKED_RELEVANT 13
INFO TOTAL_ATTRACTIVE_SERP_IMPRESSIONS 82
INFO TOTAL_UNATTRACTIVE_SERP_IMPRESSIONS 0
