ACTION QUERY 10000 10 mercy killing
ACTION SERP 10000 15 EXAMINE_SERP
ACTION SNIPPET 10000 18 SNIPPET_NOT_RELEVANT b'5029e608b955d56e3efb167ebf2a516b'
ACTION SNIPPET 10000 21 SNIPPET_NOT_RELEVANT b'86dfd7666339d9192008119ec896a1ab'
ACTION SNIPPET 10000 24 SNIPPET_NOT_RELEVANT b'73619882c614a987f9b2057960b30867'
ACTION SNIPPET 10000 27 SNIPPET_NOT_RELEVANT b'0cee0a18378f52c102bb2ae24c3de75a'
ACTION SNIPPET 10000 30 SNIPPET_NOT_RELEVANT b'19f966b6-1a23-11e6-aa55-670cabef46e0'
ACTION SNIPPET 10000 33 SNIPPET_NOT_RELEVANT b'a25977984dc43a81a4fe0e05a8db287d'
ACTION SNIPPET 10000 36 SNIPPET_RELEVANT b'f1fdeace2fd2d134bc396da79d8b4278'
ACTION DOC 10000 56 EXAMINING_DOCUMENT b'f1fdeace2fd2d134bc396da79d8b4278'
ACTION MARK 10000 59 CONSIDERED_RELEVANT b'f1fdeace2fd2d134bc396da79d8b4278'
ACTION SNIPPET 10000 62 SNIPPET_NOT_RELEVANT b'30ce3bae124447f415898b4436ca904e'
ACTION SNIPPET 10000 65 SNIPPET_NOT_RELEVANT b'52a93cc17548cd68b96ecbd1891d204a'
ACTION SNIPPET 10000 68 SNIPPET_NOT_RELEVANT b'70e1545dec7e946173c07bbb1ac1d88c'
INFO OUT_OF_QUERIES 
INFO SUMMARY 
INFO TOTAL_QUERIES_ISSUED 1
INFO TOTAL_SNIPPETS_EXAMINED 10
INFO TOTAL_DOCUMENTS_EXAMINED 1
INFO TOTAL_DOCUMENTS_MARKED_RELEVANT 1
INFO TOTAL_ATTRACTIVE_SERP_IMPRESSIONS 1
INFO TOTAL_UNATTRACTIVE_SERP_IMPRESSIONS 0
