ACTION QUERY 10000 10 journalist risks
ACTION SERP 10000 15 EXAMINE_SERP
ACTION SNIPPET 10000 18 SNIPPET_RELEVANT b'1369972'
ACTION DOC 10000 38 EXAMINING_DOCUMENT b'1369972'
ACTION MARK 10000 41 CONSIDERED_RELEVANT b'1369972'
ACTION SNIPPET 10000 44 SNIPPET_RELEVANT b'735868'
ACTION DOC 10000 64 EXAMINING_DOCUMENT b'735868'
ACTION MARK 10000 67 CONSIDERED_RELEVANT b'735868'
ACTION SNIPPET 10000 70 SNIPPET_RELEVANT b'344024'
ACTION DOC 10000 90 EXAMINING_DOCUMENT b'344024'
ACTION MARK 10000 93 CONSIDERED_RELEVANT b'344024'
ACTION SNIPPET 10000 96 SNIPPET_RELEVANT b'728912'
ACTION DOC 10000 116 EXAMINING_DOCUMENT b'728912'
ACTION MARK 10000 119 CONSIDERED_RELEVANT b'728912'
ACTION SNIPPET 10000 122 SNIPPET_RELEVANT b'1344903'
ACTION DOC 10000 142 EXAMINING_DOCUMENT b'1344903'
ACTION MARK 10000 145 CONSIDERED_RELEVANT b'1344903'
ACTION SNIPPET 10000 148 SNIPPET_RELEVANT b'1547678'
ACTION DOC 10000 168 EXAMINING_DOCUMENT b'1547678'
ACTION MARK 10000 171 CONSIDERED_RELEVANT b'1547678'
ACTION SNIPPET 10000 174 SNIPPET_NOT_RELEVANT b'796596'
ACTION SNIPPET 10000 177 SNIPPET_RELEVANT b'796745'
ACTION DOC 10000 197 EXAMINING_DOCUMENT b'796745'
ACTION SNIPPET 10000 200 SNIPPET_RELEVANT b'1605593'
ACTION DOC 10000 220 EXAMINING_DOCUMENT b'1605593'
ACTION SNIPPET 10000 223 SNIPPET_RELEVANT b'1477141'
ACTION DOC 10000 243 EXAMINING_DOCUMENT b'1477141'
ACTION MARK 10000 246 CONSIDERED_RELEVANT b'1477141'
ACTION QUERY 10000 256 journalist risks terrorist
ACTION SERP 10000 261 EXAMINE_SERP
ACTION SNIPPET 10000 264 SNIPPET_RELEVANT b'474938'
ACTION DOC 10000 284 EXAMINING_DOCUMENT b'474938'
ACTION SNIPPET 10000 287 SNIPPET_RELEVANT b'1671616'
ACTION DOC 10000 307 EXAMINING_DOCUMENT b'1671616'
ACTION SNIPPET 10000 310 SNIPPET_RELEVANT b'1364005'
ACTION DOC 10000 330 EXAMINING_DOCUMENT b'1364005'
ACTION MARK 10000 333 CONSIDERED_RELEVANT b'1364005'
ACTION SNIPPET 10000 336 SNIPPET_NOT_RELEVANT b'1337115'
ACTION SNIPPET 10000 339 SNIPPET_NOT_RELEVANT b'1474636'
ACTION SNIPPET 10000 342 SNIPPET_RELEVANT b'1474318'
ACTION DOC 10000 362 EXAMINING_DOCUMENT b'1474318'
ACTION SNIPPET 10000 365 SNIPPET_RELEVANT b'900321'
ACTION DOC 10000 385 EXAMINING_DOCUMENT b'900321'
ACTION MARK 10000 388 CONSIDERED_RELEVANT b'900321'
ACTION SNIPPET 10000 391 SNIPPET_NOT_RELEVANT b'525483'
ACTION SNIPPET 10000 394 SNIPPET_NOT_RELEVANT b'1788545'
ACTION SNIPPET 10000 397 SNIPPET_NOT_RELEVANT b'1401994'
ACTION QUERY 10000 407 journalist risks globally
ACTION SERP 10000 412 EXAMINE_SERP
ACTION SNIPPET 10000 415 SNIPPET_RELEVANT b'1831146'
ACTION DOC 10000 435 EXAMINING_DOCUMENT b'1831146'
ACTION MARK 10000 438 CONSIDERED_RELEVANT b'1831146'
ACTION SNIPPET 10000 441 SNIPPET_NOT_RELEVANT b'871459'
ACTION SNIPPET 10000 444 SNIPPET_RELEVANT b'747931'
ACTION DOC 10000 464 EXAMINING_DOCUMENT b'747931'
ACTION SNIPPET 10000 467 SNIPPET_NOT_RELEVANT b'908561'
ACTION SNIPPET 10000 470 SNIPPET_RELEVANT b'706812'
ACTION DOC 10000 490 EXAMINING_DOCUMENT b'706812'
ACTION SNIPPET 10000 493 SNIPPET_RELEVANT b'1331960'
ACTION DOC 10000 513 EXAMINING_DOCUMENT b'1331960'
ACTION SNIPPET 10000 516 SNIPPET_RELEVANT b'1420002'
ACTION DOC 10000 536 EXAMINING_DOCUMENT b'1420002'
ACTION SNIPPET 10000 539 SNIPPET_NOT_RELEVANT b'432608'
ACTION SNIPPET 10000 542 SNIPPET_RELEVANT b'312306'
ACTION DOC 10000 562 EXAMINING_DOCUMENT b'312306'
ACTION SNIPPET 10000 565 SNIPPET_NOT_RELEVANT b'492700'
ACTION QUERY 10000 575 journalist risks bottle
ACTION SERP 10000 580 EXAMINE_SERP
ACTION SNIPPET 10000 583 SNIPPET_RELEVANT b'104612'
ACTION DOC 10000 603 EXAMINING_DOCUMENT b'104612'
ACTION SNIPPET 10000 606 SNIPPET_NOT_RELEVANT b'325590'
ACTION SNIPPET 10000 609 SNIPPET_NOT_RELEVANT b'1098310'
ACTION SNIPPET 10000 612 SNIPPET_NOT_RELEVANT b'873979'
ACTION SNIPPET 10000 615 SNIPPET_RELEVANT b'325588'
ACTION DOC 10000 635 EXAMINING_DOCUMENT b'325588'
ACTION SNIPPET 10000 638 SNIPPET_RELEVANT b'214890'
ACTION DOC 10000 658 EXAMINING_DOCUMENT b'214890'
ACTION SNIPPET 10000 661 SNIPPET_NOT_RELEVANT b'173811'
ACTION SNIPPET 10000 664 SNIPPET_NOT_RELEVANT b'1098711'
ACTION SNIPPET 10000 667 SNIPPET_NOT_RELEVANT b'1567725'
ACTION SNIPPET 10000 670 SNIPPET_RELEVANT b'325151'
ACTION DOC 10000 690 EXAMINING_DOCUMENT b'325151'
ACTION QUERY 10000 700 journalist risks eggs
ACTION SERP 10000 705 EXAMINE_SERP
ACTION SNIPPET 10000 708 SNIPPET_NOT_RELEVANT b'796596'
ACTION SNIPPET 10000 711 SEEN_PREVIOUSLY b'796745'
ACTION SNIPPET 10000 714 SNIPPET_NOT_RELEVANT b'1847454'
ACTION SNIPPET 10000 717 SNIPPET_NOT_RELEVANT b'134247'
ACTION SNIPPET 10000 720 SNIPPET_RELEVANT b'960230'
ACTION DOC 10000 740 EXAMINING_DOCUMENT b'960230'
ACTION SNIPPET 10000 743 SNIPPET_RELEVANT b'364246'
ACTION DOC 10000 763 EXAMINING_DOCUMENT b'364246'
ACTION SNIPPET 10000 766 SNIPPET_NOT_RELEVANT b'1849224'
ACTION SNIPPET 10000 769 SNIPPET_RELEVANT b'679645'
ACTION DOC 10000 789 EXAMINING_DOCUMENT b'679645'
ACTION SNIPPET 10000 792 SNIPPET_NOT_RELEVANT b'736302'
ACTION SNIPPET 10000 795 SNIPPET_RELEVANT b'179891'
ACTION DOC 10000 815 EXAMINING_DOCUMENT b'179891'
ACTION QUERY 10000 825 journalist risks explosions
ACTION SERP 10000 830 EXAMINE_SERP
ACTION SNIPPET 10000 833 SEEN_PREVIOUSLY b'1474318'
ACTION SNIPPET 10000 836 SNIPPET_NOT_RELEVANT b'731558'
ACTION SNIPPET 10000 839 SNIPPET_NOT_RELEVANT b'1278452'
ACTION SNIPPET 10000 842 SEEN_PREVIOUSLY b'474938'
ACTION SNIPPET 10000 845 SNIPPET_RELEVANT b'1765476'
ACTION DOC 10000 865 EXAMINING_DOCUMENT b'1765476'
ACTION MARK 10000 868 CONSIDERED_RELEVANT b'1765476'
ACTION SNIPPET 10000 871 SNIPPET_RELEVANT b'356062'
ACTION DOC 10000 891 EXAMINING_DOCUMENT b'356062'
ACTION SNIPPET 10000 894 SNIPPET_RELEVANT b'1292422'
ACTION DOC 10000 914 EXAMINING_DOCUMENT b'1292422'
ACTION SNIPPET 10000 917 SNIPPET_NOT_RELEVANT b'819885'
ACTION SNIPPET 10000 920 SNIPPET_NOT_RELEVANT b'1163373'
ACTION SNIPPET 10000 923 SEEN_PREVIOUSLY b'679645'
ACTION QUERY 10000 933 journalist risks lanka
ACTION SERP 10000 938 EXAMINE_SERP
ACTION SNIPPET 10000 941 SNIPPET_NOT_RELEVANT b'64476'
ACTION SNIPPET 10000 944 SNIPPET_NOT_RELEVANT b'1127073'
ACTION SNIPPET 10000 947 SNIPPET_RELEVANT b'106275'
ACTION DOC 10000 967 EXAMINING_DOCUMENT b'106275'
ACTION SNIPPET 10000 970 SNIPPET_RELEVANT b'138729'
ACTION DOC 10000 990 EXAMINING_DOCUMENT b'138729'
ACTION SNIPPET 10000 993 SNIPPET_NOT_RELEVANT b'85670'
ACTION SNIPPET 10000 996 SNIPPET_RELEVANT b'1198614'
ACTION DOC 10000 1016 EXAMINING_DOCUMENT b'1198614'
ACTION SNIPPET 10000 1019 SNIPPET_NOT_RELEVANT b'280791'
ACTION SNIPPET 10000 1022 SNIPPET_RELEVANT b'311183'
ACTION DOC 10000 1042 EXAMINING_DOCUMENT b'311183'
ACTION SNIPPET 10000 1045 SNIPPET_NOT_RELEVANT b'1335422'
ACTION SNIPPET 10000 1048 SNIPPET_NOT_RELEVANT b'54895'
ACTION QUERY 10000 1058 journalist risks freddie
ACTION SERP 10000 1063 EXAMINE_SERP
ACTION SNIPPET 10000 1066 SNIPPET_NOT_RELEVANT b'604611'
ACTION SNIPPET 10000 1069 SNIPPET_NOT_RELEVANT b'1661582'
ACTION SNIPPET 10000 1072 SNIPPET_NOT_RELEVANT b'1562676'
ACTION SNIPPET 10000 1075 SNIPPET_NOT_RELEVANT b'1387062'
ACTION SNIPPET 10000 1078 SNIPPET_RELEVANT b'1561701'
ACTION DOC 10000 1098 EXAMINING_DOCUMENT b'1561701'
ACTION SNIPPET 10000 1101 SNIPPET_NOT_RELEVANT b'1193642'
ACTION SNIPPET 10000 1104 SNIPPET_RELEVANT b'1686820'
ACTION DOC 10000 1124 EXAMINING_DOCUMENT b'1686820'
ACTION SNIPPET 10000 1127 SNIPPET_RELEVANT b'1706502'
ACTION DOC 10000 1147 EXAMINING_DOCUMENT b'1706502'
ACTION SNIPPET 10000 1150 SNIPPET_RELEVANT b'1832207'
ACTION DOC 10000 1170 EXAMINING_DOCUMENT b'1832207'
ACTION SNIPPET 10000 1173 SNIPPET_RELEVANT b'1385928'
ACTION DOC 10000 1193 EXAMINING_DOCUMENT b'1385928'
ACTION QUERY 10000 1203 journalist risks bring
ACTION SERP 10000 1208 EXAMINE_SERP
ACTION SNIPPET 10000 1211 SNIPPET_RELEVANT b'796596'
ACTION DOC 10000 1231 EXAMINING_DOCUMENT b'796596'
ACTION SNIPPET 10000 1234 SEEN_PREVIOUSLY b'796745'
ACTION SNIPPET 10000 1237 SEEN_PREVIOUSLY b'1671616'
ACTION SNIPPET 10000 1240 SNIPPET_RELEVANT b'1738061'
ACTION DOC 10000 1260 EXAMINING_DOCUMENT b'1738061'
ACTION MARK 10000 1263 CONSIDERED_RELEVANT b'1738061'
ACTION SNIPPET 10000 1266 SNIPPET_RELEVANT b'1031636'
ACTION DOC 10000 1286 EXAMINING_DOCUMENT b'1031636'
ACTION SNIPPET 10000 1289 SNIPPET_NOT_RELEVANT b'1287318'
ACTION SNIPPET 10000 1292 SNIPPET_RELEVANT b'954616'
ACTION DOC 10000 1312 EXAMINING_DOCUMENT b'954616'
ACTION SNIPPET 10000 1315 SNIPPET_NOT_RELEVANT b'654158'
ACTION SNIPPET 10000 1318 SNIPPET_NOT_RELEVANT b'306492'
ACTION SNIPPET 10000 1321 SNIPPET_RELEVANT b'508271'
ACTION DOC 10000 1341 EXAMINING_DOCUMENT b'508271'
ACTION QUERY 10000 1351 journalist risks reporter
ACTION SERP 10000 1356 EXAMINE_SERP
ACTION SNIPPET 10000 1359 SEEN_PREVIOUSLY b'796596'
ACTION SNIPPET 10000 1362 SEEN_PREVIOUSLY b'796745'
ACTION SNIPPET 10000 1365 SNIPPET_NOT_RELEVANT b'428795'
ACTION SNIPPET 10000 1368 SNIPPET_RELEVANT b'1369835'
ACTION DOC 10000 1388 EXAMINING_DOCUMENT b'1369835'
ACTION MARK 10000 1391 CONSIDERED_RELEVANT b'1369835'
ACTION SNIPPET 10000 1394 SNIPPET_RELEVANT b'751437'
ACTION DOC 10000 1414 EXAMINING_DOCUMENT b'751437'
ACTION SNIPPET 10000 1417 SNIPPET_NOT_RELEVANT b'1401994'
ACTION SNIPPET 10000 1420 SNIPPET_RELEVANT b'1467740'
ACTION DOC 10000 1440 EXAMINING_DOCUMENT b'1467740'
ACTION SNIPPET 10000 1443 SNIPPET_RELEVANT b'169335'
ACTION DOC 10000 1463 EXAMINING_DOCUMENT b'169335'
ACTION SNIPPET 10000 1466 SEEN_PREVIOUSLY b'1031636'
ACTION SNIPPET 10000 1469 SNIPPET_NOT_RELEVANT b'1026996'
ACTION QUERY 10000 1479 journalist risks encourage
ACTION SERP 10000 1484 EXAMINE_SERP
ACTION SNIPPET 10000 1487 SNIPPET_NOT_RELEVANT b'253661'
ACTION SNIPPET 10000 1490 SNIPPET_NOT_RELEVANT b'1636591'
ACTION SNIPPET 10000 1493 SNIPPET_NOT_RELEVANT b'1090225'
ACTION SNIPPET 10000 1496 SNIPPET_RELEVANT b'1298510'
ACTION DOC 10000 1516 EXAMINING_DOCUMENT b'1298510'
ACTION SNIPPET 10000 1519 SNIPPET_NOT_RELEVANT b'1026996'
ACTION SNIPPET 10000 1522 SEEN_PREVIOUSLY b'954616'
ACTION SNIPPET 10000 1525 SNIPPET_RELEVANT b'1436317'
ACTION DOC 10000 1545 EXAMINING_DOCUMENT b'1436317'
ACTION SNIPPET 10000 1548 SNIPPET_RELEVANT b'48637'
ACTION DOC 10000 1568 EXAMINING_DOCUMENT b'48637'
ACTION SNIPPET 10000 1571 SNIPPET_RELEVANT b'637674'
ACTION DOC 10000 1591 EXAMINING_DOCUMENT b'637674'
ACTION SNIPPET 10000 1594 SNIPPET_RELEVANT b'852011'
ACTION DOC 10000 1614 EXAMINING_DOCUMENT b'852011'
ACTION MARK 10000 1617 CONSIDERED_RELEVANT b'852011'
ACTION QUERY 10000 1627 journalist risks broadway
ACTION SERP 10000 1632 EXAMINE_SERP
ACTION SNIPPET 10000 1635 SEEN_PREVIOUSLY b'1298510'
ACTION SNIPPET 10000 1638 SNIPPET_NOT_RELEVANT b'727328'
ACTION SNIPPET 10000 1641 SNIPPET_NOT_RELEVANT b'679739'
ACTION SNIPPET 10000 1644 SNIPPET_NOT_RELEVANT b'644255'
ACTION SNIPPET 10000 1647 SNIPPET_NOT_RELEVANT b'1002784'
ACTION SNIPPET 10000 1650 SNIPPET_RELEVANT b'955652'
ACTION DOC 10000 1670 EXAMINING_DOCUMENT b'955652'
ACTION SNIPPET 10000 1673 SNIPPET_NOT_RELEVANT b'1039062'
ACTION SNIPPET 10000 1676 SNIPPET_RELEVANT b'647841'
ACTION DOC 10000 1696 EXAMINING_DOCUMENT b'647841'
ACTION SNIPPET 10000 1699 SNIPPET_RELEVANT b'1366032'
ACTION DOC 10000 1719 EXAMINING_DOCUMENT b'1366032'
ACTION SNIPPET 10000 1722 SNIPPET_NOT_RELEVANT b'38063'
ACTION QUERY 10000 1732 journalist risks story
ACTION SERP 10000 1737 EXAMINE_SERP
ACTION SNIPPET 10000 1740 SNIPPET_NOT_RELEVANT b'38006'
ACTION SNIPPET 10000 1743 SNIPPET_NOT_RELEVANT b'1693275'
ACTION SNIPPET 10000 1746 SNIPPET_NOT_RELEVANT b'1106613'
ACTION SNIPPET 10000 1749 SNIPPET_RELEVANT b'1517577'
ACTION DOC 10000 1769 EXAMINING_DOCUMENT b'1517577'
ACTION MARK 10000 1772 CONSIDERED_RELEVANT b'1517577'
ACTION SNIPPET 10000 1775 SNIPPET_NOT_RELEVANT b'1761447'
ACTION SNIPPET 10000 1778 SNIPPET_RELEVANT b'1743161'
ACTION DOC 10000 1798 EXAMINING_DOCUMENT b'1743161'
ACTION SNIPPET 10000 1801 SNIPPET_NOT_RELEVANT b'1223463'
ACTION SNIPPET 10000 1804 SNIPPET_RELEVANT b'1677481'
ACTION DOC 10000 1824 EXAMINING_DOCUMENT b'1677481'
ACTION SNIPPET 10000 1827 SEEN_PREVIOUSLY b'679645'
ACTION SNIPPET 10000 1830 SNIPPET_NOT_RELEVANT b'842009'
ACTION QUERY 10000 1840 journalist risks roses
ACTION SERP 10000 1845 EXAMINE_SERP
ACTION SNIPPET 10000 1848 SNIPPET_RELEVANT b'1106613'
ACTION DOC 10000 1868 EXAMINING_DOCUMENT b'1106613'
ACTION SNIPPET 10000 1871 SNIPPET_NOT_RELEVANT b'164416'
ACTION SNIPPET 10000 1874 SNIPPET_NOT_RELEVANT b'757746'
ACTION SNIPPET 10000 1877 SNIPPET_RELEVANT b'1473831'
ACTION DOC 10000 1897 EXAMINING_DOCUMENT b'1473831'
ACTION SNIPPET 10000 1900 SNIPPET_NOT_RELEVANT b'326181'
ACTION SNIPPET 10000 1903 SNIPPET_RELEVANT b'675792'
ACTION DOC 10000 1923 EXAMINING_DOCUMENT b'675792'
ACTION SNIPPET 10000 1926 SEEN_PREVIOUSLY b'796745'
ACTION SNIPPET 10000 1929 SEEN_PREVIOUSLY b'796596'
ACTION SNIPPET 10000 1932 SNIPPET_RELEVANT b'869378'
ACTION DOC 10000 1952 EXAMINING_DOCUMENT b'869378'
ACTION SNIPPET 10000 1955 SEEN_PREVIOUSLY b'1605593'
ACTION QUERY 10000 1965 journalist risks fell
ACTION SERP 10000 1970 EXAMINE_SERP
ACTION SNIPPET 10000 1973 SNIPPET_NOT_RELEVANT b'1475135'
ACTION SNIPPET 10000 1976 SNIPPET_NOT_RELEVANT b'959455'
ACTION SNIPPET 10000 1979 SNIPPET_RELEVANT b'1396626'
ACTION DOC 10000 1999 EXAMINING_DOCUMENT b'1396626'
ACTION MARK 10000 2002 CONSIDERED_RELEVANT b'1396626'
ACTION SNIPPET 10000 2005 SNIPPET_RELEVANT b'948407'
ACTION DOC 10000 2025 EXAMINING_DOCUMENT b'948407'
ACTION MARK 10000 2028 CONSIDERED_RELEVANT b'948407'
ACTION SNIPPET 10000 2031 SNIPPET_RELEVANT b'1606523'
ACTION DOC 10000 2051 EXAMINING_DOCUMENT b'1606523'
ACTION SNIPPET 10000 2054 SNIPPET_NOT_RELEVANT b'368410'
ACTION SNIPPET 10000 2057 SNIPPET_RELEVANT b'1334791'
ACTION DOC 10000 2077 EXAMINING_DOCUMENT b'1334791'
ACTION SNIPPET 10000 2080 SEEN_PREVIOUSLY b'796596'
ACTION SNIPPET 10000 2083 SEEN_PREVIOUSLY b'796745'
ACTION SNIPPET 10000 2086 SEEN_PREVIOUSLY b'1605593'
ACTION QUERY 10000 2096 journalist risks state
ACTION SERP 10000 2101 EXAMINE_SERP
ACTION SNIPPET 10000 2104 SEEN_PREVIOUSLY b'1605593'
ACTION SNIPPET 10000 2107 SNIPPET_NOT_RELEVANT b'67091'
ACTION SNIPPET 10000 2110 SEEN_PREVIOUSLY b'796596'
ACTION SNIPPET 10000 2113 SEEN_PREVIOUSLY b'796745'
ACTION SNIPPET 10000 2116 SNIPPET_RELEVANT b'1401994'
ACTION DOC 10000 2136 EXAMINING_DOCUMENT b'1401994'
ACTION SNIPPET 10000 2139 SNIPPET_RELEVANT b'1026996'
ACTION DOC 10000 2159 EXAMINING_DOCUMENT b'1026996'
ACTION SNIPPET 10000 2162 SNIPPET_NOT_RELEVANT b'1475135'
ACTION SNIPPET 10000 2165 SNIPPET_RELEVANT b'799037'
ACTION DOC 10000 2185 EXAMINING_DOCUMENT b'799037'
ACTION MARK 10000 2188 CONSIDERED_RELEVANT b'799037'
ACTION SNIPPET 10000 2191 SNIPPET_RELEVANT b'798857'
ACTION DOC 10000 2211 EXAMINING_DOCUMENT b'798857'
ACTION MARK 10000 2214 CONSIDERED_RELEVANT b'798857'
ACTION SNIPPET 10000 2217 SNIPPET_RELEVANT b'1544859'
ACTION DOC 10000 2237 EXAMINING_DOCUMENT b'1544859'
ACTION MARK 10000 2240 CONSIDERED_RELEVANT b'1544859'
ACTION QUERY 10000 2250 journalist risks meat
ACTION SERP 10000 2255 EXAMINE_SERP
ACTION SNIPPET 10000 2258 SNIPPET_NOT_RELEVANT b'717527'
ACTION SNIPPET 10000 2261 SNIPPET_RELEVANT b'283871'
ACTION DOC 10000 2281 EXAMINING_DOCUMENT b'283871'
ACTION SNIPPET 10000 2284 SNIPPET_RELEVANT b'1805120'
ACTION DOC 10000 2304 EXAMINING_DOCUMENT b'1805120'
ACTION SNIPPET 10000 2307 SNIPPET_NOT_RELEVANT b'877800'
ACTION SNIPPET 10000 2310 SNIPPET_RELEVANT b'409680'
ACTION DOC 10000 2330 EXAMINING_DOCUMENT b'409680'
ACTION SNIPPET 10000 2333 SNIPPET_NOT_RELEVANT b'408245'
ACTION SNIPPET 10000 2336 SNIPPET_NOT_RELEVANT b'713330'
ACTION SNIPPET 10000 2339 SNIPPET_NOT_RELEVANT b'749451'
ACTION SNIPPET 10000 2342 SNIPPET_NOT_RELEVANT b'847530'
ACTION SNIPPET 10000 2345 SNIPPET_NOT_RELEVANT b'701043'
ACTION QUERY 10000 2355 journalist risks lymph
ACTION SERP 10000 2360 EXAMINE_SERP
ACTION SNIPPET 10000 2363 SNIPPET_NOT_RELEVANT b'118231'
ACTION SNIPPET 10000 2366 SNIPPET_RELEVANT b'1561310'
ACTION DOC 10000 2386 EXAMINING_DOCUMENT b'1561310'
ACTION SNIPPET 10000 2389 SNIPPET_RELEVANT b'120306'
ACTION DOC 10000 2409 EXAMINING_DOCUMENT b'120306'
ACTION SNIPPET 10000 2412 SNIPPET_NOT_RELEVANT b'1101524'
ACTION SNIPPET 10000 2415 SNIPPET_NOT_RELEVANT b'573265'
ACTION SNIPPET 10000 2418 SNIPPET_RELEVANT b'573266'
ACTION DOC 10000 2438 EXAMINING_DOCUMENT b'573266'
ACTION SNIPPET 10000 2441 SNIPPET_RELEVANT b'523370'
ACTION DOC 10000 2461 EXAMINING_DOCUMENT b'523370'
ACTION SNIPPET 10000 2464 SNIPPET_RELEVANT b'1007965'
ACTION DOC 10000 2484 EXAMINING_DOCUMENT b'1007965'
ACTION SNIPPET 10000 2487 SNIPPET_RELEVANT b'1234642'
ACTION DOC 10000 2507 EXAMINING_DOCUMENT b'1234642'
ACTION SNIPPET 10000 2510 SNIPPET_NOT_RELEVANT b'678465'
ACTION QUERY 10000 2520 journalist risks detecting
ACTION SERP 10000 2525 EXAMINE_SERP
ACTION SNIPPET 10000 2528 SNIPPET_RELEVANT b'1126585'
ACTION DOC 10000 2548 EXAMINING_DOCUMENT b'1126585'
ACTION MARK 10000 2551 CONSIDERED_RELEVANT b'1126585'
ACTION SNIPPET 10000 2554 SNIPPET_RELEVANT b'304325'
ACTION DOC 10000 2574 EXAMINING_DOCUMENT b'304325'
ACTION SNIPPET 10000 2577 SNIPPET_RELEVANT b'1223463'
ACTION DOC 10000 2597 EXAMINING_DOCUMENT b'1223463'
ACTION SNIPPET 10000 2600 SNIPPET_NOT_RELEVANT b'514703'
ACTION SNIPPET 10000 2603 SNIPPET_NOT_RELEVANT b'29558'
ACTION SNIPPET 10000 2606 SNIPPET_RELEVANT b'1541510'
ACTION DOC 10000 2626 EXAMINING_DOCUMENT b'1541510'
ACTION SNIPPET 10000 2629 SNIPPET_NOT_RELEVANT b'1600574'
ACTION SNIPPET 10000 2632 SNIPPET_RELEVANT b'515881'
ACTION DOC 10000 2652 EXAMINING_DOCUMENT b'515881'
ACTION MARK 10000 2655 CONSIDERED_RELEVANT b'515881'
ACTION SNIPPET 10000 2658 SNIPPET_NOT_RELEVANT b'368410'
ACTION SNIPPET 10000 2661 SNIPPET_RELEVANT b'1185481'
ACTION DOC 10000 2681 EXAMINING_DOCUMENT b'1185481'
ACTION QUERY 10000 2691 journalist risks dioxin
ACTION SERP 10000 2696 EXAMINE_SERP
ACTION SNIPPET 10000 2699 SNIPPET_NOT_RELEVANT b'100357'
ACTION SNIPPET 10000 2702 SNIPPET_NOT_RELEVANT b'349411'
ACTION SNIPPET 10000 2705 SNIPPET_NOT_RELEVANT b'102769'
ACTION SNIPPET 10000 2708 SNIPPET_RELEVANT b'81094'
ACTION DOC 10000 2728 EXAMINING_DOCUMENT b'81094'
ACTION SNIPPET 10000 2731 SNIPPET_RELEVANT b'558913'
ACTION DOC 10000 2751 EXAMINING_DOCUMENT b'558913'
ACTION SNIPPET 10000 2754 SNIPPET_NOT_RELEVANT b'437792'
ACTION SNIPPET 10000 2757 SNIPPET_NOT_RELEVANT b'481121'
ACTION SNIPPET 10000 2760 SNIPPET_NOT_RELEVANT b'1200394'
ACTION SNIPPET 10000 2763 SNIPPET_NOT_RELEVANT b'280011'
ACTION SNIPPET 10000 2766 SNIPPET_NOT_RELEVANT b'712005'
ACTION QUERY 10000 2776 journalist risks rove
ACTION SERP 10000 2781 EXAMINE_SERP
ACTION SNIPPET 10000 2784 SNIPPET_NOT_RELEVANT b'1693275'
ACTION SNIPPET 10000 2787 SNIPPET_NOT_RELEVANT b'1721782'
ACTION SNIPPET 10000 2790 SNIPPET_NOT_RELEVANT b'1478250'
ACTION SNIPPET 10000 2793 SNIPPET_RELEVANT b'1711295'
ACTION DOC 10000 2813 EXAMINING_DOCUMENT b'1711295'
ACTION SNIPPET 10000 2816 SNIPPET_NOT_RELEVANT b'1688382'
ACTION SNIPPET 10000 2819 SNIPPET_NOT_RELEVANT b'1769233'
ACTION SNIPPET 10000 2822 SNIPPET_NOT_RELEVANT b'1688233'
ACTION SNIPPET 10000 2825 SNIPPET_RELEVANT b'1689519'
ACTION DOC 10000 2845 EXAMINING_DOCUMENT b'1689519'
ACTION SNIPPET 10000 2848 SNIPPET_NOT_RELEVANT b'1688075'
ACTION SNIPPET 10000 2851 SNIPPET_RELEVANT b'1686919'
ACTION DOC 10000 2871 EXAMINING_DOCUMENT b'1686919'
ACTION QUERY 10000 2881 journalist risks safe
ACTION SERP 10000 2886 EXAMINE_SERP
ACTION SNIPPET 10000 2889 SNIPPET_RELEVANT b'1473646'
ACTION DOC 10000 2909 EXAMINING_DOCUMENT b'1473646'
ACTION MARK 10000 2912 CONSIDERED_RELEVANT b'1473646'
ACTION SNIPPET 10000 2915 SNIPPET_RELEVANT b'1370863'
ACTION DOC 10000 2935 EXAMINING_DOCUMENT b'1370863'
ACTION MARK 10000 2938 CONSIDERED_RELEVANT b'1370863'
ACTION SNIPPET 10000 2941 SNIPPET_NOT_RELEVANT b'50415'
ACTION SNIPPET 10000 2944 SEEN_PREVIOUSLY b'1474318'
ACTION SNIPPET 10000 2947 SNIPPET_RELEVANT b'1631550'
ACTION DOC 10000 2967 EXAMINING_DOCUMENT b'1631550'
ACTION MARK 10000 2970 CONSIDERED_RELEVANT b'1631550'
ACTION SNIPPET 10000 2973 SNIPPET_NOT_RELEVANT b'1765646'
ACTION SNIPPET 10000 2976 SNIPPET_NOT_RELEVANT b'1299050'
ACTION SNIPPET 10000 2979 SEEN_PREVIOUSLY b'706812'
ACTION SNIPPET 10000 2982 SNIPPET_NOT_RELEVANT b'733708'
ACTION SNIPPET 10000 2985 SNIPPET_RELEVANT b'1370447'
ACTION DOC 10000 3005 EXAMINING_DOCUMENT b'1370447'
ACTION MARK 10000 3008 CONSIDERED_RELEVANT b'1370447'
ACTION QUERY 10000 3018 journalist risks name
ACTION SERP 10000 3023 EXAMINE_SERP
ACTION SNIPPET 10000 3026 SEEN_PREVIOUSLY b'169335'
ACTION SNIPPET 10000 3029 SNIPPET_NOT_RELEVANT b'257181'
ACTION SNIPPET 10000 3032 SEEN_PREVIOUSLY b'508271'
ACTION SNIPPET 10000 3035 SNIPPET_RELEVANT b'38006'
ACTION DOC 10000 3055 EXAMINING_DOCUMENT b'38006'
ACTION SNIPPET 10000 3058 SEEN_PREVIOUSLY b'1106613'
ACTION SNIPPET 10000 3061 SNIPPET_RELEVANT b'821207'
ACTION DOC 10000 3081 EXAMINING_DOCUMENT b'821207'
ACTION SNIPPET 10000 3084 SNIPPET_NOT_RELEVANT b'531718'
ACTION SNIPPET 10000 3087 SNIPPET_NOT_RELEVANT b'927963'
ACTION SNIPPET 10000 3090 SNIPPET_NOT_RELEVANT b'525483'
ACTION SNIPPET 10000 3093 SNIPPET_RELEVANT b'1610000'
ACTION DOC 10000 3113 EXAMINING_DOCUMENT b'1610000'
ACTION MARK 10000 3116 CONSIDERED_RELEVANT b'1610000'
ACTION QUERY 10000 3126 journalist risks location
ACTION SERP 10000 3131 EXAMINE_SERP
ACTION SNIPPET 10000 3134 SEEN_PREVIOUSLY b'304325'
ACTION SNIPPET 10000 3137 SNIPPET_NOT_RELEVANT b'1540599'
ACTION SNIPPET 10000 3140 SNIPPET_NOT_RELEVANT b'421634'
ACTION SNIPPET 10000 3143 SNIPPET_NOT_RELEVANT b'1449440'
ACTION SNIPPET 10000 3146 SNIPPET_RELEVANT b'264362'
ACTION DOC 10000 3166 EXAMINING_DOCUMENT b'264362'
ACTION SNIPPET 10000 3169 SNIPPET_NOT_RELEVANT b'1511666'
ACTION SNIPPET 10000 3172 SNIPPET_NOT_RELEVANT b'1828885'
ACTION SNIPPET 10000 3175 SNIPPET_NOT_RELEVANT b'1773729'
ACTION SNIPPET 10000 3178 SNIPPET_NOT_RELEVANT b'1210507'
ACTION SNIPPET 10000 3181 SNIPPET_RELEVANT b'1483680'
ACTION DOC 10000 3201 EXAMINING_DOCUMENT b'1483680'
ACTION MARK 10000 3204 CONSIDERED_RELEVANT b'1483680'
ACTION QUERY 10000 3214 journalist risks schemes
ACTION SERP 10000 3219 EXAMINE_SERP
ACTION SNIPPET 10000 3222 SNIPPET_NOT_RELEVANT b'1391291'
ACTION SNIPPET 10000 3225 SNIPPET_RELEVANT b'1278452'
ACTION DOC 10000 3245 EXAMINING_DOCUMENT b'1278452'
ACTION MARK 10000 3248 CONSIDERED_RELEVANT b'1278452'
ACTION SNIPPET 10000 3251 SNIPPET_NOT_RELEVANT b'1555966'
ACTION SNIPPET 10000 3254 SNIPPET_NOT_RELEVANT b'1776012'
ACTION SNIPPET 10000 3257 SNIPPET_NOT_RELEVANT b'309388'
ACTION SNIPPET 10000 3260 SNIPPET_NOT_RELEVANT b'1613322'
ACTION SNIPPET 10000 3263 SNIPPET_NOT_RELEVANT b'865646'
ACTION SNIPPET 10000 3266 SNIPPET_NOT_RELEVANT b'1683283'
ACTION SNIPPET 10000 3269 SNIPPET_NOT_RELEVANT b'598469'
ACTION SNIPPET 10000 3272 SNIPPET_NOT_RELEVANT b'220906'
ACTION QUERY 10000 3282 journalist risks fail
ACTION SERP 10000 3287 EXAMINE_SERP
ACTION SNIPPET 10000 3290 SNIPPET_RELEVANT b'1316689'
ACTION DOC 10000 3310 EXAMINING_DOCUMENT b'1316689'
ACTION MARK 10000 3313 CONSIDERED_RELEVANT b'1316689'
ACTION SNIPPET 10000 3316 SNIPPET_NOT_RELEVANT b'1816035'
ACTION SNIPPET 10000 3319 SNIPPET_RELEVANT b'373364'
ACTION DOC 10000 3339 EXAMINING_DOCUMENT b'373364'
ACTION SNIPPET 10000 3342 SNIPPET_NOT_RELEVANT b'965944'
ACTION SNIPPET 10000 3345 SEEN_PREVIOUSLY b'1031636'
ACTION SNIPPET 10000 3348 SNIPPET_RELEVANT b'1417307'
ACTION DOC 10000 3368 EXAMINING_DOCUMENT b'1417307'
ACTION SNIPPET 10000 3371 SNIPPET_NOT_RELEVANT b'552066'
ACTION SNIPPET 10000 3374 SNIPPET_NOT_RELEVANT b'757746'
ACTION SNIPPET 10000 3377 SEEN_PREVIOUSLY b'1334791'
ACTION SNIPPET 10000 3380 SNIPPET_RELEVANT b'871459'
ACTION DOC 10000 3400 EXAMINING_DOCUMENT b'871459'
ACTION QUERY 10000 3410 journalist risks enact
ACTION SERP 10000 3415 EXAMINE_SERP
ACTION SNIPPET 10000 3418 SNIPPET_RELEVANT b'1827782'
ACTION DOC 10000 3438 EXAMINING_DOCUMENT b'1827782'
ACTION SNIPPET 10000 3441 SNIPPET_NOT_RELEVANT b'1651918'
ACTION SNIPPET 10000 3444 SNIPPET_NOT_RELEVANT b'56084'
ACTION SNIPPET 10000 3447 SNIPPET_NOT_RELEVANT b'103697'
ACTION SNIPPET 10000 3450 SNIPPET_NOT_RELEVANT b'296397'
ACTION SNIPPET 10000 3453 SNIPPET_NOT_RELEVANT b'1489354'
ACTION SNIPPET 10000 3456 SNIPPET_NOT_RELEVANT b'101557'
ACTION SNIPPET 10000 3459 SNIPPET_NOT_RELEVANT b'1220992'
ACTION SNIPPET 10000 3462 SNIPPET_NOT_RELEVANT b'130789'
ACTION SNIPPET 10000 3465 SNIPPET_NOT_RELEVANT b'1655137'
ACTION QUERY 10000 3475 journalist risks observes
ACTION SERP 10000 3480 EXAMINE_SERP
ACTION SNIPPET 10000 3483 SNIPPET_NOT_RELEVANT b'786404'
ACTION SNIPPET 10000 3486 SEEN_PREVIOUSLY b'796596'
ACTION SNIPPET 10000 3489 SEEN_PREVIOUSLY b'796745'
ACTION SNIPPET 10000 3492 SNIPPET_RELEVANT b'1452075'
ACTION DOC 10000 3512 EXAMINING_DOCUMENT b'1452075'
ACTION MARK 10000 3515 CONSIDERED_RELEVANT b'1452075'
ACTION SNIPPET 10000 3518 SEEN_PREVIOUSLY b'1401994'
ACTION SNIPPET 10000 3521 SNIPPET_NOT_RELEVANT b'1253807'
ACTION SNIPPET 10000 3524 SNIPPET_NOT_RELEVANT b'1751929'
ACTION SNIPPET 10000 3527 SNIPPET_RELEVANT b'1363634'
ACTION DOC 10000 3547 EXAMINING_DOCUMENT b'1363634'
ACTION SNIPPET 10000 3550 SNIPPET_RELEVANT b'1847344'
ACTION DOC 10000 3570 EXAMINING_DOCUMENT b'1847344'
ACTION SNIPPET 10000 3573 SNIPPET_NOT_RELEVANT b'271183'
ACTION QUERY 10000 3583 journalist risks leave
ACTION SERP 10000 3588 EXAMINE_SERP
ACTION SNIPPET 10000 3591 SNIPPET_NOT_RELEVANT b'253661'
ACTION SNIPPET 10000 3594 SEEN_PREVIOUSLY b'1026996'
ACTION SNIPPET 10000 3597 SEEN_PREVIOUSLY b'706812'
ACTION SNIPPET 10000 3600 SEEN_PREVIOUSLY b'304325'
ACTION SNIPPET 10000 3603 SNIPPET_RELEVANT b'252995'
ACTION DOC 10000 3623 EXAMINING_DOCUMENT b'252995'
ACTION MARK 10000 3626 CONSIDERED_RELEVANT b'252995'
ACTION SNIPPET 10000 3629 SNIPPET_NOT_RELEVANT b'927963'
ACTION SNIPPET 10000 3632 SEEN_PREVIOUSLY b'1417307'
ACTION SNIPPET 10000 3635 SEEN_PREVIOUSLY b'1334791'
ACTION SNIPPET 10000 3638 SNIPPET_RELEVANT b'1096101'
ACTION DOC 10000 3658 EXAMINING_DOCUMENT b'1096101'
ACTION MARK 10000 3661 CONSIDERED_RELEVANT b'1096101'
ACTION SNIPPET 10000 3664 SEEN_PREVIOUSLY b'796596'
ACTION QUERY 10000 3674 journalist risks ethnicity
ACTION SERP 10000 3679 EXAMINE_SERP
ACTION SNIPPET 10000 3682 SNIPPET_RELEVANT b'1497400'
ACTION DOC 10000 3702 EXAMINING_DOCUMENT b'1497400'
ACTION MARK 10000 3705 CONSIDERED_RELEVANT b'1497400'
ACTION SNIPPET 10000 3708 SNIPPET_RELEVANT b'732229'
ACTION DOC 10000 3728 EXAMINING_DOCUMENT b'732229'
ACTION SNIPPET 10000 3731 SNIPPET_NOT_RELEVANT b'1602778'
ACTION SNIPPET 10000 3734 SEEN_PREVIOUSLY b'1401994'
ACTION SNIPPET 10000 3737 SNIPPET_NOT_RELEVANT b'1114518'
ACTION SNIPPET 10000 3740 SNIPPET_NOT_RELEVANT b'896299'
ACTION SNIPPET 10000 3743 SNIPPET_NOT_RELEVANT b'1099433'
ACTION SNIPPET 10000 3746 SNIPPET_NOT_RELEVANT b'1095303'
ACTION SNIPPET 10000 3749 SNIPPET_RELEVANT b'728599'
ACTION DOC 10000 3769 EXAMINING_DOCUMENT b'728599'
ACTION MARK 10000 3772 CONSIDERED_RELEVANT b'728599'
ACTION SNIPPET 10000 3775 SNIPPET_RELEVANT b'1127073'
ACTION DOC 10000 3795 EXAMINING_DOCUMENT b'1127073'
ACTION QUERY 10000 3805 journalist risks versailles
ACTION SERP 10000 3810 EXAMINE_SERP
ACTION SNIPPET 10000 3813 SNIPPET_RELEVANT b'262286'
ACTION DOC 10000 3833 EXAMINING_DOCUMENT b'262286'
ACTION SNIPPET 10000 3836 SNIPPET_NOT_RELEVANT b'675650'
ACTION SNIPPET 10000 3839 SNIPPET_NOT_RELEVANT b'1114518'
ACTION SNIPPET 10000 3842 SNIPPET_RELEVANT b'1637416'
ACTION DOC 10000 3862 EXAMINING_DOCUMENT b'1637416'
ACTION SNIPPET 10000 3865 SNIPPET_RELEVANT b'1407478'
ACTION DOC 10000 3885 EXAMINING_DOCUMENT b'1407478'
ACTION SNIPPET 10000 3888 SNIPPET_NOT_RELEVANT b'610766'
ACTION SNIPPET 10000 3891 SNIPPET_RELEVANT b'242854'
ACTION DOC 10000 3911 EXAMINING_DOCUMENT b'242854'
ACTION SNIPPET 10000 3914 SNIPPET_RELEVANT b'1169693'
ACTION DOC 10000 3934 EXAMINING_DOCUMENT b'1169693'
ACTION SNIPPET 10000 3937 SNIPPET_RELEVANT b'1005579'
ACTION DOC 10000 3957 EXAMINING_DOCUMENT b'1005579'
ACTION SNIPPET 10000 3960 SNIPPET_RELEVANT b'1468909'
ACTION DOC 10000 3980 EXAMINING_DOCUMENT b'1468909'
ACTION QUERY 10000 3990 journalist risks restored
ACTION SERP 10000 3995 EXAMINE_SERP
ACTION SNIPPET 10000 3998 SNIPPET_RELEVANT b'93708'
ACTION DOC 10000 4018 EXAMINING_DOCUMENT b'93708'
ACTION SNIPPET 10000 4021 SNIPPET_RELEVANT b'1664894'
ACTION DOC 10000 4041 EXAMINING_DOCUMENT b'1664894'
ACTION SNIPPET 10000 4044 SNIPPET_NOT_RELEVANT b'49059'
ACTION SNIPPET 10000 4047 SNIPPET_NOT_RELEVANT b'1312031'
ACTION SNIPPET 10000 4050 SNIPPET_RELEVANT b'623536'
ACTION DOC 10000 4070 EXAMINING_DOCUMENT b'623536'
ACTION SNIPPET 10000 4073 SNIPPET_RELEVANT b'538867'
ACTION DOC 10000 4093 EXAMINING_DOCUMENT b'538867'
ACTION SNIPPET 10000 4096 SNIPPET_NOT_RELEVANT b'660809'
ACTION SNIPPET 10000 4099 SNIPPET_RELEVANT b'1546180'
ACTION DOC 10000 4119 EXAMINING_DOCUMENT b'1546180'
ACTION SNIPPET 10000 4122 SNIPPET_RELEVANT b'164886'
ACTION DOC 10000 4142 EXAMINING_DOCUMENT b'164886'
ACTION SNIPPET 10000 4145 SNIPPET_NOT_RELEVANT b'619046'
ACTION QUERY 10000 4155 journalist risks extreme
ACTION SERP 10000 4160 EXAMINE_SERP
ACTION SNIPPET 10000 4163 SNIPPET_RELEVANT b'1543064'
ACTION DOC 10000 4183 EXAMINING_DOCUMENT b'1543064'
ACTION MARK 10000 4186 CONSIDERED_RELEVANT b'1543064'
ACTION SNIPPET 10000 4189 SNIPPET_NOT_RELEVANT b'702529'
ACTION SNIPPET 10000 4192 SNIPPET_NOT_RELEVANT b'1673412'
ACTION SNIPPET 10000 4195 SNIPPET_RELEVANT b'1017987'
ACTION DOC 10000 4215 EXAMINING_DOCUMENT b'1017987'
ACTION SNIPPET 10000 4218 SNIPPET_RELEVANT b'808978'
ACTION DOC 10000 4238 EXAMINING_DOCUMENT b'808978'
ACTION SNIPPET 10000 4241 SNIPPET_NOT_RELEVANT b'1376346'
ACTION SNIPPET 10000 4244 SNIPPET_RELEVANT b'661271'
ACTION DOC 10000 4264 EXAMINING_DOCUMENT b'661271'
ACTION SNIPPET 10000 4267 SEEN_PREVIOUSLY b'48637'
ACTION SNIPPET 10000 4270 SNIPPET_NOT_RELEVANT b'1201115'
ACTION SNIPPET 10000 4273 SNIPPET_RELEVANT b'1768781'
ACTION DOC 10000 4293 EXAMINING_DOCUMENT b'1768781'
ACTION QUERY 10000 4303 journalist risks makeover
ACTION SERP 10000 4308 EXAMINE_SERP
ACTION SNIPPET 10000 4311 SEEN_PREVIOUSLY b'1637416'
ACTION SNIPPET 10000 4314 SNIPPET_RELEVANT b'776603'
ACTION DOC 10000 4334 EXAMINING_DOCUMENT b'776603'
ACTION SNIPPET 10000 4337 SNIPPET_NOT_RELEVANT b'1472814'
ACTION SNIPPET 10000 4340 SNIPPET_RELEVANT b'765318'
ACTION DOC 10000 4360 EXAMINING_DOCUMENT b'765318'
ACTION SNIPPET 10000 4363 SNIPPET_NOT_RELEVANT b'1540148'
ACTION SNIPPET 10000 4366 SNIPPET_RELEVANT b'1612040'
ACTION DOC 10000 4386 EXAMINING_DOCUMENT b'1612040'
ACTION SNIPPET 10000 4389 SNIPPET_NOT_RELEVANT b'1533992'
ACTION SNIPPET 10000 4392 SNIPPET_NOT_RELEVANT b'1534175'
ACTION SNIPPET 10000 4395 SNIPPET_NOT_RELEVANT b'1535855'
ACTION SNIPPET 10000 4398 SNIPPET_NOT_RELEVANT b'1535957'
ACTION QUERY 10000 4408 journalist risks unprecedented
ACTION SERP 10000 4413 EXAMINE_SERP
ACTION SNIPPET 10000 4416 SNIPPET_NOT_RELEVANT b'1541157'
ACTION SNIPPET 10000 4419 SNIPPET_RELEVANT b'1732730'
ACTION DOC 10000 4439 EXAMINING_DOCUMENT b'1732730'
ACTION SNIPPET 10000 4442 SNIPPET_NOT_RELEVANT b'1134539'
ACTION SNIPPET 10000 4445 SNIPPET_RELEVANT b'1854546'
ACTION DOC 10000 4465 EXAMINING_DOCUMENT b'1854546'
ACTION SNIPPET 10000 4468 SNIPPET_NOT_RELEVANT b'1847925'
ACTION SNIPPET 10000 4471 SNIPPET_NOT_RELEVANT b'1474636'
ACTION SNIPPET 10000 4474 SNIPPET_RELEVANT b'385464'
ACTION DOC 10000 4494 EXAMINING_DOCUMENT b'385464'
ACTION SNIPPET 10000 4497 SNIPPET_RELEVANT b'1734237'
ACTION DOC 10000 4517 EXAMINING_DOCUMENT b'1734237'
ACTION SNIPPET 10000 4520 SNIPPET_RELEVANT b'635712'
ACTION DOC 10000 4540 EXAMINING_DOCUMENT b'635712'
ACTION SNIPPET 10000 4543 SNIPPET_NOT_RELEVANT b'1790993'
ACTION QUERY 10000 4553 journalist risks koreas
ACTION SERP 10000 4558 EXAMINE_SERP
ACTION SNIPPET 10000 4561 SNIPPET_RELEVANT b'1667798'
ACTION DOC 10000 4581 EXAMINING_DOCUMENT b'1667798'
ACTION SNIPPET 10000 4584 SNIPPET_NOT_RELEVANT b'698722'
ACTION SNIPPET 10000 4587 SNIPPET_RELEVANT b'60101'
ACTION DOC 10000 4607 EXAMINING_DOCUMENT b'60101'
ACTION SNIPPET 10000 4610 SNIPPET_NOT_RELEVANT b'1467315'
ACTION SNIPPET 10000 4613 SNIPPET_NOT_RELEVANT b'677397'
ACTION SNIPPET 10000 4616 SNIPPET_NOT_RELEVANT b'46627'
ACTION SNIPPET 10000 4619 SNIPPET_NOT_RELEVANT b'365055'
ACTION SNIPPET 10000 4622 SNIPPET_NOT_RELEVANT b'1305095'
ACTION SNIPPET 10000 4625 SNIPPET_NOT_RELEVANT b'173811'
ACTION SNIPPET 10000 4628 SNIPPET_NOT_RELEVANT b'53345'
ACTION QUERY 10000 4638 journalist risks fw
ACTION SERP 10000 4643 EXAMINE_SERP
ACTION SNIPPET 10000 4646 SNIPPET_NOT_RELEVANT b'108649'
ACTION SNIPPET 10000 4649 SNIPPET_NOT_RELEVANT b'135052'
ACTION SNIPPET 10000 4652 SNIPPET_RELEVANT b'290325'
ACTION DOC 10000 4672 EXAMINING_DOCUMENT b'290325'
ACTION SNIPPET 10000 4675 SNIPPET_RELEVANT b'1149790'
ACTION DOC 10000 4695 EXAMINING_DOCUMENT b'1149790'
ACTION SNIPPET 10000 4698 SNIPPET_NOT_RELEVANT b'160447'
ACTION SNIPPET 10000 4701 SNIPPET_NOT_RELEVANT b'82212'
ACTION SNIPPET 10000 4704 SNIPPET_NOT_RELEVANT b'1292042'
ACTION SNIPPET 10000 4707 SNIPPET_NOT_RELEVANT b'1663939'
ACTION SNIPPET 10000 4710 SNIPPET_RELEVANT b'1200835'
ACTION DOC 10000 4730 EXAMINING_DOCUMENT b'1200835'
ACTION SNIPPET 10000 4733 SNIPPET_RELEVANT b'874470'
ACTION DOC 10000 4753 EXAMINING_DOCUMENT b'874470'
ACTION QUERY 10000 4763 journalist risks roadside
ACTION SERP 10000 4768 EXAMINE_SERP
ACTION SNIPPET 10000 4771 SNIPPET_RELEVANT b'1765477'
ACTION DOC 10000 4791 EXAMINING_DOCUMENT b'1765477'
ACTION MARK 10000 4794 CONSIDERED_RELEVANT b'1765477'
ACTION SNIPPET 10000 4797 SNIPPET_RELEVANT b'1765653'
ACTION DOC 10000 4817 EXAMINING_DOCUMENT b'1765653'
ACTION MARK 10000 4820 CONSIDERED_RELEVANT b'1765653'
ACTION SNIPPET 10000 4823 SNIPPET_NOT_RELEVANT b'1839140'
ACTION SNIPPET 10000 4826 SNIPPET_NOT_RELEVANT b'1735960'
ACTION SNIPPET 10000 4829 SNIPPET_RELEVANT b'1692325'
ACTION DOC 10000 4849 EXAMINING_DOCUMENT b'1692325'
ACTION MARK 10000 4852 CONSIDERED_RELEVANT b'1692325'
ACTION SNIPPET 10000 4855 SNIPPET_RELEVANT b'1188107'
ACTION DOC 10000 4875 EXAMINING_DOCUMENT b'1188107'
ACTION SNIPPET 10000 4878 SNIPPET_NOT_RELEVANT b'1600338'
ACTION SNIPPET 10000 4881 SNIPPET_RELEVANT b'1780366'
ACTION DOC 10000 4901 EXAMINING_DOCUMENT b'1780366'
ACTION SNIPPET 10000 4904 SNIPPET_RELEVANT b'1631045'
ACTION DOC 10000 4924 EXAMINING_DOCUMENT b'1631045'
ACTION MARK 10000 4927 CONSIDERED_RELEVANT b'1631045'
ACTION SNIPPET 10000 4930 SNIPPET_RELEVANT b'1088911'
ACTION DOC 10000 4950 EXAMINING_DOCUMENT b'1088911'
ACTION QUERY 10000 4960 journalist risks debate
ACTION SERP 10000 4965 EXAMINE_SERP
ACTION SNIPPET 10000 4968 SEEN_PREVIOUSLY b'1474318'
ACTION SNIPPET 10000 4971 SEEN_PREVIOUSLY b'796596'
ACTION SNIPPET 10000 4974 SEEN_PREVIOUSLY b'796745'
ACTION SNIPPET 10000 4977 SNIPPET_RELEVANT b'1540599'
ACTION DOC 10000 4997 EXAMINING_DOCUMENT b'1540599'
ACTION SNIPPET 10000 5000 SNIPPET_RELEVANT b'391444'
ACTION DOC 10000 5020 EXAMINING_DOCUMENT b'391444'
ACTION SNIPPET 10000 5023 SNIPPET_NOT_RELEVANT b'391443'
ACTION SNIPPET 10000 5026 SNIPPET_NOT_RELEVANT b'1615114'
ACTION SNIPPET 10000 5029 SNIPPET_RELEVANT b'1629435'
ACTION DOC 10000 5049 EXAMINING_DOCUMENT b'1629435'
ACTION SNIPPET 10000 5052 SNIPPET_NOT_RELEVANT b'831935'
ACTION SNIPPET 10000 5055 SNIPPET_RELEVANT b'1843904'
ACTION DOC 10000 5075 EXAMINING_DOCUMENT b'1843904'
ACTION QUERY 10000 5085 journalist risks shots
ACTION SERP 10000 5090 EXAMINE_SERP
ACTION SNIPPET 10000 5093 SNIPPET_RELEVANT b'1513183'
ACTION DOC 10000 5113 EXAMINING_DOCUMENT b'1513183'
ACTION MARK 10000 5116 CONSIDERED_RELEVANT b'1513183'
ACTION SNIPPET 10000 5119 SNIPPET_NOT_RELEVANT b'363337'
ACTION SNIPPET 10000 5122 SNIPPET_NOT_RELEVANT b'561161'
ACTION SNIPPET 10000 5125 SNIPPET_RELEVANT b'959455'
ACTION DOC 10000 5145 EXAMINING_DOCUMENT b'959455'
ACTION MARK 10000 5148 CONSIDERED_RELEVANT b'959455'
ACTION SNIPPET 10000 5151 SNIPPET_RELEVANT b'1061761'
ACTION DOC 10000 5171 EXAMINING_DOCUMENT b'1061761'
ACTION MARK 10000 5174 CONSIDERED_RELEVANT b'1061761'
ACTION SNIPPET 10000 5177 SNIPPET_NOT_RELEVANT b'257181'
ACTION SNIPPET 10000 5180 SNIPPET_NOT_RELEVANT b'842009'
ACTION SNIPPET 10000 5183 SNIPPET_RELEVANT b'1424321'
ACTION DOC 10000 5203 EXAMINING_DOCUMENT b'1424321'
ACTION MARK 10000 5206 CONSIDERED_RELEVANT b'1424321'
ACTION SNIPPET 10000 5209 SNIPPET_NOT_RELEVANT b'172397'
ACTION SNIPPET 10000 5212 SNIPPET_NOT_RELEVANT b'1231581'
ACTION QUERY 10000 5222 journalist risks families
ACTION SERP 10000 5227 EXAMINE_SERP
ACTION SNIPPET 10000 5230 SNIPPET_RELEVANT b'428795'
ACTION DOC 10000 5250 EXAMINING_DOCUMENT b'428795'
ACTION MARK 10000 5253 CONSIDERED_RELEVANT b'428795'
ACTION SNIPPET 10000 5256 SNIPPET_NOT_RELEVANT b'363337'
ACTION SNIPPET 10000 5259 SNIPPET_RELEVANT b'561161'
ACTION DOC 10000 5279 EXAMINING_DOCUMENT b'561161'
ACTION MARK 10000 5282 CONSIDERED_RELEVANT b'561161'
ACTION SNIPPET 10000 5285 SNIPPET_NOT_RELEVANT b'386644'
ACTION SNIPPET 10000 5288 SNIPPET_RELEVANT b'679801'
ACTION DOC 10000 5308 EXAMINING_DOCUMENT b'679801'
ACTION MARK 10000 5311 CONSIDERED_RELEVANT b'679801'
ACTION SNIPPET 10000 5314 SNIPPET_RELEVANT b'749644'
ACTION DOC 10000 5334 EXAMINING_DOCUMENT b'749644'
ACTION SNIPPET 10000 5337 SNIPPET_NOT_RELEVANT b'253661'
ACTION SNIPPET 10000 5340 SNIPPET_NOT_RELEVANT b'1728848'
ACTION SNIPPET 10000 5343 SEEN_PREVIOUSLY b'1677481'
ACTION SNIPPET 10000 5346 SNIPPET_NOT_RELEVANT b'927963'
ACTION QUERY 10000 5356 journalist risks bombed
ACTION SERP 10000 5361 EXAMINE_SERP
ACTION SNIPPET 10000 5364 SEEN_PREVIOUSLY b'474938'
ACTION SNIPPET 10000 5367 SNIPPET_RELEVANT b'283067'
ACTION DOC 10000 5387 EXAMINING_DOCUMENT b'283067'
ACTION SNIPPET 10000 5390 SNIPPET_RELEVANT b'1593462'
ACTION DOC 10000 5410 EXAMINING_DOCUMENT b'1593462'
ACTION SNIPPET 10000 5413 SNIPPET_NOT_RELEVANT b'1671349'
ACTION SNIPPET 10000 5416 SNIPPET_NOT_RELEVANT b'1208721'
ACTION SNIPPET 10000 5419 SEEN_PREVIOUSLY b'1671616'
ACTION SNIPPET 10000 5422 SNIPPET_RELEVANT b'1465735'
ACTION DOC 10000 5442 EXAMINING_DOCUMENT b'1465735'
ACTION SNIPPET 10000 5445 SNIPPET_RELEVANT b'1835065'
ACTION DOC 10000 5465 EXAMINING_DOCUMENT b'1835065'
ACTION SNIPPET 10000 5468 SNIPPET_NOT_RELEVANT b'605555'
ACTION SNIPPET 10000 5471 SNIPPET_RELEVANT b'1545802'
ACTION DOC 10000 5491 EXAMINING_DOCUMENT b'1545802'
ACTION QUERY 10000 5501 journalist risks fluid
ACTION SERP 10000 5506 EXAMINE_SERP
ACTION SNIPPET 10000 5509 SEEN_PREVIOUSLY b'749644'
ACTION SNIPPET 10000 5512 SNIPPET_RELEVANT b'1383728'
ACTION DOC 10000 5532 EXAMINING_DOCUMENT b'1383728'
ACTION SNIPPET 10000 5535 SNIPPET_NOT_RELEVANT b'188746'
ACTION SNIPPET 10000 5538 SNIPPET_NOT_RELEVANT b'1783121'
ACTION SNIPPET 10000 5541 SNIPPET_NOT_RELEVANT b'1587775'
ACTION SNIPPET 10000 5544 SNIPPET_NOT_RELEVANT b'1731006'
ACTION SNIPPET 10000 5547 SNIPPET_NOT_RELEVANT b'1314483'
ACTION SNIPPET 10000 5550 SNIPPET_NOT_RELEVANT b'1337875'
ACTION SNIPPET 10000 5553 SNIPPET_RELEVANT b'1655679'
ACTION DOC 10000 5573 EXAMINING_DOCUMENT b'1655679'
ACTION SNIPPET 10000 5576 SNIPPET_NOT_RELEVANT b'918005'
ACTION QUERY 10000 5586 journalist risks meeting
ACTION SERP 10000 5591 EXAMINE_SERP
ACTION SNIPPET 10000 5594 SNIPPET_RELEVANT b'965944'
ACTION DOC 10000 5614 EXAMINING_DOCUMENT b'965944'
ACTION SNIPPET 10000 5617 SNIPPET_NOT_RELEVANT b'1310042'
ACTION SNIPPET 10000 5620 SNIPPET_NOT_RELEVANT b'927963'
ACTION SNIPPET 10000 5623 SNIPPET_RELEVANT b'1320486'
ACTION DOC 10000 5643 EXAMINING_DOCUMENT b'1320486'
ACTION SNIPPET 10000 5646 SNIPPET_RELEVANT b'457235'
ACTION DOC 10000 5666 EXAMINING_DOCUMENT b'457235'
ACTION SNIPPET 10000 5669 SNIPPET_NOT_RELEVANT b'1405812'
ACTION SNIPPET 10000 5672 SNIPPET_NOT_RELEVANT b'1694975'
ACTION SNIPPET 10000 5675 SNIPPET_NOT_RELEVANT b'239685'
ACTION SNIPPET 10000 5678 SNIPPET_RELEVANT b'1597612'
ACTION DOC 10000 5698 EXAMINING_DOCUMENT b'1597612'
ACTION SNIPPET 10000 5701 SEEN_PREVIOUSLY b'679645'
ACTION QUERY 10000 5711 journalist risks lawsuits
ACTION SERP 10000 5716 EXAMINE_SERP
ACTION SNIPPET 10000 5719 SEEN_PREVIOUSLY b'1732730'
ACTION SNIPPET 10000 5722 SEEN_PREVIOUSLY b'373364'
ACTION SNIPPET 10000 5725 SNIPPET_RELEVANT b'232822'
ACTION DOC 10000 5745 EXAMINING_DOCUMENT b'232822'
ACTION SNIPPET 10000 5748 SEEN_PREVIOUSLY b'1031636'
ACTION SNIPPET 10000 5751 SEEN_PREVIOUSLY b'751437'
ACTION SNIPPET 10000 5754 SNIPPET_NOT_RELEVANT b'79264'
ACTION SNIPPET 10000 5757 SNIPPET_NOT_RELEVANT b'793458'
ACTION SNIPPET 10000 5760 SNIPPET_NOT_RELEVANT b'793803'
ACTION SNIPPET 10000 5763 SNIPPET_RELEVANT b'1655137'
ACTION DOC 10000 5783 EXAMINING_DOCUMENT b'1655137'
ACTION SNIPPET 10000 5786 SNIPPET_NOT_RELEVANT b'569775'
ACTION QUERY 10000 5796 journalist risks citing
ACTION SERP 10000 5801 EXAMINE_SERP
ACTION SNIPPET 10000 5804 SEEN_PREVIOUSLY b'1106613'
ACTION SNIPPET 10000 5807 SEEN_PREVIOUSLY b'796596'
ACTION SNIPPET 10000 5810 SEEN_PREVIOUSLY b'796745'
ACTION SNIPPET 10000 5813 SEEN_PREVIOUSLY b'457235'
ACTION SNIPPET 10000 5816 SNIPPET_NOT_RELEVANT b'842009'
ACTION SNIPPET 10000 5819 SEEN_PREVIOUSLY b'751437'
ACTION SNIPPET 10000 5822 SEEN_PREVIOUSLY b'508271'
ACTION SNIPPET 10000 5825 SEEN_PREVIOUSLY b'474938'
ACTION SNIPPET 10000 5828 SNIPPET_RELEVANT b'831935'
ACTION DOC 10000 5848 EXAMINING_DOCUMENT b'831935'
ACTION SNIPPET 10000 5851 SNIPPET_NOT_RELEVANT b'422548'
ACTION QUERY 10000 5861 journalist risks macdonald
ACTION SERP 10000 5866 EXAMINE_SERP
ACTION SNIPPET 10000 5869 SEEN_PREVIOUSLY b'232822'
ACTION SNIPPET 10000 5872 SNIPPET_RELEVANT b'329615'
ACTION DOC 10000 5892 EXAMINING_DOCUMENT b'329615'
ACTION SNIPPET 10000 5895 SNIPPET_NOT_RELEVANT b'328632'
ACTION SNIPPET 10000 5898 SNIPPET_RELEVANT b'7290'
ACTION DOC 10000 5918 EXAMINING_DOCUMENT b'7290'
ACTION SNIPPET 10000 5921 SEEN_PREVIOUSLY b'7290'
ACTION SNIPPET 10000 5924 SNIPPET_RELEVANT b'236997'
ACTION DOC 10000 5944 EXAMINING_DOCUMENT b'236997'
ACTION SNIPPET 10000 5947 SNIPPET_RELEVANT b'266710'
ACTION DOC 10000 5967 EXAMINING_DOCUMENT b'266710'
ACTION SNIPPET 10000 5970 SNIPPET_RELEVANT b'7455'
ACTION DOC 10000 5990 EXAMINING_DOCUMENT b'7455'
ACTION SNIPPET 10000 5993 SEEN_PREVIOUSLY b'7455'
ACTION SNIPPET 10000 5996 SNIPPET_RELEVANT b'612326'
ACTION DOC 10000 6016 EXAMINING_DOCUMENT b'612326'
ACTION QUERY 10000 6026 journalist risks errors
ACTION SERP 10000 6031 EXAMINE_SERP
ACTION SNIPPET 10000 6034 SNIPPET_RELEVANT b'9862'
ACTION DOC 10000 6054 EXAMINING_DOCUMENT b'9862'
ACTION MARK 10000 6057 CONSIDERED_RELEVANT b'9862'
ACTION SNIPPET 10000 6060 SEEN_PREVIOUSLY b'1106613'
ACTION SNIPPET 10000 6063 SNIPPET_NOT_RELEVANT b'1807880'
ACTION SNIPPET 10000 6066 SNIPPET_RELEVANT b'108423'
ACTION DOC 10000 6086 EXAMINING_DOCUMENT b'108423'
ACTION SNIPPET 10000 6089 SEEN_PREVIOUSLY b'637674'
ACTION SNIPPET 10000 6092 SNIPPET_RELEVANT b'142696'
ACTION DOC 10000 6112 EXAMINING_DOCUMENT b'142696'
ACTION MARK 10000 6115 CONSIDERED_RELEVANT b'142696'
ACTION SNIPPET 10000 6118 SNIPPET_NOT_RELEVANT b'1595911'
ACTION SNIPPET 10000 6121 SEEN_PREVIOUSLY b'1223463'
ACTION SNIPPET 10000 6124 SNIPPET_RELEVANT b'753375'
ACTION DOC 10000 6144 EXAMINING_DOCUMENT b'753375'
ACTION SNIPPET 10000 6147 SNIPPET_NOT_RELEVANT b'1405812'
ACTION QUERY 10000 6157 journalist risks sought
ACTION SERP 10000 6162 EXAMINE_SERP
ACTION SNIPPET 10000 6165 SNIPPET_NOT_RELEVANT b'94066'
ACTION SNIPPET 10000 6168 SNIPPET_NOT_RELEVANT b'512477'
ACTION SNIPPET 10000 6171 SNIPPET_RELEVANT b'1735960'
ACTION DOC 10000 6191 EXAMINING_DOCUMENT b'1735960'
ACTION MARK 10000 6194 CONSIDERED_RELEVANT b'1735960'
ACTION SNIPPET 10000 6197 SNIPPET_RELEVANT b'666691'
ACTION DOC 10000 6217 EXAMINING_DOCUMENT b'666691'
ACTION SNIPPET 10000 6220 SNIPPET_NOT_RELEVANT b'1317118'
ACTION SNIPPET 10000 6223 SNIPPET_RELEVANT b'1772081'
ACTION DOC 10000 6243 EXAMINING_DOCUMENT b'1772081'
ACTION SNIPPET 10000 6246 SNIPPET_NOT_RELEVANT b'1389665'
ACTION SNIPPET 10000 6249 SNIPPET_NOT_RELEVANT b'9900'
ACTION SNIPPET 10000 6252 SNIPPET_RELEVANT b'474592'
ACTION DOC 10000 6272 EXAMINING_DOCUMENT b'474592'
ACTION SNIPPET 10000 6275 SNIPPET_NOT_RELEVANT b'1351327'
ACTION QUERY 10000 6285 journalist risks suddenly
ACTION SERP 10000 6290 EXAMINE_SERP
ACTION SNIPPET 10000 6293 SNIPPET_RELEVANT b'257181'
ACTION DOC 10000 6313 EXAMINING_DOCUMENT b'257181'
ACTION SNIPPET 10000 6316 SNIPPET_RELEVANT b'1489002'
ACTION DOC 10000 6336 EXAMINING_DOCUMENT b'1489002'
ACTION SNIPPET 10000 6339 SNIPPET_RELEVANT b'306492'
ACTION DOC 10000 6359 EXAMINING_DOCUMENT b'306492'
ACTION SNIPPET 10000 6362 SNIPPET_RELEVANT b'565954'
ACTION DOC 10000 6382 EXAMINING_DOCUMENT b'565954'
ACTION SNIPPET 10000 6385 SNIPPET_RELEVANT b'1149403'
ACTION DOC 10000 6405 EXAMINING_DOCUMENT b'1149403'
ACTION SNIPPET 10000 6408 SNIPPET_RELEVANT b'306247'
ACTION DOC 10000 6428 EXAMINING_DOCUMENT b'306247'
ACTION SNIPPET 10000 6431 SEEN_PREVIOUSLY b'869378'
ACTION SNIPPET 10000 6434 SNIPPET_NOT_RELEVANT b'1795807'
ACTION SNIPPET 10000 6437 SNIPPET_NOT_RELEVANT b'1724399'
ACTION SNIPPET 10000 6440 SEEN_PREVIOUSLY b'1017987'
ACTION QUERY 10000 6450 journalist risks fined
ACTION SERP 10000 6455 EXAMINE_SERP
ACTION SNIPPET 10000 6458 SEEN_PREVIOUSLY b'1772081'
ACTION SNIPPET 10000 6461 SNIPPET_RELEVANT b'1816035'
ACTION DOC 10000 6481 EXAMINING_DOCUMENT b'1816035'
ACTION SNIPPET 10000 6484 SNIPPET_NOT_RELEVANT b'531718'
ACTION SNIPPET 10000 6487 SNIPPET_RELEVANT b'702529'
ACTION DOC 10000 6507 EXAMINING_DOCUMENT b'702529'
ACTION SNIPPET 10000 6510 SNIPPET_NOT_RELEVANT b'654158'
ACTION SNIPPET 10000 6513 SNIPPET_RELEVANT b'1820670'
ACTION DOC 10000 6533 EXAMINING_DOCUMENT b'1820670'
ACTION SNIPPET 10000 6536 SEEN_PREVIOUSLY b'474938'
ACTION SNIPPET 10000 6539 SNIPPET_NOT_RELEVANT b'1550345'
ACTION SNIPPET 10000 6542 SNIPPET_NOT_RELEVANT b'1745845'
ACTION SNIPPET 10000 6545 SNIPPET_NOT_RELEVANT b'525483'
ACTION QUERY 10000 6555 journalist risks seas
ACTION SERP 10000 6560 EXAMINE_SERP
ACTION SNIPPET 10000 6563 SEEN_PREVIOUSLY b'304325'
ACTION SNIPPET 10000 6566 SNIPPET_NOT_RELEVANT b'582117'
ACTION SNIPPET 10000 6569 SNIPPET_NOT_RELEVANT b'237173'
ACTION SNIPPET 10000 6572 SNIPPET_RELEVANT b'1002784'
ACTION DOC 10000 6592 EXAMINING_DOCUMENT b'1002784'
ACTION SNIPPET 10000 6595 SNIPPET_RELEVANT b'1496806'
ACTION DOC 10000 6615 EXAMINING_DOCUMENT b'1496806'
ACTION SNIPPET 10000 6618 SNIPPET_RELEVANT b'696786'
ACTION DOC 10000 6638 EXAMINING_DOCUMENT b'696786'
ACTION SNIPPET 10000 6641 SNIPPET_RELEVANT b'1831439'
ACTION DOC 10000 6661 EXAMINING_DOCUMENT b'1831439'
ACTION SNIPPET 10000 6664 SNIPPET_RELEVANT b'376702'
ACTION DOC 10000 6684 EXAMINING_DOCUMENT b'376702'
ACTION SNIPPET 10000 6687 SNIPPET_NOT_RELEVANT b'531718'
ACTION SNIPPET 10000 6690 SNIPPET_RELEVANT b'943538'
ACTION DOC 10000 6710 EXAMINING_DOCUMENT b'943538'
ACTION QUERY 10000 6720 journalist risks investigations
ACTION SERP 10000 6725 EXAMINE_SERP
ACTION SNIPPET 10000 6728 SNIPPET_RELEVANT b'29914'
ACTION DOC 10000 6748 EXAMINING_DOCUMENT b'29914'
ACTION SNIPPET 10000 6751 SEEN_PREVIOUSLY b'1820670'
ACTION SNIPPET 10000 6754 SNIPPET_NOT_RELEVANT b'1392654'
ACTION SNIPPET 10000 6757 SEEN_PREVIOUSLY b'679645'
ACTION SNIPPET 10000 6760 SEEN_PREVIOUSLY b'508271'
ACTION SNIPPET 10000 6763 SNIPPET_NOT_RELEVANT b'507369'
ACTION SNIPPET 10000 6766 SNIPPET_NOT_RELEVANT b'512477'
ACTION SNIPPET 10000 6769 SNIPPET_RELEVANT b'962864'
ACTION DOC 10000 6789 EXAMINING_DOCUMENT b'962864'
ACTION MARK 10000 6792 CONSIDERED_RELEVANT b'962864'
ACTION SNIPPET 10000 6795 SEEN_PREVIOUSLY b'1816035'
ACTION SNIPPET 10000 6798 SEEN_PREVIOUSLY b'1401994'
ACTION QUERY 10000 6808 journalist risks vincent
ACTION SERP 10000 6813 EXAMINE_SERP
ACTION SNIPPET 10000 6816 SNIPPET_RELEVANT b'1704315'
ACTION DOC 10000 6836 EXAMINING_DOCUMENT b'1704315'
ACTION SNIPPET 10000 6839 SNIPPET_NOT_RELEVANT b'1708579'
ACTION SNIPPET 10000 6842 SNIPPET_RELEVANT b'1692330'
ACTION DOC 10000 6862 EXAMINING_DOCUMENT b'1692330'
ACTION MARK 10000 6865 CONSIDERED_RELEVANT b'1692330'
ACTION SNIPPET 10000 6868 SNIPPET_RELEVANT b'1788497'
ACTION DOC 10000 6888 EXAMINING_DOCUMENT b'1788497'
ACTION SNIPPET 10000 6891 SNIPPET_RELEVANT b'1692356'
ACTION DOC 10000 6911 EXAMINING_DOCUMENT b'1692356'
ACTION MARK 10000 6914 CONSIDERED_RELEVANT b'1692356'
ACTION SNIPPET 10000 6917 SNIPPET_RELEVANT b'1727274'
ACTION DOC 10000 6937 EXAMINING_DOCUMENT b'1727274'
ACTION MARK 10000 6940 CONSIDERED_RELEVANT b'1727274'
ACTION SNIPPET 10000 6943 SNIPPET_RELEVANT b'1703636'
ACTION DOC 10000 6963 EXAMINING_DOCUMENT b'1703636'
ACTION MARK 10000 6966 CONSIDERED_RELEVANT b'1703636'
ACTION SNIPPET 10000 6969 SNIPPET_RELEVANT b'1730297'
ACTION DOC 10000 6989 EXAMINING_DOCUMENT b'1730297'
ACTION MARK 10000 6992 CONSIDERED_RELEVANT b'1730297'
ACTION SNIPPET 10000 6995 SNIPPET_RELEVANT b'1736754'
ACTION DOC 10000 7015 EXAMINING_DOCUMENT b'1736754'
ACTION MARK 10000 7018 CONSIDERED_RELEVANT b'1736754'
ACTION SNIPPET 10000 7021 SNIPPET_RELEVANT b'1497667'
ACTION DOC 10000 7041 EXAMINING_DOCUMENT b'1497667'
ACTION QUERY 10000 7051 journalist risks school
ACTION SERP 10000 7056 EXAMINE_SERP
ACTION SNIPPET 10000 7059 SEEN_PREVIOUSLY b'796596'
ACTION SNIPPET 10000 7062 SEEN_PREVIOUSLY b'796745'
ACTION SNIPPET 10000 7065 SNIPPET_NOT_RELEVANT b'1692104'
ACTION SNIPPET 10000 7068 SEEN_PREVIOUSLY b'1417307'
ACTION SNIPPET 10000 7071 SNIPPET_NOT_RELEVANT b'109735'
ACTION SNIPPET 10000 7074 SNIPPET_RELEVANT b'1541157'
ACTION DOC 10000 7094 EXAMINING_DOCUMENT b'1541157'
ACTION MARK 10000 7097 CONSIDERED_RELEVANT b'1541157'
ACTION SNIPPET 10000 7100 SEEN_PREVIOUSLY b'1334791'
ACTION SNIPPET 10000 7103 SNIPPET_RELEVANT b'1694975'
ACTION DOC 10000 7123 EXAMINING_DOCUMENT b'1694975'
ACTION SNIPPET 10000 7126 SNIPPET_NOT_RELEVANT b'1449440'
ACTION SNIPPET 10000 7129 SEEN_PREVIOUSLY b'1185481'
ACTION QUERY 10000 7139 journalist risks cautious
ACTION SERP 10000 7144 EXAMINE_SERP
ACTION SNIPPET 10000 7147 SNIPPET_NOT_RELEVANT b'808981'
ACTION SNIPPET 10000 7150 SNIPPET_RELEVANT b'1692708'
ACTION DOC 10000 7170 EXAMINING_DOCUMENT b'1692708'
ACTION SNIPPET 10000 7173 SNIPPET_RELEVANT b'1332415'
ACTION DOC 10000 7193 EXAMINING_DOCUMENT b'1332415'
ACTION SNIPPET 10000 7196 SNIPPET_NOT_RELEVANT b'519103'
ACTION SNIPPET 10000 7199 SNIPPET_RELEVANT b'1177628'
ACTION DOC 10000 7219 EXAMINING_DOCUMENT b'1177628'
ACTION SNIPPET 10000 7222 SNIPPET_NOT_RELEVANT b'1734205'
ACTION SNIPPET 10000 7225 SNIPPET_NOT_RELEVANT b'402157'
ACTION SNIPPET 10000 7228 SNIPPET_NOT_RELEVANT b'1451665'
ACTION SNIPPET 10000 7231 SNIPPET_RELEVANT b'1231581'
ACTION DOC 10000 7251 EXAMINING_DOCUMENT b'1231581'
ACTION MARK 10000 7254 CONSIDERED_RELEVANT b'1231581'
ACTION SNIPPET 10000 7257 SNIPPET_RELEVANT b'298848'
ACTION DOC 10000 7277 EXAMINING_DOCUMENT b'298848'
ACTION QUERY 10000 7287 journalist risks pentagon
ACTION SERP 10000 7292 EXAMINE_SERP
ACTION SNIPPET 10000 7295 SEEN_PREVIOUSLY b'1467740'
ACTION SNIPPET 10000 7298 SEEN_PREVIOUSLY b'1816035'
ACTION SNIPPET 10000 7301 SNIPPET_RELEVANT b'1479579'
ACTION DOC 10000 7321 EXAMINING_DOCUMENT b'1479579'
ACTION MARK 10000 7324 CONSIDERED_RELEVANT b'1479579'
ACTION SNIPPET 10000 7327 SEEN_PREVIOUSLY b'457235'
ACTION SNIPPET 10000 7330 SNIPPET_NOT_RELEVANT b'1451933'
ACTION SNIPPET 10000 7333 SNIPPET_NOT_RELEVANT b'1449440'
ACTION SNIPPET 10000 7336 SNIPPET_NOT_RELEVANT b'425032'
ACTION SNIPPET 10000 7339 SNIPPET_RELEVANT b'1634503'
ACTION DOC 10000 7359 EXAMINING_DOCUMENT b'1634503'
ACTION SNIPPET 10000 7362 SNIPPET_NOT_RELEVANT b'1370449'
ACTION SNIPPET 10000 7365 SNIPPET_RELEVANT b'1673412'
ACTION DOC 10000 7385 EXAMINING_DOCUMENT b'1673412'
ACTION QUERY 10000 7395 journalist risks olivier
ACTION SERP 10000 7400 EXAMINE_SERP
ACTION SNIPPET 10000 7403 SNIPPET_RELEVANT b'1722093'
ACTION DOC 10000 7423 EXAMINING_DOCUMENT b'1722093'
ACTION SNIPPET 10000 7426 SNIPPET_NOT_RELEVANT b'325382'
ACTION SNIPPET 10000 7429 SNIPPET_RELEVANT b'491404'
ACTION DOC 10000 7449 EXAMINING_DOCUMENT b'491404'
ACTION SNIPPET 10000 7452 SNIPPET_RELEVANT b'366270'
ACTION DOC 10000 7472 EXAMINING_DOCUMENT b'366270'
ACTION SNIPPET 10000 7475 SNIPPET_NOT_RELEVANT b'1558325'
ACTION SNIPPET 10000 7478 SNIPPET_NOT_RELEVANT b'88216'
ACTION SNIPPET 10000 7481 SNIPPET_NOT_RELEVANT b'525233'
ACTION SNIPPET 10000 7484 SNIPPET_NOT_RELEVANT b'1357014'
ACTION SNIPPET 10000 7487 SNIPPET_NOT_RELEVANT b'1561433'
ACTION SNIPPET 10000 7490 SNIPPET_NOT_RELEVANT b'1694846'
ACTION QUERY 10000 7500 journalist risks states
ACTION SERP 10000 7505 EXAMINE_SERP
ACTION SNIPPET 10000 7508 SEEN_PREVIOUSLY b'1605593'
ACTION SNIPPET 10000 7511 SNIPPET_RELEVANT b'67091'
ACTION DOC 10000 7531 EXAMINING_DOCUMENT b'67091'
ACTION SNIPPET 10000 7534 SEEN_PREVIOUSLY b'796596'
ACTION SNIPPET 10000 7537 SEEN_PREVIOUSLY b'796745'
ACTION SNIPPET 10000 7540 SEEN_PREVIOUSLY b'1401994'
ACTION SNIPPET 10000 7543 SEEN_PREVIOUSLY b'1026996'
ACTION SNIPPET 10000 7546 SNIPPET_NOT_RELEVANT b'1475135'
ACTION SNIPPET 10000 7549 SNIPPET_RELEVANT b'1091374'
ACTION DOC 10000 7569 EXAMINING_DOCUMENT b'1091374'
ACTION SNIPPET 10000 7572 SNIPPET_NOT_RELEVANT b'363337'
ACTION SNIPPET 10000 7575 SEEN_PREVIOUSLY b'1106613'
ACTION QUERY 10000 7585 journalist risks albans
ACTION SERP 10000 7590 EXAMINE_SERP
ACTION SNIPPET 10000 7593 SNIPPET_NOT_RELEVANT b'557144'
ACTION SNIPPET 10000 7596 SNIPPET_NOT_RELEVANT b'1220541'
ACTION SNIPPET 10000 7599 SNIPPET_NOT_RELEVANT b'644572'
ACTION SNIPPET 10000 7602 SNIPPET_NOT_RELEVANT b'977357'
ACTION SNIPPET 10000 7605 SNIPPET_RELEVANT b'55874'
ACTION DOC 10000 7625 EXAMINING_DOCUMENT b'55874'
ACTION SNIPPET 10000 7628 SNIPPET_RELEVANT b'509069'
ACTION DOC 10000 7648 EXAMINING_DOCUMENT b'509069'
ACTION SNIPPET 10000 7651 SNIPPET_NOT_RELEVANT b'694350'
ACTION SNIPPET 10000 7654 SNIPPET_RELEVANT b'100657'
ACTION DOC 10000 7674 EXAMINING_DOCUMENT b'100657'
ACTION SNIPPET 10000 7677 SNIPPET_RELEVANT b'51040'
ACTION DOC 10000 7697 EXAMINING_DOCUMENT b'51040'
ACTION SNIPPET 10000 7700 SNIPPET_RELEVANT b'1243318'
ACTION DOC 10000 7720 EXAMINING_DOCUMENT b'1243318'
ACTION QUERY 10000 7730 journalist risks contamination
ACTION SERP 10000 7735 EXAMINE_SERP
ACTION SNIPPET 10000 7738 SNIPPET_RELEVANT b'24677'
ACTION DOC 10000 7758 EXAMINING_DOCUMENT b'24677'
ACTION SNIPPET 10000 7761 SNIPPET_RELEVANT b'1798212'
ACTION DOC 10000 7781 EXAMINING_DOCUMENT b'1798212'
ACTION SNIPPET 10000 7784 SNIPPET_NOT_RELEVANT b'262327'
ACTION SNIPPET 10000 7787 SNIPPET_RELEVANT b'1549292'
ACTION DOC 10000 7807 EXAMINING_DOCUMENT b'1549292'
ACTION SNIPPET 10000 7810 SNIPPET_NOT_RELEVANT b'1685033'
ACTION SNIPPET 10000 7813 SNIPPET_RELEVANT b'1348399'
ACTION DOC 10000 7833 EXAMINING_DOCUMENT b'1348399'
ACTION SNIPPET 10000 7836 SEEN_PREVIOUSLY b'1223463'
ACTION SNIPPET 10000 7839 SNIPPET_RELEVANT b'986154'
ACTION DOC 10000 7859 EXAMINING_DOCUMENT b'986154'
ACTION SNIPPET 10000 7862 SNIPPET_NOT_RELEVANT b'1229872'
ACTION SNIPPET 10000 7865 SNIPPET_NOT_RELEVANT b'809853'
ACTION QUERY 10000 7875 journalist risks treated
ACTION SERP 10000 7880 EXAMINE_SERP
ACTION SNIPPET 10000 7883 SEEN_PREVIOUSLY b'67091'
ACTION SNIPPET 10000 7886 SEEN_PREVIOUSLY b'38006'
ACTION SNIPPET 10000 7889 SEEN_PREVIOUSLY b'1223463'
ACTION SNIPPET 10000 7892 SEEN_PREVIOUSLY b'679645'
ACTION SNIPPET 10000 7895 SNIPPET_NOT_RELEVANT b'808981'
ACTION SNIPPET 10000 7898 SEEN_PREVIOUSLY b'1597612'
ACTION SNIPPET 10000 7901 SNIPPET_RELEVANT b'300469'
ACTION DOC 10000 7921 EXAMINING_DOCUMENT b'300469'
ACTION SNIPPET 10000 7924 SNIPPET_NOT_RELEVANT b'1317118'
ACTION SNIPPET 10000 7927 SNIPPET_RELEVANT b'1424180'
ACTION DOC 10000 7947 EXAMINING_DOCUMENT b'1424180'
ACTION SNIPPET 10000 7950 SNIPPET_NOT_RELEVANT b'1489936'
ACTION QUERY 10000 7960 journalist risks precautionary
ACTION SERP 10000 7965 EXAMINE_SERP
ACTION SNIPPET 10000 7968 SNIPPET_NOT_RELEVANT b'1489936'
ACTION SNIPPET 10000 7971 SNIPPET_RELEVANT b'1349695'
ACTION DOC 10000 7991 EXAMINING_DOCUMENT b'1349695'
ACTION SNIPPET 10000 7994 SNIPPET_RELEVANT b'153994'
ACTION DOC 10000 8014 EXAMINING_DOCUMENT b'153994'
ACTION SNIPPET 10000 8017 SNIPPET_NOT_RELEVANT b'1659059'
ACTION SNIPPET 10000 8020 SNIPPET_RELEVANT b'423298'
ACTION DOC 10000 8040 EXAMINING_DOCUMENT b'423298'
ACTION SNIPPET 10000 8043 SNIPPET_NOT_RELEVANT b'1562528'
ACTION SNIPPET 10000 8046 SNIPPET_RELEVANT b'876220'
ACTION DOC 10000 8066 EXAMINING_DOCUMENT b'876220'
ACTION SNIPPET 10000 8069 SNIPPET_RELEVANT b'1114108'
ACTION DOC 10000 8089 EXAMINING_DOCUMENT b'1114108'
ACTION SNIPPET 10000 8092 SNIPPET_RELEVANT b'186054'
ACTION DOC 10000 8112 EXAMINING_DOCUMENT b'186054'
ACTION SNIPPET 10000 8115 SNIPPET_NOT_RELEVANT b'1305793'
ACTION QUERY 10000 8125 journalist risks pertaining
ACTION SERP 10000 8130 EXAMINE_SERP
ACTION SNIPPET 10000 8133 SNIPPET_RELEVANT b'15061'
ACTION DOC 10000 8153 EXAMINING_DOCUMENT b'15061'
ACTION MARK 10000 8156 CONSIDERED_RELEVANT b'15061'
ACTION SNIPPET 10000 8159 SNIPPET_RELEVANT b'786822'
ACTION DOC 10000 8179 EXAMINING_DOCUMENT b'786822'
ACTION SNIPPET 10000 8182 SNIPPET_NOT_RELEVANT b'1649788'
ACTION SNIPPET 10000 8185 SNIPPET_NOT_RELEVANT b'1203564'
ACTION SNIPPET 10000 8188 SNIPPET_NOT_RELEVANT b'1351502'
ACTION SNIPPET 10000 8191 SNIPPET_NOT_RELEVANT b'269883'
ACTION SNIPPET 10000 8194 SNIPPET_NOT_RELEVANT b'1490056'
ACTION SNIPPET 10000 8197 SNIPPET_RELEVANT b'1679736'
ACTION DOC 10000 8217 EXAMINING_DOCUMENT b'1679736'
ACTION SNIPPET 10000 8220 SNIPPET_NOT_RELEVANT b'994540'
ACTION SNIPPET 10000 8223 SNIPPET_RELEVANT b'394914'
ACTION DOC 10000 8243 EXAMINING_DOCUMENT b'394914'
ACTION QUERY 10000 8253 journalist risks ara
ACTION SERP 10000 8258 EXAMINE_SERP
ACTION SNIPPET 10000 8261 SNIPPET_RELEVANT b'1549887'
ACTION DOC 10000 8281 EXAMINING_DOCUMENT b'1549887'
ACTION MARK 10000 8284 CONSIDERED_RELEVANT b'1549887'
ACTION SNIPPET 10000 8287 SNIPPET_NOT_RELEVANT b'1409501'
ACTION SNIPPET 10000 8290 SNIPPET_NOT_RELEVANT b'964150'
ACTION SNIPPET 10000 8293 SNIPPET_RELEVANT b'108553'
ACTION DOC 10000 8313 EXAMINING_DOCUMENT b'108553'
ACTION SNIPPET 10000 8316 SNIPPET_NOT_RELEVANT b'283124'
ACTION SNIPPET 10000 8319 SNIPPET_NOT_RELEVANT b'1652506'
ACTION SNIPPET 10000 8322 SNIPPET_NOT_RELEVANT b'462945'
ACTION SNIPPET 10000 8325 SNIPPET_NOT_RELEVANT b'992978'
ACTION SNIPPET 10000 8328 SNIPPET_NOT_RELEVANT b'322655'
ACTION SNIPPET 10000 8331 SNIPPET_NOT_RELEVANT b'1830155'
ACTION QUERY 10000 8341 journalist risks metropolitan
ACTION SERP 10000 8346 EXAMINE_SERP
ACTION SNIPPET 10000 8349 SEEN_PREVIOUSLY b'1474318'
ACTION SNIPPET 10000 8352 SNIPPET_NOT_RELEVANT b'276657'
ACTION SNIPPET 10000 8355 SNIPPET_NOT_RELEVANT b'1574265'
ACTION SNIPPET 10000 8358 SNIPPET_RELEVANT b'118231'
ACTION DOC 10000 8378 EXAMINING_DOCUMENT b'118231'
ACTION SNIPPET 10000 8381 SNIPPET_RELEVANT b'130778'
ACTION DOC 10000 8401 EXAMINING_DOCUMENT b'130778'
ACTION SNIPPET 10000 8404 SNIPPET_NOT_RELEVANT b'634682'
ACTION SNIPPET 10000 8407 SNIPPET_RELEVANT b'140519'
ACTION DOC 10000 8427 EXAMINING_DOCUMENT b'140519'
ACTION SNIPPET 10000 8430 SNIPPET_NOT_RELEVANT b'195977'
ACTION SNIPPET 10000 8433 SNIPPET_NOT_RELEVANT b'433471'
ACTION SNIPPET 10000 8436 SEEN_PREVIOUSLY b'796596'
ACTION QUERY 10000 8446 journalist risks bddp
ACTION SERP 10000 8451 EXAMINE_SERP
ACTION SNIPPET 10000 8454 SNIPPET_NOT_RELEVANT b'963764'
ACTION SNIPPET 10000 8457 SNIPPET_RELEVANT b'874146'
ACTION DOC 10000 8477 EXAMINING_DOCUMENT b'874146'
ACTION SNIPPET 10000 8480 SNIPPET_NOT_RELEVANT b'945355'
ACTION SNIPPET 10000 8483 SNIPPET_NOT_RELEVANT b'985847'
ACTION SNIPPET 10000 8486 SNIPPET_RELEVANT b'878279'
ACTION DOC 10000 8506 EXAMINING_DOCUMENT b'878279'
ACTION SNIPPET 10000 8509 SNIPPET_NOT_RELEVANT b'626813'
ACTION SNIPPET 10000 8512 SNIPPET_NOT_RELEVANT b'990679'
ACTION SNIPPET 10000 8515 SNIPPET_RELEVANT b'452191'
ACTION DOC 10000 8535 EXAMINING_DOCUMENT b'452191'
ACTION SNIPPET 10000 8538 SNIPPET_RELEVANT b'420927'
ACTION DOC 10000 8558 EXAMINING_DOCUMENT b'420927'
ACTION SNIPPET 10000 8561 SNIPPET_RELEVANT b'978897'
ACTION DOC 10000 8581 EXAMINING_DOCUMENT b'978897'
ACTION QUERY 10000 8591 journalist risks oversight
ACTION SERP 10000 8596 EXAMINE_SERP
ACTION SNIPPET 10000 8599 SNIPPET_NOT_RELEVANT b'1051614'
ACTION SNIPPET 10000 8602 SNIPPET_RELEVANT b'144375'
ACTION DOC 10000 8622 EXAMINING_DOCUMENT b'144375'
ACTION SNIPPET 10000 8625 SNIPPET_RELEVANT b'1317713'
ACTION DOC 10000 8645 EXAMINING_DOCUMENT b'1317713'
ACTION SNIPPET 10000 8648 SNIPPET_NOT_RELEVANT b'677399'
ACTION SNIPPET 10000 8651 SNIPPET_RELEVANT b'742146'
ACTION DOC 10000 8671 EXAMINING_DOCUMENT b'742146'
ACTION SNIPPET 10000 8674 SNIPPET_RELEVANT b'866574'
ACTION DOC 10000 8694 EXAMINING_DOCUMENT b'866574'
ACTION MARK 10000 8697 CONSIDERED_RELEVANT b'866574'
ACTION SNIPPET 10000 8700 SNIPPET_NOT_RELEVANT b'1149819'
ACTION SNIPPET 10000 8703 SNIPPET_RELEVANT b'1559606'
ACTION DOC 10000 8723 EXAMINING_DOCUMENT b'1559606'
ACTION MARK 10000 8726 CONSIDERED_RELEVANT b'1559606'
ACTION SNIPPET 10000 8729 SNIPPET_NOT_RELEVANT b'1813199'
ACTION SNIPPET 10000 8732 SNIPPET_NOT_RELEVANT b'1170725'
ACTION QUERY 10000 8742 journalist risks accounting
ACTION SERP 10000 8747 EXAMINE_SERP
ACTION SNIPPET 10000 8750 SNIPPET_NOT_RELEVANT b'558865'
ACTION SNIPPET 10000 8753 SNIPPET_RELEVANT b'1761447'
ACTION DOC 10000 8773 EXAMINING_DOCUMENT b'1761447'
ACTION SNIPPET 10000 8776 SEEN_PREVIOUSLY b'1673412'
ACTION SNIPPET 10000 8779 SEEN_PREVIOUSLY b'1401994'
ACTION SNIPPET 10000 8782 SEEN_PREVIOUSLY b'831935'
ACTION SNIPPET 10000 8785 SEEN_PREVIOUSLY b'1424180'
ACTION SNIPPET 10000 8788 SEEN_PREVIOUSLY b'457235'
ACTION SNIPPET 10000 8791 SNIPPET_RELEVANT b'1310042'
ACTION DOC 10000 8811 EXAMINING_DOCUMENT b'1310042'
ACTION SNIPPET 10000 8814 SEEN_PREVIOUSLY b'1820670'
ACTION SNIPPET 10000 8817 SNIPPET_RELEVANT b'1714267'
ACTION DOC 10000 8837 EXAMINING_DOCUMENT b'1714267'
ACTION QUERY 10000 8847 journalist risks polic
ACTION SERP 10000 8852 EXAMINE_SERP
ACTION SNIPPET 10000 8855 SEEN_PREVIOUSLY b'1334791'
ACTION SNIPPET 10000 8858 SEEN_PREVIOUSLY b'751437'
ACTION SNIPPET 10000 8861 SNIPPET_RELEVANT b'525483'
ACTION DOC 10000 8881 EXAMINING_DOCUMENT b'525483'
ACTION SNIPPET 10000 8884 SNIPPET_RELEVANT b'172397'
ACTION DOC 10000 8904 EXAMINING_DOCUMENT b'172397'
ACTION SNIPPET 10000 8907 SNIPPET_NOT_RELEVANT b'1659732'
ACTION SNIPPET 10000 8910 SNIPPET_RELEVANT b'1771724'
ACTION DOC 10000 8930 EXAMINING_DOCUMENT b'1771724'
ACTION SNIPPET 10000 8933 SNIPPET_RELEVANT b'1392654'
ACTION DOC 10000 8953 EXAMINING_DOCUMENT b'1392654'
ACTION SNIPPET 10000 8956 SNIPPET_NOT_RELEVANT b'1065466'
ACTION SNIPPET 10000 8959 SEEN_PREVIOUSLY b'747931'
ACTION SNIPPET 10000 8962 SNIPPET_NOT_RELEVANT b'1651918'
ACTION QUERY 10000 8972 journalist risks research
ACTION SERP 10000 8977 EXAMINE_SERP
ACTION SNIPPET 10000 8980 SEEN_PREVIOUSLY b'796596'
ACTION SNIPPET 10000 8983 SEEN_PREVIOUSLY b'796745'
ACTION SNIPPET 10000 8986 SEEN_PREVIOUSLY b'637674'
ACTION SNIPPET 10000 8989 SNIPPET_NOT_RELEVANT b'1659732'
ACTION SNIPPET 10000 8992 SEEN_PREVIOUSLY b'1401994'
ACTION SNIPPET 10000 8995 SNIPPET_NOT_RELEVANT b'1728848'
ACTION SNIPPET 10000 8998 SEEN_PREVIOUSLY b'751437'
ACTION SNIPPET 10000 9001 SNIPPET_NOT_RELEVANT b'1299050'
ACTION SNIPPET 10000 9004 SNIPPET_RELEVANT b'654158'
ACTION DOC 10000 9024 EXAMINING_DOCUMENT b'654158'
ACTION SNIPPET 10000 9027 SNIPPET_RELEVANT b'1664328'
ACTION DOC 10000 9047 EXAMINING_DOCUMENT b'1664328'
ACTION MARK 10000 9050 CONSIDERED_RELEVANT b'1664328'
ACTION QUERY 10000 9060 journalist risks antivirus
ACTION SERP 10000 9065 EXAMINE_SERP
ACTION SNIPPET 10000 9068 SNIPPET_NOT_RELEVANT b'615411'
ACTION SNIPPET 10000 9071 SNIPPET_RELEVANT b'1387443'
ACTION DOC 10000 9091 EXAMINING_DOCUMENT b'1387443'
ACTION SNIPPET 10000 9094 SEEN_PREVIOUSLY b'1200835'
ACTION SNIPPET 10000 9097 SNIPPET_NOT_RELEVANT b'1161270'
ACTION SNIPPET 10000 9100 SNIPPET_NOT_RELEVANT b'426267'
ACTION SNIPPET 10000 9103 SNIPPET_NOT_RELEVANT b'1714509'
ACTION SNIPPET 10000 9106 SNIPPET_NOT_RELEVANT b'1657587'
ACTION SNIPPET 10000 9109 SNIPPET_RELEVANT b'1073534'
ACTION DOC 10000 9129 EXAMINING_DOCUMENT b'1073534'
ACTION SNIPPET 10000 9132 SNIPPET_NOT_RELEVANT b'1827951'
ACTION SNIPPET 10000 9135 SNIPPET_RELEVANT b'1568975'
ACTION DOC 10000 9155 EXAMINING_DOCUMENT b'1568975'
ACTION QUERY 10000 9165 journalist risks plant
ACTION SERP 10000 9170 EXAMINE_SERP
ACTION SNIPPET 10000 9173 SNIPPET_NOT_RELEVANT b'1449440'
ACTION SNIPPET 10000 9176 SEEN_PREVIOUSLY b'821207'
ACTION SNIPPET 10000 9179 SNIPPET_NOT_RELEVANT b'212626'
ACTION SNIPPET 10000 9182 SNIPPET_NOT_RELEVANT b'731558'
ACTION SNIPPET 10000 9185 SEEN_PREVIOUSLY b'831935'
ACTION SNIPPET 10000 9188 SEEN_PREVIOUSLY b'1223463'
ACTION SNIPPET 10000 9191 SNIPPET_NOT_RELEVANT b'897794'
ACTION SNIPPET 10000 9194 SNIPPET_NOT_RELEVANT b'1702376'
ACTION SNIPPET 10000 9197 SNIPPET_NOT_RELEVANT b'637549'
ACTION SNIPPET 10000 9200 SNIPPET_RELEVANT b'1420859'
ACTION DOC 10000 9220 EXAMINING_DOCUMENT b'1420859'
ACTION QUERY 10000 9230 journalist risks enron
ACTION SERP 10000 9235 EXAMINE_SERP
ACTION SNIPPET 10000 9238 SNIPPET_RELEVANT b'1692104'
ACTION DOC 10000 9258 EXAMINING_DOCUMENT b'1692104'
ACTION SNIPPET 10000 9261 SNIPPET_RELEVANT b'1389665'
ACTION DOC 10000 9281 EXAMINING_DOCUMENT b'1389665'
ACTION SNIPPET 10000 9284 SNIPPET_RELEVANT b'1530007'
ACTION DOC 10000 9304 EXAMINING_DOCUMENT b'1530007'
ACTION SNIPPET 10000 9307 SNIPPET_RELEVANT b'1370418'
ACTION DOC 10000 9327 EXAMINING_DOCUMENT b'1370418'
ACTION SNIPPET 10000 9330 SEEN_PREVIOUSLY b'1366032'
ACTION SNIPPET 10000 9333 SNIPPET_RELEVANT b'1776012'
ACTION DOC 10000 9353 EXAMINING_DOCUMENT b'1776012'
ACTION SNIPPET 10000 9356 SNIPPET_NOT_RELEVANT b'1482197'
ACTION SNIPPET 10000 9359 SNIPPET_RELEVANT b'1363124'
ACTION DOC 10000 9379 EXAMINING_DOCUMENT b'1363124'
ACTION SNIPPET 10000 9382 SNIPPET_NOT_RELEVANT b'1447937'
ACTION SNIPPET 10000 9385 SNIPPET_NOT_RELEVANT b'1363094'
ACTION QUERY 10000 9395 journalist risks stylist
ACTION SERP 10000 9400 EXAMINE_SERP
ACTION SNIPPET 10000 9403 SNIPPET_NOT_RELEVANT b'1175586'
ACTION SNIPPET 10000 9406 SNIPPET_RELEVANT b'1043178'
ACTION DOC 10000 9426 EXAMINING_DOCUMENT b'1043178'
ACTION SNIPPET 10000 9429 SNIPPET_NOT_RELEVANT b'1651915'
ACTION SNIPPET 10000 9432 SNIPPET_RELEVANT b'1243049'
ACTION DOC 10000 9452 EXAMINING_DOCUMENT b'1243049'
ACTION SNIPPET 10000 9455 SNIPPET_RELEVANT b'490528'
ACTION DOC 10000 9475 EXAMINING_DOCUMENT b'490528'
ACTION SNIPPET 10000 9478 SNIPPET_NOT_RELEVANT b'725506'
ACTION SNIPPET 10000 9481 SNIPPET_NOT_RELEVANT b'870428'
ACTION SNIPPET 10000 9484 SNIPPET_RELEVANT b'975063'
ACTION DOC 10000 9504 EXAMINING_DOCUMENT b'975063'
ACTION SNIPPET 10000 9507 SNIPPET_NOT_RELEVANT b'790422'
ACTION SNIPPET 10000 9510 SNIPPET_RELEVANT b'597296'
ACTION DOC 10000 9530 EXAMINING_DOCUMENT b'597296'
ACTION QUERY 10000 9540 journalist risks propose
ACTION SERP 10000 9545 EXAMINE_SERP
ACTION SNIPPET 10000 9548 SEEN_PREVIOUSLY b'965944'
ACTION SNIPPET 10000 9551 SNIPPET_NOT_RELEVANT b'988744'
ACTION SNIPPET 10000 9554 SNIPPET_RELEVANT b'988651'
ACTION DOC 10000 9574 EXAMINING_DOCUMENT b'988651'
ACTION SNIPPET 10000 9577 SNIPPET_NOT_RELEVANT b'1203923'
ACTION SNIPPET 10000 9580 SNIPPET_NOT_RELEVANT b'619046'
ACTION SNIPPET 10000 9583 SNIPPET_NOT_RELEVANT b'852666'
ACTION SNIPPET 10000 9586 SNIPPET_RELEVANT b'166495'
ACTION DOC 10000 9606 EXAMINING_DOCUMENT b'166495'
ACTION SNIPPET 10000 9609 SNIPPET_NOT_RELEVANT b'626931'
ACTION SNIPPET 10000 9612 SNIPPET_NOT_RELEVANT b'107955'
ACTION SNIPPET 10000 9615 SNIPPET_RELEVANT b'1489936'
ACTION DOC 10000 9635 EXAMINING_DOCUMENT b'1489936'
ACTION QUERY 10000 9645 journalist risks cigar
ACTION SERP 10000 9650 EXAMINE_SERP
ACTION SNIPPET 10000 9653 SNIPPET_RELEVANT b'853858'
ACTION DOC 10000 9673 EXAMINING_DOCUMENT b'853858'
ACTION SNIPPET 10000 9676 SNIPPET_RELEVANT b'820824'
ACTION DOC 10000 9696 EXAMINING_DOCUMENT b'820824'
ACTION SNIPPET 10000 9699 SNIPPET_NOT_RELEVANT b'931873'
ACTION SNIPPET 10000 9702 SNIPPET_RELEVANT b'1125273'
ACTION DOC 10000 9722 EXAMINING_DOCUMENT b'1125273'
ACTION SNIPPET 10000 9725 SNIPPET_NOT_RELEVANT b'909410'
ACTION SNIPPET 10000 9728 SNIPPET_NOT_RELEVANT b'863279'
ACTION SNIPPET 10000 9731 SNIPPET_NOT_RELEVANT b'531718'
ACTION SNIPPET 10000 9734 SNIPPET_NOT_RELEVANT b'1005086'
ACTION SNIPPET 10000 9737 SNIPPET_RELEVANT b'810071'
ACTION DOC 10000 9757 EXAMINING_DOCUMENT b'810071'
ACTION SNIPPET 10000 9760 SNIPPET_RELEVANT b'1018596'
ACTION DOC 10000 9780 EXAMINING_DOCUMENT b'1018596'
ACTION QUERY 10000 9790 journalist risks race
ACTION SERP 10000 9795 EXAMINE_SERP
ACTION SNIPPET 10000 9798 SEEN_PREVIOUSLY b'796596'
ACTION SNIPPET 10000 9801 SEEN_PREVIOUSLY b'796745'
ACTION SNIPPET 10000 9804 SEEN_PREVIOUSLY b'1106613'
ACTION SNIPPET 10000 9807 SNIPPET_NOT_RELEVANT b'1820192'
ACTION SNIPPET 10000 9810 SNIPPET_NOT_RELEVANT b'1140963'
ACTION SNIPPET 10000 9813 SNIPPET_RELEVANT b'269883'
ACTION DOC 10000 9833 EXAMINING_DOCUMENT b'269883'
ACTION SNIPPET 10000 9836 SNIPPET_NOT_RELEVANT b'45016'
ACTION SNIPPET 10000 9839 SNIPPET_NOT_RELEVANT b'112849'
ACTION SNIPPET 10000 9842 SNIPPET_RELEVANT b'1602778'
ACTION DOC 10000 9862 EXAMINING_DOCUMENT b'1602778'
ACTION SNIPPET 10000 9865 SNIPPET_RELEVANT b'1212662'
ACTION DOC 10000 9885 EXAMINING_DOCUMENT b'1212662'
ACTION QUERY 10000 9895 journalist risks linger
ACTION SERP 10000 9900 EXAMINE_SERP
ACTION SNIPPET 10000 9903 SNIPPET_NOT_RELEVANT b'147904'
ACTION SNIPPET 10000 9906 SEEN_PREVIOUSLY b'1002784'
ACTION SNIPPET 10000 9909 SEEN_PREVIOUSLY b'786822'
ACTION SNIPPET 10000 9912 SNIPPET_RELEVANT b'1846158'
ACTION DOC 10000 9932 EXAMINING_DOCUMENT b'1846158'
ACTION SNIPPET 10000 9935 SNIPPET_RELEVANT b'36490'
ACTION DOC 10000 9955 EXAMINING_DOCUMENT b'36490'
ACTION SNIPPET 10000 9958 SNIPPET_NOT_RELEVANT b'338812'
ACTION SNIPPET 10000 9961 SNIPPET_RELEVANT b'1783121'
ACTION DOC 10000 9981 EXAMINING_DOCUMENT b'1783121'
ACTION SNIPPET 10000 9984 SNIPPET_NOT_RELEVANT b'912404'
ACTION SNIPPET 10000 9987 SNIPPET_NOT_RELEVANT b'1646979'
ACTION SNIPPET 10000 9990 SEEN_PREVIOUSLY b'796596'
ACTION QUERY 10000 10000 journalist risks lithuania
INFO SUMMARY 
INFO TOTAL_QUERIES_ISSUED 80
INFO TOTAL_SNIPPETS_EXAMINED 790
INFO TOTAL_DOCUMENTS_EXAMINED 312
INFO TOTAL_DOCUMENTS_MARKED_RELEVANT 65
INFO TOTAL_ATTRACTIVE_SERP_IMPRESSIONS 79
INFO TOTAL_UNATTRACTIVE_SERP_IMPRESSIONS 0
