ACTION QUERY 10000 10 airport security
ACTION SERP 10000 15 EXAMINE_SERP
ACTION SNIPPET 10000 18 SNIPPET_RELEVANT b'871951'
ACTION DOC 10000 38 EXAMINING_DOCUMENT b'871951'
ACTION MARK 10000 41 CONSIDERED_RELEVANT b'871951'
ACTION SNIPPET 10000 44 SNIPPET_NOT_RELEVANT b'877817'
ACTION SNIPPET 10000 47 SNIPPET_RELEVANT b'1406057'
ACTION DOC 10000 67 EXAMINING_DOCUMENT b'1406057'
ACTION SNIPPET 10000 70 SNIPPET_RELEVANT b'1474304'
ACTION DOC 10000 90 EXAMINING_DOCUMENT b'1474304'
ACTION SNIPPET 10000 93 SNIPPET_NOT_RELEVANT b'104570'
ACTION SNIPPET 10000 96 SNIPPET_RELEVANT b'1326248'
ACTION DOC 10000 116 EXAMINING_DOCUMENT b'1326248'
ACTION MARK 10000 119 CONSIDERED_RELEVANT b'1326248'
ACTION SNIPPET 10000 122 SNIPPET_NOT_RELEVANT b'1353553'
ACTION SNIPPET 10000 125 SNIPPET_RELEVANT b'1401837'
ACTION DOC 10000 145 EXAMINING_DOCUMENT b'1401837'
ACTION SNIPPET 10000 148 SNIPPET_RELEVANT b'50316'
ACTION DOC 10000 168 EXAMINING_DOCUMENT b'50316'
ACTION SNIPPET 10000 171 SNIPPET_RELEVANT b'1330367'
ACTION DOC 10000 191 EXAMINING_DOCUMENT b'1330367'
ACTION QUERY 10000 201 airport security controls
ACTION SERP 10000 206 EXAMINE_SERP
ACTION SNIPPET 10000 209 SNIPPET_RELEVANT b'866479'
ACTION DOC 10000 229 EXAMINING_DOCUMENT b'866479'
ACTION SNIPPET 10000 232 SNIPPET_RELEVANT b'122698'
ACTION DOC 10000 252 EXAMINING_DOCUMENT b'122698'
ACTION SNIPPET 10000 255 SNIPPET_NOT_RELEVANT b'877817'
ACTION SNIPPET 10000 258 SNIPPET_NOT_RELEVANT b'1157740'
ACTION SNIPPET 10000 261 SNIPPET_NOT_RELEVANT b'993969'
ACTION SNIPPET 10000 264 SNIPPET_RELEVANT b'1328959'
ACTION DOC 10000 284 EXAMINING_DOCUMENT b'1328959'
ACTION SNIPPET 10000 287 SNIPPET_NOT_RELEVANT b'716037'
ACTION SNIPPET 10000 290 SNIPPET_NOT_RELEVANT b'249596'
ACTION SNIPPET 10000 293 SNIPPET_NOT_RELEVANT b'647944'
ACTION SNIPPET 10000 296 SNIPPET_NOT_RELEVANT b'1326538'
ACTION QUERY 10000 306 airport security systems
ACTION SERP 10000 311 EXAMINE_SERP
ACTION SNIPPET 10000 314 SNIPPET_RELEVANT b'620705'
ACTION DOC 10000 334 EXAMINING_DOCUMENT b'620705'
ACTION MARK 10000 337 CONSIDERED_RELEVANT b'620705'
ACTION SNIPPET 10000 340 SEEN_PREVIOUSLY b'122698'
ACTION SNIPPET 10000 343 SNIPPET_NOT_RELEVANT b'50782'
ACTION SNIPPET 10000 346 SNIPPET_RELEVANT b'1440512'
ACTION DOC 10000 366 EXAMINING_DOCUMENT b'1440512'
ACTION SNIPPET 10000 369 SNIPPET_NOT_RELEVANT b'877601'
ACTION SNIPPET 10000 372 SNIPPET_RELEVANT b'993969'
ACTION DOC 10000 392 EXAMINING_DOCUMENT b'993969'
ACTION SNIPPET 10000 395 SEEN_PREVIOUSLY b'1474304'
ACTION SNIPPET 10000 398 SNIPPET_RELEVANT b'238986'
ACTION DOC 10000 418 EXAMINING_DOCUMENT b'238986'
ACTION MARK 10000 421 CONSIDERED_RELEVANT b'238986'
ACTION SNIPPET 10000 424 SNIPPET_RELEVANT b'128012'
ACTION DOC 10000 444 EXAMINING_DOCUMENT b'128012'
ACTION SNIPPET 10000 447 SNIPPET_NOT_RELEVANT b'1396409'
ACTION QUERY 10000 457 airport security interrogation
ACTION SERP 10000 462 EXAMINE_SERP
ACTION SNIPPET 10000 465 SNIPPET_RELEVANT b'772141'
ACTION DOC 10000 485 EXAMINING_DOCUMENT b'772141'
ACTION SNIPPET 10000 488 SNIPPET_NOT_RELEVANT b'890342'
ACTION SNIPPET 10000 491 SNIPPET_RELEVANT b'1702625'
ACTION DOC 10000 511 EXAMINING_DOCUMENT b'1702625'
ACTION SNIPPET 10000 514 SNIPPET_NOT_RELEVANT b'1778361'
ACTION SNIPPET 10000 517 SNIPPET_NOT_RELEVANT b'1544073'
ACTION SNIPPET 10000 520 SNIPPET_NOT_RELEVANT b'1520887'
ACTION SNIPPET 10000 523 SNIPPET_RELEVANT b'249596'
ACTION DOC 10000 543 EXAMINING_DOCUMENT b'249596'
ACTION MARK 10000 546 CONSIDERED_RELEVANT b'249596'
ACTION SNIPPET 10000 549 SNIPPET_RELEVANT b'1607231'
ACTION DOC 10000 569 EXAMINING_DOCUMENT b'1607231'
ACTION SNIPPET 10000 572 SNIPPET_NOT_RELEVANT b'1504481'
ACTION SNIPPET 10000 575 SNIPPET_NOT_RELEVANT b'1791048'
ACTION QUERY 10000 585 airport security counter
ACTION SERP 10000 590 EXAMINE_SERP
ACTION SNIPPET 10000 593 SNIPPET_NOT_RELEVANT b'29197'
ACTION SNIPPET 10000 596 SNIPPET_RELEVANT b'890342'
ACTION DOC 10000 616 EXAMINING_DOCUMENT b'890342'
ACTION SNIPPET 10000 619 SNIPPET_NOT_RELEVANT b'1405958'
ACTION SNIPPET 10000 622 SNIPPET_NOT_RELEVANT b'1552542'
ACTION SNIPPET 10000 625 SNIPPET_NOT_RELEVANT b'419937'
ACTION SNIPPET 10000 628 SNIPPET_RELEVANT b'798731'
ACTION DOC 10000 648 EXAMINING_DOCUMENT b'798731'
ACTION SNIPPET 10000 651 SNIPPET_RELEVANT b'797972'
ACTION DOC 10000 671 EXAMINING_DOCUMENT b'797972'
ACTION SNIPPET 10000 674 SNIPPET_NOT_RELEVANT b'211341'
ACTION SNIPPET 10000 677 SNIPPET_RELEVANT b'439204'
ACTION DOC 10000 697 EXAMINING_DOCUMENT b'439204'
ACTION SNIPPET 10000 700 SNIPPET_NOT_RELEVANT b'1405943'
ACTION QUERY 10000 710 airport security baggage
ACTION SERP 10000 715 EXAMINE_SERP
ACTION SNIPPET 10000 718 SNIPPET_RELEVANT b'1523134'
ACTION DOC 10000 738 EXAMINING_DOCUMENT b'1523134'
ACTION SNIPPET 10000 741 SNIPPET_NOT_RELEVANT b'870965'
ACTION SNIPPET 10000 744 SNIPPET_NOT_RELEVANT b'1331372'
ACTION SNIPPET 10000 747 SEEN_PREVIOUSLY b'890342'
ACTION SNIPPET 10000 750 SNIPPET_NOT_RELEVANT b'1443897'
ACTION SNIPPET 10000 753 SNIPPET_RELEVANT b'233285'
ACTION DOC 10000 773 EXAMINING_DOCUMENT b'233285'
ACTION SNIPPET 10000 776 SNIPPET_RELEVANT b'159489'
ACTION DOC 10000 796 EXAMINING_DOCUMENT b'159489'
ACTION SNIPPET 10000 799 SNIPPET_NOT_RELEVANT b'1464033'
ACTION SNIPPET 10000 802 SNIPPET_NOT_RELEVANT b'1336604'
ACTION SNIPPET 10000 805 SNIPPET_NOT_RELEVANT b'419956'
ACTION QUERY 10000 815 airport security bring
ACTION SERP 10000 820 EXAMINE_SERP
ACTION SNIPPET 10000 823 SNIPPET_NOT_RELEVANT b'1782291'
ACTION SNIPPET 10000 826 SNIPPET_RELEVANT b'1784331'
ACTION DOC 10000 846 EXAMINING_DOCUMENT b'1784331'
ACTION SNIPPET 10000 849 SNIPPET_RELEVANT b'809526'
ACTION DOC 10000 869 EXAMINING_DOCUMENT b'809526'
ACTION SNIPPET 10000 872 SNIPPET_NOT_RELEVANT b'1334293'
ACTION SNIPPET 10000 875 SNIPPET_RELEVANT b'1843358'
ACTION DOC 10000 895 EXAMINING_DOCUMENT b'1843358'
ACTION SNIPPET 10000 898 SNIPPET_NOT_RELEVANT b'1782164'
ACTION SNIPPET 10000 901 SNIPPET_RELEVANT b'579641'
ACTION DOC 10000 921 EXAMINING_DOCUMENT b'579641'
ACTION SNIPPET 10000 924 SNIPPET_NOT_RELEVANT b'814151'
ACTION SNIPPET 10000 927 SNIPPET_NOT_RELEVANT b'1425140'
ACTION SNIPPET 10000 930 SNIPPET_NOT_RELEVANT b'800938'
ACTION QUERY 10000 940 airport security told
ACTION SERP 10000 945 EXAMINE_SERP
ACTION SNIPPET 10000 948 SNIPPET_NOT_RELEVANT b'57399'
ACTION SNIPPET 10000 951 SNIPPET_NOT_RELEVANT b'1326786'
ACTION SNIPPET 10000 954 SNIPPET_NOT_RELEVANT b'1443897'
ACTION SNIPPET 10000 957 SEEN_PREVIOUSLY b'798731'
ACTION SNIPPET 10000 960 SEEN_PREVIOUSLY b'797972'
ACTION SNIPPET 10000 963 SNIPPET_RELEVANT b'99691'
ACTION DOC 10000 983 EXAMINING_DOCUMENT b'99691'
ACTION SNIPPET 10000 986 SEEN_PREVIOUSLY b'50316'
ACTION SNIPPET 10000 989 SNIPPET_NOT_RELEVANT b'1331372'
ACTION SNIPPET 10000 992 SNIPPET_RELEVANT b'126315'
ACTION DOC 10000 1012 EXAMINING_DOCUMENT b'126315'
ACTION SNIPPET 10000 1015 SNIPPET_RELEVANT b'1470348'
ACTION DOC 10000 1035 EXAMINING_DOCUMENT b'1470348'
ACTION QUERY 10000 1045 airport security movies
ACTION SERP 10000 1050 EXAMINE_SERP
ACTION SNIPPET 10000 1053 SNIPPET_RELEVANT b'679634'
ACTION DOC 10000 1073 EXAMINING_DOCUMENT b'679634'
ACTION SNIPPET 10000 1076 SNIPPET_RELEVANT b'1580193'
ACTION DOC 10000 1096 EXAMINING_DOCUMENT b'1580193'
ACTION SNIPPET 10000 1099 SNIPPET_RELEVANT b'1110065'
ACTION DOC 10000 1119 EXAMINING_DOCUMENT b'1110065'
ACTION SNIPPET 10000 1122 SNIPPET_NOT_RELEVANT b'1418966'
ACTION SNIPPET 10000 1125 SNIPPET_RELEVANT b'854295'
ACTION DOC 10000 1145 EXAMINING_DOCUMENT b'854295'
ACTION SNIPPET 10000 1148 SNIPPET_NOT_RELEVANT b'1534503'
ACTION SNIPPET 10000 1151 SNIPPET_RELEVANT b'1461373'
ACTION DOC 10000 1171 EXAMINING_DOCUMENT b'1461373'
ACTION SNIPPET 10000 1174 SNIPPET_NOT_RELEVANT b'1629864'
ACTION SNIPPET 10000 1177 SNIPPET_NOT_RELEVANT b'782465'
ACTION SNIPPET 10000 1180 SNIPPET_RELEVANT b'1788798'
ACTION DOC 10000 1200 EXAMINING_DOCUMENT b'1788798'
ACTION QUERY 10000 1210 airport security producer
ACTION SERP 10000 1215 EXAMINE_SERP
ACTION SNIPPET 10000 1218 SNIPPET_NOT_RELEVANT b'1442451'
ACTION SNIPPET 10000 1221 SNIPPET_RELEVANT b'211341'
ACTION DOC 10000 1241 EXAMINING_DOCUMENT b'211341'
ACTION SNIPPET 10000 1244 SNIPPET_RELEVANT b'210675'
ACTION DOC 10000 1264 EXAMINING_DOCUMENT b'210675'
ACTION SNIPPET 10000 1267 SNIPPET_NOT_RELEVANT b'1761171'
ACTION SNIPPET 10000 1270 SNIPPET_RELEVANT b'1150833'
ACTION DOC 10000 1290 EXAMINING_DOCUMENT b'1150833'
ACTION SNIPPET 10000 1293 SNIPPET_RELEVANT b'211748'
ACTION DOC 10000 1313 EXAMINING_DOCUMENT b'211748'
ACTION SNIPPET 10000 1316 SNIPPET_NOT_RELEVANT b'1367994'
ACTION SNIPPET 10000 1319 SNIPPET_NOT_RELEVANT b'1353553'
ACTION SNIPPET 10000 1322 SNIPPET_NOT_RELEVANT b'810302'
ACTION SNIPPET 10000 1325 SNIPPET_NOT_RELEVANT b'1452973'
ACTION QUERY 10000 1335 airport security kennedys
ACTION SERP 10000 1340 EXAMINE_SERP
ACTION SNIPPET 10000 1343 SNIPPET_RELEVANT b'1819323'
ACTION DOC 10000 1363 EXAMINING_DOCUMENT b'1819323'
ACTION MARK 10000 1366 CONSIDERED_RELEVANT b'1819323'
ACTION SNIPPET 10000 1369 SNIPPET_NOT_RELEVANT b'1690788'
ACTION SNIPPET 10000 1372 SNIPPET_RELEVANT b'419950'
ACTION DOC 10000 1392 EXAMINING_DOCUMENT b'419950'
ACTION SNIPPET 10000 1395 SNIPPET_RELEVANT b'867368'
ACTION DOC 10000 1415 EXAMINING_DOCUMENT b'867368'
ACTION SNIPPET 10000 1418 SNIPPET_RELEVANT b'865860'
ACTION DOC 10000 1438 EXAMINING_DOCUMENT b'865860'
ACTION SNIPPET 10000 1441 SNIPPET_RELEVANT b'869785'
ACTION DOC 10000 1461 EXAMINING_DOCUMENT b'869785'
ACTION SNIPPET 10000 1464 SNIPPET_NOT_RELEVANT b'1218436'
ACTION SNIPPET 10000 1467 SEEN_PREVIOUSLY b'1401837'
ACTION SNIPPET 10000 1470 SNIPPET_NOT_RELEVANT b'1511476'
ACTION SNIPPET 10000 1473 SNIPPET_NOT_RELEVANT b'1162570'
ACTION QUERY 10000 1483 airport security nearest
ACTION SERP 10000 1488 EXAMINE_SERP
ACTION SNIPPET 10000 1491 SNIPPET_NOT_RELEVANT b'1122456'
ACTION SNIPPET 10000 1494 SNIPPET_RELEVANT b'765972'
ACTION DOC 10000 1514 EXAMINING_DOCUMENT b'765972'
ACTION SNIPPET 10000 1517 SNIPPET_NOT_RELEVANT b'1852037'
ACTION SNIPPET 10000 1520 SNIPPET_RELEVANT b'619528'
ACTION DOC 10000 1540 EXAMINING_DOCUMENT b'619528'
ACTION SNIPPET 10000 1543 SNIPPET_RELEVANT b'1619619'
ACTION DOC 10000 1563 EXAMINING_DOCUMENT b'1619619'
ACTION SNIPPET 10000 1566 SNIPPET_NOT_RELEVANT b'636742'
ACTION SNIPPET 10000 1569 SNIPPET_NOT_RELEVANT b'1333155'
ACTION SNIPPET 10000 1572 SNIPPET_NOT_RELEVANT b'234855'
ACTION SNIPPET 10000 1575 SNIPPET_NOT_RELEVANT b'539350'
ACTION SNIPPET 10000 1578 SNIPPET_NOT_RELEVANT b'1694581'
ACTION QUERY 10000 1588 airport security run
ACTION SERP 10000 1593 EXAMINE_SERP
ACTION SNIPPET 10000 1596 SNIPPET_NOT_RELEVANT b'1747819'
ACTION SNIPPET 10000 1599 SNIPPET_RELEVANT b'1344527'
ACTION DOC 10000 1619 EXAMINING_DOCUMENT b'1344527'
ACTION SNIPPET 10000 1622 SNIPPET_NOT_RELEVANT b'1330091'
ACTION SNIPPET 10000 1625 SNIPPET_RELEVANT b'1399640'
ACTION DOC 10000 1645 EXAMINING_DOCUMENT b'1399640'
ACTION SNIPPET 10000 1648 SNIPPET_NOT_RELEVANT b'1326515'
ACTION SNIPPET 10000 1651 SNIPPET_RELEVANT b'1782869'
ACTION DOC 10000 1671 EXAMINING_DOCUMENT b'1782869'
ACTION SNIPPET 10000 1674 SNIPPET_NOT_RELEVANT b'1337167'
ACTION SNIPPET 10000 1677 SNIPPET_NOT_RELEVANT b'1329682'
ACTION SNIPPET 10000 1680 SNIPPET_RELEVANT b'1465600'
ACTION DOC 10000 1700 EXAMINING_DOCUMENT b'1465600'
ACTION SNIPPET 10000 1703 SEEN_PREVIOUSLY b'1330367'
ACTION QUERY 10000 1713 airport security iraq
ACTION SERP 10000 1718 EXAMINE_SERP
ACTION SNIPPET 10000 1721 SNIPPET_NOT_RELEVANT b'1700844'
ACTION SNIPPET 10000 1724 SNIPPET_RELEVANT b'1625504'
ACTION DOC 10000 1744 EXAMINING_DOCUMENT b'1625504'
ACTION SNIPPET 10000 1747 SNIPPET_RELEVANT b'414590'
ACTION DOC 10000 1767 EXAMINING_DOCUMENT b'414590'
ACTION SNIPPET 10000 1770 SNIPPET_NOT_RELEVANT b'1510197'
ACTION SNIPPET 10000 1773 SNIPPET_NOT_RELEVANT b'1560471'
ACTION SNIPPET 10000 1776 SNIPPET_RELEVANT b'1476531'
ACTION DOC 10000 1796 EXAMINING_DOCUMENT b'1476531'
ACTION SNIPPET 10000 1799 SNIPPET_NOT_RELEVANT b'1486635'
ACTION SNIPPET 10000 1802 SNIPPET_RELEVANT b'1616806'
ACTION DOC 10000 1822 EXAMINING_DOCUMENT b'1616806'
ACTION SNIPPET 10000 1825 SNIPPET_NOT_RELEVANT b'434828'
ACTION SNIPPET 10000 1828 SNIPPET_RELEVANT b'419943'
ACTION DOC 10000 1848 EXAMINING_DOCUMENT b'419943'
ACTION QUERY 10000 1858 airport security families
ACTION SERP 10000 1863 EXAMINE_SERP
ACTION SNIPPET 10000 1866 SNIPPET_NOT_RELEVANT b'387644'
ACTION SNIPPET 10000 1869 SNIPPET_RELEVANT b'262139'
ACTION DOC 10000 1889 EXAMINING_DOCUMENT b'262139'
ACTION SNIPPET 10000 1892 SEEN_PREVIOUSLY b'1474304'
ACTION SNIPPET 10000 1895 SNIPPET_RELEVANT b'1341562'
ACTION DOC 10000 1915 EXAMINING_DOCUMENT b'1341562'
ACTION SNIPPET 10000 1918 SNIPPET_NOT_RELEVANT b'1786065'
ACTION SNIPPET 10000 1921 SNIPPET_RELEVANT b'1328906'
ACTION DOC 10000 1941 EXAMINING_DOCUMENT b'1328906'
ACTION SNIPPET 10000 1944 SNIPPET_RELEVANT b'1782291'
ACTION DOC 10000 1964 EXAMINING_DOCUMENT b'1782291'
ACTION SNIPPET 10000 1967 SNIPPET_RELEVANT b'1820046'
ACTION DOC 10000 1987 EXAMINING_DOCUMENT b'1820046'
ACTION SNIPPET 10000 1990 SNIPPET_NOT_RELEVANT b'1459821'
ACTION SNIPPET 10000 1993 SNIPPET_RELEVANT b'782465'
ACTION DOC 10000 2013 EXAMINING_DOCUMENT b'782465'
ACTION QUERY 10000 2023 airport security arent
ACTION SERP 10000 2028 EXAMINE_SERP
ACTION SNIPPET 10000 2031 SNIPPET_RELEVANT b'449771'
ACTION DOC 10000 2051 EXAMINING_DOCUMENT b'449771'
ACTION SNIPPET 10000 2054 SNIPPET_NOT_RELEVANT b'418082'
ACTION SNIPPET 10000 2057 SNIPPET_RELEVANT b'466848'
ACTION DOC 10000 2077 EXAMINING_DOCUMENT b'466848'
ACTION SNIPPET 10000 2080 SNIPPET_NOT_RELEVANT b'607177'
ACTION SNIPPET 10000 2083 SNIPPET_NOT_RELEVANT b'424896'
ACTION SNIPPET 10000 2086 SNIPPET_NOT_RELEVANT b'1764955'
ACTION SNIPPET 10000 2089 SNIPPET_NOT_RELEVANT b'1802971'
ACTION SNIPPET 10000 2092 SNIPPET_NOT_RELEVANT b'68724'
ACTION SNIPPET 10000 2095 SNIPPET_NOT_RELEVANT b'786692'
ACTION SNIPPET 10000 2098 SNIPPET_RELEVANT b'121225'
ACTION DOC 10000 2118 EXAMINING_DOCUMENT b'121225'
ACTION QUERY 10000 2128 airport security michelle
ACTION SERP 10000 2133 EXAMINE_SERP
ACTION SNIPPET 10000 2136 SNIPPET_RELEVANT b'420762'
ACTION DOC 10000 2156 EXAMINING_DOCUMENT b'420762'
ACTION SNIPPET 10000 2159 SNIPPET_NOT_RELEVANT b'871783'
ACTION SNIPPET 10000 2162 SNIPPET_NOT_RELEVANT b'1726180'
ACTION SNIPPET 10000 2165 SNIPPET_RELEVANT b'285866'
ACTION DOC 10000 2185 EXAMINING_DOCUMENT b'285866'
ACTION SNIPPET 10000 2188 SNIPPET_RELEVANT b'1757659'
ACTION DOC 10000 2208 EXAMINING_DOCUMENT b'1757659'
ACTION SNIPPET 10000 2211 SNIPPET_RELEVANT b'231322'
ACTION DOC 10000 2231 EXAMINING_DOCUMENT b'231322'
ACTION SNIPPET 10000 2234 SNIPPET_RELEVANT b'865643'
ACTION DOC 10000 2254 EXAMINING_DOCUMENT b'865643'
ACTION SNIPPET 10000 2257 SEEN_PREVIOUSLY b'211748'
ACTION SNIPPET 10000 2260 SNIPPET_NOT_RELEVANT b'1378024'
ACTION SNIPPET 10000 2263 SNIPPET_RELEVANT b'163164'
ACTION DOC 10000 2283 EXAMINING_DOCUMENT b'163164'
ACTION QUERY 10000 2293 airport security reporter
ACTION SERP 10000 2298 EXAMINE_SERP
ACTION SNIPPET 10000 2301 SNIPPET_RELEVANT b'655267'
ACTION DOC 10000 2321 EXAMINING_DOCUMENT b'655267'
ACTION SNIPPET 10000 2324 SNIPPET_RELEVANT b'877162'
ACTION DOC 10000 2344 EXAMINING_DOCUMENT b'877162'
ACTION SNIPPET 10000 2347 SNIPPET_NOT_RELEVANT b'1157740'
ACTION SNIPPET 10000 2350 SNIPPET_NOT_RELEVANT b'1458964'
ACTION SNIPPET 10000 2353 SNIPPET_RELEVANT b'1329335'
ACTION DOC 10000 2373 EXAMINING_DOCUMENT b'1329335'
ACTION SNIPPET 10000 2376 SNIPPET_NOT_RELEVANT b'57399'
ACTION SNIPPET 10000 2379 SEEN_PREVIOUSLY b'866479'
ACTION SNIPPET 10000 2382 SNIPPET_RELEVANT b'867617'
ACTION DOC 10000 2402 EXAMINING_DOCUMENT b'867617'
ACTION SNIPPET 10000 2405 SNIPPET_NOT_RELEVANT b'1632943'
ACTION SNIPPET 10000 2408 SNIPPET_RELEVANT b'662225'
ACTION DOC 10000 2428 EXAMINING_DOCUMENT b'662225'
ACTION QUERY 10000 2438 airport security afa
ACTION SERP 10000 2443 EXAMINE_SERP
ACTION SNIPPET 10000 2446 SNIPPET_NOT_RELEVANT b'1080214'
ACTION SNIPPET 10000 2449 SNIPPET_NOT_RELEVANT b'534759'
ACTION SNIPPET 10000 2452 SNIPPET_NOT_RELEVANT b'1669330'
ACTION SNIPPET 10000 2455 SNIPPET_RELEVANT b'1669704'
ACTION DOC 10000 2475 EXAMINING_DOCUMENT b'1669704'
ACTION SNIPPET 10000 2478 SNIPPET_RELEVANT b'983962'
ACTION DOC 10000 2498 EXAMINING_DOCUMENT b'983962'
ACTION SNIPPET 10000 2501 SNIPPET_NOT_RELEVANT b'1669952'
ACTION SNIPPET 10000 2504 SNIPPET_NOT_RELEVANT b'1677226'
ACTION SNIPPET 10000 2507 SNIPPET_NOT_RELEVANT b'1826863'
ACTION SNIPPET 10000 2510 SNIPPET_NOT_RELEVANT b'1175214'
ACTION SNIPPET 10000 2513 SNIPPET_NOT_RELEVANT b'123696'
ACTION QUERY 10000 2523 airport security fell
ACTION SERP 10000 2528 EXAMINE_SERP
ACTION SNIPPET 10000 2531 SNIPPET_NOT_RELEVANT b'843531'
ACTION SNIPPET 10000 2534 SNIPPET_NOT_RELEVANT b'865566'
ACTION SNIPPET 10000 2537 SEEN_PREVIOUSLY b'866479'
ACTION SNIPPET 10000 2540 SNIPPET_NOT_RELEVANT b'1370850'
ACTION SNIPPET 10000 2543 SNIPPET_RELEVANT b'1577296'
ACTION DOC 10000 2563 EXAMINING_DOCUMENT b'1577296'
ACTION SNIPPET 10000 2566 SNIPPET_NOT_RELEVANT b'1343078'
ACTION SNIPPET 10000 2569 SNIPPET_NOT_RELEVANT b'1673212'
ACTION SNIPPET 10000 2572 SNIPPET_NOT_RELEVANT b'1405958'
ACTION SNIPPET 10000 2575 SNIPPET_RELEVANT b'684780'
ACTION DOC 10000 2595 EXAMINING_DOCUMENT b'684780'
ACTION SNIPPET 10000 2598 SNIPPET_NOT_RELEVANT b'1354288'
ACTION QUERY 10000 2608 airport security state
ACTION SERP 10000 2613 EXAMINE_SERP
ACTION SNIPPET 10000 2616 SEEN_PREVIOUSLY b'1330367'
ACTION SNIPPET 10000 2619 SEEN_PREVIOUSLY b'798731'
ACTION SNIPPET 10000 2622 SEEN_PREVIOUSLY b'797972'
ACTION SNIPPET 10000 2625 SNIPPET_RELEVANT b'843531'
ACTION DOC 10000 2645 EXAMINING_DOCUMENT b'843531'
ACTION SNIPPET 10000 2648 SNIPPET_NOT_RELEVANT b'1383446'
ACTION SNIPPET 10000 2651 SEEN_PREVIOUSLY b'866479'
ACTION SNIPPET 10000 2654 SNIPPET_RELEVANT b'606144'
ACTION DOC 10000 2674 EXAMINING_DOCUMENT b'606144'
ACTION SNIPPET 10000 2677 SNIPPET_NOT_RELEVANT b'1684877'
ACTION SNIPPET 10000 2680 SEEN_PREVIOUSLY b'867368'
ACTION SNIPPET 10000 2683 SNIPPET_NOT_RELEVANT b'771168'
ACTION QUERY 10000 2693 airport security safe
ACTION SERP 10000 2698 EXAMINE_SERP
ACTION SNIPPET 10000 2701 SNIPPET_NOT_RELEVANT b'1758027'
ACTION SNIPPET 10000 2704 SEEN_PREVIOUSLY b'99691'
ACTION SNIPPET 10000 2707 SNIPPET_NOT_RELEVANT b'1331238'
ACTION SNIPPET 10000 2710 SNIPPET_NOT_RELEVANT b'387644'
ACTION SNIPPET 10000 2713 SNIPPET_NOT_RELEVANT b'1325984'
ACTION SNIPPET 10000 2716 SNIPPET_NOT_RELEVANT b'1327844'
ACTION SNIPPET 10000 2719 SNIPPET_RELEVANT b'1424356'
ACTION DOC 10000 2739 EXAMINING_DOCUMENT b'1424356'
ACTION SNIPPET 10000 2742 SNIPPET_RELEVANT b'1332854'
ACTION DOC 10000 2762 EXAMINING_DOCUMENT b'1332854'
ACTION SNIPPET 10000 2765 SNIPPET_NOT_RELEVANT b'1331208'
ACTION SNIPPET 10000 2768 SNIPPET_NOT_RELEVANT b'1354284'
ACTION QUERY 10000 2778 airport security name
ACTION SERP 10000 2783 EXAMINE_SERP
ACTION SNIPPET 10000 2786 SEEN_PREVIOUSLY b'50316'
ACTION SNIPPET 10000 2789 SEEN_PREVIOUSLY b'1820046'
ACTION SNIPPET 10000 2792 SNIPPET_NOT_RELEVANT b'1415432'
ACTION SNIPPET 10000 2795 SNIPPET_RELEVANT b'419956'
ACTION DOC 10000 2815 EXAMINING_DOCUMENT b'419956'
ACTION SNIPPET 10000 2818 SNIPPET_NOT_RELEVANT b'1326515'
ACTION SNIPPET 10000 2821 SEEN_PREVIOUSLY b'1401837'
ACTION SNIPPET 10000 2824 SEEN_PREVIOUSLY b'662225'
ACTION SNIPPET 10000 2827 SNIPPET_NOT_RELEVANT b'1609040'
ACTION SNIPPET 10000 2830 SNIPPET_NOT_RELEVANT b'810302'
ACTION SNIPPET 10000 2833 SNIPPET_RELEVANT b'579666'
ACTION DOC 10000 2853 EXAMINING_DOCUMENT b'579666'
ACTION QUERY 10000 2863 airport security window
ACTION SERP 10000 2868 EXAMINE_SERP
ACTION SNIPPET 10000 2871 SEEN_PREVIOUSLY b'1788798'
ACTION SNIPPET 10000 2874 SEEN_PREVIOUSLY b'1474304'
ACTION SNIPPET 10000 2877 SNIPPET_NOT_RELEVANT b'1676238'
ACTION SNIPPET 10000 2880 SNIPPET_NOT_RELEVANT b'1451637'
ACTION SNIPPET 10000 2883 SNIPPET_NOT_RELEVANT b'1608424'
ACTION SNIPPET 10000 2886 SNIPPET_NOT_RELEVANT b'505119'
ACTION SNIPPET 10000 2889 SNIPPET_NOT_RELEVANT b'1678786'
ACTION SNIPPET 10000 2892 SNIPPET_NOT_RELEVANT b'594476'
ACTION SNIPPET 10000 2895 SEEN_PREVIOUSLY b'1440512'
ACTION SNIPPET 10000 2898 SNIPPET_NOT_RELEVANT b'806683'
ACTION QUERY 10000 2908 airport security jiff
ACTION SERP 10000 2913 EXAMINE_SERP
ACTION SNIPPET 10000 2916 SNIPPET_NOT_RELEVANT b'1130185'
ACTION SNIPPET 10000 2919 SNIPPET_NOT_RELEVANT b'1168440'
ACTION SNIPPET 10000 2922 SNIPPET_NOT_RELEVANT b'1509315'
ACTION SNIPPET 10000 2925 SNIPPET_NOT_RELEVANT b'242883'
ACTION SNIPPET 10000 2928 SNIPPET_NOT_RELEVANT b'877817'
ACTION SNIPPET 10000 2931 SEEN_PREVIOUSLY b'1406057'
ACTION SNIPPET 10000 2934 SEEN_PREVIOUSLY b'1474304'
ACTION SNIPPET 10000 2937 SNIPPET_NOT_RELEVANT b'104570'
ACTION SNIPPET 10000 2940 SNIPPET_NOT_RELEVANT b'1353553'
ACTION SNIPPET 10000 2943 SEEN_PREVIOUSLY b'1401837'
ACTION QUERY 10000 2953 airport security yugo
ACTION SERP 10000 2958 EXAMINE_SERP
ACTION SNIPPET 10000 2961 SNIPPET_NOT_RELEVANT b'916690'
ACTION SNIPPET 10000 2964 SNIPPET_RELEVANT b'219135'
ACTION DOC 10000 2984 EXAMINING_DOCUMENT b'219135'
ACTION SNIPPET 10000 2987 SNIPPET_NOT_RELEVANT b'102927'
ACTION SNIPPET 10000 2990 SNIPPET_RELEVANT b'929057'
ACTION DOC 10000 3010 EXAMINING_DOCUMENT b'929057'
ACTION SNIPPET 10000 3013 SNIPPET_NOT_RELEVANT b'311028'
ACTION SNIPPET 10000 3016 SNIPPET_RELEVANT b'531028'
ACTION DOC 10000 3036 EXAMINING_DOCUMENT b'531028'
ACTION SNIPPET 10000 3039 SNIPPET_NOT_RELEVANT b'137227'
ACTION SNIPPET 10000 3042 SNIPPET_NOT_RELEVANT b'766558'
ACTION SNIPPET 10000 3045 SNIPPET_RELEVANT b'523027'
ACTION DOC 10000 3065 EXAMINING_DOCUMENT b'523027'
ACTION SNIPPET 10000 3068 SNIPPET_RELEVANT b'228227'
ACTION DOC 10000 3088 EXAMINING_DOCUMENT b'228227'
ACTION QUERY 10000 3098 airport security fail
ACTION SERP 10000 3103 EXAMINE_SERP
ACTION SNIPPET 10000 3106 SNIPPET_NOT_RELEVANT b'1334293'
ACTION SNIPPET 10000 3109 SNIPPET_NOT_RELEVANT b'1077948'
ACTION SNIPPET 10000 3112 SEEN_PREVIOUSLY b'655267'
ACTION SNIPPET 10000 3115 SNIPPET_NOT_RELEVANT b'1339277'
ACTION SNIPPET 10000 3118 SNIPPET_NOT_RELEVANT b'1458964'
ACTION SNIPPET 10000 3121 SEEN_PREVIOUSLY b'126315'
ACTION SNIPPET 10000 3124 SNIPPET_NOT_RELEVANT b'1342578'
ACTION SNIPPET 10000 3127 SNIPPET_NOT_RELEVANT b'1745789'
ACTION SNIPPET 10000 3130 SNIPPET_NOT_RELEVANT b'1333159'
ACTION SNIPPET 10000 3133 SNIPPET_NOT_RELEVANT b'1343427'
ACTION QUERY 10000 3143 airport security leave
ACTION SERP 10000 3148 EXAMINE_SERP
ACTION SNIPPET 10000 3151 SNIPPET_NOT_RELEVANT b'866307'
ACTION SNIPPET 10000 3154 SEEN_PREVIOUSLY b'866479'
ACTION SNIPPET 10000 3157 SNIPPET_NOT_RELEVANT b'1453938'
ACTION SNIPPET 10000 3160 SEEN_PREVIOUSLY b'867368'
ACTION SNIPPET 10000 3163 SNIPPET_RELEVANT b'1405943'
ACTION DOC 10000 3183 EXAMINING_DOCUMENT b'1405943'
ACTION SNIPPET 10000 3186 SNIPPET_NOT_RELEVANT b'419948'
ACTION SNIPPET 10000 3189 SNIPPET_NOT_RELEVANT b'1332442'
ACTION SNIPPET 10000 3192 SEEN_PREVIOUSLY b'772141'
ACTION SNIPPET 10000 3195 SNIPPET_RELEVANT b'1381155'
ACTION DOC 10000 3215 EXAMINING_DOCUMENT b'1381155'
ACTION SNIPPET 10000 3218 SEEN_PREVIOUSLY b'122698'
ACTION QUERY 10000 3228 airport security sticker
ACTION SERP 10000 3233 EXAMINE_SERP
ACTION SNIPPET 10000 3236 SNIPPET_RELEVANT b'916657'
ACTION DOC 10000 3256 EXAMINING_DOCUMENT b'916657'
ACTION SNIPPET 10000 3259 SNIPPET_NOT_RELEVANT b'1758027'
ACTION SNIPPET 10000 3262 SNIPPET_NOT_RELEVANT b'1692897'
ACTION SNIPPET 10000 3265 SNIPPET_RELEVANT b'1799752'
ACTION DOC 10000 3285 EXAMINING_DOCUMENT b'1799752'
ACTION SNIPPET 10000 3288 SNIPPET_NOT_RELEVANT b'1012491'
ACTION SNIPPET 10000 3291 SNIPPET_RELEVANT b'478852'
ACTION DOC 10000 3311 EXAMINING_DOCUMENT b'478852'
ACTION SNIPPET 10000 3314 SNIPPET_NOT_RELEVANT b'1505717'
ACTION SNIPPET 10000 3317 SNIPPET_RELEVANT b'1141353'
ACTION DOC 10000 3337 EXAMINING_DOCUMENT b'1141353'
ACTION SNIPPET 10000 3340 SNIPPET_NOT_RELEVANT b'620367'
ACTION SNIPPET 10000 3343 SNIPPET_NOT_RELEVANT b'24473'
ACTION QUERY 10000 3353 airport security debate
ACTION SERP 10000 3358 EXAMINE_SERP
ACTION SNIPPET 10000 3361 SNIPPET_NOT_RELEVANT b'280352'
ACTION SNIPPET 10000 3364 SNIPPET_NOT_RELEVANT b'1344225'
ACTION SNIPPET 10000 3367 SNIPPET_NOT_RELEVANT b'1334631'
ACTION SNIPPET 10000 3370 SNIPPET_RELEVANT b'1340795'
ACTION DOC 10000 3390 EXAMINING_DOCUMENT b'1340795'
ACTION SNIPPET 10000 3393 SEEN_PREVIOUSLY b'1474304'
ACTION SNIPPET 10000 3396 SEEN_PREVIOUSLY b'1820046'
ACTION SNIPPET 10000 3399 SNIPPET_RELEVANT b'1343418'
ACTION DOC 10000 3419 EXAMINING_DOCUMENT b'1343418'
ACTION SNIPPET 10000 3422 SNIPPET_RELEVANT b'1332741'
ACTION DOC 10000 3442 EXAMINING_DOCUMENT b'1332741'
ACTION SNIPPET 10000 3445 SNIPPET_NOT_RELEVANT b'313396'
ACTION SNIPPET 10000 3448 SNIPPET_NOT_RELEVANT b'1338925'
ACTION QUERY 10000 3458 airport security fined
ACTION SERP 10000 3463 EXAMINE_SERP
ACTION SNIPPET 10000 3466 SNIPPET_RELEVANT b'57399'
ACTION DOC 10000 3486 EXAMINING_DOCUMENT b'57399'
ACTION SNIPPET 10000 3489 SNIPPET_RELEVANT b'1561395'
ACTION DOC 10000 3509 EXAMINING_DOCUMENT b'1561395'
ACTION SNIPPET 10000 3512 SNIPPET_NOT_RELEVANT b'176320'
ACTION SNIPPET 10000 3515 SNIPPET_RELEVANT b'1364041'
ACTION DOC 10000 3535 EXAMINING_DOCUMENT b'1364041'
ACTION SNIPPET 10000 3538 SNIPPET_RELEVANT b'213281'
ACTION DOC 10000 3558 EXAMINING_DOCUMENT b'213281'
ACTION SNIPPET 10000 3561 SNIPPET_RELEVANT b'1334631'
ACTION DOC 10000 3581 EXAMINING_DOCUMENT b'1334631'
ACTION SNIPPET 10000 3584 SNIPPET_RELEVANT b'1341105'
ACTION DOC 10000 3604 EXAMINING_DOCUMENT b'1341105'
ACTION SNIPPET 10000 3607 SNIPPET_RELEVANT b'1511876'
ACTION DOC 10000 3627 EXAMINING_DOCUMENT b'1511876'
ACTION SNIPPET 10000 3630 SNIPPET_RELEVANT b'204771'
ACTION DOC 10000 3650 EXAMINING_DOCUMENT b'204771'
ACTION SNIPPET 10000 3653 SNIPPET_NOT_RELEVANT b'1327882'
ACTION QUERY 10000 3663 airport security detecting
ACTION SERP 10000 3668 EXAMINE_SERP
ACTION SNIPPET 10000 3671 SEEN_PREVIOUSLY b'50316'
ACTION SNIPPET 10000 3674 SNIPPET_NOT_RELEVANT b'1354247'
ACTION SNIPPET 10000 3677 SNIPPET_RELEVANT b'868879'
ACTION DOC 10000 3697 EXAMINING_DOCUMENT b'868879'
ACTION SNIPPET 10000 3700 SNIPPET_RELEVANT b'1691553'
ACTION DOC 10000 3720 EXAMINING_DOCUMENT b'1691553'
ACTION SNIPPET 10000 3723 SNIPPET_NOT_RELEVANT b'1363815'
ACTION SNIPPET 10000 3726 SNIPPET_RELEVANT b'50782'
ACTION DOC 10000 3746 EXAMINING_DOCUMENT b'50782'
ACTION SNIPPET 10000 3749 SNIPPET_RELEVANT b'1349453'
ACTION DOC 10000 3769 EXAMINING_DOCUMENT b'1349453'
ACTION MARK 10000 3772 CONSIDERED_RELEVANT b'1349453'
ACTION SNIPPET 10000 3775 SNIPPET_NOT_RELEVANT b'279661'
ACTION SNIPPET 10000 3778 SNIPPET_NOT_RELEVANT b'1015035'
ACTION SNIPPET 10000 3781 SNIPPET_NOT_RELEVANT b'1399208'
ACTION QUERY 10000 3791 airport security raising
ACTION SERP 10000 3796 EXAMINE_SERP
ACTION SNIPPET 10000 3799 SEEN_PREVIOUSLY b'1784331'
ACTION SNIPPET 10000 3802 SNIPPET_NOT_RELEVANT b'786502'
ACTION SNIPPET 10000 3805 SNIPPET_RELEVANT b'1632943'
ACTION DOC 10000 3825 EXAMINING_DOCUMENT b'1632943'
ACTION SNIPPET 10000 3828 SEEN_PREVIOUSLY b'1511876'
ACTION SNIPPET 10000 3831 SNIPPET_RELEVANT b'1783491'
ACTION DOC 10000 3851 EXAMINING_DOCUMENT b'1783491'
ACTION SNIPPET 10000 3854 SNIPPET_NOT_RELEVANT b'1652864'
ACTION SNIPPET 10000 3857 SNIPPET_RELEVANT b'1341104'
ACTION DOC 10000 3877 EXAMINING_DOCUMENT b'1341104'
ACTION SNIPPET 10000 3880 SNIPPET_NOT_RELEVANT b'1382655'
ACTION SNIPPET 10000 3883 SNIPPET_RELEVANT b'654120'
ACTION DOC 10000 3903 EXAMINING_DOCUMENT b'654120'
ACTION SNIPPET 10000 3906 SNIPPET_RELEVANT b'1343078'
ACTION DOC 10000 3926 EXAMINING_DOCUMENT b'1343078'
ACTION QUERY 10000 3936 airport security toughen
ACTION SERP 10000 3941 EXAMINE_SERP
ACTION SNIPPET 10000 3944 SNIPPET_NOT_RELEVANT b'1472249'
ACTION SNIPPET 10000 3947 SNIPPET_RELEVANT b'210177'
ACTION DOC 10000 3967 EXAMINING_DOCUMENT b'210177'
ACTION MARK 10000 3970 CONSIDERED_RELEVANT b'210177'
ACTION SNIPPET 10000 3973 SEEN_PREVIOUSLY b'204771'
ACTION SNIPPET 10000 3976 SNIPPET_NOT_RELEVANT b'933770'
ACTION SNIPPET 10000 3979 SNIPPET_RELEVANT b'1619417'
ACTION DOC 10000 3999 EXAMINING_DOCUMENT b'1619417'
ACTION SNIPPET 10000 4002 SNIPPET_NOT_RELEVANT b'1150989'
ACTION SNIPPET 10000 4005 SNIPPET_NOT_RELEVANT b'23512'
ACTION SNIPPET 10000 4008 SNIPPET_NOT_RELEVANT b'1348318'
ACTION SNIPPET 10000 4011 SNIPPET_NOT_RELEVANT b'1407609'
ACTION SNIPPET 10000 4014 SNIPPET_NOT_RELEVANT b'408671'
ACTION QUERY 10000 4024 airport security bombed
ACTION SERP 10000 4029 EXAMINE_SERP
ACTION SNIPPET 10000 4032 SNIPPET_RELEVANT b'310566'
ACTION DOC 10000 4052 EXAMINING_DOCUMENT b'310566'
ACTION SNIPPET 10000 4055 SNIPPET_NOT_RELEVANT b'1354247'
ACTION SNIPPET 10000 4058 SNIPPET_RELEVANT b'869461'
ACTION DOC 10000 4078 EXAMINING_DOCUMENT b'869461'
ACTION SNIPPET 10000 4081 SNIPPET_NOT_RELEVANT b'222024'
ACTION SNIPPET 10000 4084 SNIPPET_NOT_RELEVANT b'877817'
ACTION SNIPPET 10000 4087 SNIPPET_RELEVANT b'209098'
ACTION DOC 10000 4107 EXAMINING_DOCUMENT b'209098'
ACTION SNIPPET 10000 4110 SNIPPET_RELEVANT b'280352'
ACTION DOC 10000 4130 EXAMINING_DOCUMENT b'280352'
ACTION SNIPPET 10000 4133 SEEN_PREVIOUSLY b'233285'
ACTION SNIPPET 10000 4136 SNIPPET_RELEVANT b'232606'
ACTION DOC 10000 4156 EXAMINING_DOCUMENT b'232606'
ACTION SNIPPET 10000 4159 SEEN_PREVIOUSLY b'866479'
ACTION QUERY 10000 4169 airport security argen
ACTION SERP 10000 4174 EXAMINE_SERP
ACTION SNIPPET 10000 4177 SNIPPET_NOT_RELEVANT b'877817'
ACTION SNIPPET 10000 4180 SEEN_PREVIOUSLY b'1406057'
ACTION SNIPPET 10000 4183 SEEN_PREVIOUSLY b'1474304'
ACTION SNIPPET 10000 4186 SNIPPET_RELEVANT b'104570'
ACTION DOC 10000 4206 EXAMINING_DOCUMENT b'104570'
ACTION SNIPPET 10000 4209 SNIPPET_NOT_RELEVANT b'1353553'
ACTION SNIPPET 10000 4212 SEEN_PREVIOUSLY b'1401837'
ACTION SNIPPET 10000 4215 SEEN_PREVIOUSLY b'50316'
ACTION SNIPPET 10000 4218 SEEN_PREVIOUSLY b'1330367'
ACTION SNIPPET 10000 4221 SNIPPET_RELEVANT b'1415432'
ACTION DOC 10000 4241 EXAMINING_DOCUMENT b'1415432'
ACTION SNIPPET 10000 4244 SEEN_PREVIOUSLY b'159489'
ACTION QUERY 10000 4254 airport security drawings
ACTION SERP 10000 4259 EXAMINE_SERP
ACTION SNIPPET 10000 4262 SNIPPET_NOT_RELEVANT b'1377604'
ACTION SNIPPET 10000 4265 SNIPPET_NOT_RELEVANT b'1782293'
ACTION SNIPPET 10000 4268 SNIPPET_NOT_RELEVANT b'1329423'
ACTION SNIPPET 10000 4271 SNIPPET_NOT_RELEVANT b'1733800'
ACTION SNIPPET 10000 4274 SNIPPET_RELEVANT b'1053344'
ACTION DOC 10000 4294 EXAMINING_DOCUMENT b'1053344'
ACTION MARK 10000 4297 CONSIDERED_RELEVANT b'1053344'
ACTION SNIPPET 10000 4300 SNIPPET_NOT_RELEVANT b'1331208'
ACTION SNIPPET 10000 4303 SNIPPET_NOT_RELEVANT b'1476485'
ACTION SNIPPET 10000 4306 SNIPPET_NOT_RELEVANT b'1354294'
ACTION SNIPPET 10000 4309 SNIPPET_NOT_RELEVANT b'1397359'
ACTION SNIPPET 10000 4312 SNIPPET_RELEVANT b'1736027'
ACTION DOC 10000 4332 EXAMINING_DOCUMENT b'1736027'
ACTION QUERY 10000 4342 airport security hackers
ACTION SERP 10000 4347 EXAMINE_SERP
ACTION SNIPPET 10000 4350 SNIPPET_RELEVANT b'1530233'
ACTION DOC 10000 4370 EXAMINING_DOCUMENT b'1530233'
ACTION SNIPPET 10000 4373 SNIPPET_NOT_RELEVANT b'1357876'
ACTION SNIPPET 10000 4376 SEEN_PREVIOUSLY b'1341105'
ACTION SNIPPET 10000 4379 SNIPPET_NOT_RELEVANT b'1003311'
ACTION SNIPPET 10000 4382 SNIPPET_NOT_RELEVANT b'1596160'
ACTION SNIPPET 10000 4385 SNIPPET_NOT_RELEVANT b'1686691'
ACTION SNIPPET 10000 4388 SNIPPET_RELEVANT b'729088'
ACTION DOC 10000 4408 EXAMINING_DOCUMENT b'729088'
ACTION SNIPPET 10000 4411 SNIPPET_RELEVANT b'621186'
ACTION DOC 10000 4431 EXAMINING_DOCUMENT b'621186'
ACTION SNIPPET 10000 4434 SNIPPET_RELEVANT b'949453'
ACTION DOC 10000 4454 EXAMINING_DOCUMENT b'949453'
ACTION SNIPPET 10000 4457 SNIPPET_RELEVANT b'1175848'
ACTION DOC 10000 4477 EXAMINING_DOCUMENT b'1175848'
ACTION QUERY 10000 4487 airport security meeting
ACTION SERP 10000 4492 EXAMINE_SERP
ACTION SNIPPET 10000 4495 SNIPPET_NOT_RELEVANT b'865566'
ACTION SNIPPET 10000 4498 SNIPPET_NOT_RELEVANT b'1408577'
ACTION SNIPPET 10000 4501 SNIPPET_RELEVANT b'1425140'
ACTION DOC 10000 4521 EXAMINING_DOCUMENT b'1425140'
ACTION MARK 10000 4524 CONSIDERED_RELEVANT b'1425140'
ACTION SNIPPET 10000 4527 SNIPPET_RELEVANT b'516095'
ACTION DOC 10000 4547 EXAMINING_DOCUMENT b'516095'
ACTION SNIPPET 10000 4550 SEEN_PREVIOUSLY b'866479'
ACTION SNIPPET 10000 4553 SNIPPET_NOT_RELEVANT b'1440233'
ACTION SNIPPET 10000 4556 SNIPPET_RELEVANT b'1443897'
ACTION DOC 10000 4576 EXAMINING_DOCUMENT b'1443897'
ACTION SNIPPET 10000 4579 SNIPPET_RELEVANT b'786502'
ACTION DOC 10000 4599 EXAMINING_DOCUMENT b'786502'
ACTION SNIPPET 10000 4602 SNIPPET_RELEVANT b'1367994'
ACTION DOC 10000 4622 EXAMINING_DOCUMENT b'1367994'
ACTION SNIPPET 10000 4625 SEEN_PREVIOUSLY b'843531'
ACTION QUERY 10000 4635 airport security cap
ACTION SERP 10000 4640 EXAMINE_SERP
ACTION SNIPPET 10000 4643 SNIPPET_RELEVANT b'1257579'
ACTION DOC 10000 4663 EXAMINING_DOCUMENT b'1257579'
ACTION SNIPPET 10000 4666 SNIPPET_RELEVANT b'1595958'
ACTION DOC 10000 4686 EXAMINING_DOCUMENT b'1595958'
ACTION SNIPPET 10000 4689 SNIPPET_NOT_RELEVANT b'949943'
ACTION SNIPPET 10000 4692 SNIPPET_NOT_RELEVANT b'1376310'
ACTION SNIPPET 10000 4695 SNIPPET_RELEVANT b'1487402'
ACTION DOC 10000 4715 EXAMINING_DOCUMENT b'1487402'
ACTION SNIPPET 10000 4718 SNIPPET_NOT_RELEVANT b'1490839'
ACTION SNIPPET 10000 4721 SNIPPET_RELEVANT b'1580273'
ACTION DOC 10000 4741 EXAMINING_DOCUMENT b'1580273'
ACTION SNIPPET 10000 4744 SNIPPET_NOT_RELEVANT b'1410862'
ACTION SNIPPET 10000 4747 SNIPPET_RELEVANT b'1441954'
ACTION DOC 10000 4767 EXAMINING_DOCUMENT b'1441954'
ACTION MARK 10000 4770 CONSIDERED_RELEVANT b'1441954'
ACTION SNIPPET 10000 4773 SNIPPET_NOT_RELEVANT b'1751628'
ACTION QUERY 10000 4783 airport security sought
ACTION SERP 10000 4788 EXAMINE_SERP
ACTION SNIPPET 10000 4791 SEEN_PREVIOUSLY b'50316'
ACTION SNIPPET 10000 4794 SNIPPET_RELEVANT b'1327882'
ACTION DOC 10000 4814 EXAMINING_DOCUMENT b'1327882'
ACTION SNIPPET 10000 4817 SNIPPET_NOT_RELEVANT b'1371415'
ACTION SNIPPET 10000 4820 SNIPPET_NOT_RELEVANT b'866275'
ACTION SNIPPET 10000 4823 SEEN_PREVIOUSLY b'285866'
ACTION SNIPPET 10000 4826 SNIPPET_NOT_RELEVANT b'224456'
ACTION SNIPPET 10000 4829 SEEN_PREVIOUSLY b'1330367'
ACTION SNIPPET 10000 4832 SEEN_PREVIOUSLY b'1487402'
ACTION SNIPPET 10000 4835 SEEN_PREVIOUSLY b'1367994'
ACTION SNIPPET 10000 4838 SNIPPET_NOT_RELEVANT b'1359019'
ACTION QUERY 10000 4848 airport security school
ACTION SERP 10000 4853 EXAMINE_SERP
ACTION SNIPPET 10000 4856 SNIPPET_NOT_RELEVANT b'1359019'
ACTION SNIPPET 10000 4859 SNIPPET_NOT_RELEVANT b'1603989'
ACTION SNIPPET 10000 4862 SNIPPET_RELEVANT b'1329682'
ACTION DOC 10000 4882 EXAMINING_DOCUMENT b'1329682'
ACTION SNIPPET 10000 4885 SNIPPET_NOT_RELEVANT b'434828'
ACTION SNIPPET 10000 4888 SNIPPET_NOT_RELEVANT b'1326210'
ACTION SNIPPET 10000 4891 SNIPPET_NOT_RELEVANT b'1652591'
ACTION SNIPPET 10000 4894 SNIPPET_NOT_RELEVANT b'1330197'
ACTION SNIPPET 10000 4897 SNIPPET_RELEVANT b'1357571'
ACTION DOC 10000 4917 EXAMINING_DOCUMENT b'1357571'
ACTION SNIPPET 10000 4920 SNIPPET_NOT_RELEVANT b'1345909'
ACTION SNIPPET 10000 4923 SNIPPET_NOT_RELEVANT b'1360540'
ACTION QUERY 10000 4933 airport security reopening
ACTION SERP 10000 4938 EXAMINE_SERP
ACTION SNIPPET 10000 4941 SNIPPET_NOT_RELEVANT b'1328898'
ACTION SNIPPET 10000 4944 SNIPPET_RELEVANT b'1453938'
ACTION DOC 10000 4964 EXAMINING_DOCUMENT b'1453938'
ACTION SNIPPET 10000 4967 SEEN_PREVIOUSLY b'439204'
ACTION SNIPPET 10000 4970 SNIPPET_RELEVANT b'1329923'
ACTION DOC 10000 4990 EXAMINING_DOCUMENT b'1329923'
ACTION SNIPPET 10000 4993 SNIPPET_NOT_RELEVANT b'539781'
ACTION SNIPPET 10000 4996 SNIPPET_NOT_RELEVANT b'1325792'
ACTION SNIPPET 10000 4999 SNIPPET_RELEVANT b'871632'
ACTION DOC 10000 5019 EXAMINING_DOCUMENT b'871632'
ACTION SNIPPET 10000 5022 SNIPPET_RELEVANT b'594476'
ACTION DOC 10000 5042 EXAMINING_DOCUMENT b'594476'
ACTION SNIPPET 10000 5045 SNIPPET_NOT_RELEVANT b'1364448'
ACTION SNIPPET 10000 5048 SNIPPET_RELEVANT b'1607332'
ACTION DOC 10000 5068 EXAMINING_DOCUMENT b'1607332'
ACTION QUERY 10000 5078 airport security gaffe
ACTION SERP 10000 5083 EXAMINE_SERP
ACTION SNIPPET 10000 5086 SNIPPET_RELEVANT b'1652591'
ACTION DOC 10000 5106 EXAMINING_DOCUMENT b'1652591'
ACTION SNIPPET 10000 5109 SNIPPET_NOT_RELEVANT b'1031627'
ACTION SNIPPET 10000 5112 SNIPPET_NOT_RELEVANT b'1154237'
ACTION SNIPPET 10000 5115 SNIPPET_NOT_RELEVANT b'1685864'
ACTION SNIPPET 10000 5118 SNIPPET_NOT_RELEVANT b'188369'
ACTION SNIPPET 10000 5121 SNIPPET_NOT_RELEVANT b'1119821'
ACTION SNIPPET 10000 5124 SNIPPET_NOT_RELEVANT b'745795'
ACTION SNIPPET 10000 5127 SNIPPET_RELEVANT b'1709931'
ACTION DOC 10000 5147 EXAMINING_DOCUMENT b'1709931'
ACTION SNIPPET 10000 5150 SNIPPET_NOT_RELEVANT b'1620002'
ACTION SNIPPET 10000 5153 SNIPPET_RELEVANT b'1017083'
ACTION DOC 10000 5173 EXAMINING_DOCUMENT b'1017083'
ACTION QUERY 10000 5183 airport security states
ACTION SERP 10000 5188 EXAMINE_SERP
ACTION SNIPPET 10000 5191 SEEN_PREVIOUSLY b'1330367'
ACTION SNIPPET 10000 5194 SEEN_PREVIOUSLY b'798731'
ACTION SNIPPET 10000 5197 SEEN_PREVIOUSLY b'797972'
ACTION SNIPPET 10000 5200 SEEN_PREVIOUSLY b'843531'
ACTION SNIPPET 10000 5203 SNIPPET_NOT_RELEVANT b'1383446'
ACTION SNIPPET 10000 5206 SEEN_PREVIOUSLY b'866479'
ACTION SNIPPET 10000 5209 SEEN_PREVIOUSLY b'606144'
ACTION SNIPPET 10000 5212 SNIPPET_NOT_RELEVANT b'1684877'
ACTION SNIPPET 10000 5215 SEEN_PREVIOUSLY b'867368'
ACTION SNIPPET 10000 5218 SNIPPET_RELEVANT b'771168'
ACTION DOC 10000 5238 EXAMINING_DOCUMENT b'771168'
ACTION QUERY 10000 5248 airport security propose
ACTION SERP 10000 5253 EXAMINE_SERP
ACTION SNIPPET 10000 5256 SEEN_PREVIOUSLY b'654120'
ACTION SNIPPET 10000 5259 SNIPPET_RELEVANT b'1342849'
ACTION DOC 10000 5279 EXAMINING_DOCUMENT b'1342849'
ACTION SNIPPET 10000 5282 SNIPPET_NOT_RELEVANT b'1773471'
ACTION SNIPPET 10000 5285 SNIPPET_NOT_RELEVANT b'434828'
ACTION SNIPPET 10000 5288 SEEN_PREVIOUSLY b'128012'
ACTION SNIPPET 10000 5291 SNIPPET_NOT_RELEVANT b'1773473'
ACTION SNIPPET 10000 5294 SNIPPET_RELEVANT b'1383580'
ACTION DOC 10000 5314 EXAMINING_DOCUMENT b'1383580'
ACTION SNIPPET 10000 5317 SNIPPET_RELEVANT b'1332249'
ACTION DOC 10000 5337 EXAMINING_DOCUMENT b'1332249'
ACTION SNIPPET 10000 5340 SNIPPET_NOT_RELEVANT b'1452890'
ACTION SNIPPET 10000 5343 SNIPPET_NOT_RELEVANT b'866275'
ACTION QUERY 10000 5353 airport security device
ACTION SERP 10000 5358 EXAMINE_SERP
ACTION SNIPPET 10000 5361 SNIPPET_NOT_RELEVANT b'1787470'
ACTION SNIPPET 10000 5364 SNIPPET_RELEVANT b'1828416'
ACTION DOC 10000 5384 EXAMINING_DOCUMENT b'1828416'
ACTION MARK 10000 5387 CONSIDERED_RELEVANT b'1828416'
ACTION SNIPPET 10000 5390 SNIPPET_NOT_RELEVANT b'1680608'
ACTION SNIPPET 10000 5393 SNIPPET_NOT_RELEVANT b'1819458'
ACTION SNIPPET 10000 5396 SNIPPET_RELEVANT b'1015035'
ACTION DOC 10000 5416 EXAMINING_DOCUMENT b'1015035'
ACTION SNIPPET 10000 5419 SNIPPET_NOT_RELEVANT b'1775211'
ACTION SNIPPET 10000 5422 SEEN_PREVIOUSLY b'868879'
ACTION SNIPPET 10000 5425 SNIPPET_RELEVANT b'1122456'
ACTION DOC 10000 5445 EXAMINING_DOCUMENT b'1122456'
ACTION SNIPPET 10000 5448 SNIPPET_NOT_RELEVANT b'1383446'
ACTION SNIPPET 10000 5451 SNIPPET_RELEVANT b'1305545'
ACTION DOC 10000 5471 EXAMINING_DOCUMENT b'1305545'
ACTION QUERY 10000 5481 airport security automatically
ACTION SERP 10000 5486 EXAMINE_SERP
ACTION SNIPPET 10000 5489 SEEN_PREVIOUSLY b'122698'
ACTION SNIPPET 10000 5492 SNIPPET_RELEVANT b'419937'
ACTION DOC 10000 5512 EXAMINING_DOCUMENT b'419937'
ACTION SNIPPET 10000 5515 SEEN_PREVIOUSLY b'1383580'
ACTION SNIPPET 10000 5518 SNIPPET_RELEVANT b'1450197'
ACTION DOC 10000 5538 EXAMINING_DOCUMENT b'1450197'
ACTION SNIPPET 10000 5541 SNIPPET_RELEVANT b'1334293'
ACTION DOC 10000 5561 EXAMINING_DOCUMENT b'1334293'
ACTION SNIPPET 10000 5564 SNIPPET_RELEVANT b'211760'
ACTION DOC 10000 5584 EXAMINING_DOCUMENT b'211760'
ACTION MARK 10000 5587 CONSIDERED_RELEVANT b'211760'
ACTION SNIPPET 10000 5590 SNIPPET_RELEVANT b'1391305'
ACTION DOC 10000 5610 EXAMINING_DOCUMENT b'1391305'
ACTION SNIPPET 10000 5613 SNIPPET_NOT_RELEVANT b'745783'
ACTION SNIPPET 10000 5616 SNIPPET_RELEVANT b'254657'
ACTION DOC 10000 5636 EXAMINING_DOCUMENT b'254657'
ACTION SNIPPET 10000 5639 SNIPPET_NOT_RELEVANT b'1275700'
ACTION QUERY 10000 5649 airport security clashes
ACTION SERP 10000 5654 EXAMINE_SERP
ACTION SNIPPET 10000 5657 SNIPPET_NOT_RELEVANT b'47568'
ACTION SNIPPET 10000 5660 SNIPPET_RELEVANT b'1351284'
ACTION DOC 10000 5680 EXAMINING_DOCUMENT b'1351284'
ACTION SNIPPET 10000 5683 SNIPPET_NOT_RELEVANT b'159528'
ACTION SNIPPET 10000 5686 SEEN_PREVIOUSLY b'877162'
ACTION SNIPPET 10000 5689 SNIPPET_NOT_RELEVANT b'1369068'
ACTION SNIPPET 10000 5692 SNIPPET_NOT_RELEVANT b'1495171'
ACTION SNIPPET 10000 5695 SNIPPET_RELEVANT b'1341423'
ACTION DOC 10000 5715 EXAMINING_DOCUMENT b'1341423'
ACTION SNIPPET 10000 5718 SNIPPET_RELEVANT b'144983'
ACTION DOC 10000 5738 EXAMINING_DOCUMENT b'144983'
ACTION SNIPPET 10000 5741 SNIPPET_NOT_RELEVANT b'597374'
ACTION SNIPPET 10000 5744 SNIPPET_RELEVANT b'661035'
ACTION DOC 10000 5764 EXAMINING_DOCUMENT b'661035'
ACTION QUERY 10000 5774 airport security declared
ACTION SERP 10000 5779 EXAMINE_SERP
ACTION SNIPPET 10000 5782 SNIPPET_NOT_RELEVANT b'419934'
ACTION SNIPPET 10000 5785 SNIPPET_NOT_RELEVANT b'1793053'
ACTION SNIPPET 10000 5788 SNIPPET_RELEVANT b'21632'
ACTION DOC 10000 5808 EXAMINING_DOCUMENT b'21632'
ACTION SNIPPET 10000 5811 SNIPPET_NOT_RELEVANT b'1332442'
ACTION SNIPPET 10000 5814 SNIPPET_RELEVANT b'1499371'
ACTION DOC 10000 5834 EXAMINING_DOCUMENT b'1499371'
ACTION SNIPPET 10000 5837 SNIPPET_RELEVANT b'1593023'
ACTION DOC 10000 5857 EXAMINING_DOCUMENT b'1593023'
ACTION SNIPPET 10000 5860 SEEN_PREVIOUSLY b'1782869'
ACTION SNIPPET 10000 5863 SNIPPET_RELEVANT b'1409447'
ACTION DOC 10000 5883 EXAMINING_DOCUMENT b'1409447'
ACTION SNIPPET 10000 5886 SEEN_PREVIOUSLY b'1015035'
ACTION SNIPPET 10000 5889 SNIPPET_RELEVANT b'1441951'
ACTION DOC 10000 5909 EXAMINING_DOCUMENT b'1441951'
ACTION QUERY 10000 5919 airport security outpost
ACTION SERP 10000 5924 EXAMINE_SERP
ACTION SNIPPET 10000 5927 SNIPPET_RELEVANT b'47568'
ACTION DOC 10000 5947 EXAMINING_DOCUMENT b'47568'
ACTION SNIPPET 10000 5950 SNIPPET_RELEVANT b'280773'
ACTION DOC 10000 5970 EXAMINING_DOCUMENT b'280773'
ACTION SNIPPET 10000 5973 SNIPPET_NOT_RELEVANT b'1358618'
ACTION SNIPPET 10000 5976 SNIPPET_NOT_RELEVANT b'1820949'
ACTION SNIPPET 10000 5979 SNIPPET_RELEVANT b'1790951'
ACTION DOC 10000 5999 EXAMINING_DOCUMENT b'1790951'
ACTION SNIPPET 10000 6002 SNIPPET_NOT_RELEVANT b'1023467'
ACTION SNIPPET 10000 6005 SNIPPET_RELEVANT b'391949'
ACTION DOC 10000 6025 EXAMINING_DOCUMENT b'391949'
ACTION SNIPPET 10000 6028 SNIPPET_NOT_RELEVANT b'391948'
ACTION SNIPPET 10000 6031 SNIPPET_RELEVANT b'1736546'
ACTION DOC 10000 6051 EXAMINING_DOCUMENT b'1736546'
ACTION SNIPPET 10000 6054 SNIPPET_NOT_RELEVANT b'1405058'
ACTION QUERY 10000 6064 airport security taxiing
ACTION SERP 10000 6069 EXAMINE_SERP
ACTION SNIPPET 10000 6072 SNIPPET_NOT_RELEVANT b'207680'
ACTION SNIPPET 10000 6075 SNIPPET_NOT_RELEVANT b'974990'
ACTION SNIPPET 10000 6078 SNIPPET_NOT_RELEVANT b'231234'
ACTION SNIPPET 10000 6081 SNIPPET_NOT_RELEVANT b'1424858'
ACTION SNIPPET 10000 6084 SNIPPET_RELEVANT b'1540312'
ACTION DOC 10000 6104 EXAMINING_DOCUMENT b'1540312'
ACTION SNIPPET 10000 6107 SNIPPET_RELEVANT b'1139010'
ACTION DOC 10000 6127 EXAMINING_DOCUMENT b'1139010'
ACTION SNIPPET 10000 6130 SNIPPET_RELEVANT b'1587522'
ACTION DOC 10000 6150 EXAMINING_DOCUMENT b'1587522'
ACTION SNIPPET 10000 6153 SNIPPET_RELEVANT b'1531964'
ACTION DOC 10000 6173 EXAMINING_DOCUMENT b'1531964'
ACTION SNIPPET 10000 6176 SNIPPET_RELEVANT b'826435'
ACTION DOC 10000 6196 EXAMINING_DOCUMENT b'826435'
ACTION SNIPPET 10000 6199 SNIPPET_NOT_RELEVANT b'419936'
ACTION QUERY 10000 6209 airport security potato
ACTION SERP 10000 6214 EXAMINE_SERP
ACTION SNIPPET 10000 6217 SNIPPET_RELEVANT b'1336874'
ACTION DOC 10000 6237 EXAMINING_DOCUMENT b'1336874'
ACTION SNIPPET 10000 6240 SNIPPET_RELEVANT b'1761171'
ACTION DOC 10000 6260 EXAMINING_DOCUMENT b'1761171'
ACTION SNIPPET 10000 6263 SNIPPET_NOT_RELEVANT b'1797314'
ACTION SNIPPET 10000 6266 SNIPPET_NOT_RELEVANT b'1494886'
ACTION SNIPPET 10000 6269 SNIPPET_NOT_RELEVANT b'824302'
ACTION SNIPPET 10000 6272 SNIPPET_NOT_RELEVANT b'576837'
ACTION SNIPPET 10000 6275 SNIPPET_RELEVANT b'1546036'
ACTION DOC 10000 6295 EXAMINING_DOCUMENT b'1546036'
ACTION SNIPPET 10000 6298 SNIPPET_NOT_RELEVANT b'953110'
ACTION SNIPPET 10000 6301 SNIPPET_RELEVANT b'471555'
ACTION DOC 10000 6321 EXAMINING_DOCUMENT b'471555'
ACTION SNIPPET 10000 6324 SNIPPET_RELEVANT b'1845893'
ACTION DOC 10000 6344 EXAMINING_DOCUMENT b'1845893'
ACTION QUERY 10000 6354 airport security grocery
ACTION SERP 10000 6359 EXAMINE_SERP
ACTION SNIPPET 10000 6362 SNIPPET_RELEVANT b'1428488'
ACTION DOC 10000 6382 EXAMINING_DOCUMENT b'1428488'
ACTION SNIPPET 10000 6385 SNIPPET_RELEVANT b'1747819'
ACTION DOC 10000 6405 EXAMINING_DOCUMENT b'1747819'
ACTION SNIPPET 10000 6408 SNIPPET_RELEVANT b'438161'
ACTION DOC 10000 6428 EXAMINING_DOCUMENT b'438161'
ACTION SNIPPET 10000 6431 SNIPPET_NOT_RELEVANT b'1557407'
ACTION SNIPPET 10000 6434 SNIPPET_RELEVANT b'1558985'
ACTION DOC 10000 6454 EXAMINING_DOCUMENT b'1558985'
ACTION SNIPPET 10000 6457 SNIPPET_RELEVANT b'1364695'
ACTION DOC 10000 6477 EXAMINING_DOCUMENT b'1364695'
ACTION SNIPPET 10000 6480 SNIPPET_NOT_RELEVANT b'1516159'
ACTION SNIPPET 10000 6483 SNIPPET_NOT_RELEVANT b'1585620'
ACTION SNIPPET 10000 6486 SNIPPET_NOT_RELEVANT b'1215769'
ACTION SNIPPET 10000 6489 SNIPPET_RELEVANT b'99497'
ACTION DOC 10000 6509 EXAMINING_DOCUMENT b'99497'
ACTION QUERY 10000 6519 airport security treadmill
ACTION SERP 10000 6524 EXAMINE_SERP
ACTION SNIPPET 10000 6527 SNIPPET_NOT_RELEVANT b'1839290'
ACTION SNIPPET 10000 6530 SNIPPET_NOT_RELEVANT b'1790955'
ACTION SNIPPET 10000 6533 SNIPPET_RELEVANT b'1215769'
ACTION DOC 10000 6553 EXAMINING_DOCUMENT b'1215769'
ACTION SNIPPET 10000 6556 SNIPPET_RELEVANT b'595910'
ACTION DOC 10000 6576 EXAMINING_DOCUMENT b'595910'
ACTION SNIPPET 10000 6579 SNIPPET_NOT_RELEVANT b'309873'
ACTION SNIPPET 10000 6582 SNIPPET_RELEVANT b'1235070'
ACTION DOC 10000 6602 EXAMINING_DOCUMENT b'1235070'
ACTION SNIPPET 10000 6605 SNIPPET_NOT_RELEVANT b'1750611'
ACTION SNIPPET 10000 6608 SNIPPET_NOT_RELEVANT b'1534503'
ACTION SNIPPET 10000 6611 SNIPPET_NOT_RELEVANT b'364353'
ACTION SNIPPET 10000 6614 SNIPPET_NOT_RELEVANT b'1531294'
ACTION QUERY 10000 6624 airport security appeals
ACTION SERP 10000 6629 EXAMINE_SERP
ACTION SNIPPET 10000 6632 SNIPPET_RELEVANT b'1591555'
ACTION DOC 10000 6652 EXAMINING_DOCUMENT b'1591555'
ACTION SNIPPET 10000 6655 SNIPPET_RELEVANT b'1767568'
ACTION DOC 10000 6675 EXAMINING_DOCUMENT b'1767568'
ACTION SNIPPET 10000 6678 SNIPPET_NOT_RELEVANT b'539781'
ACTION SNIPPET 10000 6681 SEEN_PREVIOUSLY b'1334293'
ACTION SNIPPET 10000 6684 SNIPPET_NOT_RELEVANT b'1332459'
ACTION SNIPPET 10000 6687 SNIPPET_NOT_RELEVANT b'1546169'
ACTION SNIPPET 10000 6690 SNIPPET_RELEVANT b'1371110'
ACTION DOC 10000 6710 EXAMINING_DOCUMENT b'1371110'
ACTION SNIPPET 10000 6713 SNIPPET_NOT_RELEVANT b'1440951'
ACTION SNIPPET 10000 6716 SNIPPET_RELEVANT b'1734302'
ACTION DOC 10000 6736 EXAMINING_DOCUMENT b'1734302'
ACTION SNIPPET 10000 6739 SNIPPET_RELEVANT b'1326786'
ACTION DOC 10000 6759 EXAMINING_DOCUMENT b'1326786'
ACTION QUERY 10000 6769 airport security residents
ACTION SERP 10000 6774 EXAMINE_SERP
ACTION SNIPPET 10000 6777 SNIPPET_NOT_RELEVANT b'1440951'
ACTION SNIPPET 10000 6780 SEEN_PREVIOUSLY b'679634'
ACTION SNIPPET 10000 6783 SNIPPET_RELEVANT b'1603989'
ACTION DOC 10000 6803 EXAMINING_DOCUMENT b'1603989'
ACTION SNIPPET 10000 6806 SEEN_PREVIOUSLY b'1474304'
ACTION SNIPPET 10000 6809 SNIPPET_RELEVANT b'1778747'
ACTION DOC 10000 6829 EXAMINING_DOCUMENT b'1778747'
ACTION SNIPPET 10000 6832 SEEN_PREVIOUSLY b'1330367'
ACTION SNIPPET 10000 6835 SNIPPET_NOT_RELEVANT b'1503405'
ACTION SNIPPET 10000 6838 SNIPPET_NOT_RELEVANT b'418017'
ACTION SNIPPET 10000 6841 SNIPPET_NOT_RELEVANT b'419967'
ACTION SNIPPET 10000 6844 SNIPPET_NOT_RELEVANT b'153779'
ACTION QUERY 10000 6854 airport security targets
ACTION SERP 10000 6859 EXAMINE_SERP
ACTION SNIPPET 10000 6862 SEEN_PREVIOUSLY b'1341562'
ACTION SNIPPET 10000 6865 SNIPPET_NOT_RELEVANT b'792753'
ACTION SNIPPET 10000 6868 SNIPPET_NOT_RELEVANT b'792826'
ACTION SNIPPET 10000 6871 SEEN_PREVIOUSLY b'1405943'
ACTION SNIPPET 10000 6874 SEEN_PREVIOUSLY b'104570'
ACTION SNIPPET 10000 6877 SEEN_PREVIOUSLY b'57399'
ACTION SNIPPET 10000 6880 SEEN_PREVIOUSLY b'419943'
ACTION SNIPPET 10000 6883 SEEN_PREVIOUSLY b'414590'
ACTION SNIPPET 10000 6886 SEEN_PREVIOUSLY b'419950'
ACTION SNIPPET 10000 6889 SNIPPET_RELEVANT b'1411705'
ACTION DOC 10000 6909 EXAMINING_DOCUMENT b'1411705'
ACTION QUERY 10000 6919 airport security mike
ACTION SERP 10000 6924 EXAMINE_SERP
ACTION SNIPPET 10000 6927 SNIPPET_NOT_RELEVANT b'1552542'
ACTION SNIPPET 10000 6930 SEEN_PREVIOUSLY b'1782291'
ACTION SNIPPET 10000 6933 SEEN_PREVIOUSLY b'1332249'
ACTION SNIPPET 10000 6936 SNIPPET_RELEVANT b'1782293'
ACTION DOC 10000 6956 EXAMINING_DOCUMENT b'1782293'
ACTION SNIPPET 10000 6959 SNIPPET_NOT_RELEVANT b'1458964'
ACTION SNIPPET 10000 6962 SNIPPET_NOT_RELEVANT b'810302'
ACTION SNIPPET 10000 6965 SNIPPET_RELEVANT b'1326533'
ACTION DOC 10000 6985 EXAMINING_DOCUMENT b'1326533'
ACTION MARK 10000 6988 CONSIDERED_RELEVANT b'1326533'
ACTION SNIPPET 10000 6991 SNIPPET_NOT_RELEVANT b'148805'
ACTION SNIPPET 10000 6994 SNIPPET_NOT_RELEVANT b'1476485'
ACTION SNIPPET 10000 6997 SNIPPET_RELEVANT b'1503405'
ACTION DOC 10000 7017 EXAMINING_DOCUMENT b'1503405'
ACTION QUERY 10000 7027 airport security johnny
ACTION SERP 10000 7032 EXAMINE_SERP
ACTION SNIPPET 10000 7035 SNIPPET_RELEVANT b'1700838'
ACTION DOC 10000 7055 EXAMINING_DOCUMENT b'1700838'
ACTION SNIPPET 10000 7058 SNIPPET_NOT_RELEVANT b'128253'
ACTION SNIPPET 10000 7061 SNIPPET_RELEVANT b'354778'
ACTION DOC 10000 7081 EXAMINING_DOCUMENT b'354778'
ACTION SNIPPET 10000 7084 SNIPPET_RELEVANT b'35561'
ACTION DOC 10000 7104 EXAMINING_DOCUMENT b'35561'
ACTION SNIPPET 10000 7107 SNIPPET_RELEVANT b'838524'
ACTION DOC 10000 7127 EXAMINING_DOCUMENT b'838524'
ACTION SNIPPET 10000 7130 SNIPPET_RELEVANT b'1218798'
ACTION DOC 10000 7150 EXAMINING_DOCUMENT b'1218798'
ACTION SNIPPET 10000 7153 SNIPPET_RELEVANT b'1218025'
ACTION DOC 10000 7173 EXAMINING_DOCUMENT b'1218025'
ACTION SNIPPET 10000 7176 SNIPPET_NOT_RELEVANT b'1824907'
ACTION SNIPPET 10000 7179 SNIPPET_RELEVANT b'752119'
ACTION DOC 10000 7199 EXAMINING_DOCUMENT b'752119'
ACTION SNIPPET 10000 7202 SNIPPET_NOT_RELEVANT b'877817'
ACTION QUERY 10000 7212 airport security ronald
ACTION SERP 10000 7217 EXAMINE_SERP
ACTION SNIPPET 10000 7220 SNIPPET_RELEVANT b'868366'
ACTION DOC 10000 7240 EXAMINING_DOCUMENT b'868366'
ACTION SNIPPET 10000 7243 SEEN_PREVIOUSLY b'1329923'
ACTION SNIPPET 10000 7246 SNIPPET_RELEVANT b'1335121'
ACTION DOC 10000 7266 EXAMINING_DOCUMENT b'1335121'
ACTION SNIPPET 10000 7269 SNIPPET_NOT_RELEVANT b'1673677'
ACTION SNIPPET 10000 7272 SNIPPET_NOT_RELEVANT b'1342578'
ACTION SNIPPET 10000 7275 SNIPPET_NOT_RELEVANT b'1326768'
ACTION SNIPPET 10000 7278 SNIPPET_RELEVANT b'1325792'
ACTION DOC 10000 7298 EXAMINING_DOCUMENT b'1325792'
ACTION SNIPPET 10000 7301 SNIPPET_NOT_RELEVANT b'1328898'
ACTION SNIPPET 10000 7304 SNIPPET_RELEVANT b'430052'
ACTION DOC 10000 7324 EXAMINING_DOCUMENT b'430052'
ACTION SNIPPET 10000 7327 SNIPPET_NOT_RELEVANT b'1329137'
ACTION QUERY 10000 7337 airport security location
ACTION SERP 10000 7342 EXAMINE_SERP
ACTION SNIPPET 10000 7345 SNIPPET_NOT_RELEVANT b'1387645'
ACTION SNIPPET 10000 7348 SNIPPET_RELEVANT b'1023467'
ACTION DOC 10000 7368 EXAMINING_DOCUMENT b'1023467'
ACTION SNIPPET 10000 7371 SNIPPET_RELEVANT b'1452973'
ACTION DOC 10000 7391 EXAMINING_DOCUMENT b'1452973'
ACTION SNIPPET 10000 7394 SNIPPET_NOT_RELEVANT b'320382'
ACTION SNIPPET 10000 7397 SNIPPET_RELEVANT b'1382655'
ACTION DOC 10000 7417 EXAMINING_DOCUMENT b'1382655'
ACTION SNIPPET 10000 7420 SNIPPET_NOT_RELEVANT b'1383848'
ACTION SNIPPET 10000 7423 SEEN_PREVIOUSLY b'869461'
ACTION SNIPPET 10000 7426 SNIPPET_RELEVANT b'835419'
ACTION DOC 10000 7446 EXAMINING_DOCUMENT b'835419'
ACTION SNIPPET 10000 7449 SEEN_PREVIOUSLY b'1747819'
ACTION SNIPPET 10000 7452 SNIPPET_RELEVANT b'1414267'
ACTION DOC 10000 7472 EXAMINING_DOCUMENT b'1414267'
ACTION QUERY 10000 7482 airport security comply
ACTION SERP 10000 7487 EXAMINE_SERP
ACTION SNIPPET 10000 7490 SEEN_PREVIOUSLY b'890342'
ACTION SNIPPET 10000 7493 SEEN_PREVIOUSLY b'1382655'
ACTION SNIPPET 10000 7496 SNIPPET_RELEVANT b'539781'
ACTION DOC 10000 7516 EXAMINING_DOCUMENT b'539781'
ACTION SNIPPET 10000 7519 SNIPPET_NOT_RELEVANT b'1324983'
ACTION SNIPPET 10000 7522 SNIPPET_NOT_RELEVANT b'752442'
ACTION SNIPPET 10000 7525 SNIPPET_RELEVANT b'1537285'
ACTION DOC 10000 7545 EXAMINING_DOCUMENT b'1537285'
ACTION SNIPPET 10000 7548 SNIPPET_NOT_RELEVANT b'1829756'
ACTION SNIPPET 10000 7551 SNIPPET_NOT_RELEVANT b'538998'
ACTION SNIPPET 10000 7554 SNIPPET_NOT_RELEVANT b'283801'
ACTION SNIPPET 10000 7557 SNIPPET_NOT_RELEVANT b'1458964'
ACTION QUERY 10000 7567 airport security nyp
ACTION SERP 10000 7572 EXAMINE_SERP
ACTION SNIPPET 10000 7575 SNIPPET_NOT_RELEVANT b'1244257'
ACTION SNIPPET 10000 7578 SNIPPET_RELEVANT b'1013595'
ACTION DOC 10000 7598 EXAMINING_DOCUMENT b'1013595'
ACTION SNIPPET 10000 7601 SNIPPET_NOT_RELEVANT b'1546830'
ACTION SNIPPET 10000 7604 SNIPPET_RELEVANT b'1657563'
ACTION DOC 10000 7624 EXAMINING_DOCUMENT b'1657563'
ACTION SNIPPET 10000 7627 SNIPPET_NOT_RELEVANT b'1485146'
ACTION SNIPPET 10000 7630 SNIPPET_NOT_RELEVANT b'767697'
ACTION SNIPPET 10000 7633 SNIPPET_NOT_RELEVANT b'1473959'
ACTION SNIPPET 10000 7636 SNIPPET_RELEVANT b'1854254'
ACTION DOC 10000 7656 EXAMINING_DOCUMENT b'1854254'
ACTION SNIPPET 10000 7659 SNIPPET_NOT_RELEVANT b'877817'
ACTION SNIPPET 10000 7662 SEEN_PREVIOUSLY b'1406057'
ACTION QUERY 10000 7672 airport security stack
ACTION SERP 10000 7677 EXAMINE_SERP
ACTION SNIPPET 10000 7680 SEEN_PREVIOUSLY b'1782291'
ACTION SNIPPET 10000 7683 SNIPPET_NOT_RELEVANT b'1452949'
ACTION SNIPPET 10000 7686 SNIPPET_NOT_RELEVANT b'1438129'
ACTION SNIPPET 10000 7689 SNIPPET_NOT_RELEVANT b'1591797'
ACTION SNIPPET 10000 7692 SNIPPET_NOT_RELEVANT b'417352'
ACTION SNIPPET 10000 7695 SNIPPET_NOT_RELEVANT b'1441934'
ACTION SNIPPET 10000 7698 SNIPPET_NOT_RELEVANT b'127188'
ACTION SNIPPET 10000 7701 SNIPPET_NOT_RELEVANT b'1827518'
ACTION SNIPPET 10000 7704 SNIPPET_RELEVANT b'1782721'
ACTION DOC 10000 7724 EXAMINING_DOCUMENT b'1782721'
ACTION SNIPPET 10000 7727 SNIPPET_RELEVANT b'1331185'
ACTION DOC 10000 7747 EXAMINING_DOCUMENT b'1331185'
ACTION QUERY 10000 7757 airport security pertaining
ACTION SERP 10000 7762 EXAMINE_SERP
ACTION SNIPPET 10000 7765 SNIPPET_NOT_RELEVANT b'1832264'
ACTION SNIPPET 10000 7768 SNIPPET_RELEVANT b'245416'
ACTION DOC 10000 7788 EXAMINING_DOCUMENT b'245416'
ACTION SNIPPET 10000 7791 SNIPPET_NOT_RELEVANT b'1608424'
ACTION SNIPPET 10000 7794 SNIPPET_NOT_RELEVANT b'878973'
ACTION SNIPPET 10000 7797 SNIPPET_NOT_RELEVANT b'634298'
ACTION SNIPPET 10000 7800 SNIPPET_RELEVANT b'1706091'
ACTION DOC 10000 7820 EXAMINING_DOCUMENT b'1706091'
ACTION SNIPPET 10000 7823 SNIPPET_NOT_RELEVANT b'740086'
ACTION SNIPPET 10000 7826 SNIPPET_NOT_RELEVANT b'1225092'
ACTION SNIPPET 10000 7829 SNIPPET_RELEVANT b'1624186'
ACTION DOC 10000 7849 EXAMINING_DOCUMENT b'1624186'
ACTION SNIPPET 10000 7852 SNIPPET_NOT_RELEVANT b'1649559'
ACTION QUERY 10000 7862 airport security ordinance
ACTION SERP 10000 7867 EXAMINE_SERP
ACTION SNIPPET 10000 7870 SNIPPET_NOT_RELEVANT b'1154542'
ACTION SNIPPET 10000 7873 SNIPPET_RELEVANT b'1351755'
ACTION DOC 10000 7893 EXAMINING_DOCUMENT b'1351755'
ACTION SNIPPET 10000 7896 SNIPPET_RELEVANT b'49575'
ACTION DOC 10000 7916 EXAMINING_DOCUMENT b'49575'
ACTION SNIPPET 10000 7919 SNIPPET_RELEVANT b'262017'
ACTION DOC 10000 7939 EXAMINING_DOCUMENT b'262017'
ACTION SNIPPET 10000 7942 SNIPPET_NOT_RELEVANT b'865641'
ACTION SNIPPET 10000 7945 SNIPPET_RELEVANT b'907347'
ACTION DOC 10000 7965 EXAMINING_DOCUMENT b'907347'
ACTION SNIPPET 10000 7968 SNIPPET_RELEVANT b'1341834'
ACTION DOC 10000 7988 EXAMINING_DOCUMENT b'1341834'
ACTION SNIPPET 10000 7991 SNIPPET_NOT_RELEVANT b'27384'
ACTION SNIPPET 10000 7994 SNIPPET_RELEVANT b'1543211'
ACTION DOC 10000 8014 EXAMINING_DOCUMENT b'1543211'
ACTION SNIPPET 10000 8017 SNIPPET_NOT_RELEVANT b'1312305'
ACTION QUERY 10000 8027 airport security effectiveness
ACTION SERP 10000 8032 EXAMINE_SERP
ACTION SNIPPET 10000 8035 SNIPPET_NOT_RELEVANT b'1404579'
ACTION SNIPPET 10000 8038 SEEN_PREVIOUSLY b'1443897'
ACTION SNIPPET 10000 8041 SEEN_PREVIOUSLY b'843531'
ACTION SNIPPET 10000 8044 SNIPPET_NOT_RELEVANT b'1338698'
ACTION SNIPPET 10000 8047 SEEN_PREVIOUSLY b'1341562'
ACTION SNIPPET 10000 8050 SNIPPET_NOT_RELEVANT b'838813'
ACTION SNIPPET 10000 8053 SNIPPET_NOT_RELEVANT b'103868'
ACTION SNIPPET 10000 8056 SEEN_PREVIOUSLY b'104570'
ACTION SNIPPET 10000 8059 SEEN_PREVIOUSLY b'210675'
ACTION SNIPPET 10000 8062 SNIPPET_NOT_RELEVANT b'1340075'
ACTION QUERY 10000 8072 airport security vincent
ACTION SERP 10000 8077 EXAMINE_SERP
ACTION SNIPPET 10000 8080 SNIPPET_RELEVANT b'643153'
ACTION DOC 10000 8100 EXAMINING_DOCUMENT b'643153'
ACTION SNIPPET 10000 8103 SNIPPET_RELEVANT b'1525670'
ACTION DOC 10000 8123 EXAMINING_DOCUMENT b'1525670'
ACTION SNIPPET 10000 8126 SNIPPET_RELEVANT b'1360329'
ACTION DOC 10000 8146 EXAMINING_DOCUMENT b'1360329'
ACTION SNIPPET 10000 8149 SEEN_PREVIOUSLY b'867368'
ACTION SNIPPET 10000 8152 SNIPPET_RELEVANT b'357139'
ACTION DOC 10000 8172 EXAMINING_DOCUMENT b'357139'
ACTION SNIPPET 10000 8175 SNIPPET_RELEVANT b'174850'
ACTION DOC 10000 8195 EXAMINING_DOCUMENT b'174850'
ACTION SNIPPET 10000 8198 SNIPPET_NOT_RELEVANT b'1341402'
ACTION SNIPPET 10000 8201 SNIPPET_RELEVANT b'175636'
ACTION DOC 10000 8221 EXAMINING_DOCUMENT b'175636'
ACTION SNIPPET 10000 8224 SNIPPET_RELEVANT b'1136702'
ACTION DOC 10000 8244 EXAMINING_DOCUMENT b'1136702'
ACTION SNIPPET 10000 8247 SNIPPET_NOT_RELEVANT b'1289971'
ACTION QUERY 10000 8257 airport security break
ACTION SERP 10000 8262 EXAMINE_SERP
ACTION SNIPPET 10000 8265 SEEN_PREVIOUSLY b'1530233'
ACTION SNIPPET 10000 8268 SNIPPET_NOT_RELEVANT b'1582269'
ACTION SNIPPET 10000 8271 SNIPPET_NOT_RELEVANT b'1340075'
ACTION SNIPPET 10000 8274 SNIPPET_NOT_RELEVANT b'1784427'
ACTION SNIPPET 10000 8277 SNIPPET_NOT_RELEVANT b'1599068'
ACTION SNIPPET 10000 8280 SNIPPET_RELEVANT b'1673677'
ACTION DOC 10000 8300 EXAMINING_DOCUMENT b'1673677'
ACTION SNIPPET 10000 8303 SEEN_PREVIOUSLY b'869785'
ACTION SNIPPET 10000 8306 SNIPPET_RELEVANT b'1470123'
ACTION DOC 10000 8326 EXAMINING_DOCUMENT b'1470123'
ACTION SNIPPET 10000 8329 SEEN_PREVIOUSLY b'1452973'
ACTION SNIPPET 10000 8332 SNIPPET_NOT_RELEVANT b'1462794'
ACTION QUERY 10000 8342 airport security wilder
ACTION SERP 10000 8347 EXAMINE_SERP
ACTION SNIPPET 10000 8350 SNIPPET_RELEVANT b'747523'
ACTION DOC 10000 8370 EXAMINING_DOCUMENT b'747523'
ACTION SNIPPET 10000 8373 SNIPPET_NOT_RELEVANT b'66922'
ACTION SNIPPET 10000 8376 SNIPPET_NOT_RELEVANT b'1142264'
ACTION SNIPPET 10000 8379 SNIPPET_NOT_RELEVANT b'66630'
ACTION SNIPPET 10000 8382 SNIPPET_NOT_RELEVANT b'1327455'
ACTION SNIPPET 10000 8385 SNIPPET_RELEVANT b'1803095'
ACTION DOC 10000 8405 EXAMINING_DOCUMENT b'1803095'
ACTION SNIPPET 10000 8408 SEEN_PREVIOUSLY b'175636'
ACTION SNIPPET 10000 8411 SNIPPET_NOT_RELEVANT b'1086656'
ACTION SNIPPET 10000 8414 SNIPPET_RELEVANT b'411055'
ACTION DOC 10000 8434 EXAMINING_DOCUMENT b'411055'
ACTION SNIPPET 10000 8437 SNIPPET_NOT_RELEVANT b'1027203'
ACTION QUERY 10000 8447 airport security day
ACTION SERP 10000 8452 EXAMINE_SERP
ACTION SNIPPET 10000 8455 SEEN_PREVIOUSLY b'1784331'
ACTION SNIPPET 10000 8458 SEEN_PREVIOUSLY b'1330367'
ACTION SNIPPET 10000 8461 SEEN_PREVIOUSLY b'1329335'
ACTION SNIPPET 10000 8464 SEEN_PREVIOUSLY b'1326786'
ACTION SNIPPET 10000 8467 SEEN_PREVIOUSLY b'1415432'
ACTION SNIPPET 10000 8470 SNIPPET_NOT_RELEVANT b'1353553'
ACTION SNIPPET 10000 8473 SEEN_PREVIOUSLY b'1367994'
ACTION SNIPPET 10000 8476 SEEN_PREVIOUSLY b'771168'
ACTION SNIPPET 10000 8479 SEEN_PREVIOUSLY b'1341562'
ACTION SNIPPET 10000 8482 SEEN_PREVIOUSLY b'1474304'
ACTION QUERY 10000 8492 airport security chelsea
ACTION SERP 10000 8497 EXAMINE_SERP
ACTION SNIPPET 10000 8500 SNIPPET_NOT_RELEVANT b'446339'
ACTION SNIPPET 10000 8503 SNIPPET_NOT_RELEVANT b'912913'
ACTION SNIPPET 10000 8506 SNIPPET_NOT_RELEVANT b'449875'
ACTION SNIPPET 10000 8509 SNIPPET_NOT_RELEVANT b'709097'
ACTION SNIPPET 10000 8512 SNIPPET_RELEVANT b'1040160'
ACTION DOC 10000 8532 EXAMINING_DOCUMENT b'1040160'
ACTION SNIPPET 10000 8535 SNIPPET_RELEVANT b'912381'
ACTION DOC 10000 8555 EXAMINING_DOCUMENT b'912381'
ACTION SNIPPET 10000 8558 SNIPPET_RELEVANT b'913035'
ACTION DOC 10000 8578 EXAMINING_DOCUMENT b'913035'
ACTION SNIPPET 10000 8581 SNIPPET_RELEVANT b'791931'
ACTION DOC 10000 8601 EXAMINING_DOCUMENT b'791931'
ACTION SNIPPET 10000 8604 SNIPPET_RELEVANT b'792563'
ACTION DOC 10000 8624 EXAMINING_DOCUMENT b'792563'
ACTION SNIPPET 10000 8627 SNIPPET_RELEVANT b'583561'
ACTION DOC 10000 8647 EXAMINING_DOCUMENT b'583561'
ACTION QUERY 10000 8657 airport security found
ACTION SERP 10000 8662 EXAMINE_SERP
ACTION SNIPPET 10000 8665 SNIPPET_NOT_RELEVANT b'1458964'
ACTION SNIPPET 10000 8668 SEEN_PREVIOUSLY b'843531'
ACTION SNIPPET 10000 8671 SEEN_PREVIOUSLY b'57399'
ACTION SNIPPET 10000 8674 SNIPPET_RELEVANT b'1157740'
ACTION DOC 10000 8694 EXAMINING_DOCUMENT b'1157740'
ACTION SNIPPET 10000 8697 SNIPPET_NOT_RELEVANT b'1511476'
ACTION SNIPPET 10000 8700 SEEN_PREVIOUSLY b'1150833'
ACTION SNIPPET 10000 8703 SNIPPET_NOT_RELEVANT b'1528114'
ACTION SNIPPET 10000 8706 SNIPPET_NOT_RELEVANT b'1400875'
ACTION SNIPPET 10000 8709 SEEN_PREVIOUSLY b'1334631'
ACTION SNIPPET 10000 8712 SNIPPET_RELEVANT b'1547218'
ACTION DOC 10000 8732 EXAMINING_DOCUMENT b'1547218'
ACTION QUERY 10000 8742 airport security jesse
ACTION SERP 10000 8747 EXAMINE_SERP
ACTION SNIPPET 10000 8750 SNIPPET_NOT_RELEVANT b'1630068'
ACTION SNIPPET 10000 8753 SEEN_PREVIOUSLY b'1328906'
ACTION SNIPPET 10000 8756 SNIPPET_RELEVANT b'1014487'
ACTION DOC 10000 8776 EXAMINING_DOCUMENT b'1014487'
ACTION SNIPPET 10000 8779 SNIPPET_RELEVANT b'380462'
ACTION DOC 10000 8799 EXAMINING_DOCUMENT b'380462'
ACTION SNIPPET 10000 8802 SNIPPET_NOT_RELEVANT b'705242'
ACTION SNIPPET 10000 8805 SNIPPET_NOT_RELEVANT b'707162'
ACTION SNIPPET 10000 8808 SNIPPET_RELEVANT b'784898'
ACTION DOC 10000 8828 EXAMINING_DOCUMENT b'784898'
ACTION SNIPPET 10000 8831 SNIPPET_NOT_RELEVANT b'324506'
ACTION SNIPPET 10000 8834 SNIPPET_RELEVANT b'380148'
ACTION DOC 10000 8854 EXAMINING_DOCUMENT b'380148'
ACTION SNIPPET 10000 8857 SNIPPET_NOT_RELEVANT b'1328979'
ACTION QUERY 10000 8867 airport security race
ACTION SERP 10000 8872 EXAMINE_SERP
ACTION SNIPPET 10000 8875 SNIPPET_RELEVANT b'1361552'
ACTION DOC 10000 8895 EXAMINING_DOCUMENT b'1361552'
ACTION SNIPPET 10000 8898 SNIPPET_NOT_RELEVANT b'1654697'
ACTION SNIPPET 10000 8901 SNIPPET_NOT_RELEVANT b'69122'
ACTION SNIPPET 10000 8904 SNIPPET_NOT_RELEVANT b'1169540'
ACTION SNIPPET 10000 8907 SNIPPET_RELEVANT b'1784092'
ACTION DOC 10000 8927 EXAMINING_DOCUMENT b'1784092'
ACTION SNIPPET 10000 8930 SNIPPET_NOT_RELEVANT b'870972'
ACTION SNIPPET 10000 8933 SNIPPET_NOT_RELEVANT b'1391303'
ACTION SNIPPET 10000 8936 SEEN_PREVIOUSLY b'747523'
ACTION SNIPPET 10000 8939 SNIPPET_RELEVANT b'1424628'
ACTION DOC 10000 8959 EXAMINING_DOCUMENT b'1424628'
ACTION MARK 10000 8962 CONSIDERED_RELEVANT b'1424628'
ACTION SNIPPET 10000 8965 SNIPPET_RELEVANT b'689638'
ACTION DOC 10000 8985 EXAMINING_DOCUMENT b'689638'
ACTION QUERY 10000 8995 airport security fatal
ACTION SERP 10000 9000 EXAMINE_SERP
ACTION SNIPPET 10000 9003 SNIPPET_RELEVANT b'387644'
ACTION DOC 10000 9023 EXAMINING_DOCUMENT b'387644'
ACTION SNIPPET 10000 9026 SNIPPET_NOT_RELEVANT b'408508'
ACTION SNIPPET 10000 9029 SNIPPET_RELEVANT b'1406574'
ACTION DOC 10000 9049 EXAMINING_DOCUMENT b'1406574'
ACTION SNIPPET 10000 9052 SNIPPET_NOT_RELEVANT b'725613'
ACTION SNIPPET 10000 9055 SNIPPET_NOT_RELEVANT b'725559'
ACTION SNIPPET 10000 9058 SNIPPET_NOT_RELEVANT b'1739943'
ACTION SNIPPET 10000 9061 SNIPPET_NOT_RELEVANT b'1507072'
ACTION SNIPPET 10000 9064 SNIPPET_RELEVANT b'870972'
ACTION DOC 10000 9084 EXAMINING_DOCUMENT b'870972'
ACTION SNIPPET 10000 9087 SNIPPET_RELEVANT b'1406498'
ACTION DOC 10000 9107 EXAMINING_DOCUMENT b'1406498'
ACTION SNIPPET 10000 9110 SNIPPET_NOT_RELEVANT b'68306'
ACTION QUERY 10000 9120 airport security treated
ACTION SERP 10000 9125 EXAMINE_SERP
ACTION SNIPPET 10000 9128 SNIPPET_NOT_RELEVANT b'1404579'
ACTION SNIPPET 10000 9131 SNIPPET_RELEVANT b'782410'
ACTION DOC 10000 9151 EXAMINING_DOCUMENT b'782410'
ACTION SNIPPET 10000 9154 SEEN_PREVIOUSLY b'747523'
ACTION SNIPPET 10000 9157 SNIPPET_NOT_RELEVANT b'1660082'
ACTION SNIPPET 10000 9160 SNIPPET_NOT_RELEVANT b'1357876'
ACTION SNIPPET 10000 9163 SNIPPET_RELEVANT b'1243625'
ACTION DOC 10000 9183 EXAMINING_DOCUMENT b'1243625'
ACTION SNIPPET 10000 9186 SNIPPET_RELEVANT b'1701679'
ACTION DOC 10000 9206 EXAMINING_DOCUMENT b'1701679'
ACTION SNIPPET 10000 9209 SNIPPET_NOT_RELEVANT b'1325499'
ACTION SNIPPET 10000 9212 SNIPPET_RELEVANT b'1457615'
ACTION DOC 10000 9232 EXAMINING_DOCUMENT b'1457615'
ACTION SNIPPET 10000 9235 SNIPPET_RELEVANT b'1851678'
ACTION DOC 10000 9255 EXAMINING_DOCUMENT b'1851678'
ACTION QUERY 10000 9265 airport security story
ACTION SERP 10000 9270 EXAMINE_SERP
ACTION SNIPPET 10000 9273 SNIPPET_NOT_RELEVANT b'1324936'
ACTION SNIPPET 10000 9276 SNIPPET_RELEVANT b'1328978'
ACTION DOC 10000 9296 EXAMINING_DOCUMENT b'1328978'
ACTION SNIPPET 10000 9299 SNIPPET_NOT_RELEVANT b'1092658'
ACTION SNIPPET 10000 9302 SNIPPET_NOT_RELEVANT b'1783643'
ACTION SNIPPET 10000 9305 SEEN_PREVIOUSLY b'1820046'
ACTION SNIPPET 10000 9308 SEEN_PREVIOUSLY b'594476'
ACTION SNIPPET 10000 9311 SNIPPET_NOT_RELEVANT b'1501248'
ACTION SNIPPET 10000 9314 SNIPPET_RELEVANT b'875947'
ACTION DOC 10000 9334 EXAMINING_DOCUMENT b'875947'
ACTION SNIPPET 10000 9337 SNIPPET_NOT_RELEVANT b'1339277'
ACTION SNIPPET 10000 9340 SNIPPET_RELEVANT b'1325499'
ACTION DOC 10000 9360 EXAMINING_DOCUMENT b'1325499'
ACTION QUERY 10000 9370 airport security roof
ACTION SERP 10000 9375 EXAMINE_SERP
ACTION SNIPPET 10000 9378 SNIPPET_RELEVANT b'1656996'
ACTION DOC 10000 9398 EXAMINING_DOCUMENT b'1656996'
ACTION SNIPPET 10000 9401 SNIPPET_RELEVANT b'1657952'
ACTION DOC 10000 9421 EXAMINING_DOCUMENT b'1657952'
ACTION SNIPPET 10000 9424 SNIPPET_RELEVANT b'1586110'
ACTION DOC 10000 9444 EXAMINING_DOCUMENT b'1586110'
ACTION SNIPPET 10000 9447 SNIPPET_NOT_RELEVANT b'1731022'
ACTION SNIPPET 10000 9450 SNIPPET_NOT_RELEVANT b'706044'
ACTION SNIPPET 10000 9453 SEEN_PREVIOUSLY b'782465'
ACTION SNIPPET 10000 9456 SNIPPET_RELEVANT b'1762173'
ACTION DOC 10000 9476 EXAMINING_DOCUMENT b'1762173'
ACTION SNIPPET 10000 9479 SNIPPET_RELEVANT b'812283'
ACTION DOC 10000 9499 EXAMINING_DOCUMENT b'812283'
ACTION SNIPPET 10000 9502 SNIPPET_NOT_RELEVANT b'77630'
ACTION SNIPPET 10000 9505 SNIPPET_RELEVANT b'1023622'
ACTION DOC 10000 9525 EXAMINING_DOCUMENT b'1023622'
ACTION QUERY 10000 9535 airport security replaced
ACTION SERP 10000 9540 EXAMINE_SERP
ACTION SNIPPET 10000 9543 SNIPPET_RELEVANT b'1391303'
ACTION DOC 10000 9563 EXAMINING_DOCUMENT b'1391303'
ACTION SNIPPET 10000 9566 SEEN_PREVIOUSLY b'1401837'
ACTION SNIPPET 10000 9569 SNIPPET_RELEVANT b'29197'
ACTION DOC 10000 9589 EXAMINING_DOCUMENT b'29197'
ACTION SNIPPET 10000 9592 SNIPPET_RELEVANT b'1335312'
ACTION DOC 10000 9612 EXAMINING_DOCUMENT b'1335312'
ACTION MARK 10000 9615 CONSIDERED_RELEVANT b'1335312'
ACTION SNIPPET 10000 9618 SEEN_PREVIOUSLY b'50316'
ACTION SNIPPET 10000 9621 SNIPPET_RELEVANT b'1415911'
ACTION DOC 10000 9641 EXAMINING_DOCUMENT b'1415911'
ACTION SNIPPET 10000 9644 SNIPPET_NOT_RELEVANT b'866717'
ACTION SNIPPET 10000 9647 SNIPPET_RELEVANT b'1403038'
ACTION DOC 10000 9667 EXAMINING_DOCUMENT b'1403038'
ACTION SNIPPET 10000 9670 SEEN_PREVIOUSLY b'654120'
ACTION SNIPPET 10000 9673 SNIPPET_RELEVANT b'1745789'
ACTION DOC 10000 9693 EXAMINING_DOCUMENT b'1745789'
ACTION QUERY 10000 9703 airport security rtc
ACTION SERP 10000 9708 EXAMINE_SERP
ACTION SNIPPET 10000 9711 SNIPPET_NOT_RELEVANT b'681372'
ACTION SNIPPET 10000 9714 SNIPPET_NOT_RELEVANT b'446640'
ACTION SNIPPET 10000 9717 SNIPPET_NOT_RELEVANT b'762908'
ACTION SNIPPET 10000 9720 SNIPPET_NOT_RELEVANT b'571460'
ACTION SNIPPET 10000 9723 SNIPPET_RELEVANT b'719045'
ACTION DOC 10000 9743 EXAMINING_DOCUMENT b'719045'
ACTION SNIPPET 10000 9746 SNIPPET_NOT_RELEVANT b'1146572'
ACTION SNIPPET 10000 9749 SNIPPET_NOT_RELEVANT b'1393805'
ACTION SNIPPET 10000 9752 SNIPPET_RELEVANT b'1393286'
ACTION DOC 10000 9772 EXAMINING_DOCUMENT b'1393286'
ACTION SNIPPET 10000 9775 SNIPPET_NOT_RELEVANT b'980932'
ACTION SNIPPET 10000 9778 SNIPPET_NOT_RELEVANT b'636675'
ACTION QUERY 10000 9788 airport security psychoanalytic
ACTION SERP 10000 9793 EXAMINE_SERP
ACTION SNIPPET 10000 9796 SNIPPET_RELEVANT b'1643860'
ACTION DOC 10000 9816 EXAMINING_DOCUMENT b'1643860'
ACTION SNIPPET 10000 9819 SNIPPET_RELEVANT b'208996'
ACTION DOC 10000 9839 EXAMINING_DOCUMENT b'208996'
ACTION SNIPPET 10000 9842 SNIPPET_RELEVANT b'1728118'
ACTION DOC 10000 9862 EXAMINING_DOCUMENT b'1728118'
ACTION SNIPPET 10000 9865 SNIPPET_RELEVANT b'1727941'
ACTION DOC 10000 9885 EXAMINING_DOCUMENT b'1727941'
ACTION SNIPPET 10000 9888 SNIPPET_NOT_RELEVANT b'1584507'
ACTION SNIPPET 10000 9891 SNIPPET_NOT_RELEVANT b'1193766'
ACTION SNIPPET 10000 9894 SNIPPET_RELEVANT b'1196020'
ACTION DOC 10000 9914 EXAMINING_DOCUMENT b'1196020'
ACTION SNIPPET 10000 9917 SNIPPET_NOT_RELEVANT b'893608'
ACTION SNIPPET 10000 9920 SNIPPET_NOT_RELEVANT b'1052299'
ACTION SNIPPET 10000 9923 SNIPPET_NOT_RELEVANT b'1195309'
ACTION QUERY 10000 9933 airport security scared
ACTION SERP 10000 9938 EXAMINE_SERP
ACTION SNIPPET 10000 9941 SNIPPET_NOT_RELEVANT b'1552035'
ACTION SNIPPET 10000 9944 SNIPPET_NOT_RELEVANT b'419953'
ACTION SNIPPET 10000 9947 SNIPPET_NOT_RELEVANT b'1704597'
ACTION SNIPPET 10000 9950 SNIPPET_NOT_RELEVANT b'757758'
ACTION SNIPPET 10000 9953 SEEN_PREVIOUSLY b'1110065'
ACTION SNIPPET 10000 9956 SNIPPET_NOT_RELEVANT b'1511649'
ACTION SNIPPET 10000 9959 SNIPPET_NOT_RELEVANT b'1548768'
ACTION SNIPPET 10000 9962 SNIPPET_NOT_RELEVANT b'741477'
ACTION SNIPPET 10000 9965 SEEN_PREVIOUSLY b'1328906'
ACTION SNIPPET 10000 9968 SNIPPET_NOT_RELEVANT b'785543'
ACTION QUERY 10000 9978 airport security carried
ACTION SERP 10000 9983 EXAMINE_SERP
ACTION SNIPPET 10000 9986 SNIPPET_NOT_RELEVANT b'1790968'
ACTION SNIPPET 10000 9989 SEEN_PREVIOUSLY b'1782291'
ACTION SNIPPET 10000 9992 SNIPPET_NOT_RELEVANT b'1793053'
ACTION SNIPPET 10000 9995 SNIPPET_RELEVANT b'1353553'
ACTION DOC 10000 10015 EXAMINING_DOCUMENT b'1353553'
INFO SUMMARY 
INFO TOTAL_QUERIES_ISSUED 85
INFO TOTAL_SNIPPETS_EXAMINED 844
INFO TOTAL_DOCUMENTS_EXAMINED 308
INFO TOTAL_DOCUMENTS_MARKED_RELEVANT 16
INFO TOTAL_ATTRACTIVE_SERP_IMPRESSIONS 85
INFO TOTAL_UNATTRACTIVE_SERP_IMPRESSIONS 0
