ACTION QUERY 10000 10 human stampede
ACTION SERP 10000 15 EXAMINE_SERP
ACTION SNIPPET 10000 18 SNIPPET_NOT_RELEVANT b'1315825'
ACTION SNIPPET 10000 21 SNIPPET_NOT_RELEVANT b'1450252'
ACTION SNIPPET 10000 24 SNIPPET_RELEVANT b'818047'
ACTION DOC 10000 44 EXAMINING_DOCUMENT b'818047'
ACTION SNIPPET 10000 47 SNIPPET_RELEVANT b'492316'
ACTION DOC 10000 67 EXAMINING_DOCUMENT b'492316'
ACTION SNIPPET 10000 70 SNIPPET_RELEVANT b'1698991'
ACTION DOC 10000 90 EXAMINING_DOCUMENT b'1698991'
ACTION MARK 10000 93 CONSIDERED_RELEVANT b'1698991'
ACTION SNIPPET 10000 96 SNIPPET_RELEVANT b'363729'
ACTION DOC 10000 116 EXAMINING_DOCUMENT b'363729'
ACTION SNIPPET 10000 119 SNIPPET_RELEVANT b'100763'
ACTION DOC 10000 139 EXAMINING_DOCUMENT b'100763'
ACTION MARK 10000 142 CONSIDERED_RELEVANT b'100763'
ACTION SNIPPET 10000 145 SNIPPET_RELEVANT b'423877'
ACTION DOC 10000 165 EXAMINING_DOCUMENT b'423877'
ACTION SNIPPET 10000 168 SNIPPET_RELEVANT b'1285941'
ACTION DOC 10000 188 EXAMINING_DOCUMENT b'1285941'
ACTION MARK 10000 191 CONSIDERED_RELEVANT b'1285941'
ACTION SNIPPET 10000 194 SNIPPET_RELEVANT b'1515218'
ACTION DOC 10000 214 EXAMINING_DOCUMENT b'1515218'
ACTION MARK 10000 217 CONSIDERED_RELEVANT b'1515218'
ACTION QUERY 10000 227 human stampede funerals
ACTION SERP 10000 232 EXAMINE_SERP
ACTION SNIPPET 10000 235 SNIPPET_RELEVANT b'808151'
ACTION DOC 10000 255 EXAMINING_DOCUMENT b'808151'
ACTION MARK 10000 258 CONSIDERED_RELEVANT b'808151'
ACTION SNIPPET 10000 261 SNIPPET_RELEVANT b'729767'
ACTION DOC 10000 281 EXAMINING_DOCUMENT b'729767'
ACTION SNIPPET 10000 284 SNIPPET_NOT_RELEVANT b'1315825'
ACTION SNIPPET 10000 287 SNIPPET_NOT_RELEVANT b'687282'
ACTION SNIPPET 10000 290 SNIPPET_NOT_RELEVANT b'1450252'
ACTION SNIPPET 10000 293 SEEN_PREVIOUSLY b'818047'
ACTION SNIPPET 10000 296 SEEN_PREVIOUSLY b'492316'
ACTION SNIPPET 10000 299 SNIPPET_RELEVANT b'1465986'
ACTION DOC 10000 319 EXAMINING_DOCUMENT b'1465986'
ACTION MARK 10000 322 CONSIDERED_RELEVANT b'1465986'
ACTION SNIPPET 10000 325 SEEN_PREVIOUSLY b'363729'
ACTION SNIPPET 10000 328 SNIPPET_RELEVANT b'729741'
ACTION DOC 10000 348 EXAMINING_DOCUMENT b'729741'
ACTION MARK 10000 351 CONSIDERED_RELEVANT b'729741'
ACTION QUERY 10000 361 human stampede riots
ACTION SERP 10000 366 EXAMINE_SERP
ACTION SNIPPET 10000 369 SNIPPET_NOT_RELEVANT b'748718'
ACTION SNIPPET 10000 372 SNIPPET_RELEVANT b'1293154'
ACTION DOC 10000 392 EXAMINING_DOCUMENT b'1293154'
ACTION MARK 10000 395 CONSIDERED_RELEVANT b'1293154'
ACTION SNIPPET 10000 398 SNIPPET_RELEVANT b'174054'
ACTION DOC 10000 418 EXAMINING_DOCUMENT b'174054'
ACTION MARK 10000 421 CONSIDERED_RELEVANT b'174054'
ACTION SNIPPET 10000 424 SNIPPET_RELEVANT b'240768'
ACTION DOC 10000 444 EXAMINING_DOCUMENT b'240768'
ACTION MARK 10000 447 CONSIDERED_RELEVANT b'240768'
ACTION SNIPPET 10000 450 SNIPPET_NOT_RELEVANT b'244381'
ACTION SNIPPET 10000 453 SNIPPET_RELEVANT b'365725'
ACTION DOC 10000 473 EXAMINING_DOCUMENT b'365725'
ACTION MARK 10000 476 CONSIDERED_RELEVANT b'365725'
ACTION SNIPPET 10000 479 SNIPPET_RELEVANT b'365604'
ACTION DOC 10000 499 EXAMINING_DOCUMENT b'365604'
ACTION MARK 10000 502 CONSIDERED_RELEVANT b'365604'
ACTION SNIPPET 10000 505 SNIPPET_RELEVANT b'64001'
ACTION DOC 10000 525 EXAMINING_DOCUMENT b'64001'
ACTION MARK 10000 528 CONSIDERED_RELEVANT b'64001'
ACTION SNIPPET 10000 531 SNIPPET_RELEVANT b'252935'
ACTION DOC 10000 551 EXAMINING_DOCUMENT b'252935'
ACTION SNIPPET 10000 554 SNIPPET_RELEVANT b'63459'
ACTION DOC 10000 574 EXAMINING_DOCUMENT b'63459'
ACTION MARK 10000 577 CONSIDERED_RELEVANT b'63459'
ACTION QUERY 10000 587 human stampede counter
ACTION SERP 10000 592 EXAMINE_SERP
ACTION SNIPPET 10000 595 SNIPPET_RELEVANT b'1573812'
ACTION DOC 10000 615 EXAMINING_DOCUMENT b'1573812'
ACTION MARK 10000 618 CONSIDERED_RELEVANT b'1573812'
ACTION SNIPPET 10000 621 SNIPPET_RELEVANT b'809697'
ACTION DOC 10000 641 EXAMINING_DOCUMENT b'809697'
ACTION SNIPPET 10000 644 SNIPPET_NOT_RELEVANT b'1315825'
ACTION SNIPPET 10000 647 SNIPPET_RELEVANT b'1041625'
ACTION DOC 10000 667 EXAMINING_DOCUMENT b'1041625'
ACTION SNIPPET 10000 670 SNIPPET_NOT_RELEVANT b'1450252'
ACTION SNIPPET 10000 673 SEEN_PREVIOUSLY b'818047'
ACTION SNIPPET 10000 676 SEEN_PREVIOUSLY b'492316'
ACTION SNIPPET 10000 679 SEEN_PREVIOUSLY b'363729'
ACTION SNIPPET 10000 682 SEEN_PREVIOUSLY b'423877'
ACTION SNIPPET 10000 685 SNIPPET_NOT_RELEVANT b'1414592'
ACTION QUERY 10000 695 human stampede women
ACTION SERP 10000 700 EXAMINE_SERP
ACTION SNIPPET 10000 703 SNIPPET_NOT_RELEVANT b'1753507'
ACTION SNIPPET 10000 706 SNIPPET_RELEVANT b'1393201'
ACTION DOC 10000 726 EXAMINING_DOCUMENT b'1393201'
ACTION SNIPPET 10000 729 SNIPPET_RELEVANT b'1698889'
ACTION DOC 10000 749 EXAMINING_DOCUMENT b'1698889'
ACTION MARK 10000 752 CONSIDERED_RELEVANT b'1698889'
ACTION SNIPPET 10000 755 SNIPPET_RELEVANT b'729106'
ACTION DOC 10000 775 EXAMINING_DOCUMENT b'729106'
ACTION MARK 10000 778 CONSIDERED_RELEVANT b'729106'
ACTION SNIPPET 10000 781 SNIPPET_NOT_RELEVANT b'1315825'
ACTION SNIPPET 10000 784 SNIPPET_NOT_RELEVANT b'1450252'
ACTION SNIPPET 10000 787 SNIPPET_RELEVANT b'1057296'
ACTION DOC 10000 807 EXAMINING_DOCUMENT b'1057296'
ACTION SNIPPET 10000 810 SEEN_PREVIOUSLY b'818047'
ACTION SNIPPET 10000 813 SEEN_PREVIOUSLY b'492316'
ACTION SNIPPET 10000 816 SNIPPET_NOT_RELEVANT b'556190'
ACTION QUERY 10000 826 human stampede bottle
ACTION SERP 10000 831 EXAMINE_SERP
ACTION SNIPPET 10000 834 SNIPPET_RELEVANT b'746477'
ACTION DOC 10000 854 EXAMINING_DOCUMENT b'746477'
ACTION MARK 10000 857 CONSIDERED_RELEVANT b'746477'
ACTION SNIPPET 10000 860 SNIPPET_RELEVANT b'1698784'
ACTION DOC 10000 880 EXAMINING_DOCUMENT b'1698784'
ACTION MARK 10000 883 CONSIDERED_RELEVANT b'1698784'
ACTION SNIPPET 10000 886 SNIPPET_RELEVANT b'1315825'
ACTION DOC 10000 906 EXAMINING_DOCUMENT b'1315825'
ACTION SNIPPET 10000 909 SNIPPET_RELEVANT b'1450252'
ACTION DOC 10000 929 EXAMINING_DOCUMENT b'1450252'
ACTION SNIPPET 10000 932 SEEN_PREVIOUSLY b'818047'
ACTION SNIPPET 10000 935 SEEN_PREVIOUSLY b'492316'
ACTION SNIPPET 10000 938 SNIPPET_NOT_RELEVANT b'1292328'
ACTION SNIPPET 10000 941 SNIPPET_RELEVANT b'729914'
ACTION DOC 10000 961 EXAMINING_DOCUMENT b'729914'
ACTION MARK 10000 964 CONSIDERED_RELEVANT b'729914'
ACTION SNIPPET 10000 967 SEEN_PREVIOUSLY b'1041625'
ACTION SNIPPET 10000 970 SEEN_PREVIOUSLY b'363729'
ACTION QUERY 10000 980 human stampede cannon
ACTION SERP 10000 985 EXAMINE_SERP
ACTION SNIPPET 10000 988 SNIPPET_NOT_RELEVANT b'1082325'
ACTION SNIPPET 10000 991 SNIPPET_RELEVANT b'631945'
ACTION DOC 10000 1011 EXAMINING_DOCUMENT b'631945'
ACTION SNIPPET 10000 1014 SNIPPET_NOT_RELEVANT b'673752'
ACTION SNIPPET 10000 1017 SNIPPET_NOT_RELEVANT b'481133'
ACTION SNIPPET 10000 1020 SNIPPET_NOT_RELEVANT b'848272'
ACTION SNIPPET 10000 1023 SEEN_PREVIOUSLY b'1315825'
ACTION SNIPPET 10000 1026 SEEN_PREVIOUSLY b'1450252'
ACTION SNIPPET 10000 1029 SNIPPET_RELEVANT b'767558'
ACTION DOC 10000 1049 EXAMINING_DOCUMENT b'767558'
ACTION SNIPPET 10000 1052 SNIPPET_RELEVANT b'215159'
ACTION DOC 10000 1072 EXAMINING_DOCUMENT b'215159'
ACTION SNIPPET 10000 1075 SEEN_PREVIOUSLY b'818047'
ACTION QUERY 10000 1085 human stampede dancers
ACTION SERP 10000 1090 EXAMINE_SERP
ACTION SNIPPET 10000 1093 SNIPPET_NOT_RELEVANT b'1156635'
ACTION SNIPPET 10000 1096 SNIPPET_NOT_RELEVANT b'122234'
ACTION SNIPPET 10000 1099 SNIPPET_NOT_RELEVANT b'991963'
ACTION SNIPPET 10000 1102 SNIPPET_NOT_RELEVANT b'155364'
ACTION SNIPPET 10000 1105 SNIPPET_RELEVANT b'233729'
ACTION DOC 10000 1125 EXAMINING_DOCUMENT b'233729'
ACTION SNIPPET 10000 1128 SEEN_PREVIOUSLY b'1315825'
ACTION SNIPPET 10000 1131 SEEN_PREVIOUSLY b'1450252'
ACTION SNIPPET 10000 1134 SEEN_PREVIOUSLY b'818047'
ACTION SNIPPET 10000 1137 SEEN_PREVIOUSLY b'492316'
ACTION SNIPPET 10000 1140 SEEN_PREVIOUSLY b'363729'
ACTION QUERY 10000 1150 human stampede 24
ACTION SERP 10000 1155 EXAMINE_SERP
ACTION SNIPPET 10000 1158 SNIPPET_RELEVANT b'1698852'
ACTION DOC 10000 1178 EXAMINING_DOCUMENT b'1698852'
ACTION MARK 10000 1181 CONSIDERED_RELEVANT b'1698852'
ACTION SNIPPET 10000 1184 SNIPPET_NOT_RELEVANT b'1426541'
ACTION SNIPPET 10000 1187 SEEN_PREVIOUSLY b'1315825'
ACTION SNIPPET 10000 1190 SEEN_PREVIOUSLY b'1450252'
ACTION SNIPPET 10000 1193 SEEN_PREVIOUSLY b'818047'
ACTION SNIPPET 10000 1196 SEEN_PREVIOUSLY b'492316'
ACTION SNIPPET 10000 1199 SNIPPET_RELEVANT b'888485'
ACTION DOC 10000 1219 EXAMINING_DOCUMENT b'888485'
ACTION SNIPPET 10000 1222 SEEN_PREVIOUSLY b'363729'
ACTION SNIPPET 10000 1225 SNIPPET_NOT_RELEVANT b'122234'
ACTION SNIPPET 10000 1228 SNIPPET_RELEVANT b'331736'
ACTION DOC 10000 1248 EXAMINING_DOCUMENT b'331736'
ACTION QUERY 10000 1258 human stampede iraq
ACTION SERP 10000 1263 EXAMINE_SERP
ACTION SNIPPET 10000 1266 SNIPPET_NOT_RELEVANT b'1426186'
ACTION SNIPPET 10000 1269 SNIPPET_NOT_RELEVANT b'1699122'
ACTION SNIPPET 10000 1272 SNIPPET_NOT_RELEVANT b'403810'
ACTION SNIPPET 10000 1275 SNIPPET_RELEVANT b'369520'
ACTION DOC 10000 1295 EXAMINING_DOCUMENT b'369520'
ACTION MARK 10000 1298 CONSIDERED_RELEVANT b'369520'
ACTION SNIPPET 10000 1301 SNIPPET_NOT_RELEVANT b'1699901'
ACTION SNIPPET 10000 1304 SNIPPET_RELEVANT b'1699542'
ACTION DOC 10000 1324 EXAMINING_DOCUMENT b'1699542'
ACTION MARK 10000 1327 CONSIDERED_RELEVANT b'1699542'
ACTION SNIPPET 10000 1330 SNIPPET_RELEVANT b'1515250'
ACTION DOC 10000 1350 EXAMINING_DOCUMENT b'1515250'
ACTION MARK 10000 1353 CONSIDERED_RELEVANT b'1515250'
ACTION SNIPPET 10000 1356 SNIPPET_NOT_RELEVANT b'1783796'
ACTION SNIPPET 10000 1359 SNIPPET_RELEVANT b'1706941'
ACTION DOC 10000 1379 EXAMINING_DOCUMENT b'1706941'
ACTION SNIPPET 10000 1382 SNIPPET_RELEVANT b'1426541'
ACTION DOC 10000 1402 EXAMINING_DOCUMENT b'1426541'
ACTION QUERY 10000 1412 human stampede cyprus
ACTION SERP 10000 1417 EXAMINE_SERP
ACTION SNIPPET 10000 1420 SNIPPET_RELEVANT b'253857'
ACTION DOC 10000 1440 EXAMINING_DOCUMENT b'253857'
ACTION SNIPPET 10000 1443 SNIPPET_RELEVANT b'112695'
ACTION DOC 10000 1463 EXAMINING_DOCUMENT b'112695'
ACTION SNIPPET 10000 1466 SNIPPET_RELEVANT b'1292427'
ACTION DOC 10000 1486 EXAMINING_DOCUMENT b'1292427'
ACTION SNIPPET 10000 1489 SNIPPET_NOT_RELEVANT b'1719477'
ACTION SNIPPET 10000 1492 SNIPPET_RELEVANT b'10154'
ACTION DOC 10000 1512 EXAMINING_DOCUMENT b'10154'
ACTION SNIPPET 10000 1515 SNIPPET_NOT_RELEVANT b'915843'
ACTION SNIPPET 10000 1518 SNIPPET_RELEVANT b'1141393'
ACTION DOC 10000 1538 EXAMINING_DOCUMENT b'1141393'
ACTION SNIPPET 10000 1541 SNIPPET_NOT_RELEVANT b'208214'
ACTION SNIPPET 10000 1544 SNIPPET_NOT_RELEVANT b'1479555'
ACTION SNIPPET 10000 1547 SNIPPET_RELEVANT b'1140807'
ACTION DOC 10000 1567 EXAMINING_DOCUMENT b'1140807'
ACTION QUERY 10000 1577 human stampede saturdays
ACTION SERP 10000 1582 EXAMINE_SERP
ACTION SNIPPET 10000 1585 SNIPPET_NOT_RELEVANT b'127391'
ACTION SNIPPET 10000 1588 SNIPPET_RELEVANT b'1511264'
ACTION DOC 10000 1608 EXAMINING_DOCUMENT b'1511264'
ACTION SNIPPET 10000 1611 SEEN_PREVIOUSLY b'1315825'
ACTION SNIPPET 10000 1614 SEEN_PREVIOUSLY b'1450252'
ACTION SNIPPET 10000 1617 SEEN_PREVIOUSLY b'818047'
ACTION SNIPPET 10000 1620 SNIPPET_RELEVANT b'497389'
ACTION DOC 10000 1640 EXAMINING_DOCUMENT b'497389'
ACTION MARK 10000 1643 CONSIDERED_RELEVANT b'497389'
ACTION SNIPPET 10000 1646 SNIPPET_RELEVANT b'497300'
ACTION DOC 10000 1666 EXAMINING_DOCUMENT b'497300'
ACTION MARK 10000 1669 CONSIDERED_RELEVANT b'497300'
ACTION SNIPPET 10000 1672 SEEN_PREVIOUSLY b'492316'
ACTION SNIPPET 10000 1675 SNIPPET_RELEVANT b'1238100'
ACTION DOC 10000 1695 EXAMINING_DOCUMENT b'1238100'
ACTION SNIPPET 10000 1698 SEEN_PREVIOUSLY b'331736'
ACTION QUERY 10000 1708 human stampede stampeded
ACTION SERP 10000 1713 EXAMINE_SERP
ACTION SNIPPET 10000 1716 SEEN_PREVIOUSLY b'363729'
ACTION SNIPPET 10000 1719 SNIPPET_RELEVANT b'127053'
ACTION DOC 10000 1739 EXAMINING_DOCUMENT b'127053'
ACTION MARK 10000 1742 CONSIDERED_RELEVANT b'127053'
ACTION SNIPPET 10000 1745 SNIPPET_RELEVANT b'1789645'
ACTION DOC 10000 1765 EXAMINING_DOCUMENT b'1789645'
ACTION MARK 10000 1768 CONSIDERED_RELEVANT b'1789645'
ACTION SNIPPET 10000 1771 SNIPPET_RELEVANT b'127391'
ACTION DOC 10000 1791 EXAMINING_DOCUMENT b'127391'
ACTION MARK 10000 1794 CONSIDERED_RELEVANT b'127391'
ACTION SNIPPET 10000 1797 SNIPPET_RELEVANT b'1753507'
ACTION DOC 10000 1817 EXAMINING_DOCUMENT b'1753507'
ACTION MARK 10000 1820 CONSIDERED_RELEVANT b'1753507'
ACTION SNIPPET 10000 1823 SEEN_PREVIOUSLY b'818047'
ACTION SNIPPET 10000 1826 SNIPPET_NOT_RELEVANT b'79150'
ACTION SNIPPET 10000 1829 SEEN_PREVIOUSLY b'1450252'
ACTION SNIPPET 10000 1832 SNIPPET_RELEVANT b'1466168'
ACTION DOC 10000 1852 EXAMINING_DOCUMENT b'1466168'
ACTION SNIPPET 10000 1855 SNIPPET_RELEVANT b'1475110'
ACTION DOC 10000 1875 EXAMINING_DOCUMENT b'1475110'
ACTION MARK 10000 1878 CONSIDERED_RELEVANT b'1475110'
ACTION QUERY 10000 1888 human stampede surviving
ACTION SERP 10000 1893 EXAMINE_SERP
ACTION SNIPPET 10000 1896 SNIPPET_RELEVANT b'121675'
ACTION DOC 10000 1916 EXAMINING_DOCUMENT b'121675'
ACTION SNIPPET 10000 1919 SEEN_PREVIOUSLY b'1315825'
ACTION SNIPPET 10000 1922 SEEN_PREVIOUSLY b'1450252'
ACTION SNIPPET 10000 1925 SNIPPET_RELEVANT b'276863'
ACTION DOC 10000 1945 EXAMINING_DOCUMENT b'276863'
ACTION SNIPPET 10000 1948 SEEN_PREVIOUSLY b'818047'
ACTION SNIPPET 10000 1951 SEEN_PREVIOUSLY b'492316'
ACTION SNIPPET 10000 1954 SNIPPET_RELEVANT b'1477242'
ACTION DOC 10000 1974 EXAMINING_DOCUMENT b'1477242'
ACTION MARK 10000 1977 CONSIDERED_RELEVANT b'1477242'
ACTION SNIPPET 10000 1980 SEEN_PREVIOUSLY b'363729'
ACTION SNIPPET 10000 1983 SNIPPET_RELEVANT b'556190'
ACTION DOC 10000 2003 EXAMINING_DOCUMENT b'556190'
ACTION SNIPPET 10000 2006 SEEN_PREVIOUSLY b'809697'
ACTION QUERY 10000 2016 human stampede toll
ACTION SERP 10000 2021 EXAMINE_SERP
ACTION SNIPPET 10000 2024 SNIPPET_RELEVANT b'923509'
ACTION DOC 10000 2044 EXAMINING_DOCUMENT b'923509'
ACTION MARK 10000 2047 CONSIDERED_RELEVANT b'923509'
ACTION SNIPPET 10000 2050 SNIPPET_RELEVANT b'1731810'
ACTION DOC 10000 2070 EXAMINING_DOCUMENT b'1731810'
ACTION MARK 10000 2073 CONSIDERED_RELEVANT b'1731810'
ACTION SNIPPET 10000 2076 SNIPPET_NOT_RELEVANT b'1285060'
ACTION SNIPPET 10000 2079 SNIPPET_NOT_RELEVANT b'1216106'
ACTION SNIPPET 10000 2082 SNIPPET_RELEVANT b'818289'
ACTION DOC 10000 2102 EXAMINING_DOCUMENT b'818289'
ACTION MARK 10000 2105 CONSIDERED_RELEVANT b'818289'
ACTION SNIPPET 10000 2108 SEEN_PREVIOUSLY b'1315825'
ACTION SNIPPET 10000 2111 SEEN_PREVIOUSLY b'1450252'
ACTION SNIPPET 10000 2114 SNIPPET_RELEVANT b'1292328'
ACTION DOC 10000 2134 EXAMINING_DOCUMENT b'1292328'
ACTION MARK 10000 2137 CONSIDERED_RELEVANT b'1292328'
ACTION SNIPPET 10000 2140 SEEN_PREVIOUSLY b'818047'
ACTION SNIPPET 10000 2143 SEEN_PREVIOUSLY b'492316'
ACTION QUERY 10000 2153 human stampede nepal
ACTION SERP 10000 2158 EXAMINE_SERP
ACTION SNIPPET 10000 2161 SNIPPET_RELEVANT b'1756841'
ACTION DOC 10000 2181 EXAMINING_DOCUMENT b'1756841'
ACTION SNIPPET 10000 2184 SNIPPET_RELEVANT b'1693512'
ACTION DOC 10000 2204 EXAMINING_DOCUMENT b'1693512'
ACTION SNIPPET 10000 2207 SNIPPET_NOT_RELEVANT b'1702545'
ACTION SNIPPET 10000 2210 SNIPPET_NOT_RELEVANT b'1649486'
ACTION SNIPPET 10000 2213 SNIPPET_NOT_RELEVANT b'1740300'
ACTION SNIPPET 10000 2216 SNIPPET_NOT_RELEVANT b'1812667'
ACTION SNIPPET 10000 2219 SNIPPET_NOT_RELEVANT b'1762604'
ACTION SNIPPET 10000 2222 SNIPPET_NOT_RELEVANT b'1797605'
ACTION SNIPPET 10000 2225 SNIPPET_RELEVANT b'1608368'
ACTION DOC 10000 2245 EXAMINING_DOCUMENT b'1608368'
ACTION SNIPPET 10000 2248 SNIPPET_NOT_RELEVANT b'1762748'
ACTION QUERY 10000 2258 human stampede structural
ACTION SERP 10000 2263 EXAMINE_SERP
ACTION SNIPPET 10000 2266 SNIPPET_RELEVANT b'1009032'
ACTION DOC 10000 2286 EXAMINING_DOCUMENT b'1009032'
ACTION SNIPPET 10000 2289 SEEN_PREVIOUSLY b'1315825'
ACTION SNIPPET 10000 2292 SEEN_PREVIOUSLY b'1450252'
ACTION SNIPPET 10000 2295 SNIPPET_NOT_RELEVANT b'1732683'
ACTION SNIPPET 10000 2298 SNIPPET_RELEVANT b'9067'
ACTION DOC 10000 2318 EXAMINING_DOCUMENT b'9067'
ACTION SNIPPET 10000 2321 SEEN_PREVIOUSLY b'818047'
ACTION SNIPPET 10000 2324 SEEN_PREVIOUSLY b'492316'
ACTION SNIPPET 10000 2327 SNIPPET_NOT_RELEVANT b'368880'
ACTION SNIPPET 10000 2330 SEEN_PREVIOUSLY b'363729'
ACTION SNIPPET 10000 2333 SNIPPET_RELEVANT b'1731589'
ACTION DOC 10000 2353 EXAMINING_DOCUMENT b'1731589'
ACTION MARK 10000 2356 CONSIDERED_RELEVANT b'1731589'
ACTION QUERY 10000 2366 human stampede management
ACTION SERP 10000 2371 EXAMINE_SERP
ACTION SNIPPET 10000 2374 SEEN_PREVIOUSLY b'492316'
ACTION SNIPPET 10000 2377 SNIPPET_RELEVANT b'147204'
ACTION DOC 10000 2397 EXAMINING_DOCUMENT b'147204'
ACTION SNIPPET 10000 2400 SEEN_PREVIOUSLY b'1315825'
ACTION SNIPPET 10000 2403 SEEN_PREVIOUSLY b'1450252'
ACTION SNIPPET 10000 2406 SEEN_PREVIOUSLY b'818047'
ACTION SNIPPET 10000 2409 SNIPPET_RELEVANT b'1522020'
ACTION DOC 10000 2429 EXAMINING_DOCUMENT b'1522020'
ACTION MARK 10000 2432 CONSIDERED_RELEVANT b'1522020'
ACTION SNIPPET 10000 2435 SEEN_PREVIOUSLY b'363729'
ACTION SNIPPET 10000 2438 SNIPPET_RELEVANT b'547211'
ACTION DOC 10000 2458 EXAMINING_DOCUMENT b'547211'
ACTION SNIPPET 10000 2461 SNIPPET_RELEVANT b'968875'
ACTION DOC 10000 2481 EXAMINING_DOCUMENT b'968875'
ACTION SNIPPET 10000 2484 SNIPPET_NOT_RELEVANT b'1642125'
ACTION QUERY 10000 2494 human stampede dabwali
ACTION SERP 10000 2499 EXAMINE_SERP
ACTION SNIPPET 10000 2502 SNIPPET_NOT_RELEVANT b'818415'
ACTION SNIPPET 10000 2505 SNIPPET_RELEVANT b'819097'
ACTION DOC 10000 2525 EXAMINING_DOCUMENT b'819097'
ACTION SNIPPET 10000 2528 SNIPPET_RELEVANT b'818226'
ACTION DOC 10000 2548 EXAMINING_DOCUMENT b'818226'
ACTION MARK 10000 2551 CONSIDERED_RELEVANT b'818226'
ACTION SNIPPET 10000 2554 SNIPPET_RELEVANT b'873783'
ACTION DOC 10000 2574 EXAMINING_DOCUMENT b'873783'
ACTION SNIPPET 10000 2577 SEEN_PREVIOUSLY b'1315825'
ACTION SNIPPET 10000 2580 SEEN_PREVIOUSLY b'1450252'
ACTION SNIPPET 10000 2583 SEEN_PREVIOUSLY b'818047'
ACTION SNIPPET 10000 2586 SEEN_PREVIOUSLY b'492316'
ACTION SNIPPET 10000 2589 SEEN_PREVIOUSLY b'363729'
ACTION SNIPPET 10000 2592 SEEN_PREVIOUSLY b'423877'
ACTION QUERY 10000 2602 human stampede safe
ACTION SERP 10000 2607 EXAMINE_SERP
ACTION SNIPPET 10000 2610 SEEN_PREVIOUSLY b'818047'
ACTION SNIPPET 10000 2613 SNIPPET_NOT_RELEVANT b'328697'
ACTION SNIPPET 10000 2616 SEEN_PREVIOUSLY b'1238100'
ACTION SNIPPET 10000 2619 SNIPPET_RELEVANT b'808800'
ACTION DOC 10000 2639 EXAMINING_DOCUMENT b'808800'
ACTION SNIPPET 10000 2642 SEEN_PREVIOUSLY b'1315825'
ACTION SNIPPET 10000 2645 SEEN_PREVIOUSLY b'1450252'
ACTION SNIPPET 10000 2648 SEEN_PREVIOUSLY b'492316'
ACTION SNIPPET 10000 2651 SEEN_PREVIOUSLY b'363729'
ACTION SNIPPET 10000 2654 SNIPPET_NOT_RELEVANT b'1716987'
ACTION SNIPPET 10000 2657 SNIPPET_RELEVANT b'673752'
ACTION DOC 10000 2677 EXAMINING_DOCUMENT b'673752'
ACTION QUERY 10000 2687 human stampede name
ACTION SERP 10000 2692 EXAMINE_SERP
ACTION SNIPPET 10000 2695 SEEN_PREVIOUSLY b'1315825'
ACTION SNIPPET 10000 2698 SEEN_PREVIOUSLY b'1450252'
ACTION SNIPPET 10000 2701 SNIPPET_RELEVANT b'375728'
ACTION DOC 10000 2721 EXAMINING_DOCUMENT b'375728'
ACTION SNIPPET 10000 2724 SEEN_PREVIOUSLY b'818047'
ACTION SNIPPET 10000 2727 SEEN_PREVIOUSLY b'492316'
ACTION SNIPPET 10000 2730 SNIPPET_NOT_RELEVANT b'352090'
ACTION SNIPPET 10000 2733 SNIPPET_RELEVANT b'500222'
ACTION DOC 10000 2753 EXAMINING_DOCUMENT b'500222'
ACTION SNIPPET 10000 2756 SNIPPET_RELEVANT b'1004585'
ACTION DOC 10000 2776 EXAMINING_DOCUMENT b'1004585'
ACTION MARK 10000 2779 CONSIDERED_RELEVANT b'1004585'
ACTION SNIPPET 10000 2782 SEEN_PREVIOUSLY b'363729'
ACTION SNIPPET 10000 2785 SEEN_PREVIOUSLY b'1009032'
ACTION QUERY 10000 2795 human stampede year
ACTION SERP 10000 2800 EXAMINE_SERP
ACTION SNIPPET 10000 2803 SEEN_PREVIOUSLY b'1315825'
ACTION SNIPPET 10000 2806 SEEN_PREVIOUSLY b'1450252'
ACTION SNIPPET 10000 2809 SEEN_PREVIOUSLY b'492316'
ACTION SNIPPET 10000 2812 SEEN_PREVIOUSLY b'818047'
ACTION SNIPPET 10000 2815 SEEN_PREVIOUSLY b'363729'
ACTION SNIPPET 10000 2818 SEEN_PREVIOUSLY b'423877'
ACTION SNIPPET 10000 2821 SEEN_PREVIOUSLY b'1466168'
ACTION SNIPPET 10000 2824 SNIPPET_RELEVANT b'1061863'
ACTION DOC 10000 2844 EXAMINING_DOCUMENT b'1061863'
ACTION SNIPPET 10000 2847 SNIPPET_RELEVANT b'1467225'
ACTION DOC 10000 2867 EXAMINING_DOCUMENT b'1467225'
ACTION MARK 10000 2870 CONSIDERED_RELEVANT b'1467225'
ACTION SNIPPET 10000 2873 SNIPPET_RELEVANT b'1547010'
ACTION DOC 10000 2893 EXAMINING_DOCUMENT b'1547010'
ACTION QUERY 10000 2903 human stampede deadliest
ACTION SERP 10000 2908 EXAMINE_SERP
ACTION SNIPPET 10000 2911 SNIPPET_RELEVANT b'837945'
ACTION DOC 10000 2931 EXAMINING_DOCUMENT b'837945'
ACTION MARK 10000 2934 CONSIDERED_RELEVANT b'837945'
ACTION SNIPPET 10000 2937 SNIPPET_NOT_RELEVANT b'1467690'
ACTION SNIPPET 10000 2940 SNIPPET_RELEVANT b'71573'
ACTION DOC 10000 2960 EXAMINING_DOCUMENT b'71573'
ACTION SNIPPET 10000 2963 SEEN_PREVIOUSLY b'1315825'
ACTION SNIPPET 10000 2966 SNIPPET_NOT_RELEVANT b'306101'
ACTION SNIPPET 10000 2969 SEEN_PREVIOUSLY b'1450252'
ACTION SNIPPET 10000 2972 SNIPPET_NOT_RELEVANT b'1387611'
ACTION SNIPPET 10000 2975 SNIPPET_NOT_RELEVANT b'1350433'
ACTION SNIPPET 10000 2978 SEEN_PREVIOUSLY b'818047'
ACTION SNIPPET 10000 2981 SEEN_PREVIOUSLY b'492316'
ACTION QUERY 10000 2991 human stampede olympics
ACTION SERP 10000 2996 EXAMINE_SERP
ACTION SNIPPET 10000 2999 SNIPPET_NOT_RELEVANT b'122234'
ACTION SNIPPET 10000 3002 SNIPPET_NOT_RELEVANT b'114876'
ACTION SNIPPET 10000 3005 SNIPPET_NOT_RELEVANT b'121503'
ACTION SNIPPET 10000 3008 SNIPPET_RELEVANT b'636340'
ACTION DOC 10000 3028 EXAMINING_DOCUMENT b'636340'
ACTION SNIPPET 10000 3031 SNIPPET_RELEVANT b'1558527'
ACTION DOC 10000 3051 EXAMINING_DOCUMENT b'1558527'
ACTION SNIPPET 10000 3054 SNIPPET_NOT_RELEVANT b'709761'
ACTION SNIPPET 10000 3057 SNIPPET_NOT_RELEVANT b'23936'
ACTION SNIPPET 10000 3060 SNIPPET_RELEVANT b'119045'
ACTION DOC 10000 3080 EXAMINING_DOCUMENT b'119045'
ACTION SNIPPET 10000 3083 SNIPPET_RELEVANT b'101935'
ACTION DOC 10000 3103 EXAMINING_DOCUMENT b'101935'
ACTION SNIPPET 10000 3106 SNIPPET_RELEVANT b'121183'
ACTION DOC 10000 3126 EXAMINING_DOCUMENT b'121183'
ACTION QUERY 10000 3136 human stampede muslims
ACTION SERP 10000 3141 EXAMINE_SERP
ACTION SNIPPET 10000 3144 SNIPPET_RELEVANT b'1627493'
ACTION DOC 10000 3164 EXAMINING_DOCUMENT b'1627493'
ACTION SNIPPET 10000 3167 SNIPPET_NOT_RELEVANT b'1555757'
ACTION SNIPPET 10000 3170 SNIPPET_RELEVANT b'958331'
ACTION DOC 10000 3190 EXAMINING_DOCUMENT b'958331'
ACTION SNIPPET 10000 3193 SNIPPET_RELEVANT b'367335'
ACTION DOC 10000 3213 EXAMINING_DOCUMENT b'367335'
ACTION MARK 10000 3216 CONSIDERED_RELEVANT b'367335'
ACTION SNIPPET 10000 3219 SNIPPET_RELEVANT b'588305'
ACTION DOC 10000 3239 EXAMINING_DOCUMENT b'588305'
ACTION SNIPPET 10000 3242 SNIPPET_NOT_RELEVANT b'284316'
ACTION SNIPPET 10000 3245 SNIPPET_NOT_RELEVANT b'459227'
ACTION SNIPPET 10000 3248 SNIPPET_RELEVANT b'1093724'
ACTION DOC 10000 3268 EXAMINING_DOCUMENT b'1093724'
ACTION SNIPPET 10000 3271 SNIPPET_NOT_RELEVANT b'548146'
ACTION SNIPPET 10000 3274 SNIPPET_RELEVANT b'1732683'
ACTION DOC 10000 3294 EXAMINING_DOCUMENT b'1732683'
ACTION MARK 10000 3297 CONSIDERED_RELEVANT b'1732683'
ACTION QUERY 10000 3307 human stampede yugoslavia
ACTION SERP 10000 3312 EXAMINE_SERP
ACTION SNIPPET 10000 3315 SNIPPET_NOT_RELEVANT b'1023160'
ACTION SNIPPET 10000 3318 SNIPPET_RELEVANT b'480048'
ACTION DOC 10000 3338 EXAMINING_DOCUMENT b'480048'
ACTION SNIPPET 10000 3341 SEEN_PREVIOUSLY b'500222'
ACTION SNIPPET 10000 3344 SNIPPET_NOT_RELEVANT b'405887'
ACTION SNIPPET 10000 3347 SNIPPET_NOT_RELEVANT b'405846'
ACTION SNIPPET 10000 3350 SNIPPET_NOT_RELEVANT b'446617'
ACTION SNIPPET 10000 3353 SNIPPET_RELEVANT b'96377'
ACTION DOC 10000 3373 EXAMINING_DOCUMENT b'96377'
ACTION SNIPPET 10000 3376 SNIPPET_RELEVANT b'318096'
ACTION DOC 10000 3396 EXAMINING_DOCUMENT b'318096'
ACTION SNIPPET 10000 3399 SNIPPET_NOT_RELEVANT b'334057'
ACTION SNIPPET 10000 3402 SNIPPET_NOT_RELEVANT b'438263'
ACTION QUERY 10000 3412 human stampede guards
ACTION SERP 10000 3417 EXAMINE_SERP
ACTION SNIPPET 10000 3420 SNIPPET_RELEVANT b'868795'
ACTION DOC 10000 3440 EXAMINING_DOCUMENT b'868795'
ACTION MARK 10000 3443 CONSIDERED_RELEVANT b'868795'
ACTION SNIPPET 10000 3446 SNIPPET_NOT_RELEVANT b'352090'
ACTION SNIPPET 10000 3449 SEEN_PREVIOUSLY b'1009032'
ACTION SNIPPET 10000 3452 SNIPPET_RELEVANT b'497129'
ACTION DOC 10000 3472 EXAMINING_DOCUMENT b'497129'
ACTION MARK 10000 3475 CONSIDERED_RELEVANT b'497129'
ACTION SNIPPET 10000 3478 SNIPPET_NOT_RELEVANT b'1086046'
ACTION SNIPPET 10000 3481 SNIPPET_NOT_RELEVANT b'1466129'
ACTION SNIPPET 10000 3484 SEEN_PREVIOUSLY b'1315825'
ACTION SNIPPET 10000 3487 SNIPPET_NOT_RELEVANT b'791345'
ACTION SNIPPET 10000 3490 SEEN_PREVIOUSLY b'1450252'
ACTION SNIPPET 10000 3493 SNIPPET_RELEVANT b'1467342'
ACTION DOC 10000 3513 EXAMINING_DOCUMENT b'1467342'
ACTION MARK 10000 3516 CONSIDERED_RELEVANT b'1467342'
ACTION QUERY 10000 3526 human stampede interiors
ACTION SERP 10000 3531 EXAMINE_SERP
ACTION SNIPPET 10000 3534 SNIPPET_RELEVANT b'1699122'
ACTION DOC 10000 3554 EXAMINING_DOCUMENT b'1699122'
ACTION MARK 10000 3557 CONSIDERED_RELEVANT b'1699122'
ACTION SNIPPET 10000 3560 SNIPPET_NOT_RELEVANT b'1199011'
ACTION SNIPPET 10000 3563 SNIPPET_RELEVANT b'1699901'
ACTION DOC 10000 3583 EXAMINING_DOCUMENT b'1699901'
ACTION MARK 10000 3586 CONSIDERED_RELEVANT b'1699901'
ACTION SNIPPET 10000 3589 SNIPPET_RELEVANT b'1783796'
ACTION DOC 10000 3609 EXAMINING_DOCUMENT b'1783796'
ACTION MARK 10000 3612 CONSIDERED_RELEVANT b'1783796'
ACTION SNIPPET 10000 3615 SEEN_PREVIOUSLY b'1315825'
ACTION SNIPPET 10000 3618 SEEN_PREVIOUSLY b'1450252'
ACTION SNIPPET 10000 3621 SNIPPET_NOT_RELEVANT b'1152884'
ACTION SNIPPET 10000 3624 SEEN_PREVIOUSLY b'818047'
ACTION SNIPPET 10000 3627 SEEN_PREVIOUSLY b'492316'
ACTION SNIPPET 10000 3630 SEEN_PREVIOUSLY b'363729'
ACTION QUERY 10000 3640 human stampede leave
ACTION SERP 10000 3645 EXAMINE_SERP
ACTION SNIPPET 10000 3648 SEEN_PREVIOUSLY b'363729'
ACTION SNIPPET 10000 3651 SEEN_PREVIOUSLY b'423877'
ACTION SNIPPET 10000 3654 SEEN_PREVIOUSLY b'1061863'
ACTION SNIPPET 10000 3657 SEEN_PREVIOUSLY b'1315825'
ACTION SNIPPET 10000 3660 SEEN_PREVIOUSLY b'1450252'
ACTION SNIPPET 10000 3663 SEEN_PREVIOUSLY b'1627493'
ACTION SNIPPET 10000 3666 SEEN_PREVIOUSLY b'818047'
ACTION SNIPPET 10000 3669 SEEN_PREVIOUSLY b'492316'
ACTION SNIPPET 10000 3672 SNIPPET_RELEVANT b'485041'
ACTION DOC 10000 3692 EXAMINING_DOCUMENT b'485041'
ACTION SNIPPET 10000 3695 SEEN_PREVIOUSLY b'808800'
ACTION QUERY 10000 3705 human stampede iranis
ACTION SERP 10000 3710 EXAMINE_SERP
ACTION SNIPPET 10000 3713 SNIPPET_NOT_RELEVANT b'963252'
ACTION SNIPPET 10000 3716 SNIPPET_RELEVANT b'19654'
ACTION DOC 10000 3736 EXAMINING_DOCUMENT b'19654'
ACTION SNIPPET 10000 3739 SNIPPET_NOT_RELEVANT b'1003241'
ACTION SNIPPET 10000 3742 SNIPPET_NOT_RELEVANT b'964608'
ACTION SNIPPET 10000 3745 SNIPPET_NOT_RELEVANT b'423157'
ACTION SNIPPET 10000 3748 SNIPPET_NOT_RELEVANT b'327124'
ACTION SNIPPET 10000 3751 SNIPPET_NOT_RELEVANT b'407936'
ACTION SNIPPET 10000 3754 SNIPPET_NOT_RELEVANT b'415338'
ACTION SNIPPET 10000 3757 SNIPPET_NOT_RELEVANT b'176717'
ACTION SNIPPET 10000 3760 SNIPPET_RELEVANT b'1603171'
ACTION DOC 10000 3780 EXAMINING_DOCUMENT b'1603171'
ACTION QUERY 10000 3790 human stampede taiwan
ACTION SERP 10000 3795 EXAMINE_SERP
ACTION SNIPPET 10000 3798 SNIPPET_RELEVANT b'831426'
ACTION DOC 10000 3818 EXAMINING_DOCUMENT b'831426'
ACTION SNIPPET 10000 3821 SNIPPET_NOT_RELEVANT b'659852'
ACTION SNIPPET 10000 3824 SNIPPET_NOT_RELEVANT b'780834'
ACTION SNIPPET 10000 3827 SNIPPET_NOT_RELEVANT b'1207024'
ACTION SNIPPET 10000 3830 SNIPPET_RELEVANT b'1622246'
ACTION DOC 10000 3850 EXAMINING_DOCUMENT b'1622246'
ACTION SNIPPET 10000 3853 SNIPPET_NOT_RELEVANT b'688978'
ACTION SNIPPET 10000 3856 SNIPPET_NOT_RELEVANT b'104390'
ACTION SNIPPET 10000 3859 SNIPPET_NOT_RELEVANT b'639707'
ACTION SNIPPET 10000 3862 SNIPPET_RELEVANT b'1279506'
ACTION DOC 10000 3882 EXAMINING_DOCUMENT b'1279506'
ACTION SNIPPET 10000 3885 SNIPPET_NOT_RELEVANT b'813633'
ACTION QUERY 10000 3895 human stampede see
ACTION SERP 10000 3900 EXAMINE_SERP
ACTION SNIPPET 10000 3903 SEEN_PREVIOUSLY b'423877'
ACTION SNIPPET 10000 3906 SEEN_PREVIOUSLY b'1315825'
ACTION SNIPPET 10000 3909 SEEN_PREVIOUSLY b'1547010'
ACTION SNIPPET 10000 3912 SEEN_PREVIOUSLY b'1450252'
ACTION SNIPPET 10000 3915 SEEN_PREVIOUSLY b'121675'
ACTION SNIPPET 10000 3918 SEEN_PREVIOUSLY b'818047'
ACTION SNIPPET 10000 3921 SEEN_PREVIOUSLY b'492316'
ACTION SNIPPET 10000 3924 SNIPPET_NOT_RELEVANT b'1156635'
ACTION SNIPPET 10000 3927 SEEN_PREVIOUSLY b'363729'
ACTION SNIPPET 10000 3930 SEEN_PREVIOUSLY b'1009032'
ACTION QUERY 10000 3940 human stampede cars
ACTION SERP 10000 3945 EXAMINE_SERP
ACTION SNIPPET 10000 3948 SEEN_PREVIOUSLY b'818047'
ACTION SNIPPET 10000 3951 SEEN_PREVIOUSLY b'331736'
ACTION SNIPPET 10000 3954 SEEN_PREVIOUSLY b'1315825'
ACTION SNIPPET 10000 3957 SEEN_PREVIOUSLY b'1450252'
ACTION SNIPPET 10000 3960 SEEN_PREVIOUSLY b'492316'
ACTION SNIPPET 10000 3963 SNIPPET_NOT_RELEVANT b'181784'
ACTION SNIPPET 10000 3966 SEEN_PREVIOUSLY b'363729'
ACTION SNIPPET 10000 3969 SNIPPET_NOT_RELEVANT b'97600'
ACTION SNIPPET 10000 3972 SNIPPET_NOT_RELEVANT b'1414592'
ACTION SNIPPET 10000 3975 SEEN_PREVIOUSLY b'423877'
ACTION QUERY 10000 3985 human stampede pub
ACTION SERP 10000 3990 EXAMINE_SERP
ACTION SNIPPET 10000 3993 SEEN_PREVIOUSLY b'1315825'
ACTION SNIPPET 10000 3996 SEEN_PREVIOUSLY b'1450252'
ACTION SNIPPET 10000 3999 SEEN_PREVIOUSLY b'818047'
ACTION SNIPPET 10000 4002 SEEN_PREVIOUSLY b'492316'
ACTION SNIPPET 10000 4005 SEEN_PREVIOUSLY b'363729'
ACTION SNIPPET 10000 4008 SNIPPET_RELEVANT b'837747'
ACTION DOC 10000 4028 EXAMINING_DOCUMENT b'837747'
ACTION MARK 10000 4031 CONSIDERED_RELEVANT b'837747'
ACTION SNIPPET 10000 4034 SNIPPET_NOT_RELEVANT b'1245246'
ACTION SNIPPET 10000 4037 SNIPPET_NOT_RELEVANT b'1607474'
ACTION SNIPPET 10000 4040 SNIPPET_NOT_RELEVANT b'774279'
ACTION SNIPPET 10000 4043 SEEN_PREVIOUSLY b'423877'
ACTION QUERY 10000 4053 human stampede stabbed
ACTION SERP 10000 4058 EXAMINE_SERP
ACTION SNIPPET 10000 4061 SNIPPET_NOT_RELEVANT b'36337'
ACTION SNIPPET 10000 4064 SNIPPET_NOT_RELEVANT b'1476286'
ACTION SNIPPET 10000 4067 SNIPPET_NOT_RELEVANT b'864935'
ACTION SNIPPET 10000 4070 SNIPPET_NOT_RELEVANT b'529386'
ACTION SNIPPET 10000 4073 SNIPPET_NOT_RELEVANT b'1220858'
ACTION SNIPPET 10000 4076 SEEN_PREVIOUSLY b'1315825'
ACTION SNIPPET 10000 4079 SEEN_PREVIOUSLY b'1450252'
ACTION SNIPPET 10000 4082 SEEN_PREVIOUSLY b'818047'
ACTION SNIPPET 10000 4085 SEEN_PREVIOUSLY b'492316'
ACTION SNIPPET 10000 4088 SNIPPET_NOT_RELEVANT b'1106867'
ACTION QUERY 10000 4098 human stampede fatal
ACTION SERP 10000 4103 EXAMINE_SERP
ACTION SNIPPET 10000 4106 SEEN_PREVIOUSLY b'1466168'
ACTION SNIPPET 10000 4109 SNIPPET_RELEVANT b'497598'
ACTION DOC 10000 4129 EXAMINING_DOCUMENT b'497598'
ACTION SNIPPET 10000 4132 SNIPPET_NOT_RELEVANT b'501017'
ACTION SNIPPET 10000 4135 SNIPPET_RELEVANT b'1292130'
ACTION DOC 10000 4155 EXAMINING_DOCUMENT b'1292130'
ACTION SNIPPET 10000 4158 SNIPPET_RELEVANT b'1076546'
ACTION DOC 10000 4178 EXAMINING_DOCUMENT b'1076546'
ACTION MARK 10000 4181 CONSIDERED_RELEVANT b'1076546'
ACTION SNIPPET 10000 4184 SNIPPET_RELEVANT b'864935'
ACTION DOC 10000 4204 EXAMINING_DOCUMENT b'864935'
ACTION MARK 10000 4207 CONSIDERED_RELEVANT b'864935'
ACTION SNIPPET 10000 4210 SEEN_PREVIOUSLY b'1315825'
ACTION SNIPPET 10000 4213 SEEN_PREVIOUSLY b'1450252'
ACTION SNIPPET 10000 4216 SNIPPET_RELEVANT b'506392'
ACTION DOC 10000 4236 EXAMINING_DOCUMENT b'506392'
ACTION MARK 10000 4239 CONSIDERED_RELEVANT b'506392'
ACTION SNIPPET 10000 4242 SNIPPET_NOT_RELEVANT b'84200'
ACTION QUERY 10000 4252 human stampede state
ACTION SERP 10000 4257 EXAMINE_SERP
ACTION SNIPPET 10000 4260 SEEN_PREVIOUSLY b'363729'
ACTION SNIPPET 10000 4263 SEEN_PREVIOUSLY b'1315825'
ACTION SNIPPET 10000 4266 SEEN_PREVIOUSLY b'1450252'
ACTION SNIPPET 10000 4269 SEEN_PREVIOUSLY b'818047'
ACTION SNIPPET 10000 4272 SEEN_PREVIOUSLY b'492316'
ACTION SNIPPET 10000 4275 SEEN_PREVIOUSLY b'497598'
ACTION SNIPPET 10000 4278 SEEN_PREVIOUSLY b'1511264'
ACTION SNIPPET 10000 4281 SEEN_PREVIOUSLY b'423877'
ACTION SNIPPET 10000 4284 SNIPPET_RELEVANT b'278899'
ACTION DOC 10000 4304 EXAMINING_DOCUMENT b'278899'
ACTION SNIPPET 10000 4307 SEEN_PREVIOUSLY b'1061863'
ACTION QUERY 10000 4317 human stampede muammar
ACTION SERP 10000 4322 EXAMINE_SERP
ACTION SNIPPET 10000 4325 SNIPPET_RELEVANT b'342867'
ACTION DOC 10000 4345 EXAMINING_DOCUMENT b'342867'
ACTION SNIPPET 10000 4348 SNIPPET_NOT_RELEVANT b'1515536'
ACTION SNIPPET 10000 4351 SNIPPET_NOT_RELEVANT b'452096'
ACTION SNIPPET 10000 4354 SNIPPET_NOT_RELEVANT b'1399757'
ACTION SNIPPET 10000 4357 SEEN_PREVIOUSLY b'1315825'
ACTION SNIPPET 10000 4360 SEEN_PREVIOUSLY b'1450252'
ACTION SNIPPET 10000 4363 SNIPPET_NOT_RELEVANT b'1568900'
ACTION SNIPPET 10000 4366 SNIPPET_NOT_RELEVANT b'963910'
ACTION SNIPPET 10000 4369 SNIPPET_NOT_RELEVANT b'1131835'
ACTION SNIPPET 10000 4372 SEEN_PREVIOUSLY b'818047'
ACTION QUERY 10000 4382 human stampede serve
ACTION SERP 10000 4387 EXAMINE_SERP
ACTION SNIPPET 10000 4390 SEEN_PREVIOUSLY b'1393201'
ACTION SNIPPET 10000 4393 SEEN_PREVIOUSLY b'1315825'
ACTION SNIPPET 10000 4396 SEEN_PREVIOUSLY b'1450252'
ACTION SNIPPET 10000 4399 SEEN_PREVIOUSLY b'818047'
ACTION SNIPPET 10000 4402 SEEN_PREVIOUSLY b'492316'
ACTION SNIPPET 10000 4405 SNIPPET_NOT_RELEVANT b'328697'
ACTION SNIPPET 10000 4408 SEEN_PREVIOUSLY b'363729'
ACTION SNIPPET 10000 4411 SNIPPET_NOT_RELEVANT b'1802008'
ACTION SNIPPET 10000 4414 SEEN_PREVIOUSLY b'252935'
ACTION SNIPPET 10000 4417 SEEN_PREVIOUSLY b'423877'
ACTION QUERY 10000 4427 human stampede united
ACTION SERP 10000 4432 EXAMINE_SERP
ACTION SNIPPET 10000 4435 SEEN_PREVIOUSLY b'1315825'
ACTION SNIPPET 10000 4438 SEEN_PREVIOUSLY b'1450252'
ACTION SNIPPET 10000 4441 SEEN_PREVIOUSLY b'497598'
ACTION SNIPPET 10000 4444 SEEN_PREVIOUSLY b'818047'
ACTION SNIPPET 10000 4447 SEEN_PREVIOUSLY b'492316'
ACTION SNIPPET 10000 4450 SEEN_PREVIOUSLY b'1627493'
ACTION SNIPPET 10000 4453 SEEN_PREVIOUSLY b'363729'
ACTION SNIPPET 10000 4456 SEEN_PREVIOUSLY b'1511264'
ACTION SNIPPET 10000 4459 SEEN_PREVIOUSLY b'252935'
ACTION SNIPPET 10000 4462 SEEN_PREVIOUSLY b'423877'
ACTION QUERY 10000 4472 human stampede move
ACTION SERP 10000 4477 EXAMINE_SERP
ACTION SNIPPET 10000 4480 SEEN_PREVIOUSLY b'1450252'
ACTION SNIPPET 10000 4483 SEEN_PREVIOUSLY b'1315825'
ACTION SNIPPET 10000 4486 SEEN_PREVIOUSLY b'1061863'
ACTION SNIPPET 10000 4489 SEEN_PREVIOUSLY b'818047'
ACTION SNIPPET 10000 4492 SEEN_PREVIOUSLY b'492316'
ACTION SNIPPET 10000 4495 SNIPPET_NOT_RELEVANT b'1156635'
ACTION SNIPPET 10000 4498 SNIPPET_NOT_RELEVANT b'101759'
ACTION SNIPPET 10000 4501 SEEN_PREVIOUSLY b'363729'
ACTION SNIPPET 10000 4504 SEEN_PREVIOUSLY b'968875'
ACTION SNIPPET 10000 4507 SNIPPET_RELEVANT b'122234'
ACTION DOC 10000 4527 EXAMINING_DOCUMENT b'122234'
ACTION QUERY 10000 4537 human stampede bombed
ACTION SERP 10000 4542 EXAMINE_SERP
ACTION SNIPPET 10000 4545 SEEN_PREVIOUSLY b'1706941'
ACTION SNIPPET 10000 4548 SEEN_PREVIOUSLY b'1315825'
ACTION SNIPPET 10000 4551 SEEN_PREVIOUSLY b'1450252'
ACTION SNIPPET 10000 4554 SEEN_PREVIOUSLY b'818047'
ACTION SNIPPET 10000 4557 SEEN_PREVIOUSLY b'492316'
ACTION SNIPPET 10000 4560 SNIPPET_NOT_RELEVANT b'181784'
ACTION SNIPPET 10000 4563 SNIPPET_NOT_RELEVANT b'1617333'
ACTION SNIPPET 10000 4566 SNIPPET_RELEVANT b'310048'
ACTION DOC 10000 4586 EXAMINING_DOCUMENT b'310048'
ACTION SNIPPET 10000 4589 SNIPPET_RELEVANT b'155384'
ACTION DOC 10000 4609 EXAMINING_DOCUMENT b'155384'
ACTION SNIPPET 10000 4612 SNIPPET_NOT_RELEVANT b'1152884'
ACTION QUERY 10000 4622 human stampede school
ACTION SERP 10000 4627 EXAMINE_SERP
ACTION SNIPPET 10000 4630 SEEN_PREVIOUSLY b'1315825'
ACTION SNIPPET 10000 4633 SEEN_PREVIOUSLY b'1450252'
ACTION SNIPPET 10000 4636 SEEN_PREVIOUSLY b'818047'
ACTION SNIPPET 10000 4639 SEEN_PREVIOUSLY b'492316'
ACTION SNIPPET 10000 4642 SEEN_PREVIOUSLY b'363729'
ACTION SNIPPET 10000 4645 SEEN_PREVIOUSLY b'1009032'
ACTION SNIPPET 10000 4648 SNIPPET_NOT_RELEVANT b'368880'
ACTION SNIPPET 10000 4651 SEEN_PREVIOUSLY b'423877'
ACTION SNIPPET 10000 4654 SEEN_PREVIOUSLY b'1061863'
ACTION SNIPPET 10000 4657 SNIPPET_RELEVANT b'1148102'
ACTION DOC 10000 4677 EXAMINING_DOCUMENT b'1148102'
ACTION QUERY 10000 4687 human stampede long
ACTION SERP 10000 4692 EXAMINE_SERP
ACTION SNIPPET 10000 4695 SEEN_PREVIOUSLY b'1315825'
ACTION SNIPPET 10000 4698 SEEN_PREVIOUSLY b'1450252'
ACTION SNIPPET 10000 4701 SEEN_PREVIOUSLY b'1061863'
ACTION SNIPPET 10000 4704 SEEN_PREVIOUSLY b'818047'
ACTION SNIPPET 10000 4707 SEEN_PREVIOUSLY b'492316'
ACTION SNIPPET 10000 4710 SEEN_PREVIOUSLY b'363729'
ACTION SNIPPET 10000 4713 SNIPPET_NOT_RELEVANT b'1426186'
ACTION SNIPPET 10000 4716 SEEN_PREVIOUSLY b'423877'
ACTION SNIPPET 10000 4719 SEEN_PREVIOUSLY b'958331'
ACTION SNIPPET 10000 4722 SNIPPET_RELEVANT b'79150'
ACTION DOC 10000 4742 EXAMINING_DOCUMENT b'79150'
ACTION MARK 10000 4745 CONSIDERED_RELEVANT b'79150'
ACTION QUERY 10000 4755 human stampede spectators
ACTION SERP 10000 4760 EXAMINE_SERP
ACTION SNIPPET 10000 4763 SNIPPET_RELEVANT b'1285060'
ACTION DOC 10000 4783 EXAMINING_DOCUMENT b'1285060'
ACTION MARK 10000 4786 CONSIDERED_RELEVANT b'1285060'
ACTION SNIPPET 10000 4789 SNIPPET_RELEVANT b'709907'
ACTION DOC 10000 4809 EXAMINING_DOCUMENT b'709907'
ACTION SNIPPET 10000 4812 SNIPPET_NOT_RELEVANT b'784856'
ACTION SNIPPET 10000 4815 SNIPPET_NOT_RELEVANT b'148483'
ACTION SNIPPET 10000 4818 SNIPPET_NOT_RELEVANT b'1653472'
ACTION SNIPPET 10000 4821 SEEN_PREVIOUSLY b'1315825'
ACTION SNIPPET 10000 4824 SNIPPET_NOT_RELEVANT b'1566739'
ACTION SNIPPET 10000 4827 SEEN_PREVIOUSLY b'1450252'
ACTION SNIPPET 10000 4830 SNIPPET_NOT_RELEVANT b'1414592'
ACTION SNIPPET 10000 4833 SNIPPET_RELEVANT b'777655'
ACTION DOC 10000 4853 EXAMINING_DOCUMENT b'777655'
ACTION QUERY 10000 4863 human stampede louis
ACTION SERP 10000 4868 EXAMINE_SERP
ACTION SNIPPET 10000 4871 SEEN_PREVIOUSLY b'1511264'
ACTION SNIPPET 10000 4874 SNIPPET_RELEVANT b'352090'
ACTION DOC 10000 4894 EXAMINING_DOCUMENT b'352090'
ACTION SNIPPET 10000 4897 SNIPPET_RELEVANT b'88618'
ACTION DOC 10000 4917 EXAMINING_DOCUMENT b'88618'
ACTION SNIPPET 10000 4920 SEEN_PREVIOUSLY b'1315825'
ACTION SNIPPET 10000 4923 SEEN_PREVIOUSLY b'500222'
ACTION SNIPPET 10000 4926 SNIPPET_NOT_RELEVANT b'742231'
ACTION SNIPPET 10000 4929 SNIPPET_NOT_RELEVANT b'362838'
ACTION SNIPPET 10000 4932 SNIPPET_RELEVANT b'1202769'
ACTION DOC 10000 4952 EXAMINING_DOCUMENT b'1202769'
ACTION SNIPPET 10000 4955 SNIPPET_RELEVANT b'706586'
ACTION DOC 10000 4975 EXAMINING_DOCUMENT b'706586'
ACTION SNIPPET 10000 4978 SEEN_PREVIOUSLY b'1450252'
ACTION QUERY 10000 4988 human stampede handled
ACTION SERP 10000 4993 EXAMINE_SERP
ACTION SNIPPET 10000 4996 SEEN_PREVIOUSLY b'818047'
ACTION SNIPPET 10000 4999 SNIPPET_NOT_RELEVANT b'758770'
ACTION SNIPPET 10000 5002 SEEN_PREVIOUSLY b'1315825'
ACTION SNIPPET 10000 5005 SEEN_PREVIOUSLY b'1450252'
ACTION SNIPPET 10000 5008 SEEN_PREVIOUSLY b'492316'
ACTION SNIPPET 10000 5011 SNIPPET_RELEVANT b'1270683'
ACTION DOC 10000 5031 EXAMINING_DOCUMENT b'1270683'
ACTION SNIPPET 10000 5034 SNIPPET_RELEVANT b'494631'
ACTION DOC 10000 5054 EXAMINING_DOCUMENT b'494631'
ACTION SNIPPET 10000 5057 SEEN_PREVIOUSLY b'363729'
ACTION SNIPPET 10000 5060 SEEN_PREVIOUSLY b'423877'
ACTION SNIPPET 10000 5063 SNIPPET_RELEVANT b'442117'
ACTION DOC 10000 5083 EXAMINING_DOCUMENT b'442117'
ACTION QUERY 10000 5093 human stampede miami
ACTION SERP 10000 5098 EXAMINE_SERP
ACTION SNIPPET 10000 5101 SNIPPET_RELEVANT b'864506'
ACTION DOC 10000 5121 EXAMINING_DOCUMENT b'864506'
ACTION SNIPPET 10000 5124 SEEN_PREVIOUSLY b'1315825'
ACTION SNIPPET 10000 5127 SEEN_PREVIOUSLY b'1450252'
ACTION SNIPPET 10000 5130 SEEN_PREVIOUSLY b'818047'
ACTION SNIPPET 10000 5133 SEEN_PREVIOUSLY b'492316'
ACTION SNIPPET 10000 5136 SNIPPET_RELEVANT b'1086046'
ACTION DOC 10000 5156 EXAMINING_DOCUMENT b'1086046'
ACTION SNIPPET 10000 5159 SEEN_PREVIOUSLY b'363729'
ACTION SNIPPET 10000 5162 SNIPPET_RELEVANT b'368482'
ACTION DOC 10000 5182 EXAMINING_DOCUMENT b'368482'
ACTION SNIPPET 10000 5185 SNIPPET_NOT_RELEVANT b'1595266'
ACTION SNIPPET 10000 5188 SNIPPET_NOT_RELEVANT b'560912'
ACTION QUERY 10000 5198 human stampede consider
ACTION SERP 10000 5203 EXAMINE_SERP
ACTION SNIPPET 10000 5206 SEEN_PREVIOUSLY b'492316'
ACTION SNIPPET 10000 5209 SEEN_PREVIOUSLY b'1627493'
ACTION SNIPPET 10000 5212 SEEN_PREVIOUSLY b'1315825'
ACTION SNIPPET 10000 5215 SEEN_PREVIOUSLY b'1450252'
ACTION SNIPPET 10000 5218 SEEN_PREVIOUSLY b'818047'
ACTION SNIPPET 10000 5221 SNIPPET_RELEVANT b'1156635'
ACTION DOC 10000 5241 EXAMINING_DOCUMENT b'1156635'
ACTION SNIPPET 10000 5244 SEEN_PREVIOUSLY b'363729'
ACTION SNIPPET 10000 5247 SNIPPET_RELEVANT b'1532482'
ACTION DOC 10000 5267 EXAMINING_DOCUMENT b'1532482'
ACTION SNIPPET 10000 5270 SEEN_PREVIOUSLY b'423877'
ACTION SNIPPET 10000 5273 SNIPPET_NOT_RELEVANT b'1546904'
ACTION QUERY 10000 5283 human stampede shanghai
ACTION SERP 10000 5288 EXAMINE_SERP
ACTION SNIPPET 10000 5291 SNIPPET_RELEVANT b'966580'
ACTION DOC 10000 5311 EXAMINING_DOCUMENT b'966580'
ACTION SNIPPET 10000 5314 SEEN_PREVIOUSLY b'252935'
ACTION SNIPPET 10000 5317 SNIPPET_RELEVANT b'1834703'
ACTION DOC 10000 5337 EXAMINING_DOCUMENT b'1834703'
ACTION SNIPPET 10000 5340 SNIPPET_NOT_RELEVANT b'820588'
ACTION SNIPPET 10000 5343 SNIPPET_NOT_RELEVANT b'969981'
ACTION SNIPPET 10000 5346 SNIPPET_NOT_RELEVANT b'821521'
ACTION SNIPPET 10000 5349 SNIPPET_NOT_RELEVANT b'821368'
ACTION SNIPPET 10000 5352 SNIPPET_RELEVANT b'1650077'
ACTION DOC 10000 5372 EXAMINING_DOCUMENT b'1650077'
ACTION SNIPPET 10000 5375 SNIPPET_RELEVANT b'488191'
ACTION DOC 10000 5395 EXAMINING_DOCUMENT b'488191'
ACTION SNIPPET 10000 5398 SNIPPET_NOT_RELEVANT b'1490946'
ACTION QUERY 10000 5408 human stampede map
ACTION SERP 10000 5413 EXAMINE_SERP
ACTION SNIPPET 10000 5416 SNIPPET_RELEVANT b'730671'
ACTION DOC 10000 5436 EXAMINING_DOCUMENT b'730671'
ACTION MARK 10000 5439 CONSIDERED_RELEVANT b'730671'
ACTION SNIPPET 10000 5442 SNIPPET_NOT_RELEVANT b'1249611'
ACTION SNIPPET 10000 5445 SEEN_PREVIOUSLY b'1148102'
ACTION SNIPPET 10000 5448 SEEN_PREVIOUSLY b'1315825'
ACTION SNIPPET 10000 5451 SEEN_PREVIOUSLY b'1450252'
ACTION SNIPPET 10000 5454 SEEN_PREVIOUSLY b'818047'
ACTION SNIPPET 10000 5457 SEEN_PREVIOUSLY b'492316'
ACTION SNIPPET 10000 5460 SNIPPET_RELEVANT b'837651'
ACTION DOC 10000 5480 EXAMINING_DOCUMENT b'837651'
ACTION SNIPPET 10000 5483 SNIPPET_RELEVANT b'1389114'
ACTION DOC 10000 5503 EXAMINING_DOCUMENT b'1389114'
ACTION SNIPPET 10000 5506 SNIPPET_NOT_RELEVANT b'561173'
ACTION QUERY 10000 5516 human stampede run
ACTION SERP 10000 5521 EXAMINE_SERP
ACTION SNIPPET 10000 5524 SEEN_PREVIOUSLY b'1315825'
ACTION SNIPPET 10000 5527 SEEN_PREVIOUSLY b'1450252'
ACTION SNIPPET 10000 5530 SEEN_PREVIOUSLY b'278899'
ACTION SNIPPET 10000 5533 SEEN_PREVIOUSLY b'818047'
ACTION SNIPPET 10000 5536 SEEN_PREVIOUSLY b'492316'
ACTION SNIPPET 10000 5539 SNIPPET_RELEVANT b'1426186'
ACTION DOC 10000 5559 EXAMINING_DOCUMENT b'1426186'
ACTION SNIPPET 10000 5562 SEEN_PREVIOUSLY b'363729'
ACTION SNIPPET 10000 5565 SEEN_PREVIOUSLY b'1627493'
ACTION SNIPPET 10000 5568 SEEN_PREVIOUSLY b'352090'
ACTION SNIPPET 10000 5571 SEEN_PREVIOUSLY b'423877'
ACTION QUERY 10000 5581 human stampede day
ACTION SERP 10000 5586 EXAMINE_SERP
ACTION SNIPPET 10000 5589 SEEN_PREVIOUSLY b'818047'
ACTION SNIPPET 10000 5592 SEEN_PREVIOUSLY b'1315825'
ACTION SNIPPET 10000 5595 SEEN_PREVIOUSLY b'1450252'
ACTION SNIPPET 10000 5598 SEEN_PREVIOUSLY b'492316'
ACTION SNIPPET 10000 5601 SEEN_PREVIOUSLY b'363729'
ACTION SNIPPET 10000 5604 SEEN_PREVIOUSLY b'147204'
ACTION SNIPPET 10000 5607 SEEN_PREVIOUSLY b'1393201'
ACTION SNIPPET 10000 5610 SNIPPET_NOT_RELEVANT b'731502'
ACTION SNIPPET 10000 5613 SEEN_PREVIOUSLY b'278899'
ACTION SNIPPET 10000 5616 SEEN_PREVIOUSLY b'423877'
ACTION QUERY 10000 5626 human stampede soldiers
ACTION SERP 10000 5631 EXAMINE_SERP
ACTION SNIPPET 10000 5634 SNIPPET_RELEVANT b'933169'
ACTION DOC 10000 5654 EXAMINING_DOCUMENT b'933169'
ACTION SNIPPET 10000 5657 SNIPPET_NOT_RELEVANT b'61284'
ACTION SNIPPET 10000 5660 SEEN_PREVIOUSLY b'1315825'
ACTION SNIPPET 10000 5663 SEEN_PREVIOUSLY b'1450252'
ACTION SNIPPET 10000 5666 SEEN_PREVIOUSLY b'818047'
ACTION SNIPPET 10000 5669 SEEN_PREVIOUSLY b'492316'
ACTION SNIPPET 10000 5672 SNIPPET_NOT_RELEVANT b'1783695'
ACTION SNIPPET 10000 5675 SEEN_PREVIOUSLY b'363729'
ACTION SNIPPET 10000 5678 SEEN_PREVIOUSLY b'1706941'
ACTION SNIPPET 10000 5681 SEEN_PREVIOUSLY b'423877'
ACTION QUERY 10000 5691 human stampede sponsors
ACTION SERP 10000 5696 EXAMINE_SERP
ACTION SNIPPET 10000 5699 SEEN_PREVIOUSLY b'958331'
ACTION SNIPPET 10000 5702 SNIPPET_NOT_RELEVANT b'619444'
ACTION SNIPPET 10000 5705 SEEN_PREVIOUSLY b'1315825'
ACTION SNIPPET 10000 5708 SEEN_PREVIOUSLY b'1450252'
ACTION SNIPPET 10000 5711 SEEN_PREVIOUSLY b'122234'
ACTION SNIPPET 10000 5714 SEEN_PREVIOUSLY b'818047'
ACTION SNIPPET 10000 5717 SEEN_PREVIOUSLY b'492316'
ACTION SNIPPET 10000 5720 SNIPPET_NOT_RELEVANT b'1414592'
ACTION SNIPPET 10000 5723 SNIPPET_NOT_RELEVANT b'774042'
ACTION SNIPPET 10000 5726 SNIPPET_RELEVANT b'1466129'
ACTION DOC 10000 5746 EXAMINING_DOCUMENT b'1466129'
ACTION MARK 10000 5749 CONSIDERED_RELEVANT b'1466129'
ACTION QUERY 10000 5759 human stampede found
ACTION SERP 10000 5764 EXAMINE_SERP
ACTION SNIPPET 10000 5767 SEEN_PREVIOUSLY b'1315825'
ACTION SNIPPET 10000 5770 SEEN_PREVIOUSLY b'1450252'
ACTION SNIPPET 10000 5773 SNIPPET_NOT_RELEVANT b'328697'
ACTION SNIPPET 10000 5776 SEEN_PREVIOUSLY b'818047'
ACTION SNIPPET 10000 5779 SEEN_PREVIOUSLY b'492316'
ACTION SNIPPET 10000 5782 SNIPPET_RELEVANT b'731502'
ACTION DOC 10000 5802 EXAMINING_DOCUMENT b'731502'
ACTION MARK 10000 5805 CONSIDERED_RELEVANT b'731502'
ACTION SNIPPET 10000 5808 SEEN_PREVIOUSLY b'121675'
ACTION SNIPPET 10000 5811 SEEN_PREVIOUSLY b'363729'
ACTION SNIPPET 10000 5814 SEEN_PREVIOUSLY b'709907'
ACTION SNIPPET 10000 5817 SEEN_PREVIOUSLY b'423877'
ACTION QUERY 10000 5827 human stampede carried
ACTION SERP 10000 5832 EXAMINE_SERP
ACTION SNIPPET 10000 5835 SEEN_PREVIOUSLY b'1315825'
ACTION SNIPPET 10000 5838 SNIPPET_NOT_RELEVANT b'673048'
ACTION SNIPPET 10000 5841 SEEN_PREVIOUSLY b'1450252'
ACTION SNIPPET 10000 5844 SNIPPET_NOT_RELEVANT b'88690'
ACTION SNIPPET 10000 5847 SEEN_PREVIOUSLY b'818047'
ACTION SNIPPET 10000 5850 SEEN_PREVIOUSLY b'492316'
ACTION SNIPPET 10000 5853 SEEN_PREVIOUSLY b'958331'
ACTION SNIPPET 10000 5856 SEEN_PREVIOUSLY b'485041'
ACTION SNIPPET 10000 5859 SEEN_PREVIOUSLY b'363729'
ACTION SNIPPET 10000 5862 SNIPPET_RELEVANT b'1199011'
ACTION DOC 10000 5882 EXAMINING_DOCUMENT b'1199011'
ACTION QUERY 10000 5892 human stampede pilgrimage
ACTION SERP 10000 5897 EXAMINE_SERP
ACTION SNIPPET 10000 5900 SNIPPET_RELEVANT b'1731636'
ACTION DOC 10000 5920 EXAMINING_DOCUMENT b'1731636'
ACTION MARK 10000 5923 CONSIDERED_RELEVANT b'1731636'
ACTION SNIPPET 10000 5926 SNIPPET_RELEVANT b'61885'
ACTION DOC 10000 5946 EXAMINING_DOCUMENT b'61885'
ACTION MARK 10000 5949 CONSIDERED_RELEVANT b'61885'
ACTION SNIPPET 10000 5952 SEEN_PREVIOUSLY b'1093724'
ACTION SNIPPET 10000 5955 SNIPPET_NOT_RELEVANT b'163873'
ACTION SNIPPET 10000 5958 SNIPPET_RELEVANT b'123143'
ACTION DOC 10000 5978 EXAMINING_DOCUMENT b'123143'
ACTION SNIPPET 10000 5981 SNIPPET_NOT_RELEVANT b'1784420'
ACTION SNIPPET 10000 5984 SEEN_PREVIOUSLY b'873783'
ACTION SNIPPET 10000 5987 SNIPPET_RELEVANT b'124855'
ACTION DOC 10000 6007 EXAMINING_DOCUMENT b'124855'
ACTION SNIPPET 10000 6010 SNIPPET_NOT_RELEVANT b'1731018'
ACTION SNIPPET 10000 6013 SNIPPET_NOT_RELEVANT b'459227'
ACTION QUERY 10000 6023 human stampede cat
ACTION SERP 10000 6028 EXAMINE_SERP
ACTION SNIPPET 10000 6031 SEEN_PREVIOUSLY b'1061863'
ACTION SNIPPET 10000 6034 SNIPPET_NOT_RELEVANT b'36337'
ACTION SNIPPET 10000 6037 SNIPPET_NOT_RELEVANT b'1178489'
ACTION SNIPPET 10000 6040 SNIPPET_NOT_RELEVANT b'854442'
ACTION SNIPPET 10000 6043 SNIPPET_NOT_RELEVANT b'1794343'
ACTION SNIPPET 10000 6046 SNIPPET_NOT_RELEVANT b'550258'
ACTION SNIPPET 10000 6049 SNIPPET_NOT_RELEVANT b'964090'
ACTION SNIPPET 10000 6052 SNIPPET_NOT_RELEVANT b'36433'
ACTION SNIPPET 10000 6055 SEEN_PREVIOUSLY b'1156635'
ACTION SNIPPET 10000 6058 SNIPPET_RELEVANT b'1716819'
ACTION DOC 10000 6078 EXAMINING_DOCUMENT b'1716819'
ACTION QUERY 10000 6088 human stampede find
ACTION SERP 10000 6093 EXAMINE_SERP
ACTION SNIPPET 10000 6096 SEEN_PREVIOUSLY b'818047'
ACTION SNIPPET 10000 6099 SEEN_PREVIOUSLY b'1315825'
ACTION SNIPPET 10000 6102 SEEN_PREVIOUSLY b'1450252'
ACTION SNIPPET 10000 6105 SEEN_PREVIOUSLY b'492316'
ACTION SNIPPET 10000 6108 SNIPPET_RELEVANT b'1019081'
ACTION DOC 10000 6128 EXAMINING_DOCUMENT b'1019081'
ACTION SNIPPET 10000 6131 SNIPPET_NOT_RELEVANT b'695724'
ACTION SNIPPET 10000 6134 SEEN_PREVIOUSLY b'363729'
ACTION SNIPPET 10000 6137 SNIPPET_NOT_RELEVANT b'328697'
ACTION SNIPPET 10000 6140 SEEN_PREVIOUSLY b'1238100'
ACTION SNIPPET 10000 6143 SEEN_PREVIOUSLY b'1156635'
ACTION QUERY 10000 6153 human stampede afps
ACTION SERP 10000 6158 EXAMINE_SERP
ACTION SNIPPET 10000 6161 SNIPPET_NOT_RELEVANT b'198106'
ACTION SNIPPET 10000 6164 SNIPPET_NOT_RELEVANT b'96775'
ACTION SNIPPET 10000 6167 SNIPPET_RELEVANT b'326457'
ACTION DOC 10000 6187 EXAMINING_DOCUMENT b'326457'
ACTION SNIPPET 10000 6190 SNIPPET_RELEVANT b'175776'
ACTION DOC 10000 6210 EXAMINING_DOCUMENT b'175776'
ACTION SNIPPET 10000 6213 SNIPPET_RELEVANT b'404079'
ACTION DOC 10000 6233 EXAMINING_DOCUMENT b'404079'
ACTION SNIPPET 10000 6236 SNIPPET_RELEVANT b'8654'
ACTION DOC 10000 6256 EXAMINING_DOCUMENT b'8654'
ACTION SNIPPET 10000 6259 SEEN_PREVIOUSLY b'8654'
ACTION SNIPPET 10000 6262 SNIPPET_NOT_RELEVANT b'41410'
ACTION SNIPPET 10000 6265 SNIPPET_NOT_RELEVANT b'115085'
ACTION SNIPPET 10000 6268 SNIPPET_NOT_RELEVANT b'142297'
ACTION QUERY 10000 6278 human stampede storm
ACTION SERP 10000 6283 EXAMINE_SERP
ACTION SNIPPET 10000 6286 SEEN_PREVIOUSLY b'1315825'
ACTION SNIPPET 10000 6289 SNIPPET_RELEVANT b'244381'
ACTION DOC 10000 6309 EXAMINING_DOCUMENT b'244381'
ACTION SNIPPET 10000 6312 SEEN_PREVIOUSLY b'1450252'
ACTION SNIPPET 10000 6315 SEEN_PREVIOUSLY b'818047'
ACTION SNIPPET 10000 6318 SEEN_PREVIOUSLY b'492316'
ACTION SNIPPET 10000 6321 SNIPPET_NOT_RELEVANT b'993040'
ACTION SNIPPET 10000 6324 SNIPPET_RELEVANT b'388470'
ACTION DOC 10000 6344 EXAMINING_DOCUMENT b'388470'
ACTION SNIPPET 10000 6347 SNIPPET_RELEVANT b'1126936'
ACTION DOC 10000 6367 EXAMINING_DOCUMENT b'1126936'
ACTION SNIPPET 10000 6370 SEEN_PREVIOUSLY b'363729'
ACTION SNIPPET 10000 6373 SNIPPET_RELEVANT b'1464955'
ACTION DOC 10000 6393 EXAMINING_DOCUMENT b'1464955'
ACTION QUERY 10000 6403 human stampede respond
ACTION SERP 10000 6408 EXAMINE_SERP
ACTION SNIPPET 10000 6411 SEEN_PREVIOUSLY b'1315825'
ACTION SNIPPET 10000 6414 SEEN_PREVIOUSLY b'1450252'
ACTION SNIPPET 10000 6417 SEEN_PREVIOUSLY b'818047'
ACTION SNIPPET 10000 6420 SEEN_PREVIOUSLY b'492316'
ACTION SNIPPET 10000 6423 SNIPPET_RELEVANT b'1546904'
ACTION DOC 10000 6443 EXAMINING_DOCUMENT b'1546904'
ACTION SNIPPET 10000 6446 SEEN_PREVIOUSLY b'363729'
ACTION SNIPPET 10000 6449 SNIPPET_RELEVANT b'114876'
ACTION DOC 10000 6469 EXAMINING_DOCUMENT b'114876'
ACTION SNIPPET 10000 6472 SEEN_PREVIOUSLY b'423877'
ACTION SNIPPET 10000 6475 SNIPPET_NOT_RELEVANT b'1405180'
ACTION SNIPPET 10000 6478 SEEN_PREVIOUSLY b'1061863'
ACTION QUERY 10000 6488 human stampede youth
ACTION SERP 10000 6493 EXAMINE_SERP
ACTION SNIPPET 10000 6496 SEEN_PREVIOUSLY b'1315825'
ACTION SNIPPET 10000 6499 SEEN_PREVIOUSLY b'1450252'
ACTION SNIPPET 10000 6502 SEEN_PREVIOUSLY b'818047'
ACTION SNIPPET 10000 6505 SEEN_PREVIOUSLY b'492316'
ACTION SNIPPET 10000 6508 SEEN_PREVIOUSLY b'363729'
ACTION SNIPPET 10000 6511 SNIPPET_NOT_RELEVANT b'1042217'
ACTION SNIPPET 10000 6514 SEEN_PREVIOUSLY b'673752'
ACTION SNIPPET 10000 6517 SNIPPET_RELEVANT b'1522601'
ACTION DOC 10000 6537 EXAMINING_DOCUMENT b'1522601'
ACTION SNIPPET 10000 6540 SNIPPET_NOT_RELEVANT b'679124'
ACTION SNIPPET 10000 6543 SEEN_PREVIOUSLY b'423877'
ACTION QUERY 10000 6553 human stampede oklahoma
ACTION SERP 10000 6558 EXAMINE_SERP
ACTION SNIPPET 10000 6561 SNIPPET_RELEVANT b'619444'
ACTION DOC 10000 6581 EXAMINING_DOCUMENT b'619444'
ACTION SNIPPET 10000 6584 SNIPPET_NOT_RELEVANT b'766544'
ACTION SNIPPET 10000 6587 SNIPPET_NOT_RELEVANT b'1825569'
ACTION SNIPPET 10000 6590 SEEN_PREVIOUSLY b'1315825'
ACTION SNIPPET 10000 6593 SNIPPET_NOT_RELEVANT b'1595266'
ACTION SNIPPET 10000 6596 SEEN_PREVIOUSLY b'1450252'
ACTION SNIPPET 10000 6599 SNIPPET_RELEVANT b'235272'
ACTION DOC 10000 6619 EXAMINING_DOCUMENT b'235272'
ACTION SNIPPET 10000 6622 SEEN_PREVIOUSLY b'818047'
ACTION SNIPPET 10000 6625 SEEN_PREVIOUSLY b'492316'
ACTION SNIPPET 10000 6628 SNIPPET_NOT_RELEVANT b'1168825'
ACTION QUERY 10000 6638 human stampede son
ACTION SERP 10000 6643 EXAMINE_SERP
ACTION SNIPPET 10000 6646 SEEN_PREVIOUSLY b'1315825'
ACTION SNIPPET 10000 6649 SEEN_PREVIOUSLY b'1450252'
ACTION SNIPPET 10000 6652 SEEN_PREVIOUSLY b'818047'
ACTION SNIPPET 10000 6655 SEEN_PREVIOUSLY b'492316'
ACTION SNIPPET 10000 6658 SEEN_PREVIOUSLY b'363729'
ACTION SNIPPET 10000 6661 SNIPPET_RELEVANT b'1830106'
ACTION DOC 10000 6681 EXAMINING_DOCUMENT b'1830106'
ACTION MARK 10000 6684 CONSIDERED_RELEVANT b'1830106'
ACTION SNIPPET 10000 6687 SNIPPET_RELEVANT b'1285268'
ACTION DOC 10000 6707 EXAMINING_DOCUMENT b'1285268'
ACTION MARK 10000 6710 CONSIDERED_RELEVANT b'1285268'
ACTION SNIPPET 10000 6713 SEEN_PREVIOUSLY b'423877'
ACTION SNIPPET 10000 6716 SEEN_PREVIOUSLY b'1061863'
ACTION SNIPPET 10000 6719 SNIPPET_NOT_RELEVANT b'1444245'
ACTION QUERY 10000 6729 human stampede charged
ACTION SERP 10000 6734 EXAMINE_SERP
ACTION SNIPPET 10000 6737 SNIPPET_NOT_RELEVANT b'748718'
ACTION SNIPPET 10000 6740 SEEN_PREVIOUSLY b'1315825'
ACTION SNIPPET 10000 6743 SEEN_PREVIOUSLY b'1450252'
ACTION SNIPPET 10000 6746 SEEN_PREVIOUSLY b'1511264'
ACTION SNIPPET 10000 6749 SEEN_PREVIOUSLY b'818047'
ACTION SNIPPET 10000 6752 SEEN_PREVIOUSLY b'492316'
ACTION SNIPPET 10000 6755 SNIPPET_NOT_RELEVANT b'1642125'
ACTION SNIPPET 10000 6758 SEEN_PREVIOUSLY b'278899'
ACTION SNIPPET 10000 6761 SEEN_PREVIOUSLY b'363729'
ACTION SNIPPET 10000 6764 SNIPPET_RELEVANT b'1218036'
ACTION DOC 10000 6784 EXAMINING_DOCUMENT b'1218036'
ACTION QUERY 10000 6794 human stampede harare
ACTION SERP 10000 6799 EXAMINE_SERP
ACTION SNIPPET 10000 6802 SNIPPET_NOT_RELEVANT b'1850436'
ACTION SNIPPET 10000 6805 SNIPPET_NOT_RELEVANT b'1679311'
ACTION SNIPPET 10000 6808 SNIPPET_NOT_RELEVANT b'1245386'
ACTION SNIPPET 10000 6811 SNIPPET_NOT_RELEVANT b'1838913'
ACTION SNIPPET 10000 6814 SNIPPET_RELEVANT b'1622459'
ACTION DOC 10000 6834 EXAMINING_DOCUMENT b'1622459'
ACTION SNIPPET 10000 6837 SNIPPET_NOT_RELEVANT b'1684090'
ACTION SNIPPET 10000 6840 SNIPPET_NOT_RELEVANT b'1836451'
ACTION SNIPPET 10000 6843 SNIPPET_NOT_RELEVANT b'1834285'
ACTION SNIPPET 10000 6846 SNIPPET_RELEVANT b'812698'
ACTION DOC 10000 6866 EXAMINING_DOCUMENT b'812698'
ACTION SNIPPET 10000 6869 SNIPPET_RELEVANT b'1476053'
ACTION DOC 10000 6889 EXAMINING_DOCUMENT b'1476053'
ACTION QUERY 10000 6899 human stampede president
ACTION SERP 10000 6904 EXAMINE_SERP
ACTION SNIPPET 10000 6907 SEEN_PREVIOUSLY b'1315825'
ACTION SNIPPET 10000 6910 SEEN_PREVIOUSLY b'1450252'
ACTION SNIPPET 10000 6913 SEEN_PREVIOUSLY b'818047'
ACTION SNIPPET 10000 6916 SEEN_PREVIOUSLY b'492316'
ACTION SNIPPET 10000 6919 SEEN_PREVIOUSLY b'363729'
ACTION SNIPPET 10000 6922 SEEN_PREVIOUSLY b'1393201'
ACTION SNIPPET 10000 6925 SEEN_PREVIOUSLY b'278899'
ACTION SNIPPET 10000 6928 SEEN_PREVIOUSLY b'1426186'
ACTION SNIPPET 10000 6931 SEEN_PREVIOUSLY b'252935'
ACTION SNIPPET 10000 6934 SEEN_PREVIOUSLY b'1511264'
ACTION QUERY 10000 6944 human stampede stepped
ACTION SERP 10000 6949 EXAMINE_SERP
ACTION SNIPPET 10000 6952 SEEN_PREVIOUSLY b'121675'
ACTION SNIPPET 10000 6955 SNIPPET_NOT_RELEVANT b'1547011'
ACTION SNIPPET 10000 6958 SEEN_PREVIOUSLY b'1315825'
ACTION SNIPPET 10000 6961 SEEN_PREVIOUSLY b'1450252'
ACTION SNIPPET 10000 6964 SEEN_PREVIOUSLY b'818047'
ACTION SNIPPET 10000 6967 SEEN_PREVIOUSLY b'492316'
ACTION SNIPPET 10000 6970 SEEN_PREVIOUSLY b'363729'
ACTION SNIPPET 10000 6973 SEEN_PREVIOUSLY b'423877'
ACTION SNIPPET 10000 6976 SEEN_PREVIOUSLY b'1061863'
ACTION SNIPPET 10000 6979 SNIPPET_NOT_RELEVANT b'1659029'
ACTION QUERY 10000 6989 human stampede played
ACTION SERP 10000 6994 EXAMINE_SERP
ACTION SNIPPET 10000 6997 SEEN_PREVIOUSLY b'818047'
ACTION SNIPPET 10000 7000 SEEN_PREVIOUSLY b'1061863'
ACTION SNIPPET 10000 7003 SEEN_PREVIOUSLY b'423877'
ACTION SNIPPET 10000 7006 SEEN_PREVIOUSLY b'1315825'
ACTION SNIPPET 10000 7009 SEEN_PREVIOUSLY b'1450252'
ACTION SNIPPET 10000 7012 SNIPPET_RELEVANT b'516501'
ACTION DOC 10000 7032 EXAMINING_DOCUMENT b'516501'
ACTION SNIPPET 10000 7035 SEEN_PREVIOUSLY b'492316'
ACTION SNIPPET 10000 7038 SEEN_PREVIOUSLY b'1156635'
ACTION SNIPPET 10000 7041 SNIPPET_RELEVANT b'1642125'
ACTION DOC 10000 7061 EXAMINING_DOCUMENT b'1642125'
ACTION SNIPPET 10000 7064 SNIPPET_NOT_RELEVANT b'36337'
ACTION QUERY 10000 7074 human stampede organization
ACTION SERP 10000 7079 EXAMINE_SERP
ACTION SNIPPET 10000 7082 SEEN_PREVIOUSLY b'1315825'
ACTION SNIPPET 10000 7085 SEEN_PREVIOUSLY b'1450252'
ACTION SNIPPET 10000 7088 SEEN_PREVIOUSLY b'1627493'
ACTION SNIPPET 10000 7091 SEEN_PREVIOUSLY b'818047'
ACTION SNIPPET 10000 7094 SEEN_PREVIOUSLY b'492316'
ACTION SNIPPET 10000 7097 SEEN_PREVIOUSLY b'958331'
ACTION SNIPPET 10000 7100 SEEN_PREVIOUSLY b'363729'
ACTION SNIPPET 10000 7103 SEEN_PREVIOUSLY b'709907'
ACTION SNIPPET 10000 7106 SEEN_PREVIOUSLY b'1156635'
ACTION SNIPPET 10000 7109 SEEN_PREVIOUSLY b'423877'
ACTION QUERY 10000 7119 human stampede disney
ACTION SERP 10000 7124 EXAMINE_SERP
ACTION SNIPPET 10000 7127 SNIPPET_RELEVANT b'776437'
ACTION DOC 10000 7147 EXAMINING_DOCUMENT b'776437'
ACTION SNIPPET 10000 7150 SNIPPET_RELEVANT b'888293'
ACTION DOC 10000 7170 EXAMINING_DOCUMENT b'888293'
ACTION SNIPPET 10000 7173 SNIPPET_NOT_RELEVANT b'694303'
ACTION SNIPPET 10000 7176 SEEN_PREVIOUSLY b'1156635'
ACTION SNIPPET 10000 7179 SNIPPET_NOT_RELEVANT b'1248703'
ACTION SNIPPET 10000 7182 SNIPPET_NOT_RELEVANT b'991963'
ACTION SNIPPET 10000 7185 SEEN_PREVIOUSLY b'1315825'
ACTION SNIPPET 10000 7188 SNIPPET_NOT_RELEVANT b'1200537'
ACTION SNIPPET 10000 7191 SEEN_PREVIOUSLY b'1450252'
ACTION SNIPPET 10000 7194 SNIPPET_NOT_RELEVANT b'60522'
ACTION QUERY 10000 7204 human stampede defend
ACTION SERP 10000 7209 EXAMINE_SERP
ACTION SNIPPET 10000 7212 SEEN_PREVIOUSLY b'1315825'
ACTION SNIPPET 10000 7215 SEEN_PREVIOUSLY b'1450252'
ACTION SNIPPET 10000 7218 SEEN_PREVIOUSLY b'818047'
ACTION SNIPPET 10000 7221 SEEN_PREVIOUSLY b'492316'
ACTION SNIPPET 10000 7224 SNIPPET_NOT_RELEVANT b'1764597'
ACTION SNIPPET 10000 7227 SNIPPET_RELEVANT b'709761'
ACTION DOC 10000 7247 EXAMINING_DOCUMENT b'709761'
ACTION SNIPPET 10000 7250 SEEN_PREVIOUSLY b'363729'
ACTION SNIPPET 10000 7253 SNIPPET_RELEVANT b'1467518'
ACTION DOC 10000 7273 EXAMINING_DOCUMENT b'1467518'
ACTION MARK 10000 7276 CONSIDERED_RELEVANT b'1467518'
ACTION SNIPPET 10000 7279 SEEN_PREVIOUSLY b'423877'
ACTION SNIPPET 10000 7282 SEEN_PREVIOUSLY b'547211'
ACTION QUERY 10000 7292 human stampede shoot
ACTION SERP 10000 7297 EXAMINE_SERP
ACTION SNIPPET 10000 7300 SNIPPET_RELEVANT b'943322'
ACTION DOC 10000 7320 EXAMINING_DOCUMENT b'943322'
ACTION SNIPPET 10000 7323 SEEN_PREVIOUSLY b'1642125'
ACTION SNIPPET 10000 7326 SNIPPET_NOT_RELEVANT b'97600'
ACTION SNIPPET 10000 7329 SNIPPET_NOT_RELEVANT b'1545855'
ACTION SNIPPET 10000 7332 SEEN_PREVIOUSLY b'1315825'
ACTION SNIPPET 10000 7335 SNIPPET_RELEVANT b'784856'
ACTION DOC 10000 7355 EXAMINING_DOCUMENT b'784856'
ACTION SNIPPET 10000 7358 SEEN_PREVIOUSLY b'1086046'
ACTION SNIPPET 10000 7361 SEEN_PREVIOUSLY b'777655'
ACTION SNIPPET 10000 7364 SEEN_PREVIOUSLY b'1450252'
ACTION SNIPPET 10000 7367 SEEN_PREVIOUSLY b'1218036'
ACTION QUERY 10000 7377 human stampede lawsuits
ACTION SERP 10000 7382 EXAMINE_SERP
ACTION SNIPPET 10000 7385 SNIPPET_RELEVANT b'1738401'
ACTION DOC 10000 7405 EXAMINING_DOCUMENT b'1738401'
ACTION MARK 10000 7408 CONSIDERED_RELEVANT b'1738401'
ACTION SNIPPET 10000 7411 SEEN_PREVIOUSLY b'1315825'
ACTION SNIPPET 10000 7414 SEEN_PREVIOUSLY b'1450252'
ACTION SNIPPET 10000 7417 SNIPPET_NOT_RELEVANT b'861333'
ACTION SNIPPET 10000 7420 SEEN_PREVIOUSLY b'818047'
ACTION SNIPPET 10000 7423 SEEN_PREVIOUSLY b'492316'
ACTION SNIPPET 10000 7426 SNIPPET_NOT_RELEVANT b'1171967'
ACTION SNIPPET 10000 7429 SEEN_PREVIOUSLY b'363729'
ACTION SNIPPET 10000 7432 SNIPPET_NOT_RELEVANT b'849164'
ACTION SNIPPET 10000 7435 SEEN_PREVIOUSLY b'423877'
ACTION QUERY 10000 7445 human stampede martyrs
ACTION SERP 10000 7450 EXAMINE_SERP
ACTION SNIPPET 10000 7453 SNIPPET_RELEVANT b'1215787'
ACTION DOC 10000 7473 EXAMINING_DOCUMENT b'1215787'
ACTION SNIPPET 10000 7476 SEEN_PREVIOUSLY b'1315825'
ACTION SNIPPET 10000 7479 SNIPPET_RELEVANT b'1537986'
ACTION DOC 10000 7499 EXAMINING_DOCUMENT b'1537986'
ACTION SNIPPET 10000 7502 SEEN_PREVIOUSLY b'1450252'
ACTION SNIPPET 10000 7505 SEEN_PREVIOUSLY b'818047'
ACTION SNIPPET 10000 7508 SEEN_PREVIOUSLY b'492316'
ACTION SNIPPET 10000 7511 SNIPPET_NOT_RELEVANT b'1407922'
ACTION SNIPPET 10000 7514 SEEN_PREVIOUSLY b'363729'
ACTION SNIPPET 10000 7517 SNIPPET_NOT_RELEVANT b'30393'
ACTION SNIPPET 10000 7520 SNIPPET_NOT_RELEVANT b'952482'
ACTION QUERY 10000 7530 human stampede type
ACTION SERP 10000 7535 EXAMINE_SERP
ACTION SNIPPET 10000 7538 SEEN_PREVIOUSLY b'363729'
ACTION SNIPPET 10000 7541 SEEN_PREVIOUSLY b'423877'
ACTION SNIPPET 10000 7544 SEEN_PREVIOUSLY b'958331'
ACTION SNIPPET 10000 7547 SEEN_PREVIOUSLY b'1315825'
ACTION SNIPPET 10000 7550 SEEN_PREVIOUSLY b'1450252'
ACTION SNIPPET 10000 7553 SEEN_PREVIOUSLY b'818047'
ACTION SNIPPET 10000 7556 SEEN_PREVIOUSLY b'492316'
ACTION SNIPPET 10000 7559 SEEN_PREVIOUSLY b'547211'
ACTION SNIPPET 10000 7562 SEEN_PREVIOUSLY b'1061863'
ACTION SNIPPET 10000 7565 SNIPPET_RELEVANT b'1444245'
ACTION DOC 10000 7585 EXAMINING_DOCUMENT b'1444245'
ACTION QUERY 10000 7595 human stampede fl
ACTION SERP 10000 7600 EXAMINE_SERP
ACTION SNIPPET 10000 7603 SEEN_PREVIOUSLY b'1315825'
ACTION SNIPPET 10000 7606 SNIPPET_NOT_RELEVANT b'1584974'
ACTION SNIPPET 10000 7609 SEEN_PREVIOUSLY b'1450252'
ACTION SNIPPET 10000 7612 SNIPPET_NOT_RELEVANT b'1116654'
ACTION SNIPPET 10000 7615 SNIPPET_RELEVANT b'1187321'
ACTION DOC 10000 7635 EXAMINING_DOCUMENT b'1187321'
ACTION SNIPPET 10000 7638 SNIPPET_NOT_RELEVANT b'1488705'
ACTION SNIPPET 10000 7641 SEEN_PREVIOUSLY b'818047'
ACTION SNIPPET 10000 7644 SEEN_PREVIOUSLY b'492316'
ACTION SNIPPET 10000 7647 SNIPPET_RELEVANT b'1622334'
ACTION DOC 10000 7667 EXAMINING_DOCUMENT b'1622334'
ACTION SNIPPET 10000 7670 SNIPPET_NOT_RELEVANT b'1752546'
ACTION QUERY 10000 7680 human stampede county
ACTION SERP 10000 7685 EXAMINE_SERP
ACTION SNIPPET 10000 7688 SNIPPET_RELEVANT b'854442'
ACTION DOC 10000 7708 EXAMINING_DOCUMENT b'854442'
ACTION SNIPPET 10000 7711 SNIPPET_RELEVANT b'328697'
ACTION DOC 10000 7731 EXAMINING_DOCUMENT b'328697'
ACTION SNIPPET 10000 7734 SEEN_PREVIOUSLY b'1315825'
ACTION SNIPPET 10000 7737 SEEN_PREVIOUSLY b'1450252'
ACTION SNIPPET 10000 7740 SNIPPET_RELEVANT b'870548'
ACTION DOC 10000 7760 EXAMINING_DOCUMENT b'870548'
ACTION MARK 10000 7763 CONSIDERED_RELEVANT b'870548'
ACTION SNIPPET 10000 7766 SEEN_PREVIOUSLY b'818047'
ACTION SNIPPET 10000 7769 SEEN_PREVIOUSLY b'492316'
ACTION SNIPPET 10000 7772 SNIPPET_RELEVANT b'1429797'
ACTION DOC 10000 7792 EXAMINING_DOCUMENT b'1429797'
ACTION SNIPPET 10000 7795 SEEN_PREVIOUSLY b'709761'
ACTION SNIPPET 10000 7798 SEEN_PREVIOUSLY b'1218036'
ACTION QUERY 10000 7808 human stampede bales
ACTION SERP 10000 7813 EXAMINE_SERP
ACTION SNIPPET 10000 7816 SNIPPET_RELEVANT b'1287615'
ACTION DOC 10000 7836 EXAMINING_DOCUMENT b'1287615'
ACTION SNIPPET 10000 7839 SEEN_PREVIOUSLY b'1218036'
ACTION SNIPPET 10000 7842 SNIPPET_RELEVANT b'1621041'
ACTION DOC 10000 7862 EXAMINING_DOCUMENT b'1621041'
ACTION SNIPPET 10000 7865 SNIPPET_NOT_RELEVANT b'1547280'
ACTION SNIPPET 10000 7868 SNIPPET_RELEVANT b'1547494'
ACTION DOC 10000 7888 EXAMINING_DOCUMENT b'1547494'
ACTION SNIPPET 10000 7891 SNIPPET_NOT_RELEVANT b'1165759'
ACTION SNIPPET 10000 7894 SNIPPET_NOT_RELEVANT b'857763'
ACTION SNIPPET 10000 7897 SNIPPET_RELEVANT b'1096780'
ACTION DOC 10000 7917 EXAMINING_DOCUMENT b'1096780'
ACTION SNIPPET 10000 7920 SNIPPET_NOT_RELEVANT b'1182237'
ACTION SNIPPET 10000 7923 SNIPPET_NOT_RELEVANT b'493560'
ACTION QUERY 10000 7933 human stampede giving
ACTION SERP 10000 7938 EXAMINE_SERP
ACTION SNIPPET 10000 7941 SEEN_PREVIOUSLY b'1315825'
ACTION SNIPPET 10000 7944 SNIPPET_NOT_RELEVANT b'101759'
ACTION SNIPPET 10000 7947 SEEN_PREVIOUSLY b'1450252'
ACTION SNIPPET 10000 7950 SEEN_PREVIOUSLY b'818047'
ACTION SNIPPET 10000 7953 SEEN_PREVIOUSLY b'492316'
ACTION SNIPPET 10000 7956 SEEN_PREVIOUSLY b'619444'
ACTION SNIPPET 10000 7959 SEEN_PREVIOUSLY b'363729'
ACTION SNIPPET 10000 7962 SEEN_PREVIOUSLY b'1156635'
ACTION SNIPPET 10000 7965 SEEN_PREVIOUSLY b'423877'
ACTION SNIPPET 10000 7968 SNIPPET_RELEVANT b'97600'
ACTION DOC 10000 7988 EXAMINING_DOCUMENT b'97600'
ACTION QUERY 10000 7998 human stampede week
ACTION SERP 10000 8003 EXAMINE_SERP
ACTION SNIPPET 10000 8006 SEEN_PREVIOUSLY b'1315825'
ACTION SNIPPET 10000 8009 SEEN_PREVIOUSLY b'423877'
ACTION SNIPPET 10000 8012 SEEN_PREVIOUSLY b'1450252'
ACTION SNIPPET 10000 8015 SEEN_PREVIOUSLY b'818047'
ACTION SNIPPET 10000 8018 SEEN_PREVIOUSLY b'492316'
ACTION SNIPPET 10000 8021 SEEN_PREVIOUSLY b'363729'
ACTION SNIPPET 10000 8024 SEEN_PREVIOUSLY b'1393201'
ACTION SNIPPET 10000 8027 SEEN_PREVIOUSLY b'278899'
ACTION SNIPPET 10000 8030 SNIPPET_RELEVANT b'101759'
ACTION DOC 10000 8050 EXAMINING_DOCUMENT b'101759'
ACTION SNIPPET 10000 8053 SEEN_PREVIOUSLY b'252935'
ACTION QUERY 10000 8063 human stampede walked
ACTION SERP 10000 8068 EXAMINE_SERP
ACTION SNIPPET 10000 8071 SEEN_PREVIOUSLY b'1156635'
ACTION SNIPPET 10000 8074 SEEN_PREVIOUSLY b'1315825'
ACTION SNIPPET 10000 8077 SEEN_PREVIOUSLY b'1450252'
ACTION SNIPPET 10000 8080 SEEN_PREVIOUSLY b'818047'
ACTION SNIPPET 10000 8083 SEEN_PREVIOUSLY b'492316'
ACTION SNIPPET 10000 8086 SEEN_PREVIOUSLY b'363729'
ACTION SNIPPET 10000 8089 SEEN_PREVIOUSLY b'1218036'
ACTION SNIPPET 10000 8092 SEEN_PREVIOUSLY b'276863'
ACTION SNIPPET 10000 8095 SEEN_PREVIOUSLY b'423877'
ACTION SNIPPET 10000 8098 SNIPPET_NOT_RELEVANT b'1784420'
ACTION QUERY 10000 8108 human stampede injured
ACTION SERP 10000 8113 EXAMINE_SERP
ACTION SNIPPET 10000 8116 SNIPPET_RELEVANT b'1555757'
ACTION DOC 10000 8136 EXAMINING_DOCUMENT b'1555757'
ACTION SNIPPET 10000 8139 SNIPPET_NOT_RELEVANT b'1248845'
ACTION SNIPPET 10000 8142 SEEN_PREVIOUSLY b'278899'
ACTION SNIPPET 10000 8145 SNIPPET_NOT_RELEVANT b'774042'
ACTION SNIPPET 10000 8148 SNIPPET_RELEVANT b'1633465'
ACTION DOC 10000 8168 EXAMINING_DOCUMENT b'1633465'
ACTION SNIPPET 10000 8171 SNIPPET_NOT_RELEVANT b'1244717'
ACTION SNIPPET 10000 8174 SEEN_PREVIOUSLY b'1292130'
ACTION SNIPPET 10000 8177 SNIPPET_RELEVANT b'1453029'
ACTION DOC 10000 8197 EXAMINING_DOCUMENT b'1453029'
ACTION SNIPPET 10000 8200 SNIPPET_RELEVANT b'1241361'
ACTION DOC 10000 8220 EXAMINING_DOCUMENT b'1241361'
ACTION SNIPPET 10000 8223 SEEN_PREVIOUSLY b'244381'
ACTION QUERY 10000 8233 human stampede spot
ACTION SERP 10000 8238 EXAMINE_SERP
ACTION SNIPPET 10000 8241 SNIPPET_RELEVANT b'88690'
ACTION DOC 10000 8261 EXAMINING_DOCUMENT b'88690'
ACTION SNIPPET 10000 8264 SNIPPET_RELEVANT b'673048'
ACTION DOC 10000 8284 EXAMINING_DOCUMENT b'673048'
ACTION SNIPPET 10000 8287 SEEN_PREVIOUSLY b'1315825'
ACTION SNIPPET 10000 8290 SEEN_PREVIOUSLY b'1450252'
ACTION SNIPPET 10000 8293 SEEN_PREVIOUSLY b'818047'
ACTION SNIPPET 10000 8296 SEEN_PREVIOUSLY b'492316'
ACTION SNIPPET 10000 8299 SEEN_PREVIOUSLY b'363729'
ACTION SNIPPET 10000 8302 SNIPPET_RELEVANT b'113025'
ACTION DOC 10000 8322 EXAMINING_DOCUMENT b'113025'
ACTION SNIPPET 10000 8325 SEEN_PREVIOUSLY b'423877'
ACTION SNIPPET 10000 8328 SEEN_PREVIOUSLY b'1061863'
ACTION QUERY 10000 8338 human stampede imams
ACTION SERP 10000 8343 EXAMINE_SERP
ACTION SNIPPET 10000 8346 SNIPPET_RELEVANT b'1784420'
ACTION DOC 10000 8366 EXAMINING_DOCUMENT b'1784420'
ACTION SNIPPET 10000 8369 SNIPPET_NOT_RELEVANT b'1746382'
ACTION SNIPPET 10000 8372 SNIPPET_NOT_RELEVANT b'1620243'
ACTION SNIPPET 10000 8375 SNIPPET_RELEVANT b'1034474'
ACTION DOC 10000 8395 EXAMINING_DOCUMENT b'1034474'
ACTION SNIPPET 10000 8398 SNIPPET_NOT_RELEVANT b'1746380'
ACTION SNIPPET 10000 8401 SNIPPET_RELEVANT b'444346'
ACTION DOC 10000 8421 EXAMINING_DOCUMENT b'444346'
ACTION SNIPPET 10000 8424 SNIPPET_NOT_RELEVANT b'1575893'
ACTION SNIPPET 10000 8427 SNIPPET_RELEVANT b'824133'
ACTION DOC 10000 8447 EXAMINING_DOCUMENT b'824133'
ACTION SNIPPET 10000 8450 SNIPPET_NOT_RELEVANT b'540098'
ACTION SNIPPET 10000 8453 SNIPPET_NOT_RELEVANT b'256256'
ACTION QUERY 10000 8463 human stampede libyan
ACTION SERP 10000 8468 EXAMINE_SERP
ACTION SNIPPET 10000 8471 SEEN_PREVIOUSLY b'342867'
ACTION SNIPPET 10000 8474 SNIPPET_NOT_RELEVANT b'429664'
ACTION SNIPPET 10000 8477 SNIPPET_NOT_RELEVANT b'658085'
ACTION SNIPPET 10000 8480 SNIPPET_NOT_RELEVANT b'445968'
ACTION SNIPPET 10000 8483 SNIPPET_RELEVANT b'1734818'
ACTION DOC 10000 8503 EXAMINING_DOCUMENT b'1734818'
ACTION SNIPPET 10000 8506 SNIPPET_RELEVANT b'657779'
ACTION DOC 10000 8526 EXAMINING_DOCUMENT b'657779'
ACTION SNIPPET 10000 8529 SNIPPET_RELEVANT b'663298'
ACTION DOC 10000 8549 EXAMINING_DOCUMENT b'663298'
ACTION SNIPPET 10000 8552 SNIPPET_RELEVANT b'1824039'
ACTION DOC 10000 8572 EXAMINING_DOCUMENT b'1824039'
ACTION SNIPPET 10000 8575 SNIPPET_RELEVANT b'1515536'
ACTION DOC 10000 8595 EXAMINING_DOCUMENT b'1515536'
ACTION SNIPPET 10000 8598 SNIPPET_NOT_RELEVANT b'679787'
ACTION QUERY 10000 8608 human stampede 21
ACTION SERP 10000 8613 EXAMINE_SERP
ACTION SNIPPET 10000 8616 SNIPPET_RELEVANT b'1467796'
ACTION DOC 10000 8636 EXAMINING_DOCUMENT b'1467796'
ACTION MARK 10000 8639 CONSIDERED_RELEVANT b'1467796'
ACTION SNIPPET 10000 8642 SNIPPET_RELEVANT b'1466872'
ACTION DOC 10000 8662 EXAMINING_DOCUMENT b'1466872'
ACTION MARK 10000 8665 CONSIDERED_RELEVANT b'1466872'
ACTION SNIPPET 10000 8668 SEEN_PREVIOUSLY b'1315825'
ACTION SNIPPET 10000 8671 SNIPPET_NOT_RELEVANT b'459087'
ACTION SNIPPET 10000 8674 SEEN_PREVIOUSLY b'97600'
ACTION SNIPPET 10000 8677 SEEN_PREVIOUSLY b'1450252'
ACTION SNIPPET 10000 8680 SNIPPET_NOT_RELEVANT b'1513699'
ACTION SNIPPET 10000 8683 SEEN_PREVIOUSLY b'818047'
ACTION SNIPPET 10000 8686 SEEN_PREVIOUSLY b'492316'
ACTION SNIPPET 10000 8689 SEEN_PREVIOUSLY b'709761'
ACTION QUERY 10000 8699 human stampede partner
ACTION SERP 10000 8704 EXAMINE_SERP
ACTION SNIPPET 10000 8707 SEEN_PREVIOUSLY b'1315825'
ACTION SNIPPET 10000 8710 SEEN_PREVIOUSLY b'1450252'
ACTION SNIPPET 10000 8713 SNIPPET_NOT_RELEVANT b'1415058'
ACTION SNIPPET 10000 8716 SEEN_PREVIOUSLY b'818047'
ACTION SNIPPET 10000 8719 SEEN_PREVIOUSLY b'492316'
ACTION SNIPPET 10000 8722 SEEN_PREVIOUSLY b'363729'
ACTION SNIPPET 10000 8725 SEEN_PREVIOUSLY b'423877'
ACTION SNIPPET 10000 8728 SEEN_PREVIOUSLY b'1061863'
ACTION SNIPPET 10000 8731 SEEN_PREVIOUSLY b'1466168'
ACTION SNIPPET 10000 8734 SNIPPET_NOT_RELEVANT b'283546'
ACTION QUERY 10000 8744 human stampede jesse
ACTION SERP 10000 8749 EXAMINE_SERP
ACTION SNIPPET 10000 8752 SNIPPET_RELEVANT b'1466375'
ACTION DOC 10000 8772 EXAMINING_DOCUMENT b'1466375'
ACTION MARK 10000 8775 CONSIDERED_RELEVANT b'1466375'
ACTION SNIPPET 10000 8778 SEEN_PREVIOUSLY b'1315825'
ACTION SNIPPET 10000 8781 SNIPPET_NOT_RELEVANT b'136280'
ACTION SNIPPET 10000 8784 SEEN_PREVIOUSLY b'1450252'
ACTION SNIPPET 10000 8787 SEEN_PREVIOUSLY b'818047'
ACTION SNIPPET 10000 8790 SEEN_PREVIOUSLY b'492316'
ACTION SNIPPET 10000 8793 SEEN_PREVIOUSLY b'363729'
ACTION SNIPPET 10000 8796 SNIPPET_RELEVANT b'227931'
ACTION DOC 10000 8816 EXAMINING_DOCUMENT b'227931'
ACTION SNIPPET 10000 8819 SNIPPET_RELEVANT b'998822'
ACTION DOC 10000 8839 EXAMINING_DOCUMENT b'998822'
ACTION SNIPPET 10000 8842 SNIPPET_RELEVANT b'139153'
ACTION DOC 10000 8862 EXAMINING_DOCUMENT b'139153'
ACTION QUERY 10000 8872 human stampede solide
ACTION SERP 10000 8877 EXAMINE_SERP
ACTION SNIPPET 10000 8880 SEEN_PREVIOUSLY b'1546904'
ACTION SNIPPET 10000 8883 SEEN_PREVIOUSLY b'1315825'
ACTION SNIPPET 10000 8886 SEEN_PREVIOUSLY b'1450252'
ACTION SNIPPET 10000 8889 SNIPPET_RELEVANT b'51104'
ACTION DOC 10000 8909 EXAMINING_DOCUMENT b'51104'
ACTION SNIPPET 10000 8912 SEEN_PREVIOUSLY b'818047'
ACTION SNIPPET 10000 8915 SEEN_PREVIOUSLY b'492316'
ACTION SNIPPET 10000 8918 SEEN_PREVIOUSLY b'363729'
ACTION SNIPPET 10000 8921 SNIPPET_RELEVANT b'492253'
ACTION DOC 10000 8941 EXAMINING_DOCUMENT b'492253'
ACTION SNIPPET 10000 8944 SEEN_PREVIOUSLY b'423877'
ACTION SNIPPET 10000 8947 SEEN_PREVIOUSLY b'1061863'
ACTION QUERY 10000 8957 human stampede ferry
ACTION SERP 10000 8962 EXAMINE_SERP
ACTION SNIPPET 10000 8965 SNIPPET_NOT_RELEVANT b'1336314'
ACTION SNIPPET 10000 8968 SNIPPET_RELEVANT b'741776'
ACTION DOC 10000 8988 EXAMINING_DOCUMENT b'741776'
ACTION SNIPPET 10000 8991 SNIPPET_RELEVANT b'1269495'
ACTION DOC 10000 9011 EXAMINING_DOCUMENT b'1269495'
ACTION SNIPPET 10000 9014 SEEN_PREVIOUSLY b'1315825'
ACTION SNIPPET 10000 9017 SNIPPET_NOT_RELEVANT b'1623062'
ACTION SNIPPET 10000 9020 SEEN_PREVIOUSLY b'1450252'
ACTION SNIPPET 10000 9023 SNIPPET_NOT_RELEVANT b'1139478'
ACTION SNIPPET 10000 9026 SNIPPET_NOT_RELEVANT b'1531698'
ACTION SNIPPET 10000 9029 SNIPPET_RELEVANT b'953139'
ACTION DOC 10000 9049 EXAMINING_DOCUMENT b'953139'
ACTION SNIPPET 10000 9052 SEEN_PREVIOUSLY b'818047'
ACTION QUERY 10000 9062 human stampede york
ACTION SERP 10000 9067 EXAMINE_SERP
ACTION SNIPPET 10000 9070 SEEN_PREVIOUSLY b'1315825'
ACTION SNIPPET 10000 9073 SEEN_PREVIOUSLY b'1450252'
ACTION SNIPPET 10000 9076 SEEN_PREVIOUSLY b'818047'
ACTION SNIPPET 10000 9079 SEEN_PREVIOUSLY b'492316'
ACTION SNIPPET 10000 9082 SEEN_PREVIOUSLY b'363729'
ACTION SNIPPET 10000 9085 SEEN_PREVIOUSLY b'497598'
ACTION SNIPPET 10000 9088 SEEN_PREVIOUSLY b'1555757'
ACTION SNIPPET 10000 9091 SNIPPET_NOT_RELEVANT b'1547011'
ACTION SNIPPET 10000 9094 SEEN_PREVIOUSLY b'121675'
ACTION SNIPPET 10000 9097 SEEN_PREVIOUSLY b'423877'
ACTION QUERY 10000 9107 human stampede colleges
ACTION SERP 10000 9112 EXAMINE_SERP
ACTION SNIPPET 10000 9115 SEEN_PREVIOUSLY b'497598'
ACTION SNIPPET 10000 9118 SNIPPET_NOT_RELEVANT b'499916'
ACTION SNIPPET 10000 9121 SEEN_PREVIOUSLY b'1315825'
ACTION SNIPPET 10000 9124 SNIPPET_RELEVANT b'501130'
ACTION DOC 10000 9144 EXAMINING_DOCUMENT b'501130'
ACTION MARK 10000 9147 CONSIDERED_RELEVANT b'501130'
ACTION SNIPPET 10000 9150 SEEN_PREVIOUSLY b'1450252'
ACTION SNIPPET 10000 9153 SEEN_PREVIOUSLY b'818047'
ACTION SNIPPET 10000 9156 SEEN_PREVIOUSLY b'492316'
ACTION SNIPPET 10000 9159 SNIPPET_RELEVANT b'501017'
ACTION DOC 10000 9179 EXAMINING_DOCUMENT b'501017'
ACTION MARK 10000 9182 CONSIDERED_RELEVANT b'501017'
ACTION SNIPPET 10000 9185 SNIPPET_NOT_RELEVANT b'1278221'
ACTION SNIPPET 10000 9188 SNIPPET_RELEVANT b'542235'
ACTION DOC 10000 9208 EXAMINING_DOCUMENT b'542235'
ACTION QUERY 10000 9218 human stampede cop
ACTION SERP 10000 9223 EXAMINE_SERP
ACTION SNIPPET 10000 9226 SNIPPET_NOT_RELEVANT b'255352'
ACTION SNIPPET 10000 9229 SNIPPET_NOT_RELEVANT b'931635'
ACTION SNIPPET 10000 9232 SNIPPET_NOT_RELEVANT b'383678'
ACTION SNIPPET 10000 9235 SEEN_PREVIOUSLY b'1315825'
ACTION SNIPPET 10000 9238 SEEN_PREVIOUSLY b'1450252'
ACTION SNIPPET 10000 9241 SNIPPET_NOT_RELEVANT b'997007'
ACTION SNIPPET 10000 9244 SEEN_PREVIOUSLY b'818047'
ACTION SNIPPET 10000 9247 SEEN_PREVIOUSLY b'492316'
ACTION SNIPPET 10000 9250 SNIPPET_RELEVANT b'143373'
ACTION DOC 10000 9270 EXAMINING_DOCUMENT b'143373'
ACTION SNIPPET 10000 9273 SNIPPET_RELEVANT b'1240643'
ACTION DOC 10000 9293 EXAMINING_DOCUMENT b'1240643'
ACTION QUERY 10000 9303 human stampede stampeding
ACTION SERP 10000 9308 EXAMINE_SERP
ACTION SNIPPET 10000 9311 SEEN_PREVIOUSLY b'363729'
ACTION SNIPPET 10000 9314 SEEN_PREVIOUSLY b'818047'
ACTION SNIPPET 10000 9317 SEEN_PREVIOUSLY b'1450252'
ACTION SNIPPET 10000 9320 SEEN_PREVIOUSLY b'1466168'
ACTION SNIPPET 10000 9323 SEEN_PREVIOUSLY b'492316'
ACTION SNIPPET 10000 9326 SEEN_PREVIOUSLY b'1547010'
ACTION SNIPPET 10000 9329 SEEN_PREVIOUSLY b'147204'
ACTION SNIPPET 10000 9332 SEEN_PREVIOUSLY b'497598'
ACTION SNIPPET 10000 9335 SNIPPET_RELEVANT b'748718'
ACTION DOC 10000 9355 EXAMINING_DOCUMENT b'748718'
ACTION MARK 10000 9358 CONSIDERED_RELEVANT b'748718'
ACTION SNIPPET 10000 9361 SEEN_PREVIOUSLY b'1315825'
ACTION QUERY 10000 9371 human stampede sayreville
ACTION SERP 10000 9376 EXAMINE_SERP
ACTION SNIPPET 10000 9379 SNIPPET_NOT_RELEVANT b'856586'
ACTION SNIPPET 10000 9382 SNIPPET_NOT_RELEVANT b'448626'
ACTION SNIPPET 10000 9385 SNIPPET_RELEVANT b'1620981'
ACTION DOC 10000 9405 EXAMINING_DOCUMENT b'1620981'
ACTION SNIPPET 10000 9408 SNIPPET_NOT_RELEVANT b'1625385'
ACTION SNIPPET 10000 9411 SNIPPET_RELEVANT b'1557434'
ACTION DOC 10000 9431 EXAMINING_DOCUMENT b'1557434'
ACTION SNIPPET 10000 9434 SNIPPET_RELEVANT b'1607421'
ACTION DOC 10000 9454 EXAMINING_DOCUMENT b'1607421'
ACTION SNIPPET 10000 9457 SNIPPET_NOT_RELEVANT b'416389'
ACTION SNIPPET 10000 9460 SNIPPET_RELEVANT b'798189'
ACTION DOC 10000 9480 EXAMINING_DOCUMENT b'798189'
ACTION SNIPPET 10000 9483 SNIPPET_RELEVANT b'798572'
ACTION DOC 10000 9503 EXAMINING_DOCUMENT b'798572'
ACTION SNIPPET 10000 9506 SNIPPET_NOT_RELEVANT b'921261'
ACTION QUERY 10000 9516 human stampede fugitive
ACTION SERP 10000 9521 EXAMINE_SERP
ACTION SNIPPET 10000 9524 SEEN_PREVIOUSLY b'547211'
ACTION SNIPPET 10000 9527 SEEN_PREVIOUSLY b'1315825'
ACTION SNIPPET 10000 9530 SEEN_PREVIOUSLY b'1450252'
ACTION SNIPPET 10000 9533 SNIPPET_NOT_RELEVANT b'1554123'
ACTION SNIPPET 10000 9536 SNIPPET_NOT_RELEVANT b'7275'
ACTION SNIPPET 10000 9539 SNIPPET_NOT_RELEVANT b'7275'
ACTION SNIPPET 10000 9542 SNIPPET_NOT_RELEVANT b'95722'
ACTION SNIPPET 10000 9545 SEEN_PREVIOUSLY b'818047'
ACTION SNIPPET 10000 9548 SEEN_PREVIOUSLY b'492316'
ACTION SNIPPET 10000 9551 SNIPPET_NOT_RELEVANT b'758868'
ACTION QUERY 10000 9561 human stampede strip
ACTION SERP 10000 9566 EXAMINE_SERP
ACTION SNIPPET 10000 9569 SNIPPET_RELEVANT b'897316'
ACTION DOC 10000 9589 EXAMINING_DOCUMENT b'897316'
ACTION SNIPPET 10000 9592 SEEN_PREVIOUSLY b'1156635'
ACTION SNIPPET 10000 9595 SEEN_PREVIOUSLY b'1315825'
ACTION SNIPPET 10000 9598 SEEN_PREVIOUSLY b'1450252'
ACTION SNIPPET 10000 9601 SEEN_PREVIOUSLY b'542235'
ACTION SNIPPET 10000 9604 SEEN_PREVIOUSLY b'818047'
ACTION SNIPPET 10000 9607 SEEN_PREVIOUSLY b'492316'
ACTION SNIPPET 10000 9610 SNIPPET_NOT_RELEVANT b'1111044'
ACTION SNIPPET 10000 9613 SEEN_PREVIOUSLY b'933169'
ACTION SNIPPET 10000 9616 SNIPPET_RELEVANT b'1405180'
ACTION DOC 10000 9636 EXAMINING_DOCUMENT b'1405180'
ACTION QUERY 10000 9646 human stampede capital
ACTION SERP 10000 9651 EXAMINE_SERP
ACTION SNIPPET 10000 9654 SEEN_PREVIOUSLY b'1019081'
ACTION SNIPPET 10000 9657 SEEN_PREVIOUSLY b'1315825'
ACTION SNIPPET 10000 9660 SEEN_PREVIOUSLY b'1292130'
ACTION SNIPPET 10000 9663 SEEN_PREVIOUSLY b'1450252'
ACTION SNIPPET 10000 9666 SNIPPET_NOT_RELEVANT b'1415058'
ACTION SNIPPET 10000 9669 SNIPPET_NOT_RELEVANT b'1049591'
ACTION SNIPPET 10000 9672 SEEN_PREVIOUSLY b'818047'
ACTION SNIPPET 10000 9675 SEEN_PREVIOUSLY b'492316'
ACTION SNIPPET 10000 9678 SEEN_PREVIOUSLY b'252935'
ACTION SNIPPET 10000 9681 SEEN_PREVIOUSLY b'363729'
ACTION QUERY 10000 9691 human stampede taverne
ACTION SERP 10000 9696 EXAMINE_SERP
ACTION SNIPPET 10000 9699 SEEN_PREVIOUSLY b'1315825'
ACTION SNIPPET 10000 9702 SEEN_PREVIOUSLY b'1450252'
ACTION SNIPPET 10000 9705 SEEN_PREVIOUSLY b'818047'
ACTION SNIPPET 10000 9708 SEEN_PREVIOUSLY b'492316'
ACTION SNIPPET 10000 9711 SEEN_PREVIOUSLY b'363729'
ACTION SNIPPET 10000 9714 SNIPPET_NOT_RELEVANT b'374094'
ACTION SNIPPET 10000 9717 SEEN_PREVIOUSLY b'423877'
ACTION SNIPPET 10000 9720 SNIPPET_NOT_RELEVANT b'594901'
ACTION SNIPPET 10000 9723 SEEN_PREVIOUSLY b'1061863'
ACTION SNIPPET 10000 9726 SNIPPET_NOT_RELEVANT b'358007'
ACTION QUERY 10000 9736 human stampede strategy
ACTION SERP 10000 9741 EXAMINE_SERP
ACTION SNIPPET 10000 9744 SNIPPET_RELEVANT b'50965'
ACTION DOC 10000 9764 EXAMINING_DOCUMENT b'50965'
ACTION SNIPPET 10000 9767 SNIPPET_RELEVANT b'859504'
ACTION DOC 10000 9787 EXAMINING_DOCUMENT b'859504'
ACTION SNIPPET 10000 9790 SEEN_PREVIOUSLY b'1199011'
ACTION SNIPPET 10000 9793 SEEN_PREVIOUSLY b'1315825'
ACTION SNIPPET 10000 9796 SEEN_PREVIOUSLY b'1450252'
ACTION SNIPPET 10000 9799 SEEN_PREVIOUSLY b'818047'
ACTION SNIPPET 10000 9802 SEEN_PREVIOUSLY b'492316'
ACTION SNIPPET 10000 9805 SNIPPET_NOT_RELEVANT b'107974'
ACTION SNIPPET 10000 9808 SEEN_PREVIOUSLY b'363729'
ACTION SNIPPET 10000 9811 SNIPPET_RELEVANT b'1049591'
ACTION DOC 10000 9831 EXAMINING_DOCUMENT b'1049591'
ACTION QUERY 10000 9841 human stampede sons
ACTION SERP 10000 9846 EXAMINE_SERP
ACTION SNIPPET 10000 9849 SEEN_PREVIOUSLY b'1315825'
ACTION SNIPPET 10000 9852 SEEN_PREVIOUSLY b'1450252'
ACTION SNIPPET 10000 9855 SEEN_PREVIOUSLY b'818047'
ACTION SNIPPET 10000 9858 SEEN_PREVIOUSLY b'492316'
ACTION SNIPPET 10000 9861 SEEN_PREVIOUSLY b'363729'
ACTION SNIPPET 10000 9864 SEEN_PREVIOUSLY b'423877'
ACTION SNIPPET 10000 9867 SEEN_PREVIOUSLY b'1061863'
ACTION SNIPPET 10000 9870 SEEN_PREVIOUSLY b'1444245'
ACTION SNIPPET 10000 9873 SEEN_PREVIOUSLY b'1466168'
ACTION SNIPPET 10000 9876 SNIPPET_RELEVANT b'1111044'
ACTION DOC 10000 9896 EXAMINING_DOCUMENT b'1111044'
ACTION QUERY 10000 9906 human stampede veli
ACTION SERP 10000 9911 EXAMINE_SERP
ACTION SNIPPET 10000 9914 SNIPPET_RELEVANT b'646396'
ACTION DOC 10000 9934 EXAMINING_DOCUMENT b'646396'
ACTION SNIPPET 10000 9937 SNIPPET_RELEVANT b'11623'
ACTION DOC 10000 9957 EXAMINING_DOCUMENT b'11623'
ACTION SNIPPET 10000 9960 SNIPPET_RELEVANT b'1692835'
ACTION DOC 10000 9980 EXAMINING_DOCUMENT b'1692835'
ACTION SNIPPET 10000 9983 SNIPPET_NOT_RELEVANT b'716550'
ACTION SNIPPET 10000 9986 SEEN_PREVIOUSLY b'1315825'
ACTION SNIPPET 10000 9989 SNIPPET_RELEVANT b'373350'
ACTION DOC 10000 10009 EXAMINING_DOCUMENT b'373350'
INFO SUMMARY 
INFO TOTAL_QUERIES_ISSUED 105
INFO TOTAL_SNIPPETS_EXAMINED 1046
INFO TOTAL_DOCUMENTS_EXAMINED 254
INFO TOTAL_DOCUMENTS_MARKED_RELEVANT 72
INFO TOTAL_ATTRACTIVE_SERP_IMPRESSIONS 105
INFO TOTAL_UNATTRACTIVE_SERP_IMPRESSIONS 0
