ACTION QUERY 10000 10 mercy killing
ACTION SERP 10000 15 EXAMINE_SERP
ACTION SNIPPET 10000 18 SNIPPET_RELEVANT b'157557'
ACTION DOC 10000 38 EXAMINING_DOCUMENT b'157557'
ACTION MARK 10000 41 CONSIDERED_RELEVANT b'157557'
ACTION SNIPPET 10000 44 SNIPPET_RELEVANT b'1121204'
ACTION DOC 10000 64 EXAMINING_DOCUMENT b'1121204'
ACTION MARK 10000 67 CONSIDERED_RELEVANT b'1121204'
ACTION SNIPPET 10000 70 SNIPPET_RELEVANT b'1005479'
ACTION DOC 10000 90 EXAMINING_DOCUMENT b'1005479'
ACTION MARK 10000 93 CONSIDERED_RELEVANT b'1005479'
ACTION SNIPPET 10000 96 SNIPPET_RELEVANT b'789093'
ACTION DOC 10000 116 EXAMINING_DOCUMENT b'789093'
ACTION SNIPPET 10000 119 SNIPPET_RELEVANT b'35680'
ACTION DOC 10000 139 EXAMINING_DOCUMENT b'35680'
ACTION MARK 10000 142 CONSIDERED_RELEVANT b'35680'
ACTION SNIPPET 10000 145 SNIPPET_RELEVANT b'473943'
ACTION DOC 10000 165 EXAMINING_DOCUMENT b'473943'
ACTION SNIPPET 10000 168 SNIPPET_NOT_RELEVANT b'391873'
ACTION SNIPPET 10000 171 SNIPPET_RELEVANT b'391874'
ACTION DOC 10000 191 EXAMINING_DOCUMENT b'391874'
ACTION SNIPPET 10000 194 SNIPPET_RELEVANT b'723837'
ACTION DOC 10000 214 EXAMINING_DOCUMENT b'723837'
ACTION SNIPPET 10000 217 SNIPPET_RELEVANT b'435343'
ACTION DOC 10000 237 EXAMINING_DOCUMENT b'435343'
ACTION MARK 10000 240 CONSIDERED_RELEVANT b'435343'
ACTION QUERY 10000 250 mercy killing paul
ACTION SERP 10000 255 EXAMINE_SERP
ACTION SNIPPET 10000 258 SNIPPET_RELEVANT b'1426355'
ACTION DOC 10000 278 EXAMINING_DOCUMENT b'1426355'
ACTION MARK 10000 281 CONSIDERED_RELEVANT b'1426355'
ACTION SNIPPET 10000 284 SNIPPET_RELEVANT b'68305'
ACTION DOC 10000 304 EXAMINING_DOCUMENT b'68305'
ACTION SNIPPET 10000 307 SNIPPET_NOT_RELEVANT b'896003'
ACTION SNIPPET 10000 310 SNIPPET_NOT_RELEVANT b'182693'
ACTION SNIPPET 10000 313 SNIPPET_NOT_RELEVANT b'1293001'
ACTION SNIPPET 10000 316 SNIPPET_RELEVANT b'74746'
ACTION DOC 10000 336 EXAMINING_DOCUMENT b'74746'
ACTION SNIPPET 10000 339 SEEN_PREVIOUSLY b'789093'
ACTION SNIPPET 10000 342 SNIPPET_NOT_RELEVANT b'1355141'
ACTION SNIPPET 10000 345 SNIPPET_NOT_RELEVANT b'37143'
ACTION SNIPPET 10000 348 SNIPPET_NOT_RELEVANT b'1787438'
ACTION QUERY 10000 358 mercy killing sentence
ACTION SERP 10000 363 EXAMINE_SERP
ACTION SNIPPET 10000 366 SNIPPET_RELEVANT b'1064676'
ACTION DOC 10000 386 EXAMINING_DOCUMENT b'1064676'
ACTION MARK 10000 389 CONSIDERED_RELEVANT b'1064676'
ACTION SNIPPET 10000 392 SNIPPET_NOT_RELEVANT b'431779'
ACTION SNIPPET 10000 395 SNIPPET_NOT_RELEVANT b'1822541'
ACTION SNIPPET 10000 398 SNIPPET_RELEVANT b'144396'
ACTION DOC 10000 418 EXAMINING_DOCUMENT b'144396'
ACTION SNIPPET 10000 421 SNIPPET_NOT_RELEVANT b'144854'
ACTION SNIPPET 10000 424 SNIPPET_RELEVANT b'1095445'
ACTION DOC 10000 444 EXAMINING_DOCUMENT b'1095445'
ACTION MARK 10000 447 CONSIDERED_RELEVANT b'1095445'
ACTION SNIPPET 10000 450 SNIPPET_RELEVANT b'1399268'
ACTION DOC 10000 470 EXAMINING_DOCUMENT b'1399268'
ACTION SNIPPET 10000 473 SNIPPET_RELEVANT b'1546637'
ACTION DOC 10000 493 EXAMINING_DOCUMENT b'1546637'
ACTION SNIPPET 10000 496 SNIPPET_NOT_RELEVANT b'1091079'
ACTION SNIPPET 10000 499 SNIPPET_RELEVANT b'1032864'
ACTION DOC 10000 519 EXAMINING_DOCUMENT b'1032864'
ACTION QUERY 10000 529 mercy killing deceased
ACTION SERP 10000 534 EXAMINE_SERP
ACTION SNIPPET 10000 537 SNIPPET_NOT_RELEVANT b'1140919'
ACTION SNIPPET 10000 540 SNIPPET_RELEVANT b'1802675'
ACTION DOC 10000 560 EXAMINING_DOCUMENT b'1802675'
ACTION SNIPPET 10000 563 SNIPPET_NOT_RELEVANT b'1004293'
ACTION SNIPPET 10000 566 SNIPPET_NOT_RELEVANT b'1778489'
ACTION SNIPPET 10000 569 SEEN_PREVIOUSLY b'789093'
ACTION SNIPPET 10000 572 SNIPPET_NOT_RELEVANT b'1013675'
ACTION SNIPPET 10000 575 SNIPPET_RELEVANT b'1272195'
ACTION DOC 10000 595 EXAMINING_DOCUMENT b'1272195'
ACTION SNIPPET 10000 598 SEEN_PREVIOUSLY b'473943'
ACTION SNIPPET 10000 601 SEEN_PREVIOUSLY b'391874'
ACTION SNIPPET 10000 604 SNIPPET_RELEVANT b'391873'
ACTION DOC 10000 624 EXAMINING_DOCUMENT b'391873'
ACTION QUERY 10000 634 mercy killing killings
ACTION SERP 10000 639 EXAMINE_SERP
ACTION SNIPPET 10000 642 SEEN_PREVIOUSLY b'789093'
ACTION SNIPPET 10000 645 SNIPPET_RELEVANT b'115272'
ACTION DOC 10000 665 EXAMINING_DOCUMENT b'115272'
ACTION MARK 10000 668 CONSIDERED_RELEVANT b'115272'
ACTION SNIPPET 10000 671 SEEN_PREVIOUSLY b'391873'
ACTION SNIPPET 10000 674 SEEN_PREVIOUSLY b'391874'
ACTION SNIPPET 10000 677 SEEN_PREVIOUSLY b'723837'
ACTION SNIPPET 10000 680 SNIPPET_RELEVANT b'373185'
ACTION DOC 10000 700 EXAMINING_DOCUMENT b'373185'
ACTION MARK 10000 703 CONSIDERED_RELEVANT b'373185'
ACTION SNIPPET 10000 706 SNIPPET_NOT_RELEVANT b'1722895'
ACTION SNIPPET 10000 709 SNIPPET_RELEVANT b'1210771'
ACTION DOC 10000 729 EXAMINING_DOCUMENT b'1210771'
ACTION SNIPPET 10000 732 SEEN_PREVIOUSLY b'473943'
ACTION SNIPPET 10000 735 SEEN_PREVIOUSLY b'144396'
ACTION QUERY 10000 745 mercy killing nation
ACTION SERP 10000 750 EXAMINE_SERP
ACTION SNIPPET 10000 753 SEEN_PREVIOUSLY b'789093'
ACTION SNIPPET 10000 756 SNIPPET_NOT_RELEVANT b'1722895'
ACTION SNIPPET 10000 759 SNIPPET_NOT_RELEVANT b'91491'
ACTION SNIPPET 10000 762 SNIPPET_NOT_RELEVANT b'618917'
ACTION SNIPPET 10000 765 SNIPPET_RELEVANT b'15687'
ACTION DOC 10000 785 EXAMINING_DOCUMENT b'15687'
ACTION SNIPPET 10000 788 SEEN_PREVIOUSLY b'473943'
ACTION SNIPPET 10000 791 SEEN_PREVIOUSLY b'391874'
ACTION SNIPPET 10000 794 SEEN_PREVIOUSLY b'391873'
ACTION SNIPPET 10000 797 SEEN_PREVIOUSLY b'723837'
ACTION SNIPPET 10000 800 SNIPPET_RELEVANT b'592995'
ACTION DOC 10000 820 EXAMINING_DOCUMENT b'592995'
ACTION MARK 10000 823 CONSIDERED_RELEVANT b'592995'
ACTION QUERY 10000 833 mercy killing patients
ACTION SERP 10000 838 EXAMINE_SERP
ACTION SNIPPET 10000 841 SEEN_PREVIOUSLY b'723837'
ACTION SNIPPET 10000 844 SEEN_PREVIOUSLY b'789093'
ACTION SNIPPET 10000 847 SEEN_PREVIOUSLY b'1210771'
ACTION SNIPPET 10000 850 SNIPPET_NOT_RELEVANT b'695579'
ACTION SNIPPET 10000 853 SNIPPET_RELEVANT b'116927'
ACTION DOC 10000 873 EXAMINING_DOCUMENT b'116927'
ACTION MARK 10000 876 CONSIDERED_RELEVANT b'116927'
ACTION SNIPPET 10000 879 SNIPPET_RELEVANT b'472960'
ACTION DOC 10000 899 EXAMINING_DOCUMENT b'472960'
ACTION MARK 10000 902 CONSIDERED_RELEVANT b'472960'
ACTION SNIPPET 10000 905 SNIPPET_RELEVANT b'618917'
ACTION DOC 10000 925 EXAMINING_DOCUMENT b'618917'
ACTION SNIPPET 10000 928 SNIPPET_NOT_RELEVANT b'1777271'
ACTION SNIPPET 10000 931 SNIPPET_NOT_RELEVANT b'128834'
ACTION SNIPPET 10000 934 SNIPPET_RELEVANT b'121481'
ACTION DOC 10000 954 EXAMINING_DOCUMENT b'121481'
ACTION MARK 10000 957 CONSIDERED_RELEVANT b'121481'
ACTION QUERY 10000 967 mercy killing practice
ACTION SERP 10000 972 EXAMINE_SERP
ACTION SNIPPET 10000 975 SEEN_PREVIOUSLY b'1210771'
ACTION SNIPPET 10000 978 SEEN_PREVIOUSLY b'723837'
ACTION SNIPPET 10000 981 SNIPPET_RELEVANT b'695579'
ACTION DOC 10000 1001 EXAMINING_DOCUMENT b'695579'
ACTION SNIPPET 10000 1004 SEEN_PREVIOUSLY b'473943'
ACTION SNIPPET 10000 1007 SNIPPET_RELEVANT b'606698'
ACTION DOC 10000 1027 EXAMINING_DOCUMENT b'606698'
ACTION SNIPPET 10000 1030 SNIPPET_NOT_RELEVANT b'1267822'
ACTION SNIPPET 10000 1033 SNIPPET_NOT_RELEVANT b'221431'
ACTION SNIPPET 10000 1036 SNIPPET_NOT_RELEVANT b'1060085'
ACTION SNIPPET 10000 1039 SNIPPET_NOT_RELEVANT b'882850'
ACTION SNIPPET 10000 1042 SEEN_PREVIOUSLY b'789093'
ACTION QUERY 10000 1052 mercy killing mercifully
ACTION SERP 10000 1057 EXAMINE_SERP
ACTION SNIPPET 10000 1060 SNIPPET_RELEVANT b'1248386'
ACTION DOC 10000 1080 EXAMINING_DOCUMENT b'1248386'
ACTION SNIPPET 10000 1083 SNIPPET_RELEVANT b'523834'
ACTION DOC 10000 1103 EXAMINING_DOCUMENT b'523834'
ACTION SNIPPET 10000 1106 SNIPPET_NOT_RELEVANT b'666000'
ACTION SNIPPET 10000 1109 SNIPPET_RELEVANT b'1079907'
ACTION DOC 10000 1129 EXAMINING_DOCUMENT b'1079907'
ACTION SNIPPET 10000 1132 SNIPPET_NOT_RELEVANT b'922848'
ACTION SNIPPET 10000 1135 SNIPPET_RELEVANT b'1616224'
ACTION DOC 10000 1155 EXAMINING_DOCUMENT b'1616224'
ACTION SNIPPET 10000 1158 SEEN_PREVIOUSLY b'789093'
ACTION SNIPPET 10000 1161 SEEN_PREVIOUSLY b'473943'
ACTION SNIPPET 10000 1164 SEEN_PREVIOUSLY b'391874'
ACTION SNIPPET 10000 1167 SEEN_PREVIOUSLY b'391873'
ACTION QUERY 10000 1177 mercy killing dad
ACTION SERP 10000 1182 EXAMINE_SERP
ACTION SNIPPET 10000 1185 SNIPPET_NOT_RELEVANT b'54547'
ACTION SNIPPET 10000 1188 SNIPPET_NOT_RELEVANT b'1853287'
ACTION SNIPPET 10000 1191 SNIPPET_NOT_RELEVANT b'570474'
ACTION SNIPPET 10000 1194 SNIPPET_NOT_RELEVANT b'476715'
ACTION SNIPPET 10000 1197 SNIPPET_NOT_RELEVANT b'435659'
ACTION SNIPPET 10000 1200 SNIPPET_NOT_RELEVANT b'1287976'
ACTION SNIPPET 10000 1203 SNIPPET_RELEVANT b'1113887'
ACTION DOC 10000 1223 EXAMINING_DOCUMENT b'1113887'
ACTION SNIPPET 10000 1226 SNIPPET_NOT_RELEVANT b'410643'
ACTION SNIPPET 10000 1229 SEEN_PREVIOUSLY b'789093'
ACTION SNIPPET 10000 1232 SEEN_PREVIOUSLY b'473943'
ACTION QUERY 10000 1242 mercy killing tumor
ACTION SERP 10000 1247 EXAMINE_SERP
ACTION SNIPPET 10000 1250 SNIPPET_RELEVANT b'472608'
ACTION DOC 10000 1270 EXAMINING_DOCUMENT b'472608'
ACTION SNIPPET 10000 1273 SNIPPET_RELEVANT b'373981'
ACTION DOC 10000 1293 EXAMINING_DOCUMENT b'373981'
ACTION MARK 10000 1296 CONSIDERED_RELEVANT b'373981'
ACTION SNIPPET 10000 1299 SNIPPET_RELEVANT b'1405320'
ACTION DOC 10000 1319 EXAMINING_DOCUMENT b'1405320'
ACTION SNIPPET 10000 1322 SNIPPET_RELEVANT b'470358'
ACTION DOC 10000 1342 EXAMINING_DOCUMENT b'470358'
ACTION SNIPPET 10000 1345 SNIPPET_RELEVANT b'1350338'
ACTION DOC 10000 1365 EXAMINING_DOCUMENT b'1350338'
ACTION SNIPPET 10000 1368 SNIPPET_NOT_RELEVANT b'1054815'
ACTION SNIPPET 10000 1371 SNIPPET_RELEVANT b'818733'
ACTION DOC 10000 1391 EXAMINING_DOCUMENT b'818733'
ACTION SNIPPET 10000 1394 SNIPPET_NOT_RELEVANT b'988397'
ACTION SNIPPET 10000 1397 SNIPPET_RELEVANT b'1071678'
ACTION DOC 10000 1417 EXAMINING_DOCUMENT b'1071678'
ACTION SNIPPET 10000 1420 SNIPPET_NOT_RELEVANT b'819457'
ACTION QUERY 10000 1430 mercy killing reaffirmed
ACTION SERP 10000 1435 EXAMINE_SERP
ACTION SNIPPET 10000 1438 SNIPPET_NOT_RELEVANT b'1060085'
ACTION SNIPPET 10000 1441 SNIPPET_RELEVANT b'972627'
ACTION DOC 10000 1461 EXAMINING_DOCUMENT b'972627'
ACTION SNIPPET 10000 1464 SNIPPET_NOT_RELEVANT b'1721729'
ACTION SNIPPET 10000 1467 SNIPPET_RELEVANT b'671519'
ACTION DOC 10000 1487 EXAMINING_DOCUMENT b'671519'
ACTION SNIPPET 10000 1490 SEEN_PREVIOUSLY b'789093'
ACTION SNIPPET 10000 1493 SNIPPET_RELEVANT b'1301497'
ACTION DOC 10000 1513 EXAMINING_DOCUMENT b'1301497'
ACTION SNIPPET 10000 1516 SNIPPET_NOT_RELEVANT b'1581701'
ACTION SNIPPET 10000 1519 SEEN_PREVIOUSLY b'473943'
ACTION SNIPPET 10000 1522 SEEN_PREVIOUSLY b'391874'
ACTION SNIPPET 10000 1525 SEEN_PREVIOUSLY b'391873'
ACTION QUERY 10000 1535 mercy killing wanted
ACTION SERP 10000 1540 EXAMINE_SERP
ACTION SNIPPET 10000 1543 SEEN_PREVIOUSLY b'473943'
ACTION SNIPPET 10000 1546 SNIPPET_RELEVANT b'1822541'
ACTION DOC 10000 1566 EXAMINING_DOCUMENT b'1822541'
ACTION SNIPPET 10000 1569 SNIPPET_RELEVANT b'2447'
ACTION DOC 10000 1589 EXAMINING_DOCUMENT b'2447'
ACTION MARK 10000 1592 CONSIDERED_RELEVANT b'2447'
ACTION SNIPPET 10000 1595 SEEN_PREVIOUSLY b'2447'
ACTION SNIPPET 10000 1598 SNIPPET_NOT_RELEVANT b'144854'
ACTION SNIPPET 10000 1601 SEEN_PREVIOUSLY b'789093'
ACTION SNIPPET 10000 1604 SEEN_PREVIOUSLY b'695579'
ACTION SNIPPET 10000 1607 SEEN_PREVIOUSLY b'391873'
ACTION SNIPPET 10000 1610 SEEN_PREVIOUSLY b'391874'
ACTION SNIPPET 10000 1613 SEEN_PREVIOUSLY b'723837'
ACTION QUERY 10000 1623 mercy killing john
ACTION SERP 10000 1628 EXAMINE_SERP
ACTION SNIPPET 10000 1631 SEEN_PREVIOUSLY b'1546637'
ACTION SNIPPET 10000 1634 SNIPPET_NOT_RELEVANT b'144854'
ACTION SNIPPET 10000 1637 SNIPPET_NOT_RELEVANT b'227357'
ACTION SNIPPET 10000 1640 SEEN_PREVIOUSLY b'789093'
ACTION SNIPPET 10000 1643 SEEN_PREVIOUSLY b'473943'
ACTION SNIPPET 10000 1646 SEEN_PREVIOUSLY b'391874'
ACTION SNIPPET 10000 1649 SEEN_PREVIOUSLY b'391873'
ACTION SNIPPET 10000 1652 SEEN_PREVIOUSLY b'723837'
ACTION SNIPPET 10000 1655 SNIPPET_NOT_RELEVANT b'1550712'
ACTION SNIPPET 10000 1658 SNIPPET_RELEVANT b'659649'
ACTION DOC 10000 1678 EXAMINING_DOCUMENT b'659649'
ACTION QUERY 10000 1688 mercy killing william
ACTION SERP 10000 1693 EXAMINE_SERP
ACTION SNIPPET 10000 1696 SNIPPET_NOT_RELEVANT b'1721729'
ACTION SNIPPET 10000 1699 SNIPPET_RELEVANT b'435707'
ACTION DOC 10000 1719 EXAMINING_DOCUMENT b'435707'
ACTION SNIPPET 10000 1722 SNIPPET_RELEVANT b'978258'
ACTION DOC 10000 1742 EXAMINING_DOCUMENT b'978258'
ACTION SNIPPET 10000 1745 SEEN_PREVIOUSLY b'1399268'
ACTION SNIPPET 10000 1748 SNIPPET_RELEVANT b'912751'
ACTION DOC 10000 1768 EXAMINING_DOCUMENT b'912751'
ACTION SNIPPET 10000 1771 SNIPPET_RELEVANT b'1060056'
ACTION DOC 10000 1791 EXAMINING_DOCUMENT b'1060056'
ACTION SNIPPET 10000 1794 SNIPPET_NOT_RELEVANT b'1097654'
ACTION SNIPPET 10000 1797 SNIPPET_NOT_RELEVANT b'972177'
ACTION SNIPPET 10000 1800 SEEN_PREVIOUSLY b'789093'
ACTION SNIPPET 10000 1803 SNIPPET_NOT_RELEVANT b'245850'
ACTION QUERY 10000 1813 mercy killing conviction
ACTION SERP 10000 1818 EXAMINE_SERP
ACTION SNIPPET 10000 1821 SNIPPET_NOT_RELEVANT b'188508'
ACTION SNIPPET 10000 1824 SNIPPET_RELEVANT b'431779'
ACTION DOC 10000 1844 EXAMINING_DOCUMENT b'431779'
ACTION SNIPPET 10000 1847 SNIPPET_NOT_RELEVANT b'1816598'
ACTION SNIPPET 10000 1850 SNIPPET_RELEVANT b'1633442'
ACTION DOC 10000 1870 EXAMINING_DOCUMENT b'1633442'
ACTION SNIPPET 10000 1873 SNIPPET_RELEVANT b'144854'
ACTION DOC 10000 1893 EXAMINING_DOCUMENT b'144854'
ACTION SNIPPET 10000 1896 SNIPPET_NOT_RELEVANT b'606616'
ACTION SNIPPET 10000 1899 SNIPPET_NOT_RELEVANT b'114273'
ACTION SNIPPET 10000 1902 SNIPPET_NOT_RELEVANT b'1722895'
ACTION SNIPPET 10000 1905 SNIPPET_NOT_RELEVANT b'977063'
ACTION SNIPPET 10000 1908 SEEN_PREVIOUSLY b'1399268'
ACTION QUERY 10000 1918 mercy killing dose
ACTION SERP 10000 1923 EXAMINE_SERP
ACTION SNIPPET 10000 1926 SEEN_PREVIOUSLY b'618917'
ACTION SNIPPET 10000 1929 SNIPPET_NOT_RELEVANT b'117169'
ACTION SNIPPET 10000 1932 SNIPPET_RELEVANT b'1777271'
ACTION DOC 10000 1952 EXAMINING_DOCUMENT b'1777271'
ACTION MARK 10000 1955 CONSIDERED_RELEVANT b'1777271'
ACTION SNIPPET 10000 1958 SNIPPET_RELEVANT b'128834'
ACTION DOC 10000 1978 EXAMINING_DOCUMENT b'128834'
ACTION SNIPPET 10000 1981 SNIPPET_NOT_RELEVANT b'209374'
ACTION SNIPPET 10000 1984 SNIPPET_RELEVANT b'114968'
ACTION DOC 10000 2004 EXAMINING_DOCUMENT b'114968'
ACTION MARK 10000 2007 CONSIDERED_RELEVANT b'114968'
ACTION SNIPPET 10000 2010 SEEN_PREVIOUSLY b'1399268'
ACTION SNIPPET 10000 2013 SNIPPET_NOT_RELEVANT b'907881'
ACTION SNIPPET 10000 2016 SNIPPET_RELEVANT b'1094822'
ACTION DOC 10000 2036 EXAMINING_DOCUMENT b'1094822'
ACTION MARK 10000 2039 CONSIDERED_RELEVANT b'1094822'
ACTION SNIPPET 10000 2042 SNIPPET_RELEVANT b'1095035'
ACTION DOC 10000 2062 EXAMINING_DOCUMENT b'1095035'
ACTION MARK 10000 2065 CONSIDERED_RELEVANT b'1095035'
ACTION QUERY 10000 2075 mercy killing incurably
ACTION SERP 10000 2080 EXAMINE_SERP
ACTION SNIPPET 10000 2083 SEEN_PREVIOUSLY b'391873'
ACTION SNIPPET 10000 2086 SEEN_PREVIOUSLY b'391874'
ACTION SNIPPET 10000 2089 SNIPPET_NOT_RELEVANT b'14913'
ACTION SNIPPET 10000 2092 SEEN_PREVIOUSLY b'723837'
ACTION SNIPPET 10000 2095 SNIPPET_RELEVANT b'725271'
ACTION DOC 10000 2115 EXAMINING_DOCUMENT b'725271'
ACTION MARK 10000 2118 CONSIDERED_RELEVANT b'725271'
ACTION SNIPPET 10000 2121 SNIPPET_NOT_RELEVANT b'1087372'
ACTION SNIPPET 10000 2124 SNIPPET_RELEVANT b'690022'
ACTION DOC 10000 2144 EXAMINING_DOCUMENT b'690022'
ACTION SNIPPET 10000 2147 SNIPPET_RELEVANT b'195642'
ACTION DOC 10000 2167 EXAMINING_DOCUMENT b'195642'
ACTION MARK 10000 2170 CONSIDERED_RELEVANT b'195642'
ACTION SNIPPET 10000 2173 SNIPPET_NOT_RELEVANT b'813502'
ACTION SNIPPET 10000 2176 SEEN_PREVIOUSLY b'789093'
ACTION QUERY 10000 2186 mercy killing helped
ACTION SERP 10000 2191 EXAMINE_SERP
ACTION SNIPPET 10000 2194 SEEN_PREVIOUSLY b'789093'
ACTION SNIPPET 10000 2197 SEEN_PREVIOUSLY b'391873'
ACTION SNIPPET 10000 2200 SEEN_PREVIOUSLY b'391874'
ACTION SNIPPET 10000 2203 SNIPPET_NOT_RELEVANT b'582628'
ACTION SNIPPET 10000 2206 SNIPPET_RELEVANT b'1640983'
ACTION DOC 10000 2226 EXAMINING_DOCUMENT b'1640983'
ACTION SNIPPET 10000 2229 SEEN_PREVIOUSLY b'473943'
ACTION SNIPPET 10000 2232 SEEN_PREVIOUSLY b'723837'
ACTION SNIPPET 10000 2235 SNIPPET_NOT_RELEVANT b'14913'
ACTION SNIPPET 10000 2238 SEEN_PREVIOUSLY b'1210771'
ACTION SNIPPET 10000 2241 SNIPPET_RELEVANT b'202512'
ACTION DOC 10000 2261 EXAMINING_DOCUMENT b'202512'
ACTION QUERY 10000 2271 mercy killing worked
ACTION SERP 10000 2276 EXAMINE_SERP
ACTION SNIPPET 10000 2279 SEEN_PREVIOUSLY b'473943'
ACTION SNIPPET 10000 2282 SEEN_PREVIOUSLY b'789093'
ACTION SNIPPET 10000 2285 SEEN_PREVIOUSLY b'391873'
ACTION SNIPPET 10000 2288 SEEN_PREVIOUSLY b'391874'
ACTION SNIPPET 10000 2291 SEEN_PREVIOUSLY b'723837'
ACTION SNIPPET 10000 2294 SNIPPET_NOT_RELEVANT b'1407631'
ACTION SNIPPET 10000 2297 SEEN_PREVIOUSLY b'1210771'
ACTION SNIPPET 10000 2300 SEEN_PREVIOUSLY b'1640983'
ACTION SNIPPET 10000 2303 SNIPPET_RELEVANT b'1689454'
ACTION DOC 10000 2323 EXAMINING_DOCUMENT b'1689454'
ACTION SNIPPET 10000 2326 SEEN_PREVIOUSLY b'144854'
ACTION QUERY 10000 2336 mercy killing state
ACTION SERP 10000 2341 EXAMINE_SERP
ACTION SNIPPET 10000 2344 SEEN_PREVIOUSLY b'789093'
ACTION SNIPPET 10000 2347 SNIPPET_NOT_RELEVANT b'606616'
ACTION SNIPPET 10000 2350 SEEN_PREVIOUSLY b'1210771'
ACTION SNIPPET 10000 2353 SEEN_PREVIOUSLY b'473943'
ACTION SNIPPET 10000 2356 SEEN_PREVIOUSLY b'391873'
ACTION SNIPPET 10000 2359 SEEN_PREVIOUSLY b'391874'
ACTION SNIPPET 10000 2362 SEEN_PREVIOUSLY b'723837'
ACTION SNIPPET 10000 2365 SEEN_PREVIOUSLY b'618917'
ACTION SNIPPET 10000 2368 SEEN_PREVIOUSLY b'1546637'
ACTION SNIPPET 10000 2371 SEEN_PREVIOUSLY b'1689454'
ACTION QUERY 10000 2381 mercy killing charged
ACTION SERP 10000 2386 EXAMINE_SERP
ACTION SNIPPET 10000 2389 SNIPPET_RELEVANT b'1722895'
ACTION DOC 10000 2409 EXAMINING_DOCUMENT b'1722895'
ACTION SNIPPET 10000 2412 SNIPPET_RELEVANT b'1816598'
ACTION DOC 10000 2432 EXAMINING_DOCUMENT b'1816598'
ACTION SNIPPET 10000 2435 SEEN_PREVIOUSLY b'1633442'
ACTION SNIPPET 10000 2438 SEEN_PREVIOUSLY b'431779'
ACTION SNIPPET 10000 2441 SNIPPET_NOT_RELEVANT b'188508'
ACTION SNIPPET 10000 2444 SNIPPET_RELEVANT b'1513937'
ACTION DOC 10000 2464 EXAMINING_DOCUMENT b'1513937'
ACTION SNIPPET 10000 2467 SEEN_PREVIOUSLY b'144854'
ACTION SNIPPET 10000 2470 SNIPPET_RELEVANT b'1816286'
ACTION DOC 10000 2490 EXAMINING_DOCUMENT b'1816286'
ACTION SNIPPET 10000 2493 SNIPPET_RELEVANT b'245126'
ACTION DOC 10000 2513 EXAMINING_DOCUMENT b'245126'
ACTION MARK 10000 2516 CONSIDERED_RELEVANT b'245126'
ACTION SNIPPET 10000 2519 SNIPPET_RELEVANT b'977063'
ACTION DOC 10000 2539 EXAMINING_DOCUMENT b'977063'
ACTION MARK 10000 2542 CONSIDERED_RELEVANT b'977063'
ACTION QUERY 10000 2552 mercy killing euthanized
ACTION SERP 10000 2557 EXAMINE_SERP
ACTION SNIPPET 10000 2560 SNIPPET_RELEVANT b'735580'
ACTION DOC 10000 2580 EXAMINING_DOCUMENT b'735580'
ACTION SNIPPET 10000 2583 SNIPPET_RELEVANT b'1826544'
ACTION DOC 10000 2603 EXAMINING_DOCUMENT b'1826544'
ACTION SNIPPET 10000 2606 SNIPPET_NOT_RELEVANT b'1592470'
ACTION SNIPPET 10000 2609 SNIPPET_RELEVANT b'1538442'
ACTION DOC 10000 2629 EXAMINING_DOCUMENT b'1538442'
ACTION SNIPPET 10000 2632 SNIPPET_NOT_RELEVANT b'1174693'
ACTION SNIPPET 10000 2635 SNIPPET_NOT_RELEVANT b'1118065'
ACTION SNIPPET 10000 2638 SNIPPET_NOT_RELEVANT b'1720742'
ACTION SNIPPET 10000 2641 SNIPPET_NOT_RELEVANT b'1693772'
ACTION SNIPPET 10000 2644 SNIPPET_NOT_RELEVANT b'844474'
ACTION SNIPPET 10000 2647 SNIPPET_NOT_RELEVANT b'1180247'
ACTION QUERY 10000 2657 mercy killing name
ACTION SERP 10000 2662 EXAMINE_SERP
ACTION SNIPPET 10000 2665 SEEN_PREVIOUSLY b'789093'
ACTION SNIPPET 10000 2668 SEEN_PREVIOUSLY b'473943'
ACTION SNIPPET 10000 2671 SEEN_PREVIOUSLY b'431779'
ACTION SNIPPET 10000 2674 SNIPPET_RELEVANT b'188508'
ACTION DOC 10000 2694 EXAMINING_DOCUMENT b'188508'
ACTION SNIPPET 10000 2697 SNIPPET_RELEVANT b'117169'
ACTION DOC 10000 2717 EXAMINING_DOCUMENT b'117169'
ACTION SNIPPET 10000 2720 SNIPPET_NOT_RELEVANT b'713365'
ACTION SNIPPET 10000 2723 SNIPPET_NOT_RELEVANT b'615784'
ACTION SNIPPET 10000 2726 SNIPPET_RELEVANT b'1289200'
ACTION DOC 10000 2746 EXAMINING_DOCUMENT b'1289200'
ACTION SNIPPET 10000 2749 SNIPPET_RELEVANT b'676213'
ACTION DOC 10000 2769 EXAMINING_DOCUMENT b'676213'
ACTION SNIPPET 10000 2772 SEEN_PREVIOUSLY b'391873'
ACTION QUERY 10000 2782 mercy killing stabbed
ACTION SERP 10000 2787 EXAMINE_SERP
ACTION SNIPPET 10000 2790 SNIPPET_RELEVANT b'39878'
ACTION DOC 10000 2810 EXAMINING_DOCUMENT b'39878'
ACTION SNIPPET 10000 2813 SNIPPET_RELEVANT b'1390078'
ACTION DOC 10000 2833 EXAMINING_DOCUMENT b'1390078'
ACTION SNIPPET 10000 2836 SNIPPET_NOT_RELEVANT b'1628005'
ACTION SNIPPET 10000 2839 SNIPPET_RELEVANT b'1197246'
ACTION DOC 10000 2859 EXAMINING_DOCUMENT b'1197246'
ACTION SNIPPET 10000 2862 SNIPPET_RELEVANT b'1515564'
ACTION DOC 10000 2882 EXAMINING_DOCUMENT b'1515564'
ACTION SNIPPET 10000 2885 SNIPPET_RELEVANT b'1020546'
ACTION DOC 10000 2905 EXAMINING_DOCUMENT b'1020546'
ACTION SNIPPET 10000 2908 SNIPPET_NOT_RELEVANT b'91491'
ACTION SNIPPET 10000 2911 SNIPPET_NOT_RELEVANT b'385145'
ACTION SNIPPET 10000 2914 SNIPPET_RELEVANT b'1457914'
ACTION DOC 10000 2934 EXAMINING_DOCUMENT b'1457914'
ACTION SNIPPET 10000 2937 SNIPPET_NOT_RELEVANT b'778056'
ACTION QUERY 10000 2947 mercy killing year
ACTION SERP 10000 2952 EXAMINE_SERP
ACTION SNIPPET 10000 2955 SEEN_PREVIOUSLY b'789093'
ACTION SNIPPET 10000 2958 SEEN_PREVIOUSLY b'391873'
ACTION SNIPPET 10000 2961 SEEN_PREVIOUSLY b'391874'
ACTION SNIPPET 10000 2964 SEEN_PREVIOUSLY b'473943'
ACTION SNIPPET 10000 2967 SEEN_PREVIOUSLY b'723837'
ACTION SNIPPET 10000 2970 SNIPPET_RELEVANT b'606616'
ACTION DOC 10000 2990 EXAMINING_DOCUMENT b'606616'
ACTION SNIPPET 10000 2993 SEEN_PREVIOUSLY b'1210771'
ACTION SNIPPET 10000 2996 SEEN_PREVIOUSLY b'1722895'
ACTION SNIPPET 10000 2999 SEEN_PREVIOUSLY b'1822541'
ACTION SNIPPET 10000 3002 SEEN_PREVIOUSLY b'1689454'
ACTION QUERY 10000 3012 mercy killing latimer
ACTION SERP 10000 3017 EXAMINE_SERP
ACTION SNIPPET 10000 3020 SNIPPET_RELEVANT b'977264'
ACTION DOC 10000 3040 EXAMINING_DOCUMENT b'977264'
ACTION MARK 10000 3043 CONSIDERED_RELEVANT b'977264'
ACTION SNIPPET 10000 3046 SNIPPET_RELEVANT b'726977'
ACTION DOC 10000 3066 EXAMINING_DOCUMENT b'726977'
ACTION MARK 10000 3069 CONSIDERED_RELEVANT b'726977'
ACTION SNIPPET 10000 3072 SEEN_PREVIOUSLY b'618917'
ACTION SNIPPET 10000 3075 SNIPPET_NOT_RELEVANT b'1296427'
ACTION SNIPPET 10000 3078 SNIPPET_NOT_RELEVANT b'312865'
ACTION SNIPPET 10000 3081 SNIPPET_NOT_RELEVANT b'1130695'
ACTION SNIPPET 10000 3084 SNIPPET_RELEVANT b'444319'
ACTION DOC 10000 3104 EXAMINING_DOCUMENT b'444319'
ACTION SNIPPET 10000 3107 SNIPPET_RELEVANT b'168383'
ACTION DOC 10000 3127 EXAMINING_DOCUMENT b'168383'
ACTION SNIPPET 10000 3130 SNIPPET_NOT_RELEVANT b'871818'
ACTION SNIPPET 10000 3133 SNIPPET_NOT_RELEVANT b'871701'
ACTION QUERY 10000 3143 mercy killing merry
ACTION SERP 10000 3148 EXAMINE_SERP
ACTION SNIPPET 10000 3151 SNIPPET_NOT_RELEVANT b'1127441'
ACTION SNIPPET 10000 3154 SNIPPET_NOT_RELEVANT b'824567'
ACTION SNIPPET 10000 3157 SNIPPET_NOT_RELEVANT b'1188584'
ACTION SNIPPET 10000 3160 SNIPPET_NOT_RELEVANT b'321361'
ACTION SNIPPET 10000 3163 SNIPPET_NOT_RELEVANT b'1682908'
ACTION SNIPPET 10000 3166 SEEN_PREVIOUSLY b'789093'
ACTION SNIPPET 10000 3169 SNIPPET_NOT_RELEVANT b'610957'
ACTION SNIPPET 10000 3172 SNIPPET_RELEVANT b'423330'
ACTION DOC 10000 3192 EXAMINING_DOCUMENT b'423330'
ACTION SNIPPET 10000 3195 SNIPPET_NOT_RELEVANT b'1473850'
ACTION SNIPPET 10000 3198 SNIPPET_NOT_RELEVANT b'71514'
ACTION QUERY 10000 3208 mercy killing attempt
ACTION SERP 10000 3213 EXAMINE_SERP
ACTION SNIPPET 10000 3216 SEEN_PREVIOUSLY b'144854'
ACTION SNIPPET 10000 3219 SEEN_PREVIOUSLY b'789093'
ACTION SNIPPET 10000 3222 SEEN_PREVIOUSLY b'1633442'
ACTION SNIPPET 10000 3225 SEEN_PREVIOUSLY b'1289200'
ACTION SNIPPET 10000 3228 SEEN_PREVIOUSLY b'188508'
ACTION SNIPPET 10000 3231 SNIPPET_NOT_RELEVANT b'1375481'
ACTION SNIPPET 10000 3234 SNIPPET_RELEVANT b'125595'
ACTION DOC 10000 3254 EXAMINING_DOCUMENT b'125595'
ACTION SNIPPET 10000 3257 SEEN_PREVIOUSLY b'473943'
ACTION SNIPPET 10000 3260 SNIPPET_NOT_RELEVANT b'868434'
ACTION SNIPPET 10000 3263 SNIPPET_RELEVANT b'1570364'
ACTION DOC 10000 3283 EXAMINING_DOCUMENT b'1570364'
ACTION QUERY 10000 3293 mercy killing wrote
ACTION SERP 10000 3298 EXAMINE_SERP
ACTION SNIPPET 10000 3301 SEEN_PREVIOUSLY b'789093'
ACTION SNIPPET 10000 3304 SEEN_PREVIOUSLY b'117169'
ACTION SNIPPET 10000 3307 SNIPPET_NOT_RELEVANT b'307171'
ACTION SNIPPET 10000 3310 SNIPPET_RELEVANT b'14913'
ACTION DOC 10000 3330 EXAMINING_DOCUMENT b'14913'
ACTION SNIPPET 10000 3333 SNIPPET_NOT_RELEVANT b'1041187'
ACTION SNIPPET 10000 3336 SNIPPET_NOT_RELEVANT b'44034'
ACTION SNIPPET 10000 3339 SNIPPET_NOT_RELEVANT b'1721729'
ACTION SNIPPET 10000 3342 SNIPPET_NOT_RELEVANT b'1774323'
ACTION SNIPPET 10000 3345 SNIPPET_NOT_RELEVANT b'276981'
ACTION SNIPPET 10000 3348 SNIPPET_NOT_RELEVANT b'733076'
ACTION QUERY 10000 3358 mercy killing present
ACTION SERP 10000 3363 EXAMINE_SERP
ACTION SNIPPET 10000 3366 SEEN_PREVIOUSLY b'391873'
ACTION SNIPPET 10000 3369 SEEN_PREVIOUSLY b'391874'
ACTION SNIPPET 10000 3372 SNIPPET_NOT_RELEVANT b'260023'
ACTION SNIPPET 10000 3375 SNIPPET_RELEVANT b'1633140'
ACTION DOC 10000 3395 EXAMINING_DOCUMENT b'1633140'
ACTION SNIPPET 10000 3398 SNIPPET_RELEVANT b'740357'
ACTION DOC 10000 3418 EXAMINING_DOCUMENT b'740357'
ACTION SNIPPET 10000 3421 SNIPPET_NOT_RELEVANT b'1733677'
ACTION SNIPPET 10000 3424 SEEN_PREVIOUSLY b'789093'
ACTION SNIPPET 10000 3427 SEEN_PREVIOUSLY b'473943'
ACTION SNIPPET 10000 3430 SEEN_PREVIOUSLY b'723837'
ACTION SNIPPET 10000 3433 SEEN_PREVIOUSLY b'1210771'
ACTION QUERY 10000 3443 mercy killing debate
ACTION SERP 10000 3448 EXAMINE_SERP
ACTION SNIPPET 10000 3451 SEEN_PREVIOUSLY b'789093'
ACTION SNIPPET 10000 3454 SEEN_PREVIOUSLY b'1822541'
ACTION SNIPPET 10000 3457 SEEN_PREVIOUSLY b'618917'
ACTION SNIPPET 10000 3460 SEEN_PREVIOUSLY b'473943'
ACTION SNIPPET 10000 3463 SNIPPET_NOT_RELEVANT b'229771'
ACTION SNIPPET 10000 3466 SEEN_PREVIOUSLY b'740357'
ACTION SNIPPET 10000 3469 SNIPPET_NOT_RELEVANT b'1267822'
ACTION SNIPPET 10000 3472 SNIPPET_RELEVANT b'266192'
ACTION DOC 10000 3492 EXAMINING_DOCUMENT b'266192'
ACTION SNIPPET 10000 3495 SNIPPET_RELEVANT b'788041'
ACTION DOC 10000 3515 EXAMINING_DOCUMENT b'788041'
ACTION MARK 10000 3518 CONSIDERED_RELEVANT b'788041'
ACTION SNIPPET 10000 3521 SNIPPET_NOT_RELEVANT b'1383926'
ACTION QUERY 10000 3531 mercy killing opposed
ACTION SERP 10000 3536 EXAMINE_SERP
ACTION SNIPPET 10000 3539 SEEN_PREVIOUSLY b'789093'
ACTION SNIPPET 10000 3542 SNIPPET_NOT_RELEVANT b'1293001'
ACTION SNIPPET 10000 3545 SNIPPET_RELEVANT b'91491'
ACTION DOC 10000 3565 EXAMINING_DOCUMENT b'91491'
ACTION SNIPPET 10000 3568 SEEN_PREVIOUSLY b'695579'
ACTION SNIPPET 10000 3571 SEEN_PREVIOUSLY b'1399268'
ACTION SNIPPET 10000 3574 SNIPPET_NOT_RELEVANT b'733076'
ACTION SNIPPET 10000 3577 SNIPPET_NOT_RELEVANT b'828050'
ACTION SNIPPET 10000 3580 SNIPPET_NOT_RELEVANT b'1150868'
ACTION SNIPPET 10000 3583 SNIPPET_NOT_RELEVANT b'1286058'
ACTION SNIPPET 10000 3586 SNIPPET_NOT_RELEVANT b'426049'
ACTION QUERY 10000 3596 mercy killing shots
ACTION SERP 10000 3601 EXAMINE_SERP
ACTION SNIPPET 10000 3604 SEEN_PREVIOUSLY b'188508'
ACTION SNIPPET 10000 3607 SNIPPET_NOT_RELEVANT b'1393670'
ACTION SNIPPET 10000 3610 SNIPPET_NOT_RELEVANT b'53002'
ACTION SNIPPET 10000 3613 SNIPPET_NOT_RELEVANT b'53116'
ACTION SNIPPET 10000 3616 SNIPPET_NOT_RELEVANT b'615784'
ACTION SNIPPET 10000 3619 SNIPPET_NOT_RELEVANT b'1324112'
ACTION SNIPPET 10000 3622 SNIPPET_NOT_RELEVANT b'374495'
ACTION SNIPPET 10000 3625 SEEN_PREVIOUSLY b'144854'
ACTION SNIPPET 10000 3628 SNIPPET_NOT_RELEVANT b'1174959'
ACTION SNIPPET 10000 3631 SNIPPET_NOT_RELEVANT b'227357'
ACTION QUERY 10000 3641 mercy killing life
ACTION SERP 10000 3646 EXAMINE_SERP
ACTION SNIPPET 10000 3649 SEEN_PREVIOUSLY b'723837'
ACTION SNIPPET 10000 3652 SEEN_PREVIOUSLY b'1689454'
ACTION SNIPPET 10000 3655 SEEN_PREVIOUSLY b'1822541'
ACTION SNIPPET 10000 3658 SEEN_PREVIOUSLY b'144396'
ACTION SNIPPET 10000 3661 SEEN_PREVIOUSLY b'606616'
ACTION SNIPPET 10000 3664 SEEN_PREVIOUSLY b'431779'
ACTION SNIPPET 10000 3667 SEEN_PREVIOUSLY b'473943'
ACTION SNIPPET 10000 3670 SEEN_PREVIOUSLY b'789093'
ACTION SNIPPET 10000 3673 SNIPPET_NOT_RELEVANT b'851315'
ACTION SNIPPET 10000 3676 SEEN_PREVIOUSLY b'1546637'
ACTION QUERY 10000 3686 mercy killing conscious
ACTION SERP 10000 3691 EXAMINE_SERP
ACTION SNIPPET 10000 3694 SNIPPET_NOT_RELEVANT b'102457'
ACTION SNIPPET 10000 3697 SNIPPET_RELEVANT b'276981'
ACTION DOC 10000 3717 EXAMINING_DOCUMENT b'276981'
ACTION SNIPPET 10000 3720 SNIPPET_NOT_RELEVANT b'1151957'
ACTION SNIPPET 10000 3723 SNIPPET_RELEVANT b'1635092'
ACTION DOC 10000 3743 EXAMINING_DOCUMENT b'1635092'
ACTION SNIPPET 10000 3746 SNIPPET_NOT_RELEVANT b'596673'
ACTION SNIPPET 10000 3749 SNIPPET_RELEVANT b'1623828'
ACTION DOC 10000 3769 EXAMINING_DOCUMENT b'1623828'
ACTION SNIPPET 10000 3772 SEEN_PREVIOUSLY b'789093'
ACTION SNIPPET 10000 3775 SEEN_PREVIOUSLY b'473943'
ACTION SNIPPET 10000 3778 SEEN_PREVIOUSLY b'391873'
ACTION SNIPPET 10000 3781 SEEN_PREVIOUSLY b'391874'
ACTION QUERY 10000 3791 mercy killing called
ACTION SERP 10000 3796 EXAMINE_SERP
ACTION SNIPPET 10000 3799 SEEN_PREVIOUSLY b'1822541'
ACTION SNIPPET 10000 3802 SEEN_PREVIOUSLY b'1722895'
ACTION SNIPPET 10000 3805 SEEN_PREVIOUSLY b'473943'
ACTION SNIPPET 10000 3808 SEEN_PREVIOUSLY b'789093'
ACTION SNIPPET 10000 3811 SNIPPET_NOT_RELEVANT b'851315'
ACTION SNIPPET 10000 3814 SEEN_PREVIOUSLY b'1633442'
ACTION SNIPPET 10000 3817 SEEN_PREVIOUSLY b'618917'
ACTION SNIPPET 10000 3820 SEEN_PREVIOUSLY b'144396'
ACTION SNIPPET 10000 3823 SEEN_PREVIOUSLY b'391873'
ACTION SNIPPET 10000 3826 SEEN_PREVIOUSLY b'391874'
ACTION QUERY 10000 3836 mercy killing 1993
ACTION SERP 10000 3841 EXAMINE_SERP
ACTION SNIPPET 10000 3844 SNIPPET_NOT_RELEVANT b'868434'
ACTION SNIPPET 10000 3847 SEEN_PREVIOUSLY b'606698'
ACTION SNIPPET 10000 3850 SNIPPET_RELEVANT b'637959'
ACTION DOC 10000 3870 EXAMINING_DOCUMENT b'637959'
ACTION SNIPPET 10000 3873 SNIPPET_RELEVANT b'1293001'
ACTION DOC 10000 3893 EXAMINING_DOCUMENT b'1293001'
ACTION SNIPPET 10000 3896 SNIPPET_NOT_RELEVANT b'596672'
ACTION SNIPPET 10000 3899 SNIPPET_NOT_RELEVANT b'659821'
ACTION SNIPPET 10000 3902 SNIPPET_NOT_RELEVANT b'1789261'
ACTION SNIPPET 10000 3905 SEEN_PREVIOUSLY b'789093'
ACTION SNIPPET 10000 3908 SNIPPET_NOT_RELEVANT b'637960'
ACTION SNIPPET 10000 3911 SNIPPET_NOT_RELEVANT b'596671'
ACTION QUERY 10000 3921 mercy killing move
ACTION SERP 10000 3926 EXAMINE_SERP
ACTION SNIPPET 10000 3929 SEEN_PREVIOUSLY b'473943'
ACTION SNIPPET 10000 3932 SEEN_PREVIOUSLY b'789093'
ACTION SNIPPET 10000 3935 SEEN_PREVIOUSLY b'391873'
ACTION SNIPPET 10000 3938 SEEN_PREVIOUSLY b'391874'
ACTION SNIPPET 10000 3941 SEEN_PREVIOUSLY b'723837'
ACTION SNIPPET 10000 3944 SEEN_PREVIOUSLY b'1640983'
ACTION SNIPPET 10000 3947 SEEN_PREVIOUSLY b'695579'
ACTION SNIPPET 10000 3950 SEEN_PREVIOUSLY b'1210771'
ACTION SNIPPET 10000 3953 SNIPPET_NOT_RELEVANT b'1091079'
ACTION SNIPPET 10000 3956 SEEN_PREVIOUSLY b'1689454'
ACTION QUERY 10000 3966 mercy killing sc
ACTION SERP 10000 3971 EXAMINE_SERP
ACTION SNIPPET 10000 3974 SNIPPET_NOT_RELEVANT b'1827067'
ACTION SNIPPET 10000 3977 SNIPPET_NOT_RELEVANT b'1117686'
ACTION SNIPPET 10000 3980 SNIPPET_NOT_RELEVANT b'329120'
ACTION SNIPPET 10000 3983 SNIPPET_NOT_RELEVANT b'1399339'
ACTION SNIPPET 10000 3986 SNIPPET_RELEVANT b'1803952'
ACTION DOC 10000 4006 EXAMINING_DOCUMENT b'1803952'
ACTION SNIPPET 10000 4009 SNIPPET_NOT_RELEVANT b'1089015'
ACTION SNIPPET 10000 4012 SNIPPET_NOT_RELEVANT b'1050294'
ACTION SNIPPET 10000 4015 SNIPPET_RELEVANT b'1077182'
ACTION DOC 10000 4035 EXAMINING_DOCUMENT b'1077182'
ACTION SNIPPET 10000 4038 SNIPPET_RELEVANT b'1035556'
ACTION DOC 10000 4058 EXAMINING_DOCUMENT b'1035556'
ACTION SNIPPET 10000 4061 SNIPPET_NOT_RELEVANT b'1577442'
ACTION QUERY 10000 4071 mercy killing serve
ACTION SERP 10000 4076 EXAMINE_SERP
ACTION SNIPPET 10000 4079 SEEN_PREVIOUSLY b'144396'
ACTION SNIPPET 10000 4082 SEEN_PREVIOUSLY b'606616'
ACTION SNIPPET 10000 4085 SNIPPET_NOT_RELEVANT b'851315'
ACTION SNIPPET 10000 4088 SNIPPET_RELEVANT b'615784'
ACTION DOC 10000 4108 EXAMINING_DOCUMENT b'615784'
ACTION SNIPPET 10000 4111 SNIPPET_NOT_RELEVANT b'114273'
ACTION SNIPPET 10000 4114 SEEN_PREVIOUSLY b'1289200'
ACTION SNIPPET 10000 4117 SEEN_PREVIOUSLY b'1640983'
ACTION SNIPPET 10000 4120 SNIPPET_RELEVANT b'1275388'
ACTION DOC 10000 4140 EXAMINING_DOCUMENT b'1275388'
ACTION SNIPPET 10000 4143 SEEN_PREVIOUSLY b'117169'
ACTION SNIPPET 10000 4146 SNIPPET_NOT_RELEVANT b'1375481'
ACTION QUERY 10000 4156 mercy killing wards
ACTION SERP 10000 4161 EXAMINE_SERP
ACTION SNIPPET 10000 4164 SEEN_PREVIOUSLY b'435707'
ACTION SNIPPET 10000 4167 SNIPPET_RELEVANT b'369666'
ACTION DOC 10000 4187 EXAMINING_DOCUMENT b'369666'
ACTION MARK 10000 4190 CONSIDERED_RELEVANT b'369666'
ACTION SNIPPET 10000 4193 SNIPPET_NOT_RELEVANT b'1108825'
ACTION SNIPPET 10000 4196 SNIPPET_NOT_RELEVANT b'241308'
ACTION SNIPPET 10000 4199 SNIPPET_NOT_RELEVANT b'1220517'
ACTION SNIPPET 10000 4202 SNIPPET_NOT_RELEVANT b'140911'
ACTION SNIPPET 10000 4205 SNIPPET_NOT_RELEVANT b'456148'
ACTION SNIPPET 10000 4208 SNIPPET_RELEVANT b'182693'
ACTION DOC 10000 4228 EXAMINING_DOCUMENT b'182693'
ACTION SNIPPET 10000 4231 SNIPPET_RELEVANT b'555357'
ACTION DOC 10000 4251 EXAMINING_DOCUMENT b'555357'
ACTION MARK 10000 4254 CONSIDERED_RELEVANT b'555357'
ACTION SNIPPET 10000 4257 SNIPPET_RELEVANT b'730451'
ACTION DOC 10000 4277 EXAMINING_DOCUMENT b'730451'
ACTION QUERY 10000 4287 mercy killing jury
ACTION SERP 10000 4292 EXAMINE_SERP
ACTION SNIPPET 10000 4295 SEEN_PREVIOUSLY b'431779'
ACTION SNIPPET 10000 4298 SEEN_PREVIOUSLY b'606616'
ACTION SNIPPET 10000 4301 SEEN_PREVIOUSLY b'1546637'
ACTION SNIPPET 10000 4304 SEEN_PREVIOUSLY b'1822541'
ACTION SNIPPET 10000 4307 SNIPPET_NOT_RELEVANT b'1091079'
ACTION SNIPPET 10000 4310 SEEN_PREVIOUSLY b'144854'
ACTION SNIPPET 10000 4313 SEEN_PREVIOUSLY b'740357'
ACTION SNIPPET 10000 4316 SNIPPET_NOT_RELEVANT b'868434'
ACTION SNIPPET 10000 4319 SNIPPET_RELEVANT b'612739'
ACTION DOC 10000 4339 EXAMINING_DOCUMENT b'612739'
ACTION SNIPPET 10000 4342 SNIPPET_RELEVANT b'845120'
ACTION DOC 10000 4362 EXAMINING_DOCUMENT b'845120'
ACTION QUERY 10000 4372 mercy killing injecting
ACTION SERP 10000 4377 EXAMINE_SERP
ACTION SNIPPET 10000 4380 SEEN_PREVIOUSLY b'117169'
ACTION SNIPPET 10000 4383 SEEN_PREVIOUSLY b'1822541'
ACTION SNIPPET 10000 4386 SEEN_PREVIOUSLY b'1633442'
ACTION SNIPPET 10000 4389 SNIPPET_NOT_RELEVANT b'596672'
ACTION SNIPPET 10000 4392 SEEN_PREVIOUSLY b'612739'
ACTION SNIPPET 10000 4395 SNIPPET_RELEVANT b'1375481'
ACTION DOC 10000 4415 EXAMINING_DOCUMENT b'1375481'
ACTION SNIPPET 10000 4418 SNIPPET_RELEVANT b'1091079'
ACTION DOC 10000 4438 EXAMINING_DOCUMENT b'1091079'
ACTION SNIPPET 10000 4441 SNIPPET_RELEVANT b'1094624'
ACTION DOC 10000 4461 EXAMINING_DOCUMENT b'1094624'
ACTION MARK 10000 4464 CONSIDERED_RELEVANT b'1094624'
ACTION SNIPPET 10000 4467 SNIPPET_RELEVANT b'214911'
ACTION DOC 10000 4487 EXAMINING_DOCUMENT b'214911'
ACTION SNIPPET 10000 4490 SNIPPET_RELEVANT b'1033784'
ACTION DOC 10000 4510 EXAMINING_DOCUMENT b'1033784'
ACTION QUERY 10000 4520 mercy killing michigan
ACTION SERP 10000 4525 EXAMINE_SERP
ACTION SNIPPET 10000 4528 SNIPPET_RELEVANT b'78861'
ACTION DOC 10000 4548 EXAMINING_DOCUMENT b'78861'
ACTION SNIPPET 10000 4551 SNIPPET_NOT_RELEVANT b'143091'
ACTION SNIPPET 10000 4554 SNIPPET_NOT_RELEVANT b'102297'
ACTION SNIPPET 10000 4557 SNIPPET_RELEVANT b'813502'
ACTION DOC 10000 4577 EXAMINING_DOCUMENT b'813502'
ACTION MARK 10000 4580 CONSIDERED_RELEVANT b'813502'
ACTION SNIPPET 10000 4583 SNIPPET_RELEVANT b'742543'
ACTION DOC 10000 4603 EXAMINING_DOCUMENT b'742543'
ACTION SNIPPET 10000 4606 SNIPPET_NOT_RELEVANT b'342872'
ACTION SNIPPET 10000 4609 SNIPPET_RELEVANT b'104198'
ACTION DOC 10000 4629 EXAMINING_DOCUMENT b'104198'
ACTION SNIPPET 10000 4632 SNIPPET_RELEVANT b'364206'
ACTION DOC 10000 4652 EXAMINING_DOCUMENT b'364206'
ACTION SNIPPET 10000 4655 SNIPPET_NOT_RELEVANT b'102457'
ACTION SNIPPET 10000 4658 SNIPPET_RELEVANT b'1100378'
ACTION DOC 10000 4678 EXAMINING_DOCUMENT b'1100378'
ACTION MARK 10000 4681 CONSIDERED_RELEVANT b'1100378'
ACTION QUERY 10000 4691 mercy killing long
ACTION SERP 10000 4696 EXAMINE_SERP
ACTION SNIPPET 10000 4699 SEEN_PREVIOUSLY b'723837'
ACTION SNIPPET 10000 4702 SEEN_PREVIOUSLY b'473943'
ACTION SNIPPET 10000 4705 SEEN_PREVIOUSLY b'188508'
ACTION SNIPPET 10000 4708 SEEN_PREVIOUSLY b'789093'
ACTION SNIPPET 10000 4711 SEEN_PREVIOUSLY b'144396'
ACTION SNIPPET 10000 4714 SNIPPET_NOT_RELEVANT b'1240774'
ACTION SNIPPET 10000 4717 SNIPPET_NOT_RELEVANT b'99157'
ACTION SNIPPET 10000 4720 SEEN_PREVIOUSLY b'391873'
ACTION SNIPPET 10000 4723 SEEN_PREVIOUSLY b'391874'
ACTION SNIPPET 10000 4726 SEEN_PREVIOUSLY b'1210771'
ACTION QUERY 10000 4736 mercy killing states
ACTION SERP 10000 4741 EXAMINE_SERP
ACTION SNIPPET 10000 4744 SEEN_PREVIOUSLY b'789093'
ACTION SNIPPET 10000 4747 SEEN_PREVIOUSLY b'606616'
ACTION SNIPPET 10000 4750 SEEN_PREVIOUSLY b'1210771'
ACTION SNIPPET 10000 4753 SEEN_PREVIOUSLY b'473943'
ACTION SNIPPET 10000 4756 SEEN_PREVIOUSLY b'391873'
ACTION SNIPPET 10000 4759 SEEN_PREVIOUSLY b'391874'
ACTION SNIPPET 10000 4762 SEEN_PREVIOUSLY b'723837'
ACTION SNIPPET 10000 4765 SEEN_PREVIOUSLY b'618917'
ACTION SNIPPET 10000 4768 SEEN_PREVIOUSLY b'1546637'
ACTION SNIPPET 10000 4771 SEEN_PREVIOUSLY b'1689454'
ACTION QUERY 10000 4781 mercy killing critically
ACTION SERP 10000 4786 EXAMINE_SERP
ACTION SNIPPET 10000 4789 SEEN_PREVIOUSLY b'723837'
ACTION SNIPPET 10000 4792 SEEN_PREVIOUSLY b'789093'
ACTION SNIPPET 10000 4795 SNIPPET_RELEVANT b'1174959'
ACTION DOC 10000 4815 EXAMINING_DOCUMENT b'1174959'
ACTION SNIPPET 10000 4818 SNIPPET_RELEVANT b'260023'
ACTION DOC 10000 4838 EXAMINING_DOCUMENT b'260023'
ACTION SNIPPET 10000 4841 SNIPPET_NOT_RELEVANT b'99157'
ACTION SNIPPET 10000 4844 SNIPPET_RELEVANT b'799085'
ACTION DOC 10000 4864 EXAMINING_DOCUMENT b'799085'
ACTION SNIPPET 10000 4867 SNIPPET_NOT_RELEVANT b'73745'
ACTION SNIPPET 10000 4870 SEEN_PREVIOUSLY b'128834'
ACTION SNIPPET 10000 4873 SEEN_PREVIOUSLY b'659649'
ACTION SNIPPET 10000 4876 SEEN_PREVIOUSLY b'1375481'
ACTION QUERY 10000 4886 mercy killing medicine
ACTION SERP 10000 4891 EXAMINE_SERP
ACTION SNIPPET 10000 4894 SEEN_PREVIOUSLY b'1210771'
ACTION SNIPPET 10000 4897 SNIPPET_RELEVANT b'944889'
ACTION DOC 10000 4917 EXAMINING_DOCUMENT b'944889'
ACTION SNIPPET 10000 4920 SNIPPET_RELEVANT b'882850'
ACTION DOC 10000 4940 EXAMINING_DOCUMENT b'882850'
ACTION SNIPPET 10000 4943 SEEN_PREVIOUSLY b'128834'
ACTION SNIPPET 10000 4946 SEEN_PREVIOUSLY b'14913'
ACTION SNIPPET 10000 4949 SNIPPET_NOT_RELEVANT b'1812905'
ACTION SNIPPET 10000 4952 SNIPPET_RELEVANT b'610900'
ACTION DOC 10000 4972 EXAMINING_DOCUMENT b'610900'
ACTION SNIPPET 10000 4975 SNIPPET_NOT_RELEVANT b'1813095'
ACTION SNIPPET 10000 4978 SNIPPET_RELEVANT b'376957'
ACTION DOC 10000 4998 EXAMINING_DOCUMENT b'376957'
ACTION SNIPPET 10000 5001 SNIPPET_NOT_RELEVANT b'1286860'
ACTION QUERY 10000 5011 mercy killing day
ACTION SERP 10000 5016 EXAMINE_SERP
ACTION SNIPPET 10000 5019 SEEN_PREVIOUSLY b'789093'
ACTION SNIPPET 10000 5022 SEEN_PREVIOUSLY b'606616'
ACTION SNIPPET 10000 5025 SEEN_PREVIOUSLY b'618917'
ACTION SNIPPET 10000 5028 SNIPPET_NOT_RELEVANT b'851315'
ACTION SNIPPET 10000 5031 SEEN_PREVIOUSLY b'431779'
ACTION SNIPPET 10000 5034 SEEN_PREVIOUSLY b'473943'
ACTION SNIPPET 10000 5037 SEEN_PREVIOUSLY b'391873'
ACTION SNIPPET 10000 5040 SEEN_PREVIOUSLY b'391874'
ACTION SNIPPET 10000 5043 SEEN_PREVIOUSLY b'723837'
ACTION SNIPPET 10000 5046 SEEN_PREVIOUSLY b'1210771'
ACTION QUERY 10000 5056 mercy killing dna
ACTION SERP 10000 5061 EXAMINE_SERP
ACTION SNIPPET 10000 5064 SNIPPET_NOT_RELEVANT b'1813591'
ACTION SNIPPET 10000 5067 SNIPPET_NOT_RELEVANT b'1823680'
ACTION SNIPPET 10000 5070 SNIPPET_NOT_RELEVANT b'1557555'
ACTION SNIPPET 10000 5073 SNIPPET_RELEVANT b'732357'
ACTION DOC 10000 5093 EXAMINING_DOCUMENT b'732357'
ACTION SNIPPET 10000 5096 SNIPPET_NOT_RELEVANT b'1577356'
ACTION SNIPPET 10000 5099 SNIPPET_RELEVANT b'1617764'
ACTION DOC 10000 5119 EXAMINING_DOCUMENT b'1617764'
ACTION SNIPPET 10000 5122 SNIPPET_NOT_RELEVANT b'821445'
ACTION SNIPPET 10000 5125 SNIPPET_NOT_RELEVANT b'821581'
ACTION SNIPPET 10000 5128 SNIPPET_RELEVANT b'1019872'
ACTION DOC 10000 5148 EXAMINING_DOCUMENT b'1019872'
ACTION SNIPPET 10000 5151 SNIPPET_RELEVANT b'1840268'
ACTION DOC 10000 5171 EXAMINING_DOCUMENT b'1840268'
ACTION QUERY 10000 5181 mercy killing elbert
ACTION SERP 10000 5186 EXAMINE_SERP
ACTION SNIPPET 10000 5189 SNIPPET_RELEVANT b'596139'
ACTION DOC 10000 5209 EXAMINING_DOCUMENT b'596139'
ACTION SNIPPET 10000 5212 SNIPPET_NOT_RELEVANT b'772756'
ACTION SNIPPET 10000 5215 SNIPPET_RELEVANT b'293028'
ACTION DOC 10000 5235 EXAMINING_DOCUMENT b'293028'
ACTION SNIPPET 10000 5238 SNIPPET_NOT_RELEVANT b'525723'
ACTION SNIPPET 10000 5241 SNIPPET_RELEVANT b'1200249'
ACTION DOC 10000 5261 EXAMINING_DOCUMENT b'1200249'
ACTION SNIPPET 10000 5264 SNIPPET_NOT_RELEVANT b'969377'
ACTION SNIPPET 10000 5267 SNIPPET_NOT_RELEVANT b'1173686'
ACTION SNIPPET 10000 5270 SNIPPET_NOT_RELEVANT b'1364948'
ACTION SNIPPET 10000 5273 SNIPPET_NOT_RELEVANT b'391144'
ACTION SNIPPET 10000 5276 SNIPPET_NOT_RELEVANT b'391143'
ACTION QUERY 10000 5286 mercy killing dying
ACTION SERP 10000 5291 EXAMINE_SERP
ACTION SNIPPET 10000 5294 SEEN_PREVIOUSLY b'723837'
ACTION SNIPPET 10000 5297 SEEN_PREVIOUSLY b'789093'
ACTION SNIPPET 10000 5300 SEEN_PREVIOUSLY b'695579'
ACTION SNIPPET 10000 5303 SEEN_PREVIOUSLY b'128834'
ACTION SNIPPET 10000 5306 SEEN_PREVIOUSLY b'1570364'
ACTION SNIPPET 10000 5309 SNIPPET_NOT_RELEVANT b'693314'
ACTION SNIPPET 10000 5312 SNIPPET_NOT_RELEVANT b'1740471'
ACTION SNIPPET 10000 5315 SNIPPET_NOT_RELEVANT b'1060085'
ACTION SNIPPET 10000 5318 SNIPPET_NOT_RELEVANT b'480129'
ACTION SNIPPET 10000 5321 SNIPPET_RELEVANT b'1570155'
ACTION DOC 10000 5341 EXAMINING_DOCUMENT b'1570155'
ACTION QUERY 10000 5351 mercy killing found
ACTION SERP 10000 5356 EXAMINE_SERP
ACTION SNIPPET 10000 5359 SEEN_PREVIOUSLY b'618917'
ACTION SNIPPET 10000 5362 SEEN_PREVIOUSLY b'473943'
ACTION SNIPPET 10000 5365 SEEN_PREVIOUSLY b'144854'
ACTION SNIPPET 10000 5368 SNIPPET_RELEVANT b'53116'
ACTION DOC 10000 5388 EXAMINING_DOCUMENT b'53116'
ACTION SNIPPET 10000 5391 SNIPPET_NOT_RELEVANT b'53002'
ACTION SNIPPET 10000 5394 SNIPPET_NOT_RELEVANT b'1441849'
ACTION SNIPPET 10000 5397 SEEN_PREVIOUSLY b'1822541'
ACTION SNIPPET 10000 5400 SNIPPET_NOT_RELEVANT b'1550712'
ACTION SNIPPET 10000 5403 SNIPPET_NOT_RELEVANT b'1393670'
ACTION SNIPPET 10000 5406 SNIPPET_RELEVANT b'1240774'
ACTION DOC 10000 5426 EXAMINING_DOCUMENT b'1240774'
ACTION QUERY 10000 5436 mercy killing euthanization
ACTION SERP 10000 5441 EXAMINE_SERP
ACTION SNIPPET 10000 5444 SEEN_PREVIOUSLY b'735580'
ACTION SNIPPET 10000 5447 SEEN_PREVIOUSLY b'1826544'
ACTION SNIPPET 10000 5450 SNIPPET_RELEVANT b'1592470'
ACTION DOC 10000 5470 EXAMINING_DOCUMENT b'1592470'
ACTION SNIPPET 10000 5473 SEEN_PREVIOUSLY b'1538442'
ACTION SNIPPET 10000 5476 SNIPPET_RELEVANT b'1174693'
ACTION DOC 10000 5496 EXAMINING_DOCUMENT b'1174693'
ACTION SNIPPET 10000 5499 SNIPPET_RELEVANT b'1118065'
ACTION DOC 10000 5519 EXAMINING_DOCUMENT b'1118065'
ACTION SNIPPET 10000 5522 SNIPPET_NOT_RELEVANT b'1720742'
ACTION SNIPPET 10000 5525 SNIPPET_NOT_RELEVANT b'1693772'
ACTION SNIPPET 10000 5528 SNIPPET_NOT_RELEVANT b'844474'
ACTION SNIPPET 10000 5531 SNIPPET_RELEVANT b'1180247'
ACTION DOC 10000 5551 EXAMINING_DOCUMENT b'1180247'
ACTION QUERY 10000 5561 mercy killing practiced
ACTION SERP 10000 5566 EXAMINE_SERP
ACTION SNIPPET 10000 5569 SEEN_PREVIOUSLY b'1210771'
ACTION SNIPPET 10000 5572 SEEN_PREVIOUSLY b'723837'
ACTION SNIPPET 10000 5575 SEEN_PREVIOUSLY b'695579'
ACTION SNIPPET 10000 5578 SEEN_PREVIOUSLY b'473943'
ACTION SNIPPET 10000 5581 SEEN_PREVIOUSLY b'606698'
ACTION SNIPPET 10000 5584 SNIPPET_NOT_RELEVANT b'1267822'
ACTION SNIPPET 10000 5587 SNIPPET_RELEVANT b'221431'
ACTION DOC 10000 5607 EXAMINING_DOCUMENT b'221431'
ACTION SNIPPET 10000 5610 SNIPPET_RELEVANT b'1060085'
ACTION DOC 10000 5630 EXAMINING_DOCUMENT b'1060085'
ACTION SNIPPET 10000 5633 SEEN_PREVIOUSLY b'882850'
ACTION SNIPPET 10000 5636 SEEN_PREVIOUSLY b'789093'
ACTION QUERY 10000 5646 mercy killing prevail
ACTION SERP 10000 5651 EXAMINE_SERP
ACTION SNIPPET 10000 5654 SNIPPET_RELEVANT b'1045855'
ACTION DOC 10000 5674 EXAMINING_DOCUMENT b'1045855'
ACTION SNIPPET 10000 5677 SNIPPET_RELEVANT b'1380295'
ACTION DOC 10000 5697 EXAMINING_DOCUMENT b'1380295'
ACTION SNIPPET 10000 5700 SNIPPET_RELEVANT b'1516875'
ACTION DOC 10000 5720 EXAMINING_DOCUMENT b'1516875'
ACTION SNIPPET 10000 5723 SNIPPET_NOT_RELEVANT b'469191'
ACTION SNIPPET 10000 5726 SEEN_PREVIOUSLY b'789093'
ACTION SNIPPET 10000 5729 SNIPPET_NOT_RELEVANT b'1510122'
ACTION SNIPPET 10000 5732 SEEN_PREVIOUSLY b'473943'
ACTION SNIPPET 10000 5735 SEEN_PREVIOUSLY b'391873'
ACTION SNIPPET 10000 5738 SEEN_PREVIOUSLY b'391874'
ACTION SNIPPET 10000 5741 SEEN_PREVIOUSLY b'723837'
ACTION QUERY 10000 5751 mercy killing countries
ACTION SERP 10000 5756 EXAMINE_SERP
ACTION SNIPPET 10000 5759 SEEN_PREVIOUSLY b'391873'
ACTION SNIPPET 10000 5762 SEEN_PREVIOUSLY b'391874'
ACTION SNIPPET 10000 5765 SNIPPET_RELEVANT b'1689450'
ACTION DOC 10000 5785 EXAMINING_DOCUMENT b'1689450'
ACTION SNIPPET 10000 5788 SEEN_PREVIOUSLY b'260023'
ACTION SNIPPET 10000 5791 SEEN_PREVIOUSLY b'91491'
ACTION SNIPPET 10000 5794 SEEN_PREVIOUSLY b'1399268'
ACTION SNIPPET 10000 5797 SEEN_PREVIOUSLY b'789093'
ACTION SNIPPET 10000 5800 SNIPPET_NOT_RELEVANT b'1405959'
ACTION SNIPPET 10000 5803 SEEN_PREVIOUSLY b'473943'
ACTION SNIPPET 10000 5806 SEEN_PREVIOUSLY b'723837'
ACTION QUERY 10000 5816 mercy killing health
ACTION SERP 10000 5821 EXAMINE_SERP
ACTION SNIPPET 10000 5824 SEEN_PREVIOUSLY b'789093'
ACTION SNIPPET 10000 5827 SEEN_PREVIOUSLY b'53116'
ACTION SNIPPET 10000 5830 SNIPPET_RELEVANT b'53002'
ACTION DOC 10000 5850 EXAMINING_DOCUMENT b'53002'
ACTION SNIPPET 10000 5853 SNIPPET_NOT_RELEVANT b'688595'
ACTION SNIPPET 10000 5856 SEEN_PREVIOUSLY b'618917'
ACTION SNIPPET 10000 5859 SNIPPET_NOT_RELEVANT b'664955'
ACTION SNIPPET 10000 5862 SEEN_PREVIOUSLY b'695579'
ACTION SNIPPET 10000 5865 SNIPPET_NOT_RELEVANT b'1601594'
ACTION SNIPPET 10000 5868 SNIPPET_RELEVANT b'934728'
ACTION DOC 10000 5888 EXAMINING_DOCUMENT b'934728'
ACTION SNIPPET 10000 5891 SEEN_PREVIOUSLY b'14913'
ACTION QUERY 10000 5901 mercy killing son
ACTION SERP 10000 5906 EXAMINE_SERP
ACTION SNIPPET 10000 5909 SNIPPET_NOT_RELEVANT b'23602'
ACTION SNIPPET 10000 5912 SNIPPET_NOT_RELEVANT b'1550712'
ACTION SNIPPET 10000 5915 SEEN_PREVIOUSLY b'188508'
ACTION SNIPPET 10000 5918 SEEN_PREVIOUSLY b'659649'
ACTION SNIPPET 10000 5921 SEEN_PREVIOUSLY b'1570364'
ACTION SNIPPET 10000 5924 SNIPPET_NOT_RELEVANT b'307171'
ACTION SNIPPET 10000 5927 SNIPPET_NOT_RELEVANT b'1596699'
ACTION SNIPPET 10000 5930 SNIPPET_NOT_RELEVANT b'99157'
ACTION SNIPPET 10000 5933 SEEN_PREVIOUSLY b'615784'
ACTION SNIPPET 10000 5936 SEEN_PREVIOUSLY b'14913'
ACTION QUERY 10000 5946 mercy killing buried
ACTION SERP 10000 5951 EXAMINE_SERP
ACTION SNIPPET 10000 5954 SEEN_PREVIOUSLY b'1822541'
ACTION SNIPPET 10000 5957 SEEN_PREVIOUSLY b'1293001'
ACTION SNIPPET 10000 5960 SNIPPET_NOT_RELEVANT b'1116368'
ACTION SNIPPET 10000 5963 SNIPPET_RELEVANT b'86949'
ACTION DOC 10000 5983 EXAMINING_DOCUMENT b'86949'
ACTION SNIPPET 10000 5986 SNIPPET_NOT_RELEVANT b'469192'
ACTION SNIPPET 10000 5989 SNIPPET_NOT_RELEVANT b'582715'
ACTION SNIPPET 10000 5992 SNIPPET_NOT_RELEVANT b'321361'
ACTION SNIPPET 10000 5995 SNIPPET_NOT_RELEVANT b'1287154'
ACTION SNIPPET 10000 5998 SNIPPET_RELEVANT b'667515'
ACTION DOC 10000 6018 EXAMINING_DOCUMENT b'667515'
ACTION SNIPPET 10000 6021 SNIPPET_NOT_RELEVANT b'692383'
ACTION QUERY 10000 6031 mercy killing oregon
ACTION SERP 10000 6036 EXAMINE_SERP
ACTION SNIPPET 10000 6039 SEEN_PREVIOUSLY b'1289200'
ACTION SNIPPET 10000 6042 SEEN_PREVIOUSLY b'1210771'
ACTION SNIPPET 10000 6045 SNIPPET_RELEVANT b'727492'
ACTION DOC 10000 6065 EXAMINING_DOCUMENT b'727492'
ACTION MARK 10000 6068 CONSIDERED_RELEVANT b'727492'
ACTION SNIPPET 10000 6071 SEEN_PREVIOUSLY b'1399268'
ACTION SNIPPET 10000 6074 SNIPPET_NOT_RELEVANT b'1060193'
ACTION SNIPPET 10000 6077 SNIPPET_RELEVANT b'719754'
ACTION DOC 10000 6097 EXAMINING_DOCUMENT b'719754'
ACTION MARK 10000 6100 CONSIDERED_RELEVANT b'719754'
ACTION SNIPPET 10000 6103 SNIPPET_RELEVANT b'729943'
ACTION DOC 10000 6123 EXAMINING_DOCUMENT b'729943'
ACTION MARK 10000 6126 CONSIDERED_RELEVANT b'729943'
ACTION SNIPPET 10000 6129 SNIPPET_RELEVANT b'1054614'
ACTION DOC 10000 6149 EXAMINING_DOCUMENT b'1054614'
ACTION MARK 10000 6152 CONSIDERED_RELEVANT b'1054614'
ACTION SNIPPET 10000 6155 SNIPPET_NOT_RELEVANT b'1546146'
ACTION SNIPPET 10000 6158 SEEN_PREVIOUSLY b'972627'
ACTION QUERY 10000 6168 mercy killing supreme
ACTION SERP 10000 6173 EXAMINE_SERP
ACTION SNIPPET 10000 6176 SEEN_PREVIOUSLY b'606616'
ACTION SNIPPET 10000 6179 SEEN_PREVIOUSLY b'612739'
ACTION SNIPPET 10000 6182 SEEN_PREVIOUSLY b'188508'
ACTION SNIPPET 10000 6185 SNIPPET_RELEVANT b'844588'
ACTION DOC 10000 6205 EXAMINING_DOCUMENT b'844588'
ACTION SNIPPET 10000 6208 SEEN_PREVIOUSLY b'214911'
ACTION SNIPPET 10000 6211 SNIPPET_RELEVANT b'227357'
ACTION DOC 10000 6231 EXAMINING_DOCUMENT b'227357'
ACTION SNIPPET 10000 6234 SNIPPET_NOT_RELEVANT b'262090'
ACTION SNIPPET 10000 6237 SEEN_PREVIOUSLY b'276981'
ACTION SNIPPET 10000 6240 SNIPPET_RELEVANT b'12432'
ACTION DOC 10000 6260 EXAMINING_DOCUMENT b'12432'
ACTION SNIPPET 10000 6263 SNIPPET_RELEVANT b'251601'
ACTION DOC 10000 6283 EXAMINING_DOCUMENT b'251601'
ACTION QUERY 10000 6293 mercy killing lives
ACTION SERP 10000 6298 EXAMINE_SERP
ACTION SNIPPET 10000 6301 SEEN_PREVIOUSLY b'789093'
ACTION SNIPPET 10000 6304 SEEN_PREVIOUSLY b'618917'
ACTION SNIPPET 10000 6307 SEEN_PREVIOUSLY b'1689450'
ACTION SNIPPET 10000 6310 SEEN_PREVIOUSLY b'606616'
ACTION SNIPPET 10000 6313 SNIPPET_NOT_RELEVANT b'374495'
ACTION SNIPPET 10000 6316 SNIPPET_NOT_RELEVANT b'851315'
ACTION SNIPPET 10000 6319 SEEN_PREVIOUSLY b'615784'
ACTION SNIPPET 10000 6322 SEEN_PREVIOUSLY b'695579'
ACTION SNIPPET 10000 6325 SEEN_PREVIOUSLY b'1640983'
ACTION SNIPPET 10000 6328 SEEN_PREVIOUSLY b'1240774'
ACTION QUERY 10000 6338 mercy killing disorder
ACTION SERP 10000 6343 EXAMINE_SERP
ACTION SNIPPET 10000 6346 SNIPPET_RELEVANT b'1005917'
ACTION DOC 10000 6366 EXAMINING_DOCUMENT b'1005917'
ACTION MARK 10000 6369 CONSIDERED_RELEVANT b'1005917'
ACTION SNIPPET 10000 6372 SNIPPET_NOT_RELEVANT b'1501212'
ACTION SNIPPET 10000 6375 SNIPPET_NOT_RELEVANT b'104229'
ACTION SNIPPET 10000 6378 SNIPPET_NOT_RELEVANT b'1306191'
ACTION SNIPPET 10000 6381 SNIPPET_RELEVANT b'87285'
ACTION DOC 10000 6401 EXAMINING_DOCUMENT b'87285'
ACTION SNIPPET 10000 6404 SEEN_PREVIOUSLY b'789093'
ACTION SNIPPET 10000 6407 SNIPPET_NOT_RELEVANT b'49103'
ACTION SNIPPET 10000 6410 SEEN_PREVIOUSLY b'473943'
ACTION SNIPPET 10000 6413 SNIPPET_RELEVANT b'296809'
ACTION DOC 10000 6433 EXAMINING_DOCUMENT b'296809'
ACTION SNIPPET 10000 6436 SEEN_PREVIOUSLY b'391873'
ACTION QUERY 10000 6446 mercy killing restrict
ACTION SERP 10000 6451 EXAMINE_SERP
ACTION SNIPPET 10000 6454 SEEN_PREVIOUSLY b'612739'
ACTION SNIPPET 10000 6457 SNIPPET_NOT_RELEVANT b'196197'
ACTION SNIPPET 10000 6460 SNIPPET_NOT_RELEVANT b'1438204'
ACTION SNIPPET 10000 6463 SNIPPET_RELEVANT b'242175'
ACTION DOC 10000 6483 EXAMINING_DOCUMENT b'242175'
ACTION SNIPPET 10000 6486 SEEN_PREVIOUSLY b'789093'
ACTION SNIPPET 10000 6489 SNIPPET_RELEVANT b'918132'
ACTION DOC 10000 6509 EXAMINING_DOCUMENT b'918132'
ACTION SNIPPET 10000 6512 SEEN_PREVIOUSLY b'473943'
ACTION SNIPPET 10000 6515 SEEN_PREVIOUSLY b'391874'
ACTION SNIPPET 10000 6518 SEEN_PREVIOUSLY b'391873'
ACTION SNIPPET 10000 6521 SEEN_PREVIOUSLY b'723837'
ACTION QUERY 10000 6531 mercy killing organization
ACTION SERP 10000 6536 EXAMINE_SERP
ACTION SNIPPET 10000 6539 SEEN_PREVIOUSLY b'1689454'
ACTION SNIPPET 10000 6542 SEEN_PREVIOUSLY b'1689450'
ACTION SNIPPET 10000 6545 SEEN_PREVIOUSLY b'431779'
ACTION SNIPPET 10000 6548 SNIPPET_NOT_RELEVANT b'1581586'
ACTION SNIPPET 10000 6551 SEEN_PREVIOUSLY b'618917'
ACTION SNIPPET 10000 6554 SEEN_PREVIOUSLY b'144854'
ACTION SNIPPET 10000 6557 SNIPPET_NOT_RELEVANT b'1784821'
ACTION SNIPPET 10000 6560 SNIPPET_NOT_RELEVANT b'23602'
ACTION SNIPPET 10000 6563 SEEN_PREVIOUSLY b'1640983'
ACTION SNIPPET 10000 6566 SEEN_PREVIOUSLY b'789093'
ACTION QUERY 10000 6576 mercy killing marys
ACTION SERP 10000 6581 EXAMINE_SERP
ACTION SNIPPET 10000 6584 SNIPPET_RELEVANT b'1785098'
ACTION DOC 10000 6604 EXAMINING_DOCUMENT b'1785098'
ACTION SNIPPET 10000 6607 SEEN_PREVIOUSLY b'618917'
ACTION SNIPPET 10000 6610 SEEN_PREVIOUSLY b'1570364'
ACTION SNIPPET 10000 6613 SNIPPET_RELEVANT b'1070479'
ACTION DOC 10000 6633 EXAMINING_DOCUMENT b'1070479'
ACTION SNIPPET 10000 6636 SNIPPET_NOT_RELEVANT b'859828'
ACTION SNIPPET 10000 6639 SNIPPET_NOT_RELEVANT b'1344988'
ACTION SNIPPET 10000 6642 SNIPPET_NOT_RELEVANT b'245850'
ACTION SNIPPET 10000 6645 SNIPPET_RELEVANT b'281807'
ACTION DOC 10000 6665 EXAMINING_DOCUMENT b'281807'
ACTION SNIPPET 10000 6668 SNIPPET_NOT_RELEVANT b'1022498'
ACTION SNIPPET 10000 6671 SNIPPET_NOT_RELEVANT b'688595'
ACTION QUERY 10000 6681 mercy killing written
ACTION SERP 10000 6686 EXAMINE_SERP
ACTION SNIPPET 10000 6689 SEEN_PREVIOUSLY b'144396'
ACTION SNIPPET 10000 6692 SNIPPET_RELEVANT b'788424'
ACTION DOC 10000 6712 EXAMINING_DOCUMENT b'788424'
ACTION SNIPPET 10000 6715 SNIPPET_NOT_RELEVANT b'886885'
ACTION SNIPPET 10000 6718 SNIPPET_RELEVANT b'911553'
ACTION DOC 10000 6738 EXAMINING_DOCUMENT b'911553'
ACTION SNIPPET 10000 6741 SEEN_PREVIOUSLY b'789093'
ACTION SNIPPET 10000 6744 SEEN_PREVIOUSLY b'676213'
ACTION SNIPPET 10000 6747 SNIPPET_NOT_RELEVANT b'1438204'
ACTION SNIPPET 10000 6750 SEEN_PREVIOUSLY b'473943'
ACTION SNIPPET 10000 6753 SEEN_PREVIOUSLY b'391873'
ACTION SNIPPET 10000 6756 SEEN_PREVIOUSLY b'391874'
ACTION QUERY 10000 6766 mercy killing rp
ACTION SERP 10000 6771 EXAMINE_SERP
ACTION SNIPPET 10000 6774 SNIPPET_RELEVANT b'963254'
ACTION DOC 10000 6794 EXAMINING_DOCUMENT b'963254'
ACTION SNIPPET 10000 6797 SNIPPET_RELEVANT b'1077776'
ACTION DOC 10000 6817 EXAMINING_DOCUMENT b'1077776'
ACTION SNIPPET 10000 6820 SNIPPET_RELEVANT b'312611'
ACTION DOC 10000 6840 EXAMINING_DOCUMENT b'312611'
ACTION SNIPPET 10000 6843 SNIPPET_RELEVANT b'601184'
ACTION DOC 10000 6863 EXAMINING_DOCUMENT b'601184'
ACTION SNIPPET 10000 6866 SNIPPET_RELEVANT b'528231'
ACTION DOC 10000 6886 EXAMINING_DOCUMENT b'528231'
ACTION SNIPPET 10000 6889 SNIPPET_RELEVANT b'299463'
ACTION DOC 10000 6909 EXAMINING_DOCUMENT b'299463'
ACTION SNIPPET 10000 6912 SNIPPET_NOT_RELEVANT b'275793'
ACTION SNIPPET 10000 6915 SNIPPET_RELEVANT b'683158'
ACTION DOC 10000 6935 EXAMINING_DOCUMENT b'683158'
ACTION SNIPPET 10000 6938 SNIPPET_NOT_RELEVANT b'144178'
ACTION SNIPPET 10000 6941 SNIPPET_NOT_RELEVANT b'549886'
ACTION QUERY 10000 6951 mercy killing type
ACTION SERP 10000 6956 EXAMINE_SERP
ACTION SNIPPET 10000 6959 SEEN_PREVIOUSLY b'789093'
ACTION SNIPPET 10000 6962 SEEN_PREVIOUSLY b'473943'
ACTION SNIPPET 10000 6965 SEEN_PREVIOUSLY b'391873'
ACTION SNIPPET 10000 6968 SEEN_PREVIOUSLY b'391874'
ACTION SNIPPET 10000 6971 SEEN_PREVIOUSLY b'723837'
ACTION SNIPPET 10000 6974 SEEN_PREVIOUSLY b'1210771'
ACTION SNIPPET 10000 6977 SEEN_PREVIOUSLY b'1689454'
ACTION SNIPPET 10000 6980 SNIPPET_RELEVANT b'1721729'
ACTION DOC 10000 7000 EXAMINING_DOCUMENT b'1721729'
ACTION SNIPPET 10000 7003 SNIPPET_NOT_RELEVANT b'919165'
ACTION SNIPPET 10000 7006 SEEN_PREVIOUSLY b'606616'
ACTION QUERY 10000 7016 mercy killing fl
ACTION SERP 10000 7021 EXAMINE_SERP
ACTION SNIPPET 10000 7024 SNIPPET_NOT_RELEVANT b'1717467'
ACTION SNIPPET 10000 7027 SNIPPET_NOT_RELEVANT b'1827465'
ACTION SNIPPET 10000 7030 SNIPPET_RELEVANT b'1777699'
ACTION DOC 10000 7050 EXAMINING_DOCUMENT b'1777699'
ACTION SNIPPET 10000 7053 SNIPPET_RELEVANT b'1170081'
ACTION DOC 10000 7073 EXAMINING_DOCUMENT b'1170081'
ACTION SNIPPET 10000 7076 SNIPPET_NOT_RELEVANT b'1157015'
ACTION SNIPPET 10000 7079 SNIPPET_RELEVANT b'926049'
ACTION DOC 10000 7099 EXAMINING_DOCUMENT b'926049'
ACTION SNIPPET 10000 7102 SNIPPET_NOT_RELEVANT b'914909'
ACTION SNIPPET 10000 7105 SNIPPET_NOT_RELEVANT b'1261344'
ACTION SNIPPET 10000 7108 SNIPPET_RELEVANT b'999169'
ACTION DOC 10000 7128 EXAMINING_DOCUMENT b'999169'
ACTION SNIPPET 10000 7131 SNIPPET_NOT_RELEVANT b'1411419'
ACTION QUERY 10000 7141 mercy killing giving
ACTION SERP 10000 7146 EXAMINE_SERP
ACTION SNIPPET 10000 7149 SEEN_PREVIOUSLY b'606616'
ACTION SNIPPET 10000 7152 SEEN_PREVIOUSLY b'723837'
ACTION SNIPPET 10000 7155 SNIPPET_RELEVANT b'1407631'
ACTION DOC 10000 7175 EXAMINING_DOCUMENT b'1407631'
ACTION SNIPPET 10000 7178 SEEN_PREVIOUSLY b'473943'
ACTION SNIPPET 10000 7181 SNIPPET_RELEVANT b'713365'
ACTION DOC 10000 7201 EXAMINING_DOCUMENT b'713365'
ACTION SNIPPET 10000 7204 SEEN_PREVIOUSLY b'1091079'
ACTION SNIPPET 10000 7207 SNIPPET_RELEVANT b'300177'
ACTION DOC 10000 7227 EXAMINING_DOCUMENT b'300177'
ACTION SNIPPET 10000 7230 SEEN_PREVIOUSLY b'789093'
ACTION SNIPPET 10000 7233 SEEN_PREVIOUSLY b'615784'
ACTION SNIPPET 10000 7236 SEEN_PREVIOUSLY b'391873'
ACTION QUERY 10000 7246 mercy killing clemency
ACTION SERP 10000 7251 EXAMINE_SERP
ACTION SNIPPET 10000 7254 SEEN_PREVIOUSLY b'1721729'
ACTION SNIPPET 10000 7257 SNIPPET_RELEVANT b'114273'
ACTION DOC 10000 7277 EXAMINING_DOCUMENT b'114273'
ACTION SNIPPET 10000 7280 SEEN_PREVIOUSLY b'1633140'
ACTION SNIPPET 10000 7283 SNIPPET_RELEVANT b'1106349'
ACTION DOC 10000 7303 EXAMINING_DOCUMENT b'1106349'
ACTION SNIPPET 10000 7306 SNIPPET_RELEVANT b'992673'
ACTION DOC 10000 7326 EXAMINING_DOCUMENT b'992673'
ACTION SNIPPET 10000 7329 SNIPPET_NOT_RELEVANT b'1082555'
ACTION SNIPPET 10000 7332 SNIPPET_NOT_RELEVANT b'1721684'
ACTION SNIPPET 10000 7335 SNIPPET_RELEVANT b'1267822'
ACTION DOC 10000 7355 EXAMINING_DOCUMENT b'1267822'
ACTION SNIPPET 10000 7358 SEEN_PREVIOUSLY b'276981'
ACTION SNIPPET 10000 7361 SNIPPET_NOT_RELEVANT b'992898'
ACTION QUERY 10000 7371 mercy killing murdered
ACTION SERP 10000 7376 EXAMINE_SERP
ACTION SNIPPET 10000 7379 SEEN_PREVIOUSLY b'1722895'
ACTION SNIPPET 10000 7382 SEEN_PREVIOUSLY b'144854'
ACTION SNIPPET 10000 7385 SEEN_PREVIOUSLY b'1091079'
ACTION SNIPPET 10000 7388 SEEN_PREVIOUSLY b'1633442'
ACTION SNIPPET 10000 7391 SEEN_PREVIOUSLY b'1816598'
ACTION SNIPPET 10000 7394 SEEN_PREVIOUSLY b'789093'
ACTION SNIPPET 10000 7397 SEEN_PREVIOUSLY b'1375481'
ACTION SNIPPET 10000 7400 SEEN_PREVIOUSLY b'144396'
ACTION SNIPPET 10000 7403 SEEN_PREVIOUSLY b'845120'
ACTION SNIPPET 10000 7406 SEEN_PREVIOUSLY b'1289200'
ACTION QUERY 10000 7416 mercy killing pulled
ACTION SERP 10000 7421 EXAMINE_SERP
ACTION SNIPPET 10000 7424 SEEN_PREVIOUSLY b'473943'
ACTION SNIPPET 10000 7427 SNIPPET_RELEVANT b'1393670'
ACTION DOC 10000 7447 EXAMINING_DOCUMENT b'1393670'
ACTION SNIPPET 10000 7450 SEEN_PREVIOUSLY b'713365'
ACTION SNIPPET 10000 7453 SNIPPET_NOT_RELEVANT b'432968'
ACTION SNIPPET 10000 7456 SNIPPET_RELEVANT b'1095072'
ACTION DOC 10000 7476 EXAMINING_DOCUMENT b'1095072'
ACTION SNIPPET 10000 7479 SNIPPET_NOT_RELEVANT b'1138011'
ACTION SNIPPET 10000 7482 SEEN_PREVIOUSLY b'1033784'
ACTION SNIPPET 10000 7485 SEEN_PREVIOUSLY b'789093'
ACTION SNIPPET 10000 7488 SNIPPET_NOT_RELEVANT b'708415'
ACTION SNIPPET 10000 7491 SEEN_PREVIOUSLY b'391873'
ACTION QUERY 10000 7501 mercy killing disclose
ACTION SERP 10000 7506 EXAMINE_SERP
ACTION SNIPPET 10000 7509 SEEN_PREVIOUSLY b'117169'
ACTION SNIPPET 10000 7512 SNIPPET_NOT_RELEVANT b'372535'
ACTION SNIPPET 10000 7515 SEEN_PREVIOUSLY b'789093'
ACTION SNIPPET 10000 7518 SNIPPET_NOT_RELEVANT b'1499622'
ACTION SNIPPET 10000 7521 SEEN_PREVIOUSLY b'1816286'
ACTION SNIPPET 10000 7524 SNIPPET_NOT_RELEVANT b'1330193'
ACTION SNIPPET 10000 7527 SNIPPET_RELEVANT b'810268'
ACTION DOC 10000 7547 EXAMINING_DOCUMENT b'810268'
ACTION SNIPPET 10000 7550 SEEN_PREVIOUSLY b'473943'
ACTION SNIPPET 10000 7553 SEEN_PREVIOUSLY b'391873'
ACTION SNIPPET 10000 7556 SEEN_PREVIOUSLY b'391874'
ACTION QUERY 10000 7566 mercy killing keep
ACTION SERP 10000 7571 EXAMINE_SERP
ACTION SNIPPET 10000 7574 SEEN_PREVIOUSLY b'473943'
ACTION SNIPPET 10000 7577 SEEN_PREVIOUSLY b'14913'
ACTION SNIPPET 10000 7580 SEEN_PREVIOUSLY b'713365'
ACTION SNIPPET 10000 7583 SEEN_PREVIOUSLY b'789093'
ACTION SNIPPET 10000 7586 SEEN_PREVIOUSLY b'612739'
ACTION SNIPPET 10000 7589 SEEN_PREVIOUSLY b'391874'
ACTION SNIPPET 10000 7592 SEEN_PREVIOUSLY b'391873'
ACTION SNIPPET 10000 7595 SEEN_PREVIOUSLY b'723837'
ACTION SNIPPET 10000 7598 SEEN_PREVIOUSLY b'1210771'
ACTION SNIPPET 10000 7601 SEEN_PREVIOUSLY b'1689454'
ACTION QUERY 10000 7611 mercy killing york
ACTION SERP 10000 7616 EXAMINE_SERP
ACTION SNIPPET 10000 7619 SEEN_PREVIOUSLY b'789093'
ACTION SNIPPET 10000 7622 SEEN_PREVIOUSLY b'723837'
ACTION SNIPPET 10000 7625 SEEN_PREVIOUSLY b'473943'
ACTION SNIPPET 10000 7628 SEEN_PREVIOUSLY b'1689454'
ACTION SNIPPET 10000 7631 SEEN_PREVIOUSLY b'618917'
ACTION SNIPPET 10000 7634 SEEN_PREVIOUSLY b'1822541'
ACTION SNIPPET 10000 7637 SEEN_PREVIOUSLY b'391873'
ACTION SNIPPET 10000 7640 SEEN_PREVIOUSLY b'391874'
ACTION SNIPPET 10000 7643 SEEN_PREVIOUSLY b'1399268'
ACTION SNIPPET 10000 7646 SEEN_PREVIOUSLY b'1210771'
ACTION QUERY 10000 7656 mercy killing addressing
ACTION SERP 10000 7661 EXAMINE_SERP
ACTION SNIPPET 10000 7664 SEEN_PREVIOUSLY b'789093'
ACTION SNIPPET 10000 7667 SEEN_PREVIOUSLY b'1399268'
ACTION SNIPPET 10000 7670 SEEN_PREVIOUSLY b'1380295'
ACTION SNIPPET 10000 7673 SNIPPET_RELEVANT b'426049'
ACTION DOC 10000 7693 EXAMINING_DOCUMENT b'426049'
ACTION SNIPPET 10000 7696 SNIPPET_RELEVANT b'735739'
ACTION DOC 10000 7716 EXAMINING_DOCUMENT b'735739'
ACTION SNIPPET 10000 7719 SNIPPET_RELEVANT b'693314'
ACTION DOC 10000 7739 EXAMINING_DOCUMENT b'693314'
ACTION SNIPPET 10000 7742 SNIPPET_RELEVANT b'481459'
ACTION DOC 10000 7762 EXAMINING_DOCUMENT b'481459'
ACTION SNIPPET 10000 7765 SEEN_PREVIOUSLY b'473943'
ACTION SNIPPET 10000 7768 SNIPPET_NOT_RELEVANT b'128833'
ACTION SNIPPET 10000 7771 SEEN_PREVIOUSLY b'391873'
ACTION QUERY 10000 7781 mercy killing acted
ACTION SERP 10000 7786 EXAMINE_SERP
ACTION SNIPPET 10000 7789 SEEN_PREVIOUSLY b'144396'
ACTION SNIPPET 10000 7792 SEEN_PREVIOUSLY b'723837'
ACTION SNIPPET 10000 7795 SEEN_PREVIOUSLY b'473943'
ACTION SNIPPET 10000 7798 SEEN_PREVIOUSLY b'1721729'
ACTION SNIPPET 10000 7801 SEEN_PREVIOUSLY b'144854'
ACTION SNIPPET 10000 7804 SEEN_PREVIOUSLY b'735739'
ACTION SNIPPET 10000 7807 SNIPPET_RELEVANT b'868434'
ACTION DOC 10000 7827 EXAMINING_DOCUMENT b'868434'
ACTION SNIPPET 10000 7830 SNIPPET_RELEVANT b'203216'
ACTION DOC 10000 7850 EXAMINING_DOCUMENT b'203216'
ACTION MARK 10000 7853 CONSIDERED_RELEVANT b'203216'
ACTION SNIPPET 10000 7856 SEEN_PREVIOUSLY b'1032864'
ACTION SNIPPET 10000 7859 SNIPPET_NOT_RELEVANT b'1041187'
ACTION QUERY 10000 7869 mercy killing county
ACTION SERP 10000 7874 EXAMINE_SERP
ACTION SNIPPET 10000 7877 SNIPPET_NOT_RELEVANT b'99157'
ACTION SNIPPET 10000 7880 SEEN_PREVIOUSLY b'68305'
ACTION SNIPPET 10000 7883 SEEN_PREVIOUSLY b'431779'
ACTION SNIPPET 10000 7886 SEEN_PREVIOUSLY b'435707'
ACTION SNIPPET 10000 7889 SNIPPET_NOT_RELEVANT b'200780'
ACTION SNIPPET 10000 7892 SEEN_PREVIOUSLY b'1399268'
ACTION SNIPPET 10000 7895 SNIPPET_NOT_RELEVANT b'1324112'
ACTION SNIPPET 10000 7898 SEEN_PREVIOUSLY b'144396'
ACTION SNIPPET 10000 7901 SEEN_PREVIOUSLY b'144854'
ACTION SNIPPET 10000 7904 SNIPPET_RELEVANT b'73745'
ACTION DOC 10000 7924 EXAMINING_DOCUMENT b'73745'
ACTION QUERY 10000 7934 mercy killing right
ACTION SERP 10000 7939 EXAMINE_SERP
ACTION SNIPPET 10000 7942 SEEN_PREVIOUSLY b'789093'
ACTION SNIPPET 10000 7945 SEEN_PREVIOUSLY b'473943'
ACTION SNIPPET 10000 7948 SEEN_PREVIOUSLY b'1399268'
ACTION SNIPPET 10000 7951 SEEN_PREVIOUSLY b'612739'
ACTION SNIPPET 10000 7954 SNIPPET_NOT_RELEVANT b'1681870'
ACTION SNIPPET 10000 7957 SEEN_PREVIOUSLY b'713365'
ACTION SNIPPET 10000 7960 SEEN_PREVIOUSLY b'391874'
ACTION SNIPPET 10000 7963 SEEN_PREVIOUSLY b'391873'
ACTION SNIPPET 10000 7966 SEEN_PREVIOUSLY b'723837'
ACTION SNIPPET 10000 7969 SEEN_PREVIOUSLY b'1210771'
ACTION QUERY 10000 7979 mercy killing halt
ACTION SERP 10000 7984 EXAMINE_SERP
ACTION SNIPPET 10000 7987 SEEN_PREVIOUSLY b'637959'
ACTION SNIPPET 10000 7990 SNIPPET_RELEVANT b'73152'
ACTION DOC 10000 8010 EXAMINING_DOCUMENT b'73152'
ACTION SNIPPET 10000 8013 SEEN_PREVIOUSLY b'1267822'
ACTION SNIPPET 10000 8016 SNIPPET_RELEVANT b'1344910'
ACTION DOC 10000 8036 EXAMINING_DOCUMENT b'1344910'
ACTION SNIPPET 10000 8039 SEEN_PREVIOUSLY b'789093'
ACTION SNIPPET 10000 8042 SNIPPET_RELEVANT b'1770128'
ACTION DOC 10000 8062 EXAMINING_DOCUMENT b'1770128'
ACTION SNIPPET 10000 8065 SNIPPET_RELEVANT b'1280532'
ACTION DOC 10000 8085 EXAMINING_DOCUMENT b'1280532'
ACTION SNIPPET 10000 8088 SEEN_PREVIOUSLY b'473943'
ACTION SNIPPET 10000 8091 SEEN_PREVIOUSLY b'391874'
ACTION SNIPPET 10000 8094 SEEN_PREVIOUSLY b'391873'
ACTION QUERY 10000 8104 mercy killing hear
ACTION SERP 10000 8109 EXAMINE_SERP
ACTION SNIPPET 10000 8112 SEEN_PREVIOUSLY b'1722895'
ACTION SNIPPET 10000 8115 SEEN_PREVIOUSLY b'612739'
ACTION SNIPPET 10000 8118 SEEN_PREVIOUSLY b'1375481'
ACTION SNIPPET 10000 8121 SEEN_PREVIOUSLY b'606616'
ACTION SNIPPET 10000 8124 SEEN_PREVIOUSLY b'473943'
ACTION SNIPPET 10000 8127 SEEN_PREVIOUSLY b'1633140'
ACTION SNIPPET 10000 8130 SEEN_PREVIOUSLY b'789093'
ACTION SNIPPET 10000 8133 SNIPPET_RELEVANT b'733076'
ACTION DOC 10000 8153 EXAMINING_DOCUMENT b'733076'
ACTION SNIPPET 10000 8156 SNIPPET_NOT_RELEVANT b'242011'
ACTION SNIPPET 10000 8159 SEEN_PREVIOUSLY b'391873'
ACTION QUERY 10000 8169 mercy killing doctor
ACTION SERP 10000 8174 EXAMINE_SERP
ACTION SNIPPET 10000 8177 SEEN_PREVIOUSLY b'618917'
ACTION SNIPPET 10000 8180 SEEN_PREVIOUSLY b'1210771'
ACTION SNIPPET 10000 8183 SEEN_PREVIOUSLY b'1689454'
ACTION SNIPPET 10000 8186 SNIPPET_RELEVANT b'1405959'
ACTION DOC 10000 8206 EXAMINING_DOCUMENT b'1405959'
ACTION SNIPPET 10000 8209 SEEN_PREVIOUSLY b'695579'
ACTION SNIPPET 10000 8212 SEEN_PREVIOUSLY b'789093'
ACTION SNIPPET 10000 8215 SNIPPET_RELEVANT b'912625'
ACTION DOC 10000 8235 EXAMINING_DOCUMENT b'912625'
ACTION SNIPPET 10000 8238 SEEN_PREVIOUSLY b'117169'
ACTION SNIPPET 10000 8241 SEEN_PREVIOUSLY b'188508'
ACTION SNIPPET 10000 8244 SNIPPET_NOT_RELEVANT b'1689452'
ACTION QUERY 10000 8254 mercy killing time
ACTION SERP 10000 8259 EXAMINE_SERP
ACTION SNIPPET 10000 8262 SEEN_PREVIOUSLY b'789093'
ACTION SNIPPET 10000 8265 SEEN_PREVIOUSLY b'473943'
ACTION SNIPPET 10000 8268 SEEN_PREVIOUSLY b'391873'
ACTION SNIPPET 10000 8271 SEEN_PREVIOUSLY b'391874'
ACTION SNIPPET 10000 8274 SEEN_PREVIOUSLY b'723837'
ACTION SNIPPET 10000 8277 SEEN_PREVIOUSLY b'606616'
ACTION SNIPPET 10000 8280 SEEN_PREVIOUSLY b'1210771'
ACTION SNIPPET 10000 8283 SEEN_PREVIOUSLY b'1689454'
ACTION SNIPPET 10000 8286 SEEN_PREVIOUSLY b'188508'
ACTION SNIPPET 10000 8289 SEEN_PREVIOUSLY b'1822541'
ACTION QUERY 10000 8299 mercy killing impact
ACTION SERP 10000 8304 EXAMINE_SERP
ACTION SNIPPET 10000 8307 SEEN_PREVIOUSLY b'912625'
ACTION SNIPPET 10000 8310 SEEN_PREVIOUSLY b'789093'
ACTION SNIPPET 10000 8313 SEEN_PREVIOUSLY b'276981'
ACTION SNIPPET 10000 8316 SNIPPET_NOT_RELEVANT b'576538'
ACTION SNIPPET 10000 8319 SEEN_PREVIOUSLY b'473943'
ACTION SNIPPET 10000 8322 SEEN_PREVIOUSLY b'391873'
ACTION SNIPPET 10000 8325 SEEN_PREVIOUSLY b'391874'
ACTION SNIPPET 10000 8328 SEEN_PREVIOUSLY b'723837'
ACTION SNIPPET 10000 8331 SEEN_PREVIOUSLY b'1210771'
ACTION SNIPPET 10000 8334 SNIPPET_NOT_RELEVANT b'938321'
ACTION QUERY 10000 8344 mercy killing daughter
ACTION SERP 10000 8349 EXAMINE_SERP
ACTION SNIPPET 10000 8352 SNIPPET_RELEVANT b'307171'
ACTION DOC 10000 8372 EXAMINING_DOCUMENT b'307171'
ACTION SNIPPET 10000 8375 SNIPPET_NOT_RELEVANT b'1550712'
ACTION SNIPPET 10000 8378 SNIPPET_NOT_RELEVANT b'1689452'
ACTION SNIPPET 10000 8381 SNIPPET_RELEVANT b'249483'
ACTION DOC 10000 8401 EXAMINING_DOCUMENT b'249483'
ACTION SNIPPET 10000 8404 SEEN_PREVIOUSLY b'73152'
ACTION SNIPPET 10000 8407 SNIPPET_RELEVANT b'1399893'
ACTION DOC 10000 8427 EXAMINING_DOCUMENT b'1399893'
ACTION SNIPPET 10000 8430 SEEN_PREVIOUSLY b'637959'
ACTION SNIPPET 10000 8433 SEEN_PREVIOUSLY b'1095072'
ACTION SNIPPET 10000 8436 SNIPPET_NOT_RELEVANT b'242011'
ACTION SNIPPET 10000 8439 SEEN_PREVIOUSLY b'227357'
ACTION QUERY 10000 8449 mercy killing illness
ACTION SERP 10000 8454 EXAMINE_SERP
ACTION SNIPPET 10000 8457 SEEN_PREVIOUSLY b'723837'
ACTION SNIPPET 10000 8460 SEEN_PREVIOUSLY b'1210771'
ACTION SNIPPET 10000 8463 SEEN_PREVIOUSLY b'618917'
ACTION SNIPPET 10000 8466 SEEN_PREVIOUSLY b'789093'
ACTION SNIPPET 10000 8469 SEEN_PREVIOUSLY b'117169'
ACTION SNIPPET 10000 8472 SEEN_PREVIOUSLY b'695579'
ACTION SNIPPET 10000 8475 SEEN_PREVIOUSLY b'128834'
ACTION SNIPPET 10000 8478 SNIPPET_RELEVANT b'42420'
ACTION DOC 10000 8498 EXAMINING_DOCUMENT b'42420'
ACTION SNIPPET 10000 8501 SEEN_PREVIOUSLY b'74746'
ACTION SNIPPET 10000 8504 SNIPPET_NOT_RELEVANT b'41505'
ACTION QUERY 10000 8514 mercy killing greatest
ACTION SERP 10000 8519 EXAMINE_SERP
ACTION SNIPPET 10000 8522 SNIPPET_NOT_RELEVANT b'688595'
ACTION SNIPPET 10000 8525 SEEN_PREVIOUSLY b'1633140'
ACTION SNIPPET 10000 8528 SEEN_PREVIOUSLY b'693314'
ACTION SNIPPET 10000 8531 SEEN_PREVIOUSLY b'1293001'
ACTION SNIPPET 10000 8534 SEEN_PREVIOUSLY b'789093'
ACTION SNIPPET 10000 8537 SNIPPET_NOT_RELEVANT b'582715'
ACTION SNIPPET 10000 8540 SEEN_PREVIOUSLY b'473943'
ACTION SNIPPET 10000 8543 SEEN_PREVIOUSLY b'391874'
ACTION SNIPPET 10000 8546 SEEN_PREVIOUSLY b'391873'
ACTION SNIPPET 10000 8549 SEEN_PREVIOUSLY b'723837'
ACTION QUERY 10000 8559 mercy killing doctors
ACTION SERP 10000 8564 EXAMINE_SERP
ACTION SNIPPET 10000 8567 SEEN_PREVIOUSLY b'618917'
ACTION SNIPPET 10000 8570 SEEN_PREVIOUSLY b'1210771'
ACTION SNIPPET 10000 8573 SEEN_PREVIOUSLY b'1689454'
ACTION SNIPPET 10000 8576 SEEN_PREVIOUSLY b'1405959'
ACTION SNIPPET 10000 8579 SEEN_PREVIOUSLY b'695579'
ACTION SNIPPET 10000 8582 SEEN_PREVIOUSLY b'789093'
ACTION SNIPPET 10000 8585 SEEN_PREVIOUSLY b'912625'
ACTION SNIPPET 10000 8588 SEEN_PREVIOUSLY b'117169'
ACTION SNIPPET 10000 8591 SEEN_PREVIOUSLY b'188508'
ACTION SNIPPET 10000 8594 SNIPPET_NOT_RELEVANT b'1689452'
ACTION QUERY 10000 8604 mercy killing enacted
ACTION SERP 10000 8609 EXAMINE_SERP
ACTION SNIPPET 10000 8612 SEEN_PREVIOUSLY b'1091079'
ACTION SNIPPET 10000 8615 SNIPPET_RELEVANT b'897447'
ACTION DOC 10000 8635 EXAMINING_DOCUMENT b'897447'
ACTION SNIPPET 10000 8638 SEEN_PREVIOUSLY b'789093'
ACTION SNIPPET 10000 8641 SEEN_PREVIOUSLY b'473943'
ACTION SNIPPET 10000 8644 SEEN_PREVIOUSLY b'391873'
ACTION SNIPPET 10000 8647 SEEN_PREVIOUSLY b'391874'
ACTION SNIPPET 10000 8650 SEEN_PREVIOUSLY b'723837'
ACTION SNIPPET 10000 8653 SEEN_PREVIOUSLY b'992673'
ACTION SNIPPET 10000 8656 SEEN_PREVIOUSLY b'1210771'
ACTION SNIPPET 10000 8659 SNIPPET_RELEVANT b'1022043'
ACTION DOC 10000 8679 EXAMINING_DOCUMENT b'1022043'
ACTION QUERY 10000 8689 mercy killing euthanasia
ACTION SERP 10000 8694 EXAMINE_SERP
ACTION SNIPPET 10000 8697 SEEN_PREVIOUSLY b'1210771'
ACTION SNIPPET 10000 8700 SEEN_PREVIOUSLY b'723837'
ACTION SNIPPET 10000 8703 SNIPPET_NOT_RELEVANT b'1689452'
ACTION SNIPPET 10000 8706 SNIPPET_NOT_RELEVANT b'1208880'
ACTION SNIPPET 10000 8709 SNIPPET_NOT_RELEVANT b'128833'
ACTION SNIPPET 10000 8712 SNIPPET_RELEVANT b'1284987'
ACTION DOC 10000 8732 EXAMINING_DOCUMENT b'1284987'
ACTION MARK 10000 8735 CONSIDERED_RELEVANT b'1284987'
ACTION SNIPPET 10000 8738 SEEN_PREVIOUSLY b'789093'
ACTION SNIPPET 10000 8741 SEEN_PREVIOUSLY b'1689454'
ACTION SNIPPET 10000 8744 SEEN_PREVIOUSLY b'1633442'
ACTION SNIPPET 10000 8747 SNIPPET_NOT_RELEVANT b'596673'
ACTION QUERY 10000 8757 mercy killing system
ACTION SERP 10000 8762 EXAMINE_SERP
ACTION SNIPPET 10000 8765 SEEN_PREVIOUSLY b'789093'
ACTION SNIPPET 10000 8768 SEEN_PREVIOUSLY b'473943'
ACTION SNIPPET 10000 8771 SEEN_PREVIOUSLY b'978258'
ACTION SNIPPET 10000 8774 SEEN_PREVIOUSLY b'912751'
ACTION SNIPPET 10000 8777 SEEN_PREVIOUSLY b'1060056'
ACTION SNIPPET 10000 8780 SNIPPET_RELEVANT b'1030217'
ACTION DOC 10000 8800 EXAMINING_DOCUMENT b'1030217'
ACTION SNIPPET 10000 8803 SNIPPET_RELEVANT b'1097654'
ACTION DOC 10000 8823 EXAMINING_DOCUMENT b'1097654'
ACTION SNIPPET 10000 8826 SEEN_PREVIOUSLY b'1721729'
ACTION SNIPPET 10000 8829 SNIPPET_NOT_RELEVANT b'972177'
ACTION SNIPPET 10000 8832 SNIPPET_RELEVANT b'1383926'
ACTION DOC 10000 8852 EXAMINING_DOCUMENT b'1383926'
ACTION QUERY 10000 8862 mercy killing daughters
ACTION SERP 10000 8867 EXAMINE_SERP
ACTION SNIPPET 10000 8870 SEEN_PREVIOUSLY b'307171'
ACTION SNIPPET 10000 8873 SNIPPET_RELEVANT b'1550712'
ACTION DOC 10000 8893 EXAMINING_DOCUMENT b'1550712'
ACTION SNIPPET 10000 8896 SNIPPET_NOT_RELEVANT b'1689452'
ACTION SNIPPET 10000 8899 SEEN_PREVIOUSLY b'249483'
ACTION SNIPPET 10000 8902 SEEN_PREVIOUSLY b'73152'
ACTION SNIPPET 10000 8905 SEEN_PREVIOUSLY b'1399893'
ACTION SNIPPET 10000 8908 SEEN_PREVIOUSLY b'637959'
ACTION SNIPPET 10000 8911 SEEN_PREVIOUSLY b'1095072'
ACTION SNIPPET 10000 8914 SNIPPET_NOT_RELEVANT b'242011'
ACTION SNIPPET 10000 8917 SEEN_PREVIOUSLY b'227357'
ACTION QUERY 10000 8927 mercy killing medical
ACTION SERP 10000 8932 EXAMINE_SERP
ACTION SNIPPET 10000 8935 SEEN_PREVIOUSLY b'723837'
ACTION SNIPPET 10000 8938 SEEN_PREVIOUSLY b'618917'
ACTION SNIPPET 10000 8941 SEEN_PREVIOUSLY b'1210771'
ACTION SNIPPET 10000 8944 SEEN_PREVIOUSLY b'128834'
ACTION SNIPPET 10000 8947 SEEN_PREVIOUSLY b'789093'
ACTION SNIPPET 10000 8950 SNIPPET_NOT_RELEVANT b'1438204'
ACTION SNIPPET 10000 8953 SNIPPET_NOT_RELEVANT b'99157'
ACTION SNIPPET 10000 8956 SEEN_PREVIOUSLY b'117169'
ACTION SNIPPET 10000 8959 SEEN_PREVIOUSLY b'934728'
ACTION SNIPPET 10000 8962 SEEN_PREVIOUSLY b'1174959'
ACTION QUERY 10000 8972 mercy killing bishop
ACTION SERP 10000 8977 EXAMINE_SERP
ACTION SNIPPET 10000 8980 SEEN_PREVIOUSLY b'144396'
ACTION SNIPPET 10000 8983 SNIPPET_NOT_RELEVANT b'1424419'
ACTION SNIPPET 10000 8986 SNIPPET_NOT_RELEVANT b'1045698'
ACTION SNIPPET 10000 8989 SNIPPET_RELEVANT b'1382871'
ACTION DOC 10000 9009 EXAMINING_DOCUMENT b'1382871'
ACTION SNIPPET 10000 9012 SNIPPET_NOT_RELEVANT b'931471'
ACTION SNIPPET 10000 9015 SEEN_PREVIOUSLY b'733076'
ACTION SNIPPET 10000 9018 SNIPPET_RELEVANT b'676500'
ACTION DOC 10000 9038 EXAMINING_DOCUMENT b'676500'
ACTION SNIPPET 10000 9041 SNIPPET_NOT_RELEVANT b'709239'
ACTION SNIPPET 10000 9044 SNIPPET_NOT_RELEVANT b'346897'
ACTION SNIPPET 10000 9047 SNIPPET_NOT_RELEVANT b'1442333'
ACTION QUERY 10000 9057 mercy killing decriminalize
ACTION SERP 10000 9062 EXAMINE_SERP
ACTION SNIPPET 10000 9065 SNIPPET_NOT_RELEVANT b'970085'
ACTION SNIPPET 10000 9068 SNIPPET_NOT_RELEVANT b'610970'
ACTION SNIPPET 10000 9071 SNIPPET_RELEVANT b'513756'
ACTION DOC 10000 9091 EXAMINING_DOCUMENT b'513756'
ACTION SNIPPET 10000 9094 SNIPPET_RELEVANT b'310533'
ACTION DOC 10000 9114 EXAMINING_DOCUMENT b'310533'
ACTION SNIPPET 10000 9117 SNIPPET_NOT_RELEVANT b'744249'
ACTION SNIPPET 10000 9120 SNIPPET_RELEVANT b'310286'
ACTION DOC 10000 9140 EXAMINING_DOCUMENT b'310286'
ACTION SNIPPET 10000 9143 SNIPPET_RELEVANT b'425026'
ACTION DOC 10000 9163 EXAMINING_DOCUMENT b'425026'
ACTION SNIPPET 10000 9166 SNIPPET_RELEVANT b'610999'
ACTION DOC 10000 9186 EXAMINING_DOCUMENT b'610999'
ACTION SNIPPET 10000 9189 SNIPPET_RELEVANT b'292586'
ACTION DOC 10000 9209 EXAMINING_DOCUMENT b'292586'
ACTION SNIPPET 10000 9212 SNIPPET_RELEVANT b'580525'
ACTION DOC 10000 9232 EXAMINING_DOCUMENT b'580525'
ACTION QUERY 10000 9242 mercy killing urging
ACTION SERP 10000 9247 EXAMINE_SERP
ACTION SNIPPET 10000 9250 SEEN_PREVIOUSLY b'431779'
ACTION SNIPPET 10000 9253 SEEN_PREVIOUSLY b'1689454'
ACTION SNIPPET 10000 9256 SEEN_PREVIOUSLY b'260023'
ACTION SNIPPET 10000 9259 SEEN_PREVIOUSLY b'1091079'
ACTION SNIPPET 10000 9262 SEEN_PREVIOUSLY b'114273'
ACTION SNIPPET 10000 9265 SEEN_PREVIOUSLY b'14913'
ACTION SNIPPET 10000 9268 SEEN_PREVIOUSLY b'1550712'
ACTION SNIPPET 10000 9271 SEEN_PREVIOUSLY b'426049'
ACTION SNIPPET 10000 9274 SNIPPET_NOT_RELEVANT b'1599539'
ACTION SNIPPET 10000 9277 SEEN_PREVIOUSLY b'1399268'
ACTION QUERY 10000 9287 mercy killing mercy
ACTION SERP 10000 9292 EXAMINE_SERP
ACTION SNIPPET 10000 9295 SEEN_PREVIOUSLY b'789093'
ACTION SNIPPET 10000 9298 SEEN_PREVIOUSLY b'473943'
ACTION SNIPPET 10000 9301 SEEN_PREVIOUSLY b'1822541'
ACTION SNIPPET 10000 9304 SEEN_PREVIOUSLY b'391873'
ACTION SNIPPET 10000 9307 SEEN_PREVIOUSLY b'391874'
ACTION SNIPPET 10000 9310 SEEN_PREVIOUSLY b'723837'
ACTION SNIPPET 10000 9313 SEEN_PREVIOUSLY b'1210771'
ACTION SNIPPET 10000 9316 SEEN_PREVIOUSLY b'606616'
ACTION SNIPPET 10000 9319 SEEN_PREVIOUSLY b'1689454'
ACTION SNIPPET 10000 9322 SEEN_PREVIOUSLY b'188508'
ACTION QUERY 10000 9332 mercy killing refuse
ACTION SERP 10000 9337 EXAMINE_SERP
ACTION SNIPPET 10000 9340 SEEN_PREVIOUSLY b'1689454'
ACTION SNIPPET 10000 9343 SEEN_PREVIOUSLY b'114273'
ACTION SNIPPET 10000 9346 SEEN_PREVIOUSLY b'144854'
ACTION SNIPPET 10000 9349 SEEN_PREVIOUSLY b'615784'
ACTION SNIPPET 10000 9352 SEEN_PREVIOUSLY b'73152'
ACTION SNIPPET 10000 9355 SNIPPET_RELEVANT b'1150812'
ACTION DOC 10000 9375 EXAMINING_DOCUMENT b'1150812'
ACTION SNIPPET 10000 9378 SNIPPET_NOT_RELEVANT b'237859'
ACTION SNIPPET 10000 9381 SNIPPET_RELEVANT b'1599539'
ACTION DOC 10000 9401 EXAMINING_DOCUMENT b'1599539'
ACTION SNIPPET 10000 9404 SNIPPET_RELEVANT b'137906'
ACTION DOC 10000 9424 EXAMINING_DOCUMENT b'137906'
ACTION SNIPPET 10000 9427 SEEN_PREVIOUSLY b'789093'
ACTION QUERY 10000 9437 mercy killing allow
ACTION SERP 10000 9442 EXAMINE_SERP
ACTION SNIPPET 10000 9445 SNIPPET_NOT_RELEVANT b'851315'
ACTION SNIPPET 10000 9448 SEEN_PREVIOUSLY b'1399268'
ACTION SNIPPET 10000 9451 SEEN_PREVIOUSLY b'128834'
ACTION SNIPPET 10000 9454 SEEN_PREVIOUSLY b'789093'
ACTION SNIPPET 10000 9457 SEEN_PREVIOUSLY b'612739'
ACTION SNIPPET 10000 9460 SEEN_PREVIOUSLY b'14913'
ACTION SNIPPET 10000 9463 SNIPPET_NOT_RELEVANT b'757597'
ACTION SNIPPET 10000 9466 SEEN_PREVIOUSLY b'473943'
ACTION SNIPPET 10000 9469 SEEN_PREVIOUSLY b'391873'
ACTION SNIPPET 10000 9472 SEEN_PREVIOUSLY b'391874'
ACTION QUERY 10000 9482 mercy killing call
ACTION SERP 10000 9487 EXAMINE_SERP
ACTION SNIPPET 10000 9490 SEEN_PREVIOUSLY b'1822541'
ACTION SNIPPET 10000 9493 SEEN_PREVIOUSLY b'1722895'
ACTION SNIPPET 10000 9496 SEEN_PREVIOUSLY b'473943'
ACTION SNIPPET 10000 9499 SEEN_PREVIOUSLY b'789093'
ACTION SNIPPET 10000 9502 SNIPPET_NOT_RELEVANT b'851315'
ACTION SNIPPET 10000 9505 SEEN_PREVIOUSLY b'1633442'
ACTION SNIPPET 10000 9508 SEEN_PREVIOUSLY b'618917'
ACTION SNIPPET 10000 9511 SEEN_PREVIOUSLY b'144396'
ACTION SNIPPET 10000 9514 SEEN_PREVIOUSLY b'391873'
ACTION SNIPPET 10000 9517 SEEN_PREVIOUSLY b'391874'
ACTION QUERY 10000 9527 mercy killing term
ACTION SERP 10000 9532 EXAMINE_SERP
ACTION SNIPPET 10000 9535 SEEN_PREVIOUSLY b'144396'
ACTION SNIPPET 10000 9538 SEEN_PREVIOUSLY b'606616'
ACTION SNIPPET 10000 9541 SEEN_PREVIOUSLY b'473943'
ACTION SNIPPET 10000 9544 SEEN_PREVIOUSLY b'606698'
ACTION SNIPPET 10000 9547 SEEN_PREVIOUSLY b'1822541'
ACTION SNIPPET 10000 9550 SNIPPET_RELEVANT b'301840'
ACTION DOC 10000 9570 EXAMINING_DOCUMENT b'301840'
ACTION SNIPPET 10000 9573 SEEN_PREVIOUSLY b'1375481'
ACTION SNIPPET 10000 9576 SEEN_PREVIOUSLY b'637959'
ACTION SNIPPET 10000 9579 SEEN_PREVIOUSLY b'1091079'
ACTION SNIPPET 10000 9582 SEEN_PREVIOUSLY b'789093'
ACTION QUERY 10000 9592 mercy killing father
ACTION SERP 10000 9597 EXAMINE_SERP
ACTION SNIPPET 10000 9600 SNIPPET_NOT_RELEVANT b'23602'
ACTION SNIPPET 10000 9603 SEEN_PREVIOUSLY b'1091079'
ACTION SNIPPET 10000 9606 SEEN_PREVIOUSLY b'713365'
ACTION SNIPPET 10000 9609 SNIPPET_RELEVANT b'1121200'
ACTION DOC 10000 9629 EXAMINING_DOCUMENT b'1121200'
ACTION MARK 10000 9632 CONSIDERED_RELEVANT b'1121200'
ACTION SNIPPET 10000 9635 SNIPPET_NOT_RELEVANT b'1122179'
ACTION SNIPPET 10000 9638 SNIPPET_NOT_RELEVANT b'1563274'
ACTION SNIPPET 10000 9641 SNIPPET_RELEVANT b'757597'
ACTION DOC 10000 9661 EXAMINING_DOCUMENT b'757597'
ACTION SNIPPET 10000 9664 SNIPPET_RELEVANT b'1577356'
ACTION DOC 10000 9684 EXAMINING_DOCUMENT b'1577356'
ACTION SNIPPET 10000 9687 SEEN_PREVIOUSLY b'1289200'
ACTION SNIPPET 10000 9690 SNIPPET_NOT_RELEVANT b'842838'
ACTION QUERY 10000 9700 mercy killing ruled
ACTION SERP 10000 9705 EXAMINE_SERP
ACTION SNIPPET 10000 9708 SEEN_PREVIOUSLY b'789093'
ACTION SNIPPET 10000 9711 SEEN_PREVIOUSLY b'612739'
ACTION SNIPPET 10000 9714 SEEN_PREVIOUSLY b'1399268'
ACTION SNIPPET 10000 9717 SEEN_PREVIOUSLY b'431779'
ACTION SNIPPET 10000 9720 SEEN_PREVIOUSLY b'188508'
ACTION SNIPPET 10000 9723 SNIPPET_RELEVANT b'1581586'
ACTION DOC 10000 9743 EXAMINING_DOCUMENT b'1581586'
ACTION SNIPPET 10000 9746 SNIPPET_NOT_RELEVANT b'1041187'
ACTION SNIPPET 10000 9749 SEEN_PREVIOUSLY b'91491'
ACTION SNIPPET 10000 9752 SEEN_PREVIOUSLY b'114273'
ACTION SNIPPET 10000 9755 SNIPPET_RELEVANT b'1445626'
ACTION DOC 10000 9775 EXAMINING_DOCUMENT b'1445626'
ACTION QUERY 10000 9785 mercy killing can
ACTION SERP 10000 9790 EXAMINE_SERP
ACTION SNIPPET 10000 9793 SEEN_PREVIOUSLY b'789093'
ACTION SNIPPET 10000 9796 SEEN_PREVIOUSLY b'473943'
ACTION SNIPPET 10000 9799 SEEN_PREVIOUSLY b'723837'
ACTION SNIPPET 10000 9802 SEEN_PREVIOUSLY b'1689454'
ACTION SNIPPET 10000 9805 SEEN_PREVIOUSLY b'606616'
ACTION SNIPPET 10000 9808 SEEN_PREVIOUSLY b'391873'
ACTION SNIPPET 10000 9811 SEEN_PREVIOUSLY b'391874'
ACTION SNIPPET 10000 9814 SEEN_PREVIOUSLY b'188508'
ACTION SNIPPET 10000 9817 SEEN_PREVIOUSLY b'260023'
ACTION SNIPPET 10000 9820 SEEN_PREVIOUSLY b'1210771'
ACTION QUERY 10000 9830 mercy killing nyc
ACTION SERP 10000 9835 EXAMINE_SERP
ACTION SNIPPET 10000 9838 SNIPPET_RELEVANT b'970334'
ACTION DOC 10000 9858 EXAMINING_DOCUMENT b'970334'
ACTION SNIPPET 10000 9861 SNIPPET_RELEVANT b'1307087'
ACTION DOC 10000 9881 EXAMINING_DOCUMENT b'1307087'
ACTION SNIPPET 10000 9884 SNIPPET_NOT_RELEVANT b'1081320'
ACTION SNIPPET 10000 9887 SNIPPET_NOT_RELEVANT b'1430533'
ACTION SNIPPET 10000 9890 SNIPPET_RELEVANT b'1103407'
ACTION DOC 10000 9910 EXAMINING_DOCUMENT b'1103407'
ACTION SNIPPET 10000 9913 SNIPPET_NOT_RELEVANT b'1157015'
ACTION SNIPPET 10000 9916 SNIPPET_NOT_RELEVANT b'1479490'
ACTION SNIPPET 10000 9919 SNIPPET_NOT_RELEVANT b'1479238'
ACTION SNIPPET 10000 9922 SNIPPET_NOT_RELEVANT b'1263329'
ACTION SNIPPET 10000 9925 SNIPPET_NOT_RELEVANT b'1518617'
ACTION QUERY 10000 9935 mercy killing munnsville
ACTION SERP 10000 9940 EXAMINE_SERP
ACTION SNIPPET 10000 9943 SEEN_PREVIOUSLY b'435707'
ACTION SNIPPET 10000 9946 SNIPPET_RELEVANT b'373594'
ACTION DOC 10000 9966 EXAMINING_DOCUMENT b'373594'
ACTION SNIPPET 10000 9969 SNIPPET_NOT_RELEVANT b'436152'
ACTION SNIPPET 10000 9972 SNIPPET_RELEVANT b'554842'
ACTION DOC 10000 9992 EXAMINING_DOCUMENT b'554842'
ACTION SNIPPET 10000 9995 SNIPPET_NOT_RELEVANT b'1158019'
ACTION SNIPPET 10000 9998 SEEN_PREVIOUSLY b'789093'
ACTION SNIPPET 10000 10001 SEEN_PREVIOUSLY b'473943'
INFO SUMMARY 
INFO TOTAL_QUERIES_ISSUED 110
INFO TOTAL_SNIPPETS_EXAMINED 1097
INFO TOTAL_DOCUMENTS_EXAMINED 247
INFO TOTAL_DOCUMENTS_MARKED_RELEVANT 40
INFO TOTAL_ATTRACTIVE_SERP_IMPRESSIONS 110
INFO TOTAL_UNATTRACTIVE_SERP_IMPRESSIONS 0
