ACTION QUERY 10000 10 women clergy
ACTION SERP 10000 15 EXAMINE_SERP
ACTION SNIPPET 10000 18 SNIPPET_NOT_RELEVANT b'944693'
ACTION SNIPPET 10000 21 SNIPPET_NOT_RELEVANT b'932209'
ACTION SNIPPET 10000 24 SNIPPET_RELEVANT b'397002'
ACTION DOC 10000 44 EXAMINING_DOCUMENT b'397002'
ACTION SNIPPET 10000 47 SNIPPET_RELEVANT b'1565180'
ACTION DOC 10000 67 EXAMINING_DOCUMENT b'1565180'
ACTION SNIPPET 10000 70 SNIPPET_NOT_RELEVANT b'13851'
ACTION SNIPPET 10000 73 SNIPPET_RELEVANT b'578930'
ACTION DOC 10000 93 EXAMINING_DOCUMENT b'578930'
ACTION SNIPPET 10000 96 SNIPPET_NOT_RELEVANT b'1751819'
ACTION SNIPPET 10000 99 SNIPPET_RELEVANT b'739814'
ACTION DOC 10000 119 EXAMINING_DOCUMENT b'739814'
ACTION SNIPPET 10000 122 SNIPPET_RELEVANT b'1214751'
ACTION DOC 10000 142 EXAMINING_DOCUMENT b'1214751'
ACTION SNIPPET 10000 145 SNIPPET_RELEVANT b'1102886'
ACTION DOC 10000 165 EXAMINING_DOCUMENT b'1102886'
ACTION QUERY 10000 175 women clergy milwaukee
ACTION SERP 10000 180 EXAMINE_SERP
ACTION SNIPPET 10000 183 SEEN_PREVIOUSLY b'578930'
ACTION SNIPPET 10000 186 SNIPPET_RELEVANT b'413979'
ACTION DOC 10000 206 EXAMINING_DOCUMENT b'413979'
ACTION SNIPPET 10000 209 SNIPPET_RELEVANT b'338272'
ACTION DOC 10000 229 EXAMINING_DOCUMENT b'338272'
ACTION SNIPPET 10000 232 SNIPPET_NOT_RELEVANT b'1513426'
ACTION SNIPPET 10000 235 SNIPPET_NOT_RELEVANT b'1396849'
ACTION SNIPPET 10000 238 SNIPPET_NOT_RELEVANT b'339684'
ACTION SNIPPET 10000 241 SNIPPET_RELEVANT b'1577610'
ACTION DOC 10000 261 EXAMINING_DOCUMENT b'1577610'
ACTION SNIPPET 10000 264 SNIPPET_NOT_RELEVANT b'1395116'
ACTION SNIPPET 10000 267 SNIPPET_NOT_RELEVANT b'1517137'
ACTION SNIPPET 10000 270 SNIPPET_NOT_RELEVANT b'944693'
ACTION QUERY 10000 280 women clergy sexuality
ACTION SERP 10000 285 EXAMINE_SERP
ACTION SNIPPET 10000 288 SEEN_PREVIOUSLY b'739814'
ACTION SNIPPET 10000 291 SEEN_PREVIOUSLY b'1214751'
ACTION SNIPPET 10000 294 SNIPPET_NOT_RELEVANT b'1379585'
ACTION SNIPPET 10000 297 SNIPPET_NOT_RELEVANT b'405288'
ACTION SNIPPET 10000 300 SNIPPET_NOT_RELEVANT b'624808'
ACTION SNIPPET 10000 303 SNIPPET_RELEVANT b'175024'
ACTION DOC 10000 323 EXAMINING_DOCUMENT b'175024'
ACTION MARK 10000 326 CONSIDERED_RELEVANT b'175024'
ACTION SNIPPET 10000 329 SNIPPET_NOT_RELEVANT b'286605'
ACTION SNIPPET 10000 332 SNIPPET_RELEVANT b'1374216'
ACTION DOC 10000 352 EXAMINING_DOCUMENT b'1374216'
ACTION SNIPPET 10000 355 SNIPPET_RELEVANT b'516643'
ACTION DOC 10000 375 EXAMINING_DOCUMENT b'516643'
ACTION SNIPPET 10000 378 SNIPPET_RELEVANT b'1373536'
ACTION DOC 10000 398 EXAMINING_DOCUMENT b'1373536'
ACTION QUERY 10000 408 women clergy women
ACTION SERP 10000 413 EXAMINE_SERP
ACTION SNIPPET 10000 416 SNIPPET_NOT_RELEVANT b'944693'
ACTION SNIPPET 10000 419 SNIPPET_RELEVANT b'932209'
ACTION DOC 10000 439 EXAMINING_DOCUMENT b'932209'
ACTION SNIPPET 10000 442 SEEN_PREVIOUSLY b'397002'
ACTION SNIPPET 10000 445 SNIPPET_NOT_RELEVANT b'13851'
ACTION SNIPPET 10000 448 SEEN_PREVIOUSLY b'1565180'
ACTION SNIPPET 10000 451 SEEN_PREVIOUSLY b'578930'
ACTION SNIPPET 10000 454 SEEN_PREVIOUSLY b'1102886'
ACTION SNIPPET 10000 457 SEEN_PREVIOUSLY b'1214751'
ACTION SNIPPET 10000 460 SNIPPET_RELEVANT b'1193154'
ACTION DOC 10000 480 EXAMINING_DOCUMENT b'1193154'
ACTION SNIPPET 10000 483 SNIPPET_NOT_RELEVANT b'159258'
ACTION QUERY 10000 493 women clergy able
ACTION SERP 10000 498 EXAMINE_SERP
ACTION SNIPPET 10000 501 SNIPPET_NOT_RELEVANT b'1751819'
ACTION SNIPPET 10000 504 SNIPPET_NOT_RELEVANT b'1663842'
ACTION SNIPPET 10000 507 SNIPPET_RELEVANT b'944693'
ACTION DOC 10000 527 EXAMINING_DOCUMENT b'944693'
ACTION SNIPPET 10000 530 SEEN_PREVIOUSLY b'932209'
ACTION SNIPPET 10000 533 SEEN_PREVIOUSLY b'397002'
ACTION SNIPPET 10000 536 SEEN_PREVIOUSLY b'1565180'
ACTION SNIPPET 10000 539 SNIPPET_RELEVANT b'13851'
ACTION DOC 10000 559 EXAMINING_DOCUMENT b'13851'
ACTION SNIPPET 10000 562 SNIPPET_NOT_RELEVANT b'154506'
ACTION SNIPPET 10000 565 SNIPPET_NOT_RELEVANT b'402999'
ACTION SNIPPET 10000 568 SNIPPET_NOT_RELEVANT b'569760'
ACTION QUERY 10000 578 women clergy governing
ACTION SERP 10000 583 EXAMINE_SERP
ACTION SNIPPET 10000 586 SNIPPET_RELEVANT b'159258'
ACTION DOC 10000 606 EXAMINING_DOCUMENT b'159258'
ACTION MARK 10000 609 CONSIDERED_RELEVANT b'159258'
ACTION SNIPPET 10000 612 SNIPPET_NOT_RELEVANT b'1457182'
ACTION SNIPPET 10000 615 SNIPPET_NOT_RELEVANT b'154506'
ACTION SNIPPET 10000 618 SEEN_PREVIOUSLY b'944693'
ACTION SNIPPET 10000 621 SEEN_PREVIOUSLY b'932209'
ACTION SNIPPET 10000 624 SNIPPET_RELEVANT b'1774922'
ACTION DOC 10000 644 EXAMINING_DOCUMENT b'1774922'
ACTION MARK 10000 647 CONSIDERED_RELEVANT b'1774922'
ACTION SNIPPET 10000 650 SEEN_PREVIOUSLY b'397002'
ACTION SNIPPET 10000 653 SEEN_PREVIOUSLY b'1565180'
ACTION SNIPPET 10000 656 SEEN_PREVIOUSLY b'13851'
ACTION SNIPPET 10000 659 SEEN_PREVIOUSLY b'578930'
ACTION QUERY 10000 669 women clergy splinter
ACTION SERP 10000 674 EXAMINE_SERP
ACTION SNIPPET 10000 677 SNIPPET_RELEVANT b'195806'
ACTION DOC 10000 697 EXAMINING_DOCUMENT b'195806'
ACTION MARK 10000 700 CONSIDERED_RELEVANT b'195806'
ACTION SNIPPET 10000 703 SNIPPET_RELEVANT b'1510928'
ACTION DOC 10000 723 EXAMINING_DOCUMENT b'1510928'
ACTION SNIPPET 10000 726 SEEN_PREVIOUSLY b'944693'
ACTION SNIPPET 10000 729 SEEN_PREVIOUSLY b'932209'
ACTION SNIPPET 10000 732 SNIPPET_NOT_RELEVANT b'182387'
ACTION SNIPPET 10000 735 SEEN_PREVIOUSLY b'397002'
ACTION SNIPPET 10000 738 SEEN_PREVIOUSLY b'1565180'
ACTION SNIPPET 10000 741 SEEN_PREVIOUSLY b'13851'
ACTION SNIPPET 10000 744 SEEN_PREVIOUSLY b'578930'
ACTION SNIPPET 10000 747 SNIPPET_RELEVANT b'1751819'
ACTION DOC 10000 767 EXAMINING_DOCUMENT b'1751819'
ACTION QUERY 10000 777 women clergy jude
ACTION SERP 10000 782 EXAMINE_SERP
ACTION SNIPPET 10000 785 SEEN_PREVIOUSLY b'944693'
ACTION SNIPPET 10000 788 SEEN_PREVIOUSLY b'932209'
ACTION SNIPPET 10000 791 SEEN_PREVIOUSLY b'397002'
ACTION SNIPPET 10000 794 SEEN_PREVIOUSLY b'1565180'
ACTION SNIPPET 10000 797 SNIPPET_NOT_RELEVANT b'949788'
ACTION SNIPPET 10000 800 SEEN_PREVIOUSLY b'13851'
ACTION SNIPPET 10000 803 SNIPPET_RELEVANT b'531741'
ACTION DOC 10000 823 EXAMINING_DOCUMENT b'531741'
ACTION SNIPPET 10000 826 SNIPPET_NOT_RELEVANT b'531740'
ACTION SNIPPET 10000 829 SNIPPET_NOT_RELEVANT b'531655'
ACTION SNIPPET 10000 832 SNIPPET_NOT_RELEVANT b'531654'
ACTION QUERY 10000 842 women clergy chapels
ACTION SERP 10000 847 EXAMINE_SERP
ACTION SNIPPET 10000 850 SNIPPET_RELEVANT b'1599818'
ACTION DOC 10000 870 EXAMINING_DOCUMENT b'1599818'
ACTION SNIPPET 10000 873 SNIPPET_RELEVANT b'1153897'
ACTION DOC 10000 893 EXAMINING_DOCUMENT b'1153897'
ACTION SNIPPET 10000 896 SNIPPET_NOT_RELEVANT b'1034324'
ACTION SNIPPET 10000 899 SNIPPET_NOT_RELEVANT b'60082'
ACTION SNIPPET 10000 902 SEEN_PREVIOUSLY b'944693'
ACTION SNIPPET 10000 905 SEEN_PREVIOUSLY b'932209'
ACTION SNIPPET 10000 908 SNIPPET_NOT_RELEVANT b'49115'
ACTION SNIPPET 10000 911 SEEN_PREVIOUSLY b'397002'
ACTION SNIPPET 10000 914 SNIPPET_NOT_RELEVANT b'1367813'
ACTION SNIPPET 10000 917 SNIPPET_RELEVANT b'209101'
ACTION DOC 10000 937 EXAMINING_DOCUMENT b'209101'
ACTION QUERY 10000 947 women clergy leaders
ACTION SERP 10000 952 EXAMINE_SERP
ACTION SNIPPET 10000 955 SEEN_PREVIOUSLY b'944693'
ACTION SNIPPET 10000 958 SEEN_PREVIOUSLY b'932209'
ACTION SNIPPET 10000 961 SEEN_PREVIOUSLY b'739814'
ACTION SNIPPET 10000 964 SEEN_PREVIOUSLY b'1214751'
ACTION SNIPPET 10000 967 SEEN_PREVIOUSLY b'13851'
ACTION SNIPPET 10000 970 SEEN_PREVIOUSLY b'1193154'
ACTION SNIPPET 10000 973 SNIPPET_RELEVANT b'1763796'
ACTION DOC 10000 993 EXAMINING_DOCUMENT b'1763796'
ACTION SNIPPET 10000 996 SNIPPET_NOT_RELEVANT b'872271'
ACTION SNIPPET 10000 999 SNIPPET_RELEVANT b'264657'
ACTION DOC 10000 1019 EXAMINING_DOCUMENT b'264657'
ACTION SNIPPET 10000 1022 SNIPPET_NOT_RELEVANT b'932728'
ACTION QUERY 10000 1032 women clergy celebrate
ACTION SERP 10000 1037 EXAMINE_SERP
ACTION SNIPPET 10000 1040 SNIPPET_RELEVANT b'624808'
ACTION DOC 10000 1060 EXAMINING_DOCUMENT b'624808'
ACTION SNIPPET 10000 1063 SNIPPET_RELEVANT b'658089'
ACTION DOC 10000 1083 EXAMINING_DOCUMENT b'658089'
ACTION MARK 10000 1086 CONSIDERED_RELEVANT b'658089'
ACTION SNIPPET 10000 1089 SNIPPET_NOT_RELEVANT b'570446'
ACTION SNIPPET 10000 1092 SEEN_PREVIOUSLY b'944693'
ACTION SNIPPET 10000 1095 SEEN_PREVIOUSLY b'932209'
ACTION SNIPPET 10000 1098 SNIPPET_NOT_RELEVANT b'808601'
ACTION SNIPPET 10000 1101 SEEN_PREVIOUSLY b'397002'
ACTION SNIPPET 10000 1104 SEEN_PREVIOUSLY b'1565180'
ACTION SNIPPET 10000 1107 SNIPPET_NOT_RELEVANT b'300234'
ACTION SNIPPET 10000 1110 SNIPPET_NOT_RELEVANT b'569760'
ACTION QUERY 10000 1120 women clergy saint
ACTION SERP 10000 1125 EXAMINE_SERP
ACTION SNIPPET 10000 1128 SNIPPET_NOT_RELEVANT b'1665962'
ACTION SNIPPET 10000 1131 SNIPPET_RELEVANT b'857876'
ACTION DOC 10000 1151 EXAMINING_DOCUMENT b'857876'
ACTION SNIPPET 10000 1154 SNIPPET_NOT_RELEVANT b'307458'
ACTION SNIPPET 10000 1157 SNIPPET_RELEVANT b'997831'
ACTION DOC 10000 1177 EXAMINING_DOCUMENT b'997831'
ACTION SNIPPET 10000 1180 SNIPPET_RELEVANT b'473662'
ACTION DOC 10000 1200 EXAMINING_DOCUMENT b'473662'
ACTION SNIPPET 10000 1203 SNIPPET_RELEVANT b'1249554'
ACTION DOC 10000 1223 EXAMINING_DOCUMENT b'1249554'
ACTION SNIPPET 10000 1226 SNIPPET_RELEVANT b'183160'
ACTION DOC 10000 1246 EXAMINING_DOCUMENT b'183160'
ACTION SNIPPET 10000 1249 SEEN_PREVIOUSLY b'944693'
ACTION SNIPPET 10000 1252 SEEN_PREVIOUSLY b'932209'
ACTION SNIPPET 10000 1255 SNIPPET_RELEVANT b'1144138'
ACTION DOC 10000 1275 EXAMINING_DOCUMENT b'1144138'
ACTION QUERY 10000 1285 women clergy christmas
ACTION SERP 10000 1290 EXAMINE_SERP
ACTION SNIPPET 10000 1293 SNIPPET_NOT_RELEVANT b'1072351'
ACTION SNIPPET 10000 1296 SNIPPET_RELEVANT b'818222'
ACTION DOC 10000 1316 EXAMINING_DOCUMENT b'818222'
ACTION SNIPPET 10000 1319 SNIPPET_NOT_RELEVANT b'309604'
ACTION SNIPPET 10000 1322 SNIPPET_RELEVANT b'897431'
ACTION DOC 10000 1342 EXAMINING_DOCUMENT b'897431'
ACTION SNIPPET 10000 1345 SNIPPET_NOT_RELEVANT b'573381'
ACTION SNIPPET 10000 1348 SEEN_PREVIOUSLY b'944693'
ACTION SNIPPET 10000 1351 SEEN_PREVIOUSLY b'932209'
ACTION SNIPPET 10000 1354 SEEN_PREVIOUSLY b'397002'
ACTION SNIPPET 10000 1357 SEEN_PREVIOUSLY b'1565180'
ACTION SNIPPET 10000 1360 SEEN_PREVIOUSLY b'209101'
ACTION QUERY 10000 1370 women clergy choir
ACTION SERP 10000 1375 EXAMINE_SERP
ACTION SNIPPET 10000 1378 SEEN_PREVIOUSLY b'209101'
ACTION SNIPPET 10000 1381 SNIPPET_NOT_RELEVANT b'1002728'
ACTION SNIPPET 10000 1384 SNIPPET_RELEVANT b'1379585'
ACTION DOC 10000 1404 EXAMINING_DOCUMENT b'1379585'
ACTION SNIPPET 10000 1407 SNIPPET_NOT_RELEVANT b'1120983'
ACTION SNIPPET 10000 1410 SEEN_PREVIOUSLY b'944693'
ACTION SNIPPET 10000 1413 SEEN_PREVIOUSLY b'932209'
ACTION SNIPPET 10000 1416 SNIPPET_RELEVANT b'751159'
ACTION DOC 10000 1436 EXAMINING_DOCUMENT b'751159'
ACTION SNIPPET 10000 1439 SEEN_PREVIOUSLY b'397002'
ACTION SNIPPET 10000 1442 SNIPPET_RELEVANT b'1715630'
ACTION DOC 10000 1462 EXAMINING_DOCUMENT b'1715630'
ACTION SNIPPET 10000 1465 SEEN_PREVIOUSLY b'1565180'
ACTION QUERY 10000 1475 women clergy thorny
ACTION SERP 10000 1480 EXAMINE_SERP
ACTION SNIPPET 10000 1483 SNIPPET_NOT_RELEVANT b'1099341'
ACTION SNIPPET 10000 1486 SEEN_PREVIOUSLY b'944693'
ACTION SNIPPET 10000 1489 SEEN_PREVIOUSLY b'932209'
ACTION SNIPPET 10000 1492 SEEN_PREVIOUSLY b'397002'
ACTION SNIPPET 10000 1495 SEEN_PREVIOUSLY b'1565180'
ACTION SNIPPET 10000 1498 SEEN_PREVIOUSLY b'13851'
ACTION SNIPPET 10000 1501 SNIPPET_RELEVANT b'1385411'
ACTION DOC 10000 1521 EXAMINING_DOCUMENT b'1385411'
ACTION SNIPPET 10000 1524 SEEN_PREVIOUSLY b'578930'
ACTION SNIPPET 10000 1527 SEEN_PREVIOUSLY b'1751819'
ACTION SNIPPET 10000 1530 SEEN_PREVIOUSLY b'739814'
ACTION QUERY 10000 1540 women clergy name
ACTION SERP 10000 1545 EXAMINE_SERP
ACTION SNIPPET 10000 1548 SEEN_PREVIOUSLY b'1751819'
ACTION SNIPPET 10000 1551 SEEN_PREVIOUSLY b'944693'
ACTION SNIPPET 10000 1554 SEEN_PREVIOUSLY b'932209'
ACTION SNIPPET 10000 1557 SEEN_PREVIOUSLY b'397002'
ACTION SNIPPET 10000 1560 SEEN_PREVIOUSLY b'1565180'
ACTION SNIPPET 10000 1563 SEEN_PREVIOUSLY b'13851'
ACTION SNIPPET 10000 1566 SNIPPET_RELEVANT b'921466'
ACTION DOC 10000 1586 EXAMINING_DOCUMENT b'921466'
ACTION SNIPPET 10000 1589 SEEN_PREVIOUSLY b'578930'
ACTION SNIPPET 10000 1592 SNIPPET_RELEVANT b'391463'
ACTION DOC 10000 1612 EXAMINING_DOCUMENT b'391463'
ACTION MARK 10000 1615 CONSIDERED_RELEVANT b'391463'
ACTION SNIPPET 10000 1618 SNIPPET_RELEVANT b'391464'
ACTION DOC 10000 1638 EXAMINING_DOCUMENT b'391464'
ACTION MARK 10000 1641 CONSIDERED_RELEVANT b'391464'
ACTION QUERY 10000 1651 women clergy members
ACTION SERP 10000 1656 EXAMINE_SERP
ACTION SNIPPET 10000 1659 SEEN_PREVIOUSLY b'944693'
ACTION SNIPPET 10000 1662 SEEN_PREVIOUSLY b'1751819'
ACTION SNIPPET 10000 1665 SEEN_PREVIOUSLY b'1102886'
ACTION SNIPPET 10000 1668 SEEN_PREVIOUSLY b'578930'
ACTION SNIPPET 10000 1671 SEEN_PREVIOUSLY b'932209'
ACTION SNIPPET 10000 1674 SNIPPET_NOT_RELEVANT b'268394'
ACTION SNIPPET 10000 1677 SEEN_PREVIOUSLY b'13851'
ACTION SNIPPET 10000 1680 SEEN_PREVIOUSLY b'1214751'
ACTION SNIPPET 10000 1683 SEEN_PREVIOUSLY b'1763796'
ACTION SNIPPET 10000 1686 SNIPPET_NOT_RELEVANT b'932728'
ACTION QUERY 10000 1696 women clergy egyptian
ACTION SERP 10000 1701 EXAMINE_SERP
ACTION SNIPPET 10000 1704 SNIPPET_RELEVANT b'1000713'
ACTION DOC 10000 1724 EXAMINING_DOCUMENT b'1000713'
ACTION SNIPPET 10000 1727 SNIPPET_NOT_RELEVANT b'1631779'
ACTION SNIPPET 10000 1730 SEEN_PREVIOUSLY b'944693'
ACTION SNIPPET 10000 1733 SEEN_PREVIOUSLY b'932209'
ACTION SNIPPET 10000 1736 SEEN_PREVIOUSLY b'397002'
ACTION SNIPPET 10000 1739 SNIPPET_RELEVANT b'1643046'
ACTION DOC 10000 1759 EXAMINING_DOCUMENT b'1643046'
ACTION SNIPPET 10000 1762 SEEN_PREVIOUSLY b'1565180'
ACTION SNIPPET 10000 1765 SEEN_PREVIOUSLY b'13851'
ACTION SNIPPET 10000 1768 SEEN_PREVIOUSLY b'578930'
ACTION SNIPPET 10000 1771 SEEN_PREVIOUSLY b'1751819'
ACTION QUERY 10000 1781 women clergy last
ACTION SERP 10000 1786 EXAMINE_SERP
ACTION SNIPPET 10000 1789 SEEN_PREVIOUSLY b'944693'
ACTION SNIPPET 10000 1792 SEEN_PREVIOUSLY b'932209'
ACTION SNIPPET 10000 1795 SEEN_PREVIOUSLY b'397002'
ACTION SNIPPET 10000 1798 SEEN_PREVIOUSLY b'13851'
ACTION SNIPPET 10000 1801 SEEN_PREVIOUSLY b'739814'
ACTION SNIPPET 10000 1804 SEEN_PREVIOUSLY b'1565180'
ACTION SNIPPET 10000 1807 SEEN_PREVIOUSLY b'1102886'
ACTION SNIPPET 10000 1810 SEEN_PREVIOUSLY b'578930'
ACTION SNIPPET 10000 1813 SEEN_PREVIOUSLY b'1751819'
ACTION SNIPPET 10000 1816 SEEN_PREVIOUSLY b'1214751'
ACTION QUERY 10000 1826 women clergy holy
ACTION SERP 10000 1831 EXAMINE_SERP
ACTION SNIPPET 10000 1834 SNIPPET_RELEVANT b'1378946'
ACTION DOC 10000 1854 EXAMINING_DOCUMENT b'1378946'
ACTION SNIPPET 10000 1857 SEEN_PREVIOUSLY b'739814'
ACTION SNIPPET 10000 1860 SNIPPET_RELEVANT b'27559'
ACTION DOC 10000 1880 EXAMINING_DOCUMENT b'27559'
ACTION SNIPPET 10000 1883 SEEN_PREVIOUSLY b'13851'
ACTION SNIPPET 10000 1886 SNIPPET_RELEVANT b'569760'
ACTION DOC 10000 1906 EXAMINING_DOCUMENT b'569760'
ACTION MARK 10000 1909 CONSIDERED_RELEVANT b'569760'
ACTION SNIPPET 10000 1912 SNIPPET_RELEVANT b'570446'
ACTION DOC 10000 1932 EXAMINING_DOCUMENT b'570446'
ACTION MARK 10000 1935 CONSIDERED_RELEVANT b'570446'
ACTION SNIPPET 10000 1938 SNIPPET_NOT_RELEVANT b'792823'
ACTION SNIPPET 10000 1941 SNIPPET_NOT_RELEVANT b'793050'
ACTION SNIPPET 10000 1944 SNIPPET_NOT_RELEVANT b'933617'
ACTION SNIPPET 10000 1947 SNIPPET_RELEVANT b'808601'
ACTION DOC 10000 1967 EXAMINING_DOCUMENT b'808601'
ACTION QUERY 10000 1977 women clergy banned
ACTION SERP 10000 1982 EXAMINE_SERP
ACTION SNIPPET 10000 1985 SEEN_PREVIOUSLY b'1763796'
ACTION SNIPPET 10000 1988 SNIPPET_NOT_RELEVANT b'1568232'
ACTION SNIPPET 10000 1991 SEEN_PREVIOUSLY b'624808'
ACTION SNIPPET 10000 1994 SNIPPET_RELEVANT b'402999'
ACTION DOC 10000 2014 EXAMINING_DOCUMENT b'402999'
ACTION SNIPPET 10000 2017 SNIPPET_RELEVANT b'309604'
ACTION DOC 10000 2037 EXAMINING_DOCUMENT b'309604'
ACTION SNIPPET 10000 2040 SEEN_PREVIOUSLY b'1379585'
ACTION SNIPPET 10000 2043 SNIPPET_NOT_RELEVANT b'1421201'
ACTION SNIPPET 10000 2046 SEEN_PREVIOUSLY b'944693'
ACTION SNIPPET 10000 2049 SEEN_PREVIOUSLY b'932209'
ACTION SNIPPET 10000 2052 SNIPPET_NOT_RELEVANT b'1297795'
ACTION QUERY 10000 2062 women clergy ordain
ACTION SERP 10000 2067 EXAMINE_SERP
ACTION SNIPPET 10000 2070 SEEN_PREVIOUSLY b'944693'
ACTION SNIPPET 10000 2073 SEEN_PREVIOUSLY b'13851'
ACTION SNIPPET 10000 2076 SEEN_PREVIOUSLY b'1214751'
ACTION SNIPPET 10000 2079 SEEN_PREVIOUSLY b'932209'
ACTION SNIPPET 10000 2082 SEEN_PREVIOUSLY b'1102886'
ACTION SNIPPET 10000 2085 SEEN_PREVIOUSLY b'402999'
ACTION SNIPPET 10000 2088 SNIPPET_NOT_RELEVANT b'268394'
ACTION SNIPPET 10000 2091 SEEN_PREVIOUSLY b'808601'
ACTION SNIPPET 10000 2094 SNIPPET_NOT_RELEVANT b'124514'
ACTION SNIPPET 10000 2097 SNIPPET_NOT_RELEVANT b'1785401'
ACTION QUERY 10000 2107 women clergy ordains
ACTION SERP 10000 2112 EXAMINE_SERP
ACTION SNIPPET 10000 2115 SEEN_PREVIOUSLY b'944693'
ACTION SNIPPET 10000 2118 SEEN_PREVIOUSLY b'13851'
ACTION SNIPPET 10000 2121 SEEN_PREVIOUSLY b'1214751'
ACTION SNIPPET 10000 2124 SEEN_PREVIOUSLY b'932209'
ACTION SNIPPET 10000 2127 SEEN_PREVIOUSLY b'1102886'
ACTION SNIPPET 10000 2130 SEEN_PREVIOUSLY b'402999'
ACTION SNIPPET 10000 2133 SNIPPET_NOT_RELEVANT b'268394'
ACTION SNIPPET 10000 2136 SEEN_PREVIOUSLY b'808601'
ACTION SNIPPET 10000 2139 SNIPPET_RELEVANT b'124514'
ACTION DOC 10000 2159 EXAMINING_DOCUMENT b'124514'
ACTION SNIPPET 10000 2162 SNIPPET_NOT_RELEVANT b'1785401'
ACTION QUERY 10000 2172 women clergy priests
ACTION SERP 10000 2177 EXAMINE_SERP
ACTION SNIPPET 10000 2180 SEEN_PREVIOUSLY b'1565180'
ACTION SNIPPET 10000 2183 SEEN_PREVIOUSLY b'944693'
ACTION SNIPPET 10000 2186 SNIPPET_RELEVANT b'1663842'
ACTION DOC 10000 2206 EXAMINING_DOCUMENT b'1663842'
ACTION SNIPPET 10000 2209 SNIPPET_NOT_RELEVANT b'397011'
ACTION SNIPPET 10000 2212 SEEN_PREVIOUSLY b'1214751'
ACTION SNIPPET 10000 2215 SNIPPET_RELEVANT b'565289'
ACTION DOC 10000 2235 EXAMINING_DOCUMENT b'565289'
ACTION SNIPPET 10000 2238 SEEN_PREVIOUSLY b'124514'
ACTION SNIPPET 10000 2241 SEEN_PREVIOUSLY b'402999'
ACTION SNIPPET 10000 2244 SEEN_PREVIOUSLY b'932209'
ACTION SNIPPET 10000 2247 SNIPPET_NOT_RELEVANT b'307458'
ACTION QUERY 10000 2257 women clergy anglicans
ACTION SERP 10000 2262 EXAMINE_SERP
ACTION SNIPPET 10000 2265 SEEN_PREVIOUSLY b'397002'
ACTION SNIPPET 10000 2268 SNIPPET_NOT_RELEVANT b'397011'
ACTION SNIPPET 10000 2271 SNIPPET_RELEVANT b'1524891'
ACTION DOC 10000 2291 EXAMINING_DOCUMENT b'1524891'
ACTION MARK 10000 2294 CONSIDERED_RELEVANT b'1524891'
ACTION SNIPPET 10000 2297 SEEN_PREVIOUSLY b'124514'
ACTION SNIPPET 10000 2300 SNIPPET_NOT_RELEVANT b'1509605'
ACTION SNIPPET 10000 2303 SNIPPET_RELEVANT b'17233'
ACTION DOC 10000 2323 EXAMINING_DOCUMENT b'17233'
ACTION MARK 10000 2326 CONSIDERED_RELEVANT b'17233'
ACTION SNIPPET 10000 2329 SNIPPET_RELEVANT b'1251727'
ACTION DOC 10000 2349 EXAMINING_DOCUMENT b'1251727'
ACTION SNIPPET 10000 2352 SNIPPET_NOT_RELEVANT b'1652798'
ACTION SNIPPET 10000 2355 SEEN_PREVIOUSLY b'1510928'
ACTION SNIPPET 10000 2358 SNIPPET_NOT_RELEVANT b'573305'
ACTION QUERY 10000 2368 women clergy paul
ACTION SERP 10000 2373 EXAMINE_SERP
ACTION SNIPPET 10000 2376 SEEN_PREVIOUSLY b'944693'
ACTION SNIPPET 10000 2379 SEEN_PREVIOUSLY b'1663842'
ACTION SNIPPET 10000 2382 SEEN_PREVIOUSLY b'565289'
ACTION SNIPPET 10000 2385 SEEN_PREVIOUSLY b'1378946'
ACTION SNIPPET 10000 2388 SEEN_PREVIOUSLY b'808601'
ACTION SNIPPET 10000 2391 SEEN_PREVIOUSLY b'624808'
ACTION SNIPPET 10000 2394 SNIPPET_RELEVANT b'1786227'
ACTION DOC 10000 2414 EXAMINING_DOCUMENT b'1786227'
ACTION SNIPPET 10000 2417 SNIPPET_NOT_RELEVANT b'219145'
ACTION SNIPPET 10000 2420 SNIPPET_RELEVANT b'397011'
ACTION DOC 10000 2440 EXAMINING_DOCUMENT b'397011'
ACTION SNIPPET 10000 2443 SNIPPET_NOT_RELEVANT b'79223'
ACTION QUERY 10000 2453 women clergy january
ACTION SERP 10000 2458 EXAMINE_SERP
ACTION SNIPPET 10000 2461 SEEN_PREVIOUSLY b'932209'
ACTION SNIPPET 10000 2464 SEEN_PREVIOUSLY b'944693'
ACTION SNIPPET 10000 2467 SEEN_PREVIOUSLY b'397002'
ACTION SNIPPET 10000 2470 SEEN_PREVIOUSLY b'1565180'
ACTION SNIPPET 10000 2473 SEEN_PREVIOUSLY b'13851'
ACTION SNIPPET 10000 2476 SEEN_PREVIOUSLY b'578930'
ACTION SNIPPET 10000 2479 SEEN_PREVIOUSLY b'1751819'
ACTION SNIPPET 10000 2482 SEEN_PREVIOUSLY b'739814'
ACTION SNIPPET 10000 2485 SEEN_PREVIOUSLY b'1214751'
ACTION SNIPPET 10000 2488 SEEN_PREVIOUSLY b'1102886'
ACTION QUERY 10000 2498 women clergy john
ACTION SERP 10000 2503 EXAMINE_SERP
ACTION SNIPPET 10000 2506 SEEN_PREVIOUSLY b'944693'
ACTION SNIPPET 10000 2509 SEEN_PREVIOUSLY b'1663842'
ACTION SNIPPET 10000 2512 SEEN_PREVIOUSLY b'1102886'
ACTION SNIPPET 10000 2515 SEEN_PREVIOUSLY b'932209'
ACTION SNIPPET 10000 2518 SEEN_PREVIOUSLY b'1378946'
ACTION SNIPPET 10000 2521 SEEN_PREVIOUSLY b'397002'
ACTION SNIPPET 10000 2524 SNIPPET_RELEVANT b'872271'
ACTION DOC 10000 2544 EXAMINING_DOCUMENT b'872271'
ACTION SNIPPET 10000 2547 SEEN_PREVIOUSLY b'1565180'
ACTION SNIPPET 10000 2550 SEEN_PREVIOUSLY b'624808'
ACTION SNIPPET 10000 2553 SEEN_PREVIOUSLY b'13851'
ACTION QUERY 10000 2563 women clergy archbishop
ACTION SERP 10000 2568 EXAMINE_SERP
ACTION SNIPPET 10000 2571 SEEN_PREVIOUSLY b'578930'
ACTION SNIPPET 10000 2574 SEEN_PREVIOUSLY b'338272'
ACTION SNIPPET 10000 2577 SEEN_PREVIOUSLY b'413979'
ACTION SNIPPET 10000 2580 SNIPPET_NOT_RELEVANT b'595124'
ACTION SNIPPET 10000 2583 SEEN_PREVIOUSLY b'1251727'
ACTION SNIPPET 10000 2586 SNIPPET_RELEVANT b'66116'
ACTION DOC 10000 2606 EXAMINING_DOCUMENT b'66116'
ACTION SNIPPET 10000 2609 SNIPPET_RELEVANT b'1357795'
ACTION DOC 10000 2629 EXAMINING_DOCUMENT b'1357795'
ACTION MARK 10000 2632 CONSIDERED_RELEVANT b'1357795'
ACTION SNIPPET 10000 2635 SNIPPET_RELEVANT b'703818'
ACTION DOC 10000 2655 EXAMINING_DOCUMENT b'703818'
ACTION MARK 10000 2658 CONSIDERED_RELEVANT b'703818'
ACTION SNIPPET 10000 2661 SNIPPET_RELEVANT b'260204'
ACTION DOC 10000 2681 EXAMINING_DOCUMENT b'260204'
ACTION SNIPPET 10000 2684 SNIPPET_RELEVANT b'932014'
ACTION DOC 10000 2704 EXAMINING_DOCUMENT b'932014'
ACTION QUERY 10000 2714 women clergy latvian
ACTION SERP 10000 2719 EXAMINE_SERP
ACTION SNIPPET 10000 2722 SNIPPET_RELEVANT b'1805127'
ACTION DOC 10000 2742 EXAMINING_DOCUMENT b'1805127'
ACTION SNIPPET 10000 2745 SNIPPET_NOT_RELEVANT b'469706'
ACTION SNIPPET 10000 2748 SNIPPET_RELEVANT b'165257'
ACTION DOC 10000 2768 EXAMINING_DOCUMENT b'165257'
ACTION SNIPPET 10000 2771 SNIPPET_RELEVANT b'353827'
ACTION DOC 10000 2791 EXAMINING_DOCUMENT b'353827'
ACTION SNIPPET 10000 2794 SNIPPET_NOT_RELEVANT b'471926'
ACTION SNIPPET 10000 2797 SEEN_PREVIOUSLY b'944693'
ACTION SNIPPET 10000 2800 SNIPPET_RELEVANT b'189464'
ACTION DOC 10000 2820 EXAMINING_DOCUMENT b'189464'
ACTION SNIPPET 10000 2823 SNIPPET_NOT_RELEVANT b'186287'
ACTION SNIPPET 10000 2826 SEEN_PREVIOUSLY b'932209'
ACTION SNIPPET 10000 2829 SNIPPET_NOT_RELEVANT b'1671998'
ACTION QUERY 10000 2839 women clergy pastors
ACTION SERP 10000 2844 EXAMINE_SERP
ACTION SNIPPET 10000 2847 SEEN_PREVIOUSLY b'932209'
ACTION SNIPPET 10000 2850 SNIPPET_NOT_RELEVANT b'1785401'
ACTION SNIPPET 10000 2853 SNIPPET_NOT_RELEVANT b'818929'
ACTION SNIPPET 10000 2856 SEEN_PREVIOUSLY b'1102886'
ACTION SNIPPET 10000 2859 SNIPPET_NOT_RELEVANT b'1200620'
ACTION SNIPPET 10000 2862 SNIPPET_NOT_RELEVANT b'1429178'
ACTION SNIPPET 10000 2865 SNIPPET_RELEVANT b'1300089'
ACTION DOC 10000 2885 EXAMINING_DOCUMENT b'1300089'
ACTION SNIPPET 10000 2888 SNIPPET_RELEVANT b'1368126'
ACTION DOC 10000 2908 EXAMINING_DOCUMENT b'1368126'
ACTION SNIPPET 10000 2911 SNIPPET_NOT_RELEVANT b'1714121'
ACTION SNIPPET 10000 2914 SEEN_PREVIOUSLY b'1214751'
ACTION QUERY 10000 2924 women clergy will
ACTION SERP 10000 2929 EXAMINE_SERP
ACTION SNIPPET 10000 2932 SEEN_PREVIOUSLY b'944693'
ACTION SNIPPET 10000 2935 SEEN_PREVIOUSLY b'932209'
ACTION SNIPPET 10000 2938 SEEN_PREVIOUSLY b'1565180'
ACTION SNIPPET 10000 2941 SEEN_PREVIOUSLY b'397002'
ACTION SNIPPET 10000 2944 SEEN_PREVIOUSLY b'13851'
ACTION SNIPPET 10000 2947 SEEN_PREVIOUSLY b'739814'
ACTION SNIPPET 10000 2950 SEEN_PREVIOUSLY b'578930'
ACTION SNIPPET 10000 2953 SEEN_PREVIOUSLY b'1751819'
ACTION SNIPPET 10000 2956 SEEN_PREVIOUSLY b'1102886'
ACTION SNIPPET 10000 2959 SEEN_PREVIOUSLY b'1214751'
ACTION QUERY 10000 2969 women clergy approve
ACTION SERP 10000 2974 EXAMINE_SERP
ACTION SNIPPET 10000 2977 SEEN_PREVIOUSLY b'1214751'
ACTION SNIPPET 10000 2980 SEEN_PREVIOUSLY b'739814'
ACTION SNIPPET 10000 2983 SEEN_PREVIOUSLY b'944693'
ACTION SNIPPET 10000 2986 SNIPPET_NOT_RELEVANT b'1457182'
ACTION SNIPPET 10000 2989 SNIPPET_RELEVANT b'1717961'
ACTION DOC 10000 3009 EXAMINING_DOCUMENT b'1717961'
ACTION SNIPPET 10000 3012 SNIPPET_RELEVANT b'1509605'
ACTION DOC 10000 3032 EXAMINING_DOCUMENT b'1509605'
ACTION SNIPPET 10000 3035 SEEN_PREVIOUSLY b'932209'
ACTION SNIPPET 10000 3038 SEEN_PREVIOUSLY b'808601'
ACTION SNIPPET 10000 3041 SNIPPET_RELEVANT b'1398274'
ACTION DOC 10000 3061 EXAMINING_DOCUMENT b'1398274'
ACTION SNIPPET 10000 3064 SEEN_PREVIOUSLY b'397002'
ACTION QUERY 10000 3074 women clergy known
ACTION SERP 10000 3079 EXAMINE_SERP
ACTION SNIPPET 10000 3082 SEEN_PREVIOUSLY b'739814'
ACTION SNIPPET 10000 3085 SEEN_PREVIOUSLY b'1751819'
ACTION SNIPPET 10000 3088 SEEN_PREVIOUSLY b'944693'
ACTION SNIPPET 10000 3091 SEEN_PREVIOUSLY b'932209'
ACTION SNIPPET 10000 3094 SEEN_PREVIOUSLY b'397002'
ACTION SNIPPET 10000 3097 SEEN_PREVIOUSLY b'397011'
ACTION SNIPPET 10000 3100 SEEN_PREVIOUSLY b'402999'
ACTION SNIPPET 10000 3103 SEEN_PREVIOUSLY b'1565180'
ACTION SNIPPET 10000 3106 SEEN_PREVIOUSLY b'13851'
ACTION SNIPPET 10000 3109 SEEN_PREVIOUSLY b'578930'
ACTION QUERY 10000 3119 women clergy bad
ACTION SERP 10000 3124 EXAMINE_SERP
ACTION SNIPPET 10000 3127 SEEN_PREVIOUSLY b'565289'
ACTION SNIPPET 10000 3130 SEEN_PREVIOUSLY b'944693'
ACTION SNIPPET 10000 3133 SEEN_PREVIOUSLY b'932209'
ACTION SNIPPET 10000 3136 SEEN_PREVIOUSLY b'397002'
ACTION SNIPPET 10000 3139 SEEN_PREVIOUSLY b'1565180'
ACTION SNIPPET 10000 3142 SEEN_PREVIOUSLY b'13851'
ACTION SNIPPET 10000 3145 SEEN_PREVIOUSLY b'578930'
ACTION SNIPPET 10000 3148 SEEN_PREVIOUSLY b'1751819'
ACTION SNIPPET 10000 3151 SEEN_PREVIOUSLY b'739814'
ACTION SNIPPET 10000 3154 SEEN_PREVIOUSLY b'1214751'
ACTION QUERY 10000 3164 women clergy age
ACTION SERP 10000 3169 EXAMINE_SERP
ACTION SNIPPET 10000 3172 SEEN_PREVIOUSLY b'1193154'
ACTION SNIPPET 10000 3175 SEEN_PREVIOUSLY b'1663842'
ACTION SNIPPET 10000 3178 SEEN_PREVIOUSLY b'13851'
ACTION SNIPPET 10000 3181 SEEN_PREVIOUSLY b'921466'
ACTION SNIPPET 10000 3184 SEEN_PREVIOUSLY b'944693'
ACTION SNIPPET 10000 3187 SEEN_PREVIOUSLY b'264657'
ACTION SNIPPET 10000 3190 SEEN_PREVIOUSLY b'932209'
ACTION SNIPPET 10000 3193 SEEN_PREVIOUSLY b'397002'
ACTION SNIPPET 10000 3196 SEEN_PREVIOUSLY b'1565180'
ACTION SNIPPET 10000 3199 SEEN_PREVIOUSLY b'578930'
ACTION QUERY 10000 3209 women clergy communion
ACTION SERP 10000 3214 EXAMINE_SERP
ACTION SNIPPET 10000 3217 SEEN_PREVIOUSLY b'397011'
ACTION SNIPPET 10000 3220 SEEN_PREVIOUSLY b'124514'
ACTION SNIPPET 10000 3223 SEEN_PREVIOUSLY b'1509605'
ACTION SNIPPET 10000 3226 SNIPPET_RELEVANT b'1760070'
ACTION DOC 10000 3246 EXAMINING_DOCUMENT b'1760070'
ACTION SNIPPET 10000 3249 SEEN_PREVIOUSLY b'1510928'
ACTION SNIPPET 10000 3252 SNIPPET_NOT_RELEVANT b'1652673'
ACTION SNIPPET 10000 3255 SNIPPET_RELEVANT b'1652798'
ACTION DOC 10000 3275 EXAMINING_DOCUMENT b'1652798'
ACTION SNIPPET 10000 3278 SNIPPET_RELEVANT b'1128808'
ACTION DOC 10000 3298 EXAMINING_DOCUMENT b'1128808'
ACTION SNIPPET 10000 3301 SNIPPET_RELEVANT b'162781'
ACTION DOC 10000 3321 EXAMINING_DOCUMENT b'162781'
ACTION MARK 10000 3324 CONSIDERED_RELEVANT b'162781'
ACTION SNIPPET 10000 3327 SNIPPET_NOT_RELEVANT b'1809329'
ACTION QUERY 10000 3337 women clergy browning
ACTION SERP 10000 3342 EXAMINE_SERP
ACTION SNIPPET 10000 3345 SEEN_PREVIOUSLY b'944693'
ACTION SNIPPET 10000 3348 SNIPPET_NOT_RELEVANT b'613365'
ACTION SNIPPET 10000 3351 SEEN_PREVIOUSLY b'932209'
ACTION SNIPPET 10000 3354 SEEN_PREVIOUSLY b'739814'
ACTION SNIPPET 10000 3357 SEEN_PREVIOUSLY b'397002'
ACTION SNIPPET 10000 3360 SEEN_PREVIOUSLY b'1565180'
ACTION SNIPPET 10000 3363 SEEN_PREVIOUSLY b'13851'
ACTION SNIPPET 10000 3366 SEEN_PREVIOUSLY b'578930'
ACTION SNIPPET 10000 3369 SEEN_PREVIOUSLY b'1751819'
ACTION SNIPPET 10000 3372 SEEN_PREVIOUSLY b'1214751'
ACTION QUERY 10000 3382 women clergy living
ACTION SERP 10000 3387 EXAMINE_SERP
ACTION SNIPPET 10000 3390 SEEN_PREVIOUSLY b'1214751'
ACTION SNIPPET 10000 3393 SEEN_PREVIOUSLY b'13851'
ACTION SNIPPET 10000 3396 SEEN_PREVIOUSLY b'944693'
ACTION SNIPPET 10000 3399 SEEN_PREVIOUSLY b'932209'
ACTION SNIPPET 10000 3402 SEEN_PREVIOUSLY b'565289'
ACTION SNIPPET 10000 3405 SEEN_PREVIOUSLY b'397002'
ACTION SNIPPET 10000 3408 SEEN_PREVIOUSLY b'1565180'
ACTION SNIPPET 10000 3411 SEEN_PREVIOUSLY b'578930'
ACTION SNIPPET 10000 3414 SEEN_PREVIOUSLY b'1751819'
ACTION SNIPPET 10000 3417 SEEN_PREVIOUSLY b'739814'
ACTION QUERY 10000 3427 women clergy clergy
ACTION SERP 10000 3432 EXAMINE_SERP
ACTION SNIPPET 10000 3435 SEEN_PREVIOUSLY b'944693'
ACTION SNIPPET 10000 3438 SEEN_PREVIOUSLY b'932209'
ACTION SNIPPET 10000 3441 SEEN_PREVIOUSLY b'1565180'
ACTION SNIPPET 10000 3444 SEEN_PREVIOUSLY b'397002'
ACTION SNIPPET 10000 3447 SEEN_PREVIOUSLY b'739814'
ACTION SNIPPET 10000 3450 SEEN_PREVIOUSLY b'1751819'
ACTION SNIPPET 10000 3453 SEEN_PREVIOUSLY b'13851'
ACTION SNIPPET 10000 3456 SEEN_PREVIOUSLY b'578930'
ACTION SNIPPET 10000 3459 SNIPPET_RELEVANT b'268394'
ACTION DOC 10000 3479 EXAMINING_DOCUMENT b'268394'
ACTION SNIPPET 10000 3482 SNIPPET_NOT_RELEVANT b'613365'
ACTION QUERY 10000 3492 women clergy struggling
ACTION SERP 10000 3497 EXAMINE_SERP
ACTION SNIPPET 10000 3500 SEEN_PREVIOUSLY b'13851'
ACTION SNIPPET 10000 3503 SEEN_PREVIOUSLY b'932209'
ACTION SNIPPET 10000 3506 SEEN_PREVIOUSLY b'739814'
ACTION SNIPPET 10000 3509 SEEN_PREVIOUSLY b'921466'
ACTION SNIPPET 10000 3512 SEEN_PREVIOUSLY b'1102886'
ACTION SNIPPET 10000 3515 SNIPPET_RELEVANT b'18131'
ACTION DOC 10000 3535 EXAMINING_DOCUMENT b'18131'
ACTION SNIPPET 10000 3538 SEEN_PREVIOUSLY b'944693'
ACTION SNIPPET 10000 3541 SEEN_PREVIOUSLY b'397002'
ACTION SNIPPET 10000 3544 SEEN_PREVIOUSLY b'1565180'
ACTION SNIPPET 10000 3547 SNIPPET_NOT_RELEVANT b'1785401'
ACTION QUERY 10000 3557 women clergy parish
ACTION SERP 10000 3562 EXAMINE_SERP
ACTION SNIPPET 10000 3565 SEEN_PREVIOUSLY b'13851'
ACTION SNIPPET 10000 3568 SEEN_PREVIOUSLY b'578930'
ACTION SNIPPET 10000 3571 SNIPPET_RELEVANT b'1432352'
ACTION DOC 10000 3591 EXAMINING_DOCUMENT b'1432352'
ACTION SNIPPET 10000 3594 SEEN_PREVIOUSLY b'413979'
ACTION SNIPPET 10000 3597 SNIPPET_NOT_RELEVANT b'300234'
ACTION SNIPPET 10000 3600 SEEN_PREVIOUSLY b'1102886'
ACTION SNIPPET 10000 3603 SNIPPET_NOT_RELEVANT b'181601'
ACTION SNIPPET 10000 3606 SNIPPET_NOT_RELEVANT b'1546756'
ACTION SNIPPET 10000 3609 SEEN_PREVIOUSLY b'932209'
ACTION SNIPPET 10000 3612 SEEN_PREVIOUSLY b'739814'
ACTION QUERY 10000 3622 women clergy government
ACTION SERP 10000 3627 EXAMINE_SERP
ACTION SNIPPET 10000 3630 SNIPPET_RELEVANT b'1457182'
ACTION DOC 10000 3650 EXAMINING_DOCUMENT b'1457182'
ACTION SNIPPET 10000 3653 SNIPPET_RELEVANT b'154506'
ACTION DOC 10000 3673 EXAMINING_DOCUMENT b'154506'
ACTION SNIPPET 10000 3676 SEEN_PREVIOUSLY b'944693'
ACTION SNIPPET 10000 3679 SEEN_PREVIOUSLY b'932209'
ACTION SNIPPET 10000 3682 SEEN_PREVIOUSLY b'397002'
ACTION SNIPPET 10000 3685 SEEN_PREVIOUSLY b'1565180'
ACTION SNIPPET 10000 3688 SEEN_PREVIOUSLY b'13851'
ACTION SNIPPET 10000 3691 SEEN_PREVIOUSLY b'578930'
ACTION SNIPPET 10000 3694 SEEN_PREVIOUSLY b'1751819'
ACTION SNIPPET 10000 3697 SEEN_PREVIOUSLY b'739814'
ACTION QUERY 10000 3707 women clergy deacons
ACTION SERP 10000 3712 EXAMINE_SERP
ACTION SNIPPET 10000 3715 SEEN_PREVIOUSLY b'808601'
ACTION SNIPPET 10000 3718 SEEN_PREVIOUSLY b'1193154'
ACTION SNIPPET 10000 3721 SEEN_PREVIOUSLY b'402999'
ACTION SNIPPET 10000 3724 SNIPPET_NOT_RELEVANT b'288608'
ACTION SNIPPET 10000 3727 SNIPPET_NOT_RELEVANT b'1709326'
ACTION SNIPPET 10000 3730 SNIPPET_NOT_RELEVANT b'740207'
ACTION SNIPPET 10000 3733 SNIPPET_NOT_RELEVANT b'738339'
ACTION SNIPPET 10000 3736 SNIPPET_NOT_RELEVANT b'851814'
ACTION SNIPPET 10000 3739 SNIPPET_NOT_RELEVANT b'853851'
ACTION SNIPPET 10000 3742 SNIPPET_NOT_RELEVANT b'287692'
ACTION QUERY 10000 3752 women clergy synod
ACTION SERP 10000 3757 EXAMINE_SERP
ACTION SNIPPET 10000 3760 SNIPPET_NOT_RELEVANT b'79223'
ACTION SNIPPET 10000 3763 SNIPPET_RELEVANT b'181601'
ACTION DOC 10000 3783 EXAMINING_DOCUMENT b'181601'
ACTION SNIPPET 10000 3786 SNIPPET_NOT_RELEVANT b'387999'
ACTION SNIPPET 10000 3789 SNIPPET_NOT_RELEVANT b'1297795'
ACTION SNIPPET 10000 3792 SNIPPET_NOT_RELEVANT b'397010'
ACTION SNIPPET 10000 3795 SNIPPET_RELEVANT b'1694340'
ACTION DOC 10000 3815 EXAMINING_DOCUMENT b'1694340'
ACTION SNIPPET 10000 3818 SNIPPET_NOT_RELEVANT b'1709326'
ACTION SNIPPET 10000 3821 SEEN_PREVIOUSLY b'183160'
ACTION SNIPPET 10000 3824 SNIPPET_RELEVANT b'1125221'
ACTION DOC 10000 3844 EXAMINING_DOCUMENT b'1125221'
ACTION SNIPPET 10000 3847 SNIPPET_NOT_RELEVANT b'1707787'
ACTION QUERY 10000 3857 women clergy priesthood
ACTION SERP 10000 3862 EXAMINE_SERP
ACTION SNIPPET 10000 3865 SEEN_PREVIOUSLY b'944693'
ACTION SNIPPET 10000 3868 SEEN_PREVIOUSLY b'578930'
ACTION SNIPPET 10000 3871 SNIPPET_RELEVANT b'1665962'
ACTION DOC 10000 3891 EXAMINING_DOCUMENT b'1665962'
ACTION SNIPPET 10000 3894 SEEN_PREVIOUSLY b'413979'
ACTION SNIPPET 10000 3897 SNIPPET_NOT_RELEVANT b'397010'
ACTION SNIPPET 10000 3900 SEEN_PREVIOUSLY b'1717961'
ACTION SNIPPET 10000 3903 SNIPPET_NOT_RELEVANT b'1564618'
ACTION SNIPPET 10000 3906 SEEN_PREVIOUSLY b'808601'
ACTION SNIPPET 10000 3909 SNIPPET_NOT_RELEVANT b'1378943'
ACTION SNIPPET 10000 3912 SEEN_PREVIOUSLY b'1214751'
ACTION QUERY 10000 3922 women clergy eligible
ACTION SERP 10000 3927 EXAMINE_SERP
ACTION SNIPPET 10000 3930 SNIPPET_NOT_RELEVANT b'868905'
ACTION SNIPPET 10000 3933 SEEN_PREVIOUSLY b'808601'
ACTION SNIPPET 10000 3936 SEEN_PREVIOUSLY b'944693'
ACTION SNIPPET 10000 3939 SEEN_PREVIOUSLY b'932209'
ACTION SNIPPET 10000 3942 SEEN_PREVIOUSLY b'397002'
ACTION SNIPPET 10000 3945 SEEN_PREVIOUSLY b'1565180'
ACTION SNIPPET 10000 3948 SEEN_PREVIOUSLY b'13851'
ACTION SNIPPET 10000 3951 SNIPPET_NOT_RELEVANT b'898976'
ACTION SNIPPET 10000 3954 SEEN_PREVIOUSLY b'578930'
ACTION SNIPPET 10000 3957 SEEN_PREVIOUSLY b'1751819'
ACTION QUERY 10000 3967 women clergy churches
ACTION SERP 10000 3972 EXAMINE_SERP
ACTION SNIPPET 10000 3975 SEEN_PREVIOUSLY b'944693'
ACTION SNIPPET 10000 3978 SEEN_PREVIOUSLY b'932209'
ACTION SNIPPET 10000 3981 SEEN_PREVIOUSLY b'578930'
ACTION SNIPPET 10000 3984 SEEN_PREVIOUSLY b'13851'
ACTION SNIPPET 10000 3987 SEEN_PREVIOUSLY b'739814'
ACTION SNIPPET 10000 3990 SEEN_PREVIOUSLY b'397002'
ACTION SNIPPET 10000 3993 SEEN_PREVIOUSLY b'1214751'
ACTION SNIPPET 10000 3996 SEEN_PREVIOUSLY b'1102886'
ACTION SNIPPET 10000 3999 SEEN_PREVIOUSLY b'1193154'
ACTION SNIPPET 10000 4002 SEEN_PREVIOUSLY b'1751819'
ACTION QUERY 10000 4012 women clergy called
ACTION SERP 10000 4017 EXAMINE_SERP
ACTION SNIPPET 10000 4020 SEEN_PREVIOUSLY b'932209'
ACTION SNIPPET 10000 4023 SEEN_PREVIOUSLY b'944693'
ACTION SNIPPET 10000 4026 SEEN_PREVIOUSLY b'13851'
ACTION SNIPPET 10000 4029 SEEN_PREVIOUSLY b'1751819'
ACTION SNIPPET 10000 4032 SEEN_PREVIOUSLY b'1102886'
ACTION SNIPPET 10000 4035 SEEN_PREVIOUSLY b'1193154'
ACTION SNIPPET 10000 4038 SEEN_PREVIOUSLY b'397002'
ACTION SNIPPET 10000 4041 SNIPPET_NOT_RELEVANT b'613365'
ACTION SNIPPET 10000 4044 SEEN_PREVIOUSLY b'1565180'
ACTION SNIPPET 10000 4047 SEEN_PREVIOUSLY b'268394'
ACTION QUERY 10000 4057 women clergy gilles
ACTION SERP 10000 4062 EXAMINE_SERP
ACTION SNIPPET 10000 4065 SNIPPET_NOT_RELEVANT b'443899'
ACTION SNIPPET 10000 4068 SNIPPET_RELEVANT b'871072'
ACTION DOC 10000 4088 EXAMINING_DOCUMENT b'871072'
ACTION SNIPPET 10000 4091 SEEN_PREVIOUSLY b'944693'
ACTION SNIPPET 10000 4094 SEEN_PREVIOUSLY b'932209'
ACTION SNIPPET 10000 4097 SNIPPET_RELEVANT b'1510710'
ACTION DOC 10000 4117 EXAMINING_DOCUMENT b'1510710'
ACTION SNIPPET 10000 4120 SEEN_PREVIOUSLY b'397002'
ACTION SNIPPET 10000 4123 SEEN_PREVIOUSLY b'1565180'
ACTION SNIPPET 10000 4126 SEEN_PREVIOUSLY b'13851'
ACTION SNIPPET 10000 4129 SNIPPET_NOT_RELEVANT b'26232'
ACTION SNIPPET 10000 4132 SEEN_PREVIOUSLY b'578930'
ACTION QUERY 10000 4142 women clergy united
ACTION SERP 10000 4147 EXAMINE_SERP
ACTION SNIPPET 10000 4150 SEEN_PREVIOUSLY b'932209'
ACTION SNIPPET 10000 4153 SEEN_PREVIOUSLY b'13851'
ACTION SNIPPET 10000 4156 SEEN_PREVIOUSLY b'1193154'
ACTION SNIPPET 10000 4159 SEEN_PREVIOUSLY b'944693'
ACTION SNIPPET 10000 4162 SEEN_PREVIOUSLY b'1751819'
ACTION SNIPPET 10000 4165 SEEN_PREVIOUSLY b'1663842'
ACTION SNIPPET 10000 4168 SEEN_PREVIOUSLY b'397002'
ACTION SNIPPET 10000 4171 SNIPPET_NOT_RELEVANT b'1785401'
ACTION SNIPPET 10000 4174 SEEN_PREVIOUSLY b'1565180'
ACTION SNIPPET 10000 4177 SEEN_PREVIOUSLY b'578930'
ACTION QUERY 10000 4187 women clergy serve
ACTION SERP 10000 4192 EXAMINE_SERP
ACTION SNIPPET 10000 4195 SEEN_PREVIOUSLY b'932209'
ACTION SNIPPET 10000 4198 SEEN_PREVIOUSLY b'13851'
ACTION SNIPPET 10000 4201 SEEN_PREVIOUSLY b'944693'
ACTION SNIPPET 10000 4204 SNIPPET_NOT_RELEVANT b'613365'
ACTION SNIPPET 10000 4207 SEEN_PREVIOUSLY b'1102886'
ACTION SNIPPET 10000 4210 SEEN_PREVIOUSLY b'397011'
ACTION SNIPPET 10000 4213 SNIPPET_RELEVANT b'932728'
ACTION DOC 10000 4233 EXAMINING_DOCUMENT b'932728'
ACTION SNIPPET 10000 4236 SEEN_PREVIOUSLY b'808601'
ACTION SNIPPET 10000 4239 SEEN_PREVIOUSLY b'1373536'
ACTION SNIPPET 10000 4242 SEEN_PREVIOUSLY b'397002'
ACTION QUERY 10000 4252 women clergy youngest
ACTION SERP 10000 4257 EXAMINE_SERP
ACTION SNIPPET 10000 4260 SEEN_PREVIOUSLY b'944693'
ACTION SNIPPET 10000 4263 SEEN_PREVIOUSLY b'932209'
ACTION SNIPPET 10000 4266 SEEN_PREVIOUSLY b'397002'
ACTION SNIPPET 10000 4269 SEEN_PREVIOUSLY b'1565180'
ACTION SNIPPET 10000 4272 SNIPPET_NOT_RELEVANT b'1176878'
ACTION SNIPPET 10000 4275 SEEN_PREVIOUSLY b'13851'
ACTION SNIPPET 10000 4278 SEEN_PREVIOUSLY b'578930'
ACTION SNIPPET 10000 4281 SEEN_PREVIOUSLY b'1751819'
ACTION SNIPPET 10000 4284 SEEN_PREVIOUSLY b'739814'
ACTION SNIPPET 10000 4287 SEEN_PREVIOUSLY b'1214751'
ACTION QUERY 10000 4297 women clergy current
ACTION SERP 10000 4302 EXAMINE_SERP
ACTION SNIPPET 10000 4305 SEEN_PREVIOUSLY b'739814'
ACTION SNIPPET 10000 4308 SEEN_PREVIOUSLY b'944693'
ACTION SNIPPET 10000 4311 SEEN_PREVIOUSLY b'932209'
ACTION SNIPPET 10000 4314 SEEN_PREVIOUSLY b'397002'
ACTION SNIPPET 10000 4317 SEEN_PREVIOUSLY b'1565180'
ACTION SNIPPET 10000 4320 SNIPPET_NOT_RELEVANT b'982877'
ACTION SNIPPET 10000 4323 SEEN_PREVIOUSLY b'13851'
ACTION SNIPPET 10000 4326 SEEN_PREVIOUSLY b'1457182'
ACTION SNIPPET 10000 4329 SEEN_PREVIOUSLY b'578930'
ACTION SNIPPET 10000 4332 SEEN_PREVIOUSLY b'1751819'
ACTION QUERY 10000 4342 women clergy bodies
ACTION SERP 10000 4347 EXAMINE_SERP
ACTION SNIPPET 10000 4350 SEEN_PREVIOUSLY b'944693'
ACTION SNIPPET 10000 4353 SEEN_PREVIOUSLY b'1102886'
ACTION SNIPPET 10000 4356 SEEN_PREVIOUSLY b'1214751'
ACTION SNIPPET 10000 4359 SEEN_PREVIOUSLY b'932209'
ACTION SNIPPET 10000 4362 SEEN_PREVIOUSLY b'1251727'
ACTION SNIPPET 10000 4365 SNIPPET_NOT_RELEVANT b'1200620'
ACTION SNIPPET 10000 4368 SNIPPET_RELEVANT b'180508'
ACTION DOC 10000 4388 EXAMINING_DOCUMENT b'180508'
ACTION SNIPPET 10000 4391 SNIPPET_NOT_RELEVANT b'1530391'
ACTION SNIPPET 10000 4394 SEEN_PREVIOUSLY b'397002'
ACTION SNIPPET 10000 4397 SEEN_PREVIOUSLY b'1565180'
ACTION QUERY 10000 4407 women clergy anglican
ACTION SERP 10000 4412 EXAMINE_SERP
ACTION SNIPPET 10000 4415 SEEN_PREVIOUSLY b'397002'
ACTION SNIPPET 10000 4418 SEEN_PREVIOUSLY b'397011'
ACTION SNIPPET 10000 4421 SEEN_PREVIOUSLY b'124514'
ACTION SNIPPET 10000 4424 SEEN_PREVIOUSLY b'1509605'
ACTION SNIPPET 10000 4427 SEEN_PREVIOUSLY b'1251727'
ACTION SNIPPET 10000 4430 SEEN_PREVIOUSLY b'1652798'
ACTION SNIPPET 10000 4433 SEEN_PREVIOUSLY b'1510928'
ACTION SNIPPET 10000 4436 SNIPPET_NOT_RELEVANT b'573305'
ACTION SNIPPET 10000 4439 SNIPPET_NOT_RELEVANT b'738339'
ACTION SNIPPET 10000 4442 SNIPPET_RELEVANT b'287901'
ACTION DOC 10000 4462 EXAMINING_DOCUMENT b'287901'
ACTION MARK 10000 4465 CONSIDERED_RELEVANT b'287901'
ACTION QUERY 10000 4475 women clergy robert
ACTION SERP 10000 4480 EXAMINE_SERP
ACTION SNIPPET 10000 4483 SEEN_PREVIOUSLY b'944693'
ACTION SNIPPET 10000 4486 SEEN_PREVIOUSLY b'932209'
ACTION SNIPPET 10000 4489 SEEN_PREVIOUSLY b'397002'
ACTION SNIPPET 10000 4492 SEEN_PREVIOUSLY b'932728'
ACTION SNIPPET 10000 4495 SEEN_PREVIOUSLY b'1565180'
ACTION SNIPPET 10000 4498 SEEN_PREVIOUSLY b'13851'
ACTION SNIPPET 10000 4501 SEEN_PREVIOUSLY b'578930'
ACTION SNIPPET 10000 4504 SEEN_PREVIOUSLY b'1751819'
ACTION SNIPPET 10000 4507 SEEN_PREVIOUSLY b'739814'
ACTION SNIPPET 10000 4510 SEEN_PREVIOUSLY b'1214751'
ACTION QUERY 10000 4520 women clergy permitted
ACTION SERP 10000 4525 EXAMINE_SERP
ACTION SNIPPET 10000 4528 SEEN_PREVIOUSLY b'944693'
ACTION SNIPPET 10000 4531 SNIPPET_NOT_RELEVANT b'868905'
ACTION SNIPPET 10000 4534 SEEN_PREVIOUSLY b'1751819'
ACTION SNIPPET 10000 4537 SEEN_PREVIOUSLY b'1251727'
ACTION SNIPPET 10000 4540 SEEN_PREVIOUSLY b'13851'
ACTION SNIPPET 10000 4543 SEEN_PREVIOUSLY b'397011'
ACTION SNIPPET 10000 4546 SEEN_PREVIOUSLY b'1663842'
ACTION SNIPPET 10000 4549 SEEN_PREVIOUSLY b'402999'
ACTION SNIPPET 10000 4552 SNIPPET_NOT_RELEVANT b'541784'
ACTION SNIPPET 10000 4555 SNIPPET_NOT_RELEVANT b'541785'
ACTION QUERY 10000 4565 women clergy long
ACTION SERP 10000 4570 EXAMINE_SERP
ACTION SNIPPET 10000 4573 SEEN_PREVIOUSLY b'1565180'
ACTION SNIPPET 10000 4576 SEEN_PREVIOUSLY b'397002'
ACTION SNIPPET 10000 4579 SEEN_PREVIOUSLY b'1214751'
ACTION SNIPPET 10000 4582 SEEN_PREVIOUSLY b'13851'
ACTION SNIPPET 10000 4585 SEEN_PREVIOUSLY b'944693'
ACTION SNIPPET 10000 4588 SEEN_PREVIOUSLY b'932209'
ACTION SNIPPET 10000 4591 SEEN_PREVIOUSLY b'1102886'
ACTION SNIPPET 10000 4594 SEEN_PREVIOUSLY b'932728'
ACTION SNIPPET 10000 4597 SEEN_PREVIOUSLY b'578930'
ACTION SNIPPET 10000 4600 SEEN_PREVIOUSLY b'1751819'
ACTION QUERY 10000 4610 women clergy affect
ACTION SERP 10000 4615 EXAMINE_SERP
ACTION SNIPPET 10000 4618 SEEN_PREVIOUSLY b'1214751'
ACTION SNIPPET 10000 4621 SEEN_PREVIOUSLY b'397011'
ACTION SNIPPET 10000 4624 SNIPPET_NOT_RELEVANT b'1200620'
ACTION SNIPPET 10000 4627 SEEN_PREVIOUSLY b'944693'
ACTION SNIPPET 10000 4630 SEEN_PREVIOUSLY b'932209'
ACTION SNIPPET 10000 4633 SEEN_PREVIOUSLY b'154506'
ACTION SNIPPET 10000 4636 SEEN_PREVIOUSLY b'397002'
ACTION SNIPPET 10000 4639 SNIPPET_NOT_RELEVANT b'921018'
ACTION SNIPPET 10000 4642 SEEN_PREVIOUSLY b'1565180'
ACTION SNIPPET 10000 4645 SEEN_PREVIOUSLY b'13851'
ACTION QUERY 10000 4655 women clergy priestess
ACTION SERP 10000 4660 EXAMINE_SERP
ACTION SNIPPET 10000 4663 SNIPPET_NOT_RELEVANT b'428807'
ACTION SNIPPET 10000 4666 SNIPPET_NOT_RELEVANT b'665554'
ACTION SNIPPET 10000 4669 SNIPPET_NOT_RELEVANT b'665549'
ACTION SNIPPET 10000 4672 SNIPPET_NOT_RELEVANT b'665546'
ACTION SNIPPET 10000 4675 SNIPPET_NOT_RELEVANT b'799730'
ACTION SNIPPET 10000 4678 SNIPPET_NOT_RELEVANT b'799925'
ACTION SNIPPET 10000 4681 SNIPPET_RELEVANT b'153407'
ACTION DOC 10000 4701 EXAMINING_DOCUMENT b'153407'
ACTION SNIPPET 10000 4704 SNIPPET_NOT_RELEVANT b'1142535'
ACTION SNIPPET 10000 4707 SNIPPET_RELEVANT b'1839260'
ACTION DOC 10000 4727 EXAMINING_DOCUMENT b'1839260'
ACTION SNIPPET 10000 4730 SEEN_PREVIOUSLY b'944693'
ACTION QUERY 10000 4740 women clergy whats
ACTION SERP 10000 4745 EXAMINE_SERP
ACTION SNIPPET 10000 4748 SNIPPET_NOT_RELEVANT b'75700'
ACTION SNIPPET 10000 4751 SNIPPET_RELEVANT b'1132598'
ACTION DOC 10000 4771 EXAMINING_DOCUMENT b'1132598'
ACTION SNIPPET 10000 4774 SEEN_PREVIOUSLY b'944693'
ACTION SNIPPET 10000 4777 SEEN_PREVIOUSLY b'932209'
ACTION SNIPPET 10000 4780 SNIPPET_NOT_RELEVANT b'1493306'
ACTION SNIPPET 10000 4783 SNIPPET_NOT_RELEVANT b'873496'
ACTION SNIPPET 10000 4786 SEEN_PREVIOUSLY b'397002'
ACTION SNIPPET 10000 4789 SEEN_PREVIOUSLY b'1565180'
ACTION SNIPPET 10000 4792 SNIPPET_RELEVANT b'635272'
ACTION DOC 10000 4812 EXAMINING_DOCUMENT b'635272'
ACTION SNIPPET 10000 4815 SEEN_PREVIOUSLY b'13851'
ACTION QUERY 10000 4825 women clergy influenced
ACTION SERP 10000 4830 EXAMINE_SERP
ACTION SNIPPET 10000 4833 SEEN_PREVIOUSLY b'1102886'
ACTION SNIPPET 10000 4836 SEEN_PREVIOUSLY b'932728'
ACTION SNIPPET 10000 4839 SEEN_PREVIOUSLY b'944693'
ACTION SNIPPET 10000 4842 SEEN_PREVIOUSLY b'932209'
ACTION SNIPPET 10000 4845 SNIPPET_RELEVANT b'933624'
ACTION DOC 10000 4865 EXAMINING_DOCUMENT b'933624'
ACTION SNIPPET 10000 4868 SEEN_PREVIOUSLY b'1398274'
ACTION SNIPPET 10000 4871 SEEN_PREVIOUSLY b'397002'
ACTION SNIPPET 10000 4874 SNIPPET_NOT_RELEVANT b'405288'
ACTION SNIPPET 10000 4877 SEEN_PREVIOUSLY b'1565180'
ACTION SNIPPET 10000 4880 SNIPPET_NOT_RELEVANT b'1474253'
ACTION QUERY 10000 4890 women clergy choose
ACTION SERP 10000 4895 EXAMINE_SERP
ACTION SNIPPET 10000 4898 SEEN_PREVIOUSLY b'1663842'
ACTION SNIPPET 10000 4901 SEEN_PREVIOUSLY b'624808'
ACTION SNIPPET 10000 4904 SNIPPET_NOT_RELEVANT b'1378949'
ACTION SNIPPET 10000 4907 SEEN_PREVIOUSLY b'1457182'
ACTION SNIPPET 10000 4910 SEEN_PREVIOUSLY b'944693'
ACTION SNIPPET 10000 4913 SNIPPET_NOT_RELEVANT b'600723'
ACTION SNIPPET 10000 4916 SEEN_PREVIOUSLY b'932209'
ACTION SNIPPET 10000 4919 SEEN_PREVIOUSLY b'124514'
ACTION SNIPPET 10000 4922 SEEN_PREVIOUSLY b'1509605'
ACTION SNIPPET 10000 4925 SEEN_PREVIOUSLY b'397002'
ACTION QUERY 10000 4935 women clergy archibald
ACTION SERP 10000 4940 EXAMINE_SERP
ACTION SNIPPET 10000 4943 SNIPPET_NOT_RELEVANT b'1326384'
ACTION SNIPPET 10000 4946 SNIPPET_NOT_RELEVANT b'1400680'
ACTION SNIPPET 10000 4949 SEEN_PREVIOUSLY b'944693'
ACTION SNIPPET 10000 4952 SEEN_PREVIOUSLY b'932209'
ACTION SNIPPET 10000 4955 SEEN_PREVIOUSLY b'397002'
ACTION SNIPPET 10000 4958 SEEN_PREVIOUSLY b'1565180'
ACTION SNIPPET 10000 4961 SEEN_PREVIOUSLY b'13851'
ACTION SNIPPET 10000 4964 SEEN_PREVIOUSLY b'578930'
ACTION SNIPPET 10000 4967 SEEN_PREVIOUSLY b'1751819'
ACTION SNIPPET 10000 4970 SEEN_PREVIOUSLY b'739814'
ACTION QUERY 10000 4980 women clergy nationality
ACTION SERP 10000 4985 EXAMINE_SERP
ACTION SNIPPET 10000 4988 SEEN_PREVIOUSLY b'944693'
ACTION SNIPPET 10000 4991 SEEN_PREVIOUSLY b'13851'
ACTION SNIPPET 10000 4994 SEEN_PREVIOUSLY b'1193154'
ACTION SNIPPET 10000 4997 SEEN_PREVIOUSLY b'932209'
ACTION SNIPPET 10000 5000 SEEN_PREVIOUSLY b'1102886'
ACTION SNIPPET 10000 5003 SEEN_PREVIOUSLY b'739814'
ACTION SNIPPET 10000 5006 SNIPPET_NOT_RELEVANT b'613365'
ACTION SNIPPET 10000 5009 SEEN_PREVIOUSLY b'397002'
ACTION SNIPPET 10000 5012 SEEN_PREVIOUSLY b'1565180'
ACTION SNIPPET 10000 5015 SEEN_PREVIOUSLY b'578930'
ACTION QUERY 10000 5025 women clergy oldest
ACTION SERP 10000 5030 EXAMINE_SERP
ACTION SNIPPET 10000 5033 SEEN_PREVIOUSLY b'944693'
ACTION SNIPPET 10000 5036 SEEN_PREVIOUSLY b'1786227'
ACTION SNIPPET 10000 5039 SEEN_PREVIOUSLY b'932209'
ACTION SNIPPET 10000 5042 SEEN_PREVIOUSLY b'397002'
ACTION SNIPPET 10000 5045 SEEN_PREVIOUSLY b'1565180'
ACTION SNIPPET 10000 5048 SEEN_PREVIOUSLY b'13851'
ACTION SNIPPET 10000 5051 SEEN_PREVIOUSLY b'578930'
ACTION SNIPPET 10000 5054 SEEN_PREVIOUSLY b'1751819'
ACTION SNIPPET 10000 5057 SEEN_PREVIOUSLY b'739814'
ACTION SNIPPET 10000 5060 SEEN_PREVIOUSLY b'1214751'
ACTION QUERY 10000 5070 women clergy split
ACTION SERP 10000 5075 EXAMINE_SERP
ACTION SNIPPET 10000 5078 SEEN_PREVIOUSLY b'944693'
ACTION SNIPPET 10000 5081 SEEN_PREVIOUSLY b'932209'
ACTION SNIPPET 10000 5084 SNIPPET_NOT_RELEVANT b'12629'
ACTION SNIPPET 10000 5087 SEEN_PREVIOUSLY b'397002'
ACTION SNIPPET 10000 5090 SEEN_PREVIOUSLY b'1565180'
ACTION SNIPPET 10000 5093 SEEN_PREVIOUSLY b'13851'
ACTION SNIPPET 10000 5096 SEEN_PREVIOUSLY b'578930'
ACTION SNIPPET 10000 5099 SEEN_PREVIOUSLY b'1751819'
ACTION SNIPPET 10000 5102 SEEN_PREVIOUSLY b'739814'
ACTION SNIPPET 10000 5105 SEEN_PREVIOUSLY b'1214751'
ACTION QUERY 10000 5115 women clergy today
ACTION SERP 10000 5120 EXAMINE_SERP
ACTION SNIPPET 10000 5123 SEEN_PREVIOUSLY b'944693'
ACTION SNIPPET 10000 5126 SEEN_PREVIOUSLY b'932209'
ACTION SNIPPET 10000 5129 SEEN_PREVIOUSLY b'1214751'
ACTION SNIPPET 10000 5132 SEEN_PREVIOUSLY b'1193154'
ACTION SNIPPET 10000 5135 SNIPPET_NOT_RELEVANT b'613365'
ACTION SNIPPET 10000 5138 SEEN_PREVIOUSLY b'397002'
ACTION SNIPPET 10000 5141 SEEN_PREVIOUSLY b'1565180'
ACTION SNIPPET 10000 5144 SEEN_PREVIOUSLY b'13851'
ACTION SNIPPET 10000 5147 SEEN_PREVIOUSLY b'1663842'
ACTION SNIPPET 10000 5150 SEEN_PREVIOUSLY b'578930'
ACTION QUERY 10000 5160 women clergy day
ACTION SERP 10000 5165 EXAMINE_SERP
ACTION SNIPPET 10000 5168 SEEN_PREVIOUSLY b'944693'
ACTION SNIPPET 10000 5171 SEEN_PREVIOUSLY b'739814'
ACTION SNIPPET 10000 5174 SEEN_PREVIOUSLY b'932209'
ACTION SNIPPET 10000 5177 SEEN_PREVIOUSLY b'1751819'
ACTION SNIPPET 10000 5180 SEEN_PREVIOUSLY b'397002'
ACTION SNIPPET 10000 5183 SEEN_PREVIOUSLY b'1565180'
ACTION SNIPPET 10000 5186 SEEN_PREVIOUSLY b'13851'
ACTION SNIPPET 10000 5189 SNIPPET_NOT_RELEVANT b'1785321'
ACTION SNIPPET 10000 5192 SEEN_PREVIOUSLY b'578930'
ACTION SNIPPET 10000 5195 SEEN_PREVIOUSLY b'1214751'
ACTION QUERY 10000 5205 women clergy carey
ACTION SERP 10000 5210 EXAMINE_SERP
ACTION SNIPPET 10000 5213 SNIPPET_RELEVANT b'860055'
ACTION DOC 10000 5233 EXAMINING_DOCUMENT b'860055'
ACTION SNIPPET 10000 5236 SEEN_PREVIOUSLY b'944693'
ACTION SNIPPET 10000 5239 SEEN_PREVIOUSLY b'932209'
ACTION SNIPPET 10000 5242 SEEN_PREVIOUSLY b'397002'
ACTION SNIPPET 10000 5245 SEEN_PREVIOUSLY b'1565180'
ACTION SNIPPET 10000 5248 SEEN_PREVIOUSLY b'13851'
ACTION SNIPPET 10000 5251 SNIPPET_NOT_RELEVANT b'865431'
ACTION SNIPPET 10000 5254 SNIPPET_NOT_RELEVANT b'754721'
ACTION SNIPPET 10000 5257 SNIPPET_RELEVANT b'865274'
ACTION DOC 10000 5277 EXAMINING_DOCUMENT b'865274'
ACTION SNIPPET 10000 5280 SEEN_PREVIOUSLY b'578930'
ACTION QUERY 10000 5290 women clergy general
ACTION SERP 10000 5295 EXAMINE_SERP
ACTION SNIPPET 10000 5298 SEEN_PREVIOUSLY b'944693'
ACTION SNIPPET 10000 5301 SEEN_PREVIOUSLY b'1102886'
ACTION SNIPPET 10000 5304 SEEN_PREVIOUSLY b'1214751'
ACTION SNIPPET 10000 5307 SEEN_PREVIOUSLY b'1193154'
ACTION SNIPPET 10000 5310 SEEN_PREVIOUSLY b'13851'
ACTION SNIPPET 10000 5313 SEEN_PREVIOUSLY b'154506'
ACTION SNIPPET 10000 5316 SEEN_PREVIOUSLY b'932209'
ACTION SNIPPET 10000 5319 SEEN_PREVIOUSLY b'397002'
ACTION SNIPPET 10000 5322 SEEN_PREVIOUSLY b'1565180'
ACTION SNIPPET 10000 5325 SEEN_PREVIOUSLY b'1457182'
ACTION QUERY 10000 5335 women clergy bishops
ACTION SERP 10000 5340 EXAMINE_SERP
ACTION SNIPPET 10000 5343 SEEN_PREVIOUSLY b'944693'
ACTION SNIPPET 10000 5346 SEEN_PREVIOUSLY b'739814'
ACTION SNIPPET 10000 5349 SNIPPET_RELEVANT b'613365'
ACTION DOC 10000 5369 EXAMINING_DOCUMENT b'613365'
ACTION SNIPPET 10000 5372 SEEN_PREVIOUSLY b'124514'
ACTION SNIPPET 10000 5375 SEEN_PREVIOUSLY b'1214751'
ACTION SNIPPET 10000 5378 SEEN_PREVIOUSLY b'397002'
ACTION SNIPPET 10000 5381 SNIPPET_NOT_RELEVANT b'287692'
ACTION SNIPPET 10000 5384 SNIPPET_NOT_RELEVANT b'287611'
ACTION SNIPPET 10000 5387 SEEN_PREVIOUSLY b'183160'
ACTION SNIPPET 10000 5390 SEEN_PREVIOUSLY b'1663842'
ACTION QUERY 10000 5400 women clergy 16th
ACTION SERP 10000 5405 EXAMINE_SERP
ACTION SNIPPET 10000 5408 SEEN_PREVIOUSLY b'944693'
ACTION SNIPPET 10000 5411 SNIPPET_RELEVANT b'108967'
ACTION DOC 10000 5431 EXAMINING_DOCUMENT b'108967'
ACTION SNIPPET 10000 5434 SEEN_PREVIOUSLY b'932209'
ACTION SNIPPET 10000 5437 SEEN_PREVIOUSLY b'397002'
ACTION SNIPPET 10000 5440 SEEN_PREVIOUSLY b'1565180'
ACTION SNIPPET 10000 5443 SEEN_PREVIOUSLY b'13851'
ACTION SNIPPET 10000 5446 SEEN_PREVIOUSLY b'578930'
ACTION SNIPPET 10000 5449 SEEN_PREVIOUSLY b'1751819'
ACTION SNIPPET 10000 5452 SEEN_PREVIOUSLY b'739814'
ACTION SNIPPET 10000 5455 SEEN_PREVIOUSLY b'1214751'
ACTION QUERY 10000 5465 women clergy choirs
ACTION SERP 10000 5470 EXAMINE_SERP
ACTION SNIPPET 10000 5473 SEEN_PREVIOUSLY b'209101'
ACTION SNIPPET 10000 5476 SNIPPET_NOT_RELEVANT b'1002728'
ACTION SNIPPET 10000 5479 SEEN_PREVIOUSLY b'1379585'
ACTION SNIPPET 10000 5482 SNIPPET_RELEVANT b'1120983'
ACTION DOC 10000 5502 EXAMINING_DOCUMENT b'1120983'
ACTION SNIPPET 10000 5505 SEEN_PREVIOUSLY b'944693'
ACTION SNIPPET 10000 5508 SEEN_PREVIOUSLY b'932209'
ACTION SNIPPET 10000 5511 SEEN_PREVIOUSLY b'751159'
ACTION SNIPPET 10000 5514 SEEN_PREVIOUSLY b'397002'
ACTION SNIPPET 10000 5517 SEEN_PREVIOUSLY b'1715630'
ACTION SNIPPET 10000 5520 SEEN_PREVIOUSLY b'1565180'
ACTION QUERY 10000 5530 women clergy runcie
ACTION SERP 10000 5535 EXAMINE_SERP
ACTION SNIPPET 10000 5538 SNIPPET_NOT_RELEVANT b'168983'
ACTION SNIPPET 10000 5541 SNIPPET_RELEVANT b'419558'
ACTION DOC 10000 5561 EXAMINING_DOCUMENT b'419558'
ACTION MARK 10000 5564 CONSIDERED_RELEVANT b'419558'
ACTION SNIPPET 10000 5567 SNIPPET_NOT_RELEVANT b'235018'
ACTION SNIPPET 10000 5570 SNIPPET_RELEVANT b'287609'
ACTION DOC 10000 5590 EXAMINING_DOCUMENT b'287609'
ACTION MARK 10000 5593 CONSIDERED_RELEVANT b'287609'
ACTION SNIPPET 10000 5596 SNIPPET_NOT_RELEVANT b'293558'
ACTION SNIPPET 10000 5599 SNIPPET_RELEVANT b'1214526'
ACTION DOC 10000 5619 EXAMINING_DOCUMENT b'1214526'
ACTION MARK 10000 5622 CONSIDERED_RELEVANT b'1214526'
ACTION SNIPPET 10000 5625 SNIPPET_NOT_RELEVANT b'100393'
ACTION SNIPPET 10000 5628 SNIPPET_RELEVANT b'100801'
ACTION DOC 10000 5648 EXAMINING_DOCUMENT b'100801'
ACTION SNIPPET 10000 5651 SNIPPET_RELEVANT b'564163'
ACTION DOC 10000 5671 EXAMINING_DOCUMENT b'564163'
ACTION SNIPPET 10000 5674 SNIPPET_RELEVANT b'337991'
ACTION DOC 10000 5694 EXAMINING_DOCUMENT b'337991'
ACTION QUERY 10000 5704 women clergy thatchers
ACTION SERP 10000 5709 EXAMINE_SERP
ACTION SNIPPET 10000 5712 SNIPPET_NOT_RELEVANT b'167074'
ACTION SNIPPET 10000 5715 SEEN_PREVIOUSLY b'944693'
ACTION SNIPPET 10000 5718 SNIPPET_NOT_RELEVANT b'503120'
ACTION SNIPPET 10000 5721 SEEN_PREVIOUSLY b'932209'
ACTION SNIPPET 10000 5724 SNIPPET_RELEVANT b'413316'
ACTION DOC 10000 5744 EXAMINING_DOCUMENT b'413316'
ACTION SNIPPET 10000 5747 SEEN_PREVIOUSLY b'397002'
ACTION SNIPPET 10000 5750 SEEN_PREVIOUSLY b'1565180'
ACTION SNIPPET 10000 5753 SNIPPET_RELEVANT b'1225431'
ACTION DOC 10000 5773 EXAMINING_DOCUMENT b'1225431'
ACTION SNIPPET 10000 5776 SEEN_PREVIOUSLY b'13851'
ACTION SNIPPET 10000 5779 SNIPPET_NOT_RELEVANT b'480713'
ACTION QUERY 10000 5789 women clergy ruckie
ACTION SERP 10000 5794 EXAMINE_SERP
ACTION SNIPPET 10000 5797 SNIPPET_RELEVANT b'512429'
ACTION DOC 10000 5817 EXAMINING_DOCUMENT b'512429'
ACTION SNIPPET 10000 5820 SNIPPET_RELEVANT b'68251'
ACTION DOC 10000 5840 EXAMINING_DOCUMENT b'68251'
ACTION SNIPPET 10000 5843 SEEN_PREVIOUSLY b'944693'
ACTION SNIPPET 10000 5846 SEEN_PREVIOUSLY b'932209'
ACTION SNIPPET 10000 5849 SEEN_PREVIOUSLY b'397002'
ACTION SNIPPET 10000 5852 SEEN_PREVIOUSLY b'1565180'
ACTION SNIPPET 10000 5855 SEEN_PREVIOUSLY b'13851'
ACTION SNIPPET 10000 5858 SEEN_PREVIOUSLY b'578930'
ACTION SNIPPET 10000 5861 SEEN_PREVIOUSLY b'1751819'
ACTION SNIPPET 10000 5864 SEEN_PREVIOUSLY b'739814'
ACTION QUERY 10000 5874 women clergy ruffie
ACTION SERP 10000 5879 EXAMINE_SERP
ACTION SNIPPET 10000 5882 SNIPPET_RELEVANT b'562036'
ACTION DOC 10000 5902 EXAMINING_DOCUMENT b'562036'
ACTION SNIPPET 10000 5905 SNIPPET_RELEVANT b'264646'
ACTION DOC 10000 5925 EXAMINING_DOCUMENT b'264646'
ACTION SNIPPET 10000 5928 SNIPPET_RELEVANT b'325468'
ACTION DOC 10000 5948 EXAMINING_DOCUMENT b'325468'
ACTION SNIPPET 10000 5951 SNIPPET_RELEVANT b'235803'
ACTION DOC 10000 5971 EXAMINING_DOCUMENT b'235803'
ACTION SNIPPET 10000 5974 SNIPPET_NOT_RELEVANT b'800194'
ACTION SNIPPET 10000 5977 SNIPPET_NOT_RELEVANT b'800429'
ACTION SNIPPET 10000 5980 SEEN_PREVIOUSLY b'944693'
ACTION SNIPPET 10000 5983 SEEN_PREVIOUSLY b'932209'
ACTION SNIPPET 10000 5986 SEEN_PREVIOUSLY b'397002'
ACTION SNIPPET 10000 5989 SEEN_PREVIOUSLY b'1565180'
ACTION QUERY 10000 5999 women clergy robbie
ACTION SERP 10000 6004 EXAMINE_SERP
ACTION SNIPPET 10000 6007 SEEN_PREVIOUSLY b'944693'
ACTION SNIPPET 10000 6010 SEEN_PREVIOUSLY b'932209'
ACTION SNIPPET 10000 6013 SEEN_PREVIOUSLY b'397002'
ACTION SNIPPET 10000 6016 SEEN_PREVIOUSLY b'1565180'
ACTION SNIPPET 10000 6019 SEEN_PREVIOUSLY b'13851'
ACTION SNIPPET 10000 6022 SEEN_PREVIOUSLY b'578930'
ACTION SNIPPET 10000 6025 SEEN_PREVIOUSLY b'1751819'
ACTION SNIPPET 10000 6028 SEEN_PREVIOUSLY b'739814'
ACTION SNIPPET 10000 6031 SEEN_PREVIOUSLY b'1214751'
ACTION SNIPPET 10000 6034 SNIPPET_RELEVANT b'684126'
ACTION DOC 10000 6054 EXAMINING_DOCUMENT b'684126'
ACTION QUERY 10000 6064 women clergy revere
ACTION SERP 10000 6069 EXAMINE_SERP
ACTION SNIPPET 10000 6072 SNIPPET_RELEVANT b'231193'
ACTION DOC 10000 6092 EXAMINING_DOCUMENT b'231193'
ACTION SNIPPET 10000 6095 SEEN_PREVIOUSLY b'944693'
ACTION SNIPPET 10000 6098 SEEN_PREVIOUSLY b'932209'
ACTION SNIPPET 10000 6101 SNIPPET_NOT_RELEVANT b'1377584'
ACTION SNIPPET 10000 6104 SEEN_PREVIOUSLY b'397002'
ACTION SNIPPET 10000 6107 SEEN_PREVIOUSLY b'1565180'
ACTION SNIPPET 10000 6110 SNIPPET_RELEVANT b'1375969'
ACTION DOC 10000 6130 EXAMINING_DOCUMENT b'1375969'
ACTION SNIPPET 10000 6133 SEEN_PREVIOUSLY b'13851'
ACTION SNIPPET 10000 6136 SEEN_PREVIOUSLY b'578930'
ACTION SNIPPET 10000 6139 SEEN_PREVIOUSLY b'1751819'
ACTION QUERY 10000 6149 women clergy canterburys
ACTION SERP 10000 6154 EXAMINE_SERP
ACTION SNIPPET 10000 6157 SNIPPET_RELEVANT b'1468434'
ACTION DOC 10000 6177 EXAMINING_DOCUMENT b'1468434'
ACTION MARK 10000 6180 CONSIDERED_RELEVANT b'1468434'
ACTION SNIPPET 10000 6183 SNIPPET_NOT_RELEVANT b'1528806'
ACTION SNIPPET 10000 6186 SEEN_PREVIOUSLY b'1102886'
ACTION SNIPPET 10000 6189 SNIPPET_NOT_RELEVANT b'1809329'
ACTION SNIPPET 10000 6192 SEEN_PREVIOUSLY b'860055'
ACTION SNIPPET 10000 6195 SEEN_PREVIOUSLY b'124514'
ACTION SNIPPET 10000 6198 SNIPPET_NOT_RELEVANT b'1844999'
ACTION SNIPPET 10000 6201 SNIPPET_RELEVANT b'1410595'
ACTION DOC 10000 6221 EXAMINING_DOCUMENT b'1410595'
ACTION MARK 10000 6224 CONSIDERED_RELEVANT b'1410595'
ACTION SNIPPET 10000 6227 SNIPPET_RELEVANT b'255599'
ACTION DOC 10000 6247 EXAMINING_DOCUMENT b'255599'
ACTION SNIPPET 10000 6250 SNIPPET_RELEVANT b'1827400'
ACTION DOC 10000 6270 EXAMINING_DOCUMENT b'1827400'
ACTION QUERY 10000 6280 women clergy roman
ACTION SERP 10000 6285 EXAMINE_SERP
ACTION SNIPPET 10000 6288 SEEN_PREVIOUSLY b'578930'
ACTION SNIPPET 10000 6291 SEEN_PREVIOUSLY b'397011'
ACTION SNIPPET 10000 6294 SEEN_PREVIOUSLY b'397002'
ACTION SNIPPET 10000 6297 SEEN_PREVIOUSLY b'1193154'
ACTION SNIPPET 10000 6300 SEEN_PREVIOUSLY b'13851'
ACTION SNIPPET 10000 6303 SEEN_PREVIOUSLY b'944693'
ACTION SNIPPET 10000 6306 SEEN_PREVIOUSLY b'1663842'
ACTION SNIPPET 10000 6309 SEEN_PREVIOUSLY b'565289'
ACTION SNIPPET 10000 6312 SEEN_PREVIOUSLY b'1378946'
ACTION SNIPPET 10000 6315 SEEN_PREVIOUSLY b'932209'
ACTION QUERY 10000 6325 women clergy slain
ACTION SERP 10000 6330 EXAMINE_SERP
ACTION SNIPPET 10000 6333 SNIPPET_NOT_RELEVANT b'1238681'
ACTION SNIPPET 10000 6336 SEEN_PREVIOUSLY b'944693'
ACTION SNIPPET 10000 6339 SEEN_PREVIOUSLY b'932209'
ACTION SNIPPET 10000 6342 SEEN_PREVIOUSLY b'397002'
ACTION SNIPPET 10000 6345 SEEN_PREVIOUSLY b'1565180'
ACTION SNIPPET 10000 6348 SEEN_PREVIOUSLY b'13851'
ACTION SNIPPET 10000 6351 SEEN_PREVIOUSLY b'578930'
ACTION SNIPPET 10000 6354 SEEN_PREVIOUSLY b'1751819'
ACTION SNIPPET 10000 6357 SEEN_PREVIOUSLY b'739814'
ACTION SNIPPET 10000 6360 SEEN_PREVIOUSLY b'1214751'
ACTION QUERY 10000 6370 women clergy ancient
ACTION SERP 10000 6375 EXAMINE_SERP
ACTION SNIPPET 10000 6378 SEEN_PREVIOUSLY b'1663842'
ACTION SNIPPET 10000 6381 SEEN_PREVIOUSLY b'154506'
ACTION SNIPPET 10000 6384 SEEN_PREVIOUSLY b'944693'
ACTION SNIPPET 10000 6387 SEEN_PREVIOUSLY b'932209'
ACTION SNIPPET 10000 6390 SNIPPET_RELEVANT b'1378664'
ACTION DOC 10000 6410 EXAMINING_DOCUMENT b'1378664'
ACTION SNIPPET 10000 6413 SEEN_PREVIOUSLY b'397002'
ACTION SNIPPET 10000 6416 SEEN_PREVIOUSLY b'1565180'
ACTION SNIPPET 10000 6419 SEEN_PREVIOUSLY b'13851'
ACTION SNIPPET 10000 6422 SEEN_PREVIOUSLY b'578930'
ACTION SNIPPET 10000 6425 SEEN_PREVIOUSLY b'1751819'
ACTION QUERY 10000 6435 women clergy cathedral
ACTION SERP 10000 6440 EXAMINE_SERP
ACTION SNIPPET 10000 6443 SNIPPET_NOT_RELEVANT b'287692'
ACTION SNIPPET 10000 6446 SNIPPET_RELEVANT b'287611'
ACTION DOC 10000 6466 EXAMINING_DOCUMENT b'287611'
ACTION SNIPPET 10000 6469 SNIPPET_RELEVANT b'1353910'
ACTION DOC 10000 6489 EXAMINING_DOCUMENT b'1353910'
ACTION SNIPPET 10000 6492 SNIPPET_NOT_RELEVANT b'1542613'
ACTION SNIPPET 10000 6495 SNIPPET_RELEVANT b'1354213'
ACTION DOC 10000 6515 EXAMINING_DOCUMENT b'1354213'
ACTION SNIPPET 10000 6518 SEEN_PREVIOUSLY b'1102886'
ACTION SNIPPET 10000 6521 SNIPPET_NOT_RELEVANT b'353770'
ACTION SNIPPET 10000 6524 SNIPPET_RELEVANT b'740207'
ACTION DOC 10000 6544 EXAMINING_DOCUMENT b'740207'
ACTION SNIPPET 10000 6547 SNIPPET_NOT_RELEVANT b'1477826'
ACTION SNIPPET 10000 6550 SEEN_PREVIOUSLY b'1760070'
ACTION QUERY 10000 6560 women clergy named
ACTION SERP 10000 6565 EXAMINE_SERP
ACTION SNIPPET 10000 6568 SEEN_PREVIOUSLY b'1751819'
ACTION SNIPPET 10000 6571 SEEN_PREVIOUSLY b'944693'
ACTION SNIPPET 10000 6574 SEEN_PREVIOUSLY b'932209'
ACTION SNIPPET 10000 6577 SEEN_PREVIOUSLY b'397002'
ACTION SNIPPET 10000 6580 SEEN_PREVIOUSLY b'1565180'
ACTION SNIPPET 10000 6583 SEEN_PREVIOUSLY b'13851'
ACTION SNIPPET 10000 6586 SEEN_PREVIOUSLY b'921466'
ACTION SNIPPET 10000 6589 SEEN_PREVIOUSLY b'578930'
ACTION SNIPPET 10000 6592 SEEN_PREVIOUSLY b'739814'
ACTION SNIPPET 10000 6595 SEEN_PREVIOUSLY b'1214751'
ACTION QUERY 10000 6605 women clergy die
ACTION SERP 10000 6610 EXAMINE_SERP
ACTION SNIPPET 10000 6613 SEEN_PREVIOUSLY b'944693'
ACTION SNIPPET 10000 6616 SEEN_PREVIOUSLY b'932209'
ACTION SNIPPET 10000 6619 SEEN_PREVIOUSLY b'397002'
ACTION SNIPPET 10000 6622 SEEN_PREVIOUSLY b'1565180'
ACTION SNIPPET 10000 6625 SEEN_PREVIOUSLY b'13851'
ACTION SNIPPET 10000 6628 SEEN_PREVIOUSLY b'578930'
ACTION SNIPPET 10000 6631 SEEN_PREVIOUSLY b'1751819'
ACTION SNIPPET 10000 6634 SEEN_PREVIOUSLY b'739814'
ACTION SNIPPET 10000 6637 SEEN_PREVIOUSLY b'1214751'
ACTION SNIPPET 10000 6640 SEEN_PREVIOUSLY b'1102886'
ACTION QUERY 10000 6650 women clergy rowan
ACTION SERP 10000 6655 EXAMINE_SERP
ACTION SNIPPET 10000 6658 SEEN_PREVIOUSLY b'1509605'
ACTION SNIPPET 10000 6661 SNIPPET_NOT_RELEVANT b'1001964'
ACTION SNIPPET 10000 6664 SEEN_PREVIOUSLY b'1652798'
ACTION SNIPPET 10000 6667 SEEN_PREVIOUSLY b'944693'
ACTION SNIPPET 10000 6670 SEEN_PREVIOUSLY b'932209'
ACTION SNIPPET 10000 6673 SEEN_PREVIOUSLY b'397002'
ACTION SNIPPET 10000 6676 SNIPPET_NOT_RELEVANT b'72928'
ACTION SNIPPET 10000 6679 SNIPPET_NOT_RELEVANT b'1739802'
ACTION SNIPPET 10000 6682 SEEN_PREVIOUSLY b'1565180'
ACTION SNIPPET 10000 6685 SEEN_PREVIOUSLY b'13851'
ACTION QUERY 10000 6695 women clergy held
ACTION SERP 10000 6700 EXAMINE_SERP
ACTION SNIPPET 10000 6703 SEEN_PREVIOUSLY b'944693'
ACTION SNIPPET 10000 6706 SEEN_PREVIOUSLY b'397002'
ACTION SNIPPET 10000 6709 SEEN_PREVIOUSLY b'739814'
ACTION SNIPPET 10000 6712 SEEN_PREVIOUSLY b'13851'
ACTION SNIPPET 10000 6715 SNIPPET_NOT_RELEVANT b'21879'
ACTION SNIPPET 10000 6718 SEEN_PREVIOUSLY b'932209'
ACTION SNIPPET 10000 6721 SNIPPET_RELEVANT b'633544'
ACTION DOC 10000 6741 EXAMINING_DOCUMENT b'633544'
ACTION SNIPPET 10000 6744 SEEN_PREVIOUSLY b'932728'
ACTION SNIPPET 10000 6747 SEEN_PREVIOUSLY b'1565180'
ACTION SNIPPET 10000 6750 SNIPPET_NOT_RELEVANT b'243975'
ACTION QUERY 10000 6760 women clergy believe
ACTION SERP 10000 6765 EXAMINE_SERP
ACTION SNIPPET 10000 6768 SEEN_PREVIOUSLY b'944693'
ACTION SNIPPET 10000 6771 SEEN_PREVIOUSLY b'739814'
ACTION SNIPPET 10000 6774 SEEN_PREVIOUSLY b'1751819'
ACTION SNIPPET 10000 6777 SEEN_PREVIOUSLY b'1214751'
ACTION SNIPPET 10000 6780 SEEN_PREVIOUSLY b'613365'
ACTION SNIPPET 10000 6783 SEEN_PREVIOUSLY b'268394'
ACTION SNIPPET 10000 6786 SEEN_PREVIOUSLY b'13851'
ACTION SNIPPET 10000 6789 SEEN_PREVIOUSLY b'1368126'
ACTION SNIPPET 10000 6792 SEEN_PREVIOUSLY b'932209'
ACTION SNIPPET 10000 6795 SEEN_PREVIOUSLY b'1663842'
ACTION QUERY 10000 6805 women clergy scotland
ACTION SERP 10000 6810 EXAMINE_SERP
ACTION SNIPPET 10000 6813 SNIPPET_RELEVANT b'456261'
ACTION DOC 10000 6833 EXAMINING_DOCUMENT b'456261'
ACTION SNIPPET 10000 6836 SEEN_PREVIOUSLY b'124514'
ACTION SNIPPET 10000 6839 SEEN_PREVIOUSLY b'944693'
ACTION SNIPPET 10000 6842 SEEN_PREVIOUSLY b'932209'
ACTION SNIPPET 10000 6845 SEEN_PREVIOUSLY b'397002'
ACTION SNIPPET 10000 6848 SEEN_PREVIOUSLY b'1565180'
ACTION SNIPPET 10000 6851 SEEN_PREVIOUSLY b'13851'
ACTION SNIPPET 10000 6854 SEEN_PREVIOUSLY b'578930'
ACTION SNIPPET 10000 6857 SEEN_PREVIOUSLY b'1751819'
ACTION SNIPPET 10000 6860 SEEN_PREVIOUSLY b'739814'
ACTION QUERY 10000 6870 women clergy vatican
ACTION SERP 10000 6875 EXAMINE_SERP
ACTION SNIPPET 10000 6878 SNIPPET_NOT_RELEVANT b'79223'
ACTION SNIPPET 10000 6881 SEEN_PREVIOUSLY b'1398274'
ACTION SNIPPET 10000 6884 SEEN_PREVIOUSLY b'578930'
ACTION SNIPPET 10000 6887 SEEN_PREVIOUSLY b'1717961'
ACTION SNIPPET 10000 6890 SEEN_PREVIOUSLY b'1385411'
ACTION SNIPPET 10000 6893 SEEN_PREVIOUSLY b'1373536'
ACTION SNIPPET 10000 6896 SEEN_PREVIOUSLY b'1663842'
ACTION SNIPPET 10000 6899 SNIPPET_NOT_RELEVANT b'1809463'
ACTION SNIPPET 10000 6902 SEEN_PREVIOUSLY b'402999'
ACTION SNIPPET 10000 6905 SNIPPET_RELEVANT b'387999'
ACTION DOC 10000 6925 EXAMINING_DOCUMENT b'387999'
ACTION QUERY 10000 6935 women clergy lebanons
ACTION SERP 10000 6940 EXAMINE_SERP
ACTION SNIPPET 10000 6943 SNIPPET_RELEVANT b'320608'
ACTION DOC 10000 6963 EXAMINING_DOCUMENT b'320608'
ACTION SNIPPET 10000 6966 SEEN_PREVIOUSLY b'944693'
ACTION SNIPPET 10000 6969 SEEN_PREVIOUSLY b'932209'
ACTION SNIPPET 10000 6972 SEEN_PREVIOUSLY b'397002'
ACTION SNIPPET 10000 6975 SEEN_PREVIOUSLY b'1565180'
ACTION SNIPPET 10000 6978 SEEN_PREVIOUSLY b'13851'
ACTION SNIPPET 10000 6981 SNIPPET_RELEVANT b'1785320'
ACTION DOC 10000 7001 EXAMINING_DOCUMENT b'1785320'
ACTION SNIPPET 10000 7004 SEEN_PREVIOUSLY b'578930'
ACTION SNIPPET 10000 7007 SEEN_PREVIOUSLY b'1751819'
ACTION SNIPPET 10000 7010 SNIPPET_NOT_RELEVANT b'300189'
ACTION QUERY 10000 7020 women clergy admits
ACTION SERP 10000 7025 EXAMINE_SERP
ACTION SNIPPET 10000 7028 SEEN_PREVIOUSLY b'578930'
ACTION SNIPPET 10000 7031 SEEN_PREVIOUSLY b'264657'
ACTION SNIPPET 10000 7034 SNIPPET_RELEVANT b'1429178'
ACTION DOC 10000 7054 EXAMINING_DOCUMENT b'1429178'
ACTION SNIPPET 10000 7057 SEEN_PREVIOUSLY b'944693'
ACTION SNIPPET 10000 7060 SEEN_PREVIOUSLY b'932209'
ACTION SNIPPET 10000 7063 SEEN_PREVIOUSLY b'932014'
ACTION SNIPPET 10000 7066 SEEN_PREVIOUSLY b'397002'
ACTION SNIPPET 10000 7069 SEEN_PREVIOUSLY b'1565180'
ACTION SNIPPET 10000 7072 SEEN_PREVIOUSLY b'13851'
ACTION SNIPPET 10000 7075 SNIPPET_NOT_RELEVANT b'921657'
ACTION QUERY 10000 7085 women clergy relationship
ACTION SERP 10000 7090 EXAMINE_SERP
ACTION SNIPPET 10000 7093 SEEN_PREVIOUSLY b'1214751'
ACTION SNIPPET 10000 7096 SEEN_PREVIOUSLY b'268394'
ACTION SNIPPET 10000 7099 SEEN_PREVIOUSLY b'739814'
ACTION SNIPPET 10000 7102 SEEN_PREVIOUSLY b'1751819'
ACTION SNIPPET 10000 7105 SNIPPET_RELEVANT b'1530391'
ACTION DOC 10000 7125 EXAMINING_DOCUMENT b'1530391'
ACTION SNIPPET 10000 7128 SEEN_PREVIOUSLY b'624808'
ACTION SNIPPET 10000 7131 SEEN_PREVIOUSLY b'18131'
ACTION SNIPPET 10000 7134 SEEN_PREVIOUSLY b'516643'
ACTION SNIPPET 10000 7137 SEEN_PREVIOUSLY b'944693'
ACTION SNIPPET 10000 7140 SEEN_PREVIOUSLY b'932209'
ACTION QUERY 10000 7150 women clergy rob
ACTION SERP 10000 7155 EXAMINE_SERP
ACTION SNIPPET 10000 7158 SEEN_PREVIOUSLY b'1374216'
ACTION SNIPPET 10000 7161 SEEN_PREVIOUSLY b'944693'
ACTION SNIPPET 10000 7164 SEEN_PREVIOUSLY b'932209'
ACTION SNIPPET 10000 7167 SEEN_PREVIOUSLY b'397002'
ACTION SNIPPET 10000 7170 SEEN_PREVIOUSLY b'1565180'
ACTION SNIPPET 10000 7173 SEEN_PREVIOUSLY b'13851'
ACTION SNIPPET 10000 7176 SEEN_PREVIOUSLY b'578930'
ACTION SNIPPET 10000 7179 SEEN_PREVIOUSLY b'1751819'
ACTION SNIPPET 10000 7182 SNIPPET_NOT_RELEVANT b'618173'
ACTION SNIPPET 10000 7185 SEEN_PREVIOUSLY b'739814'
ACTION QUERY 10000 7195 women clergy episcopal
ACTION SERP 10000 7200 EXAMINE_SERP
ACTION SNIPPET 10000 7203 SEEN_PREVIOUSLY b'944693'
ACTION SNIPPET 10000 7206 SEEN_PREVIOUSLY b'613365'
ACTION SNIPPET 10000 7209 SEEN_PREVIOUSLY b'739814'
ACTION SNIPPET 10000 7212 SEEN_PREVIOUSLY b'13851'
ACTION SNIPPET 10000 7215 SEEN_PREVIOUSLY b'1214751'
ACTION SNIPPET 10000 7218 SEEN_PREVIOUSLY b'578930'
ACTION SNIPPET 10000 7221 SEEN_PREVIOUSLY b'124514'
ACTION SNIPPET 10000 7224 SNIPPET_NOT_RELEVANT b'1546756'
ACTION SNIPPET 10000 7227 SEEN_PREVIOUSLY b'287611'
ACTION SNIPPET 10000 7230 SNIPPET_NOT_RELEVANT b'287692'
ACTION QUERY 10000 7240 women clergy celebrated
ACTION SERP 10000 7245 EXAMINE_SERP
ACTION SNIPPET 10000 7248 SEEN_PREVIOUSLY b'624808'
ACTION SNIPPET 10000 7251 SEEN_PREVIOUSLY b'944693'
ACTION SNIPPET 10000 7254 SEEN_PREVIOUSLY b'932209'
ACTION SNIPPET 10000 7257 SEEN_PREVIOUSLY b'808601'
ACTION SNIPPET 10000 7260 SEEN_PREVIOUSLY b'397002'
ACTION SNIPPET 10000 7263 SEEN_PREVIOUSLY b'1565180'
ACTION SNIPPET 10000 7266 SNIPPET_NOT_RELEVANT b'300234'
ACTION SNIPPET 10000 7269 SEEN_PREVIOUSLY b'13851'
ACTION SNIPPET 10000 7272 SNIPPET_NOT_RELEVANT b'429192'
ACTION SNIPPET 10000 7275 SNIPPET_NOT_RELEVANT b'429059'
ACTION QUERY 10000 7285 women clergy ancestor
ACTION SERP 10000 7290 EXAMINE_SERP
ACTION SNIPPET 10000 7293 SEEN_PREVIOUSLY b'473662'
ACTION SNIPPET 10000 7296 SEEN_PREVIOUSLY b'944693'
ACTION SNIPPET 10000 7299 SEEN_PREVIOUSLY b'932209'
ACTION SNIPPET 10000 7302 SNIPPET_NOT_RELEVANT b'1524985'
ACTION SNIPPET 10000 7305 SEEN_PREVIOUSLY b'397002'
ACTION SNIPPET 10000 7308 SEEN_PREVIOUSLY b'1565180'
ACTION SNIPPET 10000 7311 SEEN_PREVIOUSLY b'13851'
ACTION SNIPPET 10000 7314 SEEN_PREVIOUSLY b'578930'
ACTION SNIPPET 10000 7317 SEEN_PREVIOUSLY b'1751819'
ACTION SNIPPET 10000 7320 SEEN_PREVIOUSLY b'739814'
ACTION QUERY 10000 7330 women clergy located
ACTION SERP 10000 7335 EXAMINE_SERP
ACTION SNIPPET 10000 7338 SEEN_PREVIOUSLY b'944693'
ACTION SNIPPET 10000 7341 SEEN_PREVIOUSLY b'932209'
ACTION SNIPPET 10000 7344 SEEN_PREVIOUSLY b'397002'
ACTION SNIPPET 10000 7347 SEEN_PREVIOUSLY b'1565180'
ACTION SNIPPET 10000 7350 SEEN_PREVIOUSLY b'13851'
ACTION SNIPPET 10000 7353 SEEN_PREVIOUSLY b'578930'
ACTION SNIPPET 10000 7356 SEEN_PREVIOUSLY b'1751819'
ACTION SNIPPET 10000 7359 SEEN_PREVIOUSLY b'739814'
ACTION SNIPPET 10000 7362 SEEN_PREVIOUSLY b'1214751'
ACTION SNIPPET 10000 7365 SEEN_PREVIOUSLY b'1102886'
ACTION QUERY 10000 7375 women clergy rancie
ACTION SERP 10000 7380 EXAMINE_SERP
ACTION SNIPPET 10000 7383 SNIPPET_NOT_RELEVANT b'426609'
ACTION SNIPPET 10000 7386 SEEN_PREVIOUSLY b'944693'
ACTION SNIPPET 10000 7389 SEEN_PREVIOUSLY b'932209'
ACTION SNIPPET 10000 7392 SEEN_PREVIOUSLY b'397002'
ACTION SNIPPET 10000 7395 SEEN_PREVIOUSLY b'1565180'
ACTION SNIPPET 10000 7398 SEEN_PREVIOUSLY b'13851'
ACTION SNIPPET 10000 7401 SEEN_PREVIOUSLY b'578930'
ACTION SNIPPET 10000 7404 SEEN_PREVIOUSLY b'1751819'
ACTION SNIPPET 10000 7407 SEEN_PREVIOUSLY b'739814'
ACTION SNIPPET 10000 7410 SEEN_PREVIOUSLY b'1214751'
ACTION QUERY 10000 7420 women clergy denomination
ACTION SERP 10000 7425 EXAMINE_SERP
ACTION SNIPPET 10000 7428 SEEN_PREVIOUSLY b'944693'
ACTION SNIPPET 10000 7431 SEEN_PREVIOUSLY b'932209'
ACTION SNIPPET 10000 7434 SNIPPET_NOT_RELEVANT b'1785401'
ACTION SNIPPET 10000 7437 SNIPPET_RELEVANT b'1200620'
ACTION DOC 10000 7457 EXAMINING_DOCUMENT b'1200620'
ACTION SNIPPET 10000 7460 SEEN_PREVIOUSLY b'1102886'
ACTION SNIPPET 10000 7463 SEEN_PREVIOUSLY b'13851'
ACTION SNIPPET 10000 7466 SNIPPET_RELEVANT b'818929'
ACTION DOC 10000 7486 EXAMINING_DOCUMENT b'818929'
ACTION SNIPPET 10000 7489 SNIPPET_NOT_RELEVANT b'405288'
ACTION SNIPPET 10000 7492 SEEN_PREVIOUSLY b'739814'
ACTION SNIPPET 10000 7495 SEEN_PREVIOUSLY b'1751819'
ACTION QUERY 10000 7505 women clergy religion
ACTION SERP 10000 7510 EXAMINE_SERP
ACTION SNIPPET 10000 7513 SEEN_PREVIOUSLY b'268394'
ACTION SNIPPET 10000 7516 SEEN_PREVIOUSLY b'944693'
ACTION SNIPPET 10000 7519 SEEN_PREVIOUSLY b'932209'
ACTION SNIPPET 10000 7522 SEEN_PREVIOUSLY b'633544'
ACTION SNIPPET 10000 7525 SEEN_PREVIOUSLY b'1102886'
ACTION SNIPPET 10000 7528 SNIPPET_NOT_RELEVANT b'633198'
ACTION SNIPPET 10000 7531 SEEN_PREVIOUSLY b'1457182'
ACTION SNIPPET 10000 7534 SNIPPET_NOT_RELEVANT b'921018'
ACTION SNIPPET 10000 7537 SEEN_PREVIOUSLY b'932728'
ACTION SNIPPET 10000 7540 SNIPPET_NOT_RELEVANT b'405288'
ACTION QUERY 10000 7550 women clergy refused
ACTION SERP 10000 7555 EXAMINE_SERP
ACTION SNIPPET 10000 7558 SEEN_PREVIOUSLY b'944693'
ACTION SNIPPET 10000 7561 SEEN_PREVIOUSLY b'13851'
ACTION SNIPPET 10000 7564 SEEN_PREVIOUSLY b'1214751'
ACTION SNIPPET 10000 7567 SEEN_PREVIOUSLY b'624808'
ACTION SNIPPET 10000 7570 SEEN_PREVIOUSLY b'932209'
ACTION SNIPPET 10000 7573 SEEN_PREVIOUSLY b'397002'
ACTION SNIPPET 10000 7576 SEEN_PREVIOUSLY b'154506'
ACTION SNIPPET 10000 7579 SEEN_PREVIOUSLY b'1565180'
ACTION SNIPPET 10000 7582 SNIPPET_RELEVANT b'1567546'
ACTION DOC 10000 7602 EXAMINING_DOCUMENT b'1567546'
ACTION SNIPPET 10000 7605 SEEN_PREVIOUSLY b'578930'
ACTION QUERY 10000 7615 women clergy body
ACTION SERP 10000 7620 EXAMINE_SERP
ACTION SNIPPET 10000 7623 SEEN_PREVIOUSLY b'944693'
ACTION SNIPPET 10000 7626 SEEN_PREVIOUSLY b'1102886'
ACTION SNIPPET 10000 7629 SEEN_PREVIOUSLY b'1214751'
ACTION SNIPPET 10000 7632 SEEN_PREVIOUSLY b'932209'
ACTION SNIPPET 10000 7635 SEEN_PREVIOUSLY b'1251727'
ACTION SNIPPET 10000 7638 SEEN_PREVIOUSLY b'1200620'
ACTION SNIPPET 10000 7641 SEEN_PREVIOUSLY b'180508'
ACTION SNIPPET 10000 7644 SEEN_PREVIOUSLY b'1530391'
ACTION SNIPPET 10000 7647 SEEN_PREVIOUSLY b'397002'
ACTION SNIPPET 10000 7650 SEEN_PREVIOUSLY b'1565180'
ACTION QUERY 10000 7660 women clergy whos
ACTION SERP 10000 7665 EXAMINE_SERP
ACTION SNIPPET 10000 7668 SEEN_PREVIOUSLY b'944693'
ACTION SNIPPET 10000 7671 SEEN_PREVIOUSLY b'932209'
ACTION SNIPPET 10000 7674 SEEN_PREVIOUSLY b'1565180'
ACTION SNIPPET 10000 7677 SEEN_PREVIOUSLY b'397002'
ACTION SNIPPET 10000 7680 SEEN_PREVIOUSLY b'13851'
ACTION SNIPPET 10000 7683 SEEN_PREVIOUSLY b'1214751'
ACTION SNIPPET 10000 7686 SEEN_PREVIOUSLY b'578930'
ACTION SNIPPET 10000 7689 SEEN_PREVIOUSLY b'1751819'
ACTION SNIPPET 10000 7692 SEEN_PREVIOUSLY b'739814'
ACTION SNIPPET 10000 7695 SEEN_PREVIOUSLY b'1102886'
ACTION QUERY 10000 7705 women clergy italy
ACTION SERP 10000 7710 EXAMINE_SERP
ACTION SNIPPET 10000 7713 SNIPPET_RELEVANT b'1099341'
ACTION DOC 10000 7733 EXAMINING_DOCUMENT b'1099341'
ACTION SNIPPET 10000 7736 SEEN_PREVIOUSLY b'944693'
ACTION SNIPPET 10000 7739 SEEN_PREVIOUSLY b'932209'
ACTION SNIPPET 10000 7742 SEEN_PREVIOUSLY b'260204'
ACTION SNIPPET 10000 7745 SEEN_PREVIOUSLY b'397002'
ACTION SNIPPET 10000 7748 SNIPPET_RELEVANT b'38446'
ACTION DOC 10000 7768 EXAMINING_DOCUMENT b'38446'
ACTION SNIPPET 10000 7771 SEEN_PREVIOUSLY b'1565180'
ACTION SNIPPET 10000 7774 SEEN_PREVIOUSLY b'13851'
ACTION SNIPPET 10000 7777 SEEN_PREVIOUSLY b'1398274'
ACTION SNIPPET 10000 7780 SEEN_PREVIOUSLY b'578930'
ACTION QUERY 10000 7790 women clergy going
ACTION SERP 10000 7795 EXAMINE_SERP
ACTION SNIPPET 10000 7798 SEEN_PREVIOUSLY b'944693'
ACTION SNIPPET 10000 7801 SEEN_PREVIOUSLY b'932209'
ACTION SNIPPET 10000 7804 SEEN_PREVIOUSLY b'397002'
ACTION SNIPPET 10000 7807 SEEN_PREVIOUSLY b'1663842'
ACTION SNIPPET 10000 7810 SEEN_PREVIOUSLY b'1565180'
ACTION SNIPPET 10000 7813 SEEN_PREVIOUSLY b'13851'
ACTION SNIPPET 10000 7816 SEEN_PREVIOUSLY b'578930'
ACTION SNIPPET 10000 7819 SEEN_PREVIOUSLY b'1751819'
ACTION SNIPPET 10000 7822 SEEN_PREVIOUSLY b'739814'
ACTION SNIPPET 10000 7825 SEEN_PREVIOUSLY b'1214751'
ACTION QUERY 10000 7835 women clergy week
ACTION SERP 10000 7840 EXAMINE_SERP
ACTION SNIPPET 10000 7843 SEEN_PREVIOUSLY b'1751819'
ACTION SNIPPET 10000 7846 SEEN_PREVIOUSLY b'1214751'
ACTION SNIPPET 10000 7849 SEEN_PREVIOUSLY b'944693'
ACTION SNIPPET 10000 7852 SEEN_PREVIOUSLY b'932209'
ACTION SNIPPET 10000 7855 SEEN_PREVIOUSLY b'739814'
ACTION SNIPPET 10000 7858 SEEN_PREVIOUSLY b'1763796'
ACTION SNIPPET 10000 7861 SEEN_PREVIOUSLY b'397002'
ACTION SNIPPET 10000 7864 SEEN_PREVIOUSLY b'1565180'
ACTION SNIPPET 10000 7867 SEEN_PREVIOUSLY b'13851'
ACTION SNIPPET 10000 7870 SEEN_PREVIOUSLY b'578930'
ACTION QUERY 10000 7880 women clergy happening
ACTION SERP 10000 7885 EXAMINE_SERP
ACTION SNIPPET 10000 7888 SEEN_PREVIOUSLY b'613365'
ACTION SNIPPET 10000 7891 SEEN_PREVIOUSLY b'13851'
ACTION SNIPPET 10000 7894 SEEN_PREVIOUSLY b'944693'
ACTION SNIPPET 10000 7897 SEEN_PREVIOUSLY b'932209'
ACTION SNIPPET 10000 7900 SEEN_PREVIOUSLY b'397002'
ACTION SNIPPET 10000 7903 SEEN_PREVIOUSLY b'1565180'
ACTION SNIPPET 10000 7906 SEEN_PREVIOUSLY b'578930'
ACTION SNIPPET 10000 7909 SEEN_PREVIOUSLY b'1751819'
ACTION SNIPPET 10000 7912 SEEN_PREVIOUSLY b'739814'
ACTION SNIPPET 10000 7915 SEEN_PREVIOUSLY b'1214751'
ACTION QUERY 10000 7925 women clergy working
ACTION SERP 10000 7930 EXAMINE_SERP
ACTION SNIPPET 10000 7933 SEEN_PREVIOUSLY b'932209'
ACTION SNIPPET 10000 7936 SEEN_PREVIOUSLY b'1565180'
ACTION SNIPPET 10000 7939 SEEN_PREVIOUSLY b'13851'
ACTION SNIPPET 10000 7942 SEEN_PREVIOUSLY b'578930'
ACTION SNIPPET 10000 7945 SEEN_PREVIOUSLY b'944693'
ACTION SNIPPET 10000 7948 SEEN_PREVIOUSLY b'1751819'
ACTION SNIPPET 10000 7951 SEEN_PREVIOUSLY b'613365'
ACTION SNIPPET 10000 7954 SEEN_PREVIOUSLY b'739814'
ACTION SNIPPET 10000 7957 SEEN_PREVIOUSLY b'397002'
ACTION SNIPPET 10000 7960 SEEN_PREVIOUSLY b'1102886'
ACTION QUERY 10000 7970 women clergy gathered
ACTION SERP 10000 7975 EXAMINE_SERP
ACTION SNIPPET 10000 7978 SEEN_PREVIOUSLY b'944693'
ACTION SNIPPET 10000 7981 SEEN_PREVIOUSLY b'1102886'
ACTION SNIPPET 10000 7984 SEEN_PREVIOUSLY b'1251727'
ACTION SNIPPET 10000 7987 SNIPPET_RELEVANT b'243975'
ACTION DOC 10000 8007 EXAMINING_DOCUMENT b'243975'
ACTION SNIPPET 10000 8010 SNIPPET_NOT_RELEVANT b'982877'
ACTION SNIPPET 10000 8013 SNIPPET_NOT_RELEVANT b'1325082'
ACTION SNIPPET 10000 8016 SNIPPET_NOT_RELEVANT b'286605'
ACTION SNIPPET 10000 8019 SEEN_PREVIOUSLY b'932209'
ACTION SNIPPET 10000 8022 SNIPPET_RELEVANT b'1288433'
ACTION DOC 10000 8042 EXAMINING_DOCUMENT b'1288433'
ACTION SNIPPET 10000 8045 SEEN_PREVIOUSLY b'397002'
ACTION QUERY 10000 8055 women clergy admitted
ACTION SERP 10000 8060 EXAMINE_SERP
ACTION SNIPPET 10000 8063 SEEN_PREVIOUSLY b'578930'
ACTION SNIPPET 10000 8066 SEEN_PREVIOUSLY b'264657'
ACTION SNIPPET 10000 8069 SEEN_PREVIOUSLY b'1429178'
ACTION SNIPPET 10000 8072 SEEN_PREVIOUSLY b'944693'
ACTION SNIPPET 10000 8075 SEEN_PREVIOUSLY b'932209'
ACTION SNIPPET 10000 8078 SEEN_PREVIOUSLY b'932014'
ACTION SNIPPET 10000 8081 SEEN_PREVIOUSLY b'397002'
ACTION SNIPPET 10000 8084 SEEN_PREVIOUSLY b'1565180'
ACTION SNIPPET 10000 8087 SEEN_PREVIOUSLY b'13851'
ACTION SNIPPET 10000 8090 SNIPPET_NOT_RELEVANT b'921657'
ACTION QUERY 10000 8100 women clergy join
ACTION SERP 10000 8105 EXAMINE_SERP
ACTION SNIPPET 10000 8108 SEEN_PREVIOUSLY b'397002'
ACTION SNIPPET 10000 8111 SEEN_PREVIOUSLY b'1751819'
ACTION SNIPPET 10000 8114 SEEN_PREVIOUSLY b'13851'
ACTION SNIPPET 10000 8117 SEEN_PREVIOUSLY b'180508'
ACTION SNIPPET 10000 8120 SEEN_PREVIOUSLY b'944693'
ACTION SNIPPET 10000 8123 SEEN_PREVIOUSLY b'932209'
ACTION SNIPPET 10000 8126 SNIPPET_RELEVANT b'1546756'
ACTION DOC 10000 8146 EXAMINING_DOCUMENT b'1546756'
ACTION SNIPPET 10000 8149 SEEN_PREVIOUSLY b'1565180'
ACTION SNIPPET 10000 8152 SEEN_PREVIOUSLY b'154506'
ACTION SNIPPET 10000 8155 SEEN_PREVIOUSLY b'1379585'
ACTION QUERY 10000 8165 women clergy graham
ACTION SERP 10000 8170 EXAMINE_SERP
ACTION SNIPPET 10000 8173 SEEN_PREVIOUSLY b'397002'
ACTION SNIPPET 10000 8176 SEEN_PREVIOUSLY b'124514'
ACTION SNIPPET 10000 8179 SNIPPET_RELEVANT b'1532015'
ACTION DOC 10000 8199 EXAMINING_DOCUMENT b'1532015'
ACTION SNIPPET 10000 8202 SEEN_PREVIOUSLY b'944693'
ACTION SNIPPET 10000 8205 SEEN_PREVIOUSLY b'932209'
ACTION SNIPPET 10000 8208 SEEN_PREVIOUSLY b'1565180'
ACTION SNIPPET 10000 8211 SEEN_PREVIOUSLY b'13851'
ACTION SNIPPET 10000 8214 SEEN_PREVIOUSLY b'578930'
ACTION SNIPPET 10000 8217 SEEN_PREVIOUSLY b'1751819'
ACTION SNIPPET 10000 8220 SEEN_PREVIOUSLY b'739814'
ACTION QUERY 10000 8230 women clergy open
ACTION SERP 10000 8235 EXAMINE_SERP
ACTION SNIPPET 10000 8238 SEEN_PREVIOUSLY b'932209'
ACTION SNIPPET 10000 8241 SEEN_PREVIOUSLY b'1193154'
ACTION SNIPPET 10000 8244 SEEN_PREVIOUSLY b'1102886'
ACTION SNIPPET 10000 8247 SEEN_PREVIOUSLY b'13851'
ACTION SNIPPET 10000 8250 SEEN_PREVIOUSLY b'1751819'
ACTION SNIPPET 10000 8253 SEEN_PREVIOUSLY b'944693'
ACTION SNIPPET 10000 8256 SEEN_PREVIOUSLY b'397002'
ACTION SNIPPET 10000 8259 SEEN_PREVIOUSLY b'1565180'
ACTION SNIPPET 10000 8262 SEEN_PREVIOUSLY b'1663842'
ACTION SNIPPET 10000 8265 SNIPPET_RELEVANT b'1389096'
ACTION DOC 10000 8285 EXAMINING_DOCUMENT b'1389096'
ACTION QUERY 10000 8295 women clergy george
ACTION SERP 10000 8300 EXAMINE_SERP
ACTION SNIPPET 10000 8303 SEEN_PREVIOUSLY b'944693'
ACTION SNIPPET 10000 8306 SEEN_PREVIOUSLY b'932209'
ACTION SNIPPET 10000 8309 SEEN_PREVIOUSLY b'397002'
ACTION SNIPPET 10000 8312 SEEN_PREVIOUSLY b'1565180'
ACTION SNIPPET 10000 8315 SEEN_PREVIOUSLY b'13851'
ACTION SNIPPET 10000 8318 SEEN_PREVIOUSLY b'183160'
ACTION SNIPPET 10000 8321 SEEN_PREVIOUSLY b'578930'
ACTION SNIPPET 10000 8324 SEEN_PREVIOUSLY b'1751819'
ACTION SNIPPET 10000 8327 SEEN_PREVIOUSLY b'739814'
ACTION SNIPPET 10000 8330 SEEN_PREVIOUSLY b'1214751'
ACTION QUERY 10000 8340 women clergy work
ACTION SERP 10000 8345 EXAMINE_SERP
ACTION SNIPPET 10000 8348 SEEN_PREVIOUSLY b'932209'
ACTION SNIPPET 10000 8351 SEEN_PREVIOUSLY b'1565180'
ACTION SNIPPET 10000 8354 SEEN_PREVIOUSLY b'13851'
ACTION SNIPPET 10000 8357 SEEN_PREVIOUSLY b'578930'
ACTION SNIPPET 10000 8360 SEEN_PREVIOUSLY b'944693'
ACTION SNIPPET 10000 8363 SEEN_PREVIOUSLY b'1751819'
ACTION SNIPPET 10000 8366 SEEN_PREVIOUSLY b'613365'
ACTION SNIPPET 10000 8369 SEEN_PREVIOUSLY b'739814'
ACTION SNIPPET 10000 8372 SEEN_PREVIOUSLY b'397002'
ACTION SNIPPET 10000 8375 SEEN_PREVIOUSLY b'1102886'
ACTION QUERY 10000 8385 women clergy allows
ACTION SERP 10000 8390 EXAMINE_SERP
ACTION SNIPPET 10000 8393 SEEN_PREVIOUSLY b'944693'
ACTION SNIPPET 10000 8396 SEEN_PREVIOUSLY b'1565180'
ACTION SNIPPET 10000 8399 SEEN_PREVIOUSLY b'397002'
ACTION SNIPPET 10000 8402 SEEN_PREVIOUSLY b'1193154'
ACTION SNIPPET 10000 8405 SEEN_PREVIOUSLY b'1663842'
ACTION SNIPPET 10000 8408 SEEN_PREVIOUSLY b'13851'
ACTION SNIPPET 10000 8411 SEEN_PREVIOUSLY b'1102886'
ACTION SNIPPET 10000 8414 SEEN_PREVIOUSLY b'932209'
ACTION SNIPPET 10000 8417 SEEN_PREVIOUSLY b'1373536'
ACTION SNIPPET 10000 8420 SNIPPET_RELEVANT b'1568232'
ACTION DOC 10000 8440 EXAMINING_DOCUMENT b'1568232'
ACTION QUERY 10000 8450 women clergy pastor
ACTION SERP 10000 8455 EXAMINE_SERP
ACTION SNIPPET 10000 8458 SEEN_PREVIOUSLY b'932209'
ACTION SNIPPET 10000 8461 SNIPPET_RELEVANT b'1785401'
ACTION DOC 10000 8481 EXAMINING_DOCUMENT b'1785401'
ACTION SNIPPET 10000 8484 SEEN_PREVIOUSLY b'818929'
ACTION SNIPPET 10000 8487 SEEN_PREVIOUSLY b'1102886'
ACTION SNIPPET 10000 8490 SEEN_PREVIOUSLY b'1200620'
ACTION SNIPPET 10000 8493 SEEN_PREVIOUSLY b'1429178'
ACTION SNIPPET 10000 8496 SEEN_PREVIOUSLY b'1300089'
ACTION SNIPPET 10000 8499 SEEN_PREVIOUSLY b'1368126'
ACTION SNIPPET 10000 8502 SNIPPET_NOT_RELEVANT b'1714121'
ACTION SNIPPET 10000 8505 SEEN_PREVIOUSLY b'1214751'
ACTION QUERY 10000 8515 women clergy worshipped
ACTION SERP 10000 8520 EXAMINE_SERP
ACTION SNIPPET 10000 8523 SNIPPET_NOT_RELEVANT b'868905'
ACTION SNIPPET 10000 8526 SEEN_PREVIOUSLY b'309604'
ACTION SNIPPET 10000 8529 SNIPPET_RELEVANT b'1677503'
ACTION DOC 10000 8549 EXAMINING_DOCUMENT b'1677503'
ACTION SNIPPET 10000 8552 SNIPPET_NOT_RELEVANT b'644453'
ACTION SNIPPET 10000 8555 SNIPPET_RELEVANT b'1325082'
ACTION DOC 10000 8575 EXAMINING_DOCUMENT b'1325082'
ACTION SNIPPET 10000 8578 SNIPPET_NOT_RELEVANT b'490678'
ACTION SNIPPET 10000 8581 SNIPPET_NOT_RELEVANT b'401939'
ACTION SNIPPET 10000 8584 SNIPPET_NOT_RELEVANT b'976433'
ACTION SNIPPET 10000 8587 SNIPPET_RELEVANT b'1057856'
ACTION DOC 10000 8607 EXAMINING_DOCUMENT b'1057856'
ACTION SNIPPET 10000 8610 SNIPPET_NOT_RELEVANT b'21879'
ACTION QUERY 10000 8620 women clergy spiritual
ACTION SERP 10000 8625 EXAMINE_SERP
ACTION SNIPPET 10000 8628 SEEN_PREVIOUSLY b'739814'
ACTION SNIPPET 10000 8631 SNIPPET_NOT_RELEVANT b'1195909'
ACTION SNIPPET 10000 8634 SNIPPET_NOT_RELEVANT b'933619'
ACTION SNIPPET 10000 8637 SNIPPET_NOT_RELEVANT b'401939'
ACTION SNIPPET 10000 8640 SEEN_PREVIOUSLY b'932209'
ACTION SNIPPET 10000 8643 SNIPPET_NOT_RELEVANT b'610463'
ACTION SNIPPET 10000 8646 SNIPPET_NOT_RELEVANT b'1064623'
ACTION SNIPPET 10000 8649 SEEN_PREVIOUSLY b'1368126'
ACTION SNIPPET 10000 8652 SEEN_PREVIOUSLY b'932728'
ACTION SNIPPET 10000 8655 SNIPPET_RELEVANT b'513914'
ACTION DOC 10000 8675 EXAMINING_DOCUMENT b'513914'
ACTION QUERY 10000 8685 women clergy come
ACTION SERP 10000 8690 EXAMINE_SERP
ACTION SNIPPET 10000 8693 SEEN_PREVIOUSLY b'944693'
ACTION SNIPPET 10000 8696 SEEN_PREVIOUSLY b'1565180'
ACTION SNIPPET 10000 8699 SEEN_PREVIOUSLY b'932209'
ACTION SNIPPET 10000 8702 SEEN_PREVIOUSLY b'739814'
ACTION SNIPPET 10000 8705 SEEN_PREVIOUSLY b'13851'
ACTION SNIPPET 10000 8708 SEEN_PREVIOUSLY b'1751819'
ACTION SNIPPET 10000 8711 SEEN_PREVIOUSLY b'397002'
ACTION SNIPPET 10000 8714 SEEN_PREVIOUSLY b'1663842'
ACTION SNIPPET 10000 8717 SEEN_PREVIOUSLY b'578930'
ACTION SNIPPET 10000 8720 SEEN_PREVIOUSLY b'1214751'
ACTION QUERY 10000 8730 women clergy episcopate
ACTION SERP 10000 8735 EXAMINE_SERP
ACTION SNIPPET 10000 8738 SEEN_PREVIOUSLY b'944693'
ACTION SNIPPET 10000 8741 SEEN_PREVIOUSLY b'613365'
ACTION SNIPPET 10000 8744 SEEN_PREVIOUSLY b'739814'
ACTION SNIPPET 10000 8747 SEEN_PREVIOUSLY b'13851'
ACTION SNIPPET 10000 8750 SEEN_PREVIOUSLY b'1214751'
ACTION SNIPPET 10000 8753 SEEN_PREVIOUSLY b'578930'
ACTION SNIPPET 10000 8756 SEEN_PREVIOUSLY b'124514'
ACTION SNIPPET 10000 8759 SEEN_PREVIOUSLY b'1546756'
ACTION SNIPPET 10000 8762 SEEN_PREVIOUSLY b'287611'
ACTION SNIPPET 10000 8765 SNIPPET_NOT_RELEVANT b'287692'
ACTION QUERY 10000 8775 women clergy elected
ACTION SERP 10000 8780 EXAMINE_SERP
ACTION SNIPPET 10000 8783 SEEN_PREVIOUSLY b'613365'
ACTION SNIPPET 10000 8786 SEEN_PREVIOUSLY b'154506'
ACTION SNIPPET 10000 8789 SEEN_PREVIOUSLY b'1509605'
ACTION SNIPPET 10000 8792 SEEN_PREVIOUSLY b'183160'
ACTION SNIPPET 10000 8795 SNIPPET_NOT_RELEVANT b'405288'
ACTION SNIPPET 10000 8798 SEEN_PREVIOUSLY b'124514'
ACTION SNIPPET 10000 8801 SEEN_PREVIOUSLY b'944693'
ACTION SNIPPET 10000 8804 SEEN_PREVIOUSLY b'1760070'
ACTION SNIPPET 10000 8807 SEEN_PREVIOUSLY b'932209'
ACTION SNIPPET 10000 8810 SNIPPET_NOT_RELEVANT b'1178357'
ACTION QUERY 10000 8820 women clergy priest
ACTION SERP 10000 8825 EXAMINE_SERP
ACTION SNIPPET 10000 8828 SEEN_PREVIOUSLY b'1565180'
ACTION SNIPPET 10000 8831 SEEN_PREVIOUSLY b'944693'
ACTION SNIPPET 10000 8834 SEEN_PREVIOUSLY b'1663842'
ACTION SNIPPET 10000 8837 SEEN_PREVIOUSLY b'397011'
ACTION SNIPPET 10000 8840 SEEN_PREVIOUSLY b'1214751'
ACTION SNIPPET 10000 8843 SEEN_PREVIOUSLY b'565289'
ACTION SNIPPET 10000 8846 SEEN_PREVIOUSLY b'124514'
ACTION SNIPPET 10000 8849 SEEN_PREVIOUSLY b'402999'
ACTION SNIPPET 10000 8852 SEEN_PREVIOUSLY b'932209'
ACTION SNIPPET 10000 8855 SNIPPET_NOT_RELEVANT b'307458'
ACTION QUERY 10000 8865 women clergy english
ACTION SERP 10000 8870 EXAMINE_SERP
ACTION SNIPPET 10000 8873 SEEN_PREVIOUSLY b'1102886'
ACTION SNIPPET 10000 8876 SEEN_PREVIOUSLY b'1717961'
ACTION SNIPPET 10000 8879 SEEN_PREVIOUSLY b'944693'
ACTION SNIPPET 10000 8882 SEEN_PREVIOUSLY b'932209'
ACTION SNIPPET 10000 8885 SEEN_PREVIOUSLY b'397002'
ACTION SNIPPET 10000 8888 SEEN_PREVIOUSLY b'1565180'
ACTION SNIPPET 10000 8891 SNIPPET_RELEVANT b'1132952'
ACTION DOC 10000 8911 EXAMINING_DOCUMENT b'1132952'
ACTION SNIPPET 10000 8914 SEEN_PREVIOUSLY b'13851'
ACTION SNIPPET 10000 8917 SEEN_PREVIOUSLY b'578930'
ACTION SNIPPET 10000 8920 SEEN_PREVIOUSLY b'1751819'
ACTION QUERY 10000 8930 women clergy voted
ACTION SERP 10000 8935 EXAMINE_SERP
ACTION SNIPPET 10000 8938 SEEN_PREVIOUSLY b'944693'
ACTION SNIPPET 10000 8941 SEEN_PREVIOUSLY b'613365'
ACTION SNIPPET 10000 8944 SEEN_PREVIOUSLY b'13851'
ACTION SNIPPET 10000 8947 SEEN_PREVIOUSLY b'1214751'
ACTION SNIPPET 10000 8950 SEEN_PREVIOUSLY b'1763796'
ACTION SNIPPET 10000 8953 SEEN_PREVIOUSLY b'124514'
ACTION SNIPPET 10000 8956 SEEN_PREVIOUSLY b'183160'
ACTION SNIPPET 10000 8959 SNIPPET_NOT_RELEVANT b'790279'
ACTION SNIPPET 10000 8962 SEEN_PREVIOUSLY b'1760070'
ACTION SNIPPET 10000 8965 SNIPPET_NOT_RELEVANT b'193640'
ACTION QUERY 10000 8975 women clergy policy
ACTION SERP 10000 8980 EXAMINE_SERP
ACTION SNIPPET 10000 8983 SEEN_PREVIOUSLY b'1214751'
ACTION SNIPPET 10000 8986 SEEN_PREVIOUSLY b'1568232'
ACTION SNIPPET 10000 8989 SEEN_PREVIOUSLY b'13851'
ACTION SNIPPET 10000 8992 SEEN_PREVIOUSLY b'1251727'
ACTION SNIPPET 10000 8995 SEEN_PREVIOUSLY b'1368126'
ACTION SNIPPET 10000 8998 SEEN_PREVIOUSLY b'944693'
ACTION SNIPPET 10000 9001 SEEN_PREVIOUSLY b'932209'
ACTION SNIPPET 10000 9004 SEEN_PREVIOUSLY b'397002'
ACTION SNIPPET 10000 9007 SNIPPET_NOT_RELEVANT b'452166'
ACTION SNIPPET 10000 9010 SEEN_PREVIOUSLY b'1565180'
ACTION QUERY 10000 9020 women clergy london
ACTION SERP 10000 9025 EXAMINE_SERP
ACTION SNIPPET 10000 9028 SEEN_PREVIOUSLY b'397002'
ACTION SNIPPET 10000 9031 SNIPPET_RELEVANT b'1797802'
ACTION DOC 10000 9051 EXAMINING_DOCUMENT b'1797802'
ACTION SNIPPET 10000 9054 SEEN_PREVIOUSLY b'1429178'
ACTION SNIPPET 10000 9057 SEEN_PREVIOUSLY b'944693'
ACTION SNIPPET 10000 9060 SEEN_PREVIOUSLY b'932209'
ACTION SNIPPET 10000 9063 SEEN_PREVIOUSLY b'124514'
ACTION SNIPPET 10000 9066 SEEN_PREVIOUSLY b'1565180'
ACTION SNIPPET 10000 9069 SEEN_PREVIOUSLY b'13851'
ACTION SNIPPET 10000 9072 SEEN_PREVIOUSLY b'578930'
ACTION SNIPPET 10000 9075 SEEN_PREVIOUSLY b'1751819'
ACTION QUERY 10000 9085 women clergy council
ACTION SERP 10000 9090 EXAMINE_SERP
ACTION SNIPPET 10000 9093 SEEN_PREVIOUSLY b'397002'
ACTION SNIPPET 10000 9096 SEEN_PREVIOUSLY b'944693'
ACTION SNIPPET 10000 9099 SEEN_PREVIOUSLY b'1193154'
ACTION SNIPPET 10000 9102 SNIPPET_RELEVANT b'868905'
ACTION DOC 10000 9122 EXAMINING_DOCUMENT b'868905'
ACTION SNIPPET 10000 9125 SNIPPET_NOT_RELEVANT b'541784'
ACTION SNIPPET 10000 9128 SNIPPET_NOT_RELEVANT b'541785'
ACTION SNIPPET 10000 9131 SNIPPET_RELEVANT b'405288'
ACTION DOC 10000 9151 EXAMINING_DOCUMENT b'405288'
ACTION SNIPPET 10000 9154 SEEN_PREVIOUSLY b'1763796'
ACTION SNIPPET 10000 9157 SNIPPET_RELEVANT b'79223'
ACTION DOC 10000 9177 EXAMINING_DOCUMENT b'79223'
ACTION SNIPPET 10000 9180 SNIPPET_NOT_RELEVANT b'1714121'
ACTION QUERY 10000 9190 women clergy built
ACTION SERP 10000 9195 EXAMINE_SERP
ACTION SNIPPET 10000 9198 SEEN_PREVIOUSLY b'944693'
ACTION SNIPPET 10000 9201 SEEN_PREVIOUSLY b'932209'
ACTION SNIPPET 10000 9204 SEEN_PREVIOUSLY b'397002'
ACTION SNIPPET 10000 9207 SEEN_PREVIOUSLY b'154506'
ACTION SNIPPET 10000 9210 SEEN_PREVIOUSLY b'1565180'
ACTION SNIPPET 10000 9213 SEEN_PREVIOUSLY b'13851'
ACTION SNIPPET 10000 9216 SEEN_PREVIOUSLY b'1785401'
ACTION SNIPPET 10000 9219 SEEN_PREVIOUSLY b'578930'
ACTION SNIPPET 10000 9222 SEEN_PREVIOUSLY b'1751819'
ACTION SNIPPET 10000 9225 SEEN_PREVIOUSLY b'739814'
ACTION QUERY 10000 9235 women clergy 2
ACTION SERP 10000 9240 EXAMINE_SERP
ACTION SNIPPET 10000 9243 SEEN_PREVIOUSLY b'944693'
ACTION SNIPPET 10000 9246 SEEN_PREVIOUSLY b'1751819'
ACTION SNIPPET 10000 9249 SEEN_PREVIOUSLY b'932209'
ACTION SNIPPET 10000 9252 SEEN_PREVIOUSLY b'397002'
ACTION SNIPPET 10000 9255 SEEN_PREVIOUSLY b'1102886'
ACTION SNIPPET 10000 9258 SEEN_PREVIOUSLY b'1565180'
ACTION SNIPPET 10000 9261 SEEN_PREVIOUSLY b'13851'
ACTION SNIPPET 10000 9264 SEEN_PREVIOUSLY b'578930'
ACTION SNIPPET 10000 9267 SEEN_PREVIOUSLY b'739814'
ACTION SNIPPET 10000 9270 SEEN_PREVIOUSLY b'1214751'
ACTION QUERY 10000 9280 women clergy giles
ACTION SERP 10000 9285 EXAMINE_SERP
ACTION SNIPPET 10000 9288 SNIPPET_RELEVANT b'874039'
ACTION DOC 10000 9308 EXAMINING_DOCUMENT b'874039'
ACTION SNIPPET 10000 9311 SNIPPET_RELEVANT b'1619949'
ACTION DOC 10000 9331 EXAMINING_DOCUMENT b'1619949'
ACTION SNIPPET 10000 9334 SNIPPET_NOT_RELEVANT b'1752659'
ACTION SNIPPET 10000 9337 SEEN_PREVIOUSLY b'944693'
ACTION SNIPPET 10000 9340 SEEN_PREVIOUSLY b'932209'
ACTION SNIPPET 10000 9343 SNIPPET_NOT_RELEVANT b'1007004'
ACTION SNIPPET 10000 9346 SEEN_PREVIOUSLY b'397002'
ACTION SNIPPET 10000 9349 SEEN_PREVIOUSLY b'1565180'
ACTION SNIPPET 10000 9352 SNIPPET_NOT_RELEVANT b'254100'
ACTION SNIPPET 10000 9355 SEEN_PREVIOUSLY b'13851'
ACTION QUERY 10000 9365 women clergy england
ACTION SERP 10000 9370 EXAMINE_SERP
ACTION SNIPPET 10000 9373 SEEN_PREVIOUSLY b'397011'
ACTION SNIPPET 10000 9376 SEEN_PREVIOUSLY b'124514'
ACTION SNIPPET 10000 9379 SEEN_PREVIOUSLY b'1102886'
ACTION SNIPPET 10000 9382 SNIPPET_NOT_RELEVANT b'569722'
ACTION SNIPPET 10000 9385 SNIPPET_RELEVANT b'738339'
ACTION DOC 10000 9405 EXAMINING_DOCUMENT b'738339'
ACTION MARK 10000 9408 CONSIDERED_RELEVANT b'738339'
ACTION SNIPPET 10000 9411 SNIPPET_NOT_RELEVANT b'573305'
ACTION SNIPPET 10000 9414 SEEN_PREVIOUSLY b'944693'
ACTION SNIPPET 10000 9417 SEEN_PREVIOUSLY b'932209'
ACTION SNIPPET 10000 9420 SNIPPET_RELEVANT b'182387'
ACTION DOC 10000 9440 EXAMINING_DOCUMENT b'182387'
ACTION SNIPPET 10000 9443 SNIPPET_NOT_RELEVANT b'69265'
ACTION QUERY 10000 9453 women clergy appointed
ACTION SERP 10000 9458 EXAMINE_SERP
ACTION SNIPPET 10000 9461 SEEN_PREVIOUSLY b'1785401'
ACTION SNIPPET 10000 9464 SEEN_PREVIOUSLY b'944693'
ACTION SNIPPET 10000 9467 SEEN_PREVIOUSLY b'932209'
ACTION SNIPPET 10000 9470 SEEN_PREVIOUSLY b'402999'
ACTION SNIPPET 10000 9473 SEEN_PREVIOUSLY b'397002'
ACTION SNIPPET 10000 9476 SEEN_PREVIOUSLY b'1565180'
ACTION SNIPPET 10000 9479 SEEN_PREVIOUSLY b'13851'
ACTION SNIPPET 10000 9482 SNIPPET_RELEVANT b'921657'
ACTION DOC 10000 9502 EXAMINING_DOCUMENT b'921657'
ACTION SNIPPET 10000 9505 SNIPPET_NOT_RELEVANT b'1411166'
ACTION SNIPPET 10000 9508 SNIPPET_NOT_RELEVANT b'79447'
ACTION QUERY 10000 9518 women clergy year
ACTION SERP 10000 9523 EXAMINE_SERP
ACTION SNIPPET 10000 9526 SEEN_PREVIOUSLY b'932209'
ACTION SNIPPET 10000 9529 SEEN_PREVIOUSLY b'397002'
ACTION SNIPPET 10000 9532 SEEN_PREVIOUSLY b'944693'
ACTION SNIPPET 10000 9535 SEEN_PREVIOUSLY b'1565180'
ACTION SNIPPET 10000 9538 SEEN_PREVIOUSLY b'13851'
ACTION SNIPPET 10000 9541 SEEN_PREVIOUSLY b'578930'
ACTION SNIPPET 10000 9544 SEEN_PREVIOUSLY b'1751819'
ACTION SNIPPET 10000 9547 SEEN_PREVIOUSLY b'739814'
ACTION SNIPPET 10000 9550 SEEN_PREVIOUSLY b'1193154'
ACTION SNIPPET 10000 9553 SEEN_PREVIOUSLY b'1214751'
ACTION QUERY 10000 9563 women clergy female
ACTION SERP 10000 9568 EXAMINE_SERP
ACTION SNIPPET 10000 9571 SEEN_PREVIOUSLY b'944693'
ACTION SNIPPET 10000 9574 SEEN_PREVIOUSLY b'932209'
ACTION SNIPPET 10000 9577 SEEN_PREVIOUSLY b'1102886'
ACTION SNIPPET 10000 9580 SEEN_PREVIOUSLY b'13851'
ACTION SNIPPET 10000 9583 SEEN_PREVIOUSLY b'1379585'
ACTION SNIPPET 10000 9586 SEEN_PREVIOUSLY b'1214751'
ACTION SNIPPET 10000 9589 SEEN_PREVIOUSLY b'613365'
ACTION SNIPPET 10000 9592 SEEN_PREVIOUSLY b'124514'
ACTION SNIPPET 10000 9595 SEEN_PREVIOUSLY b'1786227'
ACTION SNIPPET 10000 9598 SEEN_PREVIOUSLY b'1663842'
ACTION QUERY 10000 9608 women clergy longer
ACTION SERP 10000 9613 EXAMINE_SERP
ACTION SNIPPET 10000 9616 SEEN_PREVIOUSLY b'944693'
ACTION SNIPPET 10000 9619 SEEN_PREVIOUSLY b'1751819'
ACTION SNIPPET 10000 9622 SEEN_PREVIOUSLY b'932209'
ACTION SNIPPET 10000 9625 SEEN_PREVIOUSLY b'1530391'
ACTION SNIPPET 10000 9628 SEEN_PREVIOUSLY b'397002'
ACTION SNIPPET 10000 9631 SEEN_PREVIOUSLY b'1565180'
ACTION SNIPPET 10000 9634 SEEN_PREVIOUSLY b'1379585'
ACTION SNIPPET 10000 9637 SEEN_PREVIOUSLY b'13851'
ACTION SNIPPET 10000 9640 SNIPPET_RELEVANT b'1095831'
ACTION DOC 10000 9660 EXAMINING_DOCUMENT b'1095831'
ACTION SNIPPET 10000 9663 SEEN_PREVIOUSLY b'578930'
ACTION QUERY 10000 9673 women clergy females
ACTION SERP 10000 9678 EXAMINE_SERP
ACTION SNIPPET 10000 9681 SEEN_PREVIOUSLY b'944693'
ACTION SNIPPET 10000 9684 SEEN_PREVIOUSLY b'932209'
ACTION SNIPPET 10000 9687 SEEN_PREVIOUSLY b'1102886'
ACTION SNIPPET 10000 9690 SEEN_PREVIOUSLY b'13851'
ACTION SNIPPET 10000 9693 SEEN_PREVIOUSLY b'1379585'
ACTION SNIPPET 10000 9696 SEEN_PREVIOUSLY b'1214751'
ACTION SNIPPET 10000 9699 SEEN_PREVIOUSLY b'613365'
ACTION SNIPPET 10000 9702 SEEN_PREVIOUSLY b'124514'
ACTION SNIPPET 10000 9705 SEEN_PREVIOUSLY b'1786227'
ACTION SNIPPET 10000 9708 SEEN_PREVIOUSLY b'1663842'
ACTION QUERY 10000 9718 women clergy evangelical
ACTION SERP 10000 9723 EXAMINE_SERP
ACTION SNIPPET 10000 9726 SNIPPET_RELEVANT b'929237'
ACTION DOC 10000 9746 EXAMINING_DOCUMENT b'929237'
ACTION SNIPPET 10000 9749 SNIPPET_NOT_RELEVANT b'416827'
ACTION SNIPPET 10000 9752 SEEN_PREVIOUSLY b'1102886'
ACTION SNIPPET 10000 9755 SEEN_PREVIOUSLY b'818929'
ACTION SNIPPET 10000 9758 SNIPPET_NOT_RELEVANT b'169858'
ACTION SNIPPET 10000 9761 SNIPPET_NOT_RELEVANT b'860203'
ACTION SNIPPET 10000 9764 SNIPPET_RELEVANT b'1810614'
ACTION DOC 10000 9784 EXAMINING_DOCUMENT b'1810614'
ACTION SNIPPET 10000 9787 SEEN_PREVIOUSLY b'1763796'
ACTION SNIPPET 10000 9790 SEEN_PREVIOUSLY b'1785401'
ACTION SNIPPET 10000 9793 SNIPPET_RELEVANT b'1811616'
ACTION DOC 10000 9813 EXAMINING_DOCUMENT b'1811616'
ACTION QUERY 10000 9823 women clergy retired
ACTION SERP 10000 9828 EXAMINE_SERP
ACTION SNIPPET 10000 9831 SEEN_PREVIOUSLY b'1193154'
ACTION SNIPPET 10000 9834 SEEN_PREVIOUSLY b'739814'
ACTION SNIPPET 10000 9837 SEEN_PREVIOUSLY b'944693'
ACTION SNIPPET 10000 9840 SEEN_PREVIOUSLY b'932209'
ACTION SNIPPET 10000 9843 SEEN_PREVIOUSLY b'397002'
ACTION SNIPPET 10000 9846 SEEN_PREVIOUSLY b'1565180'
ACTION SNIPPET 10000 9849 SNIPPET_NOT_RELEVANT b'1172678'
ACTION SNIPPET 10000 9852 SEEN_PREVIOUSLY b'13851'
ACTION SNIPPET 10000 9855 SEEN_PREVIOUSLY b'578930'
ACTION SNIPPET 10000 9858 SEEN_PREVIOUSLY b'1751819'
ACTION QUERY 10000 9868 women clergy latvias
ACTION SERP 10000 9873 EXAMINE_SERP
ACTION SNIPPET 10000 9876 SEEN_PREVIOUSLY b'944693'
ACTION SNIPPET 10000 9879 SEEN_PREVIOUSLY b'932209'
ACTION SNIPPET 10000 9882 SEEN_PREVIOUSLY b'397002'
ACTION SNIPPET 10000 9885 SEEN_PREVIOUSLY b'1565180'
ACTION SNIPPET 10000 9888 SEEN_PREVIOUSLY b'1805127'
ACTION SNIPPET 10000 9891 SEEN_PREVIOUSLY b'13851'
ACTION SNIPPET 10000 9894 SEEN_PREVIOUSLY b'578930'
ACTION SNIPPET 10000 9897 SEEN_PREVIOUSLY b'1751819'
ACTION SNIPPET 10000 9900 SEEN_PREVIOUSLY b'739814'
ACTION SNIPPET 10000 9903 SEEN_PREVIOUSLY b'1214751'
ACTION QUERY 10000 9913 women clergy role
ACTION SERP 10000 9918 EXAMINE_SERP
ACTION SNIPPET 10000 9921 SEEN_PREVIOUSLY b'932209'
ACTION SNIPPET 10000 9924 SEEN_PREVIOUSLY b'268394'
ACTION SNIPPET 10000 9927 SEEN_PREVIOUSLY b'13851'
ACTION SNIPPET 10000 9930 SEEN_PREVIOUSLY b'1102886'
ACTION SNIPPET 10000 9933 SNIPPET_NOT_RELEVANT b'307458'
ACTION SNIPPET 10000 9936 SEEN_PREVIOUSLY b'808601'
ACTION SNIPPET 10000 9939 SEEN_PREVIOUSLY b'944693'
ACTION SNIPPET 10000 9942 SEEN_PREVIOUSLY b'1368126'
ACTION SNIPPET 10000 9945 SEEN_PREVIOUSLY b'932728'
ACTION SNIPPET 10000 9948 SEEN_PREVIOUSLY b'180508'
ACTION QUERY 10000 9958 women clergy ceremony
ACTION SERP 10000 9963 EXAMINE_SERP
ACTION SNIPPET 10000 9966 SEEN_PREVIOUSLY b'1567546'
ACTION SNIPPET 10000 9969 SNIPPET_NOT_RELEVANT b'790279'
ACTION SNIPPET 10000 9972 SNIPPET_RELEVANT b'1565763'
ACTION DOC 10000 9992 EXAMINING_DOCUMENT b'1565763'
ACTION SNIPPET 10000 9995 SEEN_PREVIOUSLY b'933624'
ACTION SNIPPET 10000 9998 SNIPPET_NOT_RELEVANT b'1010234'
ACTION SNIPPET 10000 10001 SNIPPET_NOT_RELEVANT b'315014'
INFO SUMMARY 
INFO TOTAL_QUERIES_ISSUED 146
INFO TOTAL_SNIPPETS_EXAMINED 1456
INFO TOTAL_DOCUMENTS_EXAMINED 169
INFO TOTAL_DOCUMENTS_MARKED_RELEVANT 21
INFO TOTAL_ATTRACTIVE_SERP_IMPRESSIONS 146
INFO TOTAL_UNATTRACTIVE_SERP_IMPRESSIONS 0
