ACTION QUERY 10000 10 college education advantage
ACTION SERP 10000 15 EXAMINE_SERP
ACTION SNIPPET 10000 18 SNIPPET_NOT_RELEVANT b'77858'
ACTION SNIPPET 10000 21 SNIPPET_NOT_RELEVANT b'845002'
ACTION SNIPPET 10000 24 SNIPPET_RELEVANT b'1642208'
ACTION DOC 10000 44 EXAMINING_DOCUMENT b'1642208'
ACTION SNIPPET 10000 47 SNIPPET_RELEVANT b'1707549'
ACTION DOC 10000 67 EXAMINING_DOCUMENT b'1707549'
ACTION SNIPPET 10000 70 SNIPPET_NOT_RELEVANT b'1739514'
ACTION SNIPPET 10000 73 SNIPPET_RELEVANT b'247974'
ACTION DOC 10000 93 EXAMINING_DOCUMENT b'247974'
ACTION SNIPPET 10000 96 SNIPPET_NOT_RELEVANT b'1065767'
ACTION SNIPPET 10000 99 SNIPPET_RELEVANT b'1235262'
ACTION DOC 10000 119 EXAMINING_DOCUMENT b'1235262'
ACTION SNIPPET 10000 122 SNIPPET_RELEVANT b'1019664'
ACTION DOC 10000 142 EXAMINING_DOCUMENT b'1019664'
ACTION SNIPPET 10000 145 SNIPPET_RELEVANT b'1170209'
ACTION DOC 10000 165 EXAMINING_DOCUMENT b'1170209'
ACTION QUERY 10000 175 college education advantage athletics
ACTION SERP 10000 180 EXAMINE_SERP
ACTION SNIPPET 10000 183 SNIPPET_RELEVANT b'1093014'
ACTION DOC 10000 203 EXAMINING_DOCUMENT b'1093014'
ACTION SNIPPET 10000 206 SNIPPET_RELEVANT b'1519827'
ACTION DOC 10000 226 EXAMINING_DOCUMENT b'1519827'
ACTION SNIPPET 10000 229 SNIPPET_NOT_RELEVANT b'1185321'
ACTION SNIPPET 10000 232 SNIPPET_NOT_RELEVANT b'430740'
ACTION SNIPPET 10000 235 SNIPPET_NOT_RELEVANT b'1272644'
ACTION SNIPPET 10000 238 SNIPPET_RELEVANT b'53093'
ACTION DOC 10000 258 EXAMINING_DOCUMENT b'53093'
ACTION SNIPPET 10000 261 SNIPPET_NOT_RELEVANT b'402086'
ACTION SNIPPET 10000 264 SNIPPET_NOT_RELEVANT b'411724'
ACTION SNIPPET 10000 267 SNIPPET_NOT_RELEVANT b'1775839'
ACTION SNIPPET 10000 270 SNIPPET_NOT_RELEVANT b'433551'
ACTION QUERY 10000 280 college education advantage talented
ACTION SERP 10000 285 EXAMINE_SERP
ACTION SNIPPET 10000 288 SNIPPET_NOT_RELEVANT b'1028368'
ACTION SNIPPET 10000 291 SNIPPET_NOT_RELEVANT b'1576073'
ACTION SNIPPET 10000 294 SNIPPET_RELEVANT b'598148'
ACTION DOC 10000 314 EXAMINING_DOCUMENT b'598148'
ACTION SNIPPET 10000 317 SNIPPET_NOT_RELEVANT b'62263'
ACTION SNIPPET 10000 320 SNIPPET_RELEVANT b'255144'
ACTION DOC 10000 340 EXAMINING_DOCUMENT b'255144'
ACTION SNIPPET 10000 343 SNIPPET_RELEVANT b'126912'
ACTION DOC 10000 363 EXAMINING_DOCUMENT b'126912'
ACTION SNIPPET 10000 366 SNIPPET_RELEVANT b'1272644'
ACTION DOC 10000 386 EXAMINING_DOCUMENT b'1272644'
ACTION SNIPPET 10000 389 SNIPPET_NOT_RELEVANT b'435165'
ACTION SNIPPET 10000 392 SNIPPET_RELEVANT b'1202882'
ACTION DOC 10000 412 EXAMINING_DOCUMENT b'1202882'
ACTION SNIPPET 10000 415 SNIPPET_NOT_RELEVANT b'855827'
ACTION QUERY 10000 425 college education advantage systems
ACTION SERP 10000 430 EXAMINE_SERP
ACTION SNIPPET 10000 433 SNIPPET_RELEVANT b'77858'
ACTION DOC 10000 453 EXAMINING_DOCUMENT b'77858'
ACTION SNIPPET 10000 456 SEEN_PREVIOUSLY b'247974'
ACTION SNIPPET 10000 459 SNIPPET_NOT_RELEVANT b'845002'
ACTION SNIPPET 10000 462 SNIPPET_NOT_RELEVANT b'1185321'
ACTION SNIPPET 10000 465 SNIPPET_NOT_RELEVANT b'1062'
ACTION SNIPPET 10000 468 SNIPPET_RELEVANT b'1062'
ACTION DOC 10000 488 EXAMINING_DOCUMENT b'1062'
ACTION SNIPPET 10000 491 SNIPPET_RELEVANT b'430740'
ACTION DOC 10000 511 EXAMINING_DOCUMENT b'430740'
ACTION SNIPPET 10000 514 SNIPPET_NOT_RELEVANT b'1461732'
ACTION SNIPPET 10000 517 SNIPPET_NOT_RELEVANT b'434854'
ACTION SNIPPET 10000 520 SNIPPET_NOT_RELEVANT b'140339'
ACTION QUERY 10000 530 college education advantage ix
ACTION SERP 10000 535 EXAMINE_SERP
ACTION SNIPPET 10000 538 SNIPPET_RELEVANT b'1775839'
ACTION DOC 10000 558 EXAMINING_DOCUMENT b'1775839'
ACTION SNIPPET 10000 561 SNIPPET_NOT_RELEVANT b'1196512'
ACTION SNIPPET 10000 564 SNIPPET_NOT_RELEVANT b'1503873'
ACTION SNIPPET 10000 567 SNIPPET_NOT_RELEVANT b'1460678'
ACTION SNIPPET 10000 570 SNIPPET_RELEVANT b'1691331'
ACTION DOC 10000 590 EXAMINING_DOCUMENT b'1691331'
ACTION SNIPPET 10000 593 SNIPPET_RELEVANT b'1450203'
ACTION DOC 10000 613 EXAMINING_DOCUMENT b'1450203'
ACTION SNIPPET 10000 616 SNIPPET_NOT_RELEVANT b'1396369'
ACTION SNIPPET 10000 619 SNIPPET_RELEVANT b'1378398'
ACTION DOC 10000 639 EXAMINING_DOCUMENT b'1378398'
ACTION SNIPPET 10000 642 SNIPPET_NOT_RELEVANT b'1460133'
ACTION SNIPPET 10000 645 SNIPPET_RELEVANT b'702973'
ACTION DOC 10000 665 EXAMINING_DOCUMENT b'702973'
ACTION QUERY 10000 675 college education advantage handicapped
ACTION SERP 10000 680 EXAMINE_SERP
ACTION SNIPPET 10000 683 SNIPPET_NOT_RELEVANT b'311542'
ACTION SNIPPET 10000 686 SNIPPET_NOT_RELEVANT b'1074594'
ACTION SNIPPET 10000 689 SNIPPET_NOT_RELEVANT b'1526524'
ACTION SNIPPET 10000 692 SNIPPET_RELEVANT b'1322719'
ACTION DOC 10000 712 EXAMINING_DOCUMENT b'1322719'
ACTION SNIPPET 10000 715 SNIPPET_RELEVANT b'232674'
ACTION DOC 10000 735 EXAMINING_DOCUMENT b'232674'
ACTION SNIPPET 10000 738 SNIPPET_NOT_RELEVANT b'321347'
ACTION SNIPPET 10000 741 SNIPPET_NOT_RELEVANT b'1134655'
ACTION SNIPPET 10000 744 SNIPPET_NOT_RELEVANT b'1409076'
ACTION SNIPPET 10000 747 SNIPPET_NOT_RELEVANT b'261109'
ACTION SNIPPET 10000 750 SNIPPET_RELEVANT b'442763'
ACTION DOC 10000 770 EXAMINING_DOCUMENT b'442763'
ACTION QUERY 10000 780 college education advantage reaffirmed
ACTION SERP 10000 785 EXAMINE_SERP
ACTION SNIPPET 10000 788 SNIPPET_RELEVANT b'197034'
ACTION DOC 10000 808 EXAMINING_DOCUMENT b'197034'
ACTION SNIPPET 10000 811 SNIPPET_NOT_RELEVANT b'1011140'
ACTION SNIPPET 10000 814 SNIPPET_RELEVANT b'407017'
ACTION DOC 10000 834 EXAMINING_DOCUMENT b'407017'
ACTION SNIPPET 10000 837 SNIPPET_NOT_RELEVANT b'183621'
ACTION SNIPPET 10000 840 SNIPPET_RELEVANT b'44002'
ACTION DOC 10000 860 EXAMINING_DOCUMENT b'44002'
ACTION SNIPPET 10000 863 SNIPPET_NOT_RELEVANT b'442758'
ACTION SNIPPET 10000 866 SNIPPET_NOT_RELEVANT b'1802825'
ACTION SNIPPET 10000 869 SEEN_PREVIOUSLY b'77858'
ACTION SNIPPET 10000 872 SNIPPET_NOT_RELEVANT b'1761902'
ACTION SNIPPET 10000 875 SNIPPET_NOT_RELEVANT b'465609'
ACTION QUERY 10000 885 college education advantage helped
ACTION SERP 10000 890 EXAMINE_SERP
ACTION SNIPPET 10000 893 SEEN_PREVIOUSLY b'1170209'
ACTION SNIPPET 10000 896 SEEN_PREVIOUSLY b'1642208'
ACTION SNIPPET 10000 899 SNIPPET_NOT_RELEVANT b'954708'
ACTION SNIPPET 10000 902 SNIPPET_NOT_RELEVANT b'1065767'
ACTION SNIPPET 10000 905 SEEN_PREVIOUSLY b'247974'
ACTION SNIPPET 10000 908 SNIPPET_RELEVANT b'434854'
ACTION DOC 10000 928 EXAMINING_DOCUMENT b'434854'
ACTION SNIPPET 10000 931 SEEN_PREVIOUSLY b'1707549'
ACTION SNIPPET 10000 934 SNIPPET_NOT_RELEVANT b'1790828'
ACTION SNIPPET 10000 937 SEEN_PREVIOUSLY b'77858'
ACTION SNIPPET 10000 940 SNIPPET_RELEVANT b'911354'
ACTION DOC 10000 960 EXAMINING_DOCUMENT b'911354'
ACTION QUERY 10000 970 college education advantage families
ACTION SERP 10000 975 EXAMINE_SERP
ACTION SNIPPET 10000 978 SEEN_PREVIOUSLY b'1707549'
ACTION SNIPPET 10000 981 SEEN_PREVIOUSLY b'1170209'
ACTION SNIPPET 10000 984 SNIPPET_RELEVANT b'1576073'
ACTION DOC 10000 1004 EXAMINING_DOCUMENT b'1576073'
ACTION SNIPPET 10000 1007 SNIPPET_RELEVANT b'1378422'
ACTION DOC 10000 1027 EXAMINING_DOCUMENT b'1378422'
ACTION SNIPPET 10000 1030 SNIPPET_RELEVANT b'1577987'
ACTION DOC 10000 1050 EXAMINING_DOCUMENT b'1577987'
ACTION SNIPPET 10000 1053 SNIPPET_RELEVANT b'33511'
ACTION DOC 10000 1073 EXAMINING_DOCUMENT b'33511'
ACTION SNIPPET 10000 1076 SNIPPET_NOT_RELEVANT b'168948'
ACTION SNIPPET 10000 1079 SNIPPET_RELEVANT b'1497415'
ACTION DOC 10000 1099 EXAMINING_DOCUMENT b'1497415'
ACTION SNIPPET 10000 1102 SEEN_PREVIOUSLY b'77858'
ACTION SNIPPET 10000 1105 SNIPPET_NOT_RELEVANT b'557804'
ACTION QUERY 10000 1115 college education advantage demographics
ACTION SERP 10000 1120 EXAMINE_SERP
ACTION SNIPPET 10000 1123 SNIPPET_RELEVANT b'366797'
ACTION DOC 10000 1143 EXAMINING_DOCUMENT b'366797'
ACTION SNIPPET 10000 1146 SNIPPET_NOT_RELEVANT b'341640'
ACTION SNIPPET 10000 1149 SNIPPET_NOT_RELEVANT b'362492'
ACTION SNIPPET 10000 1152 SNIPPET_RELEVANT b'1314617'
ACTION DOC 10000 1172 EXAMINING_DOCUMENT b'1314617'
ACTION SNIPPET 10000 1175 SNIPPET_NOT_RELEVANT b'1590615'
ACTION SNIPPET 10000 1178 SNIPPET_RELEVANT b'995018'
ACTION DOC 10000 1198 EXAMINING_DOCUMENT b'995018'
ACTION SNIPPET 10000 1201 SNIPPET_RELEVANT b'1706607'
ACTION DOC 10000 1221 EXAMINING_DOCUMENT b'1706607'
ACTION MARK 10000 1224 CONSIDERED_RELEVANT b'1706607'
ACTION SNIPPET 10000 1227 SNIPPET_NOT_RELEVANT b'952281'
ACTION SNIPPET 10000 1230 SNIPPET_RELEVANT b'1807163'
ACTION DOC 10000 1250 EXAMINING_DOCUMENT b'1807163'
ACTION SNIPPET 10000 1253 SNIPPET_RELEVANT b'1365708'
ACTION DOC 10000 1273 EXAMINING_DOCUMENT b'1365708'
ACTION QUERY 10000 1283 college education advantage wednesday
ACTION SERP 10000 1288 EXAMINE_SERP
ACTION SNIPPET 10000 1291 SEEN_PREVIOUSLY b'1170209'
ACTION SNIPPET 10000 1294 SNIPPET_NOT_RELEVANT b'804673'
ACTION SNIPPET 10000 1297 SNIPPET_NOT_RELEVANT b'804954'
ACTION SNIPPET 10000 1300 SNIPPET_NOT_RELEVANT b'1172524'
ACTION SNIPPET 10000 1303 SEEN_PREVIOUSLY b'77858'
ACTION SNIPPET 10000 1306 SNIPPET_NOT_RELEVANT b'560072'
ACTION SNIPPET 10000 1309 SNIPPET_RELEVANT b'845002'
ACTION DOC 10000 1329 EXAMINING_DOCUMENT b'845002'
ACTION SNIPPET 10000 1332 SNIPPET_NOT_RELEVANT b'530898'
ACTION SNIPPET 10000 1335 SEEN_PREVIOUSLY b'1642208'
ACTION SNIPPET 10000 1338 SNIPPET_RELEVANT b'98834'
ACTION DOC 10000 1358 EXAMINING_DOCUMENT b'98834'
ACTION QUERY 10000 1368 college education advantage loans
ACTION SERP 10000 1373 EXAMINE_SERP
ACTION SNIPPET 10000 1376 SNIPPET_RELEVANT b'1842415'
ACTION DOC 10000 1396 EXAMINING_DOCUMENT b'1842415'
ACTION SNIPPET 10000 1399 SNIPPET_RELEVANT b'1854230'
ACTION DOC 10000 1419 EXAMINING_DOCUMENT b'1854230'
ACTION SNIPPET 10000 1422 SNIPPET_RELEVANT b'1753532'
ACTION DOC 10000 1442 EXAMINING_DOCUMENT b'1753532'
ACTION SNIPPET 10000 1445 SNIPPET_NOT_RELEVANT b'1389120'
ACTION SNIPPET 10000 1448 SNIPPET_NOT_RELEVANT b'830299'
ACTION SNIPPET 10000 1451 SNIPPET_NOT_RELEVANT b'14324'
ACTION SNIPPET 10000 1454 SNIPPET_NOT_RELEVANT b'1790683'
ACTION SNIPPET 10000 1457 SNIPPET_RELEVANT b'270222'
ACTION DOC 10000 1477 EXAMINING_DOCUMENT b'270222'
ACTION SNIPPET 10000 1480 SNIPPET_NOT_RELEVANT b'788205'
ACTION SNIPPET 10000 1483 SEEN_PREVIOUSLY b'33511'
ACTION QUERY 10000 1493 college education advantage dancers
ACTION SERP 10000 1498 EXAMINE_SERP
ACTION SNIPPET 10000 1501 SNIPPET_RELEVANT b'1726434'
ACTION DOC 10000 1521 EXAMINING_DOCUMENT b'1726434'
ACTION SNIPPET 10000 1524 SNIPPET_RELEVANT b'39733'
ACTION DOC 10000 1544 EXAMINING_DOCUMENT b'39733'
ACTION SNIPPET 10000 1547 SNIPPET_NOT_RELEVANT b'213616'
ACTION SNIPPET 10000 1550 SNIPPET_NOT_RELEVANT b'213899'
ACTION SNIPPET 10000 1553 SNIPPET_NOT_RELEVANT b'919122'
ACTION SNIPPET 10000 1556 SNIPPET_NOT_RELEVANT b'810548'
ACTION SNIPPET 10000 1559 SNIPPET_NOT_RELEVANT b'1762497'
ACTION SNIPPET 10000 1562 SNIPPET_NOT_RELEVANT b'948584'
ACTION SNIPPET 10000 1565 SNIPPET_RELEVANT b'797313'
ACTION DOC 10000 1585 EXAMINING_DOCUMENT b'797313'
ACTION SNIPPET 10000 1588 SNIPPET_NOT_RELEVANT b'797497'
ACTION QUERY 10000 1598 college education advantage paul
ACTION SERP 10000 1603 EXAMINE_SERP
ACTION SNIPPET 10000 1606 SNIPPET_RELEVANT b'389498'
ACTION DOC 10000 1626 EXAMINING_DOCUMENT b'389498'
ACTION SNIPPET 10000 1629 SNIPPET_NOT_RELEVANT b'313921'
ACTION SNIPPET 10000 1632 SNIPPET_RELEVANT b'140339'
ACTION DOC 10000 1652 EXAMINING_DOCUMENT b'140339'
ACTION SNIPPET 10000 1655 SEEN_PREVIOUSLY b'77858'
ACTION SNIPPET 10000 1658 SNIPPET_NOT_RELEVANT b'607444'
ACTION SNIPPET 10000 1661 SNIPPET_NOT_RELEVANT b'1027237'
ACTION SNIPPET 10000 1664 SNIPPET_RELEVANT b'1715153'
ACTION DOC 10000 1684 EXAMINING_DOCUMENT b'1715153'
ACTION SNIPPET 10000 1687 SNIPPET_NOT_RELEVANT b'978488'
ACTION SNIPPET 10000 1690 SEEN_PREVIOUSLY b'845002'
ACTION SNIPPET 10000 1693 SNIPPET_RELEVANT b'520869'
ACTION DOC 10000 1713 EXAMINING_DOCUMENT b'520869'
ACTION QUERY 10000 1723 college education advantage pursue
ACTION SERP 10000 1728 EXAMINE_SERP
ACTION SNIPPET 10000 1731 SNIPPET_RELEVANT b'1205941'
ACTION DOC 10000 1751 EXAMINING_DOCUMENT b'1205941'
ACTION SNIPPET 10000 1754 SNIPPET_NOT_RELEVANT b'1279068'
ACTION SNIPPET 10000 1757 SNIPPET_NOT_RELEVANT b'1391069'
ACTION SNIPPET 10000 1760 SNIPPET_RELEVANT b'1361566'
ACTION DOC 10000 1780 EXAMINING_DOCUMENT b'1361566'
ACTION MARK 10000 1783 CONSIDERED_RELEVANT b'1361566'
ACTION SNIPPET 10000 1786 SNIPPET_NOT_RELEVANT b'214424'
ACTION SNIPPET 10000 1789 SEEN_PREVIOUSLY b'247974'
ACTION SNIPPET 10000 1792 SNIPPET_RELEVANT b'121718'
ACTION DOC 10000 1812 EXAMINING_DOCUMENT b'121718'
ACTION SNIPPET 10000 1815 SNIPPET_NOT_RELEVANT b'797233'
ACTION SNIPPET 10000 1818 SNIPPET_RELEVANT b'796972'
ACTION DOC 10000 1838 EXAMINING_DOCUMENT b'796972'
ACTION SNIPPET 10000 1841 SNIPPET_NOT_RELEVANT b'464775'
ACTION QUERY 10000 1851 college education advantage instituted
ACTION SERP 10000 1856 EXAMINE_SERP
ACTION SNIPPET 10000 1859 SNIPPET_RELEVANT b'1739514'
ACTION DOC 10000 1879 EXAMINING_DOCUMENT b'1739514'
ACTION SNIPPET 10000 1882 SEEN_PREVIOUSLY b'247974'
ACTION SNIPPET 10000 1885 SEEN_PREVIOUSLY b'33511'
ACTION SNIPPET 10000 1888 SNIPPET_RELEVANT b'943882'
ACTION DOC 10000 1908 EXAMINING_DOCUMENT b'943882'
ACTION SNIPPET 10000 1911 SEEN_PREVIOUSLY b'1019664'
ACTION SNIPPET 10000 1914 SEEN_PREVIOUSLY b'911354'
ACTION SNIPPET 10000 1917 SNIPPET_NOT_RELEVANT b'1438356'
ACTION SNIPPET 10000 1920 SNIPPET_RELEVANT b'487210'
ACTION DOC 10000 1940 EXAMINING_DOCUMENT b'487210'
ACTION SNIPPET 10000 1943 SEEN_PREVIOUSLY b'1576073'
ACTION SNIPPET 10000 1946 SEEN_PREVIOUSLY b'126912'
ACTION QUERY 10000 1956 college education advantage state
ACTION SERP 10000 1961 EXAMINE_SERP
ACTION SNIPPET 10000 1964 SEEN_PREVIOUSLY b'247974'
ACTION SNIPPET 10000 1967 SEEN_PREVIOUSLY b'77858'
ACTION SNIPPET 10000 1970 SEEN_PREVIOUSLY b'1235262'
ACTION SNIPPET 10000 1973 SNIPPET_RELEVANT b'954708'
ACTION DOC 10000 1993 EXAMINING_DOCUMENT b'954708'
ACTION SNIPPET 10000 1996 SEEN_PREVIOUSLY b'845002'
ACTION SNIPPET 10000 1999 SEEN_PREVIOUSLY b'1576073'
ACTION SNIPPET 10000 2002 SEEN_PREVIOUSLY b'1170209'
ACTION SNIPPET 10000 2005 SNIPPET_RELEVANT b'804673'
ACTION DOC 10000 2025 EXAMINING_DOCUMENT b'804673'
ACTION SNIPPET 10000 2028 SNIPPET_NOT_RELEVANT b'804954'
ACTION SNIPPET 10000 2031 SEEN_PREVIOUSLY b'1642208'
ACTION QUERY 10000 2041 college education advantage paschal
ACTION SERP 10000 2046 EXAMINE_SERP
ACTION SNIPPET 10000 2049 SNIPPET_RELEVANT b'1513793'
ACTION DOC 10000 2069 EXAMINING_DOCUMENT b'1513793'
ACTION SNIPPET 10000 2072 SNIPPET_RELEVANT b'424019'
ACTION DOC 10000 2092 EXAMINING_DOCUMENT b'424019'
ACTION SNIPPET 10000 2095 SNIPPET_NOT_RELEVANT b'1507238'
ACTION SNIPPET 10000 2098 SNIPPET_RELEVANT b'253060'
ACTION DOC 10000 2118 EXAMINING_DOCUMENT b'253060'
ACTION SNIPPET 10000 2121 SNIPPET_NOT_RELEVANT b'913187'
ACTION SNIPPET 10000 2124 SNIPPET_NOT_RELEVANT b'843943'
ACTION SNIPPET 10000 2127 SNIPPET_NOT_RELEVANT b'446724'
ACTION SNIPPET 10000 2130 SNIPPET_NOT_RELEVANT b'336971'
ACTION SNIPPET 10000 2133 SNIPPET_NOT_RELEVANT b'57773'
ACTION SNIPPET 10000 2136 SNIPPET_NOT_RELEVANT b'1514171'
ACTION QUERY 10000 2146 college education advantage lia
ACTION SERP 10000 2151 EXAMINE_SERP
ACTION SNIPPET 10000 2154 SNIPPET_RELEVANT b'1204348'
ACTION DOC 10000 2174 EXAMINING_DOCUMENT b'1204348'
ACTION SNIPPET 10000 2177 SNIPPET_RELEVANT b'1432396'
ACTION DOC 10000 2197 EXAMINING_DOCUMENT b'1432396'
ACTION SNIPPET 10000 2200 SNIPPET_NOT_RELEVANT b'1430482'
ACTION SNIPPET 10000 2203 SNIPPET_NOT_RELEVANT b'210969'
ACTION SNIPPET 10000 2206 SNIPPET_RELEVANT b'1411658'
ACTION DOC 10000 2226 EXAMINING_DOCUMENT b'1411658'
ACTION SNIPPET 10000 2229 SNIPPET_RELEVANT b'1211209'
ACTION DOC 10000 2249 EXAMINING_DOCUMENT b'1211209'
ACTION SNIPPET 10000 2252 SNIPPET_RELEVANT b'75608'
ACTION DOC 10000 2272 EXAMINING_DOCUMENT b'75608'
ACTION SNIPPET 10000 2275 SNIPPET_RELEVANT b'52841'
ACTION DOC 10000 2295 EXAMINING_DOCUMENT b'52841'
ACTION SNIPPET 10000 2298 SEEN_PREVIOUSLY b'424019'
ACTION SNIPPET 10000 2301 SNIPPET_NOT_RELEVANT b'1738997'
ACTION QUERY 10000 2311 college education advantage lias
ACTION SERP 10000 2316 EXAMINE_SERP
ACTION SNIPPET 10000 2319 SEEN_PREVIOUSLY b'1204348'
ACTION SNIPPET 10000 2322 SEEN_PREVIOUSLY b'1432396'
ACTION SNIPPET 10000 2325 SNIPPET_RELEVANT b'1430482'
ACTION DOC 10000 2345 EXAMINING_DOCUMENT b'1430482'
ACTION SNIPPET 10000 2348 SNIPPET_RELEVANT b'210969'
ACTION DOC 10000 2368 EXAMINING_DOCUMENT b'210969'
ACTION SNIPPET 10000 2371 SEEN_PREVIOUSLY b'1411658'
ACTION SNIPPET 10000 2374 SEEN_PREVIOUSLY b'1211209'
ACTION SNIPPET 10000 2377 SEEN_PREVIOUSLY b'75608'
ACTION SNIPPET 10000 2380 SEEN_PREVIOUSLY b'52841'
ACTION SNIPPET 10000 2383 SEEN_PREVIOUSLY b'424019'
ACTION SNIPPET 10000 2386 SNIPPET_RELEVANT b'1738997'
ACTION DOC 10000 2406 EXAMINING_DOCUMENT b'1738997'
ACTION QUERY 10000 2416 college education advantage name
ACTION SERP 10000 2421 EXAMINE_SERP
ACTION SNIPPET 10000 2424 SEEN_PREVIOUSLY b'77858'
ACTION SNIPPET 10000 2427 SEEN_PREVIOUSLY b'247974'
ACTION SNIPPET 10000 2430 SEEN_PREVIOUSLY b'845002'
ACTION SNIPPET 10000 2433 SNIPPET_NOT_RELEVANT b'447862'
ACTION SNIPPET 10000 2436 SEEN_PREVIOUSLY b'520869'
ACTION SNIPPET 10000 2439 SEEN_PREVIOUSLY b'1642208'
ACTION SNIPPET 10000 2442 SEEN_PREVIOUSLY b'1707549'
ACTION SNIPPET 10000 2445 SEEN_PREVIOUSLY b'1739514'
ACTION SNIPPET 10000 2448 SNIPPET_NOT_RELEVANT b'1065767'
ACTION SNIPPET 10000 2451 SEEN_PREVIOUSLY b'1235262'
ACTION QUERY 10000 2461 college education advantage fail
ACTION SERP 10000 2466 EXAMINE_SERP
ACTION SNIPPET 10000 2469 SNIPPET_RELEVANT b'1438356'
ACTION DOC 10000 2489 EXAMINING_DOCUMENT b'1438356'
ACTION SNIPPET 10000 2492 SEEN_PREVIOUSLY b'1842415'
ACTION SNIPPET 10000 2495 SEEN_PREVIOUSLY b'911354'
ACTION SNIPPET 10000 2498 SEEN_PREVIOUSLY b'77858'
ACTION SNIPPET 10000 2501 SNIPPET_NOT_RELEVANT b'1510867'
ACTION SNIPPET 10000 2504 SNIPPET_RELEVANT b'362112'
ACTION DOC 10000 2524 EXAMINING_DOCUMENT b'362112'
ACTION MARK 10000 2527 CONSIDERED_RELEVANT b'362112'
ACTION SNIPPET 10000 2530 SEEN_PREVIOUSLY b'1272644'
ACTION SNIPPET 10000 2533 SNIPPET_NOT_RELEVANT b'913664'
ACTION SNIPPET 10000 2536 SNIPPET_RELEVANT b'214424'
ACTION DOC 10000 2556 EXAMINING_DOCUMENT b'214424'
ACTION SNIPPET 10000 2559 SNIPPET_NOT_RELEVANT b'14324'
ACTION QUERY 10000 2569 college education advantage saturdays
ACTION SERP 10000 2574 EXAMINE_SERP
ACTION SNIPPET 10000 2577 SEEN_PREVIOUSLY b'804673'
ACTION SNIPPET 10000 2580 SNIPPET_NOT_RELEVANT b'804954'
ACTION SNIPPET 10000 2583 SEEN_PREVIOUSLY b'77858'
ACTION SNIPPET 10000 2586 SEEN_PREVIOUSLY b'845002'
ACTION SNIPPET 10000 2589 SEEN_PREVIOUSLY b'1642208'
ACTION SNIPPET 10000 2592 SNIPPET_NOT_RELEVANT b'1142887'
ACTION SNIPPET 10000 2595 SNIPPET_RELEVANT b'1201594'
ACTION DOC 10000 2615 EXAMINING_DOCUMENT b'1201594'
ACTION SNIPPET 10000 2618 SEEN_PREVIOUSLY b'1707549'
ACTION SNIPPET 10000 2621 SEEN_PREVIOUSLY b'1739514'
ACTION SNIPPET 10000 2624 SEEN_PREVIOUSLY b'247974'
ACTION QUERY 10000 2634 college education advantage 1x
ACTION SERP 10000 2639 EXAMINE_SERP
ACTION SNIPPET 10000 2642 SNIPPET_RELEVANT b'1414652'
ACTION DOC 10000 2662 EXAMINING_DOCUMENT b'1414652'
ACTION SNIPPET 10000 2665 SNIPPET_NOT_RELEVANT b'1133207'
ACTION SNIPPET 10000 2668 SNIPPET_NOT_RELEVANT b'1525887'
ACTION SNIPPET 10000 2671 SNIPPET_NOT_RELEVANT b'1518782'
ACTION SNIPPET 10000 2674 SEEN_PREVIOUSLY b'77858'
ACTION SNIPPET 10000 2677 SEEN_PREVIOUSLY b'845002'
ACTION SNIPPET 10000 2680 SEEN_PREVIOUSLY b'1642208'
ACTION SNIPPET 10000 2683 SEEN_PREVIOUSLY b'1707549'
ACTION SNIPPET 10000 2686 SEEN_PREVIOUSLY b'1739514'
ACTION SNIPPET 10000 2689 SEEN_PREVIOUSLY b'247974'
ACTION QUERY 10000 2699 college education advantage advising
ACTION SERP 10000 2704 EXAMINE_SERP
ACTION SNIPPET 10000 2707 SNIPPET_NOT_RELEVANT b'1065767'
ACTION SNIPPET 10000 2710 SNIPPET_NOT_RELEVANT b'961022'
ACTION SNIPPET 10000 2713 SEEN_PREVIOUSLY b'1205941'
ACTION SNIPPET 10000 2716 SNIPPET_NOT_RELEVANT b'1775428'
ACTION SNIPPET 10000 2719 SNIPPET_NOT_RELEVANT b'1790828'
ACTION SNIPPET 10000 2722 SNIPPET_NOT_RELEVANT b'1041140'
ACTION SNIPPET 10000 2725 SEEN_PREVIOUSLY b'1577987'
ACTION SNIPPET 10000 2728 SNIPPET_RELEVANT b'325324'
ACTION DOC 10000 2748 EXAMINING_DOCUMENT b'325324'
ACTION SNIPPET 10000 2751 SEEN_PREVIOUSLY b'77858'
ACTION SNIPPET 10000 2754 SEEN_PREVIOUSLY b'270222'
ACTION QUERY 10000 2764 college education advantage leave
ACTION SERP 10000 2769 EXAMINE_SERP
ACTION SNIPPET 10000 2772 SEEN_PREVIOUSLY b'247974'
ACTION SNIPPET 10000 2775 SEEN_PREVIOUSLY b'1707549'
ACTION SNIPPET 10000 2778 SNIPPET_NOT_RELEVANT b'1775428'
ACTION SNIPPET 10000 2781 SNIPPET_RELEVANT b'852976'
ACTION DOC 10000 2801 EXAMINING_DOCUMENT b'852976'
ACTION MARK 10000 2804 CONSIDERED_RELEVANT b'852976'
ACTION SNIPPET 10000 2807 SNIPPET_NOT_RELEVANT b'14324'
ACTION SNIPPET 10000 2810 SNIPPET_RELEVANT b'420138'
ACTION DOC 10000 2830 EXAMINING_DOCUMENT b'420138'
ACTION SNIPPET 10000 2833 SNIPPET_NOT_RELEVANT b'830299'
ACTION SNIPPET 10000 2836 SEEN_PREVIOUSLY b'77858'
ACTION SNIPPET 10000 2839 SEEN_PREVIOUSLY b'1205941'
ACTION SNIPPET 10000 2842 SEEN_PREVIOUSLY b'598148'
ACTION QUERY 10000 2852 college education advantage meeting
ACTION SERP 10000 2857 EXAMINE_SERP
ACTION SNIPPET 10000 2860 SEEN_PREVIOUSLY b'1739514'
ACTION SNIPPET 10000 2863 SEEN_PREVIOUSLY b'247974'
ACTION SNIPPET 10000 2866 SNIPPET_RELEVANT b'780128'
ACTION DOC 10000 2886 EXAMINING_DOCUMENT b'780128'
ACTION SNIPPET 10000 2889 SEEN_PREVIOUSLY b'77858'
ACTION SNIPPET 10000 2892 SEEN_PREVIOUSLY b'140339'
ACTION SNIPPET 10000 2895 SEEN_PREVIOUSLY b'845002'
ACTION SNIPPET 10000 2898 SNIPPET_NOT_RELEVANT b'365179'
ACTION SNIPPET 10000 2901 SNIPPET_RELEVANT b'1641630'
ACTION DOC 10000 2921 EXAMINING_DOCUMENT b'1641630'
ACTION MARK 10000 2924 CONSIDERED_RELEVANT b'1641630'
ACTION SNIPPET 10000 2927 SEEN_PREVIOUSLY b'1272644'
ACTION SNIPPET 10000 2930 SEEN_PREVIOUSLY b'1642208'
ACTION QUERY 10000 2940 college education advantage panel
ACTION SERP 10000 2945 EXAMINE_SERP
ACTION SNIPPET 10000 2948 SEEN_PREVIOUSLY b'1739514'
ACTION SNIPPET 10000 2951 SNIPPET_NOT_RELEVANT b'148455'
ACTION SNIPPET 10000 2954 SNIPPET_NOT_RELEVANT b'1363772'
ACTION SNIPPET 10000 2957 SNIPPET_NOT_RELEVANT b'403057'
ACTION SNIPPET 10000 2960 SNIPPET_NOT_RELEVANT b'1736578'
ACTION SNIPPET 10000 2963 SNIPPET_NOT_RELEVANT b'974602'
ACTION SNIPPET 10000 2966 SNIPPET_NOT_RELEVANT b'1182489'
ACTION SNIPPET 10000 2969 SNIPPET_NOT_RELEVANT b'1141866'
ACTION SNIPPET 10000 2972 SNIPPET_RELEVANT b'1782111'
ACTION DOC 10000 2992 EXAMINING_DOCUMENT b'1782111'
ACTION SNIPPET 10000 2995 SNIPPET_RELEVANT b'699997'
ACTION DOC 10000 3015 EXAMINING_DOCUMENT b'699997'
ACTION QUERY 10000 3025 college education advantage school
ACTION SERP 10000 3030 EXAMINE_SERP
ACTION SNIPPET 10000 3033 SEEN_PREVIOUSLY b'1707549'
ACTION SNIPPET 10000 3036 SEEN_PREVIOUSLY b'434854'
ACTION SNIPPET 10000 3039 SEEN_PREVIOUSLY b'845002'
ACTION SNIPPET 10000 3042 SEEN_PREVIOUSLY b'1642208'
ACTION SNIPPET 10000 3045 SEEN_PREVIOUSLY b'247974'
ACTION SNIPPET 10000 3048 SNIPPET_NOT_RELEVANT b'1790828'
ACTION SNIPPET 10000 3051 SNIPPET_NOT_RELEVANT b'1172524'
ACTION SNIPPET 10000 3054 SEEN_PREVIOUSLY b'366797'
ACTION SNIPPET 10000 3057 SNIPPET_NOT_RELEVANT b'1732323'
ACTION SNIPPET 10000 3060 SEEN_PREVIOUSLY b'804673'
ACTION QUERY 10000 3070 college education advantage ethnicity
ACTION SERP 10000 3075 EXAMINE_SERP
ACTION SNIPPET 10000 3078 SNIPPET_RELEVANT b'1732323'
ACTION DOC 10000 3098 EXAMINING_DOCUMENT b'1732323'
ACTION SNIPPET 10000 3101 SNIPPET_NOT_RELEVANT b'350105'
ACTION SNIPPET 10000 3104 SNIPPET_NOT_RELEVANT b'966469'
ACTION SNIPPET 10000 3107 SNIPPET_NOT_RELEVANT b'954627'
ACTION SNIPPET 10000 3110 SNIPPET_RELEVANT b'1019944'
ACTION DOC 10000 3130 EXAMINING_DOCUMENT b'1019944'
ACTION SNIPPET 10000 3133 SNIPPET_NOT_RELEVANT b'1461540'
ACTION SNIPPET 10000 3136 SNIPPET_NOT_RELEVANT b'615022'
ACTION SNIPPET 10000 3139 SNIPPET_NOT_RELEVANT b'723166'
ACTION SNIPPET 10000 3142 SNIPPET_NOT_RELEVANT b'665844'
ACTION SNIPPET 10000 3145 SNIPPET_NOT_RELEVANT b'161871'
ACTION QUERY 10000 3155 college education advantage nma
ACTION SERP 10000 3160 EXAMINE_SERP
ACTION SNIPPET 10000 3163 SNIPPET_NOT_RELEVANT b'1545309'
ACTION SNIPPET 10000 3166 SNIPPET_NOT_RELEVANT b'1346110'
ACTION SNIPPET 10000 3169 SNIPPET_NOT_RELEVANT b'1196870'
ACTION SNIPPET 10000 3172 SNIPPET_NOT_RELEVANT b'1321756'
ACTION SNIPPET 10000 3175 SNIPPET_NOT_RELEVANT b'165485'
ACTION SNIPPET 10000 3178 SNIPPET_NOT_RELEVANT b'847695'
ACTION SNIPPET 10000 3181 SEEN_PREVIOUSLY b'77858'
ACTION SNIPPET 10000 3184 SEEN_PREVIOUSLY b'845002'
ACTION SNIPPET 10000 3187 SEEN_PREVIOUSLY b'1642208'
ACTION SNIPPET 10000 3190 SEEN_PREVIOUSLY b'1707549'
ACTION QUERY 10000 3200 college education advantage outlawed
ACTION SERP 10000 3205 EXAMINE_SERP
ACTION SNIPPET 10000 3208 SEEN_PREVIOUSLY b'1019944'
ACTION SNIPPET 10000 3211 SNIPPET_NOT_RELEVANT b'1281850'
ACTION SNIPPET 10000 3214 SNIPPET_NOT_RELEVANT b'960688'
ACTION SNIPPET 10000 3217 SNIPPET_NOT_RELEVANT b'1470605'
ACTION SNIPPET 10000 3220 SEEN_PREVIOUSLY b'77858'
ACTION SNIPPET 10000 3223 SNIPPET_NOT_RELEVANT b'1200843'
ACTION SNIPPET 10000 3226 SNIPPET_RELEVANT b'599856'
ACTION DOC 10000 3246 EXAMINING_DOCUMENT b'599856'
ACTION SNIPPET 10000 3249 SEEN_PREVIOUSLY b'845002'
ACTION SNIPPET 10000 3252 SNIPPET_NOT_RELEVANT b'455576'
ACTION SNIPPET 10000 3255 SNIPPET_RELEVANT b'1018030'
ACTION DOC 10000 3275 EXAMINING_DOCUMENT b'1018030'
ACTION QUERY 10000 3285 college education advantage safe
ACTION SERP 10000 3290 EXAMINE_SERP
ACTION SNIPPET 10000 3293 SNIPPET_NOT_RELEVANT b'1459149'
ACTION SNIPPET 10000 3296 SEEN_PREVIOUSLY b'77858'
ACTION SNIPPET 10000 3299 SNIPPET_RELEVANT b'367808'
ACTION DOC 10000 3319 EXAMINING_DOCUMENT b'367808'
ACTION SNIPPET 10000 3322 SEEN_PREVIOUSLY b'845002'
ACTION SNIPPET 10000 3325 SNIPPET_NOT_RELEVANT b'784470'
ACTION SNIPPET 10000 3328 SEEN_PREVIOUSLY b'1642208'
ACTION SNIPPET 10000 3331 SNIPPET_NOT_RELEVANT b'562926'
ACTION SNIPPET 10000 3334 SNIPPET_RELEVANT b'1642206'
ACTION DOC 10000 3354 EXAMINING_DOCUMENT b'1642206'
ACTION SNIPPET 10000 3357 SNIPPET_RELEVANT b'1739518'
ACTION DOC 10000 3377 EXAMINING_DOCUMENT b'1739518'
ACTION SNIPPET 10000 3380 SEEN_PREVIOUSLY b'1707549'
ACTION QUERY 10000 3390 college education advantage debate
ACTION SERP 10000 3395 EXAMINE_SERP
ACTION SNIPPET 10000 3398 SNIPPET_NOT_RELEVANT b'1279068'
ACTION SNIPPET 10000 3401 SEEN_PREVIOUSLY b'995018'
ACTION SNIPPET 10000 3404 SNIPPET_NOT_RELEVANT b'1790828'
ACTION SNIPPET 10000 3407 SNIPPET_NOT_RELEVANT b'1710084'
ACTION SNIPPET 10000 3410 SNIPPET_NOT_RELEVANT b'183877'
ACTION SNIPPET 10000 3413 SEEN_PREVIOUSLY b'1202882'
ACTION SNIPPET 10000 3416 SNIPPET_NOT_RELEVANT b'1142887'
ACTION SNIPPET 10000 3419 SNIPPET_NOT_RELEVANT b'262026'
ACTION SNIPPET 10000 3422 SEEN_PREVIOUSLY b'77858'
ACTION SNIPPET 10000 3425 SNIPPET_NOT_RELEVANT b'1027237'
ACTION QUERY 10000 3435 college education advantage sought
ACTION SERP 10000 3440 EXAMINE_SERP
ACTION SNIPPET 10000 3443 SEEN_PREVIOUSLY b'1842415'
ACTION SNIPPET 10000 3446 SEEN_PREVIOUSLY b'1062'
ACTION SNIPPET 10000 3449 SEEN_PREVIOUSLY b'1062'
ACTION SNIPPET 10000 3452 SNIPPET_NOT_RELEVANT b'966469'
ACTION SNIPPET 10000 3455 SNIPPET_NOT_RELEVANT b'14324'
ACTION SNIPPET 10000 3458 SEEN_PREVIOUSLY b'77858'
ACTION SNIPPET 10000 3461 SEEN_PREVIOUSLY b'845002'
ACTION SNIPPET 10000 3464 SEEN_PREVIOUSLY b'1642208'
ACTION SNIPPET 10000 3467 SEEN_PREVIOUSLY b'1707549'
ACTION SNIPPET 10000 3470 SEEN_PREVIOUSLY b'1739514'
ACTION QUERY 10000 3480 college education advantage propose
ACTION SERP 10000 3485 EXAMINE_SERP
ACTION SNIPPET 10000 3488 SEEN_PREVIOUSLY b'1170209'
ACTION SNIPPET 10000 3491 SNIPPET_NOT_RELEVANT b'447862'
ACTION SNIPPET 10000 3494 SEEN_PREVIOUSLY b'911354'
ACTION SNIPPET 10000 3497 SNIPPET_RELEVANT b'190484'
ACTION DOC 10000 3517 EXAMINING_DOCUMENT b'190484'
ACTION SNIPPET 10000 3520 SNIPPET_NOT_RELEVANT b'14324'
ACTION SNIPPET 10000 3523 SEEN_PREVIOUSLY b'1062'
ACTION SNIPPET 10000 3526 SEEN_PREVIOUSLY b'1062'
ACTION SNIPPET 10000 3529 SNIPPET_NOT_RELEVANT b'905057'
ACTION SNIPPET 10000 3532 SNIPPET_RELEVANT b'927602'
ACTION DOC 10000 3552 EXAMINING_DOCUMENT b'927602'
ACTION SNIPPET 10000 3555 SNIPPET_RELEVANT b'1389120'
ACTION DOC 10000 3575 EXAMINING_DOCUMENT b'1389120'
ACTION QUERY 10000 3585 college education advantage states
ACTION SERP 10000 3590 EXAMINE_SERP
ACTION SNIPPET 10000 3593 SEEN_PREVIOUSLY b'247974'
ACTION SNIPPET 10000 3596 SEEN_PREVIOUSLY b'77858'
ACTION SNIPPET 10000 3599 SEEN_PREVIOUSLY b'1235262'
ACTION SNIPPET 10000 3602 SEEN_PREVIOUSLY b'954708'
ACTION SNIPPET 10000 3605 SEEN_PREVIOUSLY b'845002'
ACTION SNIPPET 10000 3608 SEEN_PREVIOUSLY b'1576073'
ACTION SNIPPET 10000 3611 SEEN_PREVIOUSLY b'1170209'
ACTION SNIPPET 10000 3614 SEEN_PREVIOUSLY b'804673'
ACTION SNIPPET 10000 3617 SNIPPET_NOT_RELEVANT b'804954'
ACTION SNIPPET 10000 3620 SEEN_PREVIOUSLY b'1642208'
ACTION QUERY 10000 3630 college education advantage device
ACTION SERP 10000 3635 EXAMINE_SERP
ACTION SNIPPET 10000 3638 SNIPPET_NOT_RELEVANT b'152421'
ACTION SNIPPET 10000 3641 SNIPPET_RELEVANT b'1828580'
ACTION DOC 10000 3661 EXAMINING_DOCUMENT b'1828580'
ACTION MARK 10000 3664 CONSIDERED_RELEVANT b'1828580'
ACTION SNIPPET 10000 3667 SEEN_PREVIOUSLY b'77858'
ACTION SNIPPET 10000 3670 SNIPPET_NOT_RELEVANT b'422054'
ACTION SNIPPET 10000 3673 SNIPPET_RELEVANT b'1465314'
ACTION DOC 10000 3693 EXAMINING_DOCUMENT b'1465314'
ACTION SNIPPET 10000 3696 SEEN_PREVIOUSLY b'845002'
ACTION SNIPPET 10000 3699 SNIPPET_NOT_RELEVANT b'98099'
ACTION SNIPPET 10000 3702 SNIPPET_RELEVANT b'553'
ACTION DOC 10000 3722 EXAMINING_DOCUMENT b'553'
ACTION SNIPPET 10000 3725 SEEN_PREVIOUSLY b'553'
ACTION SNIPPET 10000 3728 SEEN_PREVIOUSLY b'1642208'
ACTION QUERY 10000 3738 college education advantage effectiveness
ACTION SERP 10000 3743 EXAMINE_SERP
ACTION SNIPPET 10000 3746 SEEN_PREVIOUSLY b'1019664'
ACTION SNIPPET 10000 3749 SNIPPET_NOT_RELEVANT b'1137475'
ACTION SNIPPET 10000 3752 SEEN_PREVIOUSLY b'1497415'
ACTION SNIPPET 10000 3755 SEEN_PREVIOUSLY b'804673'
ACTION SNIPPET 10000 3758 SNIPPET_NOT_RELEVANT b'804954'
ACTION SNIPPET 10000 3761 SNIPPET_NOT_RELEVANT b'1790828'
ACTION SNIPPET 10000 3764 SEEN_PREVIOUSLY b'927602'
ACTION SNIPPET 10000 3767 SEEN_PREVIOUSLY b'77858'
ACTION SNIPPET 10000 3770 SNIPPET_NOT_RELEVANT b'1112363'
ACTION SNIPPET 10000 3773 SEEN_PREVIOUSLY b'1062'
ACTION QUERY 10000 3783 college education advantage research
ACTION SERP 10000 3788 EXAMINE_SERP
ACTION SNIPPET 10000 3791 SEEN_PREVIOUSLY b'1019664'
ACTION SNIPPET 10000 3794 SNIPPET_NOT_RELEVANT b'62263'
ACTION SNIPPET 10000 3797 SNIPPET_RELEVANT b'1790828'
ACTION DOC 10000 3817 EXAMINING_DOCUMENT b'1790828'
ACTION SNIPPET 10000 3820 SNIPPET_RELEVANT b'255093'
ACTION DOC 10000 3840 EXAMINING_DOCUMENT b'255093'
ACTION SNIPPET 10000 3843 SNIPPET_RELEVANT b'1064700'
ACTION DOC 10000 3863 EXAMINING_DOCUMENT b'1064700'
ACTION SNIPPET 10000 3866 SEEN_PREVIOUSLY b'1576073'
ACTION SNIPPET 10000 3869 SNIPPET_NOT_RELEVANT b'1511938'
ACTION SNIPPET 10000 3872 SNIPPET_NOT_RELEVANT b'262778'
ACTION SNIPPET 10000 3875 SNIPPET_RELEVANT b'665844'
ACTION DOC 10000 3895 EXAMINING_DOCUMENT b'665844'
ACTION SNIPPET 10000 3898 SNIPPET_RELEVANT b'857177'
ACTION DOC 10000 3918 EXAMINING_DOCUMENT b'857177'
ACTION QUERY 10000 3928 college education advantage preparation
ACTION SERP 10000 3933 EXAMINE_SERP
ACTION SNIPPET 10000 3936 SEEN_PREVIOUSLY b'77858'
ACTION SNIPPET 10000 3939 SEEN_PREVIOUSLY b'434854'
ACTION SNIPPET 10000 3942 SEEN_PREVIOUSLY b'845002'
ACTION SNIPPET 10000 3945 SEEN_PREVIOUSLY b'247974'
ACTION SNIPPET 10000 3948 SEEN_PREVIOUSLY b'1064700'
ACTION SNIPPET 10000 3951 SNIPPET_NOT_RELEVANT b'1172524'
ACTION SNIPPET 10000 3954 SEEN_PREVIOUSLY b'1707549'
ACTION SNIPPET 10000 3957 SEEN_PREVIOUSLY b'804673'
ACTION SNIPPET 10000 3960 SNIPPET_RELEVANT b'804954'
ACTION DOC 10000 3980 EXAMINING_DOCUMENT b'804954'
ACTION SNIPPET 10000 3983 SEEN_PREVIOUSLY b'1576073'
ACTION QUERY 10000 3993 college education advantage advantage
ACTION SERP 10000 3998 EXAMINE_SERP
ACTION SNIPPET 10000 4001 SEEN_PREVIOUSLY b'77858'
ACTION SNIPPET 10000 4004 SEEN_PREVIOUSLY b'845002'
ACTION SNIPPET 10000 4007 SEEN_PREVIOUSLY b'1642208'
ACTION SNIPPET 10000 4010 SEEN_PREVIOUSLY b'1707549'
ACTION SNIPPET 10000 4013 SNIPPET_RELEVANT b'1065767'
ACTION DOC 10000 4033 EXAMINING_DOCUMENT b'1065767'
ACTION SNIPPET 10000 4036 SEEN_PREVIOUSLY b'804673'
ACTION SNIPPET 10000 4039 SEEN_PREVIOUSLY b'804954'
ACTION SNIPPET 10000 4042 SNIPPET_RELEVANT b'62263'
ACTION DOC 10000 4062 EXAMINING_DOCUMENT b'62263'
ACTION SNIPPET 10000 4065 SEEN_PREVIOUSLY b'1739514'
ACTION SNIPPET 10000 4068 SEEN_PREVIOUSLY b'1235262'
ACTION QUERY 10000 4078 college education advantage underrepresented
ACTION SERP 10000 4083 EXAMINE_SERP
ACTION SNIPPET 10000 4086 SNIPPET_RELEVANT b'1134655'
ACTION DOC 10000 4106 EXAMINING_DOCUMENT b'1134655'
ACTION SNIPPET 10000 4109 SNIPPET_RELEVANT b'1461540'
ACTION DOC 10000 4129 EXAMINING_DOCUMENT b'1461540'
ACTION SNIPPET 10000 4132 SNIPPET_RELEVANT b'350105'
ACTION DOC 10000 4152 EXAMINING_DOCUMENT b'350105'
ACTION SNIPPET 10000 4155 SEEN_PREVIOUSLY b'857177'
ACTION SNIPPET 10000 4158 SNIPPET_NOT_RELEVANT b'857261'
ACTION SNIPPET 10000 4161 SNIPPET_NOT_RELEVANT b'1755220'
ACTION SNIPPET 10000 4164 SNIPPET_RELEVANT b'1457369'
ACTION DOC 10000 4184 EXAMINING_DOCUMENT b'1457369'
ACTION SNIPPET 10000 4187 SNIPPET_RELEVANT b'1824392'
ACTION DOC 10000 4207 EXAMINING_DOCUMENT b'1824392'
ACTION SNIPPET 10000 4210 SNIPPET_NOT_RELEVANT b'1686065'
ACTION SNIPPET 10000 4213 SNIPPET_RELEVANT b'557804'
ACTION DOC 10000 4233 EXAMINING_DOCUMENT b'557804'
ACTION QUERY 10000 4243 college education advantage tarrytown
ACTION SERP 10000 4248 EXAMINE_SERP
ACTION SNIPPET 10000 4251 SNIPPET_RELEVANT b'339034'
ACTION DOC 10000 4271 EXAMINING_DOCUMENT b'339034'
ACTION SNIPPET 10000 4274 SNIPPET_NOT_RELEVANT b'1122191'
ACTION SNIPPET 10000 4277 SNIPPET_NOT_RELEVANT b'1261794'
ACTION SNIPPET 10000 4280 SNIPPET_NOT_RELEVANT b'55905'
ACTION SNIPPET 10000 4283 SNIPPET_NOT_RELEVANT b'933754'
ACTION SNIPPET 10000 4286 SNIPPET_RELEVANT b'992328'
ACTION DOC 10000 4306 EXAMINING_DOCUMENT b'992328'
ACTION SNIPPET 10000 4309 SNIPPET_RELEVANT b'1462056'
ACTION DOC 10000 4329 EXAMINING_DOCUMENT b'1462056'
ACTION SNIPPET 10000 4332 SNIPPET_NOT_RELEVANT b'895695'
ACTION SNIPPET 10000 4335 SNIPPET_RELEVANT b'1158933'
ACTION DOC 10000 4355 EXAMINING_DOCUMENT b'1158933'
ACTION SNIPPET 10000 4358 SNIPPET_NOT_RELEVANT b'1132303'
ACTION QUERY 10000 4368 college education advantage brita
ACTION SERP 10000 4373 EXAMINE_SERP
ACTION SNIPPET 10000 4376 SNIPPET_RELEVANT b'1807661'
ACTION DOC 10000 4396 EXAMINING_DOCUMENT b'1807661'
ACTION SNIPPET 10000 4399 SNIPPET_RELEVANT b'1236350'
ACTION DOC 10000 4419 EXAMINING_DOCUMENT b'1236350'
ACTION SNIPPET 10000 4422 SNIPPET_NOT_RELEVANT b'1522273'
ACTION SNIPPET 10000 4425 SNIPPET_RELEVANT b'1236085'
ACTION DOC 10000 4445 EXAMINING_DOCUMENT b'1236085'
ACTION SNIPPET 10000 4448 SNIPPET_NOT_RELEVANT b'1235832'
ACTION SNIPPET 10000 4451 SNIPPET_RELEVANT b'461963'
ACTION DOC 10000 4471 EXAMINING_DOCUMENT b'461963'
ACTION SNIPPET 10000 4474 SNIPPET_NOT_RELEVANT b'472118'
ACTION SNIPPET 10000 4477 SNIPPET_NOT_RELEVANT b'1540031'
ACTION SNIPPET 10000 4480 SNIPPET_NOT_RELEVANT b'1539802'
ACTION SNIPPET 10000 4483 SNIPPET_NOT_RELEVANT b'1461840'
ACTION QUERY 10000 4493 college education advantage location
ACTION SERP 10000 4498 EXAMINE_SERP
ACTION SNIPPET 10000 4501 SNIPPET_NOT_RELEVANT b'1097303'
ACTION SNIPPET 10000 4504 SEEN_PREVIOUSLY b'140339'
ACTION SNIPPET 10000 4507 SNIPPET_RELEVANT b'1172524'
ACTION DOC 10000 4527 EXAMINING_DOCUMENT b'1172524'
ACTION SNIPPET 10000 4530 SEEN_PREVIOUSLY b'77858'
ACTION SNIPPET 10000 4533 SNIPPET_NOT_RELEVANT b'1036206'
ACTION SNIPPET 10000 4536 SNIPPET_RELEVANT b'1792839'
ACTION DOC 10000 4556 EXAMINING_DOCUMENT b'1792839'
ACTION SNIPPET 10000 4559 SNIPPET_NOT_RELEVANT b'1447286'
ACTION SNIPPET 10000 4562 SNIPPET_NOT_RELEVANT b'1850471'
ACTION SNIPPET 10000 4565 SNIPPET_RELEVANT b'1830773'
ACTION DOC 10000 4585 EXAMINING_DOCUMENT b'1830773'
ACTION SNIPPET 10000 4588 SEEN_PREVIOUSLY b'845002'
ACTION QUERY 10000 4598 college education advantage warren
ACTION SERP 10000 4603 EXAMINE_SERP
ACTION SNIPPET 10000 4606 SNIPPET_RELEVANT b'1017391'
ACTION DOC 10000 4626 EXAMINING_DOCUMENT b'1017391'
ACTION SNIPPET 10000 4629 SNIPPET_RELEVANT b'527541'
ACTION DOC 10000 4649 EXAMINING_DOCUMENT b'527541'
ACTION SNIPPET 10000 4652 SNIPPET_NOT_RELEVANT b'537532'
ACTION SNIPPET 10000 4655 SNIPPET_RELEVANT b'705359'
ACTION DOC 10000 4675 EXAMINING_DOCUMENT b'705359'
ACTION SNIPPET 10000 4678 SNIPPET_NOT_RELEVANT b'1832799'
ACTION SNIPPET 10000 4681 SNIPPET_RELEVANT b'146413'
ACTION DOC 10000 4701 EXAMINING_DOCUMENT b'146413'
ACTION SNIPPET 10000 4704 SNIPPET_NOT_RELEVANT b'1851525'
ACTION SNIPPET 10000 4707 SNIPPET_NOT_RELEVANT b'157138'
ACTION SNIPPET 10000 4710 SNIPPET_NOT_RELEVANT b'1782631'
ACTION SNIPPET 10000 4713 SNIPPET_NOT_RELEVANT b'1104867'
ACTION QUERY 10000 4723 college education advantage michelle
ACTION SERP 10000 4728 EXAMINE_SERP
ACTION SNIPPET 10000 4731 SNIPPET_NOT_RELEVANT b'297678'
ACTION SNIPPET 10000 4734 SNIPPET_NOT_RELEVANT b'1775428'
ACTION SNIPPET 10000 4737 SNIPPET_NOT_RELEVANT b'539284'
ACTION SNIPPET 10000 4740 SNIPPET_NOT_RELEVANT b'933832'
ACTION SNIPPET 10000 4743 SNIPPET_NOT_RELEVANT b'357521'
ACTION SNIPPET 10000 4746 SNIPPET_RELEVANT b'1713769'
ACTION DOC 10000 4766 EXAMINING_DOCUMENT b'1713769'
ACTION SNIPPET 10000 4769 SNIPPET_RELEVANT b'60628'
ACTION DOC 10000 4789 EXAMINING_DOCUMENT b'60628'
ACTION SNIPPET 10000 4792 SNIPPET_NOT_RELEVANT b'959808'
ACTION SNIPPET 10000 4795 SNIPPET_NOT_RELEVANT b'957503'
ACTION SNIPPET 10000 4798 SNIPPET_NOT_RELEVANT b'1719306'
ACTION QUERY 10000 4808 college education advantage sophisticated
ACTION SERP 10000 4813 EXAMINE_SERP
ACTION SNIPPET 10000 4816 SNIPPET_NOT_RELEVANT b'1597063'
ACTION SNIPPET 10000 4819 SNIPPET_RELEVANT b'1777613'
ACTION DOC 10000 4839 EXAMINING_DOCUMENT b'1777613'
ACTION SNIPPET 10000 4842 SEEN_PREVIOUSLY b'927602'
ACTION SNIPPET 10000 4845 SNIPPET_RELEVANT b'228755'
ACTION DOC 10000 4865 EXAMINING_DOCUMENT b'228755'
ACTION SNIPPET 10000 4868 SNIPPET_RELEVANT b'1789490'
ACTION DOC 10000 4888 EXAMINING_DOCUMENT b'1789490'
ACTION SNIPPET 10000 4891 SEEN_PREVIOUSLY b'62263'
ACTION SNIPPET 10000 4894 SEEN_PREVIOUSLY b'77858'
ACTION SNIPPET 10000 4897 SNIPPET_RELEVANT b'1148604'
ACTION DOC 10000 4917 EXAMINING_DOCUMENT b'1148604'
ACTION SNIPPET 10000 4920 SNIPPET_NOT_RELEVANT b'1690340'
ACTION SNIPPET 10000 4923 SNIPPET_NOT_RELEVANT b'581657'
ACTION QUERY 10000 4933 college education advantage denis
ACTION SERP 10000 4938 EXAMINE_SERP
ACTION SNIPPET 10000 4941 SNIPPET_NOT_RELEVANT b'615022'
ACTION SNIPPET 10000 4944 SEEN_PREVIOUSLY b'77858'
ACTION SNIPPET 10000 4947 SNIPPET_RELEVANT b'1775428'
ACTION DOC 10000 4967 EXAMINING_DOCUMENT b'1775428'
ACTION SNIPPET 10000 4970 SNIPPET_NOT_RELEVANT b'402086'
ACTION SNIPPET 10000 4973 SEEN_PREVIOUSLY b'845002'
ACTION SNIPPET 10000 4976 SNIPPET_RELEVANT b'960688'
ACTION DOC 10000 4996 EXAMINING_DOCUMENT b'960688'
ACTION SNIPPET 10000 4999 SNIPPET_RELEVANT b'1076755'
ACTION DOC 10000 5019 EXAMINING_DOCUMENT b'1076755'
ACTION SNIPPET 10000 5022 SNIPPET_RELEVANT b'966939'
ACTION DOC 10000 5042 EXAMINING_DOCUMENT b'966939'
ACTION SNIPPET 10000 5045 SEEN_PREVIOUSLY b'1642208'
ACTION SNIPPET 10000 5048 SNIPPET_RELEVANT b'1345035'
ACTION DOC 10000 5068 EXAMINING_DOCUMENT b'1345035'
ACTION QUERY 10000 5078 college education advantage race
ACTION SERP 10000 5083 EXAMINE_SERP
ACTION SNIPPET 10000 5086 SEEN_PREVIOUSLY b'1497415'
ACTION SNIPPET 10000 5089 SNIPPET_RELEVANT b'644905'
ACTION DOC 10000 5109 EXAMINING_DOCUMENT b'644905'
ACTION SNIPPET 10000 5112 SEEN_PREVIOUSLY b'1093014'
ACTION SNIPPET 10000 5115 SNIPPET_NOT_RELEVANT b'408199'
ACTION SNIPPET 10000 5118 SNIPPET_NOT_RELEVANT b'1821588'
ACTION SNIPPET 10000 5121 SNIPPET_RELEVANT b'911811'
ACTION DOC 10000 5141 EXAMINING_DOCUMENT b'911811'
ACTION SNIPPET 10000 5144 SEEN_PREVIOUSLY b'1134655'
ACTION SNIPPET 10000 5147 SNIPPET_NOT_RELEVANT b'432275'
ACTION SNIPPET 10000 5150 SNIPPET_RELEVANT b'1515500'
ACTION DOC 10000 5170 EXAMINING_DOCUMENT b'1515500'
ACTION SNIPPET 10000 5173 SNIPPET_NOT_RELEVANT b'966469'
ACTION QUERY 10000 5183 college education advantage sachs
ACTION SERP 10000 5188 EXAMINE_SERP
ACTION SNIPPET 10000 5191 SNIPPET_NOT_RELEVANT b'504888'
ACTION SNIPPET 10000 5194 SNIPPET_NOT_RELEVANT b'410802'
ACTION SNIPPET 10000 5197 SNIPPET_RELEVANT b'1159512'
ACTION DOC 10000 5217 EXAMINING_DOCUMENT b'1159512'
ACTION SNIPPET 10000 5220 SNIPPET_NOT_RELEVANT b'536132'
ACTION SNIPPET 10000 5223 SNIPPET_NOT_RELEVANT b'1117812'
ACTION SNIPPET 10000 5226 SNIPPET_NOT_RELEVANT b'919703'
ACTION SNIPPET 10000 5229 SNIPPET_NOT_RELEVANT b'207466'
ACTION SNIPPET 10000 5232 SNIPPET_NOT_RELEVANT b'1604765'
ACTION SNIPPET 10000 5235 SNIPPET_NOT_RELEVANT b'1744645'
ACTION SNIPPET 10000 5238 SNIPPET_RELEVANT b'1014572'
ACTION DOC 10000 5258 EXAMINING_DOCUMENT b'1014572'
ACTION QUERY 10000 5268 college education advantage story
ACTION SERP 10000 5273 EXAMINE_SERP
ACTION SNIPPET 10000 5276 SNIPPET_NOT_RELEVANT b'1615061'
ACTION SNIPPET 10000 5279 SEEN_PREVIOUSLY b'77858'
ACTION SNIPPET 10000 5282 SEEN_PREVIOUSLY b'33511'
ACTION SNIPPET 10000 5285 SNIPPET_NOT_RELEVANT b'966469'
ACTION SNIPPET 10000 5288 SEEN_PREVIOUSLY b'845002'
ACTION SNIPPET 10000 5291 SEEN_PREVIOUSLY b'1642208'
ACTION SNIPPET 10000 5294 SNIPPET_NOT_RELEVANT b'1413650'
ACTION SNIPPET 10000 5297 SEEN_PREVIOUSLY b'1707549'
ACTION SNIPPET 10000 5300 SEEN_PREVIOUSLY b'1739514'
ACTION SNIPPET 10000 5303 SEEN_PREVIOUSLY b'247974'
ACTION QUERY 10000 5313 college education advantage hearing
ACTION SERP 10000 5318 EXAMINE_SERP
ACTION SNIPPET 10000 5321 SNIPPET_NOT_RELEVANT b'585909'
ACTION SNIPPET 10000 5324 SNIPPET_RELEVANT b'1137475'
ACTION DOC 10000 5344 EXAMINING_DOCUMENT b'1137475'
ACTION SNIPPET 10000 5347 SEEN_PREVIOUSLY b'1172524'
ACTION SNIPPET 10000 5350 SEEN_PREVIOUSLY b'797313'
ACTION SNIPPET 10000 5353 SNIPPET_NOT_RELEVANT b'797497'
ACTION SNIPPET 10000 5356 SEEN_PREVIOUSLY b'77858'
ACTION SNIPPET 10000 5359 SNIPPET_NOT_RELEVANT b'855668'
ACTION SNIPPET 10000 5362 SNIPPET_NOT_RELEVANT b'731434'
ACTION SNIPPET 10000 5365 SNIPPET_RELEVANT b'163031'
ACTION DOC 10000 5385 EXAMINING_DOCUMENT b'163031'
ACTION SNIPPET 10000 5388 SEEN_PREVIOUSLY b'845002'
ACTION QUERY 10000 5398 college education advantage assistant
ACTION SERP 10000 5403 EXAMINE_SERP
ACTION SNIPPET 10000 5406 SNIPPET_RELEVANT b'1185321'
ACTION DOC 10000 5426 EXAMINING_DOCUMENT b'1185321'
ACTION SNIPPET 10000 5429 SNIPPET_NOT_RELEVANT b'129802'
ACTION SNIPPET 10000 5432 SEEN_PREVIOUSLY b'1076755'
ACTION SNIPPET 10000 5435 SNIPPET_NOT_RELEVANT b'216664'
ACTION SNIPPET 10000 5438 SEEN_PREVIOUSLY b'1172524'
ACTION SNIPPET 10000 5441 SNIPPET_RELEVANT b'396194'
ACTION DOC 10000 5461 EXAMINING_DOCUMENT b'396194'
ACTION SNIPPET 10000 5464 SEEN_PREVIOUSLY b'1753532'
ACTION SNIPPET 10000 5467 SEEN_PREVIOUSLY b'911354'
ACTION SNIPPET 10000 5470 SNIPPET_RELEVANT b'1064'
ACTION DOC 10000 5490 EXAMINING_DOCUMENT b'1064'
ACTION SNIPPET 10000 5493 SEEN_PREVIOUSLY b'1064'
ACTION QUERY 10000 5503 college education advantage break
ACTION SERP 10000 5508 EXAMINE_SERP
ACTION SNIPPET 10000 5511 SNIPPET_NOT_RELEVANT b'807083'
ACTION SNIPPET 10000 5514 SEEN_PREVIOUSLY b'1205941'
ACTION SNIPPET 10000 5517 SEEN_PREVIOUSLY b'247974'
ACTION SNIPPET 10000 5520 SNIPPET_RELEVANT b'1027237'
ACTION DOC 10000 5540 EXAMINING_DOCUMENT b'1027237'
ACTION SNIPPET 10000 5543 SNIPPET_RELEVANT b'216664'
ACTION DOC 10000 5563 EXAMINING_DOCUMENT b'216664'
ACTION SNIPPET 10000 5566 SNIPPET_NOT_RELEVANT b'1463514'
ACTION SNIPPET 10000 5569 SNIPPET_NOT_RELEVANT b'1642210'
ACTION SNIPPET 10000 5572 SEEN_PREVIOUSLY b'1465314'
ACTION SNIPPET 10000 5575 SEEN_PREVIOUSLY b'1576073'
ACTION SNIPPET 10000 5578 SEEN_PREVIOUSLY b'1519827'
ACTION QUERY 10000 5588 college education advantage unpaid
ACTION SERP 10000 5593 EXAMINE_SERP
ACTION SNIPPET 10000 5596 SNIPPET_NOT_RELEVANT b'966336'
ACTION SNIPPET 10000 5599 SNIPPET_NOT_RELEVANT b'1686583'
ACTION SNIPPET 10000 5602 SNIPPET_NOT_RELEVANT b'884164'
ACTION SNIPPET 10000 5605 SNIPPET_NOT_RELEVANT b'1765408'
ACTION SNIPPET 10000 5608 SNIPPET_RELEVANT b'1449102'
ACTION DOC 10000 5628 EXAMINING_DOCUMENT b'1449102'
ACTION SNIPPET 10000 5631 SNIPPET_NOT_RELEVANT b'1036206'
ACTION SNIPPET 10000 5634 SNIPPET_RELEVANT b'901916'
ACTION DOC 10000 5654 EXAMINING_DOCUMENT b'901916'
ACTION SNIPPET 10000 5657 SNIPPET_NOT_RELEVANT b'1602971'
ACTION SNIPPET 10000 5660 SNIPPET_NOT_RELEVANT b'995883'
ACTION SNIPPET 10000 5663 SNIPPET_RELEVANT b'1013604'
ACTION DOC 10000 5683 EXAMINING_DOCUMENT b'1013604'
ACTION QUERY 10000 5693 college education advantage snowball
ACTION SERP 10000 5698 EXAMINE_SERP
ACTION SNIPPET 10000 5701 SNIPPET_RELEVANT b'250390'
ACTION DOC 10000 5721 EXAMINING_DOCUMENT b'250390'
ACTION SNIPPET 10000 5724 SNIPPET_NOT_RELEVANT b'819503'
ACTION SNIPPET 10000 5727 SNIPPET_NOT_RELEVANT b'1387284'
ACTION SNIPPET 10000 5730 SNIPPET_NOT_RELEVANT b'688841'
ACTION SNIPPET 10000 5733 SNIPPET_RELEVANT b'1254165'
ACTION DOC 10000 5753 EXAMINING_DOCUMENT b'1254165'
ACTION SNIPPET 10000 5756 SNIPPET_RELEVANT b'416611'
ACTION DOC 10000 5776 EXAMINING_DOCUMENT b'416611'
ACTION SNIPPET 10000 5779 SEEN_PREVIOUSLY b'77858'
ACTION SNIPPET 10000 5782 SNIPPET_NOT_RELEVANT b'80099'
ACTION SNIPPET 10000 5785 SNIPPET_NOT_RELEVANT b'952807'
ACTION SNIPPET 10000 5788 SNIPPET_NOT_RELEVANT b'538171'
ACTION QUERY 10000 5798 college education advantage day
ACTION SERP 10000 5803 EXAMINE_SERP
ACTION SNIPPET 10000 5806 SEEN_PREVIOUSLY b'77858'
ACTION SNIPPET 10000 5809 SEEN_PREVIOUSLY b'1707549'
ACTION SNIPPET 10000 5812 SEEN_PREVIOUSLY b'845002'
ACTION SNIPPET 10000 5815 SEEN_PREVIOUSLY b'1170209'
ACTION SNIPPET 10000 5818 SEEN_PREVIOUSLY b'247974'
ACTION SNIPPET 10000 5821 SEEN_PREVIOUSLY b'1642208'
ACTION SNIPPET 10000 5824 SNIPPET_RELEVANT b'954627'
ACTION DOC 10000 5844 EXAMINING_DOCUMENT b'954627'
ACTION SNIPPET 10000 5847 SEEN_PREVIOUSLY b'1739514'
ACTION SNIPPET 10000 5850 SEEN_PREVIOUSLY b'1065767'
ACTION SNIPPET 10000 5853 SEEN_PREVIOUSLY b'1235262'
ACTION QUERY 10000 5863 college education advantage dna
ACTION SERP 10000 5868 EXAMINE_SERP
ACTION SNIPPET 10000 5871 SNIPPET_NOT_RELEVANT b'1755220'
ACTION SNIPPET 10000 5874 SNIPPET_NOT_RELEVANT b'1455748'
ACTION SNIPPET 10000 5877 SNIPPET_RELEVANT b'1310328'
ACTION DOC 10000 5897 EXAMINING_DOCUMENT b'1310328'
ACTION SNIPPET 10000 5900 SNIPPET_NOT_RELEVANT b'1738934'
ACTION SNIPPET 10000 5903 SNIPPET_RELEVANT b'1753954'
ACTION DOC 10000 5923 EXAMINING_DOCUMENT b'1753954'
ACTION SNIPPET 10000 5926 SNIPPET_NOT_RELEVANT b'1136004'
ACTION SNIPPET 10000 5929 SNIPPET_RELEVANT b'1359275'
ACTION DOC 10000 5949 EXAMINING_DOCUMENT b'1359275'
ACTION SNIPPET 10000 5952 SNIPPET_RELEVANT b'870644'
ACTION DOC 10000 5972 EXAMINING_DOCUMENT b'870644'
ACTION SNIPPET 10000 5975 SNIPPET_RELEVANT b'1771843'
ACTION DOC 10000 5995 EXAMINING_DOCUMENT b'1771843'
ACTION SNIPPET 10000 5998 SNIPPET_RELEVANT b'1771834'
ACTION DOC 10000 6018 EXAMINING_DOCUMENT b'1771834'
ACTION QUERY 10000 6028 college education advantage sends
ACTION SERP 10000 6033 EXAMINE_SERP
ACTION SNIPPET 10000 6036 SEEN_PREVIOUSLY b'1707549'
ACTION SNIPPET 10000 6039 SEEN_PREVIOUSLY b'430740'
ACTION SNIPPET 10000 6042 SEEN_PREVIOUSLY b'163031'
ACTION SNIPPET 10000 6045 SNIPPET_RELEVANT b'1822985'
ACTION DOC 10000 6065 EXAMINING_DOCUMENT b'1822985'
ACTION SNIPPET 10000 6068 SNIPPET_RELEVANT b'311847'
ACTION DOC 10000 6088 EXAMINING_DOCUMENT b'311847'
ACTION SNIPPET 10000 6091 SEEN_PREVIOUSLY b'77858'
ACTION SNIPPET 10000 6094 SNIPPET_NOT_RELEVANT b'238656'
ACTION SNIPPET 10000 6097 SNIPPET_RELEVANT b'1445817'
ACTION DOC 10000 6117 EXAMINING_DOCUMENT b'1445817'
ACTION SNIPPET 10000 6120 SNIPPET_NOT_RELEVANT b'1113324'
ACTION SNIPPET 10000 6123 SNIPPET_NOT_RELEVANT b'1738934'
ACTION QUERY 10000 6133 college education advantage appeals
ACTION SERP 10000 6138 EXAMINE_SERP
ACTION SNIPPET 10000 6141 SEEN_PREVIOUSLY b'247974'
ACTION SNIPPET 10000 6144 SNIPPET_RELEVANT b'365179'
ACTION DOC 10000 6164 EXAMINING_DOCUMENT b'365179'
ACTION SNIPPET 10000 6167 SNIPPET_NOT_RELEVANT b'1804240'
ACTION SNIPPET 10000 6170 SNIPPET_NOT_RELEVANT b'357269'
ACTION SNIPPET 10000 6173 SNIPPET_NOT_RELEVANT b'1349172'
ACTION SNIPPET 10000 6176 SEEN_PREVIOUSLY b'77858'
ACTION SNIPPET 10000 6179 SEEN_PREVIOUSLY b'1027237'
ACTION SNIPPET 10000 6182 SNIPPET_RELEVANT b'860584'
ACTION DOC 10000 6202 EXAMINING_DOCUMENT b'860584'
ACTION SNIPPET 10000 6205 SEEN_PREVIOUSLY b'845002'
ACTION SNIPPET 10000 6208 SEEN_PREVIOUSLY b'927602'
ACTION QUERY 10000 6218 college education advantage floppy
ACTION SERP 10000 6223 EXAMINE_SERP
ACTION SNIPPET 10000 6226 SNIPPET_RELEVANT b'238656'
ACTION DOC 10000 6246 EXAMINING_DOCUMENT b'238656'
ACTION SNIPPET 10000 6249 SNIPPET_NOT_RELEVANT b'336513'
ACTION SNIPPET 10000 6252 SNIPPET_RELEVANT b'716737'
ACTION DOC 10000 6272 EXAMINING_DOCUMENT b'716737'
ACTION SNIPPET 10000 6275 SNIPPET_NOT_RELEVANT b'58688'
ACTION SNIPPET 10000 6278 SNIPPET_NOT_RELEVANT b'1010346'
ACTION SNIPPET 10000 6281 SNIPPET_RELEVANT b'1010386'
ACTION DOC 10000 6301 EXAMINING_DOCUMENT b'1010386'
ACTION SNIPPET 10000 6304 SNIPPET_NOT_RELEVANT b'47661'
ACTION SNIPPET 10000 6307 SNIPPET_RELEVANT b'836010'
ACTION DOC 10000 6327 EXAMINING_DOCUMENT b'836010'
ACTION SNIPPET 10000 6330 SNIPPET_RELEVANT b'762875'
ACTION DOC 10000 6350 EXAMINING_DOCUMENT b'762875'
ACTION SNIPPET 10000 6353 SNIPPET_RELEVANT b'1131617'
ACTION DOC 10000 6373 EXAMINING_DOCUMENT b'1131617'
ACTION QUERY 10000 6383 college education advantage treated
ACTION SERP 10000 6388 EXAMINE_SERP
ACTION SNIPPET 10000 6391 SEEN_PREVIOUSLY b'77858'
ACTION SNIPPET 10000 6394 SNIPPET_RELEVANT b'294235'
ACTION DOC 10000 6414 EXAMINING_DOCUMENT b'294235'
ACTION SNIPPET 10000 6417 SEEN_PREVIOUSLY b'1775839'
ACTION SNIPPET 10000 6420 SNIPPET_RELEVANT b'794583'
ACTION DOC 10000 6440 EXAMINING_DOCUMENT b'794583'
ACTION SNIPPET 10000 6443 SNIPPET_RELEVANT b'794662'
ACTION DOC 10000 6463 EXAMINING_DOCUMENT b'794662'
ACTION SNIPPET 10000 6466 SEEN_PREVIOUSLY b'62263'
ACTION SNIPPET 10000 6469 SNIPPET_NOT_RELEVANT b'178277'
ACTION SNIPPET 10000 6472 SEEN_PREVIOUSLY b'845002'
ACTION SNIPPET 10000 6475 SNIPPET_NOT_RELEVANT b'60085'
ACTION SNIPPET 10000 6478 SEEN_PREVIOUSLY b'1461540'
ACTION QUERY 10000 6488 college education advantage shortage
ACTION SERP 10000 6493 EXAMINE_SERP
ACTION SNIPPET 10000 6496 SNIPPET_RELEVANT b'964190'
ACTION DOC 10000 6516 EXAMINING_DOCUMENT b'964190'
ACTION SNIPPET 10000 6519 SNIPPET_NOT_RELEVANT b'60085'
ACTION SNIPPET 10000 6522 SEEN_PREVIOUSLY b'1148604'
ACTION SNIPPET 10000 6525 SNIPPET_RELEVANT b'1228332'
ACTION DOC 10000 6545 EXAMINING_DOCUMENT b'1228332'
ACTION SNIPPET 10000 6548 SEEN_PREVIOUSLY b'804673'
ACTION SNIPPET 10000 6551 SEEN_PREVIOUSLY b'804954'
ACTION SNIPPET 10000 6554 SNIPPET_NOT_RELEVANT b'1375375'
ACTION SNIPPET 10000 6557 SNIPPET_RELEVANT b'29921'
ACTION DOC 10000 6577 EXAMINING_DOCUMENT b'29921'
ACTION SNIPPET 10000 6580 SNIPPET_NOT_RELEVANT b'1216030'
ACTION SNIPPET 10000 6583 SNIPPET_NOT_RELEVANT b'257911'
ACTION QUERY 10000 6593 college education advantage medicine
ACTION SERP 10000 6598 EXAMINE_SERP
ACTION SNIPPET 10000 6601 SNIPPET_NOT_RELEVANT b'300981'
ACTION SNIPPET 10000 6604 SEEN_PREVIOUSLY b'1642208'
ACTION SNIPPET 10000 6607 SNIPPET_NOT_RELEVANT b'1112363'
ACTION SNIPPET 10000 6610 SNIPPET_NOT_RELEVANT b'536600'
ACTION SNIPPET 10000 6613 SNIPPET_RELEVANT b'1056688'
ACTION DOC 10000 6633 EXAMINING_DOCUMENT b'1056688'
ACTION SNIPPET 10000 6636 SNIPPET_RELEVANT b'12911'
ACTION DOC 10000 6656 EXAMINING_DOCUMENT b'12911'
ACTION SNIPPET 10000 6659 SNIPPET_RELEVANT b'1648935'
ACTION DOC 10000 6679 EXAMINING_DOCUMENT b'1648935'
ACTION SNIPPET 10000 6682 SNIPPET_RELEVANT b'1669961'
ACTION DOC 10000 6702 EXAMINING_DOCUMENT b'1669961'
ACTION SNIPPET 10000 6705 SNIPPET_RELEVANT b'815924'
ACTION DOC 10000 6725 EXAMINING_DOCUMENT b'815924'
ACTION SNIPPET 10000 6728 SNIPPET_NOT_RELEVANT b'435165'
ACTION QUERY 10000 6738 college education advantage lilia
ACTION SERP 10000 6743 EXAMINE_SERP
ACTION SNIPPET 10000 6746 SNIPPET_RELEVANT b'1356037'
ACTION DOC 10000 6766 EXAMINING_DOCUMENT b'1356037'
ACTION SNIPPET 10000 6769 SNIPPET_RELEVANT b'145632'
ACTION DOC 10000 6789 EXAMINING_DOCUMENT b'145632'
ACTION SNIPPET 10000 6792 SNIPPET_NOT_RELEVANT b'1508417'
ACTION SNIPPET 10000 6795 SNIPPET_NOT_RELEVANT b'1683005'
ACTION SNIPPET 10000 6798 SNIPPET_NOT_RELEVANT b'1793736'
ACTION SNIPPET 10000 6801 SNIPPET_NOT_RELEVANT b'1417906'
ACTION SNIPPET 10000 6804 SNIPPET_RELEVANT b'1506088'
ACTION DOC 10000 6824 EXAMINING_DOCUMENT b'1506088'
ACTION SNIPPET 10000 6827 SNIPPET_NOT_RELEVANT b'1418334'
ACTION SNIPPET 10000 6830 SNIPPET_RELEVANT b'1440095'
ACTION DOC 10000 6850 EXAMINING_DOCUMENT b'1440095'
ACTION SNIPPET 10000 6853 SNIPPET_RELEVANT b'11609'
ACTION DOC 10000 6873 EXAMINING_DOCUMENT b'11609'
ACTION QUERY 10000 6883 college education advantage bostwicks
ACTION SERP 10000 6888 EXAMINE_SERP
ACTION SNIPPET 10000 6891 SNIPPET_RELEVANT b'39112'
ACTION DOC 10000 6911 EXAMINING_DOCUMENT b'39112'
ACTION SNIPPET 10000 6914 SEEN_PREVIOUSLY b'11609'
ACTION SNIPPET 10000 6917 SEEN_PREVIOUSLY b'145632'
ACTION SNIPPET 10000 6920 SNIPPET_RELEVANT b'382711'
ACTION DOC 10000 6940 EXAMINING_DOCUMENT b'382711'
ACTION SNIPPET 10000 6943 SNIPPET_RELEVANT b'138946'
ACTION DOC 10000 6963 EXAMINING_DOCUMENT b'138946'
ACTION SNIPPET 10000 6966 SNIPPET_NOT_RELEVANT b'182610'
ACTION SNIPPET 10000 6969 SNIPPET_RELEVANT b'1500684'
ACTION DOC 10000 6989 EXAMINING_DOCUMENT b'1500684'
ACTION SNIPPET 10000 6992 SNIPPET_RELEVANT b'99325'
ACTION DOC 10000 7012 EXAMINING_DOCUMENT b'99325'
ACTION SNIPPET 10000 7015 SNIPPET_NOT_RELEVANT b'1050294'
ACTION SNIPPET 10000 7018 SNIPPET_NOT_RELEVANT b'1735796'
ACTION QUERY 10000 7028 college education advantage cakers
ACTION SERP 10000 7033 EXAMINE_SERP
ACTION SNIPPET 10000 7036 SNIPPET_NOT_RELEVANT b'906121'
ACTION SNIPPET 10000 7039 SNIPPET_RELEVANT b'972672'
ACTION DOC 10000 7059 EXAMINING_DOCUMENT b'972672'
ACTION SNIPPET 10000 7062 SNIPPET_NOT_RELEVANT b'1102524'
ACTION SNIPPET 10000 7065 SNIPPET_NOT_RELEVANT b'973826'
ACTION SNIPPET 10000 7068 SNIPPET_RELEVANT b'907066'
ACTION DOC 10000 7088 EXAMINING_DOCUMENT b'907066'
ACTION SNIPPET 10000 7091 SNIPPET_RELEVANT b'1163072'
ACTION DOC 10000 7111 EXAMINING_DOCUMENT b'1163072'
ACTION SNIPPET 10000 7114 SEEN_PREVIOUSLY b'77858'
ACTION SNIPPET 10000 7117 SEEN_PREVIOUSLY b'845002'
ACTION SNIPPET 10000 7120 SEEN_PREVIOUSLY b'1642208'
ACTION SNIPPET 10000 7123 SEEN_PREVIOUSLY b'1707549'
ACTION QUERY 10000 7133 college education advantage spectrum
ACTION SERP 10000 7138 EXAMINE_SERP
ACTION SNIPPET 10000 7141 SEEN_PREVIOUSLY b'1577987'
ACTION SNIPPET 10000 7144 SEEN_PREVIOUSLY b'1576073'
ACTION SNIPPET 10000 7147 SNIPPET_NOT_RELEVANT b'434345'
ACTION SNIPPET 10000 7150 SNIPPET_RELEVANT b'1281290'
ACTION DOC 10000 7170 EXAMINING_DOCUMENT b'1281290'
ACTION SNIPPET 10000 7173 SNIPPET_NOT_RELEVANT b'1802260'
ACTION SNIPPET 10000 7176 SNIPPET_NOT_RELEVANT b'29738'
ACTION SNIPPET 10000 7179 SEEN_PREVIOUSLY b'77858'
ACTION SNIPPET 10000 7182 SNIPPET_NOT_RELEVANT b'1555773'
ACTION SNIPPET 10000 7185 SNIPPET_NOT_RELEVANT b'10123'
ACTION SNIPPET 10000 7188 SNIPPET_RELEVANT b'1642299'
ACTION DOC 10000 7208 EXAMINING_DOCUMENT b'1642299'
ACTION QUERY 10000 7218 college education advantage torey
ACTION SERP 10000 7223 EXAMINE_SERP
ACTION SNIPPET 10000 7226 SEEN_PREVIOUSLY b'1163072'
ACTION SNIPPET 10000 7229 SNIPPET_RELEVANT b'1056137'
ACTION DOC 10000 7249 EXAMINING_DOCUMENT b'1056137'
ACTION SNIPPET 10000 7252 SNIPPET_NOT_RELEVANT b'678357'
ACTION SNIPPET 10000 7255 SNIPPET_NOT_RELEVANT b'1599512'
ACTION SNIPPET 10000 7258 SNIPPET_NOT_RELEVANT b'1222464'
ACTION SNIPPET 10000 7261 SNIPPET_RELEVANT b'436232'
ACTION DOC 10000 7281 EXAMINING_DOCUMENT b'436232'
ACTION SNIPPET 10000 7284 SNIPPET_NOT_RELEVANT b'1578312'
ACTION SNIPPET 10000 7287 SNIPPET_RELEVANT b'1036823'
ACTION DOC 10000 7307 EXAMINING_DOCUMENT b'1036823'
ACTION SNIPPET 10000 7310 SNIPPET_RELEVANT b'1816047'
ACTION DOC 10000 7330 EXAMINING_DOCUMENT b'1816047'
ACTION SNIPPET 10000 7333 SNIPPET_NOT_RELEVANT b'1615203'
ACTION QUERY 10000 7343 college education advantage metropolitan
ACTION SERP 10000 7348 EXAMINE_SERP
ACTION SNIPPET 10000 7351 SNIPPET_RELEVANT b'238884'
ACTION DOC 10000 7371 EXAMINING_DOCUMENT b'238884'
ACTION SNIPPET 10000 7374 SNIPPET_RELEVANT b'607444'
ACTION DOC 10000 7394 EXAMINING_DOCUMENT b'607444'
ACTION SNIPPET 10000 7397 SEEN_PREVIOUSLY b'77858'
ACTION SNIPPET 10000 7400 SNIPPET_NOT_RELEVANT b'1224667'
ACTION SNIPPET 10000 7403 SNIPPET_NOT_RELEVANT b'1041140'
ACTION SNIPPET 10000 7406 SNIPPET_NOT_RELEVANT b'1690340'
ACTION SNIPPET 10000 7409 SNIPPET_NOT_RELEVANT b'313820'
ACTION SNIPPET 10000 7412 SNIPPET_NOT_RELEVANT b'1577177'
ACTION SNIPPET 10000 7415 SNIPPET_NOT_RELEVANT b'1783267'
ACTION SNIPPET 10000 7418 SEEN_PREVIOUSLY b'845002'
ACTION QUERY 10000 7428 college education advantage vincent
ACTION SERP 10000 7433 EXAMINE_SERP
ACTION SNIPPET 10000 7436 SNIPPET_RELEVANT b'234465'
ACTION DOC 10000 7456 EXAMINING_DOCUMENT b'234465'
ACTION SNIPPET 10000 7459 SNIPPET_NOT_RELEVANT b'1560454'
ACTION SNIPPET 10000 7462 SEEN_PREVIOUSLY b'396194'
ACTION SNIPPET 10000 7465 SNIPPET_RELEVANT b'735275'
ACTION DOC 10000 7485 EXAMINING_DOCUMENT b'735275'
ACTION SNIPPET 10000 7488 SNIPPET_NOT_RELEVANT b'867814'
ACTION SNIPPET 10000 7491 SNIPPET_NOT_RELEVANT b'901092'
ACTION SNIPPET 10000 7494 SNIPPET_NOT_RELEVANT b'476943'
ACTION SNIPPET 10000 7497 SNIPPET_NOT_RELEVANT b'1774555'
ACTION SNIPPET 10000 7500 SNIPPET_NOT_RELEVANT b'359376'
ACTION SNIPPET 10000 7503 SNIPPET_RELEVANT b'361922'
ACTION DOC 10000 7523 EXAMINING_DOCUMENT b'361922'
ACTION QUERY 10000 7533 college education advantage latimer
ACTION SERP 10000 7538 EXAMINE_SERP
ACTION SNIPPET 10000 7541 SNIPPET_RELEVANT b'169292'
ACTION DOC 10000 7561 EXAMINING_DOCUMENT b'169292'
ACTION SNIPPET 10000 7564 SNIPPET_NOT_RELEVANT b'476943'
ACTION SNIPPET 10000 7567 SNIPPET_RELEVANT b'1019291'
ACTION DOC 10000 7587 EXAMINING_DOCUMENT b'1019291'
ACTION SNIPPET 10000 7590 SNIPPET_RELEVANT b'1101097'
ACTION DOC 10000 7610 EXAMINING_DOCUMENT b'1101097'
ACTION SNIPPET 10000 7613 SNIPPET_RELEVANT b'86215'
ACTION DOC 10000 7633 EXAMINING_DOCUMENT b'86215'
ACTION SNIPPET 10000 7636 SNIPPET_RELEVANT b'168383'
ACTION DOC 10000 7656 EXAMINING_DOCUMENT b'168383'
ACTION SNIPPET 10000 7659 SNIPPET_RELEVANT b'1444830'
ACTION DOC 10000 7679 EXAMINING_DOCUMENT b'1444830'
ACTION SNIPPET 10000 7682 SNIPPET_NOT_RELEVANT b'1246593'
ACTION SNIPPET 10000 7685 SNIPPET_RELEVANT b'1304596'
ACTION DOC 10000 7705 EXAMINING_DOCUMENT b'1304596'
ACTION SNIPPET 10000 7708 SNIPPET_NOT_RELEVANT b'1587619'
ACTION QUERY 10000 7718 college education advantage window
ACTION SERP 10000 7723 EXAMINE_SERP
ACTION SNIPPET 10000 7726 SEEN_PREVIOUSLY b'77858'
ACTION SNIPPET 10000 7729 SEEN_PREVIOUSLY b'557804'
ACTION SNIPPET 10000 7732 SNIPPET_RELEVANT b'673857'
ACTION DOC 10000 7752 EXAMINING_DOCUMENT b'673857'
ACTION SNIPPET 10000 7755 SNIPPET_RELEVANT b'383423'
ACTION DOC 10000 7775 EXAMINING_DOCUMENT b'383423'
ACTION SNIPPET 10000 7778 SEEN_PREVIOUSLY b'845002'
ACTION SNIPPET 10000 7781 SNIPPET_NOT_RELEVANT b'1348065'
ACTION SNIPPET 10000 7784 SEEN_PREVIOUSLY b'1642208'
ACTION SNIPPET 10000 7787 SNIPPET_NOT_RELEVANT b'1251781'
ACTION SNIPPET 10000 7790 SEEN_PREVIOUSLY b'1707549'
ACTION SNIPPET 10000 7793 SEEN_PREVIOUSLY b'1739514'
ACTION QUERY 10000 7803 college education advantage videodisks
ACTION SERP 10000 7808 EXAMINE_SERP
ACTION SNIPPET 10000 7811 SEEN_PREVIOUSLY b'383423'
ACTION SNIPPET 10000 7814 SNIPPET_NOT_RELEVANT b'383411'
ACTION SNIPPET 10000 7817 SNIPPET_RELEVANT b'500475'
ACTION DOC 10000 7837 EXAMINING_DOCUMENT b'500475'
ACTION SNIPPET 10000 7840 SNIPPET_NOT_RELEVANT b'431477'
ACTION SNIPPET 10000 7843 SNIPPET_RELEVANT b'584432'
ACTION DOC 10000 7863 EXAMINING_DOCUMENT b'584432'
ACTION SNIPPET 10000 7866 SNIPPET_NOT_RELEVANT b'567217'
ACTION SNIPPET 10000 7869 SNIPPET_NOT_RELEVANT b'400648'
ACTION SNIPPET 10000 7872 SNIPPET_RELEVANT b'216301'
ACTION DOC 10000 7892 EXAMINING_DOCUMENT b'216301'
ACTION SNIPPET 10000 7895 SNIPPET_RELEVANT b'399853'
ACTION DOC 10000 7915 EXAMINING_DOCUMENT b'399853'
ACTION SNIPPET 10000 7918 SNIPPET_NOT_RELEVANT b'452977'
ACTION QUERY 10000 7928 college education advantage harts
ACTION SERP 10000 7933 EXAMINE_SERP
ACTION SNIPPET 10000 7936 SNIPPET_RELEVANT b'421727'
ACTION DOC 10000 7956 EXAMINING_DOCUMENT b'421727'
ACTION SNIPPET 10000 7959 SNIPPET_NOT_RELEVANT b'7468'
ACTION SNIPPET 10000 7962 SNIPPET_RELEVANT b'7468'
ACTION DOC 10000 7982 EXAMINING_DOCUMENT b'7468'
ACTION SNIPPET 10000 7985 SNIPPET_RELEVANT b'1539475'
ACTION DOC 10000 8005 EXAMINING_DOCUMENT b'1539475'
ACTION SNIPPET 10000 8008 SNIPPET_RELEVANT b'359376'
ACTION DOC 10000 8028 EXAMINING_DOCUMENT b'359376'
ACTION SNIPPET 10000 8031 SNIPPET_NOT_RELEVANT b'1204429'
ACTION SNIPPET 10000 8034 SNIPPET_NOT_RELEVANT b'77772'
ACTION SNIPPET 10000 8037 SNIPPET_RELEVANT b'1711984'
ACTION DOC 10000 8057 EXAMINING_DOCUMENT b'1711984'
ACTION SNIPPET 10000 8060 SNIPPET_NOT_RELEVANT b'38087'
ACTION SNIPPET 10000 8063 SNIPPET_NOT_RELEVANT b'922472'
ACTION QUERY 10000 8073 college education advantage lawsuits
ACTION SERP 10000 8078 EXAMINE_SERP
ACTION SNIPPET 10000 8081 SNIPPET_NOT_RELEVANT b'1210955'
ACTION SNIPPET 10000 8084 SNIPPET_NOT_RELEVANT b'751764'
ACTION SNIPPET 10000 8087 SNIPPET_NOT_RELEVANT b'432275'
ACTION SNIPPET 10000 8090 SNIPPET_RELEVANT b'491473'
ACTION DOC 10000 8110 EXAMINING_DOCUMENT b'491473'
ACTION SNIPPET 10000 8113 SNIPPET_NOT_RELEVANT b'431882'
ACTION SNIPPET 10000 8116 SNIPPET_RELEVANT b'431896'
ACTION DOC 10000 8136 EXAMINING_DOCUMENT b'431896'
ACTION SNIPPET 10000 8139 SNIPPET_NOT_RELEVANT b'431881'
ACTION SNIPPET 10000 8142 SNIPPET_NOT_RELEVANT b'1068302'
ACTION SNIPPET 10000 8145 SNIPPET_NOT_RELEVANT b'515082'
ACTION SNIPPET 10000 8148 SEEN_PREVIOUSLY b'77858'
ACTION QUERY 10000 8158 college education advantage discriminatory
ACTION SERP 10000 8163 EXAMINE_SERP
ACTION SNIPPET 10000 8166 SNIPPET_RELEVANT b'365195'
ACTION DOC 10000 8186 EXAMINING_DOCUMENT b'365195'
ACTION SNIPPET 10000 8189 SNIPPET_NOT_RELEVANT b'263696'
ACTION SNIPPET 10000 8192 SNIPPET_NOT_RELEVANT b'966469'
ACTION SNIPPET 10000 8195 SNIPPET_NOT_RELEVANT b'327681'
ACTION SNIPPET 10000 8198 SNIPPET_NOT_RELEVANT b'220525'
ACTION SNIPPET 10000 8201 SNIPPET_NOT_RELEVANT b'1755475'
ACTION SNIPPET 10000 8204 SNIPPET_NOT_RELEVANT b'1020731'
ACTION SNIPPET 10000 8207 SNIPPET_NOT_RELEVANT b'185548'
ACTION SNIPPET 10000 8210 SNIPPET_NOT_RELEVANT b'448816'
ACTION SNIPPET 10000 8213 SNIPPET_RELEVANT b'357515'
ACTION DOC 10000 8233 EXAMINING_DOCUMENT b'357515'
ACTION QUERY 10000 8243 college education advantage residents
ACTION SERP 10000 8248 EXAMINE_SERP
ACTION SNIPPET 10000 8251 SEEN_PREVIOUSLY b'954708'
ACTION SNIPPET 10000 8254 SEEN_PREVIOUSLY b'190484'
ACTION SNIPPET 10000 8257 SEEN_PREVIOUSLY b'247974'
ACTION SNIPPET 10000 8260 SEEN_PREVIOUSLY b'1172524'
ACTION SNIPPET 10000 8263 SNIPPET_RELEVANT b'1358910'
ACTION DOC 10000 8283 EXAMINING_DOCUMENT b'1358910'
ACTION SNIPPET 10000 8286 SNIPPET_NOT_RELEVANT b'1071110'
ACTION SNIPPET 10000 8289 SNIPPET_RELEVANT b'1850530'
ACTION DOC 10000 8309 EXAMINING_DOCUMENT b'1850530'
ACTION SNIPPET 10000 8312 SEEN_PREVIOUSLY b'77858'
ACTION SNIPPET 10000 8315 SNIPPET_NOT_RELEVANT b'585909'
ACTION SNIPPET 10000 8318 SEEN_PREVIOUSLY b'1272644'
ACTION QUERY 10000 8328 college education advantage mike
ACTION SERP 10000 8333 EXAMINE_SERP
ACTION SNIPPET 10000 8336 SNIPPET_NOT_RELEVANT b'1590615'
ACTION SNIPPET 10000 8339 SNIPPET_NOT_RELEVANT b'188235'
ACTION SNIPPET 10000 8342 SNIPPET_RELEVANT b'1467081'
ACTION DOC 10000 8362 EXAMINING_DOCUMENT b'1467081'
ACTION SNIPPET 10000 8365 SEEN_PREVIOUSLY b'77858'
ACTION SNIPPET 10000 8368 SEEN_PREVIOUSLY b'845002'
ACTION SNIPPET 10000 8371 SEEN_PREVIOUSLY b'1642208'
ACTION SNIPPET 10000 8374 SNIPPET_NOT_RELEVANT b'243082'
ACTION SNIPPET 10000 8377 SNIPPET_NOT_RELEVANT b'968649'
ACTION SNIPPET 10000 8380 SEEN_PREVIOUSLY b'1707549'
ACTION SNIPPET 10000 8383 SEEN_PREVIOUSLY b'1739514'
ACTION QUERY 10000 8393 college education advantage der
ACTION SERP 10000 8398 EXAMINE_SERP
ACTION SNIPPET 10000 8401 SNIPPET_RELEVANT b'1580263'
ACTION DOC 10000 8421 EXAMINING_DOCUMENT b'1580263'
ACTION SNIPPET 10000 8424 SNIPPET_NOT_RELEVANT b'1418132'
ACTION SNIPPET 10000 8427 SNIPPET_NOT_RELEVANT b'1404328'
ACTION SNIPPET 10000 8430 SNIPPET_RELEVANT b'413758'
ACTION DOC 10000 8450 EXAMINING_DOCUMENT b'413758'
ACTION SNIPPET 10000 8453 SEEN_PREVIOUSLY b'77858'
ACTION SNIPPET 10000 8456 SNIPPET_RELEVANT b'189713'
ACTION DOC 10000 8476 EXAMINING_DOCUMENT b'189713'
ACTION SNIPPET 10000 8479 SNIPPET_RELEVANT b'55989'
ACTION DOC 10000 8499 EXAMINING_DOCUMENT b'55989'
ACTION SNIPPET 10000 8502 SNIPPET_NOT_RELEVANT b'47680'
ACTION SNIPPET 10000 8505 SNIPPET_RELEVANT b'1314855'
ACTION DOC 10000 8525 EXAMINING_DOCUMENT b'1314855'
ACTION SNIPPET 10000 8528 SNIPPET_RELEVANT b'1355310'
ACTION DOC 10000 8548 EXAMINING_DOCUMENT b'1355310'
ACTION QUERY 10000 8558 college education advantage matriculation
ACTION SERP 10000 8563 EXAMINE_SERP
ACTION SNIPPET 10000 8566 SNIPPET_NOT_RELEVANT b'1460990'
ACTION SNIPPET 10000 8569 SNIPPET_RELEVANT b'1156609'
ACTION DOC 10000 8589 EXAMINING_DOCUMENT b'1156609'
ACTION SNIPPET 10000 8592 SNIPPET_NOT_RELEVANT b'826370'
ACTION SNIPPET 10000 8595 SNIPPET_NOT_RELEVANT b'1620425'
ACTION SNIPPET 10000 8598 SNIPPET_NOT_RELEVANT b'333989'
ACTION SNIPPET 10000 8601 SNIPPET_NOT_RELEVANT b'1731009'
ACTION SNIPPET 10000 8604 SNIPPET_NOT_RELEVANT b'1260914'
ACTION SNIPPET 10000 8607 SNIPPET_NOT_RELEVANT b'580302'
ACTION SNIPPET 10000 8610 SNIPPET_RELEVANT b'220523'
ACTION DOC 10000 8630 EXAMINING_DOCUMENT b'220523'
ACTION SNIPPET 10000 8633 SNIPPET_RELEVANT b'625371'
ACTION DOC 10000 8653 EXAMINING_DOCUMENT b'625371'
ACTION QUERY 10000 8663 college education advantage slips
ACTION SERP 10000 8668 EXAMINE_SERP
ACTION SNIPPET 10000 8671 SEEN_PREVIOUSLY b'1642208'
ACTION SNIPPET 10000 8674 SEEN_PREVIOUSLY b'804673'
ACTION SNIPPET 10000 8677 SEEN_PREVIOUSLY b'804954'
ACTION SNIPPET 10000 8680 SEEN_PREVIOUSLY b'77858'
ACTION SNIPPET 10000 8683 SNIPPET_RELEVANT b'272993'
ACTION DOC 10000 8703 EXAMINING_DOCUMENT b'272993'
ACTION SNIPPET 10000 8706 SNIPPET_RELEVANT b'1766990'
ACTION DOC 10000 8726 EXAMINING_DOCUMENT b'1766990'
ACTION SNIPPET 10000 8729 SEEN_PREVIOUSLY b'845002'
ACTION SNIPPET 10000 8732 SNIPPET_RELEVANT b'834078'
ACTION DOC 10000 8752 EXAMINING_DOCUMENT b'834078'
ACTION SNIPPET 10000 8755 SNIPPET_NOT_RELEVANT b'1083303'
ACTION SNIPPET 10000 8758 SEEN_PREVIOUSLY b'1204348'
ACTION QUERY 10000 8768 college education advantage moore
ACTION SERP 10000 8773 EXAMINE_SERP
ACTION SNIPPET 10000 8776 SEEN_PREVIOUSLY b'62263'
ACTION SNIPPET 10000 8779 SNIPPET_RELEVANT b'152302'
ACTION DOC 10000 8799 EXAMINING_DOCUMENT b'152302'
ACTION SNIPPET 10000 8802 SNIPPET_RELEVANT b'1371123'
ACTION DOC 10000 8822 EXAMINING_DOCUMENT b'1371123'
ACTION SNIPPET 10000 8825 SNIPPET_NOT_RELEVANT b'1547724'
ACTION SNIPPET 10000 8828 SNIPPET_NOT_RELEVANT b'314777'
ACTION SNIPPET 10000 8831 SNIPPET_NOT_RELEVANT b'1296766'
ACTION SNIPPET 10000 8834 SEEN_PREVIOUSLY b'834078'
ACTION SNIPPET 10000 8837 SNIPPET_NOT_RELEVANT b'572081'
ACTION SNIPPET 10000 8840 SNIPPET_NOT_RELEVANT b'1367267'
ACTION SNIPPET 10000 8843 SNIPPET_RELEVANT b'249892'
ACTION DOC 10000 8863 EXAMINING_DOCUMENT b'249892'
ACTION QUERY 10000 8873 college education advantage commissioners
ACTION SERP 10000 8878 EXAMINE_SERP
ACTION SNIPPET 10000 8881 SNIPPET_RELEVANT b'830299'
ACTION DOC 10000 8901 EXAMINING_DOCUMENT b'830299'
ACTION SNIPPET 10000 8904 SEEN_PREVIOUSLY b'927602'
ACTION SNIPPET 10000 8907 SNIPPET_NOT_RELEVANT b'475451'
ACTION SNIPPET 10000 8910 SNIPPET_RELEVANT b'260967'
ACTION DOC 10000 8930 EXAMINING_DOCUMENT b'260967'
ACTION SNIPPET 10000 8933 SNIPPET_NOT_RELEVANT b'128323'
ACTION SNIPPET 10000 8936 SNIPPET_NOT_RELEVANT b'574536'
ACTION SNIPPET 10000 8939 SNIPPET_NOT_RELEVANT b'290847'
ACTION SNIPPET 10000 8942 SNIPPET_NOT_RELEVANT b'113355'
ACTION SNIPPET 10000 8945 SNIPPET_RELEVANT b'268640'
ACTION DOC 10000 8965 EXAMINING_DOCUMENT b'268640'
ACTION SNIPPET 10000 8968 SNIPPET_NOT_RELEVANT b'23220'
ACTION QUERY 10000 8978 college education advantage daniel
ACTION SERP 10000 8983 EXAMINE_SERP
ACTION SNIPPET 10000 8986 SEEN_PREVIOUSLY b'1707549'
ACTION SNIPPET 10000 8989 SNIPPET_RELEVANT b'1041140'
ACTION DOC 10000 9009 EXAMINING_DOCUMENT b'1041140'
ACTION SNIPPET 10000 9012 SNIPPET_NOT_RELEVANT b'1206431'
ACTION SNIPPET 10000 9015 SNIPPET_NOT_RELEVANT b'1758237'
ACTION SNIPPET 10000 9018 SNIPPET_NOT_RELEVANT b'1064822'
ACTION SNIPPET 10000 9021 SEEN_PREVIOUSLY b'77858'
ACTION SNIPPET 10000 9024 SNIPPET_NOT_RELEVANT b'508035'
ACTION SNIPPET 10000 9027 SNIPPET_NOT_RELEVANT b'1412490'
ACTION SNIPPET 10000 9030 SNIPPET_NOT_RELEVANT b'1213502'
ACTION SNIPPET 10000 9033 SNIPPET_RELEVANT b'398226'
ACTION DOC 10000 9053 EXAMINING_DOCUMENT b'398226'
ACTION QUERY 10000 9063 college education advantage chelsea
ACTION SERP 10000 9068 EXAMINE_SERP
ACTION SNIPPET 10000 9071 SNIPPET_RELEVANT b'169530'
ACTION DOC 10000 9091 EXAMINING_DOCUMENT b'169530'
ACTION SNIPPET 10000 9094 SNIPPET_RELEVANT b'165930'
ACTION DOC 10000 9114 EXAMINING_DOCUMENT b'165930'
ACTION SNIPPET 10000 9117 SNIPPET_RELEVANT b'204407'
ACTION DOC 10000 9137 EXAMINING_DOCUMENT b'204407'
ACTION SNIPPET 10000 9140 SNIPPET_RELEVANT b'585669'
ACTION DOC 10000 9160 EXAMINING_DOCUMENT b'585669'
ACTION SNIPPET 10000 9163 SNIPPET_RELEVANT b'367332'
ACTION DOC 10000 9183 EXAMINING_DOCUMENT b'367332'
ACTION SNIPPET 10000 9186 SNIPPET_NOT_RELEVANT b'958540'
ACTION SNIPPET 10000 9189 SNIPPET_RELEVANT b'585668'
ACTION DOC 10000 9209 EXAMINING_DOCUMENT b'585668'
ACTION SNIPPET 10000 9212 SNIPPET_NOT_RELEVANT b'1710808'
ACTION SNIPPET 10000 9215 SNIPPET_NOT_RELEVANT b'1411627'
ACTION SNIPPET 10000 9218 SNIPPET_NOT_RELEVANT b'1170056'
ACTION QUERY 10000 9228 college education advantage femininity
ACTION SERP 10000 9233 EXAMINE_SERP
ACTION SNIPPET 10000 9236 SNIPPET_RELEVANT b'1710808'
ACTION DOC 10000 9256 EXAMINING_DOCUMENT b'1710808'
ACTION SNIPPET 10000 9259 SNIPPET_NOT_RELEVANT b'16931'
ACTION SNIPPET 10000 9262 SNIPPET_RELEVANT b'1710084'
ACTION DOC 10000 9282 EXAMINING_DOCUMENT b'1710084'
ACTION SNIPPET 10000 9285 SNIPPET_RELEVANT b'1742422'
ACTION DOC 10000 9305 EXAMINING_DOCUMENT b'1742422'
ACTION SNIPPET 10000 9308 SNIPPET_NOT_RELEVANT b'423857'
ACTION SNIPPET 10000 9311 SNIPPET_NOT_RELEVANT b'465683'
ACTION SNIPPET 10000 9314 SNIPPET_RELEVANT b'1737646'
ACTION DOC 10000 9334 EXAMINING_DOCUMENT b'1737646'
ACTION SNIPPET 10000 9337 SNIPPET_NOT_RELEVANT b'1737491'
ACTION SNIPPET 10000 9340 SNIPPET_RELEVANT b'1719720'
ACTION DOC 10000 9360 EXAMINING_DOCUMENT b'1719720'
ACTION SNIPPET 10000 9363 SNIPPET_NOT_RELEVANT b'886718'
ACTION QUERY 10000 9373 college education advantage jacobs
ACTION SERP 10000 9378 EXAMINE_SERP
ACTION SNIPPET 10000 9381 SNIPPET_RELEVANT b'1615293'
ACTION DOC 10000 9401 EXAMINING_DOCUMENT b'1615293'
ACTION SNIPPET 10000 9404 SNIPPET_NOT_RELEVANT b'519700'
ACTION SNIPPET 10000 9407 SNIPPET_NOT_RELEVANT b'763522'
ACTION SNIPPET 10000 9410 SNIPPET_NOT_RELEVANT b'956014'
ACTION SNIPPET 10000 9413 SNIPPET_RELEVANT b'1579426'
ACTION DOC 10000 9433 EXAMINING_DOCUMENT b'1579426'
ACTION SNIPPET 10000 9436 SNIPPET_NOT_RELEVANT b'381475'
ACTION SNIPPET 10000 9439 SNIPPET_NOT_RELEVANT b'654939'
ACTION SNIPPET 10000 9442 SNIPPET_RELEVANT b'940817'
ACTION DOC 10000 9462 EXAMINING_DOCUMENT b'940817'
ACTION SNIPPET 10000 9465 SNIPPET_RELEVANT b'1346513'
ACTION DOC 10000 9485 EXAMINING_DOCUMENT b'1346513'
ACTION SNIPPET 10000 9488 SNIPPET_RELEVANT b'1030423'
ACTION DOC 10000 9508 EXAMINING_DOCUMENT b'1030423'
ACTION QUERY 10000 9518 college education advantage potato
ACTION SERP 10000 9523 EXAMINE_SERP
ACTION SNIPPET 10000 9526 SNIPPET_NOT_RELEVANT b'203559'
ACTION SNIPPET 10000 9529 SNIPPET_RELEVANT b'840358'
ACTION DOC 10000 9549 EXAMINING_DOCUMENT b'840358'
ACTION SNIPPET 10000 9552 SEEN_PREVIOUSLY b'77858'
ACTION SNIPPET 10000 9555 SNIPPET_NOT_RELEVANT b'1272217'
ACTION SNIPPET 10000 9558 SEEN_PREVIOUSLY b'845002'
ACTION SNIPPET 10000 9561 SEEN_PREVIOUSLY b'1642208'
ACTION SNIPPET 10000 9564 SNIPPET_NOT_RELEVANT b'254214'
ACTION SNIPPET 10000 9567 SEEN_PREVIOUSLY b'1707549'
ACTION SNIPPET 10000 9570 SEEN_PREVIOUSLY b'1739514'
ACTION SNIPPET 10000 9573 SEEN_PREVIOUSLY b'247974'
ACTION QUERY 10000 9583 college education advantage cautious
ACTION SERP 10000 9588 EXAMINE_SERP
ACTION SNIPPET 10000 9591 SNIPPET_NOT_RELEVANT b'1564418'
ACTION SNIPPET 10000 9594 SNIPPET_NOT_RELEVANT b'382468'
ACTION SNIPPET 10000 9597 SEEN_PREVIOUSLY b'77858'
ACTION SNIPPET 10000 9600 SNIPPET_RELEVANT b'1533959'
ACTION DOC 10000 9620 EXAMINING_DOCUMENT b'1533959'
ACTION SNIPPET 10000 9623 SEEN_PREVIOUSLY b'845002'
ACTION SNIPPET 10000 9626 SNIPPET_RELEVANT b'1219114'
ACTION DOC 10000 9646 EXAMINING_DOCUMENT b'1219114'
ACTION SNIPPET 10000 9649 SEEN_PREVIOUSLY b'1515500'
ACTION SNIPPET 10000 9652 SEEN_PREVIOUSLY b'1642208'
ACTION SNIPPET 10000 9655 SNIPPET_NOT_RELEVANT b'618007'
ACTION SNIPPET 10000 9658 SEEN_PREVIOUSLY b'1707549'
ACTION QUERY 10000 9668 college education advantage sticker
ACTION SERP 10000 9673 EXAMINE_SERP
ACTION SNIPPET 10000 9676 SNIPPET_NOT_RELEVANT b'855668'
ACTION SNIPPET 10000 9679 SEEN_PREVIOUSLY b'1577987'
ACTION SNIPPET 10000 9682 SNIPPET_RELEVANT b'1112506'
ACTION DOC 10000 9702 EXAMINING_DOCUMENT b'1112506'
ACTION SNIPPET 10000 9705 SNIPPET_NOT_RELEVANT b'1509138'
ACTION SNIPPET 10000 9708 SEEN_PREVIOUSLY b'294235'
ACTION SNIPPET 10000 9711 SNIPPET_NOT_RELEVANT b'825097'
ACTION SNIPPET 10000 9714 SNIPPET_RELEVANT b'950283'
ACTION DOC 10000 9734 EXAMINING_DOCUMENT b'950283'
ACTION SNIPPET 10000 9737 SNIPPET_RELEVANT b'1754376'
ACTION DOC 10000 9757 EXAMINING_DOCUMENT b'1754376'
ACTION SNIPPET 10000 9760 SNIPPET_NOT_RELEVANT b'205153'
ACTION SNIPPET 10000 9763 SNIPPET_RELEVANT b'978533'
ACTION DOC 10000 9783 EXAMINING_DOCUMENT b'978533'
ACTION QUERY 10000 9793 college education advantage plant
ACTION SERP 10000 9798 EXAMINE_SERP
ACTION SNIPPET 10000 9801 SNIPPET_RELEVANT b'361949'
ACTION DOC 10000 9821 EXAMINING_DOCUMENT b'361949'
ACTION SNIPPET 10000 9824 SNIPPET_NOT_RELEVANT b'265305'
ACTION SNIPPET 10000 9827 SEEN_PREVIOUSLY b'396194'
ACTION SNIPPET 10000 9830 SEEN_PREVIOUSLY b'77858'
ACTION SNIPPET 10000 9833 SNIPPET_RELEVANT b'153472'
ACTION DOC 10000 9853 EXAMINING_DOCUMENT b'153472'
ACTION SNIPPET 10000 9856 SNIPPET_NOT_RELEVANT b'499639'
ACTION SNIPPET 10000 9859 SNIPPET_NOT_RELEVANT b'1323737'
ACTION SNIPPET 10000 9862 SNIPPET_NOT_RELEVANT b'598679'
ACTION SNIPPET 10000 9865 SEEN_PREVIOUSLY b'845002'
ACTION SNIPPET 10000 9868 SNIPPET_RELEVANT b'1736578'
ACTION DOC 10000 9888 EXAMINING_DOCUMENT b'1736578'
ACTION QUERY 10000 9898 college education advantage masculine
ACTION SERP 10000 9903 EXAMINE_SERP
ACTION SNIPPET 10000 9906 SEEN_PREVIOUSLY b'1710808'
ACTION SNIPPET 10000 9909 SNIPPET_NOT_RELEVANT b'690429'
ACTION SNIPPET 10000 9912 SNIPPET_RELEVANT b'1050544'
ACTION DOC 10000 9932 EXAMINING_DOCUMENT b'1050544'
ACTION SNIPPET 10000 9935 SNIPPET_RELEVANT b'938934'
ACTION DOC 10000 9955 EXAMINING_DOCUMENT b'938934'
ACTION SNIPPET 10000 9958 SNIPPET_RELEVANT b'465683'
ACTION DOC 10000 9978 EXAMINING_DOCUMENT b'465683'
ACTION SNIPPET 10000 9981 SNIPPET_RELEVANT b'1753573'
ACTION DOC 10000 10001 EXAMINING_DOCUMENT b'1753573'
INFO SUMMARY 
INFO TOTAL_QUERIES_ISSUED 95
INFO TOTAL_SNIPPETS_EXAMINED 946
INFO TOTAL_DOCUMENTS_EXAMINED 286
INFO TOTAL_DOCUMENTS_MARKED_RELEVANT 6
INFO TOTAL_ATTRACTIVE_SERP_IMPRESSIONS 95
INFO TOTAL_UNATTRACTIVE_SERP_IMPRESSIONS 0
