ACTION QUERY 10000 10 ireland peace talks
ACTION SERP 10000 15 EXAMINE_SERP
ACTION SNIPPET 10000 18 SNIPPET_NOT_RELEVANT b'622835'
ACTION SNIPPET 10000 21 SNIPPET_NOT_RELEVANT b'787370'
ACTION SNIPPET 10000 24 SNIPPET_RELEVANT b'808748'
ACTION DOC 10000 44 EXAMINING_DOCUMENT b'808748'
ACTION SNIPPET 10000 47 SNIPPET_RELEVANT b'959816'
ACTION DOC 10000 67 EXAMINING_DOCUMENT b'959816'
ACTION SNIPPET 10000 70 SNIPPET_RELEVANT b'882470'
ACTION DOC 10000 90 EXAMINING_DOCUMENT b'882470'
ACTION MARK 10000 93 CONSIDERED_RELEVANT b'882470'
ACTION SNIPPET 10000 96 SNIPPET_RELEVANT b'745786'
ACTION DOC 10000 116 EXAMINING_DOCUMENT b'745786'
ACTION SNIPPET 10000 119 SNIPPET_NOT_RELEVANT b'788244'
ACTION SNIPPET 10000 122 SNIPPET_RELEVANT b'445759'
ACTION DOC 10000 142 EXAMINING_DOCUMENT b'445759'
ACTION SNIPPET 10000 145 SNIPPET_RELEVANT b'812461'
ACTION DOC 10000 165 EXAMINING_DOCUMENT b'812461'
ACTION SNIPPET 10000 168 SNIPPET_RELEVANT b'865299'
ACTION DOC 10000 188 EXAMINING_DOCUMENT b'865299'
ACTION MARK 10000 191 CONSIDERED_RELEVANT b'865299'
ACTION QUERY 10000 201 ireland peace talks middle
ACTION SERP 10000 206 EXAMINE_SERP
ACTION SNIPPET 10000 209 SEEN_PREVIOUSLY b'959816'
ACTION SNIPPET 10000 212 SNIPPET_RELEVANT b'1397349'
ACTION DOC 10000 232 EXAMINING_DOCUMENT b'1397349'
ACTION SNIPPET 10000 235 SNIPPET_RELEVANT b'881742'
ACTION DOC 10000 255 EXAMINING_DOCUMENT b'881742'
ACTION SNIPPET 10000 258 SNIPPET_NOT_RELEVANT b'638152'
ACTION SNIPPET 10000 261 SNIPPET_NOT_RELEVANT b'1008860'
ACTION SNIPPET 10000 264 SNIPPET_NOT_RELEVANT b'860820'
ACTION SNIPPET 10000 267 SNIPPET_RELEVANT b'718009'
ACTION DOC 10000 287 EXAMINING_DOCUMENT b'718009'
ACTION SNIPPET 10000 290 SNIPPET_NOT_RELEVANT b'1003028'
ACTION SNIPPET 10000 293 SNIPPET_NOT_RELEVANT b'709542'
ACTION SNIPPET 10000 296 SNIPPET_NOT_RELEVANT b'654024'
ACTION QUERY 10000 306 ireland peace talks riots
ACTION SERP 10000 311 EXAMINE_SERP
ACTION SNIPPET 10000 314 SNIPPET_NOT_RELEVANT b'954311'
ACTION SNIPPET 10000 317 SNIPPET_NOT_RELEVANT b'1405900'
ACTION SNIPPET 10000 320 SNIPPET_NOT_RELEVANT b'773403'
ACTION SNIPPET 10000 323 SNIPPET_RELEVANT b'937897'
ACTION DOC 10000 343 EXAMINING_DOCUMENT b'937897'
ACTION MARK 10000 346 CONSIDERED_RELEVANT b'937897'
ACTION SNIPPET 10000 349 SNIPPET_NOT_RELEVANT b'774139'
ACTION SNIPPET 10000 352 SNIPPET_RELEVANT b'1309114'
ACTION DOC 10000 372 EXAMINING_DOCUMENT b'1309114'
ACTION SNIPPET 10000 375 SNIPPET_RELEVANT b'1403970'
ACTION DOC 10000 395 EXAMINING_DOCUMENT b'1403970'
ACTION SNIPPET 10000 398 SNIPPET_RELEVANT b'928743'
ACTION DOC 10000 418 EXAMINING_DOCUMENT b'928743'
ACTION SNIPPET 10000 421 SNIPPET_RELEVANT b'865444'
ACTION DOC 10000 441 EXAMINING_DOCUMENT b'865444'
ACTION MARK 10000 444 CONSIDERED_RELEVANT b'865444'
ACTION SNIPPET 10000 447 SNIPPET_RELEVANT b'1310881'
ACTION DOC 10000 467 EXAMINING_DOCUMENT b'1310881'
ACTION QUERY 10000 477 ireland peace talks arent
ACTION SERP 10000 482 EXAMINE_SERP
ACTION SNIPPET 10000 485 SNIPPET_NOT_RELEVANT b'607177'
ACTION SNIPPET 10000 488 SNIPPET_RELEVANT b'449771'
ACTION DOC 10000 508 EXAMINING_DOCUMENT b'449771'
ACTION SNIPPET 10000 511 SNIPPET_NOT_RELEVANT b'418082'
ACTION SNIPPET 10000 514 SNIPPET_NOT_RELEVANT b'622835'
ACTION SNIPPET 10000 517 SNIPPET_NOT_RELEVANT b'787370'
ACTION SNIPPET 10000 520 SEEN_PREVIOUSLY b'808748'
ACTION SNIPPET 10000 523 SEEN_PREVIOUSLY b'959816'
ACTION SNIPPET 10000 526 SEEN_PREVIOUSLY b'745786'
ACTION SNIPPET 10000 529 SNIPPET_RELEVANT b'788244'
ACTION DOC 10000 549 EXAMINING_DOCUMENT b'788244'
ACTION SNIPPET 10000 552 SEEN_PREVIOUSLY b'445759'
ACTION QUERY 10000 562 ireland peace talks state
ACTION SERP 10000 567 EXAMINE_SERP
ACTION SNIPPET 10000 570 SEEN_PREVIOUSLY b'445759'
ACTION SNIPPET 10000 573 SEEN_PREVIOUSLY b'959816'
ACTION SNIPPET 10000 576 SEEN_PREVIOUSLY b'788244'
ACTION SNIPPET 10000 579 SNIPPET_RELEVANT b'889213'
ACTION DOC 10000 599 EXAMINING_DOCUMENT b'889213'
ACTION SNIPPET 10000 602 SNIPPET_NOT_RELEVANT b'901647'
ACTION SNIPPET 10000 605 SNIPPET_NOT_RELEVANT b'773403'
ACTION SNIPPET 10000 608 SNIPPET_NOT_RELEVANT b'622835'
ACTION SNIPPET 10000 611 SEEN_PREVIOUSLY b'928743'
ACTION SNIPPET 10000 614 SNIPPET_RELEVANT b'787370'
ACTION DOC 10000 634 EXAMINING_DOCUMENT b'787370'
ACTION SNIPPET 10000 637 SNIPPET_NOT_RELEVANT b'946047'
ACTION QUERY 10000 647 ireland peace talks roman
ACTION SERP 10000 652 EXAMINE_SERP
ACTION SNIPPET 10000 655 SNIPPET_RELEVANT b'599171'
ACTION DOC 10000 675 EXAMINING_DOCUMENT b'599171'
ACTION MARK 10000 678 CONSIDERED_RELEVANT b'599171'
ACTION SNIPPET 10000 681 SNIPPET_NOT_RELEVANT b'779456'
ACTION SNIPPET 10000 684 SEEN_PREVIOUSLY b'889213'
ACTION SNIPPET 10000 687 SNIPPET_RELEVANT b'745318'
ACTION DOC 10000 707 EXAMINING_DOCUMENT b'745318'
ACTION SNIPPET 10000 710 SEEN_PREVIOUSLY b'445759'
ACTION SNIPPET 10000 713 SNIPPET_RELEVANT b'777318'
ACTION DOC 10000 733 EXAMINING_DOCUMENT b'777318'
ACTION SNIPPET 10000 736 SNIPPET_NOT_RELEVANT b'629074'
ACTION SNIPPET 10000 739 SNIPPET_RELEVANT b'868466'
ACTION DOC 10000 759 EXAMINING_DOCUMENT b'868466'
ACTION MARK 10000 762 CONSIDERED_RELEVANT b'868466'
ACTION SNIPPET 10000 765 SNIPPET_NOT_RELEVANT b'165046'
ACTION SNIPPET 10000 768 SNIPPET_RELEVANT b'988016'
ACTION DOC 10000 788 EXAMINING_DOCUMENT b'988016'
ACTION QUERY 10000 798 ireland peace talks encourage
ACTION SERP 10000 803 EXAMINE_SERP
ACTION SNIPPET 10000 806 SEEN_PREVIOUSLY b'988016'
ACTION SNIPPET 10000 809 SEEN_PREVIOUSLY b'959816'
ACTION SNIPPET 10000 812 SNIPPET_NOT_RELEVANT b'656887'
ACTION SNIPPET 10000 815 SNIPPET_NOT_RELEVANT b'1055072'
ACTION SNIPPET 10000 818 SNIPPET_NOT_RELEVANT b'773403'
ACTION SNIPPET 10000 821 SNIPPET_RELEVANT b'812358'
ACTION DOC 10000 841 EXAMINING_DOCUMENT b'812358'
ACTION SNIPPET 10000 844 SNIPPET_RELEVANT b'937737'
ACTION DOC 10000 864 EXAMINING_DOCUMENT b'937737'
ACTION MARK 10000 867 CONSIDERED_RELEVANT b'937737'
ACTION SNIPPET 10000 870 SNIPPET_NOT_RELEVANT b'639501'
ACTION SNIPPET 10000 873 SNIPPET_NOT_RELEVANT b'773571'
ACTION SNIPPET 10000 876 SNIPPET_NOT_RELEVANT b'1008862'
ACTION QUERY 10000 886 ireland peace talks reynolds
ACTION SERP 10000 891 EXAMINE_SERP
ACTION SNIPPET 10000 894 SNIPPET_NOT_RELEVANT b'653747'
ACTION SNIPPET 10000 897 SNIPPET_RELEVANT b'731647'
ACTION DOC 10000 917 EXAMINING_DOCUMENT b'731647'
ACTION SNIPPET 10000 920 SNIPPET_RELEVANT b'732231'
ACTION DOC 10000 940 EXAMINING_DOCUMENT b'732231'
ACTION SNIPPET 10000 943 SNIPPET_NOT_RELEVANT b'721463'
ACTION SNIPPET 10000 946 SNIPPET_RELEVANT b'722849'
ACTION DOC 10000 966 EXAMINING_DOCUMENT b'722849'
ACTION SNIPPET 10000 969 SNIPPET_NOT_RELEVANT b'645753'
ACTION SNIPPET 10000 972 SNIPPET_RELEVANT b'654617'
ACTION DOC 10000 992 EXAMINING_DOCUMENT b'654617'
ACTION SNIPPET 10000 995 SNIPPET_NOT_RELEVANT b'678471'
ACTION SNIPPET 10000 998 SNIPPET_NOT_RELEVANT b'639501'
ACTION SNIPPET 10000 1001 SNIPPET_NOT_RELEVANT b'665761'
ACTION QUERY 10000 1011 ireland peace talks bring
ACTION SERP 10000 1016 EXAMINE_SERP
ACTION SNIPPET 10000 1019 SNIPPET_NOT_RELEVANT b'853735'
ACTION SNIPPET 10000 1022 SNIPPET_NOT_RELEVANT b'901647'
ACTION SNIPPET 10000 1025 SNIPPET_NOT_RELEVANT b'745066'
ACTION SNIPPET 10000 1028 SNIPPET_RELEVANT b'948453'
ACTION DOC 10000 1048 EXAMINING_DOCUMENT b'948453'
ACTION SNIPPET 10000 1051 SEEN_PREVIOUSLY b'788244'
ACTION SNIPPET 10000 1054 SEEN_PREVIOUSLY b'812461'
ACTION SNIPPET 10000 1057 SEEN_PREVIOUSLY b'928743'
ACTION SNIPPET 10000 1060 SNIPPET_NOT_RELEVANT b'655108'
ACTION SNIPPET 10000 1063 SNIPPET_RELEVANT b'722671'
ACTION DOC 10000 1083 EXAMINING_DOCUMENT b'722671'
ACTION SNIPPET 10000 1086 SNIPPET_RELEVANT b'965305'
ACTION DOC 10000 1106 EXAMINING_DOCUMENT b'965305'
ACTION QUERY 10000 1116 ireland peace talks helped
ACTION SERP 10000 1121 EXAMINE_SERP
ACTION SNIPPET 10000 1124 SEEN_PREVIOUSLY b'959816'
ACTION SNIPPET 10000 1127 SNIPPET_RELEVANT b'831509'
ACTION DOC 10000 1147 EXAMINING_DOCUMENT b'831509'
ACTION MARK 10000 1150 CONSIDERED_RELEVANT b'831509'
ACTION SNIPPET 10000 1153 SNIPPET_RELEVANT b'1123728'
ACTION DOC 10000 1173 EXAMINING_DOCUMENT b'1123728'
ACTION SNIPPET 10000 1176 SNIPPET_RELEVANT b'1009907'
ACTION DOC 10000 1196 EXAMINING_DOCUMENT b'1009907'
ACTION SNIPPET 10000 1199 SEEN_PREVIOUSLY b'988016'
ACTION SNIPPET 10000 1202 SEEN_PREVIOUSLY b'928743'
ACTION SNIPPET 10000 1205 SNIPPET_NOT_RELEVANT b'855823'
ACTION SNIPPET 10000 1208 SNIPPET_RELEVANT b'901647'
ACTION DOC 10000 1228 EXAMINING_DOCUMENT b'901647'
ACTION SNIPPET 10000 1231 SNIPPET_NOT_RELEVANT b'853735'
ACTION SNIPPET 10000 1234 SNIPPET_RELEVANT b'1055072'
ACTION DOC 10000 1254 EXAMINING_DOCUMENT b'1055072'
ACTION QUERY 10000 1264 ireland peace talks run
ACTION SERP 10000 1269 EXAMINE_SERP
ACTION SNIPPET 10000 1272 SEEN_PREVIOUSLY b'948453'
ACTION SNIPPET 10000 1275 SNIPPET_NOT_RELEVANT b'688383'
ACTION SNIPPET 10000 1278 SNIPPET_NOT_RELEVANT b'978157'
ACTION SNIPPET 10000 1281 SNIPPET_RELEVANT b'936058'
ACTION DOC 10000 1301 EXAMINING_DOCUMENT b'936058'
ACTION MARK 10000 1304 CONSIDERED_RELEVANT b'936058'
ACTION SNIPPET 10000 1307 SNIPPET_NOT_RELEVANT b'853704'
ACTION SNIPPET 10000 1310 SNIPPET_RELEVANT b'1003028'
ACTION DOC 10000 1330 EXAMINING_DOCUMENT b'1003028'
ACTION SNIPPET 10000 1333 SNIPPET_RELEVANT b'450456'
ACTION DOC 10000 1353 EXAMINING_DOCUMENT b'450456'
ACTION SNIPPET 10000 1356 SNIPPET_NOT_RELEVANT b'966447'
ACTION SNIPPET 10000 1359 SNIPPET_RELEVANT b'622835'
ACTION DOC 10000 1379 EXAMINING_DOCUMENT b'622835'
ACTION SNIPPET 10000 1382 SEEN_PREVIOUSLY b'787370'
ACTION QUERY 10000 1392 ireland peace talks alex
ACTION SERP 10000 1397 EXAMINE_SERP
ACTION SNIPPET 10000 1400 SNIPPET_RELEVANT b'1412886'
ACTION DOC 10000 1420 EXAMINING_DOCUMENT b'1412886'
ACTION SNIPPET 10000 1423 SEEN_PREVIOUSLY b'622835'
ACTION SNIPPET 10000 1426 SEEN_PREVIOUSLY b'787370'
ACTION SNIPPET 10000 1429 SNIPPET_NOT_RELEVANT b'1542796'
ACTION SNIPPET 10000 1432 SEEN_PREVIOUSLY b'808748'
ACTION SNIPPET 10000 1435 SEEN_PREVIOUSLY b'959816'
ACTION SNIPPET 10000 1438 SEEN_PREVIOUSLY b'745786'
ACTION SNIPPET 10000 1441 SEEN_PREVIOUSLY b'788244'
ACTION SNIPPET 10000 1444 SEEN_PREVIOUSLY b'445759'
ACTION SNIPPET 10000 1447 SEEN_PREVIOUSLY b'812461'
ACTION QUERY 10000 1457 ireland peace talks londons
ACTION SERP 10000 1462 EXAMINE_SERP
ACTION SNIPPET 10000 1465 SEEN_PREVIOUSLY b'808748'
ACTION SNIPPET 10000 1468 SEEN_PREVIOUSLY b'1123728'
ACTION SNIPPET 10000 1471 SNIPPET_NOT_RELEVANT b'655108'
ACTION SNIPPET 10000 1474 SNIPPET_RELEVANT b'833242'
ACTION DOC 10000 1494 EXAMINING_DOCUMENT b'833242'
ACTION MARK 10000 1497 CONSIDERED_RELEVANT b'833242'
ACTION SNIPPET 10000 1500 SNIPPET_NOT_RELEVANT b'799936'
ACTION SNIPPET 10000 1503 SNIPPET_RELEVANT b'799535'
ACTION DOC 10000 1523 EXAMINING_DOCUMENT b'799535'
ACTION SNIPPET 10000 1526 SEEN_PREVIOUSLY b'889213'
ACTION SNIPPET 10000 1529 SNIPPET_NOT_RELEVANT b'638752'
ACTION SNIPPET 10000 1532 SNIPPET_RELEVANT b'855823'
ACTION DOC 10000 1552 EXAMINING_DOCUMENT b'855823'
ACTION SNIPPET 10000 1555 SNIPPET_RELEVANT b'653747'
ACTION DOC 10000 1575 EXAMINING_DOCUMENT b'653747'
ACTION QUERY 10000 1585 ireland peace talks peaceably
ACTION SERP 10000 1590 EXAMINE_SERP
ACTION SNIPPET 10000 1593 SEEN_PREVIOUSLY b'788244'
ACTION SNIPPET 10000 1596 SNIPPET_RELEVANT b'1346426'
ACTION DOC 10000 1616 EXAMINING_DOCUMENT b'1346426'
ACTION SNIPPET 10000 1619 SNIPPET_RELEVANT b'1039638'
ACTION DOC 10000 1639 EXAMINING_DOCUMENT b'1039638'
ACTION SNIPPET 10000 1642 SNIPPET_NOT_RELEVANT b'710261'
ACTION SNIPPET 10000 1645 SEEN_PREVIOUSLY b'622835'
ACTION SNIPPET 10000 1648 SEEN_PREVIOUSLY b'787370'
ACTION SNIPPET 10000 1651 SEEN_PREVIOUSLY b'808748'
ACTION SNIPPET 10000 1654 SEEN_PREVIOUSLY b'959816'
ACTION SNIPPET 10000 1657 SNIPPET_NOT_RELEVANT b'1123092'
ACTION SNIPPET 10000 1660 SEEN_PREVIOUSLY b'745786'
ACTION QUERY 10000 1670 ireland peace talks announced
ACTION SERP 10000 1675 EXAMINE_SERP
ACTION SNIPPET 10000 1678 SEEN_PREVIOUSLY b'722671'
ACTION SNIPPET 10000 1681 SNIPPET_NOT_RELEVANT b'638152'
ACTION SNIPPET 10000 1684 SNIPPET_NOT_RELEVANT b'957604'
ACTION SNIPPET 10000 1687 SEEN_PREVIOUSLY b'928743'
ACTION SNIPPET 10000 1690 SEEN_PREVIOUSLY b'855823'
ACTION SNIPPET 10000 1693 SNIPPET_RELEVANT b'996409'
ACTION DOC 10000 1713 EXAMINING_DOCUMENT b'996409'
ACTION SNIPPET 10000 1716 SNIPPET_NOT_RELEVANT b'812130'
ACTION SNIPPET 10000 1719 SNIPPET_RELEVANT b'1017810'
ACTION DOC 10000 1739 EXAMINING_DOCUMENT b'1017810'
ACTION SNIPPET 10000 1742 SNIPPET_RELEVANT b'944655'
ACTION DOC 10000 1762 EXAMINING_DOCUMENT b'944655'
ACTION SNIPPET 10000 1765 SNIPPET_NOT_RELEVANT b'786773'
ACTION QUERY 10000 1775 ireland peace talks name
ACTION SERP 10000 1780 EXAMINE_SERP
ACTION SNIPPET 10000 1783 SEEN_PREVIOUSLY b'1055072'
ACTION SNIPPET 10000 1786 SNIPPET_NOT_RELEVANT b'989497'
ACTION SNIPPET 10000 1789 SNIPPET_NOT_RELEVANT b'728742'
ACTION SNIPPET 10000 1792 SEEN_PREVIOUSLY b'812358'
ACTION SNIPPET 10000 1795 SNIPPET_NOT_RELEVANT b'853704'
ACTION SNIPPET 10000 1798 SEEN_PREVIOUSLY b'745318'
ACTION SNIPPET 10000 1801 SNIPPET_NOT_RELEVANT b'787911'
ACTION SNIPPET 10000 1804 SEEN_PREVIOUSLY b'622835'
ACTION SNIPPET 10000 1807 SNIPPET_NOT_RELEVANT b'838306'
ACTION SNIPPET 10000 1810 SEEN_PREVIOUSLY b'787370'
ACTION QUERY 10000 1820 ireland peace talks declared
ACTION SERP 10000 1825 EXAMINE_SERP
ACTION SNIPPET 10000 1828 SNIPPET_RELEVANT b'701826'
ACTION DOC 10000 1848 EXAMINING_DOCUMENT b'701826'
ACTION SNIPPET 10000 1851 SEEN_PREVIOUSLY b'718009'
ACTION SNIPPET 10000 1854 SNIPPET_NOT_RELEVANT b'671335'
ACTION SNIPPET 10000 1857 SNIPPET_RELEVANT b'656402'
ACTION DOC 10000 1877 EXAMINING_DOCUMENT b'656402'
ACTION SNIPPET 10000 1880 SNIPPET_NOT_RELEVANT b'674491'
ACTION SNIPPET 10000 1883 SNIPPET_RELEVANT b'1096978'
ACTION DOC 10000 1903 EXAMINING_DOCUMENT b'1096978'
ACTION SNIPPET 10000 1906 SNIPPET_NOT_RELEVANT b'657523'
ACTION SNIPPET 10000 1909 SNIPPET_NOT_RELEVANT b'655108'
ACTION SNIPPET 10000 1912 SNIPPET_RELEVANT b'709517'
ACTION DOC 10000 1932 EXAMINING_DOCUMENT b'709517'
ACTION SNIPPET 10000 1935 SNIPPET_NOT_RELEVANT b'709542'
ACTION QUERY 10000 1945 ireland peace talks bloodshed
ACTION SERP 10000 1950 EXAMINE_SERP
ACTION SNIPPET 10000 1953 SEEN_PREVIOUSLY b'1397349'
ACTION SNIPPET 10000 1956 SNIPPET_RELEVANT b'600877'
ACTION DOC 10000 1976 EXAMINING_DOCUMENT b'600877'
ACTION SNIPPET 10000 1979 SNIPPET_RELEVANT b'860125'
ACTION DOC 10000 1999 EXAMINING_DOCUMENT b'860125'
ACTION SNIPPET 10000 2002 SNIPPET_NOT_RELEVANT b'1125952'
ACTION SNIPPET 10000 2005 SEEN_PREVIOUSLY b'450456'
ACTION SNIPPET 10000 2008 SNIPPET_NOT_RELEVANT b'674491'
ACTION SNIPPET 10000 2011 SNIPPET_RELEVANT b'990896'
ACTION DOC 10000 2031 EXAMINING_DOCUMENT b'990896'
ACTION SNIPPET 10000 2034 SNIPPET_NOT_RELEVANT b'1002191'
ACTION SNIPPET 10000 2037 SNIPPET_RELEVANT b'656585'
ACTION DOC 10000 2057 EXAMINING_DOCUMENT b'656585'
ACTION SNIPPET 10000 2060 SNIPPET_NOT_RELEVANT b'1008411'
ACTION QUERY 10000 2070 ireland peace talks partner
ACTION SERP 10000 2075 EXAMINE_SERP
ACTION SNIPPET 10000 2078 SEEN_PREVIOUSLY b'1397349'
ACTION SNIPPET 10000 2081 SNIPPET_RELEVANT b'732418'
ACTION DOC 10000 2101 EXAMINING_DOCUMENT b'732418'
ACTION SNIPPET 10000 2104 SNIPPET_NOT_RELEVANT b'948244'
ACTION SNIPPET 10000 2107 SNIPPET_RELEVANT b'996038'
ACTION DOC 10000 2127 EXAMINING_DOCUMENT b'996038'
ACTION MARK 10000 2130 CONSIDERED_RELEVANT b'996038'
ACTION SNIPPET 10000 2133 SNIPPET_RELEVANT b'657828'
ACTION DOC 10000 2153 EXAMINING_DOCUMENT b'657828'
ACTION SNIPPET 10000 2156 SNIPPET_NOT_RELEVANT b'730184'
ACTION SNIPPET 10000 2159 SNIPPET_RELEVANT b'735977'
ACTION DOC 10000 2179 EXAMINING_DOCUMENT b'735977'
ACTION SNIPPET 10000 2182 SNIPPET_RELEVANT b'929387'
ACTION DOC 10000 2202 EXAMINING_DOCUMENT b'929387'
ACTION SNIPPET 10000 2205 SNIPPET_RELEVANT b'594946'
ACTION DOC 10000 2225 EXAMINING_DOCUMENT b'594946'
ACTION SNIPPET 10000 2228 SEEN_PREVIOUSLY b'622835'
ACTION QUERY 10000 2238 ireland peace talks policies
ACTION SERP 10000 2243 EXAMINE_SERP
ACTION SNIPPET 10000 2246 SEEN_PREVIOUSLY b'622835'
ACTION SNIPPET 10000 2249 SEEN_PREVIOUSLY b'745786'
ACTION SNIPPET 10000 2252 SNIPPET_NOT_RELEVANT b'773403'
ACTION SNIPPET 10000 2255 SNIPPET_RELEVANT b'799936'
ACTION DOC 10000 2275 EXAMINING_DOCUMENT b'799936'
ACTION SNIPPET 10000 2278 SEEN_PREVIOUSLY b'799535'
ACTION SNIPPET 10000 2281 SEEN_PREVIOUSLY b'808748'
ACTION SNIPPET 10000 2284 SNIPPET_RELEVANT b'946047'
ACTION DOC 10000 2304 EXAMINING_DOCUMENT b'946047'
ACTION SNIPPET 10000 2307 SNIPPET_NOT_RELEVANT b'629074'
ACTION SNIPPET 10000 2310 SEEN_PREVIOUSLY b'731647'
ACTION SNIPPET 10000 2313 SEEN_PREVIOUSLY b'812461'
ACTION QUERY 10000 2323 ireland peace talks enact
ACTION SERP 10000 2328 EXAMINE_SERP
ACTION SNIPPET 10000 2331 SNIPPET_RELEVANT b'1067016'
ACTION DOC 10000 2351 EXAMINING_DOCUMENT b'1067016'
ACTION SNIPPET 10000 2354 SEEN_PREVIOUSLY b'654617'
ACTION SNIPPET 10000 2357 SNIPPET_NOT_RELEVANT b'1045405'
ACTION SNIPPET 10000 2360 SNIPPET_NOT_RELEVANT b'1069868'
ACTION SNIPPET 10000 2363 SNIPPET_NOT_RELEVANT b'1048674'
ACTION SNIPPET 10000 2366 SNIPPET_NOT_RELEVANT b'744838'
ACTION SNIPPET 10000 2369 SNIPPET_NOT_RELEVANT b'1050046'
ACTION SNIPPET 10000 2372 SEEN_PREVIOUSLY b'622835'
ACTION SNIPPET 10000 2375 SEEN_PREVIOUSLY b'787370'
ACTION SNIPPET 10000 2378 SNIPPET_NOT_RELEVANT b'1049006'
ACTION QUERY 10000 2388 ireland peace talks wrote
ACTION SERP 10000 2393 EXAMINE_SERP
ACTION SNIPPET 10000 2396 SNIPPET_RELEVANT b'1002800'
ACTION DOC 10000 2416 EXAMINING_DOCUMENT b'1002800'
ACTION SNIPPET 10000 2419 SNIPPET_RELEVANT b'1008862'
ACTION DOC 10000 2439 EXAMINING_DOCUMENT b'1008862'
ACTION SNIPPET 10000 2442 SEEN_PREVIOUSLY b'946047'
ACTION SNIPPET 10000 2445 SEEN_PREVIOUSLY b'654617'
ACTION SNIPPET 10000 2448 SNIPPET_NOT_RELEVANT b'955039'
ACTION SNIPPET 10000 2451 SNIPPET_NOT_RELEVANT b'1671010'
ACTION SNIPPET 10000 2454 SNIPPET_RELEVANT b'654024'
ACTION DOC 10000 2474 EXAMINING_DOCUMENT b'654024'
ACTION SNIPPET 10000 2477 SEEN_PREVIOUSLY b'622835'
ACTION SNIPPET 10000 2480 SEEN_PREVIOUSLY b'787370'
ACTION SNIPPET 10000 2483 SEEN_PREVIOUSLY b'808748'
ACTION QUERY 10000 2493 ireland peace talks fail
ACTION SERP 10000 2498 EXAMINE_SERP
ACTION SNIPPET 10000 2501 SEEN_PREVIOUSLY b'622835'
ACTION SNIPPET 10000 2504 SEEN_PREVIOUSLY b'653747'
ACTION SNIPPET 10000 2507 SEEN_PREVIOUSLY b'1123728'
ACTION SNIPPET 10000 2510 SNIPPET_RELEVANT b'860820'
ACTION DOC 10000 2530 EXAMINING_DOCUMENT b'860820'
ACTION SNIPPET 10000 2533 SEEN_PREVIOUSLY b'812461'
ACTION SNIPPET 10000 2536 SNIPPET_RELEVANT b'806493'
ACTION DOC 10000 2556 EXAMINING_DOCUMENT b'806493'
ACTION SNIPPET 10000 2559 SEEN_PREVIOUSLY b'929387'
ACTION SNIPPET 10000 2562 SEEN_PREVIOUSLY b'948453'
ACTION SNIPPET 10000 2565 SEEN_PREVIOUSLY b'860125'
ACTION SNIPPET 10000 2568 SNIPPET_RELEVANT b'1088656'
ACTION DOC 10000 2588 EXAMINING_DOCUMENT b'1088656'
ACTION QUERY 10000 2598 ireland peace talks iraq
ACTION SERP 10000 2603 EXAMINE_SERP
ACTION SNIPPET 10000 2606 SNIPPET_NOT_RELEVANT b'1478889'
ACTION SNIPPET 10000 2609 SNIPPET_RELEVANT b'1694521'
ACTION DOC 10000 2629 EXAMINING_DOCUMENT b'1694521'
ACTION SNIPPET 10000 2632 SNIPPET_RELEVANT b'441453'
ACTION DOC 10000 2652 EXAMINING_DOCUMENT b'441453'
ACTION SNIPPET 10000 2655 SNIPPET_RELEVANT b'1479202'
ACTION DOC 10000 2675 EXAMINING_DOCUMENT b'1479202'
ACTION SNIPPET 10000 2678 SNIPPET_NOT_RELEVANT b'1480089'
ACTION SNIPPET 10000 2681 SNIPPET_NOT_RELEVANT b'1478239'
ACTION SNIPPET 10000 2684 SNIPPET_RELEVANT b'1469886'
ACTION DOC 10000 2704 EXAMINING_DOCUMENT b'1469886'
ACTION SNIPPET 10000 2707 SEEN_PREVIOUSLY b'622835'
ACTION SNIPPET 10000 2710 SEEN_PREVIOUSLY b'787370'
ACTION SNIPPET 10000 2713 SNIPPET_NOT_RELEVANT b'1479319'
ACTION QUERY 10000 2723 ireland peace talks year
ACTION SERP 10000 2728 EXAMINE_SERP
ACTION SNIPPET 10000 2731 SEEN_PREVIOUSLY b'787370'
ACTION SNIPPET 10000 2734 SEEN_PREVIOUSLY b'745786'
ACTION SNIPPET 10000 2737 SEEN_PREVIOUSLY b'622835'
ACTION SNIPPET 10000 2740 SEEN_PREVIOUSLY b'808748'
ACTION SNIPPET 10000 2743 SEEN_PREVIOUSLY b'988016'
ACTION SNIPPET 10000 2746 SEEN_PREVIOUSLY b'445759'
ACTION SNIPPET 10000 2749 SEEN_PREVIOUSLY b'959816'
ACTION SNIPPET 10000 2752 SEEN_PREVIOUSLY b'812461'
ACTION SNIPPET 10000 2755 SEEN_PREVIOUSLY b'788244'
ACTION SNIPPET 10000 2758 SNIPPET_RELEVANT b'773403'
ACTION DOC 10000 2778 EXAMINING_DOCUMENT b'773403'
ACTION QUERY 10000 2788 ireland peace talks present
ACTION SERP 10000 2793 EXAMINE_SERP
ACTION SNIPPET 10000 2796 SNIPPET_NOT_RELEVANT b'745066'
ACTION SNIPPET 10000 2799 SNIPPET_RELEVANT b'957604'
ACTION DOC 10000 2819 EXAMINING_DOCUMENT b'957604'
ACTION SNIPPET 10000 2822 SEEN_PREVIOUSLY b'965305'
ACTION SNIPPET 10000 2825 SNIPPET_RELEVANT b'892027'
ACTION DOC 10000 2845 EXAMINING_DOCUMENT b'892027'
ACTION MARK 10000 2848 CONSIDERED_RELEVANT b'892027'
ACTION SNIPPET 10000 2851 SNIPPET_NOT_RELEVANT b'833426'
ACTION SNIPPET 10000 2854 SNIPPET_RELEVANT b'829538'
ACTION DOC 10000 2874 EXAMINING_DOCUMENT b'829538'
ACTION MARK 10000 2877 CONSIDERED_RELEVANT b'829538'
ACTION SNIPPET 10000 2880 SNIPPET_RELEVANT b'1008730'
ACTION DOC 10000 2900 EXAMINING_DOCUMENT b'1008730'
ACTION SNIPPET 10000 2903 SNIPPET_RELEVANT b'793076'
ACTION DOC 10000 2923 EXAMINING_DOCUMENT b'793076'
ACTION SNIPPET 10000 2926 SNIPPET_NOT_RELEVANT b'793348'
ACTION SNIPPET 10000 2929 SNIPPET_NOT_RELEVANT b'834220'
ACTION QUERY 10000 2939 ireland peace talks gatwick
ACTION SERP 10000 2944 EXAMINE_SERP
ACTION SNIPPET 10000 2947 SNIPPET_RELEVANT b'674491'
ACTION DOC 10000 2967 EXAMINING_DOCUMENT b'674491'
ACTION MARK 10000 2970 CONSIDERED_RELEVANT b'674491'
ACTION SNIPPET 10000 2973 SEEN_PREVIOUSLY b'622835'
ACTION SNIPPET 10000 2976 SEEN_PREVIOUSLY b'787370'
ACTION SNIPPET 10000 2979 SEEN_PREVIOUSLY b'808748'
ACTION SNIPPET 10000 2982 SEEN_PREVIOUSLY b'959816'
ACTION SNIPPET 10000 2985 SEEN_PREVIOUSLY b'745786'
ACTION SNIPPET 10000 2988 SEEN_PREVIOUSLY b'788244'
ACTION SNIPPET 10000 2991 SEEN_PREVIOUSLY b'445759'
ACTION SNIPPET 10000 2994 SEEN_PREVIOUSLY b'812461'
ACTION SNIPPET 10000 2997 SEEN_PREVIOUSLY b'957604'
ACTION QUERY 10000 3007 ireland peace talks leave
ACTION SERP 10000 3012 EXAMINE_SERP
ACTION SNIPPET 10000 3015 SEEN_PREVIOUSLY b'996409'
ACTION SNIPPET 10000 3018 SNIPPET_NOT_RELEVANT b'656887'
ACTION SNIPPET 10000 3021 SNIPPET_RELEVANT b'645753'
ACTION DOC 10000 3041 EXAMINING_DOCUMENT b'645753'
ACTION MARK 10000 3044 CONSIDERED_RELEVANT b'645753'
ACTION SNIPPET 10000 3047 SEEN_PREVIOUSLY b'812358'
ACTION SNIPPET 10000 3050 SNIPPET_NOT_RELEVANT b'930416'
ACTION SNIPPET 10000 3053 SNIPPET_NOT_RELEVANT b'709536'
ACTION SNIPPET 10000 3056 SEEN_PREVIOUSLY b'654024'
ACTION SNIPPET 10000 3059 SEEN_PREVIOUSLY b'860820'
ACTION SNIPPET 10000 3062 SEEN_PREVIOUSLY b'860125'
ACTION SNIPPET 10000 3065 SNIPPET_NOT_RELEVANT b'939812'
ACTION QUERY 10000 3075 ireland peace talks insistence
ACTION SERP 10000 3080 EXAMINE_SERP
ACTION SNIPPET 10000 3083 SEEN_PREVIOUSLY b'787370'
ACTION SNIPPET 10000 3086 SNIPPET_RELEVANT b'831688'
ACTION DOC 10000 3106 EXAMINING_DOCUMENT b'831688'
ACTION SNIPPET 10000 3109 SNIPPET_NOT_RELEVANT b'786808'
ACTION SNIPPET 10000 3112 SEEN_PREVIOUSLY b'799936'
ACTION SNIPPET 10000 3115 SEEN_PREVIOUSLY b'799535'
ACTION SNIPPET 10000 3118 SNIPPET_RELEVANT b'659236'
ACTION DOC 10000 3138 EXAMINING_DOCUMENT b'659236'
ACTION MARK 10000 3141 CONSIDERED_RELEVANT b'659236'
ACTION SNIPPET 10000 3144 SNIPPET_NOT_RELEVANT b'779456'
ACTION SNIPPET 10000 3147 SNIPPET_RELEVANT b'611029'
ACTION DOC 10000 3167 EXAMINING_DOCUMENT b'611029'
ACTION SNIPPET 10000 3170 SNIPPET_NOT_RELEVANT b'948244'
ACTION SNIPPET 10000 3173 SNIPPET_RELEVANT b'709542'
ACTION DOC 10000 3193 EXAMINING_DOCUMENT b'709542'
ACTION QUERY 10000 3203 ireland peace talks replaced
ACTION SERP 10000 3208 EXAMINE_SERP
ACTION SNIPPET 10000 3211 SEEN_PREVIOUSLY b'745318'
ACTION SNIPPET 10000 3214 SNIPPET_NOT_RELEVANT b'945814'
ACTION SNIPPET 10000 3217 SEEN_PREVIOUSLY b'732231'
ACTION SNIPPET 10000 3220 SNIPPET_RELEVANT b'722012'
ACTION DOC 10000 3240 EXAMINING_DOCUMENT b'722012'
ACTION SNIPPET 10000 3243 SNIPPET_NOT_RELEVANT b'744843'
ACTION SNIPPET 10000 3246 SNIPPET_NOT_RELEVANT b'539873'
ACTION SNIPPET 10000 3249 SNIPPET_NOT_RELEVANT b'1305495'
ACTION SNIPPET 10000 3252 SNIPPET_NOT_RELEVANT b'744215'
ACTION SNIPPET 10000 3255 SNIPPET_NOT_RELEVANT b'1325939'
ACTION SNIPPET 10000 3258 SNIPPET_NOT_RELEVANT b'994155'
ACTION QUERY 10000 3268 ireland peace talks shoot
ACTION SERP 10000 3273 EXAMINE_SERP
ACTION SNIPPET 10000 3276 SNIPPET_NOT_RELEVANT b'1005983'
ACTION SNIPPET 10000 3279 SEEN_PREVIOUSLY b'450456'
ACTION SNIPPET 10000 3282 SNIPPET_RELEVANT b'908770'
ACTION DOC 10000 3302 EXAMINING_DOCUMENT b'908770'
ACTION MARK 10000 3305 CONSIDERED_RELEVANT b'908770'
ACTION SNIPPET 10000 3308 SNIPPET_RELEVANT b'921937'
ACTION DOC 10000 3328 EXAMINING_DOCUMENT b'921937'
ACTION SNIPPET 10000 3331 SNIPPET_NOT_RELEVANT b'688383'
ACTION SNIPPET 10000 3334 SNIPPET_NOT_RELEVANT b'817689'
ACTION SNIPPET 10000 3337 SNIPPET_NOT_RELEVANT b'934154'
ACTION SNIPPET 10000 3340 SEEN_PREVIOUSLY b'1008862'
ACTION SNIPPET 10000 3343 SNIPPET_RELEVANT b'963518'
ACTION DOC 10000 3363 EXAMINING_DOCUMENT b'963518'
ACTION SNIPPET 10000 3366 SNIPPET_RELEVANT b'988875'
ACTION DOC 10000 3386 EXAMINING_DOCUMENT b'988875'
ACTION MARK 10000 3389 CONSIDERED_RELEVANT b'988875'
ACTION QUERY 10000 3399 ireland peace talks killings
ACTION SERP 10000 3404 EXAMINE_SERP
ACTION SNIPPET 10000 3407 SEEN_PREVIOUSLY b'450456'
ACTION SNIPPET 10000 3410 SNIPPET_RELEVANT b'821182'
ACTION DOC 10000 3430 EXAMINING_DOCUMENT b'821182'
ACTION MARK 10000 3433 CONSIDERED_RELEVANT b'821182'
ACTION SNIPPET 10000 3436 SNIPPET_RELEVANT b'821316'
ACTION DOC 10000 3456 EXAMINING_DOCUMENT b'821316'
ACTION MARK 10000 3459 CONSIDERED_RELEVANT b'821316'
ACTION SNIPPET 10000 3462 SNIPPET_RELEVANT b'994559'
ACTION DOC 10000 3482 EXAMINING_DOCUMENT b'994559'
ACTION SNIPPET 10000 3485 SEEN_PREVIOUSLY b'745318'
ACTION SNIPPET 10000 3488 SNIPPET_NOT_RELEVANT b'989497'
ACTION SNIPPET 10000 3491 SNIPPET_NOT_RELEVANT b'817689'
ACTION SNIPPET 10000 3494 SEEN_PREVIOUSLY b'988016'
ACTION SNIPPET 10000 3497 SEEN_PREVIOUSLY b'901647'
ACTION SNIPPET 10000 3500 SNIPPET_NOT_RELEVANT b'671335'
ACTION QUERY 10000 3510 ireland peace talks policewoman
ACTION SERP 10000 3515 EXAMINE_SERP
ACTION SNIPPET 10000 3518 SEEN_PREVIOUSLY b'921937'
ACTION SNIPPET 10000 3521 SNIPPET_NOT_RELEVANT b'931604'
ACTION SNIPPET 10000 3524 SNIPPET_NOT_RELEVANT b'679692'
ACTION SNIPPET 10000 3527 SNIPPET_NOT_RELEVANT b'922812'
ACTION SNIPPET 10000 3530 SNIPPET_NOT_RELEVANT b'1386559'
ACTION SNIPPET 10000 3533 SNIPPET_RELEVANT b'942163'
ACTION DOC 10000 3553 EXAMINING_DOCUMENT b'942163'
ACTION MARK 10000 3556 CONSIDERED_RELEVANT b'942163'
ACTION SNIPPET 10000 3559 SEEN_PREVIOUSLY b'622835'
ACTION SNIPPET 10000 3562 SEEN_PREVIOUSLY b'787370'
ACTION SNIPPET 10000 3565 SEEN_PREVIOUSLY b'808748'
ACTION SNIPPET 10000 3568 SEEN_PREVIOUSLY b'959816'
ACTION QUERY 10000 3578 ireland peace talks resolving
ACTION SERP 10000 3583 EXAMINE_SERP
ACTION SNIPPET 10000 3586 SEEN_PREVIOUSLY b'793076'
ACTION SNIPPET 10000 3589 SNIPPET_NOT_RELEVANT b'793348'
ACTION SNIPPET 10000 3592 SEEN_PREVIOUSLY b'718009'
ACTION SNIPPET 10000 3595 SNIPPET_NOT_RELEVANT b'743009'
ACTION SNIPPET 10000 3598 SEEN_PREVIOUSLY b'988016'
ACTION SNIPPET 10000 3601 SEEN_PREVIOUSLY b'812461'
ACTION SNIPPET 10000 3604 SNIPPET_NOT_RELEVANT b'978157'
ACTION SNIPPET 10000 3607 SNIPPET_NOT_RELEVANT b'1612045'
ACTION SNIPPET 10000 3610 SEEN_PREVIOUSLY b'881742'
ACTION SNIPPET 10000 3613 SNIPPET_RELEVANT b'833426'
ACTION DOC 10000 3633 EXAMINING_DOCUMENT b'833426'
ACTION MARK 10000 3636 CONSIDERED_RELEVANT b'833426'
ACTION QUERY 10000 3646 ireland peace talks dick
ACTION SERP 10000 3651 EXAMINE_SERP
ACTION SNIPPET 10000 3654 SNIPPET_RELEVANT b'644645'
ACTION DOC 10000 3674 EXAMINING_DOCUMENT b'644645'
ACTION MARK 10000 3677 CONSIDERED_RELEVANT b'644645'
ACTION SNIPPET 10000 3680 SEEN_PREVIOUSLY b'855823'
ACTION SNIPPET 10000 3683 SEEN_PREVIOUSLY b'799936'
ACTION SNIPPET 10000 3686 SEEN_PREVIOUSLY b'799535'
ACTION SNIPPET 10000 3689 SNIPPET_NOT_RELEVANT b'788663'
ACTION SNIPPET 10000 3692 SEEN_PREVIOUSLY b'732418'
ACTION SNIPPET 10000 3695 SEEN_PREVIOUSLY b'701826'
ACTION SNIPPET 10000 3698 SNIPPET_RELEVANT b'743009'
ACTION DOC 10000 3718 EXAMINING_DOCUMENT b'743009'
ACTION SNIPPET 10000 3721 SNIPPET_NOT_RELEVANT b'777553'
ACTION SNIPPET 10000 3724 SNIPPET_RELEVANT b'893084'
ACTION DOC 10000 3744 EXAMINING_DOCUMENT b'893084'
ACTION QUERY 10000 3754 ireland peace talks promotion
ACTION SERP 10000 3759 EXAMINE_SERP
ACTION SNIPPET 10000 3762 SEEN_PREVIOUSLY b'787370'
ACTION SNIPPET 10000 3765 SNIPPET_NOT_RELEVANT b'779456'
ACTION SNIPPET 10000 3768 SEEN_PREVIOUSLY b'1008862'
ACTION SNIPPET 10000 3771 SNIPPET_RELEVANT b'728742'
ACTION DOC 10000 3791 EXAMINING_DOCUMENT b'728742'
ACTION SNIPPET 10000 3794 SNIPPET_NOT_RELEVANT b'1159005'
ACTION SNIPPET 10000 3797 SNIPPET_NOT_RELEVANT b'955039'
ACTION SNIPPET 10000 3800 SNIPPET_RELEVANT b'812130'
ACTION DOC 10000 3820 EXAMINING_DOCUMENT b'812130'
ACTION SNIPPET 10000 3823 SNIPPET_RELEVANT b'777502'
ACTION DOC 10000 3843 EXAMINING_DOCUMENT b'777502'
ACTION SNIPPET 10000 3846 SNIPPET_NOT_RELEVANT b'1325939'
ACTION SNIPPET 10000 3849 SNIPPET_NOT_RELEVANT b'830077'
ACTION QUERY 10000 3859 ireland peace talks attempt
ACTION SERP 10000 3864 EXAMINE_SERP
ACTION SNIPPET 10000 3867 SNIPPET_NOT_RELEVANT b'1005983'
ACTION SNIPPET 10000 3870 SEEN_PREVIOUSLY b'808748'
ACTION SNIPPET 10000 3873 SEEN_PREVIOUSLY b'996409'
ACTION SNIPPET 10000 3876 SNIPPET_NOT_RELEVANT b'1128826'
ACTION SNIPPET 10000 3879 SNIPPET_NOT_RELEVANT b'957575'
ACTION SNIPPET 10000 3882 SNIPPET_NOT_RELEVANT b'764747'
ACTION SNIPPET 10000 3885 SNIPPET_NOT_RELEVANT b'638752'
ACTION SNIPPET 10000 3888 SNIPPET_NOT_RELEVANT b'721463'
ACTION SNIPPET 10000 3891 SNIPPET_NOT_RELEVANT b'709077'
ACTION SNIPPET 10000 3894 SEEN_PREVIOUSLY b'1088656'
ACTION QUERY 10000 3904 ireland peace talks says
ACTION SERP 10000 3909 EXAMINE_SERP
ACTION SNIPPET 10000 3912 SEEN_PREVIOUSLY b'622835'
ACTION SNIPPET 10000 3915 SEEN_PREVIOUSLY b'787370'
ACTION SNIPPET 10000 3918 SEEN_PREVIOUSLY b'808748'
ACTION SNIPPET 10000 3921 SEEN_PREVIOUSLY b'445759'
ACTION SNIPPET 10000 3924 SEEN_PREVIOUSLY b'928743'
ACTION SNIPPET 10000 3927 SEEN_PREVIOUSLY b'959816'
ACTION SNIPPET 10000 3930 SNIPPET_NOT_RELEVANT b'853704'
ACTION SNIPPET 10000 3933 SEEN_PREVIOUSLY b'745318'
ACTION SNIPPET 10000 3936 SEEN_PREVIOUSLY b'788244'
ACTION SNIPPET 10000 3939 SNIPPET_RELEVANT b'745066'
ACTION DOC 10000 3959 EXAMINING_DOCUMENT b'745066'
ACTION QUERY 10000 3969 ireland peace talks outlawed
ACTION SERP 10000 3974 EXAMINE_SERP
ACTION SNIPPET 10000 3977 SNIPPET_NOT_RELEVANT b'639501'
ACTION SNIPPET 10000 3980 SNIPPET_NOT_RELEVANT b'721463'
ACTION SNIPPET 10000 3983 SNIPPET_RELEVANT b'994877'
ACTION DOC 10000 4003 EXAMINING_DOCUMENT b'994877'
ACTION SNIPPET 10000 4006 SNIPPET_RELEVANT b'638752'
ACTION DOC 10000 4026 EXAMINING_DOCUMENT b'638752'
ACTION SNIPPET 10000 4029 SNIPPET_RELEVANT b'467701'
ACTION DOC 10000 4049 EXAMINING_DOCUMENT b'467701'
ACTION MARK 10000 4052 CONSIDERED_RELEVANT b'467701'
ACTION SNIPPET 10000 4055 SNIPPET_NOT_RELEVANT b'1159005'
ACTION SNIPPET 10000 4058 SEEN_PREVIOUSLY b'701826'
ACTION SNIPPET 10000 4061 SEEN_PREVIOUSLY b'994559'
ACTION SNIPPET 10000 4064 SNIPPET_RELEVANT b'641098'
ACTION DOC 10000 4084 EXAMINING_DOCUMENT b'641098'
ACTION SNIPPET 10000 4087 SNIPPET_NOT_RELEVANT b'882024'
ACTION QUERY 10000 4097 ireland peace talks expel
ACTION SERP 10000 4102 EXAMINE_SERP
ACTION SNIPPET 10000 4105 SEEN_PREVIOUSLY b'994877'
ACTION SNIPPET 10000 4108 SEEN_PREVIOUSLY b'996409'
ACTION SNIPPET 10000 4111 SEEN_PREVIOUSLY b'994559'
ACTION SNIPPET 10000 4114 SNIPPET_RELEVANT b'996217'
ACTION DOC 10000 4134 EXAMINING_DOCUMENT b'996217'
ACTION SNIPPET 10000 4137 SEEN_PREVIOUSLY b'990896'
ACTION SNIPPET 10000 4140 SNIPPET_NOT_RELEVANT b'995206'
ACTION SNIPPET 10000 4143 SNIPPET_RELEVANT b'960265'
ACTION DOC 10000 4163 EXAMINING_DOCUMENT b'960265'
ACTION SNIPPET 10000 4166 SNIPPET_RELEVANT b'996886'
ACTION DOC 10000 4186 EXAMINING_DOCUMENT b'996886'
ACTION MARK 10000 4189 CONSIDERED_RELEVANT b'996886'
ACTION SNIPPET 10000 4192 SNIPPET_NOT_RELEVANT b'995848'
ACTION SNIPPET 10000 4195 SNIPPET_NOT_RELEVANT b'958281'
ACTION QUERY 10000 4205 ireland peace talks raged
ACTION SERP 10000 4210 EXAMINE_SERP
ACTION SNIPPET 10000 4213 SNIPPET_NOT_RELEVANT b'773242'
ACTION SNIPPET 10000 4216 SNIPPET_NOT_RELEVANT b'812457'
ACTION SNIPPET 10000 4219 SEEN_PREVIOUSLY b'622835'
ACTION SNIPPET 10000 4222 SEEN_PREVIOUSLY b'787370'
ACTION SNIPPET 10000 4225 SNIPPET_RELEVANT b'1215429'
ACTION DOC 10000 4245 EXAMINING_DOCUMENT b'1215429'
ACTION SNIPPET 10000 4248 SNIPPET_RELEVANT b'1014958'
ACTION DOC 10000 4268 EXAMINING_DOCUMENT b'1014958'
ACTION SNIPPET 10000 4271 SEEN_PREVIOUSLY b'808748'
ACTION SNIPPET 10000 4274 SEEN_PREVIOUSLY b'959816'
ACTION SNIPPET 10000 4277 SNIPPET_RELEVANT b'1513892'
ACTION DOC 10000 4297 EXAMINING_DOCUMENT b'1513892'
ACTION SNIPPET 10000 4300 SEEN_PREVIOUSLY b'745786'
ACTION QUERY 10000 4310 ireland peace talks lives
ACTION SERP 10000 4315 EXAMINE_SERP
ACTION SNIPPET 10000 4318 SEEN_PREVIOUSLY b'965305'
ACTION SNIPPET 10000 4321 SNIPPET_NOT_RELEVANT b'764747'
ACTION SNIPPET 10000 4324 SEEN_PREVIOUSLY b'1096978'
ACTION SNIPPET 10000 4327 SNIPPET_NOT_RELEVANT b'853704'
ACTION SNIPPET 10000 4330 SNIPPET_RELEVANT b'1054620'
ACTION DOC 10000 4350 EXAMINING_DOCUMENT b'1054620'
ACTION SNIPPET 10000 4353 SNIPPET_RELEVANT b'791326'
ACTION DOC 10000 4373 EXAMINING_DOCUMENT b'791326'
ACTION SNIPPET 10000 4376 SEEN_PREVIOUSLY b'611029'
ACTION SNIPPET 10000 4379 SEEN_PREVIOUSLY b'709517'
ACTION SNIPPET 10000 4382 SNIPPET_NOT_RELEVANT b'629074'
ACTION SNIPPET 10000 4385 SEEN_PREVIOUSLY b'622835'
ACTION QUERY 10000 4395 ireland peace talks renegade
ACTION SERP 10000 4400 EXAMINE_SERP
ACTION SNIPPET 10000 4403 SEEN_PREVIOUSLY b'990896'
ACTION SNIPPET 10000 4406 SNIPPET_RELEVANT b'1343692'
ACTION DOC 10000 4426 EXAMINING_DOCUMENT b'1343692'
ACTION SNIPPET 10000 4429 SNIPPET_RELEVANT b'1338739'
ACTION DOC 10000 4449 EXAMINING_DOCUMENT b'1338739'
ACTION SNIPPET 10000 4452 SNIPPET_RELEVANT b'1390861'
ACTION DOC 10000 4472 EXAMINING_DOCUMENT b'1390861'
ACTION SNIPPET 10000 4475 SNIPPET_RELEVANT b'985878'
ACTION DOC 10000 4495 EXAMINING_DOCUMENT b'985878'
ACTION MARK 10000 4498 CONSIDERED_RELEVANT b'985878'
ACTION SNIPPET 10000 4501 SNIPPET_RELEVANT b'987540'
ACTION DOC 10000 4521 EXAMINING_DOCUMENT b'987540'
ACTION MARK 10000 4524 CONSIDERED_RELEVANT b'987540'
ACTION SNIPPET 10000 4527 SNIPPET_RELEVANT b'1043814'
ACTION DOC 10000 4547 EXAMINING_DOCUMENT b'1043814'
ACTION SNIPPET 10000 4550 SNIPPET_RELEVANT b'983919'
ACTION DOC 10000 4570 EXAMINING_DOCUMENT b'983919'
ACTION MARK 10000 4573 CONSIDERED_RELEVANT b'983919'
ACTION SNIPPET 10000 4576 SNIPPET_NOT_RELEVANT b'988984'
ACTION SNIPPET 10000 4579 SNIPPET_RELEVANT b'991082'
ACTION DOC 10000 4599 EXAMINING_DOCUMENT b'991082'
ACTION QUERY 10000 4609 ireland peace talks debate
ACTION SERP 10000 4614 EXAMINE_SERP
ACTION SNIPPET 10000 4617 SNIPPET_RELEVANT b'638152'
ACTION DOC 10000 4637 EXAMINING_DOCUMENT b'638152'
ACTION SNIPPET 10000 4640 SEEN_PREVIOUSLY b'450456'
ACTION SNIPPET 10000 4643 SNIPPET_NOT_RELEVANT b'743725'
ACTION SNIPPET 10000 4646 SEEN_PREVIOUSLY b'745066'
ACTION SNIPPET 10000 4649 SEEN_PREVIOUSLY b'1397349'
ACTION SNIPPET 10000 4652 SNIPPET_RELEVANT b'1011763'
ACTION DOC 10000 4672 EXAMINING_DOCUMENT b'1011763'
ACTION SNIPPET 10000 4675 SEEN_PREVIOUSLY b'1009907'
ACTION SNIPPET 10000 4678 SEEN_PREVIOUSLY b'641098'
ACTION SNIPPET 10000 4681 SNIPPET_RELEVANT b'948244'
ACTION DOC 10000 4701 EXAMINING_DOCUMENT b'948244'
ACTION SNIPPET 10000 4704 SEEN_PREVIOUSLY b'745318'
ACTION QUERY 10000 4714 ireland peace talks belfasts
ACTION SERP 10000 4719 EXAMINE_SERP
ACTION SNIPPET 10000 4722 SNIPPET_NOT_RELEVANT b'879334'
ACTION SNIPPET 10000 4725 SEEN_PREVIOUSLY b'889213'
ACTION SNIPPET 10000 4728 SNIPPET_NOT_RELEVANT b'954311'
ACTION SNIPPET 10000 4731 SNIPPET_NOT_RELEVANT b'1008860'
ACTION SNIPPET 10000 4734 SEEN_PREVIOUSLY b'994877'
ACTION SNIPPET 10000 4737 SNIPPET_NOT_RELEVANT b'989497'
ACTION SNIPPET 10000 4740 SEEN_PREVIOUSLY b'806493'
ACTION SNIPPET 10000 4743 SNIPPET_RELEVANT b'929441'
ACTION DOC 10000 4763 EXAMINING_DOCUMENT b'929441'
ACTION SNIPPET 10000 4766 SEEN_PREVIOUSLY b'657828'
ACTION SNIPPET 10000 4769 SEEN_PREVIOUSLY b'893084'
ACTION QUERY 10000 4779 ireland peace talks bombed
ACTION SERP 10000 4784 EXAMINE_SERP
ACTION SNIPPET 10000 4787 SEEN_PREVIOUSLY b'732418'
ACTION SNIPPET 10000 4790 SNIPPET_RELEVANT b'828989'
ACTION DOC 10000 4810 EXAMINING_DOCUMENT b'828989'
ACTION MARK 10000 4813 CONSIDERED_RELEVANT b'828989'
ACTION SNIPPET 10000 4816 SNIPPET_RELEVANT b'997328'
ACTION DOC 10000 4836 EXAMINING_DOCUMENT b'997328'
ACTION MARK 10000 4839 CONSIDERED_RELEVANT b'997328'
ACTION SNIPPET 10000 4842 SEEN_PREVIOUSLY b'831688'
ACTION SNIPPET 10000 4845 SNIPPET_RELEVANT b'882024'
ACTION DOC 10000 4865 EXAMINING_DOCUMENT b'882024'
ACTION SNIPPET 10000 4868 SNIPPET_RELEVANT b'865048'
ACTION DOC 10000 4888 EXAMINING_DOCUMENT b'865048'
ACTION MARK 10000 4891 CONSIDERED_RELEVANT b'865048'
ACTION SNIPPET 10000 4894 SEEN_PREVIOUSLY b'611029'
ACTION SNIPPET 10000 4897 SEEN_PREVIOUSLY b'638152'
ACTION SNIPPET 10000 4900 SNIPPET_RELEVANT b'644250'
ACTION DOC 10000 4920 EXAMINING_DOCUMENT b'644250'
ACTION MARK 10000 4923 CONSIDERED_RELEVANT b'644250'
ACTION SNIPPET 10000 4926 SEEN_PREVIOUSLY b'881742'
ACTION QUERY 10000 4936 ireland peace talks meeting
ACTION SERP 10000 4941 EXAMINE_SERP
ACTION SNIPPET 10000 4944 SNIPPET_RELEVANT b'764747'
ACTION DOC 10000 4964 EXAMINING_DOCUMENT b'764747'
ACTION SNIPPET 10000 4967 SEEN_PREVIOUSLY b'445759'
ACTION SNIPPET 10000 4970 SEEN_PREVIOUSLY b'732418'
ACTION SNIPPET 10000 4973 SEEN_PREVIOUSLY b'788244'
ACTION SNIPPET 10000 4976 SNIPPET_NOT_RELEVANT b'787911'
ACTION SNIPPET 10000 4979 SEEN_PREVIOUSLY b'731647'
ACTION SNIPPET 10000 4982 SEEN_PREVIOUSLY b'793076'
ACTION SNIPPET 10000 4985 SNIPPET_RELEVANT b'793348'
ACTION DOC 10000 5005 EXAMINING_DOCUMENT b'793348'
ACTION SNIPPET 10000 5008 SEEN_PREVIOUSLY b'889213'
ACTION SNIPPET 10000 5011 SNIPPET_NOT_RELEVANT b'730207'
ACTION QUERY 10000 5021 ireland peace talks school
ACTION SERP 10000 5026 EXAMINE_SERP
ACTION SNIPPET 10000 5029 SNIPPET_RELEVANT b'1362289'
ACTION DOC 10000 5049 EXAMINING_DOCUMENT b'1362289'
ACTION SNIPPET 10000 5052 SEEN_PREVIOUSLY b'622835'
ACTION SNIPPET 10000 5055 SEEN_PREVIOUSLY b'787370'
ACTION SNIPPET 10000 5058 SEEN_PREVIOUSLY b'808748'
ACTION SNIPPET 10000 5061 SEEN_PREVIOUSLY b'959816'
ACTION SNIPPET 10000 5064 SNIPPET_NOT_RELEVANT b'945296'
ACTION SNIPPET 10000 5067 SEEN_PREVIOUSLY b'745786'
ACTION SNIPPET 10000 5070 SEEN_PREVIOUSLY b'788244'
ACTION SNIPPET 10000 5073 SEEN_PREVIOUSLY b'445759'
ACTION SNIPPET 10000 5076 SEEN_PREVIOUSLY b'812461'
ACTION QUERY 10000 5086 ireland peace talks faction
ACTION SERP 10000 5091 EXAMINE_SERP
ACTION SNIPPET 10000 5094 SNIPPET_NOT_RELEVANT b'533366'
ACTION SNIPPET 10000 5097 SEEN_PREVIOUSLY b'860820'
ACTION SNIPPET 10000 5100 SNIPPET_NOT_RELEVANT b'939812'
ACTION SNIPPET 10000 5103 SNIPPET_NOT_RELEVANT b'441133'
ACTION SNIPPET 10000 5106 SNIPPET_NOT_RELEVANT b'657523'
ACTION SNIPPET 10000 5109 SEEN_PREVIOUSLY b'929441'
ACTION SNIPPET 10000 5112 SNIPPET_RELEVANT b'1401123'
ACTION DOC 10000 5132 EXAMINING_DOCUMENT b'1401123'
ACTION MARK 10000 5135 CONSIDERED_RELEVANT b'1401123'
ACTION SNIPPET 10000 5138 SNIPPET_NOT_RELEVANT b'833605'
ACTION SNIPPET 10000 5141 SEEN_PREVIOUSLY b'831688'
ACTION SNIPPET 10000 5144 SEEN_PREVIOUSLY b'860125'
ACTION QUERY 10000 5154 ireland peace talks dismantled
ACTION SERP 10000 5159 EXAMINE_SERP
ACTION SNIPPET 10000 5162 SNIPPET_RELEVANT b'1464517'
ACTION DOC 10000 5182 EXAMINING_DOCUMENT b'1464517'
ACTION SNIPPET 10000 5185 SNIPPET_NOT_RELEVANT b'1044437'
ACTION SNIPPET 10000 5188 SNIPPET_NOT_RELEVANT b'777553'
ACTION SNIPPET 10000 5191 SNIPPET_RELEVANT b'1337868'
ACTION DOC 10000 5211 EXAMINING_DOCUMENT b'1337868'
ACTION SNIPPET 10000 5214 SNIPPET_RELEVANT b'445566'
ACTION DOC 10000 5234 EXAMINING_DOCUMENT b'445566'
ACTION SNIPPET 10000 5237 SNIPPET_RELEVANT b'1175097'
ACTION DOC 10000 5257 EXAMINING_DOCUMENT b'1175097'
ACTION SNIPPET 10000 5260 SNIPPET_NOT_RELEVANT b'1336674'
ACTION SNIPPET 10000 5263 SNIPPET_RELEVANT b'1478889'
ACTION DOC 10000 5283 EXAMINING_DOCUMENT b'1478889'
ACTION SNIPPET 10000 5286 SNIPPET_NOT_RELEVANT b'1154548'
ACTION SNIPPET 10000 5289 SNIPPET_RELEVANT b'893140'
ACTION DOC 10000 5309 EXAMINING_DOCUMENT b'893140'
ACTION QUERY 10000 5319 ireland peace talks states
ACTION SERP 10000 5324 EXAMINE_SERP
ACTION SNIPPET 10000 5327 SEEN_PREVIOUSLY b'445759'
ACTION SNIPPET 10000 5330 SEEN_PREVIOUSLY b'959816'
ACTION SNIPPET 10000 5333 SEEN_PREVIOUSLY b'788244'
ACTION SNIPPET 10000 5336 SEEN_PREVIOUSLY b'889213'
ACTION SNIPPET 10000 5339 SEEN_PREVIOUSLY b'901647'
ACTION SNIPPET 10000 5342 SEEN_PREVIOUSLY b'773403'
ACTION SNIPPET 10000 5345 SEEN_PREVIOUSLY b'622835'
ACTION SNIPPET 10000 5348 SEEN_PREVIOUSLY b'928743'
ACTION SNIPPET 10000 5351 SEEN_PREVIOUSLY b'787370'
ACTION SNIPPET 10000 5354 SEEN_PREVIOUSLY b'946047'
ACTION QUERY 10000 5364 ireland peace talks propose
ACTION SERP 10000 5369 EXAMINE_SERP
ACTION SNIPPET 10000 5372 SEEN_PREVIOUSLY b'745318'
ACTION SNIPPET 10000 5375 SNIPPET_NOT_RELEVANT b'744843'
ACTION SNIPPET 10000 5378 SEEN_PREVIOUSLY b'889213'
ACTION SNIPPET 10000 5381 SEEN_PREVIOUSLY b'988016'
ACTION SNIPPET 10000 5384 SNIPPET_NOT_RELEVANT b'989497'
ACTION SNIPPET 10000 5387 SEEN_PREVIOUSLY b'745786'
ACTION SNIPPET 10000 5390 SEEN_PREVIOUSLY b'793076'
ACTION SNIPPET 10000 5393 SEEN_PREVIOUSLY b'793348'
ACTION SNIPPET 10000 5396 SEEN_PREVIOUSLY b'946047'
ACTION SNIPPET 10000 5399 SNIPPET_NOT_RELEVANT b'659838'
ACTION QUERY 10000 5409 ireland peace talks residents
ACTION SERP 10000 5414 EXAMINE_SERP
ACTION SNIPPET 10000 5417 SEEN_PREVIOUSLY b'901647'
ACTION SNIPPET 10000 5420 SNIPPET_NOT_RELEVANT b'688383'
ACTION SNIPPET 10000 5423 SEEN_PREVIOUSLY b'773403'
ACTION SNIPPET 10000 5426 SNIPPET_NOT_RELEVANT b'773242'
ACTION SNIPPET 10000 5429 SNIPPET_NOT_RELEVANT b'1008860'
ACTION SNIPPET 10000 5432 SNIPPET_NOT_RELEVANT b'956757'
ACTION SNIPPET 10000 5435 SEEN_PREVIOUSLY b'1003028'
ACTION SNIPPET 10000 5438 SEEN_PREVIOUSLY b'963518'
ACTION SNIPPET 10000 5441 SEEN_PREVIOUSLY b'641098'
ACTION SNIPPET 10000 5444 SNIPPET_NOT_RELEVANT b'1432054'
ACTION QUERY 10000 5454 ireland peace talks hearing
ACTION SERP 10000 5459 EXAMINE_SERP
ACTION SNIPPET 10000 5462 SEEN_PREVIOUSLY b'996409'
ACTION SNIPPET 10000 5465 SEEN_PREVIOUSLY b'1003028'
ACTION SNIPPET 10000 5468 SNIPPET_NOT_RELEVANT b'666299'
ACTION SNIPPET 10000 5471 SNIPPET_RELEVANT b'1040550'
ACTION DOC 10000 5491 EXAMINING_DOCUMENT b'1040550'
ACTION SNIPPET 10000 5494 SNIPPET_RELEVANT b'949797'
ACTION DOC 10000 5514 EXAMINING_DOCUMENT b'949797'
ACTION SNIPPET 10000 5517 SNIPPET_NOT_RELEVANT b'709536'
ACTION SNIPPET 10000 5520 SNIPPET_NOT_RELEVANT b'667319'
ACTION SNIPPET 10000 5523 SEEN_PREVIOUSLY b'1054620'
ACTION SNIPPET 10000 5526 SEEN_PREVIOUSLY b'709517'
ACTION SNIPPET 10000 5529 SNIPPET_NOT_RELEVANT b'996662'
ACTION QUERY 10000 5539 ireland peace talks johnny
ACTION SERP 10000 5544 EXAMINE_SERP
ACTION SNIPPET 10000 5547 SEEN_PREVIOUSLY b'622835'
ACTION SNIPPET 10000 5550 SEEN_PREVIOUSLY b'787370'
ACTION SNIPPET 10000 5553 SNIPPET_NOT_RELEVANT b'1392774'
ACTION SNIPPET 10000 5556 SNIPPET_RELEVANT b'1224694'
ACTION DOC 10000 5576 EXAMINING_DOCUMENT b'1224694'
ACTION SNIPPET 10000 5579 SEEN_PREVIOUSLY b'808748'
ACTION SNIPPET 10000 5582 SEEN_PREVIOUSLY b'959816'
ACTION SNIPPET 10000 5585 SEEN_PREVIOUSLY b'745786'
ACTION SNIPPET 10000 5588 SEEN_PREVIOUSLY b'788244'
ACTION SNIPPET 10000 5591 SEEN_PREVIOUSLY b'445759'
ACTION SNIPPET 10000 5594 SEEN_PREVIOUSLY b'812461'
ACTION QUERY 10000 5604 ireland peace talks break
ACTION SERP 10000 5609 EXAMINE_SERP
ACTION SNIPPET 10000 5612 SEEN_PREVIOUSLY b'812358'
ACTION SNIPPET 10000 5615 SEEN_PREVIOUSLY b'806493'
ACTION SNIPPET 10000 5618 SNIPPET_RELEVANT b'1154235'
ACTION DOC 10000 5638 EXAMINING_DOCUMENT b'1154235'
ACTION SNIPPET 10000 5641 SEEN_PREVIOUSLY b'959816'
ACTION SNIPPET 10000 5644 SEEN_PREVIOUSLY b'731647'
ACTION SNIPPET 10000 5647 SEEN_PREVIOUSLY b'788244'
ACTION SNIPPET 10000 5650 SEEN_PREVIOUSLY b'901647'
ACTION SNIPPET 10000 5653 SEEN_PREVIOUSLY b'996409'
ACTION SNIPPET 10000 5656 SEEN_PREVIOUSLY b'957604'
ACTION SNIPPET 10000 5659 SNIPPET_RELEVANT b'656887'
ACTION DOC 10000 5679 EXAMINING_DOCUMENT b'656887'
ACTION QUERY 10000 5689 ireland peace talks day
ACTION SERP 10000 5694 EXAMINE_SERP
ACTION SNIPPET 10000 5697 SEEN_PREVIOUSLY b'787370'
ACTION SNIPPET 10000 5700 SEEN_PREVIOUSLY b'745786'
ACTION SNIPPET 10000 5703 SEEN_PREVIOUSLY b'1002800'
ACTION SNIPPET 10000 5706 SEEN_PREVIOUSLY b'731647'
ACTION SNIPPET 10000 5709 SEEN_PREVIOUSLY b'996409'
ACTION SNIPPET 10000 5712 SEEN_PREVIOUSLY b'946047'
ACTION SNIPPET 10000 5715 SEEN_PREVIOUSLY b'855823'
ACTION SNIPPET 10000 5718 SEEN_PREVIOUSLY b'622835'
ACTION SNIPPET 10000 5721 SEEN_PREVIOUSLY b'450456'
ACTION SNIPPET 10000 5724 SEEN_PREVIOUSLY b'889213'
ACTION QUERY 10000 5734 ireland peace talks found
ACTION SERP 10000 5739 EXAMINE_SERP
ACTION SNIPPET 10000 5742 SEEN_PREVIOUSLY b'808748'
ACTION SNIPPET 10000 5745 SEEN_PREVIOUSLY b'957604'
ACTION SNIPPET 10000 5748 SEEN_PREVIOUSLY b'1008862'
ACTION SNIPPET 10000 5751 SEEN_PREVIOUSLY b'793076'
ACTION SNIPPET 10000 5754 SEEN_PREVIOUSLY b'793348'
ACTION SNIPPET 10000 5757 SEEN_PREVIOUSLY b'745318'
ACTION SNIPPET 10000 5760 SEEN_PREVIOUSLY b'701826'
ACTION SNIPPET 10000 5763 SEEN_PREVIOUSLY b'450456'
ACTION SNIPPET 10000 5766 SEEN_PREVIOUSLY b'963518'
ACTION SNIPPET 10000 5769 SEEN_PREVIOUSLY b'743009'
ACTION QUERY 10000 5779 ireland peace talks terrorists
ACTION SERP 10000 5784 EXAMINE_SERP
ACTION SNIPPET 10000 5787 SEEN_PREVIOUSLY b'787370'
ACTION SNIPPET 10000 5790 SEEN_PREVIOUSLY b'988016'
ACTION SNIPPET 10000 5793 SEEN_PREVIOUSLY b'450456'
ACTION SNIPPET 10000 5796 SNIPPET_RELEVANT b'905641'
ACTION DOC 10000 5816 EXAMINING_DOCUMENT b'905641'
ACTION SNIPPET 10000 5819 SEEN_PREVIOUSLY b'1040550'
ACTION SNIPPET 10000 5822 SNIPPET_NOT_RELEVANT b'956757'
ACTION SNIPPET 10000 5825 SNIPPET_NOT_RELEVANT b'719704'
ACTION SNIPPET 10000 5828 SEEN_PREVIOUSLY b'996409'
ACTION SNIPPET 10000 5831 SNIPPET_NOT_RELEVANT b'965049'
ACTION SNIPPET 10000 5834 SEEN_PREVIOUSLY b'656887'
ACTION QUERY 10000 5844 ireland peace talks celebrated
ACTION SERP 10000 5849 EXAMINE_SERP
ACTION SNIPPET 10000 5852 SNIPPET_RELEVANT b'755896'
ACTION DOC 10000 5872 EXAMINING_DOCUMENT b'755896'
ACTION SNIPPET 10000 5875 SNIPPET_NOT_RELEVANT b'786808'
ACTION SNIPPET 10000 5878 SEEN_PREVIOUSLY b'1003028'
ACTION SNIPPET 10000 5881 SNIPPET_RELEVANT b'1008868'
ACTION DOC 10000 5901 EXAMINING_DOCUMENT b'1008868'
ACTION SNIPPET 10000 5904 SEEN_PREVIOUSLY b'949797'
ACTION SNIPPET 10000 5907 SNIPPET_RELEVANT b'1008878'
ACTION DOC 10000 5927 EXAMINING_DOCUMENT b'1008878'
ACTION SNIPPET 10000 5930 SNIPPET_RELEVANT b'934154'
ACTION DOC 10000 5950 EXAMINING_DOCUMENT b'934154'
ACTION SNIPPET 10000 5953 SEEN_PREVIOUSLY b'1309114'
ACTION SNIPPET 10000 5956 SNIPPET_RELEVANT b'1010977'
ACTION DOC 10000 5976 EXAMINING_DOCUMENT b'1010977'
ACTION SNIPPET 10000 5979 SNIPPET_RELEVANT b'621108'
ACTION DOC 10000 5999 EXAMINING_DOCUMENT b'621108'
ACTION QUERY 10000 6009 ireland peace talks organization
ACTION SERP 10000 6014 EXAMINE_SERP
ACTION SNIPPET 10000 6017 SEEN_PREVIOUSLY b'1123728'
ACTION SNIPPET 10000 6020 SEEN_PREVIOUSLY b'788244'
ACTION SNIPPET 10000 6023 SEEN_PREVIOUSLY b'450456'
ACTION SNIPPET 10000 6026 SEEN_PREVIOUSLY b'901647'
ACTION SNIPPET 10000 6029 SEEN_PREVIOUSLY b'963518'
ACTION SNIPPET 10000 6032 SEEN_PREVIOUSLY b'653747'
ACTION SNIPPET 10000 6035 SEEN_PREVIOUSLY b'1002800'
ACTION SNIPPET 10000 6038 SNIPPET_NOT_RELEVANT b'989497'
ACTION SNIPPET 10000 6041 SNIPPET_NOT_RELEVANT b'688383'
ACTION SNIPPET 10000 6044 SNIPPET_RELEVANT b'978157'
ACTION DOC 10000 6064 EXAMINING_DOCUMENT b'978157'
ACTION QUERY 10000 6074 ireland peace talks type
ACTION SERP 10000 6079 EXAMINE_SERP
ACTION SNIPPET 10000 6082 SEEN_PREVIOUSLY b'1043814'
ACTION SNIPPET 10000 6085 SEEN_PREVIOUSLY b'893084'
ACTION SNIPPET 10000 6088 SNIPPET_NOT_RELEVANT b'833605'
ACTION SNIPPET 10000 6091 SEEN_PREVIOUSLY b'622835'
ACTION SNIPPET 10000 6094 SEEN_PREVIOUSLY b'787370'
ACTION SNIPPET 10000 6097 SNIPPET_RELEVANT b'1016856'
ACTION DOC 10000 6117 EXAMINING_DOCUMENT b'1016856'
ACTION SNIPPET 10000 6120 SEEN_PREVIOUSLY b'808748'
ACTION SNIPPET 10000 6123 SEEN_PREVIOUSLY b'959816'
ACTION SNIPPET 10000 6126 SNIPPET_NOT_RELEVANT b'658910'
ACTION SNIPPET 10000 6129 SNIPPET_NOT_RELEVANT b'441738'
ACTION QUERY 10000 6139 ireland peace talks union
ACTION SERP 10000 6144 EXAMINE_SERP
ACTION SNIPPET 10000 6147 SEEN_PREVIOUSLY b'959816'
ACTION SNIPPET 10000 6150 SNIPPET_NOT_RELEVANT b'779456'
ACTION SNIPPET 10000 6153 SEEN_PREVIOUSLY b'946047'
ACTION SNIPPET 10000 6156 SEEN_PREVIOUSLY b'957604'
ACTION SNIPPET 10000 6159 SEEN_PREVIOUSLY b'654617'
ACTION SNIPPET 10000 6162 SEEN_PREVIOUSLY b'656887'
ACTION SNIPPET 10000 6165 SEEN_PREVIOUSLY b'1008862'
ACTION SNIPPET 10000 6168 SNIPPET_RELEVANT b'740941'
ACTION DOC 10000 6188 EXAMINING_DOCUMENT b'740941'
ACTION SNIPPET 10000 6191 SNIPPET_NOT_RELEVANT b'730184'
ACTION SNIPPET 10000 6194 SNIPPET_NOT_RELEVANT b'853704'
ACTION QUERY 10000 6204 ireland peace talks injured
ACTION SERP 10000 6209 EXAMINE_SERP
ACTION SNIPPET 10000 6212 SNIPPET_NOT_RELEVANT b'1005983'
ACTION SNIPPET 10000 6215 SEEN_PREVIOUSLY b'701826'
ACTION SNIPPET 10000 6218 SNIPPET_NOT_RELEVANT b'832540'
ACTION SNIPPET 10000 6221 SEEN_PREVIOUSLY b'889213'
ACTION SNIPPET 10000 6224 SEEN_PREVIOUSLY b'1309114'
ACTION SNIPPET 10000 6227 SNIPPET_NOT_RELEVANT b'639501'
ACTION SNIPPET 10000 6230 SNIPPET_NOT_RELEVANT b'829310'
ACTION SNIPPET 10000 6233 SEEN_PREVIOUSLY b'1040550'
ACTION SNIPPET 10000 6236 SEEN_PREVIOUSLY b'1043814'
ACTION SNIPPET 10000 6239 SNIPPET_RELEVANT b'997539'
ACTION DOC 10000 6259 EXAMINING_DOCUMENT b'997539'
ACTION MARK 10000 6262 CONSIDERED_RELEVANT b'997539'
ACTION QUERY 10000 6272 ireland peace talks commandos
ACTION SERP 10000 6277 EXAMINE_SERP
ACTION SNIPPET 10000 6280 SEEN_PREVIOUSLY b'450456'
ACTION SNIPPET 10000 6283 SEEN_PREVIOUSLY b'622835'
ACTION SNIPPET 10000 6286 SEEN_PREVIOUSLY b'787370'
ACTION SNIPPET 10000 6289 SEEN_PREVIOUSLY b'808748'
ACTION SNIPPET 10000 6292 SNIPPET_NOT_RELEVANT b'844788'
ACTION SNIPPET 10000 6295 SEEN_PREVIOUSLY b'959816'
ACTION SNIPPET 10000 6298 SEEN_PREVIOUSLY b'745786'
ACTION SNIPPET 10000 6301 SEEN_PREVIOUSLY b'788244'
ACTION SNIPPET 10000 6304 SNIPPET_NOT_RELEVANT b'1221880'
ACTION SNIPPET 10000 6307 SEEN_PREVIOUSLY b'445759'
ACTION QUERY 10000 6317 ireland peace talks join
ACTION SERP 10000 6322 EXAMINE_SERP
ACTION SNIPPET 10000 6325 SEEN_PREVIOUSLY b'787370'
ACTION SNIPPET 10000 6328 SNIPPET_NOT_RELEVANT b'945319'
ACTION SNIPPET 10000 6331 SNIPPET_NOT_RELEVANT b'443766'
ACTION SNIPPET 10000 6334 SEEN_PREVIOUSLY b'808748'
ACTION SNIPPET 10000 6337 SEEN_PREVIOUSLY b'1123728'
ACTION SNIPPET 10000 6340 SEEN_PREVIOUSLY b'732418'
ACTION SNIPPET 10000 6343 SEEN_PREVIOUSLY b'788244'
ACTION SNIPPET 10000 6346 SEEN_PREVIOUSLY b'901647'
ACTION SNIPPET 10000 6349 SEEN_PREVIOUSLY b'745318'
ACTION SNIPPET 10000 6352 SEEN_PREVIOUSLY b'654617'
ACTION QUERY 10000 6362 ireland peace talks mr
ACTION SERP 10000 6367 EXAMINE_SERP
ACTION SNIPPET 10000 6370 SEEN_PREVIOUSLY b'808748'
ACTION SNIPPET 10000 6373 SEEN_PREVIOUSLY b'745786'
ACTION SNIPPET 10000 6376 SEEN_PREVIOUSLY b'622835'
ACTION SNIPPET 10000 6379 SEEN_PREVIOUSLY b'787370'
ACTION SNIPPET 10000 6382 SEEN_PREVIOUSLY b'812461'
ACTION SNIPPET 10000 6385 SEEN_PREVIOUSLY b'445759'
ACTION SNIPPET 10000 6388 SEEN_PREVIOUSLY b'959816'
ACTION SNIPPET 10000 6391 SEEN_PREVIOUSLY b'731647'
ACTION SNIPPET 10000 6394 SEEN_PREVIOUSLY b'928743'
ACTION SNIPPET 10000 6397 SEEN_PREVIOUSLY b'889213'
ACTION QUERY 10000 6407 ireland peace talks york
ACTION SERP 10000 6412 EXAMINE_SERP
ACTION SNIPPET 10000 6415 SEEN_PREVIOUSLY b'622835'
ACTION SNIPPET 10000 6418 SEEN_PREVIOUSLY b'787370'
ACTION SNIPPET 10000 6421 SNIPPET_RELEVANT b'779456'
ACTION DOC 10000 6441 EXAMINING_DOCUMENT b'779456'
ACTION SNIPPET 10000 6444 SEEN_PREVIOUSLY b'808748'
ACTION SNIPPET 10000 6447 SEEN_PREVIOUSLY b'949797'
ACTION SNIPPET 10000 6450 SEEN_PREVIOUSLY b'959816'
ACTION SNIPPET 10000 6453 SNIPPET_NOT_RELEVANT b'165046'
ACTION SNIPPET 10000 6456 SEEN_PREVIOUSLY b'745786'
ACTION SNIPPET 10000 6459 SEEN_PREVIOUSLY b'788244'
ACTION SNIPPET 10000 6462 SEEN_PREVIOUSLY b'445759'
ACTION QUERY 10000 6472 ireland peace talks rose
ACTION SERP 10000 6477 EXAMINE_SERP
ACTION SNIPPET 10000 6480 SNIPPET_NOT_RELEVANT b'666299'
ACTION SNIPPET 10000 6483 SNIPPET_NOT_RELEVANT b'945296'
ACTION SNIPPET 10000 6486 SEEN_PREVIOUSLY b'622835'
ACTION SNIPPET 10000 6489 SEEN_PREVIOUSLY b'787370'
ACTION SNIPPET 10000 6492 SEEN_PREVIOUSLY b'808748'
ACTION SNIPPET 10000 6495 SEEN_PREVIOUSLY b'959816'
ACTION SNIPPET 10000 6498 SNIPPET_RELEVANT b'939580'
ACTION DOC 10000 6518 EXAMINING_DOCUMENT b'939580'
ACTION SNIPPET 10000 6521 SEEN_PREVIOUSLY b'745786'
ACTION SNIPPET 10000 6524 SEEN_PREVIOUSLY b'788244'
ACTION SNIPPET 10000 6527 SEEN_PREVIOUSLY b'445759'
ACTION QUERY 10000 6537 ireland peace talks lagging
ACTION SERP 10000 6542 EXAMINE_SERP
ACTION SNIPPET 10000 6545 SNIPPET_RELEVANT b'1069868'
ACTION DOC 10000 6565 EXAMINING_DOCUMENT b'1069868'
ACTION SNIPPET 10000 6568 SEEN_PREVIOUSLY b'944655'
ACTION SNIPPET 10000 6571 SNIPPET_NOT_RELEVANT b'945109'
ACTION SNIPPET 10000 6574 SNIPPET_NOT_RELEVANT b'1002191'
ACTION SNIPPET 10000 6577 SEEN_PREVIOUSLY b'622835'
ACTION SNIPPET 10000 6580 SEEN_PREVIOUSLY b'787370'
ACTION SNIPPET 10000 6583 SEEN_PREVIOUSLY b'808748'
ACTION SNIPPET 10000 6586 SNIPPET_RELEVANT b'1015190'
ACTION DOC 10000 6606 EXAMINING_DOCUMENT b'1015190'
ACTION SNIPPET 10000 6609 SEEN_PREVIOUSLY b'959816'
ACTION SNIPPET 10000 6612 SEEN_PREVIOUSLY b'745786'
ACTION QUERY 10000 6622 ireland peace talks weaponry
ACTION SERP 10000 6627 EXAMINE_SERP
ACTION SNIPPET 10000 6630 SNIPPET_RELEVANT b'1312706'
ACTION DOC 10000 6650 EXAMINING_DOCUMENT b'1312706'
ACTION SNIPPET 10000 6653 SNIPPET_NOT_RELEVANT b'1309837'
ACTION SNIPPET 10000 6656 SNIPPET_RELEVANT b'1096691'
ACTION DOC 10000 6676 EXAMINING_DOCUMENT b'1096691'
ACTION SNIPPET 10000 6679 SNIPPET_RELEVANT b'1096612'
ACTION DOC 10000 6699 EXAMINING_DOCUMENT b'1096612'
ACTION SNIPPET 10000 6702 SNIPPET_NOT_RELEVANT b'1315856'
ACTION SNIPPET 10000 6705 SNIPPET_NOT_RELEVANT b'1529170'
ACTION SNIPPET 10000 6708 SNIPPET_NOT_RELEVANT b'1405843'
ACTION SNIPPET 10000 6711 SNIPPET_NOT_RELEVANT b'1210732'
ACTION SNIPPET 10000 6714 SNIPPET_NOT_RELEVANT b'945454'
ACTION SNIPPET 10000 6717 SNIPPET_NOT_RELEVANT b'1705350'
ACTION QUERY 10000 6727 ireland peace talks addressing
ACTION SERP 10000 6732 EXAMINE_SERP
ACTION SNIPPET 10000 6735 SEEN_PREVIOUSLY b'881742'
ACTION SNIPPET 10000 6738 SEEN_PREVIOUSLY b'764747'
ACTION SNIPPET 10000 6741 SEEN_PREVIOUSLY b'990896'
ACTION SNIPPET 10000 6744 SEEN_PREVIOUSLY b'1008862'
ACTION SNIPPET 10000 6747 SEEN_PREVIOUSLY b'638752'
ACTION SNIPPET 10000 6750 SNIPPET_RELEVANT b'853735'
ACTION DOC 10000 6770 EXAMINING_DOCUMENT b'853735'
ACTION SNIPPET 10000 6773 SEEN_PREVIOUSLY b'860820'
ACTION SNIPPET 10000 6776 SNIPPET_NOT_RELEVANT b'657523'
ACTION SNIPPET 10000 6779 SNIPPET_RELEVANT b'833443'
ACTION DOC 10000 6799 EXAMINING_DOCUMENT b'833443'
ACTION SNIPPET 10000 6802 SNIPPET_NOT_RELEVANT b'441133'
ACTION QUERY 10000 6812 ireland peace talks capital
ACTION SERP 10000 6817 EXAMINE_SERP
ACTION SNIPPET 10000 6820 SNIPPET_NOT_RELEVANT b'1066315'
ACTION SNIPPET 10000 6823 SNIPPET_RELEVANT b'854268'
ACTION DOC 10000 6843 EXAMINING_DOCUMENT b'854268'
ACTION SNIPPET 10000 6846 SEEN_PREVIOUSLY b'978157'
ACTION SNIPPET 10000 6849 SEEN_PREVIOUSLY b'799936'
ACTION SNIPPET 10000 6852 SEEN_PREVIOUSLY b'799535'
ACTION SNIPPET 10000 6855 SEEN_PREVIOUSLY b'889213'
ACTION SNIPPET 10000 6858 SEEN_PREVIOUSLY b'1088656'
ACTION SNIPPET 10000 6861 SNIPPET_RELEVANT b'853704'
ACTION DOC 10000 6881 EXAMINING_DOCUMENT b'853704'
ACTION SNIPPET 10000 6884 SEEN_PREVIOUSLY b'994559'
ACTION SNIPPET 10000 6887 SEEN_PREVIOUSLY b'806493'
ACTION QUERY 10000 6897 ireland peace talks paper
ACTION SERP 10000 6902 EXAMINE_SERP
ACTION SNIPPET 10000 6905 SEEN_PREVIOUSLY b'657828'
ACTION SNIPPET 10000 6908 SNIPPET_NOT_RELEVANT b'987307'
ACTION SNIPPET 10000 6911 SNIPPET_NOT_RELEVANT b'1671010'
ACTION SNIPPET 10000 6914 SNIPPET_NOT_RELEVANT b'1176268'
ACTION SNIPPET 10000 6917 SNIPPET_RELEVANT b'858531'
ACTION DOC 10000 6937 EXAMINING_DOCUMENT b'858531'
ACTION MARK 10000 6940 CONSIDERED_RELEVANT b'858531'
ACTION SNIPPET 10000 6943 SEEN_PREVIOUSLY b'654024'
ACTION SNIPPET 10000 6946 SNIPPET_RELEVANT b'1538815'
ACTION DOC 10000 6966 EXAMINING_DOCUMENT b'1538815'
ACTION SNIPPET 10000 6969 SEEN_PREVIOUSLY b'622835'
ACTION SNIPPET 10000 6972 SEEN_PREVIOUSLY b'787370'
ACTION SNIPPET 10000 6975 SEEN_PREVIOUSLY b'1008868'
ACTION QUERY 10000 6985 ireland peace talks lately
ACTION SERP 10000 6990 EXAMINE_SERP
ACTION SNIPPET 10000 6993 SEEN_PREVIOUSLY b'812461'
ACTION SNIPPET 10000 6996 SEEN_PREVIOUSLY b'732418'
ACTION SNIPPET 10000 6999 SEEN_PREVIOUSLY b'928743'
ACTION SNIPPET 10000 7002 SEEN_PREVIOUSLY b'773403'
ACTION SNIPPET 10000 7005 SEEN_PREVIOUSLY b'854268'
ACTION SNIPPET 10000 7008 SEEN_PREVIOUSLY b'1003028'
ACTION SNIPPET 10000 7011 SNIPPET_NOT_RELEVANT b'639501'
ACTION SNIPPET 10000 7014 SEEN_PREVIOUSLY b'722671'
ACTION SNIPPET 10000 7017 SNIPPET_NOT_RELEVANT b'1405900'
ACTION SNIPPET 10000 7020 SEEN_PREVIOUSLY b'622835'
ACTION QUERY 10000 7030 ireland peace talks time
ACTION SERP 10000 7035 EXAMINE_SERP
ACTION SNIPPET 10000 7038 SEEN_PREVIOUSLY b'622835'
ACTION SNIPPET 10000 7041 SEEN_PREVIOUSLY b'808748'
ACTION SNIPPET 10000 7044 SEEN_PREVIOUSLY b'787370'
ACTION SNIPPET 10000 7047 SEEN_PREVIOUSLY b'788244'
ACTION SNIPPET 10000 7050 SEEN_PREVIOUSLY b'959816'
ACTION SNIPPET 10000 7053 SEEN_PREVIOUSLY b'812461'
ACTION SNIPPET 10000 7056 SEEN_PREVIOUSLY b'946047'
ACTION SNIPPET 10000 7059 SEEN_PREVIOUSLY b'745786'
ACTION SNIPPET 10000 7062 SEEN_PREVIOUSLY b'445759'
ACTION SNIPPET 10000 7065 SEEN_PREVIOUSLY b'745318'
ACTION QUERY 10000 7075 ireland peace talks doctor
ACTION SERP 10000 7080 EXAMINE_SERP
ACTION SNIPPET 10000 7083 SNIPPET_NOT_RELEVANT b'1558510'
ACTION SNIPPET 10000 7086 SNIPPET_RELEVANT b'922812'
ACTION DOC 10000 7106 EXAMINING_DOCUMENT b'922812'
ACTION SNIPPET 10000 7109 SNIPPET_NOT_RELEVANT b'1695956'
ACTION SNIPPET 10000 7112 SEEN_PREVIOUSLY b'622835'
ACTION SNIPPET 10000 7115 SEEN_PREVIOUSLY b'787370'
ACTION SNIPPET 10000 7118 SEEN_PREVIOUSLY b'808748'
ACTION SNIPPET 10000 7121 SNIPPET_NOT_RELEVANT b'932519'
ACTION SNIPPET 10000 7124 SEEN_PREVIOUSLY b'959816'
ACTION SNIPPET 10000 7127 SEEN_PREVIOUSLY b'745786'
ACTION SNIPPET 10000 7130 SEEN_PREVIOUSLY b'788244'
ACTION QUERY 10000 7140 ireland peace talks longest
ACTION SERP 10000 7145 EXAMINE_SERP
ACTION SNIPPET 10000 7148 SNIPPET_RELEVANT b'1432054'
ACTION DOC 10000 7168 EXAMINING_DOCUMENT b'1432054'
ACTION SNIPPET 10000 7171 SNIPPET_NOT_RELEVANT b'1034544'
ACTION SNIPPET 10000 7174 SNIPPET_RELEVANT b'1499629'
ACTION DOC 10000 7194 EXAMINING_DOCUMENT b'1499629'
ACTION SNIPPET 10000 7197 SNIPPET_NOT_RELEVANT b'774447'
ACTION SNIPPET 10000 7200 SNIPPET_RELEVANT b'1008901'
ACTION DOC 10000 7220 EXAMINING_DOCUMENT b'1008901'
ACTION SNIPPET 10000 7223 SEEN_PREVIOUSLY b'622835'
ACTION SNIPPET 10000 7226 SEEN_PREVIOUSLY b'1215429'
ACTION SNIPPET 10000 7229 SEEN_PREVIOUSLY b'787370'
ACTION SNIPPET 10000 7232 SEEN_PREVIOUSLY b'1014958'
ACTION SNIPPET 10000 7235 SEEN_PREVIOUSLY b'808748'
ACTION QUERY 10000 7245 ireland peace talks kennedys
ACTION SERP 10000 7250 EXAMINE_SERP
ACTION SNIPPET 10000 7253 SNIPPET_RELEVANT b'1034544'
ACTION DOC 10000 7273 EXAMINING_DOCUMENT b'1034544'
ACTION SNIPPET 10000 7276 SEEN_PREVIOUSLY b'948453'
ACTION SNIPPET 10000 7279 SNIPPET_RELEVANT b'596554'
ACTION DOC 10000 7299 EXAMINING_DOCUMENT b'596554'
ACTION SNIPPET 10000 7302 SNIPPET_RELEVANT b'813480'
ACTION DOC 10000 7322 EXAMINING_DOCUMENT b'813480'
ACTION SNIPPET 10000 7325 SNIPPET_RELEVANT b'813316'
ACTION DOC 10000 7345 EXAMINING_DOCUMENT b'813316'
ACTION SNIPPET 10000 7348 SEEN_PREVIOUSLY b'773403'
ACTION SNIPPET 10000 7351 SEEN_PREVIOUSLY b'735977'
ACTION SNIPPET 10000 7354 SNIPPET_RELEVANT b'714358'
ACTION DOC 10000 7374 EXAMINING_DOCUMENT b'714358'
ACTION SNIPPET 10000 7377 SNIPPET_NOT_RELEVANT b'709536'
ACTION SNIPPET 10000 7380 SNIPPET_RELEVANT b'1657137'
ACTION DOC 10000 7400 EXAMINING_DOCUMENT b'1657137'
ACTION QUERY 10000 7410 ireland peace talks roof
ACTION SERP 10000 7415 EXAMINE_SERP
ACTION SNIPPET 10000 7418 SEEN_PREVIOUSLY b'764747'
ACTION SNIPPET 10000 7421 SEEN_PREVIOUSLY b'1499629'
ACTION SNIPPET 10000 7424 SEEN_PREVIOUSLY b'622835'
ACTION SNIPPET 10000 7427 SEEN_PREVIOUSLY b'787370'
ACTION SNIPPET 10000 7430 SEEN_PREVIOUSLY b'808748'
ACTION SNIPPET 10000 7433 SEEN_PREVIOUSLY b'959816'
ACTION SNIPPET 10000 7436 SEEN_PREVIOUSLY b'745786'
ACTION SNIPPET 10000 7439 SEEN_PREVIOUSLY b'788244'
ACTION SNIPPET 10000 7442 SEEN_PREVIOUSLY b'445759'
ACTION SNIPPET 10000 7445 SEEN_PREVIOUSLY b'812461'
ACTION QUERY 10000 7455 ireland peace talks relation
ACTION SERP 10000 7460 EXAMINE_SERP
ACTION SNIPPET 10000 7463 SEEN_PREVIOUSLY b'855823'
ACTION SNIPPET 10000 7466 SEEN_PREVIOUSLY b'854268'
ACTION SNIPPET 10000 7469 SNIPPET_NOT_RELEVANT b'688383'
ACTION SNIPPET 10000 7472 SEEN_PREVIOUSLY b'773403'
ACTION SNIPPET 10000 7475 SNIPPET_NOT_RELEVANT b'945319'
ACTION SNIPPET 10000 7478 SEEN_PREVIOUSLY b'853735'
ACTION SNIPPET 10000 7481 SEEN_PREVIOUSLY b'1034544'
ACTION SNIPPET 10000 7484 SNIPPET_RELEVANT b'1695956'
ACTION DOC 10000 7504 EXAMINING_DOCUMENT b'1695956'
ACTION SNIPPET 10000 7507 SNIPPET_NOT_RELEVANT b'441133'
ACTION SNIPPET 10000 7510 SNIPPET_NOT_RELEVANT b'539873'
ACTION QUERY 10000 7520 ireland peace talks nailers
ACTION SERP 10000 7525 EXAMINE_SERP
ACTION SNIPPET 10000 7528 SEEN_PREVIOUSLY b'622835'
ACTION SNIPPET 10000 7531 SEEN_PREVIOUSLY b'787370'
ACTION SNIPPET 10000 7534 SEEN_PREVIOUSLY b'808748'
ACTION SNIPPET 10000 7537 SEEN_PREVIOUSLY b'959816'
ACTION SNIPPET 10000 7540 SEEN_PREVIOUSLY b'745786'
ACTION SNIPPET 10000 7543 SEEN_PREVIOUSLY b'788244'
ACTION SNIPPET 10000 7546 SEEN_PREVIOUSLY b'445759'
ACTION SNIPPET 10000 7549 SEEN_PREVIOUSLY b'812461'
ACTION SNIPPET 10000 7552 SEEN_PREVIOUSLY b'957604'
ACTION SNIPPET 10000 7555 SEEN_PREVIOUSLY b'731647'
ACTION QUERY 10000 7565 ireland peace talks reconstruction
ACTION SERP 10000 7570 EXAMINE_SERP
ACTION SNIPPET 10000 7573 SNIPPET_NOT_RELEVANT b'1479560'
ACTION SNIPPET 10000 7576 SEEN_PREVIOUSLY b'622835'
ACTION SNIPPET 10000 7579 SEEN_PREVIOUSLY b'787370'
ACTION SNIPPET 10000 7582 SEEN_PREVIOUSLY b'808748'
ACTION SNIPPET 10000 7585 SEEN_PREVIOUSLY b'959816'
ACTION SNIPPET 10000 7588 SEEN_PREVIOUSLY b'745786'
ACTION SNIPPET 10000 7591 SEEN_PREVIOUSLY b'788244'
ACTION SNIPPET 10000 7594 SEEN_PREVIOUSLY b'445759'
ACTION SNIPPET 10000 7597 SEEN_PREVIOUSLY b'812461'
ACTION SNIPPET 10000 7600 SEEN_PREVIOUSLY b'957604'
ACTION QUERY 10000 7610 ireland peace talks impact
ACTION SERP 10000 7615 EXAMINE_SERP
ACTION SNIPPET 10000 7618 SEEN_PREVIOUSLY b'745318'
ACTION SNIPPET 10000 7621 SNIPPET_RELEVANT b'1325939'
ACTION DOC 10000 7641 EXAMINING_DOCUMENT b'1325939'
ACTION SNIPPET 10000 7644 SNIPPET_RELEVANT b'1008852'
ACTION DOC 10000 7664 EXAMINING_DOCUMENT b'1008852'
ACTION SNIPPET 10000 7667 SNIPPET_NOT_RELEVANT b'945814'
ACTION SNIPPET 10000 7670 SNIPPET_RELEVANT b'755569'
ACTION DOC 10000 7690 EXAMINING_DOCUMENT b'755569'
ACTION SNIPPET 10000 7693 SNIPPET_NOT_RELEVANT b'1002191'
ACTION SNIPPET 10000 7696 SEEN_PREVIOUSLY b'622835'
ACTION SNIPPET 10000 7699 SEEN_PREVIOUSLY b'787370'
ACTION SNIPPET 10000 7702 SNIPPET_NOT_RELEVANT b'1070143'
ACTION SNIPPET 10000 7705 SEEN_PREVIOUSLY b'808748'
ACTION QUERY 10000 7715 ireland peace talks eire
ACTION SERP 10000 7720 EXAMINE_SERP
ACTION SNIPPET 10000 7723 SNIPPET_RELEVANT b'170808'
ACTION DOC 10000 7743 EXAMINING_DOCUMENT b'170808'
ACTION SNIPPET 10000 7746 SNIPPET_NOT_RELEVANT b'275365'
ACTION SNIPPET 10000 7749 SNIPPET_RELEVANT b'812355'
ACTION DOC 10000 7769 EXAMINING_DOCUMENT b'812355'
ACTION SNIPPET 10000 7772 SNIPPET_RELEVANT b'541868'
ACTION DOC 10000 7792 EXAMINING_DOCUMENT b'541868'
ACTION SNIPPET 10000 7795 SNIPPET_RELEVANT b'833396'
ACTION DOC 10000 7815 EXAMINING_DOCUMENT b'833396'
ACTION SNIPPET 10000 7818 SNIPPET_RELEVANT b'1460083'
ACTION DOC 10000 7838 EXAMINING_DOCUMENT b'1460083'
ACTION SNIPPET 10000 7841 SNIPPET_RELEVANT b'991648'
ACTION DOC 10000 7861 EXAMINING_DOCUMENT b'991648'
ACTION SNIPPET 10000 7864 SNIPPET_RELEVANT b'1537951'
ACTION DOC 10000 7884 EXAMINING_DOCUMENT b'1537951'
ACTION SNIPPET 10000 7887 SNIPPET_NOT_RELEVANT b'1450353'
ACTION SNIPPET 10000 7890 SNIPPET_NOT_RELEVANT b'674244'
ACTION QUERY 10000 7900 ireland peace talks michelle
ACTION SERP 10000 7905 EXAMINE_SERP
ACTION SNIPPET 10000 7908 SNIPPET_RELEVANT b'1019088'
ACTION DOC 10000 7928 EXAMINING_DOCUMENT b'1019088'
ACTION SNIPPET 10000 7931 SEEN_PREVIOUSLY b'622835'
ACTION SNIPPET 10000 7934 SEEN_PREVIOUSLY b'787370'
ACTION SNIPPET 10000 7937 SEEN_PREVIOUSLY b'808748'
ACTION SNIPPET 10000 7940 SEEN_PREVIOUSLY b'959816'
ACTION SNIPPET 10000 7943 SEEN_PREVIOUSLY b'745786'
ACTION SNIPPET 10000 7946 SEEN_PREVIOUSLY b'788244'
ACTION SNIPPET 10000 7949 SEEN_PREVIOUSLY b'445759'
ACTION SNIPPET 10000 7952 SEEN_PREVIOUSLY b'812461'
ACTION SNIPPET 10000 7955 SEEN_PREVIOUSLY b'957604'
ACTION QUERY 10000 7965 ireland peace talks negotiation
ACTION SERP 10000 7970 EXAMINE_SERP
ACTION SNIPPET 10000 7973 SEEN_PREVIOUSLY b'959816'
ACTION SNIPPET 10000 7976 SEEN_PREVIOUSLY b'788244'
ACTION SNIPPET 10000 7979 SEEN_PREVIOUSLY b'1002800'
ACTION SNIPPET 10000 7982 SEEN_PREVIOUSLY b'957604'
ACTION SNIPPET 10000 7985 SEEN_PREVIOUSLY b'445759'
ACTION SNIPPET 10000 7988 SEEN_PREVIOUSLY b'745786'
ACTION SNIPPET 10000 7991 SEEN_PREVIOUSLY b'1003028'
ACTION SNIPPET 10000 7994 SNIPPET_NOT_RELEVANT b'945319'
ACTION SNIPPET 10000 7997 SNIPPET_RELEVANT b'688383'
ACTION DOC 10000 8017 EXAMINING_DOCUMENT b'688383'
ACTION SNIPPET 10000 8020 SEEN_PREVIOUSLY b'773403'
ACTION QUERY 10000 8030 ireland peace talks regions
ACTION SERP 10000 8035 EXAMINE_SERP
ACTION SNIPPET 10000 8038 SEEN_PREVIOUSLY b'1017810'
ACTION SNIPPET 10000 8041 SEEN_PREVIOUSLY b'1055072'
ACTION SNIPPET 10000 8044 SNIPPET_NOT_RELEVANT b'994155'
ACTION SNIPPET 10000 8047 SEEN_PREVIOUSLY b'1008862'
ACTION SNIPPET 10000 8050 SNIPPET_RELEVANT b'539873'
ACTION DOC 10000 8070 EXAMINING_DOCUMENT b'539873'
ACTION SNIPPET 10000 8073 SNIPPET_NOT_RELEVANT b'444585'
ACTION SNIPPET 10000 8076 SNIPPET_NOT_RELEVANT b'453480'
ACTION SNIPPET 10000 8079 SNIPPET_NOT_RELEVANT b'1120977'
ACTION SNIPPET 10000 8082 SNIPPET_NOT_RELEVANT b'996662'
ACTION SNIPPET 10000 8085 SEEN_PREVIOUSLY b'755569'
ACTION QUERY 10000 8095 ireland peace talks ethnicity
ACTION SERP 10000 8100 EXAMINE_SERP
ACTION SNIPPET 10000 8103 SEEN_PREVIOUSLY b'959816'
ACTION SNIPPET 10000 8106 SNIPPET_NOT_RELEVANT b'1044437'
ACTION SNIPPET 10000 8109 SNIPPET_RELEVANT b'968254'
ACTION DOC 10000 8129 EXAMINING_DOCUMENT b'968254'
ACTION SNIPPET 10000 8132 SEEN_PREVIOUSLY b'1054620'
ACTION SNIPPET 10000 8135 SEEN_PREVIOUSLY b'1215429'
ACTION SNIPPET 10000 8138 SNIPPET_RELEVANT b'32348'
ACTION DOC 10000 8158 EXAMINING_DOCUMENT b'32348'
ACTION SNIPPET 10000 8161 SEEN_PREVIOUSLY b'1096691'
ACTION SNIPPET 10000 8164 SEEN_PREVIOUSLY b'1096612'
ACTION SNIPPET 10000 8167 SNIPPET_RELEVANT b'711489'
ACTION DOC 10000 8187 EXAMINING_DOCUMENT b'711489'
ACTION SNIPPET 10000 8190 SNIPPET_RELEVANT b'715968'
ACTION DOC 10000 8210 EXAMINING_DOCUMENT b'715968'
ACTION QUERY 10000 8220 ireland peace talks dostoyevsky
ACTION SERP 10000 8225 EXAMINE_SERP
ACTION SNIPPET 10000 8228 SEEN_PREVIOUSLY b'32348'
ACTION SNIPPET 10000 8231 SEEN_PREVIOUSLY b'622835'
ACTION SNIPPET 10000 8234 SEEN_PREVIOUSLY b'787370'
ACTION SNIPPET 10000 8237 SEEN_PREVIOUSLY b'808748'
ACTION SNIPPET 10000 8240 SEEN_PREVIOUSLY b'959816'
ACTION SNIPPET 10000 8243 SEEN_PREVIOUSLY b'745786'
ACTION SNIPPET 10000 8246 SEEN_PREVIOUSLY b'788244'
ACTION SNIPPET 10000 8249 SEEN_PREVIOUSLY b'445759'
ACTION SNIPPET 10000 8252 SEEN_PREVIOUSLY b'812461'
ACTION SNIPPET 10000 8255 SNIPPET_RELEVANT b'1609031'
ACTION DOC 10000 8275 EXAMINING_DOCUMENT b'1609031'
ACTION QUERY 10000 8285 ireland peace talks argues
ACTION SERP 10000 8290 EXAMINE_SERP
ACTION SNIPPET 10000 8293 SEEN_PREVIOUSLY b'996409'
ACTION SNIPPET 10000 8296 SEEN_PREVIOUSLY b'788244'
ACTION SNIPPET 10000 8299 SEEN_PREVIOUSLY b'808748'
ACTION SNIPPET 10000 8302 SEEN_PREVIOUSLY b'656887'
ACTION SNIPPET 10000 8305 SEEN_PREVIOUSLY b'978157'
ACTION SNIPPET 10000 8308 SNIPPET_NOT_RELEVANT b'744843'
ACTION SNIPPET 10000 8311 SEEN_PREVIOUSLY b'764747'
ACTION SNIPPET 10000 8314 SNIPPET_RELEVANT b'996662'
ACTION DOC 10000 8334 EXAMINING_DOCUMENT b'996662'
ACTION SNIPPET 10000 8337 SNIPPET_RELEVANT b'655108'
ACTION DOC 10000 8357 EXAMINING_DOCUMENT b'655108'
ACTION SNIPPET 10000 8360 SNIPPET_NOT_RELEVANT b'1070143'
ACTION QUERY 10000 8370 ireland peace talks streets
ACTION SERP 10000 8375 EXAMINE_SERP
ACTION SNIPPET 10000 8378 SEEN_PREVIOUSLY b'445759'
ACTION SNIPPET 10000 8381 SEEN_PREVIOUSLY b'788244'
ACTION SNIPPET 10000 8384 SEEN_PREVIOUSLY b'745318'
ACTION SNIPPET 10000 8387 SNIPPET_NOT_RELEVANT b'1405900'
ACTION SNIPPET 10000 8390 SEEN_PREVIOUSLY b'968254'
ACTION SNIPPET 10000 8393 SEEN_PREVIOUSLY b'656402'
ACTION SNIPPET 10000 8396 SEEN_PREVIOUSLY b'709542'
ACTION SNIPPET 10000 8399 SNIPPET_NOT_RELEVANT b'671335'
ACTION SNIPPET 10000 8402 SEEN_PREVIOUSLY b'853704'
ACTION SNIPPET 10000 8405 SEEN_PREVIOUSLY b'657828'
ACTION QUERY 10000 8415 ireland peace talks wikipedia
ACTION SERP 10000 8420 EXAMINE_SERP
ACTION SNIPPET 10000 8423 SNIPPET_NOT_RELEVANT b'1785297'
ACTION SNIPPET 10000 8426 SNIPPET_RELEVANT b'1832455'
ACTION DOC 10000 8446 EXAMINING_DOCUMENT b'1832455'
ACTION SNIPPET 10000 8449 SNIPPET_NOT_RELEVANT b'1797575'
ACTION SNIPPET 10000 8452 SNIPPET_RELEVANT b'1769713'
ACTION DOC 10000 8472 EXAMINING_DOCUMENT b'1769713'
ACTION SNIPPET 10000 8475 SNIPPET_RELEVANT b'1724207'
ACTION DOC 10000 8495 EXAMINING_DOCUMENT b'1724207'
ACTION SNIPPET 10000 8498 SNIPPET_RELEVANT b'1830747'
ACTION DOC 10000 8518 EXAMINING_DOCUMENT b'1830747'
ACTION SNIPPET 10000 8521 SNIPPET_RELEVANT b'1822349'
ACTION DOC 10000 8541 EXAMINING_DOCUMENT b'1822349'
ACTION SNIPPET 10000 8544 SNIPPET_RELEVANT b'1727145'
ACTION DOC 10000 8564 EXAMINING_DOCUMENT b'1727145'
ACTION SNIPPET 10000 8567 SNIPPET_NOT_RELEVANT b'1827791'
ACTION SNIPPET 10000 8570 SNIPPET_RELEVANT b'1717533'
ACTION DOC 10000 8590 EXAMINING_DOCUMENT b'1717533'
ACTION QUERY 10000 8600 ireland peace talks seizure
ACTION SERP 10000 8605 EXAMINE_SERP
ACTION SNIPPET 10000 8608 SEEN_PREVIOUSLY b'622835'
ACTION SNIPPET 10000 8611 SEEN_PREVIOUSLY b'787370'
ACTION SNIPPET 10000 8614 SEEN_PREVIOUSLY b'808748'
ACTION SNIPPET 10000 8617 SEEN_PREVIOUSLY b'959816'
ACTION SNIPPET 10000 8620 SEEN_PREVIOUSLY b'745786'
ACTION SNIPPET 10000 8623 SEEN_PREVIOUSLY b'788244'
ACTION SNIPPET 10000 8626 SEEN_PREVIOUSLY b'445759'
ACTION SNIPPET 10000 8629 SEEN_PREVIOUSLY b'812461'
ACTION SNIPPET 10000 8632 SEEN_PREVIOUSLY b'957604'
ACTION SNIPPET 10000 8635 SEEN_PREVIOUSLY b'731647'
ACTION QUERY 10000 8645 ireland peace talks europe
ACTION SERP 10000 8650 EXAMINE_SERP
ACTION SNIPPET 10000 8653 SNIPPET_RELEVANT b'1468572'
ACTION DOC 10000 8673 EXAMINING_DOCUMENT b'1468572'
ACTION SNIPPET 10000 8676 SNIPPET_NOT_RELEVANT b'1457471'
ACTION SNIPPET 10000 8679 SNIPPET_NOT_RELEVANT b'1612045'
ACTION SNIPPET 10000 8682 SNIPPET_NOT_RELEVANT b'1442566'
ACTION SNIPPET 10000 8685 SEEN_PREVIOUSLY b'1499629'
ACTION SNIPPET 10000 8688 SEEN_PREVIOUSLY b'1403970'
ACTION SNIPPET 10000 8691 SEEN_PREVIOUSLY b'946047'
ACTION SNIPPET 10000 8694 SNIPPET_RELEVANT b'764975'
ACTION DOC 10000 8714 EXAMINING_DOCUMENT b'764975'
ACTION SNIPPET 10000 8717 SNIPPET_NOT_RELEVANT b'444585'
ACTION SNIPPET 10000 8720 SNIPPET_NOT_RELEVANT b'1308507'
ACTION QUERY 10000 8730 ireland peace talks evict
ACTION SERP 10000 8735 EXAMINE_SERP
ACTION SNIPPET 10000 8738 SNIPPET_RELEVANT b'1430210'
ACTION DOC 10000 8758 EXAMINING_DOCUMENT b'1430210'
ACTION SNIPPET 10000 8761 SNIPPET_RELEVANT b'1032533'
ACTION DOC 10000 8781 EXAMINING_DOCUMENT b'1032533'
ACTION SNIPPET 10000 8784 SNIPPET_NOT_RELEVANT b'1430343'
ACTION SNIPPET 10000 8787 SNIPPET_RELEVANT b'1315385'
ACTION DOC 10000 8807 EXAMINING_DOCUMENT b'1315385'
ACTION SNIPPET 10000 8810 SNIPPET_NOT_RELEVANT b'653061'
ACTION SNIPPET 10000 8813 SNIPPET_NOT_RELEVANT b'1313527'
ACTION SNIPPET 10000 8816 SNIPPET_NOT_RELEVANT b'1336674'
ACTION SNIPPET 10000 8819 SNIPPET_NOT_RELEVANT b'1288163'
ACTION SNIPPET 10000 8822 SNIPPET_RELEVANT b'803524'
ACTION DOC 10000 8842 EXAMINING_DOCUMENT b'803524'
ACTION SNIPPET 10000 8845 SEEN_PREVIOUSLY b'622835'
ACTION QUERY 10000 8855 ireland peace talks firebomb
ACTION SERP 10000 8860 EXAMINE_SERP
ACTION SNIPPET 10000 8863 SNIPPET_RELEVANT b'664935'
ACTION DOC 10000 8883 EXAMINING_DOCUMENT b'664935'
ACTION SNIPPET 10000 8886 SNIPPET_NOT_RELEVANT b'774139'
ACTION SNIPPET 10000 8889 SNIPPET_NOT_RELEVANT b'491070'
ACTION SNIPPET 10000 8892 SEEN_PREVIOUSLY b'1032533'
ACTION SNIPPET 10000 8895 SNIPPET_NOT_RELEVANT b'659838'
ACTION SNIPPET 10000 8898 SNIPPET_RELEVANT b'657523'
ACTION DOC 10000 8918 EXAMINING_DOCUMENT b'657523'
ACTION SNIPPET 10000 8921 SEEN_PREVIOUSLY b'1309114'
ACTION SNIPPET 10000 8924 SNIPPET_NOT_RELEVANT b'1405900'
ACTION SNIPPET 10000 8927 SEEN_PREVIOUSLY b'853704'
ACTION SNIPPET 10000 8930 SNIPPET_RELEVANT b'1309837'
ACTION DOC 10000 8950 EXAMINING_DOCUMENT b'1309837'
ACTION QUERY 10000 8960 ireland peace talks youths
ACTION SERP 10000 8965 EXAMINE_SERP
ACTION SNIPPET 10000 8968 SNIPPET_RELEVANT b'1313527'
ACTION DOC 10000 8988 EXAMINING_DOCUMENT b'1313527'
ACTION SNIPPET 10000 8991 SNIPPET_NOT_RELEVANT b'1008860'
ACTION SNIPPET 10000 8994 SNIPPET_RELEVANT b'1134335'
ACTION DOC 10000 9014 EXAMINING_DOCUMENT b'1134335'
ACTION SNIPPET 10000 9017 SNIPPET_RELEVANT b'987174'
ACTION DOC 10000 9037 EXAMINING_DOCUMENT b'987174'
ACTION MARK 10000 9040 CONSIDERED_RELEVANT b'987174'
ACTION SNIPPET 10000 9043 SNIPPET_NOT_RELEVANT b'1002191'
ACTION SNIPPET 10000 9046 SEEN_PREVIOUSLY b'622835'
ACTION SNIPPET 10000 9049 SEEN_PREVIOUSLY b'787370'
ACTION SNIPPET 10000 9052 SEEN_PREVIOUSLY b'808748'
ACTION SNIPPET 10000 9055 SEEN_PREVIOUSLY b'959816'
ACTION SNIPPET 10000 9058 SEEN_PREVIOUSLY b'745786'
ACTION QUERY 10000 9068 ireland peace talks reunite
ACTION SERP 10000 9073 EXAMINE_SERP
ACTION SNIPPET 10000 9076 SEEN_PREVIOUSLY b'731647'
ACTION SNIPPET 10000 9079 SEEN_PREVIOUSLY b'957604'
ACTION SNIPPET 10000 9082 SEEN_PREVIOUSLY b'657523'
ACTION SNIPPET 10000 9085 SNIPPET_NOT_RELEVANT b'784832'
ACTION SNIPPET 10000 9088 SNIPPET_NOT_RELEVANT b'666299'
ACTION SNIPPET 10000 9091 SEEN_PREVIOUSLY b'594946'
ACTION SNIPPET 10000 9094 SNIPPET_NOT_RELEVANT b'390650'
ACTION SNIPPET 10000 9097 SNIPPET_NOT_RELEVANT b'1801356'
ACTION SNIPPET 10000 9100 SNIPPET_NOT_RELEVANT b'666097'
ACTION SNIPPET 10000 9103 SEEN_PREVIOUSLY b'622835'
ACTION QUERY 10000 9113 ireland peace talks sneider
ACTION SERP 10000 9118 EXAMINE_SERP
ACTION SNIPPET 10000 9121 SNIPPET_RELEVANT b'125193'
ACTION DOC 10000 9141 EXAMINING_DOCUMENT b'125193'
ACTION SNIPPET 10000 9144 SEEN_PREVIOUSLY b'622835'
ACTION SNIPPET 10000 9147 SEEN_PREVIOUSLY b'787370'
ACTION SNIPPET 10000 9150 SEEN_PREVIOUSLY b'808748'
ACTION SNIPPET 10000 9153 SEEN_PREVIOUSLY b'959816'
ACTION SNIPPET 10000 9156 SEEN_PREVIOUSLY b'745786'
ACTION SNIPPET 10000 9159 SEEN_PREVIOUSLY b'788244'
ACTION SNIPPET 10000 9162 SEEN_PREVIOUSLY b'445759'
ACTION SNIPPET 10000 9165 SEEN_PREVIOUSLY b'812461'
ACTION SNIPPET 10000 9168 SEEN_PREVIOUSLY b'957604'
ACTION QUERY 10000 9178 ireland peace talks charles
ACTION SERP 10000 9183 EXAMINE_SERP
ACTION SNIPPET 10000 9186 SNIPPET_NOT_RELEVANT b'444585'
ACTION SNIPPET 10000 9189 SNIPPET_RELEVANT b'1128826'
ACTION DOC 10000 9209 EXAMINING_DOCUMENT b'1128826'
ACTION SNIPPET 10000 9212 SEEN_PREVIOUSLY b'929387'
ACTION SNIPPET 10000 9215 SEEN_PREVIOUSLY b'654024'
ACTION SNIPPET 10000 9218 SEEN_PREVIOUSLY b'929441'
ACTION SNIPPET 10000 9221 SEEN_PREVIOUSLY b'622835'
ACTION SNIPPET 10000 9224 SEEN_PREVIOUSLY b'787370'
ACTION SNIPPET 10000 9227 SEEN_PREVIOUSLY b'808748'
ACTION SNIPPET 10000 9230 SEEN_PREVIOUSLY b'959816'
ACTION SNIPPET 10000 9233 SEEN_PREVIOUSLY b'745786'
ACTION QUERY 10000 9243 ireland peace talks parliamentary
ACTION SERP 10000 9248 EXAMINE_SERP
ACTION SNIPPET 10000 9251 SEEN_PREVIOUSLY b'745066'
ACTION SNIPPET 10000 9254 SNIPPET_NOT_RELEVANT b'730184'
ACTION SNIPPET 10000 9257 SEEN_PREVIOUSLY b'928743'
ACTION SNIPPET 10000 9260 SEEN_PREVIOUSLY b'921937'
ACTION SNIPPET 10000 9263 SNIPPET_NOT_RELEVANT b'924354'
ACTION SNIPPET 10000 9266 SNIPPET_NOT_RELEVANT b'517870'
ACTION SNIPPET 10000 9269 SNIPPET_NOT_RELEVANT b'905337'
ACTION SNIPPET 10000 9272 SNIPPET_NOT_RELEVANT b'945319'
ACTION SNIPPET 10000 9275 SNIPPET_RELEVANT b'926671'
ACTION DOC 10000 9295 EXAMINING_DOCUMENT b'926671'
ACTION SNIPPET 10000 9298 SNIPPET_RELEVANT b'717323'
ACTION DOC 10000 9318 EXAMINING_DOCUMENT b'717323'
ACTION QUERY 10000 9328 ireland peace talks expire
ACTION SERP 10000 9333 EXAMINE_SERP
ACTION SNIPPET 10000 9336 SNIPPET_NOT_RELEVANT b'659838'
ACTION SNIPPET 10000 9339 SEEN_PREVIOUSLY b'1009907'
ACTION SNIPPET 10000 9342 SNIPPET_RELEVANT b'1045405'
ACTION DOC 10000 9362 EXAMINING_DOCUMENT b'1045405'
ACTION SNIPPET 10000 9365 SNIPPET_RELEVANT b'987307'
ACTION DOC 10000 9385 EXAMINING_DOCUMENT b'987307'
ACTION SNIPPET 10000 9388 SNIPPET_RELEVANT b'953864'
ACTION DOC 10000 9408 EXAMINING_DOCUMENT b'953864'
ACTION SNIPPET 10000 9411 SNIPPET_RELEVANT b'679692'
ACTION DOC 10000 9431 EXAMINING_DOCUMENT b'679692'
ACTION SNIPPET 10000 9434 SNIPPET_RELEVANT b'724053'
ACTION DOC 10000 9454 EXAMINING_DOCUMENT b'724053'
ACTION SNIPPET 10000 9457 SNIPPET_NOT_RELEVANT b'1315367'
ACTION SNIPPET 10000 9460 SNIPPET_RELEVANT b'1119745'
ACTION DOC 10000 9480 EXAMINING_DOCUMENT b'1119745'
ACTION SNIPPET 10000 9483 SEEN_PREVIOUSLY b'622835'
ACTION QUERY 10000 9493 ireland peace talks wedding
ACTION SERP 10000 9498 EXAMINE_SERP
ACTION SNIPPET 10000 9501 SEEN_PREVIOUSLY b'882024'
ACTION SNIPPET 10000 9504 SEEN_PREVIOUSLY b'1019088'
ACTION SNIPPET 10000 9507 SEEN_PREVIOUSLY b'622835'
ACTION SNIPPET 10000 9510 SEEN_PREVIOUSLY b'787370'
ACTION SNIPPET 10000 9513 SNIPPET_NOT_RELEVANT b'1317332'
ACTION SNIPPET 10000 9516 SNIPPET_RELEVANT b'1157098'
ACTION DOC 10000 9536 EXAMINING_DOCUMENT b'1157098'
ACTION SNIPPET 10000 9539 SEEN_PREVIOUSLY b'808748'
ACTION SNIPPET 10000 9542 SEEN_PREVIOUSLY b'959816'
ACTION SNIPPET 10000 9545 SNIPPET_RELEVANT b'1315384'
ACTION DOC 10000 9565 EXAMINING_DOCUMENT b'1315384'
ACTION SNIPPET 10000 9568 SEEN_PREVIOUSLY b'745786'
ACTION QUERY 10000 9578 ireland peace talks neil
ACTION SERP 10000 9583 EXAMINE_SERP
ACTION SNIPPET 10000 9586 SNIPPET_NOT_RELEVANT b'1003156'
ACTION SNIPPET 10000 9589 SEEN_PREVIOUSLY b'622835'
ACTION SNIPPET 10000 9592 SEEN_PREVIOUSLY b'787370'
ACTION SNIPPET 10000 9595 SEEN_PREVIOUSLY b'808748'
ACTION SNIPPET 10000 9598 SNIPPET_NOT_RELEVANT b'813944'
ACTION SNIPPET 10000 9601 SEEN_PREVIOUSLY b'959816'
ACTION SNIPPET 10000 9604 SEEN_PREVIOUSLY b'745786'
ACTION SNIPPET 10000 9607 SEEN_PREVIOUSLY b'788244'
ACTION SNIPPET 10000 9610 SEEN_PREVIOUSLY b'445759'
ACTION SNIPPET 10000 9613 SEEN_PREVIOUSLY b'812461'
ACTION QUERY 10000 9623 ireland peace talks dump
ACTION SERP 10000 9628 EXAMINE_SERP
ACTION SNIPPET 10000 9631 SNIPPET_NOT_RELEVANT b'1210732'
ACTION SNIPPET 10000 9634 SEEN_PREVIOUSLY b'1464517'
ACTION SNIPPET 10000 9637 SNIPPET_RELEVANT b'774139'
ACTION DOC 10000 9657 EXAMINING_DOCUMENT b'774139'
ACTION SNIPPET 10000 9660 SNIPPET_NOT_RELEVANT b'1197681'
ACTION SNIPPET 10000 9663 SNIPPET_RELEVANT b'1336674'
ACTION DOC 10000 9683 EXAMINING_DOCUMENT b'1336674'
ACTION SNIPPET 10000 9686 SNIPPET_NOT_RELEVANT b'1214516'
ACTION SNIPPET 10000 9689 SEEN_PREVIOUSLY b'717323'
ACTION SNIPPET 10000 9692 SNIPPET_NOT_RELEVANT b'1317332'
ACTION SNIPPET 10000 9695 SNIPPET_RELEVANT b'1315856'
ACTION DOC 10000 9715 EXAMINING_DOCUMENT b'1315856'
ACTION SNIPPET 10000 9718 SNIPPET_RELEVANT b'1467220'
ACTION DOC 10000 9738 EXAMINING_DOCUMENT b'1467220'
ACTION QUERY 10000 9748 ireland peace talks sever
ACTION SERP 10000 9753 EXAMINE_SERP
ACTION SNIPPET 10000 9756 SNIPPET_NOT_RELEVANT b'832540'
ACTION SNIPPET 10000 9759 SEEN_PREVIOUSLY b'957604'
ACTION SNIPPET 10000 9762 SEEN_PREVIOUSLY b'833443'
ACTION SNIPPET 10000 9765 SNIPPET_RELEVANT b'709077'
ACTION DOC 10000 9785 EXAMINING_DOCUMENT b'709077'
ACTION SNIPPET 10000 9788 SEEN_PREVIOUSLY b'621108'
ACTION SNIPPET 10000 9791 SNIPPET_NOT_RELEVANT b'1154548'
ACTION SNIPPET 10000 9794 SNIPPET_RELEVANT b'711625'
ACTION DOC 10000 9814 EXAMINING_DOCUMENT b'711625'
ACTION SNIPPET 10000 9817 SEEN_PREVIOUSLY b'944655'
ACTION SNIPPET 10000 9820 SEEN_PREVIOUSLY b'926671'
ACTION SNIPPET 10000 9823 SNIPPET_RELEVANT b'1002191'
ACTION DOC 10000 9843 EXAMINING_DOCUMENT b'1002191'
ACTION QUERY 10000 9853 ireland peace talks point
ACTION SERP 10000 9858 EXAMINE_SERP
ACTION SNIPPET 10000 9861 SEEN_PREVIOUSLY b'788244'
ACTION SNIPPET 10000 9864 SEEN_PREVIOUSLY b'901647'
ACTION SNIPPET 10000 9867 SEEN_PREVIOUSLY b'731647'
ACTION SNIPPET 10000 9870 SEEN_PREVIOUSLY b'745318'
ACTION SNIPPET 10000 9873 SNIPPET_RELEVANT b'744843'
ACTION DOC 10000 9893 EXAMINING_DOCUMENT b'744843'
ACTION SNIPPET 10000 9896 SEEN_PREVIOUSLY b'799936'
ACTION SNIPPET 10000 9899 SEEN_PREVIOUSLY b'799535'
ACTION SNIPPET 10000 9902 SNIPPET_NOT_RELEVANT b'945319'
ACTION SNIPPET 10000 9905 SEEN_PREVIOUSLY b'743009'
ACTION SNIPPET 10000 9908 SEEN_PREVIOUSLY b'740941'
ACTION QUERY 10000 9918 ireland peace talks hall
ACTION SERP 10000 9923 EXAMINE_SERP
ACTION SNIPPET 10000 9926 SNIPPET_NOT_RELEVANT b'165046'
ACTION SNIPPET 10000 9929 SEEN_PREVIOUSLY b'853704'
ACTION SNIPPET 10000 9932 SNIPPET_RELEVANT b'163778'
ACTION DOC 10000 9952 EXAMINING_DOCUMENT b'163778'
ACTION SNIPPET 10000 9955 SNIPPET_NOT_RELEVANT b'930416'
ACTION SNIPPET 10000 9958 SEEN_PREVIOUSLY b'657828'
ACTION SNIPPET 10000 9961 SEEN_PREVIOUSLY b'1054620'
ACTION SNIPPET 10000 9964 SNIPPET_NOT_RELEVANT b'713902'
ACTION SNIPPET 10000 9967 SEEN_PREVIOUSLY b'1043814'
ACTION SNIPPET 10000 9970 SNIPPET_NOT_RELEVANT b'714977'
ACTION SNIPPET 10000 9973 SNIPPET_NOT_RELEVANT b'856922'
ACTION QUERY 10000 9983 ireland peace talks pilgrimage
ACTION SERP 10000 9988 EXAMINE_SERP
ACTION SNIPPET 10000 9991 SNIPPET_NOT_RELEVANT b'165046'
ACTION SNIPPET 10000 9994 SEEN_PREVIOUSLY b'1002800'
ACTION SNIPPET 10000 9997 SEEN_PREVIOUSLY b'163778'
ACTION SNIPPET 10000 10000 SNIPPET_RELEVANT b'164786'
INFO SUMMARY 
INFO TOTAL_QUERIES_ISSUED 110
INFO TOTAL_SNIPPETS_EXAMINED 1094
INFO TOTAL_DOCUMENTS_EXAMINED 248
INFO TOTAL_DOCUMENTS_MARKED_RELEVANT 36
INFO TOTAL_ATTRACTIVE_SERP_IMPRESSIONS 110
INFO TOTAL_UNATTRACTIVE_SERP_IMPRESSIONS 0
