ACTION QUERY 10000 10 railway accidents
ACTION SERP 10000 15 EXAMINE_SERP
ACTION SNIPPET 10000 18 SNIPPET_NOT_RELEVANT b'317296'
ACTION SNIPPET 10000 21 SNIPPET_RELEVANT b'98010'
ACTION DOC 10000 41 EXAMINING_DOCUMENT b'98010'
ACTION MARK 10000 44 CONSIDERED_RELEVANT b'98010'
ACTION SNIPPET 10000 47 SNIPPET_RELEVANT b'214578'
ACTION DOC 10000 67 EXAMINING_DOCUMENT b'214578'
ACTION MARK 10000 70 CONSIDERED_RELEVANT b'214578'
ACTION SNIPPET 10000 73 SNIPPET_RELEVANT b'112888'
ACTION DOC 10000 93 EXAMINING_DOCUMENT b'112888'
ACTION MARK 10000 96 CONSIDERED_RELEVANT b'112888'
ACTION SNIPPET 10000 99 SNIPPET_NOT_RELEVANT b'1403372'
ACTION SNIPPET 10000 102 SNIPPET_RELEVANT b'1048102'
ACTION DOC 10000 122 EXAMINING_DOCUMENT b'1048102'
ACTION MARK 10000 125 CONSIDERED_RELEVANT b'1048102'
ACTION SNIPPET 10000 128 SNIPPET_RELEVANT b'1022091'
ACTION DOC 10000 148 EXAMINING_DOCUMENT b'1022091'
ACTION MARK 10000 151 CONSIDERED_RELEVANT b'1022091'
ACTION SNIPPET 10000 154 SNIPPET_RELEVANT b'784019'
ACTION DOC 10000 174 EXAMINING_DOCUMENT b'784019'
ACTION MARK 10000 177 CONSIDERED_RELEVANT b'784019'
ACTION SNIPPET 10000 180 SNIPPET_RELEVANT b'1667781'
ACTION DOC 10000 200 EXAMINING_DOCUMENT b'1667781'
ACTION MARK 10000 203 CONSIDERED_RELEVANT b'1667781'
ACTION SNIPPET 10000 206 SNIPPET_RELEVANT b'1403609'
ACTION DOC 10000 226 EXAMINING_DOCUMENT b'1403609'
ACTION MARK 10000 229 CONSIDERED_RELEVANT b'1403609'
ACTION QUERY 10000 239 railway accidents concrete
ACTION SERP 10000 244 EXAMINE_SERP
ACTION SNIPPET 10000 247 SNIPPET_RELEVANT b'317296'
ACTION DOC 10000 267 EXAMINING_DOCUMENT b'317296'
ACTION SNIPPET 10000 270 SNIPPET_RELEVANT b'1157926'
ACTION DOC 10000 290 EXAMINING_DOCUMENT b'1157926'
ACTION MARK 10000 293 CONSIDERED_RELEVANT b'1157926'
ACTION SNIPPET 10000 296 SNIPPET_NOT_RELEVANT b'258740'
ACTION SNIPPET 10000 299 SNIPPET_RELEVANT b'1022176'
ACTION DOC 10000 319 EXAMINING_DOCUMENT b'1022176'
ACTION MARK 10000 322 CONSIDERED_RELEVANT b'1022176'
ACTION SNIPPET 10000 325 SNIPPET_NOT_RELEVANT b'1403372'
ACTION SNIPPET 10000 328 SNIPPET_RELEVANT b'1432852'
ACTION DOC 10000 348 EXAMINING_DOCUMENT b'1432852'
ACTION SNIPPET 10000 351 SNIPPET_NOT_RELEVANT b'1427224'
ACTION SNIPPET 10000 354 SNIPPET_NOT_RELEVANT b'1663914'
ACTION SNIPPET 10000 357 SNIPPET_NOT_RELEVANT b'39908'
ACTION SNIPPET 10000 360 SNIPPET_NOT_RELEVANT b'1828955'
ACTION QUERY 10000 370 railway accidents nation
ACTION SERP 10000 375 EXAMINE_SERP
ACTION SNIPPET 10000 378 SEEN_PREVIOUSLY b'317296'
ACTION SNIPPET 10000 381 SNIPPET_NOT_RELEVANT b'1598678'
ACTION SNIPPET 10000 384 SNIPPET_NOT_RELEVANT b'1373726'
ACTION SNIPPET 10000 387 SNIPPET_RELEVANT b'1687116'
ACTION DOC 10000 407 EXAMINING_DOCUMENT b'1687116'
ACTION MARK 10000 410 CONSIDERED_RELEVANT b'1687116'
ACTION SNIPPET 10000 413 SNIPPET_NOT_RELEVANT b'1403372'
ACTION SNIPPET 10000 416 SNIPPET_RELEVANT b'46187'
ACTION DOC 10000 436 EXAMINING_DOCUMENT b'46187'
ACTION MARK 10000 439 CONSIDERED_RELEVANT b'46187'
ACTION SNIPPET 10000 442 SNIPPET_RELEVANT b'1780662'
ACTION DOC 10000 462 EXAMINING_DOCUMENT b'1780662'
ACTION MARK 10000 465 CONSIDERED_RELEVANT b'1780662'
ACTION SNIPPET 10000 468 SNIPPET_RELEVANT b'471885'
ACTION DOC 10000 488 EXAMINING_DOCUMENT b'471885'
ACTION MARK 10000 491 CONSIDERED_RELEVANT b'471885'
ACTION SNIPPET 10000 494 SNIPPET_RELEVANT b'973603'
ACTION DOC 10000 514 EXAMINING_DOCUMENT b'973603'
ACTION MARK 10000 517 CONSIDERED_RELEVANT b'973603'
ACTION SNIPPET 10000 520 SNIPPET_RELEVANT b'97796'
ACTION DOC 10000 540 EXAMINING_DOCUMENT b'97796'
ACTION MARK 10000 543 CONSIDERED_RELEVANT b'97796'
ACTION QUERY 10000 553 railway accidents toll
ACTION SERP 10000 558 EXAMINE_SERP
ACTION SNIPPET 10000 561 SNIPPET_NOT_RELEVANT b'1403372'
ACTION SNIPPET 10000 564 SNIPPET_RELEVANT b'1127996'
ACTION DOC 10000 584 EXAMINING_DOCUMENT b'1127996'
ACTION MARK 10000 587 CONSIDERED_RELEVANT b'1127996'
ACTION SNIPPET 10000 590 SNIPPET_NOT_RELEVANT b'1648105'
ACTION SNIPPET 10000 593 SNIPPET_RELEVANT b'1128219'
ACTION DOC 10000 613 EXAMINING_DOCUMENT b'1128219'
ACTION MARK 10000 616 CONSIDERED_RELEVANT b'1128219'
ACTION SNIPPET 10000 619 SEEN_PREVIOUSLY b'317296'
ACTION SNIPPET 10000 622 SNIPPET_NOT_RELEVANT b'1630853'
ACTION SNIPPET 10000 625 SNIPPET_RELEVANT b'199517'
ACTION DOC 10000 645 EXAMINING_DOCUMENT b'199517'
ACTION SNIPPET 10000 648 SNIPPET_RELEVANT b'159923'
ACTION DOC 10000 668 EXAMINING_DOCUMENT b'159923'
ACTION MARK 10000 671 CONSIDERED_RELEVANT b'159923'
ACTION SNIPPET 10000 674 SNIPPET_NOT_RELEVANT b'783428'
ACTION SNIPPET 10000 677 SNIPPET_NOT_RELEVANT b'787100'
ACTION QUERY 10000 687 railway accidents smashed
ACTION SERP 10000 692 EXAMINE_SERP
ACTION SNIPPET 10000 695 SNIPPET_NOT_RELEVANT b'1240001'
ACTION SNIPPET 10000 698 SNIPPET_RELEVANT b'1391259'
ACTION DOC 10000 718 EXAMINING_DOCUMENT b'1391259'
ACTION MARK 10000 721 CONSIDERED_RELEVANT b'1391259'
ACTION SNIPPET 10000 724 SNIPPET_NOT_RELEVANT b'1565750'
ACTION SNIPPET 10000 727 SNIPPET_RELEVANT b'1239717'
ACTION DOC 10000 747 EXAMINING_DOCUMENT b'1239717'
ACTION MARK 10000 750 CONSIDERED_RELEVANT b'1239717'
ACTION SNIPPET 10000 753 SNIPPET_RELEVANT b'784177'
ACTION DOC 10000 773 EXAMINING_DOCUMENT b'784177'
ACTION MARK 10000 776 CONSIDERED_RELEVANT b'784177'
ACTION SNIPPET 10000 779 SEEN_PREVIOUSLY b'317296'
ACTION SNIPPET 10000 782 SNIPPET_RELEVANT b'1561575'
ACTION DOC 10000 802 EXAMINING_DOCUMENT b'1561575'
ACTION MARK 10000 805 CONSIDERED_RELEVANT b'1561575'
ACTION SNIPPET 10000 808 SNIPPET_RELEVANT b'322672'
ACTION DOC 10000 828 EXAMINING_DOCUMENT b'322672'
ACTION SNIPPET 10000 831 SNIPPET_NOT_RELEVANT b'1403372'
ACTION SNIPPET 10000 834 SNIPPET_RELEVANT b'193629'
ACTION DOC 10000 854 EXAMINING_DOCUMENT b'193629'
ACTION QUERY 10000 864 railway accidents jumps
ACTION SERP 10000 869 EXAMINE_SERP
ACTION SNIPPET 10000 872 SNIPPET_RELEVANT b'172223'
ACTION DOC 10000 892 EXAMINING_DOCUMENT b'172223'
ACTION MARK 10000 895 CONSIDERED_RELEVANT b'172223'
ACTION SNIPPET 10000 898 SEEN_PREVIOUSLY b'317296'
ACTION SNIPPET 10000 901 SNIPPET_RELEVANT b'1668151'
ACTION DOC 10000 921 EXAMINING_DOCUMENT b'1668151'
ACTION MARK 10000 924 CONSIDERED_RELEVANT b'1668151'
ACTION SNIPPET 10000 927 SNIPPET_NOT_RELEVANT b'112631'
ACTION SNIPPET 10000 930 SNIPPET_NOT_RELEVANT b'1403372'
ACTION SNIPPET 10000 933 SNIPPET_NOT_RELEVANT b'199826'
ACTION SNIPPET 10000 936 SNIPPET_RELEVANT b'343656'
ACTION DOC 10000 956 EXAMINING_DOCUMENT b'343656'
ACTION SNIPPET 10000 959 SNIPPET_RELEVANT b'39908'
ACTION DOC 10000 979 EXAMINING_DOCUMENT b'39908'
ACTION SNIPPET 10000 982 SNIPPET_NOT_RELEVANT b'191795'
ACTION SNIPPET 10000 985 SNIPPET_NOT_RELEVANT b'1598678'
ACTION QUERY 10000 995 railway accidents leningrad
ACTION SERP 10000 1000 EXAMINE_SERP
ACTION SNIPPET 10000 1003 SNIPPET_NOT_RELEVANT b'253620'
ACTION SNIPPET 10000 1006 SNIPPET_NOT_RELEVANT b'384458'
ACTION SNIPPET 10000 1009 SEEN_PREVIOUSLY b'317296'
ACTION SNIPPET 10000 1012 SNIPPET_RELEVANT b'332627'
ACTION DOC 10000 1032 EXAMINING_DOCUMENT b'332627'
ACTION SNIPPET 10000 1035 SNIPPET_RELEVANT b'80242'
ACTION DOC 10000 1055 EXAMINING_DOCUMENT b'80242'
ACTION SNIPPET 10000 1058 SNIPPET_NOT_RELEVANT b'1403372'
ACTION SNIPPET 10000 1061 SNIPPET_RELEVANT b'429409'
ACTION DOC 10000 1081 EXAMINING_DOCUMENT b'429409'
ACTION SNIPPET 10000 1084 SNIPPET_NOT_RELEVANT b'396542'
ACTION SNIPPET 10000 1087 SEEN_PREVIOUSLY b'39908'
ACTION SNIPPET 10000 1090 SNIPPET_RELEVANT b'191795'
ACTION DOC 10000 1110 EXAMINING_DOCUMENT b'191795'
ACTION QUERY 10000 1120 railway accidents jumped
ACTION SERP 10000 1125 EXAMINE_SERP
ACTION SNIPPET 10000 1128 SEEN_PREVIOUSLY b'317296'
ACTION SNIPPET 10000 1131 SNIPPET_RELEVANT b'112631'
ACTION DOC 10000 1151 EXAMINING_DOCUMENT b'112631'
ACTION MARK 10000 1154 CONSIDERED_RELEVANT b'112631'
ACTION SNIPPET 10000 1157 SNIPPET_NOT_RELEVANT b'1403372'
ACTION SNIPPET 10000 1160 SNIPPET_NOT_RELEVANT b'199826'
ACTION SNIPPET 10000 1163 SEEN_PREVIOUSLY b'343656'
ACTION SNIPPET 10000 1166 SEEN_PREVIOUSLY b'39908'
ACTION SNIPPET 10000 1169 SEEN_PREVIOUSLY b'191795'
ACTION SNIPPET 10000 1172 SNIPPET_NOT_RELEVANT b'1598678'
ACTION SNIPPET 10000 1175 SNIPPET_NOT_RELEVANT b'1301462'
ACTION SNIPPET 10000 1178 SNIPPET_RELEVANT b'14873'
ACTION DOC 10000 1198 EXAMINING_DOCUMENT b'14873'
ACTION MARK 10000 1201 CONSIDERED_RELEVANT b'14873'
ACTION QUERY 10000 1211 railway accidents run
ACTION SERP 10000 1216 EXAMINE_SERP
ACTION SNIPPET 10000 1219 SEEN_PREVIOUSLY b'317296'
ACTION SNIPPET 10000 1222 SNIPPET_RELEVANT b'1403372'
ACTION DOC 10000 1242 EXAMINING_DOCUMENT b'1403372'
ACTION SNIPPET 10000 1245 SNIPPET_NOT_RELEVANT b'1047557'
ACTION SNIPPET 10000 1248 SNIPPET_RELEVANT b'161660'
ACTION DOC 10000 1268 EXAMINING_DOCUMENT b'161660'
ACTION SNIPPET 10000 1271 SEEN_PREVIOUSLY b'39908'
ACTION SNIPPET 10000 1274 SEEN_PREVIOUSLY b'191795'
ACTION SNIPPET 10000 1277 SNIPPET_RELEVANT b'1598678'
ACTION DOC 10000 1297 EXAMINING_DOCUMENT b'1598678'
ACTION SNIPPET 10000 1300 SEEN_PREVIOUSLY b'199517'
ACTION SNIPPET 10000 1303 SNIPPET_RELEVANT b'640075'
ACTION DOC 10000 1323 EXAMINING_DOCUMENT b'640075'
ACTION SNIPPET 10000 1326 SNIPPET_RELEVANT b'445653'
ACTION DOC 10000 1346 EXAMINING_DOCUMENT b'445653'
ACTION MARK 10000 1349 CONSIDERED_RELEVANT b'445653'
ACTION QUERY 10000 1359 railway accidents jamming
ACTION SERP 10000 1364 EXAMINE_SERP
ACTION SNIPPET 10000 1367 SEEN_PREVIOUSLY b'317296'
ACTION SNIPPET 10000 1370 SEEN_PREVIOUSLY b'1403372'
ACTION SNIPPET 10000 1373 SNIPPET_RELEVANT b'969493'
ACTION DOC 10000 1393 EXAMINING_DOCUMENT b'969493'
ACTION MARK 10000 1396 CONSIDERED_RELEVANT b'969493'
ACTION SNIPPET 10000 1399 SEEN_PREVIOUSLY b'39908'
ACTION SNIPPET 10000 1402 SEEN_PREVIOUSLY b'191795'
ACTION SNIPPET 10000 1405 SEEN_PREVIOUSLY b'1598678'
ACTION SNIPPET 10000 1408 SNIPPET_RELEVANT b'1360557'
ACTION DOC 10000 1428 EXAMINING_DOCUMENT b'1360557'
ACTION MARK 10000 1431 CONSIDERED_RELEVANT b'1360557'
ACTION SNIPPET 10000 1434 SNIPPET_RELEVANT b'1373726'
ACTION DOC 10000 1454 EXAMINING_DOCUMENT b'1373726'
ACTION SNIPPET 10000 1457 SNIPPET_RELEVANT b'42499'
ACTION DOC 10000 1477 EXAMINING_DOCUMENT b'42499'
ACTION MARK 10000 1480 CONSIDERED_RELEVANT b'42499'
ACTION SNIPPET 10000 1483 SNIPPET_RELEVANT b'1751955'
ACTION DOC 10000 1503 EXAMINING_DOCUMENT b'1751955'
ACTION QUERY 10000 1513 railway accidents locomotives
ACTION SERP 10000 1518 EXAMINE_SERP
ACTION SNIPPET 10000 1521 SEEN_PREVIOUSLY b'161660'
ACTION SNIPPET 10000 1524 SNIPPET_RELEVANT b'1565750'
ACTION DOC 10000 1544 EXAMINING_DOCUMENT b'1565750'
ACTION MARK 10000 1547 CONSIDERED_RELEVANT b'1565750'
ACTION SNIPPET 10000 1550 SNIPPET_NOT_RELEVANT b'1641342'
ACTION SNIPPET 10000 1553 SNIPPET_RELEVANT b'852916'
ACTION DOC 10000 1573 EXAMINING_DOCUMENT b'852916'
ACTION SNIPPET 10000 1576 SNIPPET_NOT_RELEVANT b'325014'
ACTION SNIPPET 10000 1579 SNIPPET_RELEVANT b'247759'
ACTION DOC 10000 1599 EXAMINING_DOCUMENT b'247759'
ACTION SNIPPET 10000 1602 SNIPPET_RELEVANT b'199826'
ACTION DOC 10000 1622 EXAMINING_DOCUMENT b'199826'
ACTION SNIPPET 10000 1625 SNIPPET_NOT_RELEVANT b'451439'
ACTION SNIPPET 10000 1628 SNIPPET_RELEVANT b'751382'
ACTION DOC 10000 1648 EXAMINING_DOCUMENT b'751382'
ACTION SNIPPET 10000 1651 SNIPPET_RELEVANT b'384395'
ACTION DOC 10000 1671 EXAMINING_DOCUMENT b'384395'
ACTION QUERY 10000 1681 railway accidents wrecks
ACTION SERP 10000 1686 EXAMINE_SERP
ACTION SNIPPET 10000 1689 SNIPPET_RELEVANT b'1641342'
ACTION DOC 10000 1709 EXAMINING_DOCUMENT b'1641342'
ACTION MARK 10000 1712 CONSIDERED_RELEVANT b'1641342'
ACTION SNIPPET 10000 1715 SNIPPET_RELEVANT b'1275509'
ACTION DOC 10000 1735 EXAMINING_DOCUMENT b'1275509'
ACTION MARK 10000 1738 CONSIDERED_RELEVANT b'1275509'
ACTION SNIPPET 10000 1741 SNIPPET_RELEVANT b'314218'
ACTION DOC 10000 1761 EXAMINING_DOCUMENT b'314218'
ACTION MARK 10000 1764 CONSIDERED_RELEVANT b'314218'
ACTION SNIPPET 10000 1767 SNIPPET_NOT_RELEVANT b'484750'
ACTION SNIPPET 10000 1770 SNIPPET_RELEVANT b'612217'
ACTION DOC 10000 1790 EXAMINING_DOCUMENT b'612217'
ACTION MARK 10000 1793 CONSIDERED_RELEVANT b'612217'
ACTION SNIPPET 10000 1796 SNIPPET_RELEVANT b'954307'
ACTION DOC 10000 1816 EXAMINING_DOCUMENT b'954307'
ACTION MARK 10000 1819 CONSIDERED_RELEVANT b'954307'
ACTION SNIPPET 10000 1822 SEEN_PREVIOUSLY b'317296'
ACTION SNIPPET 10000 1825 SEEN_PREVIOUSLY b'199826'
ACTION SNIPPET 10000 1828 SNIPPET_RELEVANT b'1301462'
ACTION DOC 10000 1848 EXAMINING_DOCUMENT b'1301462'
ACTION SNIPPET 10000 1851 SNIPPET_RELEVANT b'796618'
ACTION DOC 10000 1871 EXAMINING_DOCUMENT b'796618'
ACTION MARK 10000 1874 CONSIDERED_RELEVANT b'796618'
ACTION QUERY 10000 1884 railway accidents jam
ACTION SERP 10000 1889 EXAMINE_SERP
ACTION SNIPPET 10000 1892 SEEN_PREVIOUSLY b'317296'
ACTION SNIPPET 10000 1895 SEEN_PREVIOUSLY b'1403372'
ACTION SNIPPET 10000 1898 SEEN_PREVIOUSLY b'39908'
ACTION SNIPPET 10000 1901 SEEN_PREVIOUSLY b'191795'
ACTION SNIPPET 10000 1904 SEEN_PREVIOUSLY b'1598678'
ACTION SNIPPET 10000 1907 SEEN_PREVIOUSLY b'1373726'
ACTION SNIPPET 10000 1910 SEEN_PREVIOUSLY b'1751955'
ACTION SNIPPET 10000 1913 SNIPPET_RELEVANT b'48678'
ACTION DOC 10000 1933 EXAMINING_DOCUMENT b'48678'
ACTION SNIPPET 10000 1936 SNIPPET_RELEVANT b'43024'
ACTION DOC 10000 1956 EXAMINING_DOCUMENT b'43024'
ACTION SNIPPET 10000 1959 SNIPPET_RELEVANT b'1047557'
ACTION DOC 10000 1979 EXAMINING_DOCUMENT b'1047557'
ACTION MARK 10000 1982 CONSIDERED_RELEVANT b'1047557'
ACTION QUERY 10000 1992 railway accidents pillar
ACTION SERP 10000 1997 EXAMINE_SERP
ACTION SNIPPET 10000 2000 SEEN_PREVIOUSLY b'317296'
ACTION SNIPPET 10000 2003 SNIPPET_NOT_RELEVANT b'1331946'
ACTION SNIPPET 10000 2006 SNIPPET_NOT_RELEVANT b'332904'
ACTION SNIPPET 10000 2009 SNIPPET_NOT_RELEVANT b'1035684'
ACTION SNIPPET 10000 2012 SEEN_PREVIOUSLY b'1403372'
ACTION SNIPPET 10000 2015 SNIPPET_RELEVANT b'1106857'
ACTION DOC 10000 2035 EXAMINING_DOCUMENT b'1106857'
ACTION SNIPPET 10000 2038 SNIPPET_NOT_RELEVANT b'776015'
ACTION SNIPPET 10000 2041 SEEN_PREVIOUSLY b'39908'
ACTION SNIPPET 10000 2044 SNIPPET_RELEVANT b'333231'
ACTION DOC 10000 2064 EXAMINING_DOCUMENT b'333231'
ACTION MARK 10000 2067 CONSIDERED_RELEVANT b'333231'
ACTION SNIPPET 10000 2070 SEEN_PREVIOUSLY b'191795'
ACTION QUERY 10000 2080 railway accidents back
ACTION SERP 10000 2085 EXAMINE_SERP
ACTION SNIPPET 10000 2088 SEEN_PREVIOUSLY b'317296'
ACTION SNIPPET 10000 2091 SEEN_PREVIOUSLY b'1403372'
ACTION SNIPPET 10000 2094 SEEN_PREVIOUSLY b'1751955'
ACTION SNIPPET 10000 2097 SEEN_PREVIOUSLY b'1373726'
ACTION SNIPPET 10000 2100 SEEN_PREVIOUSLY b'39908'
ACTION SNIPPET 10000 2103 SEEN_PREVIOUSLY b'191795'
ACTION SNIPPET 10000 2106 SEEN_PREVIOUSLY b'1598678'
ACTION SNIPPET 10000 2109 SEEN_PREVIOUSLY b'161660'
ACTION SNIPPET 10000 2112 SNIPPET_RELEVANT b'717098'
ACTION DOC 10000 2132 EXAMINING_DOCUMENT b'717098'
ACTION SNIPPET 10000 2135 SEEN_PREVIOUSLY b'48678'
ACTION QUERY 10000 2145 railway accidents islamist
ACTION SERP 10000 2150 EXAMINE_SERP
ACTION SNIPPET 10000 2153 SNIPPET_NOT_RELEVANT b'1752503'
ACTION SNIPPET 10000 2156 SEEN_PREVIOUSLY b'317296'
ACTION SNIPPET 10000 2159 SEEN_PREVIOUSLY b'1403372'
ACTION SNIPPET 10000 2162 SEEN_PREVIOUSLY b'39908'
ACTION SNIPPET 10000 2165 SEEN_PREVIOUSLY b'191795'
ACTION SNIPPET 10000 2168 SEEN_PREVIOUSLY b'1598678'
ACTION SNIPPET 10000 2171 SEEN_PREVIOUSLY b'1373726'
ACTION SNIPPET 10000 2174 SEEN_PREVIOUSLY b'1751955'
ACTION SNIPPET 10000 2177 SEEN_PREVIOUSLY b'48678'
ACTION SNIPPET 10000 2180 SNIPPET_NOT_RELEVANT b'991709'
ACTION QUERY 10000 2190 railway accidents state
ACTION SERP 10000 2195 EXAMINE_SERP
ACTION SNIPPET 10000 2198 SEEN_PREVIOUSLY b'317296'
ACTION SNIPPET 10000 2201 SEEN_PREVIOUSLY b'1403372'
ACTION SNIPPET 10000 2204 SEEN_PREVIOUSLY b'1373726'
ACTION SNIPPET 10000 2207 SEEN_PREVIOUSLY b'39908'
ACTION SNIPPET 10000 2210 SEEN_PREVIOUSLY b'191795'
ACTION SNIPPET 10000 2213 SEEN_PREVIOUSLY b'1598678'
ACTION SNIPPET 10000 2216 SEEN_PREVIOUSLY b'1751955'
ACTION SNIPPET 10000 2219 SEEN_PREVIOUSLY b'48678'
ACTION SNIPPET 10000 2222 SEEN_PREVIOUSLY b'161660'
ACTION SNIPPET 10000 2225 SEEN_PREVIOUSLY b'717098'
ACTION QUERY 10000 2235 railway accidents charged
ACTION SERP 10000 2240 EXAMINE_SERP
ACTION SNIPPET 10000 2243 SEEN_PREVIOUSLY b'317296'
ACTION SNIPPET 10000 2246 SEEN_PREVIOUSLY b'1373726'
ACTION SNIPPET 10000 2249 SEEN_PREVIOUSLY b'1403372'
ACTION SNIPPET 10000 2252 SEEN_PREVIOUSLY b'39908'
ACTION SNIPPET 10000 2255 SEEN_PREVIOUSLY b'191795'
ACTION SNIPPET 10000 2258 SEEN_PREVIOUSLY b'1598678'
ACTION SNIPPET 10000 2261 SEEN_PREVIOUSLY b'1751955'
ACTION SNIPPET 10000 2264 SEEN_PREVIOUSLY b'199826'
ACTION SNIPPET 10000 2267 SEEN_PREVIOUSLY b'48678'
ACTION SNIPPET 10000 2270 SNIPPET_NOT_RELEVANT b'965952'
ACTION QUERY 10000 2280 railway accidents name
ACTION SERP 10000 2285 EXAMINE_SERP
ACTION SNIPPET 10000 2288 SEEN_PREVIOUSLY b'317296'
ACTION SNIPPET 10000 2291 SEEN_PREVIOUSLY b'1751955'
ACTION SNIPPET 10000 2294 SEEN_PREVIOUSLY b'1373726'
ACTION SNIPPET 10000 2297 SEEN_PREVIOUSLY b'1403372'
ACTION SNIPPET 10000 2300 SEEN_PREVIOUSLY b'39908'
ACTION SNIPPET 10000 2303 SEEN_PREVIOUSLY b'640075'
ACTION SNIPPET 10000 2306 SEEN_PREVIOUSLY b'191795'
ACTION SNIPPET 10000 2309 SEEN_PREVIOUSLY b'1598678'
ACTION SNIPPET 10000 2312 SEEN_PREVIOUSLY b'48678'
ACTION SNIPPET 10000 2315 SEEN_PREVIOUSLY b'199826'
ACTION QUERY 10000 2325 railway accidents year
ACTION SERP 10000 2330 EXAMINE_SERP
ACTION SNIPPET 10000 2333 SEEN_PREVIOUSLY b'317296'
ACTION SNIPPET 10000 2336 SEEN_PREVIOUSLY b'1403372'
ACTION SNIPPET 10000 2339 SEEN_PREVIOUSLY b'191795'
ACTION SNIPPET 10000 2342 SEEN_PREVIOUSLY b'1598678'
ACTION SNIPPET 10000 2345 SEEN_PREVIOUSLY b'39908'
ACTION SNIPPET 10000 2348 SEEN_PREVIOUSLY b'1373726'
ACTION SNIPPET 10000 2351 SEEN_PREVIOUSLY b'1751955'
ACTION SNIPPET 10000 2354 SEEN_PREVIOUSLY b'48678'
ACTION SNIPPET 10000 2357 SNIPPET_NOT_RELEVANT b'650393'
ACTION SNIPPET 10000 2360 SNIPPET_RELEVANT b'958897'
ACTION DOC 10000 2380 EXAMINING_DOCUMENT b'958897'
ACTION MARK 10000 2383 CONSIDERED_RELEVANT b'958897'
ACTION QUERY 10000 2393 railway accidents deadliest
ACTION SERP 10000 2398 EXAMINE_SERP
ACTION SNIPPET 10000 2401 SNIPPET_NOT_RELEVANT b'743037'
ACTION SNIPPET 10000 2404 SEEN_PREVIOUSLY b'317296'
ACTION SNIPPET 10000 2407 SNIPPET_RELEVANT b'1824801'
ACTION DOC 10000 2427 EXAMINING_DOCUMENT b'1824801'
ACTION SNIPPET 10000 2430 SNIPPET_NOT_RELEVANT b'1030173'
ACTION SNIPPET 10000 2433 SNIPPET_RELEVANT b'1830239'
ACTION DOC 10000 2453 EXAMINING_DOCUMENT b'1830239'
ACTION SNIPPET 10000 2456 SEEN_PREVIOUSLY b'1403372'
ACTION SNIPPET 10000 2459 SNIPPET_NOT_RELEVANT b'1303143'
ACTION SNIPPET 10000 2462 SNIPPET_RELEVANT b'1527680'
ACTION DOC 10000 2482 EXAMINING_DOCUMENT b'1527680'
ACTION SNIPPET 10000 2485 SEEN_PREVIOUSLY b'39908'
ACTION SNIPPET 10000 2488 SEEN_PREVIOUSLY b'191795'
ACTION QUERY 10000 2498 railway accidents slam
ACTION SERP 10000 2503 EXAMINE_SERP
ACTION SNIPPET 10000 2506 SNIPPET_RELEVANT b'157393'
ACTION DOC 10000 2526 EXAMINING_DOCUMENT b'157393'
ACTION MARK 10000 2529 CONSIDERED_RELEVANT b'157393'
ACTION SNIPPET 10000 2532 SNIPPET_RELEVANT b'204240'
ACTION DOC 10000 2552 EXAMINING_DOCUMENT b'204240'
ACTION MARK 10000 2555 CONSIDERED_RELEVANT b'204240'
ACTION SNIPPET 10000 2558 SEEN_PREVIOUSLY b'317296'
ACTION SNIPPET 10000 2561 SNIPPET_RELEVANT b'121309'
ACTION DOC 10000 2581 EXAMINING_DOCUMENT b'121309'
ACTION MARK 10000 2584 CONSIDERED_RELEVANT b'121309'
ACTION SNIPPET 10000 2587 SNIPPET_NOT_RELEVANT b'1369590'
ACTION SNIPPET 10000 2590 SEEN_PREVIOUSLY b'1403372'
ACTION SNIPPET 10000 2593 SNIPPET_RELEVANT b'1143211'
ACTION DOC 10000 2613 EXAMINING_DOCUMENT b'1143211'
ACTION MARK 10000 2616 CONSIDERED_RELEVANT b'1143211'
ACTION SNIPPET 10000 2619 SNIPPET_RELEVANT b'2534'
ACTION DOC 10000 2639 EXAMINING_DOCUMENT b'2534'
ACTION MARK 10000 2642 CONSIDERED_RELEVANT b'2534'
ACTION SNIPPET 10000 2645 SEEN_PREVIOUSLY b'2534'
ACTION SNIPPET 10000 2648 SEEN_PREVIOUSLY b'39908'
ACTION QUERY 10000 2658 railway accidents fail
ACTION SERP 10000 2663 EXAMINE_SERP
ACTION SNIPPET 10000 2666 SEEN_PREVIOUSLY b'1403372'
ACTION SNIPPET 10000 2669 SEEN_PREVIOUSLY b'1598678'
ACTION SNIPPET 10000 2672 SEEN_PREVIOUSLY b'317296'
ACTION SNIPPET 10000 2675 SEEN_PREVIOUSLY b'640075'
ACTION SNIPPET 10000 2678 SNIPPET_NOT_RELEVANT b'2175'
ACTION SNIPPET 10000 2681 SNIPPET_NOT_RELEVANT b'2175'
ACTION SNIPPET 10000 2684 SNIPPET_RELEVANT b'1648105'
ACTION DOC 10000 2704 EXAMINING_DOCUMENT b'1648105'
ACTION SNIPPET 10000 2707 SEEN_PREVIOUSLY b'717098'
ACTION SNIPPET 10000 2710 SNIPPET_RELEVANT b'488247'
ACTION DOC 10000 2730 EXAMINING_DOCUMENT b'488247'
ACTION MARK 10000 2733 CONSIDERED_RELEVANT b'488247'
ACTION SNIPPET 10000 2736 SEEN_PREVIOUSLY b'39908'
ACTION QUERY 10000 2746 railway accidents leave
ACTION SERP 10000 2751 EXAMINE_SERP
ACTION SNIPPET 10000 2754 SEEN_PREVIOUSLY b'317296'
ACTION SNIPPET 10000 2757 SEEN_PREVIOUSLY b'1403372'
ACTION SNIPPET 10000 2760 SEEN_PREVIOUSLY b'39908'
ACTION SNIPPET 10000 2763 SEEN_PREVIOUSLY b'191795'
ACTION SNIPPET 10000 2766 SEEN_PREVIOUSLY b'1598678'
ACTION SNIPPET 10000 2769 SEEN_PREVIOUSLY b'1373726'
ACTION SNIPPET 10000 2772 SEEN_PREVIOUSLY b'1751955'
ACTION SNIPPET 10000 2775 SNIPPET_RELEVANT b'1369590'
ACTION DOC 10000 2795 EXAMINING_DOCUMENT b'1369590'
ACTION SNIPPET 10000 2798 SEEN_PREVIOUSLY b'48678'
ACTION SNIPPET 10000 2801 SNIPPET_NOT_RELEVANT b'1226414'
ACTION QUERY 10000 2811 railway accidents taiwan
ACTION SERP 10000 2816 EXAMINE_SERP
ACTION SNIPPET 10000 2819 SEEN_PREVIOUSLY b'317296'
ACTION SNIPPET 10000 2822 SNIPPET_RELEVANT b'776015'
ACTION DOC 10000 2842 EXAMINING_DOCUMENT b'776015'
ACTION SNIPPET 10000 2845 SNIPPET_NOT_RELEVANT b'1816278'
ACTION SNIPPET 10000 2848 SNIPPET_RELEVANT b'1231277'
ACTION DOC 10000 2868 EXAMINING_DOCUMENT b'1231277'
ACTION SNIPPET 10000 2871 SNIPPET_RELEVANT b'483248'
ACTION DOC 10000 2891 EXAMINING_DOCUMENT b'483248'
ACTION SNIPPET 10000 2894 SEEN_PREVIOUSLY b'1403372'
ACTION SNIPPET 10000 2897 SNIPPET_NOT_RELEVANT b'1130916'
ACTION SNIPPET 10000 2900 SNIPPET_RELEVANT b'1132842'
ACTION DOC 10000 2920 EXAMINING_DOCUMENT b'1132842'
ACTION SNIPPET 10000 2923 SNIPPET_RELEVANT b'1161775'
ACTION DOC 10000 2943 EXAMINING_DOCUMENT b'1161775'
ACTION SNIPPET 10000 2946 SNIPPET_RELEVANT b'1397420'
ACTION DOC 10000 2966 EXAMINING_DOCUMENT b'1397420'
ACTION QUERY 10000 2976 railway accidents see
ACTION SERP 10000 2981 EXAMINE_SERP
ACTION SNIPPET 10000 2984 SEEN_PREVIOUSLY b'317296'
ACTION SNIPPET 10000 2987 SEEN_PREVIOUSLY b'1403372'
ACTION SNIPPET 10000 2990 SNIPPET_RELEVANT b'1240001'
ACTION DOC 10000 3010 EXAMINING_DOCUMENT b'1240001'
ACTION MARK 10000 3013 CONSIDERED_RELEVANT b'1240001'
ACTION SNIPPET 10000 3016 SEEN_PREVIOUSLY b'39908'
ACTION SNIPPET 10000 3019 SEEN_PREVIOUSLY b'161660'
ACTION SNIPPET 10000 3022 SEEN_PREVIOUSLY b'191795'
ACTION SNIPPET 10000 3025 SEEN_PREVIOUSLY b'1598678'
ACTION SNIPPET 10000 3028 SEEN_PREVIOUSLY b'1373726'
ACTION SNIPPET 10000 3031 SEEN_PREVIOUSLY b'1751955'
ACTION SNIPPET 10000 3034 SEEN_PREVIOUSLY b'717098'
ACTION QUERY 10000 3044 railway accidents cars
ACTION SERP 10000 3049 EXAMINE_SERP
ACTION SNIPPET 10000 3052 SEEN_PREVIOUSLY b'1403372'
ACTION SNIPPET 10000 3055 SEEN_PREVIOUSLY b'1751955'
ACTION SNIPPET 10000 3058 SNIPPET_RELEVANT b'965952'
ACTION DOC 10000 3078 EXAMINING_DOCUMENT b'965952'
ACTION SNIPPET 10000 3081 SEEN_PREVIOUSLY b'1369590'
ACTION SNIPPET 10000 3084 SEEN_PREVIOUSLY b'317296'
ACTION SNIPPET 10000 3087 SEEN_PREVIOUSLY b'1373726'
ACTION SNIPPET 10000 3090 SEEN_PREVIOUSLY b'1648105'
ACTION SNIPPET 10000 3093 SNIPPET_RELEVANT b'650393'
ACTION DOC 10000 3113 EXAMINING_DOCUMENT b'650393'
ACTION SNIPPET 10000 3116 SNIPPET_NOT_RELEVANT b'1750087'
ACTION SNIPPET 10000 3119 SNIPPET_RELEVANT b'1246797'
ACTION DOC 10000 3139 EXAMINING_DOCUMENT b'1246797'
ACTION QUERY 10000 3149 railway accidents ntsb
ACTION SERP 10000 3154 EXAMINE_SERP
ACTION SNIPPET 10000 3157 SNIPPET_RELEVANT b'24765'
ACTION DOC 10000 3177 EXAMINING_DOCUMENT b'24765'
ACTION MARK 10000 3180 CONSIDERED_RELEVANT b'24765'
ACTION SNIPPET 10000 3183 SNIPPET_NOT_RELEVANT b'907501'
ACTION SNIPPET 10000 3186 SEEN_PREVIOUSLY b'317296'
ACTION SNIPPET 10000 3189 SEEN_PREVIOUSLY b'1403372'
ACTION SNIPPET 10000 3192 SNIPPET_NOT_RELEVANT b'1213079'
ACTION SNIPPET 10000 3195 SEEN_PREVIOUSLY b'39908'
ACTION SNIPPET 10000 3198 SEEN_PREVIOUSLY b'191795'
ACTION SNIPPET 10000 3201 SEEN_PREVIOUSLY b'1598678'
ACTION SNIPPET 10000 3204 SNIPPET_NOT_RELEVANT b'1737155'
ACTION SNIPPET 10000 3207 SEEN_PREVIOUSLY b'1373726'
ACTION QUERY 10000 3217 railway accidents awry
ACTION SERP 10000 3222 EXAMINE_SERP
ACTION SNIPPET 10000 3225 SEEN_PREVIOUSLY b'317296'
ACTION SNIPPET 10000 3228 SEEN_PREVIOUSLY b'1403372'
ACTION SNIPPET 10000 3231 SEEN_PREVIOUSLY b'39908'
ACTION SNIPPET 10000 3234 SEEN_PREVIOUSLY b'191795'
ACTION SNIPPET 10000 3237 SEEN_PREVIOUSLY b'1598678'
ACTION SNIPPET 10000 3240 SNIPPET_NOT_RELEVANT b'1127984'
ACTION SNIPPET 10000 3243 SNIPPET_NOT_RELEVANT b'1454881'
ACTION SNIPPET 10000 3246 SEEN_PREVIOUSLY b'1373726'
ACTION SNIPPET 10000 3249 SEEN_PREVIOUSLY b'1751955'
ACTION SNIPPET 10000 3252 SEEN_PREVIOUSLY b'48678'
ACTION QUERY 10000 3262 railway accidents northwest
ACTION SERP 10000 3267 EXAMINE_SERP
ACTION SNIPPET 10000 3270 SEEN_PREVIOUSLY b'317296'
ACTION SNIPPET 10000 3273 SNIPPET_RELEVANT b'914384'
ACTION DOC 10000 3293 EXAMINING_DOCUMENT b'914384'
ACTION SNIPPET 10000 3296 SEEN_PREVIOUSLY b'1403372'
ACTION SNIPPET 10000 3299 SEEN_PREVIOUSLY b'322672'
ACTION SNIPPET 10000 3302 SNIPPET_RELEVANT b'1276723'
ACTION DOC 10000 3322 EXAMINING_DOCUMENT b'1276723'
ACTION SNIPPET 10000 3325 SEEN_PREVIOUSLY b'1432852'
ACTION SNIPPET 10000 3328 SNIPPET_NOT_RELEVANT b'1035648'
ACTION SNIPPET 10000 3331 SNIPPET_NOT_RELEVANT b'431590'
ACTION SNIPPET 10000 3334 SEEN_PREVIOUSLY b'39908'
ACTION SNIPPET 10000 3337 SNIPPET_RELEVANT b'647631'
ACTION DOC 10000 3357 EXAMINING_DOCUMENT b'647631'
ACTION QUERY 10000 3367 railway accidents called
ACTION SERP 10000 3372 EXAMINE_SERP
ACTION SNIPPET 10000 3375 SEEN_PREVIOUSLY b'317296'
ACTION SNIPPET 10000 3378 SEEN_PREVIOUSLY b'1598678'
ACTION SNIPPET 10000 3381 SEEN_PREVIOUSLY b'1403372'
ACTION SNIPPET 10000 3384 SEEN_PREVIOUSLY b'1751955'
ACTION SNIPPET 10000 3387 SEEN_PREVIOUSLY b'1373726'
ACTION SNIPPET 10000 3390 SEEN_PREVIOUSLY b'39908'
ACTION SNIPPET 10000 3393 SEEN_PREVIOUSLY b'191795'
ACTION SNIPPET 10000 3396 SEEN_PREVIOUSLY b'199517'
ACTION SNIPPET 10000 3399 SEEN_PREVIOUSLY b'640075'
ACTION SNIPPET 10000 3402 SEEN_PREVIOUSLY b'48678'
ACTION QUERY 10000 3412 railway accidents fatal
ACTION SERP 10000 3417 EXAMINE_SERP
ACTION SNIPPET 10000 3420 SEEN_PREVIOUSLY b'1598678'
ACTION SNIPPET 10000 3423 SEEN_PREVIOUSLY b'1751955'
ACTION SNIPPET 10000 3426 SEEN_PREVIOUSLY b'1648105'
ACTION SNIPPET 10000 3429 SEEN_PREVIOUSLY b'1373726'
ACTION SNIPPET 10000 3432 SEEN_PREVIOUSLY b'640075'
ACTION SNIPPET 10000 3435 SEEN_PREVIOUSLY b'317296'
ACTION SNIPPET 10000 3438 SNIPPET_RELEVANT b'1754294'
ACTION DOC 10000 3458 EXAMINING_DOCUMENT b'1754294'
ACTION SNIPPET 10000 3461 SEEN_PREVIOUSLY b'1403372'
ACTION SNIPPET 10000 3464 SNIPPET_RELEVANT b'1100986'
ACTION DOC 10000 3484 EXAMINING_DOCUMENT b'1100986'
ACTION MARK 10000 3487 CONSIDERED_RELEVANT b'1100986'
ACTION SNIPPET 10000 3490 SNIPPET_RELEVANT b'1638404'
ACTION DOC 10000 3510 EXAMINING_DOCUMENT b'1638404'
ACTION MARK 10000 3513 CONSIDERED_RELEVANT b'1638404'
ACTION QUERY 10000 3523 railway accidents horn
ACTION SERP 10000 3528 EXAMINE_SERP
ACTION SNIPPET 10000 3531 SEEN_PREVIOUSLY b'317296'
ACTION SNIPPET 10000 3534 SNIPPET_NOT_RELEVANT b'331805'
ACTION SNIPPET 10000 3537 SNIPPET_RELEVANT b'1155131'
ACTION DOC 10000 3557 EXAMINING_DOCUMENT b'1155131'
ACTION SNIPPET 10000 3560 SEEN_PREVIOUSLY b'1403372'
ACTION SNIPPET 10000 3563 SEEN_PREVIOUSLY b'322672'
ACTION SNIPPET 10000 3566 SEEN_PREVIOUSLY b'39908'
ACTION SNIPPET 10000 3569 SEEN_PREVIOUSLY b'191795'
ACTION SNIPPET 10000 3572 SEEN_PREVIOUSLY b'1598678'
ACTION SNIPPET 10000 3575 SEEN_PREVIOUSLY b'1373726'
ACTION SNIPPET 10000 3578 SEEN_PREVIOUSLY b'1751955'
ACTION QUERY 10000 3588 railway accidents companies
ACTION SERP 10000 3593 EXAMINE_SERP
ACTION SNIPPET 10000 3596 SEEN_PREVIOUSLY b'317296'
ACTION SNIPPET 10000 3599 SEEN_PREVIOUSLY b'1403372'
ACTION SNIPPET 10000 3602 SEEN_PREVIOUSLY b'1598678'
ACTION SNIPPET 10000 3605 SEEN_PREVIOUSLY b'640075'
ACTION SNIPPET 10000 3608 SEEN_PREVIOUSLY b'39908'
ACTION SNIPPET 10000 3611 SEEN_PREVIOUSLY b'191795'
ACTION SNIPPET 10000 3614 SEEN_PREVIOUSLY b'199517'
ACTION SNIPPET 10000 3617 SEEN_PREVIOUSLY b'1373726'
ACTION SNIPPET 10000 3620 SEEN_PREVIOUSLY b'1751955'
ACTION SNIPPET 10000 3623 SNIPPET_RELEVANT b'1552973'
ACTION DOC 10000 3643 EXAMINING_DOCUMENT b'1552973'
ACTION QUERY 10000 3653 railway accidents ran
ACTION SERP 10000 3658 EXAMINE_SERP
ACTION SNIPPET 10000 3661 SEEN_PREVIOUSLY b'1403372'
ACTION SNIPPET 10000 3664 SEEN_PREVIOUSLY b'1751955'
ACTION SNIPPET 10000 3667 SEEN_PREVIOUSLY b'317296'
ACTION SNIPPET 10000 3670 SEEN_PREVIOUSLY b'640075'
ACTION SNIPPET 10000 3673 SEEN_PREVIOUSLY b'161660'
ACTION SNIPPET 10000 3676 SEEN_PREVIOUSLY b'39908'
ACTION SNIPPET 10000 3679 SEEN_PREVIOUSLY b'191795'
ACTION SNIPPET 10000 3682 SEEN_PREVIOUSLY b'1598678'
ACTION SNIPPET 10000 3685 SEEN_PREVIOUSLY b'1373726'
ACTION SNIPPET 10000 3688 SEEN_PREVIOUSLY b'322672'
ACTION QUERY 10000 3698 railway accidents 110
ACTION SERP 10000 3703 EXAMINE_SERP
ACTION SNIPPET 10000 3706 SEEN_PREVIOUSLY b'317296'
ACTION SNIPPET 10000 3709 SEEN_PREVIOUSLY b'1403372'
ACTION SNIPPET 10000 3712 SNIPPET_RELEVANT b'7282'
ACTION DOC 10000 3732 EXAMINING_DOCUMENT b'7282'
ACTION SNIPPET 10000 3735 SEEN_PREVIOUSLY b'7282'
ACTION SNIPPET 10000 3738 SEEN_PREVIOUSLY b'39908'
ACTION SNIPPET 10000 3741 SEEN_PREVIOUSLY b'191795'
ACTION SNIPPET 10000 3744 SEEN_PREVIOUSLY b'1598678'
ACTION SNIPPET 10000 3747 SNIPPET_NOT_RELEVANT b'852332'
ACTION SNIPPET 10000 3750 SEEN_PREVIOUSLY b'1373726'
ACTION SNIPPET 10000 3753 SEEN_PREVIOUSLY b'1751955'
ACTION QUERY 10000 3763 railway accidents long
ACTION SERP 10000 3768 EXAMINE_SERP
ACTION SNIPPET 10000 3771 SEEN_PREVIOUSLY b'317296'
ACTION SNIPPET 10000 3774 SEEN_PREVIOUSLY b'1598678'
ACTION SNIPPET 10000 3777 SEEN_PREVIOUSLY b'1403372'
ACTION SNIPPET 10000 3780 SEEN_PREVIOUSLY b'1373726'
ACTION SNIPPET 10000 3783 SEEN_PREVIOUSLY b'717098'
ACTION SNIPPET 10000 3786 SEEN_PREVIOUSLY b'39908'
ACTION SNIPPET 10000 3789 SEEN_PREVIOUSLY b'191795'
ACTION SNIPPET 10000 3792 SEEN_PREVIOUSLY b'199517'
ACTION SNIPPET 10000 3795 SEEN_PREVIOUSLY b'161660'
ACTION SNIPPET 10000 3798 SEEN_PREVIOUSLY b'1751955'
ACTION QUERY 10000 3808 railway accidents device
ACTION SERP 10000 3813 EXAMINE_SERP
ACTION SNIPPET 10000 3816 SEEN_PREVIOUSLY b'317296'
ACTION SNIPPET 10000 3819 SNIPPET_RELEVANT b'14399'
ACTION DOC 10000 3839 EXAMINING_DOCUMENT b'14399'
ACTION MARK 10000 3842 CONSIDERED_RELEVANT b'14399'
ACTION SNIPPET 10000 3845 SEEN_PREVIOUSLY b'1403372'
ACTION SNIPPET 10000 3848 SEEN_PREVIOUSLY b'199826'
ACTION SNIPPET 10000 3851 SNIPPET_RELEVANT b'1750087'
ACTION DOC 10000 3871 EXAMINING_DOCUMENT b'1750087'
ACTION SNIPPET 10000 3874 SNIPPET_NOT_RELEVANT b'1563631'
ACTION SNIPPET 10000 3877 SNIPPET_RELEVANT b'1569018'
ACTION DOC 10000 3897 EXAMINING_DOCUMENT b'1569018'
ACTION SNIPPET 10000 3900 SNIPPET_NOT_RELEVANT b'1120804'
ACTION SNIPPET 10000 3903 SEEN_PREVIOUSLY b'39908'
ACTION SNIPPET 10000 3906 SEEN_PREVIOUSLY b'191795'
ACTION QUERY 10000 3916 railway accidents drugs
ACTION SERP 10000 3921 EXAMINE_SERP
ACTION SNIPPET 10000 3924 SEEN_PREVIOUSLY b'317296'
ACTION SNIPPET 10000 3927 SEEN_PREVIOUSLY b'191795'
ACTION SNIPPET 10000 3930 SEEN_PREVIOUSLY b'39908'
ACTION SNIPPET 10000 3933 SEEN_PREVIOUSLY b'1552973'
ACTION SNIPPET 10000 3936 SNIPPET_RELEVANT b'118261'
ACTION DOC 10000 3956 EXAMINING_DOCUMENT b'118261'
ACTION SNIPPET 10000 3959 SEEN_PREVIOUSLY b'1403372'
ACTION SNIPPET 10000 3962 SNIPPET_RELEVANT b'1209786'
ACTION DOC 10000 3982 EXAMINING_DOCUMENT b'1209786'
ACTION MARK 10000 3985 CONSIDERED_RELEVANT b'1209786'
ACTION SNIPPET 10000 3988 SEEN_PREVIOUSLY b'1598678'
ACTION SNIPPET 10000 3991 SEEN_PREVIOUSLY b'1373726'
ACTION SNIPPET 10000 3994 SNIPPET_NOT_RELEVANT b'260270'
ACTION QUERY 10000 4004 railway accidents states
ACTION SERP 10000 4009 EXAMINE_SERP
ACTION SNIPPET 10000 4012 SEEN_PREVIOUSLY b'317296'
ACTION SNIPPET 10000 4015 SEEN_PREVIOUSLY b'1403372'
ACTION SNIPPET 10000 4018 SEEN_PREVIOUSLY b'1373726'
ACTION SNIPPET 10000 4021 SEEN_PREVIOUSLY b'39908'
ACTION SNIPPET 10000 4024 SEEN_PREVIOUSLY b'191795'
ACTION SNIPPET 10000 4027 SEEN_PREVIOUSLY b'1598678'
ACTION SNIPPET 10000 4030 SEEN_PREVIOUSLY b'1751955'
ACTION SNIPPET 10000 4033 SEEN_PREVIOUSLY b'48678'
ACTION SNIPPET 10000 4036 SEEN_PREVIOUSLY b'161660'
ACTION SNIPPET 10000 4039 SEEN_PREVIOUSLY b'717098'
ACTION QUERY 10000 4049 railway accidents automatically
ACTION SERP 10000 4054 EXAMINE_SERP
ACTION SNIPPET 10000 4057 SNIPPET_NOT_RELEVANT b'2175'
ACTION SNIPPET 10000 4060 SNIPPET_RELEVANT b'2175'
ACTION DOC 10000 4080 EXAMINING_DOCUMENT b'2175'
ACTION SNIPPET 10000 4083 SEEN_PREVIOUSLY b'317296'
ACTION SNIPPET 10000 4086 SNIPPET_RELEVANT b'3005'
ACTION DOC 10000 4106 EXAMINING_DOCUMENT b'3005'
ACTION MARK 10000 4109 CONSIDERED_RELEVANT b'3005'
ACTION SNIPPET 10000 4112 SEEN_PREVIOUSLY b'3005'
ACTION SNIPPET 10000 4115 SNIPPET_NOT_RELEVANT b'829610'
ACTION SNIPPET 10000 4118 SEEN_PREVIOUSLY b'1403372'
ACTION SNIPPET 10000 4121 SEEN_PREVIOUSLY b'39908'
ACTION SNIPPET 10000 4124 SEEN_PREVIOUSLY b'191795'
ACTION SNIPPET 10000 4127 SEEN_PREVIOUSLY b'1598678'
ACTION QUERY 10000 4137 railway accidents crewmen
ACTION SERP 10000 4142 EXAMINE_SERP
ACTION SNIPPET 10000 4145 SNIPPET_RELEVANT b'374676'
ACTION DOC 10000 4165 EXAMINING_DOCUMENT b'374676'
ACTION MARK 10000 4168 CONSIDERED_RELEVANT b'374676'
ACTION SNIPPET 10000 4171 SNIPPET_NOT_RELEVANT b'53581'
ACTION SNIPPET 10000 4174 SNIPPET_NOT_RELEVANT b'191124'
ACTION SNIPPET 10000 4177 SNIPPET_NOT_RELEVANT b'10953'
ACTION SNIPPET 10000 4180 SNIPPET_NOT_RELEVANT b'713303'
ACTION SNIPPET 10000 4183 SNIPPET_NOT_RELEVANT b'241989'
ACTION SNIPPET 10000 4186 SNIPPET_NOT_RELEVANT b'430437'
ACTION SNIPPET 10000 4189 SEEN_PREVIOUSLY b'317296'
ACTION SNIPPET 10000 4192 SNIPPET_RELEVANT b'1699746'
ACTION DOC 10000 4212 EXAMINING_DOCUMENT b'1699746'
ACTION SNIPPET 10000 4215 SNIPPET_NOT_RELEVANT b'1028925'
ACTION QUERY 10000 4225 railway accidents wash
ACTION SERP 10000 4230 EXAMINE_SERP
ACTION SNIPPET 10000 4233 SEEN_PREVIOUSLY b'317296'
ACTION SNIPPET 10000 4236 SEEN_PREVIOUSLY b'1403372'
ACTION SNIPPET 10000 4239 SEEN_PREVIOUSLY b'39908'
ACTION SNIPPET 10000 4242 SEEN_PREVIOUSLY b'191795'
ACTION SNIPPET 10000 4245 SEEN_PREVIOUSLY b'1598678'
ACTION SNIPPET 10000 4248 SEEN_PREVIOUSLY b'1373726'
ACTION SNIPPET 10000 4251 SEEN_PREVIOUSLY b'1751955'
ACTION SNIPPET 10000 4254 SEEN_PREVIOUSLY b'48678'
ACTION SNIPPET 10000 4257 SNIPPET_RELEVANT b'1765670'
ACTION DOC 10000 4277 EXAMINING_DOCUMENT b'1765670'
ACTION MARK 10000 4280 CONSIDERED_RELEVANT b'1765670'
ACTION SNIPPET 10000 4283 SEEN_PREVIOUSLY b'965952'
ACTION QUERY 10000 4293 railway accidents 2014
ACTION SERP 10000 4298 EXAMINE_SERP
ACTION SNIPPET 10000 4301 SEEN_PREVIOUSLY b'317296'
ACTION SNIPPET 10000 4304 SEEN_PREVIOUSLY b'1403372'
ACTION SNIPPET 10000 4307 SEEN_PREVIOUSLY b'39908'
ACTION SNIPPET 10000 4310 SEEN_PREVIOUSLY b'191795'
ACTION SNIPPET 10000 4313 SEEN_PREVIOUSLY b'1598678'
ACTION SNIPPET 10000 4316 SEEN_PREVIOUSLY b'1373726'
ACTION SNIPPET 10000 4319 SEEN_PREVIOUSLY b'1751955'
ACTION SNIPPET 10000 4322 SEEN_PREVIOUSLY b'48678'
ACTION SNIPPET 10000 4325 SNIPPET_NOT_RELEVANT b'1601687'
ACTION SNIPPET 10000 4328 SNIPPET_RELEVANT b'282793'
ACTION DOC 10000 4348 EXAMINING_DOCUMENT b'282793'
ACTION QUERY 10000 4358 railway accidents inter
ACTION SERP 10000 4363 EXAMINE_SERP
ACTION SNIPPET 10000 4366 SEEN_PREVIOUSLY b'317296'
ACTION SNIPPET 10000 4369 SNIPPET_NOT_RELEVANT b'509451'
ACTION SNIPPET 10000 4372 SEEN_PREVIOUSLY b'1403372'
ACTION SNIPPET 10000 4375 SEEN_PREVIOUSLY b'39908'
ACTION SNIPPET 10000 4378 SEEN_PREVIOUSLY b'191795'
ACTION SNIPPET 10000 4381 SEEN_PREVIOUSLY b'1598678'
ACTION SNIPPET 10000 4384 SEEN_PREVIOUSLY b'1373726'
ACTION SNIPPET 10000 4387 SEEN_PREVIOUSLY b'1751955'
ACTION SNIPPET 10000 4390 SNIPPET_RELEVANT b'870173'
ACTION DOC 10000 4410 EXAMINING_DOCUMENT b'870173'
ACTION SNIPPET 10000 4413 SEEN_PREVIOUSLY b'48678'
ACTION QUERY 10000 4423 railway accidents conrail
ACTION SERP 10000 4428 EXAMINE_SERP
ACTION SNIPPET 10000 4431 SEEN_PREVIOUSLY b'2175'
ACTION SNIPPET 10000 4434 SEEN_PREVIOUSLY b'2175'
ACTION SNIPPET 10000 4437 SNIPPET_NOT_RELEVANT b'478'
ACTION SNIPPET 10000 4440 SNIPPET_RELEVANT b'478'
ACTION DOC 10000 4460 EXAMINING_DOCUMENT b'478'
ACTION SNIPPET 10000 4463 SEEN_PREVIOUSLY b'48678'
ACTION SNIPPET 10000 4466 SNIPPET_NOT_RELEVANT b'537449'
ACTION SNIPPET 10000 4469 SNIPPET_NOT_RELEVANT b'537450'
ACTION SNIPPET 10000 4472 SNIPPET_NOT_RELEVANT b'237643'
ACTION SNIPPET 10000 4475 SNIPPET_NOT_RELEVANT b'326865'
ACTION SNIPPET 10000 4478 SNIPPET_NOT_RELEVANT b'1048784'
ACTION QUERY 10000 4488 railway accidents express
ACTION SERP 10000 4493 EXAMINE_SERP
ACTION SNIPPET 10000 4496 SEEN_PREVIOUSLY b'317296'
ACTION SNIPPET 10000 4499 SEEN_PREVIOUSLY b'1403372'
ACTION SNIPPET 10000 4502 SEEN_PREVIOUSLY b'199826'
ACTION SNIPPET 10000 4505 SEEN_PREVIOUSLY b'39908'
ACTION SNIPPET 10000 4508 SEEN_PREVIOUSLY b'191795'
ACTION SNIPPET 10000 4511 SEEN_PREVIOUSLY b'1598678'
ACTION SNIPPET 10000 4514 SNIPPET_NOT_RELEVANT b'880575'
ACTION SNIPPET 10000 4517 SEEN_PREVIOUSLY b'1373726'
ACTION SNIPPET 10000 4520 SNIPPET_NOT_RELEVANT b'131454'
ACTION SNIPPET 10000 4523 SEEN_PREVIOUSLY b'1751955'
ACTION QUERY 10000 4533 railway accidents break
ACTION SERP 10000 4538 EXAMINE_SERP
ACTION SNIPPET 10000 4541 SEEN_PREVIOUSLY b'317296'
ACTION SNIPPET 10000 4544 SEEN_PREVIOUSLY b'199517'
ACTION SNIPPET 10000 4547 SEEN_PREVIOUSLY b'1403372'
ACTION SNIPPET 10000 4550 SEEN_PREVIOUSLY b'39908'
ACTION SNIPPET 10000 4553 SEEN_PREVIOUSLY b'191795'
ACTION SNIPPET 10000 4556 SEEN_PREVIOUSLY b'1598678'
ACTION SNIPPET 10000 4559 SEEN_PREVIOUSLY b'1373726'
ACTION SNIPPET 10000 4562 SEEN_PREVIOUSLY b'1751955'
ACTION SNIPPET 10000 4565 SEEN_PREVIOUSLY b'48678'
ACTION SNIPPET 10000 4568 SEEN_PREVIOUSLY b'965952'
ACTION QUERY 10000 4578 railway accidents motor
ACTION SERP 10000 4583 EXAMINE_SERP
ACTION SNIPPET 10000 4586 SEEN_PREVIOUSLY b'317296'
ACTION SNIPPET 10000 4589 SNIPPET_RELEVANT b'124596'
ACTION DOC 10000 4609 EXAMINING_DOCUMENT b'124596'
ACTION SNIPPET 10000 4612 SNIPPET_RELEVANT b'385077'
ACTION DOC 10000 4632 EXAMINING_DOCUMENT b'385077'
ACTION SNIPPET 10000 4635 SEEN_PREVIOUSLY b'1403372'
ACTION SNIPPET 10000 4638 SEEN_PREVIOUSLY b'852916'
ACTION SNIPPET 10000 4641 SEEN_PREVIOUSLY b'1301462'
ACTION SNIPPET 10000 4644 SNIPPET_NOT_RELEVANT b'654119'
ACTION SNIPPET 10000 4647 SNIPPET_NOT_RELEVANT b'1120804'
ACTION SNIPPET 10000 4650 SEEN_PREVIOUSLY b'39908'
ACTION SNIPPET 10000 4653 SEEN_PREVIOUSLY b'191795'
ACTION QUERY 10000 4663 railway accidents day
ACTION SERP 10000 4668 EXAMINE_SERP
ACTION SNIPPET 10000 4671 SEEN_PREVIOUSLY b'317296'
ACTION SNIPPET 10000 4674 SEEN_PREVIOUSLY b'1403372'
ACTION SNIPPET 10000 4677 SEEN_PREVIOUSLY b'1598678'
ACTION SNIPPET 10000 4680 SEEN_PREVIOUSLY b'1751955'
ACTION SNIPPET 10000 4683 SEEN_PREVIOUSLY b'1373726'
ACTION SNIPPET 10000 4686 SEEN_PREVIOUSLY b'39908'
ACTION SNIPPET 10000 4689 SEEN_PREVIOUSLY b'191795'
ACTION SNIPPET 10000 4692 SEEN_PREVIOUSLY b'650393'
ACTION SNIPPET 10000 4695 SEEN_PREVIOUSLY b'161660'
ACTION SNIPPET 10000 4698 SEEN_PREVIOUSLY b'48678'
ACTION QUERY 10000 4708 railway accidents soldiers
ACTION SERP 10000 4713 EXAMINE_SERP
ACTION SNIPPET 10000 4716 SEEN_PREVIOUSLY b'1373726'
ACTION SNIPPET 10000 4719 SEEN_PREVIOUSLY b'317296'
ACTION SNIPPET 10000 4722 SNIPPET_NOT_RELEVANT b'170824'
ACTION SNIPPET 10000 4725 SEEN_PREVIOUSLY b'1403372'
ACTION SNIPPET 10000 4728 SEEN_PREVIOUSLY b'199826'
ACTION SNIPPET 10000 4731 SEEN_PREVIOUSLY b'39908'
ACTION SNIPPET 10000 4734 SEEN_PREVIOUSLY b'191795'
ACTION SNIPPET 10000 4737 SEEN_PREVIOUSLY b'1598678'
ACTION SNIPPET 10000 4740 SEEN_PREVIOUSLY b'1751955'
ACTION SNIPPET 10000 4743 SEEN_PREVIOUSLY b'48678'
ACTION QUERY 10000 4753 railway accidents found
ACTION SERP 10000 4758 EXAMINE_SERP
ACTION SNIPPET 10000 4761 SEEN_PREVIOUSLY b'317296'
ACTION SNIPPET 10000 4764 SEEN_PREVIOUSLY b'1598678'
ACTION SNIPPET 10000 4767 SEEN_PREVIOUSLY b'1403372'
ACTION SNIPPET 10000 4770 SEEN_PREVIOUSLY b'1552973'
ACTION SNIPPET 10000 4773 SEEN_PREVIOUSLY b'39908'
ACTION SNIPPET 10000 4776 SEEN_PREVIOUSLY b'191795'
ACTION SNIPPET 10000 4779 SEEN_PREVIOUSLY b'1373726'
ACTION SNIPPET 10000 4782 SEEN_PREVIOUSLY b'1751955'
ACTION SNIPPET 10000 4785 SEEN_PREVIOUSLY b'1648105'
ACTION SNIPPET 10000 4788 SEEN_PREVIOUSLY b'48678'
ACTION QUERY 10000 4798 railway accidents pilgrimage
ACTION SERP 10000 4803 EXAMINE_SERP
ACTION SNIPPET 10000 4806 SEEN_PREVIOUSLY b'317296'
ACTION SNIPPET 10000 4809 SNIPPET_RELEVANT b'365725'
ACTION DOC 10000 4829 EXAMINING_DOCUMENT b'365725'
ACTION SNIPPET 10000 4832 SEEN_PREVIOUSLY b'1403372'
ACTION SNIPPET 10000 4835 SNIPPET_NOT_RELEVANT b'365604'
ACTION SNIPPET 10000 4838 SNIPPET_NOT_RELEVANT b'1731810'
ACTION SNIPPET 10000 4841 SEEN_PREVIOUSLY b'39908'
ACTION SNIPPET 10000 4844 SEEN_PREVIOUSLY b'191795'
ACTION SNIPPET 10000 4847 SEEN_PREVIOUSLY b'1598678'
ACTION SNIPPET 10000 4850 SNIPPET_NOT_RELEVANT b'1639716'
ACTION SNIPPET 10000 4853 SEEN_PREVIOUSLY b'1373726'
ACTION QUERY 10000 4863 railway accidents southern
ACTION SERP 10000 4868 EXAMINE_SERP
ACTION SNIPPET 10000 4871 SEEN_PREVIOUSLY b'199826'
ACTION SNIPPET 10000 4874 SNIPPET_RELEVANT b'1423'
ACTION DOC 10000 4894 EXAMINING_DOCUMENT b'1423'
ACTION SNIPPET 10000 4897 SEEN_PREVIOUSLY b'1423'
ACTION SNIPPET 10000 4900 SEEN_PREVIOUSLY b'317296'
ACTION SNIPPET 10000 4903 SNIPPET_NOT_RELEVANT b'70890'
ACTION SNIPPET 10000 4906 SNIPPET_NOT_RELEVANT b'417211'
ACTION SNIPPET 10000 4909 SNIPPET_NOT_RELEVANT b'1463396'
ACTION SNIPPET 10000 4912 SEEN_PREVIOUSLY b'1403372'
ACTION SNIPPET 10000 4915 SNIPPET_NOT_RELEVANT b'484750'
ACTION SNIPPET 10000 4918 SNIPPET_RELEVANT b'956488'
ACTION DOC 10000 4938 EXAMINING_DOCUMENT b'956488'
ACTION MARK 10000 4941 CONSIDERED_RELEVANT b'956488'
ACTION QUERY 10000 4951 railway accidents award
ACTION SERP 10000 4956 EXAMINE_SERP
ACTION SNIPPET 10000 4959 SEEN_PREVIOUSLY b'317296'
ACTION SNIPPET 10000 4962 SEEN_PREVIOUSLY b'1403372'
ACTION SNIPPET 10000 4965 SNIPPET_NOT_RELEVANT b'1529523'
ACTION SNIPPET 10000 4968 SEEN_PREVIOUSLY b'39908'
ACTION SNIPPET 10000 4971 SEEN_PREVIOUSLY b'191795'
ACTION SNIPPET 10000 4974 SEEN_PREVIOUSLY b'1598678'
ACTION SNIPPET 10000 4977 SEEN_PREVIOUSLY b'1373726'
ACTION SNIPPET 10000 4980 SEEN_PREVIOUSLY b'1751955'
ACTION SNIPPET 10000 4983 SNIPPET_NOT_RELEVANT b'262588'
ACTION SNIPPET 10000 4986 SEEN_PREVIOUSLY b'48678'
ACTION QUERY 10000 4996 railway accidents civil
ACTION SERP 10000 5001 EXAMINE_SERP
ACTION SNIPPET 10000 5004 SEEN_PREVIOUSLY b'48678'
ACTION SNIPPET 10000 5007 SEEN_PREVIOUSLY b'317296'
ACTION SNIPPET 10000 5010 SEEN_PREVIOUSLY b'1403372'
ACTION SNIPPET 10000 5013 SEEN_PREVIOUSLY b'39908'
ACTION SNIPPET 10000 5016 SEEN_PREVIOUSLY b'191795'
ACTION SNIPPET 10000 5019 SEEN_PREVIOUSLY b'1598678'
ACTION SNIPPET 10000 5022 SNIPPET_NOT_RELEVANT b'256295'
ACTION SNIPPET 10000 5025 SNIPPET_NOT_RELEVANT b'213850'
ACTION SNIPPET 10000 5028 SEEN_PREVIOUSLY b'1373726'
ACTION SNIPPET 10000 5031 SEEN_PREVIOUSLY b'1751955'
ACTION QUERY 10000 5041 railway accidents recession
ACTION SERP 10000 5046 EXAMINE_SERP
ACTION SNIPPET 10000 5049 SEEN_PREVIOUSLY b'317296'
ACTION SNIPPET 10000 5052 SEEN_PREVIOUSLY b'1403372'
ACTION SNIPPET 10000 5055 SEEN_PREVIOUSLY b'39908'
ACTION SNIPPET 10000 5058 SEEN_PREVIOUSLY b'191795'
ACTION SNIPPET 10000 5061 SEEN_PREVIOUSLY b'1598678'
ACTION SNIPPET 10000 5064 SEEN_PREVIOUSLY b'1373726'
ACTION SNIPPET 10000 5067 SEEN_PREVIOUSLY b'1751955'
ACTION SNIPPET 10000 5070 SEEN_PREVIOUSLY b'48678'
ACTION SNIPPET 10000 5073 SNIPPET_NOT_RELEVANT b'450713'
ACTION SNIPPET 10000 5076 SEEN_PREVIOUSLY b'965952'
ACTION QUERY 10000 5086 railway accidents odd
ACTION SERP 10000 5091 EXAMINE_SERP
ACTION SNIPPET 10000 5094 SEEN_PREVIOUSLY b'317296'
ACTION SNIPPET 10000 5097 SNIPPET_NOT_RELEVANT b'226886'
ACTION SNIPPET 10000 5100 SEEN_PREVIOUSLY b'1403372'
ACTION SNIPPET 10000 5103 SEEN_PREVIOUSLY b'478'
ACTION SNIPPET 10000 5106 SEEN_PREVIOUSLY b'478'
ACTION SNIPPET 10000 5109 SEEN_PREVIOUSLY b'39908'
ACTION SNIPPET 10000 5112 SEEN_PREVIOUSLY b'191795'
ACTION SNIPPET 10000 5115 SEEN_PREVIOUSLY b'1598678'
ACTION SNIPPET 10000 5118 SEEN_PREVIOUSLY b'1373726'
ACTION SNIPPET 10000 5121 SEEN_PREVIOUSLY b'1751955'
ACTION QUERY 10000 5131 railway accidents improving
ACTION SERP 10000 5136 EXAMINE_SERP
ACTION SNIPPET 10000 5139 SEEN_PREVIOUSLY b'1373726'
ACTION SNIPPET 10000 5142 SEEN_PREVIOUSLY b'317296'
ACTION SNIPPET 10000 5145 SEEN_PREVIOUSLY b'1598678'
ACTION SNIPPET 10000 5148 SEEN_PREVIOUSLY b'1403372'
ACTION SNIPPET 10000 5151 SNIPPET_NOT_RELEVANT b'359801'
ACTION SNIPPET 10000 5154 SEEN_PREVIOUSLY b'39908'
ACTION SNIPPET 10000 5157 SEEN_PREVIOUSLY b'191795'
ACTION SNIPPET 10000 5160 SEEN_PREVIOUSLY b'1751955'
ACTION SNIPPET 10000 5163 SNIPPET_NOT_RELEVANT b'325014'
ACTION SNIPPET 10000 5166 SNIPPET_NOT_RELEVANT b'1226414'
ACTION QUERY 10000 5176 railway accidents slams
ACTION SERP 10000 5181 EXAMINE_SERP
ACTION SNIPPET 10000 5184 SEEN_PREVIOUSLY b'317296'
ACTION SNIPPET 10000 5187 SEEN_PREVIOUSLY b'1369590'
ACTION SNIPPET 10000 5190 SEEN_PREVIOUSLY b'1403372'
ACTION SNIPPET 10000 5193 SEEN_PREVIOUSLY b'39908'
ACTION SNIPPET 10000 5196 SEEN_PREVIOUSLY b'191795'
ACTION SNIPPET 10000 5199 SEEN_PREVIOUSLY b'1598678'
ACTION SNIPPET 10000 5202 SNIPPET_NOT_RELEVANT b'485001'
ACTION SNIPPET 10000 5205 SEEN_PREVIOUSLY b'1373726'
ACTION SNIPPET 10000 5208 SEEN_PREVIOUSLY b'1751955'
ACTION SNIPPET 10000 5211 SEEN_PREVIOUSLY b'48678'
ACTION QUERY 10000 5221 railway accidents cocaine
ACTION SERP 10000 5226 EXAMINE_SERP
ACTION SNIPPET 10000 5229 SEEN_PREVIOUSLY b'317296'
ACTION SNIPPET 10000 5232 SNIPPET_RELEVANT b'316203'
ACTION DOC 10000 5252 EXAMINING_DOCUMENT b'316203'
ACTION SNIPPET 10000 5255 SEEN_PREVIOUSLY b'1403372'
ACTION SNIPPET 10000 5258 SNIPPET_NOT_RELEVANT b'333971'
ACTION SNIPPET 10000 5261 SNIPPET_RELEVANT b'212012'
ACTION DOC 10000 5281 EXAMINING_DOCUMENT b'212012'
ACTION SNIPPET 10000 5284 SNIPPET_NOT_RELEVANT b'203486'
ACTION SNIPPET 10000 5287 SNIPPET_RELEVANT b'404752'
ACTION DOC 10000 5307 EXAMINING_DOCUMENT b'404752'
ACTION SNIPPET 10000 5310 SEEN_PREVIOUSLY b'39908'
ACTION SNIPPET 10000 5313 SEEN_PREVIOUSLY b'191795'
ACTION SNIPPET 10000 5316 SEEN_PREVIOUSLY b'1598678'
ACTION QUERY 10000 5326 railway accidents drove
ACTION SERP 10000 5331 EXAMINE_SERP
ACTION SNIPPET 10000 5334 SEEN_PREVIOUSLY b'965952'
ACTION SNIPPET 10000 5337 SEEN_PREVIOUSLY b'317296'
ACTION SNIPPET 10000 5340 SEEN_PREVIOUSLY b'161660'
ACTION SNIPPET 10000 5343 SEEN_PREVIOUSLY b'1403372'
ACTION SNIPPET 10000 5346 SEEN_PREVIOUSLY b'39908'
ACTION SNIPPET 10000 5349 SEEN_PREVIOUSLY b'191795'
ACTION SNIPPET 10000 5352 SEEN_PREVIOUSLY b'1598678'
ACTION SNIPPET 10000 5355 SEEN_PREVIOUSLY b'1373726'
ACTION SNIPPET 10000 5358 SEEN_PREVIOUSLY b'1751955'
ACTION SNIPPET 10000 5361 SEEN_PREVIOUSLY b'48678'
ACTION QUERY 10000 5371 railway accidents whistle
ACTION SERP 10000 5376 EXAMINE_SERP
ACTION SNIPPET 10000 5379 SEEN_PREVIOUSLY b'2175'
ACTION SNIPPET 10000 5382 SEEN_PREVIOUSLY b'2175'
ACTION SNIPPET 10000 5385 SEEN_PREVIOUSLY b'161660'
ACTION SNIPPET 10000 5388 SEEN_PREVIOUSLY b'317296'
ACTION SNIPPET 10000 5391 SEEN_PREVIOUSLY b'322672'
ACTION SNIPPET 10000 5394 SEEN_PREVIOUSLY b'1403372'
ACTION SNIPPET 10000 5397 SNIPPET_NOT_RELEVANT b'383032'
ACTION SNIPPET 10000 5400 SNIPPET_NOT_RELEVANT b'1903'
ACTION SNIPPET 10000 5403 SNIPPET_RELEVANT b'1903'
ACTION DOC 10000 5423 EXAMINING_DOCUMENT b'1903'
ACTION SNIPPET 10000 5426 SNIPPET_RELEVANT b'553386'
ACTION DOC 10000 5446 EXAMINING_DOCUMENT b'553386'
ACTION QUERY 10000 5456 railway accidents speed
ACTION SERP 10000 5461 EXAMINE_SERP
ACTION SNIPPET 10000 5464 SEEN_PREVIOUSLY b'1751955'
ACTION SNIPPET 10000 5467 SEEN_PREVIOUSLY b'640075'
ACTION SNIPPET 10000 5470 SEEN_PREVIOUSLY b'1373726'
ACTION SNIPPET 10000 5473 SEEN_PREVIOUSLY b'1432852'
ACTION SNIPPET 10000 5476 SEEN_PREVIOUSLY b'317296'
ACTION SNIPPET 10000 5479 SNIPPET_NOT_RELEVANT b'192722'
ACTION SNIPPET 10000 5482 SNIPPET_RELEVANT b'1274502'
ACTION DOC 10000 5502 EXAMINING_DOCUMENT b'1274502'
ACTION MARK 10000 5505 CONSIDERED_RELEVANT b'1274502'
ACTION SNIPPET 10000 5508 SNIPPET_NOT_RELEVANT b'1600738'
ACTION SNIPPET 10000 5511 SEEN_PREVIOUSLY b'161660'
ACTION SNIPPET 10000 5514 SEEN_PREVIOUSLY b'1403372'
ACTION QUERY 10000 5524 railway accidents sutton
ACTION SERP 10000 5529 EXAMINE_SERP
ACTION SNIPPET 10000 5532 SEEN_PREVIOUSLY b'317296'
ACTION SNIPPET 10000 5535 SNIPPET_NOT_RELEVANT b'104846'
ACTION SNIPPET 10000 5538 SNIPPET_NOT_RELEVANT b'1814742'
ACTION SNIPPET 10000 5541 SEEN_PREVIOUSLY b'1403372'
ACTION SNIPPET 10000 5544 SNIPPET_NOT_RELEVANT b'751448'
ACTION SNIPPET 10000 5547 SEEN_PREVIOUSLY b'39908'
ACTION SNIPPET 10000 5550 SEEN_PREVIOUSLY b'191795'
ACTION SNIPPET 10000 5553 SEEN_PREVIOUSLY b'1598678'
ACTION SNIPPET 10000 5556 SEEN_PREVIOUSLY b'1373726'
ACTION SNIPPET 10000 5559 SEEN_PREVIOUSLY b'1751955'
ACTION QUERY 10000 5569 railway accidents latest
ACTION SERP 10000 5574 EXAMINE_SERP
ACTION SNIPPET 10000 5577 SEEN_PREVIOUSLY b'317296'
ACTION SNIPPET 10000 5580 SEEN_PREVIOUSLY b'1403372'
ACTION SNIPPET 10000 5583 SNIPPET_NOT_RELEVANT b'1630853'
ACTION SNIPPET 10000 5586 SEEN_PREVIOUSLY b'39908'
ACTION SNIPPET 10000 5589 SEEN_PREVIOUSLY b'191795'
ACTION SNIPPET 10000 5592 SEEN_PREVIOUSLY b'1598678'
ACTION SNIPPET 10000 5595 SEEN_PREVIOUSLY b'1373726'
ACTION SNIPPET 10000 5598 SEEN_PREVIOUSLY b'1751955'
ACTION SNIPPET 10000 5601 SNIPPET_NOT_RELEVANT b'98796'
ACTION SNIPPET 10000 5604 SEEN_PREVIOUSLY b'48678'
ACTION QUERY 10000 5614 railway accidents common
ACTION SERP 10000 5619 EXAMINE_SERP
ACTION SNIPPET 10000 5622 SEEN_PREVIOUSLY b'317296'
ACTION SNIPPET 10000 5625 SEEN_PREVIOUSLY b'161660'
ACTION SNIPPET 10000 5628 SEEN_PREVIOUSLY b'1403372'
ACTION SNIPPET 10000 5631 SEEN_PREVIOUSLY b'39908'
ACTION SNIPPET 10000 5634 SEEN_PREVIOUSLY b'191795'
ACTION SNIPPET 10000 5637 SEEN_PREVIOUSLY b'1598678'
ACTION SNIPPET 10000 5640 SEEN_PREVIOUSLY b'1373726'
ACTION SNIPPET 10000 5643 SEEN_PREVIOUSLY b'1751955'
ACTION SNIPPET 10000 5646 SEEN_PREVIOUSLY b'48678'
ACTION SNIPPET 10000 5649 SNIPPET_NOT_RELEVANT b'70890'
ACTION QUERY 10000 5659 railway accidents britain
ACTION SERP 10000 5664 EXAMINE_SERP
ACTION SNIPPET 10000 5667 SEEN_PREVIOUSLY b'317296'
ACTION SNIPPET 10000 5670 SEEN_PREVIOUSLY b'1301462'
ACTION SNIPPET 10000 5673 SNIPPET_NOT_RELEVANT b'1331946'
ACTION SNIPPET 10000 5676 SEEN_PREVIOUSLY b'161660'
ACTION SNIPPET 10000 5679 SNIPPET_RELEVANT b'1396390'
ACTION DOC 10000 5699 EXAMINING_DOCUMENT b'1396390'
ACTION SNIPPET 10000 5702 SEEN_PREVIOUSLY b'1403372'
ACTION SNIPPET 10000 5705 SNIPPET_NOT_RELEVANT b'1561569'
ACTION SNIPPET 10000 5708 SNIPPET_NOT_RELEVANT b'313281'
ACTION SNIPPET 10000 5711 SNIPPET_RELEVANT b'894357'
ACTION DOC 10000 5731 EXAMINING_DOCUMENT b'894357'
ACTION SNIPPET 10000 5734 SNIPPET_RELEVANT b'1393300'
ACTION DOC 10000 5754 EXAMINING_DOCUMENT b'1393300'
ACTION QUERY 10000 5764 railway accidents plunging
ACTION SERP 10000 5769 EXAMINE_SERP
ACTION SNIPPET 10000 5772 SEEN_PREVIOUSLY b'317296'
ACTION SNIPPET 10000 5775 SEEN_PREVIOUSLY b'1403372'
ACTION SNIPPET 10000 5778 SEEN_PREVIOUSLY b'39908'
ACTION SNIPPET 10000 5781 SEEN_PREVIOUSLY b'191795'
ACTION SNIPPET 10000 5784 SEEN_PREVIOUSLY b'1598678'
ACTION SNIPPET 10000 5787 SEEN_PREVIOUSLY b'1373726'
ACTION SNIPPET 10000 5790 SNIPPET_NOT_RELEVANT b'27638'
ACTION SNIPPET 10000 5793 SEEN_PREVIOUSLY b'1751955'
ACTION SNIPPET 10000 5796 SNIPPET_NOT_RELEVANT b'325823'
ACTION SNIPPET 10000 5799 SEEN_PREVIOUSLY b'48678'
ACTION QUERY 10000 5809 railway accidents type
ACTION SERP 10000 5814 EXAMINE_SERP
ACTION SNIPPET 10000 5817 SEEN_PREVIOUSLY b'317296'
ACTION SNIPPET 10000 5820 SEEN_PREVIOUSLY b'1403372'
ACTION SNIPPET 10000 5823 SEEN_PREVIOUSLY b'199517'
ACTION SNIPPET 10000 5826 SEEN_PREVIOUSLY b'39908'
ACTION SNIPPET 10000 5829 SEEN_PREVIOUSLY b'191795'
ACTION SNIPPET 10000 5832 SEEN_PREVIOUSLY b'1598678'
ACTION SNIPPET 10000 5835 SEEN_PREVIOUSLY b'1373726'
ACTION SNIPPET 10000 5838 SEEN_PREVIOUSLY b'1751955'
ACTION SNIPPET 10000 5841 SEEN_PREVIOUSLY b'48678'
ACTION SNIPPET 10000 5844 SEEN_PREVIOUSLY b'965952'
ACTION QUERY 10000 5854 railway accidents crashed
ACTION SERP 10000 5859 EXAMINE_SERP
ACTION SNIPPET 10000 5862 SEEN_PREVIOUSLY b'1403372'
ACTION SNIPPET 10000 5865 SEEN_PREVIOUSLY b'1598678'
ACTION SNIPPET 10000 5868 SEEN_PREVIOUSLY b'1751955'
ACTION SNIPPET 10000 5871 SEEN_PREVIOUSLY b'317296'
ACTION SNIPPET 10000 5874 SEEN_PREVIOUSLY b'640075'
ACTION SNIPPET 10000 5877 SNIPPET_RELEVANT b'828985'
ACTION DOC 10000 5897 EXAMINING_DOCUMENT b'828985'
ACTION SNIPPET 10000 5900 SEEN_PREVIOUSLY b'161660'
ACTION SNIPPET 10000 5903 SNIPPET_NOT_RELEVANT b'509451'
ACTION SNIPPET 10000 5906 SNIPPET_RELEVANT b'829610'
ACTION DOC 10000 5926 EXAMINING_DOCUMENT b'829610'
ACTION MARK 10000 5929 CONSIDERED_RELEVANT b'829610'
ACTION SNIPPET 10000 5932 SNIPPET_RELEVANT b'1143386'
ACTION DOC 10000 5952 EXAMINING_DOCUMENT b'1143386'
ACTION MARK 10000 5955 CONSIDERED_RELEVANT b'1143386'
ACTION QUERY 10000 5965 railway accidents union
ACTION SERP 10000 5970 EXAMINE_SERP
ACTION SNIPPET 10000 5973 SEEN_PREVIOUSLY b'1598678'
ACTION SNIPPET 10000 5976 SEEN_PREVIOUSLY b'717098'
ACTION SNIPPET 10000 5979 SEEN_PREVIOUSLY b'640075'
ACTION SNIPPET 10000 5982 SEEN_PREVIOUSLY b'317296'
ACTION SNIPPET 10000 5985 SNIPPET_RELEVANT b'115516'
ACTION DOC 10000 6005 EXAMINING_DOCUMENT b'115516'
ACTION SNIPPET 10000 6008 SNIPPET_NOT_RELEVANT b'274716'
ACTION SNIPPET 10000 6011 SEEN_PREVIOUSLY b'1403372'
ACTION SNIPPET 10000 6014 SNIPPET_NOT_RELEVANT b'175385'
ACTION SNIPPET 10000 6017 SNIPPET_NOT_RELEVANT b'325014'
ACTION SNIPPET 10000 6020 SNIPPET_RELEVANT b'1627965'
ACTION DOC 10000 6040 EXAMINING_DOCUMENT b'1627965'
ACTION MARK 10000 6043 CONSIDERED_RELEVANT b'1627965'
ACTION QUERY 10000 6053 railway accidents united
ACTION SERP 10000 6058 EXAMINE_SERP
ACTION SNIPPET 10000 6061 SEEN_PREVIOUSLY b'317296'
ACTION SNIPPET 10000 6064 SEEN_PREVIOUSLY b'1403372'
ACTION SNIPPET 10000 6067 SEEN_PREVIOUSLY b'650393'
ACTION SNIPPET 10000 6070 SEEN_PREVIOUSLY b'39908'
ACTION SNIPPET 10000 6073 SEEN_PREVIOUSLY b'191795'
ACTION SNIPPET 10000 6076 SEEN_PREVIOUSLY b'1598678'
ACTION SNIPPET 10000 6079 SEEN_PREVIOUSLY b'161660'
ACTION SNIPPET 10000 6082 SEEN_PREVIOUSLY b'1373726'
ACTION SNIPPET 10000 6085 SEEN_PREVIOUSLY b'1751955'
ACTION SNIPPET 10000 6088 SEEN_PREVIOUSLY b'48678'
ACTION QUERY 10000 6098 railway accidents injured
ACTION SERP 10000 6103 EXAMINE_SERP
ACTION SNIPPET 10000 6106 SEEN_PREVIOUSLY b'1403372'
ACTION SNIPPET 10000 6109 SEEN_PREVIOUSLY b'640075'
ACTION SNIPPET 10000 6112 SEEN_PREVIOUSLY b'317296'
ACTION SNIPPET 10000 6115 SEEN_PREVIOUSLY b'2175'
ACTION SNIPPET 10000 6118 SEEN_PREVIOUSLY b'2175'
ACTION SNIPPET 10000 6121 SNIPPET_NOT_RELEVANT b'484750'
ACTION SNIPPET 10000 6124 SNIPPET_RELEVANT b'1576528'
ACTION DOC 10000 6144 EXAMINING_DOCUMENT b'1576528'
ACTION MARK 10000 6147 CONSIDERED_RELEVANT b'1576528'
ACTION SNIPPET 10000 6150 SNIPPET_RELEVANT b'71191'
ACTION DOC 10000 6170 EXAMINING_DOCUMENT b'71191'
ACTION SNIPPET 10000 6173 SEEN_PREVIOUSLY b'1369590'
ACTION SNIPPET 10000 6176 SNIPPET_RELEVANT b'1267695'
ACTION DOC 10000 6196 EXAMINING_DOCUMENT b'1267695'
ACTION QUERY 10000 6206 railway accidents explosions
ACTION SERP 10000 6211 EXAMINE_SERP
ACTION SNIPPET 10000 6214 SEEN_PREVIOUSLY b'1751955'
ACTION SNIPPET 10000 6217 SNIPPET_NOT_RELEVANT b'484750'
ACTION SNIPPET 10000 6220 SNIPPET_NOT_RELEVANT b'256295'
ACTION SNIPPET 10000 6223 SNIPPET_RELEVANT b'1630853'
ACTION DOC 10000 6243 EXAMINING_DOCUMENT b'1630853'
ACTION SNIPPET 10000 6246 SEEN_PREVIOUSLY b'317296'
ACTION SNIPPET 10000 6249 SNIPPET_RELEVANT b'240761'
ACTION DOC 10000 6269 EXAMINING_DOCUMENT b'240761'
ACTION SNIPPET 10000 6272 SNIPPET_NOT_RELEVANT b'148370'
ACTION SNIPPET 10000 6275 SNIPPET_RELEVANT b'676504'
ACTION DOC 10000 6295 EXAMINING_DOCUMENT b'676504'
ACTION SNIPPET 10000 6298 SNIPPET_RELEVANT b'995871'
ACTION DOC 10000 6318 EXAMINING_DOCUMENT b'995871'
ACTION SNIPPET 10000 6321 SEEN_PREVIOUSLY b'1403372'
ACTION QUERY 10000 6331 railway accidents pulled
ACTION SERP 10000 6336 EXAMINE_SERP
ACTION SNIPPET 10000 6339 SEEN_PREVIOUSLY b'317296'
ACTION SNIPPET 10000 6342 SEEN_PREVIOUSLY b'161660'
ACTION SNIPPET 10000 6345 SEEN_PREVIOUSLY b'1403372'
ACTION SNIPPET 10000 6348 SEEN_PREVIOUSLY b'199826'
ACTION SNIPPET 10000 6351 SEEN_PREVIOUSLY b'39908'
ACTION SNIPPET 10000 6354 SEEN_PREVIOUSLY b'191795'
ACTION SNIPPET 10000 6357 SEEN_PREVIOUSLY b'1598678'
ACTION SNIPPET 10000 6360 SNIPPET_RELEVANT b'1720521'
ACTION DOC 10000 6380 EXAMINING_DOCUMENT b'1720521'
ACTION SNIPPET 10000 6383 SEEN_PREVIOUSLY b'1373726'
ACTION SNIPPET 10000 6386 SEEN_PREVIOUSLY b'1751955'
ACTION QUERY 10000 6396 railway accidents apartment
ACTION SERP 10000 6401 EXAMINE_SERP
ACTION SNIPPET 10000 6404 SEEN_PREVIOUSLY b'317296'
ACTION SNIPPET 10000 6407 SEEN_PREVIOUSLY b'1403372'
ACTION SNIPPET 10000 6410 SEEN_PREVIOUSLY b'39908'
ACTION SNIPPET 10000 6413 SEEN_PREVIOUSLY b'191795'
ACTION SNIPPET 10000 6416 SEEN_PREVIOUSLY b'1598678'
ACTION SNIPPET 10000 6419 SEEN_PREVIOUSLY b'1373726'
ACTION SNIPPET 10000 6422 SEEN_PREVIOUSLY b'1751955'
ACTION SNIPPET 10000 6425 SEEN_PREVIOUSLY b'48678'
ACTION SNIPPET 10000 6428 SEEN_PREVIOUSLY b'676504'
ACTION SNIPPET 10000 6431 SEEN_PREVIOUSLY b'965952'
ACTION QUERY 10000 6441 railway accidents york
ACTION SERP 10000 6446 EXAMINE_SERP
ACTION SNIPPET 10000 6449 SEEN_PREVIOUSLY b'317296'
ACTION SNIPPET 10000 6452 SEEN_PREVIOUSLY b'1403372'
ACTION SNIPPET 10000 6455 SEEN_PREVIOUSLY b'1598678'
ACTION SNIPPET 10000 6458 SEEN_PREVIOUSLY b'1751955'
ACTION SNIPPET 10000 6461 SEEN_PREVIOUSLY b'39908'
ACTION SNIPPET 10000 6464 SEEN_PREVIOUSLY b'191795'
ACTION SNIPPET 10000 6467 SEEN_PREVIOUSLY b'1373726'
ACTION SNIPPET 10000 6470 SEEN_PREVIOUSLY b'48678'
ACTION SNIPPET 10000 6473 SEEN_PREVIOUSLY b'640075'
ACTION SNIPPET 10000 6476 SEEN_PREVIOUSLY b'965952'
ACTION QUERY 10000 6486 railway accidents japans
ACTION SERP 10000 6491 EXAMINE_SERP
ACTION SNIPPET 10000 6494 SEEN_PREVIOUSLY b'640075'
ACTION SNIPPET 10000 6497 SNIPPET_RELEVANT b'865953'
ACTION DOC 10000 6517 EXAMINING_DOCUMENT b'865953'
ACTION SNIPPET 10000 6520 SEEN_PREVIOUSLY b'317296'
ACTION SNIPPET 10000 6523 SNIPPET_RELEVANT b'365921'
ACTION DOC 10000 6543 EXAMINING_DOCUMENT b'365921'
ACTION SNIPPET 10000 6546 SNIPPET_RELEVANT b'1141934'
ACTION DOC 10000 6566 EXAMINING_DOCUMENT b'1141934'
ACTION SNIPPET 10000 6569 SNIPPET_NOT_RELEVANT b'987792'
ACTION SNIPPET 10000 6572 SNIPPET_NOT_RELEVANT b'1254558'
ACTION SNIPPET 10000 6575 SNIPPET_RELEVANT b'1398709'
ACTION DOC 10000 6595 EXAMINING_DOCUMENT b'1398709'
ACTION SNIPPET 10000 6598 SEEN_PREVIOUSLY b'124596'
ACTION SNIPPET 10000 6601 SNIPPET_RELEVANT b'1256907'
ACTION DOC 10000 6621 EXAMINING_DOCUMENT b'1256907'
ACTION QUERY 10000 6631 railway accidents pakistan
ACTION SERP 10000 6636 EXAMINE_SERP
ACTION SNIPPET 10000 6639 SNIPPET_NOT_RELEVANT b'1550362'
ACTION SNIPPET 10000 6642 SNIPPET_RELEVANT b'1766314'
ACTION DOC 10000 6662 EXAMINING_DOCUMENT b'1766314'
ACTION SNIPPET 10000 6665 SEEN_PREVIOUSLY b'317296'
ACTION SNIPPET 10000 6668 SNIPPET_RELEVANT b'314984'
ACTION DOC 10000 6688 EXAMINING_DOCUMENT b'314984'
ACTION MARK 10000 6691 CONSIDERED_RELEVANT b'314984'
ACTION SNIPPET 10000 6694 SEEN_PREVIOUSLY b'1403372'
ACTION SNIPPET 10000 6697 SNIPPET_NOT_RELEVANT b'316683'
ACTION SNIPPET 10000 6700 SNIPPET_NOT_RELEVANT b'722220'
ACTION SNIPPET 10000 6703 SNIPPET_NOT_RELEVANT b'314033'
ACTION SNIPPET 10000 6706 SNIPPET_NOT_RELEVANT b'1023093'
ACTION SNIPPET 10000 6709 SEEN_PREVIOUSLY b'39908'
ACTION QUERY 10000 6719 railway accidents time
ACTION SERP 10000 6724 EXAMINE_SERP
ACTION SNIPPET 10000 6727 SEEN_PREVIOUSLY b'317296'
ACTION SNIPPET 10000 6730 SEEN_PREVIOUSLY b'1403372'
ACTION SNIPPET 10000 6733 SEEN_PREVIOUSLY b'1598678'
ACTION SNIPPET 10000 6736 SEEN_PREVIOUSLY b'39908'
ACTION SNIPPET 10000 6739 SEEN_PREVIOUSLY b'191795'
ACTION SNIPPET 10000 6742 SEEN_PREVIOUSLY b'1373726'
ACTION SNIPPET 10000 6745 SEEN_PREVIOUSLY b'1751955'
ACTION SNIPPET 10000 6748 SEEN_PREVIOUSLY b'48678'
ACTION SNIPPET 10000 6751 SEEN_PREVIOUSLY b'650393'
ACTION SNIPPET 10000 6754 SEEN_PREVIOUSLY b'161660'
ACTION QUERY 10000 6764 railway accidents stuck
ACTION SERP 10000 6769 EXAMINE_SERP
ACTION SNIPPET 10000 6772 SNIPPET_RELEVANT b'1226414'
ACTION DOC 10000 6792 EXAMINING_DOCUMENT b'1226414'
ACTION SNIPPET 10000 6795 SEEN_PREVIOUSLY b'317296'
ACTION SNIPPET 10000 6798 SEEN_PREVIOUSLY b'1369590'
ACTION SNIPPET 10000 6801 SEEN_PREVIOUSLY b'1403372'
ACTION SNIPPET 10000 6804 SEEN_PREVIOUSLY b'39908'
ACTION SNIPPET 10000 6807 SEEN_PREVIOUSLY b'191795'
ACTION SNIPPET 10000 6810 SEEN_PREVIOUSLY b'1598678'
ACTION SNIPPET 10000 6813 SEEN_PREVIOUSLY b'1373726'
ACTION SNIPPET 10000 6816 SEEN_PREVIOUSLY b'1751955'
ACTION SNIPPET 10000 6819 SEEN_PREVIOUSLY b'48678'
ACTION QUERY 10000 6829 railway accidents automatic
ACTION SERP 10000 6834 EXAMINE_SERP
ACTION SNIPPET 10000 6837 SEEN_PREVIOUSLY b'2175'
ACTION SNIPPET 10000 6840 SEEN_PREVIOUSLY b'2175'
ACTION SNIPPET 10000 6843 SEEN_PREVIOUSLY b'317296'
ACTION SNIPPET 10000 6846 SEEN_PREVIOUSLY b'1403372'
ACTION SNIPPET 10000 6849 SEEN_PREVIOUSLY b'39908'
ACTION SNIPPET 10000 6852 SEEN_PREVIOUSLY b'191795'
ACTION SNIPPET 10000 6855 SEEN_PREVIOUSLY b'1598678'
ACTION SNIPPET 10000 6858 SNIPPET_RELEVANT b'4109'
ACTION DOC 10000 6878 EXAMINING_DOCUMENT b'4109'
ACTION MARK 10000 6881 CONSIDERED_RELEVANT b'4109'
ACTION SNIPPET 10000 6884 SEEN_PREVIOUSLY b'4109'
ACTION SNIPPET 10000 6887 SEEN_PREVIOUSLY b'1373726'
ACTION QUERY 10000 6897 railway accidents region
ACTION SERP 10000 6902 EXAMINE_SERP
ACTION SNIPPET 10000 6905 SEEN_PREVIOUSLY b'1403372'
ACTION SNIPPET 10000 6908 SEEN_PREVIOUSLY b'317296'
ACTION SNIPPET 10000 6911 SNIPPET_NOT_RELEVANT b'329358'
ACTION SNIPPET 10000 6914 SEEN_PREVIOUSLY b'39908'
ACTION SNIPPET 10000 6917 SEEN_PREVIOUSLY b'191795'
ACTION SNIPPET 10000 6920 SEEN_PREVIOUSLY b'1598678'
ACTION SNIPPET 10000 6923 SNIPPET_RELEVANT b'1773386'
ACTION DOC 10000 6943 EXAMINING_DOCUMENT b'1773386'
ACTION SNIPPET 10000 6946 SEEN_PREVIOUSLY b'1373726'
ACTION SNIPPET 10000 6949 SEEN_PREVIOUSLY b'478'
ACTION SNIPPET 10000 6952 SEEN_PREVIOUSLY b'478'
ACTION QUERY 10000 6962 railway accidents halt
ACTION SERP 10000 6967 EXAMINE_SERP
ACTION SNIPPET 10000 6970 SEEN_PREVIOUSLY b'2175'
ACTION SNIPPET 10000 6973 SEEN_PREVIOUSLY b'2175'
ACTION SNIPPET 10000 6976 SEEN_PREVIOUSLY b'1373726'
ACTION SNIPPET 10000 6979 SEEN_PREVIOUSLY b'317296'
ACTION SNIPPET 10000 6982 SEEN_PREVIOUSLY b'161660'
ACTION SNIPPET 10000 6985 SNIPPET_NOT_RELEVANT b'485001'
ACTION SNIPPET 10000 6988 SNIPPET_RELEVANT b'96698'
ACTION DOC 10000 7008 EXAMINING_DOCUMENT b'96698'
ACTION SNIPPET 10000 7011 SEEN_PREVIOUSLY b'1403372'
ACTION SNIPPET 10000 7014 SNIPPET_RELEVANT b'404451'
ACTION DOC 10000 7034 EXAMINING_DOCUMENT b'404451'
ACTION SNIPPET 10000 7037 SNIPPET_NOT_RELEVANT b'1719610'
ACTION QUERY 10000 7047 railway accidents zone
ACTION SERP 10000 7052 EXAMINE_SERP
ACTION SNIPPET 10000 7055 SEEN_PREVIOUSLY b'317296'
ACTION SNIPPET 10000 7058 SEEN_PREVIOUSLY b'1403372'
ACTION SNIPPET 10000 7061 SNIPPET_RELEVANT b'213850'
ACTION DOC 10000 7081 EXAMINING_DOCUMENT b'213850'
ACTION SNIPPET 10000 7084 SEEN_PREVIOUSLY b'39908'
ACTION SNIPPET 10000 7087 SEEN_PREVIOUSLY b'191795'
ACTION SNIPPET 10000 7090 SEEN_PREVIOUSLY b'1598678'
ACTION SNIPPET 10000 7093 SNIPPET_NOT_RELEVANT b'1424927'
ACTION SNIPPET 10000 7096 SEEN_PREVIOUSLY b'1373726'
ACTION SNIPPET 10000 7099 SNIPPET_RELEVANT b'1780900'
ACTION DOC 10000 7119 EXAMINING_DOCUMENT b'1780900'
ACTION SNIPPET 10000 7122 SEEN_PREVIOUSLY b'1751955'
ACTION QUERY 10000 7132 railway accidents red
ACTION SERP 10000 7137 EXAMINE_SERP
ACTION SNIPPET 10000 7140 SEEN_PREVIOUSLY b'317296'
ACTION SNIPPET 10000 7143 SEEN_PREVIOUSLY b'1403372'
ACTION SNIPPET 10000 7146 SEEN_PREVIOUSLY b'39908'
ACTION SNIPPET 10000 7149 SEEN_PREVIOUSLY b'191795'
ACTION SNIPPET 10000 7152 SEEN_PREVIOUSLY b'1598678'
ACTION SNIPPET 10000 7155 SEEN_PREVIOUSLY b'1373726'
ACTION SNIPPET 10000 7158 SEEN_PREVIOUSLY b'1751955'
ACTION SNIPPET 10000 7161 SEEN_PREVIOUSLY b'48678'
ACTION SNIPPET 10000 7164 SNIPPET_NOT_RELEVANT b'1463396'
ACTION SNIPPET 10000 7167 SEEN_PREVIOUSLY b'965952'
ACTION QUERY 10000 7177 railway accidents impact
ACTION SERP 10000 7182 EXAMINE_SERP
ACTION SNIPPET 10000 7185 SEEN_PREVIOUSLY b'1751955'
ACTION SNIPPET 10000 7188 SEEN_PREVIOUSLY b'317296'
ACTION SNIPPET 10000 7191 SEEN_PREVIOUSLY b'1403372'
ACTION SNIPPET 10000 7194 SEEN_PREVIOUSLY b'199517'
ACTION SNIPPET 10000 7197 SEEN_PREVIOUSLY b'39908'
ACTION SNIPPET 10000 7200 SEEN_PREVIOUSLY b'191795'
ACTION SNIPPET 10000 7203 SEEN_PREVIOUSLY b'1598678'
ACTION SNIPPET 10000 7206 SNIPPET_NOT_RELEVANT b'365664'
ACTION SNIPPET 10000 7209 SNIPPET_NOT_RELEVANT b'425189'
ACTION SNIPPET 10000 7212 SEEN_PREVIOUSLY b'1373726'
ACTION QUERY 10000 7222 railway accidents wikipedia
ACTION SERP 10000 7227 EXAMINE_SERP
ACTION SNIPPET 10000 7230 SNIPPET_NOT_RELEVANT b'1746225'
ACTION SNIPPET 10000 7233 SNIPPET_NOT_RELEVANT b'1769713'
ACTION SNIPPET 10000 7236 SNIPPET_RELEVANT b'1822349'
ACTION DOC 10000 7256 EXAMINING_DOCUMENT b'1822349'
ACTION SNIPPET 10000 7259 SNIPPET_NOT_RELEVANT b'1727145'
ACTION SNIPPET 10000 7262 SNIPPET_RELEVANT b'1827791'
ACTION DOC 10000 7282 EXAMINING_DOCUMENT b'1827791'
ACTION SNIPPET 10000 7285 SNIPPET_NOT_RELEVANT b'1717533'
ACTION SNIPPET 10000 7288 SNIPPET_NOT_RELEVANT b'1785297'
ACTION SNIPPET 10000 7291 SNIPPET_RELEVANT b'1722376'
ACTION DOC 10000 7311 EXAMINING_DOCUMENT b'1722376'
ACTION SNIPPET 10000 7314 SNIPPET_RELEVANT b'1830747'
ACTION DOC 10000 7334 EXAMINING_DOCUMENT b'1830747'
ACTION SNIPPET 10000 7337 SNIPPET_RELEVANT b'1832455'
ACTION DOC 10000 7357 EXAMINING_DOCUMENT b'1832455'
ACTION QUERY 10000 7367 railway accidents 2
ACTION SERP 10000 7372 EXAMINE_SERP
ACTION SNIPPET 10000 7375 SEEN_PREVIOUSLY b'317296'
ACTION SNIPPET 10000 7378 SEEN_PREVIOUSLY b'1403372'
ACTION SNIPPET 10000 7381 SEEN_PREVIOUSLY b'1751955'
ACTION SNIPPET 10000 7384 SEEN_PREVIOUSLY b'1373726'
ACTION SNIPPET 10000 7387 SEEN_PREVIOUSLY b'39908'
ACTION SNIPPET 10000 7390 SEEN_PREVIOUSLY b'191795'
ACTION SNIPPET 10000 7393 SEEN_PREVIOUSLY b'1598678'
ACTION SNIPPET 10000 7396 SEEN_PREVIOUSLY b'717098'
ACTION SNIPPET 10000 7399 SEEN_PREVIOUSLY b'640075'
ACTION SNIPPET 10000 7402 SEEN_PREVIOUSLY b'199826'
ACTION QUERY 10000 7412 railway accidents switch
ACTION SERP 10000 7417 EXAMINE_SERP
ACTION SNIPPET 10000 7420 SEEN_PREVIOUSLY b'39908'
ACTION SNIPPET 10000 7423 SNIPPET_NOT_RELEVANT b'706706'
ACTION SNIPPET 10000 7426 SEEN_PREVIOUSLY b'317296'
ACTION SNIPPET 10000 7429 SEEN_PREVIOUSLY b'199517'
ACTION SNIPPET 10000 7432 SNIPPET_RELEVANT b'159086'
ACTION DOC 10000 7452 EXAMINING_DOCUMENT b'159086'
ACTION SNIPPET 10000 7455 SEEN_PREVIOUSLY b'1750087'
ACTION SNIPPET 10000 7458 SEEN_PREVIOUSLY b'1403372'
ACTION SNIPPET 10000 7461 SEEN_PREVIOUSLY b'1301462'
ACTION SNIPPET 10000 7464 SNIPPET_NOT_RELEVANT b'359925'
ACTION SNIPPET 10000 7467 SEEN_PREVIOUSLY b'191795'
ACTION QUERY 10000 7477 railway accidents positive
ACTION SERP 10000 7482 EXAMINE_SERP
ACTION SNIPPET 10000 7485 SEEN_PREVIOUSLY b'317296'
ACTION SNIPPET 10000 7488 SEEN_PREVIOUSLY b'1403372'
ACTION SNIPPET 10000 7491 SEEN_PREVIOUSLY b'39908'
ACTION SNIPPET 10000 7494 SEEN_PREVIOUSLY b'191795'
ACTION SNIPPET 10000 7497 SEEN_PREVIOUSLY b'1598678'
ACTION SNIPPET 10000 7500 SEEN_PREVIOUSLY b'1373726'
ACTION SNIPPET 10000 7503 SEEN_PREVIOUSLY b'1751955'
ACTION SNIPPET 10000 7506 SEEN_PREVIOUSLY b'1301462'
ACTION SNIPPET 10000 7509 SEEN_PREVIOUSLY b'48678'
ACTION SNIPPET 10000 7512 SNIPPET_RELEVANT b'1563631'
ACTION DOC 10000 7532 EXAMINING_DOCUMENT b'1563631'
ACTION QUERY 10000 7542 railway accidents tass
ACTION SERP 10000 7547 EXAMINE_SERP
ACTION SNIPPET 10000 7550 SNIPPET_NOT_RELEVANT b'263881'
ACTION SNIPPET 10000 7553 SNIPPET_NOT_RELEVANT b'256295'
ACTION SNIPPET 10000 7556 SNIPPET_NOT_RELEVANT b'357134'
ACTION SNIPPET 10000 7559 SNIPPET_NOT_RELEVANT b'379196'
ACTION SNIPPET 10000 7562 SNIPPET_NOT_RELEVANT b'18433'
ACTION SNIPPET 10000 7565 SNIPPET_NOT_RELEVANT b'253620'
ACTION SNIPPET 10000 7568 SNIPPET_RELEVANT b'151725'
ACTION DOC 10000 7588 EXAMINING_DOCUMENT b'151725'
ACTION MARK 10000 7591 CONSIDERED_RELEVANT b'151725'
ACTION SNIPPET 10000 7594 SNIPPET_NOT_RELEVANT b'63981'
ACTION SNIPPET 10000 7597 SNIPPET_NOT_RELEVANT b'390582'
ACTION SNIPPET 10000 7600 SNIPPET_RELEVANT b'99104'
ACTION DOC 10000 7620 EXAMINING_DOCUMENT b'99104'
ACTION QUERY 10000 7630 railway accidents european
ACTION SERP 10000 7635 EXAMINE_SERP
ACTION SNIPPET 10000 7638 SEEN_PREVIOUSLY b'317296'
ACTION SNIPPET 10000 7641 SNIPPET_RELEVANT b'303711'
ACTION DOC 10000 7661 EXAMINING_DOCUMENT b'303711'
ACTION SNIPPET 10000 7664 SEEN_PREVIOUSLY b'1403372'
ACTION SNIPPET 10000 7667 SEEN_PREVIOUSLY b'1393300'
ACTION SNIPPET 10000 7670 SEEN_PREVIOUSLY b'39908'
ACTION SNIPPET 10000 7673 SEEN_PREVIOUSLY b'191795'
ACTION SNIPPET 10000 7676 SEEN_PREVIOUSLY b'1598678'
ACTION SNIPPET 10000 7679 SNIPPET_NOT_RELEVANT b'1727850'
ACTION SNIPPET 10000 7682 SEEN_PREVIOUSLY b'1373726'
ACTION SNIPPET 10000 7685 SEEN_PREVIOUSLY b'1751955'
ACTION QUERY 10000 7695 railway accidents festival
ACTION SERP 10000 7700 EXAMINE_SERP
ACTION SNIPPET 10000 7703 SEEN_PREVIOUSLY b'317296'
ACTION SNIPPET 10000 7706 SEEN_PREVIOUSLY b'1403372'
ACTION SNIPPET 10000 7709 SEEN_PREVIOUSLY b'39908'
ACTION SNIPPET 10000 7712 SEEN_PREVIOUSLY b'191795'
ACTION SNIPPET 10000 7715 SEEN_PREVIOUSLY b'1598678'
ACTION SNIPPET 10000 7718 SEEN_PREVIOUSLY b'1373726'
ACTION SNIPPET 10000 7721 SEEN_PREVIOUSLY b'1751955'
ACTION SNIPPET 10000 7724 SEEN_PREVIOUSLY b'48678'
ACTION SNIPPET 10000 7727 SNIPPET_NOT_RELEVANT b'1647893'
ACTION SNIPPET 10000 7730 SEEN_PREVIOUSLY b'965952'
ACTION QUERY 10000 7740 railway accidents iii
ACTION SERP 10000 7745 EXAMINE_SERP
ACTION SNIPPET 10000 7748 SEEN_PREVIOUSLY b'317296'
ACTION SNIPPET 10000 7751 SEEN_PREVIOUSLY b'1403372'
ACTION SNIPPET 10000 7754 SEEN_PREVIOUSLY b'39908'
ACTION SNIPPET 10000 7757 SEEN_PREVIOUSLY b'191795'
ACTION SNIPPET 10000 7760 SEEN_PREVIOUSLY b'1598678'
ACTION SNIPPET 10000 7763 SEEN_PREVIOUSLY b'1373726'
ACTION SNIPPET 10000 7766 SEEN_PREVIOUSLY b'1751955'
ACTION SNIPPET 10000 7769 SEEN_PREVIOUSLY b'48678'
ACTION SNIPPET 10000 7772 SEEN_PREVIOUSLY b'965952'
ACTION SNIPPET 10000 7775 SEEN_PREVIOUSLY b'161660'
ACTION QUERY 10000 7785 railway accidents system
ACTION SERP 10000 7790 EXAMINE_SERP
ACTION SNIPPET 10000 7793 SEEN_PREVIOUSLY b'317296'
ACTION SNIPPET 10000 7796 SEEN_PREVIOUSLY b'1598678'
ACTION SNIPPET 10000 7799 SEEN_PREVIOUSLY b'2175'
ACTION SNIPPET 10000 7802 SEEN_PREVIOUSLY b'2175'
ACTION SNIPPET 10000 7805 SEEN_PREVIOUSLY b'1403372'
ACTION SNIPPET 10000 7808 SEEN_PREVIOUSLY b'640075'
ACTION SNIPPET 10000 7811 SEEN_PREVIOUSLY b'1563631'
ACTION SNIPPET 10000 7814 SEEN_PREVIOUSLY b'1648105'
ACTION SNIPPET 10000 7817 SEEN_PREVIOUSLY b'161660'
ACTION SNIPPET 10000 7820 SEEN_PREVIOUSLY b'39908'
ACTION QUERY 10000 7830 railway accidents wreck
ACTION SERP 10000 7835 EXAMINE_SERP
ACTION SNIPPET 10000 7838 SNIPPET_NOT_RELEVANT b'484750'
ACTION SNIPPET 10000 7841 SEEN_PREVIOUSLY b'317296'
ACTION SNIPPET 10000 7844 SEEN_PREVIOUSLY b'199826'
ACTION SNIPPET 10000 7847 SEEN_PREVIOUSLY b'1301462'
ACTION SNIPPET 10000 7850 SNIPPET_NOT_RELEVANT b'796793'
ACTION SNIPPET 10000 7853 SNIPPET_RELEVANT b'1423121'
ACTION DOC 10000 7873 EXAMINING_DOCUMENT b'1423121'
ACTION MARK 10000 7876 CONSIDERED_RELEVANT b'1423121'
ACTION SNIPPET 10000 7879 SEEN_PREVIOUSLY b'1403372'
ACTION SNIPPET 10000 7882 SNIPPET_RELEVANT b'1248226'
ACTION DOC 10000 7902 EXAMINING_DOCUMENT b'1248226'
ACTION SNIPPET 10000 7905 SNIPPET_RELEVANT b'56031'
ACTION DOC 10000 7925 EXAMINING_DOCUMENT b'56031'
ACTION SNIPPET 10000 7928 SNIPPET_RELEVANT b'705371'
ACTION DOC 10000 7948 EXAMINING_DOCUMENT b'705371'
ACTION MARK 10000 7951 CONSIDERED_RELEVANT b'705371'
ACTION QUERY 10000 7961 railway accidents week
ACTION SERP 10000 7966 EXAMINE_SERP
ACTION SNIPPET 10000 7969 SEEN_PREVIOUSLY b'317296'
ACTION SNIPPET 10000 7972 SEEN_PREVIOUSLY b'191795'
ACTION SNIPPET 10000 7975 SEEN_PREVIOUSLY b'1598678'
ACTION SNIPPET 10000 7978 SEEN_PREVIOUSLY b'1403372'
ACTION SNIPPET 10000 7981 SEEN_PREVIOUSLY b'1373726'
ACTION SNIPPET 10000 7984 SEEN_PREVIOUSLY b'161660'
ACTION SNIPPET 10000 7987 SEEN_PREVIOUSLY b'39908'
ACTION SNIPPET 10000 7990 SEEN_PREVIOUSLY b'1751955'
ACTION SNIPPET 10000 7993 SEEN_PREVIOUSLY b'48678'
ACTION SNIPPET 10000 7996 SEEN_PREVIOUSLY b'717098'
ACTION QUERY 10000 8006 railway accidents batavia
ACTION SERP 10000 8011 EXAMINE_SERP
ACTION SNIPPET 10000 8014 SNIPPET_NOT_RELEVANT b'804965'
ACTION SNIPPET 10000 8017 SNIPPET_NOT_RELEVANT b'804679'
ACTION SNIPPET 10000 8020 SEEN_PREVIOUSLY b'317296'
ACTION SNIPPET 10000 8023 SNIPPET_NOT_RELEVANT b'806332'
ACTION SNIPPET 10000 8026 SEEN_PREVIOUSLY b'1403372'
ACTION SNIPPET 10000 8029 SNIPPET_RELEVANT b'1381835'
ACTION DOC 10000 8049 EXAMINING_DOCUMENT b'1381835'
ACTION SNIPPET 10000 8052 SEEN_PREVIOUSLY b'39908'
ACTION SNIPPET 10000 8055 SEEN_PREVIOUSLY b'191795'
ACTION SNIPPET 10000 8058 SEEN_PREVIOUSLY b'1598678'
ACTION SNIPPET 10000 8061 SNIPPET_RELEVANT b'703997'
ACTION DOC 10000 8081 EXAMINING_DOCUMENT b'703997'
ACTION MARK 10000 8084 CONSIDERED_RELEVANT b'703997'
ACTION QUERY 10000 8094 railway accidents der
ACTION SERP 10000 8099 EXAMINE_SERP
ACTION SNIPPET 10000 8102 SEEN_PREVIOUSLY b'317296'
ACTION SNIPPET 10000 8105 SEEN_PREVIOUSLY b'1403372'
ACTION SNIPPET 10000 8108 SNIPPET_RELEVANT b'319457'
ACTION DOC 10000 8128 EXAMINING_DOCUMENT b'319457'
ACTION SNIPPET 10000 8131 SEEN_PREVIOUSLY b'39908'
ACTION SNIPPET 10000 8134 SEEN_PREVIOUSLY b'191795'
ACTION SNIPPET 10000 8137 SEEN_PREVIOUSLY b'1598678'
ACTION SNIPPET 10000 8140 SEEN_PREVIOUSLY b'1373726'
ACTION SNIPPET 10000 8143 SNIPPET_RELEVANT b'1599449'
ACTION DOC 10000 8163 EXAMINING_DOCUMENT b'1599449'
ACTION SNIPPET 10000 8166 SEEN_PREVIOUSLY b'1751955'
ACTION SNIPPET 10000 8169 SEEN_PREVIOUSLY b'48678'
ACTION QUERY 10000 8179 railway accidents 123
ACTION SERP 10000 8184 EXAMINE_SERP
ACTION SNIPPET 10000 8187 SNIPPET_RELEVANT b'1819849'
ACTION DOC 10000 8207 EXAMINING_DOCUMENT b'1819849'
ACTION SNIPPET 10000 8210 SEEN_PREVIOUSLY b'317296'
ACTION SNIPPET 10000 8213 SNIPPET_RELEVANT b'1465253'
ACTION DOC 10000 8233 EXAMINING_DOCUMENT b'1465253'
ACTION SNIPPET 10000 8236 SEEN_PREVIOUSLY b'1403372'
ACTION SNIPPET 10000 8239 SEEN_PREVIOUSLY b'39908'
ACTION SNIPPET 10000 8242 SEEN_PREVIOUSLY b'191795'
ACTION SNIPPET 10000 8245 SEEN_PREVIOUSLY b'1598678'
ACTION SNIPPET 10000 8248 SEEN_PREVIOUSLY b'1373726'
ACTION SNIPPET 10000 8251 SEEN_PREVIOUSLY b'1751955'
ACTION SNIPPET 10000 8254 SEEN_PREVIOUSLY b'48678'
ACTION QUERY 10000 8264 railway accidents commuter
ACTION SERP 10000 8269 EXAMINE_SERP
ACTION SNIPPET 10000 8272 SEEN_PREVIOUSLY b'39908'
ACTION SNIPPET 10000 8275 SEEN_PREVIOUSLY b'828985'
ACTION SNIPPET 10000 8278 SEEN_PREVIOUSLY b'1552973'
ACTION SNIPPET 10000 8281 SNIPPET_RELEVANT b'229796'
ACTION DOC 10000 8301 EXAMINING_DOCUMENT b'229796'
ACTION SNIPPET 10000 8304 SEEN_PREVIOUSLY b'1226414'
ACTION SNIPPET 10000 8307 SNIPPET_NOT_RELEVANT b'262035'
ACTION SNIPPET 10000 8310 SNIPPET_NOT_RELEVANT b'1459461'
ACTION SNIPPET 10000 8313 SNIPPET_RELEVANT b'485001'
ACTION DOC 10000 8333 EXAMINING_DOCUMENT b'485001'
ACTION SNIPPET 10000 8336 SEEN_PREVIOUSLY b'2175'
ACTION SNIPPET 10000 8339 SEEN_PREVIOUSLY b'2175'
ACTION QUERY 10000 8349 railway accidents result
ACTION SERP 10000 8354 EXAMINE_SERP
ACTION SNIPPET 10000 8357 SEEN_PREVIOUSLY b'39908'
ACTION SNIPPET 10000 8360 SEEN_PREVIOUSLY b'317296'
ACTION SNIPPET 10000 8363 SEEN_PREVIOUSLY b'1403372'
ACTION SNIPPET 10000 8366 SNIPPET_NOT_RELEVANT b'274716'
ACTION SNIPPET 10000 8369 SEEN_PREVIOUSLY b'191795'
ACTION SNIPPET 10000 8372 SEEN_PREVIOUSLY b'1598678'
ACTION SNIPPET 10000 8375 SEEN_PREVIOUSLY b'717098'
ACTION SNIPPET 10000 8378 SEEN_PREVIOUSLY b'199517'
ACTION SNIPPET 10000 8381 SEEN_PREVIOUSLY b'1373726'
ACTION SNIPPET 10000 8384 SEEN_PREVIOUSLY b'1751955'
ACTION QUERY 10000 8394 railway accidents tracks
ACTION SERP 10000 8399 EXAMINE_SERP
ACTION SNIPPET 10000 8402 SEEN_PREVIOUSLY b'1751955'
ACTION SNIPPET 10000 8405 SEEN_PREVIOUSLY b'317296'
ACTION SNIPPET 10000 8408 SEEN_PREVIOUSLY b'161660'
ACTION SNIPPET 10000 8411 SEEN_PREVIOUSLY b'2175'
ACTION SNIPPET 10000 8414 SEEN_PREVIOUSLY b'2175'
ACTION SNIPPET 10000 8417 SEEN_PREVIOUSLY b'199826'
ACTION SNIPPET 10000 8420 SNIPPET_RELEVANT b'192722'
ACTION DOC 10000 8440 EXAMINING_DOCUMENT b'192722'
ACTION SNIPPET 10000 8443 SEEN_PREVIOUSLY b'1720521'
ACTION SNIPPET 10000 8446 SEEN_PREVIOUSLY b'322672'
ACTION SNIPPET 10000 8449 SNIPPET_NOT_RELEVANT b'329358'
ACTION QUERY 10000 8459 railway accidents ltr
ACTION SERP 10000 8464 EXAMINE_SERP
ACTION SNIPPET 10000 8467 SNIPPET_NOT_RELEVANT b'269025'
ACTION SNIPPET 10000 8470 SNIPPET_NOT_RELEVANT b'779861'
ACTION SNIPPET 10000 8473 SNIPPET_RELEVANT b'685130'
ACTION DOC 10000 8493 EXAMINING_DOCUMENT b'685130'
ACTION SNIPPET 10000 8496 SNIPPET_NOT_RELEVANT b'703940'
ACTION SNIPPET 10000 8499 SEEN_PREVIOUSLY b'317296'
ACTION SNIPPET 10000 8502 SNIPPET_NOT_RELEVANT b'722355'
ACTION SNIPPET 10000 8505 SEEN_PREVIOUSLY b'1403372'
ACTION SNIPPET 10000 8508 SNIPPET_NOT_RELEVANT b'789267'
ACTION SNIPPET 10000 8511 SNIPPET_NOT_RELEVANT b'789328'
ACTION SNIPPET 10000 8514 SEEN_PREVIOUSLY b'39908'
ACTION QUERY 10000 8524 railway accidents tucson
ACTION SERP 10000 8529 EXAMINE_SERP
ACTION SNIPPET 10000 8532 SEEN_PREVIOUSLY b'317296'
ACTION SNIPPET 10000 8535 SEEN_PREVIOUSLY b'1403372'
ACTION SNIPPET 10000 8538 SNIPPET_NOT_RELEVANT b'486755'
ACTION SNIPPET 10000 8541 SNIPPET_NOT_RELEVANT b'1274988'
ACTION SNIPPET 10000 8544 SEEN_PREVIOUSLY b'39908'
ACTION SNIPPET 10000 8547 SEEN_PREVIOUSLY b'191795'
ACTION SNIPPET 10000 8550 SEEN_PREVIOUSLY b'1598678'
ACTION SNIPPET 10000 8553 SEEN_PREVIOUSLY b'1373726'
ACTION SNIPPET 10000 8556 SEEN_PREVIOUSLY b'1751955'
ACTION SNIPPET 10000 8559 SNIPPET_RELEVANT b'231761'
ACTION DOC 10000 8579 EXAMINING_DOCUMENT b'231761'
ACTION QUERY 10000 8589 railway accidents best
ACTION SERP 10000 8594 EXAMINE_SERP
ACTION SNIPPET 10000 8597 SEEN_PREVIOUSLY b'317296'
ACTION SNIPPET 10000 8600 SEEN_PREVIOUSLY b'1403372'
ACTION SNIPPET 10000 8603 SEEN_PREVIOUSLY b'161660'
ACTION SNIPPET 10000 8606 SEEN_PREVIOUSLY b'39908'
ACTION SNIPPET 10000 8609 SEEN_PREVIOUSLY b'191795'
ACTION SNIPPET 10000 8612 SEEN_PREVIOUSLY b'1598678'
ACTION SNIPPET 10000 8615 SEEN_PREVIOUSLY b'1373726'
ACTION SNIPPET 10000 8618 SEEN_PREVIOUSLY b'1751955'
ACTION SNIPPET 10000 8621 SEEN_PREVIOUSLY b'48678'
ACTION SNIPPET 10000 8624 SEEN_PREVIOUSLY b'965952'
ACTION QUERY 10000 8634 railway accidents ruled
ACTION SERP 10000 8639 EXAMINE_SERP
ACTION SNIPPET 10000 8642 SEEN_PREVIOUSLY b'191795'
ACTION SNIPPET 10000 8645 SEEN_PREVIOUSLY b'317296'
ACTION SNIPPET 10000 8648 SEEN_PREVIOUSLY b'1598678'
ACTION SNIPPET 10000 8651 SNIPPET_NOT_RELEVANT b'274716'
ACTION SNIPPET 10000 8654 SEEN_PREVIOUSLY b'1403372'
ACTION SNIPPET 10000 8657 SEEN_PREVIOUSLY b'2175'
ACTION SNIPPET 10000 8660 SEEN_PREVIOUSLY b'2175'
ACTION SNIPPET 10000 8663 SEEN_PREVIOUSLY b'717098'
ACTION SNIPPET 10000 8666 SEEN_PREVIOUSLY b'39908'
ACTION SNIPPET 10000 8669 SEEN_PREVIOUSLY b'118261'
ACTION QUERY 10000 8679 railway accidents collided
ACTION SERP 10000 8684 EXAMINE_SERP
ACTION SNIPPET 10000 8687 SEEN_PREVIOUSLY b'317296'
ACTION SNIPPET 10000 8690 SNIPPET_NOT_RELEVANT b'310556'
ACTION SNIPPET 10000 8693 SNIPPET_NOT_RELEVANT b'116791'
ACTION SNIPPET 10000 8696 SNIPPET_NOT_RELEVANT b'98673'
ACTION SNIPPET 10000 8699 SNIPPET_RELEVANT b'397187'
ACTION DOC 10000 8719 EXAMINING_DOCUMENT b'397187'
ACTION SNIPPET 10000 8722 SNIPPET_NOT_RELEVANT b'119033'
ACTION SNIPPET 10000 8725 SNIPPET_NOT_RELEVANT b'251185'
ACTION SNIPPET 10000 8728 SNIPPET_NOT_RELEVANT b'95753'
ACTION SNIPPET 10000 8731 SNIPPET_RELEVANT b'97786'
ACTION DOC 10000 8751 EXAMINING_DOCUMENT b'97786'
ACTION SNIPPET 10000 8754 SNIPPET_RELEVANT b'330177'
ACTION DOC 10000 8774 EXAMINING_DOCUMENT b'330177'
ACTION QUERY 10000 8784 railway accidents rush
ACTION SERP 10000 8789 EXAMINE_SERP
ACTION SNIPPET 10000 8792 SEEN_PREVIOUSLY b'317296'
ACTION SNIPPET 10000 8795 SNIPPET_NOT_RELEVANT b'308863'
ACTION SNIPPET 10000 8798 SEEN_PREVIOUSLY b'1403372'
ACTION SNIPPET 10000 8801 SEEN_PREVIOUSLY b'240761'
ACTION SNIPPET 10000 8804 SNIPPET_NOT_RELEVANT b'1270538'
ACTION SNIPPET 10000 8807 SEEN_PREVIOUSLY b'1563631'
ACTION SNIPPET 10000 8810 SEEN_PREVIOUSLY b'39908'
ACTION SNIPPET 10000 8813 SEEN_PREVIOUSLY b'191795'
ACTION SNIPPET 10000 8816 SEEN_PREVIOUSLY b'1598678'
ACTION SNIPPET 10000 8819 SEEN_PREVIOUSLY b'1373726'
ACTION QUERY 10000 8829 railway accidents can
ACTION SERP 10000 8834 EXAMINE_SERP
ACTION SNIPPET 10000 8837 SEEN_PREVIOUSLY b'317296'
ACTION SNIPPET 10000 8840 SEEN_PREVIOUSLY b'1403372'
ACTION SNIPPET 10000 8843 SEEN_PREVIOUSLY b'39908'
ACTION SNIPPET 10000 8846 SEEN_PREVIOUSLY b'191795'
ACTION SNIPPET 10000 8849 SEEN_PREVIOUSLY b'1598678'
ACTION SNIPPET 10000 8852 SEEN_PREVIOUSLY b'1373726'
ACTION SNIPPET 10000 8855 SEEN_PREVIOUSLY b'161660'
ACTION SNIPPET 10000 8858 SEEN_PREVIOUSLY b'1751955'
ACTION SNIPPET 10000 8861 SEEN_PREVIOUSLY b'48678'
ACTION SNIPPET 10000 8864 SEEN_PREVIOUSLY b'717098'
ACTION QUERY 10000 8874 railway accidents wales
ACTION SERP 10000 8879 EXAMINE_SERP
ACTION SNIPPET 10000 8882 SNIPPET_RELEVANT b'451439'
ACTION DOC 10000 8902 EXAMINING_DOCUMENT b'451439'
ACTION SNIPPET 10000 8905 SNIPPET_RELEVANT b'882971'
ACTION DOC 10000 8925 EXAMINING_DOCUMENT b'882971'
ACTION SNIPPET 10000 8928 SNIPPET_NOT_RELEVANT b'117475'
ACTION SNIPPET 10000 8931 SEEN_PREVIOUSLY b'317296'
ACTION SNIPPET 10000 8934 SNIPPET_RELEVANT b'1005645'
ACTION DOC 10000 8954 EXAMINING_DOCUMENT b'1005645'
ACTION SNIPPET 10000 8957 SNIPPET_RELEVANT b'505114'
ACTION DOC 10000 8977 EXAMINING_DOCUMENT b'505114'
ACTION SNIPPET 10000 8980 SNIPPET_NOT_RELEVANT b'1218624'
ACTION SNIPPET 10000 8983 SEEN_PREVIOUSLY b'1403372'
ACTION SNIPPET 10000 8986 SNIPPET_NOT_RELEVANT b'213603'
ACTION SNIPPET 10000 8989 SNIPPET_NOT_RELEVANT b'775149'
ACTION QUERY 10000 8999 railway accidents warning
ACTION SERP 10000 9004 EXAMINE_SERP
ACTION SNIPPET 10000 9007 SEEN_PREVIOUSLY b'317296'
ACTION SNIPPET 10000 9010 SEEN_PREVIOUSLY b'640075'
ACTION SNIPPET 10000 9013 SEEN_PREVIOUSLY b'1648105'
ACTION SNIPPET 10000 9016 SEEN_PREVIOUSLY b'1403372'
ACTION SNIPPET 10000 9019 SEEN_PREVIOUSLY b'39908'
ACTION SNIPPET 10000 9022 SEEN_PREVIOUSLY b'191795'
ACTION SNIPPET 10000 9025 SEEN_PREVIOUSLY b'1598678'
ACTION SNIPPET 10000 9028 SEEN_PREVIOUSLY b'1226414'
ACTION SNIPPET 10000 9031 SEEN_PREVIOUSLY b'240761'
ACTION SNIPPET 10000 9034 SEEN_PREVIOUSLY b'1373726'
ACTION QUERY 10000 9044 railway accidents rail
ACTION SERP 10000 9049 EXAMINE_SERP
ACTION SNIPPET 10000 9052 SEEN_PREVIOUSLY b'1750087'
ACTION SNIPPET 10000 9055 SEEN_PREVIOUSLY b'303711'
ACTION SNIPPET 10000 9058 SNIPPET_NOT_RELEVANT b'245425'
ACTION SNIPPET 10000 9061 SNIPPET_NOT_RELEVANT b'274716'
ACTION SNIPPET 10000 9064 SEEN_PREVIOUSLY b'115516'
ACTION SNIPPET 10000 9067 SEEN_PREVIOUSLY b'717098'
ACTION SNIPPET 10000 9070 SEEN_PREVIOUSLY b'1751955'
ACTION SNIPPET 10000 9073 SNIPPET_NOT_RELEVANT b'325014'
ACTION SNIPPET 10000 9076 SEEN_PREVIOUSLY b'1648105'
ACTION SNIPPET 10000 9079 SEEN_PREVIOUSLY b'828985'
ACTION QUERY 10000 9089 railway accidents nyc
ACTION SERP 10000 9094 EXAMINE_SERP
ACTION SNIPPET 10000 9097 SEEN_PREVIOUSLY b'317296'
ACTION SNIPPET 10000 9100 SEEN_PREVIOUSLY b'1403372'
ACTION SNIPPET 10000 9103 SEEN_PREVIOUSLY b'39908'
ACTION SNIPPET 10000 9106 SEEN_PREVIOUSLY b'191795'
ACTION SNIPPET 10000 9109 SEEN_PREVIOUSLY b'1598678'
ACTION SNIPPET 10000 9112 SEEN_PREVIOUSLY b'1373726'
ACTION SNIPPET 10000 9115 SEEN_PREVIOUSLY b'1751955'
ACTION SNIPPET 10000 9118 SNIPPET_RELEVANT b'1644659'
ACTION DOC 10000 9138 EXAMINING_DOCUMENT b'1644659'
ACTION SNIPPET 10000 9141 SEEN_PREVIOUSLY b'48678'
ACTION SNIPPET 10000 9144 SNIPPET_NOT_RELEVANT b'1582949'
ACTION QUERY 10000 9154 railway accidents jp
ACTION SERP 10000 9159 EXAMINE_SERP
ACTION SNIPPET 10000 9162 SNIPPET_RELEVANT b'679987'
ACTION DOC 10000 9182 EXAMINING_DOCUMENT b'679987'
ACTION SNIPPET 10000 9185 SNIPPET_NOT_RELEVANT b'1222077'
ACTION SNIPPET 10000 9188 SEEN_PREVIOUSLY b'317296'
ACTION SNIPPET 10000 9191 SNIPPET_NOT_RELEVANT b'831388'
ACTION SNIPPET 10000 9194 SNIPPET_RELEVANT b'812543'
ACTION DOC 10000 9214 EXAMINING_DOCUMENT b'812543'
ACTION SNIPPET 10000 9217 SEEN_PREVIOUSLY b'1403372'
ACTION SNIPPET 10000 9220 SNIPPET_RELEVANT b'683876'
ACTION DOC 10000 9240 EXAMINING_DOCUMENT b'683876'
ACTION SNIPPET 10000 9243 SNIPPET_NOT_RELEVANT b'338597'
ACTION SNIPPET 10000 9246 SNIPPET_NOT_RELEVANT b'422344'
ACTION SNIPPET 10000 9249 SNIPPET_NOT_RELEVANT b'244471'
ACTION QUERY 10000 9259 railway accidents heard
ACTION SERP 10000 9264 EXAMINE_SERP
ACTION SNIPPET 10000 9267 SEEN_PREVIOUSLY b'1751955'
ACTION SNIPPET 10000 9270 SEEN_PREVIOUSLY b'317296'
ACTION SNIPPET 10000 9273 SEEN_PREVIOUSLY b'650393'
ACTION SNIPPET 10000 9276 SEEN_PREVIOUSLY b'1369590'
ACTION SNIPPET 10000 9279 SEEN_PREVIOUSLY b'1403372'
ACTION SNIPPET 10000 9282 SNIPPET_RELEVANT b'484750'
ACTION DOC 10000 9302 EXAMINING_DOCUMENT b'484750'
ACTION SNIPPET 10000 9305 SEEN_PREVIOUSLY b'1824801'
ACTION SNIPPET 10000 9308 SEEN_PREVIOUSLY b'39908'
ACTION SNIPPET 10000 9311 SEEN_PREVIOUSLY b'191795'
ACTION SNIPPET 10000 9314 SEEN_PREVIOUSLY b'1598678'
ACTION QUERY 10000 9324 railway accidents halting
ACTION SERP 10000 9329 EXAMINE_SERP
ACTION SNIPPET 10000 9332 SEEN_PREVIOUSLY b'2175'
ACTION SNIPPET 10000 9335 SEEN_PREVIOUSLY b'2175'
ACTION SNIPPET 10000 9338 SEEN_PREVIOUSLY b'1373726'
ACTION SNIPPET 10000 9341 SEEN_PREVIOUSLY b'317296'
ACTION SNIPPET 10000 9344 SEEN_PREVIOUSLY b'161660'
ACTION SNIPPET 10000 9347 SEEN_PREVIOUSLY b'485001'
ACTION SNIPPET 10000 9350 SEEN_PREVIOUSLY b'96698'
ACTION SNIPPET 10000 9353 SEEN_PREVIOUSLY b'1403372'
ACTION SNIPPET 10000 9356 SEEN_PREVIOUSLY b'404451'
ACTION SNIPPET 10000 9359 SNIPPET_RELEVANT b'1719610'
ACTION DOC 10000 9379 EXAMINING_DOCUMENT b'1719610'
ACTION QUERY 10000 9389 railway accidents tehuacan
ACTION SERP 10000 9394 EXAMINE_SERP
ACTION SNIPPET 10000 9397 SNIPPET_NOT_RELEVANT b'646420'
ACTION SNIPPET 10000 9400 SEEN_PREVIOUSLY b'317296'
ACTION SNIPPET 10000 9403 SNIPPET_NOT_RELEVANT b'747318'
ACTION SNIPPET 10000 9406 SNIPPET_NOT_RELEVANT b'1130106'
ACTION SNIPPET 10000 9409 SEEN_PREVIOUSLY b'1403372'
ACTION SNIPPET 10000 9412 SEEN_PREVIOUSLY b'39908'
ACTION SNIPPET 10000 9415 SEEN_PREVIOUSLY b'191795'
ACTION SNIPPET 10000 9418 SEEN_PREVIOUSLY b'1598678'
ACTION SNIPPET 10000 9421 SEEN_PREVIOUSLY b'1373726'
ACTION SNIPPET 10000 9424 SEEN_PREVIOUSLY b'1751955'
ACTION QUERY 10000 9434 railway accidents japan
ACTION SERP 10000 9439 EXAMINE_SERP
ACTION SNIPPET 10000 9442 SEEN_PREVIOUSLY b'640075'
ACTION SNIPPET 10000 9445 SEEN_PREVIOUSLY b'865953'
ACTION SNIPPET 10000 9448 SEEN_PREVIOUSLY b'317296'
ACTION SNIPPET 10000 9451 SEEN_PREVIOUSLY b'365921'
ACTION SNIPPET 10000 9454 SEEN_PREVIOUSLY b'1141934'
ACTION SNIPPET 10000 9457 SNIPPET_RELEVANT b'987792'
ACTION DOC 10000 9477 EXAMINING_DOCUMENT b'987792'
ACTION SNIPPET 10000 9480 SNIPPET_NOT_RELEVANT b'1254558'
ACTION SNIPPET 10000 9483 SEEN_PREVIOUSLY b'1398709'
ACTION SNIPPET 10000 9486 SEEN_PREVIOUSLY b'124596'
ACTION SNIPPET 10000 9489 SEEN_PREVIOUSLY b'1256907'
ACTION QUERY 10000 9499 railway accidents routes
ACTION SERP 10000 9504 EXAMINE_SERP
ACTION SNIPPET 10000 9507 SEEN_PREVIOUSLY b'965952'
ACTION SNIPPET 10000 9510 SEEN_PREVIOUSLY b'199517'
ACTION SNIPPET 10000 9513 SEEN_PREVIOUSLY b'317296'
ACTION SNIPPET 10000 9516 SEEN_PREVIOUSLY b'640075'
ACTION SNIPPET 10000 9519 SNIPPET_NOT_RELEVANT b'149671'
ACTION SNIPPET 10000 9522 SEEN_PREVIOUSLY b'1403372'
ACTION SNIPPET 10000 9525 SNIPPET_RELEVANT b'296049'
ACTION DOC 10000 9545 EXAMINING_DOCUMENT b'296049'
ACTION SNIPPET 10000 9548 SNIPPET_NOT_RELEVANT b'1600738'
ACTION SNIPPET 10000 9551 SNIPPET_RELEVANT b'1003461'
ACTION DOC 10000 9571 EXAMINING_DOCUMENT b'1003461'
ACTION SNIPPET 10000 9574 SNIPPET_NOT_RELEVANT b'326865'
ACTION QUERY 10000 9584 railway accidents airport
ACTION SERP 10000 9589 EXAMINE_SERP
ACTION SNIPPET 10000 9592 SEEN_PREVIOUSLY b'1432852'
ACTION SNIPPET 10000 9595 SNIPPET_RELEVANT b'285628'
ACTION DOC 10000 9615 EXAMINING_DOCUMENT b'285628'
ACTION SNIPPET 10000 9618 SEEN_PREVIOUSLY b'317296'
ACTION SNIPPET 10000 9621 SNIPPET_RELEVANT b'766064'
ACTION DOC 10000 9641 EXAMINING_DOCUMENT b'766064'
ACTION SNIPPET 10000 9644 SEEN_PREVIOUSLY b'640075'
ACTION SNIPPET 10000 9647 SNIPPET_RELEVANT b'779622'
ACTION DOC 10000 9667 EXAMINING_DOCUMENT b'779622'
ACTION SNIPPET 10000 9670 SNIPPET_RELEVANT b'1074122'
ACTION DOC 10000 9690 EXAMINING_DOCUMENT b'1074122'
ACTION SNIPPET 10000 9693 SNIPPET_RELEVANT b'657125'
ACTION DOC 10000 9713 EXAMINING_DOCUMENT b'657125'
ACTION SNIPPET 10000 9716 SNIPPET_RELEVANT b'847910'
ACTION DOC 10000 9736 EXAMINING_DOCUMENT b'847910'
ACTION SNIPPET 10000 9739 SNIPPET_NOT_RELEVANT b'1017502'
ACTION QUERY 10000 9749 railway accidents ga
ACTION SERP 10000 9754 EXAMINE_SERP
ACTION SNIPPET 10000 9757 SEEN_PREVIOUSLY b'1751955'
ACTION SNIPPET 10000 9760 SNIPPET_RELEVANT b'256295'
ACTION DOC 10000 9780 EXAMINING_DOCUMENT b'256295'
ACTION SNIPPET 10000 9783 SEEN_PREVIOUSLY b'317296'
ACTION SNIPPET 10000 9786 SEEN_PREVIOUSLY b'1630853'
ACTION SNIPPET 10000 9789 SEEN_PREVIOUSLY b'1648105'
ACTION SNIPPET 10000 9792 SNIPPET_NOT_RELEVANT b'148370'
ACTION SNIPPET 10000 9795 SEEN_PREVIOUSLY b'1403372'
ACTION SNIPPET 10000 9798 SEEN_PREVIOUSLY b'676504'
ACTION SNIPPET 10000 9801 SNIPPET_NOT_RELEVANT b'325014'
ACTION SNIPPET 10000 9804 SNIPPET_RELEVANT b'256894'
ACTION DOC 10000 9824 EXAMINING_DOCUMENT b'256894'
ACTION MARK 10000 9827 CONSIDERED_RELEVANT b'256894'
ACTION QUERY 10000 9837 railway accidents leads
ACTION SERP 10000 9842 EXAMINE_SERP
ACTION SNIPPET 10000 9845 SEEN_PREVIOUSLY b'317296'
ACTION SNIPPET 10000 9848 SEEN_PREVIOUSLY b'1403372'
ACTION SNIPPET 10000 9851 SEEN_PREVIOUSLY b'39908'
ACTION SNIPPET 10000 9854 SEEN_PREVIOUSLY b'191795'
ACTION SNIPPET 10000 9857 SEEN_PREVIOUSLY b'48678'
ACTION SNIPPET 10000 9860 SEEN_PREVIOUSLY b'1598678'
ACTION SNIPPET 10000 9863 SEEN_PREVIOUSLY b'1373726'
ACTION SNIPPET 10000 9866 SEEN_PREVIOUSLY b'1751955'
ACTION SNIPPET 10000 9869 SEEN_PREVIOUSLY b'161660'
ACTION SNIPPET 10000 9872 SEEN_PREVIOUSLY b'1552973'
ACTION QUERY 10000 9882 railway accidents big
ACTION SERP 10000 9887 EXAMINE_SERP
ACTION SNIPPET 10000 9890 SEEN_PREVIOUSLY b'317296'
ACTION SNIPPET 10000 9893 SEEN_PREVIOUSLY b'1403372'
ACTION SNIPPET 10000 9896 SEEN_PREVIOUSLY b'39908'
ACTION SNIPPET 10000 9899 SEEN_PREVIOUSLY b'191795'
ACTION SNIPPET 10000 9902 SEEN_PREVIOUSLY b'1598678'
ACTION SNIPPET 10000 9905 SEEN_PREVIOUSLY b'717098'
ACTION SNIPPET 10000 9908 SEEN_PREVIOUSLY b'1373726'
ACTION SNIPPET 10000 9911 SEEN_PREVIOUSLY b'1751955'
ACTION SNIPPET 10000 9914 SEEN_PREVIOUSLY b'48678'
ACTION SNIPPET 10000 9917 SEEN_PREVIOUSLY b'484750'
ACTION QUERY 10000 9927 railway accidents line
ACTION SERP 10000 9932 EXAMINE_SERP
ACTION SNIPPET 10000 9935 SEEN_PREVIOUSLY b'317296'
ACTION SNIPPET 10000 9938 SEEN_PREVIOUSLY b'199517'
ACTION SNIPPET 10000 9941 SEEN_PREVIOUSLY b'1403372'
ACTION SNIPPET 10000 9944 SEEN_PREVIOUSLY b'717098'
ACTION SNIPPET 10000 9947 SEEN_PREVIOUSLY b'161660'
ACTION SNIPPET 10000 9950 SEEN_PREVIOUSLY b'39908'
ACTION SNIPPET 10000 9953 SEEN_PREVIOUSLY b'191795'
ACTION SNIPPET 10000 9956 SEEN_PREVIOUSLY b'1598678'
ACTION SNIPPET 10000 9959 SEEN_PREVIOUSLY b'484750'
ACTION SNIPPET 10000 9962 SEEN_PREVIOUSLY b'1373726'
ACTION QUERY 10000 9972 railway accidents oversees
ACTION SERP 10000 9977 EXAMINE_SERP
ACTION SNIPPET 10000 9980 SEEN_PREVIOUSLY b'1598678'
ACTION SNIPPET 10000 9983 SEEN_PREVIOUSLY b'317296'
ACTION SNIPPET 10000 9986 SNIPPET_NOT_RELEVANT b'355546'
ACTION SNIPPET 10000 9989 SNIPPET_NOT_RELEVANT b'1198662'
ACTION SNIPPET 10000 9992 SEEN_PREVIOUSLY b'1403372'
ACTION SNIPPET 10000 9995 SNIPPET_NOT_RELEVANT b'263881'
ACTION SNIPPET 10000 9998 SNIPPET_RELEVANT b'131647'
ACTION DOC 10000 10018 EXAMINING_DOCUMENT b'131647'
INFO SUMMARY 
INFO TOTAL_QUERIES_ISSUED 128
INFO TOTAL_SNIPPETS_EXAMINED 1277
INFO TOTAL_DOCUMENTS_EXAMINED 203
INFO TOTAL_DOCUMENTS_MARKED_RELEVANT 69
INFO TOTAL_ATTRACTIVE_SERP_IMPRESSIONS 128
INFO TOTAL_UNATTRACTIVE_SERP_IMPRESSIONS 0
