ACTION QUERY 10000 10 three gorges project
ACTION SERP 10000 15 EXAMINE_SERP
ACTION SNIPPET 10000 18 SNIPPET_RELEVANT b'1096171'
ACTION DOC 10000 38 EXAMINING_DOCUMENT b'1096171'
ACTION MARK 10000 41 CONSIDERED_RELEVANT b'1096171'
ACTION SNIPPET 10000 44 SNIPPET_RELEVANT b'971660'
ACTION DOC 10000 64 EXAMINING_DOCUMENT b'971660'
ACTION MARK 10000 67 CONSIDERED_RELEVANT b'971660'
ACTION SNIPPET 10000 70 SNIPPET_RELEVANT b'506069'
ACTION DOC 10000 90 EXAMINING_DOCUMENT b'506069'
ACTION MARK 10000 93 CONSIDERED_RELEVANT b'506069'
ACTION SNIPPET 10000 96 SNIPPET_RELEVANT b'1096590'
ACTION DOC 10000 116 EXAMINING_DOCUMENT b'1096590'
ACTION SNIPPET 10000 119 SNIPPET_NOT_RELEVANT b'1620713'
ACTION SNIPPET 10000 122 SNIPPET_RELEVANT b'617046'
ACTION DOC 10000 142 EXAMINING_DOCUMENT b'617046'
ACTION MARK 10000 145 CONSIDERED_RELEVANT b'617046'
ACTION SNIPPET 10000 148 SNIPPET_NOT_RELEVANT b'73817'
ACTION SNIPPET 10000 151 SNIPPET_RELEVANT b'797579'
ACTION DOC 10000 171 EXAMINING_DOCUMENT b'797579'
ACTION MARK 10000 174 CONSIDERED_RELEVANT b'797579'
ACTION SNIPPET 10000 177 SNIPPET_RELEVANT b'797878'
ACTION DOC 10000 197 EXAMINING_DOCUMENT b'797878'
ACTION MARK 10000 200 CONSIDERED_RELEVANT b'797878'
ACTION SNIPPET 10000 203 SNIPPET_RELEVANT b'822936'
ACTION DOC 10000 223 EXAMINING_DOCUMENT b'822936'
ACTION MARK 10000 226 CONSIDERED_RELEVANT b'822936'
ACTION QUERY 10000 236 three gorges project caravans
ACTION SERP 10000 241 EXAMINE_SERP
ACTION SNIPPET 10000 244 SNIPPET_RELEVANT b'1331705'
ACTION DOC 10000 264 EXAMINING_DOCUMENT b'1331705'
ACTION SNIPPET 10000 267 SNIPPET_RELEVANT b'1251078'
ACTION DOC 10000 287 EXAMINING_DOCUMENT b'1251078'
ACTION SNIPPET 10000 290 SEEN_PREVIOUSLY b'1096590'
ACTION SNIPPET 10000 293 SNIPPET_NOT_RELEVANT b'1620713'
ACTION SNIPPET 10000 296 SNIPPET_NOT_RELEVANT b'73817'
ACTION SNIPPET 10000 299 SNIPPET_RELEVANT b'502113'
ACTION DOC 10000 319 EXAMINING_DOCUMENT b'502113'
ACTION MARK 10000 322 CONSIDERED_RELEVANT b'502113'
ACTION SNIPPET 10000 325 SNIPPET_RELEVANT b'974140'
ACTION DOC 10000 345 EXAMINING_DOCUMENT b'974140'
ACTION SNIPPET 10000 348 SNIPPET_NOT_RELEVANT b'247755'
ACTION SNIPPET 10000 351 SNIPPET_NOT_RELEVANT b'829149'
ACTION SNIPPET 10000 354 SNIPPET_RELEVANT b'824521'
ACTION DOC 10000 374 EXAMINING_DOCUMENT b'824521'
ACTION MARK 10000 377 CONSIDERED_RELEVANT b'824521'
ACTION QUERY 10000 387 three gorges project run
ACTION SERP 10000 392 EXAMINE_SERP
ACTION SNIPPET 10000 395 SNIPPET_NOT_RELEVANT b'1620713'
ACTION SNIPPET 10000 398 SNIPPET_RELEVANT b'502111'
ACTION DOC 10000 418 EXAMINING_DOCUMENT b'502111'
ACTION MARK 10000 421 CONSIDERED_RELEVANT b'502111'
ACTION SNIPPET 10000 424 SEEN_PREVIOUSLY b'1096590'
ACTION SNIPPET 10000 427 SNIPPET_NOT_RELEVANT b'73817'
ACTION SNIPPET 10000 430 SEEN_PREVIOUSLY b'974140'
ACTION SNIPPET 10000 433 SNIPPET_RELEVANT b'515612'
ACTION DOC 10000 453 EXAMINING_DOCUMENT b'515612'
ACTION MARK 10000 456 CONSIDERED_RELEVANT b'515612'
ACTION SNIPPET 10000 459 SNIPPET_RELEVANT b'973026'
ACTION DOC 10000 479 EXAMINING_DOCUMENT b'973026'
ACTION MARK 10000 482 CONSIDERED_RELEVANT b'973026'
ACTION SNIPPET 10000 485 SNIPPET_RELEVANT b'1241952'
ACTION DOC 10000 505 EXAMINING_DOCUMENT b'1241952'
ACTION MARK 10000 508 CONSIDERED_RELEVANT b'1241952'
ACTION SNIPPET 10000 511 SNIPPET_RELEVANT b'881755'
ACTION DOC 10000 531 EXAMINING_DOCUMENT b'881755'
ACTION MARK 10000 534 CONSIDERED_RELEVANT b'881755'
ACTION SNIPPET 10000 537 SNIPPET_RELEVANT b'733642'
ACTION DOC 10000 557 EXAMINING_DOCUMENT b'733642'
ACTION MARK 10000 560 CONSIDERED_RELEVANT b'733642'
ACTION QUERY 10000 570 three gorges project tallest
ACTION SERP 10000 575 EXAMINE_SERP
ACTION SNIPPET 10000 578 SNIPPET_NOT_RELEVANT b'73817'
ACTION SNIPPET 10000 581 SNIPPET_RELEVANT b'732034'
ACTION DOC 10000 601 EXAMINING_DOCUMENT b'732034'
ACTION SNIPPET 10000 604 SNIPPET_NOT_RELEVANT b'520656'
ACTION SNIPPET 10000 607 SEEN_PREVIOUSLY b'1096590'
ACTION SNIPPET 10000 610 SNIPPET_RELEVANT b'1620713'
ACTION DOC 10000 630 EXAMINING_DOCUMENT b'1620713'
ACTION SNIPPET 10000 633 SNIPPET_NOT_RELEVANT b'1544616'
ACTION SNIPPET 10000 636 SNIPPET_NOT_RELEVANT b'149963'
ACTION SNIPPET 10000 639 SNIPPET_NOT_RELEVANT b'1546182'
ACTION SNIPPET 10000 642 SEEN_PREVIOUSLY b'974140'
ACTION SNIPPET 10000 645 SNIPPET_RELEVANT b'129645'
ACTION DOC 10000 665 EXAMINING_DOCUMENT b'129645'
ACTION QUERY 10000 675 three gorges project pings
ACTION SERP 10000 680 EXAMINE_SERP
ACTION SNIPPET 10000 683 SNIPPET_RELEVANT b'1514383'
ACTION DOC 10000 703 EXAMINING_DOCUMENT b'1514383'
ACTION SNIPPET 10000 706 SEEN_PREVIOUSLY b'1096590'
ACTION SNIPPET 10000 709 SEEN_PREVIOUSLY b'1620713'
ACTION SNIPPET 10000 712 SNIPPET_NOT_RELEVANT b'640074'
ACTION SNIPPET 10000 715 SNIPPET_NOT_RELEVANT b'73817'
ACTION SNIPPET 10000 718 SEEN_PREVIOUSLY b'974140'
ACTION SNIPPET 10000 721 SNIPPET_NOT_RELEVANT b'1239559'
ACTION SNIPPET 10000 724 SNIPPET_RELEVANT b'1248807'
ACTION DOC 10000 744 EXAMINING_DOCUMENT b'1248807'
ACTION MARK 10000 747 CONSIDERED_RELEVANT b'1248807'
ACTION SNIPPET 10000 750 SNIPPET_NOT_RELEVANT b'973400'
ACTION SNIPPET 10000 753 SNIPPET_NOT_RELEVANT b'1090142'
ACTION QUERY 10000 763 three gorges project restructure
ACTION SERP 10000 768 EXAMINE_SERP
ACTION SNIPPET 10000 771 SEEN_PREVIOUSLY b'1096590'
ACTION SNIPPET 10000 774 SNIPPET_RELEVANT b'1093387'
ACTION DOC 10000 794 EXAMINING_DOCUMENT b'1093387'
ACTION MARK 10000 797 CONSIDERED_RELEVANT b'1093387'
ACTION SNIPPET 10000 800 SEEN_PREVIOUSLY b'1620713'
ACTION SNIPPET 10000 803 SNIPPET_RELEVANT b'73817'
ACTION DOC 10000 823 EXAMINING_DOCUMENT b'73817'
ACTION SNIPPET 10000 826 SEEN_PREVIOUSLY b'974140'
ACTION SNIPPET 10000 829 SNIPPET_RELEVANT b'973400'
ACTION DOC 10000 849 EXAMINING_DOCUMENT b'973400'
ACTION MARK 10000 852 CONSIDERED_RELEVANT b'973400'
ACTION SNIPPET 10000 855 SNIPPET_NOT_RELEVANT b'1438673'
ACTION SNIPPET 10000 858 SNIPPET_RELEVANT b'73809'
ACTION DOC 10000 878 EXAMINING_DOCUMENT b'73809'
ACTION SNIPPET 10000 881 SNIPPET_NOT_RELEVANT b'825755'
ACTION SNIPPET 10000 884 SNIPPET_RELEVANT b'1110169'
ACTION DOC 10000 904 EXAMINING_DOCUMENT b'1110169'
ACTION MARK 10000 907 CONSIDERED_RELEVANT b'1110169'
ACTION QUERY 10000 917 three gorges project driven
ACTION SERP 10000 922 EXAMINE_SERP
ACTION SNIPPET 10000 925 SNIPPET_NOT_RELEVANT b'599503'
ACTION SNIPPET 10000 928 SEEN_PREVIOUSLY b'1096590'
ACTION SNIPPET 10000 931 SEEN_PREVIOUSLY b'1620713'
ACTION SNIPPET 10000 934 SEEN_PREVIOUSLY b'73817'
ACTION SNIPPET 10000 937 SEEN_PREVIOUSLY b'974140'
ACTION SNIPPET 10000 940 SNIPPET_NOT_RELEVANT b'1851207'
ACTION SNIPPET 10000 943 SNIPPET_NOT_RELEVANT b'1795993'
ACTION SNIPPET 10000 946 SNIPPET_RELEVANT b'1167343'
ACTION DOC 10000 966 EXAMINING_DOCUMENT b'1167343'
ACTION SNIPPET 10000 969 SNIPPET_RELEVANT b'1438673'
ACTION DOC 10000 989 EXAMINING_DOCUMENT b'1438673'
ACTION MARK 10000 992 CONSIDERED_RELEVANT b'1438673'
ACTION SNIPPET 10000 995 SEEN_PREVIOUSLY b'73809'
ACTION QUERY 10000 1005 three gorges project reservoir
ACTION SERP 10000 1010 EXAMINE_SERP
ACTION SNIPPET 10000 1013 SNIPPET_RELEVANT b'1343336'
ACTION DOC 10000 1033 EXAMINING_DOCUMENT b'1343336'
ACTION MARK 10000 1036 CONSIDERED_RELEVANT b'1343336'
ACTION SNIPPET 10000 1039 SNIPPET_RELEVANT b'700306'
ACTION DOC 10000 1059 EXAMINING_DOCUMENT b'700306'
ACTION MARK 10000 1062 CONSIDERED_RELEVANT b'700306'
ACTION SNIPPET 10000 1065 SNIPPET_NOT_RELEVANT b'1386127'
ACTION SNIPPET 10000 1068 SNIPPET_RELEVANT b'1239484'
ACTION DOC 10000 1088 EXAMINING_DOCUMENT b'1239484'
ACTION MARK 10000 1091 CONSIDERED_RELEVANT b'1239484'
ACTION SNIPPET 10000 1094 SNIPPET_RELEVANT b'746919'
ACTION DOC 10000 1114 EXAMINING_DOCUMENT b'746919'
ACTION MARK 10000 1117 CONSIDERED_RELEVANT b'746919'
ACTION SNIPPET 10000 1120 SNIPPET_RELEVANT b'1493435'
ACTION DOC 10000 1140 EXAMINING_DOCUMENT b'1493435'
ACTION MARK 10000 1143 CONSIDERED_RELEVANT b'1493435'
ACTION SNIPPET 10000 1146 SNIPPET_NOT_RELEVANT b'106535'
ACTION SNIPPET 10000 1149 SNIPPET_RELEVANT b'1111014'
ACTION DOC 10000 1169 EXAMINING_DOCUMENT b'1111014'
ACTION MARK 10000 1172 CONSIDERED_RELEVANT b'1111014'
ACTION SNIPPET 10000 1175 SNIPPET_NOT_RELEVANT b'1001536'
ACTION SNIPPET 10000 1178 SNIPPET_RELEVANT b'1419015'
ACTION DOC 10000 1198 EXAMINING_DOCUMENT b'1419015'
ACTION MARK 10000 1201 CONSIDERED_RELEVANT b'1419015'
ACTION QUERY 10000 1211 three gorges project waterlogged
ACTION SERP 10000 1216 EXAMINE_SERP
ACTION SNIPPET 10000 1219 SEEN_PREVIOUSLY b'1096590'
ACTION SNIPPET 10000 1222 SEEN_PREVIOUSLY b'1620713'
ACTION SNIPPET 10000 1225 SEEN_PREVIOUSLY b'73817'
ACTION SNIPPET 10000 1228 SNIPPET_NOT_RELEVANT b'829329'
ACTION SNIPPET 10000 1231 SEEN_PREVIOUSLY b'974140'
ACTION SNIPPET 10000 1234 SEEN_PREVIOUSLY b'73809'
ACTION SNIPPET 10000 1237 SNIPPET_NOT_RELEVANT b'825755'
ACTION SNIPPET 10000 1240 SNIPPET_RELEVANT b'881765'
ACTION DOC 10000 1260 EXAMINING_DOCUMENT b'881765'
ACTION MARK 10000 1263 CONSIDERED_RELEVANT b'881765'
ACTION SNIPPET 10000 1266 SNIPPET_NOT_RELEVANT b'29874'
ACTION SNIPPET 10000 1269 SNIPPET_NOT_RELEVANT b'1007340'
ACTION QUERY 10000 1279 three gorges project disaster
ACTION SERP 10000 1284 EXAMINE_SERP
ACTION SNIPPET 10000 1287 SNIPPET_RELEVANT b'1041188'
ACTION DOC 10000 1307 EXAMINING_DOCUMENT b'1041188'
ACTION MARK 10000 1310 CONSIDERED_RELEVANT b'1041188'
ACTION SNIPPET 10000 1313 SNIPPET_RELEVANT b'1041731'
ACTION DOC 10000 1333 EXAMINING_DOCUMENT b'1041731'
ACTION MARK 10000 1336 CONSIDERED_RELEVANT b'1041731'
ACTION SNIPPET 10000 1339 SNIPPET_NOT_RELEVANT b'725261'
ACTION SNIPPET 10000 1342 SEEN_PREVIOUSLY b'1096590'
ACTION SNIPPET 10000 1345 SEEN_PREVIOUSLY b'1620713'
ACTION SNIPPET 10000 1348 SEEN_PREVIOUSLY b'73817'
ACTION SNIPPET 10000 1351 SEEN_PREVIOUSLY b'974140'
ACTION SNIPPET 10000 1354 SNIPPET_RELEVANT b'1041794'
ACTION DOC 10000 1374 EXAMINING_DOCUMENT b'1041794'
ACTION MARK 10000 1377 CONSIDERED_RELEVANT b'1041794'
ACTION SNIPPET 10000 1380 SNIPPET_RELEVANT b'1476381'
ACTION DOC 10000 1400 EXAMINING_DOCUMENT b'1476381'
ACTION SNIPPET 10000 1403 SNIPPET_RELEVANT b'1820213'
ACTION DOC 10000 1423 EXAMINING_DOCUMENT b'1820213'
ACTION QUERY 10000 1433 three gorges project management
ACTION SERP 10000 1438 EXAMINE_SERP
ACTION SNIPPET 10000 1441 SEEN_PREVIOUSLY b'1096590'
ACTION SNIPPET 10000 1444 SEEN_PREVIOUSLY b'1620713'
ACTION SNIPPET 10000 1447 SEEN_PREVIOUSLY b'73817'
ACTION SNIPPET 10000 1450 SEEN_PREVIOUSLY b'974140'
ACTION SNIPPET 10000 1453 SNIPPET_RELEVANT b'29874'
ACTION DOC 10000 1473 EXAMINING_DOCUMENT b'29874'
ACTION SNIPPET 10000 1476 SNIPPET_RELEVANT b'642339'
ACTION DOC 10000 1496 EXAMINING_DOCUMENT b'642339'
ACTION SNIPPET 10000 1499 SNIPPET_RELEVANT b'1007340'
ACTION DOC 10000 1519 EXAMINING_DOCUMENT b'1007340'
ACTION MARK 10000 1522 CONSIDERED_RELEVANT b'1007340'
ACTION SNIPPET 10000 1525 SEEN_PREVIOUSLY b'73809'
ACTION SNIPPET 10000 1528 SNIPPET_RELEVANT b'825755'
ACTION DOC 10000 1548 EXAMINING_DOCUMENT b'825755'
ACTION SNIPPET 10000 1551 SNIPPET_RELEVANT b'852568'
ACTION DOC 10000 1571 EXAMINING_DOCUMENT b'852568'
ACTION MARK 10000 1574 CONSIDERED_RELEVANT b'852568'
ACTION QUERY 10000 1584 three gorges project state
ACTION SERP 10000 1589 EXAMINE_SERP
ACTION SNIPPET 10000 1592 SEEN_PREVIOUSLY b'73817'
ACTION SNIPPET 10000 1595 SEEN_PREVIOUSLY b'1620713'
ACTION SNIPPET 10000 1598 SEEN_PREVIOUSLY b'974140'
ACTION SNIPPET 10000 1601 SEEN_PREVIOUSLY b'1096590'
ACTION SNIPPET 10000 1604 SEEN_PREVIOUSLY b'825755'
ACTION SNIPPET 10000 1607 SEEN_PREVIOUSLY b'73809'
ACTION SNIPPET 10000 1610 SEEN_PREVIOUSLY b'29874'
ACTION SNIPPET 10000 1613 SNIPPET_RELEVANT b'1776467'
ACTION DOC 10000 1633 EXAMINING_DOCUMENT b'1776467'
ACTION SNIPPET 10000 1636 SNIPPET_NOT_RELEVANT b'599503'
ACTION SNIPPET 10000 1639 SNIPPET_NOT_RELEVANT b'33018'
ACTION QUERY 10000 1649 three gorges project year
ACTION SERP 10000 1654 EXAMINE_SERP
ACTION SNIPPET 10000 1657 SEEN_PREVIOUSLY b'1096590'
ACTION SNIPPET 10000 1660 SEEN_PREVIOUSLY b'1620713'
ACTION SNIPPET 10000 1663 SEEN_PREVIOUSLY b'73817'
ACTION SNIPPET 10000 1666 SEEN_PREVIOUSLY b'974140'
ACTION SNIPPET 10000 1669 SEEN_PREVIOUSLY b'825755'
ACTION SNIPPET 10000 1672 SEEN_PREVIOUSLY b'73809'
ACTION SNIPPET 10000 1675 SNIPPET_RELEVANT b'803540'
ACTION DOC 10000 1695 EXAMINING_DOCUMENT b'803540'
ACTION SNIPPET 10000 1698 SEEN_PREVIOUSLY b'29874'
ACTION SNIPPET 10000 1701 SNIPPET_NOT_RELEVANT b'1614491'
ACTION SNIPPET 10000 1704 SNIPPET_RELEVANT b'1565215'
ACTION DOC 10000 1724 EXAMINING_DOCUMENT b'1565215'
ACTION MARK 10000 1727 CONSIDERED_RELEVANT b'1565215'
ACTION QUERY 10000 1737 three gorges project name
ACTION SERP 10000 1742 EXAMINE_SERP
ACTION SNIPPET 10000 1745 SEEN_PREVIOUSLY b'73809'
ACTION SNIPPET 10000 1748 SEEN_PREVIOUSLY b'1096590'
ACTION SNIPPET 10000 1751 SEEN_PREVIOUSLY b'1620713'
ACTION SNIPPET 10000 1754 SEEN_PREVIOUSLY b'73817'
ACTION SNIPPET 10000 1757 SNIPPET_RELEVANT b'33018'
ACTION DOC 10000 1777 EXAMINING_DOCUMENT b'33018'
ACTION SNIPPET 10000 1780 SEEN_PREVIOUSLY b'974140'
ACTION SNIPPET 10000 1783 SNIPPET_NOT_RELEVANT b'1795037'
ACTION SNIPPET 10000 1786 SEEN_PREVIOUSLY b'825755'
ACTION SNIPPET 10000 1789 SNIPPET_RELEVANT b'679567'
ACTION DOC 10000 1809 EXAMINING_DOCUMENT b'679567'
ACTION SNIPPET 10000 1812 SEEN_PREVIOUSLY b'29874'
ACTION QUERY 10000 1822 three gorges project policies
ACTION SERP 10000 1827 EXAMINE_SERP
ACTION SNIPPET 10000 1830 SEEN_PREVIOUSLY b'1620713'
ACTION SNIPPET 10000 1833 SEEN_PREVIOUSLY b'825755'
ACTION SNIPPET 10000 1836 SEEN_PREVIOUSLY b'1096590'
ACTION SNIPPET 10000 1839 SEEN_PREVIOUSLY b'73817'
ACTION SNIPPET 10000 1842 SNIPPET_RELEVANT b'1795037'
ACTION DOC 10000 1862 EXAMINING_DOCUMENT b'1795037'
ACTION SNIPPET 10000 1865 SNIPPET_NOT_RELEVANT b'899864'
ACTION SNIPPET 10000 1868 SEEN_PREVIOUSLY b'974140'
ACTION SNIPPET 10000 1871 SNIPPET_RELEVANT b'241240'
ACTION DOC 10000 1891 EXAMINING_DOCUMENT b'241240'
ACTION MARK 10000 1894 CONSIDERED_RELEVANT b'241240'
ACTION SNIPPET 10000 1897 SNIPPET_NOT_RELEVANT b'823851'
ACTION SNIPPET 10000 1900 SEEN_PREVIOUSLY b'73809'
ACTION QUERY 10000 1910 three gorges project linn
ACTION SERP 10000 1915 EXAMINE_SERP
ACTION SNIPPET 10000 1918 SNIPPET_NOT_RELEVANT b'1026323'
ACTION SNIPPET 10000 1921 SNIPPET_RELEVANT b'1649704'
ACTION DOC 10000 1941 EXAMINING_DOCUMENT b'1649704'
ACTION SNIPPET 10000 1944 SEEN_PREVIOUSLY b'1096590'
ACTION SNIPPET 10000 1947 SEEN_PREVIOUSLY b'1620713'
ACTION SNIPPET 10000 1950 SEEN_PREVIOUSLY b'73817'
ACTION SNIPPET 10000 1953 SEEN_PREVIOUSLY b'974140'
ACTION SNIPPET 10000 1956 SNIPPET_NOT_RELEVANT b'1385691'
ACTION SNIPPET 10000 1959 SNIPPET_RELEVANT b'1092685'
ACTION DOC 10000 1979 EXAMINING_DOCUMENT b'1092685'
ACTION SNIPPET 10000 1982 SNIPPET_RELEVANT b'393990'
ACTION DOC 10000 2002 EXAMINING_DOCUMENT b'393990'
ACTION SNIPPET 10000 2005 SNIPPET_RELEVANT b'855106'
ACTION DOC 10000 2025 EXAMINING_DOCUMENT b'855106'
ACTION QUERY 10000 2035 three gorges project shortage
ACTION SERP 10000 2040 EXAMINE_SERP
ACTION SNIPPET 10000 2043 SEEN_PREVIOUSLY b'1620713'
ACTION SNIPPET 10000 2046 SNIPPET_RELEVANT b'599503'
ACTION DOC 10000 2066 EXAMINING_DOCUMENT b'599503'
ACTION SNIPPET 10000 2069 SEEN_PREVIOUSLY b'1096590'
ACTION SNIPPET 10000 2072 SNIPPET_NOT_RELEVANT b'1553202'
ACTION SNIPPET 10000 2075 SEEN_PREVIOUSLY b'73817'
ACTION SNIPPET 10000 2078 SEEN_PREVIOUSLY b'974140'
ACTION SNIPPET 10000 2081 SNIPPET_RELEVANT b'1001536'
ACTION DOC 10000 2101 EXAMINING_DOCUMENT b'1001536'
ACTION MARK 10000 2104 CONSIDERED_RELEVANT b'1001536'
ACTION SNIPPET 10000 2107 SEEN_PREVIOUSLY b'73809'
ACTION SNIPPET 10000 2110 SNIPPET_NOT_RELEVANT b'1017282'
ACTION SNIPPET 10000 2113 SEEN_PREVIOUSLY b'825755'
ACTION QUERY 10000 2123 three gorges project wrote
ACTION SERP 10000 2128 EXAMINE_SERP
ACTION SNIPPET 10000 2131 SEEN_PREVIOUSLY b'73809'
ACTION SNIPPET 10000 2134 SEEN_PREVIOUSLY b'29874'
ACTION SNIPPET 10000 2137 SEEN_PREVIOUSLY b'1096590'
ACTION SNIPPET 10000 2140 SEEN_PREVIOUSLY b'1620713'
ACTION SNIPPET 10000 2143 SEEN_PREVIOUSLY b'73817'
ACTION SNIPPET 10000 2146 SEEN_PREVIOUSLY b'974140'
ACTION SNIPPET 10000 2149 SEEN_PREVIOUSLY b'1795037'
ACTION SNIPPET 10000 2152 SNIPPET_NOT_RELEVANT b'630265'
ACTION SNIPPET 10000 2155 SNIPPET_RELEVANT b'505102'
ACTION DOC 10000 2175 EXAMINING_DOCUMENT b'505102'
ACTION SNIPPET 10000 2178 SNIPPET_NOT_RELEVANT b'121008'
ACTION QUERY 10000 2188 three gorges project plain
ACTION SERP 10000 2193 EXAMINE_SERP
ACTION SNIPPET 10000 2196 SEEN_PREVIOUSLY b'1620713'
ACTION SNIPPET 10000 2199 SEEN_PREVIOUSLY b'1096590'
ACTION SNIPPET 10000 2202 SEEN_PREVIOUSLY b'73817'
ACTION SNIPPET 10000 2205 SEEN_PREVIOUSLY b'974140'
ACTION SNIPPET 10000 2208 SNIPPET_RELEVANT b'1806024'
ACTION DOC 10000 2228 EXAMINING_DOCUMENT b'1806024'
ACTION SNIPPET 10000 2231 SNIPPET_RELEVANT b'437337'
ACTION DOC 10000 2251 EXAMINING_DOCUMENT b'437337'
ACTION SNIPPET 10000 2254 SEEN_PREVIOUSLY b'73809'
ACTION SNIPPET 10000 2257 SEEN_PREVIOUSLY b'825755'
ACTION SNIPPET 10000 2260 SEEN_PREVIOUSLY b'29874'
ACTION SNIPPET 10000 2263 SEEN_PREVIOUSLY b'803540'
ACTION QUERY 10000 2273 three gorges project region
ACTION SERP 10000 2278 EXAMINE_SERP
ACTION SNIPPET 10000 2281 SEEN_PREVIOUSLY b'1620713'
ACTION SNIPPET 10000 2284 SEEN_PREVIOUSLY b'73809'
ACTION SNIPPET 10000 2287 SEEN_PREVIOUSLY b'29874'
ACTION SNIPPET 10000 2290 SNIPPET_NOT_RELEVANT b'1614491'
ACTION SNIPPET 10000 2293 SNIPPET_NOT_RELEVANT b'1372881'
ACTION SNIPPET 10000 2296 SNIPPET_NOT_RELEVANT b'1418134'
ACTION SNIPPET 10000 2299 SNIPPET_NOT_RELEVANT b'1795993'
ACTION SNIPPET 10000 2302 SEEN_PREVIOUSLY b'1096590'
ACTION SNIPPET 10000 2305 SNIPPET_NOT_RELEVANT b'1496208'
ACTION SNIPPET 10000 2308 SEEN_PREVIOUSLY b'73817'
ACTION QUERY 10000 2318 three gorges project see
ACTION SERP 10000 2323 EXAMINE_SERP
ACTION SNIPPET 10000 2326 SEEN_PREVIOUSLY b'1096590'
ACTION SNIPPET 10000 2329 SEEN_PREVIOUSLY b'1620713'
ACTION SNIPPET 10000 2332 SEEN_PREVIOUSLY b'73817'
ACTION SNIPPET 10000 2335 SEEN_PREVIOUSLY b'974140'
ACTION SNIPPET 10000 2338 SEEN_PREVIOUSLY b'1776467'
ACTION SNIPPET 10000 2341 SNIPPET_NOT_RELEVANT b'640074'
ACTION SNIPPET 10000 2344 SNIPPET_RELEVANT b'1047681'
ACTION DOC 10000 2364 EXAMINING_DOCUMENT b'1047681'
ACTION SNIPPET 10000 2367 SNIPPET_RELEVANT b'1495612'
ACTION DOC 10000 2387 EXAMINING_DOCUMENT b'1495612'
ACTION MARK 10000 2390 CONSIDERED_RELEVANT b'1495612'
ACTION SNIPPET 10000 2393 SEEN_PREVIOUSLY b'599503'
ACTION SNIPPET 10000 2396 SEEN_PREVIOUSLY b'73809'
ACTION QUERY 10000 2406 three gorges project opposed
ACTION SERP 10000 2411 EXAMINE_SERP
ACTION SNIPPET 10000 2414 SEEN_PREVIOUSLY b'803540'
ACTION SNIPPET 10000 2417 SEEN_PREVIOUSLY b'1096590'
ACTION SNIPPET 10000 2420 SEEN_PREVIOUSLY b'1620713'
ACTION SNIPPET 10000 2423 SEEN_PREVIOUSLY b'73817'
ACTION SNIPPET 10000 2426 SEEN_PREVIOUSLY b'437337'
ACTION SNIPPET 10000 2429 SEEN_PREVIOUSLY b'974140'
ACTION SNIPPET 10000 2432 SNIPPET_RELEVANT b'1102379'
ACTION DOC 10000 2452 EXAMINING_DOCUMENT b'1102379'
ACTION SNIPPET 10000 2455 SEEN_PREVIOUSLY b'73809'
ACTION SNIPPET 10000 2458 SNIPPET_NOT_RELEVANT b'181566'
ACTION SNIPPET 10000 2461 SEEN_PREVIOUSLY b'825755'
ACTION QUERY 10000 2471 three gorges project called
ACTION SERP 10000 2476 EXAMINE_SERP
ACTION SNIPPET 10000 2479 SEEN_PREVIOUSLY b'1096590'
ACTION SNIPPET 10000 2482 SEEN_PREVIOUSLY b'1620713'
ACTION SNIPPET 10000 2485 SEEN_PREVIOUSLY b'73817'
ACTION SNIPPET 10000 2488 SEEN_PREVIOUSLY b'73809'
ACTION SNIPPET 10000 2491 SEEN_PREVIOUSLY b'974140'
ACTION SNIPPET 10000 2494 SEEN_PREVIOUSLY b'29874'
ACTION SNIPPET 10000 2497 SEEN_PREVIOUSLY b'825755'
ACTION SNIPPET 10000 2500 SNIPPET_RELEVANT b'546838'
ACTION DOC 10000 2520 EXAMINING_DOCUMENT b'546838'
ACTION SNIPPET 10000 2523 SEEN_PREVIOUSLY b'1776467'
ACTION SNIPPET 10000 2526 SNIPPET_NOT_RELEVANT b'1731421'
ACTION QUERY 10000 2536 three gorges project move
ACTION SERP 10000 2541 EXAMINE_SERP
ACTION SNIPPET 10000 2544 SEEN_PREVIOUSLY b'1620713'
ACTION SNIPPET 10000 2547 SEEN_PREVIOUSLY b'73817'
ACTION SNIPPET 10000 2550 SEEN_PREVIOUSLY b'1096590'
ACTION SNIPPET 10000 2553 SEEN_PREVIOUSLY b'974140'
ACTION SNIPPET 10000 2556 SEEN_PREVIOUSLY b'1102379'
ACTION SNIPPET 10000 2559 SEEN_PREVIOUSLY b'546838'
ACTION SNIPPET 10000 2562 SNIPPET_NOT_RELEVANT b'1418134'
ACTION SNIPPET 10000 2565 SNIPPET_RELEVANT b'823851'
ACTION DOC 10000 2585 EXAMINING_DOCUMENT b'823851'
ACTION SNIPPET 10000 2588 SEEN_PREVIOUSLY b'73809'
ACTION SNIPPET 10000 2591 SEEN_PREVIOUSLY b'825755'
ACTION QUERY 10000 2601 three gorges project companies
ACTION SERP 10000 2606 EXAMINE_SERP
ACTION SNIPPET 10000 2609 SEEN_PREVIOUSLY b'1620713'
ACTION SNIPPET 10000 2612 SEEN_PREVIOUSLY b'1096590'
ACTION SNIPPET 10000 2615 SEEN_PREVIOUSLY b'825755'
ACTION SNIPPET 10000 2618 SEEN_PREVIOUSLY b'73817'
ACTION SNIPPET 10000 2621 SEEN_PREVIOUSLY b'803540'
ACTION SNIPPET 10000 2624 SEEN_PREVIOUSLY b'974140'
ACTION SNIPPET 10000 2627 SEEN_PREVIOUSLY b'29874'
ACTION SNIPPET 10000 2630 SEEN_PREVIOUSLY b'599503'
ACTION SNIPPET 10000 2633 SEEN_PREVIOUSLY b'73809'
ACTION SNIPPET 10000 2636 SEEN_PREVIOUSLY b'1776467'
ACTION QUERY 10000 2646 three gorges project find
ACTION SERP 10000 2651 EXAMINE_SERP
ACTION SNIPPET 10000 2654 SEEN_PREVIOUSLY b'974140'
ACTION SNIPPET 10000 2657 SEEN_PREVIOUSLY b'1096590'
ACTION SNIPPET 10000 2660 SEEN_PREVIOUSLY b'1620713'
ACTION SNIPPET 10000 2663 SEEN_PREVIOUSLY b'73817'
ACTION SNIPPET 10000 2666 SEEN_PREVIOUSLY b'599503'
ACTION SNIPPET 10000 2669 SNIPPET_NOT_RELEVANT b'640074'
ACTION SNIPPET 10000 2672 SNIPPET_RELEVANT b'725261'
ACTION DOC 10000 2692 EXAMINING_DOCUMENT b'725261'
ACTION SNIPPET 10000 2695 SEEN_PREVIOUSLY b'546838'
ACTION SNIPPET 10000 2698 SEEN_PREVIOUSLY b'73809'
ACTION SNIPPET 10000 2701 SEEN_PREVIOUSLY b'679567'
ACTION QUERY 10000 2711 three gorges project homes
ACTION SERP 10000 2716 EXAMINE_SERP
ACTION SNIPPET 10000 2719 SEEN_PREVIOUSLY b'1096590'
ACTION SNIPPET 10000 2722 SEEN_PREVIOUSLY b'1620713'
ACTION SNIPPET 10000 2725 SEEN_PREVIOUSLY b'73817'
ACTION SNIPPET 10000 2728 SEEN_PREVIOUSLY b'29874'
ACTION SNIPPET 10000 2731 SEEN_PREVIOUSLY b'974140'
ACTION SNIPPET 10000 2734 SEEN_PREVIOUSLY b'73809'
ACTION SNIPPET 10000 2737 SEEN_PREVIOUSLY b'1102379'
ACTION SNIPPET 10000 2740 SNIPPET_RELEVANT b'1851207'
ACTION DOC 10000 2760 EXAMINING_DOCUMENT b'1851207'
ACTION SNIPPET 10000 2763 SEEN_PREVIOUSLY b'599503'
ACTION SNIPPET 10000 2766 SEEN_PREVIOUSLY b'825755'
ACTION QUERY 10000 2776 three gorges project wont
ACTION SERP 10000 2781 EXAMINE_SERP
ACTION SNIPPET 10000 2784 SEEN_PREVIOUSLY b'1096590'
ACTION SNIPPET 10000 2787 SEEN_PREVIOUSLY b'1620713'
ACTION SNIPPET 10000 2790 SEEN_PREVIOUSLY b'73817'
ACTION SNIPPET 10000 2793 SEEN_PREVIOUSLY b'974140'
ACTION SNIPPET 10000 2796 SEEN_PREVIOUSLY b'73809'
ACTION SNIPPET 10000 2799 SEEN_PREVIOUSLY b'825755'
ACTION SNIPPET 10000 2802 SNIPPET_NOT_RELEVANT b'875915'
ACTION SNIPPET 10000 2805 SEEN_PREVIOUSLY b'29874'
ACTION SNIPPET 10000 2808 SEEN_PREVIOUSLY b'803540'
ACTION SNIPPET 10000 2811 SEEN_PREVIOUSLY b'599503'
ACTION QUERY 10000 2821 three gorges project latest
ACTION SERP 10000 2826 EXAMINE_SERP
ACTION SNIPPET 10000 2829 SEEN_PREVIOUSLY b'974140'
ACTION SNIPPET 10000 2832 SEEN_PREVIOUSLY b'1096590'
ACTION SNIPPET 10000 2835 SEEN_PREVIOUSLY b'1620713'
ACTION SNIPPET 10000 2838 SEEN_PREVIOUSLY b'73817'
ACTION SNIPPET 10000 2841 SNIPPET_NOT_RELEVANT b'1418134'
ACTION SNIPPET 10000 2844 SNIPPET_RELEVANT b'1778750'
ACTION DOC 10000 2864 EXAMINING_DOCUMENT b'1778750'
ACTION SNIPPET 10000 2867 SEEN_PREVIOUSLY b'73809'
ACTION SNIPPET 10000 2870 SEEN_PREVIOUSLY b'825755'
ACTION SNIPPET 10000 2873 SNIPPET_NOT_RELEVANT b'1125709'
ACTION SNIPPET 10000 2876 SEEN_PREVIOUSLY b'29874'
ACTION QUERY 10000 2886 three gorges project long
ACTION SERP 10000 2891 EXAMINE_SERP
ACTION SNIPPET 10000 2894 SEEN_PREVIOUSLY b'73817'
ACTION SNIPPET 10000 2897 SEEN_PREVIOUSLY b'1096590'
ACTION SNIPPET 10000 2900 SEEN_PREVIOUSLY b'1620713'
ACTION SNIPPET 10000 2903 SEEN_PREVIOUSLY b'974140'
ACTION SNIPPET 10000 2906 SEEN_PREVIOUSLY b'73809'
ACTION SNIPPET 10000 2909 SEEN_PREVIOUSLY b'1795037'
ACTION SNIPPET 10000 2912 SNIPPET_RELEVANT b'1614491'
ACTION DOC 10000 2932 EXAMINING_DOCUMENT b'1614491'
ACTION SNIPPET 10000 2935 SEEN_PREVIOUSLY b'825755'
ACTION SNIPPET 10000 2938 SEEN_PREVIOUSLY b'599503'
ACTION SNIPPET 10000 2941 SEEN_PREVIOUSLY b'29874'
ACTION QUERY 10000 2951 three gorges project plant
ACTION SERP 10000 2956 EXAMINE_SERP
ACTION SNIPPET 10000 2959 SEEN_PREVIOUSLY b'1096590'
ACTION SNIPPET 10000 2962 SNIPPET_NOT_RELEVANT b'157845'
ACTION SNIPPET 10000 2965 SEEN_PREVIOUSLY b'1620713'
ACTION SNIPPET 10000 2968 SEEN_PREVIOUSLY b'73817'
ACTION SNIPPET 10000 2971 SNIPPET_RELEVANT b'1283749'
ACTION DOC 10000 2991 EXAMINING_DOCUMENT b'1283749'
ACTION SNIPPET 10000 2994 SEEN_PREVIOUSLY b'546838'
ACTION SNIPPET 10000 2997 SNIPPET_NOT_RELEVANT b'454528'
ACTION SNIPPET 10000 3000 SEEN_PREVIOUSLY b'974140'
ACTION SNIPPET 10000 3003 SNIPPET_RELEVANT b'1402818'
ACTION DOC 10000 3023 EXAMINING_DOCUMENT b'1402818'
ACTION SNIPPET 10000 3026 SNIPPET_RELEVANT b'342176'
ACTION DOC 10000 3046 EXAMINING_DOCUMENT b'342176'
ACTION QUERY 10000 3056 three gorges project waterway
ACTION SERP 10000 3061 EXAMINE_SERP
ACTION SNIPPET 10000 3064 SEEN_PREVIOUSLY b'1283749'
ACTION SNIPPET 10000 3067 SNIPPET_NOT_RELEVANT b'134370'
ACTION SNIPPET 10000 3070 SNIPPET_RELEVANT b'630188'
ACTION DOC 10000 3090 EXAMINING_DOCUMENT b'630188'
ACTION SNIPPET 10000 3093 SEEN_PREVIOUSLY b'1096590'
ACTION SNIPPET 10000 3096 SEEN_PREVIOUSLY b'1620713'
ACTION SNIPPET 10000 3099 SEEN_PREVIOUSLY b'73817'
ACTION SNIPPET 10000 3102 SEEN_PREVIOUSLY b'974140'
ACTION SNIPPET 10000 3105 SNIPPET_RELEVANT b'983516'
ACTION DOC 10000 3125 EXAMINING_DOCUMENT b'983516'
ACTION MARK 10000 3128 CONSIDERED_RELEVANT b'983516'
ACTION SNIPPET 10000 3131 SNIPPET_RELEVANT b'980150'
ACTION DOC 10000 3151 EXAMINING_DOCUMENT b'980150'
ACTION SNIPPET 10000 3154 SNIPPET_NOT_RELEVANT b'1049382'
ACTION QUERY 10000 3164 three gorges project handled
ACTION SERP 10000 3169 EXAMINE_SERP
ACTION SNIPPET 10000 3172 SEEN_PREVIOUSLY b'29874'
ACTION SNIPPET 10000 3175 SEEN_PREVIOUSLY b'1096590'
ACTION SNIPPET 10000 3178 SEEN_PREVIOUSLY b'1620713'
ACTION SNIPPET 10000 3181 SEEN_PREVIOUSLY b'725261'
ACTION SNIPPET 10000 3184 SEEN_PREVIOUSLY b'73817'
ACTION SNIPPET 10000 3187 SEEN_PREVIOUSLY b'974140'
ACTION SNIPPET 10000 3190 SNIPPET_RELEVANT b'315983'
ACTION DOC 10000 3210 EXAMINING_DOCUMENT b'315983'
ACTION SNIPPET 10000 3213 SEEN_PREVIOUSLY b'73809'
ACTION SNIPPET 10000 3216 SEEN_PREVIOUSLY b'825755'
ACTION SNIPPET 10000 3219 SNIPPET_RELEVANT b'182339'
ACTION DOC 10000 3239 EXAMINING_DOCUMENT b'182339'
ACTION QUERY 10000 3249 three gorges project diving
ACTION SERP 10000 3254 EXAMINE_SERP
ACTION SNIPPET 10000 3257 SNIPPET_NOT_RELEVANT b'247755'
ACTION SNIPPET 10000 3260 SEEN_PREVIOUSLY b'1096590'
ACTION SNIPPET 10000 3263 SEEN_PREVIOUSLY b'1620713'
ACTION SNIPPET 10000 3266 SEEN_PREVIOUSLY b'73817'
ACTION SNIPPET 10000 3269 SEEN_PREVIOUSLY b'974140'
ACTION SNIPPET 10000 3272 SNIPPET_RELEVANT b'858654'
ACTION DOC 10000 3292 EXAMINING_DOCUMENT b'858654'
ACTION SNIPPET 10000 3295 SNIPPET_NOT_RELEVANT b'1343848'
ACTION SNIPPET 10000 3298 SEEN_PREVIOUSLY b'73809'
ACTION SNIPPET 10000 3301 SEEN_PREVIOUSLY b'825755'
ACTION SNIPPET 10000 3304 SNIPPET_NOT_RELEVANT b'1434740'
ACTION QUERY 10000 3314 three gorges project tame
ACTION SERP 10000 3319 EXAMINE_SERP
ACTION SNIPPET 10000 3322 SNIPPET_NOT_RELEVANT b'52426'
ACTION SNIPPET 10000 3325 SEEN_PREVIOUSLY b'1096590'
ACTION SNIPPET 10000 3328 SEEN_PREVIOUSLY b'1620713'
ACTION SNIPPET 10000 3331 SEEN_PREVIOUSLY b'73817'
ACTION SNIPPET 10000 3334 SEEN_PREVIOUSLY b'974140'
ACTION SNIPPET 10000 3337 SNIPPET_NOT_RELEVANT b'247755'
ACTION SNIPPET 10000 3340 SNIPPET_NOT_RELEVANT b'941815'
ACTION SNIPPET 10000 3343 SEEN_PREVIOUSLY b'73809'
ACTION SNIPPET 10000 3346 SEEN_PREVIOUSLY b'825755'
ACTION SNIPPET 10000 3349 SEEN_PREVIOUSLY b'29874'
ACTION QUERY 10000 3359 three gorges project partly
ACTION SERP 10000 3364 EXAMINE_SERP
ACTION SNIPPET 10000 3367 SEEN_PREVIOUSLY b'1620713'
ACTION SNIPPET 10000 3370 SEEN_PREVIOUSLY b'679567'
ACTION SNIPPET 10000 3373 SEEN_PREVIOUSLY b'1096590'
ACTION SNIPPET 10000 3376 SEEN_PREVIOUSLY b'73817'
ACTION SNIPPET 10000 3379 SEEN_PREVIOUSLY b'1795037'
ACTION SNIPPET 10000 3382 SEEN_PREVIOUSLY b'974140'
ACTION SNIPPET 10000 3385 SEEN_PREVIOUSLY b'1806024'
ACTION SNIPPET 10000 3388 SNIPPET_NOT_RELEVANT b'422023'
ACTION SNIPPET 10000 3391 SEEN_PREVIOUSLY b'73809'
ACTION SNIPPET 10000 3394 SEEN_PREVIOUSLY b'825755'
ACTION QUERY 10000 3404 three gorges project southern
ACTION SERP 10000 3409 EXAMINE_SERP
ACTION SNIPPET 10000 3412 SEEN_PREVIOUSLY b'73817'
ACTION SNIPPET 10000 3415 SNIPPET_RELEVANT b'594410'
ACTION DOC 10000 3435 EXAMINING_DOCUMENT b'594410'
ACTION SNIPPET 10000 3438 SEEN_PREVIOUSLY b'29874'
ACTION SNIPPET 10000 3441 SEEN_PREVIOUSLY b'1096590'
ACTION SNIPPET 10000 3444 SEEN_PREVIOUSLY b'1620713'
ACTION SNIPPET 10000 3447 SNIPPET_RELEVANT b'1125709'
ACTION DOC 10000 3467 EXAMINING_DOCUMENT b'1125709'
ACTION SNIPPET 10000 3470 SEEN_PREVIOUSLY b'974140'
ACTION SNIPPET 10000 3473 SNIPPET_NOT_RELEVANT b'1116588'
ACTION SNIPPET 10000 3476 SNIPPET_NOT_RELEVANT b'1178106'
ACTION SNIPPET 10000 3479 SEEN_PREVIOUSLY b'73809'
ACTION QUERY 10000 3489 three gorges project landform
ACTION SERP 10000 3494 EXAMINE_SERP
ACTION SNIPPET 10000 3497 SNIPPET_RELEVANT b'1536241'
ACTION DOC 10000 3517 EXAMINING_DOCUMENT b'1536241'
ACTION SNIPPET 10000 3520 SNIPPET_RELEVANT b'1808893'
ACTION DOC 10000 3540 EXAMINING_DOCUMENT b'1808893'
ACTION SNIPPET 10000 3543 SEEN_PREVIOUSLY b'1096590'
ACTION SNIPPET 10000 3546 SEEN_PREVIOUSLY b'1620713'
ACTION SNIPPET 10000 3549 SEEN_PREVIOUSLY b'73817'
ACTION SNIPPET 10000 3552 SEEN_PREVIOUSLY b'974140'
ACTION SNIPPET 10000 3555 SNIPPET_RELEVANT b'1372082'
ACTION DOC 10000 3575 EXAMINING_DOCUMENT b'1372082'
ACTION SNIPPET 10000 3578 SEEN_PREVIOUSLY b'73809'
ACTION SNIPPET 10000 3581 SEEN_PREVIOUSLY b'825755'
ACTION SNIPPET 10000 3584 SEEN_PREVIOUSLY b'29874'
ACTION QUERY 10000 3594 three gorges project president
ACTION SERP 10000 3599 EXAMINE_SERP
ACTION SNIPPET 10000 3602 SEEN_PREVIOUSLY b'73817'
ACTION SNIPPET 10000 3605 SEEN_PREVIOUSLY b'1096590'
ACTION SNIPPET 10000 3608 SEEN_PREVIOUSLY b'1620713'
ACTION SNIPPET 10000 3611 SEEN_PREVIOUSLY b'974140'
ACTION SNIPPET 10000 3614 SEEN_PREVIOUSLY b'73809'
ACTION SNIPPET 10000 3617 SEEN_PREVIOUSLY b'825755'
ACTION SNIPPET 10000 3620 SEEN_PREVIOUSLY b'1776467'
ACTION SNIPPET 10000 3623 SEEN_PREVIOUSLY b'29874'
ACTION SNIPPET 10000 3626 SEEN_PREVIOUSLY b'642339'
ACTION SNIPPET 10000 3629 SEEN_PREVIOUSLY b'803540'
ACTION QUERY 10000 3639 three gorges project jiangsu
ACTION SERP 10000 3644 EXAMINE_SERP
ACTION SNIPPET 10000 3647 SNIPPET_RELEVANT b'233186'
ACTION DOC 10000 3667 EXAMINING_DOCUMENT b'233186'
ACTION SNIPPET 10000 3670 SNIPPET_NOT_RELEVANT b'1416376'
ACTION SNIPPET 10000 3673 SEEN_PREVIOUSLY b'1096590'
ACTION SNIPPET 10000 3676 SEEN_PREVIOUSLY b'1620713'
ACTION SNIPPET 10000 3679 SNIPPET_RELEVANT b'1171807'
ACTION DOC 10000 3699 EXAMINING_DOCUMENT b'1171807'
ACTION SNIPPET 10000 3702 SEEN_PREVIOUSLY b'73817'
ACTION SNIPPET 10000 3705 SNIPPET_RELEVANT b'206730'
ACTION DOC 10000 3725 EXAMINING_DOCUMENT b'206730'
ACTION SNIPPET 10000 3728 SNIPPET_RELEVANT b'269788'
ACTION DOC 10000 3748 EXAMINING_DOCUMENT b'269788'
ACTION SNIPPET 10000 3751 SEEN_PREVIOUSLY b'974140'
ACTION SNIPPET 10000 3754 SNIPPET_NOT_RELEVANT b'459832'
ACTION QUERY 10000 3764 three gorges project reservoirs
ACTION SERP 10000 3769 EXAMINE_SERP
ACTION SNIPPET 10000 3772 SNIPPET_NOT_RELEVANT b'1386127'
ACTION SNIPPET 10000 3775 SNIPPET_RELEVANT b'106535'
ACTION DOC 10000 3795 EXAMINING_DOCUMENT b'106535'
ACTION SNIPPET 10000 3798 SNIPPET_RELEVANT b'1792169'
ACTION DOC 10000 3818 EXAMINING_DOCUMENT b'1792169'
ACTION MARK 10000 3821 CONSIDERED_RELEVANT b'1792169'
ACTION SNIPPET 10000 3824 SEEN_PREVIOUSLY b'342176'
ACTION SNIPPET 10000 3827 SEEN_PREVIOUSLY b'1795037'
ACTION SNIPPET 10000 3830 SNIPPET_RELEVANT b'28134'
ACTION DOC 10000 3850 EXAMINING_DOCUMENT b'28134'
ACTION SNIPPET 10000 3853 SNIPPET_NOT_RELEVANT b'454528'
ACTION SNIPPET 10000 3856 SNIPPET_RELEVANT b'1259393'
ACTION DOC 10000 3876 EXAMINING_DOCUMENT b'1259393'
ACTION MARK 10000 3879 CONSIDERED_RELEVANT b'1259393'
ACTION SNIPPET 10000 3882 SEEN_PREVIOUSLY b'73809'
ACTION SNIPPET 10000 3885 SNIPPET_NOT_RELEVANT b'510523'
ACTION QUERY 10000 3895 three gorges project ws
ACTION SERP 10000 3900 EXAMINE_SERP
ACTION SNIPPET 10000 3903 SNIPPET_NOT_RELEVANT b'1047807'
ACTION SNIPPET 10000 3906 SNIPPET_NOT_RELEVANT b'759641'
ACTION SNIPPET 10000 3909 SNIPPET_RELEVANT b'913845'
ACTION DOC 10000 3929 EXAMINING_DOCUMENT b'913845'
ACTION SNIPPET 10000 3932 SNIPPET_RELEVANT b'62317'
ACTION DOC 10000 3952 EXAMINING_DOCUMENT b'62317'
ACTION SNIPPET 10000 3955 SNIPPET_NOT_RELEVANT b'290538'
ACTION SNIPPET 10000 3958 SNIPPET_NOT_RELEVANT b'174016'
ACTION SNIPPET 10000 3961 SNIPPET_NOT_RELEVANT b'681889'
ACTION SNIPPET 10000 3964 SEEN_PREVIOUSLY b'1096590'
ACTION SNIPPET 10000 3967 SEEN_PREVIOUSLY b'1620713'
ACTION SNIPPET 10000 3970 SEEN_PREVIOUSLY b'73817'
ACTION QUERY 10000 3980 three gorges project attempt
ACTION SERP 10000 3985 EXAMINE_SERP
ACTION SNIPPET 10000 3988 SEEN_PREVIOUSLY b'73809'
ACTION SNIPPET 10000 3991 SEEN_PREVIOUSLY b'1096590'
ACTION SNIPPET 10000 3994 SEEN_PREVIOUSLY b'1620713'
ACTION SNIPPET 10000 3997 SEEN_PREVIOUSLY b'73817'
ACTION SNIPPET 10000 4000 SEEN_PREVIOUSLY b'599503'
ACTION SNIPPET 10000 4003 SEEN_PREVIOUSLY b'974140'
ACTION SNIPPET 10000 4006 SEEN_PREVIOUSLY b'546838'
ACTION SNIPPET 10000 4009 SEEN_PREVIOUSLY b'825755'
ACTION SNIPPET 10000 4012 SEEN_PREVIOUSLY b'437337'
ACTION SNIPPET 10000 4015 SEEN_PREVIOUSLY b'1851207'
ACTION QUERY 10000 4025 three gorges project seek
ACTION SERP 10000 4030 EXAMINE_SERP
ACTION SNIPPET 10000 4033 SEEN_PREVIOUSLY b'1620713'
ACTION SNIPPET 10000 4036 SEEN_PREVIOUSLY b'1096590'
ACTION SNIPPET 10000 4039 SEEN_PREVIOUSLY b'73817'
ACTION SNIPPET 10000 4042 SEEN_PREVIOUSLY b'974140'
ACTION SNIPPET 10000 4045 SEEN_PREVIOUSLY b'679567'
ACTION SNIPPET 10000 4048 SEEN_PREVIOUSLY b'73809'
ACTION SNIPPET 10000 4051 SEEN_PREVIOUSLY b'825755'
ACTION SNIPPET 10000 4054 SEEN_PREVIOUSLY b'29874'
ACTION SNIPPET 10000 4057 SEEN_PREVIOUSLY b'437337'
ACTION SNIPPET 10000 4060 SNIPPET_NOT_RELEVANT b'1371512'
ACTION QUERY 10000 4070 three gorges project hunt
ACTION SERP 10000 4075 EXAMINE_SERP
ACTION SNIPPET 10000 4078 SEEN_PREVIOUSLY b'73809'
ACTION SNIPPET 10000 4081 SEEN_PREVIOUSLY b'1167343'
ACTION SNIPPET 10000 4084 SEEN_PREVIOUSLY b'642339'
ACTION SNIPPET 10000 4087 SNIPPET_NOT_RELEVANT b'1372881'
ACTION SNIPPET 10000 4090 SEEN_PREVIOUSLY b'29874'
ACTION SNIPPET 10000 4093 SNIPPET_NOT_RELEVANT b'403954'
ACTION SNIPPET 10000 4096 SNIPPET_NOT_RELEVANT b'121008'
ACTION SNIPPET 10000 4099 SNIPPET_NOT_RELEVANT b'1418134'
ACTION SNIPPET 10000 4102 SNIPPET_RELEVANT b'499084'
ACTION DOC 10000 4122 EXAMINING_DOCUMENT b'499084'
ACTION SNIPPET 10000 4125 SNIPPET_NOT_RELEVANT b'1239124'
ACTION QUERY 10000 4135 three gorges project looking
ACTION SERP 10000 4140 EXAMINE_SERP
ACTION SNIPPET 10000 4143 SEEN_PREVIOUSLY b'1096590'
ACTION SNIPPET 10000 4146 SEEN_PREVIOUSLY b'1620713'
ACTION SNIPPET 10000 4149 SEEN_PREVIOUSLY b'73817'
ACTION SNIPPET 10000 4152 SEEN_PREVIOUSLY b'974140'
ACTION SNIPPET 10000 4155 SEEN_PREVIOUSLY b'1795037'
ACTION SNIPPET 10000 4158 SEEN_PREVIOUSLY b'73809'
ACTION SNIPPET 10000 4161 SNIPPET_NOT_RELEVANT b'640074'
ACTION SNIPPET 10000 4164 SEEN_PREVIOUSLY b'1776467'
ACTION SNIPPET 10000 4167 SEEN_PREVIOUSLY b'825755'
ACTION SNIPPET 10000 4170 SEEN_PREVIOUSLY b'1851207'
ACTION QUERY 10000 4180 three gorges project buried
ACTION SERP 10000 4185 EXAMINE_SERP
ACTION SNIPPET 10000 4188 SEEN_PREVIOUSLY b'1096590'
ACTION SNIPPET 10000 4191 SEEN_PREVIOUSLY b'1620713'
ACTION SNIPPET 10000 4194 SEEN_PREVIOUSLY b'73817'
ACTION SNIPPET 10000 4197 SEEN_PREVIOUSLY b'974140'
ACTION SNIPPET 10000 4200 SNIPPET_NOT_RELEVANT b'1050467'
ACTION SNIPPET 10000 4203 SNIPPET_RELEVANT b'711107'
ACTION DOC 10000 4223 EXAMINING_DOCUMENT b'711107'
ACTION MARK 10000 4226 CONSIDERED_RELEVANT b'711107'
ACTION SNIPPET 10000 4229 SEEN_PREVIOUSLY b'73809'
ACTION SNIPPET 10000 4232 SEEN_PREVIOUSLY b'825755'
ACTION SNIPPET 10000 4235 SNIPPET_NOT_RELEVANT b'52426'
ACTION SNIPPET 10000 4238 SNIPPET_RELEVANT b'977606'
ACTION DOC 10000 4258 EXAMINING_DOCUMENT b'977606'
ACTION QUERY 10000 4268 three gorges project beautiful
ACTION SERP 10000 4273 EXAMINE_SERP
ACTION SNIPPET 10000 4276 SEEN_PREVIOUSLY b'1620713'
ACTION SNIPPET 10000 4279 SEEN_PREVIOUSLY b'1776467'
ACTION SNIPPET 10000 4282 SEEN_PREVIOUSLY b'725261'
ACTION SNIPPET 10000 4285 SEEN_PREVIOUSLY b'1047681'
ACTION SNIPPET 10000 4288 SEEN_PREVIOUSLY b'73809'
ACTION SNIPPET 10000 4291 SNIPPET_NOT_RELEVANT b'925731'
ACTION SNIPPET 10000 4294 SEEN_PREVIOUSLY b'29874'
ACTION SNIPPET 10000 4297 SEEN_PREVIOUSLY b'1102379'
ACTION SNIPPET 10000 4300 SEEN_PREVIOUSLY b'1096590'
ACTION SNIPPET 10000 4303 SNIPPET_RELEVANT b'1239124'
ACTION DOC 10000 4323 EXAMINING_DOCUMENT b'1239124'
ACTION QUERY 10000 4333 three gorges project map
ACTION SERP 10000 4338 EXAMINE_SERP
ACTION SNIPPET 10000 4341 SEEN_PREVIOUSLY b'73809'
ACTION SNIPPET 10000 4344 SEEN_PREVIOUSLY b'546838'
ACTION SNIPPET 10000 4347 SEEN_PREVIOUSLY b'1795037'
ACTION SNIPPET 10000 4350 SEEN_PREVIOUSLY b'1096590'
ACTION SNIPPET 10000 4353 SEEN_PREVIOUSLY b'1620713'
ACTION SNIPPET 10000 4356 SEEN_PREVIOUSLY b'73817'
ACTION SNIPPET 10000 4359 SNIPPET_NOT_RELEVANT b'88251'
ACTION SNIPPET 10000 4362 SEEN_PREVIOUSLY b'974140'
ACTION SNIPPET 10000 4365 SNIPPET_NOT_RELEVANT b'1316453'
ACTION SNIPPET 10000 4368 SEEN_PREVIOUSLY b'825755'
ACTION QUERY 10000 4378 three gorges project found
ACTION SERP 10000 4383 EXAMINE_SERP
ACTION SNIPPET 10000 4386 SNIPPET_NOT_RELEVANT b'303778'
ACTION SNIPPET 10000 4389 SEEN_PREVIOUSLY b'1096590'
ACTION SNIPPET 10000 4392 SEEN_PREVIOUSLY b'1620713'
ACTION SNIPPET 10000 4395 SEEN_PREVIOUSLY b'73817'
ACTION SNIPPET 10000 4398 SEEN_PREVIOUSLY b'974140'
ACTION SNIPPET 10000 4401 SNIPPET_NOT_RELEVANT b'864302'
ACTION SNIPPET 10000 4404 SEEN_PREVIOUSLY b'599503'
ACTION SNIPPET 10000 4407 SNIPPET_NOT_RELEVANT b'723057'
ACTION SNIPPET 10000 4410 SEEN_PREVIOUSLY b'546838'
ACTION SNIPPET 10000 4413 SEEN_PREVIOUSLY b'73809'
ACTION QUERY 10000 4423 three gorges project dust
ACTION SERP 10000 4428 EXAMINE_SERP
ACTION SNIPPET 10000 4431 SNIPPET_NOT_RELEVANT b'1599645'
ACTION SNIPPET 10000 4434 SEEN_PREVIOUSLY b'1096590'
ACTION SNIPPET 10000 4437 SEEN_PREVIOUSLY b'1620713'
ACTION SNIPPET 10000 4440 SNIPPET_NOT_RELEVANT b'1508113'
ACTION SNIPPET 10000 4443 SEEN_PREVIOUSLY b'73817'
ACTION SNIPPET 10000 4446 SNIPPET_RELEVANT b'1424902'
ACTION DOC 10000 4466 EXAMINING_DOCUMENT b'1424902'
ACTION SNIPPET 10000 4469 SEEN_PREVIOUSLY b'974140'
ACTION SNIPPET 10000 4472 SNIPPET_RELEVANT b'1775384'
ACTION DOC 10000 4492 EXAMINING_DOCUMENT b'1775384'
ACTION SNIPPET 10000 4495 SEEN_PREVIOUSLY b'73809'
ACTION SNIPPET 10000 4498 SEEN_PREVIOUSLY b'825755'
ACTION QUERY 10000 4508 three gorges project export
ACTION SERP 10000 4513 EXAMINE_SERP
ACTION SNIPPET 10000 4516 SEEN_PREVIOUSLY b'825755'
ACTION SNIPPET 10000 4519 SEEN_PREVIOUSLY b'803540'
ACTION SNIPPET 10000 4522 SEEN_PREVIOUSLY b'182339'
ACTION SNIPPET 10000 4525 SEEN_PREVIOUSLY b'823851'
ACTION SNIPPET 10000 4528 SNIPPET_NOT_RELEVANT b'806334'
ACTION SNIPPET 10000 4531 SNIPPET_RELEVANT b'854307'
ACTION DOC 10000 4551 EXAMINING_DOCUMENT b'854307'
ACTION MARK 10000 4554 CONSIDERED_RELEVANT b'854307'
ACTION SNIPPET 10000 4557 SEEN_PREVIOUSLY b'1096590'
ACTION SNIPPET 10000 4560 SEEN_PREVIOUSLY b'1620713'
ACTION SNIPPET 10000 4563 SEEN_PREVIOUSLY b'73817'
ACTION SNIPPET 10000 4566 SEEN_PREVIOUSLY b'974140'
ACTION QUERY 10000 4576 three gorges project loans
ACTION SERP 10000 4581 EXAMINE_SERP
ACTION SNIPPET 10000 4584 SEEN_PREVIOUSLY b'1096590'
ACTION SNIPPET 10000 4587 SNIPPET_NOT_RELEVANT b'1035190'
ACTION SNIPPET 10000 4590 SNIPPET_RELEVANT b'581036'
ACTION DOC 10000 4610 EXAMINING_DOCUMENT b'581036'
ACTION MARK 10000 4613 CONSIDERED_RELEVANT b'581036'
ACTION SNIPPET 10000 4616 SEEN_PREVIOUSLY b'1620713'
ACTION SNIPPET 10000 4619 SEEN_PREVIOUSLY b'73817'
ACTION SNIPPET 10000 4622 SEEN_PREVIOUSLY b'974140'
ACTION SNIPPET 10000 4625 SEEN_PREVIOUSLY b'73809'
ACTION SNIPPET 10000 4628 SEEN_PREVIOUSLY b'825755'
ACTION SNIPPET 10000 4631 SEEN_PREVIOUSLY b'29874'
ACTION SNIPPET 10000 4634 SNIPPET_NOT_RELEVANT b'520656'
ACTION QUERY 10000 4644 three gorges project poorest
ACTION SERP 10000 4649 EXAMINE_SERP
ACTION SNIPPET 10000 4652 SEEN_PREVIOUSLY b'1096590'
ACTION SNIPPET 10000 4655 SEEN_PREVIOUSLY b'1620713'
ACTION SNIPPET 10000 4658 SEEN_PREVIOUSLY b'73817'
ACTION SNIPPET 10000 4661 SEEN_PREVIOUSLY b'974140'
ACTION SNIPPET 10000 4664 SEEN_PREVIOUSLY b'73809'
ACTION SNIPPET 10000 4667 SEEN_PREVIOUSLY b'825755'
ACTION SNIPPET 10000 4670 SEEN_PREVIOUSLY b'29874'
ACTION SNIPPET 10000 4673 SNIPPET_NOT_RELEVANT b'134679'
ACTION SNIPPET 10000 4676 SEEN_PREVIOUSLY b'803540'
ACTION SNIPPET 10000 4679 SNIPPET_NOT_RELEVANT b'675576'
ACTION QUERY 10000 4689 three gorges project countries
ACTION SERP 10000 4694 EXAMINE_SERP
ACTION SNIPPET 10000 4697 SEEN_PREVIOUSLY b'1620713'
ACTION SNIPPET 10000 4700 SEEN_PREVIOUSLY b'73809'
ACTION SNIPPET 10000 4703 SEEN_PREVIOUSLY b'1096590'
ACTION SNIPPET 10000 4706 SEEN_PREVIOUSLY b'73817'
ACTION SNIPPET 10000 4709 SEEN_PREVIOUSLY b'974140'
ACTION SNIPPET 10000 4712 SNIPPET_RELEVANT b'1497085'
ACTION DOC 10000 4732 EXAMINING_DOCUMENT b'1497085'
ACTION SNIPPET 10000 4735 SEEN_PREVIOUSLY b'1047681'
ACTION SNIPPET 10000 4738 SNIPPET_NOT_RELEVANT b'640074'
ACTION SNIPPET 10000 4741 SEEN_PREVIOUSLY b'599503'
ACTION SNIPPET 10000 4744 SEEN_PREVIOUSLY b'437337'
ACTION QUERY 10000 4754 three gorges project type
ACTION SERP 10000 4759 EXAMINE_SERP
ACTION SNIPPET 10000 4762 SEEN_PREVIOUSLY b'725261'
ACTION SNIPPET 10000 4765 SEEN_PREVIOUSLY b'1096590'
ACTION SNIPPET 10000 4768 SEEN_PREVIOUSLY b'1620713'
ACTION SNIPPET 10000 4771 SEEN_PREVIOUSLY b'73817'
ACTION SNIPPET 10000 4774 SEEN_PREVIOUSLY b'974140'
ACTION SNIPPET 10000 4777 SEEN_PREVIOUSLY b'73809'
ACTION SNIPPET 10000 4780 SEEN_PREVIOUSLY b'825755'
ACTION SNIPPET 10000 4783 SEEN_PREVIOUSLY b'29874'
ACTION SNIPPET 10000 4786 SNIPPET_RELEVANT b'1499895'
ACTION DOC 10000 4806 EXAMINING_DOCUMENT b'1499895'
ACTION MARK 10000 4809 CONSIDERED_RELEVANT b'1499895'
ACTION SNIPPET 10000 4812 SNIPPET_NOT_RELEVANT b'1240807'
ACTION QUERY 10000 4822 three gorges project rhodes
ACTION SERP 10000 4827 EXAMINE_SERP
ACTION SNIPPET 10000 4830 SEEN_PREVIOUSLY b'1096590'
ACTION SNIPPET 10000 4833 SEEN_PREVIOUSLY b'1620713'
ACTION SNIPPET 10000 4836 SEEN_PREVIOUSLY b'73817'
ACTION SNIPPET 10000 4839 SEEN_PREVIOUSLY b'974140'
ACTION SNIPPET 10000 4842 SEEN_PREVIOUSLY b'73809'
ACTION SNIPPET 10000 4845 SEEN_PREVIOUSLY b'825755'
ACTION SNIPPET 10000 4848 SEEN_PREVIOUSLY b'29874'
ACTION SNIPPET 10000 4851 SEEN_PREVIOUSLY b'803540'
ACTION SNIPPET 10000 4854 SEEN_PREVIOUSLY b'599503'
ACTION SNIPPET 10000 4857 SEEN_PREVIOUSLY b'1795037'
ACTION QUERY 10000 4867 three gorges project yellow
ACTION SERP 10000 4872 EXAMINE_SERP
ACTION SNIPPET 10000 4875 SNIPPET_NOT_RELEVANT b'1166708'
ACTION SNIPPET 10000 4878 SEEN_PREVIOUSLY b'1096590'
ACTION SNIPPET 10000 4881 SNIPPET_NOT_RELEVANT b'738746'
ACTION SNIPPET 10000 4884 SEEN_PREVIOUSLY b'1620713'
ACTION SNIPPET 10000 4887 SEEN_PREVIOUSLY b'73817'
ACTION SNIPPET 10000 4890 SEEN_PREVIOUSLY b'1795037'
ACTION SNIPPET 10000 4893 SNIPPET_NOT_RELEVANT b'1667140'
ACTION SNIPPET 10000 4896 SNIPPET_NOT_RELEVANT b'738549'
ACTION SNIPPET 10000 4899 SEEN_PREVIOUSLY b'974140'
ACTION SNIPPET 10000 4902 SEEN_PREVIOUSLY b'73809'
ACTION QUERY 10000 4912 three gorges project front
ACTION SERP 10000 4917 EXAMINE_SERP
ACTION SNIPPET 10000 4920 SEEN_PREVIOUSLY b'825755'
ACTION SNIPPET 10000 4923 SEEN_PREVIOUSLY b'1096590'
ACTION SNIPPET 10000 4926 SEEN_PREVIOUSLY b'1620713'
ACTION SNIPPET 10000 4929 SEEN_PREVIOUSLY b'73817'
ACTION SNIPPET 10000 4932 SNIPPET_NOT_RELEVANT b'899864'
ACTION SNIPPET 10000 4935 SEEN_PREVIOUSLY b'974140'
ACTION SNIPPET 10000 4938 SEEN_PREVIOUSLY b'679567'
ACTION SNIPPET 10000 4941 SEEN_PREVIOUSLY b'823851'
ACTION SNIPPET 10000 4944 SEEN_PREVIOUSLY b'73809'
ACTION SNIPPET 10000 4947 SNIPPET_NOT_RELEVANT b'882073'
ACTION QUERY 10000 4957 three gorges project scarce
ACTION SERP 10000 4962 EXAMINE_SERP
ACTION SNIPPET 10000 4965 SEEN_PREVIOUSLY b'1096590'
ACTION SNIPPET 10000 4968 SEEN_PREVIOUSLY b'1620713'
ACTION SNIPPET 10000 4971 SEEN_PREVIOUSLY b'73817'
ACTION SNIPPET 10000 4974 SEEN_PREVIOUSLY b'437337'
ACTION SNIPPET 10000 4977 SNIPPET_NOT_RELEVANT b'1716183'
ACTION SNIPPET 10000 4980 SEEN_PREVIOUSLY b'974140'
ACTION SNIPPET 10000 4983 SNIPPET_NOT_RELEVANT b'640074'
ACTION SNIPPET 10000 4986 SEEN_PREVIOUSLY b'73809'
ACTION SNIPPET 10000 4989 SEEN_PREVIOUSLY b'825755'
ACTION SNIPPET 10000 4992 SNIPPET_NOT_RELEVANT b'646212'
ACTION QUERY 10000 5002 three gorges project longest
ACTION SERP 10000 5007 EXAMINE_SERP
ACTION SNIPPET 10000 5010 SNIPPET_NOT_RELEVANT b'174754'
ACTION SNIPPET 10000 5013 SNIPPET_NOT_RELEVANT b'181566'
ACTION SNIPPET 10000 5016 SEEN_PREVIOUSLY b'1096590'
ACTION SNIPPET 10000 5019 SEEN_PREVIOUSLY b'1620713'
ACTION SNIPPET 10000 5022 SEEN_PREVIOUSLY b'73817'
ACTION SNIPPET 10000 5025 SEEN_PREVIOUSLY b'1125709'
ACTION SNIPPET 10000 5028 SEEN_PREVIOUSLY b'974140'
ACTION SNIPPET 10000 5031 SEEN_PREVIOUSLY b'73809'
ACTION SNIPPET 10000 5034 SNIPPET_NOT_RELEVANT b'247755'
ACTION SNIPPET 10000 5037 SEEN_PREVIOUSLY b'825755'
ACTION QUERY 10000 5047 three gorges project effort
ACTION SERP 10000 5052 EXAMINE_SERP
ACTION SNIPPET 10000 5055 SEEN_PREVIOUSLY b'1096590'
ACTION SNIPPET 10000 5058 SEEN_PREVIOUSLY b'1620713'
ACTION SNIPPET 10000 5061 SEEN_PREVIOUSLY b'73817'
ACTION SNIPPET 10000 5064 SEEN_PREVIOUSLY b'73809'
ACTION SNIPPET 10000 5067 SNIPPET_RELEVANT b'864300'
ACTION DOC 10000 5087 EXAMINING_DOCUMENT b'864300'
ACTION SNIPPET 10000 5090 SEEN_PREVIOUSLY b'974140'
ACTION SNIPPET 10000 5093 SNIPPET_NOT_RELEVANT b'454528'
ACTION SNIPPET 10000 5096 SEEN_PREVIOUSLY b'825755'
ACTION SNIPPET 10000 5099 SNIPPET_RELEVANT b'723057'
ACTION DOC 10000 5119 EXAMINING_DOCUMENT b'723057'
ACTION SNIPPET 10000 5122 SEEN_PREVIOUSLY b'1497085'
ACTION QUERY 10000 5132 three gorges project injured
ACTION SERP 10000 5137 EXAMINE_SERP
ACTION SNIPPET 10000 5140 SEEN_PREVIOUSLY b'1778750'
ACTION SNIPPET 10000 5143 SEEN_PREVIOUSLY b'1776467'
ACTION SNIPPET 10000 5146 SEEN_PREVIOUSLY b'1096590'
ACTION SNIPPET 10000 5149 SEEN_PREVIOUSLY b'1620713'
ACTION SNIPPET 10000 5152 SEEN_PREVIOUSLY b'73817'
ACTION SNIPPET 10000 5155 SNIPPET_NOT_RELEVANT b'1756007'
ACTION SNIPPET 10000 5158 SNIPPET_RELEVANT b'673299'
ACTION DOC 10000 5178 EXAMINING_DOCUMENT b'673299'
ACTION SNIPPET 10000 5181 SNIPPET_NOT_RELEVANT b'1496208'
ACTION SNIPPET 10000 5184 SEEN_PREVIOUSLY b'974140'
ACTION SNIPPET 10000 5187 SEEN_PREVIOUSLY b'1125709'
ACTION QUERY 10000 5197 three gorges project damming
ACTION SERP 10000 5202 EXAMINE_SERP
ACTION SNIPPET 10000 5205 SEEN_PREVIOUSLY b'1620713'
ACTION SNIPPET 10000 5208 SEEN_PREVIOUSLY b'974140'
ACTION SNIPPET 10000 5211 SEEN_PREVIOUSLY b'1096590'
ACTION SNIPPET 10000 5214 SEEN_PREVIOUSLY b'825755'
ACTION SNIPPET 10000 5217 SEEN_PREVIOUSLY b'803540'
ACTION SNIPPET 10000 5220 SNIPPET_NOT_RELEVANT b'1731421'
ACTION SNIPPET 10000 5223 SEEN_PREVIOUSLY b'823851'
ACTION SNIPPET 10000 5226 SNIPPET_RELEVANT b'520656'
ACTION DOC 10000 5246 EXAMINING_DOCUMENT b'520656'
ACTION SNIPPET 10000 5249 SNIPPET_RELEVANT b'1625883'
ACTION DOC 10000 5269 EXAMINING_DOCUMENT b'1625883'
ACTION SNIPPET 10000 5272 SNIPPET_NOT_RELEVANT b'1387441'
ACTION QUERY 10000 5282 three gorges project designed
ACTION SERP 10000 5287 EXAMINE_SERP
ACTION SNIPPET 10000 5290 SEEN_PREVIOUSLY b'1620713'
ACTION SNIPPET 10000 5293 SEEN_PREVIOUSLY b'1096590'
ACTION SNIPPET 10000 5296 SEEN_PREVIOUSLY b'315983'
ACTION SNIPPET 10000 5299 SEEN_PREVIOUSLY b'73809'
ACTION SNIPPET 10000 5302 SEEN_PREVIOUSLY b'73817'
ACTION SNIPPET 10000 5305 SEEN_PREVIOUSLY b'594410'
ACTION SNIPPET 10000 5308 SEEN_PREVIOUSLY b'974140'
ACTION SNIPPET 10000 5311 SEEN_PREVIOUSLY b'437337'
ACTION SNIPPET 10000 5314 SNIPPET_NOT_RELEVANT b'340991'
ACTION SNIPPET 10000 5317 SNIPPET_NOT_RELEVANT b'1026165'
ACTION QUERY 10000 5327 three gorges project canal
ACTION SERP 10000 5332 EXAMINE_SERP
ACTION SNIPPET 10000 5335 SNIPPET_NOT_RELEVANT b'1756007'
ACTION SNIPPET 10000 5338 SEEN_PREVIOUSLY b'1096590'
ACTION SNIPPET 10000 5341 SEEN_PREVIOUSLY b'1620713'
ACTION SNIPPET 10000 5344 SEEN_PREVIOUSLY b'73817'
ACTION SNIPPET 10000 5347 SEEN_PREVIOUSLY b'974140'
ACTION SNIPPET 10000 5350 SNIPPET_NOT_RELEVANT b'1799270'
ACTION SNIPPET 10000 5353 SNIPPET_NOT_RELEVANT b'1787437'
ACTION SNIPPET 10000 5356 SEEN_PREVIOUSLY b'73809'
ACTION SNIPPET 10000 5359 SNIPPET_NOT_RELEVANT b'382469'
ACTION SNIPPET 10000 5362 SEEN_PREVIOUSLY b'825755'
ACTION QUERY 10000 5372 three gorges project time
ACTION SERP 10000 5377 EXAMINE_SERP
ACTION SNIPPET 10000 5380 SEEN_PREVIOUSLY b'1096590'
ACTION SNIPPET 10000 5383 SEEN_PREVIOUSLY b'1620713'
ACTION SNIPPET 10000 5386 SEEN_PREVIOUSLY b'73817'
ACTION SNIPPET 10000 5389 SEEN_PREVIOUSLY b'974140'
ACTION SNIPPET 10000 5392 SEEN_PREVIOUSLY b'73809'
ACTION SNIPPET 10000 5395 SEEN_PREVIOUSLY b'825755'
ACTION SNIPPET 10000 5398 SEEN_PREVIOUSLY b'29874'
ACTION SNIPPET 10000 5401 SEEN_PREVIOUSLY b'803540'
ACTION SNIPPET 10000 5404 SEEN_PREVIOUSLY b'1795037'
ACTION SNIPPET 10000 5407 SNIPPET_NOT_RELEVANT b'640074'
ACTION QUERY 10000 5417 three gorges project pngs
ACTION SERP 10000 5422 EXAMINE_SERP
ACTION SNIPPET 10000 5425 SNIPPET_NOT_RELEVANT b'1808972'
ACTION SNIPPET 10000 5428 SNIPPET_NOT_RELEVANT b'1852358'
ACTION SNIPPET 10000 5431 SNIPPET_RELEVANT b'292279'
ACTION DOC 10000 5451 EXAMINING_DOCUMENT b'292279'
ACTION SNIPPET 10000 5454 SEEN_PREVIOUSLY b'1096590'
ACTION SNIPPET 10000 5457 SEEN_PREVIOUSLY b'1620713'
ACTION SNIPPET 10000 5460 SEEN_PREVIOUSLY b'73817'
ACTION SNIPPET 10000 5463 SNIPPET_NOT_RELEVANT b'1145349'
ACTION SNIPPET 10000 5466 SEEN_PREVIOUSLY b'974140'
ACTION SNIPPET 10000 5469 SNIPPET_NOT_RELEVANT b'755460'
ACTION SNIPPET 10000 5472 SEEN_PREVIOUSLY b'73809'
ACTION QUERY 10000 5482 three gorges project scarlet
ACTION SERP 10000 5487 EXAMINE_SERP
ACTION SNIPPET 10000 5490 SNIPPET_RELEVANT b'1610967'
ACTION DOC 10000 5510 EXAMINING_DOCUMENT b'1610967'
ACTION SNIPPET 10000 5513 SEEN_PREVIOUSLY b'1096590'
ACTION SNIPPET 10000 5516 SEEN_PREVIOUSLY b'1620713'
ACTION SNIPPET 10000 5519 SEEN_PREVIOUSLY b'73817'
ACTION SNIPPET 10000 5522 SEEN_PREVIOUSLY b'974140'
ACTION SNIPPET 10000 5525 SNIPPET_RELEVANT b'1093155'
ACTION DOC 10000 5545 EXAMINING_DOCUMENT b'1093155'
ACTION SNIPPET 10000 5548 SNIPPET_NOT_RELEVANT b'308855'
ACTION SNIPPET 10000 5551 SNIPPET_NOT_RELEVANT b'1438416'
ACTION SNIPPET 10000 5554 SEEN_PREVIOUSLY b'73809'
ACTION SNIPPET 10000 5557 SEEN_PREVIOUSLY b'825755'
ACTION QUERY 10000 5567 three gorges project zone
ACTION SERP 10000 5572 EXAMINE_SERP
ACTION SNIPPET 10000 5575 SNIPPET_RELEVANT b'1778550'
ACTION DOC 10000 5595 EXAMINING_DOCUMENT b'1778550'
ACTION SNIPPET 10000 5598 SEEN_PREVIOUSLY b'1096590'
ACTION SNIPPET 10000 5601 SEEN_PREVIOUSLY b'1620713'
ACTION SNIPPET 10000 5604 SNIPPET_NOT_RELEVANT b'1000549'
ACTION SNIPPET 10000 5607 SEEN_PREVIOUSLY b'73817'
ACTION SNIPPET 10000 5610 SEEN_PREVIOUSLY b'974140'
ACTION SNIPPET 10000 5613 SNIPPET_RELEVANT b'1333161'
ACTION DOC 10000 5633 EXAMINING_DOCUMENT b'1333161'
ACTION SNIPPET 10000 5636 SEEN_PREVIOUSLY b'437337'
ACTION SNIPPET 10000 5639 SNIPPET_NOT_RELEVANT b'190965'
ACTION SNIPPET 10000 5642 SNIPPET_RELEVANT b'398038'
ACTION DOC 10000 5662 EXAMINING_DOCUMENT b'398038'
ACTION QUERY 10000 5672 three gorges project impact
ACTION SERP 10000 5677 EXAMINE_SERP
ACTION SNIPPET 10000 5680 SEEN_PREVIOUSLY b'73817'
ACTION SNIPPET 10000 5683 SNIPPET_NOT_RELEVANT b'1792286'
ACTION SNIPPET 10000 5686 SNIPPET_NOT_RELEVANT b'1792328'
ACTION SNIPPET 10000 5689 SNIPPET_NOT_RELEVANT b'1792271'
ACTION SNIPPET 10000 5692 SNIPPET_NOT_RELEVANT b'1792305'
ACTION SNIPPET 10000 5695 SNIPPET_NOT_RELEVANT b'329062'
ACTION SNIPPET 10000 5698 SEEN_PREVIOUSLY b'1096590'
ACTION SNIPPET 10000 5701 SEEN_PREVIOUSLY b'1620713'
ACTION SNIPPET 10000 5704 SEEN_PREVIOUSLY b'974140'
ACTION SNIPPET 10000 5707 SNIPPET_RELEVANT b'1832845'
ACTION DOC 10000 5727 EXAMINING_DOCUMENT b'1832845'
ACTION QUERY 10000 5737 three gorges project paddle
ACTION SERP 10000 5742 EXAMINE_SERP
ACTION SNIPPET 10000 5745 SNIPPET_RELEVANT b'247755'
ACTION DOC 10000 5765 EXAMINING_DOCUMENT b'247755'
ACTION SNIPPET 10000 5768 SNIPPET_RELEVANT b'260914'
ACTION DOC 10000 5788 EXAMINING_DOCUMENT b'260914'
ACTION SNIPPET 10000 5791 SNIPPET_NOT_RELEVANT b'702938'
ACTION SNIPPET 10000 5794 SNIPPET_NOT_RELEVANT b'1718845'
ACTION SNIPPET 10000 5797 SEEN_PREVIOUSLY b'106535'
ACTION SNIPPET 10000 5800 SNIPPET_RELEVANT b'1612744'
ACTION DOC 10000 5820 EXAMINING_DOCUMENT b'1612744'
ACTION SNIPPET 10000 5823 SNIPPET_RELEVANT b'617903'
ACTION DOC 10000 5843 EXAMINING_DOCUMENT b'617903'
ACTION SNIPPET 10000 5846 SEEN_PREVIOUSLY b'1497085'
ACTION SNIPPET 10000 5849 SNIPPET_NOT_RELEVANT b'1696190'
ACTION SNIPPET 10000 5852 SEEN_PREVIOUSLY b'1096590'
ACTION QUERY 10000 5862 three gorges project pm
ACTION SERP 10000 5867 EXAMINE_SERP
ACTION SNIPPET 10000 5870 SNIPPET_RELEVANT b'920216'
ACTION DOC 10000 5890 EXAMINING_DOCUMENT b'920216'
ACTION SNIPPET 10000 5893 SEEN_PREVIOUSLY b'1096590'
ACTION SNIPPET 10000 5896 SEEN_PREVIOUSLY b'1620713'
ACTION SNIPPET 10000 5899 SEEN_PREVIOUSLY b'73817'
ACTION SNIPPET 10000 5902 SEEN_PREVIOUSLY b'974140'
ACTION SNIPPET 10000 5905 SEEN_PREVIOUSLY b'73809'
ACTION SNIPPET 10000 5908 SEEN_PREVIOUSLY b'825755'
ACTION SNIPPET 10000 5911 SEEN_PREVIOUSLY b'29874'
ACTION SNIPPET 10000 5914 SEEN_PREVIOUSLY b'803540'
ACTION SNIPPET 10000 5917 SEEN_PREVIOUSLY b'599503'
ACTION QUERY 10000 5927 three gorges project greatest
ACTION SERP 10000 5932 EXAMINE_SERP
ACTION SNIPPET 10000 5935 SEEN_PREVIOUSLY b'546838'
ACTION SNIPPET 10000 5938 SEEN_PREVIOUSLY b'1096590'
ACTION SNIPPET 10000 5941 SEEN_PREVIOUSLY b'1620713'
ACTION SNIPPET 10000 5944 SEEN_PREVIOUSLY b'73817'
ACTION SNIPPET 10000 5947 SEEN_PREVIOUSLY b'1795037'
ACTION SNIPPET 10000 5950 SEEN_PREVIOUSLY b'974140'
ACTION SNIPPET 10000 5953 SEEN_PREVIOUSLY b'1102379'
ACTION SNIPPET 10000 5956 SNIPPET_RELEVANT b'1508113'
ACTION DOC 10000 5976 EXAMINING_DOCUMENT b'1508113'
ACTION SNIPPET 10000 5979 SNIPPET_RELEVANT b'583979'
ACTION DOC 10000 5999 EXAMINING_DOCUMENT b'583979'
ACTION SNIPPET 10000 6002 SEEN_PREVIOUSLY b'73809'
ACTION QUERY 10000 6012 three gorges project europe
ACTION SERP 10000 6017 EXAMINE_SERP
ACTION SNIPPET 10000 6020 SEEN_PREVIOUSLY b'599503'
ACTION SNIPPET 10000 6023 SNIPPET_RELEVANT b'1332901'
ACTION DOC 10000 6043 EXAMINING_DOCUMENT b'1332901'
ACTION SNIPPET 10000 6046 SEEN_PREVIOUSLY b'1096590'
ACTION SNIPPET 10000 6049 SEEN_PREVIOUSLY b'1620713'
ACTION SNIPPET 10000 6052 SEEN_PREVIOUSLY b'73817'
ACTION SNIPPET 10000 6055 SNIPPET_RELEVANT b'1419927'
ACTION DOC 10000 6075 EXAMINING_DOCUMENT b'1419927'
ACTION SNIPPET 10000 6078 SNIPPET_RELEVANT b'1383661'
ACTION DOC 10000 6098 EXAMINING_DOCUMENT b'1383661'
ACTION SNIPPET 10000 6101 SEEN_PREVIOUSLY b'974140'
ACTION SNIPPET 10000 6104 SNIPPET_NOT_RELEVANT b'1418134'
ACTION SNIPPET 10000 6107 SNIPPET_NOT_RELEVANT b'1332621'
ACTION QUERY 10000 6117 three gorges project diana
ACTION SERP 10000 6122 EXAMINE_SERP
ACTION SNIPPET 10000 6125 SEEN_PREVIOUSLY b'1096590'
ACTION SNIPPET 10000 6128 SEEN_PREVIOUSLY b'1620713'
ACTION SNIPPET 10000 6131 SEEN_PREVIOUSLY b'73817'
ACTION SNIPPET 10000 6134 SEEN_PREVIOUSLY b'974140'
ACTION SNIPPET 10000 6137 SNIPPET_RELEVANT b'898057'
ACTION DOC 10000 6157 EXAMINING_DOCUMENT b'898057'
ACTION SNIPPET 10000 6160 SEEN_PREVIOUSLY b'73809'
ACTION SNIPPET 10000 6163 SEEN_PREVIOUSLY b'825755'
ACTION SNIPPET 10000 6166 SEEN_PREVIOUSLY b'29874'
ACTION SNIPPET 10000 6169 SEEN_PREVIOUSLY b'803540'
ACTION SNIPPET 10000 6172 SNIPPET_RELEVANT b'1625324'
ACTION DOC 10000 6192 EXAMINING_DOCUMENT b'1625324'
ACTION QUERY 10000 6202 three gorges project invented
ACTION SERP 10000 6207 EXAMINE_SERP
ACTION SNIPPET 10000 6210 SEEN_PREVIOUSLY b'725261'
ACTION SNIPPET 10000 6213 SEEN_PREVIOUSLY b'1096590'
ACTION SNIPPET 10000 6216 SEEN_PREVIOUSLY b'1620713'
ACTION SNIPPET 10000 6219 SEEN_PREVIOUSLY b'73817'
ACTION SNIPPET 10000 6222 SEEN_PREVIOUSLY b'974140'
ACTION SNIPPET 10000 6225 SEEN_PREVIOUSLY b'398038'
ACTION SNIPPET 10000 6228 SNIPPET_NOT_RELEVANT b'1520395'
ACTION SNIPPET 10000 6231 SEEN_PREVIOUSLY b'73809'
ACTION SNIPPET 10000 6234 SEEN_PREVIOUSLY b'825755'
ACTION SNIPPET 10000 6237 SEEN_PREVIOUSLY b'29874'
ACTION QUERY 10000 6247 three gorges project system
ACTION SERP 10000 6252 EXAMINE_SERP
ACTION SNIPPET 10000 6255 SEEN_PREVIOUSLY b'1096590'
ACTION SNIPPET 10000 6258 SEEN_PREVIOUSLY b'1620713'
ACTION SNIPPET 10000 6261 SEEN_PREVIOUSLY b'73817'
ACTION SNIPPET 10000 6264 SEEN_PREVIOUSLY b'974140'
ACTION SNIPPET 10000 6267 SNIPPET_RELEVANT b'899864'
ACTION DOC 10000 6287 EXAMINING_DOCUMENT b'899864'
ACTION SNIPPET 10000 6290 SEEN_PREVIOUSLY b'599503'
ACTION SNIPPET 10000 6293 SEEN_PREVIOUSLY b'546838'
ACTION SNIPPET 10000 6296 SNIPPET_RELEVANT b'1731915'
ACTION DOC 10000 6316 EXAMINING_DOCUMENT b'1731915'
ACTION SNIPPET 10000 6319 SEEN_PREVIOUSLY b'1795037'
ACTION SNIPPET 10000 6322 SEEN_PREVIOUSLY b'437337'
ACTION QUERY 10000 6332 three gorges project floodwaters
ACTION SERP 10000 6337 EXAMINE_SERP
ACTION SNIPPET 10000 6340 SNIPPET_NOT_RELEVANT b'211090'
ACTION SNIPPET 10000 6343 SNIPPET_NOT_RELEVANT b'571939'
ACTION SNIPPET 10000 6346 SEEN_PREVIOUSLY b'1096590'
ACTION SNIPPET 10000 6349 SEEN_PREVIOUSLY b'1620713'
ACTION SNIPPET 10000 6352 SEEN_PREVIOUSLY b'73817'
ACTION SNIPPET 10000 6355 SNIPPET_NOT_RELEVANT b'1776511'
ACTION SNIPPET 10000 6358 SEEN_PREVIOUSLY b'974140'
ACTION SNIPPET 10000 6361 SNIPPET_NOT_RELEVANT b'1348389'
ACTION SNIPPET 10000 6364 SNIPPET_RELEVANT b'1698805'
ACTION DOC 10000 6384 EXAMINING_DOCUMENT b'1698805'
ACTION SNIPPET 10000 6387 SNIPPET_RELEVANT b'799266'
ACTION DOC 10000 6407 EXAMINING_DOCUMENT b'799266'
ACTION QUERY 10000 6417 three gorges project role
ACTION SERP 10000 6422 EXAMINE_SERP
ACTION SNIPPET 10000 6425 SEEN_PREVIOUSLY b'1096590'
ACTION SNIPPET 10000 6428 SEEN_PREVIOUSLY b'1620713'
ACTION SNIPPET 10000 6431 SEEN_PREVIOUSLY b'73817'
ACTION SNIPPET 10000 6434 SEEN_PREVIOUSLY b'974140'
ACTION SNIPPET 10000 6437 SNIPPET_NOT_RELEVANT b'1299230'
ACTION SNIPPET 10000 6440 SEEN_PREVIOUSLY b'73809'
ACTION SNIPPET 10000 6443 SEEN_PREVIOUSLY b'825755'
ACTION SNIPPET 10000 6446 SNIPPET_RELEVANT b'1372881'
ACTION DOC 10000 6466 EXAMINING_DOCUMENT b'1372881'
ACTION SNIPPET 10000 6469 SNIPPET_NOT_RELEVANT b'272987'
ACTION SNIPPET 10000 6472 SEEN_PREVIOUSLY b'29874'
ACTION QUERY 10000 6482 three gorges project developing
ACTION SERP 10000 6487 EXAMINE_SERP
ACTION SNIPPET 10000 6490 SEEN_PREVIOUSLY b'1620713'
ACTION SNIPPET 10000 6493 SEEN_PREVIOUSLY b'73817'
ACTION SNIPPET 10000 6496 SEEN_PREVIOUSLY b'974140'
ACTION SNIPPET 10000 6499 SEEN_PREVIOUSLY b'1614491'
ACTION SNIPPET 10000 6502 SEEN_PREVIOUSLY b'437337'
ACTION SNIPPET 10000 6505 SEEN_PREVIOUSLY b'1096590'
ACTION SNIPPET 10000 6508 SEEN_PREVIOUSLY b'29874'
ACTION SNIPPET 10000 6511 SEEN_PREVIOUSLY b'398038'
ACTION SNIPPET 10000 6514 SNIPPET_RELEVANT b'1731421'
ACTION DOC 10000 6534 EXAMINING_DOCUMENT b'1731421'
ACTION SNIPPET 10000 6537 SEEN_PREVIOUSLY b'1795037'
ACTION QUERY 10000 6547 three gorges project massive
ACTION SERP 10000 6552 EXAMINE_SERP
ACTION SNIPPET 10000 6555 SEEN_PREVIOUSLY b'974140'
ACTION SNIPPET 10000 6558 SEEN_PREVIOUSLY b'823851'
ACTION SNIPPET 10000 6561 SEEN_PREVIOUSLY b'1096590'
ACTION SNIPPET 10000 6564 SEEN_PREVIOUSLY b'1620713'
ACTION SNIPPET 10000 6567 SEEN_PREVIOUSLY b'73817'
ACTION SNIPPET 10000 6570 SEEN_PREVIOUSLY b'73809'
ACTION SNIPPET 10000 6573 SEEN_PREVIOUSLY b'825755'
ACTION SNIPPET 10000 6576 SEEN_PREVIOUSLY b'29874'
ACTION SNIPPET 10000 6579 SEEN_PREVIOUSLY b'803540'
ACTION SNIPPET 10000 6582 SEEN_PREVIOUSLY b'599503'
ACTION QUERY 10000 6592 three gorges project raining
ACTION SERP 10000 6597 EXAMINE_SERP
ACTION SNIPPET 10000 6600 SEEN_PREVIOUSLY b'1806024'
ACTION SNIPPET 10000 6603 SEEN_PREVIOUSLY b'1776467'
ACTION SNIPPET 10000 6606 SEEN_PREVIOUSLY b'1096590'
ACTION SNIPPET 10000 6609 SEEN_PREVIOUSLY b'1620713'
ACTION SNIPPET 10000 6612 SNIPPET_RELEVANT b'52426'
ACTION DOC 10000 6632 EXAMINING_DOCUMENT b'52426'
ACTION SNIPPET 10000 6635 SEEN_PREVIOUSLY b'73817'
ACTION SNIPPET 10000 6638 SNIPPET_NOT_RELEVANT b'928737'
ACTION SNIPPET 10000 6641 SEEN_PREVIOUSLY b'1795037'
ACTION SNIPPET 10000 6644 SEEN_PREVIOUSLY b'974140'
ACTION SNIPPET 10000 6647 SEEN_PREVIOUSLY b'73809'
ACTION QUERY 10000 6657 three gorges project political
ACTION SERP 10000 6662 EXAMINE_SERP
ACTION SNIPPET 10000 6665 SEEN_PREVIOUSLY b'1096590'
ACTION SNIPPET 10000 6668 SEEN_PREVIOUSLY b'1620713'
ACTION SNIPPET 10000 6671 SEEN_PREVIOUSLY b'73817'
ACTION SNIPPET 10000 6674 SEEN_PREVIOUSLY b'974140'
ACTION SNIPPET 10000 6677 SNIPPET_RELEVANT b'1716183'
ACTION DOC 10000 6697 EXAMINING_DOCUMENT b'1716183'
ACTION SNIPPET 10000 6700 SEEN_PREVIOUSLY b'73809'
ACTION SNIPPET 10000 6703 SEEN_PREVIOUSLY b'825755'
ACTION SNIPPET 10000 6706 SEEN_PREVIOUSLY b'29874'
ACTION SNIPPET 10000 6709 SEEN_PREVIOUSLY b'1497085'
ACTION SNIPPET 10000 6712 SEEN_PREVIOUSLY b'803540'
ACTION QUERY 10000 6722 three gorges project memorial
ACTION SERP 10000 6727 EXAMINE_SERP
ACTION SNIPPET 10000 6730 SEEN_PREVIOUSLY b'1776467'
ACTION SNIPPET 10000 6733 SEEN_PREVIOUSLY b'864300'
ACTION SNIPPET 10000 6736 SEEN_PREVIOUSLY b'73809'
ACTION SNIPPET 10000 6739 SNIPPET_NOT_RELEVANT b'864302'
ACTION SNIPPET 10000 6742 SEEN_PREVIOUSLY b'1096590'
ACTION SNIPPET 10000 6745 SEEN_PREVIOUSLY b'1620713'
ACTION SNIPPET 10000 6748 SEEN_PREVIOUSLY b'73817'
ACTION SNIPPET 10000 6751 SEEN_PREVIOUSLY b'974140'
ACTION SNIPPET 10000 6754 SNIPPET_RELEVANT b'998031'
ACTION DOC 10000 6774 EXAMINING_DOCUMENT b'998031'
ACTION SNIPPET 10000 6777 SNIPPET_NOT_RELEVANT b'998669'
ACTION QUERY 10000 6787 three gorges project flows
ACTION SERP 10000 6792 EXAMINE_SERP
ACTION SNIPPET 10000 6795 SEEN_PREVIOUSLY b'1620713'
ACTION SNIPPET 10000 6798 SNIPPET_NOT_RELEVANT b'454528'
ACTION SNIPPET 10000 6801 SEEN_PREVIOUSLY b'864300'
ACTION SNIPPET 10000 6804 SEEN_PREVIOUSLY b'73809'
ACTION SNIPPET 10000 6807 SEEN_PREVIOUSLY b'1096590'
ACTION SNIPPET 10000 6810 SEEN_PREVIOUSLY b'28134'
ACTION SNIPPET 10000 6813 SEEN_PREVIOUSLY b'73817'
ACTION SNIPPET 10000 6816 SNIPPET_NOT_RELEVANT b'1099112'
ACTION SNIPPET 10000 6819 SNIPPET_NOT_RELEVANT b'1792271'
ACTION SNIPPET 10000 6822 SNIPPET_NOT_RELEVANT b'1792305'
ACTION QUERY 10000 6832 three gorges project result
ACTION SERP 10000 6837 EXAMINE_SERP
ACTION SNIPPET 10000 6840 SEEN_PREVIOUSLY b'1096590'
ACTION SNIPPET 10000 6843 SEEN_PREVIOUSLY b'1620713'
ACTION SNIPPET 10000 6846 SEEN_PREVIOUSLY b'73817'
ACTION SNIPPET 10000 6849 SEEN_PREVIOUSLY b'1614491'
ACTION SNIPPET 10000 6852 SEEN_PREVIOUSLY b'974140'
ACTION SNIPPET 10000 6855 SEEN_PREVIOUSLY b'73809'
ACTION SNIPPET 10000 6858 SEEN_PREVIOUSLY b'825755'
ACTION SNIPPET 10000 6861 SEEN_PREVIOUSLY b'823851'
ACTION SNIPPET 10000 6864 SEEN_PREVIOUSLY b'723057'
ACTION SNIPPET 10000 6867 SEEN_PREVIOUSLY b'29874'
ACTION QUERY 10000 6877 three gorges project refuse
ACTION SERP 10000 6882 EXAMINE_SERP
ACTION SNIPPET 10000 6885 SEEN_PREVIOUSLY b'1096590'
ACTION SNIPPET 10000 6888 SEEN_PREVIOUSLY b'1620713'
ACTION SNIPPET 10000 6891 SEEN_PREVIOUSLY b'73817'
ACTION SNIPPET 10000 6894 SEEN_PREVIOUSLY b'1731421'
ACTION SNIPPET 10000 6897 SEEN_PREVIOUSLY b'974140'
ACTION SNIPPET 10000 6900 SEEN_PREVIOUSLY b'1497085'
ACTION SNIPPET 10000 6903 SEEN_PREVIOUSLY b'1778750'
ACTION SNIPPET 10000 6906 SNIPPET_RELEVANT b'640074'
ACTION DOC 10000 6926 EXAMINING_DOCUMENT b'640074'
ACTION SNIPPET 10000 6929 SEEN_PREVIOUSLY b'73809'
ACTION SNIPPET 10000 6932 SEEN_PREVIOUSLY b'825755'
ACTION QUERY 10000 6942 three gorges project highland
ACTION SERP 10000 6947 EXAMINE_SERP
ACTION SNIPPET 10000 6950 SEEN_PREVIOUSLY b'864300'
ACTION SNIPPET 10000 6953 SEEN_PREVIOUSLY b'1096590'
ACTION SNIPPET 10000 6956 SEEN_PREVIOUSLY b'1620713'
ACTION SNIPPET 10000 6959 SNIPPET_RELEVANT b'1773386'
ACTION DOC 10000 6979 EXAMINING_DOCUMENT b'1773386'
ACTION MARK 10000 6982 CONSIDERED_RELEVANT b'1773386'
ACTION SNIPPET 10000 6985 SEEN_PREVIOUSLY b'73817'
ACTION SNIPPET 10000 6988 SEEN_PREVIOUSLY b'974140'
ACTION SNIPPET 10000 6991 SNIPPET_RELEVANT b'868085'
ACTION DOC 10000 7011 EXAMINING_DOCUMENT b'868085'
ACTION SNIPPET 10000 7014 SNIPPET_NOT_RELEVANT b'868203'
ACTION SNIPPET 10000 7017 SNIPPET_NOT_RELEVANT b'1371512'
ACTION SNIPPET 10000 7020 SNIPPET_RELEVANT b'1515831'
ACTION DOC 10000 7040 EXAMINING_DOCUMENT b'1515831'
ACTION MARK 10000 7043 CONSIDERED_RELEVANT b'1515831'
ACTION QUERY 10000 7053 three gorges project gtrs
ACTION SERP 10000 7058 EXAMINE_SERP
ACTION SNIPPET 10000 7061 SNIPPET_RELEVANT b'705476'
ACTION DOC 10000 7081 EXAMINING_DOCUMENT b'705476'
ACTION SNIPPET 10000 7084 SEEN_PREVIOUSLY b'1096590'
ACTION SNIPPET 10000 7087 SEEN_PREVIOUSLY b'1620713'
ACTION SNIPPET 10000 7090 SEEN_PREVIOUSLY b'73817'
ACTION SNIPPET 10000 7093 SEEN_PREVIOUSLY b'974140'
ACTION SNIPPET 10000 7096 SEEN_PREVIOUSLY b'73809'
ACTION SNIPPET 10000 7099 SEEN_PREVIOUSLY b'825755'
ACTION SNIPPET 10000 7102 SEEN_PREVIOUSLY b'29874'
ACTION SNIPPET 10000 7105 SEEN_PREVIOUSLY b'803540'
ACTION SNIPPET 10000 7108 SEEN_PREVIOUSLY b'599503'
ACTION QUERY 10000 7118 three gorges project hayman
ACTION SERP 10000 7123 EXAMINE_SERP
ACTION SNIPPET 10000 7126 SNIPPET_RELEVANT b'1355264'
ACTION DOC 10000 7146 EXAMINING_DOCUMENT b'1355264'
ACTION SNIPPET 10000 7149 SNIPPET_NOT_RELEVANT b'621994'
ACTION SNIPPET 10000 7152 SNIPPET_RELEVANT b'1129956'
ACTION DOC 10000 7172 EXAMINING_DOCUMENT b'1129956'
ACTION SNIPPET 10000 7175 SNIPPET_NOT_RELEVANT b'419176'
ACTION SNIPPET 10000 7178 SNIPPET_RELEVANT b'400387'
ACTION DOC 10000 7198 EXAMINING_DOCUMENT b'400387'
ACTION SNIPPET 10000 7201 SNIPPET_NOT_RELEVANT b'400388'
ACTION SNIPPET 10000 7204 SNIPPET_NOT_RELEVANT b'1404856'
ACTION SNIPPET 10000 7207 SNIPPET_NOT_RELEVANT b'1044745'
ACTION SNIPPET 10000 7210 SNIPPET_NOT_RELEVANT b'492110'
ACTION SNIPPET 10000 7213 SNIPPET_NOT_RELEVANT b'1044920'
ACTION QUERY 10000 7223 three gorges project ruled
ACTION SERP 10000 7228 EXAMINE_SERP
ACTION SNIPPET 10000 7231 SEEN_PREVIOUSLY b'33018'
ACTION SNIPPET 10000 7234 SEEN_PREVIOUSLY b'1096590'
ACTION SNIPPET 10000 7237 SEEN_PREVIOUSLY b'1620713'
ACTION SNIPPET 10000 7240 SEEN_PREVIOUSLY b'73817'
ACTION SNIPPET 10000 7243 SEEN_PREVIOUSLY b'642339'
ACTION SNIPPET 10000 7246 SEEN_PREVIOUSLY b'974140'
ACTION SNIPPET 10000 7249 SEEN_PREVIOUSLY b'1731421'
ACTION SNIPPET 10000 7252 SEEN_PREVIOUSLY b'437337'
ACTION SNIPPET 10000 7255 SNIPPET_NOT_RELEVANT b'403954'
ACTION SNIPPET 10000 7258 SEEN_PREVIOUSLY b'1778550'
ACTION QUERY 10000 7268 three gorges project wales
ACTION SERP 10000 7273 EXAMINE_SERP
ACTION SNIPPET 10000 7276 SNIPPET_NOT_RELEVANT b'1026165'
ACTION SNIPPET 10000 7279 SEEN_PREVIOUSLY b'1096590'
ACTION SNIPPET 10000 7282 SEEN_PREVIOUSLY b'1620713'
ACTION SNIPPET 10000 7285 SEEN_PREVIOUSLY b'73817'
ACTION SNIPPET 10000 7288 SEEN_PREVIOUSLY b'974140'
ACTION SNIPPET 10000 7291 SNIPPET_NOT_RELEVANT b'818352'
ACTION SNIPPET 10000 7294 SEEN_PREVIOUSLY b'73809'
ACTION SNIPPET 10000 7297 SEEN_PREVIOUSLY b'825755'
ACTION SNIPPET 10000 7300 SEEN_PREVIOUSLY b'29874'
ACTION SNIPPET 10000 7303 SNIPPET_NOT_RELEVANT b'1331242'
ACTION QUERY 10000 7313 three gorges project can
ACTION SERP 10000 7318 EXAMINE_SERP
ACTION SNIPPET 10000 7321 SEEN_PREVIOUSLY b'1096590'
ACTION SNIPPET 10000 7324 SEEN_PREVIOUSLY b'1620713'
ACTION SNIPPET 10000 7327 SEEN_PREVIOUSLY b'73817'
ACTION SNIPPET 10000 7330 SEEN_PREVIOUSLY b'974140'
ACTION SNIPPET 10000 7333 SEEN_PREVIOUSLY b'29874'
ACTION SNIPPET 10000 7336 SEEN_PREVIOUSLY b'73809'
ACTION SNIPPET 10000 7339 SEEN_PREVIOUSLY b'825755'
ACTION SNIPPET 10000 7342 SEEN_PREVIOUSLY b'1776467'
ACTION SNIPPET 10000 7345 SEEN_PREVIOUSLY b'640074'
ACTION SNIPPET 10000 7348 SEEN_PREVIOUSLY b'599503'
ACTION QUERY 10000 7358 three gorges project heavy
ACTION SERP 10000 7363 EXAMINE_SERP
ACTION SNIPPET 10000 7366 SEEN_PREVIOUSLY b'803540'
ACTION SNIPPET 10000 7369 SEEN_PREVIOUSLY b'1096590'
ACTION SNIPPET 10000 7372 SEEN_PREVIOUSLY b'1620713'
ACTION SNIPPET 10000 7375 SEEN_PREVIOUSLY b'73817'
ACTION SNIPPET 10000 7378 SEEN_PREVIOUSLY b'1806024'
ACTION SNIPPET 10000 7381 SEEN_PREVIOUSLY b'182339'
ACTION SNIPPET 10000 7384 SEEN_PREVIOUSLY b'974140'
ACTION SNIPPET 10000 7387 SEEN_PREVIOUSLY b'1795037'
ACTION SNIPPET 10000 7390 SNIPPET_RELEVANT b'882073'
ACTION DOC 10000 7410 EXAMINING_DOCUMENT b'882073'
ACTION SNIPPET 10000 7413 SEEN_PREVIOUSLY b'73809'
ACTION QUERY 10000 7423 three gorges project waters
ACTION SERP 10000 7428 EXAMINE_SERP
ACTION SNIPPET 10000 7431 SEEN_PREVIOUSLY b'1620713'
ACTION SNIPPET 10000 7434 SEEN_PREVIOUSLY b'825755'
ACTION SNIPPET 10000 7437 SEEN_PREVIOUSLY b'1776467'
ACTION SNIPPET 10000 7440 SEEN_PREVIOUSLY b'73809'
ACTION SNIPPET 10000 7443 SNIPPET_RELEVANT b'454528'
ACTION DOC 10000 7463 EXAMINING_DOCUMENT b'454528'
ACTION SNIPPET 10000 7466 SEEN_PREVIOUSLY b'1795037'
ACTION SNIPPET 10000 7469 SEEN_PREVIOUSLY b'640074'
ACTION SNIPPET 10000 7472 SEEN_PREVIOUSLY b'864300'
ACTION SNIPPET 10000 7475 SEEN_PREVIOUSLY b'1047681'
ACTION SNIPPET 10000 7478 SEEN_PREVIOUSLY b'437337'
ACTION QUERY 10000 7488 three gorges project letters
ACTION SERP 10000 7493 EXAMINE_SERP
ACTION SNIPPET 10000 7496 SEEN_PREVIOUSLY b'29874'
ACTION SNIPPET 10000 7499 SNIPPET_NOT_RELEVANT b'925731'
ACTION SNIPPET 10000 7502 SEEN_PREVIOUSLY b'1096590'
ACTION SNIPPET 10000 7505 SEEN_PREVIOUSLY b'1620713'
ACTION SNIPPET 10000 7508 SEEN_PREVIOUSLY b'73817'
ACTION SNIPPET 10000 7511 SEEN_PREVIOUSLY b'974140'
ACTION SNIPPET 10000 7514 SEEN_PREVIOUSLY b'1795037'
ACTION SNIPPET 10000 7517 SEEN_PREVIOUSLY b'1239124'
ACTION SNIPPET 10000 7520 SEEN_PREVIOUSLY b'1102379'
ACTION SNIPPET 10000 7523 SEEN_PREVIOUSLY b'73809'
ACTION QUERY 10000 7533 three gorges project rail
ACTION SERP 10000 7538 EXAMINE_SERP
ACTION SNIPPET 10000 7541 SEEN_PREVIOUSLY b'1125709'
ACTION SNIPPET 10000 7544 SNIPPET_NOT_RELEVANT b'1099112'
ACTION SNIPPET 10000 7547 SNIPPET_NOT_RELEVANT b'50832'
ACTION SNIPPET 10000 7550 SNIPPET_NOT_RELEVANT b'623697'
ACTION SNIPPET 10000 7553 SNIPPET_RELEVANT b'1496208'
ACTION DOC 10000 7573 EXAMINING_DOCUMENT b'1496208'
ACTION SNIPPET 10000 7576 SEEN_PREVIOUSLY b'1096590'
ACTION SNIPPET 10000 7579 SEEN_PREVIOUSLY b'1620713'
ACTION SNIPPET 10000 7582 SEEN_PREVIOUSLY b'73817'
ACTION SNIPPET 10000 7585 SNIPPET_RELEVANT b'1135442'
ACTION DOC 10000 7605 EXAMINING_DOCUMENT b'1135442'
ACTION SNIPPET 10000 7608 SEEN_PREVIOUSLY b'974140'
ACTION QUERY 10000 7618 three gorges project road
ACTION SERP 10000 7623 EXAMINE_SERP
ACTION SNIPPET 10000 7626 SEEN_PREVIOUSLY b'1795037'
ACTION SNIPPET 10000 7629 SNIPPET_RELEVANT b'1792286'
ACTION DOC 10000 7649 EXAMINING_DOCUMENT b'1792286'
ACTION SNIPPET 10000 7652 SNIPPET_RELEVANT b'1792328'
ACTION DOC 10000 7672 EXAMINING_DOCUMENT b'1792328'
ACTION SNIPPET 10000 7675 SNIPPET_NOT_RELEVANT b'1792271'
ACTION SNIPPET 10000 7678 SNIPPET_NOT_RELEVANT b'1792305'
ACTION SNIPPET 10000 7681 SEEN_PREVIOUSLY b'52426'
ACTION SNIPPET 10000 7684 SEEN_PREVIOUSLY b'1096590'
ACTION SNIPPET 10000 7687 SEEN_PREVIOUSLY b'1620713'
ACTION SNIPPET 10000 7690 SEEN_PREVIOUSLY b'73817'
ACTION SNIPPET 10000 7693 SEEN_PREVIOUSLY b'1424902'
ACTION QUERY 10000 7703 three gorges project maintain
ACTION SERP 10000 7708 EXAMINE_SERP
ACTION SNIPPET 10000 7711 SEEN_PREVIOUSLY b'29874'
ACTION SNIPPET 10000 7714 SEEN_PREVIOUSLY b'1096590'
ACTION SNIPPET 10000 7717 SEEN_PREVIOUSLY b'1620713'
ACTION SNIPPET 10000 7720 SEEN_PREVIOUSLY b'1102379'
ACTION SNIPPET 10000 7723 SEEN_PREVIOUSLY b'73817'
ACTION SNIPPET 10000 7726 SEEN_PREVIOUSLY b'1383661'
ACTION SNIPPET 10000 7729 SEEN_PREVIOUSLY b'974140'
ACTION SNIPPET 10000 7732 SNIPPET_NOT_RELEVANT b'1332621'
ACTION SNIPPET 10000 7735 SEEN_PREVIOUSLY b'1795037'
ACTION SNIPPET 10000 7738 SEEN_PREVIOUSLY b'1792286'
ACTION QUERY 10000 7748 three gorges project leading
ACTION SERP 10000 7753 EXAMINE_SERP
ACTION SNIPPET 10000 7756 SEEN_PREVIOUSLY b'1620713'
ACTION SNIPPET 10000 7759 SEEN_PREVIOUSLY b'73817'
ACTION SNIPPET 10000 7762 SEEN_PREVIOUSLY b'1096590'
ACTION SNIPPET 10000 7765 SEEN_PREVIOUSLY b'974140'
ACTION SNIPPET 10000 7768 SEEN_PREVIOUSLY b'73809'
ACTION SNIPPET 10000 7771 SEEN_PREVIOUSLY b'29874'
ACTION SNIPPET 10000 7774 SEEN_PREVIOUSLY b'825755'
ACTION SNIPPET 10000 7777 SEEN_PREVIOUSLY b'33018'
ACTION SNIPPET 10000 7780 SNIPPET_RELEVANT b'303778'
ACTION DOC 10000 7800 EXAMINING_DOCUMENT b'303778'
ACTION SNIPPET 10000 7803 SEEN_PREVIOUSLY b'1795037'
ACTION QUERY 10000 7813 three gorges project deepest
ACTION SERP 10000 7818 EXAMINE_SERP
ACTION SNIPPET 10000 7821 SEEN_PREVIOUSLY b'1620713'
ACTION SNIPPET 10000 7824 SEEN_PREVIOUSLY b'546838'
ACTION SNIPPET 10000 7827 SEEN_PREVIOUSLY b'1625883'
ACTION SNIPPET 10000 7830 SEEN_PREVIOUSLY b'1096590'
ACTION SNIPPET 10000 7833 SEEN_PREVIOUSLY b'73817'
ACTION SNIPPET 10000 7836 SEEN_PREVIOUSLY b'974140'
ACTION SNIPPET 10000 7839 SEEN_PREVIOUSLY b'1716183'
ACTION SNIPPET 10000 7842 SEEN_PREVIOUSLY b'73809'
ACTION SNIPPET 10000 7845 SEEN_PREVIOUSLY b'825755'
ACTION SNIPPET 10000 7848 SEEN_PREVIOUSLY b'29874'
ACTION QUERY 10000 7858 three gorges project floods
ACTION SERP 10000 7863 EXAMINE_SERP
ACTION SNIPPET 10000 7866 SEEN_PREVIOUSLY b'1620713'
ACTION SNIPPET 10000 7869 SEEN_PREVIOUSLY b'106535'
ACTION SNIPPET 10000 7872 SEEN_PREVIOUSLY b'28134'
ACTION SNIPPET 10000 7875 SEEN_PREVIOUSLY b'583979'
ACTION SNIPPET 10000 7878 SNIPPET_RELEVANT b'1448982'
ACTION DOC 10000 7898 EXAMINING_DOCUMENT b'1448982'
ACTION MARK 10000 7901 CONSIDERED_RELEVANT b'1448982'
ACTION SNIPPET 10000 7904 SNIPPET_RELEVANT b'1350694'
ACTION DOC 10000 7924 EXAMINING_DOCUMENT b'1350694'
ACTION SNIPPET 10000 7927 SEEN_PREVIOUSLY b'1096590'
ACTION SNIPPET 10000 7930 SEEN_PREVIOUSLY b'1795037'
ACTION SNIPPET 10000 7933 SEEN_PREVIOUSLY b'73817'
ACTION SNIPPET 10000 7936 SEEN_PREVIOUSLY b'1806024'
ACTION QUERY 10000 7946 three gorges project banks
ACTION SERP 10000 7951 EXAMINE_SERP
ACTION SNIPPET 10000 7954 SEEN_PREVIOUSLY b'825755'
ACTION SNIPPET 10000 7957 SEEN_PREVIOUSLY b'803540'
ACTION SNIPPET 10000 7960 SEEN_PREVIOUSLY b'1096590'
ACTION SNIPPET 10000 7963 SEEN_PREVIOUSLY b'1620713'
ACTION SNIPPET 10000 7966 SEEN_PREVIOUSLY b'73817'
ACTION SNIPPET 10000 7969 SEEN_PREVIOUSLY b'642339'
ACTION SNIPPET 10000 7972 SEEN_PREVIOUSLY b'823851'
ACTION SNIPPET 10000 7975 SEEN_PREVIOUSLY b'640074'
ACTION SNIPPET 10000 7978 SEEN_PREVIOUSLY b'974140'
ACTION SNIPPET 10000 7981 SNIPPET_RELEVANT b'1668957'
ACTION DOC 10000 8001 EXAMINING_DOCUMENT b'1668957'
ACTION QUERY 10000 8011 three gorges project detroit
ACTION SERP 10000 8016 EXAMINE_SERP
ACTION SNIPPET 10000 8019 SEEN_PREVIOUSLY b'1096590'
ACTION SNIPPET 10000 8022 SEEN_PREVIOUSLY b'1620713'
ACTION SNIPPET 10000 8025 SEEN_PREVIOUSLY b'73817'
ACTION SNIPPET 10000 8028 SEEN_PREVIOUSLY b'974140'
ACTION SNIPPET 10000 8031 SEEN_PREVIOUSLY b'73809'
ACTION SNIPPET 10000 8034 SEEN_PREVIOUSLY b'825755'
ACTION SNIPPET 10000 8037 SEEN_PREVIOUSLY b'29874'
ACTION SNIPPET 10000 8040 SEEN_PREVIOUSLY b'803540'
ACTION SNIPPET 10000 8043 SEEN_PREVIOUSLY b'599503'
ACTION SNIPPET 10000 8046 SEEN_PREVIOUSLY b'1795037'
ACTION QUERY 10000 8056 three gorges project roosevelt
ACTION SERP 10000 8061 EXAMINE_SERP
ACTION SNIPPET 10000 8064 SEEN_PREVIOUSLY b'1096590'
ACTION SNIPPET 10000 8067 SEEN_PREVIOUSLY b'1620713'
ACTION SNIPPET 10000 8070 SEEN_PREVIOUSLY b'73817'
ACTION SNIPPET 10000 8073 SEEN_PREVIOUSLY b'974140'
ACTION SNIPPET 10000 8076 SNIPPET_RELEVANT b'1442682'
ACTION DOC 10000 8096 EXAMINING_DOCUMENT b'1442682'
ACTION SNIPPET 10000 8099 SEEN_PREVIOUSLY b'73809'
ACTION SNIPPET 10000 8102 SEEN_PREVIOUSLY b'52426'
ACTION SNIPPET 10000 8105 SEEN_PREVIOUSLY b'825755'
ACTION SNIPPET 10000 8108 SEEN_PREVIOUSLY b'29874'
ACTION SNIPPET 10000 8111 SEEN_PREVIOUSLY b'803540'
ACTION QUERY 10000 8121 three gorges project waterville
ACTION SERP 10000 8126 EXAMINE_SERP
ACTION SNIPPET 10000 8129 SNIPPET_RELEVANT b'623697'
ACTION DOC 10000 8149 EXAMINING_DOCUMENT b'623697'
ACTION SNIPPET 10000 8152 SNIPPET_RELEVANT b'293313'
ACTION DOC 10000 8172 EXAMINING_DOCUMENT b'293313'
ACTION SNIPPET 10000 8175 SNIPPET_NOT_RELEVANT b'95312'
ACTION SNIPPET 10000 8178 SNIPPET_NOT_RELEVANT b'461808'
ACTION SNIPPET 10000 8181 SNIPPET_RELEVANT b'340421'
ACTION DOC 10000 8201 EXAMINING_DOCUMENT b'340421'
ACTION SNIPPET 10000 8204 SEEN_PREVIOUSLY b'1096590'
ACTION SNIPPET 10000 8207 SNIPPET_NOT_RELEVANT b'361434'
ACTION SNIPPET 10000 8210 SEEN_PREVIOUSLY b'1620713'
ACTION SNIPPET 10000 8213 SEEN_PREVIOUSLY b'73817'
ACTION SNIPPET 10000 8216 SNIPPET_RELEVANT b'275811'
ACTION DOC 10000 8236 EXAMINING_DOCUMENT b'275811'
ACTION QUERY 10000 8246 three gorges project mn
ACTION SERP 10000 8251 EXAMINE_SERP
ACTION SNIPPET 10000 8254 SNIPPET_NOT_RELEVANT b'1383234'
ACTION SNIPPET 10000 8257 SNIPPET_NOT_RELEVANT b'1331250'
ACTION SNIPPET 10000 8260 SEEN_PREVIOUSLY b'1096590'
ACTION SNIPPET 10000 8263 SNIPPET_NOT_RELEVANT b'1853252'
ACTION SNIPPET 10000 8266 SEEN_PREVIOUSLY b'1620713'
ACTION SNIPPET 10000 8269 SNIPPET_RELEVANT b'1239656'
ACTION DOC 10000 8289 EXAMINING_DOCUMENT b'1239656'
ACTION SNIPPET 10000 8292 SNIPPET_NOT_RELEVANT b'1033873'
ACTION SNIPPET 10000 8295 SEEN_PREVIOUSLY b'73817'
ACTION SNIPPET 10000 8298 SNIPPET_NOT_RELEVANT b'1827646'
ACTION SNIPPET 10000 8301 SNIPPET_NOT_RELEVANT b'918216'
ACTION QUERY 10000 8311 three gorges project avon
ACTION SERP 10000 8316 EXAMINE_SERP
ACTION SNIPPET 10000 8319 SNIPPET_NOT_RELEVANT b'151901'
ACTION SNIPPET 10000 8322 SNIPPET_NOT_RELEVANT b'234871'
ACTION SNIPPET 10000 8325 SNIPPET_NOT_RELEVANT b'284632'
ACTION SNIPPET 10000 8328 SEEN_PREVIOUSLY b'1096590'
ACTION SNIPPET 10000 8331 SEEN_PREVIOUSLY b'1620713'
ACTION SNIPPET 10000 8334 SNIPPET_RELEVANT b'286144'
ACTION DOC 10000 8354 EXAMINING_DOCUMENT b'286144'
ACTION SNIPPET 10000 8357 SEEN_PREVIOUSLY b'73817'
ACTION SNIPPET 10000 8360 SEEN_PREVIOUSLY b'974140'
ACTION SNIPPET 10000 8363 SNIPPET_NOT_RELEVANT b'1512626'
ACTION SNIPPET 10000 8366 SEEN_PREVIOUSLY b'73809'
ACTION QUERY 10000 8376 three gorges project medical
ACTION SERP 10000 8381 EXAMINE_SERP
ACTION SNIPPET 10000 8384 SEEN_PREVIOUSLY b'1096590'
ACTION SNIPPET 10000 8387 SEEN_PREVIOUSLY b'1620713'
ACTION SNIPPET 10000 8390 SEEN_PREVIOUSLY b'73817'
ACTION SNIPPET 10000 8393 SEEN_PREVIOUSLY b'974140'
ACTION SNIPPET 10000 8396 SNIPPET_NOT_RELEVANT b'1299230'
ACTION SNIPPET 10000 8399 SEEN_PREVIOUSLY b'73809'
ACTION SNIPPET 10000 8402 SEEN_PREVIOUSLY b'825755'
ACTION SNIPPET 10000 8405 SNIPPET_NOT_RELEVANT b'1321769'
ACTION SNIPPET 10000 8408 SNIPPET_NOT_RELEVANT b'192090'
ACTION SNIPPET 10000 8411 SEEN_PREVIOUSLY b'29874'
ACTION QUERY 10000 8421 three gorges project nys
ACTION SERP 10000 8426 EXAMINE_SERP
ACTION SNIPPET 10000 8429 SEEN_PREVIOUSLY b'998031'
ACTION SNIPPET 10000 8432 SNIPPET_RELEVANT b'998669'
ACTION DOC 10000 8452 EXAMINING_DOCUMENT b'998669'
ACTION SNIPPET 10000 8455 SEEN_PREVIOUSLY b'1096590'
ACTION SNIPPET 10000 8458 SEEN_PREVIOUSLY b'1620713'
ACTION SNIPPET 10000 8461 SEEN_PREVIOUSLY b'73817'
ACTION SNIPPET 10000 8464 SEEN_PREVIOUSLY b'974140'
ACTION SNIPPET 10000 8467 SNIPPET_NOT_RELEVANT b'909128'
ACTION SNIPPET 10000 8470 SEEN_PREVIOUSLY b'73809'
ACTION SNIPPET 10000 8473 SEEN_PREVIOUSLY b'825755'
ACTION SNIPPET 10000 8476 SEEN_PREVIOUSLY b'29874'
ACTION QUERY 10000 8486 three gorges project jose
ACTION SERP 10000 8491 EXAMINE_SERP
ACTION SNIPPET 10000 8494 SEEN_PREVIOUSLY b'1096590'
ACTION SNIPPET 10000 8497 SEEN_PREVIOUSLY b'1620713'
ACTION SNIPPET 10000 8500 SEEN_PREVIOUSLY b'73817'
ACTION SNIPPET 10000 8503 SEEN_PREVIOUSLY b'974140'
ACTION SNIPPET 10000 8506 SEEN_PREVIOUSLY b'73809'
ACTION SNIPPET 10000 8509 SEEN_PREVIOUSLY b'825755'
ACTION SNIPPET 10000 8512 SEEN_PREVIOUSLY b'29874'
ACTION SNIPPET 10000 8515 SEEN_PREVIOUSLY b'803540'
ACTION SNIPPET 10000 8518 SNIPPET_NOT_RELEVANT b'1613908'
ACTION SNIPPET 10000 8521 SEEN_PREVIOUSLY b'599503'
ACTION QUERY 10000 8531 three gorges project collapse
ACTION SERP 10000 8536 EXAMINE_SERP
ACTION SNIPPET 10000 8539 SEEN_PREVIOUSLY b'599503'
ACTION SNIPPET 10000 8542 SEEN_PREVIOUSLY b'1096590'
ACTION SNIPPET 10000 8545 SEEN_PREVIOUSLY b'1620713'
ACTION SNIPPET 10000 8548 SEEN_PREVIOUSLY b'73817'
ACTION SNIPPET 10000 8551 SEEN_PREVIOUSLY b'974140'
ACTION SNIPPET 10000 8554 SEEN_PREVIOUSLY b'28134'
ACTION SNIPPET 10000 8557 SNIPPET_NOT_RELEVANT b'1099112'
ACTION SNIPPET 10000 8560 SEEN_PREVIOUSLY b'73809'
ACTION SNIPPET 10000 8563 SEEN_PREVIOUSLY b'825755'
ACTION SNIPPET 10000 8566 SEEN_PREVIOUSLY b'29874'
ACTION QUERY 10000 8576 three gorges project big
ACTION SERP 10000 8581 EXAMINE_SERP
ACTION SNIPPET 10000 8584 SEEN_PREVIOUSLY b'974140'
ACTION SNIPPET 10000 8587 SEEN_PREVIOUSLY b'1096590'
ACTION SNIPPET 10000 8590 SEEN_PREVIOUSLY b'1620713'
ACTION SNIPPET 10000 8593 SEEN_PREVIOUSLY b'73817'
ACTION SNIPPET 10000 8596 SEEN_PREVIOUSLY b'546838'
ACTION SNIPPET 10000 8599 SEEN_PREVIOUSLY b'1795037'
ACTION SNIPPET 10000 8602 SEEN_PREVIOUSLY b'73809'
ACTION SNIPPET 10000 8605 SEEN_PREVIOUSLY b'825755'
ACTION SNIPPET 10000 8608 SEEN_PREVIOUSLY b'52426'
ACTION SNIPPET 10000 8611 SEEN_PREVIOUSLY b'823851'
ACTION QUERY 10000 8621 three gorges project southeastern
ACTION SERP 10000 8626 EXAMINE_SERP
ACTION SNIPPET 10000 8629 SEEN_PREVIOUSLY b'546838'
ACTION SNIPPET 10000 8632 SEEN_PREVIOUSLY b'1096590'
ACTION SNIPPET 10000 8635 SEEN_PREVIOUSLY b'1620713'
ACTION SNIPPET 10000 8638 SEEN_PREVIOUSLY b'73817'
ACTION SNIPPET 10000 8641 SEEN_PREVIOUSLY b'974140'
ACTION SNIPPET 10000 8644 SEEN_PREVIOUSLY b'247755'
ACTION SNIPPET 10000 8647 SEEN_PREVIOUSLY b'1442682'
ACTION SNIPPET 10000 8650 SEEN_PREVIOUSLY b'73809'
ACTION SNIPPET 10000 8653 SEEN_PREVIOUSLY b'825755'
ACTION SNIPPET 10000 8656 SEEN_PREVIOUSLY b'29874'
ACTION QUERY 10000 8666 three gorges project news
ACTION SERP 10000 8671 EXAMINE_SERP
ACTION SNIPPET 10000 8674 SEEN_PREVIOUSLY b'1096590'
ACTION SNIPPET 10000 8677 SEEN_PREVIOUSLY b'73817'
ACTION SNIPPET 10000 8680 SEEN_PREVIOUSLY b'974140'
ACTION SNIPPET 10000 8683 SEEN_PREVIOUSLY b'1620713'
ACTION SNIPPET 10000 8686 SEEN_PREVIOUSLY b'825755'
ACTION SNIPPET 10000 8689 SEEN_PREVIOUSLY b'73809'
ACTION SNIPPET 10000 8692 SEEN_PREVIOUSLY b'29874'
ACTION SNIPPET 10000 8695 SEEN_PREVIOUSLY b'803540'
ACTION SNIPPET 10000 8698 SEEN_PREVIOUSLY b'640074'
ACTION SNIPPET 10000 8701 SEEN_PREVIOUSLY b'599503'
ACTION QUERY 10000 8711 three gorges project line
ACTION SERP 10000 8716 EXAMINE_SERP
ACTION SNIPPET 10000 8719 SEEN_PREVIOUSLY b'1096590'
ACTION SNIPPET 10000 8722 SEEN_PREVIOUSLY b'1620713'
ACTION SNIPPET 10000 8725 SEEN_PREVIOUSLY b'73817'
ACTION SNIPPET 10000 8728 SEEN_PREVIOUSLY b'974140'
ACTION SNIPPET 10000 8731 SEEN_PREVIOUSLY b'1795037'
ACTION SNIPPET 10000 8734 SNIPPET_RELEVANT b'925731'
ACTION DOC 10000 8754 EXAMINING_DOCUMENT b'925731'
ACTION SNIPPET 10000 8757 SEEN_PREVIOUSLY b'640074'
ACTION SNIPPET 10000 8760 SEEN_PREVIOUSLY b'73809'
ACTION SNIPPET 10000 8763 SEEN_PREVIOUSLY b'825755'
ACTION SNIPPET 10000 8766 SEEN_PREVIOUSLY b'29874'
ACTION QUERY 10000 8776 three gorges project growth
ACTION SERP 10000 8781 EXAMINE_SERP
ACTION SNIPPET 10000 8784 SEEN_PREVIOUSLY b'1096590'
ACTION SNIPPET 10000 8787 SEEN_PREVIOUSLY b'1620713'
ACTION SNIPPET 10000 8790 SEEN_PREVIOUSLY b'73817'
ACTION SNIPPET 10000 8793 SEEN_PREVIOUSLY b'974140'
ACTION SNIPPET 10000 8796 SEEN_PREVIOUSLY b'623697'
ACTION SNIPPET 10000 8799 SNIPPET_RELEVANT b'517750'
ACTION DOC 10000 8819 EXAMINING_DOCUMENT b'517750'
ACTION SNIPPET 10000 8822 SEEN_PREVIOUSLY b'73809'
ACTION SNIPPET 10000 8825 SEEN_PREVIOUSLY b'825755'
ACTION SNIPPET 10000 8828 SEEN_PREVIOUSLY b'29874'
ACTION SNIPPET 10000 8831 SNIPPET_NOT_RELEVANT b'847298'
ACTION QUERY 10000 8841 three gorges project rainy
ACTION SERP 10000 8846 EXAMINE_SERP
ACTION SNIPPET 10000 8849 SEEN_PREVIOUSLY b'1096590'
ACTION SNIPPET 10000 8852 SEEN_PREVIOUSLY b'1620713'
ACTION SNIPPET 10000 8855 SEEN_PREVIOUSLY b'73817'
ACTION SNIPPET 10000 8858 SEEN_PREVIOUSLY b'974140'
ACTION SNIPPET 10000 8861 SNIPPET_NOT_RELEVANT b'1667140'
ACTION SNIPPET 10000 8864 SNIPPET_RELEVANT b'1720879'
ACTION DOC 10000 8884 EXAMINING_DOCUMENT b'1720879'
ACTION SNIPPET 10000 8887 SEEN_PREVIOUSLY b'73809'
ACTION SNIPPET 10000 8890 SEEN_PREVIOUSLY b'825755'
ACTION SNIPPET 10000 8893 SNIPPET_RELEVANT b'1344336'
ACTION DOC 10000 8913 EXAMINING_DOCUMENT b'1344336'
ACTION SNIPPET 10000 8916 SNIPPET_NOT_RELEVANT b'1240807'
ACTION QUERY 10000 8926 three gorges project rock
ACTION SERP 10000 8931 EXAMINE_SERP
ACTION SNIPPET 10000 8934 SEEN_PREVIOUSLY b'1776467'
ACTION SNIPPET 10000 8937 SEEN_PREVIOUSLY b'1047681'
ACTION SNIPPET 10000 8940 SEEN_PREVIOUSLY b'1668957'
ACTION SNIPPET 10000 8943 SNIPPET_RELEVANT b'651329'
ACTION DOC 10000 8963 EXAMINING_DOCUMENT b'651329'
ACTION SNIPPET 10000 8966 SNIPPET_RELEVANT b'1599645'
ACTION DOC 10000 8986 EXAMINING_DOCUMENT b'1599645'
ACTION SNIPPET 10000 8989 SEEN_PREVIOUSLY b'1096590'
ACTION SNIPPET 10000 8992 SEEN_PREVIOUSLY b'1620713'
ACTION SNIPPET 10000 8995 SEEN_PREVIOUSLY b'73817'
ACTION SNIPPET 10000 8998 SEEN_PREVIOUSLY b'52426'
ACTION SNIPPET 10000 9001 SEEN_PREVIOUSLY b'1125709'
ACTION QUERY 10000 9011 three gorges project effect
ACTION SERP 10000 9016 EXAMINE_SERP
ACTION SNIPPET 10000 9019 SEEN_PREVIOUSLY b'825755'
ACTION SNIPPET 10000 9022 SEEN_PREVIOUSLY b'1096590'
ACTION SNIPPET 10000 9025 SEEN_PREVIOUSLY b'1620713'
ACTION SNIPPET 10000 9028 SEEN_PREVIOUSLY b'73817'
ACTION SNIPPET 10000 9031 SEEN_PREVIOUSLY b'974140'
ACTION SNIPPET 10000 9034 SEEN_PREVIOUSLY b'599503'
ACTION SNIPPET 10000 9037 SEEN_PREVIOUSLY b'1497085'
ACTION SNIPPET 10000 9040 SEEN_PREVIOUSLY b'679567'
ACTION SNIPPET 10000 9043 SEEN_PREVIOUSLY b'73809'
ACTION SNIPPET 10000 9046 SEEN_PREVIOUSLY b'823851'
ACTION QUERY 10000 9056 three gorges project norths
ACTION SERP 10000 9061 EXAMINE_SERP
ACTION SNIPPET 10000 9064 SEEN_PREVIOUSLY b'73809'
ACTION SNIPPET 10000 9067 SEEN_PREVIOUSLY b'1795037'
ACTION SNIPPET 10000 9070 SEEN_PREVIOUSLY b'29874'
ACTION SNIPPET 10000 9073 SEEN_PREVIOUSLY b'1614491'
ACTION SNIPPET 10000 9076 SEEN_PREVIOUSLY b'1096590'
ACTION SNIPPET 10000 9079 SEEN_PREVIOUSLY b'1620713'
ACTION SNIPPET 10000 9082 SEEN_PREVIOUSLY b'73817'
ACTION SNIPPET 10000 9085 SEEN_PREVIOUSLY b'398038'
ACTION SNIPPET 10000 9088 SEEN_PREVIOUSLY b'974140'
ACTION SNIPPET 10000 9091 SNIPPET_NOT_RELEVANT b'1000578'
ACTION QUERY 10000 9101 three gorges project century
ACTION SERP 10000 9106 EXAMINE_SERP
ACTION SNIPPET 10000 9109 SEEN_PREVIOUSLY b'1096590'
ACTION SNIPPET 10000 9112 SEEN_PREVIOUSLY b'1620713'
ACTION SNIPPET 10000 9115 SEEN_PREVIOUSLY b'73817'
ACTION SNIPPET 10000 9118 SEEN_PREVIOUSLY b'1795037'
ACTION SNIPPET 10000 9121 SEEN_PREVIOUSLY b'974140'
ACTION SNIPPET 10000 9124 SNIPPET_NOT_RELEVANT b'1099112'
ACTION SNIPPET 10000 9127 SEEN_PREVIOUSLY b'1372082'
ACTION SNIPPET 10000 9130 SEEN_PREVIOUSLY b'52426'
ACTION SNIPPET 10000 9133 SEEN_PREVIOUSLY b'1497085'
ACTION SNIPPET 10000 9136 SEEN_PREVIOUSLY b'73809'
ACTION QUERY 10000 9146 three gorges project assisting
ACTION SERP 10000 9151 EXAMINE_SERP
ACTION SNIPPET 10000 9154 SEEN_PREVIOUSLY b'825755'
ACTION SNIPPET 10000 9157 SEEN_PREVIOUSLY b'1614491'
ACTION SNIPPET 10000 9160 SEEN_PREVIOUSLY b'1096590'
ACTION SNIPPET 10000 9163 SEEN_PREVIOUSLY b'1620713'
ACTION SNIPPET 10000 9166 SEEN_PREVIOUSLY b'73817'
ACTION SNIPPET 10000 9169 SEEN_PREVIOUSLY b'974140'
ACTION SNIPPET 10000 9172 SEEN_PREVIOUSLY b'546838'
ACTION SNIPPET 10000 9175 SNIPPET_NOT_RELEVANT b'1026165'
ACTION SNIPPET 10000 9178 SEEN_PREVIOUSLY b'454528'
ACTION SNIPPET 10000 9181 SEEN_PREVIOUSLY b'1102379'
ACTION QUERY 10000 9191 three gorges project constructed
ACTION SERP 10000 9196 EXAMINE_SERP
ACTION SNIPPET 10000 9199 SEEN_PREVIOUSLY b'599503'
ACTION SNIPPET 10000 9202 SEEN_PREVIOUSLY b'803540'
ACTION SNIPPET 10000 9205 SNIPPET_NOT_RELEVANT b'1000578'
ACTION SNIPPET 10000 9208 SEEN_PREVIOUSLY b'1096590'
ACTION SNIPPET 10000 9211 SEEN_PREVIOUSLY b'1620713'
ACTION SNIPPET 10000 9214 SEEN_PREVIOUSLY b'73817'
ACTION SNIPPET 10000 9217 SNIPPET_NOT_RELEVANT b'1678494'
ACTION SNIPPET 10000 9220 SEEN_PREVIOUSLY b'974140'
ACTION SNIPPET 10000 9223 SEEN_PREVIOUSLY b'640074'
ACTION SNIPPET 10000 9226 SNIPPET_NOT_RELEVANT b'1166708'
ACTION QUERY 10000 9236 three gorges project lucrative
ACTION SERP 10000 9241 EXAMINE_SERP
ACTION SNIPPET 10000 9244 SEEN_PREVIOUSLY b'1096590'
ACTION SNIPPET 10000 9247 SEEN_PREVIOUSLY b'1620713'
ACTION SNIPPET 10000 9250 SEEN_PREVIOUSLY b'73817'
ACTION SNIPPET 10000 9253 SEEN_PREVIOUSLY b'974140'
ACTION SNIPPET 10000 9256 SNIPPET_RELEVANT b'1536182'
ACTION DOC 10000 9276 EXAMINING_DOCUMENT b'1536182'
ACTION SNIPPET 10000 9279 SEEN_PREVIOUSLY b'73809'
ACTION SNIPPET 10000 9282 SEEN_PREVIOUSLY b'825755'
ACTION SNIPPET 10000 9285 SEEN_PREVIOUSLY b'29874'
ACTION SNIPPET 10000 9288 SEEN_PREVIOUSLY b'803540'
ACTION SNIPPET 10000 9291 SNIPPET_NOT_RELEVANT b'1095203'
ACTION QUERY 10000 9301 three gorges project yang
ACTION SERP 10000 9306 EXAMINE_SERP
ACTION SNIPPET 10000 9309 SEEN_PREVIOUSLY b'1096590'
ACTION SNIPPET 10000 9312 SEEN_PREVIOUSLY b'1620713'
ACTION SNIPPET 10000 9315 SEEN_PREVIOUSLY b'73817'
ACTION SNIPPET 10000 9318 SEEN_PREVIOUSLY b'974140'
ACTION SNIPPET 10000 9321 SNIPPET_RELEVANT b'1663734'
ACTION DOC 10000 9341 EXAMINING_DOCUMENT b'1663734'
ACTION SNIPPET 10000 9344 SNIPPET_NOT_RELEVANT b'1530975'
ACTION SNIPPET 10000 9347 SNIPPET_NOT_RELEVANT b'1411554'
ACTION SNIPPET 10000 9350 SNIPPET_RELEVANT b'1288564'
ACTION DOC 10000 9370 EXAMINING_DOCUMENT b'1288564'
ACTION SNIPPET 10000 9373 SNIPPET_RELEVANT b'762765'
ACTION DOC 10000 9393 EXAMINING_DOCUMENT b'762765'
ACTION SNIPPET 10000 9396 SEEN_PREVIOUSLY b'73809'
ACTION QUERY 10000 9406 three gorges project yangtze
ACTION SERP 10000 9411 EXAMINE_SERP
ACTION SNIPPET 10000 9414 SEEN_PREVIOUSLY b'640074'
ACTION SNIPPET 10000 9417 SEEN_PREVIOUSLY b'1096590'
ACTION SNIPPET 10000 9420 SEEN_PREVIOUSLY b'651329'
ACTION SNIPPET 10000 9423 SEEN_PREVIOUSLY b'974140'
ACTION SNIPPET 10000 9426 SNIPPET_NOT_RELEVANT b'660805'
ACTION SNIPPET 10000 9429 SNIPPET_NOT_RELEVANT b'174754'
ACTION SNIPPET 10000 9432 SEEN_PREVIOUSLY b'1620713'
ACTION SNIPPET 10000 9435 SNIPPET_NOT_RELEVANT b'646212'
ACTION SNIPPET 10000 9438 SNIPPET_RELEVANT b'651331'
ACTION DOC 10000 9458 EXAMINING_DOCUMENT b'651331'
ACTION SNIPPET 10000 9461 SNIPPET_RELEVANT b'1808550'
ACTION DOC 10000 9481 EXAMINING_DOCUMENT b'1808550'
INFO SERP_END_REACHED 
ACTION QUERY 10000 9491 three gorges project happened
ACTION SERP 10000 9496 EXAMINE_SERP
ACTION SNIPPET 10000 9499 SEEN_PREVIOUSLY b'1096590'
ACTION SNIPPET 10000 9502 SEEN_PREVIOUSLY b'1620713'
ACTION SNIPPET 10000 9505 SEEN_PREVIOUSLY b'73817'
ACTION SNIPPET 10000 9508 SEEN_PREVIOUSLY b'974140'
ACTION SNIPPET 10000 9511 SEEN_PREVIOUSLY b'73809'
ACTION SNIPPET 10000 9514 SEEN_PREVIOUSLY b'825755'
ACTION SNIPPET 10000 9517 SEEN_PREVIOUSLY b'723057'
ACTION SNIPPET 10000 9520 SEEN_PREVIOUSLY b'1497085'
ACTION SNIPPET 10000 9523 SEEN_PREVIOUSLY b'640074'
ACTION SNIPPET 10000 9526 SEEN_PREVIOUSLY b'29874'
ACTION QUERY 10000 9536 three gorges project goes
ACTION SERP 10000 9541 EXAMINE_SERP
ACTION SNIPPET 10000 9544 SEEN_PREVIOUSLY b'1096590'
ACTION SNIPPET 10000 9547 SEEN_PREVIOUSLY b'1620713'
ACTION SNIPPET 10000 9550 SEEN_PREVIOUSLY b'73817'
ACTION SNIPPET 10000 9553 SEEN_PREVIOUSLY b'1776467'
ACTION SNIPPET 10000 9556 SEEN_PREVIOUSLY b'974140'
ACTION SNIPPET 10000 9559 SEEN_PREVIOUSLY b'1795037'
ACTION SNIPPET 10000 9562 SEEN_PREVIOUSLY b'73809'
ACTION SNIPPET 10000 9565 SEEN_PREVIOUSLY b'825755'
ACTION SNIPPET 10000 9568 SEEN_PREVIOUSLY b'1125709'
ACTION SNIPPET 10000 9571 SEEN_PREVIOUSLY b'1806024'
ACTION QUERY 10000 9581 three gorges project diverts
ACTION SERP 10000 9586 EXAMINE_SERP
ACTION SNIPPET 10000 9589 SEEN_PREVIOUSLY b'1620713'
ACTION SNIPPET 10000 9592 SEEN_PREVIOUSLY b'1096590'
ACTION SNIPPET 10000 9595 SEEN_PREVIOUSLY b'73817'
ACTION SNIPPET 10000 9598 SEEN_PREVIOUSLY b'974140'
ACTION SNIPPET 10000 9601 SNIPPET_NOT_RELEVANT b'134370'
ACTION SNIPPET 10000 9604 SEEN_PREVIOUSLY b'73809'
ACTION SNIPPET 10000 9607 SEEN_PREVIOUSLY b'825755'
ACTION SNIPPET 10000 9610 SEEN_PREVIOUSLY b'29874'
ACTION SNIPPET 10000 9613 SEEN_PREVIOUSLY b'803540'
ACTION SNIPPET 10000 9616 SEEN_PREVIOUSLY b'599503'
ACTION QUERY 10000 9626 three gorges project died
ACTION SERP 10000 9631 EXAMINE_SERP
ACTION SNIPPET 10000 9634 SEEN_PREVIOUSLY b'73809'
ACTION SNIPPET 10000 9637 SEEN_PREVIOUSLY b'1776467'
ACTION SNIPPET 10000 9640 SEEN_PREVIOUSLY b'1096590'
ACTION SNIPPET 10000 9643 SEEN_PREVIOUSLY b'1620713'
ACTION SNIPPET 10000 9646 SEEN_PREVIOUSLY b'303778'
ACTION SNIPPET 10000 9649 SEEN_PREVIOUSLY b'73817'
ACTION SNIPPET 10000 9652 SEEN_PREVIOUSLY b'974140'
ACTION SNIPPET 10000 9655 SNIPPET_NOT_RELEVANT b'121850'
ACTION SNIPPET 10000 9658 SEEN_PREVIOUSLY b'998031'
ACTION SNIPPET 10000 9661 SEEN_PREVIOUSLY b'998669'
ACTION QUERY 10000 9671 three gorges project yahoo
ACTION SERP 10000 9676 EXAMINE_SERP
ACTION SNIPPET 10000 9679 SNIPPET_NOT_RELEVANT b'1805992'
ACTION SNIPPET 10000 9682 SEEN_PREVIOUSLY b'1096590'
ACTION SNIPPET 10000 9685 SEEN_PREVIOUSLY b'1620713'
ACTION SNIPPET 10000 9688 SNIPPET_RELEVANT b'1690549'
ACTION DOC 10000 9708 EXAMINING_DOCUMENT b'1690549'
ACTION SNIPPET 10000 9711 SNIPPET_NOT_RELEVANT b'1823990'
ACTION SNIPPET 10000 9714 SEEN_PREVIOUSLY b'73817'
ACTION SNIPPET 10000 9717 SNIPPET_NOT_RELEVANT b'1237891'
ACTION SNIPPET 10000 9720 SNIPPET_RELEVANT b'1407322'
ACTION DOC 10000 9740 EXAMINING_DOCUMENT b'1407322'
ACTION SNIPPET 10000 9743 SNIPPET_NOT_RELEVANT b'1760189'
ACTION SNIPPET 10000 9746 SNIPPET_RELEVANT b'1777063'
ACTION DOC 10000 9766 EXAMINING_DOCUMENT b'1777063'
ACTION QUERY 10000 9776 three gorges project takes
ACTION SERP 10000 9781 EXAMINE_SERP
ACTION SNIPPET 10000 9784 SEEN_PREVIOUSLY b'1096590'
ACTION SNIPPET 10000 9787 SEEN_PREVIOUSLY b'1620713'
ACTION SNIPPET 10000 9790 SEEN_PREVIOUSLY b'73817'
ACTION SNIPPET 10000 9793 SEEN_PREVIOUSLY b'974140'
ACTION SNIPPET 10000 9796 SEEN_PREVIOUSLY b'73809'
ACTION SNIPPET 10000 9799 SEEN_PREVIOUSLY b'1776467'
ACTION SNIPPET 10000 9802 SEEN_PREVIOUSLY b'640074'
ACTION SNIPPET 10000 9805 SEEN_PREVIOUSLY b'1795037'
ACTION SNIPPET 10000 9808 SEEN_PREVIOUSLY b'825755'
ACTION SNIPPET 10000 9811 SEEN_PREVIOUSLY b'599503'
ACTION QUERY 10000 9821 three gorges project hurt
ACTION SERP 10000 9826 EXAMINE_SERP
ACTION SNIPPET 10000 9829 SEEN_PREVIOUSLY b'1096590'
ACTION SNIPPET 10000 9832 SEEN_PREVIOUSLY b'1620713'
ACTION SNIPPET 10000 9835 SEEN_PREVIOUSLY b'73817'
ACTION SNIPPET 10000 9838 SEEN_PREVIOUSLY b'974140'
ACTION SNIPPET 10000 9841 SEEN_PREVIOUSLY b'73809'
ACTION SNIPPET 10000 9844 SEEN_PREVIOUSLY b'825755'
ACTION SNIPPET 10000 9847 SEEN_PREVIOUSLY b'29874'
ACTION SNIPPET 10000 9850 SNIPPET_NOT_RELEVANT b'1116588'
ACTION SNIPPET 10000 9853 SEEN_PREVIOUSLY b'803540'
ACTION SNIPPET 10000 9856 SEEN_PREVIOUSLY b'1775384'
ACTION QUERY 10000 9866 three gorges project achievement
ACTION SERP 10000 9871 EXAMINE_SERP
ACTION SNIPPET 10000 9874 SEEN_PREVIOUSLY b'1096590'
ACTION SNIPPET 10000 9877 SEEN_PREVIOUSLY b'1620713'
ACTION SNIPPET 10000 9880 SEEN_PREVIOUSLY b'73817'
ACTION SNIPPET 10000 9883 SNIPPET_RELEVANT b'242823'
ACTION DOC 10000 9903 EXAMINING_DOCUMENT b'242823'
ACTION SNIPPET 10000 9906 SEEN_PREVIOUSLY b'974140'
ACTION SNIPPET 10000 9909 SEEN_PREVIOUSLY b'73809'
ACTION SNIPPET 10000 9912 SEEN_PREVIOUSLY b'825755'
ACTION SNIPPET 10000 9915 SEEN_PREVIOUSLY b'29874'
ACTION SNIPPET 10000 9918 SEEN_PREVIOUSLY b'803540'
ACTION SNIPPET 10000 9921 SEEN_PREVIOUSLY b'599503'
ACTION QUERY 10000 9931 three gorges project nu
ACTION SERP 10000 9936 EXAMINE_SERP
ACTION SNIPPET 10000 9939 SEEN_PREVIOUSLY b'1731421'
ACTION SNIPPET 10000 9942 SEEN_PREVIOUSLY b'1620713'
ACTION SNIPPET 10000 9945 SNIPPET_RELEVANT b'1727709'
ACTION DOC 10000 9965 EXAMINING_DOCUMENT b'1727709'
ACTION SNIPPET 10000 9968 SNIPPET_RELEVANT b'101437'
ACTION DOC 10000 9988 EXAMINING_DOCUMENT b'101437'
ACTION SNIPPET 10000 9991 SNIPPET_RELEVANT b'1639255'
ACTION DOC 10000 10011 EXAMINING_DOCUMENT b'1639255'
INFO SUMMARY 
INFO TOTAL_QUERIES_ISSUED 137
INFO TOTAL_SNIPPETS_EXAMINED 1365
INFO TOTAL_DOCUMENTS_EXAMINED 186
INFO TOTAL_DOCUMENTS_MARKED_RELEVANT 47
INFO TOTAL_ATTRACTIVE_SERP_IMPRESSIONS 137
INFO TOTAL_UNATTRACTIVE_SERP_IMPRESSIONS 0
