ACTION QUERY 10000 10 black bear attacks
ACTION SERP 10000 15 EXAMINE_SERP
ACTION SNIPPET 10000 18 SNIPPET_RELEVANT b'1754536'
ACTION DOC 10000 38 EXAMINING_DOCUMENT b'1754536'
ACTION MARK 10000 41 CONSIDERED_RELEVANT b'1754536'
ACTION SNIPPET 10000 44 SNIPPET_RELEVANT b'634674'
ACTION DOC 10000 64 EXAMINING_DOCUMENT b'634674'
ACTION MARK 10000 67 CONSIDERED_RELEVANT b'634674'
ACTION SNIPPET 10000 70 SNIPPET_RELEVANT b'1707062'
ACTION DOC 10000 90 EXAMINING_DOCUMENT b'1707062'
ACTION MARK 10000 93 CONSIDERED_RELEVANT b'1707062'
ACTION SNIPPET 10000 96 SNIPPET_RELEVANT b'1319228'
ACTION DOC 10000 116 EXAMINING_DOCUMENT b'1319228'
ACTION MARK 10000 119 CONSIDERED_RELEVANT b'1319228'
ACTION SNIPPET 10000 122 SNIPPET_RELEVANT b'1673457'
ACTION DOC 10000 142 EXAMINING_DOCUMENT b'1673457'
ACTION MARK 10000 145 CONSIDERED_RELEVANT b'1673457'
ACTION SNIPPET 10000 148 SNIPPET_RELEVANT b'1319681'
ACTION DOC 10000 168 EXAMINING_DOCUMENT b'1319681'
ACTION MARK 10000 171 CONSIDERED_RELEVANT b'1319681'
ACTION SNIPPET 10000 174 SNIPPET_NOT_RELEVANT b'1368283'
ACTION SNIPPET 10000 177 SNIPPET_RELEVANT b'1417346'
ACTION DOC 10000 197 EXAMINING_DOCUMENT b'1417346'
ACTION MARK 10000 200 CONSIDERED_RELEVANT b'1417346'
ACTION SNIPPET 10000 203 SNIPPET_RELEVANT b'1440589'
ACTION DOC 10000 223 EXAMINING_DOCUMENT b'1440589'
ACTION MARK 10000 226 CONSIDERED_RELEVANT b'1440589'
ACTION SNIPPET 10000 229 SNIPPET_NOT_RELEVANT b'52133'
INFO OUT_OF_QUERIES 
INFO SUMMARY 
INFO TOTAL_QUERIES_ISSUED 1
INFO TOTAL_SNIPPETS_EXAMINED 10
INFO TOTAL_DOCUMENTS_EXAMINED 8
INFO TOTAL_DOCUMENTS_MARKED_RELEVANT 8
INFO TOTAL_ATTRACTIVE_SERP_IMPRESSIONS 1
INFO TOTAL_UNATTRACTIVE_SERP_IMPRESSIONS 0
