ACTION QUERY 10000 10 piracy
ACTION SERP 10000 15 EXAMINE_SERP
ACTION SNIPPET 10000 18 SNIPPET_NOT_RELEVANT b'1597860'
ACTION SNIPPET 10000 21 SNIPPET_NOT_RELEVANT b'264411'
ACTION SNIPPET 10000 24 SNIPPET_NOT_RELEVANT b'445714'
ACTION SNIPPET 10000 27 SNIPPET_NOT_RELEVANT b'235047'
ACTION SNIPPET 10000 30 SNIPPET_NOT_RELEVANT b'744005'
ACTION SNIPPET 10000 33 SNIPPET_NOT_RELEVANT b'944052'
ACTION SNIPPET 10000 36 SNIPPET_RELEVANT b'920908'
ACTION DOC 10000 56 EXAMINING_DOCUMENT b'920908'
ACTION MARK 10000 59 CONSIDERED_RELEVANT b'920908'
ACTION SNIPPET 10000 62 SNIPPET_NOT_RELEVANT b'1050607'
ACTION SNIPPET 10000 65 SNIPPET_NOT_RELEVANT b'1453527'
ACTION SNIPPET 10000 68 SNIPPET_NOT_RELEVANT b'1799443'
INFO OUT_OF_QUERIES 
INFO SUMMARY 
INFO TOTAL_QUERIES_ISSUED 1
INFO TOTAL_SNIPPETS_EXAMINED 10
INFO TOTAL_DOCUMENTS_EXAMINED 1
INFO TOTAL_DOCUMENTS_MARKED_RELEVANT 1
INFO TOTAL_ATTRACTIVE_SERP_IMPRESSIONS 1
INFO TOTAL_UNATTRACTIVE_SERP_IMPRESSIONS 0
