ACTION QUERY 10000 10 inventions scientific discoveries
ACTION SERP 10000 15 EXAMINE_SERP
ACTION SNIPPET 10000 18 SNIPPET_NOT_RELEVANT b'1215933'
ACTION SNIPPET 10000 21 SNIPPET_NOT_RELEVANT b'27298'
ACTION SNIPPET 10000 24 SNIPPET_NOT_RELEVANT b'1045917'
ACTION SNIPPET 10000 27 SNIPPET_NOT_RELEVANT b'133421'
ACTION SNIPPET 10000 30 SNIPPET_NOT_RELEVANT b'1239295'
ACTION SNIPPET 10000 33 SNIPPET_RELEVANT b'759052'
ACTION DOC 10000 53 EXAMINING_DOCUMENT b'759052'
ACTION MARK 10000 56 CONSIDERED_RELEVANT b'759052'
ACTION SNIPPET 10000 59 SNIPPET_NOT_RELEVANT b'604317'
ACTION SNIPPET 10000 62 SNIPPET_NOT_RELEVANT b'436119'
ACTION SNIPPET 10000 65 SNIPPET_NOT_RELEVANT b'1446004'
ACTION SNIPPET 10000 68 SNIPPET_NOT_RELEVANT b'1319590'
INFO OUT_OF_QUERIES 
INFO SUMMARY 
INFO TOTAL_QUERIES_ISSUED 1
INFO TOTAL_SNIPPETS_EXAMINED 10
INFO TOTAL_DOCUMENTS_EXAMINED 1
INFO TOTAL_DOCUMENTS_MARKED_RELEVANT 1
INFO TOTAL_ATTRACTIVE_SERP_IMPRESSIONS 1
INFO TOTAL_UNATTRACTIVE_SERP_IMPRESSIONS 0
