ACTION QUERY 10000 10 airport security
ACTION SERP 10000 15 EXAMINE_SERP
ACTION SNIPPET 10000 18 SNIPPET_NOT_RELEVANT b'1511476'
ACTION SNIPPET 10000 21 SNIPPET_NOT_RELEVANT b'1784331'
ACTION SNIPPET 10000 24 SNIPPET_RELEVANT b'1326248'
ACTION DOC 10000 44 EXAMINING_DOCUMENT b'1326248'
ACTION MARK 10000 47 CONSIDERED_RELEVANT b'1326248'
ACTION SNIPPET 10000 50 SNIPPET_NOT_RELEVANT b'104570'
ACTION SNIPPET 10000 53 SNIPPET_RELEVANT b'620705'
ACTION DOC 10000 73 EXAMINING_DOCUMENT b'620705'
ACTION MARK 10000 76 CONSIDERED_RELEVANT b'620705'
ACTION SNIPPET 10000 79 SNIPPET_NOT_RELEVANT b'1326786'
ACTION SNIPPET 10000 82 SNIPPET_NOT_RELEVANT b'1363815'
ACTION SNIPPET 10000 85 SNIPPET_NOT_RELEVANT b'1339765'
ACTION SNIPPET 10000 88 SNIPPET_NOT_RELEVANT b'655267'
ACTION SNIPPET 10000 91 SNIPPET_NOT_RELEVANT b'1401837'
INFO OUT_OF_QUERIES 
INFO SUMMARY 
INFO TOTAL_QUERIES_ISSUED 1
INFO TOTAL_SNIPPETS_EXAMINED 10
INFO TOTAL_DOCUMENTS_EXAMINED 2
INFO TOTAL_DOCUMENTS_MARKED_RELEVANT 2
INFO TOTAL_ATTRACTIVE_SERP_IMPRESSIONS 1
INFO TOTAL_UNATTRACTIVE_SERP_IMPRESSIONS 0
