ACTION QUERY 10000 10 iran iraq cooperation
ACTION SERP 10000 15 EXAMINE_SERP
ACTION SNIPPET 10000 18 SNIPPET_NOT_RELEVANT b'1437418'
ACTION SNIPPET 10000 21 SNIPPET_NOT_RELEVANT b'995766'
ACTION SNIPPET 10000 24 SNIPPET_NOT_RELEVANT b'1492011'
ACTION SNIPPET 10000 27 SNIPPET_NOT_RELEVANT b'201524'
ACTION SNIPPET 10000 30 SNIPPET_RELEVANT b'377502'
ACTION DOC 10000 50 EXAMINING_DOCUMENT b'377502'
ACTION MARK 10000 53 CONSIDERED_RELEVANT b'377502'
ACTION SNIPPET 10000 56 SNIPPET_NOT_RELEVANT b'1612912'
ACTION SNIPPET 10000 59 SNIPPET_RELEVANT b'74398'
ACTION DOC 10000 79 EXAMINING_DOCUMENT b'74398'
ACTION MARK 10000 82 CONSIDERED_RELEVANT b'74398'
ACTION SNIPPET 10000 85 SNIPPET_NOT_RELEVANT b'487745'
ACTION SNIPPET 10000 88 SNIPPET_NOT_RELEVANT b'46898'
ACTION SNIPPET 10000 91 SNIPPET_NOT_RELEVANT b'441983'
INFO OUT_OF_QUERIES 
INFO SUMMARY 
INFO TOTAL_QUERIES_ISSUED 1
INFO TOTAL_SNIPPETS_EXAMINED 10
INFO TOTAL_DOCUMENTS_EXAMINED 2
INFO TOTAL_DOCUMENTS_MARKED_RELEVANT 2
INFO TOTAL_ATTRACTIVE_SERP_IMPRESSIONS 1
INFO TOTAL_UNATTRACTIVE_SERP_IMPRESSIONS 0
