ACTION QUERY 10000 10 oceanographic vessels
ACTION SERP 10000 15 EXAMINE_SERP
ACTION SNIPPET 10000 18 SNIPPET_RELEVANT b'660630'
ACTION DOC 10000 38 EXAMINING_DOCUMENT b'660630'
ACTION MARK 10000 41 CONSIDERED_RELEVANT b'660630'
ACTION SNIPPET 10000 44 SNIPPET_RELEVANT b'89039'
ACTION DOC 10000 64 EXAMINING_DOCUMENT b'89039'
ACTION MARK 10000 67 CONSIDERED_RELEVANT b'89039'
ACTION SNIPPET 10000 70 SNIPPET_RELEVANT b'382324'
ACTION DOC 10000 90 EXAMINING_DOCUMENT b'382324'
ACTION MARK 10000 93 CONSIDERED_RELEVANT b'382324'
ACTION SNIPPET 10000 96 SNIPPET_RELEVANT b'24141'
ACTION DOC 10000 116 EXAMINING_DOCUMENT b'24141'
ACTION MARK 10000 119 CONSIDERED_RELEVANT b'24141'
ACTION SNIPPET 10000 122 SNIPPET_RELEVANT b'529662'
ACTION DOC 10000 142 EXAMINING_DOCUMENT b'529662'
ACTION MARK 10000 145 CONSIDERED_RELEVANT b'529662'
ACTION SNIPPET 10000 148 SNIPPET_RELEVANT b'219569'
ACTION DOC 10000 168 EXAMINING_DOCUMENT b'219569'
ACTION MARK 10000 171 CONSIDERED_RELEVANT b'219569'
ACTION SNIPPET 10000 174 SNIPPET_NOT_RELEVANT b'1564015'
ACTION SNIPPET 10000 177 SNIPPET_RELEVANT b'171292'
ACTION DOC 10000 197 EXAMINING_DOCUMENT b'171292'
ACTION MARK 10000 200 CONSIDERED_RELEVANT b'171292'
ACTION SNIPPET 10000 203 SNIPPET_NOT_RELEVANT b'1426960'
ACTION SNIPPET 10000 206 SNIPPET_RELEVANT b'779635'
ACTION DOC 10000 226 EXAMINING_DOCUMENT b'779635'
ACTION MARK 10000 229 CONSIDERED_RELEVANT b'779635'
INFO OUT_OF_QUERIES 
INFO SUMMARY 
INFO TOTAL_QUERIES_ISSUED 1
INFO TOTAL_SNIPPETS_EXAMINED 10
INFO TOTAL_DOCUMENTS_EXAMINED 8
INFO TOTAL_DOCUMENTS_MARKED_RELEVANT 8
INFO TOTAL_ATTRACTIVE_SERP_IMPRESSIONS 1
INFO TOTAL_UNATTRACTIVE_SERP_IMPRESSIONS 0
