ACTION QUERY 10000 10 cult lifestyles
ACTION SERP 10000 15 EXAMINE_SERP
ACTION SNIPPET 10000 18 SNIPPET_RELEVANT b'604357'
ACTION DOC 10000 38 EXAMINING_DOCUMENT b'604357'
ACTION MARK 10000 41 CONSIDERED_RELEVANT b'604357'
ACTION SNIPPET 10000 44 SNIPPET_NOT_RELEVANT b'151228'
ACTION SNIPPET 10000 47 SNIPPET_RELEVANT b'1176601'
ACTION DOC 10000 67 EXAMINING_DOCUMENT b'1176601'
ACTION MARK 10000 70 CONSIDERED_RELEVANT b'1176601'
ACTION SNIPPET 10000 73 SNIPPET_NOT_RELEVANT b'247846'
ACTION SNIPPET 10000 76 SNIPPET_NOT_RELEVANT b'1848482'
ACTION SNIPPET 10000 79 SNIPPET_RELEVANT b'624863'
ACTION DOC 10000 99 EXAMINING_DOCUMENT b'624863'
ACTION MARK 10000 102 CONSIDERED_RELEVANT b'624863'
ACTION SNIPPET 10000 105 SNIPPET_NOT_RELEVANT b'1643366'
ACTION SNIPPET 10000 108 SNIPPET_NOT_RELEVANT b'1818609'
ACTION SNIPPET 10000 111 SNIPPET_RELEVANT b'329591'
ACTION DOC 10000 131 EXAMINING_DOCUMENT b'329591'
ACTION MARK 10000 134 CONSIDERED_RELEVANT b'329591'
ACTION SNIPPET 10000 137 SNIPPET_RELEVANT b'917723'
ACTION DOC 10000 157 EXAMINING_DOCUMENT b'917723'
ACTION MARK 10000 160 CONSIDERED_RELEVANT b'917723'
INFO OUT_OF_QUERIES 
INFO SUMMARY 
INFO TOTAL_QUERIES_ISSUED 1
INFO TOTAL_SNIPPETS_EXAMINED 10
INFO TOTAL_DOCUMENTS_EXAMINED 5
INFO TOTAL_DOCUMENTS_MARKED_RELEVANT 5
INFO TOTAL_ATTRACTIVE_SERP_IMPRESSIONS 1
INFO TOTAL_UNATTRACTIVE_SERP_IMPRESSIONS 0
