ACTION QUERY 10000 10 mercy killing
ACTION SERP 10000 15 EXAMINE_SERP
ACTION SNIPPET 10000 18 SNIPPET_RELEVANT b'157557'
ACTION DOC 10000 38 EXAMINING_DOCUMENT b'157557'
ACTION MARK 10000 41 CONSIDERED_RELEVANT b'157557'
ACTION SNIPPET 10000 44 SNIPPET_RELEVANT b'1121204'
ACTION DOC 10000 64 EXAMINING_DOCUMENT b'1121204'
ACTION MARK 10000 67 CONSIDERED_RELEVANT b'1121204'
ACTION SNIPPET 10000 70 SNIPPET_RELEVANT b'1005479'
ACTION DOC 10000 90 EXAMINING_DOCUMENT b'1005479'
ACTION MARK 10000 93 CONSIDERED_RELEVANT b'1005479'
ACTION SNIPPET 10000 96 SNIPPET_NOT_RELEVANT b'789093'
ACTION SNIPPET 10000 99 SNIPPET_RELEVANT b'35680'
ACTION DOC 10000 119 EXAMINING_DOCUMENT b'35680'
ACTION MARK 10000 122 CONSIDERED_RELEVANT b'35680'
ACTION SNIPPET 10000 125 SNIPPET_NOT_RELEVANT b'473943'
ACTION SNIPPET 10000 128 SNIPPET_NOT_RELEVANT b'391873'
ACTION SNIPPET 10000 131 SNIPPET_NOT_RELEVANT b'391874'
ACTION SNIPPET 10000 134 SNIPPET_NOT_RELEVANT b'723837'
ACTION SNIPPET 10000 137 SNIPPET_RELEVANT b'435343'
ACTION DOC 10000 157 EXAMINING_DOCUMENT b'435343'
ACTION MARK 10000 160 CONSIDERED_RELEVANT b'435343'
INFO OUT_OF_QUERIES 
INFO SUMMARY 
INFO TOTAL_QUERIES_ISSUED 1
INFO TOTAL_SNIPPETS_EXAMINED 10
INFO TOTAL_DOCUMENTS_EXAMINED 5
INFO TOTAL_DOCUMENTS_MARKED_RELEVANT 5
INFO TOTAL_ATTRACTIVE_SERP_IMPRESSIONS 1
INFO TOTAL_UNATTRACTIVE_SERP_IMPRESSIONS 0
