ACTION QUERY 10000 10 wildlife extinction
ACTION SERP 10000 15 EXAMINE_SERP
ACTION SNIPPET 10000 18 SNIPPET_NOT_RELEVANT b'681074'
ACTION SNIPPET 10000 21 SNIPPET_NOT_RELEVANT b'392703'
ACTION SNIPPET 10000 24 SNIPPET_RELEVANT b'1124706'
ACTION DOC 10000 44 EXAMINING_DOCUMENT b'1124706'
ACTION MARK 10000 47 CONSIDERED_RELEVANT b'1124706'
ACTION SNIPPET 10000 50 SNIPPET_NOT_RELEVANT b'291608'
ACTION SNIPPET 10000 53 SNIPPET_NOT_RELEVANT b'399409'
ACTION SNIPPET 10000 56 SNIPPET_NOT_RELEVANT b'1566885'
ACTION SNIPPET 10000 59 SNIPPET_RELEVANT b'296393'
ACTION DOC 10000 79 EXAMINING_DOCUMENT b'296393'
ACTION MARK 10000 82 CONSIDERED_RELEVANT b'296393'
ACTION SNIPPET 10000 85 SNIPPET_NOT_RELEVANT b'976278'
ACTION SNIPPET 10000 88 SNIPPET_NOT_RELEVANT b'225523'
ACTION SNIPPET 10000 91 SNIPPET_NOT_RELEVANT b'611274'
INFO OUT_OF_QUERIES 
INFO SUMMARY 
INFO TOTAL_QUERIES_ISSUED 1
INFO TOTAL_SNIPPETS_EXAMINED 10
INFO TOTAL_DOCUMENTS_EXAMINED 2
INFO TOTAL_DOCUMENTS_MARKED_RELEVANT 2
INFO TOTAL_ATTRACTIVE_SERP_IMPRESSIONS 1
INFO TOTAL_UNATTRACTIVE_SERP_IMPRESSIONS 0
