ACTION QUERY 10000 10 heroic acts
ACTION SERP 10000 15 EXAMINE_SERP
ACTION SNIPPET 10000 18 SNIPPET_RELEVANT b'99968'
ACTION DOC 10000 38 EXAMINING_DOCUMENT b'99968'
ACTION MARK 10000 41 CONSIDERED_RELEVANT b'99968'
ACTION SNIPPET 10000 44 SNIPPET_NOT_RELEVANT b'996765'
ACTION SNIPPET 10000 47 SNIPPET_NOT_RELEVANT b'1596059'
ACTION SNIPPET 10000 50 SNIPPET_NOT_RELEVANT b'190817'
ACTION SNIPPET 10000 53 SNIPPET_NOT_RELEVANT b'690533'
ACTION SNIPPET 10000 56 SNIPPET_NOT_RELEVANT b'895603'
ACTION SNIPPET 10000 59 SNIPPET_NOT_RELEVANT b'1579584'
ACTION SNIPPET 10000 62 SNIPPET_NOT_RELEVANT b'372589'
ACTION SNIPPET 10000 65 SNIPPET_RELEVANT b'1366401'
ACTION DOC 10000 85 EXAMINING_DOCUMENT b'1366401'
ACTION MARK 10000 88 CONSIDERED_RELEVANT b'1366401'
ACTION SNIPPET 10000 91 SNIPPET_NOT_RELEVANT b'907417'
INFO OUT_OF_QUERIES 
INFO SUMMARY 
INFO TOTAL_QUERIES_ISSUED 1
INFO TOTAL_SNIPPETS_EXAMINED 10
INFO TOTAL_DOCUMENTS_EXAMINED 2
INFO TOTAL_DOCUMENTS_MARKED_RELEVANT 2
INFO TOTAL_ATTRACTIVE_SERP_IMPRESSIONS 1
INFO TOTAL_UNATTRACTIVE_SERP_IMPRESSIONS 0
