ACTION QUERY 10000 10 college education advantage
ACTION SERP 10000 15 EXAMINE_SERP
ACTION SNIPPET 10000 18 SNIPPET_NOT_RELEVANT b'1170209'
ACTION SNIPPET 10000 21 SNIPPET_NOT_RELEVANT b'1438356'
ACTION SNIPPET 10000 24 SNIPPET_RELEVANT b'852976'
ACTION DOC 10000 44 EXAMINING_DOCUMENT b'852976'
ACTION MARK 10000 47 CONSIDERED_RELEVANT b'852976'
ACTION SNIPPET 10000 50 SNIPPET_NOT_RELEVANT b'1710084'
ACTION SNIPPET 10000 53 SNIPPET_NOT_RELEVANT b'845002'
ACTION SNIPPET 10000 56 SNIPPET_NOT_RELEVANT b'1707549'
ACTION SNIPPET 10000 59 SNIPPET_NOT_RELEVANT b'77858'
ACTION SNIPPET 10000 62 SNIPPET_NOT_RELEVANT b'911354'
ACTION SNIPPET 10000 65 SNIPPET_NOT_RELEVANT b'1577987'
ACTION SNIPPET 10000 68 SNIPPET_NOT_RELEVANT b'1510867'
INFO OUT_OF_QUERIES 
INFO SUMMARY 
INFO TOTAL_QUERIES_ISSUED 1
INFO TOTAL_SNIPPETS_EXAMINED 10
INFO TOTAL_DOCUMENTS_EXAMINED 1
INFO TOTAL_DOCUMENTS_MARKED_RELEVANT 1
INFO TOTAL_ATTRACTIVE_SERP_IMPRESSIONS 1
INFO TOTAL_UNATTRACTIVE_SERP_IMPRESSIONS 0
