ACTION QUERY 10000 10 human smuggling
ACTION SERP 10000 15 EXAMINE_SERP
ACTION SNIPPET 10000 18 SNIPPET_RELEVANT b'1574025'
ACTION DOC 10000 38 EXAMINING_DOCUMENT b'1574025'
ACTION MARK 10000 41 CONSIDERED_RELEVANT b'1574025'
ACTION SNIPPET 10000 44 SNIPPET_RELEVANT b'247846'
ACTION DOC 10000 64 EXAMINING_DOCUMENT b'247846'
ACTION MARK 10000 67 CONSIDERED_RELEVANT b'247846'
ACTION SNIPPET 10000 70 SNIPPET_NOT_RELEVANT b'616288'
ACTION SNIPPET 10000 73 SNIPPET_RELEVANT b'515645'
ACTION DOC 10000 93 EXAMINING_DOCUMENT b'515645'
ACTION MARK 10000 96 CONSIDERED_RELEVANT b'515645'
ACTION SNIPPET 10000 99 SNIPPET_RELEVANT b'631808'
ACTION DOC 10000 119 EXAMINING_DOCUMENT b'631808'
ACTION MARK 10000 122 CONSIDERED_RELEVANT b'631808'
ACTION SNIPPET 10000 125 SNIPPET_RELEVANT b'1840937'
ACTION DOC 10000 145 EXAMINING_DOCUMENT b'1840937'
ACTION MARK 10000 148 CONSIDERED_RELEVANT b'1840937'
ACTION SNIPPET 10000 151 SNIPPET_RELEVANT b'1534492'
ACTION DOC 10000 171 EXAMINING_DOCUMENT b'1534492'
ACTION MARK 10000 174 CONSIDERED_RELEVANT b'1534492'
ACTION SNIPPET 10000 177 SNIPPET_RELEVANT b'289234'
ACTION DOC 10000 197 EXAMINING_DOCUMENT b'289234'
ACTION MARK 10000 200 CONSIDERED_RELEVANT b'289234'
ACTION SNIPPET 10000 203 SNIPPET_NOT_RELEVANT b'1765033'
ACTION SNIPPET 10000 206 SNIPPET_NOT_RELEVANT b'279302'
INFO OUT_OF_QUERIES 
INFO SUMMARY 
INFO TOTAL_QUERIES_ISSUED 1
INFO TOTAL_SNIPPETS_EXAMINED 10
INFO TOTAL_DOCUMENTS_EXAMINED 7
INFO TOTAL_DOCUMENTS_MARKED_RELEVANT 7
INFO TOTAL_ATTRACTIVE_SERP_IMPRESSIONS 1
INFO TOTAL_UNATTRACTIVE_SERP_IMPRESSIONS 0
