ACTION QUERY 10000 10 native american casino
ACTION SERP 10000 15 EXAMINE_SERP
ACTION SNIPPET 10000 18 SNIPPET_NOT_RELEVANT b'955215'
ACTION SNIPPET 10000 21 SNIPPET_NOT_RELEVANT b'751799'
ACTION SNIPPET 10000 24 SNIPPET_RELEVANT b'1528507'
ACTION DOC 10000 44 EXAMINING_DOCUMENT b'1528507'
ACTION MARK 10000 47 CONSIDERED_RELEVANT b'1528507'
ACTION SNIPPET 10000 50 SNIPPET_RELEVANT b'1088208'
ACTION DOC 10000 70 EXAMINING_DOCUMENT b'1088208'
ACTION MARK 10000 73 CONSIDERED_RELEVANT b'1088208'
ACTION SNIPPET 10000 76 SNIPPET_RELEVANT b'1229201'
ACTION DOC 10000 96 EXAMINING_DOCUMENT b'1229201'
ACTION MARK 10000 99 CONSIDERED_RELEVANT b'1229201'
ACTION SNIPPET 10000 102 SNIPPET_RELEVANT b'1390982'
ACTION DOC 10000 122 EXAMINING_DOCUMENT b'1390982'
ACTION MARK 10000 125 CONSIDERED_RELEVANT b'1390982'
ACTION SNIPPET 10000 128 SNIPPET_NOT_RELEVANT b'1223310'
ACTION SNIPPET 10000 131 SNIPPET_RELEVANT b'453286'
ACTION DOC 10000 151 EXAMINING_DOCUMENT b'453286'
ACTION MARK 10000 154 CONSIDERED_RELEVANT b'453286'
ACTION SNIPPET 10000 157 SNIPPET_RELEVANT b'505473'
ACTION DOC 10000 177 EXAMINING_DOCUMENT b'505473'
ACTION MARK 10000 180 CONSIDERED_RELEVANT b'505473'
ACTION SNIPPET 10000 183 SNIPPET_RELEVANT b'1271481'
ACTION DOC 10000 203 EXAMINING_DOCUMENT b'1271481'
ACTION MARK 10000 206 CONSIDERED_RELEVANT b'1271481'
INFO OUT_OF_QUERIES 
INFO SUMMARY 
INFO TOTAL_QUERIES_ISSUED 1
INFO TOTAL_SNIPPETS_EXAMINED 10
INFO TOTAL_DOCUMENTS_EXAMINED 7
INFO TOTAL_DOCUMENTS_MARKED_RELEVANT 7
INFO TOTAL_ATTRACTIVE_SERP_IMPRESSIONS 1
INFO TOTAL_UNATTRACTIVE_SERP_IMPRESSIONS 0
