ACTION QUERY 10000 10 radio waves and brain cancer
ACTION SERP 10000 15 EXAMINE_SERP
ACTION SNIPPET 10000 18 SNIPPET_RELEVANT b'587372'
ACTION DOC 10000 38 EXAMINING_DOCUMENT b'587372'
ACTION MARK 10000 41 CONSIDERED_RELEVANT b'587372'
ACTION SNIPPET 10000 44 SNIPPET_RELEVANT b'1219794'
ACTION DOC 10000 64 EXAMINING_DOCUMENT b'1219794'
ACTION MARK 10000 67 CONSIDERED_RELEVANT b'1219794'
ACTION SNIPPET 10000 70 SNIPPET_RELEVANT b'587719'
ACTION DOC 10000 90 EXAMINING_DOCUMENT b'587719'
ACTION MARK 10000 93 CONSIDERED_RELEVANT b'587719'
ACTION SNIPPET 10000 96 SNIPPET_RELEVANT b'1217960'
ACTION DOC 10000 116 EXAMINING_DOCUMENT b'1217960'
ACTION MARK 10000 119 CONSIDERED_RELEVANT b'1217960'
ACTION SNIPPET 10000 122 SNIPPET_RELEVANT b'1148284'
ACTION DOC 10000 142 EXAMINING_DOCUMENT b'1148284'
ACTION MARK 10000 145 CONSIDERED_RELEVANT b'1148284'
ACTION SNIPPET 10000 148 SNIPPET_NOT_RELEVANT b'339712'
ACTION SNIPPET 10000 151 SNIPPET_NOT_RELEVANT b'189790'
ACTION SNIPPET 10000 154 SNIPPET_NOT_RELEVANT b'722019'
ACTION SNIPPET 10000 157 SNIPPET_NOT_RELEVANT b'462247'
ACTION SNIPPET 10000 160 SNIPPET_NOT_RELEVANT b'399746'
INFO OUT_OF_QUERIES 
INFO SUMMARY 
INFO TOTAL_QUERIES_ISSUED 1
INFO TOTAL_SNIPPETS_EXAMINED 10
INFO TOTAL_DOCUMENTS_EXAMINED 5
INFO TOTAL_DOCUMENTS_MARKED_RELEVANT 5
INFO TOTAL_ATTRACTIVE_SERP_IMPRESSIONS 1
INFO TOTAL_UNATTRACTIVE_SERP_IMPRESSIONS 0
