ACTION QUERY 10000 10 transportation tunnel disasters
ACTION SERP 10000 15 EXAMINE_SERP
ACTION SNIPPET 10000 18 SNIPPET_RELEVANT b'1337126'
ACTION DOC 10000 38 EXAMINING_DOCUMENT b'1337126'
ACTION MARK 10000 41 CONSIDERED_RELEVANT b'1337126'
ACTION SNIPPET 10000 44 SNIPPET_RELEVANT b'1337370'
ACTION DOC 10000 64 EXAMINING_DOCUMENT b'1337370'
ACTION MARK 10000 67 CONSIDERED_RELEVANT b'1337370'
ACTION SNIPPET 10000 70 SNIPPET_RELEVANT b'1095422'
ACTION DOC 10000 90 EXAMINING_DOCUMENT b'1095422'
ACTION MARK 10000 93 CONSIDERED_RELEVANT b'1095422'
ACTION SNIPPET 10000 96 SNIPPET_RELEVANT b'1247024'
ACTION DOC 10000 116 EXAMINING_DOCUMENT b'1247024'
ACTION MARK 10000 119 CONSIDERED_RELEVANT b'1247024'
ACTION SNIPPET 10000 122 SNIPPET_RELEVANT b'898055'
ACTION DOC 10000 142 EXAMINING_DOCUMENT b'898055'
ACTION MARK 10000 145 CONSIDERED_RELEVANT b'898055'
ACTION SNIPPET 10000 148 SNIPPET_RELEVANT b'1326510'
ACTION DOC 10000 168 EXAMINING_DOCUMENT b'1326510'
ACTION MARK 10000 171 CONSIDERED_RELEVANT b'1326510'
ACTION SNIPPET 10000 174 SNIPPET_NOT_RELEVANT b'312917'
ACTION SNIPPET 10000 177 SNIPPET_RELEVANT b'1338635'
ACTION DOC 10000 197 EXAMINING_DOCUMENT b'1338635'
ACTION MARK 10000 200 CONSIDERED_RELEVANT b'1338635'
ACTION SNIPPET 10000 203 SNIPPET_NOT_RELEVANT b'1337223'
ACTION SNIPPET 10000 206 SNIPPET_RELEVANT b'521650'
ACTION DOC 10000 226 EXAMINING_DOCUMENT b'521650'
ACTION MARK 10000 229 CONSIDERED_RELEVANT b'521650'
INFO OUT_OF_QUERIES 
INFO SUMMARY 
INFO TOTAL_QUERIES_ISSUED 1
INFO TOTAL_SNIPPETS_EXAMINED 10
INFO TOTAL_DOCUMENTS_EXAMINED 8
INFO TOTAL_DOCUMENTS_MARKED_RELEVANT 8
INFO TOTAL_ATTRACTIVE_SERP_IMPRESSIONS 1
INFO TOTAL_UNATTRACTIVE_SERP_IMPRESSIONS 0
