ACTION QUERY 10000 10 protect earth from asteroids
ACTION SERP 10000 15 EXAMINE_SERP
ACTION SNIPPET 10000 18 SNIPPET_RELEVANT b'fd98676b565941d75b83d42029f3b6e6'
ACTION DOC 10000 38 EXAMINING_DOCUMENT b'fd98676b565941d75b83d42029f3b6e6'
ACTION MARK 10000 41 CONSIDERED_RELEVANT b'fd98676b565941d75b83d42029f3b6e6'
ACTION SNIPPET 10000 44 SNIPPET_NOT_RELEVANT b'3b78d94e70bf677472273d0fd525c036'
ACTION SNIPPET 10000 47 SNIPPET_RELEVANT b'9564120de8ff53ce1e35452ca61da854'
ACTION DOC 10000 67 EXAMINING_DOCUMENT b'9564120de8ff53ce1e35452ca61da854'
ACTION MARK 10000 70 CONSIDERED_RELEVANT b'9564120de8ff53ce1e35452ca61da854'
ACTION SNIPPET 10000 73 SNIPPET_RELEVANT b'6636dc13e0aaedd4d4472182ab3ca632'
ACTION DOC 10000 93 EXAMINING_DOCUMENT b'6636dc13e0aaedd4d4472182ab3ca632'
ACTION MARK 10000 96 CONSIDERED_RELEVANT b'6636dc13e0aaedd4d4472182ab3ca632'
ACTION SNIPPET 10000 99 SNIPPET_RELEVANT b'f19800d64c75095cd147533dc67e5590'
ACTION DOC 10000 119 EXAMINING_DOCUMENT b'f19800d64c75095cd147533dc67e5590'
ACTION MARK 10000 122 CONSIDERED_RELEVANT b'f19800d64c75095cd147533dc67e5590'
ACTION SNIPPET 10000 125 SNIPPET_RELEVANT b'2d612e177e5f0fd7a743a747475cf740'
ACTION DOC 10000 145 EXAMINING_DOCUMENT b'2d612e177e5f0fd7a743a747475cf740'
ACTION MARK 10000 148 CONSIDERED_RELEVANT b'2d612e177e5f0fd7a743a747475cf740'
ACTION SNIPPET 10000 151 SNIPPET_RELEVANT b'471e83c8b5bc33dc81f720009283938d'
ACTION DOC 10000 171 EXAMINING_DOCUMENT b'471e83c8b5bc33dc81f720009283938d'
ACTION MARK 10000 174 CONSIDERED_RELEVANT b'471e83c8b5bc33dc81f720009283938d'
ACTION SNIPPET 10000 177 SNIPPET_RELEVANT b'1485b3dd7f7eb2ec9155a199e650db4c'
ACTION DOC 10000 197 EXAMINING_DOCUMENT b'1485b3dd7f7eb2ec9155a199e650db4c'
ACTION MARK 10000 200 CONSIDERED_RELEVANT b'1485b3dd7f7eb2ec9155a199e650db4c'
ACTION SNIPPET 10000 203 SNIPPET_RELEVANT b'7ce7e8364a2d00eb21087136e100c48e'
ACTION DOC 10000 223 EXAMINING_DOCUMENT b'7ce7e8364a2d00eb21087136e100c48e'
ACTION MARK 10000 226 CONSIDERED_RELEVANT b'7ce7e8364a2d00eb21087136e100c48e'
ACTION SNIPPET 10000 229 SNIPPET_RELEVANT b'62d286ba2fcfeb36c9f85a8bf29fa7cf'
ACTION DOC 10000 249 EXAMINING_DOCUMENT b'62d286ba2fcfeb36c9f85a8bf29fa7cf'
ACTION MARK 10000 252 CONSIDERED_RELEVANT b'62d286ba2fcfeb36c9f85a8bf29fa7cf'
INFO OUT_OF_QUERIES 
INFO SUMMARY 
INFO TOTAL_QUERIES_ISSUED 1
INFO TOTAL_SNIPPETS_EXAMINED 10
INFO TOTAL_DOCUMENTS_EXAMINED 9
INFO TOTAL_DOCUMENTS_MARKED_RELEVANT 9
INFO TOTAL_ATTRACTIVE_SERP_IMPRESSIONS 1
INFO TOTAL_UNATTRACTIVE_SERP_IMPRESSIONS 0
