ACTION QUERY 10000 10 art stolen forged
ACTION SERP 10000 15 EXAMINE_SERP
ACTION SNIPPET 10000 18 SNIPPET_RELEVANT b'3771ac9e-0668-11e2-858a-5311df86ab04'
ACTION DOC 10000 38 EXAMINING_DOCUMENT b'3771ac9e-0668-11e2-858a-5311df86ab04'
ACTION MARK 10000 41 CONSIDERED_RELEVANT b'3771ac9e-0668-11e2-858a-5311df86ab04'
ACTION SNIPPET 10000 44 SNIPPET_RELEVANT b'56ee3e27e1671b20f8e78b491c9add61'
ACTION DOC 10000 64 EXAMINING_DOCUMENT b'56ee3e27e1671b20f8e78b491c9add61'
ACTION MARK 10000 67 CONSIDERED_RELEVANT b'56ee3e27e1671b20f8e78b491c9add61'
ACTION SNIPPET 10000 70 SNIPPET_RELEVANT b'b1c98dff0848fcc56facb5beec96b010'
ACTION DOC 10000 90 EXAMINING_DOCUMENT b'b1c98dff0848fcc56facb5beec96b010'
ACTION MARK 10000 93 CONSIDERED_RELEVANT b'b1c98dff0848fcc56facb5beec96b010'
ACTION SNIPPET 10000 96 SNIPPET_RELEVANT b'05e9064d671489a756b6b4569f42df54'
ACTION DOC 10000 116 EXAMINING_DOCUMENT b'05e9064d671489a756b6b4569f42df54'
ACTION MARK 10000 119 CONSIDERED_RELEVANT b'05e9064d671489a756b6b4569f42df54'
ACTION SNIPPET 10000 122 SNIPPET_RELEVANT b'd0df7181137c5a259f7917583bcb3965'
ACTION DOC 10000 142 EXAMINING_DOCUMENT b'd0df7181137c5a259f7917583bcb3965'
ACTION MARK 10000 145 CONSIDERED_RELEVANT b'd0df7181137c5a259f7917583bcb3965'
ACTION SNIPPET 10000 148 SNIPPET_RELEVANT b'22b4e4e8-cdea-11e2-8845-d970ccb04497'
ACTION DOC 10000 168 EXAMINING_DOCUMENT b'22b4e4e8-cdea-11e2-8845-d970ccb04497'
ACTION MARK 10000 171 CONSIDERED_RELEVANT b'22b4e4e8-cdea-11e2-8845-d970ccb04497'
ACTION SNIPPET 10000 174 SNIPPET_RELEVANT b'16aef5ae-1bad-11e5-bd7f-4611a60dd8e5'
ACTION DOC 10000 194 EXAMINING_DOCUMENT b'16aef5ae-1bad-11e5-bd7f-4611a60dd8e5'
ACTION MARK 10000 197 CONSIDERED_RELEVANT b'16aef5ae-1bad-11e5-bd7f-4611a60dd8e5'
ACTION SNIPPET 10000 200 SNIPPET_RELEVANT b'441f7dd3f158154c2796294a564387cc'
ACTION DOC 10000 220 EXAMINING_DOCUMENT b'441f7dd3f158154c2796294a564387cc'
ACTION MARK 10000 223 CONSIDERED_RELEVANT b'441f7dd3f158154c2796294a564387cc'
ACTION SNIPPET 10000 226 SNIPPET_RELEVANT b'c92872a900b7eae24eccac00d0d4852d'
ACTION DOC 10000 246 EXAMINING_DOCUMENT b'c92872a900b7eae24eccac00d0d4852d'
ACTION MARK 10000 249 CONSIDERED_RELEVANT b'c92872a900b7eae24eccac00d0d4852d'
ACTION SNIPPET 10000 252 SNIPPET_RELEVANT b'048bac7cb1a243976cb7e98fe95277fd'
ACTION DOC 10000 272 EXAMINING_DOCUMENT b'048bac7cb1a243976cb7e98fe95277fd'
ACTION MARK 10000 275 CONSIDERED_RELEVANT b'048bac7cb1a243976cb7e98fe95277fd'
INFO OUT_OF_QUERIES 
INFO SUMMARY 
INFO TOTAL_QUERIES_ISSUED 1
INFO TOTAL_SNIPPETS_EXAMINED 10
INFO TOTAL_DOCUMENTS_EXAMINED 10
INFO TOTAL_DOCUMENTS_MARKED_RELEVANT 10
INFO TOTAL_ATTRACTIVE_SERP_IMPRESSIONS 1
INFO TOTAL_UNATTRACTIVE_SERP_IMPRESSIONS 0
