ACTION QUERY 10000 10 bezos purchases washington post
ACTION SERP 10000 15 EXAMINE_SERP
ACTION SNIPPET 10000 18 SNIPPET_RELEVANT b'968a2bc4-fe1b-11e2-9711-3708310f6f4d'
ACTION DOC 10000 38 EXAMINING_DOCUMENT b'968a2bc4-fe1b-11e2-9711-3708310f6f4d'
ACTION MARK 10000 41 CONSIDERED_RELEVANT b'968a2bc4-fe1b-11e2-9711-3708310f6f4d'
ACTION SNIPPET 10000 44 SNIPPET_RELEVANT b'4ffcc9d4-7592-11e3-8def-a33011492df2'
ACTION DOC 10000 64 EXAMINING_DOCUMENT b'4ffcc9d4-7592-11e3-8def-a33011492df2'
ACTION MARK 10000 67 CONSIDERED_RELEVANT b'4ffcc9d4-7592-11e3-8def-a33011492df2'
ACTION SNIPPET 10000 70 SNIPPET_RELEVANT b'27164286-05e7-11e3-a07f-49ddc7417125'
ACTION DOC 10000 90 EXAMINING_DOCUMENT b'27164286-05e7-11e3-a07f-49ddc7417125'
ACTION MARK 10000 93 CONSIDERED_RELEVANT b'27164286-05e7-11e3-a07f-49ddc7417125'
ACTION SNIPPET 10000 96 SNIPPET_RELEVANT b'07bceee77bacba4dac3f26c5d237a942'
ACTION DOC 10000 116 EXAMINING_DOCUMENT b'07bceee77bacba4dac3f26c5d237a942'
ACTION MARK 10000 119 CONSIDERED_RELEVANT b'07bceee77bacba4dac3f26c5d237a942'
ACTION SNIPPET 10000 122 SNIPPET_RELEVANT b'1cc215c8-fea1-11e2-9711-3708310f6f4d'
ACTION DOC 10000 142 EXAMINING_DOCUMENT b'1cc215c8-fea1-11e2-9711-3708310f6f4d'
ACTION MARK 10000 145 CONSIDERED_RELEVANT b'1cc215c8-fea1-11e2-9711-3708310f6f4d'
ACTION SNIPPET 10000 148 SNIPPET_NOT_RELEVANT b'f0264c0d894791c479f9e9068a1d55ef'
ACTION SNIPPET 10000 151 SNIPPET_NOT_RELEVANT b'e38c550e8a0dd02a643757db3a8bd191'
ACTION SNIPPET 10000 154 SNIPPET_RELEVANT b'30c00b60-13f6-11e3-b182-1b3bb2eb474c'
ACTION DOC 10000 174 EXAMINING_DOCUMENT b'30c00b60-13f6-11e3-b182-1b3bb2eb474c'
ACTION MARK 10000 177 CONSIDERED_RELEVANT b'30c00b60-13f6-11e3-b182-1b3bb2eb474c'
ACTION SNIPPET 10000 180 SNIPPET_RELEVANT b'ac60365a36fdeb2a6da0e608b49c34bf'
ACTION DOC 10000 200 EXAMINING_DOCUMENT b'ac60365a36fdeb2a6da0e608b49c34bf'
ACTION MARK 10000 203 CONSIDERED_RELEVANT b'ac60365a36fdeb2a6da0e608b49c34bf'
ACTION SNIPPET 10000 206 SNIPPET_RELEVANT b'285dbb6f10f3d442d6eb624a1cc9584a'
ACTION DOC 10000 226 EXAMINING_DOCUMENT b'285dbb6f10f3d442d6eb624a1cc9584a'
ACTION MARK 10000 229 CONSIDERED_RELEVANT b'285dbb6f10f3d442d6eb624a1cc9584a'
INFO OUT_OF_QUERIES 
INFO SUMMARY 
INFO TOTAL_QUERIES_ISSUED 1
INFO TOTAL_SNIPPETS_EXAMINED 10
INFO TOTAL_DOCUMENTS_EXAMINED 8
INFO TOTAL_DOCUMENTS_MARKED_RELEVANT 8
INFO TOTAL_ATTRACTIVE_SERP_IMPRESSIONS 1
INFO TOTAL_UNATTRACTIVE_SERP_IMPRESSIONS 0
