ACTION QUERY 10000 10 ethanol and food prices
ACTION SERP 10000 15 EXAMINE_SERP
ACTION SNIPPET 10000 18 SNIPPET_RELEVANT b'2e0c4ffa3fb7089f43965bef7ee6d4d2'
ACTION DOC 10000 38 EXAMINING_DOCUMENT b'2e0c4ffa3fb7089f43965bef7ee6d4d2'
ACTION MARK 10000 41 CONSIDERED_RELEVANT b'2e0c4ffa3fb7089f43965bef7ee6d4d2'
ACTION SNIPPET 10000 44 SNIPPET_RELEVANT b'f0e54cf8-9e3d-11e3-b8d8-94577ff66b28'
ACTION DOC 10000 64 EXAMINING_DOCUMENT b'f0e54cf8-9e3d-11e3-b8d8-94577ff66b28'
ACTION MARK 10000 67 CONSIDERED_RELEVANT b'f0e54cf8-9e3d-11e3-b8d8-94577ff66b28'
ACTION SNIPPET 10000 70 SNIPPET_NOT_RELEVANT b'79fb5268-4e33-11e3-be6b-d3d28122e6d4'
ACTION SNIPPET 10000 73 SNIPPET_RELEVANT b'd9cbfdd3a4593477feee99eb4f3a28be'
ACTION DOC 10000 93 EXAMINING_DOCUMENT b'd9cbfdd3a4593477feee99eb4f3a28be'
ACTION MARK 10000 96 CONSIDERED_RELEVANT b'd9cbfdd3a4593477feee99eb4f3a28be'
ACTION SNIPPET 10000 99 SNIPPET_RELEVANT b'16211a12-dcc8-11e1-9974-5c975ae4810f'
ACTION DOC 10000 119 EXAMINING_DOCUMENT b'16211a12-dcc8-11e1-9974-5c975ae4810f'
ACTION MARK 10000 122 CONSIDERED_RELEVANT b'16211a12-dcc8-11e1-9974-5c975ae4810f'
ACTION SNIPPET 10000 125 SNIPPET_NOT_RELEVANT b'57ba383e-68cb-11e2-af53-7b2b2a7510a8'
ACTION SNIPPET 10000 128 SNIPPET_RELEVANT b'b95667f8-c0a0-11e1-9ce8-ff26651238d0'
ACTION DOC 10000 148 EXAMINING_DOCUMENT b'b95667f8-c0a0-11e1-9ce8-ff26651238d0'
ACTION MARK 10000 151 CONSIDERED_RELEVANT b'b95667f8-c0a0-11e1-9ce8-ff26651238d0'
ACTION SNIPPET 10000 154 SNIPPET_NOT_RELEVANT b'17346b08-08ef-11e3-8974-f97ab3b3c677'
ACTION SNIPPET 10000 157 SNIPPET_NOT_RELEVANT b'68556c16-970d-11e2-97cd-3d8c1afe4f0f'
ACTION SNIPPET 10000 160 SNIPPET_RELEVANT b'b4f28736-6beb-11e2-ada0-5ca5fa7ebe79'
ACTION DOC 10000 180 EXAMINING_DOCUMENT b'b4f28736-6beb-11e2-ada0-5ca5fa7ebe79'
ACTION MARK 10000 183 CONSIDERED_RELEVANT b'b4f28736-6beb-11e2-ada0-5ca5fa7ebe79'
INFO OUT_OF_QUERIES 
INFO SUMMARY 
INFO TOTAL_QUERIES_ISSUED 1
INFO TOTAL_SNIPPETS_EXAMINED 10
INFO TOTAL_DOCUMENTS_EXAMINED 6
INFO TOTAL_DOCUMENTS_MARKED_RELEVANT 6
INFO TOTAL_ATTRACTIVE_SERP_IMPRESSIONS 1
INFO TOTAL_UNATTRACTIVE_SERP_IMPRESSIONS 0
