ACTION QUERY 10000 10 eating invasive species
ACTION SERP 10000 15 EXAMINE_SERP
ACTION SNIPPET 10000 18 SNIPPET_RELEVANT b'e61cbb4c-e449-11e3-8f90-73e071f3d637'
ACTION DOC 10000 38 EXAMINING_DOCUMENT b'e61cbb4c-e449-11e3-8f90-73e071f3d637'
ACTION MARK 10000 41 CONSIDERED_RELEVANT b'e61cbb4c-e449-11e3-8f90-73e071f3d637'
ACTION SNIPPET 10000 44 SNIPPET_RELEVANT b'f64bb93aca991a17d9ec36b2e293187e'
ACTION DOC 10000 64 EXAMINING_DOCUMENT b'f64bb93aca991a17d9ec36b2e293187e'
ACTION MARK 10000 67 CONSIDERED_RELEVANT b'f64bb93aca991a17d9ec36b2e293187e'
ACTION SNIPPET 10000 70 SNIPPET_RELEVANT b'40459b20498a37a91caffbf2ea64fa1b'
ACTION DOC 10000 90 EXAMINING_DOCUMENT b'40459b20498a37a91caffbf2ea64fa1b'
ACTION MARK 10000 93 CONSIDERED_RELEVANT b'40459b20498a37a91caffbf2ea64fa1b'
ACTION SNIPPET 10000 96 SNIPPET_NOT_RELEVANT b'a098cc44-ff81-11e2-9711-3708310f6f4d'
ACTION SNIPPET 10000 99 SNIPPET_NOT_RELEVANT b'd3f8f80afc991385afc6eedaab8c248f'
ACTION SNIPPET 10000 102 SNIPPET_NOT_RELEVANT b'11e179b59bd93810df5c4c2239d6d5ab'
ACTION SNIPPET 10000 105 SNIPPET_NOT_RELEVANT b'ac0f0774-4e8d-11e6-aa14-e0c1087f7583'
ACTION SNIPPET 10000 108 SNIPPET_RELEVANT b'7e14226e-68e0-11e2-af53-7b2b2a7510a8'
ACTION DOC 10000 128 EXAMINING_DOCUMENT b'7e14226e-68e0-11e2-af53-7b2b2a7510a8'
ACTION MARK 10000 131 CONSIDERED_RELEVANT b'7e14226e-68e0-11e2-af53-7b2b2a7510a8'
ACTION SNIPPET 10000 134 SNIPPET_NOT_RELEVANT b'1c7fd425d31029ddc90865ff2511ee26'
ACTION SNIPPET 10000 137 SNIPPET_NOT_RELEVANT b'c085348a0953b5db7f6e1cacaab92352'
INFO OUT_OF_QUERIES 
INFO SUMMARY 
INFO TOTAL_QUERIES_ISSUED 1
INFO TOTAL_SNIPPETS_EXAMINED 10
INFO TOTAL_DOCUMENTS_EXAMINED 4
INFO TOTAL_DOCUMENTS_MARKED_RELEVANT 4
INFO TOTAL_ATTRACTIVE_SERP_IMPRESSIONS 1
INFO TOTAL_UNATTRACTIVE_SERP_IMPRESSIONS 0
