ACTION QUERY 10000 10 diabetes and toxic chemicals
ACTION SERP 10000 15 EXAMINE_SERP
ACTION SNIPPET 10000 18 SNIPPET_RELEVANT b'7473c01a-c314-11e6-9a51-cd56ea1c2bb7'
ACTION DOC 10000 38 EXAMINING_DOCUMENT b'7473c01a-c314-11e6-9a51-cd56ea1c2bb7'
ACTION MARK 10000 41 CONSIDERED_RELEVANT b'7473c01a-c314-11e6-9a51-cd56ea1c2bb7'
ACTION SNIPPET 10000 44 SNIPPET_NOT_RELEVANT b'7af2a91b3ccaf759032f37dc216eda65'
ACTION SNIPPET 10000 47 SNIPPET_NOT_RELEVANT b'd50334acefce6493fd795c711754d4f0'
ACTION SNIPPET 10000 50 SNIPPET_NOT_RELEVANT b'6aaa3c56c2cd0f0b4226e2cf60305c4f'
ACTION SNIPPET 10000 53 SNIPPET_NOT_RELEVANT b'0da5cd22-1d30-11e6-9c81-4be1c14fb8c8'
ACTION SNIPPET 10000 56 SNIPPET_NOT_RELEVANT b'58387c15cf925170d812460b14648798'
ACTION SNIPPET 10000 59 SNIPPET_NOT_RELEVANT b'd1674150-af34-11e1-b0f7-a490aa8cf787'
ACTION SNIPPET 10000 62 SNIPPET_NOT_RELEVANT b'f749af533c1d7b1b714dbdcafaf5582a'
ACTION SNIPPET 10000 65 SNIPPET_NOT_RELEVANT b'0ac8945a-37e2-11e1-8ffc-336017bccf38'
ACTION SNIPPET 10000 68 SNIPPET_NOT_RELEVANT b'b6062c0ff287b69d01a8cde072f12e08'
INFO OUT_OF_QUERIES 
INFO SUMMARY 
INFO TOTAL_QUERIES_ISSUED 1
INFO TOTAL_SNIPPETS_EXAMINED 10
INFO TOTAL_DOCUMENTS_EXAMINED 1
INFO TOTAL_DOCUMENTS_MARKED_RELEVANT 1
INFO TOTAL_ATTRACTIVE_SERP_IMPRESSIONS 1
INFO TOTAL_UNATTRACTIVE_SERP_IMPRESSIONS 0
