ACTION QUERY 10000 10 bacterial infection mortality rate
ACTION SERP 10000 15 EXAMINE_SERP
ACTION SNIPPET 10000 18 SNIPPET_NOT_RELEVANT b'949bd7be-d84a-11e2-9df4-895344c13c30'
ACTION SNIPPET 10000 21 SNIPPET_RELEVANT b'722b0c70-506a-11e3-9e2c-e1d01116fd98'
ACTION DOC 10000 41 EXAMINING_DOCUMENT b'722b0c70-506a-11e3-9e2c-e1d01116fd98'
ACTION MARK 10000 44 CONSIDERED_RELEVANT b'722b0c70-506a-11e3-9e2c-e1d01116fd98'
ACTION SNIPPET 10000 47 SNIPPET_RELEVANT b'9441879c-f34a-11e4-bcc4-e8141e5eb0c9'
ACTION DOC 10000 67 EXAMINING_DOCUMENT b'9441879c-f34a-11e4-bcc4-e8141e5eb0c9'
ACTION MARK 10000 70 CONSIDERED_RELEVANT b'9441879c-f34a-11e4-bcc4-e8141e5eb0c9'
ACTION SNIPPET 10000 73 SNIPPET_RELEVANT b'd111176675abca0f9603455507cddeec'
ACTION DOC 10000 93 EXAMINING_DOCUMENT b'd111176675abca0f9603455507cddeec'
ACTION MARK 10000 96 CONSIDERED_RELEVANT b'd111176675abca0f9603455507cddeec'
ACTION SNIPPET 10000 99 SNIPPET_RELEVANT b'3848653b3bf04c831371b159bfad0067'
ACTION DOC 10000 119 EXAMINING_DOCUMENT b'3848653b3bf04c831371b159bfad0067'
ACTION MARK 10000 122 CONSIDERED_RELEVANT b'3848653b3bf04c831371b159bfad0067'
ACTION SNIPPET 10000 125 SNIPPET_NOT_RELEVANT b'e743bdc2-a56e-11e4-a7c2-03d37af98440'
ACTION SNIPPET 10000 128 SNIPPET_NOT_RELEVANT b'd6b7bb205eb400a2b40a934c17a85be7'
ACTION SNIPPET 10000 131 SNIPPET_NOT_RELEVANT b'185c4748-c944-11e2-9245-773c0123c027'
ACTION SNIPPET 10000 134 SNIPPET_RELEVANT b'0cb439142ab18761bc81b6dfad90ae85'
ACTION DOC 10000 154 EXAMINING_DOCUMENT b'0cb439142ab18761bc81b6dfad90ae85'
ACTION MARK 10000 157 CONSIDERED_RELEVANT b'0cb439142ab18761bc81b6dfad90ae85'
ACTION SNIPPET 10000 160 SNIPPET_RELEVANT b'9ec71b218b1d05b867ad3a69d3c13009'
ACTION DOC 10000 180 EXAMINING_DOCUMENT b'9ec71b218b1d05b867ad3a69d3c13009'
ACTION MARK 10000 183 CONSIDERED_RELEVANT b'9ec71b218b1d05b867ad3a69d3c13009'
INFO OUT_OF_QUERIES 
INFO SUMMARY 
INFO TOTAL_QUERIES_ISSUED 1
INFO TOTAL_SNIPPETS_EXAMINED 10
INFO TOTAL_DOCUMENTS_EXAMINED 6
INFO TOTAL_DOCUMENTS_MARKED_RELEVANT 6
INFO TOTAL_ATTRACTIVE_SERP_IMPRESSIONS 1
INFO TOTAL_UNATTRACTIVE_SERP_IMPRESSIONS 0
