ACTION QUERY 10000 10 africa polio vaccination
ACTION SERP 10000 15 EXAMINE_SERP
ACTION SNIPPET 10000 18 SNIPPET_NOT_RELEVANT b'af98ec8e-f3d2-11e2-a2f1-a7acf9bd5d3a'
ACTION SNIPPET 10000 21 SNIPPET_NOT_RELEVANT b'29ce21d447826288e355432ea5096e87'
ACTION SNIPPET 10000 24 SNIPPET_NOT_RELEVANT b'84f0006a-5843-11e7-b38e-35fd8e0c288f'
ACTION SNIPPET 10000 27 SNIPPET_NOT_RELEVANT b'ec74de16-caf0-11e2-9f1a-1a7cdee20287'
ACTION SNIPPET 10000 30 SNIPPET_NOT_RELEVANT b'8b52fd18281fe8371cb37e209c2eee6e'
ACTION SNIPPET 10000 33 SNIPPET_NOT_RELEVANT b'ba18fd9c-412e-11e5-8e7d-9c033e6745d8'
ACTION SNIPPET 10000 36 SNIPPET_RELEVANT b'b0235f56-1cce-11e4-ae54-0cfe1f974f8a'
ACTION DOC 10000 56 EXAMINING_DOCUMENT b'b0235f56-1cce-11e4-ae54-0cfe1f974f8a'
ACTION MARK 10000 59 CONSIDERED_RELEVANT b'b0235f56-1cce-11e4-ae54-0cfe1f974f8a'
ACTION SNIPPET 10000 62 SNIPPET_NOT_RELEVANT b'3c1d507c-8515-11e3-9dd4-e7278db80d86'
ACTION SNIPPET 10000 65 SNIPPET_NOT_RELEVANT b'406c4f3e-df88-11e3-8dcc-d6b7fede081a'
ACTION SNIPPET 10000 68 SNIPPET_NOT_RELEVANT b'74358734-3c5d-11e1-9d6b-29434ee99d6a'
INFO OUT_OF_QUERIES 
INFO SUMMARY 
INFO TOTAL_QUERIES_ISSUED 1
INFO TOTAL_SNIPPETS_EXAMINED 10
INFO TOTAL_DOCUMENTS_EXAMINED 1
INFO TOTAL_DOCUMENTS_MARKED_RELEVANT 1
INFO TOTAL_ATTRACTIVE_SERP_IMPRESSIONS 1
INFO TOTAL_UNATTRACTIVE_SERP_IMPRESSIONS 0
