ACTION QUERY 10000 10 black bear attacks
ACTION SERP 10000 15 EXAMINE_SERP
ACTION SNIPPET 10000 18 SNIPPET_RELEVANT b'f4bb75ea4c8f198c30013cab9eab3be4'
ACTION DOC 10000 38 EXAMINING_DOCUMENT b'f4bb75ea4c8f198c30013cab9eab3be4'
ACTION MARK 10000 41 CONSIDERED_RELEVANT b'f4bb75ea4c8f198c30013cab9eab3be4'
ACTION SNIPPET 10000 44 SNIPPET_RELEVANT b'6ddf7abe-acb2-11e6-a31b-4b6397e625d0'
ACTION DOC 10000 64 EXAMINING_DOCUMENT b'6ddf7abe-acb2-11e6-a31b-4b6397e625d0'
ACTION MARK 10000 67 CONSIDERED_RELEVANT b'6ddf7abe-acb2-11e6-a31b-4b6397e625d0'
ACTION SNIPPET 10000 70 SNIPPET_NOT_RELEVANT b'620a4350527fb5f3793c4f7746835e98'
ACTION SNIPPET 10000 73 SNIPPET_NOT_RELEVANT b'5d53b7d54bd1e4a81ef939708c791b43'
ACTION SNIPPET 10000 76 SNIPPET_NOT_RELEVANT b'93deb5678f9b9b0a20ab22444d803864'
ACTION SNIPPET 10000 79 SNIPPET_NOT_RELEVANT b'e34bed0b3e3ab72031f6c46a704e0f29'
ACTION SNIPPET 10000 82 SNIPPET_RELEVANT b'c76234b5e9494958f0cae9bfd041e391'
ACTION DOC 10000 102 EXAMINING_DOCUMENT b'c76234b5e9494958f0cae9bfd041e391'
ACTION MARK 10000 105 CONSIDERED_RELEVANT b'c76234b5e9494958f0cae9bfd041e391'
ACTION SNIPPET 10000 108 SNIPPET_RELEVANT b'd6ed7028c686e5756ceb0aa0c9b62e0d'
ACTION DOC 10000 128 EXAMINING_DOCUMENT b'd6ed7028c686e5756ceb0aa0c9b62e0d'
ACTION MARK 10000 131 CONSIDERED_RELEVANT b'd6ed7028c686e5756ceb0aa0c9b62e0d'
ACTION SNIPPET 10000 134 SNIPPET_NOT_RELEVANT b'37bc8abbef6814b3a708dad8c521fd52'
ACTION SNIPPET 10000 137 SNIPPET_NOT_RELEVANT b'c59c6067a545689cc603590cf390c19e'
INFO OUT_OF_QUERIES 
INFO SUMMARY 
INFO TOTAL_QUERIES_ISSUED 1
INFO TOTAL_SNIPPETS_EXAMINED 10
INFO TOTAL_DOCUMENTS_EXAMINED 4
INFO TOTAL_DOCUMENTS_MARKED_RELEVANT 4
INFO TOTAL_ATTRACTIVE_SERP_IMPRESSIONS 1
INFO TOTAL_UNATTRACTIVE_SERP_IMPRESSIONS 0
