ACTION QUERY 10000 10 uv damage eyes
ACTION SERP 10000 15 EXAMINE_SERP
ACTION SNIPPET 10000 18 SNIPPET_NOT_RELEVANT b'49cf7196-4f9c-11e7-b064-828ba60fbb98'
ACTION SNIPPET 10000 21 SNIPPET_NOT_RELEVANT b'79787ccc-a287-11e4-b146-577832eafcb4'
ACTION SNIPPET 10000 24 SNIPPET_NOT_RELEVANT b'fa2de026-8467-11e3-bbe5-6a2a3141e3a9'
ACTION SNIPPET 10000 27 SNIPPET_NOT_RELEVANT b'47290fe41980f0f20583aea121999c6d'
ACTION SNIPPET 10000 30 SNIPPET_RELEVANT b'2e83ad87eb1bade22e6e96ece616c24f'
ACTION DOC 10000 50 EXAMINING_DOCUMENT b'2e83ad87eb1bade22e6e96ece616c24f'
ACTION MARK 10000 53 CONSIDERED_RELEVANT b'2e83ad87eb1bade22e6e96ece616c24f'
ACTION SNIPPET 10000 56 SNIPPET_NOT_RELEVANT b'bc761c02fb69ab0afb294652b658531d'
ACTION SNIPPET 10000 59 SNIPPET_NOT_RELEVANT b'62a06706-50d9-11e1-ad74-b5127cc09f9f'
ACTION SNIPPET 10000 62 SNIPPET_NOT_RELEVANT b'8c1a6bc2-92d3-11e1-b3f3-d2fbf8089c7e'
ACTION SNIPPET 10000 65 SNIPPET_NOT_RELEVANT b'e34d4f98-49ff-11e2-820e-17eefac2f939'
ACTION SNIPPET 10000 68 SNIPPET_NOT_RELEVANT b'4c4aea4c9b855ffc5f09108f4982950e'
INFO OUT_OF_QUERIES 
INFO SUMMARY 
INFO TOTAL_QUERIES_ISSUED 1
INFO TOTAL_SNIPPETS_EXAMINED 10
INFO TOTAL_DOCUMENTS_EXAMINED 1
INFO TOTAL_DOCUMENTS_MARKED_RELEVANT 1
INFO TOTAL_ATTRACTIVE_SERP_IMPRESSIONS 1
INFO TOTAL_UNATTRACTIVE_SERP_IMPRESSIONS 0
