ACTION QUERY 10000 10 jason rezaian released from iran
ACTION SERP 10000 15 EXAMINE_SERP
ACTION SNIPPET 10000 18 SNIPPET_NOT_RELEVANT b'24a861de-2b0e-11e5-a5ea-cf74396e59ec'
ACTION SNIPPET 10000 21 SNIPPET_RELEVANT b'b06f153dcaa4b0b5f00840c1d4ba6d6d'
ACTION DOC 10000 41 EXAMINING_DOCUMENT b'b06f153dcaa4b0b5f00840c1d4ba6d6d'
ACTION MARK 10000 44 CONSIDERED_RELEVANT b'b06f153dcaa4b0b5f00840c1d4ba6d6d'
ACTION SNIPPET 10000 47 SNIPPET_NOT_RELEVANT b'608ecece-1495-4468-89b2-2d327c439983'
ACTION SNIPPET 10000 50 SNIPPET_RELEVANT b'2428154a-5fb4-11e4-91f7-5d89b5e8c251'
ACTION DOC 10000 70 EXAMINING_DOCUMENT b'2428154a-5fb4-11e4-91f7-5d89b5e8c251'
ACTION MARK 10000 73 CONSIDERED_RELEVANT b'2428154a-5fb4-11e4-91f7-5d89b5e8c251'
ACTION SNIPPET 10000 76 SNIPPET_RELEVANT b'097cde8e-70f6-11e5-9cbb-790369643cf9'
ACTION DOC 10000 96 EXAMINING_DOCUMENT b'097cde8e-70f6-11e5-9cbb-790369643cf9'
ACTION MARK 10000 99 CONSIDERED_RELEVANT b'097cde8e-70f6-11e5-9cbb-790369643cf9'
ACTION SNIPPET 10000 102 SNIPPET_NOT_RELEVANT b'811bb46e-2cd7-11e5-bd33-395c05608059'
ACTION SNIPPET 10000 105 SNIPPET_RELEVANT b'1a189c6d-589a-4625-a8b1-1b8713ea4de7'
ACTION DOC 10000 125 EXAMINING_DOCUMENT b'1a189c6d-589a-4625-a8b1-1b8713ea4de7'
ACTION MARK 10000 128 CONSIDERED_RELEVANT b'1a189c6d-589a-4625-a8b1-1b8713ea4de7'
ACTION SNIPPET 10000 131 SNIPPET_NOT_RELEVANT b'f71282da068683dfe19bd325635814d4'
ACTION SNIPPET 10000 134 SNIPPET_NOT_RELEVANT b'2cd4f522-42b3-11e5-8ab4-c73967a143d3'
ACTION SNIPPET 10000 137 SNIPPET_RELEVANT b'14126822-7403-11e5-8d93-0af317ed58c9'
ACTION DOC 10000 157 EXAMINING_DOCUMENT b'14126822-7403-11e5-8d93-0af317ed58c9'
ACTION MARK 10000 160 CONSIDERED_RELEVANT b'14126822-7403-11e5-8d93-0af317ed58c9'
INFO OUT_OF_QUERIES 
INFO SUMMARY 
INFO TOTAL_QUERIES_ISSUED 1
INFO TOTAL_SNIPPETS_EXAMINED 10
INFO TOTAL_DOCUMENTS_EXAMINED 5
INFO TOTAL_DOCUMENTS_MARKED_RELEVANT 5
INFO TOTAL_ATTRACTIVE_SERP_IMPRESSIONS 1
INFO TOTAL_UNATTRACTIVE_SERP_IMPRESSIONS 0
