ACTION QUERY 10000 10 china one child impact
ACTION SERP 10000 15 EXAMINE_SERP
ACTION SNIPPET 10000 18 SNIPPET_RELEVANT b'8e4c7f1a0273b41b04885d44b4be30d4'
ACTION DOC 10000 38 EXAMINING_DOCUMENT b'8e4c7f1a0273b41b04885d44b4be30d4'
ACTION MARK 10000 41 CONSIDERED_RELEVANT b'8e4c7f1a0273b41b04885d44b4be30d4'
ACTION SNIPPET 10000 44 SNIPPET_RELEVANT b'e1336b8f-b0c2-4610-9a3c-ec85a546c9ad'
ACTION DOC 10000 64 EXAMINING_DOCUMENT b'e1336b8f-b0c2-4610-9a3c-ec85a546c9ad'
ACTION MARK 10000 67 CONSIDERED_RELEVANT b'e1336b8f-b0c2-4610-9a3c-ec85a546c9ad'
ACTION SNIPPET 10000 70 SNIPPET_RELEVANT b'ad64af1c-4def-11e3-be6b-d3d28122e6d4'
ACTION DOC 10000 90 EXAMINING_DOCUMENT b'ad64af1c-4def-11e3-be6b-d3d28122e6d4'
ACTION MARK 10000 93 CONSIDERED_RELEVANT b'ad64af1c-4def-11e3-be6b-d3d28122e6d4'
ACTION SNIPPET 10000 96 SNIPPET_RELEVANT b'bdfeff1e-9d7e-11e4-86a3-1b56f64925f6'
ACTION DOC 10000 116 EXAMINING_DOCUMENT b'bdfeff1e-9d7e-11e4-86a3-1b56f64925f6'
ACTION MARK 10000 119 CONSIDERED_RELEVANT b'bdfeff1e-9d7e-11e4-86a3-1b56f64925f6'
ACTION SNIPPET 10000 122 SNIPPET_RELEVANT b'f5a6db22-5215-11e3-9ee6-2580086d8254'
ACTION DOC 10000 142 EXAMINING_DOCUMENT b'f5a6db22-5215-11e3-9ee6-2580086d8254'
ACTION MARK 10000 145 CONSIDERED_RELEVANT b'f5a6db22-5215-11e3-9ee6-2580086d8254'
ACTION SNIPPET 10000 148 SNIPPET_RELEVANT b'6bd28e0c-7e7b-11e5-bfb6-65300a5ff562'
ACTION DOC 10000 168 EXAMINING_DOCUMENT b'6bd28e0c-7e7b-11e5-bfb6-65300a5ff562'
ACTION MARK 10000 171 CONSIDERED_RELEVANT b'6bd28e0c-7e7b-11e5-bfb6-65300a5ff562'
ACTION SNIPPET 10000 174 SNIPPET_RELEVANT b'f52d203c-51f4-11e3-9e2c-e1d01116fd98'
ACTION DOC 10000 194 EXAMINING_DOCUMENT b'f52d203c-51f4-11e3-9e2c-e1d01116fd98'
ACTION MARK 10000 197 CONSIDERED_RELEVANT b'f52d203c-51f4-11e3-9e2c-e1d01116fd98'
ACTION SNIPPET 10000 200 SNIPPET_RELEVANT b'207fc0e6-7e2b-11e5-beba-927fd8634498'
ACTION DOC 10000 220 EXAMINING_DOCUMENT b'207fc0e6-7e2b-11e5-beba-927fd8634498'
ACTION MARK 10000 223 CONSIDERED_RELEVANT b'207fc0e6-7e2b-11e5-beba-927fd8634498'
ACTION SNIPPET 10000 226 SNIPPET_RELEVANT b'f3d6cda7286160d69f4bdba95c1c133c'
ACTION DOC 10000 246 EXAMINING_DOCUMENT b'f3d6cda7286160d69f4bdba95c1c133c'
ACTION MARK 10000 249 CONSIDERED_RELEVANT b'f3d6cda7286160d69f4bdba95c1c133c'
ACTION SNIPPET 10000 252 SNIPPET_RELEVANT b'6c885b64-7f3f-11e5-b575-d8dcfedb4ea1'
ACTION DOC 10000 272 EXAMINING_DOCUMENT b'6c885b64-7f3f-11e5-b575-d8dcfedb4ea1'
ACTION MARK 10000 275 CONSIDERED_RELEVANT b'6c885b64-7f3f-11e5-b575-d8dcfedb4ea1'
INFO OUT_OF_QUERIES 
INFO SUMMARY 
INFO TOTAL_QUERIES_ISSUED 1
INFO TOTAL_SNIPPETS_EXAMINED 10
INFO TOTAL_DOCUMENTS_EXAMINED 10
INFO TOTAL_DOCUMENTS_MARKED_RELEVANT 10
INFO TOTAL_ATTRACTIVE_SERP_IMPRESSIONS 1
INFO TOTAL_UNATTRACTIVE_SERP_IMPRESSIONS 0
