ACTION QUERY 10000 10 Sony cyberattack
ACTION SERP 10000 15 EXAMINE_SERP
ACTION SNIPPET 10000 18 SNIPPET_RELEVANT b'6c3c7e3e-7b25-11e4-b821-503cc7efed9e'
ACTION DOC 10000 38 EXAMINING_DOCUMENT b'6c3c7e3e-7b25-11e4-b821-503cc7efed9e'
ACTION MARK 10000 41 CONSIDERED_RELEVANT b'6c3c7e3e-7b25-11e4-b821-503cc7efed9e'
ACTION SNIPPET 10000 44 SNIPPET_NOT_RELEVANT b'e062ae78-8ddb-11e4-ace9-47de1af4c3eb'
ACTION SNIPPET 10000 47 SNIPPET_NOT_RELEVANT b'911c5418-1bac-4307-9119-32adac212568'
ACTION SNIPPET 10000 50 SNIPPET_RELEVANT b'ce667980-969a-11e4-8005-1924ede3e54a'
ACTION DOC 10000 70 EXAMINING_DOCUMENT b'ce667980-969a-11e4-8005-1924ede3e54a'
ACTION MARK 10000 73 CONSIDERED_RELEVANT b'ce667980-969a-11e4-8005-1924ede3e54a'
ACTION SNIPPET 10000 76 SNIPPET_NOT_RELEVANT b'517fc5a939679c190f17951c47862573'
ACTION SNIPPET 10000 79 SNIPPET_RELEVANT b'891970d8-8878-11e4-9534-f79a23c40e6c'
ACTION DOC 10000 99 EXAMINING_DOCUMENT b'891970d8-8878-11e4-9534-f79a23c40e6c'
ACTION MARK 10000 102 CONSIDERED_RELEVANT b'891970d8-8878-11e4-9534-f79a23c40e6c'
ACTION SNIPPET 10000 105 SNIPPET_RELEVANT b'56dbef5d663082005716ca2cbadb0204'
ACTION DOC 10000 125 EXAMINING_DOCUMENT b'56dbef5d663082005716ca2cbadb0204'
ACTION MARK 10000 128 CONSIDERED_RELEVANT b'56dbef5d663082005716ca2cbadb0204'
ACTION SNIPPET 10000 131 SNIPPET_RELEVANT b'bcefea0516392741c33500e686de16c7'
ACTION DOC 10000 151 EXAMINING_DOCUMENT b'bcefea0516392741c33500e686de16c7'
ACTION SNIPPET 10000 154 SNIPPET_RELEVANT b'fc3aec60-8790-11e4-a702-fa31ff4ae98e'
ACTION DOC 10000 174 EXAMINING_DOCUMENT b'fc3aec60-8790-11e4-a702-fa31ff4ae98e'
ACTION MARK 10000 177 CONSIDERED_RELEVANT b'fc3aec60-8790-11e4-a702-fa31ff4ae98e'
ACTION SNIPPET 10000 180 SNIPPET_RELEVANT b'8329da9e-7a65-11e4-b821-503cc7efed9e'
ACTION DOC 10000 200 EXAMINING_DOCUMENT b'8329da9e-7a65-11e4-b821-503cc7efed9e'
ACTION MARK 10000 203 CONSIDERED_RELEVANT b'8329da9e-7a65-11e4-b821-503cc7efed9e'
ACTION QUERY 10000 213 What was the motive behind the Sony cyberattack?
ACTION SERP 10000 218 EXAMINE_SERP
ACTION SNIPPET 10000 221 SNIPPET_NOT_RELEVANT b'16118444aee0b5ac24110ee4f5aabd9c'
ACTION SNIPPET 10000 224 SNIPPET_RELEVANT b'bbf79e3fb1b2f37ed3b4782cbdb7cce9'
ACTION DOC 10000 244 EXAMINING_DOCUMENT b'bbf79e3fb1b2f37ed3b4782cbdb7cce9'
ACTION SNIPPET 10000 247 SNIPPET_NOT_RELEVANT b'1886d3e8-87a5-11e4-9534-f79a23c40e6c'
ACTION SNIPPET 10000 250 SNIPPET_NOT_RELEVANT b'af7acfc0-8ae3-11e4-9e8d-0c687bc18da4'
ACTION SNIPPET 10000 253 SNIPPET_NOT_RELEVANT b'e062ae78-8ddb-11e4-ace9-47de1af4c3eb'
ACTION SNIPPET 10000 256 SNIPPET_RELEVANT b'911c5418-1bac-4307-9119-32adac212568'
ACTION DOC 10000 276 EXAMINING_DOCUMENT b'911c5418-1bac-4307-9119-32adac212568'
ACTION SNIPPET 10000 279 SNIPPET_NOT_RELEVANT b'517fc5a939679c190f17951c47862573'
ACTION SNIPPET 10000 282 SEEN_PREVIOUSLY b'bcefea0516392741c33500e686de16c7'
ACTION SNIPPET 10000 285 SNIPPET_NOT_RELEVANT b'5fdbf64f910a3b852b6d9be46bacd47d'
ACTION SNIPPET 10000 288 SNIPPET_NOT_RELEVANT b'ffc37f8c-8885-11e4-9534-f79a23c40e6c'
ACTION QUERY 10000 298 Who was behind the Sony cyberattack?
ACTION SERP 10000 303 EXAMINE_SERP
ACTION SNIPPET 10000 306 SNIPPET_NOT_RELEVANT b'e062ae78-8ddb-11e4-ace9-47de1af4c3eb'
ACTION SNIPPET 10000 309 SEEN_PREVIOUSLY b'911c5418-1bac-4307-9119-32adac212568'
ACTION SNIPPET 10000 312 SNIPPET_NOT_RELEVANT b'517fc5a939679c190f17951c47862573'
ACTION SNIPPET 10000 315 SEEN_PREVIOUSLY b'bcefea0516392741c33500e686de16c7'
ACTION SNIPPET 10000 318 SNIPPET_NOT_RELEVANT b'1886d3e8-87a5-11e4-9534-f79a23c40e6c'
ACTION SNIPPET 10000 321 SNIPPET_RELEVANT b'5fdbf64f910a3b852b6d9be46bacd47d'
ACTION DOC 10000 341 EXAMINING_DOCUMENT b'5fdbf64f910a3b852b6d9be46bacd47d'
ACTION SNIPPET 10000 344 SNIPPET_NOT_RELEVANT b'16118444aee0b5ac24110ee4f5aabd9c'
ACTION SNIPPET 10000 347 SEEN_PREVIOUSLY b'bbf79e3fb1b2f37ed3b4782cbdb7cce9'
ACTION SNIPPET 10000 350 SNIPPET_RELEVANT b'9e84856e-8488-11e4-b9b7-b8632ae73d25'
ACTION DOC 10000 370 EXAMINING_DOCUMENT b'9e84856e-8488-11e4-b9b7-b8632ae73d25'
ACTION SNIPPET 10000 373 SNIPPET_RELEVANT b'd633dc4be6ffee111e6a3efaa0cb109f'
ACTION DOC 10000 393 EXAMINING_DOCUMENT b'd633dc4be6ffee111e6a3efaa0cb109f'
ACTION QUERY 10000 403 How did the Sony cyberattack impact the company's business operations?
ACTION SERP 10000 408 EXAMINE_SERP
ACTION SNIPPET 10000 411 SNIPPET_RELEVANT b'b57e6b70-acad-11e4-abe8-e1ef60ca26de'
ACTION DOC 10000 431 EXAMINING_DOCUMENT b'b57e6b70-acad-11e4-abe8-e1ef60ca26de'
ACTION SNIPPET 10000 434 SEEN_PREVIOUSLY b'bcefea0516392741c33500e686de16c7'
ACTION SNIPPET 10000 437 SNIPPET_NOT_RELEVANT b'af7acfc0-8ae3-11e4-9e8d-0c687bc18da4'
ACTION SNIPPET 10000 440 SEEN_PREVIOUSLY b'd633dc4be6ffee111e6a3efaa0cb109f'
ACTION SNIPPET 10000 443 SNIPPET_NOT_RELEVANT b'517fc5a939679c190f17951c47862573'
ACTION SNIPPET 10000 446 SNIPPET_NOT_RELEVANT b'16118444aee0b5ac24110ee4f5aabd9c'
ACTION SNIPPET 10000 449 SNIPPET_RELEVANT b'cd940836-7f18-11e4-81fd-8c4814dfa9d7'
ACTION DOC 10000 469 EXAMINING_DOCUMENT b'cd940836-7f18-11e4-81fd-8c4814dfa9d7'
ACTION MARK 10000 472 CONSIDERED_RELEVANT b'cd940836-7f18-11e4-81fd-8c4814dfa9d7'
ACTION SNIPPET 10000 475 SNIPPET_RELEVANT b'e816b44a-7cc2-11e4-9a27-6fdbc612bff8'
ACTION DOC 10000 495 EXAMINING_DOCUMENT b'e816b44a-7cc2-11e4-9a27-6fdbc612bff8'
ACTION MARK 10000 498 CONSIDERED_RELEVANT b'e816b44a-7cc2-11e4-9a27-6fdbc612bff8'
ACTION SNIPPET 10000 501 SEEN_PREVIOUSLY b'911c5418-1bac-4307-9119-32adac212568'
ACTION SNIPPET 10000 504 SNIPPET_NOT_RELEVANT b'e062ae78-8ddb-11e4-ace9-47de1af4c3eb'
ACTION QUERY 10000 514 What kind of data was stolen in the Sony cyberattack?
ACTION SERP 10000 519 EXAMINE_SERP
ACTION SNIPPET 10000 522 SNIPPET_NOT_RELEVANT b'da2d58ac-b4c5-11e5-9388-466021d971de'
ACTION SNIPPET 10000 525 SNIPPET_RELEVANT b'f9e19814918541f6be8acbe25285e593'
ACTION DOC 10000 545 EXAMINING_DOCUMENT b'f9e19814918541f6be8acbe25285e593'
ACTION SNIPPET 10000 548 SNIPPET_NOT_RELEVANT b'2c2943cc-69b5-11e3-a0b9-249bbb34602c'
ACTION SNIPPET 10000 551 SNIPPET_NOT_RELEVANT b'af7acfc0-8ae3-11e4-9e8d-0c687bc18da4'
ACTION SNIPPET 10000 554 SEEN_PREVIOUSLY b'911c5418-1bac-4307-9119-32adac212568'
ACTION SNIPPET 10000 557 SNIPPET_NOT_RELEVANT b'9615b5bf2610102aaea8d23068af73f8'
ACTION SNIPPET 10000 560 SNIPPET_RELEVANT b'dd1bdb2a-8608-11e4-9534-f79a23c40e6c'
ACTION DOC 10000 580 EXAMINING_DOCUMENT b'dd1bdb2a-8608-11e4-9534-f79a23c40e6c'
ACTION MARK 10000 583 CONSIDERED_RELEVANT b'dd1bdb2a-8608-11e4-9534-f79a23c40e6c'
ACTION SNIPPET 10000 586 SNIPPET_RELEVANT b'679185d4-9a63-11e4-96cc-e858eba91ced'
ACTION DOC 10000 606 EXAMINING_DOCUMENT b'679185d4-9a63-11e4-96cc-e858eba91ced'
ACTION MARK 10000 609 CONSIDERED_RELEVANT b'679185d4-9a63-11e4-96cc-e858eba91ced'
ACTION SNIPPET 10000 612 SNIPPET_NOT_RELEVANT b'abd6d4ab1e0c70bb8e78c4d2860b500a'
ACTION SNIPPET 10000 615 SNIPPET_RELEVANT b'de662b790f0f02d75aee7f0e26f96fae'
ACTION DOC 10000 635 EXAMINING_DOCUMENT b'de662b790f0f02d75aee7f0e26f96fae'
ACTION MARK 10000 638 CONSIDERED_RELEVANT b'de662b790f0f02d75aee7f0e26f96fae'
ACTION QUERY 10000 648 What measures did Sony take to prevent the cyberattack?
ACTION SERP 10000 653 EXAMINE_SERP
ACTION SNIPPET 10000 656 SNIPPET_NOT_RELEVANT b'ba585cb8-9c2d-11e4-96cc-e858eba91ced'
ACTION SNIPPET 10000 659 SNIPPET_RELEVANT b'af7acfc0-8ae3-11e4-9e8d-0c687bc18da4'
ACTION DOC 10000 679 EXAMINING_DOCUMENT b'af7acfc0-8ae3-11e4-9e8d-0c687bc18da4'
ACTION SNIPPET 10000 682 SNIPPET_RELEVANT b'3e5423ae-92af-11e4-a900-9960214d4cd7'
ACTION DOC 10000 702 EXAMINING_DOCUMENT b'3e5423ae-92af-11e4-a900-9960214d4cd7'
ACTION MARK 10000 705 CONSIDERED_RELEVANT b'3e5423ae-92af-11e4-a900-9960214d4cd7'
ACTION SNIPPET 10000 708 SNIPPET_NOT_RELEVANT b'e062ae78-8ddb-11e4-ace9-47de1af4c3eb'
ACTION SNIPPET 10000 711 SNIPPET_RELEVANT b'517fc5a939679c190f17951c47862573'
ACTION DOC 10000 731 EXAMINING_DOCUMENT b'517fc5a939679c190f17951c47862573'
ACTION SNIPPET 10000 734 SEEN_PREVIOUSLY b'911c5418-1bac-4307-9119-32adac212568'
ACTION SNIPPET 10000 737 SNIPPET_NOT_RELEVANT b'1886d3e8-87a5-11e4-9534-f79a23c40e6c'
ACTION SNIPPET 10000 740 SEEN_PREVIOUSLY b'bcefea0516392741c33500e686de16c7'
ACTION SNIPPET 10000 743 SEEN_PREVIOUSLY b'bbf79e3fb1b2f37ed3b4782cbdb7cce9'
ACTION SNIPPET 10000 746 SNIPPET_RELEVANT b'539c4a06-9a8f-11e4-bcfb-059ec7a93ddc'
ACTION DOC 10000 766 EXAMINING_DOCUMENT b'539c4a06-9a8f-11e4-bcfb-059ec7a93ddc'
ACTION QUERY 10000 776 How long did the cyberattack on Sony last?
ACTION SERP 10000 781 EXAMINE_SERP
ACTION SNIPPET 10000 784 SNIPPET_NOT_RELEVANT b'e062ae78-8ddb-11e4-ace9-47de1af4c3eb'
ACTION SNIPPET 10000 787 SEEN_PREVIOUSLY b'911c5418-1bac-4307-9119-32adac212568'
ACTION SNIPPET 10000 790 SEEN_PREVIOUSLY b'bcefea0516392741c33500e686de16c7'
ACTION SNIPPET 10000 793 SEEN_PREVIOUSLY b'd633dc4be6ffee111e6a3efaa0cb109f'
ACTION SNIPPET 10000 796 SEEN_PREVIOUSLY b'bbf79e3fb1b2f37ed3b4782cbdb7cce9'
ACTION SNIPPET 10000 799 SEEN_PREVIOUSLY b'517fc5a939679c190f17951c47862573'
ACTION SNIPPET 10000 802 SNIPPET_NOT_RELEVANT b'ffc37f8c-8885-11e4-9534-f79a23c40e6c'
ACTION SNIPPET 10000 805 SNIPPET_NOT_RELEVANT b'1886d3e8-87a5-11e4-9534-f79a23c40e6c'
ACTION SNIPPET 10000 808 SEEN_PREVIOUSLY b'5fdbf64f910a3b852b6d9be46bacd47d'
ACTION SNIPPET 10000 811 SNIPPET_RELEVANT b'16118444aee0b5ac24110ee4f5aabd9c'
ACTION DOC 10000 831 EXAMINING_DOCUMENT b'16118444aee0b5ac24110ee4f5aabd9c'
ACTION QUERY 10000 841 What vulnerability was exploited in the Sony cyberattack?
ACTION SERP 10000 846 EXAMINE_SERP
ACTION SNIPPET 10000 849 SNIPPET_RELEVANT b'1886d3e8-87a5-11e4-9534-f79a23c40e6c'
ACTION DOC 10000 869 EXAMINING_DOCUMENT b'1886d3e8-87a5-11e4-9534-f79a23c40e6c'
ACTION SNIPPET 10000 872 SNIPPET_NOT_RELEVANT b'ba585cb8-9c2d-11e4-96cc-e858eba91ced'
ACTION SNIPPET 10000 875 SNIPPET_NOT_RELEVANT b'ef605a46-7419-11e4-a589-1b102c2f81d0'
ACTION SNIPPET 10000 878 SNIPPET_NOT_RELEVANT b'222117a9e028a29ccb5ac43019781c0f'
ACTION SNIPPET 10000 881 SNIPPET_NOT_RELEVANT b'414a2cf701dc776d4bd076b06b953e43'
ACTION SNIPPET 10000 884 SNIPPET_NOT_RELEVANT b'70059198-c1d1-11e4-ad5c-3b8ce89f1b89'
ACTION SNIPPET 10000 887 SNIPPET_RELEVANT b'e062ae78-8ddb-11e4-ace9-47de1af4c3eb'
ACTION DOC 10000 907 EXAMINING_DOCUMENT b'e062ae78-8ddb-11e4-ace9-47de1af4c3eb'
ACTION SNIPPET 10000 910 SEEN_PREVIOUSLY b'911c5418-1bac-4307-9119-32adac212568'
ACTION SNIPPET 10000 913 SNIPPET_NOT_RELEVANT b'7d22c7dc-5b40-11e7-9fc6-c7ef4bc58d13'
ACTION SNIPPET 10000 916 SNIPPET_RELEVANT b'9615b5bf2610102aaea8d23068af73f8'
ACTION DOC 10000 936 EXAMINING_DOCUMENT b'9615b5bf2610102aaea8d23068af73f8'
ACTION QUERY 10000 946 How much damage did the Sony cyberattack cause financially?
ACTION SERP 10000 951 EXAMINE_SERP
ACTION SNIPPET 10000 954 SEEN_PREVIOUSLY b'bcefea0516392741c33500e686de16c7'
ACTION SNIPPET 10000 957 SEEN_PREVIOUSLY b'1886d3e8-87a5-11e4-9534-f79a23c40e6c'
ACTION SNIPPET 10000 960 SEEN_PREVIOUSLY b'b57e6b70-acad-11e4-abe8-e1ef60ca26de'
ACTION SNIPPET 10000 963 SEEN_PREVIOUSLY b'517fc5a939679c190f17951c47862573'
ACTION SNIPPET 10000 966 SEEN_PREVIOUSLY b'af7acfc0-8ae3-11e4-9e8d-0c687bc18da4'
ACTION SNIPPET 10000 969 SEEN_PREVIOUSLY b'e062ae78-8ddb-11e4-ace9-47de1af4c3eb'
ACTION SNIPPET 10000 972 SEEN_PREVIOUSLY b'911c5418-1bac-4307-9119-32adac212568'
ACTION SNIPPET 10000 975 SNIPPET_NOT_RELEVANT b'da2d58ac-b4c5-11e5-9388-466021d971de'
ACTION SNIPPET 10000 978 SNIPPET_RELEVANT b'6909e970-0d22-11e4-8341-b8072b1e7348'
ACTION DOC 10000 998 EXAMINING_DOCUMENT b'6909e970-0d22-11e4-8341-b8072b1e7348'
ACTION SNIPPET 10000 1001 SNIPPET_NOT_RELEVANT b'12a1eb67f5b03145efed48244a7c8b85'
ACTION QUERY 10000 1011 Did the Sony cyberattack have any lasting effects?
ACTION SERP 10000 1016 EXAMINE_SERP
ACTION SNIPPET 10000 1019 SEEN_PREVIOUSLY b'e062ae78-8ddb-11e4-ace9-47de1af4c3eb'
ACTION SNIPPET 10000 1022 SEEN_PREVIOUSLY b'911c5418-1bac-4307-9119-32adac212568'
ACTION SNIPPET 10000 1025 SEEN_PREVIOUSLY b'bcefea0516392741c33500e686de16c7'
ACTION SNIPPET 10000 1028 SNIPPET_NOT_RELEVANT b'ba585cb8-9c2d-11e4-96cc-e858eba91ced'
ACTION SNIPPET 10000 1031 SEEN_PREVIOUSLY b'517fc5a939679c190f17951c47862573'
ACTION SNIPPET 10000 1034 SNIPPET_NOT_RELEVANT b'ffc37f8c-8885-11e4-9534-f79a23c40e6c'
ACTION SNIPPET 10000 1037 SEEN_PREVIOUSLY b'd633dc4be6ffee111e6a3efaa0cb109f'
ACTION SNIPPET 10000 1040 SEEN_PREVIOUSLY b'1886d3e8-87a5-11e4-9534-f79a23c40e6c'
ACTION SNIPPET 10000 1043 SNIPPET_NOT_RELEVANT b'01eb8324-86ea-11e4-b9b7-b8632ae73d25'
ACTION SNIPPET 10000 1046 SEEN_PREVIOUSLY b'5fdbf64f910a3b852b6d9be46bacd47d'
ACTION QUERY 10000 1056 How did Sony respond to the cyberattack?
ACTION SERP 10000 1061 EXAMINE_SERP
ACTION SNIPPET 10000 1064 SEEN_PREVIOUSLY b'e062ae78-8ddb-11e4-ace9-47de1af4c3eb'
ACTION SNIPPET 10000 1067 SNIPPET_NOT_RELEVANT b'da2d58ac-b4c5-11e5-9388-466021d971de'
ACTION SNIPPET 10000 1070 SEEN_PREVIOUSLY b'911c5418-1bac-4307-9119-32adac212568'
ACTION SNIPPET 10000 1073 SEEN_PREVIOUSLY b'd633dc4be6ffee111e6a3efaa0cb109f'
ACTION SNIPPET 10000 1076 SNIPPET_NOT_RELEVANT b'222117a9e028a29ccb5ac43019781c0f'
ACTION SNIPPET 10000 1079 SNIPPET_NOT_RELEVANT b'59d8142f4d6ed22a6cabc6533ce711fc'
ACTION SNIPPET 10000 1082 SNIPPET_NOT_RELEVANT b'37f88c67d0bd74f8b4692892dd390ea2'
ACTION SNIPPET 10000 1085 SNIPPET_RELEVANT b'12a1eb67f5b03145efed48244a7c8b85'
ACTION DOC 10000 1105 EXAMINING_DOCUMENT b'12a1eb67f5b03145efed48244a7c8b85'
ACTION SNIPPET 10000 1108 SEEN_PREVIOUSLY b'517fc5a939679c190f17951c47862573'
ACTION SNIPPET 10000 1111 SEEN_PREVIOUSLY b'bcefea0516392741c33500e686de16c7'
ACTION QUERY 10000 1121 Were any individuals or groups held accountable for the Sony cyberattack?
ACTION SERP 10000 1126 EXAMINE_SERP
ACTION SNIPPET 10000 1129 SNIPPET_RELEVANT b'233ce850-86eb-11e4-9534-f79a23c40e6c'
ACTION DOC 10000 1149 EXAMINING_DOCUMENT b'233ce850-86eb-11e4-9534-f79a23c40e6c'
ACTION MARK 10000 1152 CONSIDERED_RELEVANT b'233ce850-86eb-11e4-9534-f79a23c40e6c'
ACTION SNIPPET 10000 1155 SEEN_PREVIOUSLY b'911c5418-1bac-4307-9119-32adac212568'
ACTION SNIPPET 10000 1158 SEEN_PREVIOUSLY b'517fc5a939679c190f17951c47862573'
ACTION SNIPPET 10000 1161 SEEN_PREVIOUSLY b'd633dc4be6ffee111e6a3efaa0cb109f'
ACTION SNIPPET 10000 1164 SEEN_PREVIOUSLY b'e062ae78-8ddb-11e4-ace9-47de1af4c3eb'
ACTION SNIPPET 10000 1167 SNIPPET_RELEVANT b'01eb8324-86ea-11e4-b9b7-b8632ae73d25'
ACTION DOC 10000 1187 EXAMINING_DOCUMENT b'01eb8324-86ea-11e4-b9b7-b8632ae73d25'
ACTION SNIPPET 10000 1190 SEEN_PREVIOUSLY b'16118444aee0b5ac24110ee4f5aabd9c'
ACTION SNIPPET 10000 1193 SEEN_PREVIOUSLY b'1886d3e8-87a5-11e4-9534-f79a23c40e6c'
ACTION SNIPPET 10000 1196 SEEN_PREVIOUSLY b'bcefea0516392741c33500e686de16c7'
ACTION SNIPPET 10000 1199 SNIPPET_RELEVANT b'e7f7f8cb1cf8aeda9a8de32554292348'
ACTION DOC 10000 1219 EXAMINING_DOCUMENT b'e7f7f8cb1cf8aeda9a8de32554292348'
ACTION MARK 10000 1222 CONSIDERED_RELEVANT b'e7f7f8cb1cf8aeda9a8de32554292348'
ACTION QUERY 10000 1232 What could other companies learn from Sony's cyberattack experience?
ACTION SERP 10000 1237 EXAMINE_SERP
ACTION SNIPPET 10000 1240 SEEN_PREVIOUSLY b'af7acfc0-8ae3-11e4-9e8d-0c687bc18da4'
ACTION SNIPPET 10000 1243 SEEN_PREVIOUSLY b'd633dc4be6ffee111e6a3efaa0cb109f'
ACTION SNIPPET 10000 1246 SEEN_PREVIOUSLY b'bcefea0516392741c33500e686de16c7'
ACTION SNIPPET 10000 1249 SEEN_PREVIOUSLY b'911c5418-1bac-4307-9119-32adac212568'
ACTION SNIPPET 10000 1252 SEEN_PREVIOUSLY b'517fc5a939679c190f17951c47862573'
ACTION SNIPPET 10000 1255 SNIPPET_RELEVANT b'ffc37f8c-8885-11e4-9534-f79a23c40e6c'
ACTION DOC 10000 1275 EXAMINING_DOCUMENT b'ffc37f8c-8885-11e4-9534-f79a23c40e6c'
ACTION SNIPPET 10000 1278 SEEN_PREVIOUSLY b'b57e6b70-acad-11e4-abe8-e1ef60ca26de'
ACTION SNIPPET 10000 1281 SEEN_PREVIOUSLY b'16118444aee0b5ac24110ee4f5aabd9c'
ACTION SNIPPET 10000 1284 SEEN_PREVIOUSLY b'e062ae78-8ddb-11e4-ace9-47de1af4c3eb'
ACTION SNIPPET 10000 1287 SNIPPET_NOT_RELEVANT b'59d8142f4d6ed22a6cabc6533ce711fc'
ACTION QUERY 10000 1297 Did the Sony cyberattack reveal any weaknesses in the company's cybersecurity practices?
ACTION SERP 10000 1302 EXAMINE_SERP
ACTION SNIPPET 10000 1305 SNIPPET_RELEVANT b'25d678e2-51ce-11e1-8973-35d66bdb2cb8'
ACTION DOC 10000 1325 EXAMINING_DOCUMENT b'25d678e2-51ce-11e1-8973-35d66bdb2cb8'
ACTION SNIPPET 10000 1328 SEEN_PREVIOUSLY b'bcefea0516392741c33500e686de16c7'
ACTION SNIPPET 10000 1331 SEEN_PREVIOUSLY b'ffc37f8c-8885-11e4-9534-f79a23c40e6c'
ACTION SNIPPET 10000 1334 SEEN_PREVIOUSLY b'911c5418-1bac-4307-9119-32adac212568'
ACTION SNIPPET 10000 1337 SEEN_PREVIOUSLY b'b57e6b70-acad-11e4-abe8-e1ef60ca26de'
ACTION SNIPPET 10000 1340 SNIPPET_NOT_RELEVANT b'ba585cb8-9c2d-11e4-96cc-e858eba91ced'
ACTION SNIPPET 10000 1343 SNIPPET_RELEVANT b'e9dc897ecd95f2c829186c19003b674f'
ACTION DOC 10000 1363 EXAMINING_DOCUMENT b'e9dc897ecd95f2c829186c19003b674f'
ACTION SNIPPET 10000 1366 SNIPPET_NOT_RELEVANT b'1d9972469d0ec0306cf1895eeab8b841'
ACTION SNIPPET 10000 1369 SNIPPET_NOT_RELEVANT b'393529be-4db6-11e5-84df-923b3ef1a64b'
ACTION SNIPPET 10000 1372 SEEN_PREVIOUSLY b'1886d3e8-87a5-11e4-9534-f79a23c40e6c'
ACTION QUERY 10000 1382 Was the Sony cyberattack an inside job?
ACTION SERP 10000 1387 EXAMINE_SERP
ACTION SNIPPET 10000 1390 SEEN_PREVIOUSLY b'e062ae78-8ddb-11e4-ace9-47de1af4c3eb'
ACTION SNIPPET 10000 1393 SEEN_PREVIOUSLY b'd633dc4be6ffee111e6a3efaa0cb109f'
ACTION SNIPPET 10000 1396 SEEN_PREVIOUSLY b'911c5418-1bac-4307-9119-32adac212568'
ACTION SNIPPET 10000 1399 SEEN_PREVIOUSLY b'517fc5a939679c190f17951c47862573'
ACTION SNIPPET 10000 1402 SEEN_PREVIOUSLY b'bcefea0516392741c33500e686de16c7'
ACTION SNIPPET 10000 1405 SEEN_PREVIOUSLY b'1886d3e8-87a5-11e4-9534-f79a23c40e6c'
ACTION SNIPPET 10000 1408 SEEN_PREVIOUSLY b'5fdbf64f910a3b852b6d9be46bacd47d'
ACTION SNIPPET 10000 1411 SEEN_PREVIOUSLY b'ffc37f8c-8885-11e4-9534-f79a23c40e6c'
ACTION SNIPPET 10000 1414 SEEN_PREVIOUSLY b'bbf79e3fb1b2f37ed3b4782cbdb7cce9'
ACTION SNIPPET 10000 1417 SNIPPET_RELEVANT b'37f88c67d0bd74f8b4692892dd390ea2'
ACTION DOC 10000 1437 EXAMINING_DOCUMENT b'37f88c67d0bd74f8b4692892dd390ea2'
INFO OUT_OF_QUERIES 
INFO SUMMARY 
INFO TOTAL_QUERIES_ISSUED 15
INFO TOTAL_SNIPPETS_EXAMINED 150
INFO TOTAL_DOCUMENTS_EXAMINED 36
INFO TOTAL_DOCUMENTS_MARKED_RELEVANT 14
INFO TOTAL_ATTRACTIVE_SERP_IMPRESSIONS 15
INFO TOTAL_UNATTRACTIVE_SERP_IMPRESSIONS 0
