ACTION QUERY 10000 10 ethanol and food prices
ACTION SERP 10000 15 EXAMINE_SERP
ACTION SNIPPET 10000 18 SNIPPET_RELEVANT b'2e0c4ffa3fb7089f43965bef7ee6d4d2'
ACTION DOC 10000 38 EXAMINING_DOCUMENT b'2e0c4ffa3fb7089f43965bef7ee6d4d2'
ACTION MARK 10000 41 CONSIDERED_RELEVANT b'2e0c4ffa3fb7089f43965bef7ee6d4d2'
ACTION SNIPPET 10000 44 SNIPPET_RELEVANT b'16211a12-dcc8-11e1-9974-5c975ae4810f'
ACTION DOC 10000 64 EXAMINING_DOCUMENT b'16211a12-dcc8-11e1-9974-5c975ae4810f'
ACTION MARK 10000 67 CONSIDERED_RELEVANT b'16211a12-dcc8-11e1-9974-5c975ae4810f'
ACTION SNIPPET 10000 70 SNIPPET_RELEVANT b'b4f28736-6beb-11e2-ada0-5ca5fa7ebe79'
ACTION DOC 10000 90 EXAMINING_DOCUMENT b'b4f28736-6beb-11e2-ada0-5ca5fa7ebe79'
ACTION MARK 10000 93 CONSIDERED_RELEVANT b'b4f28736-6beb-11e2-ada0-5ca5fa7ebe79'
ACTION SNIPPET 10000 96 SNIPPET_RELEVANT b'68556c16-970d-11e2-97cd-3d8c1afe4f0f'
ACTION DOC 10000 116 EXAMINING_DOCUMENT b'68556c16-970d-11e2-97cd-3d8c1afe4f0f'
ACTION SNIPPET 10000 119 SNIPPET_NOT_RELEVANT b'57ba383e-68cb-11e2-af53-7b2b2a7510a8'
ACTION SNIPPET 10000 122 SNIPPET_RELEVANT b'a1c41a70-35c7-11e3-8a0e-4e2cf80831fc'
ACTION DOC 10000 142 EXAMINING_DOCUMENT b'a1c41a70-35c7-11e3-8a0e-4e2cf80831fc'
ACTION MARK 10000 145 CONSIDERED_RELEVANT b'a1c41a70-35c7-11e3-8a0e-4e2cf80831fc'
ACTION SNIPPET 10000 148 SNIPPET_RELEVANT b'f0e54cf8-9e3d-11e3-b8d8-94577ff66b28'
ACTION DOC 10000 168 EXAMINING_DOCUMENT b'f0e54cf8-9e3d-11e3-b8d8-94577ff66b28'
ACTION MARK 10000 171 CONSIDERED_RELEVANT b'f0e54cf8-9e3d-11e3-b8d8-94577ff66b28'
ACTION SNIPPET 10000 174 SNIPPET_RELEVANT b'929f53c6-4d7c-11e3-9890-a1e0997fb0c0'
ACTION DOC 10000 194 EXAMINING_DOCUMENT b'929f53c6-4d7c-11e3-9890-a1e0997fb0c0'
ACTION MARK 10000 197 CONSIDERED_RELEVANT b'929f53c6-4d7c-11e3-9890-a1e0997fb0c0'
ACTION SNIPPET 10000 200 SNIPPET_RELEVANT b'd9cbfdd3a4593477feee99eb4f3a28be'
ACTION DOC 10000 220 EXAMINING_DOCUMENT b'd9cbfdd3a4593477feee99eb4f3a28be'
ACTION MARK 10000 223 CONSIDERED_RELEVANT b'd9cbfdd3a4593477feee99eb4f3a28be'
ACTION SNIPPET 10000 226 SNIPPET_NOT_RELEVANT b'17346b08-08ef-11e3-8974-f97ab3b3c677'
ACTION QUERY 10000 236 How does ethanol production affect food prices?
ACTION SERP 10000 241 EXAMINE_SERP
ACTION SNIPPET 10000 244 SNIPPET_NOT_RELEVANT b'57ba383e-68cb-11e2-af53-7b2b2a7510a8'
ACTION SNIPPET 10000 247 SNIPPET_RELEVANT b'0bb21f72-e17d-11e1-89f7-76e23a982d06'
ACTION DOC 10000 267 EXAMINING_DOCUMENT b'0bb21f72-e17d-11e1-89f7-76e23a982d06'
ACTION SNIPPET 10000 270 SEEN_PREVIOUSLY b'68556c16-970d-11e2-97cd-3d8c1afe4f0f'
ACTION SNIPPET 10000 273 SNIPPET_RELEVANT b'b95667f8-c0a0-11e1-9ce8-ff26651238d0'
ACTION DOC 10000 293 EXAMINING_DOCUMENT b'b95667f8-c0a0-11e1-9ce8-ff26651238d0'
ACTION MARK 10000 296 CONSIDERED_RELEVANT b'b95667f8-c0a0-11e1-9ce8-ff26651238d0'
ACTION SNIPPET 10000 299 SNIPPET_NOT_RELEVANT b'17346b08-08ef-11e3-8974-f97ab3b3c677'
ACTION SNIPPET 10000 302 SNIPPET_RELEVANT b'191b7e5a-cf90-11e1-aa14-708bac2c7ee9'
ACTION DOC 10000 322 EXAMINING_DOCUMENT b'191b7e5a-cf90-11e1-aa14-708bac2c7ee9'
ACTION MARK 10000 325 CONSIDERED_RELEVANT b'191b7e5a-cf90-11e1-aa14-708bac2c7ee9'
ACTION SNIPPET 10000 328 SNIPPET_RELEVANT b'79fb5268-4e33-11e3-be6b-d3d28122e6d4'
ACTION DOC 10000 348 EXAMINING_DOCUMENT b'79fb5268-4e33-11e3-be6b-d3d28122e6d4'
ACTION SNIPPET 10000 351 SNIPPET_NOT_RELEVANT b'1786dc40-17d6-11e2-8792-cf5305eddf60'
ACTION SNIPPET 10000 354 SNIPPET_NOT_RELEVANT b'374f83e4138c5fc75cb79c7ce4f85ebb'
ACTION SNIPPET 10000 357 SNIPPET_NOT_RELEVANT b'ea0a354c0fe848ef723ea31724ab32b2'
ACTION QUERY 10000 367 Is there a correlation between ethanol production and food prices?
ACTION SERP 10000 372 EXAMINE_SERP
ACTION SNIPPET 10000 375 SNIPPET_NOT_RELEVANT b'b25b0d2c-466a-11e3-a196-3544a03c2351'
ACTION SNIPPET 10000 378 SNIPPET_NOT_RELEVANT b'b97c78a4-331e-11e1-825f-dabc29fd7071'
ACTION SNIPPET 10000 381 SNIPPET_NOT_RELEVANT b'1786dc40-17d6-11e2-8792-cf5305eddf60'
ACTION SNIPPET 10000 384 SNIPPET_RELEVANT b'd7642a3c-9434-11e3-84e1-27626c5ef5fb'
ACTION DOC 10000 404 EXAMINING_DOCUMENT b'd7642a3c-9434-11e3-84e1-27626c5ef5fb'
ACTION SNIPPET 10000 407 SNIPPET_RELEVANT b'1ab97988-6fb4-11e1-84cd-cdea56dd877a'
ACTION DOC 10000 427 EXAMINING_DOCUMENT b'1ab97988-6fb4-11e1-84cd-cdea56dd877a'
ACTION MARK 10000 430 CONSIDERED_RELEVANT b'1ab97988-6fb4-11e1-84cd-cdea56dd877a'
ACTION SNIPPET 10000 433 SNIPPET_RELEVANT b'7a398476-e02e-11e1-8fc5-a7dcf1fc161d'
ACTION DOC 10000 453 EXAMINING_DOCUMENT b'7a398476-e02e-11e1-8fc5-a7dcf1fc161d'
ACTION SNIPPET 10000 456 SNIPPET_RELEVANT b'6a4af4f3b960b05637205bcfb9df19b0'
ACTION DOC 10000 476 EXAMINING_DOCUMENT b'6a4af4f3b960b05637205bcfb9df19b0'
ACTION SNIPPET 10000 479 SNIPPET_RELEVANT b'356efc3c64c58e36abb71a997aafb564'
ACTION DOC 10000 499 EXAMINING_DOCUMENT b'356efc3c64c58e36abb71a997aafb564'
ACTION SNIPPET 10000 502 SNIPPET_NOT_RELEVANT b'b3c024f5c3d2c06e5c3148114631beb1'
ACTION SNIPPET 10000 505 SNIPPET_NOT_RELEVANT b'57ba383e-68cb-11e2-af53-7b2b2a7510a8'
ACTION QUERY 10000 515 What is the impact of corn ethanol on food prices?
ACTION SERP 10000 520 EXAMINE_SERP
ACTION SNIPPET 10000 523 SNIPPET_NOT_RELEVANT b'7f843d0c-8b34-11e2-9b1a-deb258a24f2d'
ACTION SNIPPET 10000 526 SNIPPET_RELEVANT b'b25b0d2c-466a-11e3-a196-3544a03c2351'
ACTION DOC 10000 546 EXAMINING_DOCUMENT b'b25b0d2c-466a-11e3-a196-3544a03c2351'
ACTION SNIPPET 10000 549 SNIPPET_RELEVANT b'0c265b68-dca9-11e1-af1d-753c613ff6d8'
ACTION DOC 10000 569 EXAMINING_DOCUMENT b'0c265b68-dca9-11e1-af1d-753c613ff6d8'
ACTION MARK 10000 572 CONSIDERED_RELEVANT b'0c265b68-dca9-11e1-af1d-753c613ff6d8'
ACTION SNIPPET 10000 575 SNIPPET_NOT_RELEVANT b'b97c78a4-331e-11e1-825f-dabc29fd7071'
ACTION SNIPPET 10000 578 SEEN_PREVIOUSLY b'0bb21f72-e17d-11e1-89f7-76e23a982d06'
ACTION SNIPPET 10000 581 SNIPPET_NOT_RELEVANT b'a90edbd8-b72a-11e2-92f3-f291801936b8'
ACTION SNIPPET 10000 584 SNIPPET_RELEVANT b'9c1770f3bd9f4f3b1ab9dc042618e7b9'
ACTION DOC 10000 604 EXAMINING_DOCUMENT b'9c1770f3bd9f4f3b1ab9dc042618e7b9'
ACTION SNIPPET 10000 607 SNIPPET_NOT_RELEVANT b'6e7944a64fdf309b637d93be0858b1ae'
ACTION SNIPPET 10000 610 SNIPPET_NOT_RELEVANT b'72a76c34-c973-11e3-93eb-6c0037dde2ad'
ACTION SNIPPET 10000 613 SNIPPET_NOT_RELEVANT b'6bd88116-d73c-11e1-b2d5-2419d227d8b0'
ACTION QUERY 10000 623 Is the use of corn for ethanol production driving up food prices?
ACTION SERP 10000 628 EXAMINE_SERP
ACTION SNIPPET 10000 631 SEEN_PREVIOUSLY b'7a398476-e02e-11e1-8fc5-a7dcf1fc161d'
ACTION SNIPPET 10000 634 SEEN_PREVIOUSLY b'b25b0d2c-466a-11e3-a196-3544a03c2351'
ACTION SNIPPET 10000 637 SNIPPET_NOT_RELEVANT b'd511594c-d768-11e1-b2d5-2419d227d8b0'
ACTION SNIPPET 10000 640 SNIPPET_RELEVANT b'62bd4ce4-61a5-11e2-a389-ee565c81c565'
ACTION DOC 10000 660 EXAMINING_DOCUMENT b'62bd4ce4-61a5-11e2-a389-ee565c81c565'
ACTION SNIPPET 10000 663 SNIPPET_NOT_RELEVANT b'57ba383e-68cb-11e2-af53-7b2b2a7510a8'
ACTION SNIPPET 10000 666 SNIPPET_NOT_RELEVANT b'8bfc186e-d6f8-11e3-8a78-8fe50322a72c'
ACTION SNIPPET 10000 669 SNIPPET_RELEVANT b'80d26f14f6aad919b3c824f75bd61ae7'
ACTION DOC 10000 689 EXAMINING_DOCUMENT b'80d26f14f6aad919b3c824f75bd61ae7'
ACTION MARK 10000 692 CONSIDERED_RELEVANT b'80d26f14f6aad919b3c824f75bd61ae7'
ACTION SNIPPET 10000 695 SNIPPET_RELEVANT b'a90edbd8-b72a-11e2-92f3-f291801936b8'
ACTION DOC 10000 715 EXAMINING_DOCUMENT b'a90edbd8-b72a-11e2-92f3-f291801936b8'
ACTION SNIPPET 10000 718 SNIPPET_NOT_RELEVANT b'cbaf6eec-1d1a-11e6-b6e0-c53b7ef63b45'
ACTION SNIPPET 10000 721 SNIPPET_NOT_RELEVANT b'b97c78a4-331e-11e1-825f-dabc29fd7071'
ACTION QUERY 10000 731 How does ethanol production impact the cost of meat?
ACTION SERP 10000 736 EXAMINE_SERP
ACTION SNIPPET 10000 739 SNIPPET_RELEVANT b'd511594c-d768-11e1-b2d5-2419d227d8b0'
ACTION DOC 10000 759 EXAMINING_DOCUMENT b'd511594c-d768-11e1-b2d5-2419d227d8b0'
ACTION SNIPPET 10000 762 SEEN_PREVIOUSLY b'7a398476-e02e-11e1-8fc5-a7dcf1fc161d'
ACTION SNIPPET 10000 765 SNIPPET_NOT_RELEVANT b'a66113d2-5c45-11e2-88d0-c4cf65c3ad15'
ACTION SNIPPET 10000 768 SEEN_PREVIOUSLY b'0bb21f72-e17d-11e1-89f7-76e23a982d06'
ACTION SNIPPET 10000 771 SEEN_PREVIOUSLY b'b25b0d2c-466a-11e3-a196-3544a03c2351'
ACTION SNIPPET 10000 774 SNIPPET_RELEVANT b'3f1c8e0e-2ce3-11e2-89d4-040c9330702a'
ACTION DOC 10000 794 EXAMINING_DOCUMENT b'3f1c8e0e-2ce3-11e2-89d4-040c9330702a'
ACTION SNIPPET 10000 797 SNIPPET_NOT_RELEVANT b'57ba383e-68cb-11e2-af53-7b2b2a7510a8'
ACTION SNIPPET 10000 800 SNIPPET_NOT_RELEVANT b'556ec397472007e828dbeee24563a72d'
ACTION SNIPPET 10000 803 SNIPPET_NOT_RELEVANT b'4c2ada66-09dc-11e3-89fe-abb4a5067014'
ACTION SNIPPET 10000 806 SNIPPET_RELEVANT b'e79e76c2-a6dd-11e2-8302-3c7e0ea97057'
ACTION DOC 10000 826 EXAMINING_DOCUMENT b'e79e76c2-a6dd-11e2-8302-3c7e0ea97057'
ACTION QUERY 10000 836 Are food prices affected by the use of ethanol in gasoline?
ACTION SERP 10000 841 EXAMINE_SERP
ACTION SNIPPET 10000 844 SEEN_PREVIOUSLY b'62bd4ce4-61a5-11e2-a389-ee565c81c565'
ACTION SNIPPET 10000 847 SEEN_PREVIOUSLY b'0bb21f72-e17d-11e1-89f7-76e23a982d06'
ACTION SNIPPET 10000 850 SEEN_PREVIOUSLY b'3f1c8e0e-2ce3-11e2-89d4-040c9330702a'
ACTION SNIPPET 10000 853 SEEN_PREVIOUSLY b'b25b0d2c-466a-11e3-a196-3544a03c2351'
ACTION SNIPPET 10000 856 SNIPPET_RELEVANT b'4c2ada66-09dc-11e3-89fe-abb4a5067014'
ACTION DOC 10000 876 EXAMINING_DOCUMENT b'4c2ada66-09dc-11e3-89fe-abb4a5067014'
ACTION SNIPPET 10000 879 SNIPPET_NOT_RELEVANT b'556ec397472007e828dbeee24563a72d'
ACTION SNIPPET 10000 882 SNIPPET_NOT_RELEVANT b'57ba383e-68cb-11e2-af53-7b2b2a7510a8'
ACTION SNIPPET 10000 885 SNIPPET_NOT_RELEVANT b'a6be1e92-50de-11e1-bd4f-8a7d53f6d6c2'
ACTION SNIPPET 10000 888 SNIPPET_NOT_RELEVANT b'72a76c34-c973-11e3-93eb-6c0037dde2ad'
ACTION SNIPPET 10000 891 SNIPPET_NOT_RELEVANT b'6272b4e48def1b60ac33a6dc99e655be'
ACTION QUERY 10000 901 How have food prices changed since the increase in ethanol production?
ACTION SERP 10000 906 EXAMINE_SERP
ACTION SNIPPET 10000 909 SEEN_PREVIOUSLY b'd511594c-d768-11e1-b2d5-2419d227d8b0'
ACTION SNIPPET 10000 912 SEEN_PREVIOUSLY b'62bd4ce4-61a5-11e2-a389-ee565c81c565'
ACTION SNIPPET 10000 915 SNIPPET_RELEVANT b'a66113d2-5c45-11e2-88d0-c4cf65c3ad15'
ACTION DOC 10000 935 EXAMINING_DOCUMENT b'a66113d2-5c45-11e2-88d0-c4cf65c3ad15'
ACTION SNIPPET 10000 938 SEEN_PREVIOUSLY b'0bb21f72-e17d-11e1-89f7-76e23a982d06'
ACTION SNIPPET 10000 941 SNIPPET_RELEVANT b'885059eead31776c1b0584f9667835fc'
ACTION DOC 10000 961 EXAMINING_DOCUMENT b'885059eead31776c1b0584f9667835fc'
ACTION MARK 10000 964 CONSIDERED_RELEVANT b'885059eead31776c1b0584f9667835fc'
ACTION SNIPPET 10000 967 SEEN_PREVIOUSLY b'4c2ada66-09dc-11e3-89fe-abb4a5067014'
ACTION SNIPPET 10000 970 SNIPPET_RELEVANT b'b7251b71692bb2dbd129cac5303923e0'
ACTION DOC 10000 990 EXAMINING_DOCUMENT b'b7251b71692bb2dbd129cac5303923e0'
ACTION SNIPPET 10000 993 SNIPPET_NOT_RELEVANT b'8f05760bbe39e9306371cbfad8f008fd'
ACTION SNIPPET 10000 996 SNIPPET_RELEVANT b'cbaf6eec-1d1a-11e6-b6e0-c53b7ef63b45'
ACTION DOC 10000 1016 EXAMINING_DOCUMENT b'cbaf6eec-1d1a-11e6-b6e0-c53b7ef63b45'
ACTION SNIPPET 10000 1019 SEEN_PREVIOUSLY b'79fb5268-4e33-11e3-be6b-d3d28122e6d4'
ACTION QUERY 10000 1029 Do ethanol subsidies impact food prices?
ACTION SERP 10000 1034 EXAMINE_SERP
ACTION SNIPPET 10000 1037 SEEN_PREVIOUSLY b'7a398476-e02e-11e1-8fc5-a7dcf1fc161d'
ACTION SNIPPET 10000 1040 SNIPPET_NOT_RELEVANT b'6acf8cec7c110921f4b1398a9a348630'
ACTION SNIPPET 10000 1043 SEEN_PREVIOUSLY b'b25b0d2c-466a-11e3-a196-3544a03c2351'
ACTION SNIPPET 10000 1046 SNIPPET_NOT_RELEVANT b'6e7944a64fdf309b637d93be0858b1ae'
ACTION SNIPPET 10000 1049 SNIPPET_NOT_RELEVANT b'b97c78a4-331e-11e1-825f-dabc29fd7071'
ACTION SNIPPET 10000 1052 SEEN_PREVIOUSLY b'0bb21f72-e17d-11e1-89f7-76e23a982d06'
ACTION SNIPPET 10000 1055 SNIPPET_NOT_RELEVANT b'8f05760bbe39e9306371cbfad8f008fd'
ACTION SNIPPET 10000 1058 SEEN_PREVIOUSLY b'62bd4ce4-61a5-11e2-a389-ee565c81c565'
ACTION SNIPPET 10000 1061 SNIPPET_NOT_RELEVANT b'7ae18da77948257d7f7206d0518aed3c'
ACTION SNIPPET 10000 1064 SNIPPET_NOT_RELEVANT b'454d06ea-8a2c-11e2-98d9-3012c1cd8d1e'
ACTION QUERY 10000 1074 Is government support of ethanol production affecting food prices?
ACTION SERP 10000 1079 EXAMINE_SERP
ACTION SNIPPET 10000 1082 SEEN_PREVIOUSLY b'62bd4ce4-61a5-11e2-a389-ee565c81c565'
ACTION SNIPPET 10000 1085 SEEN_PREVIOUSLY b'b25b0d2c-466a-11e3-a196-3544a03c2351'
ACTION SNIPPET 10000 1088 SNIPPET_NOT_RELEVANT b'd41f2662-df2f-11e1-8fc5-a7dcf1fc161d'
ACTION SNIPPET 10000 1091 SEEN_PREVIOUSLY b'b7251b71692bb2dbd129cac5303923e0'
ACTION SNIPPET 10000 1094 SEEN_PREVIOUSLY b'a66113d2-5c45-11e2-88d0-c4cf65c3ad15'
ACTION SNIPPET 10000 1097 SNIPPET_NOT_RELEVANT b'6e7944a64fdf309b637d93be0858b1ae'
ACTION SNIPPET 10000 1100 SNIPPET_RELEVANT b'30b44924-e6f7-11e1-8741-940e3f6dbf48'
ACTION DOC 10000 1120 EXAMINING_DOCUMENT b'30b44924-e6f7-11e1-8741-940e3f6dbf48'
ACTION MARK 10000 1123 CONSIDERED_RELEVANT b'30b44924-e6f7-11e1-8741-940e3f6dbf48'
ACTION SNIPPET 10000 1126 SNIPPET_RELEVANT b'8097f913c9b2bd0cc81864a9605e7876'
ACTION DOC 10000 1146 EXAMINING_DOCUMENT b'8097f913c9b2bd0cc81864a9605e7876'
ACTION MARK 10000 1149 CONSIDERED_RELEVANT b'8097f913c9b2bd0cc81864a9605e7876'
ACTION SNIPPET 10000 1152 SNIPPET_RELEVANT b'e5d79664-fd03-11e5-813a-90ab563f0dde'
ACTION DOC 10000 1172 EXAMINING_DOCUMENT b'e5d79664-fd03-11e5-813a-90ab563f0dde'
ACTION SNIPPET 10000 1175 SEEN_PREVIOUSLY b'0bb21f72-e17d-11e1-89f7-76e23a982d06'
ACTION QUERY 10000 1185 How does the use of ethanol as a fuel source affect food prices?
ACTION SERP 10000 1190 EXAMINE_SERP
ACTION SNIPPET 10000 1193 SEEN_PREVIOUSLY b'7a398476-e02e-11e1-8fc5-a7dcf1fc161d'
ACTION SNIPPET 10000 1196 SEEN_PREVIOUSLY b'62bd4ce4-61a5-11e2-a389-ee565c81c565'
ACTION SNIPPET 10000 1199 SNIPPET_RELEVANT b'e9791912afe207709cdd745ad54c93d6'
ACTION DOC 10000 1219 EXAMINING_DOCUMENT b'e9791912afe207709cdd745ad54c93d6'
ACTION SNIPPET 10000 1222 SEEN_PREVIOUSLY b'b25b0d2c-466a-11e3-a196-3544a03c2351'
ACTION SNIPPET 10000 1225 SEEN_PREVIOUSLY b'4c2ada66-09dc-11e3-89fe-abb4a5067014'
ACTION SNIPPET 10000 1228 SNIPPET_RELEVANT b'6bd88116-d73c-11e1-b2d5-2419d227d8b0'
ACTION DOC 10000 1248 EXAMINING_DOCUMENT b'6bd88116-d73c-11e1-b2d5-2419d227d8b0'
ACTION SNIPPET 10000 1251 SNIPPET_NOT_RELEVANT b'31a7a85c19c54bc260c8500c91a4e739'
ACTION SNIPPET 10000 1254 SNIPPET_RELEVANT b'ec2eab2c756e1ab77129834b5f8e8875'
ACTION DOC 10000 1274 EXAMINING_DOCUMENT b'ec2eab2c756e1ab77129834b5f8e8875'
ACTION SNIPPET 10000 1277 SNIPPET_NOT_RELEVANT b'5456a2f9e9043dca72310e449841ee96'
ACTION SNIPPET 10000 1280 SNIPPET_RELEVANT b'833c54f5aa936a1bc4bdced512d123af'
ACTION DOC 10000 1300 EXAMINING_DOCUMENT b'833c54f5aa936a1bc4bdced512d123af'
ACTION QUERY 10000 1310 Can the increased demand for corn for ethanol production be blamed for higher food prices?
ACTION SERP 10000 1315 EXAMINE_SERP
ACTION SNIPPET 10000 1318 SEEN_PREVIOUSLY b'a66113d2-5c45-11e2-88d0-c4cf65c3ad15'
ACTION SNIPPET 10000 1321 SNIPPET_NOT_RELEVANT b'ad9dcf26-f566-11e3-a3a5-42be35962a52'
ACTION SNIPPET 10000 1324 SNIPPET_RELEVANT b'8fa7d9034fe47570cc2d1084829d4a8e'
ACTION DOC 10000 1344 EXAMINING_DOCUMENT b'8fa7d9034fe47570cc2d1084829d4a8e'
ACTION MARK 10000 1347 CONSIDERED_RELEVANT b'8fa7d9034fe47570cc2d1084829d4a8e'
ACTION SNIPPET 10000 1350 SNIPPET_RELEVANT b'fb1cbb94-0b7f-11e3-9941-6711ed662e71'
ACTION DOC 10000 1370 EXAMINING_DOCUMENT b'fb1cbb94-0b7f-11e3-9941-6711ed662e71'
ACTION SNIPPET 10000 1373 SEEN_PREVIOUSLY b'7a398476-e02e-11e1-8fc5-a7dcf1fc161d'
ACTION SNIPPET 10000 1376 SEEN_PREVIOUSLY b'62bd4ce4-61a5-11e2-a389-ee565c81c565'
ACTION SNIPPET 10000 1379 SNIPPET_NOT_RELEVANT b'8288069ecfc3d6d811e986f119f08ae2'
ACTION SNIPPET 10000 1382 SEEN_PREVIOUSLY b'd511594c-d768-11e1-b2d5-2419d227d8b0'
ACTION SNIPPET 10000 1385 SNIPPET_RELEVANT b'd711f5cc-86fe-11e1-89af-d6178d1c1a12'
ACTION DOC 10000 1405 EXAMINING_DOCUMENT b'd711f5cc-86fe-11e1-89af-d6178d1c1a12'
ACTION SNIPPET 10000 1408 SNIPPET_RELEVANT b'da2a4814-4d89-11e4-8c24-487e92bc997b'
ACTION DOC 10000 1428 EXAMINING_DOCUMENT b'da2a4814-4d89-11e4-8c24-487e92bc997b'
ACTION QUERY 10000 1438 What is the relationship between ethanol and feed prices?
ACTION SERP 10000 1443 EXAMINE_SERP
ACTION SNIPPET 10000 1446 SNIPPET_NOT_RELEVANT b'7930df6b81cec76a2fae1f47eb681ded'
ACTION SNIPPET 10000 1449 SNIPPET_RELEVANT b'6e7944a64fdf309b637d93be0858b1ae'
ACTION DOC 10000 1469 EXAMINING_DOCUMENT b'6e7944a64fdf309b637d93be0858b1ae'
ACTION SNIPPET 10000 1472 SEEN_PREVIOUSLY b'b25b0d2c-466a-11e3-a196-3544a03c2351'
ACTION SNIPPET 10000 1475 SNIPPET_RELEVANT b'8f05760bbe39e9306371cbfad8f008fd'
ACTION DOC 10000 1495 EXAMINING_DOCUMENT b'8f05760bbe39e9306371cbfad8f008fd'
ACTION SNIPPET 10000 1498 SEEN_PREVIOUSLY b'b7251b71692bb2dbd129cac5303923e0'
ACTION SNIPPET 10000 1501 SNIPPET_NOT_RELEVANT b'd3f3d094ee54adc6fbce9c019660e6cc'
ACTION SNIPPET 10000 1504 SNIPPET_NOT_RELEVANT b'b97c78a4-331e-11e1-825f-dabc29fd7071'
ACTION SNIPPET 10000 1507 SEEN_PREVIOUSLY b'0bb21f72-e17d-11e1-89f7-76e23a982d06'
ACTION SNIPPET 10000 1510 SEEN_PREVIOUSLY b'79fb5268-4e33-11e3-be6b-d3d28122e6d4'
ACTION SNIPPET 10000 1513 SNIPPET_NOT_RELEVANT b'9388ed86f827ddeec131767d3424e0a6'
ACTION QUERY 10000 1523 Are consumers paying more for food because of ethanol production?
ACTION SERP 10000 1528 EXAMINE_SERP
ACTION SNIPPET 10000 1531 SEEN_PREVIOUSLY b'd511594c-d768-11e1-b2d5-2419d227d8b0'
ACTION SNIPPET 10000 1534 SEEN_PREVIOUSLY b'b25b0d2c-466a-11e3-a196-3544a03c2351'
ACTION SNIPPET 10000 1537 SNIPPET_NOT_RELEVANT b'a6be1e92-50de-11e1-bd4f-8a7d53f6d6c2'
ACTION SNIPPET 10000 1540 SEEN_PREVIOUSLY b'8f05760bbe39e9306371cbfad8f008fd'
ACTION SNIPPET 10000 1543 SEEN_PREVIOUSLY b'0bb21f72-e17d-11e1-89f7-76e23a982d06'
ACTION SNIPPET 10000 1546 SEEN_PREVIOUSLY b'3f1c8e0e-2ce3-11e2-89d4-040c9330702a'
ACTION SNIPPET 10000 1549 SEEN_PREVIOUSLY b'a66113d2-5c45-11e2-88d0-c4cf65c3ad15'
ACTION SNIPPET 10000 1552 SNIPPET_NOT_RELEVANT b'c0046a9e-ac48-11e6-8b45-f8e493f06fcd'
ACTION SNIPPET 10000 1555 SNIPPET_NOT_RELEVANT b'b97c78a4-331e-11e1-825f-dabc29fd7071'
ACTION SNIPPET 10000 1558 SEEN_PREVIOUSLY b'79fb5268-4e33-11e3-be6b-d3d28122e6d4'
ACTION QUERY 10000 1568 How does the production of ethanol impact the cost of dairy products?
ACTION SERP 10000 1573 EXAMINE_SERP
ACTION SNIPPET 10000 1576 SNIPPET_RELEVANT b'957e64d67da8b6606c13f56f3c299728'
ACTION DOC 10000 1596 EXAMINING_DOCUMENT b'957e64d67da8b6606c13f56f3c299728'
ACTION SNIPPET 10000 1599 SEEN_PREVIOUSLY b'b7251b71692bb2dbd129cac5303923e0'
ACTION SNIPPET 10000 1602 SEEN_PREVIOUSLY b'b25b0d2c-466a-11e3-a196-3544a03c2351'
ACTION SNIPPET 10000 1605 SNIPPET_RELEVANT b'0789c76a-0f18-11e2-bd1a-b868e65d57eb'
ACTION DOC 10000 1625 EXAMINING_DOCUMENT b'0789c76a-0f18-11e2-bd1a-b868e65d57eb'
ACTION SNIPPET 10000 1628 SEEN_PREVIOUSLY b'62bd4ce4-61a5-11e2-a389-ee565c81c565'
ACTION SNIPPET 10000 1631 SEEN_PREVIOUSLY b'ec2eab2c756e1ab77129834b5f8e8875'
ACTION SNIPPET 10000 1634 SEEN_PREVIOUSLY b'0bb21f72-e17d-11e1-89f7-76e23a982d06'
ACTION SNIPPET 10000 1637 SNIPPET_NOT_RELEVANT b'1786dc40-17d6-11e2-8792-cf5305eddf60'
ACTION SNIPPET 10000 1640 SNIPPET_RELEVANT b'd7038374b4af06f32c648093019eba74'
ACTION DOC 10000 1660 EXAMINING_DOCUMENT b'd7038374b4af06f32c648093019eba74'
ACTION SNIPPET 10000 1663 SNIPPET_NOT_RELEVANT b'43cbd41c994c40f232f52fc20a296118'
INFO OUT_OF_QUERIES 
INFO SUMMARY 
INFO TOTAL_QUERIES_ISSUED 15
INFO TOTAL_SNIPPETS_EXAMINED 150
INFO TOTAL_DOCUMENTS_EXAMINED 47
INFO TOTAL_DOCUMENTS_MARKED_RELEVANT 16
INFO TOTAL_ATTRACTIVE_SERP_IMPRESSIONS 15
INFO TOTAL_UNATTRACTIVE_SERP_IMPRESSIONS 0
