ACTION QUERY 10000 10 bacterial infection mortality rate
ACTION SERP 10000 15 EXAMINE_SERP
ACTION SNIPPET 10000 18 SNIPPET_NOT_RELEVANT b'ba09cd4a-162b-11e6-9e16-2e5a123aac62'
ACTION SNIPPET 10000 21 SNIPPET_NOT_RELEVANT b'949bd7be-d84a-11e2-9df4-895344c13c30'
ACTION SNIPPET 10000 24 SNIPPET_RELEVANT b'0cb439142ab18761bc81b6dfad90ae85'
ACTION DOC 10000 44 EXAMINING_DOCUMENT b'0cb439142ab18761bc81b6dfad90ae85'
ACTION MARK 10000 47 CONSIDERED_RELEVANT b'0cb439142ab18761bc81b6dfad90ae85'
ACTION SNIPPET 10000 50 SNIPPET_RELEVANT b'1d6f600e-8a60-11e6-b24f-a7f89eb68887'
ACTION DOC 10000 70 EXAMINING_DOCUMENT b'1d6f600e-8a60-11e6-b24f-a7f89eb68887'
ACTION SNIPPET 10000 73 SNIPPET_NOT_RELEVANT b'cf5053f6c3a63dca2537da926027d558'
ACTION SNIPPET 10000 76 SNIPPET_RELEVANT b'013613f4-29e5-11e2-bab2-eda299503684'
ACTION DOC 10000 96 EXAMINING_DOCUMENT b'013613f4-29e5-11e2-bab2-eda299503684'
ACTION SNIPPET 10000 99 SNIPPET_NOT_RELEVANT b'185c4748-c944-11e2-9245-773c0123c027'
ACTION SNIPPET 10000 102 SNIPPET_RELEVANT b'9d78bc26-aad1-11e3-98f6-8e3c562f9996'
ACTION DOC 10000 122 EXAMINING_DOCUMENT b'9d78bc26-aad1-11e3-98f6-8e3c562f9996'
ACTION MARK 10000 125 CONSIDERED_RELEVANT b'9d78bc26-aad1-11e3-98f6-8e3c562f9996'
ACTION SNIPPET 10000 128 SNIPPET_NOT_RELEVANT b'3e9c9d6e-113e-11e6-81b4-581a5c4c42df'
ACTION SNIPPET 10000 131 SNIPPET_NOT_RELEVANT b'e61570ac-26d6-11e3-b75d-5b7f66349852'
ACTION QUERY 10000 141 What is the mortality rate of bacterial infections?
ACTION SERP 10000 146 EXAMINE_SERP
ACTION SNIPPET 10000 149 SNIPPET_NOT_RELEVANT b'ba09cd4a-162b-11e6-9e16-2e5a123aac62'
ACTION SNIPPET 10000 152 SNIPPET_RELEVANT b'949bd7be-d84a-11e2-9df4-895344c13c30'
ACTION DOC 10000 172 EXAMINING_DOCUMENT b'949bd7be-d84a-11e2-9df4-895344c13c30'
ACTION SNIPPET 10000 175 SEEN_PREVIOUSLY b'1d6f600e-8a60-11e6-b24f-a7f89eb68887'
ACTION SNIPPET 10000 178 SNIPPET_NOT_RELEVANT b'cf5053f6c3a63dca2537da926027d558'
ACTION SNIPPET 10000 181 SEEN_PREVIOUSLY b'013613f4-29e5-11e2-bab2-eda299503684'
ACTION SNIPPET 10000 184 SNIPPET_NOT_RELEVANT b'185c4748-c944-11e2-9245-773c0123c027'
ACTION SNIPPET 10000 187 SNIPPET_NOT_RELEVANT b'3e9c9d6e-113e-11e6-81b4-581a5c4c42df'
ACTION SNIPPET 10000 190 SNIPPET_RELEVANT b'e61570ac-26d6-11e3-b75d-5b7f66349852'
ACTION DOC 10000 210 EXAMINING_DOCUMENT b'e61570ac-26d6-11e3-b75d-5b7f66349852'
ACTION SNIPPET 10000 213 SNIPPET_RELEVANT b'722b0c70-506a-11e3-9e2c-e1d01116fd98'
ACTION DOC 10000 233 EXAMINING_DOCUMENT b'722b0c70-506a-11e3-9e2c-e1d01116fd98'
ACTION MARK 10000 236 CONSIDERED_RELEVANT b'722b0c70-506a-11e3-9e2c-e1d01116fd98'
ACTION SNIPPET 10000 239 SNIPPET_NOT_RELEVANT b'fba50218-62d2-11e5-8e9e-dce8a2a2a679'
ACTION QUERY 10000 249 How does bacterial infection affect mortality rates?
ACTION SERP 10000 254 EXAMINE_SERP
ACTION SNIPPET 10000 257 SNIPPET_NOT_RELEVANT b'ba09cd4a-162b-11e6-9e16-2e5a123aac62'
ACTION SNIPPET 10000 260 SEEN_PREVIOUSLY b'949bd7be-d84a-11e2-9df4-895344c13c30'
ACTION SNIPPET 10000 263 SEEN_PREVIOUSLY b'1d6f600e-8a60-11e6-b24f-a7f89eb68887'
ACTION SNIPPET 10000 266 SNIPPET_RELEVANT b'9441879c-f34a-11e4-bcc4-e8141e5eb0c9'
ACTION DOC 10000 286 EXAMINING_DOCUMENT b'9441879c-f34a-11e4-bcc4-e8141e5eb0c9'
ACTION MARK 10000 289 CONSIDERED_RELEVANT b'9441879c-f34a-11e4-bcc4-e8141e5eb0c9'
ACTION SNIPPET 10000 292 SNIPPET_NOT_RELEVANT b'cf5053f6c3a63dca2537da926027d558'
ACTION SNIPPET 10000 295 SEEN_PREVIOUSLY b'013613f4-29e5-11e2-bab2-eda299503684'
ACTION SNIPPET 10000 298 SNIPPET_NOT_RELEVANT b'185c4748-c944-11e2-9245-773c0123c027'
ACTION SNIPPET 10000 301 SNIPPET_RELEVANT b'3e9c9d6e-113e-11e6-81b4-581a5c4c42df'
ACTION DOC 10000 321 EXAMINING_DOCUMENT b'3e9c9d6e-113e-11e6-81b4-581a5c4c42df'
ACTION SNIPPET 10000 324 SEEN_PREVIOUSLY b'e61570ac-26d6-11e3-b75d-5b7f66349852'
ACTION SNIPPET 10000 327 SNIPPET_NOT_RELEVANT b'5f13736a56d7c0a6f4de871420b0beff'
ACTION QUERY 10000 337 What are the most common bacterial infections and their mortality rates?
ACTION SERP 10000 342 EXAMINE_SERP
ACTION SNIPPET 10000 345 SEEN_PREVIOUSLY b'e61570ac-26d6-11e3-b75d-5b7f66349852'
ACTION SNIPPET 10000 348 SEEN_PREVIOUSLY b'013613f4-29e5-11e2-bab2-eda299503684'
ACTION SNIPPET 10000 351 SNIPPET_RELEVANT b'fba50218-62d2-11e5-8e9e-dce8a2a2a679'
ACTION DOC 10000 371 EXAMINING_DOCUMENT b'fba50218-62d2-11e5-8e9e-dce8a2a2a679'
ACTION SNIPPET 10000 374 SNIPPET_RELEVANT b'185c4748-c944-11e2-9245-773c0123c027'
ACTION DOC 10000 394 EXAMINING_DOCUMENT b'185c4748-c944-11e2-9245-773c0123c027'
ACTION SNIPPET 10000 397 SNIPPET_RELEVANT b'ba09cd4a-162b-11e6-9e16-2e5a123aac62'
ACTION DOC 10000 417 EXAMINING_DOCUMENT b'ba09cd4a-162b-11e6-9e16-2e5a123aac62'
ACTION SNIPPET 10000 420 SNIPPET_NOT_RELEVANT b'e743bdc2-a56e-11e4-a7c2-03d37af98440'
ACTION SNIPPET 10000 423 SEEN_PREVIOUSLY b'949bd7be-d84a-11e2-9df4-895344c13c30'
ACTION SNIPPET 10000 426 SEEN_PREVIOUSLY b'1d6f600e-8a60-11e6-b24f-a7f89eb68887'
ACTION SNIPPET 10000 429 SNIPPET_NOT_RELEVANT b'cf5053f6c3a63dca2537da926027d558'
ACTION SNIPPET 10000 432 SNIPPET_NOT_RELEVANT b'a1cc1f10e21204894620cd08bdf0e2d8'
ACTION QUERY 10000 442 Are certain populations more vulnerable to bacterial infections and higher mortality rates?
ACTION SERP 10000 447 EXAMINE_SERP
ACTION SNIPPET 10000 450 SNIPPET_RELEVANT b'bdebe88fbc7a17a394187626f9bb6822'
ACTION DOC 10000 470 EXAMINING_DOCUMENT b'bdebe88fbc7a17a394187626f9bb6822'
ACTION SNIPPET 10000 473 SNIPPET_NOT_RELEVANT b'2a833eac-9012-11e1-a14a-f021993376f7'
ACTION SNIPPET 10000 476 SNIPPET_NOT_RELEVANT b'5f13736a56d7c0a6f4de871420b0beff'
ACTION SNIPPET 10000 479 SNIPPET_NOT_RELEVANT b'8809ba95c4eefa4ebb7172871d20be05'
ACTION SNIPPET 10000 482 SEEN_PREVIOUSLY b'3e9c9d6e-113e-11e6-81b4-581a5c4c42df'
ACTION SNIPPET 10000 485 SNIPPET_RELEVANT b'e120f4f71139e23026177da1a6ee2b8e'
ACTION DOC 10000 505 EXAMINING_DOCUMENT b'e120f4f71139e23026177da1a6ee2b8e'
ACTION SNIPPET 10000 508 SNIPPET_NOT_RELEVANT b'09a03c76aa6724a75b921e935f2f16f4'
ACTION SNIPPET 10000 511 SEEN_PREVIOUSLY b'ba09cd4a-162b-11e6-9e16-2e5a123aac62'
ACTION SNIPPET 10000 514 SNIPPET_NOT_RELEVANT b'7f882404-73a1-11e1-98b8-6a87961e5beb'
ACTION SNIPPET 10000 517 SEEN_PREVIOUSLY b'949bd7be-d84a-11e2-9df4-895344c13c30'
ACTION QUERY 10000 527 How does antibiotic resistance affect mortality rates for bacterial infections?
ACTION SERP 10000 532 EXAMINE_SERP
ACTION SNIPPET 10000 535 SEEN_PREVIOUSLY b'ba09cd4a-162b-11e6-9e16-2e5a123aac62'
ACTION SNIPPET 10000 538 SNIPPET_RELEVANT b'9ec71b218b1d05b867ad3a69d3c13009'
ACTION DOC 10000 558 EXAMINING_DOCUMENT b'9ec71b218b1d05b867ad3a69d3c13009'
ACTION MARK 10000 561 CONSIDERED_RELEVANT b'9ec71b218b1d05b867ad3a69d3c13009'
ACTION SNIPPET 10000 564 SNIPPET_RELEVANT b'3848653b3bf04c831371b159bfad0067'
ACTION DOC 10000 584 EXAMINING_DOCUMENT b'3848653b3bf04c831371b159bfad0067'
ACTION MARK 10000 587 CONSIDERED_RELEVANT b'3848653b3bf04c831371b159bfad0067'
ACTION SNIPPET 10000 590 SNIPPET_RELEVANT b'1845f7a51b4ff52843c4f91c5f82a85f'
ACTION DOC 10000 610 EXAMINING_DOCUMENT b'1845f7a51b4ff52843c4f91c5f82a85f'
ACTION SNIPPET 10000 613 SNIPPET_RELEVANT b'd62dbf420e30588411725b5b7b3da1b8'
ACTION DOC 10000 633 EXAMINING_DOCUMENT b'd62dbf420e30588411725b5b7b3da1b8'
ACTION MARK 10000 636 CONSIDERED_RELEVANT b'd62dbf420e30588411725b5b7b3da1b8'
ACTION SNIPPET 10000 639 SNIPPET_NOT_RELEVANT b'a623a754de927507f6b63de3d78fbc62'
ACTION SNIPPET 10000 642 SNIPPET_NOT_RELEVANT b'c9f9543a2e557ae9ec8ce2301eae95ab'
ACTION SNIPPET 10000 645 SNIPPET_RELEVANT b'128dae1b2ea002255a89ad7833b34185'
ACTION DOC 10000 665 EXAMINING_DOCUMENT b'128dae1b2ea002255a89ad7833b34185'
ACTION SNIPPET 10000 668 SNIPPET_NOT_RELEVANT b'cf5053f6c3a63dca2537da926027d558'
ACTION SNIPPET 10000 671 SEEN_PREVIOUSLY b'185c4748-c944-11e2-9245-773c0123c027'
ACTION QUERY 10000 681 How does the microbiome impact mortality rates for bacterial infections?
ACTION SERP 10000 686 EXAMINE_SERP
ACTION SNIPPET 10000 689 SEEN_PREVIOUSLY b'e61570ac-26d6-11e3-b75d-5b7f66349852'
ACTION SNIPPET 10000 692 SNIPPET_NOT_RELEVANT b'6d8a2fd2eaa47bce4aedf4569d322883'
ACTION SNIPPET 10000 695 SNIPPET_RELEVANT b'57a7245e59c39fee07256f2ee155a86a'
ACTION DOC 10000 715 EXAMINING_DOCUMENT b'57a7245e59c39fee07256f2ee155a86a'
ACTION SNIPPET 10000 718 SNIPPET_NOT_RELEVANT b'95b0dabaf1c48438ad6ed2d09a9a9b9d'
ACTION SNIPPET 10000 721 SNIPPET_RELEVANT b'65dfcfd7b43c2ad0cbb55ca3e0b6a516'
ACTION DOC 10000 741 EXAMINING_DOCUMENT b'65dfcfd7b43c2ad0cbb55ca3e0b6a516'
ACTION SNIPPET 10000 744 SNIPPET_NOT_RELEVANT b'ef4ab35c5238c5e419b4db9ea6bea04a'
ACTION SNIPPET 10000 747 SEEN_PREVIOUSLY b'ba09cd4a-162b-11e6-9e16-2e5a123aac62'
ACTION SNIPPET 10000 750 SNIPPET_NOT_RELEVANT b'a5a05fe5c12610ad2eab82dfcdef4a12'
ACTION SNIPPET 10000 753 SNIPPET_NOT_RELEVANT b'd02dc4e5b408cbc54933722b7e14eb5e'
ACTION SNIPPET 10000 756 SNIPPET_RELEVANT b'54135655238bf351c14b4659d30e1fd0'
ACTION DOC 10000 776 EXAMINING_DOCUMENT b'54135655238bf351c14b4659d30e1fd0'
ACTION QUERY 10000 786 Can early detection and treatment reduce mortality rates for bacterial infections?
ACTION SERP 10000 791 EXAMINE_SERP
ACTION SNIPPET 10000 794 SEEN_PREVIOUSLY b'ba09cd4a-162b-11e6-9e16-2e5a123aac62'
ACTION SNIPPET 10000 797 SEEN_PREVIOUSLY b'013613f4-29e5-11e2-bab2-eda299503684'
ACTION SNIPPET 10000 800 SNIPPET_RELEVANT b'a1cc1f10e21204894620cd08bdf0e2d8'
ACTION DOC 10000 820 EXAMINING_DOCUMENT b'a1cc1f10e21204894620cd08bdf0e2d8'
ACTION SNIPPET 10000 823 SNIPPET_NOT_RELEVANT b'f281d006-57e8-11e1-97f5-253e8a4fb5bc'
ACTION SNIPPET 10000 826 SEEN_PREVIOUSLY b'949bd7be-d84a-11e2-9df4-895344c13c30'
ACTION SNIPPET 10000 829 SEEN_PREVIOUSLY b'e120f4f71139e23026177da1a6ee2b8e'
ACTION SNIPPET 10000 832 SNIPPET_NOT_RELEVANT b'2659035e-f88d-11e2-b018-5b8251f0c56e'
ACTION SNIPPET 10000 835 SNIPPET_NOT_RELEVANT b'9f0526ac90ee96558e052b048634ff55'
ACTION SNIPPET 10000 838 SNIPPET_NOT_RELEVANT b'2ac943c6-1b5e-11e1-ac7a-30507982266b'
ACTION SNIPPET 10000 841 SNIPPET_NOT_RELEVANT b'd63c37b0-e832-11e3-8f90-73e071f3d637'
ACTION QUERY 10000 851 How do healthcare-associated bacterial infections impact mortality rates?
ACTION SERP 10000 856 EXAMINE_SERP
ACTION SNIPPET 10000 859 SEEN_PREVIOUSLY b'ba09cd4a-162b-11e6-9e16-2e5a123aac62'
ACTION SNIPPET 10000 862 SEEN_PREVIOUSLY b'949bd7be-d84a-11e2-9df4-895344c13c30'
ACTION SNIPPET 10000 865 SEEN_PREVIOUSLY b'1d6f600e-8a60-11e6-b24f-a7f89eb68887'
ACTION SNIPPET 10000 868 SNIPPET_RELEVANT b'cf5053f6c3a63dca2537da926027d558'
ACTION DOC 10000 888 EXAMINING_DOCUMENT b'cf5053f6c3a63dca2537da926027d558'
ACTION SNIPPET 10000 891 SNIPPET_RELEVANT b'3fb6ae74-432c-11e4-b437-1a7368204804'
ACTION DOC 10000 911 EXAMINING_DOCUMENT b'3fb6ae74-432c-11e4-b437-1a7368204804'
ACTION MARK 10000 914 CONSIDERED_RELEVANT b'3fb6ae74-432c-11e4-b437-1a7368204804'
ACTION SNIPPET 10000 917 SEEN_PREVIOUSLY b'013613f4-29e5-11e2-bab2-eda299503684'
ACTION SNIPPET 10000 920 SEEN_PREVIOUSLY b'185c4748-c944-11e2-9245-773c0123c027'
ACTION SNIPPET 10000 923 SNIPPET_RELEVANT b'b135d4ac-a24e-11e6-8832-23a007c77bb4'
ACTION DOC 10000 943 EXAMINING_DOCUMENT b'b135d4ac-a24e-11e6-8832-23a007c77bb4'
ACTION SNIPPET 10000 946 SEEN_PREVIOUSLY b'3e9c9d6e-113e-11e6-81b4-581a5c4c42df'
ACTION SNIPPET 10000 949 SEEN_PREVIOUSLY b'e61570ac-26d6-11e3-b75d-5b7f66349852'
ACTION QUERY 10000 959 What are the mortality rates for bacterial respiratory infections like pneumonia?
ACTION SERP 10000 964 EXAMINE_SERP
ACTION SNIPPET 10000 967 SEEN_PREVIOUSLY b'cf5053f6c3a63dca2537da926027d558'
ACTION SNIPPET 10000 970 SNIPPET_NOT_RELEVANT b'529242f6f2a04e0fe9fc61cc266db208'
ACTION SNIPPET 10000 973 SEEN_PREVIOUSLY b'949bd7be-d84a-11e2-9df4-895344c13c30'
ACTION SNIPPET 10000 976 SNIPPET_RELEVANT b'6da058d4691fb6487259163a098c6355'
ACTION DOC 10000 996 EXAMINING_DOCUMENT b'6da058d4691fb6487259163a098c6355'
ACTION SNIPPET 10000 999 SNIPPET_NOT_RELEVANT b'2582acf55e97e9fdde1ec3a76d7037fe'
ACTION SNIPPET 10000 1002 SNIPPET_NOT_RELEVANT b'5f0cff50-6880-11e1-9210-0b8d0e6543cc'
ACTION SNIPPET 10000 1005 SNIPPET_NOT_RELEVANT b'f997eaf6-700f-11e3-aecc-85cb037b7236'
ACTION SNIPPET 10000 1008 SNIPPET_NOT_RELEVANT b'7de6c304-9e8a-11e5-8728-1af6af208198'
ACTION SNIPPET 10000 1011 SNIPPET_NOT_RELEVANT b'18f58b65603ce5405333839d4f7081d6'
ACTION SNIPPET 10000 1014 SNIPPET_NOT_RELEVANT b'c18851e905680f71f6ebc126345ef2c2'
ACTION QUERY 10000 1024 How has the mortality rate for bacterial infections changed over time  and why?
ACTION SERP 10000 1029 EXAMINE_SERP
ACTION SNIPPET 10000 1032 SEEN_PREVIOUSLY b'ba09cd4a-162b-11e6-9e16-2e5a123aac62'
ACTION SNIPPET 10000 1035 SEEN_PREVIOUSLY b'949bd7be-d84a-11e2-9df4-895344c13c30'
ACTION SNIPPET 10000 1038 SEEN_PREVIOUSLY b'1d6f600e-8a60-11e6-b24f-a7f89eb68887'
ACTION SNIPPET 10000 1041 SEEN_PREVIOUSLY b'3e9c9d6e-113e-11e6-81b4-581a5c4c42df'
ACTION SNIPPET 10000 1044 SEEN_PREVIOUSLY b'cf5053f6c3a63dca2537da926027d558'
ACTION SNIPPET 10000 1047 SEEN_PREVIOUSLY b'013613f4-29e5-11e2-bab2-eda299503684'
ACTION SNIPPET 10000 1050 SEEN_PREVIOUSLY b'185c4748-c944-11e2-9245-773c0123c027'
ACTION SNIPPET 10000 1053 SNIPPET_NOT_RELEVANT b'3dc2a71043830eb185c4ca8a14d7f529'
ACTION SNIPPET 10000 1056 SEEN_PREVIOUSLY b'e61570ac-26d6-11e3-b75d-5b7f66349852'
ACTION SNIPPET 10000 1059 SNIPPET_NOT_RELEVANT b'732e52da-f35c-11e4-b2f3-af5479e6bbdd'
ACTION QUERY 10000 1069 What is the overall mortality rate for sepsis caused by bacterial infections?
ACTION SERP 10000 1074 EXAMINE_SERP
ACTION SNIPPET 10000 1077 SNIPPET_RELEVANT b'8a0febca-6940-11e6-99bf-f0cf3a6449a6'
ACTION DOC 10000 1097 EXAMINING_DOCUMENT b'8a0febca-6940-11e6-99bf-f0cf3a6449a6'
ACTION MARK 10000 1100 CONSIDERED_RELEVANT b'8a0febca-6940-11e6-99bf-f0cf3a6449a6'
ACTION SNIPPET 10000 1103 SNIPPET_RELEVANT b'42c8e2c75e42945b72007c95adb8785e'
ACTION DOC 10000 1123 EXAMINING_DOCUMENT b'42c8e2c75e42945b72007c95adb8785e'
ACTION SNIPPET 10000 1126 SEEN_PREVIOUSLY b'1d6f600e-8a60-11e6-b24f-a7f89eb68887'
ACTION SNIPPET 10000 1129 SEEN_PREVIOUSLY b'ba09cd4a-162b-11e6-9e16-2e5a123aac62'
ACTION SNIPPET 10000 1132 SEEN_PREVIOUSLY b'013613f4-29e5-11e2-bab2-eda299503684'
ACTION SNIPPET 10000 1135 SEEN_PREVIOUSLY b'185c4748-c944-11e2-9245-773c0123c027'
ACTION SNIPPET 10000 1138 SEEN_PREVIOUSLY b'3e9c9d6e-113e-11e6-81b4-581a5c4c42df'
ACTION SNIPPET 10000 1141 SNIPPET_RELEVANT b'a5033164-df97-11e4-a500-1c5bb1d8ff6a'
ACTION DOC 10000 1161 EXAMINING_DOCUMENT b'a5033164-df97-11e4-a500-1c5bb1d8ff6a'
ACTION SNIPPET 10000 1164 SEEN_PREVIOUSLY b'e61570ac-26d6-11e3-b75d-5b7f66349852'
ACTION SNIPPET 10000 1167 SNIPPET_RELEVANT b'fe0a69ac-1414-11e4-98ee-daea85133bc9'
ACTION DOC 10000 1187 EXAMINING_DOCUMENT b'fe0a69ac-1414-11e4-98ee-daea85133bc9'
ACTION MARK 10000 1190 CONSIDERED_RELEVANT b'fe0a69ac-1414-11e4-98ee-daea85133bc9'
ACTION QUERY 10000 1200 How do mortality rates for bacterial infections compare to viral infections?
ACTION SERP 10000 1205 EXAMINE_SERP
ACTION SNIPPET 10000 1208 SEEN_PREVIOUSLY b'ba09cd4a-162b-11e6-9e16-2e5a123aac62'
ACTION SNIPPET 10000 1211 SEEN_PREVIOUSLY b'949bd7be-d84a-11e2-9df4-895344c13c30'
ACTION SNIPPET 10000 1214 SNIPPET_RELEVANT b'5f13736a56d7c0a6f4de871420b0beff'
ACTION DOC 10000 1234 EXAMINING_DOCUMENT b'5f13736a56d7c0a6f4de871420b0beff'
ACTION SNIPPET 10000 1237 SEEN_PREVIOUSLY b'013613f4-29e5-11e2-bab2-eda299503684'
ACTION SNIPPET 10000 1240 SNIPPET_NOT_RELEVANT b'c9f9543a2e557ae9ec8ce2301eae95ab'
ACTION SNIPPET 10000 1243 SNIPPET_RELEVANT b'10c118b37a8ccc384bac9d34ed17d23a'
ACTION DOC 10000 1263 EXAMINING_DOCUMENT b'10c118b37a8ccc384bac9d34ed17d23a'
ACTION SNIPPET 10000 1266 SEEN_PREVIOUSLY b'1d6f600e-8a60-11e6-b24f-a7f89eb68887'
ACTION SNIPPET 10000 1269 SNIPPET_NOT_RELEVANT b'e89ff86a-c347-11e4-ad5c-3b8ce89f1b89'
ACTION SNIPPET 10000 1272 SEEN_PREVIOUSLY b'185c4748-c944-11e2-9245-773c0123c027'
ACTION SNIPPET 10000 1275 SNIPPET_RELEVANT b'cbce2be4-01f0-11e4-b8ff-89afd3fad6bd'
ACTION DOC 10000 1295 EXAMINING_DOCUMENT b'cbce2be4-01f0-11e4-b8ff-89afd3fad6bd'
ACTION QUERY 10000 1305 What is the global mortality rate for bacterial infections?
ACTION SERP 10000 1310 EXAMINE_SERP
ACTION SNIPPET 10000 1313 SEEN_PREVIOUSLY b'ba09cd4a-162b-11e6-9e16-2e5a123aac62'
ACTION SNIPPET 10000 1316 SEEN_PREVIOUSLY b'949bd7be-d84a-11e2-9df4-895344c13c30'
ACTION SNIPPET 10000 1319 SEEN_PREVIOUSLY b'1d6f600e-8a60-11e6-b24f-a7f89eb68887'
ACTION SNIPPET 10000 1322 SEEN_PREVIOUSLY b'cf5053f6c3a63dca2537da926027d558'
ACTION SNIPPET 10000 1325 SEEN_PREVIOUSLY b'013613f4-29e5-11e2-bab2-eda299503684'
ACTION SNIPPET 10000 1328 SEEN_PREVIOUSLY b'185c4748-c944-11e2-9245-773c0123c027'
ACTION SNIPPET 10000 1331 SNIPPET_NOT_RELEVANT b'338e3716-2a44-11e5-bd33-395c05608059'
ACTION SNIPPET 10000 1334 SEEN_PREVIOUSLY b'3e9c9d6e-113e-11e6-81b4-581a5c4c42df'
ACTION SNIPPET 10000 1337 SEEN_PREVIOUSLY b'e61570ac-26d6-11e3-b75d-5b7f66349852'
ACTION SNIPPET 10000 1340 SEEN_PREVIOUSLY b'fba50218-62d2-11e5-8e9e-dce8a2a2a679'
ACTION QUERY 10000 1350 How do bacterial infections and mortality rates differ in developed and developing countries?
ACTION SERP 10000 1355 EXAMINE_SERP
ACTION SNIPPET 10000 1358 SEEN_PREVIOUSLY b'ba09cd4a-162b-11e6-9e16-2e5a123aac62'
ACTION SNIPPET 10000 1361 SEEN_PREVIOUSLY b'e61570ac-26d6-11e3-b75d-5b7f66349852'
ACTION SNIPPET 10000 1364 SEEN_PREVIOUSLY b'949bd7be-d84a-11e2-9df4-895344c13c30'
ACTION SNIPPET 10000 1367 SEEN_PREVIOUSLY b'cf5053f6c3a63dca2537da926027d558'
ACTION SNIPPET 10000 1370 SEEN_PREVIOUSLY b'3e9c9d6e-113e-11e6-81b4-581a5c4c42df'
ACTION SNIPPET 10000 1373 SEEN_PREVIOUSLY b'013613f4-29e5-11e2-bab2-eda299503684'
ACTION SNIPPET 10000 1376 SNIPPET_NOT_RELEVANT b'c46448d2-bbfd-11e2-9b09-1638acc3942e'
ACTION SNIPPET 10000 1379 SNIPPET_RELEVANT b'9e8546d8-6a1f-11e1-b756-60ee4e23a039'
ACTION DOC 10000 1399 EXAMINING_DOCUMENT b'9e8546d8-6a1f-11e1-b756-60ee4e23a039'
ACTION SNIPPET 10000 1402 SNIPPET_NOT_RELEVANT b'0ffa72d845c62dac80e6ca1419f7dc50'
ACTION SNIPPET 10000 1405 SNIPPET_RELEVANT b'40aaf520-e554-11e1-936a-b801f1abab19'
ACTION DOC 10000 1425 EXAMINING_DOCUMENT b'40aaf520-e554-11e1-936a-b801f1abab19'
INFO OUT_OF_QUERIES 
INFO SUMMARY 
INFO TOTAL_QUERIES_ISSUED 15
INFO TOTAL_SNIPPETS_EXAMINED 150
INFO TOTAL_DOCUMENTS_EXAMINED 36
INFO TOTAL_DOCUMENTS_MARKED_RELEVANT 10
INFO TOTAL_ATTRACTIVE_SERP_IMPRESSIONS 15
INFO TOTAL_UNATTRACTIVE_SERP_IMPRESSIONS 0
